-1007.7997860109899 9.977538083990336 -0.0001312661283911564 3.389580490038904e-08
-998.1094034531852 9.977538083990336 -0.00012913431266012407 3.3408898314461986e-08
-988.4190208953805 9.977538083990336 -0.0001270871919076402 3.293578226530302e-08
-978.7286383375758 9.977538083990336 -0.00012511930237630602 3.2475879054862883e-08
-969.0382557797711 9.977538083990336 -0.00012322566427830296 3.202864280785721e-08
-959.3478732219664 9.977538083990336 -0.00012140172786468295 3.1593557310185456e-08
-949.6574906642782 9.977538083990336 -0.00013334289543179466 3.1170134021375085e-08
-939.9671081064735 9.977538083990336 -0.00013129696115863758 3.0757910244719334e-08
-930.2767255486688 9.977538083990336 -0.00012932658539221235 3.035644744059836e-08
-920.5863429908641 9.977538083990336 -0.00012742726371014375 2.996532967021546e-08
-910.8959604330594 9.977538083990336 -0.00012559485999012867 2.958416215826298e-08
-901.2055778752547 9.977538083990336 -0.00012382556846756335 2.9212569963806147e-08
-891.51519531745 9.977538083990336 -0.00012878016793872962 2.8850196749934023e-08
-881.8248127596453 9.977538083990336 -0.00012695626549958855 2.8496703644140166e-08
-872.1344302018406 9.977538083990336 -0.00012519424112417122 2.8151768181337537e-08
-862.4440476440359 9.977538083990336 -0.00012349069329855002 2.7815083322684445e-08
-852.7536650862312 9.977538083990336 -0.00013455439458365438 2.7486356544030733e-08
-843.0632825284265 9.977538083990336 -0.00013263068815238163 2.7165308988216234e-08
-833.3728999706218 9.977538083990336 -0.00013077319808201427 2.6851674676205284e-08
-823.6825174128171 9.977538083990336 -0.00012897820360831483 2.6545199772106045e-08
-813.9921348550124 9.977538083990336 -0.00012724227469049942 2.6245641897925844e-08
-804.3017522972077 9.977538083990336 -0.00012556224299719017 2.5952769494408678e-08
-794.611369739403 9.977538083990336 -0.00012393517640140315 2.566636122402653e-08
-784.9209871815983 9.977538083990336 -0.0001223583564883073 2.5386205413103122e-08
-775.2306046237936 9.977538083990336 -0.00012082925865947247 2.5112099530045252e-08
-765.5402220661053 9.977538083990336 -0.00011934553448291801 2.484384969716269e-08
-755.8498395083006 9.977538083990336 -0.00011790499599217289 2.458127023324327e-08
-746.159456950496 9.977538083990336 -0.00011650560168264576 2.432418322502562e-08
-736.4690743926913 9.977538083990336 -0.0001151454439901519 2.4072418125101075e-08
-726.7786918348866 9.977538083990336 -0.0001510105735173027 2.3825811374714337e-08
-717.0883092770819 9.977538083990336 -0.0001487641090307625 2.3584206049281764e-08
-707.3979267192772 9.977538083990336 -0.0001466001268432025 2.3347451525591897e-08
-697.7075441614725 9.977538083990336 -0.00014451360047013274 2.3115403168503558e-08
-688.0171616036678 9.977538083990336 -0.00014249993177029312 2.288792203635548e-08
-678.3267790458631 9.977538083990336 -0.0001405549044348327 2.2664874603556898e-08
-668.6363964880584 9.977538083990336 -0.00013867464355512248 2.2446132499231608e-08
-658.9460139302537 9.977538083990336 -0.00013685558034821953 2.2231572260778782e-08
-649.255631372449 9.977538083990336 -0.00013509442127660756 2.2021075101665804e-08
-639.5652488146443 9.977538083990336 -0.00013338812092655167 2.1814526691931525e-08
-629.8748662568396 9.977538083990336 -0.00013173385811342071 2.1611816951287952e-08
-620.1844836990349 9.977538083990336 -0.0001301290147674584 2.14128398533748e-08
-610.4941011412302 9.977538083990336 -0.00012857115722347058 2.121749324096083e-08
-600.8037185834255 9.977538083990336 -0.0001270580195956975 2.1025678650899404e-08
-591.1133360256208 9.977538083990336 -0.0001255874889670707 2.083730114878224e-08
-581.4229534678161 9.977538083990336 -0.0001241575921619692 2.0652269172216183e-08
-571.7325709101278 9.977538083990336 -0.0001227664839049706 2.047049438237424e-08
-562.0421883523231 9.977538083990336 -0.0001214124361959707 2.0291891523482977e-08
-552.3518057945184 9.977538083990336 -0.00012009382875596883 2.0116378289344583e-08
-542.6614232367137 9.977538083990336 -0.00011880914041714951 1.9943875197025514e-08
-532.971040678909 9.977538083990336 -0.00011755694134836499 1.9774305466699785e-08
-523.2806581211044 9.977538083990336 -0.00011633588602112969 1.9607594907804126e-08
-513.5902755632997 9.977538083990336 -0.00011514470683360965 1.944367181072799e-08
-503.89989300549496 9.977538083990336 -0.00011398220832055396 1.9282466844029385e-08
-494.20951044769026 9.977538083990336 -0.00011284726188611136 1.9123912956592862e-08
-484.51912788988557 9.977538083990336 -0.00011173880100421416 1.8967945284727823e-08
-474.82874533208087 9.977538083990336 -0.00011065581683788949 1.881450106362537e-08
-465.1383627742762 9.977538083990336 -0.00012885159999097276 1.866351954314288e-08
-455.4479802164715 9.977538083990336 -0.00014970728799172602 1.851494190766522e-08
-445.7575976586668 9.977538083990336 -0.00014764381224203303 1.836871119964137e-08
-436.0672151008621 9.977538083990336 -0.0001456546778054692 1.8224772246857958e-08
-426.3768325430574 9.977538083990336 -0.0005120592542739906 1.808307159295275e-08
-416.6864499852527 9.977538083990336 -0.000500726291704495 1.794355743129637e-08
-406.996067427448 9.977538083990336 -0.0004899307047599822 1.7806179541819476e-08
-397.3056848696433 9.977538083990336 -0.00047963404561933843 1.7670889230666038e-08
-387.615302311955 9.977538083990336 -0.0004698014886705682 1.753763927279028e-08
-377.9249197541503 9.977538083990336 -0.004361885251785616 1.740638385684848e-08
-368.2345371963456 9.977538083990336 -0.004253359688759741 1.7277078532832006e-08
-358.54415463854093 9.977538083990336 -0.004919450118244484 1.7149680161722385e-08
-348.85377208073623 9.977538083990336 -0.00480146291946573 1.702414686763643e-08
-339.16338952293154 9.977538083990336 -0.004689059273972138 1.6900437991865102e-08
-329.47300696512684 9.977538083990336 -0.004581850561705828 1.6778514048986815e-08
-319.78262440732215 9.977538083990336 -0.004479483477377767 1.6658336684863633e-08
-310.09224184951745 9.977538083990336 -0.004381636103030102 1.6539868636395688e-08
-300.40185929171275 9.977538083990336 -0.004288014493857766 1.6423073692992248e-08
-290.71147673390806 9.977538083990336 -0.004210540915749109 1.6307916659690772e-08
-281.02109417610336 9.977538083990336 -0.0041242695533936224 1.6194363321801077e-08
-271.33071161829866 9.977538083990336 -0.004176478820932588 2.2840308035472575e-05
-261.64032906049397 9.977538083990336 -0.0040934971759668095 2.2248299039825076e-05
-251.94994650268927 9.977538083990336 -0.004256307075409463 2.1686214854171213e-05
-242.25956394488458 9.977538083990336 -0.004173506218494926 2.1151842242736984e-05
-232.56918138707988 9.977538083990336 -0.0056376704323118036 0.00040492991629393976
-222.87879882927518 9.977538083990336 -0.0055219061110037175 0.0003946861623580008
-213.1884162714705 9.977538083990336 -0.005410939507714504 0.00038494804681104915
-203.4980337137822 9.977538083990336 -0.005304471235586867 0.0003756790247762251
-193.8076511559775 9.977538083990336 -0.005202226845023684 0.0003668459909381701
-184.1172685981728 9.977538083990336 -0.0051039542307145915 0.0003584188841137186
-174.42688604036812 9.977538083990336 -0.005009421360956772 0.00035037034515698407
-164.73650348256342 9.977538083990336 -0.004918414282843012 0.0003426754199909605
-155.04612092475872 9.977538083990336 -0.00483073536444679 0.00033531130096868647
-145.35573836695403 9.977538083990336 -0.004746201741348769 0.0003282571009130908
-135.66535580914933 9.977538083990336 -0.004664643939949734 0.00032149365511717856
-125.97497325134464 9.977538083990336 -0.0045859046542290945 0.0003150033473491373
-116.28459069353994 9.977538083990336 -0.004509837656103908 0.0003087699565338619
-106.59420813573524 9.977538083990336 -0.00443630682245551 0.0003027785212996548
-96.90382557793055 9.977538083990336 -0.004493897598281816 0.00029701522000742377
-87.21344302012585 9.977538083990336 -0.004421797764271664 0.0002914672642361218
-77.52306046232115 9.977538083990336 -0.004352040033761455 0.0002861228039957075
-67.83267790451646 9.977538083990336 -0.004284509097150693 0.00028097084318817414
-58.14229534671176 9.977538083990336 -0.004219097301321612 0.0002760011640467383
-48.451912788907066 9.977538083990334 -0.00415570400583499 0.00027120425946001336
-38.76153023110237 9.977538083990334 -0.004088826665306561 0.00026667925780656773
-29.071147673297673 9.977538083990334 -0.008507310569491033 0.0024735190939210957
-19.380765115609393 9.977538083990332 -0.008335495189322799 0.002412857936474129
-9.690382557804696 9.977538083990328 -0.008171015624656643 0.0023551361008109406
0.0 9.977538083990323 -0.008015426555569059 0.002300318611976203
9.690382557804696 7.076025107743004 -0.04832565146982126 0.04050073810387915
19.380765115609393 7.2212837171494915 -0.047175300641865175 0.03947125681218221
29.07114767341409 7.32679587756344 -0.046050659737127526 0.03849288202396697
38.761530231218785 7.412198578039618 -0.04497930396472531 0.03756189694455347
48.45191278902348 7.484916642389963 -0.04395749955039779 0.036674936887194164
58.14229534682818 7.548712553643234 -0.04298185536349055 0.03582894852248069
67.83267790463287 7.605803887986851 -0.0420492843786692 0.03502115466118057
77.52306046243757 7.657627029993538 -0.04115697023385147 0.03424902371305327
87.21344302024227 7.7051749340595705 -0.0403023381141898 0.033510243112792736
96.90382557804696 7.749167608925901 -0.03948302932224694 0.032802696124476435
106.59420813585166 7.790146628510356 -0.03869687900051348 0.032124441533666184
116.28459069365636 7.828531347131662 -0.03794189655905453 0.031473695816168844
125.97497325146105 7.864654226594806 -0.0372162484321992 0.030848817437999932
135.66535580926575 7.89878404054435 -0.036518242846826955 0.030248292995099305
145.35573836707044 7.9311416809605335 -0.03584631633334985 0.02967072494603559
155.04612092487514 7.9619112587351015 -0.03519902175083486 0.029114820728059765
164.73650348256342 7.991248104244501 -0.03457501763137454 0.028579383077829187
174.42688604036812 8.019284663943349 -0.03405559603165742 0.02806330140398454
184.1172685981728 8.046134931654302 -0.033472387481339454 0.027565544080650355
193.8076511559775 8.07189783610974 -0.03290909680204364 0.02708515154903552
203.4980337137822 8.096659870104054 -0.0323647117154508 0.026621230130030076
213.1884162715869 8.120497158800607 -0.031838287812017876 0.026172946463696202
222.8787988293916 8.143477106688334 -0.031328942930847516 0.02573952250276982
232.5691813871963 8.165659723465371 -0.0308358520911219 0.025320230996812198
242.259563945001 8.187098702102533 -0.030358242912722523 0.024914391411800733
251.9499465028057 8.207842303383039 -0.029895391471625368 0.02452136623693754
261.6403290606104 8.227934087700824 -0.02944661854249637 0.024140557636463465
271.3307116184151 8.247413525123083 -0.02901128618679178 0.023771404409444547
281.0210941762198 8.266316507553515 -0.028721554277594517 0.023413379224973645
290.7114767340245 8.284675781509826 -0.028307958373458588 0.023065986104104805
300.40185929182917 8.302521316032028 -0.02792699364518895 0.02272875812320336
310.09224184963387 8.319880617204209 -0.027536173598313944 0.02240125531632025
319.78262440743856 8.336778998447166 -0.02715629594098401 0.022083062756751357
329.47300696524326 8.353239813940784 -0.02678690201935533 0.021773788800171
339.16338952304795 8.369284661131896 -0.026427558764472583 0.021473063473679933
348.85377208085265 8.384933557180002 -0.026077856907823816 0.021180536996819495
358.54415463854093 8.400205093318924 -0.025737409346901444 0.02089587842211019
368.2345371963456 8.415116570416226 -0.02540584964588126 0.020618774383973457
377.9249197541503 8.429684118448337 -0.025082830658330325 0.020348927946133348
387.615302311955 8.44392280216296 -0.024768023260196996 0.02008605753850754
397.3056848697597 8.457846714825932 -0.024461115182772032 0.019829895975628776
406.9960674275644 8.471469061652776 -0.02416180993635143 0.01958018954937502
416.6864499853691 8.484802234276616 -0.023869825816347615 0.019336697189528684
426.3768325431738 8.497857877400177 -0.023584894984458486 0.019099189686320427
436.0672151009785 8.510646948610107 -0.02330676261826661 0.01886744896968153
445.7575976587832 8.523179772190698 -0.02303518612331393 0.018641267440436166
455.4479802165879 8.535466087655694 -0.022769934402292878 0.018420447349117765
465.1383627743926 8.55649571573635 -0.022510787176522384 0.018204800218498678
474.8287453321973 8.579082505700178 -0.022257534355345887 0.01799414630628526
484.519127890002 8.600878281041865 -0.022009975449505902 0.017788314104755832
494.2095104478067 8.621934961992933 -0.021767919024921537 0.017587139874411226
503.8998930056114 8.64229956806864 -0.021531182193627662 0.0173904672089702
513.5902755634161 8.662014814326568 -0.02129959013893187 0.017198146629278575
523.2806581212208 8.681119618178569 -0.021072975672112082 0.017010035203914163
532.9710406790255 8.699649532653584 -0.020851178818216718 0.016825996194461998
542.6614232367137 8.717637118774288 -0.020634046428747367 0.01664589872360984
552.3518057945184 8.735112267212902 -0.02042143181917954 0.016469617464356975
562.0421883523231 8.752102477439363 -0.02021319442950622 0.01629703234881585
571.7325709101278 8.768633101052503 -0.02000919950605585 0.01612802829514049
581.4229534679325 8.784727554766567 -0.01980931780307026 0.015962494951307735
591.1133360257372 8.800407507564975 -0.019613425302602426 0.015800326454538712
600.8037185835419 8.815693045757605 -0.0194214029514294 0.015641421205259444
610.4941011413466 8.83060281905329 -0.019233136413779307 0.015485681654585656
620.1844836991513 8.84515417025192 -0.019048515838768085 0.015333014104396832
629.874866256956 8.859363250746425 -0.01886743564152938 0.015183328519137914
639.5652488147607 8.873245123684866 -0.01868979429710104 0.015036538348553553
649.2556313725654 8.886813856362759 -0.018515494146204608 0.0148925603606211
658.9460139303701 8.90008260318309 -0.018344441212120758 0.014751314484004081
668.6363964881748 8.913063680328367 -0.018176545027924595 0.014612723659399108
678.3267790459795 8.925768633127074 -0.018011718473399975 0.014476713699195827
688.0171616037842 8.938208296961276 -0.017849877621003353 0.01434321315491255
697.7075441615889 8.950392852447555 -0.017690941590293906 0.014212153191909386
707.3979267193936 8.96233187552665 -0.017534832410289705 0.014083467470916945
717.0883092771983 8.974034383014944 -0.01738147488924878 0.013957092035951938
726.7786918348866 8.98550887410062 -0.01723079649141188 0.013832965208222855
736.4690743926913 8.996763368208384 -0.017082727220264163 0.013711027485646846
746.159456950496 9.007805439602276 -0.016937199507941578 0.013591221447655922
755.8498395083006 9.018642249056635 -0.01679414811037228 0.013473491664942385
765.5402220661053 9.02928057288228 -0.01665351000783298 0.013357784613867706
775.23060462391 9.039726829564591 -0.01651522431058563 0.01324404859524793
784.9209871817147 9.049987104240659 -0.016379232169294853 0.013132233657258092
794.6113697395194 9.060067171217622 -0.016245476689944752 0.013022291522213836
804.3017522973241 9.069972514712413 -0.016113902852992877 0.012914175517004686
813.9921348551288 9.079708347974085 -0.015984457436516258 0.012807840506968187
823.6825174129335 9.089279630933019 -0.015857088943120743 0.012703242833007972
833.3728999707382 9.098691086506426 -0.015731747530399597 0.012600340251771537
843.0632825285429 9.10794721567668 -0.015608384944741342 0.012499091878715457
852.7536650863476 9.117052311447265 -0.015486954458299477 0.012399458133896667
862.4440476441523 9.126010471771076 -0.015367410808948807 0.012301400690338781
872.134430201957 9.134825611536558 -0.01524971014306402 0.012204882424831783
881.8248127597617 9.143501473689204 -0.015133809960966462 0.012109867371032363
891.5151953175664 9.152041639558634 -0.015019669064894757 0.0120163206747403
901.2055778753711 9.160449538455067 -0.014907247509363576 0.011924208551234033
910.8959604330594 9.168728456593106 -0.014796506553784691 0.011833498244556704
920.5863429908641 9.176881545396302 -0.014687408617222755 0.011744157988643015
930.2767255486688 9.184911829229156 -0.014579917235193359 0.011656156970206229
939.9671081064735 9.192822212602602 -0.014473997018371087 0.01156946529327246
949.6574906642782 9.200615486891639 -0.01436961361312813 0.011484053945292633
959.3478732220829 9.208294336602592 -0.01426673366380198 0.011399894764745074
969.0382557798875 9.215861345223548 -0.014165324776605289 0.01131696041015352
978.7286383376922 9.223319000688976 -0.014065355485095 0.011235224330449111
988.4190208954969 9.230669700486828 -0.013966795217122525 0.011154660736608686
998.1094034533016 9.237915756434335 -0.013869614263191101 0.011075244574505793
