-1007.7997860109899 11.187074285375646 -0.012124837182518678 0.008196102981870675
-998.1094034531852 11.186157151020405 -0.012044140745422845 0.008137601996530847
-988.4190208953805 11.1852778931854 -0.011964525748665942 0.008079930396410287
-978.7286383375758 11.184435737047645 -0.011885970351963811 0.008023070664702769
-969.0382557797711 11.183629912108886 -0.011808453304926194 0.00796700577451128
-959.3478732219664 11.182859653122572 -0.01173195392710569 0.007911719171837408
-949.6574906641617 11.182124200893975 -0.011656452088857032 0.007857194759274662
-939.967108106357 11.181422802967282 -0.011581928192968249 0.00780341688037202
-930.2767255486688 11.1807547142127 -0.011508363157028427 0.00775037030463641
-920.5863429908641 11.1801191973256 -0.011435738396492224 0.007698040213140073
-910.8959604330594 11.17951552324894 -0.011364035808421984 0.007646412184713852
-901.2055778752547 11.178942971528953 -0.011293237755858903 0.007595472182686527
-891.51519531745 11.178400830613356 -0.01122332705280733 0.007545206542154237
-881.8248127596453 11.177888398100032 -0.01115428694979926 0.007495601957751818
-872.1344302018406 11.177404980943322 -0.011086101120013655 0.0074466454719037505
-862.4440476440359 11.17694989562406 -0.011018753645925704 0.007398324463532877
-852.7536650862312 11.176522468288564 -0.010952229006462456 0.007350626637206237
-843.0632825284265 11.176122034861079 -0.010886512064642391 0.007303540012698379
-833.3728999706218 11.175747941133377 -0.010821588055677681 0.007257052914953562
-823.6825174128171 11.175399542834679 -0.010757442575518927 0.007211153964429147
-813.9921348550124 11.175076205684427 -0.010694061569823205 0.007165832067803409
-804.3017522972077 11.174777305430094 -0.010631431323327107 0.007121076409031792
-794.611369739403 11.174502227871752 -0.01056953844960753 0.0070768764407365395
-784.9209871815983 11.174250368874882 -0.010508369881213637 0.007033221875915164
-775.2306046237936 11.174021134372573 -0.01044791286015432 0.0069901026799541926
-765.5402220659889 11.173813940358196 -0.010388154928726245 0.006947509062935061
-755.8498395081842 11.17362821286927 -0.010329083920668228 0.006905431472219811
-746.159456950496 11.17346338796339 -0.010270687952629106 0.006863860585305274
-736.4690743926913 11.173318911686687 -0.010212955415932042 0.006822787302931521
-726.7786918348866 11.173194240035482 -0.010155874968633398 0.006782202742441349
-717.0883092770819 11.173088838911557 -0.01009943552785051 0.0067420982313706485
-707.3979267192772 11.173002184071482 -0.01004362626235769 0.006702465301267397
-697.7075441614725 11.17293376107042 -0.00998843658543556 0.006663295681727085
-688.0171616036678 11.172883065200779 -0.009933856147964316 0.006624581294636164
-678.3267790458631 11.172849601425996 -0.009879874831751144 0.006586314248615165
-668.6363964880584 11.172832884309859 -0.009826482743082591 0.006548486833653431
-658.9460139302537 11.172832437941588 -0.00977367020649303 0.006511091515927781
-649.255631372449 11.17284779585698 -0.009721427758740714 0.006474120932797808
-639.5652488146443 11.172878500955893 -0.009669746142983486 0.006437567887970846
-629.8748662568396 11.172924105416266 -0.00961861630314626 0.006401425346829888
-620.1844836990349 11.172984170604984 -0.009568029378473055 0.006365686431918096
-610.4941011412302 11.173058266985702 -0.009520977379487693 0.00633034441857385
-600.8037185834255 11.173145974023928 -0.009478671640367569 0.006295392730710462
-591.1133360256208 11.17324688008949 -0.009429524337039972 0.00626082493673503
-581.4229534678161 11.173360582356612 -0.009380890023944701 0.00622663474560107
-571.7325709100114 11.173486686701724 -0.009332760596702938 0.006192816002989891
-562.0421883522067 11.173624807599246 -0.0092851281245574 0.00615936268761579
-552.3518057945184 11.173774568015402 -0.009237984845556024 0.006126268907650821
-542.6614232367137 11.1739355993003 -0.009191323161905152 0.006093528897262315
-532.971040678909 11.174107541078378 -0.00914513563549241 0.006061137013264805
-523.2806581211044 11.174290041137365 -0.009099414983560457 0.006029087731874343
-513.5902755632997 11.174482755315887 -0.00905415407453289 0.005997375645567233
-503.89989300549496 11.17468534738985 -0.009009345923982245 0.005965995460037055
-494.20951044769026 11.174897488957745 -0.008964983690734308 0.0059349419912467834
-484.51912788988557 11.175118859324927 -0.008921060673102842 0.00590421016257253
-474.82874533208087 11.175349145387093 -0.00887757030524913 0.00587379500203562
-465.1383627742762 11.175588041512992 -0.008834506153660987 0.0058436916396198335
-455.4479802164715 11.175835249426491 -0.008791861913746386 0.005813895304670765
-445.7575976586668 11.17609047808815 -0.008749631406536845 0.005784401323374376
-436.0672151008621 11.176353443576382 -0.0087078085754962 0.005755205116311957
-426.3768325430574 11.176623868968287 -0.008666387483430482 0.005726302196088797
-416.6864499852527 11.176901484220297 -0.008625362309494932 0.0056976881650339884
-406.996067427448 11.177186026048725 -0.00858472734629428 0.00566935871296889
-397.3056848696433 11.177477237810285 -0.008544476997072736 0.005641309615041861
-387.6153023118386 11.177774869382732 -0.008504605772990215 0.005613536729626995
-377.9249197540339 11.178078677045647 -0.008465108290481504 0.005586035996284639
-368.2345371963456 11.178388423361517 -0.008425979268695788 0.005558803433781937
-358.54415463854093 11.17870387705717 -0.008387213527010653 0.005531835138169385
-348.85377208073623 11.179024812905643 -0.00834880598262486 0.005505127280916383
-339.16338952293154 11.179351011608551 -0.008310751648217764 0.005478676107097321
-329.47300696512684 11.17968225967911 -0.008273045629679792 0.005452477933631351
-319.78262440732215 11.180018349325781 -0.008235683123908788 0.005426529147572128
-310.09224184951745 11.18035907833668 -0.008198659416670275 0.005400826204446169
-300.40185929171275 11.180704249964815 -0.008161969880519376 0.005375365626638245
-290.71147673390806 11.181053672814166 -0.008125609972782284 0.005350144001822233
-281.02109417610336 11.181407160726765 -0.008089575233595176 0.005325157981435982
-271.33071161829866 11.181764532670721 -0.008053861283998588 0.005300404279198706
-261.64032906049397 11.182125612629346 -0.008018463824085399 0.005275879669669589
-251.94994650268927 11.182490229491375 -0.007983378631200579 0.005251580986846204
-242.25956394488458 11.182858216942348 -0.007948601558190925 0.005227505122801532
-232.56918138707988 11.183229413357225 -0.007914128531703209 0.005203649026358305
-222.87879882927518 11.183603661694216 -0.007879955550529017 0.005180009701799493
-213.1884162714705 11.183980809389958 -0.00784607868399484 0.005156584207613811
-203.4980337136658 11.184360708255971 -0.0078124940703958624 0.00513336965527512
-193.8076511558611 11.184743214376539 -0.007779197915472073 0.005110363208054651
-184.1172685981728 11.18512818800795 -0.00774618649092571 0.00508756207986534
-174.42688604036812 11.185515493479198 -0.00771345613297635 0.005064963534135595
-164.73650348256342 11.185904999094124 -0.007681003240958326 0.005042564882715675
-155.04612092475872 11.186296577035055 -0.0076488242759513245 0.005020363484810276
-145.35573836695403 11.186690103267926 -0.00761691575944894 0.004998356745940544
-135.66535580914933 11.187085457448967 -0.0075852742720616895 0.004976542116933011
-125.97497325134464 11.18748252283289 -0.007553896452253797 0.004954917092934903
-116.28459069353994 11.18788118618263 -0.007522778995112675 0.0049334792124550225
-106.59420813573524 11.188281337680708 -0.007591860545162599 0.004914814756403278
-96.90382557793055 11.188682870842085 -0.007559892413176836 0.004893708645215959
-87.21344302012585 11.189085682428674 -0.0075282116646643695 0.004872783493893463
-77.52306046232115 11.189489672365397 -0.007496813752879478 0.0048520369674561895
-67.83267790451646 11.189894743657833 -0.009114597958463151 0.004831466771830382
-58.14229534671176 11.19030080231149 -0.009061431552172566 0.004811070652898969
-48.451912788907066 11.190707757252643 -0.009009131325486197 0.004790846395582906
-38.76153023110237 11.191115520250749 -0.008957669630568025 0.004770791822951556
-29.071147673297673 11.191524005842487 -0.00890702015188243 0.004750904795360754
-19.380765115492977 11.191933131257342 -0.012108583089958195 0.004731183209617268
-9.690382557688281 11.19234281634476 -0.012015111097332382 0.00471162499816848
0.0 11.192752983502908 -0.011923574393687745 0.004692228128316429
9.690382557804696 8.744473742647335 -0.02293305881865748 0.03170534751924957
19.380765115609393 8.92922545651452 -0.02406044177453953 0.03208121148896358
29.07114767341409 9.061800529821474 -0.023809828204737028 0.031696456523577644
38.761530231218785 9.167616238237194 -0.023565228427154014 0.03132148574994841
48.45191278902348 9.256514832068962 -0.02332641646296351 0.03095592193943553
58.14229534682818 9.33353073822518 -0.02309317771693888 0.030599407150387756
67.83267790463287 9.40164432801533 -0.02286530826536245 0.030251601508279772
77.52306046243757 9.46278998623233 -0.022642614196844133 0.029912182077342763
87.21344302024227 9.518305800220471 -0.022726093050561922 0.029605425069022365
96.90382557804696 9.569161798718488 -0.02250911643794536 0.029281538137353933
106.59420813585166 9.61608695880531 -0.022365051047635174 0.028975935774844214
116.28459069365636 9.65964495739083 -0.022156504624976037 0.028666673963298684
125.97497325146105 9.700281877413829 -0.021952419912637577 0.02836441586823292
135.66535580926575 9.73835759977485 -0.0217526468012754 0.028068920236731316
145.35573836707044 9.774167220984413 -0.02155704197873796 0.027779956865162804
155.04612092487514 9.807956114969825 -0.021365468546795472 0.02749730597195292
164.73650348267984 9.839930800185112 -0.02117779566359307 0.027220757612645103
174.42688604048453 9.87026695363724 -0.020993898209832863 0.026950111133960553
184.1172685981728 9.899115433065953 -0.020813656476866622 0.026685174663858387
193.8076511559775 9.926606876713542 -0.020636955875024246 0.026425764634837406
203.4980337137822 9.952855267212126 -0.020463686660690823 0.02617170533802253
213.1884162715869 9.97796072820734 -0.020293743680698643 0.025922828505681304
222.8787988293916 10.002011744303953 -0.02012702613279333 0.02567897292012057
232.5691813871963 10.025086942048384 -0.019963437340993387 0.025439984047020834
242.259563945001 10.047256533016373 -0.019825975905918395 0.025205713691447317
251.9499465028057 10.068583494161885 -0.019668057576586052 0.024976019674917447
261.6403290606104 10.089124541931136 -0.019513009032734188 0.02475076553203539
271.3307116184151 10.10893094301687 -0.019367424661527858 0.024529820225323715
281.0210941762198 10.128049194548725 -0.01921778034401494 0.02431305787699068
290.7114767340245 10.146521598992 -0.019103584902331164 0.024101954261039293
300.40185929182917 10.164386753372685 -0.018958531720923013 0.02389318169633278
310.09224184963387 10.181679968175223 -0.018818554836069812 0.023688239717641422
319.78262440743856 10.198433628020798 -0.01867856561281827 0.023487024506888013
329.47300696524326 10.214677503768042 -0.01854094491865461 0.023289432455591445
339.16338952304795 10.23043902379236 -0.018405629215188006 0.02309536380313629
348.85377208085265 10.245743510748216 -0.018272557278256378 0.022904722459018107
358.54415463865735 10.260614388990852 -0.018147914644983536 0.022717415834869123
368.2345371963456 10.275562407264571 -0.018024390460191265 0.0225333546856436
377.9249197541503 10.296107967388345 -0.01789754981211424 0.022352452959372486
387.615302311955 10.315864296872684 -0.017772733238507494 0.022174627654983684
397.3056848697597 10.334884416739339 -0.0176498894510234 0.021999798687645566
406.9960674275644 10.353216265077704 -0.01752896892955728 0.021827888761203496
416.6864499853691 10.370903315087412 -0.017409923845699435 0.021658823247265025
426.3768325431738 10.387985103491523 -0.01732493421217985 0.02149253007053449
436.0672151009785 10.404497684551567 -0.017209062604150404 0.02132893960002307
445.7575976587832 10.420474021753442 -0.017112435215589958 0.021167984545785924
455.4479802165879 10.435944326842579 -0.01699979054112338 0.02100959986086107
465.1383627743926 10.450936354091853 -0.016888822428163523 0.020853722648106744
474.8287453321973 10.465475656334126 -0.016779491119984027 0.020700292071653727
484.519127890002 10.479585808257522 -0.016671758149486546 0.020549249272707994
494.2095104478067 10.493288601647206 -0.016580500168547598 0.0204005372894561
503.8998930056114 10.506604216592546 -0.016475650021341444 0.02025410098084164
513.5902755634161 10.51955137211441 -0.01637229550314784 0.020109886953996094
523.2806581212208 10.53214745917698 -0.016270402584290623 0.019967843495121183
532.9710406790255 10.544408658614563 -0.01616993829650116 0.01982792050363234
542.6614232368302 10.556350046120441 -0.016542406054626427 0.019738574645040516
552.3518057946349 10.567985686107562 -0.01643832895390469 0.01960209263280511
562.0421883523231 10.579328715958358 -0.01633575762580221 0.019467607348473807
571.7325709101278 10.590391421931937 -0.016234656230632343 0.019335073853987784
581.4229534679325 10.60118530778392 -0.01615477688677601 0.019204448574184775
591.1133360257372 10.611721156984498 -0.016056243696712665 0.019075689244817406
600.8037185835419 10.622009089272808 -0.01595908723525907 0.01894875486297518
610.4941011413466 10.632058612172544 -0.01586327593600811 0.018823605639769782
620.1844836991513 10.641878667999277 -0.0157687792642654 0.01870020295516348
629.874866256956 10.651477676814638 -0.015675567672271667 0.018578509314825967
639.5652488147607 10.660863575721686 -0.015583612556899547 0.018458488308912422
649.2556313725654 10.670043854846382 -0.015492886219656296 0.018340104572661966
658.9460139303701 10.67902559030956 -0.015403361828837527 0.01822332374872206
668.6363964881748 10.687815474460171 -0.015315013383689525 0.01810811245110978
678.3267790459795 10.696419843612375 -0.015227815680449031 0.017994438230726485
688.0171616037842 10.704844703504929 -0.0151417442801396 0.017882269542347246
697.7075441615889 10.71309575268042 -0.015056775478012981 0.017771575713010943
707.3979267193936 10.7211784039637 -0.01497288627453236 0.017662326911741206
717.0883092771983 10.729097804202608 -0.014890054347802136 0.017554494120532758
726.778691835003 10.736858852419628 -0.014808258027355876 0.017448049106540766
736.4690743928077 10.744466216510144 -0.014727476269220571 0.0173429643954151
746.159456950496 10.751924348610897 -0.014647688632182135 0.017239213245725242
755.8498395083006 10.759237499252347 -0.014568875255175844 0.017136769624416456
765.5402220661053 10.766409730396829 -0.01449101683575041 0.0170356081832665
775.23060462391 10.773444927458684 -0.01441409460952542 0.016935704236271405
784.9209871817147 10.780346810391181 -0.014338090330599648 0.016837033737935023
794.6113697395194 10.78711894391958 -0.014262986252851367 0.016739573262413144
804.3017522973241 10.793764746992075 -0.014188765112082172 0.016643299983473994
813.9921348551288 10.80028750151434 -0.014113681820031272 0.016548259472287146
823.6825174129335 10.806690360427714 -0.014041200233462144 0.016454293483493677
833.3728999707382 10.812976355185635 -0.013969551878526592 0.01636144964635365
843.0632825285429 10.819148402678529 -0.013898721280918546 0.016269707346751063
852.7536650863476 10.825209311652667 -0.013828693368770944 0.0161790464810412
862.4440476441523 10.831161788664764 -0.013759453459073444 0.016089447440185985
872.134430201957 10.837008443610335 -0.013690987244659116 0.016000891094481863
881.8248127597617 10.842751794860721 -0.01362328078173147 0.015913358778854244
891.5151953175664 10.848394274040354 -0.013556320477904572 0.015826832278694046
901.2055778753711 10.853938230473489 -0.013490093080731085 0.015741293816212962
910.8959604331758 10.859385935326738 -0.013424585666694078 0.015656726037295253
920.5863429909805 10.864739585471831 -0.013359785630640136 0.015573111998825013
930.2767255486688 10.870001307090547 -0.013295680675633272 0.015490435156469829
939.9671081064735 10.875173159042554 -0.013232258803204925 0.015408679352895685
949.6574906642782 10.88025713601371 -0.013169508303992704 0.015327828806409984
959.3478732220829 10.885255171463111 -0.013107417748734492 0.015247868099995312
969.0382557798875 10.890169140383364 -0.01304597597961272 0.015168782170732547
978.7286383376922 10.895000861888827 -0.012985172101928079 0.015090556299591443
988.4190208954969 10.899752101644676 -0.012924995476088408 0.015013176101574903
998.1094034533016 10.90442457414878 -0.01286543570989847 0.014936627516202441
