-1007.7997860111063 11.211540253218473 -0.0023968395455641533 0.003528170503399967
-998.1094034533016 11.212078476340361 -0.00238642949324612 0.003516797774257958
-988.4190208954969 11.21261293367254 -0.00237613662092712 0.003505499331450259
-978.7286383376922 11.213143645831254 -0.0023659583363849716 0.0034942744194690085
-969.0382557798875 11.213670633630342 -0.0024665394188311133 0.0034831222940012725
-959.3478732220829 11.214193918065101 -0.0024550710723861 0.003472042221683627
-949.6574906642782 11.214713520296812 -0.002541699889177141 0.003461033479864822
-939.9671081064735 11.215229461637922 -0.0025291936945950498 0.0034500953563761905
-930.2767255486688 11.215741763537855 -0.002516863657271823 0.0034392271493094333
-920.5863429908641 11.216250447569427 -0.0025047048007611084 0.0034284281668014193
-910.8959604330594 11.216755535415855 -0.00249271236600886 0.003417697726825713
-901.2055778752547 11.217257048858308 -0.002557323549777192 0.003407035156990504
-891.51519531745 11.217755009764023 -0.002544608222111391 0.0033964397943426804
-881.8248127596453 11.218249440074947 -0.002532074261696603 0.0033859109851777577
-872.1344302018406 11.218740361796861 -0.0025197165451778802 0.003375448084855421
-862.4440476440359 11.219227796989024 -0.002507530170354619 0.003365050457620461
-852.7536650862312 11.219711767754262 -0.0025601011104618423 0.0033571622147122206
-843.0632825284265 11.220192296229527 -0.002547370262331805 0.003346860207940865
-833.3728999707382 11.220669404576878 -0.0025348205531827254 0.0033366225004281326
-823.6825174129335 11.221143114974916 -0.0025224469278945097 0.0033264484554421624
-813.9921348551288 11.221613449610569 -0.0027920833920460726 0.003316337446124444
-804.3017522973241 11.22208043067132 -0.002776216515536013 0.003306288855222144
-794.6113697395194 11.222544080337794 -0.00276061455258144 0.0032963020748339126
-784.9209871817147 11.223004420776693 -0.0027452691567350826 0.003286376506167506
-775.23060462391 11.223461474134103 -0.0027301723657234362 0.00327651155930851
-765.5402220661053 11.22391526252912 -0.0027153165786640916 0.0032667066529993936
-755.8498395083006 11.224365808047812 -0.0027006945349176115 0.0032569612144281845
-746.159456950496 11.224813132737479 -0.0026862992944371804 0.0032472746790261596
-736.4690743926913 11.225257258601218 -0.0026721242194922964 0.003237646490273927
-726.7786918348866 11.22569820759278 -0.0026581629576543624 0.0032280760995154006
-717.0883092770819 11.226136001611692 -0.002644409425942485 0.003218562965779136
-707.3979267192772 11.226570662498657 -0.0026308577960371467 0.0032091065556066225
-697.7075441614725 11.227002212031193 -0.0026175024804777135 0.0031997063428870843
-688.0171616036678 11.227430671919532 -0.0026043381197673717 0.0031903618086984073
-678.3267790458631 11.227856063802745 -0.002591359570315757 0.003181072441153868
-668.6363964880584 11.228278409245096 -0.002578561893155712 0.003171837735254303
-658.9460139302537 11.228697729732602 -0.0025659403433760802 0.003162657192745436
-649.2556313725654 11.229114046669816 -0.0025534903602175483 0.003153530321980193
-639.5652488147607 11.229527381376803 -0.0025412075577820607 0.0031444566377850855
-629.874866256956 11.229937755086294 -0.002529087716313409 0.0031354356613320596
-620.1844836991513 11.230345188941028 -0.002517126774005234 0.0031264669200134153
-610.4941011413466 11.230749703991284 -0.0025053208193010694 0.003117549947321185
-600.8037185835419 11.23115132119256 -0.0024936660836511 0.0031086842827301904
-591.1133360257372 11.231550061403409 -0.002482158934694015 0.0030998694715846384
-581.4229534679325 11.231945945383455 -0.0024579556283843102 0.0030922885726080394
-571.7325709101278 11.232338993791517 -0.0024469088243774585 0.0030835579460452853
-562.0421883523231 11.232729227183896 -0.002435994728958217 0.0030748772795954524
-552.3518057945184 11.233116666012794 -0.0024252103829401584 0.003066246123584606
-542.6614232367137 11.233501330624843 -0.0024145529247321072 0.003057664034604726
-532.971040678909 11.233883241259779 -0.002404019586174619 0.003049130575359206
-523.2806581211044 11.234262418049196 -0.0023936076885893416 0.0030406453145154443
-513.5902755632997 11.234638881015453 -0.002383314639028874 0.003032207826564119
-503.89989300549496 11.235012650070644 -0.0023731379267155064 0.00302381769168459
-494.20951044769026 11.235383745015692 -0.002363075119657918 0.0030154744956160727
-484.51912788988557 11.23575218553953 -0.00235312386143569 0.003007177829534153
-474.82874533208087 11.236117991218364 -0.002343281868142036 0.0029989272899323175
-465.1383627743926 11.236481181515032 -0.0023335469254759473 0.0029907224785082724
-455.4479802165879 11.23684177577844 -0.0023239168859746475 0.0029825630020541404
-445.7575976587832 11.23719979324307 -0.002314389666380253 0.0029744484723517946
-436.0672151009785 11.237555253028551 -0.002304963245130897 0.002966378506071029
-426.3768325431738 11.237908174139326 -0.002295635659971185 0.002958352724671918
-416.6864499853691 11.23825857546435 -0.002286405005674773 0.002950370754310461
-406.9960674275644 11.238606475776878 -0.002277269431873049 0.0029424322257474923
-397.3056848697597 11.238951893734288 -0.0022682271409842406 0.0029345367742606323
-387.615302311955 11.239294847877968 -0.004898614686503598 0.003558340969914348
-377.9249197541503 11.239635356633254 -0.004853664337410504 0.0035418935296226296
-368.2345371963456 11.23997343830941 -0.004809775812468237 0.0035257211130770493
-358.54415463854093 11.240309111099657 -0.0047669086299785566 0.003509814068747473
-348.85377208073623 11.240642393081256 -0.004725024394547667 0.0034941632380504056
-339.16338952293154 11.24097330221559 -0.005640644891435812 0.0036134680440308977
-329.47300696512684 11.24130185634834 -0.005587630928643101 0.003596474917176574
-319.78262440732215 11.241628073209649 -0.005535843934913024 0.003579762184797215
-310.09224184951745 11.241951970414332 -0.005485238818430648 0.003563320422420471
-300.40185929171275 11.242273565462138 -0.005435772717747657 0.0035471406634431353
-290.71147673390806 11.242592875737996 -0.005387404864438785 0.0035312143710675694
-281.0210941762198 11.242909918512321 -0.005340096455824406 0.0035155334122877247
-271.3307116184151 11.243224710941352 -0.005304119647809736 0.0035003887760236226
-261.6403290606104 11.243537270067456 -0.005258680671765133 0.003485171515069199
-251.9499465028057 11.243847612819522 -0.005214199156810512 0.003470177487747874
-242.259563945001 11.244155756013328 -0.01439235513798951 0.007652461082713816
-232.5691813871963 11.244461716351934 -0.014224380183283026 0.0075808599863543095
-222.8787988293916 11.244765510426113 -0.014060630510053306 0.007510992033733118
-213.1884162715869 11.24506715471476 -0.0138557894927707 0.007442790632012527
-203.4980337137822 11.245366665585342 -0.013700624142125424 0.007376192610162763
-193.8076511559775 11.245664059294347 -0.013549207675971597 0.007311138000990811
-184.1172685981728 11.24595935198775 -0.013401402403138389 0.0072475698396552235
-174.42688604036812 11.24625255970148 -0.013257077357522117 0.007185433977228484
-164.73650348256342 11.246543698361904 -0.013116107890406426 0.007124678908009987
-155.04612092475872 11.246832783786315 -0.02270523659464169 0.00706525560941929
-145.35573836695403 11.247119831683424 -0.02243892121361013 0.007007117393411794
-135.66535580914933 11.247404857653862 -0.022179140812317186 0.0069502197684595535
-125.97497325134464 11.247687877190685 -0.02192565330580805 0.006894520311229817
-116.28459069353994 11.247968905679885 -0.02167822852754374 0.006839978547174577
-106.59420813573524 11.248247958400894 -0.021436647500402604 0.006786555839316404
-96.90382557793055 11.248525050527112 -0.021200701760801813 0.006734215284580765
-87.21344302024227 11.248800197126412 -0.02096360927812042 0.006682921617083951
-77.52306046243757 11.249073413161678 -0.020738436530756 0.00663264111783384
-67.83267790463287 11.249344713491304 -0.020518328342250525 0.0065833415303608945
-58.14229534682818 11.249614112869725 -0.02030311255193913 0.006534991981817982
-48.45191278902348 11.24988162594794 -0.020124032646388106 0.006488417369637532
-38.761530231218785 11.250147267274038 -0.019917689163641974 0.006441868841846081
-29.07114767341409 11.250411051293703 -0.01971577801572011 0.006396185632144378
-19.380765115609393 11.250672992350754 -0.01951815521188582 0.006351341696689978
-9.690382557804696 11.250933104687652 -0.01932468298566734 0.006307312050326437
0.0 2.1172293165009 0.025598817570479278 0.058152223850487114
9.690382557804696 3.0647474560453674 0.02517531834902482 0.05740328731612918
19.380765115609393 3.6992186925185955 0.02476440985638237 0.05667407477470307
29.07114767341409 4.197478719740895 0.024365557500015164 0.05596381032208911
38.761530231218785 4.6134973883222195 0.023978255978584644 0.05527175836079319
48.45191278902348 4.972624996187013 0.023602027326234763 0.054597221011229075
58.14229534682818 5.2892730338402245 0.02323641911026043 0.053939535720241495
67.83267790463287 5.572605896500052 0.02288100276838591 0.053298073049540644
77.52306046243757 5.828901742383162 0.022508355119934303 0.052672930695193534
87.21344302024227 6.06269651966554 0.022172491714389272 0.05206213786931561
96.90382557793055 6.277400963185374 0.021845653099404005 0.0514658585571916
106.59420813573524 6.47566063070052 0.021527492341067506 0.05088357673714375
116.28459069353994 6.659579138426577 0.021217679743093475 0.050314800647594124
125.97497325134464 6.830863423762106 0.020915901801754087 0.049759061375214776
135.66535580914933 6.990922069136139 0.020630529617557316 0.04921591154069914
145.35573836695403 7.140934073138512 0.020343822694170465 0.04868492407432453
155.04612092475872 7.28189830406429 0.020052245552829757 0.04816598551796039
164.73650348256342 7.414669917329718 0.019779814210424115 0.047658113195917194
174.42688604036812 7.539987731057277 0.01951405975484231 0.047161232955164716
184.1172685981728 7.658495178792356 0.019254747727839725 0.04667498827657518
193.8076511559775 7.770756603086404 0.01900165432652073 0.04619903794850914
203.4980337137822 7.877270106042019 0.01875456581176844 0.04573305525244521
213.1884162715869 7.978477813037903 0.018513277955336797 0.04527672720011845
222.8787988293916 8.074774163849058 0.018277595522706292 0.04482975381840223
232.5691813871963 8.166512679247552 0.018047331789049097 0.04439184747848091
242.259563945001 8.25401153498326 0.017822308085871062 0.04396273226614213
251.9499465028057 8.337558192406805 0.017602353376099375 0.04354214339027544
261.6403290606104 8.417413275312276 0.017387303855567554 0.043129826626897294
271.3307116184151 8.493813838861453 0.017177002579015284 0.04272553779623536
281.02109417610336 8.566976144015843 0.016971299108874207 0.04232904227060394
290.71147673390806 8.6370980265569 0.016770049185231832 0.041940114510945856
300.40185929171275 8.70436093127162 0.016573114415542288 0.041558537630177965
310.09224184951745 8.768931667736547 0.01638036198268117 0.04118410298145804
319.78262440732215 8.830963933129274 0.016191664370132954 0.0408166097697935
329.47300696512684 8.89059963894553 0.01600689910314302 0.0404558646854353
339.16338952293154 8.947970071745875 0.01582594850477116 0.040101681557647526
348.85377208073623 9.003196912702244 0.015648699465860977 0.039753881027542404
358.54415463854093 9.056393136434766 0.015475043228013522 0.039412290238765996
368.2345371963456 9.108198033166241 0.015304875178720225 0.039076742544907235
377.9249197541503 9.179577186955916 0.015138094657872582 0.038747077232584325
387.615302311955 9.24733884674236 0.014974604774922386 0.038423139259235795
397.3056848697597 9.311739163831474 0.01481431223601897 0.038104779004712784
406.9960674275644 9.373010493339052 0.014657127180497708 0.03779185203583146
416.6864499853691 9.431364166262021 0.01450296302613812 0.03748421888310283
426.3768325431738 9.486992871094582 0.014351736322651359 0.03718174482891082
436.0672151009785 9.540072709512799 0.014203366612893452 0.036884299706458894
445.7575976587832 9.590764978446373 0.014057776301336379 0.03659175770885144
455.4479802165879 9.639217721241897 0.013914890529360182 0.036303997207718125
465.1383627742762 9.685567082990232 0.013774637056961468 0.03602090058083236
474.82874533208087 9.729938498994462 0.01363694615048843 0.03574235404818755
484.51912788988557 9.772447740435078 0.013501750476073751 0.035468247516098936
494.20951044769026 9.81320183733441 0.013368984998400883 0.0351984744288124
503.89989300549496 9.852299895666086 0.013238586884520237 0.03493293162724839
513.5902755632997 9.889833822816724 0.013110495412416292 0.034671519214464944
523.2806581211044 9.925888973421003 0.012984651884057025 0.034414140427472886
532.971040678909 9.960544725786788 0.01286099954267306 0.03416070151505539
542.6614232367137 9.993874997626625 0.012739483494029738 0.033911111621266206
552.3518057945184 10.02594870855935 0.012620050631470215 0.03366528267430066
562.0421883523231 10.056830195795303 0.012502649564522012 0.033423129280452414
571.7325709101278 10.086579588534782 0.012387230550871759 0.033184568622886046
581.4229534679325 10.115253145862239 0.012273745431525507 0.032949520364972305
591.1133360257372 10.142903562285376 0.012162147568982774 0.03271790655794736
600.8037185835419 10.169580244529019 0.012052391788263124 0.03248965155267209
610.4941011413466 10.195329562733447 0.011944434320633792 0.03226468191528034
620.1844836991513 10.220195078812353 0.011838232749896052 0.03204292634651747
629.874866256956 10.244217754386936 0.011733745961096137 0.03182431560458189
639.5652488147607 10.267436140420513 0.011630934091534904 0.03160878243129359
649.255631372449 10.289886550425548 0.011529758483958935 0.03139626148142554
658.9460139302537 10.311603218898194 0.011430181641813666 0.03118668925502588
668.6363964880584 10.332618446439833 0.011332167186472055 0.03098000403262149
678.3267790458631 10.352962732869235 0.011235679816314893 0.030776145813111593
688.0171616036678 10.372664899474916 0.011140685267587552 0.0305750562542582
697.7075441614725 10.391752201436768 0.011047150276937936 0.030376678615633267
707.3979267192772 10.4102504313332 0.010955042545553012 0.03018095770390706
717.0883092770819 10.428184014553025 0.010864330704815994 0.029987839820366624
726.7786918348866 10.445576097345436 0.010774984283409303 0.029797272710558702
736.4690743926913 10.462448628165847 0.010686973675793658 0.029609205515957398
746.159456950496 10.478822432908386 0.010600270111996749 0.029423588727562313
755.8498395083006 10.494717284556595 0.010514845628648808 0.029240374141337514
765.5402220661053 10.510151967731263 0.010430673041205834 0.02905951481540665
775.23060462391 10.5251443385676 0.010347725917304382 0.028880965028924167
784.9209871817147 10.539711380312287 0.010265978551194778 0.028704680242546125
794.6113697395194 10.553869254993835 0.010185405939202424 0.028530617060428733
804.3017522973241 10.56763335148648 0.010105983756169567 0.028358733193685953
813.9921348551288 10.581018330258205 0.01002768833283247 0.028188987425241226
823.6825174129335 10.594038165066832 0.009950496634091035 0.02802133957601163
833.3728999707382 10.606706181844316 0.00987438623813037 0.027855750472365753
843.0632825284265 10.619035094987723 0.009799335316356765 0.027692181914801734
852.7536650862312 10.631037041257166 0.009725322614106014 0.027530596647780656
862.4440476440359 10.642723611460433 0.009652327432103043 0.027370958330694556
872.1344302018406 10.654105880093576 0.009580329608621728 0.027213231509881725
881.8248127596453 10.66519443308731 0.00950930950232734 0.02705738159167354
891.51519531745 10.675999393799444 0.009439247975766405 0.026903374816417636
901.2055778752547 10.686530447380848 0.009370126379476585 0.02675117823343803
910.8959604330594 10.696796863632144 0.009301926536689825 0.026600759676893234
920.5863429908641 10.706807518458678 0.009234630728603128 0.026452087742494745
930.2767255486688 10.716570914022755 0.00916822168019281 0.026305131765050487
939.9671081064735 10.72609519768412 0.009102682546548887 0.026159861796799154
949.6574906642782 10.73538817981255 0.009037996899707922 0.0260162485865032
959.3478732220829 10.744457350549794 0.008974148715962965 0.025874263559269618
969.0382557798875 10.753309895592226 0.00891112236363104 0.025733878797069044
978.7286383376922 10.76195271105998 0.008848902591258886 0.025595067019925265
988.4190208954969 10.77039241751343 0.00878747451624889 0.02545780156774811
998.1094034533016 10.778635373173287 0.008726823613888062 0.02532205638278448
