-1007.7997860109899 11.307483656493439 -0.0008111422864294631 0.0
-998.1094034531852 11.307483656493439 -0.000806189387086722 0.0
-988.4190208953805 11.307483656493439 -0.0008012968126252041 0.0
-978.7286383375758 11.307483656493439 -0.0007964634636222144 0.0
-969.0382557797711 11.307483656493439 -0.0007916882673139495 0.0
-959.3478732219664 11.307483656493439 -0.0007869701767888862 0.0
-949.6574906641617 11.307483656493439 -0.0007823081702104138 0.0
-939.967108106357 11.307483656493439 -0.000777701250067486 0.0
-930.2767255486688 11.307483656493439 -0.0007731484424521562 0.0
-920.5863429908641 11.307483656493439 -0.0007686487963625577 0.0
-910.8959604330594 11.307483656493439 -0.0007642013830310804 0.0
-901.2055778752547 11.307483656493439 -0.0007598052952756294 0.0
-891.51519531745 11.307483656493439 -0.0007554596468738233 0.0
-881.8248127596453 11.307483656493439 -0.00075116357195888 0.0
-872.1344302018406 11.307483656493439 -0.0007469162244363597 0.0
-862.4440476440359 11.307483656493439 -0.0007427167774209328 0.0
-852.7536650862312 11.307483656493439 -0.000738564422692366 0.0
-843.0632825284265 11.307483656493439 -0.0007344583701699659 0.0
-833.3728999706218 11.307483656493439 -0.000730397847404749 0.0
-823.6825174128171 11.307483656493439 -0.0007263820990886426 0.0
-813.9921348550124 11.307483656493439 -0.0007224103865800487 0.0
-804.3017522972077 11.307483656493439 -0.0007184819874451394 0.0
-794.611369739403 11.307483656493439 -0.0007145961950142716 0.0
-784.9209871815983 11.307483656493439 -0.000710752317952945 0.0
-775.2306046237936 11.307483656493439 -0.0007069496798467431 0.0
-765.5402220659889 11.307483656493439 -0.0007031876187997306 0.0
-755.8498395081842 11.307483656493439 -0.0006994654870457982 0.0
-746.159456950496 11.307483656493439 -0.0006957826505725091 0.0
-736.4690743926913 11.307483656493439 -0.0006921384887567226 0.0
-726.7786918348866 11.307483656493439 -0.0006885323940122087 0.0
-717.0883092770819 11.307483656493439 -0.0006849637714479419 0.0
-707.3979267192772 11.307483656493439 -0.0006814320385373332 0.0
-697.7075441614725 11.307483656493439 -0.00067793662479774 0.0
-688.0171616036678 11.307483656493439 -0.0006744769714799222 0.0
-678.3267790458631 11.307483656493439 -0.0006710525312670898 0.0
-668.6363964880584 11.307483656493439 -0.0006676627679831913 0.0
-658.9460139302537 11.307483656493439 -0.0006643071563101172 0.0
-649.255631372449 11.307483656493439 -0.000671023074957282 0.0
-639.5652488146443 11.307483656493439 -0.0006675973696857815 0.0
-629.8748662568396 11.307483656493439 -0.0006642079844657616 0.0
-620.1844836990349 11.307483656493439 -0.0006608542881422482 0.0
-610.4941011412302 11.307483656493439 -0.0006575356668088338 0.0
-600.8037185834255 11.307483656493439 -0.0006542515230755342 0.0
-591.1133360256208 11.307483656493439 -0.000651001275381623 0.0
-581.4229534678161 11.307483656493439 -0.0006477843573498474 0.0
-571.7325709100114 11.307483656493439 -0.0006446002171787775 0.0
-562.0421883523231 11.307483656493439 -0.0006414483170703806 0.0
-552.3518057945184 11.307483656493439 -0.0006383281326899224 0.0
-542.6614232367137 11.307483656493439 -0.0006352391526563406 0.0
-532.971040678909 11.307483656493439 -0.0006321808780601166 0.0
-523.2806581211044 11.307483656493439 -0.0006291528220072111 0.0
-513.5902755632997 11.307483656493439 -0.0006261545091869946 0.0
-503.89989300549496 11.307483656493439 -0.0006231854754625338 0.0
-494.20951044769026 11.307483656493439 -0.000620245267481701 0.0
-484.51912788988557 11.307483656493439 -0.0006173334423077014 0.0
-474.82874533208087 11.307483656493439 -0.0006144495670677216 0.0
-465.1383627742762 11.307483656493439 -0.0006115932186185265 0.0
-455.4479802164715 11.307483656493439 -0.0006087639832279021 0.0
-445.7575976586668 11.307483656493439 -0.0006059614562709514 0.0
-436.0672151008621 11.307483656493439 -0.0006031852419403125 0.0
-426.3768325430574 11.307483656493439 -0.0006004349529694489 0.0
-416.6864499852527 11.307483656493439 -0.0005977102103682194 0.0
-406.996067427448 11.307483656493439 -0.0005950106431700034 0.0
-397.3056848696433 11.307483656493439 -0.0005923358881897008 0.0
-387.6153023118386 11.307483656493439 -0.0005896855897919827 0.0
-377.9249197541503 11.307483656493439 -0.0005870593996692435 0.0
-368.2345371963456 11.307483656493439 -0.0005844569766285231 0.0
-358.54415463854093 11.307483656493439 -0.0005818779863873714 0.0
-348.85377208073623 11.307483656493439 -0.0005793221013775556 0.0
-339.16338952293154 11.307483656493439 -0.0005767890005566486 0.0
-329.47300696512684 11.307483656493439 -0.0005742783692269018 0.0
-319.78262440732215 11.307483656493439 -0.0013669695643222317 0.00014458253390580485
-310.09224184951745 11.307483656493439 -0.0013536479823815252 0.00014260884275357853
-300.40185929171275 11.307483656493437 -0.0013406403326957817 0.0001406883114963061
-290.71147673390806 11.307483656493437 -0.0013279346690593685 0.00013881882094042
-281.02109417610336 11.307483656493437 -0.0013155196621845431 0.00013699836305602767
-271.33071161829866 11.307483656493435 -0.0013033845599879404 0.00013522503378231385
-261.64032906049397 11.307483656493435 -0.001347227582839786 0.00013349702638455535
-251.94994650268927 11.307483656493433 -0.0013348656806384045 0.00013181262531406076
-242.25956394488458 11.30748365649343 -0.0013227748066787792 0.00013017020052713806
-232.56918138707988 11.307483656493428 -0.0013109453735614487 0.00012856820222357027
-222.87879882927518 11.307483656493424 -0.0012993682550850008 0.00012700515596887705
-213.1884162714705 11.30748365649342 -0.0012880347585337052 0.00012547965816811632
-203.4980337136658 11.307483656493412 -0.0012769365989478791 0.00012399037186199696
-193.8076511558611 11.307483656493403 -0.0012660658752131522 0.0001225360228188561
-184.1172685981728 11.307483656493392 -0.001300542592192582 0.00012111539589849691
-174.42688604036812 11.307483656493378 -0.0013322842958559315 0.00012061854181252244
-164.73650348256342 11.307483656493359 -0.0013208757569817128 0.00011924978233637524
-155.04612092475872 11.307483656493336 -0.0013096977383801466 0.00011791174826831022
-145.35573836695403 11.307483656493304 -0.0012987427226124656 0.00011660341617023332
-135.66535580914933 11.307483656493265 -0.0014143819175081078 0.00011532380757611261
-125.97497325134464 11.307483656493213 -0.001402128492505346 0.0001140719865474686
-116.28459069353994 11.30748365649315 -0.0013901238132555903 0.00011284705738669274
-106.59420813573524 11.30748365649307 -0.0014007643975226319 0.00011164816249640609
-96.90382557793055 11.307483656492966 -0.001388930650369037 0.00011047448037410004
-87.21344302012585 11.307483656492838 -0.0013773303872516734 0.00010932522373218053
-77.52306046232115 11.307483656492677 -0.0013659561902251297 0.0001081996377343482
-67.83267790451646 11.307483656492478 -0.001354800964183896 0.00010709699834000408
-58.14229534671176 11.307483656492227 -0.001343857919137994 0.00010601661074903339
-48.451912788907066 11.30748365649192 -0.001333120553659193 0.00010495780793993623
-38.76153023110237 11.307483656491538 -0.0013225826394076406 0.00010391994929482423
-29.071147673297673 11.307483656491069 -0.001312238206656631 0.00010290241930532677
-19.380765115492977 11.307483656490493 -0.0013020815307404172 0.00010190462635389311
-9.690382557688281 11.307483656489788 -0.001292107119356398 0.00010092600156542497
0.0 11.307483656488929 -0.0012823097006589717 9.996599772454603e-05
9.690382557804696 3.4569500701355276 0.01954502584095164 0.07260757161378285
19.380765115609393 4.1043379754146585 0.01927354469227836 0.0716281285125478
29.07114767341409 4.5898842582659265 0.019009382867155842 0.0706747614907975
38.761530231218785 4.9869107038818195 0.018752249919187402 0.06974644279026353
48.45191278902348 5.325695559068287 0.01850187053273905 0.06884219796594673
58.14229534682818 5.622316086443647 0.018257983551533918 0.06796110247331406
67.83267790463287 5.886555992062759 0.018020341081078875 0.06710227851434959
77.52306046243757 6.1249108459428285 0.01778870765846159 0.0662648921198399
87.21344302024227 6.341963566900008 0.017562859483694508 0.0654481504475039
96.90382557804696 6.541096352414299 0.017342583707350163 0.06465129927756595
106.59420813585166 6.724893228124969 0.017127677769738878 0.06387362068913993
116.28459069365636 6.895383430661738 0.016917948787332104 0.06311443090237673
125.97497325146105 7.0541965141755085 0.01630732090080215 0.06243042537931609
135.66535580926575 7.202665497990565 0.016112917982382843 0.06170550934869669
145.35573836707044 7.341897916986895 0.015923018064464077 0.06099723714663944
155.04612092487514 7.4728262322069945 0.015737467515749618 0.06030504201369763
164.73650348267984 7.596244511816977 0.01555611959119764 0.05962838263641967
174.42688604048453 7.712835710125278 0.015378834051368667 0.058966741735019576
184.1172685981728 7.823192344257619 0.015165128837632822 0.05831962474409533
193.8076511559775 7.927832431262148 0.01499611718275358 0.05768655857927505
203.4980337137822 8.027211956044649 0.014830768227119866 0.05706709048344196
213.1884162715869 8.121734755742272 0.014668964993352579 0.05646078694646665
222.8787988293916 8.211760449983895 0.014510595415100058 0.05586723269314603
232.5691813871963 8.297610872362709 0.014355552082630365 0.055286029734335405
242.259563945001 8.379575337708415 0.014182618020705228 0.054716796476723825
251.9499465028057 8.45791499457857 0.014034208499744301 0.054159166887067504
261.6403290606104 8.532866451343622 0.013888820968844546 0.053612789707033495
271.3307116184151 8.604644819847792 0.013746364699778187 0.05307732771511374
281.0210941762198 8.673446287913535 0.013562623145571872 0.052552457032349495
290.7114767340245 8.739450307552787 0.013426371805640777 0.052037866468862055
300.40185929182917 8.802821467335496 0.013292784228171853 0.051533256908418625
310.09224184963387 8.863711103328649 0.013161783646677954 0.0510383407284749
319.78262440743856 8.922258692212262 0.013033296202940883 0.050552841253331454
329.47300696524326 8.978593061784045 0.01290725081109375 0.050076492238218556
339.16338952304795 9.032833447487594 0.012783579029226244 0.04960903738228763
348.85377208085265 9.08509041840563 0.01266221493803351 0.049150229868637145
358.54415463865735 9.135466692028263 0.012543095026063876 0.04869983192963816
368.2345371963456 9.184057853795936 0.01242615808115372 0.048257614435955914
377.9249197541503 9.241215373664124 0.012311345087656977 0.04782335650774286
387.615302311955 9.305640606991938 0.012198599129133136 0.04739684514669625
397.3056848697597 9.366947217039154 0.012087865296133456 0.04697787488758587
406.9960674275644 9.425346297984579 0.006377978996065167 0.046566247468133676
416.6864499853691 9.481030086176641 0.0063473327157751325 0.04616177151609891
426.3768325431738 9.534174090575323 0.00631649844373641 0.04576426225253588
436.0672151009785 9.5849389298938 0.006285509804672417 0.04537354121025788
445.7575976587832 9.633471924067177 0.0062543977821365 0.04498943596660561
455.4479802165879 9.679908478799259 0.006223190925646159 0.04461177988967913
465.1383627743926 9.724373294919571 0.0061919155401722464 0.04424041189724894
474.8287453321973 9.766981428692574 0.006160595859639898 0.04387517622761269
484.519127890002 9.807839224738169 0.006129254205927033 0.04351592222171312
494.2095104478067 9.84704513960448 0.0060979111346941865 0.04316250411587629
503.8998930056114 9.88469047109616 0.006066585569244281 0.042814780844571375
513.5902755634161 9.920860006062401 0.006035294923491448 0.04247261585263098
523.2806581212208 9.955632597379175 0.006004055215010641 0.04213587691640686
532.9710406790255 9.989081679234692 0.005972881169044805 0.04180443597336885
542.6614232368302 10.021275728479088 0.005941786314261287 0.0414781689596855
552.3518057946349 10.052278678676373 0.005910783070973003 0.041156955655353836
562.0421883523231 10.082150292556632 0.00587988283247236 0.04084067953647542
571.7325709101278 10.110946497779373 0.005849096040062132 0.04052922763427503
581.4229534679325 10.138719690245365 0.005818432252320853 0.04022249040056017
591.1133360257372 10.16551900864272 0.005787900209077918 0.03992036157920888
600.8037185835419 10.191390583421072 0.005757507890542437 0.03962273808342601
610.4941011413466 10.216377762986323 0.00572726257198251 0.0393295198784475
620.1844836991513 10.240521319556139 0.005697170874318083 0.03904060986941582
629.874866256956 10.263859636816337 0.005667238810958021 0.038755913794162454
639.5652488147607 10.286428881259756 0.005637471831182744 0.03847534012064891
649.2556313725654 10.308263158865875 0.005607874860347677 0.03819879994883181
658.9460139303701 10.329394658586079 0.005578452337158269 0.037926206916730605
668.6363964881748 10.349853783931483 0.005118326672551599 0.037657477110489966
678.3267790459795 10.369669273814168 0.004104668533224118 0.03739252897823969
688.0171616037842 10.388868313664933 0.004094983586107464 0.037131283247566364
697.7075441615889 10.407476637739157 0.004084973148247833 0.036873662846421525
707.3979267193936 10.425518623424438 0.0040266323374973725 0.036621754875409564
717.0883092771983 10.44301737827767 0.004016690657731693 0.03637113296142267
726.778691835003 10.459994820443429 0.004006470396566244 0.03612391840806431
736.4690743928077 10.47647175303871 0.003995991207580022 0.035880042185669064
746.159456950496 10.492467933029706 0.003985271586810598 0.03563943711716241
755.8498395083006 10.508002135075264 0.003947886587899918 0.03540295889668137
765.5402220661053 10.523092210761156 0.003937094967929528 0.035168689250979865
775.23060462391 10.537755143614605 0.0038768980447461136 0.03493951698595948
784.9209871817147 10.552007100244968 0.003866387466560423 0.034711320534216696
794.6113697395194 10.56586347792762 0.003855687308886884 0.034486086101195225
804.3017522973241 10.579338948917338 0.0038448115536811136 0.03426375636964406
813.9921348551288 10.592447501751394 0.0038337733916547156 0.03404427549249911
823.6825174129335 10.60520247977894 0.0038225852702622473 0.033827589045996906
833.3728999707382 10.617616617132063 0.0038112589384185444 0.03361364398457497
843.0632825285429 10.629702072334918 0.0037877251069415438 0.03340324204162914
852.7536650863476 10.641470459730087 0.003776320025056725 0.033194614253491045
862.4440476441523 10.652932878885911 0.0037621615788272513 0.03298864672704278
872.134430201957 10.664099942134529 0.0037505796718333827 0.032785150834419456
881.8248127597617 10.67498180037777 0.003667670199466548 0.03258782821811556
891.5151953175664 10.685588167286557 0.0036568722018324 0.03238922834586426
901.2055778753711 10.695928342009145 0.0036299193817395507 0.032193485536210695
910.8959604331758 10.706011230494145 0.0036191412148266597 0.03199964972079983
920.5863429909805 10.715845365525643 0.0036082713883574024 0.031808134902040285
930.2767255486688 10.725438925559965 0.003597317861015231 0.031618899613652475
939.9671081064735 10.734799752447248 0.003586288161978766 0.03143190337250605
949.6574906642782 10.743935368112213 0.003575189415174038 0.031247106649594947
959.3478732220829 10.7528529902666 0.0035640283619935466 0.031064470842017876
969.0382557798875 10.761559547216399 0.0035528113825934217 0.03088395824595605
978.7286383376922 10.770061691824399 0.003541544515868799 0.030705532030593338
988.4190208954969 10.778365814683458 0.003530233478200035 0.030529156212943057
998.1094034533016 10.786478056551676 0.003518883681055252 0.030354795633543992
