-251.9499465028057 9.977538083990336 0.0 0.0
-242.259563945001 9.977538083990336 0.0 0.0
-232.5691813871963 9.977538083990336 0.0 0.0
-222.8787988293916 9.977538083990336 0.0 0.0
-213.1884162715869 9.977538083990336 0.0 0.0
-203.4980337137822 9.977538083990336 0.0 0.0
-193.8076511559775 9.977538083990336 0.0 0.0
-184.1172685981728 9.977538083990336 0.0 0.0
-174.42688604036812 9.977538083990336 0.0 0.0
-164.73650348256342 9.977538083990336 0.0 0.0
-155.04612092487514 9.977538083990336 0.0 0.0
-145.35573836707044 9.977538083990336 0.0 0.0
-135.66535580926575 9.977538083990336 0.0 0.0
-125.97497325146105 9.977538083990336 0.0 0.0
-116.28459069365636 9.977538083990336 0.0 0.0
-106.59420813585166 9.977538083990336 0.0 0.0
-96.90382557804696 9.977538083990336 0.0 0.0
-87.21344302024227 9.977538083990336 0.0 0.0
-77.52306046243757 9.977538083990336 0.0 0.0
-67.83267790463287 9.977538083990336 0.0 0.0
-58.14229534682818 9.977538083990336 0.0 0.0
-48.45191278902348 9.977538083990336 0.0 0.0
-38.761530231218785 9.977538083990336 0.0 0.0
-29.07114767341409 9.977538083990336 0.0 0.0
-19.380765115609393 9.977538083990336 0.0 0.0
-9.690382557804696 9.977538083990336 0.0 0.0
0.0 9.977538083990336 0.0 0.0
9.690382557804696 7.094917658252373 -0.027318867096141498 0.03646365499453652
19.380765115609393 7.233877296893094 -0.0266216070856747 0.035532992373217956
29.071147673297673 7.336619949112154 -0.025959053622651444 0.034648654058378844
38.76153023110237 7.420388208490043 -0.025328678323253903 0.033807265308493394
48.451912788907066 7.492004481165847 -0.024728192572763607 0.033005771412060694
58.14229534671176 7.554998722256783 -0.024155519761827886 0.03224140063016758
67.83267790451646 7.611477235491936 -0.023608771293274253 0.03151163217176226
77.52306046232115 7.662815586411733 -0.02308622577524141 0.03081416842184044
87.21344302012585 7.7099703089542855 -0.02258631091765296 0.030146910777897995
96.90382557793055 7.753638092545748 -0.02210758773094684 0.029507938559302498
106.59420813573524 7.794344793936644 -0.02164873669257166 0.028895490543126876
116.28459069353994 7.8324987340434005 -0.021208545601170855 0.028307948752611906
125.97497325134464 7.868424368266887 -0.02078589888302743 0.027743824184022763
135.66535580914933 7.902384498015502 -0.020379768152141705 0.027201744206782875
145.35573836695403 7.934595455193151 -0.019989203855766958 0.026680441412414647
155.04612092475872 7.965237798311112 -0.019613327862526578 0.026178743721583915
164.73650348256342 7.994464041605513 -0.019251326871333026 0.025695565586703408
174.42688604036812 8.022404364414678 -0.018902446536984207 0.025229900151116195
184.1172685981728 8.049170910261973 -0.018565986223140072 0.02478081224567012
193.8076511559775 8.074861079071157 -0.018241294305875833 0.024347432120170327
203.4980337137822 8.099560086313629 -0.021904869249566198 0.025147854729433837
213.1884162715869 8.123342979055964 -0.021498357549068522 0.0247117706889232
222.87879882927518 8.146276243328176 -0.021107171464193476 0.02429073574429886
232.56918138707988 8.168419099620793 -0.020961345675150622 0.023907130749686104
242.25956394488458 8.189824557341005 -0.020592229757631492 0.02351331060811409
251.94994650268927 8.210540280816048 -0.02023629224603539 0.02313239138542116
261.64032906049397 8.230609306389198 -0.019892814922920152 0.02276374043476241
271.33071161829866 8.250070640716034 -0.01956113276582261 0.02240676656611977
281.02109417610336 8.268959763432283 -0.019240628933284407 0.02206091662805705
290.71147673390806 8.287309052209814 -0.020133022242950886 0.021936995897620562
300.40185929171275 8.305148144341208 -0.019802381177681235 0.021606455282116892
310.09224184951745 8.322504246048654 -0.01948285509058791 0.021285848773532564
319.78262440732215 8.339402398453158 -0.019173867495659632 0.020974727656397126
329.47300696512684 8.355865707390818 -0.018874882985017556 0.020672670444341866
339.16338952293154 8.371915542896902 -0.018585403466324434 0.020379280786125865
348.85377208073623 8.387571713103453 -0.018481671250064956 0.02010840737551262
358.54415463854093 8.402852616443758 -0.018205259251214696 0.019830886301490772
368.2345371963456 8.417775375376406 -0.0185139387436595 0.019633508012187904
377.9249197541503 8.432355954294787 -0.018239333870353806 0.019369087888451073
387.615302311955 8.446609263845373 -0.01806251532604479 0.019116401119390714
397.3056848697597 8.460549253518554 -0.01791304297077754 0.018873404956294377
406.996067427448 8.474188994081082 -0.01765743987564321 0.018629159311603374
416.6864499852527 8.487540751178555 -0.01740935744620343 0.01839122149830099
426.3768325430574 8.500616051232834 -0.017318805969118934 0.018168202276055683
436.0672151008621 8.513425740599088 -0.017080917141887628 0.017941932300473404
445.7575976586668 8.525980038802897 -0.016849769204560414 0.01772128416015031
455.4479802164715 8.538288586565365 -0.016625064086081037 0.01750604800215167
465.1383627742762 8.56039608919494 -0.0164065220953182 0.01729602449290537
474.82874533208087 8.582995166537904 -0.01619388043886132 0.01709102414962822
484.51912788988557 8.604806800785108 -0.015986891888167466 0.01689086672390645
494.20951044769026 8.625882213104825 -0.015785323577929077 0.016695380632533865
503.89989300549496 8.646267804597336 -0.015588955920104694 0.016504402431256508
513.5902755632997 8.666005742569517 -0.015397581620211749 0.016317776327547676
523.2806581211044 8.685134459028125 -0.01521100478429563 0.016135353728950787
532.971040678909 8.703689076936055 -0.015029040106523924 0.01595699282389004
542.6614232367137 8.721701776625947 -0.014851512128657584 0.015782558192166885
552.3518057945184 8.739202112329092 -0.01467825456376013 0.015611920442640315
562.0421883523231 8.75621728687682 -0.014509109677455313 0.015444955875836436
571.7325709101278 8.77277239113706 -0.014343927720857574 0.015281546169451729
581.4229534679325 8.788890613564911 -0.014182566410000904 0.015121578084908641
591.1133360256208 8.804593424301569 -0.014024890447198683 0.014964943193297005
600.8037185834255 8.819900737498909 -0.01387077108027864 0.014811537619175861
610.4941011412302 8.834831054930653 -0.013720085696131996 0.014661261800887181
620.1844836990349 8.849401593459751 -0.013572717445346825 0.014514020266090758
629.8748662568396 8.86362839851824 -0.013556795876978093 0.014369721421405909
639.5652488146443 8.877526445425781 -0.013412451880060353 0.014228277355105378
649.255631372449 8.891109730095804 -0.013271269385272974 0.014089603651909725
658.9460139302537 8.904391350449753 -0.013133139422168929 0.013953619219008956
668.6363964880584 8.917383579669178 -0.013212851305725986 0.01382024612251149
678.3267790458631 8.930097932256094 -0.013075003858275395 0.013689409433585955
688.0171616036678 8.94254522373788 -0.012940189153906408 0.01356103708362147
697.7075441614725 8.954735624740065 -0.01280829749692877 0.013435059727785978
707.3979267192772 8.96667871005459 -0.012679225227067464 0.01331141061641149
717.0883092770819 8.97838350324986 -0.013098833146774782 0.013190025473679944
726.7786918348866 8.989858517299528 -0.012960909629722068 0.013070842383124023
736.4690743926913 9.001111791647588 -0.012826246201274573 0.012953801679494503
746.159456950496 9.01215092607652 -0.012694705615925284 0.012838845846579816
755.8498395083006 9.022983111701317 -0.01256615986899019 0.012725919420594117
765.5402220661053 9.033615159374328 -0.01244048930799673 0.012614968898779142
775.2306046237936 9.044053525753053 -0.01231758185401858 0.01250594265289184
784.9209871815983 9.054304337255264 -0.012197332316672598 0.012398790847264928
794.611369739403 9.064373412098501 -0.012079641789282234 0.01229346536117657
804.3017522972077 9.074266280603688 -0.011964417112897318 0.012189919715239856
813.9921348550124 9.083988203919189 -0.01185157039973588 0.012088109001587034
823.6825174128171 9.093544191307808 -0.011741018608077185 0.011987989817612933
833.3728999706218 9.102939016123404 -0.011632683161875953 0.011889520203066868
843.0632825284265 9.112177230591405 -0.011526489609383638 0.011792659580295605
852.7536650862312 9.121263179495722 -0.011422367315908 0.011697368697453013
862.4440476440359 9.13020101286474 -0.011320249186546429 0.011603609574504743
872.1344302018406 9.13899469773991 -0.011220071415319183 0.011511345451867326
881.8248127596453 9.14764802910264 -0.011121773257624106 0.011420540741531905
891.51519531745 9.156164640027953 -0.01102529682335319 0.011331160980532301
901.2055778752547 9.164548011127101 -0.01093058688836537 0.011243172786626433
910.8959604330594 9.172801479335678 -0.010837590722310943 0.011156543816068294
920.5863429908641 9.180928246098585 -0.010746257931059515 0.011071242723355542
930.2767255486688 9.188931384998757 -0.01065654031220258 0.01098723912284506
939.9671081064735 9.19681384887237 -0.010568391722290148 0.01090450355213538
949.6574906642782 9.204578476449576 -0.010481767954622394 0.010823007437121276
959.3478732219664 9.21222799855643 -0.010396626626558214 0.01074272305863251
969.0382557797711 9.219765043911213 -0.010312927075415984 0.010663623520567423
978.7286383375758 9.227192144543759 -0.010230630262168229 0.010585682719457283
988.4190208953805 9.234511740867188 -0.01014969868218715 0.010508875315368314
998.1094034531852 9.241726186425836 -0.0100700962824133 0.01043317670408642
