-872.1344302018406 8.981855752170848 0.0 0.0
-862.4440476440359 8.981855752170848 0.0 0.0
-852.7536650862312 8.981855752170848 0.0 0.0
-843.0632825284265 8.981855752170848 0.0 0.0
-833.3728999706218 8.981855752170848 0.0 0.0
-823.6825174128171 8.981855752170848 0.0 0.0
-813.9921348550124 8.981855752170848 0.0 0.0
-804.3017522972077 8.981855752170848 0.0 0.0
-794.611369739403 8.981855752170848 0.0 0.0
-784.9209871815983 8.981855752170848 0.0 0.0
-775.23060462391 8.981855752170848 0.0 0.0
-765.5402220661053 8.981855752170848 0.0 0.0
-755.8498395083006 8.981855752170848 0.0 0.0
-746.159456950496 8.981855752170848 0.0 0.0
-736.4690743926913 8.981855752170848 0.0 0.0
-726.7786918348866 8.981855752170848 0.0 0.0
-717.0883092770819 8.981855752170848 0.0 0.0
-707.3979267192772 8.981855752170848 0.0 0.0
-697.7075441614725 8.981855752170848 0.0 0.0
-688.0171616036678 8.981855752170848 0.0 0.0
-678.3267790458631 8.981855752170848 0.0 0.0
-668.6363964880584 8.981855752170848 0.0 0.0
-658.9460139302537 8.981855752170848 0.0 0.0
-649.255631372449 8.981855752170848 0.0 0.0
-639.5652488146443 8.981855752170848 0.0 0.0
-629.8748662568396 8.981855752170848 0.0 0.0
-620.1844836990349 8.981855752170848 0.0 0.0
-610.4941011412302 8.981855752170848 -0.0001995772455325202 1.524170828175837e-05
-600.8037185834255 8.981855752170848 -0.00019810917669662773 1.5129591908599402e-05
-591.1133360257372 8.981855752170848 -0.00019666254806306402 1.5019112923051348e-05
-581.4229534679325 8.981855752170848 -0.00019523689335604967 1.4910235715648746e-05
-571.7325709101278 8.981855752170848 -0.00019383175972313474 1.480292570206097e-05
-562.0421883523231 8.981855752170848 -0.0001924467072555392 1.4697149286470052e-05
-552.3518057945184 8.981855752170848 -0.00019108130852899655 1.4592873826496308e-05
-542.6614232367137 8.981855752170848 -0.00018973514816398974 1.4490067599617993e-05
-532.971040678909 8.981855752170848 -0.0001884078224044447 1.4388699770996952e-05
-523.2806581211044 8.981855752170848 -0.00018709893871398595 1.4288740362640873e-05
-513.5902755632997 8.981855752170848 -0.0001858081153889048 1.4190160223849241e-05
-503.89989300549496 8.981855752170848 -0.0001845349811870386 1.409293100287012e-05
-494.20951044769026 8.981855752170848 -0.00018327917497180398 1.3997025119712268e-05
-484.51912788988557 8.981855752170848 -0.000182040345370666 1.3902415740065736e-05
-474.82874533208087 8.981855752170848 -0.0001808181504473656 1.3809076750268944e-05
-465.1383627742762 8.981855752170848 -0.00017961225738726265 1.371698273327799e-05
-455.4479802164715 8.981855752170848 -0.00017842234219518616 1.362610894559092e-05
-445.7575976586668 8.981855752170848 -0.00017724808940521622 1.353643129508534e-05
-436.0672151008621 8.981855752170848 -0.0001760891918018506 1.3447926319722081e-05
-426.3768325430574 8.981855752170848 -0.00017494535015203936 1.3360571167082402e-05
-416.6864499852527 8.981855752170848 -0.0003708323037253841 2.531663831461476e-05
-406.996067427448 8.981855752170848 -0.00036826008497681684 2.5142421743405956e-05
-397.3056848697597 8.981855752170848 -0.0003657234798639321 2.497059855577355e-05
-387.615302311955 8.981855752170848 -0.00041220616422257833 2.692732896157385e-05
-377.9249197541503 8.981855752170848 -0.00040937645210613034 2.6744427201708023e-05
-368.2345371963456 8.981855752170848 -0.00040658551508273324 2.6564005857904194e-05
-358.54415463854093 8.981855752170848 -0.00040383255789432326 2.638601456721873e-05
-348.85377208073623 8.981855752170848 -0.0004011168069771124 2.6210404327356353e-05
-339.16338952293154 8.981855752170848 -0.0003984375097238242 2.6037127450819235e-05
-329.47300696512684 8.981855752170848 -0.0005255779615811229 3.2782684859954635e-05
-319.78262440732215 8.981855752170848 -0.0005220135700875749 3.2562998198765484e-05
-310.09224184951745 8.981855752170848 -0.0005184974690795431 3.23462541068735e-05
-300.40185929171275 8.981855752170848 -0.0005150286786750769 3.213239351610082e-05
-290.71147673390806 8.981855752170848 -0.0005116062454535344 3.1921358937320263e-05
-281.02109417610336 8.981855752170848 -0.0005082292415643584 3.171309440776725e-05
-271.33071161829866 8.981855752170848 -0.0005523195618273184 3.336911195471644e-05
-261.64032906049397 8.981855752170848 -0.000548680328098311 3.315247053442224e-05
-251.94994650268927 8.981855752170848 -0.0006407922300722129 3.749314060203738e-05
-242.25956394488458 8.981855752170848 -0.0006365446485282457 3.7248601429620224e-05
-232.56918138707988 8.981855752170848 -0.0006686786024885218 3.812965197918291e-05
-222.87879882927518 8.981855752170848 -0.0006993158601558312 3.91511864865884e-05
-213.1884162715869 8.981855752170848 -0.0006947126552908708 3.8898567789557225e-05
-203.4980337137822 8.981855752170848 -0.0006901700903036618 3.8649213488384715e-05
-193.8076511559775 8.981855752170848 -0.0007404706062906067 4.0228607254849495e-05
-184.1172685981728 8.981855752170848 -0.0007356428512755781 3.997216739744149e-05
-174.42688604036812 8.981855752170848 -0.0007308781175922646 3.971900283285777e-05
-164.73650348256342 8.981855752170848 -0.0007261751705221145 3.9469050723192666e-05
-155.04612092475872 8.981855752170848 -0.0007215328076020798 3.922224983955074e-05
-145.35573836695403 8.981855752170848 -0.000716949857571828 3.897854051052377e-05
-135.66535580914933 8.981855752170848 -0.000712425179362149 3.873786457264422e-05
-125.97497325134464 8.981855752170848 -0.0007079576611226768 3.850016532272872e-05
-116.28459069353994 8.981855752170848 -0.0007035462192871481 3.8265387472030915e-05
-106.59420813573524 8.981855752170848 -0.0006991897976745091 3.8033477102118155e-05
-96.90382557793055 8.981855752170848 -0.0006948873666242682 3.780438162240686e-05
-87.21344302012585 8.981855752170848 -0.0006906379221645741 3.7578049729268146e-05
-77.52306046232115 8.981855752170848 -0.0006864404852115799 3.7354431366649074e-05
-67.83267790451646 8.981855752170848 -0.0006822941007987157 3.7133477688144206e-05
-58.14229534671176 8.981855752170848 -0.000678197837334578 3.691514102043968e-05
-48.451912788907066 8.981855752170848 -0.0006741507858881868 3.669937482809473e-05
-38.76153023110237 8.981855752170848 -0.0006701520595004441 3.6486133679581255e-05
-29.07114767341409 8.981855752170848 -0.0006662007925207172 3.627537321455063e-05
-19.380765115609393 8.981855752170848 -0.0006622961399671992 3.6067050112246145e-05
-9.690382557804696 8.981855752170848 -0.0006584372769107472 3.586112206106231e-05
0.0 8.981855752170848 -0.0006546233978802822 3.565754772914538e-05
9.690382557804696 1.4302083255826883 -0.009489883920775922 0.08973618677317642
19.380765115609393 1.8667230332017857 -0.009421094628772334 0.08907571148373379
29.07114767341409 2.1937891302791765 -0.009353298858891997 0.08842488783063208
38.761530231218785 2.464028945606735 -0.009286475185459732 0.08778350578340238
48.45191278902348 2.6976893366813712 -0.013323943574331226 0.08889939151721833
58.14229534682818 2.905158279499333 -0.01322876773410777 0.0882634066210408
67.83267790463287 3.0926244514549603 -0.013134945597376754 0.0876364571020576
77.52306046243757 3.2641365549201025 -0.013042448428080456 0.08701835176471587
87.21344302024227 3.422520182455413 -0.012951248299070465 0.08640890477030072
96.90382557804696 3.5698432273382537 -0.014845595112485666 0.08623915950132965
106.59420813585166 3.7076752037239666 -0.01474223293069312 0.08564330290485073
116.28459069365636 3.8372422200269796 -0.014640304065659575 0.08505562427991713
125.97497325146105 3.959524806093083 -0.014539778843074431 0.08447595640361161
135.66535580926575 4.075322449413484 -0.014440628403644452 0.08390413658156261
145.35573836707044 4.185297742781275 -0.014342824675260728 0.08334000649567072
155.04612092475872 4.290007517662778 -0.014246340346301189 0.08278341205794508
164.73650348256342 4.389925375770288 -0.014151148840008124 0.08223420327012664
174.42688604036812 4.4854583634273535 -0.014057224289907126 0.08169223408892957
184.1172685981728 4.576959553609204 -0.013964541516196492 0.08115736229651298
193.8076511559775 4.664737703672647 -0.013873076003078775 0.08062944937604113
203.4980337137822 4.749064781587107 -0.013782803876984561 0.0801083603920647
213.1884162715869 4.830181910922742 -0.013693701885648706 0.07959396387551122
222.8787988293916 4.908304124171253 -0.01360574737800034 0.07908613171307957
232.5691813871963 4.983624205168621 -0.013518918284829862 0.07858473904084322
242.259563945001 5.056315826245507 -0.013433193100198172 0.07808966414187567
251.9499465028057 5.126536132905077 -0.013348550863555013 0.07760078834772272
261.6403290606104 5.194427891087431 -0.013264971142535026 0.07711799594355336
271.3307116184151 5.367518460071709 -0.013182434016401758 0.07664117407683041
281.0210941762198 5.527426731731051 -0.013100920060111258 0.07617021266934912
290.7114767340245 5.675040905506924 -0.013020410328968338 0.0757050043325
300.40185929182917 5.811839690515035 -0.01294088634384995 0.07524544428561872
310.09224184963387 5.939047848022321 -0.012862330076971386 0.07479143027729254
319.78262440743856 6.057693234023461 -0.01278472393817203 0.07434286250949926
329.47300696524326 6.168648220549472 -0.012708050761698739 0.07389964356446045
339.16338952293154 6.272660459726849 -0.01263229379346686 0.07346167833410155
348.85377208073623 6.370376184275106 -0.01255743667877329 0.07302887395197992
358.54415463854093 6.46235816028306 -0.012483463450456405 0.07260113972765744
368.2345371963456 6.549099730524995 -0.012410358517466415 0.07217838708331507
377.9249197541503 6.6310359483349295 -0.012338106653842664 0.0717605294925951
387.615302311955 6.7085525115545845 -0.01226669298807583 0.07134748242155088
397.3056848697597 6.781993009105683 -0.012196102992840374 0.07093916327162482
406.9960674275644 6.851664856525691 -0.012126322475082232 0.07053549132457317
416.6864499853691 6.917844200889673 -0.012057337566447458 0.0701363876892617
426.3768325431738 6.980780006886809 -0.0119891347140382 0.06974177525025702
436.0672151009785 7.040697485941666 -0.011921700671483087 0.06935157861814463
445.7575976587832 7.097800993535274 -0.011855022490309527 0.06896572408150536
455.4479802165879 7.152276492484797 -0.011789087511606037 0.06858413956048676
465.1383627743926 7.204293659271811 -0.01172388335796343 0.06820675456190739
474.8287453321973 7.254007694748205 -0.011659397925683863 0.06783350013583556
484.519127890002 7.301560888410755 -0.01159561937724749 0.06746430883358633
494.2095104478067 7.347083976000979 -0.011532536134026855 0.06709911466708302
503.8998930056114 7.390697322790588 -0.011470136869239445 0.06673785306953162
513.5902755634161 7.432511959067804 -0.011408410501129533 0.06638046085735921
523.2806581212208 7.472630489685635 -0.011347346186370464 0.06602687619336875
532.971040678909 7.511147895800877 -0.011286933313680025 0.06567703855106986
542.6614232367137 7.548152243923287 -0.011227161497636352 0.0653308886801168
552.3518057945184 7.583725314938041 -0.011168020572698023 0.06498836857287546
562.0421883523231 7.61794316378154 -0.011109500587406156 0.06464942143199527
571.7325709101278 7.6508766187920205 -0.011051591798772761 0.06431399163901144
581.4229534679325 7.682591728409769 -0.010994284666844087 0.06398202472391583
591.1133360257372 7.713150161772534 -0.01093756984943345 0.06365346733566526
600.8037185835419 7.742609568813329 -0.010881438197017278 0.06332826721359415
610.4941011413466 7.771023904681318 -0.010825880747788657 0.06300637315969904
620.1844836991513 7.798443722644846 -0.010770888722862531 0.06268773501176446
629.874866256956 7.824916439076835 -0.010716453521627306 0.062372303617299965
639.5652488147607 7.85048657364892 -0.01066256671723768 0.062060030808260586
649.2556313725654 7.875195967457474 -0.010609220052243505 0.06175086937652256
658.9460139303701 7.899083981460244 -0.010556405434350187 0.061444773050089045
668.6363964881748 7.922187677307267 -0.010504114932305896 0.061141696469999764
678.3267790459795 7.944541982396057 -0.010452340771911072 0.060841595167920946
688.0171616037842 7.966179840762314 -0.010401075332146235 0.06054442554439209
697.7075441615889 7.987132351228271 -0.010350311141413819 0.060250144847707236
707.3979267193936 8.007428894066761 -0.010300040873890234 0.05995871115340914
717.0883092770819 8.027097247296176 -0.010250257345984998 0.05967008334437943
726.7786918348866 8.04616369359885 -0.010200953512899657 0.05938422109148379
736.4690743926913 8.064653118741665 -0.01015212246529215 0.05910108483480524
746.159456950496 8.082589102290854 -0.01010375742603109 0.05882063576537773
755.8498395083006 8.099994001320919 -0.010055851747045978 0.058542835807454285
765.5402220661053 8.11688902774918 -0.010008398906266515 0.05826764760127212
775.23060462391 8.133294319860713 -0.00996139250464862 0.05799503448630144
784.9209871817147 8.149229008531519 -0.009914826263284483 0.05772496048496256
794.6113697395194 8.164711278606791 -0.009868694020593639 0.0574573902867958
804.3017522973241 8.179758425846318 -0.009822989729592644 0.05719228923306964
813.9921348551288 8.19438690980879 -0.009777707455240635 0.056929623301813295
823.6825174129335 8.20861240301132 -0.009732841371858475 0.05666935909325959
833.3728999707382 8.222449836668549 -0.009688385760618963 0.056411463815685646
843.0632825285429 8.235913443287378 -0.009644335007105927 0.0561559052716383
852.7536650863476 8.249016796367911 -0.00960068359894 0.055902651844532476
862.4440476441523 8.261772847438396 -0.009557426123468896 0.05565167248561044
872.134430201957 8.27419396063154 -0.009514557265520246 0.05540293670125088
881.8248127597617 8.286291944991111 -0.009472071805214923 0.05515641454061691
891.5151953175664 8.298078084681288 -0.009429964615839056 0.05491207658363238
901.2055778752547 8.309563167256037 -0.009388230661773326 0.054669893929279276
910.8959604330594 8.32075751013342 -0.009346864996474847 0.05442983818418896
920.5863429908641 8.331670985404536 -0.009305862760517373 0.05419188145156178
930.2767255486688 8.342313043100736 -0.009265219179678227 0.05395599632034703
939.9671081064735 8.352692733027814 -0.009224929563077867 0.053722155854718935
949.6574906642782 8.362818725269824 -0.009184989301367536 0.05349033358382204
959.3478732220829 8.372699329455896 -0.009145393864964019 0.05326050349178116
969.0382557798875 8.382342512876162 -0.0091061388023302 0.05303264000796774
978.7286383376922 8.39175591752601 -0.009067219738299786 0.05280671799751506
988.4190208954969 8.400946876151755 -0.009028632372445142 0.052582712752074864
998.1094034533016 8.4099224273651 -0.009039789955746289 0.05236429175103209
