-1007.7997860109899 9 0 0
-998.1094034531852 9 0 0
-988.4190208953805 9 0 0
-978.7286383375758 9 0 0
-969.0382557797711 9 0 0
-959.3478732219664 9 0 0
-949.6574906641617 9 0 0
-939.967108106357 9 0 0
-930.2767255486688 9 0 0
-920.5863429908641 9 0 0
-910.8959604330594 9 0 0
-901.2055778752547 9 0 0
-891.51519531745 9 0 0
-881.8248127596453 9 0 0
-872.1344302018406 9 0 0
-862.4440476440359 9 0 0
-852.7536650862312 9 0 0
-843.0632825284265 9 0 0
-833.3728999706218 9 0 0
-823.6825174128171 9 0 0
-813.9921348550124 9 0 0
-804.3017522972077 9 0 0
-794.611369739403 9 0 0
-784.9209871815983 9 0 0
-775.2306046237936 9 0 0
-765.5402220659889 9 0 0
-755.8498395081842 9 0 0
-746.159456950496 9 0 0
-736.4690743926913 9 0 0
-726.7786918348866 9 0 0
-717.0883092770819 9 0 0
-707.3979267192772 9 0 0
-697.7075441614725 9 0 0
-688.0171616036678 9 0 0
-678.3267790458631 9 0 0
-668.6363964880584 9 0 0
-658.9460139302537 9 0 0
-649.255631372449 9 0 0
-639.5652488146443 9 0 0
-629.8748662568396 9 0 0
-620.1844836990349 9 0 0
-610.4941011412302 9 0 0
-600.8037185834255 9 0 0
-591.1133360256208 9 0 0
-581.4229534678161 9 0 0
-571.7325709100114 9 0 0
-562.0421883522067 9 0 0
-552.3518057945184 9 0 0
-542.6614232367137 9 0 0
-532.971040678909 9 0 0
-523.2806581211044 9 0 0
-513.5902755632997 9 0 0
-503.89989300549496 9 0 0
-494.20951044769026 9 0 0
-484.51912788988557 9 0 0
-474.82874533208087 9 0 0
-465.1383627742762 9 0 0
-455.4479802164715 9 0 0
-445.7575976586668 9 0 0
-436.0672151008621 9 0 0
-426.3768325430574 9 0 0
-416.6864499852527 9 0 0
-406.996067427448 9 0 0
-397.3056848696433 9 0 0
-387.6153023118386 9 0 0
-377.9249197540339 9 0 0
-368.2345371963456 9 0 0
-358.54415463854093 9 0 0
-348.85377208073623 9 0 0
-339.16338952293154 9 0 0
-329.47300696512684 9 0 0
-319.78262440732215 9 0 0
-310.09224184951745 9 0 0
-300.40185929171275 9 0 0
-290.71147673390806 9 0 0
-281.02109417610336 9 0 0
-271.33071161829866 9 0 0
-261.64032906049397 9 0 0
-251.94994650268927 9 0 0
-242.25956394488458 9 0 0
-232.56918138707988 9 0 0
-222.87879882927518 9 0 0
-213.1884162714705 9 0 0
-203.4980337136658 9 0 0
-193.8076511558611 9 0 0
-184.1172685981728 9 0 0
-174.42688604036812 9 0 0
-164.73650348256342 9 0 0
-155.04612092475872 9 0 0
-145.35573836695403 9 0 0
-135.66535580914933 9 0 0
-125.97497325134464 9 0 0
-116.28459069353994 9 0 0
-106.59420813573524 9 0 0
-96.90382557793055 9 0 0
-87.21344302012585 9 0 0
-77.52306046232115 9 0 0
-67.83267790451646 9 0 0
-58.14229534671176 9 0 0
-48.451912788907066 9 0 0
-38.76153023110237 9 0 0
-29.071147673297673 9 0 0
-19.380765115492977 9 0 0
-9.690382557688281 9 0 0
0.0 9 0 0
9.690382557804696 9 0 0
19.380765115609393 9 0 0
29.07114767341409 9 0 0
38.761530231218785 9 0 0
48.45191278902348 9 0 0
58.14229534682818 9 0 0
67.83267790463287 9 0 0
77.52306046243757 9 0 0
87.21344302024227 9 0 0
96.90382557804696 9 0 0
106.59420813585166 9 0 0
116.28459069365636 9 0 0
125.97497325146105 9 0 0
135.66535580926575 9 0 0
145.35573836707044 9 0 0
155.04612092487514 9 0 0
164.73650348267984 9 0 0
174.42688604048453 9 0 0
184.1172685981728 9 0 0
193.8076511559775 9 0 0
203.4980337137822 9 0 0
213.1884162715869 9 0 0
222.8787988293916 9 0 0
232.5691813871963 9 0 0
242.259563945001 9 0 0
251.9499465028057 9 0 0
261.6403290606104 9 0 0
271.3307116184151 9 0 0
281.0210941762198 9 0 0
290.7114767340245 9 0 0
300.40185929182917 9 0 0
310.09224184963387 9 0 0
319.78262440743856 9 0 0
329.47300696524326 9 0 0
339.16338952304795 9 0 0
348.85377208085265 9 0 0
358.54415463865735 9 0 0
368.2345371963456 9 0 0
377.9249197541503 9 0 0
387.615302311955 9 0 0
397.3056848697597 9 0 0
406.9960674275644 9 0 0
416.6864499853691 9 0 0
426.3768325431738 9 0 0
436.0672151009785 9 0 0
445.7575976587832 9 0 0
455.4479802165879 9 0 0
465.1383627743926 9 0 0
474.8287453321973 9 0 0
484.519127890002 9 0 0
494.2095104478067 9 0 0
503.8998930056114 9 0 0
513.5902755634161 9 0 0
523.2806581212208 9 0 0
532.9710406790255 9 0 0
542.6614232368302 9 0 0
552.3518057946349 9 0 0
562.0421883523231 9 0 0
571.7325709101278 9 0 0
581.4229534679325 9 0 0
591.1133360257372 9 0 0
600.8037185835419 9 0 0
610.4941011413466 9 0 0
620.1844836991513 9 0 0
629.874866256956 9 0 0
639.5652488147607 9 0 0
649.2556313725654 9 0 0
658.9460139303701 9 0 0
668.6363964881748 9 0 0
678.3267790459795 9 0 0
688.0171616037842 9 0 0
697.7075441615889 9 0 0
707.3979267193936 9 0 0
717.0883092771983 9 0 0
726.778691835003 9 0 0
736.4690743928077 9 0 0
746.159456950496 9 0 0
755.8498395083006 9 0 0
765.5402220661053 9 0 0
775.23060462391 9 0 0
784.9209871817147 9 0 0
794.6113697395194 9 0 0
804.3017522973241 9 0 0
813.9921348551288 9 0 0
823.6825174129335 9 0 0
833.3728999707382 9 0 0
843.0632825285429 9 0 0
852.7536650863476 9 0 0
862.4440476441523 9 0 0
872.134430201957 9 0 0
881.8248127597617 9 0 0
891.5151953175664 9 0 0
901.2055778753711 9 0 0
910.8959604331758 9 0 0
920.5863429909805 9 0 0
930.2767255486688 9 0 0
939.9671081064735 9 0 0
949.6574906642782 9 0 0
959.3478732220829 9 0 0
969.0382557798875 9 0 0
978.7286383376922 9 0 0
988.4190208954969 9 0 0
998.1094034533016 9 0 0
