-1007.7997860109899 8.899238716923456 -0.02296577050434764 0.013199060043166094
-998.1094034531852 8.896521131786246 -0.022857750350307803 0.01313379298089512
-988.4190208953805 8.893836681633488 -0.02275074907612282 0.013069168306646867
-978.7286383375758 8.891188520352207 -0.02264475224387706 0.013005176581604216
-969.0382557797711 8.88857954785259 -0.022539745688646144 0.012941808550987395
-959.3478732219664 8.886012415915175 -0.022435715512044093 0.012879055139589788
-949.6574906641617 8.883489535015512 -0.022332648075953365 0.012816907447443163
-939.967108106357 8.881013081955272 -0.022230529996431856 0.012755356745607788
-930.2767255486688 8.87858500814403 -0.022129348137792184 0.012694394472084161
-920.5863429908641 8.876207048390535 -0.022029089606840416 0.012634012227837768
-910.8959604330594 8.87388073007719 -0.021929741747287058 0.012574201772944105
-901.2055778752547 8.871607382604001 -0.02183129213430077 0.012514955022835537
-891.51519531745 8.86938814700208 -0.021733728569218146 0.012456264044657401
-881.8248127596453 8.867223985628177 -0.02163703907439726 0.012398121053725513
-872.1344302018406 8.865115691863133 -0.021541211888211818 0.012340518410082461
-862.4440476440359 8.863063899747345 -0.021446235460181252 0.01228344861514955
-852.7536650862312 8.861069093495905 -0.02135209844623241 0.012226904308471225
-843.0632825284265 8.859131616844635 -0.02125878970408892 0.012170878264549089
-833.3728999706218 8.857251682186181 -0.021166298288784045 0.012115363389762584
-823.6825174128171 8.855429379462343 -0.021074613448293145 0.01206035271937361
-813.9921348550124 8.853664684785247 -0.020983724619282218 0.012005839414612461
-804.3017522972077 8.851957468765665 -0.02089362142296867 0.01195181675984243
-794.611369739403 8.850307504531798 -0.020804293661091166 0.011898278159800697
-784.9209871815983 8.848714475426387 -0.02071573131198484 0.011845217136913049
-775.2306046237936 8.847177982373891 -0.020627924526759014 0.011792627328680222
-765.5402220659889 8.845697550912966 -0.020540863625574075 0.011740502485133522
-755.8498395081842 8.844272637892395 -0.02045453909401458 0.011688836466357742
-746.159456950496 8.842902637831278 -0.02036894157955676 0.011637623240079782
-736.4690743926913 8.84158688894631 -0.020284061888121364 0.011586856879317391
-726.7786918348866 8.840324678851212 -0.020199890980724635 0.011536531560095304
-717.0883092770819 8.839115249934379 -0.02011641997020422 0.01148664155921457
-707.3979267192772 8.837957804422583 -0.020033640118032894 0.011437181252082623
-697.7075441614725 8.83685150913939 -0.019951542831211574 0.011388145110598527
-688.0171616036678 8.835795499967803 -0.019870119659240102 0.011339527701092459
-678.3267790458631 8.834788886027303 -0.019789362291163817 0.011291323682317778
-668.6363964880584 8.833830753575931 -0.019709262552693396 0.011243527803494094
-658.9460139302537 8.832920169648407 -0.019629812403396098 0.01119613490239985
-649.255631372449 8.832056185441452 -0.01955100393395618 0.011149139903513018
-639.5652488146443 8.831237839457623 -0.01947282936350261 0.011102537816198358
-629.8748662568396 8.830464160418934 -0.019395281037002027 0.011056323732940037
-620.1844836990349 8.829734169961506 -0.019318351422715284 0.01101049282761824
-610.4941011412302 8.829046885122311 -0.019246490034911884 0.0109650403538284
-600.8037185834255 8.82840132062892 -0.019181673830449563 0.010919961643242012
-591.1133360256208 8.827796491002895 -0.019106443615712024 0.01087525210400766
-581.4229534678161 8.827231412487187 -0.019031804813966192 0.010830907219191199
-571.7325709100114 8.826705104807646 -0.018957750438210307 0.010786922545253996
-562.0421883522067 8.826216592778328 -0.018884273611736693 0.010743293710568058
-552.3518057945184 8.825764907760027 -0.018811367565949543 0.010700016413967645
-542.6614232367137 8.825349088981028 -0.018739025638230343 0.010657086423333122
-532.971040678909 8.824968184728805 -0.0186672412698628 0.010614499574213988
-523.2806581211044 8.824621253420872 -0.018596008003998143 0.010572251768479616
-513.5902755632997 8.824307364562765 -0.018525319483672836 0.01053033897300472
-503.89989300549496 8.82402559960068 -0.018455169449871838 0.010488757218385412
-494.20951044769026 8.823775052675952 -0.01838555173963714 0.010447502597685579
-484.51912788988557 8.823554831288213 -0.018316460284220442 0.010406571265212829
-474.82874533208087 8.823364056873652 -0.018247889107278443 0.01036595943532295
-465.1383627742762 8.823201865304554 -0.018179832323109935 0.010325663381252431
-455.4479802164715 8.823067407315875 -0.01811228413493341 0.010285679433977998
-445.7575976586668 8.822959848864325 -0.018045238833203994 0.010246003981102642
-436.0672151008621 8.822878371425121 -0.01797869079396882 0.010206633465767258
-426.3768325430574 8.822822172231248 -0.017912634477259763 0.010167564385587382
-416.6864499852527 8.82279046445982 -0.017847064425522443 0.010128793291614167
-406.996067427448 8.822782477369783 -0.01778197526208065 0.010090316787319148
-397.3056848696433 8.822797456395042 -0.017717361689635273 0.010052131527602006
-387.6153023118386 8.822834663196724 -0.01765321848879663 0.010014234217820765
-377.9249197540339 8.82289337567816 -0.017589540516649554 0.009976621612843947
-368.2345371963456 8.822972887965836 -0.017526322705351087 0.009939290516124372
-358.54415463854093 8.823072510359456 -0.017463560060755237 0.009902237778791482
-348.85377208073623 8.823191569253934 -0.01740124766107558 0.009865460298768376
-339.16338952293154 8.823329407036052 -0.017339380655569683 0.009828955019903968
-329.47300696512684 8.823485381958248 -0.017277954263255915 0.009792718931126607
-319.78262440732215 8.823658867991881 -0.01721696377165748 0.009756749065615886
-310.09224184951745 8.82384925466212 -0.01715640453557357 0.00972104249999269
-300.40185929171275 8.824055946866467 -0.01709627197587712 0.009685596353526879
-290.71147673390806 8.824278364678792 -0.01703656157833833 0.009650407787362354
-281.02109417610336 8.824515943140561 -0.016977268892473432 0.009615474003758893
-271.33071161829866 8.824768132040909 -0.01691838953041797 0.009580792245350432
-261.64032906049397 8.825034395686977 -0.01685991916582408 0.009546359794419326
-251.94994650268927 8.825314212665925 -0.01680185353278108 0.009512173972186217
-242.25956394488458 8.825607075599821 -0.01674418842475883 0.00947823213811512
-232.56918138707988 8.825912490894613 -0.016686919693573332 0.009444531689233326
-222.87879882927518 8.826229978484209 -0.016630043248373992 0.00941107005946578
-213.1884162714705 8.826559071570669 -0.016573555054651964 0.009377844718983556
-203.4980337136658 8.826899316361368 -0.016517451133269162 0.00934485317356608
-193.8076511558611 8.827250271803997 -0.016461727559507377 0.009312092963976793
-184.1172685981728 8.82761150932009 -0.016406380462137677 0.009279561665352288
-174.42688604036812 8.827982612537827 -0.016351406022505628 0.009247256886602266
-164.73650348256342 8.828363177024668 -0.016296800473641876 0.009215176269825855
-155.04612092475872 8.828752810020434 -0.016242560099384337 0.00918331748973618
-145.35573836695403 8.829151130171313 -0.016188681233521452 0.009151678253098762
-135.66535580914933 8.829557767265278 -0.016135160258952237 0.009120256298181136
-125.97497325134464 8.829972361969308 -0.01608199360686327 0.009089049394213688
-116.28459069353994 8.83039456556881 -0.0160291777559223 0.009058055340861633
-106.59420813573524 8.830824039709567 -0.01611271162834827 0.009031342386632075
-96.90382557793055 8.8312604561425 -0.016059582790822764 0.00900073748280095
-87.21344302012585 8.831703496471537 -0.016006809188544684 0.008970339447088114
-77.52306046232115 8.83215285190479 -0.015954387161015146 0.00894014618619722
-67.83267790451646 8.832608223009277 -0.018234543367119563 0.00891015563506138
-58.14229534671176 8.833069319469347 -0.018165653306869464 0.008880365756366013
-48.451912788907066 8.833535859848974 -0.01809735483956699 0.008850774540081482
-38.76153023110237 8.834007571358045 -0.018029639057068406 0.008821380003005246
-29.071147673297673 8.834484189622767 -0.017962497257209203 0.008792180188313346
-19.380765115492977 8.834965458460266 -0.022087465914301208 0.008763173165120874
-9.690382557688281 8.835451129657473 -0.02199046950447866 0.008734357028051429
0.0 8.835940962754357 -0.02189447665309721 0.008705729896815406
9.690382557804696 1.1983411822687922 -0.03512245074821547 0.03297361620782106
19.380765115609393 1.6155938565608432 -0.036969854662876195 0.03382771474630515
29.07114767341409 1.9376622774071945 -0.03676524795820463 0.03361584297165812
38.761530231218785 2.2072410100040356 -0.03656319371810691 0.03340681692241017
48.45191278902348 2.44209429601102 -0.036363640885819455 0.03320057733635166
58.14229534682818 2.6516798111529036 -0.03616653980795584 0.03299706661703908
67.83267790463287 2.8417588816293087 -0.0359718421857825 0.03279622877515895
77.52306046243757 3.0161579404179903 -0.0357795010285262 0.03259800937236102
87.21344302024227 3.177576993248744 -0.036051496301314594 0.03244023473170148
96.90382557804696 3.328008751984222 -0.03586032732735288 0.03224681568714256
106.59420813585166 3.468975843928077 -0.035772296869004364 0.03207188984279216
116.28459069365636 3.6016742942102766 -0.035584888748005146 0.031883240155756054
125.97497325146105 3.7270649782908514 -0.03539967874540883 0.031696963800056814
135.66535580926575 3.8459344325880602 -0.03521662558085638 0.03151301446623394
145.35573836707044 3.958936730213275 -0.035035689040234935 0.031331347065883156
155.04612092487514 4.066623179211335 -0.03485682994084301 0.031151917691291203
164.73650348267984 4.169463920391362 -0.03468001009792445 0.030974683576668723
174.42688604048453 4.267863978798277 -0.03450519229250869 0.030799603060907406
184.1172685981728 4.362175421262275 -0.034332340240499484 0.03062663555179418
193.8076511559775 4.452706719554067 -0.03416141856294422 0.03045574149160378
203.4980337137822 4.5397300689785505 -0.0339923927574608 0.030286882324038256
213.1884162715869 4.623487185075472 -0.033825229170730366 0.030120020462412495
222.8787988293916 4.704193949840859 -0.03365989497203873 0.029955119259060536
232.5691813871963 4.782044176084647 -0.03349635812780851 0.02979214297589678
242.259563945001 4.8572126872540125 -0.03336938456171294 0.029631056756083088
251.9499465028057 4.992495951125578 -0.03320909340127206 0.029471826596753806
261.6403290606104 5.185495394054322 -0.033050511775674626 0.029314419322752517
271.3307116184151 5.362027266473734 -0.032903592689428565 0.02915880256133712
281.0210941762198 5.524305839115559 -0.03274826956838845 0.02900494471781153
290.7114767340245 5.67411993303849 -0.03264472814528867 0.028855264027026734
300.40185929182917 5.812939432793208 -0.03249186533033504 0.02870482363682205
310.09224184963387 5.941989469070659 -0.0323445150972175 0.028556042563777403
319.78262440743856 6.0623035930434686 -0.03219514999478498 0.02840890161238223
329.47300696524326 6.174762838600998 -0.03204731049849213 0.02826337273681987
339.16338952304795 6.280125031110082 -0.031900971700823996 0.028119428540650075
348.85377208085265 6.379047186630494 -0.03175610925515324 0.0279770422579171
358.54415463865735 6.472102909346947 -0.031622037007381545 0.027836187734917264
368.2345371963456 6.559796098526753 -0.03148787372973118 0.02769683941260077
377.9249197541503 6.642571885997604 -0.03134717391911006 0.027558972309572206
387.615302311955 6.720825463543649 -0.03120786019944833 0.027422562005690473
397.3056848697597 6.794909280593926 -0.031069910759156213 0.02728758462621138
406.9960674275644 6.865138967596922 -0.030933304260332275 0.027154016826476016
416.6864499853691 6.931798251793969 -0.030798019825693197 0.027021835777113316
426.3768325431738 6.995143068123407 -0.03071234428555333 0.026891019149738675
436.0672151009785 7.055405021183315 -0.030579285886450185 0.026761545103128864
445.7575976587832 7.112794319482797 -0.03047345380688966 0.026633392269855154
455.4479802165879 7.167502277175821 -0.03034271950319176 0.026506539743356677
465.1383627743926 7.219703458716174 -0.030213217175434386 0.02638096706543727
474.8287453321973 7.269557526726041 -0.0300849282897097 0.02625665421416978
484.519127890002 7.317210841646897 -0.029957834697372083 0.026133581592192052
494.2095104478067 7.362797852585122 -0.02985419038067031 0.026011730015380204
503.8998930056114 7.40644231155397 -0.02972926990330475 0.025891080701884714
513.5902755634161 7.448258337590631 -0.029605494897310364 0.025771615261516032
523.2806581212208 7.488351352651777 -0.02948284860366928 0.025653315685466603
532.9710406790255 7.526818907508222 -0.02936131460232398 0.02553616433635684
542.6614232368302 7.563751412875684 -0.02996788651616682 0.025495264847123805
552.3518057946349 7.599232788587023 -0.029843183464836037 0.025379806115126677
562.0421883523231 7.633341041617681 -0.029719623433024193 0.025265452895300446
571.7325709101278 7.666148782136286 -0.029597189575327372 0.025152188767210617
581.4229534679325 7.6977236853832665 -0.02950506952552484 0.025039997641590695
591.1133360257372 7.728128906062256 -0.02938462349022396 0.024928863751913555
600.8037185835419 7.757423450967897 -0.029265258289956034 0.024818771646227842
610.4941011413466 7.785662514787271 -0.029146958343461246 0.024709706179241675
620.1844836991513 7.812897783338982 -0.029029708383120738 0.024601652504646528
629.874866256956 7.839177707946787 -0.028913493446810514 0.024494596067672562
639.5652488147607 7.86454775416266 -0.028798298870015435 0.024388522597867186
649.2556313725654 7.889050627642991 -0.028684110278193467 0.024283418102089217
658.9460139303701 7.912726479629946 -0.02857091357938057 0.024179268857711014
668.6363964881748 7.935613094188151 -0.02845869495702762 0.024076061406021376
678.3267790459795 7.957746059086892 -0.028347440863059997 0.02397378254582228
688.0171616037842 7.97915892199361 -0.02823713801115239 0.023872419327212825
697.7075441615889 7.999883333450096 -0.02812777337021022 0.023771959045553945
707.3979267193936 8.019949177933977 -0.028019334158050444 0.023672389235607803
717.0883092771983 8.03938469416119 -0.02791180783527457 0.02357369766584593
726.778691835003 8.058216585656819 -0.027805182099326618 0.023475872332920415
736.4690743928077 8.076470122509544 -0.02769944487872967 0.023378901456292712
746.159456950496 8.094169235126264 -0.027594584327495682 0.023282773473015966
755.8498395083006 8.111336600718527 -0.027490588819695187 0.023187477032658867
765.5402220661053 8.127993723171697 -0.02738744694419944 0.023093000992383546
775.23060462391 8.144161006888126 -0.02728514749956477 0.02299933441214963
784.9209871817147 8.159857825128563 -0.027183679489072184 0.022906466550057396
794.6113697395194 8.175102583327918 -0.02708303211590972 0.022814386857818704
804.3017522973241 8.189912777813282 -0.026983194778493796 0.022723084976352708
813.9921348551288 8.204305050310607 -0.02688124068371102 0.022632664942641094
823.6825174129335 8.21829523858961 -0.026783013946067254 0.022542887496099225
833.3728999707382 8.231898423563226 -0.026685566249124756 0.022453857888485664
843.0632825285429 8.24512897312852 -0.02658888773497431 0.02236556647559237
852.7536650863476 8.258000583009542 -0.026492968719266114 0.022278003782141072
862.4440476441523 8.27052631483881 -0.026397799687278786 0.022191160498047934
872.134430201957 8.28271863169295 -0.026303371290097213 0.022105027474787802
881.8248127597617 8.29458943127882 -0.02620967434089604 0.02201959572185498
891.5151953175664 8.306150076949278 -0.026116699811325167 0.021934856403317358
901.2055778753711 8.317411426712166 -0.026024438827993816 0.02185080083446123
910.8959604331758 8.32838386038218 -0.025932882669050195 0.02176742047852389
920.5863429909805 8.339077305012513 -0.025842022760853584 0.02168470694351138
930.2767255486688 8.349501258731674 -0.025751850674736947 0.02160265197909965
939.9671081064735 8.359664813101336 -0.025662358123850742 0.021521247473610946
949.6574906642782 8.369576674099036 -0.025573536960101506 0.021440485451077622
959.3478732220829 8.379245181825384 -0.025485379171160668 0.021360358068371325
969.0382557798875 8.388678329023275 -0.025397876877557665 0.021280857612410237
978.7286383376922 8.397883778492192 -0.025311022329848082 0.02120197649743607
988.4190208954969 8.406868879473311 -0.025224807905855642 0.021123707262359927
998.1094034533016 8.415640683075411 -0.025139226107985833 0.02104604256817484
