-1007.7997860111063 9.733518672223717 -0.0025473580247501754 0.003283432689283023
-998.1094034533016 9.734951736147499 -0.0025298907166928764 0.0032701551288594178
-988.4190208954969 9.736372736848468 -0.002512691971150504 0.0032569928790313596
-978.7286383376922 9.737781805215786 -0.002495754370382264 0.003243944280501315
-969.0382557798875 9.739179070290854 -0.0024790708459117516 0.0032310077096010734
-959.3478732220829 9.740564659300741 -0.002462634652886827 0.0032181815772337457
-949.6574906642782 9.741938697690813 -0.0024464393470062366 0.0032054643278562837
-939.9671081064735 9.743301309156642 -0.0024304787636978114 0.003192854438500707
-930.2767255486688 9.744652615675193 -0.0024147469992777757 0.003180350417832165
-920.5863429908641 9.745992737535289 -0.002399238393858268 0.003167950805242204
-910.8959604330594 9.747321793367433 -0.002383947515801908 0.0031556541699755895
-901.2055778752547 9.748639900172934 -0.0023688691475492064 0.0031434591102891814
-891.51519531745 9.749947173352409 -0.002353998272667383 0.003131364252641447
-881.8248127596453 9.751243726733678 -0.002339330063988747 0.0031193682509111993
-872.1344302018406 9.752529672599026 -0.0023248598727234073 0.003107469785644315
-862.4440476441523 9.75380512171189 -0.002310583218445554 0.0030956675633273404
-852.7536650863476 9.75507018334303 -0.002296495779863686 0.0030839603156859463
-843.0632825285429 9.756324965295999 -0.0022825933862993157 0.0030723467990092872
-833.3728999707382 9.757569573932253 -0.002268872009801878 0.003060825793496368
-823.6825174129335 9.758804114195609 -0.0022553277578415245 0.0030493961026255584
-813.9921348551288 9.760028689636254 -0.0022419568665247597 0.003038056552545449
-804.3017522973241 9.761243402434241 -0.0022287556942851383 0.003026805991486305
-794.6113697395194 9.762448353422489 -0.0022157207160062617 0.0030156432891912575
-784.9209871817147 9.763643642109333 -0.0022028485175389872 0.00300456733636642
-775.23060462391 9.76482936670061 -0.0021901357905787203 0.0029935770441491547
-765.5402220661053 9.766005624121282 -0.002177579327872257 0.0029826713435937833
-755.8498395083006 9.767172510036657 -0.0021651760187267445 0.0029718491851739703
-746.159456950496 9.768330118873147 -0.0021529228447960806 0.002961109538301204
-736.4690743926913 9.769478543838646 -0.002140816876122527 0.002950451390858665
-726.7786918348866 9.770617876942477 -0.002128855267413453 0.00293987374874991
-717.0883092770819 9.771748209014978 -0.002117035254535052 0.002929375635461793
-707.3979267192772 9.772869629726667 -0.0021053541512065918 0.002918956091641065
-697.7075441614725 9.773982227607064 -0.002093809345880254 0.0029086141746841134
-688.0171616036678 9.775086090063128 -0.0020823982987929995 0.0028983489583393734
-678.3267790459795 9.776181303397344 -0.002071118539178236 0.002888159532322023
-668.6363964881748 9.777267952825493 -0.002059967662625199 0.0028780450019397783
-658.9460139303701 9.778346122493991 -0.002048943328577795 0.0028680044877311913
-649.2556313725654 9.779415895497001 -0.002038043257960773 0.0028580371251135817
-639.5652488147607 9.780477353893161 -0.0020272652309266323 0.0028481420640420418
-629.874866256956 9.781530578722014 -0.002016607084714539 0.0028383184686783716
-620.1844836991513 9.782575650020105 -0.002006066711614125 0.0028285655170697628
-610.4941011413466 9.783612646836819 -0.001995642057027472 0.0028188824008368025
-600.8037185835419 9.78464164724988 -0.0019901510414689705 0.0028097872875916144
-591.1133360257372 9.785662728380567 -0.0019798274143324754 0.0028002280431711217
-581.4229534679325 9.786675966408673 -0.0019696199072448137 0.0027907369646655274
-571.7325709101278 9.78768143658716 -0.001959526199011849 0.0027813132450676343
-562.0421883523231 9.78867921325655 -0.0020147434097478037 0.0027744995188212565
-552.3518057945184 9.789669369859046 -0.0020032049918934443 0.0027651431843412253
-542.6614232367137 9.790651978952402 -0.0019918569061034073 0.0027558551235836995
-532.971040678909 9.791627112223548 -0.0019806910986925113 0.002746634356623411
-523.2806581211044 9.792594840501923 -0.0019697001569197385 0.002737479940043573
-513.5902755632997 9.793555233772615 -0.0019861573529848155 0.0027293711719158548
-503.89989300549496 9.794508361189234 -0.0019747883817193257 0.002720321326484501
-494.2095104478067 9.79545429108654 -0.0019636110162025797 0.002711336476799379
-484.519127890002 9.796393090992911 -0.001972477383206587 0.0027032696159064035
-474.8287453321973 9.797324827642452 -0.001970538424361712 0.002694680875426783
-465.1383627743926 9.79824956698703 -0.001959170197971845 0.0026858575018485187
-455.4479802165879 9.799167374207991 -0.0019479997426784556 0.002677097006594342
-445.7575976587832 9.80007831372774 -0.0019370185595991136 0.0026683984892092176
-436.0672151009785 9.800982449221035 -0.001926218790828137 0.002659761082603663
-426.3768325431738 9.801879843626145 -0.001915593154008339 0.002651183950331855
-416.6864499853691 9.802770559155778 -0.0019051348849964433 0.002642666284189958
-406.9960674275644 9.803654657307815 -0.0019291180621935702 0.002635019175754989
-397.3056848697597 9.804532198875874 -0.0019180955859535774 0.002626597267193861
-387.615302311955 9.805403243959635 -0.0019100865819209705 0.002618310353140782
-377.9249197541503 9.80626785197506 -0.0018993715998983894 0.002610002171018117
-368.2345371963456 9.807126081664347 -0.0018888378687892053 0.0026017507663705073
-358.54415463854093 9.807977991105776 -0.0018784779482185884 0.002593555393229132
-348.85377208073623 9.808823637723346 -0.0018682849297098016 0.002585415329375247
-339.16338952293154 9.809663078296241 -0.001858252384931112 0.0025773298746332622
-329.47300696512684 9.810496368968161 -0.0018483743200976073 0.002569298349349072
-319.78262440732215 9.81132356525644 -0.0018386451356746962 0.00256132009302895
-310.09224184963387 9.812144722061038 -0.0018290595906644248 0.002553394463118245
-300.40185929182917 9.812959893673396 -0.0018196127708656217 0.0025455208339014734
-290.7114767340245 9.813769133785078 -0.001810300060593011 0.0025376985955101244
-281.0210941762198 9.814572495496282 -0.0018011171174126862 0.0025299271530232537
-271.3307116184151 9.815370031324246 -0.001792059849519113 0.0025222059256511434
-261.6403290606104 9.816161793211462 -0.001783124395429804 0.0025145343459918464
-251.9499465028057 9.816947832533753 -0.002051653102022193 0.002506911859352382
-242.259563945001 9.817728200108231 -0.002035869233223719 0.0024993379231273583
-232.5691813871963 9.818502946201084 -0.002020549402783449 0.0024918120062287713
-222.8787988293916 9.819272120535269 -0.0020618019500009918 0.0024843335885614613
-213.1884162715869 9.820035772298038 -0.002045870653883264 0.0024769021605394823
-203.4980337137822 9.82079395014835 -0.00203774204317993 0.0024696625411265924
-193.8076511559775 9.821546702224158 -0.0020202411499111997 0.002462400354372227
-184.1172685981728 9.822294076149554 -0.002028510874100334 0.0024551013487785255
-174.42688604036812 9.823036119041822 -0.0020135579974107022 0.0024478476654113553
-164.73650348256342 9.823772877518337 -0.001999002278768906 0.0024406388214248983
-155.04612092475872 9.824504397703366 -0.001984821909789624 0.002433474344081381
-145.35573836695403 9.825230725234745 -0.0019709968257576272 0.0024263537702492195
-135.66535580914933 9.825951905270454 -0.0020493135119147346 0.0024192766459477217
-125.97497325146105 9.826667982495056 -0.0021811103501509685 0.00241224252593251
-116.28459069365636 9.827379001126076 -0.0021622489173404023 0.00240525097331613
-106.59420813585166 9.828085004920192 -0.0021439730477073927 0.00239830155922085
-96.90382557804696 9.828786037179404 -0.0021262476942642316 0.0023913938624583178
-87.21344302024227 9.829482140757046 -0.0021090407817304702 0.002384527469234197
-77.52306046243757 9.830173358063723 -0.0020923228890810932 0.0023777019728745846
-67.83267790463287 9.830859731073142 -0.00354068491864902 0.0023709169735719815
-58.14229534682818 9.831541301327832 -0.00348678266633235 0.0023641720781487365
-48.45191278902348 9.832218109944774 -0.005405122154339075 0.002880692792061863
-38.761530231218785 9.832890197620976 -0.005305152645142965 0.002860540653455019
-29.07114767341409 9.833557604638886 -0.005209747755411156 0.0028411052337640676
-19.380765115609393 9.834220370871755 -0.005118586403153785 0.002822336325347112
-9.690382557804696 9.83487853578893 -0.005031377291132117 0.0028041884958500125
0.0 6.907759026338386 -0.010809605590897066 0.03944514499965715
9.690382557804696 7.085423952902758 -0.010577718520089064 0.0384787145587207
19.380765115609393 7.2031650207083695 -0.01035672168321852 0.03756072742942631
29.07114767341409 7.295635435113406 -0.01014584701400814 0.03668761146744108
38.761530231218785 7.373216193654889 -0.009944397605539812 0.03585613754731603
48.45191278902348 7.440702607872189 -0.009789935733942743 0.035064341524172114
58.14229534682818 7.500777518230287 -0.009604517838785357 0.03430761631678344
67.83267790451646 7.555120877842285 -0.009426834152576058 0.0335845297336326
77.52306046232115 7.604866654999288 -0.009256397987858152 0.03289287358965715
87.21344302012585 7.650822646390241 -0.009346009870272676 0.03226609346324088
96.90382557793055 7.693588169107372 -0.009182245064543394 0.03163049780077772
106.59420813573524 7.733622234992189 -0.009024821185813265 0.0310208126639148
116.28459069353994 7.771285507802272 -0.008873366087266498 0.030435473973548174
125.97497325134464 7.80686740026099 -0.008727536514041567 0.02987304119194654
135.66535580914933 7.8406042757711845 -0.00858701533170053 0.029332185357691606
145.35573836695403 7.872692081559943 -0.008451509069849431 0.028811678485047097
155.04612092475872 7.903295362904161 -0.008320745739610502 0.02831038414958526
164.73650348256342 7.93255384952808 -0.008194472889757953 0.027827249108007893
174.42688604036812 7.960587368086005 -0.008072455871435107 0.02736129582197897
184.1172685981728 7.9874995727463824 -0.007954476285652495 0.026911615774187148
193.8076511559775 8.01338082365699 -0.007840330591370926 0.0264773634803808
203.4980337137822 8.038310439584052 -0.007729828855017933 0.026057751114258586
213.1884162715869 8.06235848327678 -0.007622793624865933 0.02565204367325434
222.8787988293916 8.085587192735739 -0.007519058915894086 0.025259554622753578
232.5691813871963 8.108052140539701 -0.0074184692926261755 0.02487964196439034
242.259563945001 8.129803181776804 -0.007320879039036933 0.02451170468101727
251.94994650268927 8.150885235819176 -0.0072261514059923536 0.024155179516908723
261.64032906049397 8.171338936172686 -0.007134157927862066 0.023809538056858117
271.33071161829866 8.191201174598804 -0.007044777800983035 0.023474284072347792
281.02109417610336 8.210505559781733 -0.006957897317493966 0.023148951106649305
290.71147673390806 8.229282806370652 -0.006873409348862085 0.02283310027418169
300.40185929171275 8.247561066880149 -0.006791212874062053 0.022526318252249135
310.09224184951745 8.265366216371348 -0.006711212547951416 0.022228215445820244
319.78262440732215 8.282722097863939 -0.0065985699707581235 0.021939004798822773
329.47300696512684 8.299650734895996 -0.006523601314616192 0.02165716318030587
339.16338952293154 8.316172516446162 -0.0064505271251348445 0.021382959021545706
348.85377208073623 8.33230635848309 -0.006379274527005628 0.02111608212819362
358.54415463854093 8.348069845651342 -0.006309774312343814 0.020856238920603336
368.2345371963456 8.363479355997477 -0.006241960719660012 0.020603151335435003
377.9249197541503 8.378550171151948 -0.00617577122755504 0.02035655581329063
387.615302311955 8.393296573986424 -0.006111146362189263 0.020116202364617232
397.3056848697597 8.407731935443152 -0.006048029517610045 0.019881853706905626
406.9960674275644 8.421868791968047 -0.00598636678806185 0.019653284466913463
416.6864499853691 8.435718914760752 -0.00592610681144932 0.01943028044226446
426.3768325431738 8.449293371874088 -0.005867200623171782 0.019212637917329665
436.0672151008621 8.46260258404448 -0.0058096015195972 0.019000163028792916
445.7575976586668 8.475656375010386 -0.0057532649304868014 0.01879267117672516
455.4479802164715 8.500142549456127 -0.005698148299743011 0.018589986477439265
465.1383627742762 8.524639745586446 -0.005644210973873867 0.018391941254660055
474.82874533208087 8.548270999623272 -0.005591414097633936 0.018198375565948867
484.51912788988557 8.571092535906185 -0.0055397205163273105 0.018009136761551563
494.20951044769026 8.593155127979204 -0.005489094684300749 0.017824079073111034
503.89989300549496 8.614504791377687 -0.005439502579189504 0.017643063229911212
513.5902755632997 8.635183368987521 -0.005605058524936775 0.017478273625428087
523.2806581211044 8.655229028503319 -0.0055518612762000975 0.01730462714362583
532.971040678909 8.674676687456872 -0.005499887079137386 0.017134656492507526
542.6614232367137 8.693558378176956 -0.005449086233149361 0.016968243825549994
552.3518057945184 8.711903562632774 -0.005399412235588747 0.01680527633654401
562.0421883523231 8.729739405230715 -0.005508083700336929 0.01665337742461503
571.7325709101278 8.747091010150045 -0.005456494470436018 0.016496782041925333
581.4229534679325 8.763981628624082 -0.0054061114126378465 0.016343330990377738
591.1133360257372 8.780432840630247 -0.005356883331427436 0.016192928356120035
600.8037185835419 8.796464714692469 -0.005308762470549149 0.016045482144837964
610.4941011413466 8.812095948884577 -0.005261704186729576 0.015900904078861463
620.1844836990349 8.827343995622245 -0.005215666663010276 0.015759109407318134
629.8748662568396 8.842225172423031 -0.0051778879598179195 0.015620168985898387
639.5652488146443 8.856754760474097 -0.005133588695273736 0.015483696148694033
649.255631372449 8.870947092576223 -0.005090208768204685 0.01534977208785549
658.9460139302537 8.88481563179693 -0.00533388222538774 0.01523699769499052
668.6363964880584 8.898373041978198 -0.0052848783144895045 0.015107476406204098
678.3267790458631 8.911631251083628 -0.005237068350026787 0.014980319107657224
688.0171616036678 8.9246015082358 -0.005179492227886491 0.014855459539137979
697.7075441614725 8.937294435181505 -0.00513418540674597 0.014732833981827804
707.3979267192772 8.949720072826498 -0.0050899044399724406 0.01461238112926194
717.0883092770819 8.96188792339924 -0.005046605977700696 0.014494041967093968
726.7786918348866 8.973806988732864 -0.005004249560700663 0.014377759660835402
736.4690743926913 8.98548580509387 -0.004962797353706317 0.01426347945084752
746.159456950496 8.996932474933574 -0.005442651006477473 0.01419720107858207
755.8498395083006 9.008154695892642 -0.005389600408492466 0.014085591468699492
765.5402220661053 9.019159787349281 -0.00533801712743334 0.013975889847361481
775.23060462391 9.02995471476694 -0.005287823341654304 0.013868044548038189
784.9209871817147 9.040546112066972 -0.005238947502121949 0.013762005949481348
794.6113697395194 9.050940302225074 -0.005191323666704957 0.01365772635604811
804.3017522973241 9.061143316267065 -0.005144890920306348 0.013555159888487196
813.9921348550124 9.07116091081898 -0.005095502595632449 0.013454262383905177
823.6825174128171 9.080998584349459 -0.005051390810053023 0.013354991303821458
833.3728999706218 9.090661592224171 -0.0050083076173361414 0.013257305649409124
843.0632825284265 9.100154960682637 -0.0049662080949622964 0.013161165883110587
852.7536650862312 9.109483499831436 -0.00494754233246971 0.013066983340179526
862.4440476440359 9.118651815739984 -0.004906708554725161 0.012973810662372087
872.1344302018406 9.127664321714962 -0.004866769647671949 0.01288207390597365
881.8248127596453 9.136525248821549 -0.004827689062448677 0.012791738658086015
891.51519531745 9.14523865571263 -0.0047894325442160825 0.01270277165434621
901.2055778752547 9.153808437820892 -0.0047431118982646705 0.012615140726970316
910.8959604330594 9.162238335963366 -0.004706637706929107 0.012528814756020223
920.5863429908641 9.170531944403171 -0.004670885221245287 0.012443763623618136
930.2767255486688 9.178692718408978 -0.004635828460368648 0.012359958170864641
939.9671081064735 9.186723981349076 -0.004601442865482489 0.012277370157243004
949.6574906642782 9.194628931353504 -0.004567705195177301 0.012195972222315464
959.3478732220829 9.202410647574915 -0.004534593430345489 0.012115737849537168
969.0382557798875 9.210072096076148 -0.00450208668757876 0.012036641332031178
978.7286383376922 9.217616135370168 -0.004490267293120047 0.011959043605702524
988.4190208954969 9.225045521635952 -0.004458395268376273 0.011882138835763034
998.1094034531852 9.232362913631967 -0.004427097582695769 0.011806299840098807
