-1007.7997860111063 9.557628964482396 -0.0025093386491649846 0.01725602511835065
-998.1094034533016 9.560936778768136 -0.0025312176211856052 0.016954176282876928
-988.4190208954969 9.564094406132341 -0.0025518799031522895 0.016663250390364013
-978.7286383376922 9.567116703896978 -0.002571387809963003 0.016382658423251702
-969.0382557798875 9.570016446866825 -0.002589799985961078 0.016111853079722193
-959.3478732220829 9.572804701708396 -0.0027333447456397756 0.015856063217783253
-949.6574906642782 9.575491119928477 -0.0027464871709286104 0.01560319091114858
-939.9671081064735 9.578084169995684 -0.0027728522959464905 0.015359542697277465
-930.2767255486688 9.58059132330187 -0.0027841183106856434 0.015122970609180244
-920.5863429908641 9.583019204651574 -0.0027946918477760358 0.01489396685638844
-910.8959604330594 9.585373715167911 -0.002804602955763575 0.014672169272831133
-901.2055778752547 9.587660133516183 -0.0028138803914827645 0.014457238515359749
-891.51519531745 9.589883199914516 -0.0028225516544864116 0.01424885629154999
-881.8248127596453 9.592047186354701 -0.002830643026162381 0.01404672375025831
-872.1344302018406 9.594155955682668 -0.0028381796119773674 0.013850560017741069
-862.4440476441523 9.59621301160874 -0.0028451853856364773 0.013660100864193636
-852.7536650863476 9.598221541280042 -0.002851683234222915 0.013475097487327338
-843.0632825285429 9.600184451712005 -0.0028576950035972587 0.013295315401195036
-833.3728999707382 9.602104401118938 -0.002863241543510085 0.013120533419742907
-823.6825174129335 9.603983825981667 -0.002868342752014068 0.012950542725822682
-813.9921348551288 9.605824964533697 -0.0028730176188701906 0.01278514601738005
-804.3017522973241 9.607629877222525 -0.0029278757158988323 0.012624156723454091
-794.6113697395194 9.60940046460401 -0.002930459727512464 0.012467398283413826
-784.9209871817147 9.611138483048304 -0.0029327336506898634 0.01231470348355664
-775.23060462391 9.612845558572028 -0.0029486060623083983 0.012165913845809213
-765.5402220661053 9.614523199059569 -0.0029499323863122384 0.012020879063816148
-755.8498395083006 9.616172805094104 -0.002971409113314893 0.011880130188798296
-746.159456950496 9.617795679584388 -0.002971280231156165 0.011742179986056745
-736.4690743926913 9.619393036344734 -0.0029763397099587187 0.011607565320462193
-726.7786918348866 9.620966007762105 -0.00297609114373238 0.011476176975177539
-717.0883092770819 9.622515651664527 -0.002975645879801598 0.011347898370139968
-707.3979267192772 9.624221002840493 -0.0029750100163570816 0.011222618504425495
-697.7075441614725 9.62601680819392 -0.0029741896121781284 0.011100231625768729
-688.0171616036678 9.627748391621445 -0.0029871185084456454 0.010980636923332811
-678.3267790459795 9.62942224117631 -0.0029982799923628308 0.010863738241841036
-668.6363964881748 9.631044075294358 -0.0029962794246734857 0.010749443815346198
-658.9460139303701 9.632618949880117 -0.0029941503132340204 0.010637666019098975
-649.2556313725654 9.634151347825288 -0.002991895890038035 0.010528321138068052
-639.5652488147607 9.63564525429207 -0.0029895194791409187 0.010421329150839894
-629.874866256956 9.637104220376262 -0.002987024466234713 0.01031661352771023
-620.1844836991513 9.63853141722074 -0.0030662558225467307 0.010214101041891606
-610.4941011413466 9.639929682233277 -0.0030614058196896587 0.010113721592852584
-600.8037185835419 9.641301558739828 -0.0031092758490593535 0.01001540804088778
-591.1133360257372 9.642649330151862 -0.003103066311638696 0.009919096052093726
-581.4229534679325 9.64397504952689 -0.0030969157249113336 0.0098247239529941
-571.7325709101278 9.645280565242523 -0.0030908159214624613 0.009732232594120255
-562.0421883523231 9.646567543376863 -0.0030847597630606904 0.009641565221909391
-552.3518057945184 9.64783748728545 -0.003123187913975183 0.009552667358334236
-542.6614232367137 9.649091754781493 -0.003116050004699452 0.009465486687724817
-532.971040678909 9.650331573258395 -0.0031089974108740744 0.009379972950285557
-523.2806581211044 9.651558053038393 -0.003102021687071001 0.009296077841849801
-513.5902755632997 9.652772199185758 -0.003095115334970027 0.00921375491944929
-503.89989300549496 9.65397492198607 -0.0032468105274848355 0.009141105749804293
-494.20951044769026 9.655167046262504 -0.0032359828339319917 0.009061587244344804
-484.519127890002 9.656349319674982 -0.0032254075167691696 0.008983522219264805
-474.8287453321973 9.657522420127226 -0.0032150652686736185 0.008906870084421502
-465.1383627743926 9.658686962389218 -0.003286013715913523 0.008831591784399774
-455.4479802165879 9.659843504028313 -0.003273999453245594 0.008757649723506417
-445.7575976587832 9.660992550729754 -0.003262275697125438 0.00868500769551163
-436.0672151009785 9.662134561076932 -0.003250821841763759 0.00861363081773165
-426.3768325431738 9.663269950852953 -0.0032396192029078607 0.008543485469098899
-416.6864499853691 9.664399096917167 -0.003228650806265527 0.008474539231904438
-406.9960674275644 9.665522340703951 -0.003217901202946454 0.008406760836930755
-397.3056848697597 9.666639991384999 -0.003207356307982435 0.008340120111721808
-387.615302311955 9.667752328731487 -0.0031970032586327995 0.008274587931762072
-377.9249197541503 9.668859605708153 -0.0031868302897097097 0.008210136174358031
-368.2345371963456 9.6699620508273 -0.0031768266235922132 0.008146737675034623
-358.54415463854093 9.671059870287605 -0.0031669823729567133 0.008084366186275694
-348.85377208073623 9.672153249919603 -0.0031572884545490397 0.008022996338452494
-339.16338952293154 9.673242356957116 -0.003147736512571104 0.007962603602797245
-329.47300696512684 9.67432734165187 -0.0031383188504622503 0.007903164256290554
-319.78262440732215 9.675408338746383 -0.003129028370029279 0.007844655348341976
-310.09224184951745 9.676485468818752 -0.0031198585170254434 0.007787054669152391
-300.40185929182917 9.677558839511342 -0.003110803232402444 0.007730340719656107
-290.7114767340245 9.678628546654233 -0.003101856908563581 0.007674492682943462
-281.0210941762198 9.679694675292943 -0.0030930143500375487 0.007619490397086026
-271.3307116184151 9.680757300629363 -0.0030842707380645657 0.007565314329268927
-261.6403290606104 9.681816488883529 -0.0030756215986553663 0.007511945551164545
-251.9499465028057 9.682872298083323 -0.003067062773736985 0.007459365715472701
-242.259563945001 9.683924778788601 -0.003058590395048031 0.0074075570335621396
-232.5691813871963 9.684973974755334 -0.003043481906269689 0.007356920180044384
-222.8787988293916 9.686019923545157 -0.0030353467817238115 0.007306591688457956
-213.1884162715869 9.687062657084912 -0.0030272791348064094 0.00725698468059637
-203.4980337137822 9.688102202180618 -0.0030192766997963324 0.007208083357885416
-193.8076511559775 9.689138580989622 -0.0030113373386377817 0.007159872387089914
-184.1172685981728 9.690171811454615 -0.003003459033715181 0.007112336882936901
-174.42688604036812 9.691201907702581 -0.0029956398808726175 0.007065462391549469
-164.73650348256342 9.692228880411726 -0.002987878082715989 0.007019234874642352
-155.04612092475872 9.693252737148926 -0.002980171942220815 0.006973640694434454
-145.35573836695403 9.694273482680236 -0.0029725198566575403 0.006928666599237093
-135.66535580914933 9.69529111925653 -0.002964920311837942 0.006884299709680064
-125.97497325134464 9.69630564687639 -0.0029573718766802764 0.006840527505540304
-116.28459069365636 9.69731706352798 -0.002949873198086677 0.006797337813141172
-106.59420813585166 9.698325365411709 -0.0029424229961226523 0.00675471879328887
-96.90382557804696 9.699330547144978 -0.0029350200594885066 0.006712658929725581
-87.21344302024227 9.700332601950707 -0.0029276632412680403 0.006671147018062553
-77.52306046243757 9.701331521830673 -0.00292035145494229 0.0066301721551762826
-67.83267790463287 9.70232729772499 -0.0029130836706539823 0.006589723729041551
-58.14229534682818 9.70331991965873 -0.00290585891170884 0.006549791408980176
-48.45191278902348 9.704309376876678 -0.0028986762513001315 0.0065103651363051206
-38.761530231218785 9.705295657967207 -0.010215638809306921 0.006471435115340778
-29.07114767341409 9.706278750976002 -0.010017823516655595 0.006432991804801466
-19.380765115609393 9.707258643510492 -0.00982972786460312 0.00639502590951107
-9.690382557804696 9.708235322835664 -0.009650632344537937 0.006357528372447879
0.0 9.709208775961892 -0.009479886922997671 0.006320490367099444
9.690382557804696 6.946231301746988 -0.09370355179995132 0.05116077976126334
19.380765115609393 7.089527506526109 -0.0913795299372675 0.049971550647068895
29.07114767341409 7.195557298712166 -0.08917088177053639 0.048840527139541935
38.761530231218785 7.282175779816153 -0.08706919921173185 0.047763465729557406
48.45191278902348 7.3563882972030035 -0.08506687237572855 0.04673652726827694
58.14229534682818 7.421805403562432 -0.08315699701318799 0.04575622987658036
67.83267790451646 7.480576619822175 -0.08133329453844569 0.04481940828719218
77.52306046232115 7.534103671745718 -0.07961190737113151 0.04392397225848824
87.21344302012585 7.583360298045308 -0.07794331544123115 0.04306568089384804
96.90382557793055 7.6290552103267695 -0.07634519348393734 0.04224294028158817
106.59420813573524 7.671723065168222 -0.07753959195809944 0.041453541955893965
116.28459069353994 7.711778865967896 -0.07599944290800105 0.04069545764250714
125.97497325134464 7.749552296760413 -0.07452115710898664 0.03996682122139561
135.66535580914933 7.785310352684826 -0.07265411179506266 0.0394462756866048
145.35573836695403 7.819272800074611 -0.07130017326419268 0.03876692077509047
155.04612092475872 7.851623060172328 -0.06999733499292272 0.03811246565637407
164.73650348256342 7.882516069716455 -0.06874274165830553 0.037481534392918764
174.42688604036812 7.912084084817075 -0.0675337473000306 0.036872851329211496
184.1172685981728 7.940441049522702 -0.06636789643319527 0.03628523209249275
193.8076511559775 7.967685940203299 -0.06607855327121841 0.035717575547260516
203.4980337137822 7.993905364638063 -0.06497094267271544 0.03516885658746729
213.1884162715869 8.019175609216264 -0.06390115655426827 0.034638119666228845
222.8787988293916 8.043564271039367 -0.0628672715535179 0.034124472976349796
232.5691813871963 8.06713157338404 -0.061867493470342136 0.03362708320644402
242.259563945001 8.089931436528357 -0.06090014651222182 0.03314517080721776
251.9499465028057 8.112012357356296 -0.05996366360781661 0.03267800571086049
261.64032906049397 8.133418137887809 -0.05903280433265672 0.03222490345368059
271.33071161829866 8.154188493274948 -0.05815434417368873 0.03178522165826935
281.02109417610336 8.174359562748299 -0.057302585946555934 0.03135835683692189
290.71147673390806 8.193964341769874 -0.05647632014154045 0.03094374148246483
300.40185929171275 8.213033049706596 -0.05573774710480735 0.030542966429553845
310.09224184951745 8.231593444359595 -0.05495749229795779 0.03015122372276573
319.78262440732215 8.249671092396596 -0.05419959603071899 0.029770221205679088
329.47300696512684 8.267289602967805 -0.053463101769425626 0.029399510778441315
339.16338952293154 8.28447083040794 -0.05274710709906653 0.02903866917844874
348.85377208073623 8.301235050844202 -0.05202388199309937 0.02868993675232001
358.54415463854093 8.317601116671753 -0.05134707124956788 0.02834758578745213
368.2345371963456 8.333586592173237 -0.050688306165932985 0.02801396995723063
377.9249197541503 8.349207873007286 -0.05004686840840813 0.02768874937558167
387.615302311955 8.364480291844274 -0.04942207740583482 0.02737160176025715
397.3056848697597 8.379418212062477 -0.04881328789317718 0.027062221302151412
406.9960674275644 8.39403511111802 -0.04821988764483258 0.026760317620917788
416.6864499853691 8.408344031661382 -0.04764129538082807 0.026465614799275006
426.3768325431738 8.43152895772446 -0.047130656270996864 0.026179535760146016
436.0672151009785 8.458684091247836 -0.0465786698091085 0.025898417025831243
445.7575976586668 8.484777661755011 -0.04603998372159287 0.025623751734010287
455.4479802164715 8.509885242010608 -0.04551411745129533 0.025355313351101992
465.1383627742762 8.534074574285995 -0.04500061351250005 0.025092885956090435
474.82874533208087 8.557406644449635 -0.04449903610575515 0.024836263622556143
484.51912788988557 8.579936574206148 -0.043988685012268026 0.024585249843580726
494.20951044769026 8.601714367206657 -0.043510255373800294 0.024339656996061363
503.89989300549496 8.622785536783578 -0.04306601551825804 0.024099996587815274
513.5902755632997 8.64319163712495 -0.04260804751230481 0.023864698134295134
523.2806581211044 8.662970715212838 -0.04216011789816067 0.023634307098015523
532.971040678909 8.682157697404062 -0.041721896365528886 0.0234086666544022
542.6614232367137 8.700784721849118 -0.04129306704577209 0.02318762668138231
552.3518057945184 8.718881425830345 -0.040873327723085086 0.022971043402710608
562.0421883523231 8.736475195415885 -0.04046238909771703 0.022758779053937545
571.7325709101278 8.753591383472715 -0.04005997409715801 0.022550701569350892
581.4229534679325 8.770253500989416 -0.03966581723158693 0.022346684288362954
591.1133360257372 8.786483385774005 -0.03927966399021483 0.022146605679942477
600.8037185835419 8.802301351873629 -0.038901270275459615 0.021950349083804884
610.4941011413466 8.817726322479507 -0.0385304018721575 0.021757802467179364
620.1844836991513 8.83277594860683 -0.038166833949257906 0.021568858196065518
629.8748662568396 8.847466715454285 -0.037810350591669956 0.021383412819981358
639.5652488146443 8.861814038036789 -0.03746074436009413 0.021201366869267105
649.255631372449 8.87583234742682 -0.03711781587693917 0.021022624664127687
658.9460139302537 8.889535168738878 -0.03678137343643386 0.020847094134584312
668.6363964880584 8.902935191815864 -0.03645123263733805 0.020674686650643356
678.3267790458631 8.916044335440883 -0.03612721603669839 0.020505316861998434
688.0171616036678 8.928873805781873 -0.03580915282324397 0.02033890254664748
697.7075441614725 8.941434149681589 -0.03549687850912078 0.020175364467849937
707.3979267192772 8.95373530332591 -0.03519023463876367 0.020014626238891626
717.0883092770819 8.965786636756738 -0.03488906851379446 0.019856614195163158
726.7786918348866 8.977596994639276 -0.03459323293291813 0.019701257273093433
736.4690743926913 8.989174733645473 -0.03430258594586366 0.0195484868955124
746.159456950496 9.000527756774128 -0.03401699062048692 0.019398236863047157
755.8498395083006 9.011663544892821 -0.033736314822215195 0.01925044325118336
765.5402220661053 9.022589185755972 -0.03346043100507256 0.01910504431264918
775.23060462391 9.03331140072657 -0.03318921601357813 0.018961980384802724
784.9209871817147 9.043836569405636 -0.03292255089485922 0.018821193801725637
794.6113697395194 9.054170752352961 -0.03266032072036674 0.018682628810745342
804.3017522973241 9.064319712064336 -0.03240241441662213 0.018546231493127403
813.9921348550124 9.074288932354337 -0.032148724604467015 0.018411949688697755
823.6825174128171 9.084083636280267 -0.031899147446301165 0.018279732924159773
833.3728999706218 9.093708802727608 -0.031653582500891106 0.018149532344919037
843.0632825284265 9.103169181770056 -0.031411932585256104 0.0180213006501864
852.7536650862312 9.112469308903009 -0.031174103643273016 0.017894992031198872
862.4440476440359 9.121613518242588 -0.030940004620603444 0.017770562112375786
872.1344302018406 9.130605954773392 -0.030709547345592787 0.0176479678952497
881.8248127596453 9.139450585720784 -0.030482646415809764 0.01752716770502039
891.51519531745 9.148151211117003 -0.030259219089916235 0.01740812113958943
901.2055778752547 9.15671147362423 -0.03003918518457662 0.01729078902094176
910.8959604330594 9.165134867672483 -0.029822466976133902 0.017175133348748813
920.5863429908641 9.173424747965145 -0.02960898910679653 0.017061117256075353
930.2767255486688 9.181584337400551 -0.029398678495095823 0.016948704967079332
939.9671081064735 9.189616734454107 -0.029191464250388145 0.016837861756600563
949.6574906642782 9.197524920061475 -0.028987277591189783 0.01672855391154047
959.3478732220829 9.205311764040372 -0.02878605176714503 0.016620748693940573
969.0382557798875 9.212980031085198 -0.02858772198443981 0.016514414305673023
978.7286383376922 9.22053238636611 -0.028392225334484267 0.016409519854661454
988.4190208954969 9.227971400761533 -0.028199500725697997 0.01630603532255511
998.1094034531852 9.235299555750794 -0.02800948881824344 0.01620393153378488
