-1007.7997860109899 10.79287405212086 -0.01289692970437641 0.014294032441725621
-998.1094034531852 10.799552524718761 -0.012812922433517289 0.014200583871127928
-988.4190208953805 10.806106959494025 -0.012730004265424364 0.014108349311152006
-978.7286383376922 10.812540607708417 -0.012648154121257433 0.014017305255500972
-969.0382557798875 10.818856592458904 -0.012567351463625523 0.013927428800883816
-959.3478732220829 10.825057915968248 -0.01248757627928406 0.013838697627807369
-949.6574906642782 10.831147466353473 -0.012408809062483473 0.013751089982087477
-939.9671081064735 10.837128023913403 -0.01233103079895454 0.013664584657063552
-930.2767255486688 10.843002266974601 -0.012254222950496765 0.013579160976479489
-920.5863429908641 10.848772777330858 -0.012178367440144215 0.013494798778002916
-910.8959604330594 10.854442045308582 -0.012103446637883783 0.013411478397355186
-901.2055778752547 10.860012474487489 -0.012029443346901881 0.013329180653025905
-891.51519531745 10.865486386103612 -0.011956340790336863 0.01324788683154701
-881.8248127596453 10.870866023159312 -0.011884122598515574 0.013167578673302632
-872.1344302018406 10.87615355426281 -0.011812772796653477 0.013088238358852132
-862.4440476440359 10.881351077218035 -0.011742275792998766 0.013009848495744823
-852.7536650862312 10.886460622383701 -0.011672616367401845 0.012932392105805855
-843.0632825284265 10.891484155819082 -0.011603779660292473 0.012855852612873687
-833.3728999706218 10.896423582232444 -0.01153575116204761 0.01278021383097066
-823.6825174128171 10.901280747746824 -0.011468516702733956 0.01270545995288882
-813.9921348550124 10.906057442496676 -0.011402062442209733 0.012631575539174093
-804.3017522972077 10.910755403067753 -0.01133637486057124 0.012558545507492776
-794.6113697395194 10.915376314791617 -0.011271440748930812 0.012486355122365678
-784.9209871817147 10.919921813905564 -0.011207247200508393 0.012414989985250195
-775.23060462391 10.924393489586882 -0.01114378160203558 0.012344436024969145
-765.5402220661053 10.928792885871362 -0.011081031625444533 0.012274679488455753
-755.8498395083006 10.9331215034635 -0.01101898521984176 0.012205706931814973
-746.159456950496 10.93738080144627 -0.010957630603751179 0.01213750521168371
-736.4690743926913 10.94157219889736 -0.010896956257616596 0.012070061476879215
-726.7786918348866 10.94569707641834 -0.010836950916553538 0.012003363160324444
-717.0883092770819 10.94975677758268 -0.010777603563340803 0.011937397971239728
-707.3979267192772 10.953752610308102 -0.010718903421642533 0.011872153887590577
-697.7075441614725 10.95768584815832 -0.010660839949451974 0.0118076191487819
-688.0171616036678 10.961557731578866 -0.010603402832748493 0.011743782248589215
-678.3267790458631 10.965369469071277 -0.010546581979359808 0.011680631928318029
-668.6363964880584 10.969122238309692 -0.010490367513021737 0.011618157170182821
-658.9460139302537 10.972817187203535 -0.010434749767628 0.011556347190897365
-649.255631372449 10.97645543490966 -0.010379719281663095 0.011495191435468689
-639.5652488146443 10.980038072797187 -0.010325266792811455 0.011434679571187052
-629.8748662568396 10.98356616536795 -0.010271383232736318 0.011374801481804817
-620.1844836990349 10.987040751135195 -0.010218059722022227 0.011315547261897338
-610.4941011413466 10.990462843463124 -0.010165287565275738 0.011256907211399875
-600.8037185835419 10.99383343136977 -0.01011305824637489 0.011198871830310098
-591.1133360257372 10.997153480294774 -0.010061363423871412 0.011141431813560585
-581.4229534679325 11.00042393283494 -0.01001019492652777 0.01108457804604146
-571.7325709101278 11.003645709448753 -0.00995954474899356 0.011028301597778062
-562.0421883523231 11.006819709131884 -0.009909405047612568 0.010972593719254208
-552.3518057945184 11.009946810065232 -0.009859768136356483 0.01091744583687646
-542.6614232367137 11.013027870237028 -0.009810626482880901 0.010862849548574518
-532.971040678909 11.016063728040354 -0.009761972704699244 0.010808796619533044
-523.2806581211044 11.019055202847436 -0.009713799565470551 0.010755278978050247
-513.5902755632997 11.02200309556187 -0.009710701362193439 0.010702288711518985
-503.89989300549496 11.024908189149924 -0.009662860235189778 0.010649818062526063
-494.20951044769026 11.027771249152044 -0.00961549523950155 0.010597859425065765
-484.51912788988557 11.030593024175424 -0.009568599036966916 0.01054640534086371
-474.82874533208087 11.033374246368643 -0.009522164452715604 0.010495448495807323
-465.1383627742762 11.036115631879264 -0.009476184469855837 0.010444981716479257
-455.4479802164715 11.038817881295122 -0.009430652224419595 0.010394997966790423
-445.7575976586668 11.04148168007009 -0.009385561000548303 0.010345490344709234
-436.0672151008621 11.044107698935086 -0.009340904225902596 0.010296452079083886
-426.3768325431738 11.046696594294875 -0.009296675467281927 0.010247876526555188
-416.6864499853691 11.049249008611536 -0.009252868426437131 0.010199757168553503
-406.9960674275644 11.051765570774721 -0.009209476936071602 0.010152087608385657
-397.3056848697597 11.054246896459848 -0.009166494956008886 0.010104861568397468
-387.615302311955 11.056693588474305 -0.009123916569524363 0.010058072887217938
-377.9249197541503 11.059106237092395 -0.009081735979828068 0.010011715517079113
-368.2345371963456 11.061485420379343 -0.009039947506690345 0.009965783521209774
-358.54415463854093 11.063831704504961 -0.008998545583202152 0.009920271071300467
-348.85377208073623 11.066145644047223 -0.008957524752662399 0.009875172445037793
-339.16338952293154 11.068427782286326 -0.008916879665585404 0.009830482023705591
-329.47300696512684 11.070678651489434 -0.008876605076821815 0.009786194289850999
-319.78262440732215 11.072898773186616 -0.008836695842787153 0.009742303825013343
-310.09224184951745 11.075088658438208 -0.008797146918792222 0.009698805307513868
-300.40185929171275 11.077248808093993 -0.008757953356470238 0.009655693510304406
-290.71147673390806 11.079379713044453 -0.008719110301295836 0.009612963298873229
-281.02109417610336 11.08148185446444 -0.00868061299019135 0.009570609629206214
-271.33071161829866 11.0835557040495 -0.008642456749216194 0.009528627545801725
-261.64032906049397 11.085601724245116 -0.008604636991335372 0.009487012179737488
-251.94994650268927 11.087620368469182 -0.008567149214263355 0.009445758746787939
-242.259563945001 11.08961208132785 -0.008529988998380362 0.009404862545590947
-232.5691813871963 11.091577298825175 -0.00849315200471505 0.009364318955859562
-222.8787988293916 11.09351644856642 -0.008456633972997289 0.009324123436644644
-213.1884162715869 11.095429949955681 -0.008420430719769143 0.009284271524637238
-203.4980337137822 11.097318214387705 -0.00838453813655809 0.009244758832516712
-193.8076511559775 11.099181645434237 -0.008348952188107248 0.009205581047340435
-184.1172685981728 11.101020639025052 -0.008386071814483365 0.009170653764170164
-174.42688604036812 11.10283558362387 -0.00835009894459646 0.00913207963422399
-164.73650348256342 11.10462686039926 -0.008314447647100527 0.009093829344402542
-155.04612092475872 11.106394843390843 -0.008279113101736965 0.009055898806515302
-145.35573836695403 11.108139899670759 -0.00824409060906292 0.00901828400230017
-135.66535580914933 11.109862389500744 -0.008209375585376886 0.008980980981845544
-125.97497325134464 11.111562666484812 -0.008480089532019234 0.00894398586206145
-116.28459069353994 11.113241077717783 -0.008441832738549709 0.00890729482519761
-106.59420813573524 11.114897963929753 -0.008403981332524109 0.008870904117406025
-96.90382557793055 11.116533659626631 -0.00836652674528597 0.008834810047346382
-87.21344302012585 11.118148493226899 -0.00832946073265938 0.008799008984832189
-77.52306046232115 11.119742787194692 -0.008292775356646694 0.008763497359516054
-67.83267790451646 11.121316858169315 -0.008256462968451101 0.008728271659612393
-58.14229534671176 11.122871017091343 -0.008220516192710284 0.008693328430656148
-48.45191278902348 11.124405569325349 -0.009681725395238575 0.008658664274296386
-38.761530231218785 11.125920814779528 -0.009892211906179622 0.008655143018619804
-29.07114767341409 11.127417048021977 -0.009833953272961734 0.008620606178065699
-19.380765115609393 11.128894558394146 -0.009776651619450776 0.008586349861882938
-9.690382557804696 11.130353630121302 -0.009720276507247239 0.008552370433952353
0.0 8.478228746153642 -0.026353445392553458 0.03777494193474782
9.690382557804696 8.7526583112712 -0.0260712861933561 0.03734259305386203
19.380765115609393 8.915867696082534 -0.025796092470785674 0.036921242690612206
29.07114767341409 9.038763813065815 -0.0255784989760187 0.0365104601443866
38.761530231218785 9.139040244757771 -0.0253157559853579 0.03610983717107766
48.45191278902348 9.22440100160493 -0.02505923082876597 0.03571898653342551
58.14229534682818 9.29901864218053 -0.02480869295902373 0.035337540662337616
67.83267790463287 9.365450555119168 -0.024563923291258685 0.03496515041939495
77.52306046243757 9.425396101659969 -0.024324713495235118 0.03460148395173011
87.21344302024227 9.48005107663963 -0.02409086533954587 0.03424622563132895
96.90382557804696 9.530293800839221 -0.023862190083314933 0.03389907507158064
106.59420813585166 9.576791310184932 -0.023638507911439347 0.033559746214588466
116.28459069365636 9.620063927640304 -0.02341964740977437 0.03322796648337014
125.97497325146105 9.66052654889309 -0.02320544507700118 0.03290347599362595
135.66535580914933 9.698516134198846 -0.0229957448702202 0.03258602682025026
145.35573836695403 9.73431064059859 -0.022828113495587422 0.032278297969819465
155.04612092475872 9.768142433713498 -0.02262646817560229 0.03197419277385946
164.73650348256342 9.800208021780032 -0.022428911065060494 0.031676451318743304
174.42688604036812 9.830675270799661 -0.022235311461527595 0.03138486708923364
184.1172685981728 9.859688852834347 -0.0220455442963609 0.031099242544635388
193.8076511559775 9.8873744287809 -0.021859489832069503 0.03081938863408473
203.4980337137822 9.91384190771696 -0.021677033379032765 0.030545124342969694
213.1884162715869 9.93918802105342 -0.021498065030145768 0.0302762762681728
222.8787988293916 9.963498380419333 -0.02132247941208042 0.030012678220020437
232.5691813871963 9.986849141024923 -0.021150175451959085 0.029754170848998764
242.259563945001 10.009308359570324 -0.020981056158336467 0.029500601295455977
251.9499465028057 10.030937112786749 -0.020815028415475164 0.029251822860655027
261.6403290606104 10.051790426310276 -0.020703384317348663 0.029010255812265746
271.3307116184151 10.071918051751254 -0.020542576748521942 0.02877060783714386
281.0210941762198 10.09136512116193 -0.020384621477369958 0.028535345783012513
290.7114767340245 10.110172701686603 -0.020229438325721105 0.02830434464511626
300.40185929182917 10.12837826835875 -0.020076950170477205 0.028077484208411423
310.09224184963387 10.146016109341407 -0.01992708279793237 0.02785464881885939
319.78262440732215 10.163117675078416 -0.019893967669294656 0.02763572716773436
329.47300696512684 10.179711880617878 -0.01974758597938546 0.02742061208807339
339.16338952293154 10.195825368623058 -0.019603659754684654 0.027209200362515677
348.85377208073623 10.21148273920752 -0.019462123492902935 0.027001392541744364
358.54415463854093 10.226706751614477 -0.019322914071460008 0.026797092772890496
368.2345371963456 10.246063620321332 -0.01918597063872737 0.026596208637251886
377.9249197541503 10.267301293119907 -0.019118434339392976 0.02639865099674436
387.615302311955 10.28773070906993 -0.018984938322777676 0.02620433384854126
397.3056848697597 10.30740510502172 -0.018853562712983274 0.02601317418739579
406.9960674275644 10.326372606836678 -0.01872425380488927 0.025825091875175975
416.6864499853691 10.3446768650106 -0.018759495505073547 0.025640009517174968
426.3768325431738 10.36235759579869 -0.018631954740501697 0.02545785234478891
436.0672151009785 10.379451043791589 -0.018506389772108018 0.025278548104182976
445.7575976587832 10.395990378899898 -0.01838275150312078 0.025102026950591556
455.4479802165879 10.41200603833995 -0.018260992519177052 0.02492822134792214
465.1383627743926 10.42752602231706 -0.01814106701467613 0.024757065973354756
474.8287453321973 10.442576150568927 -0.0180229307230813 0.024588497626649015
484.519127890002 10.457180285688871 -0.017906540850917044 0.024422455143889448
494.2095104478067 10.471360528141973 -0.01779185601522809 0.024258879315417477
503.89989300549496 10.485137387073623 -0.017678836184285028 0.024097712807716568
513.5902755632997 10.498529930353497 -0.017567442621327936 0.023938900089018274
523.2806581211044 10.511555916761406 -0.017457637831182152 0.023782387358451937
532.971040678909 10.524231912791086 -0.017349385509546424 0.0236281224785054
542.6614232367137 10.53657339618106 -0.017504107488340085 0.023500120133418758
552.3518057945184 10.548594847982077 -0.01739529778531572 0.02334987339495111
562.0421883523231 10.560309834711404 -0.017288033846331798 0.023201736238785353
571.7325709101278 10.571731081921914 -0.017182279875106423 0.023055662216564462
581.4229534679325 10.582870540321803 -0.01707800124630272 0.0229116062678945
591.1133360257372 10.593739445413293 -0.01697516445511581 0.022769524668172933
600.8037185835419 10.604348371474215 -0.016873737069607823 0.022629374978777962
610.4941011413466 10.61470728058161 -0.016773687685606217 0.022491115999493307
620.1844836991513 10.624825567270044 -0.016674985883995724 0.022354707723051034
629.874866256956 10.634712099327082 -0.016577602190247644 0.022220111291682033
639.5652488147607 10.64437525515239 -0.016481508036042553 0.022087288955570137
649.2556313725654 10.65382295804385 -0.016386675722853548 0.02195620403311253
658.9460139303701 10.663062707721537 -0.016293078387367335 0.021826820872894268
668.6363964881748 10.672101609357169 -0.016200689968629636 0.02169910481729074
678.3267790459795 10.68094640034119 -0.016109485176809754 0.02157302216761636
688.0171616037842 10.68960347499021 -0.01601943946348694 0.02144854015074276
697.7075441614725 10.698078907373402 -0.015930528993369133 0.02132562688711564
707.3979267192772 10.70637847241703 -0.015842730617353657 0.021204251360092973
717.0883092770819 10.714507665427398 -0.015756021846867873 0.021084383386562308
726.7786918348866 10.722471720162043 -0.01567038082939553 0.02096599358874667
736.4690743926913 10.73027562556313 -0.015585786325137269 0.02084905336716376
746.159456950496 10.737924141259024 -0.015502217684735605 0.02073353487467514
755.8498395083006 10.745421811929846 -0.015419654828006517 0.020619410991575476
765.5402220661053 10.75277298062519 -0.01533807822362247 0.020506655301673223
775.23060462391 10.759981801114815 -0.015257468869695551 0.02039524206931661
784.9209871817147 10.767052249346685 -0.015177808275212297 0.020285146217321456
794.6113697395194 10.773988134080854 -0.015099078442275257 0.020176343305759323
804.3017522973241 10.780793106762415 -0.015580667528300653 0.02016208241310241
813.9921348551288 10.78747067069177 -0.015798584900140397 0.02009066293989544
823.6825174129335 10.794024189545878 -0.01571100046442358 0.019983867892500836
833.3728999707382 10.800456895300202 -0.01562458722931028 0.019878320113811347
843.0632825285429 10.806771895596992 -0.015558455060212806 0.0197745398651789
852.7536650863476 10.812972180602207 -0.015474041411302677 0.019671409766756614
862.4440476441523 10.81906062938996 -0.015390725206901688 0.019569458884232185
872.134430201957 10.825040015890378 -0.015308481186006594 0.019468665642087966
881.8248127596453 10.830913014433959 -0.015227284984281669 0.019369009022072045
891.51519531745 10.836682204923372 -0.015159652652566106 0.019270769071368935
901.2055778752547 10.8423500776597 -0.015080312759973891 0.019173320709682896
910.8959604330594 10.847919037850563 -0.015022919281036046 0.019077509885311653
920.5863429908641 10.853391409822917 -0.014945242026100657 0.018982188600988034
930.2767255486688 10.85876944096296 -0.014868514545142436 0.018887906865277828
939.9671081064735 10.86405530540338 -0.014792716547824793 0.01879464661577017
949.6574906642782 10.869251107476655 -0.014717828405294585 0.018702390229736247
959.3478732220829 10.874358884951622 -0.014643831120092371 0.018611120509987707
969.0382557798875 10.879380612069163 -0.014570706297839032 0.018520820671322134
978.7286383376922 10.884318202391729 -0.014501747560300727 0.018431595678338266
988.4190208954969 10.889173511480088 -0.01443026952855669 0.01834318517211201
998.1094034533016 10.89394833940981 -0.014361077365567139 0.018255725377919953
