-1007.7997860111063 9.779475241708429 -0.013988874669697227 0.018343546700385977
-998.1094034533016 9.778315302139962 -0.0138452331921053 0.01808890528924591
-988.4190208954969 9.777136443626436 -0.013705337343892945 0.0178416204080751
-978.7286383376922 9.775938949247218 -0.013569028082467795 0.01760137309999233
-969.0382557798875 9.77472314801561 -0.013486867320205128 0.01737002427319742
-959.3478732220829 9.773489412973415 -0.013355985386526518 0.017142911342936256
-949.6574906642782 9.77223815913668 -0.013228330709896626 0.016921986363016273
-939.9671081064735 9.770969841317534 -0.013103772337711187 0.01670699586386242
-930.2767255486688 9.76968495184546 -0.012982186619191602 0.016497700097791786
-920.5863429908641 9.768384018209872 -0.012863456688811744 0.016293872121162737
-910.8959604331758 9.767067600644491 -0.012971732822178252 0.01609529694932225
-901.2055778753711 9.765736289672422 -0.012852671590088164 0.015901770777678657
-891.5151953175664 9.764390703629916 -0.01273643598442396 0.015713100262965796
-881.8248127597617 9.763031486184799 -0.012622911256990154 0.015529101859290247
-872.134430201957 9.76165930386479 -0.01251198940634291 0.015349601204177304
-862.4440476441523 9.760068106719702 -0.012403568643232618 0.01517443255025976
-852.7536650863476 9.756758629264926 -0.012439362398541435 0.015003438238697372
-843.0632825285429 9.75335838367312 -0.012332031226224695 0.01483646821079152
-833.3728999707382 9.749877015582408 -0.012227109654311364 0.01467337955459861
-823.6825174129335 9.74632437382992 -0.012124503158621508 0.014514036083647963
-813.9921348551288 9.74271040122401 -0.01239837158333738 0.01435830794514083
-804.3017522973241 9.739045035491849 -0.012290479135941017 0.014206071255249355
-794.6113697395194 9.735338121078614 -0.012185134994515116 0.014057207759352004
-784.9209871817147 9.731599332029765 -0.012082228426691833 0.013911604515237172
-775.23060462391 9.727838105829278 -0.011981656114075031 0.013769153597482486
-765.5402220661053 9.724063587790654 -0.011883321464245467 0.013629751821375581
-755.8498395083006 9.720284585396632 -0.011787134004452735 0.013493300484884639
-746.159456950496 9.716509531848411 -0.011693008845314467 0.013359705127316051
-736.4690743926913 9.71274645800486 -0.01160086620477071 0.013228875303412723
-726.778691835003 9.709002971856258 -0.011510630984112542 0.013100724371753553
-717.0883092771983 9.705286244675221 -0.011422232389183268 0.01297516929639927
-707.3979267193936 9.701603003012316 -0.01133560359093202 0.012852130460848581
-697.7075441615889 9.69795952574429 -0.01125068142033778 0.012731531493393218
-688.0171616037842 9.694361645438137 -0.011372696693808228 0.012627675282326814
-678.3267790459795 9.690814753353967 -0.011285714558303505 0.012511368163830841
-668.6363964881748 9.687323807473593 -0.011200535359776926 0.012397308336249484
-658.9460139303701 9.683893343005717 -0.011117088455192582 0.012285429488348976
-649.2556313725654 9.680527484880644 -0.011035307602078468 0.012175667957129991
-639.5652488147607 9.677229961806455 -0.010955130569273077 0.012067962591375759
-629.874866256956 9.674004121513507 -0.0108764987924116 0.0119622546242395
-620.1844836991513 9.6708529468645 -0.010799357067900563 0.011858487554082609
-610.4941011413466 9.667779072553172 -0.010723653280144374 0.011756607032867041
-600.8037185835419 9.664784802155667 -0.010649338157615738 0.011656560761483442
-591.1133360257372 9.661872125335282 -0.010576365054043175 0.011558298391463379
-581.4229534679325 9.65904273503358 -0.010504689751550585 0.011461771432581173
-571.7325709101278 9.6562980445093 -0.010434270283050079 0.011366933165900695
-562.0421883523231 9.65363920411129 -0.010365066771577792 0.011273738561865494
-552.3518057945184 9.651067117693223 -0.010297041284587227 0.011182144203068477
-542.6614232367137 9.648582458596545 -0.010230157701487922 0.011092108211370584
-532.9710406790255 9.646185685144125 -0.010164381592948317 0.011003590179068233
-523.2806581212208 9.643877055600644 -0.010099680110671415 0.010916551103828064
-513.5902755634161 9.641656642568066 -0.010036021886534107 0.01083095332715287
-503.8998930056114 9.639524346793483 -0.009973376940094874 0.010746760476126108
-494.2095104478067 9.637479910376012 -0.009911716593623514 0.010663937408238521
-484.519127890002 9.635522929365862 -0.009851013393893599 0.010582450159094285
-474.8287453321973 9.633652865754785 -0.009791241040073694 0.010502265892817293
-465.1383627743926 9.631869058861922 -0.00973237431712987 0.01042335285499016
-455.4479802165879 9.630170736123079 -0.009674389034219095 0.01034568032797154
-445.7575976587832 9.628557023294686 -0.009617261967611436 0.010269218588448197
-436.0672151009785 9.627026954086288 -0.009560970807729628 0.010193938867088907
-426.3768325431738 9.625579479237455 -0.00981958960128111 0.01015302727643291
-416.6864499853691 9.624213475056582 -0.009964419664047632 0.010096760971396064
-406.9960674275644 9.6229277514402 -0.009897419972426092 0.010023591859281282
-397.3056848697597 9.621721059392275 -0.009831825936436991 0.00995156165348858
-387.615302311955 9.620592098063481 -0.009789025583198217 0.009881197157799265
-377.9249197541503 9.619539521330772 -0.009725498575893391 0.009811344247480255
-368.2345371963456 9.618561943937646 -0.009663222528831065 0.009742547041427168
-358.54415463854093 9.617657947215479 -0.009602143510377694 0.009674779679937693
-348.85377208085265 9.616826084406043 -0.009542211485911252 0.009608017279231482
-339.16338952304795 9.616064885604985 -0.009497840273212899 0.009542556475071243
-329.47300696524326 9.615372862345863 -0.009439696995830162 0.009477724784902511
-319.78262440743856 9.614748511843423 -0.009406272677185815 0.009414410017145242
-310.09224184963387 9.614190320914728 -0.009349552526230187 0.009351413912033478
-300.40185929182917 9.613696769595844 -0.009293821801004038 0.009289312217681618
-290.7114767340245 9.613266334471351 -0.009239043830130304 0.009228084769001353
-281.0210941762198 9.612897491733221 -0.009185184231686653 0.009167712068445218
-271.3307116184151 9.612588719985002 -0.009132210712433824 0.00910817525328152
-261.6403290606104 9.612338502806592 -0.009080092889171203 0.00904945606526906
-251.9499465028057 9.61214533109419 -0.009032473262219414 0.008991656388036433
-242.259563945001 9.612007705189434 -0.008981887135473918 0.008934516851353842
-232.5691813871963 9.611924136810988 -0.008933857583881852 0.008878176454387732
-222.8787988293916 9.611893150801318 -0.008884759485799441 0.00882255268162956
-213.1884162715869 9.611913286700686 -0.008864445968444134 0.008768448325407878
-203.4980337137822 9.61198310015983 -0.008816079046001294 0.0087142587121705
-193.8076511559775 9.6121011642022 -0.008778530689188277 0.008660968820951262
-184.1172685981728 9.61226607034605 -0.008731336954087981 0.008608171399162427
-174.42688604036812 9.612476429596132 -0.008684837936419356 0.008556051629083865
-164.73650348267984 9.612730873314186 -0.008639012425158306 0.008504595929170711
-155.04612092487514 9.613028053976981 -0.008593840329214326 0.008453791102143516
-145.35573836707044 9.613366645830045 -0.008549302590255747 0.008403624319879661
-135.66535580926575 9.613745345444881 -0.008505381104447327 0.00835408310914862
-125.97497325146105 9.614162872186942 -0.00846205865199173 0.008305155338131103
-116.28459069365636 9.61461796860119 -0.00841931883351854 0.00825682920365714
-106.59420813585166 9.615109400721726 -0.008377146012505493 0.008209093219108772
-96.90382557804696 9.615635958311515 -0.008335525263029593 0.00816193620293857
-87.21344302024227 9.616196455037876 -0.008294442322242199 0.008115347267759566
-77.52306046243757 9.616789728589088 -0.008253883547043065 0.008069315809967077
-67.83267790463287 9.617414640737055 -0.008213835874496853 0.00802383149985627
-58.14229534682818 9.618070077350708 -0.008198981241295146 0.007979625870340653
-48.45191278902348 9.618754948364524 -0.0081592915226403 0.0079351870798462
-38.761530231218785 9.619468187706158 -0.00812010792222961 0.007891266932359578
-29.07114767341409 9.620208753187068 -0.008081417110827554 0.007847856036120706
-19.380765115609393 9.62097562635961 -0.00804320639794585 0.007804945236632887
-9.690382557804696 9.621767812343887 -0.008005463683354672 0.007762525608423911
0.0 9.622584339627478 -0.006235397574223019 0.008117257075068687
9.690382557804696 2.0971716684686053 -0.04980590332174862 0.11767157018194223
19.380765115492977 2.4840182818855503 -0.048703148925145 0.11483151952951859
29.071147673297673 2.78218558658857 -0.0476537797868436 0.11213085016773601
38.76153023110237 3.0314929522993994 -0.04519053954689609 0.10959921712925655
48.451912788907066 3.2485968724978953 -0.0442909001993882 0.10714728327388869
58.14229534671176 3.442370990583589 -0.04553030461406962 0.10522136157325748
67.83267790451646 3.618214388221743 -0.04463774545422205 0.10297449679695489
77.52306046232115 3.7797051951199636 -0.04378372818483531 0.10082562175812905
87.21344302012585 3.929361362725605 -0.04296575197324797 0.09876840149538375
96.90382557793055 4.069035556108004 -0.042181529008689406 0.09679703689527755
106.59420813573524 4.200138759035018 -0.04142896223904965 0.0949062091700033
116.28459069353994 4.323775531941964 -0.04070612584732596 0.0930910311004451
125.97497325134464 4.440830194813085 -0.04001124808170451 0.09134700410182454
135.66535580914933 4.552024099891403 -0.039342696114275204 0.08966998031639324
145.35573836695403 4.657955039110082 -0.038698962653751334 0.08805612905949303
155.04612092475872 4.75912516401941 -0.03807865407930975 0.08650190704656238
164.73650348256342 4.8559612669758465 -0.03748047989739455 0.08500403191311118
174.42688604036812 4.948829834668996 -0.036903243352328405 0.08355945861037194
184.1172685981728 5.038048433743343 -0.036345833045880065 0.08216535831870245
193.8076511559775 5.123894466127447 -0.035807215441378076 0.0808190995708456
203.4980337136658 5.206612001466269 -0.035286428145213905 0.0795182313194663
213.1884162714705 5.286417179513838 -0.03492198838566809 0.07826716299729383
222.87879882927518 5.3635025325556684 -0.03443061967477943 0.07705019634120717
232.56918138707988 5.438040480909465 -0.033954745788436595 0.07587221353400547
242.25956394488458 5.510186187258111 -0.03349362081813785 0.07473134669171835
251.94994650268927 5.580079908161584 -0.03304654651774461 0.07362584585209538
261.64032906049397 5.647848947111636 -0.032612868529211685 0.072554069801326
271.33071161829866 5.713609288801619 -0.03219197296403372 0.07151447774443923
281.02109417610336 5.777466976099817 -0.03178328330153842 0.0705056217301893
290.71147673390806 5.839519277660031 -0.03138625756999475 0.06952613975185476
300.40185929171275 5.899855683885175 -0.03100038578066427 0.06857474945459482
310.09224184951745 5.95855876117686 -0.030625187588512133 0.06765024238802624
319.78262440732215 6.0157048884183375 -0.030402230509994837 0.06675751065895988
329.47300696512684 6.0713648949932555 -0.030043429938632824 0.06588326087484092
339.16338952293154 6.125604616008008 -0.029709336001769445 0.06503325726782826
348.85377208073623 6.178485377518646 -0.029368888429312855 0.06420534762032565
358.54415463854093 6.230064422285581 -0.02903726317677004 0.06339922550232896
368.2345371963456 6.280395284757256 -0.028714106532425572 0.06261402907561986
377.9249197541503 6.329528122516367 -0.02839908386140758 0.06184894160374235
387.615302311955 6.377510010233648 -0.028091878309520396 0.06110318853353929
397.3056848696433 6.424385201204588 -0.027792189614244695 0.0603760348006957
406.996067427448 6.4701953607547695 -0.02749973301230354 0.059666782339409224
416.6864499852527 6.545300604894184 -0.027214238234502294 0.058974767778474636
426.3768325430574 6.6383775412720105 -0.026935448579489846 0.058299360307526096
436.0672151008621 6.727175010141866 -0.02666312005913832 0.057639959699057296
445.7575976586668 6.811995712666639 -0.026397020608965954 0.05699599447305255
455.4479802164715 6.89311137554328 -0.026136929357754784 0.056366920192372605
465.1383627742762 6.970767019130877 -0.025882635951124968 0.055752217878145716
474.82874533208087 7.045184487326566 -0.025633939924368014 0.055151392535414304
484.51912788988557 7.116565390949821 -0.02539065012031596 0.054563971780182394
494.20951044769026 7.185093580693124 -0.025152584148444145 0.05398950455981385
503.89989300549496 7.25093723936419 -0.024919567881776974 0.053427559959453974
513.5902755632997 7.314250663487281 -0.024691434988496106 0.05287772608779713
523.2806581211044 7.375175789492316 -0.024468026495444856 0.052339609036110415
532.971040678909 7.433843508403017 -0.024249190380983835 0.051812831904950514
542.6614232367137 7.490374804220009 -0.024034781194887538 0.05129703389349036
552.3518057945184 7.544881744423128 -0.023824659703180567 0.05079186944680311
562.0421883523231 7.597468345711249 -0.02361869255600027 0.05029700745684258
571.7325709101278 7.648231333907816 -0.023416751976741226 0.049812130513213385
581.4229534678161 7.697260813626036 -0.023218715470891167 0.04933693420015193
591.1133360256208 7.744640860621139 -0.023024465553088295 0.048871126436391174
600.8037185834255 7.7904500475913405 -0.022833889491103033 0.048414426854967545
610.4941011412302 7.8347619124621515 -0.022646879065475776 0.04796656622007025
620.1844836990349 7.877645376741902 -0.022463330343726787 0.047527285878454
629.8748662568396 7.919165120378226 -0.022283143468095516 0.04709633724301597
639.5652488146443 7.959381918575297 -0.02210622245586662 0.046673481306361904
649.255631372449 7.998352945231355 -0.021932475011413124 0.04625848818234763
658.9460139302537 8.036132046988802 -0.02176181234915574 0.04585113667373539
668.6363964880584 8.072769991330658 -0.021594149026700107 0.045451213864244944
678.3267790458631 8.108314691687614 -0.021429402787470547 0.04505851473340711
688.0171616036678 8.142811412123699 -0.021267494412211242 0.04467284179274537
697.7075441614725 8.176302953832607 -0.021108347578773234 0.04429400474191984
707.3979267192772 8.208829825391078 -0.020951888729649173 0.04392182014356558
717.0883092770819 8.240430398471723 -0.020798046946757662 0.043556111115649936
726.7786918348866 8.271141050508714 -0.020646753833015632 0.04319670704025635
736.4690743926913 8.300996295630059 -0.020497943400270585 0.04284344328777991
746.159456950496 8.330028905015233 -0.02035155196319544 0.04249616095559022
755.8498395083006 8.35827001770293 -0.020207518038777045 0.04215470662028386
765.5402220659889 8.385749242757035 -0.02006578225105699 0.04181893210271192
775.2306046237936 8.41249475360009 -0.019926287240795676 0.04148869424499656
784.9209871815983 8.438533375228262 -0.019788977579788168 0.041163854698886636
794.611369739403 8.463890664956248 -0.019653799689521162 0.040844279724708304
804.3017522972077 8.488590987261171 -0.019520701763939205 0.04052984000035298
813.9921348550124 8.51265758324199 -0.01938963369606918 0.04022041043969984
823.6825174128171 8.536112635156172 -0.019260547008280827 0.03991587001993721
833.3728999706218 8.558977326449341 -0.019133394785973534 0.03961610161727762
843.0632825284265 8.581271897652673 -0.01900813161449394 0.039320991850593484
852.7536650862312 8.603015698486336 -0.018884713519101124 0.039030430932531994
862.4440476440359 8.624227236475075 -0.018763097907808404 0.038744312527693565
872.1344302018406 8.644924222353106 -0.018643243516941466 0.03846253361748678
881.8248127596453 8.665123612509948 -0.018525110359262603 0.0381849943712947
891.51519531745 8.684841648705715 -0.018408659674520707 0.03791159802361162
901.2055778752547 8.704093895263952 -0.018293853882294948 0.03764225075682933
910.8959604330594 8.722895273931563 -0.01818065653700856 0.037376861589371924
920.5863429908641 8.74126009657885 -0.018069032284996556 0.037115342268896304
930.2767255486688 8.759202095897788 -0.01795894682351851 0.03685760717029248
939.9671081064735 8.776734454243131 -0.017850366861613735 0.03660357319823353
949.6574906641617 8.793869830748731 -0.017743260082704056 0.036353159694043125
959.3478732219664 8.810620386841766 -0.01763759510884583 0.036106288346641126
969.0382557797711 8.826997810263476 -0.0175333414665652 0.03586288310740354
978.7286383375758 8.843013337703072 -0.017430469554170793 0.035622870108680524
988.4190208953805 8.858677776136169 -0.017328950610487476 0.035386177585832186
998.1094034531852 8.874001522955995 -0.017228756684932338 0.03515273580258957
