-639.5652488147607 8.981855752170846 0.0 0.0
-629.874866256956 8.981855752170846 0.0 0.0
-620.1844836991513 8.981855752170846 0.0 0.0
-610.4941011413466 8.981855752170846 0.0 0.0
-600.8037185835419 8.981855752170846 0.0 0.0
-591.1133360257372 8.981855752170846 0.0 0.0
-581.4229534679325 8.981855752170846 0.0 0.0
-571.7325709101278 8.981855752170846 0.0 0.0
-562.0421883523231 8.981855752170846 0.0 0.0
-552.3518057945184 8.981855752170846 0.0 0.0
-542.6614232368302 8.981855752170846 0.0 0.0
-532.9710406790255 8.981855752170846 0.0 0.0
-523.2806581212208 8.981855752170846 0.0 0.0
-513.5902755634161 8.981855752170846 0.0 0.0
-503.8998930056114 8.981855752170846 0.0 0.0
-494.2095104478067 8.981855752170846 0.0 0.0
-484.519127890002 8.981855752170846 0.0 0.0
-474.8287453321973 8.981855752170846 0.0 0.0
-465.1383627743926 8.981855752170846 0.0 0.0
-455.4479802165879 8.981855752170846 0.0 0.0
-445.7575976587832 8.981855752170846 0.0 0.0
-436.0672151009785 8.981855752170846 0.0 0.0
-426.3768325431738 8.981855752170846 0.0 0.0
-416.6864499853691 8.981855752170846 0.0 0.0
-406.9960674275644 8.981855752170846 0.0 0.0
-397.3056848697597 8.981855752170846 0.0 0.0
-387.615302311955 8.981855752170846 0.0 0.0
-377.9249197541503 8.981855752170846 -0.0001642707618949498 0.0
-368.2345371963456 8.981855752170846 -0.00016306240377004028 0.0
-358.54415463865735 8.981855752170846 -0.0001618716929393517 0.0
-348.85377208085265 8.981855752170846 -0.00016069824561425468 0.0
-339.16338952304795 8.981855752170846 -0.00015954168905477688 0.0
-329.47300696524326 8.981855752170846 -0.00015840166117479828 0.0
-319.78262440743856 8.981855752170846 -0.00015727781016412282 0.0
-310.09224184963387 8.981855752170846 -0.00015616979412651084 0.0
-300.40185929182917 8.981855752170846 -0.0001550772807329049 0.0
-290.7114767340245 8.981855752170846 -0.0001539999468891101 0.0
-281.0210941762198 8.981855752170846 -0.00015293747841723063 0.0
-271.3307116184151 8.981855752170846 -0.0001518895697502027 0.0
-261.6403290606104 8.981855752170846 -0.00015085592363880076 0.0
-251.9499465028057 8.981855752170846 -0.00014983625087052523 0.0
-242.259563945001 8.981855752170846 -0.00014883026999981528 0.0
-232.5691813871963 8.981855752170846 -0.00014783770708905666 0.0
-222.8787988293916 8.981855752170846 -0.0001468582954598841 0.0
-213.1884162715869 8.981855752170846 -0.00014589177545430457 0.0
-203.4980337137822 8.981855752170846 -0.00014493789420519154 0.0
-193.8076511559775 8.981855752170846 -0.00014399640541572404 0.0
-184.1172685981728 8.981855752170846 -0.0005620282161241781 0.0
-174.42688604036812 8.981855752170846 -0.0005580111169822617 0.0
-164.73650348267984 8.981855752170846 -0.0005540512378575627 0.0
-155.04612092487514 8.981855752170846 -0.0018135567067395747 0.0
-145.35573836707044 8.981855752170846 -0.001800367297405875 0.0
-135.66535580926575 8.981855752170846 -0.001787368648953292 0.0
-125.97497325146105 8.981855752170846 -0.0017745566469352847 0.0
-116.28459069365636 8.981855752170846 -0.001761927294524511 0.0
-106.59420813585166 8.981855752170846 -0.0017494767083353797 0.0
-96.90382557804696 8.981855752170846 -0.0023244228931586 0.0
-87.21344302024227 8.981855752170846 -0.0023079938945187923 0.0
-77.52306046243757 8.981855752170846 -0.002291795888613038 0.0
-67.83267790463287 8.981855752170846 -0.002275824030610065 0.0
-58.14229534682818 8.981855752170846 -0.002260073610404321 0.0
-48.45191278902348 8.981855752170846 -0.0022445400479596364 0.0
-38.761530231218785 8.981855752001469 -0.008553616081616673 0.0
-29.07114767341409 8.981855751950556 -0.008491772563731268 0.0
-19.380765115609393 8.981855751880193 -0.00940548779040774 0.0
-9.690382557804696 8.981855751786814 -0.009338241678578283 0.0
0.0 8.981855751664467 -0.010878347065497972 0.00034046439668264497
9.690382557804696 6.054102522792643 -0.0290256197908804 0.04028712860614281
19.380765115492977 6.2128288212339955 -0.028815251273493197 0.0399902726228878
29.071147673297673 6.325040530873294 -0.028607913185147316 0.03969775941417895
38.76153023110237 6.414907314966046 -0.03571796997574441 0.04253011736705243
48.451912788907066 6.490980109118448 -0.035462705441112165 0.0422230580101155
58.14229534671176 6.557468753850193 -0.035211067089525074 0.04192040081437403
67.83267790451646 6.61681327828238 -0.0349629781312236 0.04162205178349563
77.52306046232115 6.67057673475128 -0.03471836393112481 0.04132791957836253
87.21344302012585 6.719831103611731 -0.03447715193372148 0.04103791542383088
96.90382557793055 6.765349054703784 -0.03423927159110254 0.040751953019388866
106.59420813573524 6.807709044407675 -0.034004654293944565 0.04046994845352468
116.28459069353994 6.847357281958973 -0.0337732333053322 0.04019182012162618
125.97497325134464 6.884646400897545 -0.03354494369727291 0.039917488647243156
135.66535580914933 6.919860716846819 -0.03331972228977908 0.03964687680655283
145.35573836695403 6.953233352119142 -0.0330975075923968 0.039379909455877354
155.04612092475872 6.984958214347306 -0.03287823974806769 0.03911651346211069
164.73650348256342 7.0151986006287155 -0.03266186047921551 0.038856617635919126
174.42688604036812 7.044093520340133 -0.03244831303595562 0.03860015266758776
184.1172685981728 7.071762434536865 -0.032237542146330116 0.038347051065391005
193.8076511559775 7.098308870829375 -0.032029493968476826 0.03809724709637242
203.4980337136658 7.123823223342189 -0.031824116044647494 0.037850676729427185
213.1884162714705 7.14838495144326 -0.031621357256977733 0.03760727758056659
222.87879882927518 7.172064327734267 -0.03142116778496707 0.03736698886030994
232.56918138707988 7.194923843235196 -0.03122349906454531 0.03712975132305192
242.25956394488458 7.217019348429361 -0.03106040759733677 0.0368955072183611
251.94994650268927 7.238400988365478 -0.030867403205595365 0.03666420024410778
261.64032906049397 7.2591139754529594 -0.030676784478811156 0.03643577550134392
271.33071161829866 7.307381441614433 -0.030488507424067356 0.03621017945085993
281.02109417610336 7.357273251048322 -0.030345638188914538 0.03598735987134503
290.71147673390806 7.40367301175308 -0.03016159913082454 0.03576726581908351
300.40185929171275 7.447035605495568 -0.029979780737776143 0.03554984758912093
310.09224184951745 7.487731078417257 -0.02980014302724759 0.035335056677838296
319.78262440732215 7.526064777220369 -0.02962264697152706 0.03512284574687493
329.47300696512684 7.562291759340017 -0.029530004011866784 0.03491316858834381
339.16338952293154 7.596627347686075 -0.029356065856576446 0.03470598009128557
348.85377208073623 7.629255019039324 -0.029184166709420326 0.034501236209309886
358.54415463854093 7.660332404898507 -0.02901427089176865 0.03429889392937579
368.2345371963456 7.6899959283521895 -0.02884634355337008 0.03409891124166423
377.9249197541503 7.718364437170493 -0.02868035064842527 0.03390124711049857
387.6153023118386 7.745542086043804 -0.02851625891248767 0.03370586144627299
397.3056848696433 7.771620648864342 -0.028354035840146966 0.03351271507833472
406.996067427448 7.796681392579094 -0.02819364966349291 0.03332176972881638
416.6864499852527 7.820796609707598 -0.02803506933129004 0.033132987987334994
426.3768325430574 7.84403088216709 -0.027878264488864265 0.03294633328655758
436.0672151008621 7.86644213145135 -0.027723205458661748 0.03276176987858604
445.7575976586668 7.888082497351913 -0.02756986322145597 0.0325792628121312
455.4479802164715 7.908999077902457 -0.02741820939817785 0.03239877791044583
465.1383627742762 7.929234556111831 -0.02726821623234484 0.032220281749987055
474.82874533208087 7.948827733667931 -0.027119856573066238 0.03204374163978032
484.51912788988557 7.967813987680865 -0.026973103858602528 0.03186912560145817
494.20951044769026 7.98622566335996 -0.02682793210045806 0.031696402349948145
503.89989300549496 8.004092413049092 -0.026684315867986676 0.03152554127478534
513.5902755632997 8.021441490106222 -0.026542230273491316 0.03135651242202627
523.2806581211044 8.038298004579802 -0.02640165095779905 0.03118928647674137
532.971040678909 8.05468514641327 -0.02626255407629393 0.03102383474606489
542.6614232367137 8.070624380928713 -0.02612491628539091 0.030860129142781446
552.3518057945184 8.086135620549614 -0.02598871472943441 0.030698142169429503
562.0421883523231 8.101237376079546 -0.025853927028006273 0.030537846902903048
571.7325709100114 8.115946890328024 -0.025720531263629817 0.030379216979534943
581.4229534678161 8.130280256444275 -0.025588505969845944 0.030222226580633574
591.1133360256208 8.144252522959137 -0.02545783011967195 0.030066850418484316
600.8037185834255 8.157877787245372 -0.02532848311439765 0.029913063722761996
610.4941011412302 8.171169278853595 -0.0252004447727305 0.029760842227367575
620.1844836990349 8.184139433977577 -0.02507369532026792 0.029610162157662843
629.8748662568396 8.196799962127548 -0.02494821537928681 0.029461000218090987
639.5652488146443 8.209161905943061 -0.024823985958839334 0.02931333358016949
649.255631372449 8.221235694952412 -0.024700988445144137 0.02916713987084237
658.9460139302537 8.233031193979373 -0.024579204592262767 0.029022397161179152
668.6363964880584 8.244557746807498 -0.02445861651305155 0.02887908395540889
678.3267790458631 8.255824215634663 -0.024339206670379514 0.028737179180277295
688.0171616036678 8.266839016783745 -0.024220957868602924 0.02859666217471626
697.7075441614725 8.27761015307808 -0.024103853245288305 0.02845751267981504
707.3979267192772 8.288145243240528 -0.023987876263174935 0.028319710829082637
717.0883092770819 8.298451548632238 -0.023873010702369166 0.02818323713899205
726.7786918348866 8.308535997609658 -0.023759240652762654 0.028048072499796354
736.4690743926913 8.318405207746105 -0.023646550506667006 0.027914198166607992
746.159456950496 8.328065506135749 -0.023534924951657748 0.027781595750732264
755.8498395083006 8.337522947973193 -0.023424348963620622 0.02765024721124671
765.5402220659889 8.346783333580106 -0.023314807799995004 0.02752013484681977
775.2306046237936 8.355852224032022 -0.023206286993199942 0.027391241287751656
784.9209871815983 8.364734955519573 -0.023098772344256616 0.027263549488253283
794.611369739403 8.373436652567436 -0.022992249916574788 0.02713704271892482
804.3017522972077 8.381962240217588 -0.022886706029917388 0.027011704559450296
813.9921348550124 8.39031645527421 -0.022782127254529737 0.026887518891492226
823.6825174128171 8.398503856696847 -0.022678500405429538 0.02676446989178145
833.3728999706218 8.406528835219417 -0.02257581253685233 0.026642542025395646
843.0632825284265 8.414395622264825 -0.02247405093684777 0.026521720039221017
852.7536650862312 8.422108298217834 -0.022373203122021654 0.026401988955590837
862.4440476440359 8.429670800112595 -0.02227325683241939 0.026283334066095725
872.1344302018406 8.437086928785556 -0.022174200026546312 0.026165740925559962
881.8248127596453 8.444360355539652 -0.022076020876520712 0.026049195346178902
891.51519531745 8.451494628361045 -0.02197870776335536 0.025933683391812276
901.2055778752547 8.458493177725808 -0.02188224927236366 0.025819191372428756
910.8959604330594 8.465359322030402 -0.02178663418868658 0.025705705838696972
920.5863429908641 8.4720962726765 -0.021691851492936575 0.02559321357671859
930.2767255486688 8.478707138838022 -0.02159789035695514 0.02548170160289907
939.9671081064735 8.485194931935435 -0.02150474013968035 0.025371157158951992
949.6574906641617 8.491562569840301 -0.021412390383122298 0.025261567707034076
959.3478732219664 8.497812880831185 -0.021320830808436542 0.02515292092499933
969.0382557797711 8.503948607318828 -0.0212300513121091 0.02504520470178802
978.7286383375758 8.509972409359332 -0.021140041962227785 0.024938407132920885
988.4190208953805 8.515886867969945 -0.021050792994853733 0.02483251651611432
998.1094034531852 8.521694488262286 -0.020962294810483496 0.024727521347005718
