-1007.7997860111063 9.977538083990336 -0.00016597241594925937 0.0
-998.1094034533016 9.977538083990336 -0.00016286610045511385 0.0
-988.4190208954969 9.977538083990336 -0.0001598995674678614 0.0
-978.7286383376922 9.977538083990336 -0.0001570631102468236 0.0
-969.0382557798875 9.977538083990336 -0.00017369334377055184 0.0
-959.3478732220829 9.977538083990336 -0.00017059421086735698 0.0
-949.6574906642782 9.977538083990336 -0.0001676258917521713 0.0
-939.9671081064735 9.977538083990336 -0.0001647798593208885 0.0
-930.2767255486688 9.977538083990336 -0.00016204832188670626 0.0
-920.5863429908641 9.977538083990336 -0.00015942414514697446 0.0
-910.8959604330594 9.977538083990336 -0.00015690078391394696 0.0
-901.2055778752547 9.977538083990336 -0.0001544722222089269 0.0
-891.5151953175664 9.977538083990336 -0.00016249269090067394 0.0
-881.8248127597617 9.977538083990336 -0.00017367360034475137 1.159066216988911e-07
-872.134430201957 9.977538083990336 -0.00017089398009300863 1.1290499443931108e-07
-862.4440476441523 9.977538083990336 -0.00016821931853313457 1.100549086629544e-07
-852.7536650863476 9.977538083990336 -0.00016564340032076944 1.0734517074720185e-07
-843.0632825285429 9.977538083990336 -0.00018636746359540485 1.0476566300190886e-07
-833.3728999707382 9.977538083990336 -0.00018337126289319142 1.0230721742934197e-07
-823.6825174129335 9.977538083990336 -0.0001804882887353289 9.996150685103618e-08
-813.9921348551288 9.977538083990336 -0.00018987361692189388 9.77209506764386e-08
-804.3017522973241 9.977538083990336 -0.00018688815348701925 9.557863306608931e-08
-794.6113697395194 9.977538083990336 -0.00018401258654672363 9.352823162924371e-08
-784.9209871817147 9.977538083990336 -0.00018124053070753358 9.156395510540299e-08
-775.23060462391 9.977538083990336 -0.00017856610425117435 8.968048873799579e-08
-765.5402220661053 9.977538083990336 -0.00017598387911099063 8.78729462538017e-08
-755.8498395083006 9.977538083990336 -0.0001734888368216013 8.613682753485425e-08
-746.159456950496 9.977538083990336 -0.0001710763296113473 8.446798121084071e-08
-736.4690743926913 9.977538083990336 -0.0001687420459383379 8.286257151758953e-08
-726.7786918348866 9.977538083990336 -0.00016648197987899867 8.131704886387768e-08
-717.0883092770819 9.977538083990336 -0.00016429240386746523 7.982812363242868e-08
-707.3979267193936 9.977538083990336 -0.00016216984435851826 7.839274280688345e-08
-697.7075441615889 9.977538083990336 -0.0001780533769374839 7.700806907621194e-08
-688.0171616037842 9.977538083990336 -0.00017559961033056015 7.567146211486299e-08
-678.3267790459795 9.977538083990336 -0.00017322633415073075 7.438046177952013e-08
-668.6363964881748 9.977538083990336 -0.0001709292570865611 7.313277299667482e-08
-658.9460139303701 9.977538083990336 -0.00016870440744344025 7.192625214633261e-08
-649.2556313725654 9.977538083990336 -0.0001665481024155811 7.075889477162517e-08
-639.5652488147607 9.977538083990336 -0.00016445692098112892 6.96288244661755e-08
-629.874866256956 9.977538083990336 -0.00016242767991564634 6.853428280949962e-08
-620.1844836991513 9.977538083990336 -0.0001604574124999825 6.747362023704058e-08
-610.4941011413466 9.977538083990336 -0.00015854334956476898 6.644528774505008e-08
-600.8037185835419 9.977538083990336 -0.00015668290256838678 6.544782934268655e-08
-591.1133360257372 9.977538083990336 -0.00015487364845048033 6.447987517381327e-08
-581.4229534679325 9.977538083990336 -0.00027673939775729777 6.354013524026939e-08
-571.7325709101278 9.977538083990336 -0.00027184529781545133 6.262739366620813e-08
-562.0421883523231 9.977538083990336 -0.000267155534393417 6.174050344963662e-08
-552.3518057945184 9.977538083990336 -0.00026265651165596006 6.087838165395609e-08
-542.6614232367137 9.977538083990336 -0.0002583358623185337 6.004000499636255e-08
-532.971040678909 9.977538083990336 -0.0002541823089708301 5.922440579625689e-08
-523.2806581212208 9.977538083990336 -0.00026904783292559434 5.8430668249267895e-08
-513.5902755634161 9.977538083990336 -0.00026471755600864243 5.765792499696827e-08
-503.8998930056114 9.977538083990336 -0.0002605498651835834 5.6905353965128116e-08
-494.2095104478067 9.977538083990336 -0.0002565350478111766 5.6172175446486996e-08
-484.519127890002 9.977538083990336 -0.00025266418103731404 5.545764940620563e-08
-474.8287453321973 9.977538083990336 -0.00024892905124929127 5.476107299035383e-08
-465.1383627743926 9.977538083990336 -0.000254627421065503 5.408177821965758e-08
-455.4479802165879 9.977538083990336 -0.00025090343940902514 5.341912985315999e-08
-445.7575976587832 9.977538083990336 -0.0002473060312078137 5.277252340675659e-08
-436.0672151009785 9.977538083990336 -0.00024382832261647967 5.2141383313889e-08
-426.3768325431738 9.977538083990336 -0.0002584863881458525 5.152516121690809e-08
-416.6864499853691 9.977538083990336 -0.0002547645514403477 5.0923334378040194e-08
-406.9960674275644 9.977538083990336 -0.000251168057500355 5.033540420026041e-08
-397.3056848697597 9.977538083990336 -0.0002476900905177489 4.976089484984859e-08
-387.615302311955 9.977538083990336 -0.000244324348478134 4.9199351971803374e-08
-377.9249197541503 9.977538083990336 -0.00024106499365780912 4.8650341491550995e-08
-368.2345371963456 9.977538083990336 -0.00023790660891630995 4.811344849588597e-08
-358.54415463854093 9.977538083990336 -0.00023484415898812578 4.758827618718455e-08
-348.85377208073623 9.977538083990336 -0.00023187295610241945 4.707444490538854e-08
-339.16338952304795 9.977538083990336 -0.0002289886293627473 4.65715912127102e-08
-329.47300696524326 9.977538083990336 -0.00022618709740388076 4.607936703637295e-08
-319.78262440743856 9.977538083990336 -0.000223464543914495 4.5597438865078166e-08
-310.09224184963387 9.977538083990336 -0.00022081739567251615 4.512548699537625e-08
-300.40185929182917 9.977538083990336 -0.00028982425657695586 4.4663204824530604e-08
-290.7114767340245 9.977538083990336 -0.0002854710832607411 4.4210298186176623e-08
-281.0210941762198 9.977538083990336 -0.0002812767824578247 4.3766484726107796e-08
-271.3307116184151 9.977538083990336 -0.0002772317346819506 4.33314933153777e-08
-261.6403290606104 9.977538083990336 -0.0002733271373278757 4.2905063497767325e-08
-251.9499465028057 9.977538083990336 -0.00026955491606382953 4.248694496994889e-08
-242.259563945001 9.977538083990336 -0.00026590764780904194 4.2076897091345115e-08
-232.5691813871963 9.977538083990336 -0.00026237849353918013 4.167468842254176e-08
-222.8787988293916 9.977538083990336 -0.000258961139463621 4.1280096289434514e-08
-213.1884162715869 9.977538083990336 -0.0002556497453623964 4.089290637238602e-08
-203.4980337137822 9.977538083990336 -0.0002524388990692452 4.0512912317856974e-08
-193.8076511559775 9.977538083990336 -0.0002493235762496825 4.0139915371864415e-08
-184.1172685981728 9.977538083990336 -0.0002462991047565597 3.9773724033153234e-08
-174.42688604036812 9.977538083990336 -0.0002433611329558444 3.941415372559285e-08
-164.73650348256342 9.977538083990336 -0.0002405056015067737 3.9061026487704316e-08
-155.04612092475872 9.977538083990336 -0.0002377287181566384 3.8714170679147424e-08
-145.35573836707044 9.977538083990336 -0.00023502693517409482 3.837342070249894e-08
-135.66535580926575 9.977538083990336 -0.00023239692909802793 3.803861673951267e-08
-125.97497325146105 9.977538083990336 -0.00022983558252459032 3.7709604501396744e-08
-116.28459069365636 9.977538083990336 -0.00022733996769185217 3.738623499157855e-08
-106.59420813585166 9.977538083990336 -0.00022490733165480406 3.7068364280767634e-08
-96.90382557804696 9.977538083990336 -0.00022253508287011693 3.6755853293356254e-08
-87.21344302024227 9.977538083990336 -0.00022022077903362234 3.644856760453031e-08
-77.52306046243757 9.977538083990336 -0.00021796211603340357 3.61463772474556e-08
-67.83267790463287 9.977538083990336 -0.00021575691789850636 3.584915653003024e-08
-58.14229534682818 9.977538083990336 -0.0002136031276380142 3.555678386053912e-08
-48.45191278902348 9.977538083990336 -0.00021149879887793688 3.526914158180584e-08
-38.761530231218785 9.977538083990336 -0.00024316559386203745 3.498611581332707e-08
-29.07114767341409 9.977538083990336 -0.00028119423181308833 3.470759630095952e-08
-19.380765115609393 9.977538083990336 -0.00027734235002738514 3.4433476273687166e-08
-9.690382557804696 9.977538083990336 -0.00027362708025430014 3.416365230717439e-08
0.0 6.826409189487683 -0.030526473779402815 0.0399475609648911
9.690382557804696 6.99823124421316 -0.029744332974260816 0.03891947794675947
19.380765115609393 7.117858830201835 -0.029001379879585537 0.0379429843615135
29.07114767341409 7.2131907297009175 -0.028294738955438336 0.037014292099088866
38.76153023110237 7.293703503998765 -0.02762180936463385 0.036129975060112576
48.451912788907066 7.363985679900789 -0.027693326093870613 0.035411063322992244
58.14229534671176 7.426671865486097 -0.0270627784265119 0.034603297573757165
67.83267790451646 7.483439482912144 -0.03306241474486064 0.03687405811188012
77.52306046232115 7.535434023433986 -0.032316972914971036 0.03605794459057785
87.21344302012585 7.583478522625238 -0.031604628643597456 0.03527725215356239
96.90382557793055 7.628187640035258 -0.030923213928701614 0.034529718357542996
106.59420813573524 7.6700345979110685 -0.030270746999804376 0.033813269905365324
116.28459069353994 7.709392797199432 -0.029645412645728435 0.03312600323117638
125.97497325134464 7.746562914999413 -0.02904554499623408 0.03246616743569512
135.66535580914933 7.781791229802246 -0.028533567163559946 0.031832149245270634
145.35573836695403 7.815282412612951 -0.02797849684064027 0.03122245971934748
155.04612092475872 7.847208697994305 -0.02746591173338781 0.030637081586230325
164.73650348256342 7.8777166129070215 -0.02695169709977702 0.03007198708432285
174.42688604036812 7.906932013566579 -0.030811156524519368 0.029527390847444036
184.1172685981728 7.93496392258829 -0.030223016303511725 0.02900219571012493
193.8076511559775 7.9619074979469975 -0.02980596248161724 0.028506381033564104
203.4980337137822 7.987846362202909 -0.02925777561381983 0.0280167188291901
213.1884162715869 8.012854452659717 -0.02872979369734511 0.02754361643909544
222.87879882927518 8.036997507528763 -0.028220896773962844 0.027086246600205106
232.56918138707988 8.060334271885358 -0.02773004794918816 0.02664383633358025
242.25956394488458 8.082917485329258 -0.027256285661516447 0.02621566255630007
251.94994650268927 8.104794697733817 -0.026798716818016707 0.025801048112961193
261.64032906049397 8.126008948251533 -0.02635651068283255 0.02539935818069248
271.33071161829866 8.146599334554931 -0.025928893422023116 0.025009997007198557
281.02109417610336 8.166601493221233 -0.025515143222369422 0.024632404946325598
290.71147673390806 8.186048007622936 -0.025114585913586184 0.02426605575990946
300.40185929171275 8.204968756243403 -0.024726591033294006 0.023910454158365978
310.09224184951745 8.223391211702966 -0.024350568282457474 0.023565133555697337
319.78262440732215 8.241340698747845 -0.02398596432605297 0.023229654017385287
329.47300696512684 8.258840617870838 -0.024632608613190148 0.02290360038208172
339.16338952293154 8.275912639989837 -0.024263908425956382 0.022586580540139158
348.85377208073623 8.292576876626816 -0.02390641986934719 0.022278223853892033
358.54415463854093 8.308852029246747 -0.02355961983537089 0.021978179706237996
368.2345371963456 8.32475552078755 -0.02322301876767519 0.021686116165510028
377.9249197541503 8.340303611905119 -0.02289615787091087 0.021401718755899395
387.615302311955 8.355511504045811 -0.02257041557976381 0.021124890578258136
397.3056848697597 8.370393431122523 -0.022470904686309374 0.02087089814960278
406.996067427448 8.384962741294483 -0.02216566161334908 0.020607358961229998
416.6864499852527 8.399231970124296 -0.02186883931069722 0.02035040158419577
426.3768325430574 8.41321290619352 -0.021584386739592405 0.0201001333962355
436.0672151008621 8.426916650106826 -0.02172876295501384 0.019900794392962492
445.7575976586668 8.44035366767735 -0.021494742231261212 0.019660999831759902
455.4479802164715 8.460541047658754 -0.021216468026536466 0.019426937951487623
465.1383627742762 8.485376470542201 -0.02094560121891831 0.01919840412976718
474.82874533208087 8.509348437533573 -0.020681833573581 0.018975203497123012
484.51912788988557 8.532513209000593 -0.020424874937885844 0.01875715034882378
494.20951044769026 8.554921674988476 -0.02017445182593173 0.018544067600542672
503.89989300549496 8.576620018160957 -0.01993030614500497 0.018335786283824547
513.5902755632997 8.597650276339875 -0.019692194046397972 0.0181321450778003
523.2806581211044 8.618050822595963 -0.019459884885639073 0.017932989873979153
532.971040678909 8.637856777170917 -0.019233160279315157 0.01773817337128712
542.6614232367137 8.657100362678039 -0.019011813247454084 0.017547554698813455
552.3518057945184 8.6758112118245 -0.018795647431933838 0.017360999063984497
562.0421883523231 8.694016635169538 -0.018584476382648384 0.01717837742410911
571.7325709101278 8.711741855066242 -0.018378122904231253 0.016999566179439075
581.4229534679325 8.729010210847061 -0.018176418457047167 0.01682444688606324
591.1133360256208 8.745843339441171 -0.01797920260694185 0.016652905987112412
600.8037185834255 8.76226133491042 -0.017979555314634323 0.016484834560876082
610.4941011412302 8.77828288981607 -0.017785861910585184 0.016320128084599275
620.1844836990349 8.793925420870364 -0.01759647213004451 0.016158686212766348
629.8748662568396 8.809205180938319 -0.017411234622186977 0.016000412568850302
639.5652488146443 8.824137359144826 -0.01723000576326576 0.01584521454955193
649.255631372449 8.838736170580134 -0.017052649104348578 0.01569300314064829
658.9460139302537 8.853014936880115 -0.016879034872476936 0.0155436927436404
668.6363964880584 8.866986158776529 -0.016709039518585878 0.015397201012455928
678.3267790458631 8.880661581560313 -0.016542545306535435 0.01525344869952208
688.0171616036678 8.894052254272747 -0.016379439938439426 0.015112359510578063
697.7075441614725 8.907168583330872 -0.016219616212167602 0.014973859967645492
707.3979267192772 8.920020381201482 -0.016413913257289324 0.014837879279619924
717.0883092770819 8.932616910659545 -0.01625141315059102 0.014704349219987567
726.7786918348866 8.94496692509981 -0.016155295519252478 0.01457320401120816
736.4690743926913 8.957078705312814 -0.015997907245334314 0.014444380215339501
746.159456950496 8.968960093087047 -0.01584379546869449 0.014317816630509756
755.8498395083006 8.980618521956227 -0.015692845199221435 0.0141934541928726
765.5402220661053 8.992061045373699 -0.015544947778136876 0.014071235883706294
775.23060462391 9.003294362563874 -0.01540000036445471 0.013951106641341821
784.9209871815983 9.014324842272469 -0.015257905477696274 0.013833013277628778
794.611369739403 9.025158544613994 -0.015118570589198299 0.013716904398658152
804.3017522972077 9.035801241190644 -0.014981907755603737 0.01360273032950958
813.9921348550124 9.046258433642798 -0.014847833289066073 0.013490443042758373
823.6825174128171 9.056535370770206 -0.01471626745958159 0.013379996090543191
833.3728999706218 9.066637064351172 -0.014587134225511115 0.013271344539980143
843.0632825284265 9.076568303773437 -0.014460360988932714 0.013164444911732716
852.7536650862312 9.086333669579105 -0.014335878372940116 0.01305925512155799
862.4440476440359 9.095937546016069 -0.014213620018399866 0.012955734424661402
872.1344302018406 9.105384132679303 -0.014093522398016025 0.012853843362703066
881.8248127596453 9.114677455317615 -0.013975524645835022 0.012753543713308557
891.51519531745 9.123821375874133 -0.01385956840056446 0.012654798441946738
901.2055778752547 9.132819601822735 -0.01374559766128484 0.012557571656045303
910.8959604330594 9.141675694856675 -0.01363355865430878 0.012461828561223274
920.5863429908641 9.150393078980784 -0.01352339971009296 0.012367535419526798
930.2767255486688 9.158975048053943 -0.013415071149237498 0.012274659509561659
939.9671081064735 9.167424772824447 -0.01330852517671948 0.012183169088422407
949.6574906642782 9.175745307497149 -0.013203715783604053 0.012093033355324034
959.3478732220829 9.183939595867958 -0.013100598655560845 0.012004222416847638
969.0382557797711 9.192010477058146 -0.012999131087587728 0.011916707253717958
978.7286383375758 9.199960690878811 -0.012899271904399623 0.011830459689028147
988.4190208953805 9.207792882851418 -0.01280098138602143 0.011745452357853703
