-1007.7997860109899 9.273496634383303 -0.00837505299703563 0.022676099436031334
-998.1094034533016 9.271511253615321 -0.00828325510979217 0.02242948676833851
-988.4190208954969 9.269811790132314 -0.00819345473341964 0.022188181344653418
-978.7286383376922 9.268389124818771 -0.00810558719376647 0.021952013639067028
-969.0382557798875 9.267234062244002 -0.008019590585153107 0.02172082127081788
-959.3478732220829 9.266337377784607 -0.007935405623513563 0.021494448631719423
-949.6574906642782 9.26568985847782 -0.007852975508803041 0.021272746536660433
-939.9671081064735 9.265282338352357 -0.00777224579599655 0.021055571895531148
-930.2767255486688 9.265105728882599 -0.0076931642740580225 0.020842787405057666
-920.5863429908641 9.265151045128444 -0.007615680852310363 0.02063426125914925
-910.8959604330594 9.265409428052997 -0.007539747453682888 0.020429866876473638
-901.2055778752547 9.265872163451126 -0.007465317914354672 0.02022948264407636
-891.51519531745 9.26653069787129 -0.0073923478893503924 0.020032991675952374
-881.8248127596453 9.267376651869577 -0.007320794763680236 0.019840281585562138
-872.1344302018406 9.268401830897265 -0.007250617568647099 0.01965124427136153
-862.4440476440359 9.269598234090292 -0.007181776902973398 0.019465775714484827
-852.7536650862312 9.270958061200393 -0.007114234858426262 0.019283775787784993
-843.0632825284265 9.272473717882104 -0.007047954949644217 0.01910514807549409
-833.3728999706218 9.274137819527585 -0.006982902047890651 0.018929799702821017
-823.6825174128171 9.275943193821108 -0.006919042318479717 0.018757641174853464
-813.9921348551288 9.277882882167365 -0.006856343161639742 0.018588586224178742
-804.3017522973241 9.279950140131998 -0.006794773156591169 0.018422551666665784
-794.6113697395194 9.282138437018032 -0.006734302008647519 0.01825945726493219
-784.9209871817147 9.284441454689938 -0.0066749004991360295 0.01809922559898426
-775.23060462391 9.286853085744783 -0.006616540437974384 0.01794178194362254
-765.5402220661053 9.28936743112003 -0.0065591946187363165 0.017787054152192297
-755.8498395083006 9.291978797218158 -0.006502836776055475 0.017634972546301017
-746.159456950496 9.294681692619788 -0.006447441545226684 0.0174854698111485
-736.4690743926913 9.297470824449533 -0.006392984423873307 0.017338480896139118
-726.7786918348866 9.300341094451886 -0.006339441735558281 0.01719394292046771
-717.0883092770819 9.303287594828305 -0.006286790595224779 0.017051795083391354
-707.3979267192772 9.30630560388106 -0.006235008876359816 0.016911978578917533
-697.7075441614725 9.309390581504424 -0.006184075179781414 0.016774436514657418
-688.0171616036678 9.312538164559145 -0.006133968803956238 0.016639113834608803
-678.3267790458631 9.315744162162158 -0.006084669716760842 0.016505957245648482
-668.6363964880584 9.319004550919676 -0.006036158528605123 0.016374915147527667
-658.9460139302537 9.32231547012854 -0.0059884164668418775 0.01624593756617743
-649.255631372449 9.325673216967653 -0.005941425351391159 0.016118976090142782
-639.5652488146443 9.329074241698628 -0.005895167571512591 0.01599398380997557
-629.874866256956 9.332515142892301 -0.005849626063663537 0.015870915260428203
-620.1844836991513 9.335992662695837 -0.005804784290381128 0.015749726365289655
-610.4941011413466 9.339503682152333 -0.005760626220141124 0.01563037438474528
-600.8037185835419 9.343045216584496 -0.005717136308130913 0.015512817865098566
-591.1133360257372 9.346614411050902 -0.005674299477896215 0.01539701659075305
-581.4229534679325 9.350208535882864 -0.005632101103812434 0.015282931538328355
-571.7325709101278 9.353824982308286 -0.0055905269943382465 0.015170524832801931
-562.0421883523231 9.357461258167861 -0.005549563376010913 0.0150597597055729
-552.3518057945184 9.361114983727896 -0.005509196878145272 0.014950600454350474
-542.6614232367137 9.3647838875932 -0.005469414518200527 0.014843012404774925
-532.971040678909 9.368465802722612 -0.005471217707898803 0.014739940528537002
-523.2806581211044 9.372158662549111 -0.005431503976405145 0.014635317647460306
-513.5902755632997 9.37586049720573 -0.005392391255127333 0.014532171647703013
-503.89989300549496 9.379569429858034 -0.0053538640185822285 0.014430471326860178
-494.20951044769026 9.383283673143364 -0.0053159074459501075 0.014330186369337874
-484.51912788988557 9.387001525716665 -0.005278507365122906 0.014231287313466075
-474.82874533208087 9.390721368902346 -0.005241650203367171 0.014133745520276858
-465.1383627742762 9.394441663451236 -0.005205322943614753 0.014037533143819824
-455.4479802164715 9.398160946401532 -0.005169513085564611 0.01394262310290201
-445.7575976587832 9.401877828042247 -0.005134208610917224 0.013848989054153542
-436.0672151009785 9.405590988977812 -0.005099397952171937 0.013756605366323428
-426.3768325431738 9.409299177291413 -0.005065069964517553 0.013665447095742224
-416.6864499853691 9.413001205805994 -0.005031213900406664 0.0135754899628573
-406.9960674275644 9.416695949440246 -0.004997819386480457 0.013486710329792085
-397.3056848697597 9.420382342657678 -0.0049648764025529086 0.013399085178863152
-387.615302311955 9.424059377006522 -0.004932375262408613 0.013312592092001694
-377.9249197541503 9.427726098748217 -0.004900306596203272 0.013227209231029498
-368.2345371963456 9.431381606572119 -0.004868661334285601 0.013142915318743295
-358.54415463854093 9.435025049394127 -0.004837430692284201 0.01305968962076484
-348.85377208073623 9.438655624236848 -0.004806606157323918 0.012977511928117278
-339.16338952293154 9.44227257418893 -0.00477617947525404 0.01289636254049098
-329.47300696512684 9.445875186441228 -0.004746142638785729 0.012816222250164678
-319.78262440732215 9.449462790397419 -0.004716487876448966 0.01273707232654983
-310.09224184951745 9.453034755856777 -0.004687207642290343 0.012658894501328373
-300.40185929171275 9.456590491266768 -0.004658294606242419 0.01258167095415577
-290.71147673390806 9.460129442043225 -0.004629741645103506 0.012505384298902904
-281.02109417610336 9.46365108895585 -0.004601541834073816 0.012430017570412198
-271.33071161829866 9.467154946576851 -0.004573688438799916 0.01235555421174444
-261.6403290606104 9.470640561790528 -0.004546174907885071 0.01228197806189528
-251.9499465028057 9.474107512361934 -0.004518994865825351 0.012209273343955298
-242.259563945001 9.47755540556194 -0.004492142106342298 0.012137424653707176
-232.5691813871963 9.480983876847537 -0.00446561058607493 0.012066416948623796
-222.8787988293916 9.484392588594744 -0.004439394418608455 0.011996235537262838
-213.1884162715869 9.487781228882527 -0.004413487868812907 0.011926866069035926
-203.4980337137822 9.491149510325783 -0.004405027952465429 0.01185868220019509
-193.8076511559775 9.494497168955599 -0.004379279039633143 0.011790884817952055
-184.1172685981728 9.497823963145043 -0.004353845910228813 0.011723858784388324
-174.42688604036812 9.501129672578768 -0.004328721716304889 0.011657590979299404
-164.73650348256342 9.504414097264812 -0.004303899897387441 0.011592068580915858
-155.04612092475872 9.507677056586955 -0.004279374157393014 0.011527279057192042
-145.35573836695403 9.510918388396126 -0.0044050499275717905 0.011472543505096376
-135.66535580914933 9.514137948139355 -0.00437724581829549 0.011408943392825057
-125.97497325134464 9.51733560802481 -0.004349913350211699 0.011346052234724822
-116.28459069353994 9.520511256221534 -0.004323032947454348 0.011283857695644257
-106.59420813573524 9.523664796092543 -0.004296586568686333 0.011222347775418532
-96.90382557793055 9.526796145459961 -0.004270557538297652 0.01116151079212139
-87.21344302012585 9.529905235900953 -0.004244930400233775 0.011101335366898953
-77.52306046232115 9.532992012073233 -0.004219690790957528 0.01104181041016503
-67.83267790463287 9.536056431068944 -0.004222859930308089 0.010984145826887698
-58.14229534682818 9.539098461796016 -0.0042786080652068206 0.010931237425467037
-48.45191278902348 9.54211808438534 -0.004251692377589418 0.010873431992221004
-38.761530231218785 9.545115289623475 -0.004225253060938548 0.01081624370950224
-29.07114767341409 9.548090078409304 -0.004199269796786821 0.010759662150953529
-19.380765115609393 9.551042461233921 -0.00421611662013074 0.010705316499804116
-9.690382557804696 9.553972457682736 -0.004189892571821923 0.01064987577688059
0.0 9.55688009595895 -0.00416412772159243 0.010595014294046344
9.690382557804696 2.2021826241157143 -0.07559748025090844 0.12584410910416746
19.380765115609393 2.5658870590032867 -0.0737555882764562 0.1228585427378188
29.07114767341409 2.8481569048825035 -0.07200421267644308 0.12001892701500161
38.761530231218785 3.084848621974606 -0.0703367970414782 0.11731469859980198
48.45191278902348 3.2913198445764893 -0.06874740412727226 0.1147362917735659
58.14229534682818 3.475842272540076 -0.06723064442618133 0.11227502332692738
67.83267790463287 3.6434790980053204 -0.06578161440495937 0.1099229930316805
77.52306046243757 3.797597619927714 -0.06439584291619489 0.10767299728653194
87.21344302024227 3.940572238715033 -0.06306924454860849 0.10551845394623252
96.90382557804696 4.0741518945081125 -0.06179807889008758 0.10345333668004579
106.59420813585166 4.19966916991664 -0.06057891484717345 0.10147211747931147
116.28459069353994 4.318167248614851 -0.05940859930358389 0.09956971615773001
125.97497325134464 4.4304810406659065 -0.05828999864708888 0.09774160466655481
135.66535580914933 4.537291212786182 -0.057208751324685475 0.095983168855283
145.35573836695403 4.639161428126719 -0.05616830791611414 0.09429057798937954
155.04612092475872 4.736564765161874 -0.05516638079822738 0.09266014698026608
164.73650348256342 4.829902927801158 -0.054200850605665075 0.09108846170568885
174.42688604036812 4.91952051459803 -0.05326975103098665 0.0895723545307833
184.1172685981728 5.005715816930774 -0.05237125524362728 0.08810888243636848
193.8076511559775 5.088749125530521 -0.051503663730023824 0.08669530743612544
203.4980337137822 5.168849213951789 -0.05066539338436534 0.08532907900797666
213.1884162715869 5.246218465340311 -0.04985496770242042 0.08400781830202238
222.8787988293916 5.3210369740863595 -0.04907100795045937 0.08272930391890304
232.5691813871963 5.393465862224492 -0.048312225197983616 0.08149145907934538
242.259563945001 5.46364998680589 -0.04759073123261848 0.0802926307467281
251.9499465028057 5.531720169556037 -0.04687841694192447 0.0791304087783629
261.6403290606104 5.597795047930004 -0.046187900198065984 0.07800338352910431
271.3307116184151 5.661982623259166 -0.04551818447567825 0.07690995111891298
281.0210941762198 5.72438156442639 -0.044868333293456346 0.07584860417336564
290.7114767340245 5.785082312636691 -0.044237465752679186 0.07481792466156689
300.40185929171275 5.8441680231430695 -0.044829322403268305 0.07399572032995386
310.09224184951745 5.901715372396065 -0.044203273570494354 0.07301787995723037
319.78262440732215 5.9577952533805085 -0.04359538698804413 0.07206715348495102
329.47300696512684 6.01247337751094 -0.04300485564886675 0.07114240377856179
339.16338952293154 6.065810797975146 -0.04243092150114984 0.07024255706702404
348.85377208073623 6.117864366703094 -0.04187287161040055 0.06936659855167841
358.54415463854093 6.1686871349663726 -0.04162478509919668 0.06854587189161936
368.2345371963456 6.218328705880223 -0.04108898407005502 0.06771403462588485
377.9249197541503 6.266835545683713 -0.0405675427741493 0.06690339761014046
387.615302311955 6.314251259542472 -0.040059869755919006 0.06611314178831149
397.3056848697597 6.360616836696348 -0.03988751246834822 0.06537022590203677
406.9960674275644 6.405970869018997 -0.039397423734513846 0.06461772560618932
416.6864499853691 6.462307127045616 -0.038919937545308474 0.06388342744244475
426.3768325431738 6.557061817265888 -0.03845455142763973 0.06316666280312636
436.0672151009785 6.647511528344284 -0.03800079071002307 0.06246679583291094
445.7575976587832 6.733957920909103 -0.03755820649476917 0.06178322142596907
455.4479802165879 6.816671809037334 -0.037126373819289814 0.06111536337042987
465.1383627743926 6.895897450607203 -0.03670488998457813 0.060462672627401105
474.8287453321973 6.971856084175491 -0.03629337303199218 0.05982462573306778
484.51912788988557 7.044748869879626 -0.035891460352046 0.05920072331353837
494.20951044769026 7.114759354224499 -0.03549880741103861 0.05859048870306516
503.89989300549496 7.182055550971723 -0.03511508658327724 0.057993466657315036
513.5902755632997 7.246791709858916 -0.03473998607803149 0.057409222153901915
523.2806581211044 7.309109829427282 -0.03440452908050867 0.05683819448457125
532.971040678909 7.369140958546698 -0.03404498418974637 0.056278253298882044
542.6614232367137 7.427006322243541 -0.0336932504147834 0.05572989620470854
552.3518057945184 7.482818300489746 -0.03334906716956578 0.05519275850842177
562.0421883523231 7.536681283188694 -0.03301218575203317 0.05466649083732294
571.7325709101278 7.588692420326388 -0.03268236864239752 0.05415075833779602
581.4229534679325 7.6389422828734865 -0.03235938885366646 0.05364523992365488
591.1133360257372 7.687515447322345 -0.03204302932957839 0.053149627571021756
600.8037185835419 7.734491014571696 -0.03173308238566387 0.05266362565638069
610.4941011413466 7.77994307211475 -0.031429349189621876 0.052186950334726895
620.1844836991513 7.823941107056495 -0.031131639277609605 0.0517193289549847
629.874866256956 7.86655037631549 -0.03083977010340235 0.05126049951009481
639.5652488147607 7.907832239401951 -0.030553566617692183 0.050810210119379036
649.2556313725654 7.947844458366871 -0.030272860875068478 0.050368218540979164
658.9460139303701 7.9866414688541605 -0.029997491666464662 0.04993429171233849
668.6363964881748 8.024274625634206 -0.029727304175068546 0.04950820531685124
678.3267790458631 8.060792425532219 -0.02946214965388577 0.04908974337495285
688.0171616036678 8.096240710276387 -0.029201885123291214 0.04867869785802054
697.7075441614725 8.1306628514503 -0.028946373087119285 0.04827486832367742
707.3979267192772 8.164099919468104 -0.02869548126586612 0.047878061571028
717.0883092770819 8.196590838235434 -0.028449082345807553 0.047488091314629444
726.7786918348866 8.228172526963066 -0.028207053742876707 0.04710477787598841
736.4690743926913 8.258880030420721 -0.027969277380263724 0.046727947891494696
746.159456950496 8.288746638767005 -0.027735639478783807 0.0463574340357743
755.8498395083006 8.317803997959981 -0.027506030359137654 0.045993074759517014
765.5402220661053 8.346082211639061 -0.02728034425525945 0.04563471404089936
775.23060462391 8.37360993526981 -0.027058479138011543 0.045282201149784304
784.9209871817147 8.400414463256887 -0.026868394410670123 0.04493627244158552
794.6113697395194 8.426521809654771 -0.026678113063820386 0.04459573103131951
804.3017522973241 8.451956783039783 -0.026465799062727304 0.044259866302794854
813.9921348551288 8.47674305604857 -0.0262569985333486 0.04392929710666564
823.6825174129335 8.500903230037059 -0.0260602275101086 0.04360403711363172
833.3728999707382 8.524458895268479 -0.025857964211755076 0.043283676790112274
843.0632825285429 8.547430686999014 -0.025658963751932932 0.04296824169690086
852.7536650863476 8.569838337794065 -0.025463144257209767 0.04265761612916255
862.4440476440359 8.591700726376162 -0.025270426770859264 0.042351688027126536
872.1344302018406 8.613035923279337 -0.025087202938569968 0.042050444697635664
881.8248127596453 8.633861233553988 -0.024900298569187455 0.04175358677064801
891.51519531745 8.654193236753088 -0.024726168198918347 0.041461267319435766
901.2055778752547 8.674047824401159 -0.0245447198535824 0.04117307026391316
910.8959604330594 8.693440235134949 -0.02436603745285437 0.04088906055588212
920.5863429908641 8.712385087686604 -0.024190055377831653 0.04060914519086793
930.2767255486688 8.730896411865801 -0.02401671022279308 0.040333233935997005
939.9671081064735 8.74898767768408 -0.02384594068938119 0.04006123922657965
949.6574906642782 8.766671822752699 -0.02367768748819699 0.0397930760673386
959.3478732220829 8.783961278074585 -0.02351312475732345 0.03952868512287326
969.0382557798875 8.80086799234112 -0.02334970193088892 0.039267939285583704
978.7286383376922 8.817403454835691 -0.02318952178661049 0.03901079617539292
988.4190208954969 8.833578717037897 -0.023030726111225076 0.03875715658978309
998.1094034533016 8.849404413014875 -0.022884804316211156 0.0385071418829218
