-532.971040678909 8.981855752170848 0.0 0.0
-523.2806581211044 8.981855752170848 0.0 0.0
-513.5902755632997 8.981855752170848 0.0 0.0
-503.89989300549496 8.981855752170848 0.0 0.0
-494.20951044769026 8.981855752170848 0.0 0.0
-484.51912788988557 8.981855752170848 0.0 0.0
-474.82874533208087 8.981855752170848 0.0 0.0
-465.1383627742762 8.981855752170848 0.0 0.0
-455.4479802164715 8.981855752170848 0.0 0.0
-445.7575976586668 8.981855752170848 0.0 0.0
-436.0672151009785 8.981855752170848 0.0 0.0
-426.3768325431738 8.981855752170848 0.0 0.0
-416.6864499853691 8.981855752170848 0.0 0.0
-406.9960674275644 8.981855752170848 0.0 0.0
-397.3056848697597 8.981855752170848 0.0 0.0
-387.615302311955 8.981855752170848 0.0 0.0
-377.9249197541503 8.981855752170848 0.0 0.0
-368.2345371963456 8.981855752170848 0.0 0.0
-358.54415463854093 8.981855752170848 0.0 0.0
-348.85377208073623 8.981855752170848 0.0 0.0
-339.16338952293154 8.981855752170848 0.0 0.0
-329.47300696512684 8.981855752170848 0.0 0.0
-319.78262440732215 8.981855752170848 0.0 0.0
-310.09224184951745 8.981855752170848 0.0 0.0
-300.40185929171275 8.981855752170848 0.0 0.0
-290.71147673390806 8.981855752170848 0.0 0.0
-281.02109417610336 8.981855752170848 0.0 0.0
-271.33071161829866 8.981855752170848 -0.0010653046029033201 0.0
-261.64032906049397 8.981855752170848 -0.001057468336378636 0.0
-251.9499465028057 8.981855752170848 -0.00104974651349289 0.0
-242.259563945001 8.981855752170848 -0.0010421366453564661 0.0
-232.5691813871963 8.981855752170848 -0.001034636314730876 0.0
-222.8787988293916 8.981855752170848 -0.0010272431734684277 0.0
-213.1884162715869 8.981855752170848 -0.0010199549400613426 0.0
-203.4980337137822 8.981855752170848 -0.0010127693972943738 0.0
-193.8076511559775 8.981855752170848 -0.0010056843899959587 0.0
-184.1172685981728 8.981855752170848 -0.0009986978228831082 0.0
-174.42688604036812 8.981855752170848 -0.0009918076584955059 0.0
-164.73650348256342 8.981855752170848 -0.000985011915214538 0.0
-155.04612092475872 8.981855752170848 -0.0009783086653632114 0.0
-145.35573836695403 8.981855752170848 -0.0009716960333831285 0.0
-135.66535580914933 8.981855752170848 -0.0009651721940849014 0.0
-125.97497325134464 8.981855752170848 -0.0009587353709685732 0.0
-116.28459069353994 8.981855752170848 -0.0009523838346108019 0.0
-106.59420813573524 8.981855752170848 -0.000946115901115732 0.0
-96.90382557793055 8.981855752170848 -0.0009399299306266372 0.0
-87.21344302012585 8.981855752170848 -0.0009338243258955713 0.0
-77.52306046232115 8.981855752170848 -0.008875924184722477 0.0
-67.83267790451646 8.981855752170848 -0.008811170514529737 0.0
-58.14229534682818 8.981855752170848 -0.008747356394786984 0.0
-48.45191278902348 8.981855752170848 -0.009999798437711602 0.0003047708053800632
-38.761530231218785 8.981855752170848 -0.009928078757117272 0.000302517643070049
-29.07114767341409 8.981855752170848 -0.009857382088251024 0.00030029755140551905
-19.380765115609393 8.981855752170848 -0.009787686668251222 0.0002981098076023604
-9.690382557804696 8.981855752170848 -0.009718971347930943 0.0002959537097867856
0.0 8.981855752170848 -0.009651215570276248 0.0002938285762445862
9.690382557804696 1.4457616540913616 -0.08049641488320128 0.09858653275119729
19.380765115609393 1.882900053332639 -0.07990827108076902 0.09786055312065878
29.07114767341409 2.2058129290939537 -0.07932866468735686 0.09714518743431606
38.761530231218785 2.4710255239646193 -0.07875741105066832 0.09644020461393235
48.45191278902348 2.6996020694657785 -0.07819433080785955 0.09574538024076767
58.14229534682818 2.9021835678353938 -0.07763924969740717 0.09506049631739213
67.83267790463287 3.0850458097208957 -0.07774768316132519 0.09448207519223503
77.52306046243757 3.2522636342261677 -0.07720325224442137 0.0938157279704899
87.21344302024227 3.406663522089345 -0.08321375770406629 0.09592863012541603
96.90382557804696 3.550303232409189 -0.08263620966503082 0.09526040024717711
106.59420813585166 3.684737398680408 -0.08226918107168144 0.0946162255952741
116.28459069365636 3.8111754629133543 -0.0820369383397254 0.09400324591147106
125.97497325134464 3.9305809556432534 -0.08147890170405407 0.09336180747638942
135.66535580914933 4.043736753767052 -0.08092841180590622 0.09272906433590646
145.35573836695403 4.151289578288307 -0.08076753646189265 0.0921385743955286
155.04612092475872 4.253781282892979 -0.08022887653237157 0.0915224515425999
164.73650348256342 4.351671436621137 -0.07969735991444865 0.09091451464034746
174.42688604036812 4.44535399364396 -0.07917284533808339 0.0903146016091243
184.1172685981728 4.5351698414938095 -0.0786551952367507 0.08972255462049765
193.8076511559775 4.621416410554581 -0.07814427562677996 0.08913821995876006
203.4980337137822 4.704355145935034 -0.07763995599138429 0.08856144788782055
213.1884162715869 4.784217396660892 -0.07714210916916847 0.08799209252323208
222.8787988293916 4.8612091143512774 -0.07665061124691477 0.08743001170912659
232.5691813871963 4.935514643525181 -0.07616534145645654 0.08687506689983901
242.259563945001 5.007299809831444 -0.07568618207545842 0.08632712304601298
251.9499465028057 5.076714459256692 -0.07521301833193196 0.08578604848499194
261.6403290606104 5.1438945633869535 -0.07474573831232294 0.08525171483530822
271.3307116184151 5.312890182619626 -0.07428423287301585 0.0847239968950928
281.0210941762198 5.475389342967983 -0.0738283955551079 0.08420277254423644
290.7114767340245 5.625477600706072 -0.0733781225023123 0.083687922650142
300.40185929182917 5.764636278905651 -0.07293331238185802 0.08317933097691461
310.09224184951745 5.894092842444071 -0.07249386630826359 0.08267688409785072
319.78262440732215 6.014878146683904 -0.07205968776983335 0.08218047131105091
329.47300696512684 6.127867897293151 -0.07163068255783986 0.08168998455811566
339.16338952293154 6.2338133768467054 -0.07120675869817719 0.08120531834567735
348.85377208073623 6.333364678189135 -0.0708576186440474 0.08072636966973938
358.54415463854093 6.427088583475065 -0.07044307644559615 0.08025303794267265
368.2345371963456 6.515482538050396 -0.07003335994515017 0.07978522492276609
377.9249197541503 6.598985723823319 -0.06962838530740005 0.07932283464622804
387.615302311955 6.6779879429982305 -0.06933058905578958 0.07886577336153928
397.3056848697597 6.752836824483635 -0.06893409892725832 0.07841394946606346
406.9960674275644 6.82384372834305 -0.06854212157867022 0.07796727344482504
416.6864499853691 6.891288627475913 -0.06815458033755761 0.07752565781136841
426.3768325431738 6.955424177033533 -0.06777140026003556 0.07708901705061644
436.0672151009785 7.0164791322837115 -0.06761081780695152 0.07665726756364985
445.7575976587832 7.07466123903766 -0.06723452730901286 0.07623032761433259
455.4479802165879 7.130159693504341 -0.06686240674496338 0.07580811727771138
465.1383627743926 7.183147247911146 -0.0664943870979988 0.0753905583901215
474.8287453321973 7.2337820225982385 -0.0661304008681039 0.07497757450093262
484.519127890002 7.282209073268693 -0.06577038203054646 0.07456909082587303
494.20951044769026 7.328561752738028 -0.0654142659957336 0.07416503420187619
503.89989300549496 7.372962899215122 -0.06506198957035328 0.07376533304336404
513.5902755632997 7.415525877356954 -0.06471349091981522 0.07336991729998482
523.2806581211044 7.456355493760139 -0.06436870953185879 0.0729787184156554
532.971040678909 7.495548804845863 -0.06402758618134657 0.07259166928893131
542.6614232367137 7.533195832130818 -0.06369006289617482 0.0722087042346268
552.3518057945184 7.569380197455628 -0.06335608292426319 0.07182975894664366
562.0421883523231 7.604179688767538 -0.06302559070158446 0.07145477046196494
571.7325709101278 7.637666765430843 -0.06269853182119578 0.07108367712577078
581.4229534679325 7.669909010697249 -0.06237485300323529 0.07071641855763601
591.1133360257372 7.700969537854597 -0.06205450206584857 0.07035293561877057
600.8037185835419 7.730907355642972 -0.061737427897012344 0.0699931703802654
610.4941011413466 7.759777697748152 -0.06142358042722211 0.06963706609230776
620.1844836991513 7.787632320526592 -0.06111291060301393 0.069284567154332
629.874866256956 7.814519772561656 -0.06080537036128998 0.06893561908607257
639.5652488147607 7.840485639180447 -0.06050091260442 0.06859016849948739
649.2556313725654 7.865572764659742 -0.06019949117609108 0.06824816307152182
658.9460139303701 7.889821454507104 -0.05990106083787979 0.06790955151768335
668.6363964881748 7.9132696599093695 -0.059605577246521525 0.06757428356639929
678.3267790458631 7.935953146187681 -0.05931299693185623 0.06724230993413464
688.0171616036678 7.957905646881913 -0.05902327727540669 0.06691358230122005
697.7075441614725 7.979159004892779 -0.05873637648961943 0.06658805328842515
707.3979267192772 7.999743301955457 -0.058452253597676626 0.0662656764341728
717.0883092770819 8.019686977566295 -0.058170868413911496 0.06594640617243273
726.7786918348866 8.039016938365336 -0.057892181524785744 0.06563019781124621
736.4690743926913 8.057758658866561 -0.057616154270414145 0.06531700751186673
746.159456950496 8.075936274332385 -0.0573427487266176 0.0650067922684949
755.8498395083006 8.093572666505029 -0.0570719276874873 0.06469950988858808
765.5402220661053 8.11068954283334 -0.05680365464844289 0.06439511897372624
775.23060462391 8.127307509768347 -0.05653789378976852 0.0640935789010154
784.9209871817147 8.143446140643041 -0.056274609960611004 0.06379484980501121
794.6113697395194 8.159124038600696 -0.05601376866342509 0.06349889256014599
804.3017522973241 8.174358894990522 -0.05575533603885124 0.0632056687636425
813.9921348551288 8.18916754360904 -0.055499278851011975 0.0629151407188994
823.6825174129335 8.203566011129496 -0.055245564473213354 0.06262727141933261
833.3728999707382 8.217569564029446 -0.05499416087403845 0.062342024532658434
843.0632825285429 8.23119275229789 -0.05474503660382058 0.06205936438560454
852.7536650863476 8.244449450177505 -0.05449816078148395 0.06177925594903477
862.4440476441523 8.257352894174524 -0.0542535030817404 0.06150166482347538
872.1344302018406 8.26991571854775 -0.05401103372263369 0.06122655722503285
881.8248127596453 8.282149988470701 -0.0537707234534032 0.060953899971671846
891.51519531745 8.29406723104078 -0.05353254354270044 0.06068366046989084
901.2055778752547 8.305678464299566 -0.0532964657670897 0.060415806701718165
910.8959604330594 8.31699422440925 -0.053062462399867276 0.06015030721206718
920.5863429908641 8.328024591121022 -0.052830506200172295 0.05988713109642045
930.2767255486688 8.338779211659011 -0.05260057040238281 0.059626247988835486
939.9671081064735 8.349267323133224 -0.05237262870578883 0.05936762805026317
949.6574906642782 8.359497773585819 -0.05214665526453361 0.05911124195716842
959.3478732220829 8.369479041766535 -0.051922624677815374 0.05885706089044509
969.0382557798875 8.379219255725607 -0.05170051198034117 0.0586050565246151
978.7286383376922 8.38872621030537 -0.05148029263302584 0.058355201017304355
988.4190208954969 8.39800738360558 -0.05126194251392846 0.05810746699898655
998.1094034533016 8.40706995249163 -0.051045437909419275 0.0578618275629873
