-1007.7997860109899 9.977538083849412 -0.0010612334295915721 0.0
-998.1094034531852 9.977538083815572 -0.001054791477015797 0.0
-988.4190208953805 9.977538083774379 -0.001048434998848797 0.0
-978.7286383375758 9.977538083724403 -0.0010421618275133254 0.0
-969.0382557798875 9.977538083663978 -0.0010359699034550663 0.0
-959.3478732220829 9.97753808359116 -0.0010298572659922388 0.0
-949.6574906642782 9.977538083503685 -0.0010238220452214559 0.0
-939.9671081064735 9.977538083398935 -0.0010178624548323096 0.0
-930.2767255486688 9.977538083273878 -0.001011976785708734 0.0
-920.5863429908641 9.97753808312503 -0.0010061634002125582 0.0
-910.8959604330594 9.977538082948383 -0.0010004207270609415 0.0
-901.2055778752547 9.977538082739354 -0.0009947472567223541 0.0
-891.51519531745 9.977538082492691 -0.0009891415372667428 0.0
-881.8248127596453 9.977538082202432 -0.0009836021706146583 0.0
-872.1344302018406 9.977538081861782 -0.0009781278091378594 0.0
-862.4440476440359 9.977538081463058 -0.0009727171525704168 0.0
-852.7536650862312 9.977538080997556 -0.0009673689451948516 0.0
-843.0632825284265 9.977538080455474 -0.0009620819732725554 0.0
-833.3728999706218 9.977538079825775 -0.0009568550626916992 0.0
-823.6825174128171 9.97753807909608 -0.0009516870768092962 0.0
-813.9921348550124 9.977538078252515 -0.0009465769144669716 0.0
-804.3017522972077 9.977538077279583 -0.0009415235081625394 0.0
-794.611369739403 9.97753807616001 -0.0009365258223616319 0.0
-784.9209871817147 9.977538074874571 -0.0009315828519355763 0.0
-775.23060462391 9.97753807340194 -0.0009266936207129094 0.0
-765.5402220661053 9.97753807171847 -0.0009218571801345793 0.0
-755.8498395083006 9.977538069798033 -0.0009170726080020279 0.0
-746.159456950496 9.9775380676118 -0.0009123390073105045 0.0
-736.4690743926913 9.977538065128021 -0.0009076555051596321 0.0
-726.7786918348866 9.9775380623118 -0.0014625611095425673 7.317581792475216e-05
-717.0883092770819 9.977538059124848 -0.0014434512707240177 7.127638925025909e-05
-707.3979267192772 9.977538055525256 -0.0014251239708725416 6.947307292844973e-05
-697.7075441614725 9.977538051467198 -0.0014075240189069169 6.775875394813324e-05
-688.0171616036678 9.97753804690068 -0.0013906014840276144 6.612700266660371e-05
-678.3267790458631 9.97753804177125 -0.0013743110787853862 6.457199422578311e-05
-668.6363964880584 9.977538036019693 -0.0014512157128376477 6.308843907695117e-05
-658.9460139302537 9.977538029581728 -0.0014336898437321821 6.167152286763195e-05
-649.255631372449 9.977538022387694 -0.001416802384941778 6.0316854251100165e-05
-639.5652488146443 9.977538014362207 -0.001400513221246249 5.902041942650154e-05
-629.8748662568396 9.977538005423831 -0.0013847856709018364 5.7778542418232666e-05
-620.1844836990349 9.977537995484722 -0.0013695861216908932 5.6587850266662246e-05
-610.4941011412302 9.977537984450274 -0.0013548837125322217 5.5445242436014584e-05
-600.8037185834255 9.977537972218729 -0.001340650054111657 5.434786385514886e-05
-591.1133360257372 9.977537958680818 -0.0014081384302730205 5.329308109769705e-05
-581.4229534679325 9.977537943719382 -0.001463380397696957 5.4119262772957414e-05
-571.7325709101278 9.977537927208939 -0.001446610734915342 5.309488370017957e-05
-562.0421883523231 9.977537909015323 -0.0014304037359996681 5.2108737319014406e-05
-552.3518057945184 9.977537888995254 -0.0014147266716926623 5.1158710195342544e-05
-542.6614232367137 9.97753786699592 -0.0016490875628740213 5.024284295957093e-05
-532.971040678909 9.977537842854568 -0.0016279194653755873 4.9359316395905575e-05
-523.2806581211044 9.977537816398074 -0.00160752421474422 4.85064390280202e-05
-513.5902755632997 9.977537787442516 -0.0016216789438023111 4.768263601431057e-05
-503.89989300549496 9.97753775579273 -0.0016018300548343476 4.688643919248259e-05
-494.20951044769026 9.977537721241898 -0.0015826650935545005 4.611647813554647e-05
-484.51912788988557 9.977537683571093 -0.0015641441271199911 4.537147210011854e-05
-474.82874533208087 9.977537642548857 -0.0015462304331045847 4.465022276388367e-05
-465.1383627742762 9.97753759793075 -0.0015288901749590516 4.395160766262388e-05
-455.4479802164715 9.977537549458937 -0.0015120921167321943 4.327457424877498e-05
-445.7575976586668 9.977537496861734 -0.0014958073715495945 4.2618134503367195e-05
-436.0672151008621 9.977537439853187 -0.001480009179220277 4.198136004168569e-05
-426.3768325430574 9.977537378132649 -0.001464672709060461 4.136337766029119e-05
-416.6864499852527 9.977537311384367 -0.001449774884618375 4.076336527934542e-05
-406.9960674275644 9.977537239277048 -0.0014352942274783868 4.01805482396443e-05
-397.3056848697597 9.977537161463465 -0.0031925651966703368 0.001106129813681769
-387.615302311955 9.977537077580054 -0.003133868331524271 0.0010784900933047943
-377.9249197541503 9.97753698724652 -0.0030777614027340714 0.0010522075199340334
-368.2345371963456 9.977536890065457 -0.003024066433969435 0.0010271841602742392
-358.54415463854093 9.977536785621973 -0.0029726217376934384 0.0010033313013753048
-348.85377208073623 9.977536673483339 -0.0029232800740473202 0.0009805683892757085
-339.16338952293154 9.97753655319862 -0.002875907055445605 0.0009588221110438836
-329.47300696512684 9.977536424298359 -0.0028303797593111266 0.0009380255981043244
-319.78262440732215 9.977536286294244 -0.002786585517820854 0.0009181177325491562
-310.09224184951745 9.977536138678813 -0.0027444208587564514 0.0008990425412253634
-300.40185929171275 9.977535980925134 -0.0027037905758091106 0.0008807486649025899
-290.71147673390806 9.977535812486565 -0.0026646069101718866 0.0008631888918828065
-281.02109417610336 9.977535632796457 -0.0029484161898049974 0.0008811286530315894
-271.33071161829866 9.977535441267937 -0.0029036141593469264 0.0008640144980604125
-261.64032906049397 9.977535237293676 -0.0028604484202196935 0.0008475587444165974
-251.94994650268927 9.97753502024568 -0.00281882408739826 0.000831723812247521
-242.25956394488458 9.977534789475099 -0.0027786537507387783 0.0008164749497491332
-232.56918138707988 9.977534544312073 -0.0027398567335486946 0.0008017799700041085
-222.8787988293916 9.97753428406556 -0.0027644938606503004 0.0007876090169114375
-213.1884162715869 9.977534008023243 -0.002726641173265709 0.0007739343564886773
-203.4980337137822 9.977533715451388 -0.0026900327724250083 0.0007607301903702076
-193.8076511559775 9.97753340559478 -0.002654603366048487 0.0007479724887703634
-184.1172685981728 9.977533077676656 -0.002620292339342405 0.0007356388405661278
-174.42688604036812 9.97753273089865 -0.002587043330977107 0.0007237083184713128
-164.73650348256342 9.977532364440798 -0.002587986107129034 0.0007121613575472014
-155.04612092475872 9.977531977461513 -0.002555857895596338 0.0007009796455256864
-145.35573836695403 9.977531569097634 -0.002524686955308523 0.0006901460236181198
-135.66535580914933 9.977531138464451 -0.002494427447923966 0.0006796443966518545
-125.97497325134464 9.977530684655791 -0.0025353793014727594 0.0006694596515212497
-116.28459069353994 9.977530206744097 -0.0025050024128966232 0.0006595775830645384
-106.59420813573524 9.977529703780556 -0.0024755078254259768 0.0006499848265854505
-96.90382557793055 9.977529174795235 -0.002446853637848963 0.0006406687963315347
-87.21344302012585 9.97752861879722 -0.0024190007403747525 0.0006316176293217478
-77.52306046232115 9.977528034774823 -0.0023919125726540604 0.000622820133986024
-67.83267790451646 9.977527421695772 -0.0023655549078533443 0.000614265743140618
-58.14229534671176 9.977526778507437 -0.0023398956594168304 0.0006059444708763825
-48.451912788907066 9.977526104137096 -0.002314904707657812 0.0005978468729838
-38.761530231218785 9.977525397492164 -0.0022905537437410604 0.0005899640105796476
-29.07114767341409 9.977524657460519 -0.0022668161289659244 0.0005822874166354757
-19.380765115609393 9.977523882910791 -0.002243666767558361 0.0005748090651417309
-9.690382557804696 9.977523072692714 -0.002221081991415718 0.0005675213426659703
0.0 7.020191655520681 -0.048514855926821664 0.039931111061483664
9.690382557804696 7.1867460463330195 -0.047298271905073214 0.038908322003730705
19.380765115609393 7.300629428410378 -0.046142308929657636 0.03793680779257028
29.07114767341409 7.3908131496871645 -0.04504252273022965 0.037012800453686316
38.761530231218785 7.466721231076255 -0.04399489395134722 0.03613289266954973
48.45191278902348 7.532839862066113 -0.04299577851106578 0.03529399562035436
58.14229534682818 7.591720499897466 -0.042041864762928004 0.034493302604795564
67.83267790463287 7.644977643836075 -0.04113013639759199 0.03372825753679711
77.52306046243757 7.693709041125353 -0.040257840206297205 0.03299652757232088
87.21344302024227 7.738700881312605 -0.03942245797853063 0.03229597924800499
96.90382557804696 7.780538843087423 -0.038621681928125304 0.0316246576169379
106.59420813585166 7.819672942045897 -0.03785339314139708 0.030980767951322707
116.28459069365636 7.856457694730748 -0.03711564262232803 0.03036265965095714
125.97497325146105 7.8911781907400576 -0.036406634576775135 0.029768812053362143
135.66535580926575 7.924067679935892 -0.0357247116330081 0.029197821888403235
145.35573836707044 7.955319822243666 -0.03506834174177022 0.02864839215924088
155.04612092475872 7.9850974545724585 -0.034436106537270146 0.028119322263916502
164.73650348256342 8.013539013009929 -0.03382669097238945 0.027609499198965107
174.42688604036812 8.04076333351245 -0.03323887406832385 0.027117889709327977
184.1172685981728 8.066873304691386 -0.032671520641142204 0.026643533267758795
193.8076511559775 8.091958691068042 -0.03212357388703389 0.02618553578330008
203.4980337137822 8.11609834584366 -0.03159404872396227 0.025743063951956198
213.1884162715869 8.139361967016765 -0.03108202580117741 0.025315340174358263
222.8787988293916 8.16181150688808 -0.03058664609969001 0.024901637975111704
232.5691813871963 8.183502314980752 -0.030107106056765767 0.024501277866976354
242.259563945001 8.20448407345453 -0.029642653156028893 0.024113623610274606
251.9499465028057 8.224801569225317 -0.029192581932090334 0.023738078824146858
261.6403290606104 8.244495336289475 -0.030018030835376366 0.023374083911631528
271.3307116184151 8.263602193926697 -0.03432871207376055 0.023021113265172092
281.0210941762198 8.282155700665308 -0.03376405638351008 0.02267867272315512
290.7114767340245 8.30018653955967 -0.033219068079607075 0.022346297251553633
300.40185929182917 8.31772284704954 -0.03274619278397102 0.022025741872057056
310.09224184963387 8.334790495164238 -0.0322359963154367 0.021712151110841862
319.78262440743856 8.351413334900377 -0.03174252955394526 0.02140738764559956
329.47300696524326 8.367613407096604 -0.03126493078833035 0.021111083314251263
339.16338952293154 8.383411125947644 -0.030802400110302438 0.02082289017037308
348.85377208073623 8.3988254393674 -0.030384925374460848 0.020543473569602674
358.54415463854093 8.413873969663443 -0.02994956643779518 0.020270507719970042
368.2345371963456 8.428573137395883 -0.029582826584919994 0.02000680931261996
377.9249197541503 8.442938270805913 -0.029171482360669795 0.019747863490258484
387.615302311955 8.45698370281327 -0.028772058788645565 0.019495551822665533
397.3056848697597 8.470722857261904 -0.02838401873367997 0.019249622131605693
406.9960674275644 8.484168325831943 -0.02800685848227736 0.01900983487891398
416.6864499853691 8.497331936820546 -0.027640105058100807 0.018775962383112164
426.3768325431738 8.510224816815553 -0.02728331380313558 0.018547788093692334
436.0672151009785 8.522857446137165 -0.026948747722687315 0.01832587973567403
445.7575976587832 8.535239708798379 -0.026610319821725095 0.018108473304861074
455.4479802165879 8.553110688899126 -0.026283942112322836 0.017896258081760454
465.1383627743926 8.57600028468436 -0.025962665202672302 0.017688890908420397
474.8287453321973 8.59808041084534 -0.025726415405317053 0.01748985251232576
484.519127890002 8.619404408917745 -0.025419089463570455 0.017291754995044026
494.2095104478067 8.640020545907017 -0.025138412227283944 0.017098609262957944
503.8998930056114 8.659972639175622 -0.0248455038907592 0.016909247380685312
513.5902755634161 8.679300586492388 -0.02455965036282063 0.01672404412145596
523.2806581211044 8.698040818260953 -0.02428058928760089 0.016542863675980495
532.971040678909 8.716226685454805 -0.024008071740398117 0.016365576100386945
542.6614232367137 8.733888794090339 -0.02374186133630733 0.01619205700170227
552.3518057945184 8.751055294984644 -0.023481733412714055 0.01602218724347813
562.0421883523231 8.767752135896322 -0.023227474278247864 0.015855852670082184
571.7325709101278 8.78400328185661 -0.022978880521617836 0.015692943848260924
581.4229534679325 8.799830908465742 -0.022735758374545337 0.015533355824713935
591.1133360257372 8.815255572104025 -0.022497923123670327 0.015376987898523077
600.8037185835419 8.830296360341832 -0.022265198566882565 0.015223743407376481
610.4941011413466 8.844971025293301 -0.02203741651002938 0.015073529526613984
620.1844836991513 8.859296102218666 -0.02181441630038745 0.014926257080199436
629.874866256956 8.873287015319695 -0.021670777948976944 0.014785751223281378
639.5652488147607 8.88695817237579 -0.021454989377876335 0.014644008502221311
649.2556313725654 8.900323049622347 -0.021243635796473957 0.014504964771668157
658.9460139303701 8.913394268068743 -0.021036575862989675 0.014368543414044843
668.6363964881748 8.926183662282401 -0.020833674537394473 0.014234670701195582
678.3267790459795 8.938702342522417 -0.020634802703834523 0.01410327565783464
688.0171616037842 8.950960750985427 -0.02038948871313891 0.013977354205219715
697.7075441615889 8.962968712824743 -0.02039429948336448 0.013851176025938987
707.3979267192772 8.97473548251702 -0.02020306901427849 0.013726725174273497
717.0883092770819 8.986269786078198 -0.020015590182635774 0.013604497494309944
726.7786918348866 8.997579859564643 -0.020073958759639958 0.01349462700115124
736.4690743926913 9.008673484246428 -0.019920898205949007 0.013377401921737283
746.159456950496 9.019558018788484 -0.020412923247086632 0.013261222159797552
755.8498395083006 9.030240428738392 -0.020215235642002713 0.013147054015883595
765.5402220661053 9.040727313584005 -0.020021968555712238 0.013034845107497266
775.23060462391 9.051024931614295 -0.019832939776931326 0.0129245449028943
784.9209871817147 9.061139222790807 -0.019647979481812235 0.0128161046350722
794.6113697395194 9.071075829814344 -0.01946692901685592 0.012709477221121052
804.3017522973241 9.080840117551583 -0.019289639835359005 0.012604617186470029
813.9921348551288 9.090437190969038 -0.019115972564353604 0.012501480593619302
823.6825174129335 9.09987191170637 -0.018945796182937125 0.012400024974994475
833.3728999707382 9.109148913407603 -0.018778987296080785 0.012300209269601436
843.0632825285429 9.118272615916949 -0.018615429490603786 0.012201993763193943
852.7536650863476 9.127247238435334 -0.018455012762126504 0.012105340031695961
862.4440476441523 9.136076811724424 -0.018297633003563667 0.012010210887646417
872.134430201957 9.144765189436695 -0.018143191547161708 0.011916570329456495
881.8248127597617 9.153316058642618 -0.017991594753281104 0.011824383493288739
891.51519531745 9.16173294961938 -0.017842753640122732 0.011733616607385738
901.2055778752547 9.170019244960411 -0.01904281575304411 0.011847721734511875
910.8959604330594 9.17817818805752 -0.01886437806622984 0.01175442875724255
920.5863429908641 9.18621289100626 -0.01869021346734693 0.011662726509142742
930.2767255486688 9.19412634197741 -0.01852011860834538 0.01157256553107227
939.9671081064735 9.201921412095677 -0.018353905899492862 0.011483899147018185
949.6574906642782 9.209600861862551 -0.018191401836175528 0.011396683208742363
959.3478732220829 9.217167347157334 -0.018032445544803353 0.011310875872466857
969.0382557798875 9.224623424847378 -0.017876887514367265 0.011226437402728362
978.7286383376922 9.231971558036141 -0.0177245884859649 0.011143329999377673
988.4190208954969 9.239214120975296 -0.01757541847727957 0.01106151764438178
