-1007.7997860111063 8.981855752170846 -0.0005318176698484256 1.7231973359311484e-07
-998.1094034533016 8.981855752170846 -0.0005290642958107907 1.7121071017901778e-07
-988.4190208954969 8.981855752170846 -0.0005263416680318078 1.7011587049033164e-07
-978.7286383376922 8.981855752170846 -0.0005236492474490036 1.690349441543926e-07
-969.0382557798875 8.981855752170846 -0.0005209865079240585 1.6796766762688556e-07
-959.3478732220829 8.981855752170846 -0.0005183529358502078 1.6691378397783695e-07
-949.6574906642782 8.981855752170846 -0.0005157480297740619 1.6587304268538514e-07
-939.9671081064735 8.981855752170846 -0.0005131713000312228 1.6484519943703168e-07
-930.2767255486688 8.981855752170846 -0.0005106222683951046 1.6383001593862652e-07
-920.5863429908641 8.981855752170846 -0.0005081004677384029 1.6282725973019822e-07
-910.8959604330594 8.981855752170846 -0.0005056054417066753 1.6183670400834003e-07
-901.2055778752547 8.981855752170846 -0.0008310082434442111 1.6085812745539012e-07
-891.51519531745 8.981855752170846 -0.0008261481213407353 1.598913140744016e-07
-881.8248127596453 8.981855752170846 -0.000821348850073823 1.5893605303024902e-07
-872.1344302018406 8.981855752170846 -0.0008166092420865753 1.5799213849637295e-07
-862.4440476440359 8.981855752170846 -0.0008119281413805039 1.5705936950703916e-07
-852.7536650862312 8.981855752170846 -0.0008073044224551056 1.561375498144481e-07
-843.0632825285429 8.981855752170846 -0.0008291099281190569 1.5522648775133028e-07
-833.3728999707382 8.981855752170846 -0.0008244037822967158 1.54325996097857e-07
-823.6825174129335 8.981855752170846 -0.0008197546460557655 1.5343589195362476e-07
-813.9921348551288 8.981855752170846 -0.0008151614445603469 1.5255599661352157e-07
-804.3017522973241 8.981855752170846 -0.0008106231305480045 1.5168613544850062e-07
-794.6113697395194 8.981855752170846 -0.0008061386834356117 1.50826137789607e-07
-784.9209871817147 8.981855752170846 -0.000814717339391155 1.4997583681667336e-07
-775.23060462391 8.981855752170846 -0.000810241886530615 1.4913506945026835e-07
-765.5402220661053 8.981855752170846 -0.0008058187904177378 1.4830367624755543e-07
-755.8498395083006 8.981855752170846 -0.0008014470984520984 1.4748150130125247e-07
-746.159456950496 8.981855752170846 -0.0008225765095106769 1.466683921426028e-07
-736.4690743926913 8.981855752170846 -0.0008181170771150117 1.4586419964648588e-07
-726.7786918348866 8.981855752170846 -0.0008137090804232889 1.450687779408575e-07
-717.0883092770819 8.981855752170846 -0.000809351596837837 1.442819843181633e-07
-707.3979267192772 8.981855752170846 -0.0008050437262852462 1.4350367915020712e-07
-697.7075441614725 8.981855752170846 -0.0008007845905207406 1.427337258052529e-07
-688.0171616036678 8.981855752170846 -0.0007965733324585058 1.419719905684227e-07
-678.3267790458631 8.981855752170846 -0.0007924091155268481 1.4121834256395198e-07
-668.6363964880584 8.981855752170846 -0.0007882911230471005 1.4047265368056048e-07
-658.9460139303701 8.981855752170846 -0.0007842185576353002 1.39734798498442e-07
-649.2556313725654 8.981855752170846 -0.0007801906406253745 1.3900465421937675e-07
-639.5652488147607 8.981855752170846 -0.0007762066115136369 1.3828210059824586e-07
-629.874866256956 8.981855752170846 -0.000772265727422739 1.3756701987729994e-07
-620.1844836991513 8.981855752170846 -0.0008995060012687294 1.3685929672182958e-07
-610.4941011413466 8.981855752170846 -0.0008946815835496681 1.361588181586406e-07
-600.8037185835419 8.981855752170846 -0.0008899123589231699 1.3546547351551944e-07
-591.1133360257372 8.981855752170846 -0.0008851973407816503 1.3477915436301148e-07
-581.4229534679325 8.981855752170846 -0.000880535566665797 1.3409975445804963e-07
-571.7325709101278 8.981855752170846 -0.0008759260975120876 1.334271696890434e-07
-562.0421883523231 8.981855752170846 -0.0008713680169288215 1.3276129802259363e-07
-552.3518057945184 8.981855752170846 -0.0008668604304993936 1.321020394521377e-07
-542.6614232367137 8.981855752170846 -0.0008624024651116022 1.314492959476786e-07
-532.971040678909 8.981855752170846 -0.0008579932683118439 1.3080297140709702e-07
-523.2806581211044 8.981855752170846 -0.0008536320076831088 1.3016297160939327e-07
-513.5902755632997 8.981855752170846 -0.0008493178702457409 1.2952920416834864e-07
-503.89989300549496 8.981855752170846 -0.000845050061879985 1.2890157848848496e-07
-494.20951044769026 8.981855752170846 -0.0008408278067693842 1.2828000572184833e-07
-484.51912788988557 8.981855752170846 -0.0008366503468641422 1.2766439872576145e-07
-474.82874533208087 8.981855752170846 -0.0008325169413636067 1.2705467202251286e-07
-465.1383627743926 8.981855752170846 -0.0008284268662171225 1.2645074175950902e-07
-455.4479802165879 8.981855752170846 -0.0008243794136421927 1.258525256710308e-07
-445.7575976587832 8.981855752170846 -0.0008203738916599597 1.2525994304057555e-07
-436.0672151009785 8.981855752170846 -0.0008164096236463298 1.246729146649484e-07
-426.3768325431738 8.981855752170846 -0.000812485947898822 1.240913628185918e-07
-416.6864499853691 8.981855752170846 -0.0008086022172182123 1.2351521121957074e-07
-406.9960674275644 8.981855752170846 -0.0008047577985044283 1.229443849960635e-07
-397.3056848697597 8.981855752170846 -0.0008009520723661201 1.223788106539947e-07
-387.615302311955 8.981855752170846 -0.0007971844327433636 1.21818416045456e-07
-377.9249197541503 8.981855752170846 -0.0007934542865429757 1.2126313033790763e-07
-368.2345371963456 8.981855752170846 -0.0007897610532859445 1.207128839846736e-07
-358.54415463854093 8.981855752170846 -0.0008419770089272562 1.201676086954225e-07
-348.85377208073623 8.981855752170846 -0.0009091295681629333 1.196272374084552e-07
-339.16338952293154 8.981855752170846 -0.0009046117227450507 1.1909170426268925e-07
-329.47300696512684 8.981855752170846 -0.0009001422047110998 1.1856094457129088e-07
-319.78262440732215 8.981855752170846 -0.002127976858922176 0.00023418851251192204
-310.09224184951745 8.981855752170846 -0.0021145155577209002 0.00023246208061342317
-300.40185929171275 8.981855752170846 -0.0021012331952852533 0.00023076091888778237
-290.71147673390806 8.981855752170846 -0.002088126109624314 0.00022908447651204993
-281.0210941762198 8.981855752170846 -0.0020751907399838075 0.00022743221855691623
-271.3307116184151 8.981855752170846 -0.002299284287987875 0.0002461813279142418
-261.6403290606104 8.981855752170846 -0.002284940107615171 0.0002444260355533478
-251.9499465028057 8.981855752170846 -0.0030460641813078973 0.0003463144825910901
-242.259563945001 8.981855752170846 -0.0030263790322558578 0.00034384504563014486
-232.5691813871963 8.981855752170846 -0.0030069570726230723 0.00034141059640101104
-222.8787988293916 8.981855752170846 -0.0029877929390446237 0.0003390103961558927
-213.1884162715869 8.981855752170846 -0.00296888141486632 0.0003366437268103426
-203.4980337137822 8.981855752170846 -0.002950217425119748 0.00033430989022543804
-193.8076511559775 8.981855752170846 -0.0029317960317036163 0.0003320082075196932
-184.1172685981728 8.981855752170842 -0.0038955974809004616 0.00032973801840927415
-174.42688604036812 8.98185575217084 -0.003870386163642602 0.00032749868057517224
-164.73650348256342 8.981855752170837 -0.0038585050728481406 0.00032591202820689985
-155.04612092475872 8.981855752170832 -0.0038338612496072702 0.0003237279351206047
-145.35573836695403 8.981855752170823 -0.009670797867906363 0.002805341353491641
-135.66535580914933 8.98185575217081 -0.009603706578146656 0.0027849561206668267
-125.97497325134464 8.981855752170791 -0.00962531896208712 0.0027695424362926993
-116.28459069353994 8.981855752170759 -0.009559442004580622 0.002749705394816433
-106.59420813573524 8.981855752170713 -0.009494474843207439 0.002730150798427187
-96.90382557804696 8.981855752170647 -0.009430398595759516 0.0027108726517962867
-87.21344302024227 8.981855752170548 -0.009367194901760011 0.002691865128225781
-77.52306046243757 8.9818557521704 -0.009304845904506087 0.0026731225637578473
-67.83267790463287 8.98185575217019 -0.009243334233843025 0.0026546394515273297
-58.14229534682818 8.981855752169883 -0.009182642989645743 0.0026364104363491092
-48.45191278902348 8.981855752169448 -0.009122755725969855 0.0026184303095276623
-38.761530231218785 8.98185575216883 -0.009063656435841392 0.0026006940038784338
-29.07114767341409 8.981855752167958 -0.009005329536655306 0.0025831965889510445
-19.380765115609393 8.981855752166743 -0.008947759856154475 0.002565933266444801
-9.690382557804696 8.981855752165053 -0.008890932618962408 0.0025488993658075495
0.0 8.981855752162728 -0.008834833433644234 0.0025320903400093877
9.690382557804696 6.1295841612745114 -0.034316571476995475 0.0435111923339888
19.380765115609393 6.2630433180486875 -0.034074303150882515 0.04319368507300303
29.07114767341409 6.364107529784339 -0.03383545758760107 0.04288078147345938
38.761530231218785 6.447340635682636 -0.03359996239915009 0.04257238206598075
48.45191278902348 6.518893284316565 -0.03336774723192961 0.04226839022789987
58.14229534682818 6.582049630268689 -0.03313874369556593 0.04196871208209566
67.83267790463287 6.638806888965179 -0.03290117716615834 0.04167358662881224
77.52306046243757 6.690486192160248 -0.03281408099293716 0.0413881890663724
87.21344302012585 6.738014749318074 -0.03259340886531919 0.04110086879110596
96.90382557793055 6.7820726245736305 -0.03237570643025608 0.04081751294828609
106.59420813573524 6.823175936724106 -0.03216831907278226 0.04053868777024686
116.28459069353994 6.861727204478025 -0.03215608061917226 0.0402766254857719
125.97497325134464 6.898047420917921 -0.032024270106173786 0.04000457760090813
135.66535580914933 6.932397358324139 -0.031815777829192614 0.03973618256174292
145.35573836695403 6.964992216530271 -0.03161000195774103 0.03947136724511869
155.04612092475872 6.996011991555615 -0.031406889498554816 0.039210060467651256
164.73650348256342 7.0256089993204505 -0.031206388832688076 0.038952192921803075
174.42688604036812 7.05391345338703 -0.031008449671125538 0.038697697114469146
184.1172685981728 7.081037678216165 -0.03081302301210818 0.03844650730796097
193.8076511559775 7.107079344676657 -0.03062006110009513 0.03819855946327995
203.4980337137822 7.1321239913698955 -0.03042951738628934 0.03795379118557717
213.1884162715869 7.156247015309268 -0.03024134649065747 0.037712141671702136
222.8787988293916 7.17951526225369 -0.030055504165378524 0.03747355165974738
232.5691813871963 7.201988310811106 -0.0298719472596587 0.037237963380500914
242.259563945001 7.223719519361898 -0.029690633685853087 0.037005320510723
251.9499465028057 7.244756887184436 -0.029511522386838004 0.036775568128167624
261.6403290606104 7.27468955278149 -0.029334573304580072 0.03654865266827311
271.33071161829866 7.326687541063881 -0.029159747349853406 0.03632452188245284
281.02109417610336 7.374891026659975 -0.029425821145273458 0.03610312479790134
290.71147673390806 7.4198158471682465 -0.02925188668632449 0.035884411678891365
300.40185929171275 7.461877836512608 -0.0290800111436551 0.035668333989446174
310.09224184951745 7.501417462615749 -0.028910157983788865 0.035454844357368454
319.78262440732215 7.538717202341619 -0.028742291536198596 0.03524389653955356
329.47300696512684 7.574014108872004 -0.028576376967878944 0.03503544538853671
339.16338952293154 7.6075091028269215 -0.02841238025881605 0.0348294468202226
348.85377208073623 7.63937397365521 -0.028250268178317387 0.034625857782749694
358.54415463854093 7.669756744994514 -0.028090008262166954 0.03442463622644214
368.2345371963456 7.698785847996002 -0.027931568790571827 0.0342257410748059
377.9249197541503 7.726573410850157 -0.02777491876686864 0.03402913219652645
387.615302311955 7.753217882722715 -0.028516618230092147 0.03383477037842834
397.3056848697597 7.77880614931365 -0.028356865971882604 0.03364261729935798
406.9960674275644 7.803415255119224 -0.028404195431933676 0.03345263550495319
416.6864499853691 7.827113817861583 -0.028246490295124892 0.03326478838326468
426.3768325431738 7.849963199399678 -0.028090544075534733 0.03307904014119576
436.0672151009785 7.872018482109334 -0.02793632724915737 0.03289535578172888
445.7575976587832 7.893329288465547 -0.027783810954911583 0.03271370108190803
455.4479802165879 7.913940473192976 -0.027632966975964273 0.03253404257154813
465.1383627742762 7.9338927110586 -0.027483767721689967 0.03235634751264579
474.82874533208087 7.953222998600663 -0.02733618621023055 0.03218058387945168
484.51912788988557 7.971965084413169 -0.027190196051657577 0.03200672033921129
494.20951044769026 7.990149839770754 -0.027045771431678762 0.03183472623350687
503.89989300549496 8.00780557914919 -0.026902887095893186 0.03166457156020932
513.5902755632997 8.024958338451976 -0.02676151833456373 0.03149622695600478
523.2806581211044 8.04163211736279 -0.02662164096788838 0.03132966367947673
532.971040678909 8.057849091133324 -0.026483231331751195 0.031164853594723037
542.6614232367137 8.073629796221875 -0.02634626626393479 0.031001769155488353
552.3518057945184 8.088993293473754 -0.026210723090776624 0.030840383389793065
562.0421883523231 8.103957311944106 -0.026076579614252516 0.030680669885040653
571.7325709101278 8.118538375979588 -0.02594381409947129 0.03052260277358634
581.4229534679325 8.132751917776234 -0.02581240526256522 0.030366156718750252
591.1133360257372 8.146612377300302 -0.025682332258961587 0.030211306901259356
600.8037185835419 8.160133291183383 -0.025553574672021403 0.030058029006102802
610.4941011413466 8.173327371972949 -0.02542611250203169 0.02990629920978612
620.1844836991513 8.186206578925844 -0.025299926155538593 0.02975609416797017
629.874866256956 8.198782181369218 -0.025174996435008742 0.029607391003481285
639.5652488147607 8.211064815515 -0.025051304528807408 0.029460167294679915
649.255631372449 8.223064535496537 -0.024928832001483103 0.02931440106417671
658.9460139302537 8.234790859296767 -0.024807560784339357 0.029170070767874003
668.6363964880584 8.246252810148572 -0.024687473166305 0.029027155284347086
678.3267790458631 8.257458953919437 -0.024568551785063668 0.02888563390451953
688.0171616036678 8.268417432924116 -0.024450779618454918 0.028745486321648125
697.7075441614725 8.279135996557416 -0.024334139976129005 0.028606692621596614
707.3979267192772 8.289622029090873 -0.024218616491447822 0.02846923327339047
717.0883092770819 8.2998825749362 -0.024104193113623613 0.02833308912004294
726.7786918348866 8.309924361642688 -0.02399085410008715 0.028198241369643603
736.4690743926913 8.319753820864747 -0.02387858400907777 0.028064671586700556
746.159456950496 8.329377107508428 -0.023767367692447496 0.02793236168372785
755.8498395083006 8.33880011724227 -0.023657190288672122 0.027801293913070232
765.5402220661053 8.348028502536787 -0.023548037216062325 0.027671450858957204
775.23060462391 8.357067687378747 -0.023439894166167995 0.027542815429779186
784.9209871817147 8.365922880790276 -0.023332747097369558 0.027415370850578328
794.6113697395194 8.374599089268738 -0.023226582228649782 0.027289100655747186
804.3017522973241 8.383101128250688 -0.023121386033540508 0.027163988681928607
813.9921348551288 8.39143363269238 -0.02301714523423818 0.02704001906111021
823.6825174129335 8.399601066849364 -0.022913846795883038 0.026917176213907452
833.3728999706218 8.407607733329082 -0.022811477920997466 0.026795444843030685
843.0632825284265 8.415457781483322 -0.02271002604407151 0.0266748099269216
852.7536650862312 8.42315521519858 -0.022609478826308663 0.026555256713575594
862.4440476440359 8.430703900139717 -0.02250982415050273 0.026436770714515303
872.1344302018406 8.438107570493493 -0.022411050116059796 0.02631933769893218
881.8248127596453 8.445369835255821 -0.022313145034153263 0.026202943687982292
891.51519531745 8.452494184101669 -0.02221609742300916 0.026087574949232993
901.2055778752547 8.459483992872686 -0.022119896003317475 0.02597321799125597
910.8959604330594 8.466342528714412 -0.02202452969376575 0.025859859558361876
920.5863429908641 8.473072954891657 -0.02192998760669092 0.025747486625472677
930.2767255486688 8.479678335308114 -0.021836259043845906 0.025636086393127103
939.9671081064735 8.486161638753652 -0.021743333492277386 0.02552564628261543
949.6574906642782 8.49252574290068 -0.021651200620311284 0.025416153931239683
959.3478732220829 8.498773438068854 -0.021559850273642742 0.025307597187695447
969.0382557798875 8.504907430775784 -0.02146927247152732 0.025199964107571613
978.7286383376922 8.51093034708972 -0.021379457403070564 0.02509324294896478
988.4190208954969 8.516844735798717 -0.021290395423612638 0.024987422168204577
998.1094034533016 8.522653071409648 -0.021202077051205526 0.024882490415686964
