-1007.7997860111063 8.605366507285119 -9.666948878819965e-05 0.02168699900707626
-998.1094034533016 8.62393173444337 -0.00018329722903768705 0.02137482646208647
-988.4190208954969 8.641956755474666 -0.00026654648231534407 0.02107198030456808
-978.7286383376922 8.659470013195463 -0.0003465795767124811 0.020778042787144756
-969.0382557798875 8.676497626549013 -0.0004235490159201112 0.020492620840682332
-959.3478732220829 8.693063649597802 -0.0005396652272073553 0.020216977803749193
-949.6574906642782 8.709190294361484 -0.0006098468533966712 0.01994745564476604
-939.9671081064735 8.724898123497661 -0.0006774246029650321 0.01968540280875601
-930.2767255486688 8.740206217680266 -0.0007425143312002569 0.01943050828159417
-920.5863429908641 8.755132321631894 -0.0008052254975964876 0.019182478157628302
-910.8959604330594 8.769692972054722 -0.0008656615871348132 0.01894103447745334
-901.2055778753711 8.783903610136457 -0.0012328420589485902 0.01870591415923984
-891.5151953175664 8.79777868085293 -0.0012811411043559928 0.018476868014923296
-881.8248127597617 8.811331720916609 -0.0013278349878692274 0.01825365984352898
-872.134430201957 8.82457543692655 -0.001372978421502894 0.01803606559461085
-862.4440476441523 8.837521775024232 -0.0014166245223990247 0.01782387259559283
-852.7536650863476 8.850181983161834 -0.0014588247667442198 0.017616878837370967
-843.0632825285429 8.86256666692189 -0.001708400002665485 0.017414892313114196
-833.3728999707382 8.879963485018218 -0.0017425126609213366 0.01721773040569609
-823.6825174129335 8.901411468678026 -0.0017755906262533572 0.017025219319632953
-813.9921348551288 8.921930661280735 -0.0018076592626978636 0.016837193553798924
-804.3017522973241 8.94158711953242 -0.002446604850477075 0.016653495411541912
-794.6113697395194 8.960440262879027 -0.002461051429854118 0.016473974545140085
-784.9209871817147 8.97854374275709 -0.0024753541783712383 0.0162984875318215
-775.23060462391 8.995946171248809 -0.0024894804500737327 0.016126897478823635
-765.5402220661053 9.01269173607042 -0.0025034028631490076 0.015959073655197338
-755.8498395083006 9.028820722901747 -0.0025170985748571807 0.015794891148265076
-746.159456950496 9.044369961604067 -0.002530548661520084 0.01563423054282785
-736.4690743926913 9.059373209476172 -0.002543737586923169 0.015476977621381956
-726.7786918348866 9.073861482085702 -0.0025566527453822446 0.015323023083756748
-717.0883092771983 9.08786334018377 -0.0025692840680729355 0.015172262284722614
-707.3979267193936 9.101405139623175 -0.002581623683130286 0.015024594988228347
-697.7075441615889 9.11451124994218 -0.0025936656215820404 0.01487992513707665
-688.0171616037842 9.127204246283148 -0.0026054055624644477 0.014738160636883822
-678.3267790459795 9.13950507850912 -0.002769379716684212 0.014608424929472098
-668.6363964881748 9.151433220739161 -0.0027765723277466056 0.014471972011252644
-658.9460139303701 9.163006803997796 -0.002783655795870885 0.014338181928248076
-649.2556313725654 9.174242734245844 -0.0027906158734947828 0.0142069756486832
-639.5652488147607 9.185156797708403 -0.002797440502143956 0.014078277289138855
-629.874866256956 9.195763755125435 -0.0028041195376444657 0.013952013955595442
-620.1844836991513 9.206077426310122 -0.0028106445116887293 0.01382811559445923
-610.4941011413466 9.21611076619951 -0.0028170084244368344 0.013706514852782516
-600.8037185835419 9.225875933414544 -0.0028232055637013986 0.013587146946969254
-591.1133360257372 9.23538435220585 -0.0028292313469741076 0.013469949539327897
-581.4229534679325 9.244646768542895 -0.0028350821831367706 0.013354862621893877
-571.7325709101278 9.253673301003795 -0.0028407553511831923 0.01324182840699791
-562.0421883523231 9.262473487037775 -0.002846248893679881 0.013130791224103027
-552.3518057945184 9.271056325099435 -0.0028515615230286766 0.013021697422475354
-542.6614232367137 9.279430313091913 -0.0028566925388747682 0.012914495279290264
-532.971040678909 9.287603483502531 -0.002861641755239503 0.01280913491280917
-523.2806581212208 9.295583435568421 -0.002866409436155753 0.01270556820029277
-513.5902755634161 9.303377364770538 -0.0028709962387525297 0.012603748700334877
-503.8998930056114 9.310992089917985 -0.002875403162876864 0.012503631579350905
-494.2095104478067 9.318434078057992 -0.002879631506464475 0.012405173541933571
-484.519127890002 9.325709467417349 -0.002883682825972561 0.01230833276485169
-474.8287453321973 9.332824088560269 -0.002887558901278015 0.012213068834459688
-465.1383627743926 9.339783483927096 -0.002891261704520191 0.012119342687310634
-455.4479802165879 9.346592925900577 -0.0028947933724329878 0.012027116553779362
-445.7575976587832 9.35325743353112 -0.0028981561817675973 0.011936353904515942
-436.0672151009785 9.35978178803875 -0.002901352527456225 0.011847019399562191
-426.3768325431738 9.366170547197388 -0.002904384903209393 0.011759078839975672
-416.6864499853691 9.372428058696444 -0.0031116191375054197 0.011689927281754442
-406.9960674275644 9.378558472565297 -0.0032549223359017807 0.011614586686785144
-397.3056848697597 9.384565752737675 -0.0032486833296816093 0.011529937024314386
-387.615302311955 9.390453687825676 -0.003242728377235295 0.011446589642105657
-377.9249197541503 9.396225901166394 -0.003256132695180422 0.011364980095972211
-368.2345371963456 9.401885860198162 -0.003250170006340356 0.011284131408780736
-358.54415463854093 9.407436885218225 -0.0032444375807999808 0.011204493970480612
-348.85377208073623 9.412882157568816 -0.0032389126222457944 0.011126039300533483
-339.16338952304795 9.418224727294367 -0.0032335746097863134 0.011048739886361757
-329.47300696524326 9.423467520309158 -0.003241493229615476 0.01097284521614415
-319.78262440743856 9.428613345110028 -0.003236141578305179 0.010897770367692768
-310.09224184963387 9.433664899067853 -0.003252160629052181 0.010824266550970744
-300.40185929182917 9.438624774326579 -0.003246556320805852 0.010751311770533333
-290.7114767340245 9.44349546333738 -0.0032411041794914853 0.010679388564363037
-281.0210941762198 9.448279364052835 -0.0032357900072804125 0.010608474260677564
-271.3307116184151 9.4529787848041 -0.003230600925551865 0.010538546888402162
-261.6403290606104 9.457595948882151 -0.0032255252396577705 0.010469585147050736
-251.9499465028057 9.462132998842552 -0.003220552319549733 0.010401568378471192
-242.259563945001 9.466592000551737 -0.0032188495091545967 0.01033457278268831
-232.5691813871963 9.47097494699134 -0.0032139714080056197 0.01026838392213585
-222.8787988293916 9.475283761836012 -0.003210808929325734 0.010203110708195856
-213.1884162715869 9.479520302818866 -0.0032060416925688063 0.010138676190744312
-203.4980337137822 9.4836863648979 -0.0032260995115591636 0.010075743029518917
-193.8076511559775 9.487783683235643 -0.0032208313044240185 0.010012975788351372
-184.1172685981728 9.49181393600341 -0.003224903877624592 0.0099511961168209
-174.42688604036812 9.495778747021069 -0.0032195667369283765 0.009890042622397217
-164.73650348256342 9.499679688242098 -0.003214313408180634 0.009829674191754626
-155.04612092487514 9.50351828209338 -0.0032091366506810095 0.009770075276415435
-145.35573836707044 9.507296003678736 -0.0032040298614296144 0.00971123075251532
-135.66535580926575 9.511014282853749 -0.0031989870132270145 0.009653125905321991
-125.97497325146105 9.51467450618053 -0.003194002599744827 0.009595746414520611
-116.28459069365636 9.518278018769001 -0.003189071586653596 0.00953907834022112
-106.59420813585166 9.521826126011877 -0.0031841893680311264 0.009483108109633095
-96.90382557804696 9.525320095219683 -0.003179351727389122 0.009427822504364032
-87.21344302024227 9.528761157161988 -0.003174554802751362 0.009373208648300274
-77.52306046243757 9.532150507520559 -0.0031697950552963773 0.009319253996033791
-67.83267790463287 9.535489308259889 -0.003165069241144759 0.009265946321801114
-58.14229534682818 9.538778688920237 -0.0031603743859278067 0.009213273708903735
-48.45191278902348 9.542019747838033 -0.0031773110185426374 0.009161831431453719
-38.761530231218785 9.54521355329826 -0.0031721214306133154 0.009110378962971906
-29.07114767341409 9.548361144623104 -0.003166982458350412 0.009059528324575104
-19.380765115609393 9.551463533201026 -0.0031618900255161774 0.00900926868334764
-9.690382557804696 9.554521703460056 -0.0031568404162929486 0.008959589474078922
0.0 9.557536613789047 -0.0031518302397107725 0.008910480390450247
9.690382557804696 6.877375104221952 0.04344057976875627 0.039826859572391946
19.380765115609393 7.0084642584674866 0.03680735989723611 0.04141599519819034
29.071147673297673 7.108865770243287 0.03581383051666957 0.04055096350067907
38.76153023110237 7.192267532167546 0.03486896113149382 0.039726465832656606
48.451912788907066 7.264482885138576 0.034424841833461874 0.038957463876978946
58.14229534671176 7.328625535393854 0.03354036537744256 0.03820551715489686
67.83267790451646 7.386593183120138 0.031681276692538944 0.03762647287660326
77.52306046232115 7.439643346609041 0.030916001350175696 0.036933806511126606
87.21344302012585 7.488659963829989 0.03018402397819277 0.036269896154007025
96.90382557793055 7.534292308032251 0.02948323139590005 0.03563292250026453
106.59420813573524 7.577033832686832 0.028811685369622867 0.03502121794606412
116.28459069353994 7.61726993053595 0.02816760489306287 0.034433251060612596
125.97497325134464 7.655308386384277 0.02754935057591332 0.0338676129286787
135.66535580914933 7.691399619470919 0.026955410854195467 0.033323005105902886
145.35573836695403 7.72575061013508 0.02638438977936888 0.032798228968905004
155.04612092475872 7.758534763128881 0.025834996179549582 0.032292176275244104
164.73650348256342 7.789899068242894 0.025306034016476946 0.031803820775797416
174.42688604036812 7.819969411257444 0.024796393787274922 0.03133221074511731
184.1172685981728 7.848854587297481 0.024305044841420216 0.030876462314605984
193.8076511559775 7.876649383945362 0.023831028501357855 0.030435753509571454
203.4980337137822 7.903436984575409 0.023373451890462797 0.030009318904925707
213.1884162714705 7.9292908664004385 0.02293148238500491 0.029596444825889787
222.87879882927518 7.954276317155797 0.022391243361907252 0.029201358766547593
232.56918138707988 7.978451659961553 0.021981135192871527 0.028813523837487618
242.25956394488458 8.001869252090579 0.021584302374306433 0.028437384207902913
251.94994650268927 8.024576306562404 0.021200118868418553 0.028072393574225463
261.64032906049397 8.046615573458926 0.020827997232088155 0.027718039644012055
271.33071161829866 8.068025909114999 0.020467385703473062 0.02737384151665304
281.02109417610336 8.08884275490204 0.020117765546446162 0.027039347302935893
290.71147673390806 8.10909854252753 0.019778648626963755 0.026714131958405267
300.40185929171275 8.128823039159627 0.019449575198336202 0.026397795308423847
310.09224184951745 8.148043642934322 0.01913011187490474 0.02608996024541268
319.78262440732215 8.16678563728708 0.01881984977585948 0.025790271080990915
329.47300696512684 8.185072410909486 0.018400518140176465 0.025502954938592046
339.16338952293154 8.202925648847264 0.01811052348512657 0.025218452571047306
348.85377208073623 8.220365499243531 0.01781572717014444 0.024941603576159842
358.54415463854093 8.237410719426569 0.017541659303590387 0.024671202436405224
368.2345371963456 8.254078804398016 0.017274915755820366 0.024407446979932444
377.9249197541503 8.270386100259188 0.017015213507921286 0.024150081982084595
387.615302311955 8.286347904693589 0.01676228372028525 0.023898865378687607
397.3056848697597 8.301978556281624 0.016515870877030995 0.023653567422000202
406.996067427448 8.317291514143259 0.016275731988848522 0.023413969901064677
416.6864499852527 8.340087934415468 0.016041635850073552 0.023179865420761604
426.3768325430574 8.370426366188456 0.015813362346120515 0.02295105673449971
436.0672151008621 8.399533856469956 0.015590701807561861 0.022727356125875727
445.7575976586668 8.4275027820928 0.015373454407495688 0.02250858483518882
455.4479802164715 8.454415134634504 0.015161429599025993 0.022294572527033343
465.1383627742762 8.48034404159143 0.014954445589930735 0.022085156795570847
474.82874533208087 8.505355016298127 0.014752328851807968 0.021880182704398475
484.51912788988557 8.529506993353392 0.014554913661194012 0.021679502358216786
494.20951044769026 8.552853192758503 0.014362041670338057 0.02148297450375584
503.89989300549496 8.57544184602681 0.01417356150549448 0.02129046415764862
513.5902755632997 8.597316810135217 0.013989328390757989 0.021101842259147494
523.2806581211044 8.618518089635781 0.013809203795618607 0.020916985345765603
532.971040678909 8.63908228302849 0.013633055104553366 0.020735775250092757
542.6614232367137 8.659042966261234 0.013460755307100987 0.020558098816186723
552.3518057945184 8.678431023718128 0.013292182706984705 0.020383847634077815
562.0421883523231 8.697274935100863 0.01312722064895818 0.020212917791048248
571.7325709101278 8.71560102506718 0.012965757262150133 0.020045209638459658
581.4229534679325 8.733433681267899 0.012807685218776356 0.019880627573004125
591.1133360256208 8.75079554544652 0.01265290150717488 0.019719079831347852
600.8037185834255 8.767707681480363 0.012501307218185724 0.019560478297207036
610.4941011412302 8.784189723600695 0.012352807344007767 0.01940473832001233
620.1844836990349 8.800260007517531 0.012207310588666757 0.019251778544319652
629.8748662568396 8.815935686741708 0.012064729189354884 0.019101520749256598
639.5652488146443 8.83123283605076 0.011924978747919283 0.018953889697310086
649.255631372449 8.84616654375299 0.011787978071841922 0.018808812991827642
658.9460139302537 8.860750994162688 0.011653649024099067 0.01866622094265048
668.6363964880584 8.874999541497262 0.011521916381332539 0.01852604643934089
678.3267790458631 8.888924776237422 0.011392707699805533 0.018388224831506417
688.0171616036678 8.902538584848418 0.011265953188653144 0.01825269381576065
697.7075441614725 8.915852203639334 0.01114158558997212 0.01811939332889388
707.3979267192772 8.928876267434665 0.011019540065326445 0.01798826544685832
717.0883092770819 8.941620853644688 0.01089975408827441 0.017859254289200956
726.7786918348866 8.954095522246462 0.010782167342550265 0.017732305928603413
736.4690743926913 8.966309352122723 0.010666721625558491 0.017607368305212315
746.159456950496 8.978270974151092 0.010553360756861996 0.01748439114546612
755.8498395083006 8.989988601388026 0.010442030491366992 0.0173633258851444
765.5402220661053 9.001470056650863 0.010332678436927195 0.017244125596385128
775.2306046237936 9.012722797765424 0.010225253976109747 0.01712674491843367
784.9209871815983 9.023753940716436 0.0101197081918732 0.017011139991894093
794.611369739403 9.034570280908135 0.010015993796950963 0.016897268396297422
804.3017522972077 9.045178312723477 0.009914065066702869 0.01678508909076599
813.9921348550124 9.055584247544884 0.009813877775256724 0.01667456235761548
823.6825174128171 9.065794030384174 0.009715389134746859 0.016565649748717874
833.3728999706218 9.075813355252347 0.00961855773747767 0.01645831403446987
843.0632825284265 9.085647679385994 0.009523343500849879 0.016352519155219663
852.7536650862312 9.095302236434636 0.009429707614897127 0.01624823017501467
862.4440476440359 9.104782048702434 0.009337612492290336 0.016145413237541307
872.1344302018406 9.114091938527887 0.00924702172067572 0.01604403552413628
881.8248127596453 9.123236538876636 0.009157900017220878 0.015944065213756107
891.51519531745 9.132220303214824 0.009070213185250694 0.01584547144479888
901.2055778752547 9.141047514723676 0.008983928072862319 0.01574822427867865
910.8959604330594 9.149722294910037 0.008899012533414767 0.01565229466505893
920.5863429908641 9.15824861166207 0.008815435387795065 0.015557654408657511
930.2767255486688 9.166630286794764 0.0087331663883688 0.01546427613754004
939.9671081064735 9.174871003125393 0.008652176184527956 0.015372133272824743
949.6574906642782 9.182974311115531 0.00857243628975455 0.01528119999972529
959.3478732219664 9.190943635112511 0.008493919050123653 0.015191451239864116
969.0382557797711 9.19878227922092 0.008416597614167732 0.01510286262478516
978.7286383375758 9.206493432830094 0.008340445904047838 0.015015410470621
988.4190208953805 9.214080175824284 0.008265438587948233 0.014929071753835592
998.1094034531852 9.221545483496806 0.008191551053647663 0.014843824088004491
