-1007.7997860111063 11.034480064395956 -0.012814979300867956 0.014082466858969661
-998.1094034533016 11.037068538548745 -0.012737034192782187 0.014001157164928448
-988.4190208954969 11.03961449966513 -0.012660046439831674 0.013920781244357073
-978.7286383376922 11.042119142104717 -0.012583998166066096 0.013841323098877725
-969.0382557798875 11.044583613200817 -0.012508871949071625 0.013762767093640918
-959.3478732220829 11.04700901532227 -0.012434650805215232 0.013685097947053599
-949.6574906642782 11.04939640783968 -0.01236131817548406 0.013608300720853634
-939.9671081064735 11.05174680900154 -0.012288857911890754 0.013532360810517398
-930.2767255486688 11.054061197725105 -0.012217254264417339 0.01345726393598731
-920.5863429908641 11.05634051530662 -0.01214649186847188 0.013382996132706973
-910.8959604330594 11.058585667055096 -0.012076555732833573 0.01330954374295209
-901.2055778752547 11.060797523853616 -0.01200743122806328 0.013236893407445806
-891.51519531745 11.062976923651673 -0.011939104075357861 0.013165032057247643
-881.8248127596453 11.065124672892045 -0.011871560335827737 0.013093946905905662
-872.1344302018406 11.067241547875222 -0.011804786400178449 0.01302362544186195
-862.4440476440359 11.069328296064429 -0.011738768978777766 0.0129540554211019
-852.7536650862312 11.071385637333869 -0.011673495092091058 0.012885224860038251
-843.0632825284265 11.073414265162837 -0.011608952061468553 0.0128171220286211
-833.3728999706218 11.075414847778065 -0.0115451275002689 0.01274973544366567
-823.6825174129335 11.077388029246533 -0.011482009305304991 0.012683053862390508
-813.9921348551288 11.079334430521069 -0.011419585648593696 0.0126170662761538
-804.3017522973241 11.081254650440318 -0.011357844969407423 0.012551761904392344
-794.6113697395194 11.083149266685583 -0.011296775966599868 0.012487130188740229
-784.9209871817147 11.085018836695847 -0.011236367591205379 0.012423160787332438
-775.23060462391 11.08686389854298 -0.011176609039295975 0.012359843569282136
-765.5402220661053 11.088684971768647 -0.011117489745086017 0.012297168609326193
-755.8498395083006 11.090482558184549 -0.011058999374274295 0.012235126182633053
-746.159456950496 11.092257142637452 -0.011001127817613704 0.012173706759767183
-736.4690743926913 11.094009193740463 -0.010943865184699256 0.012112901001804609
-726.7786918348866 11.095739164571928 -0.010887201797965615 0.01205269975559435
-717.0883092770819 11.097447493343221 -0.010831128186885633 0.011993094049160572
-707.3979267192772 11.09913460403679 -0.010775635082361987 0.011934075087240738
-697.7075441614725 11.100800907015588 -0.010720713411304135 0.011875634246954975
-688.0171616036678 11.102446799605083 -0.010666354291383384 0.011817763073602218
-678.3267790458631 11.104072666649033 -0.010612549025959076 0.011760453276578839
-668.6363964880584 11.105678881040044 -0.010559289099169252 0.011703696725415604
-658.9460139302537 11.10726580422599 -0.010506566171179432 0.011647485445928935
-649.255631372449 11.108833786693332 -0.010454372073583516 0.011591811616482699
-639.5652488147607 11.110383168428244 -0.010402698804951564 0.011536667564357476
-629.874866256956 11.11191427935665 -0.010351538526515259 0.011482045762219806
-620.1844836991513 11.113427439763779 -0.010300883557995067 0.011427938824697895
-610.4941011413466 11.114922960694468 -0.010250726373551615 0.01137433950504728
-600.8037185835419 11.116401144334848 -0.010201059597865757 0.01132124069191326
-591.1133360257372 11.117862284376208 -0.010151876002339025 0.011268635406182994
-581.4229534679325 11.119306666362009 -0.01010316850141062 0.011216516797925067
-571.7325709101278 11.120734568018554 -0.010054930148986695 0.011164878143413692
-562.0421883523231 11.12214625957028 -0.010007154134977929 0.011113712842234804
-552.3518057945184 11.123542004040212 -0.009959833781941445 0.011063014414471436
-542.6614232367137 11.124922057536315 -0.009912962541823382 0.011012776497965854
-532.971040678909 11.126286669524406 -0.00986653399279853 0.010962992845656057
-523.2806581211044 11.127636083088218 -0.009820541836203643 0.01091365732298424
-513.5902755632997 11.128970535177235 -0.009774979893561079 0.01086476390537495
-503.89989300549496 11.130290256842848 -0.009734215639700916 0.010816306675780858
-494.20951044769026 11.131595473463442 -0.009699819865941177 0.010768279822293923
-484.51912788988557 11.132886404958876 -0.009655314475132078 0.010720677635819992
-474.82874533208087 11.13416326599489 -0.009611221003075217 0.010673494507814872
-465.1383627742762 11.135426266177934 -0.009567533622805 0.01062672492807992
-455.4479802164715 11.136675610240895 -0.00952424662218172 0.010580363482615493
-445.7575976587832 11.137911498220095 -0.009481354400778007 0.010534404851530817
-436.0672151009785 11.139134125624146 -0.009438851466883388 0.010488843807005488
-426.3768325431738 11.140343683594805 -0.009396732434627792 0.010443675211309117
-416.6864499853691 11.14154035906051 -0.009354992021207395 0.010398894014866511
-406.9960674275644 11.142724334882761 -0.009313625044214778 0.010354495254375217
-397.3056848697597 11.143895789995813 -0.009272626419064834 0.010310474050970513
-387.615302311955 11.145054899539918 -0.009231991156512055 0.010266825608437115
-377.9249197541503 11.146201834988553 -0.00919171436025449 0.010223545211466102
-368.2345371963456 11.147336764269848 -0.009151791224620117 0.010180628223955816
-358.54415463854093 11.148459851882524 -0.00911221703233162 0.010138070087355367
-348.85377208073623 11.149571259006684 -0.00907298715234583 0.01009586631904958
-339.16338952293154 11.150671143609616 -0.00903409703776437 0.010054012510784154
-329.47300696512684 11.151759660546936 -0.008995542223812162 0.010012504327129794
-319.78262440732215 11.152836961659293 -0.008957318325880894 0.009971337503984342
-310.09224184951745 11.153903195864817 -0.008919421037634375 0.009930507847111686
-300.40185929171275 11.154958509247617 -0.008881846129173306 0.009890011230716447
-290.71147673390806 11.156003045142421 -0.00884458944525675 0.009849843596053436
-281.02109417610336 11.157036944215655 -0.008807646903578041 0.009810000950070886
-271.33071161829866 11.158060344543056 -0.00877101449309284 0.009770479364086477
-261.6403290606104 11.159073381684067 -0.00873468827239764 0.009731274972495759
-251.9499465028057 11.16007618875317 -0.008698664368154148 0.009692383971509209
-242.259563945001 11.161068896488171 -0.008662938973564125 0.00965380261792413
-232.5691813871963 11.162051633315874 -0.00862750834688426 0.009615527227921155
-222.8787988293916 11.163024525414976 -0.008592368809985807 0.009577554175891574
-213.1884162715869 11.163987696776529 -0.008557516746954881 0.009539879893291943
-203.4980337137822 11.164941269262004 -0.008522948602732203 0.009502500867525571
-193.8076511559775 11.16588536265906 -0.008488660881790915 0.009465413640850257
-184.1172685981728 11.166820094735217 -0.00845465014685107 0.00942861480931154
-174.42688604036812 11.167745581289443 -0.008420913017629456 0.009392101021700692
-164.73650348256342 11.168661936201811 -0.008387446169623499 0.009355868978536902
-155.04612092475872 11.169569271481322 -0.008354246332928113 0.009319915431072901
-145.35573836695403 11.17046769731194 -0.008321310291084247 0.009284237180323458
-135.66535580914933 11.171357322096986 -0.008288634879958148 0.009248831076116132
-125.97497325134464 11.17223825250192 -0.008256216986650232 0.00921369401616364
-116.28459069353994 11.173110593495627 -0.008224053548432579 0.009178822945157341
-106.59420813573524 11.173974448390238 -0.008192141551714136 0.009144214853881196
-96.90382557793055 11.174829918879576 -0.008160478031032668 0.00910986677834575
-87.21344302012585 11.175677105076328 -0.008129060068072624 0.009075775798941548
-77.52306046243757 11.176516105547917 -0.00809788479070842 0.00904193903961189
-67.83267790463287 11.177347017351236 -0.008066949372070153 0.009008353667042075
-58.14229534682818 11.178169936066164 -0.00803625102963648 0.008975016889870568
-48.45191278902348 11.178984955828103 -0.008005787024346601 0.008941925957913759
-38.761530231218785 11.179792169359375 -0.007975554659736072 0.008909078161409678
-29.07114767341409 11.180591667999703 -0.00794555128109367 0.008876470830278049
-19.380765115609393 11.18138354173571 -0.007915774274638935 0.008844101333396434
-9.690382557804696 11.182167879229514 -0.007886221066719818 0.008811967077892254
0.0 8.57771511580081 0.012456759021750257 0.033111983752637596
9.690382557804696 8.830287627356885 0.012208844796124668 0.03274850483630825
19.380765115609393 8.98679543453406 0.011968168525145694 0.03239418139101015
29.07114767341409 9.105753944836428 0.011734435754232731 0.03204865542979575
38.761530231218785 9.203202313354309 0.010021363041979004 0.03204344568447607
48.45191278902348 9.286321222357316 0.009820810870546879 0.03171002186418754
58.14229534682818 9.359056255858672 0.009625870682005466 0.03138454883619411
67.83267790463287 9.423847388243674 0.009436325624417123 0.031066731663458868
77.52306046243757 9.4823258582193 0.009251969676503217 0.030756290023059914
87.21344302024227 9.535644590928644 0.008731483696107347 0.030504302031298145
96.90382557804696 9.584653237153828 0.008561583337918822 0.030207123807561655
106.59420813573524 9.629998725537511 0.008396187248257423 0.029916578045108326
116.28459069353994 9.67218672127074 0.008045543258903469 0.029656603874262766
125.97497325134464 9.711621080174604 0.007832859027737468 0.029383579163950877
135.66535580914933 9.748630207112642 0.00768330580469471 0.02911119809886622
145.35573836695403 9.783485258539573 0.0075375590328442856 0.028844598054808324
155.04612092475872 9.816413070576743 0.007395486442143399 0.028583587160301294
164.73650348256342 9.847605565923068 0.007256961679119742 0.02832798208305438
174.42688604036812 9.877226745206437 0.007121863982342905 0.028077607557705817
184.1172685981728 9.905417981389945 0.006990077878950509 0.027832295944616805
193.8076511559775 9.932302096590876 0.006759618010223604 0.027596710126748282
203.4980337137822 9.95798654834991 0.006635511402437508 0.027360984408591773
213.1884162715869 9.982565952955225 0.006501981964964922 0.027130661516546032
222.8787988293916 10.00612410711796 0.006383861290152361 0.026903990939781963
232.5691813871963 10.028735624264819 0.006268506195485448 0.02668164781982254
242.259563945001 10.05046727064492 0.006155829059500821 0.026463502397898877
251.9499465028057 10.071379064703967 0.006045745821347453 0.026249430150907287
261.6403290606104 10.091525187749632 0.005938175803644649 0.02603931152830465
271.3307116184151 10.110954742825625 0.0058330415457547545 0.02583303170474592
281.0210941762198 10.129712390590777 0.005730268646766025 0.025630480347374952
290.71147673390806 10.147838884955313 0.005629785617535999 0.025431551396767508
300.40185929171275 10.165371526644476 0.005531523741186578 0.02523614286058612
310.09224184951745 10.182344549310924 0.005435416941512183 0.02504415661912807
319.78262440732215 10.19878945003507 0.005341401658761699 0.024855498241928835
329.47300696512684 10.21473527381654 0.005249416732334935 0.024670076814726858
339.16338952293154 10.230208859865089 0.0051594032899437686 0.02448780477609946
348.85377208073623 10.245235056036963 0.005035507173110994 0.024308597763146766
358.54415463854093 10.259836906574668 0.004949753148988092 0.02413237446564353
368.2345371963456 10.274495148084005 0.00486579376592245 0.02395905648812127
377.9249197541503 10.294671649067743 0.00477371418892639 0.023788568219381707
387.615302311955 10.314075265718994 0.004693329869959372 0.023620836708977775
397.3056848697597 10.332758616574191 0.004598550018938675 0.023456336671972253
406.9960674275644 10.350769338128307 0.004521883877222779 0.023293910045411714
416.6864499853691 10.368150668729932 0.004442866203553661 0.023134028696315773
426.3768325431738 10.384941949719474 0.004369053587024658 0.02297663685437102
436.0672151009785 10.401179057421098 0.004296709533840515 0.022821673227904397
445.7575976587832 10.416894777115093 0.004225795248379361 0.022669078569457605
455.4479802165879 10.43211912817221 0.004156273237582034 0.022518795590493374
465.1383627743926 10.446879647960085 0.004078183794111316 0.02237076888035163
474.82874533208087 10.461201640834918 0.0040024813472983945 0.022224944829212008
484.51912788988557 10.475108397452207 0.0039371758776781144 0.022081271554822927
494.20951044769026 10.48862138872604 0.003873118012588564 0.021939698832809083
503.89989300549496 10.501760438025576 0.003810276285339237 0.02180017803032166
513.5902755632997 10.514543874577136 0.003748620234476359 0.021662662042869832
523.2806581211044 10.526988670542623 0.0036881203648164843 0.02152710523414726
532.971040678909 10.539110563837804 0.003572209081050262 0.02139346337869035
542.6614232367137 10.550924168425915 0.00351470928793257 0.021261693607213916
552.3518057945184 10.562443073557484 0.0034222414065801015 0.021131754354479164
562.0421883523231 10.573679933212977 0.00336731002167402 0.021003605309558124
571.7325709101278 10.584646546830527 0.0033133682864617373 0.020877207368366554
581.4229534679325 10.595353932257849 0.003260393043776723 0.02075252258834551
591.1133360257372 10.60581239174883 0.0032083618094194163 0.020629514145178676
600.8037185835419 10.616031571725815 0.003127053424432112 0.02050814629143926
610.4941011413466 10.626020516944399 0.003077257093381926 0.020388384317066917
620.1844836991513 10.635787719625391 0.003028330053111447 0.020270194511580485
629.874866256956 10.645341164056351 0.002980252731293717 0.02015354412793816
639.5652488147607 10.654688367110845 0.002933006098964155 0.020038401347961834
649.2556313725654 10.663836415086006 0.002756493433305075 0.019931730914351693
658.9460139303701 10.672791997217116 0.0027126118510633988 0.019819416856453012
668.6363964880584 10.681561436190679 0.002669460039299365 0.01970852272035926
678.3267790458631 10.690150715945347 0.0026270228265929114 0.019599019986556183
688.0171616036678 10.698565507018477 0.002531806144378911 0.019490880917560675
697.7075441614725 10.706811189673596 0.0024914810243593173 0.019384078530889533
707.3979267192772 10.714892875017146 0.0024518076496025127 0.019278586573159166
717.0883092770819 10.722815424293982 0.002412773033782304 0.01917437949525325
726.7786918348866 10.730583466531863 0.0023743644819282325 0.01907143242850826
736.4690743926913 10.738201414688342 0.002336569584826582 0.01896972116186788
746.159456950496 10.74567348043849 0.0022993762133384507 0.01886922211996028
755.8498395083006 10.753003687728443 0.0022627725126641704 0.01876991234205464
765.5402220661053 10.760195885207473 0.002226746896579443 0.018671769461855735
775.23060462391 10.767253757640596 0.0021912880416650395 0.018574771688097465
784.9209871817147 10.774180836393823 0.002156384881549023 0.018478897785898653
794.6113697395194 10.780980509075327 0.002122026601177709 0.018384127058845786
804.3017522973241 10.787656028407977 0.002088202631129258 0.01829043933177004
813.9921348551288 10.794210520401505 0.0020549026419817793 0.018197814934186686
823.6825174129335 10.800646991886067 0.0020221165387460044 0.01810623468436757
833.3728999707382 10.806968337463351 0.001989834455371041 0.018015679874018094
843.0632825285429 10.813177345925938 0.0019580467493302144 0.017926132253532137
852.7536650862312 10.819276706191006 0.0019267439962933472 0.01783757401780039
862.4440476440359 10.82526901279067 0.0018959169848879562 0.017749987792541652
872.1344302018406 10.83115677095579 0.0018655567115588878 0.017663356621150105
881.8248127596453 10.836942401329326 0.0018356543755219002 0.017577663952015425
891.51519531745 10.842628244339442 0.001806201373819165 0.017492893626311002
901.2055778752547 10.848216564261445 0.0017771892964761262 0.017409029866224203
910.8959604330594 10.853709552994305 0.0017486099217612103 0.017326057263610896
920.5863429908641 10.859109333575564 0.0017244814838861691 0.017244197912666206
930.2767255486688 10.864417963456043 0.001696688530720344 0.017162959582637603
939.9671081064735 10.869637437554026 0.0016693061835705773 0.017082568383666348
949.6574906642782 10.874769691106792 0.0016423268690586208 0.017003010277215444
959.3478732220829 10.879816602335778 0.0016157431830151109 0.016924271543641945
969.0382557798875 10.88477999494032 0.0015895478861557106 0.01684633877303915
978.7286383376922 10.889661640433491 0.0015637338998732435 0.016769198856395783
988.4190208954969 10.894463260332449 0.00153829430214317 0.016692838977058956
998.1094034533016 10.899186528214688 0.0015132223235397163 0.016617246602489078
