-1007.7997860111063 11.1935157147335 -0.008337414566904074 0.00408572603847644
-998.1094034533016 11.193571261905477 -0.008301345511179144 0.004068193955027081
-988.4190208954969 11.193635681049098 -0.00842514505331363 0.004063646992982004
-978.7286383376922 11.193708726137466 -0.008387516913836606 0.004046237421943049
-969.0382557798875 11.193790157114279 -0.008350250963406145 0.004028978597549415
-959.3478732220829 11.193879739760932 -0.008313340962955997 0.004011868483555878
-949.6574906642782 11.19397724556412 -0.008276780863294395 0.003994905084640909
-939.9671081064735 11.194082451584306 -0.008240564795694943 0.003978086445118409
-930.2767255486688 11.194195140325286 -0.008320060588085706 0.003961410647714631
-920.5863429908641 11.194315099605125 -0.008282948965755156 0.003944875812405542
-910.8959604330594 11.194442122428645 -0.00824620674649891 0.0039284800953102075
-901.2055778752547 11.194576006861668 -0.008209827036615948 0.00391222168763632
-891.51519531745 11.194716555907153 -0.008173803171423855 0.0038960988146742185
-881.8248127596453 11.194863577383389 -0.008138128703418701 0.003880109734836157
-872.1344302018406 11.195016883804316 -0.008102797391250194 0.0038642527387378013
-862.4440476440359 11.195176292262117 -0.00806780318944429 0.003848526148319251
-852.7536650863476 11.195341624312114 -0.00817704038065853 0.003832928316003247
-843.0632825285429 11.195512705860065 -0.008234003030728068 0.0038211159282356836
-833.3728999707382 11.195689367051864 -0.008196821275843598 0.0038057209088190047
-823.6825174129335 11.19587144216574 -0.008160038247834853 0.0037904512215794646
-813.9921348551288 11.196058769506909 -0.008123645445902368 0.0037753052796853587
-804.3017522973241 11.19625119130474 -0.008670750387083506 0.0037602815258576307
-794.6113697395194 11.196448553612425 -0.008627162940618728 0.003745378431526644
-784.9209871817147 11.196650706209125 -0.008584155960556825 0.003730594496027094
-775.23060462391 11.196857502504608 -0.008574984124231952 0.0037159282458285228
-765.5402220661053 11.197068799446338 -0.00853264198620926 0.0037013782337991233
-755.8498395083006 11.197284457429008 -0.008490846806293069 0.0036869430385007363
-746.159456950496 11.197504340206471 -0.008449584246547966 0.003672621263513051
-736.4690743926913 11.19772831480603 -0.008408840578029137 0.003658411536785264
-726.7786918348866 11.19795625144507 -0.008368602645726272 0.003644312510013549
-717.0883092770819 11.19818802344998 -0.008328857835986208 0.003630322858042791
-707.3979267192772 11.198423507177296 -0.008289594046209504 0.003616441278291228
-697.7075441614725 11.19866258193707 -0.008250799656635319 0.0036026664901966906
-688.0171616036678 11.198905129918373 -0.008212463504046282 0.003588997234683226
-678.3267790458631 11.199151036116886 -0.008174574857240392 0.003575432273647065
-668.6363964881748 11.19940018826456 -0.008137123394131284 0.0035619703894609707
-658.9460139303701 11.199652476761269 -0.00823159152389603 0.0035678908475231317
-649.2556313725654 11.199907794608395 -0.008193210474705845 0.00355437134959957
-639.5652488147607 11.200166037344305 -0.008155285147753762 0.003540958323039713
-629.874866256956 11.200427102981699 -0.008117804793807241 0.003527650354335141
-620.1844836991513 11.200690891946712 -0.00808075907525655 0.003514446062389589
-610.4941011413466 11.200957307019769 -0.008044138044491441 0.003501344097207663
-600.8037185835419 11.20122625327813 -0.008007932123689289 0.0034883431386651498
-591.1133360257372 11.201497638040058 -0.007972132085905945 0.0034754418953544127
-581.4229534679325 11.201771370810599 -0.007936729037370251 0.0034626391034988085
-571.7325709101278 11.202047363228866 -0.00790171440089174 0.003449933525930794
-562.0421883523231 11.202325529016838 -0.007867079900298824 0.0034373239511287512
-552.3518057945184 11.202605783929599 -0.007832817545831872 0.0034248091923081165
-542.6614232367137 11.202888045706965 -0.00790401388521423 0.003419885342182966
-532.971040678909 11.203172234026475 -0.00786904500154159 0.0034074548834431445
-523.2806581211044 11.20345827045768 -0.007834464162831659 0.0033951185514299025
-513.5902755632997 11.20374607841771 -0.007800262876515231 0.0033828751417935357
-503.89989300549496 11.20403558312806 -0.007766432954821295 0.003370723476720666
-494.20951044769026 11.204326711572566 -0.0077329664995169954 0.003358662403912736
-484.519127890002 11.204619392456511 -0.007765524770932912 0.0033466907956248085
-474.8287453321973 11.204913556166883 -0.007731874696298526 0.0033348075477592208
-465.1383627743926 11.20520913473364 -0.007698589684439026 0.0033230115790120474
-455.4479802165879 11.205506061792075 -0.007665661925133605 0.0033113018300656933
-445.7575976587832 11.205804272546144 -0.007633083883136382 0.0032996772628262456
-436.0672151009785 11.206103703732781 -0.007600848284607728 0.003288136859701616
-426.3768325431738 11.206404293587145 -0.0076049471346918834 0.00327667962291765
-416.6864499853691 11.206705981808776 -0.007572887784547112 0.0032653045738695726
-406.9960674275644 11.207008709528626 -0.007541163544440832 0.003254010752506357
-397.3056848697597 11.207312419276942 -0.007509767550294025 0.003242797216745727
-387.615302311955 11.20761705495197 -0.0075582432762595925 0.0032316630419178187
-377.9249197541503 11.207922561789443 -0.007526401720053184 0.0032206073202355368
-368.2345371963456 11.20822888633286 -0.007494898224746581 0.003209629160289943
-358.54415463854093 11.20853597640448 -0.007463725635755061 0.003198727686569024
-348.85377208073623 11.20884378107706 -0.007432877050461531 0.0031879020389984055
-339.16338952293154 11.209152250646286 -0.007402345805670278 0.0031771513725026247
-329.47300696512684 11.209461336603857 -0.007372125465857103 0.003166474856585704
-319.78262440732215 11.209770991611267 -0.007342209812155061 0.003155871674929896
-310.09224184951745 11.210081169474165 -0.00731259283202033 0.0031453410250114715
-300.40185929182917 11.210391825117382 -0.0072832687095280004 0.0031348821177327197
-290.7114767340245 11.210702914560532 -0.007254231816249507 0.0031244941770684617
-281.0210941762198 11.211014394894164 -0.007225476702674659 0.003114176439728095
-271.3307116184151 11.211326224256522 -0.007196998090132584 0.003103928154829872
-261.6403290606104 11.211638361810815 -0.008444851384218462 0.0033562559903215403
-251.9499465028057 11.211950767723028 -0.008399545836197111 0.0033425721811553245
-242.259563945001 11.212263403140234 -0.008354968161508915 0.0033290515602388566
-232.5691813871963 11.212576230169418 -0.008311095162642685 0.003315689611322415
-222.8787988293916 11.212889211856771 -0.008267904748015064 0.003302482028474397
-213.1884162715869 11.213202312167455 -0.00822537586372235 0.003289424702958868
-203.4980337137822 11.21351549596583 -0.008183488430379502 0.003276513711105762
-193.8076511559775 11.213828728996113 -0.008142223284605437 0.003263745303086655
-184.1172685981728 11.21414197786348 -0.008101562124757102 0.0032511158925176706
-174.42688604036812 11.21445521001558 -0.008061487460553319 0.003238622046818793
-164.73650348256342 11.214768393724455 -0.00802198256626396 0.0032262604782656752
-155.04612092475872 11.215081498068862 -0.007983031437170551 0.0032140280356761633
-145.35573836695403 11.215394492916976 -0.007944618749032134 0.0032019216966791943
-135.66535580914933 11.215707348909481 -0.007906729820314611 0.00318993856051865
-125.97497325134464 11.216020037443 -0.007869350576964064 0.0031780758413490697
-116.28459069353994 11.216332530653919 -0.007832467519524213 0.0031663308619841106
-106.59420813585166 11.216644801402527 -0.007796067692416563 0.0031547010480622736
-96.90382557804696 11.216956823257528 -0.0077601386552147615 0.0031431839225966344
-87.21344302024227 11.21726857048084 -0.007724668455768242 0.00313177710088109
-77.52306046243757 11.217580018012754 -0.00768964560502814 0.0031204782857233437
-67.83267790463287 11.217891141457399 -0.007655059053455454 0.0031092852629820466
-58.14229534682818 11.2182019170685 -0.007620898168893007 0.0030981958973846893
-48.45191278902348 11.218512321735458 -0.00758715271579538 0.0030872081286057664
-38.761530231218785 11.218822332969708 -0.00755381283571951 0.0030763199675862218
-29.07114767341409 11.219131928891363 -0.007520869028986331 0.003065529493076836
-19.380765115609393 11.219441088216147 -0.007488312137431391 0.003054834848389621
-9.690382557804696 11.219749790242588 -0.007456133328168662 0.0030442342383425326
0.0 1.1529034700362963 -0.02695200418421814 0.026805556089450053
9.690382557804696 2.3839298832276032 -0.029951513939778383 0.027872191783672895
19.380765115609393 3.1170942948640885 -0.029616195938056006 0.02752704675720857
29.07114767341409 3.6772111693787783 -0.029289320007756022 0.027190891928807505
38.761530231218785 4.138918992817374 -0.028998474317293337 0.026864332962937058
48.45191278902348 4.534494246980521 -0.028687140816476324 0.026545107841196
58.14229534682818 4.881523252812755 -0.02838332968889118 0.026233870828117005
67.83267790463287 5.19090175927746 -0.0280867613708088 0.02593032115168569
77.52306046232115 5.469964034637003 -0.02779717013138669 0.025634173009424173
87.21344302012585 5.723942812931622 -0.02753146498219077 0.02534563591072839
96.90382557793055 5.956735933614224 -0.02725484974009349 0.025063482261433317
106.59420813573524 6.17134489661461 -0.027014345383925498 0.024788906586662957
116.28459069353994 6.37014263632581 -0.02674962843746411 0.02451975599614383
125.97497325134464 6.555045651032233 -0.026490756333746184 0.02425677298453944
135.66535580914933 6.727629362443272 -0.026237529865392045 0.023999744373812144
145.35573836695403 6.889208144295573 -0.02598975888508632 0.023748466741292665
155.04612092475872 7.040892478160185 -0.02574726179410682 0.023502745867286862
164.73650348256342 7.183630799274318 -0.025509865065181596 0.023262396219812204
174.42688604036812 7.318240797085043 -0.025282871359702825 0.023027498545205544
184.1172685981728 7.445433269763878 -0.025055110162627178 0.02279736360710426
193.8076511559775 7.565830605477215 -0.02483386207510346 0.02257213301819847
203.4980337137822 7.679981310967461 -0.02461518145621198 0.022351566609207698
213.1884162715869 7.788371582297564 -0.024439510350687574 0.022137028411530764
222.8787988293916 7.891434628062945 -0.024228857032195773 0.021925416068078244
232.5691813871963 7.9895582610821885 -0.024033549613455593 0.021718347600378975
242.259563945001 8.083091139345985 -0.02383080895512962 0.021515160053185097
251.9499465028057 8.172347941233653 -0.023631924419553266 0.0213159956123996
261.64032906049397 8.257613691104147 -0.02343678213042099 0.02112073365411046
271.33071161829866 8.339147401086096 -0.02324527271743992 0.020929258355311564
281.02109417610336 8.417185157677226 -0.023057291094397237 0.02074145845702863
290.71147673390806 8.491942753955993 -0.02287273625023172 0.020557227041318904
300.40185929171275 8.563617947093286 -0.022691511052259496 0.020376461321237504
310.09224184951745 8.632392404748856 -0.022513522060722713 0.02019906244288659
319.78262440732215 8.698433391474968 -0.022338679353909003 0.020024935298745807
329.47300696512684 8.76189523654405 -0.022166896363144024 0.019853988351540834
339.16338952293154 8.82292061698795 -0.021998089717011574 0.01968613346796237
348.85377208073623 8.881641683593218 -0.02183217909420372 0.0195212857615984
358.54415463854093 8.938181052774297 -0.02166908708444742 0.019359363444489644
368.2345371963456 8.99265268337157 -0.021544647370968575 0.01920179281036494
377.9249197541503 9.06437081776298 -0.021386486770222153 0.01904546729589483
387.615302311955 9.137338304401323 -0.021230941642393888 0.018891839572100663
397.3056848697597 9.206625961191603 -0.021077944466219977 0.018740838893171435
406.9960674275644 9.272490261012315 -0.020927430066906148 0.018592396982131366
416.6864499853691 9.335164439811175 -0.02077933551423784 0.018446447923839624
426.3768325431738 9.394861123435797 -0.02056425912913665 0.018308802649778577
436.0672151009785 9.451774595556254 -0.02073015373519393 0.01816785020878277
445.7575976586668 9.506082764373947 -0.020585712242448366 0.018028924945191357
455.4479802164715 9.557948875155931 -0.020443546304770025 0.017892252691401503
465.1383627742762 9.607523007179216 -0.02266860127614279 0.017791351663314248
474.82874533208087 9.654943386958362 -0.022517816623532985 0.01765906460317327
484.51912788988557 9.700337544197437 -0.02437608600194373 0.017528374683934197
494.20951044769026 9.743823332547288 -0.02418397930607806 0.017399737904171583
503.89989300549496 9.785509833686188 -0.02399543816840575 0.017273105067874703
513.5902755632997 9.825498160331119 -0.023810353737609438 0.017148428554145022
523.2806581211044 9.86388217139161 -0.023628621870046045 0.017025662254257244
532.971040678909 9.900749110497454 -0.023450142864224796 0.016904761511734676
542.6614232367137 9.936180177485696 -0.02327482121376706 0.01678568306527036
552.3518057945184 9.970251041058395 -0.0231025653773225 0.016668384994336087
562.0421883523231 10.003032299670807 -0.02293328756406157 0.016552826667331644
571.7325709101278 10.034589896739796 -0.02276690353349287 0.01643896869213578
581.4229534679325 10.064985495442691 -0.022603332408470244 0.016326772868929113
591.1133360257372 10.094276817681449 -0.02244249650035814 0.016216202145167277
600.8037185835419 10.122517951194904 -0.02228432114541642 0.016107220572589977
610.4941011413466 10.14975962829626 -0.022128734551549623 0.015999793266158743
620.1844836991513 10.176049479279376 -0.021975667654640943 0.015893886364822436
629.8748662568396 10.201432263164618 -0.021825053983760244 0.015789466994016982
639.5652488146443 10.225950078135726 -0.022021632449873124 0.015716765737031256
649.255631372449 10.249642553735008 -0.021871034789432104 0.015614813996180548
658.9460139302537 10.272547026653942 -0.02172283172277119 0.01551426782839243
668.6363964880584 10.294698701736095 -0.02157696092506808 0.015415097519813046
678.3267790458631 10.316130799633278 -0.02143336236659542 0.015317274201766505
688.0171616036678 10.336874692394243 -0.021291978202196304 0.015220769820454304
697.7075441614725 10.35696002812597 -0.02115275266737213 0.015125557107976908
707.3979267192772 10.376414845745018 -0.021015631980509267 0.01503160955460855
717.0883092770819 10.395265680728839 -0.020880564250810717 0.014938901382260467
726.7786918348866 10.413537662681854 -0.020747499391534197 0.014847407519071768
736.4690743926913 10.431254605447418 -0.020616389038170813 0.014757103575070934
746.159456950496 10.448439090422514 -0.02077698605742011 0.014688498959996034
755.8498395083006 10.465112543666443 -0.020645729842522467 0.014600226816082043
765.5402220661053 10.48129530733628 -0.020544039681676174 0.014514779557273377
775.23060462391 10.497006705930051 -0.02041620725027877 0.014428718131432634
784.9209871817147 10.512265107772357 -0.020290217314552286 0.014343741572389188
794.6113697395194 10.527087982135825 -0.02016602625133435 0.014259828836494726
804.3017522973241 10.541491952354985 -0.020043591908956368 0.014176959432060935
813.9921348551288 10.555492845256119 -0.01992287354169608 0.014095113400979159
823.6825174128171 10.569105737196857 -0.019803831747902245 0.014014271301094365
833.3728999706218 10.582344996983911 -0.019686428411533577 0.013934414189290052
843.0632825284265 10.595224325910019 -0.019570626646904364 0.013855523605263317
852.7536650862312 10.607756795135375 -0.01945639074639673 0.013777581555937696
862.4440476440359 10.619954880613767 -0.019343686130966535 0.013700570500496764
872.1344302018406 10.631830495749526 -0.019232479303254373 0.01362447333600362
881.8248127596453 10.643395021954536 -0.01912273780313713 0.013549273383579367
891.51519531745 10.654659337260343 -0.01901443016556646 0.013474954375114367
901.2055778752547 10.665633843127493 -0.018907525880551865 0.013401500440487794
910.8959604330594 10.676328489582492 -0.018801995355156524 0.013328896095271887
920.5863429908641 10.686752798802122 -0.018697809877383603 0.013257126228899225
930.2767255486688 10.69691588725512 -0.018594941581839525 0.013186176093271839
939.9671081064735 10.706826486502514 -0.018493363417068392 0.013116031291792615
949.6574906642782 10.716492962749758 -0.018393049114459784 0.013046677768800355
959.3478732220829 10.725923335236606 -0.0182939731586381 0.012978101799390549
969.0382557798875 10.735125293543934 -0.0181961107592486 0.012910289979605416
978.7286383376922 10.744106213890618 -0.018099437824060587 0.012843229216976905
988.4190208954969 10.752873174488043 -0.018003930933313594 0.012776906721407907
998.1094034533016 10.761432970014688 -0.017909567315237483 0.012711309996377058
