-251.9499465028057 8.981855752170846 0.0 0.0
-242.259563945001 8.981855752170846 0.0 0.0
-232.5691813871963 8.981855752170846 0.0 0.0
-222.8787988293916 8.981855752170846 0.0 0.0
-213.1884162715869 8.981855752170846 0.0 0.0
-203.4980337137822 8.981855752170846 0.0 0.0
-193.8076511559775 8.981855752170846 0.0 0.0
-184.1172685981728 8.981855752170846 0.0 0.0
-174.42688604036812 8.981855752170846 0.0 0.0
-164.73650348256342 8.981855752170846 0.0 0.0
-155.04612092487514 8.981855752170846 0.0 0.0
-145.35573836707044 8.981855752170846 0.0 0.0
-135.66535580926575 8.981855752170846 0.0 0.0
-125.97497325146105 8.981855752170846 0.0 0.0
-116.28459069365636 8.981855752170846 0.0 0.0
-106.59420813585166 8.981855752170846 0.0 0.0
-96.90382557804696 8.981855752170846 0.0 0.0
-87.21344302024227 8.981855752170846 0.0 0.0
-77.52306046243757 8.981855752170846 0.0 0.0
-67.83267790463287 8.981855752170846 0.0 0.0
-58.14229534682818 8.981855752170846 0.0 0.0
-48.45191278902348 8.981855752170846 0.0 0.0
-38.761530231218785 8.981855752170846 0.0 0.0
-29.07114767341409 8.981855752170846 0.0 0.0
-19.380765115609393 8.981855752170846 0.0 0.0
-9.690382557804696 8.981855752170846 0.0 0.0
0.0 8.981855752170846 0.0 0.0
9.690382557804696 6.098015832032247 -0.030926443182956075 0.04127888028657479
19.380765115609393 6.2414639951392 -0.030698951580289888 0.04097523726571057
29.071147673297673 6.347214990088082 -0.03047478234635057 0.04067602875611983
38.76153023110237 6.433305304047116 -0.030253863227152643 0.04038115831723883
48.451912788907066 6.50683212744362 -0.030036124048786625 0.04009053228487241
58.14229534671176 6.5714579565952524 -0.02982149664309108 0.039804059671985345
67.83267790451646 6.6293646806438655 -0.029609914776501885 0.039521652073734335
77.52306046232115 6.681975647447305 -0.02940131408190643 0.039243223576510715
87.21344302012585 6.730279793950669 -0.02919563199335814 0.038968690670801186
96.90382557793055 6.774996933381114 -0.028992807683512294 0.03869797216768058
106.59420813573524 6.816670076585834 -0.028792782003651644 0.03843098911876151
116.28459069353994 6.855720663316537 -0.028595497426177712 0.03816766473943482
125.97497325134464 6.8924834307198655 -0.028400897989450207 0.03790792433524451
135.66535580914933 6.9272294022737295 -0.028208929244863457 0.03765169523124825
145.35573836695403 6.960181596272809 -0.02801953820605494 0.03739890670422373
155.04612092475872 6.991526086555155 -0.027832673300146032 0.037149489917587646
164.73650348256342 7.021419992280834 -0.027648284320920972 0.0369033778589016
174.42688604036812 7.049997378035651 -0.02746632238385477 0.03666050527984574
184.1172685981728 7.077373695317363 -0.027286739882905236 0.03642080863854735
193.8076511559775 7.103649182977419 -0.02710949044898907 0.03618422604415704
203.4980337137822 7.128911509921731 -0.03137659506296238 0.037312019201324556
213.1884162715869 7.153237856573513 -0.031171012805043544 0.03707141363507016
222.87879882927518 7.176696574104116 -0.03096811426278505 0.0368338937635053
232.56918138707988 7.199348521517452 -0.03102552202636038 0.036625243735348124
242.25956394488458 7.221248153799745 -0.030825930198733222 0.03639352858770449
251.94994650268927 7.242444415479331 -0.030628896985926135 0.03616472928007267
261.64032906049397 7.265908655623646 -0.030434373356661725 0.03593879106977547
271.33071161829866 7.318798914753056 -0.03024231152848195 0.035715660577301946
281.02109417610336 7.367776805535079 -0.030052664928105995 0.03549528574409249
290.71147673390806 7.413380731463557 -0.031223708727115083 0.035516360224461814
300.40185929171275 7.456043285766684 -0.031028753848423393 0.035299587328325964
310.09224184951745 7.496117685271583 -0.030836227629773796 0.03508544715163079
319.78262440732215 7.533896310635789 -0.030646084782481337 0.03487389196792658
329.47300696512684 7.569624053268045 -0.03045828114192858 0.03466487519889727
339.16338952293154 7.603508141786839 -0.03027277363274146 0.0344583513799922
348.85377208073623 7.635725519454293 -0.030287162899290364 0.034270182975783506
358.54415463854093 7.6664284789444235 -0.030104662252557382 0.034068395419678085
368.2345371963456 7.695749032061186 -0.030579395855536755 0.03395134132596247
377.9249197541503 7.723802344661715 -0.030396431285000757 0.03375363640053213
387.615302311955 7.750689469744538 -0.030317143647606442 0.03356347270979556
397.3056848697597 7.776499545997009 -0.030262706164144608 0.033378837335483094
406.996067427448 7.801311583896282 -0.030084529455342162 0.03318778828234092
416.6864499852527 7.825195929788976 -0.02990844881922107 0.03299891610924161
426.3768325430574 7.8482154758153095 -0.029904941845527746 0.03282222677882229
436.0672151008621 7.870426667254578 -0.029731689265749282 0.03263752421930207
445.7575976586668 7.891880346918845 -0.02956044274271759 0.03245489098306571
455.4479802164715 7.912622467371916 -0.029391167440844797 0.03227429244650767
465.1383627742762 7.932694695103758 -0.029223829331397336 0.032095694755218916
474.82874533208087 7.952134925751585 -0.029058395169115497 0.031919064802711034
484.51912788988557 7.970977725598703 -0.02889483246964718 0.0317443702098438
494.20951044769026 7.989254711597985 -0.028733109487762556 0.0315715793049293
503.89989300549496 8.006994879839436 -0.028573195196318037 0.0314006611044867
513.5902755632997 8.024224890551155 -0.028415059265939634 0.031231585294622926
523.2806581211044 8.04096931627299 -0.028258672045396702 0.031064322213015604
532.971040678909 8.057250858684826 -0.028104004542638887 0.03089884283147558
542.6614232367137 8.073090538641235 -0.027951028406469916 0.030735118739067317
552.3518057945184 8.088507863212165 -0.027799715908833376 0.030573122125766593
562.0421883523231 8.103520972916877 -0.0276500399276865 0.030412825766635284
571.7325709101278 8.118146771837552 -0.027501973930439294 0.030254203006494642
581.4229534679325 8.132401042886258 -0.027355491957936996 0.030097227745078375
591.1133360256208 8.146298550157944 -0.027210568608967086 0.029941874422650238
600.8037185834255 8.15985313001937 -0.02706717902526018 0.02978811800605811
610.4941011412302 8.173077772343674 -0.026925298876992066 0.029635933975236405
620.1844836990349 8.185984693107237 -0.026784904348733783 0.02948529831010408
629.8748662568396 8.19858539939225 -0.0267906270727273 0.029336187477871697
639.5652488146443 8.210890747700288 -0.026652069540558283 0.029188578420731786
649.255631372449 8.222910996360815 -0.026514944695691163 0.02904244854392117
658.9460139302537 8.234655852716172 -0.026379230309926893 0.02889777570414186
668.6363964880584 8.246134515677234 -0.026486848316254048 0.028754538198328225
678.3267790458631 8.257355714168632 -0.026352107287594174 0.028612714752748347
688.0171616036678 8.268327741917986 -0.02621873882681153 0.02847228451242779
697.7075441614725 8.279058488987856 -0.0260867219087872 0.0283332270308851
707.3979267192772 8.289555470400959 -0.025956035939539802 0.028195522260168016
717.0883092770819 8.299825852167395 -0.02643668927441326 0.028059150541180224
726.7786918348866 8.309876474986362 -0.026304093400816575 0.02792409259428892
736.4690743926913 8.319713875863245 -0.026172835417202455 0.02779032951020362
746.159456950496 8.329344307855251 -0.026042894897982612 0.02765784274111702
755.8498395083006 8.338773758134783 -0.025914251838391193 0.02752661409209937
765.5402220661053 8.348007964538441 -0.025786886643474918 0.02739662571273777
775.2306046237936 8.357052430750933 -0.02566078011743727 0.027267860089013767
784.9209871815983 8.365912440257574 -0.025535913453313977 0.02714030003540245
794.611369739403 8.374593069182355 -0.025412268222990017 0.027013928687208415
804.3017522972077 8.383099198119735 -0.025289826367514995 0.026888729493100654
813.9921348550124 8.391435523053191 -0.025168570187728508 0.026764686207862456
823.6825174128171 8.399606565445954 -0.025048482335174628 0.02664178288534053
833.3728999706218 8.407616681579814 -0.02492954580329663 0.026520003871588243
843.0632825284265 8.41547007121017 -0.024811743918901452 0.026399333798196815
852.7536650862312 8.423170785598485 -0.02469506033388424 0.026279757575808634
862.4440476440359 8.430722734977273 -0.024579479017203323 0.026161260387806633
872.1344302018406 8.438129695497102 -0.024464984247096897 0.026043827684174372
881.8248127596453 8.445395315700333 -0.024351560603532437 0.025927445175521494
891.51519531745 8.452523122561802 -0.024239192960880878 0.025812098827269116
901.2055778752547 8.459516527132884 -0.02412786648080732 0.025697774853990486
910.8959604330594 8.466378829821751 -0.024017566605370914 0.025584459713901855
920.5863429908641 8.473113225339624 -0.023908279050326522 0.025472140103499137
930.2767255486688 8.479722807339916 -0.023799989798620986 0.025360802952335573
939.9671081064735 8.486210572774729 -0.023692685094077636 0.02525043541793646
949.6574906642782 8.492579425990824 -0.023586351435262234 0.025141024880846404
959.3478732219664 8.498832182585215 -0.023480975569525702 0.025032558939806673
969.0382557797711 8.504971573039022 -0.023376544487209893 0.024925025407050796
978.7286383375758 8.511000246145246 -0.023273045416029828 0.024818412303734126
988.4190208953805 8.516920772247095 -0.023170465815601473 0.024712707855467926
998.1094034531852 8.522735646299608 -0.02306879337212888 0.024607900487973716
