-1007.7997860111063 8.954948024578483 -0.006208828802521147 0.002152938603737812
-998.1094034533016 8.954689515769562 -0.0061860100526257835 0.0021455285997739534
-988.4190208954969 8.954433964246764 -0.006163360250664357 0.0021381694793000203
-978.7286383376922 8.954181393946667 -0.00614087750479367 0.0021308607194337487
-969.0382557798875 8.953931827027434 -0.006118559951674215 0.0021236018044408682
-959.3478732220829 8.953685283911893 -0.006096405755928117 0.0021163922256132216
-949.6574906642782 8.953441783330243 -0.006074413109609588 0.0021092314811493765
-939.9671081064735 8.953201342362185 -0.0060525802316875165 0.0021021190760376644
-930.2767255486688 8.952963976478655 -0.0077161862770904165 0.0030505625693935455
-920.5863429908641 8.952729699583006 -0.007682218998062175 0.003036487313144227
-910.8959604330594 8.952498524051727 -0.007648588862442479 0.003022562458244671
-901.2055778752547 8.952270460774637 -0.007615290205218803 0.0030087852753708905
-891.51519531745 8.952045519194554 -0.007582317501118213 0.0029951531067766834
-881.8248127596453 8.951823707346481 -0.007549665360022236 0.002981663363846167
-872.1344302018406 8.95160503189622 -0.007517328522568478 0.0029683135247485465
-862.4440476440359 8.951389498178507 -0.007485301855929993 0.0029551011321901372
-852.7536650862312 8.951177110234557 -0.007453580349763875 0.0029420237912588664
-843.0632825285429 8.950967870849132 -0.007422159112321412 0.002929079167356985
-833.3728999707382 8.950761781587028 -0.00739103336670994 0.0029162649842168226
-823.6825174129335 8.950558842829036 -0.007360198447304843 0.0029035790219979255
-813.9921348551288 8.95035905380737 -0.0073296497962973845 0.002891019115458693
-804.3017522973241 8.950162412640516 -0.007299382960377539 0.002878583152201291
-794.6113697395194 8.949968916367578 -0.007269393587543483 0.0028662690709855302
-784.9209871817147 8.949778560982043 -0.007239677424032384 0.0028540748601086426
-775.23060462391 8.949591341465009 -0.007210230311366933 0.002841998555847969
-765.5402220661053 8.94940725181787 -0.007181048183512494 0.0028300382409636505
-755.8498395083006 8.949226285094444 -0.007152127064139911 0.0028181920432586317
-746.159456950496 8.949048433432544 -0.007123463063989324 0.0028064581341933773
-736.4690743926913 8.948873688085037 -0.007095052378330552 0.0027948347275528703
-726.7786918348866 8.948702039450291 -0.007066891284515822 0.0027833200781635647
-717.0883092770819 8.948533477102144 -0.007038976139620868 0.002771912480658089
-707.3979267192772 8.94836798981928 -0.007011303378170591 0.0027606102682856087
-697.7075441614725 8.948205565614069 -0.0069838695099456675 0.002749411811765873
-688.0171616036678 8.948046191760888 -0.006956671117866682 0.002738315518185026
-678.3267790458631 8.947889854823863 -0.006929704855952508 0.0027273198299314337
-668.6363964880584 8.947736540684105 -0.006902967447349847 0.0027164232236697736
-658.9460139303701 8.947586234566389 -0.0068764556824312826 0.002705624209351934
-649.2556313725654 8.947438921065288 -0.006850166416957104 0.0026949213292623677
-639.5652488147607 8.947294584170828 -0.006824096570303042 0.0026843131570984022
-629.874866256956 8.947153207293535 -0.006798243123744934 0.002673798297081494
-620.1844836991513 8.947014773289034 -0.0067726031188027344 0.002663375383100047
-610.4941011413466 8.946879264482057 -0.006747173655639558 0.002653043077881758
-600.8037185835419 8.946746662689986 -0.006756896164555037 0.0026438674135432823
-591.1133360257372 8.946616949245852 -0.006731621021250023 0.0026337045361544647
-581.4229534679325 8.94649010502082 -0.0067065518471561706 0.0026236285366622422
-571.7325709101278 8.94636611044619 -0.006681685879208566 0.002613638182896832
-562.0421883523231 8.946244945534868 -0.006657020408133411 0.0026037322678668924
-552.3518057945184 8.946126589902345 -0.006632552777050406 0.002593909609083589
-542.6614232367137 8.94601102278719 -0.008603849746374213 0.0030269113567984464
-532.971040678909 8.94589822307102 -0.008565061781334288 0.0030139885473286446
-523.2806581211044 8.945788169298005 -0.008526679213200983 0.0030011933379464825
-513.5902755632997 8.945680839693864 -0.008488694891759827 0.002988523597353368
-503.89989300549496 8.945576212184315 -0.0084511018481239 0.0029759772457044215
-494.20951044769026 8.94547426441309 -0.008413893288742012 0.002963552252980108
-484.51912788988557 8.945374973759327 -0.008377062589649476 0.0029512466374213794
-474.82874533208087 8.945278317354457 -0.008340603290949806 0.0029390584640253863
-465.1383627743926 8.945184272098453 -0.008429962195502428 0.002937962791882992
-455.4479802165879 8.945092814675425 -0.009078306117159993 0.0030410632984676144
-445.7575976587832 8.945003921568489 -0.009036965162228279 0.003028287854699712
-436.0672151009785 8.9449175690738 -0.008996058384454993 0.003015636130970455
-426.3768325431738 8.944833733313653 -0.008955578173875585 0.0030031061097086763
-416.6864499853691 8.944752390248494 -0.00906599185942379 0.0030011762400464818
-406.9960674275644 8.944673515687729 -0.009025231170115998 0.002988806341654109
-397.3056848697597 8.944597085299067 -0.008984891633910743 0.0029765535068979683
-387.615302311955 8.944523074616285 -0.009329389101564866 0.0029644158744259446
-377.9249197541503 8.944451459045126 -0.009287045615994695 0.0029523916254833083
-368.2345371963456 8.944382213867112 -0.00924514329011789 0.0029404789826373854
-358.54415463854093 8.944315314241035 -0.00920367450068944 0.002928676208549252
-348.85377208073623 8.944250735201884 -0.009162631811065398 0.002916981604790369
-339.16338952293154 8.944188451656942 -0.009122007965306541 0.0029053935107022357
-329.47300696512684 8.944128438378852 -0.009081795882509132 0.0028939103022972003
-319.78262440732215 8.944070669995458 -0.009041988651352537 0.002882530391198669
-310.09224184951745 8.944015120976221 -0.009002579524853945 0.0028712522236190494
-300.40185929171275 8.94396176561514 -0.008963561915320915 0.002860074279373828
-290.71147673390806 8.943910578010074 -0.008924929389493052 0.0028489950709302764
-281.0210941762198 8.943861532038442 -0.008886675663864854 0.0028380131424894733
-271.3307116184151 8.943814601329402 -0.008861859254999875 0.0028276061089660743
-261.6403290606104 8.94376975923261 -0.008824248888032451 0.002816810976826193
-251.9499465028057 8.943726978783719 -0.008787000724649913 0.002806108990301283
-242.259563945001 8.943686232666975 -0.008750109006538656 0.002795498810848443
-232.5691813871963 8.943647493175156 -0.008713568105073595 0.0027849791275519594
-222.8787988293916 8.94361073216733 -0.00867737251754109 0.0027745486563765403
-213.1884162715869 8.943575921024886 -0.00864151686349619 0.002764206139445455
-203.4980337137822 8.943543030606355 -0.00860599588124858 0.0027539503443425655
-193.8076511559775 8.943512031201623 -0.008570804424471935 0.002743780063437339
-184.1172685981728 8.943482892486134 -0.0085359374589315 0.0027336941132319343
-174.42688604036812 8.943455583475746 -0.008501390059325122 0.0027236913337295074
-164.73650348256342 8.943430072482895 -0.008467157406233015 0.002713770587822914
-155.04612092475872 8.943406327074744 -0.008459889201710289 0.0027047071408163657
-145.35573836695403 8.943384314033949 -0.008426075475664253 0.0026949414153352685
-135.66535580914933 8.943363999322788 -0.008392565520737895 0.0026852545274302455
-125.97497325134464 8.943345348051135 -0.00835935484986529 0.002675645423995124
-116.28459069353994 8.943328324449 -0.008326439069905406 0.0026661130720895066
-106.59420813573524 8.943312891844082 -0.008293813879094088 0.002656656458432742
-96.90382557804696 8.943299012644887 -0.01093076615928404 0.002647274588913691
-87.21344302024227 8.943286648329785 -0.010879081216020875 0.0026379664881150335
-77.52306046243757 8.94327575944242 -0.010827961044266287 0.002628731198853257
-67.83267790463287 8.94326630559372 -0.010777395453895852 0.002619567781731537
-58.14229534682818 8.943258245470762 -0.01072737451391983 0.0026104753147066996
-48.45191278902348 8.943251536852607 -0.010677888543992368 0.0026014528926691085
-38.761530231218785 8.94324613663318 -0.015388908182619312 0.00259249962703511
-29.07114767341409 8.943242000851221 -0.01530542149063304 0.0025836146453515956
-19.380765115609393 8.943239084727162 -0.015222954342156671 0.0025747970909122714
-9.690382557804696 8.943237342706833 -0.015141486833091345 0.0025660461223851903
0.0 6.011692827584478 -0.07021749636434874 0.04857756254362526
9.690382557804696 6.181124144795599 -0.06973100471951678 0.048229387556978254
19.380765115609393 6.297231514522069 -0.06925141764883826 0.0478862507510276
29.07114767341409 6.389245854080904 -0.06877858723878248 0.04754804284261853
38.761530231218785 6.466726586395174 -0.06831236979648801 0.04721465769513096
48.45191278902348 6.5342336779869035 -0.06785262569982137 0.04688599220590262
58.14229534682818 6.59436345804902 -0.0673992192537943 0.04656194619845455
67.83267790463287 6.648759980614858 -0.0669520185530262 0.04624242231928099
77.52306046243757 6.69854162175254 -0.06651089534995676 0.04592732593897975
87.21344302012585 6.744509614160925 -0.0660757249285351 0.045616565057515546
96.90382557793055 6.787260987923201 -0.06564638598309099 0.04531005021339374
106.59420813573524 6.827254562761222 -0.06522276050221677 0.04500769439661165
116.28459069353994 6.864851839803168 -0.06480473365732052 0.04470941296513424
125.97497325134464 6.900343555977639 -0.06446681406453948 0.04441809173130808
135.66535580914933 6.933967601971459 -0.06405910158862867 0.044127692316991346
145.35573836695403 6.965921505440064 -0.06365666937825618 0.04384112710540824
155.04612092475872 6.996371366682257 -0.06325941413279781 0.04355832014982667
164.73650348256342 7.02545840539152 -0.06286723524585464 0.043279197501962935
174.42688604036812 7.05330385494399 -0.06248003471769907 0.04300368714658862
184.1172685981728 7.080012686624125 -0.06209771707111941 0.042731718938690245
193.8076511559775 7.105676488175152 -0.061720189270509825 0.04246322454306634
203.4980337137822 7.130375719909001 -0.06134736064406069 0.04219813737625203
213.1884162715869 7.1541815051866875 -0.06097914280891111 0.041936392550667244
222.8787988293916 7.177157067461474 -0.06061544959913299 0.04167792682088989
232.5691813871963 7.199358895490049 -0.06025619699642215 0.04142267853196015
242.259563945001 7.220837696961454 -0.05990130306337852 0.0411705875696268
251.9499465028057 7.241639185634096 -0.059550687879262966 0.04092159531245097
261.6403290606104 7.29024900657082 -0.059204273478124035 0.040675644585687
271.3307116184151 7.341251717514385 -0.05886198378919343 0.04043267961686382
281.02109417610336 7.388624256338681 -0.058523744579457304 0.040192645992996795
290.71147673390806 7.432845486767904 -0.05818948339828718 0.039955490619344204
300.40185929171275 7.474303815225325 -0.05785912952410439 0.03972116167968485
310.09224184951745 7.513318960437252 -0.05753261391291285 0.039489608597997064
319.78262440732215 7.550157448764005 -0.057209869148682285 0.039260782001522505
329.47300696512684 7.585043910902841 -0.05689082939548169 0.03903463368514053
339.16338952293154 7.618169490260499 -0.05657543035129521 0.03881111657700164
348.85377208073623 7.649698216122608 -0.056263609203451644 0.03859018470536884
358.54415463854093 7.679771912241909 -0.05595530458560223 0.03837179316661729
368.2345371963456 7.708514031647568 -0.05565045653618398 0.038155898094345164
377.9249197541503 7.73603269099542 -0.05534900645830941 0.03794245662955152
387.615302311955 7.762423099225601 -0.05512713109342506 0.037735178473386886
397.3056848697597 7.787769521672827 -0.05489523792139329 0.037529292953344076
406.9960674275644 7.812146883484761 -0.05460261970608249 0.03732291682116077
416.6864499853691 7.835622089831531 -0.05431319291235925 0.03711883307358568
426.3768325431738 7.858255121450626 -0.05404159967100022 0.0369173005306618
436.0672151009785 7.88009995027919 -0.05375829056698169 0.03671768546055502
445.7575976587832 7.901205309751926 -0.053478019957413823 0.03652025058042784
455.4479802165879 7.9216153467486325 -0.05320073853983647 0.03632496011696494
465.1383627742762 7.941370176444132 -0.05292639808045374 0.03613177907781144
474.82874533208087 7.960506356945708 -0.05266552768810197 0.03594086209674318
484.51912788988557 7.979057297235312 -0.052396850790569424 0.03575179655847297
494.20951044769026 7.997053609330793 -0.052147639537277364 0.035565062587538915
503.89989300549496 8.014523413527213 -0.05188440267001732 0.035379980486843085
513.5902755632997 8.031492603970657 -0.05162388352405344 0.035196843897738514
523.2806581211044 8.047985080532312 -0.05136603963940207 0.03501562208984715
532.971040678909 8.064022951923604 -0.05111082944257301 0.034836284978775826
542.6614232367137 8.07962671416543 -0.05085821222345228 0.0346588031092022
552.3518057945184 8.094815407853117 -0.05060814811290663 0.034483147638489677
562.0421883523231 8.109606757111123 -0.05036275410483694 0.034309342134265064
571.7325709101278 8.124017292682082 -0.050117663918284136 0.03413725492211401
581.4229534679325 8.138062461224232 -0.04987636056541956 0.03396693181350246
591.1133360257372 8.151756722583976 -0.04963610082985695 0.033798304695153235
600.8037185835419 8.16511363655434 -0.04941691946071017 0.033631769814296275
610.4941011413466 8.178145940415963 -0.04918121892441504 0.03346649595135532
620.1844836991513 8.190865618377048 -0.04895565738899736 0.033302987160112665
629.874866256956 8.203283963876878 -0.04872446172555882 0.03314096877153563
639.5652488147607 8.215411635588646 -0.04849549792366156 0.03298054236548952
649.255631372449 8.227258707847675 -0.04826873336704542 0.03282168442733589
658.9460139302537 8.238834716138589 -0.048044136076820655 0.032664371904869434
668.6363964880584 8.250148698192017 -0.047821674695915986 0.03250858219699672
678.3267790458631 8.261209231177508 -0.047601318473955476 0.03235429314272791
688.0171616036678 8.272024465415113 -0.04738303725258889 0.032201483010498626
697.7075441614725 8.28260215497986 -0.047166801451244696 0.032050130487799776
707.3979267192772 8.2929496855279 -0.04695258205329382 0.031900214671106694
717.0883092770819 8.303074099634731 -0.04674035059261058 0.031751715056097723
726.7786918348866 8.312982119902308 -0.046530079140517225 0.031604611528152304
736.4690743926913 8.32268017006246 -0.04632174029309987 0.03145888435311964
746.159456950496 8.33217439427846 -0.04611530715888266 0.0313145141683486
755.8498395083006 8.341470674824103 -0.045926691122887754 0.03117184277309376
765.5402220661053 8.350574648299828 -0.045723873659526446 0.031030127273291942
775.23060462391 8.359491720528153 -0.04552288589880619 0.030889712857491407
784.9209871817147 8.368227080255275 -0.04532370284543929 0.030750581563435152
794.6113697395194 8.376785711772213 -0.04512629996099728 0.030612715759171672
804.3017522973241 8.385172406556945 -0.0449306531534666 0.03047609813548293
813.9921348551288 8.393391774028338 -0.04454925313837863 0.030340711698519894
823.6825174129335 8.401448251493289 -0.04468929769466198 0.030236224857475534
833.3728999706218 8.409346113360163 -0.04449770857892332 0.030103032860294414
843.0632825284265 8.41708947968467 -0.04430779914635965 0.029971026073543097
852.7536650862312 8.424682324105937 -0.04407109535706207 0.02984315211276572
862.4440476440359 8.43212848122786 -0.04389734580672411 0.02971365924282006
872.1344302018406 8.43943165349219 -0.04395879079778478 0.02960055435784232
881.8248127596453 8.446595417587314 -0.04377381429938365 0.029472995309161445
891.51519531745 8.453623230431623 -0.04359043273193585 0.02934654689615059
901.2055778752547 8.460518434766813 -0.04340862514781539 0.029221194559286342
910.8959604330594 8.46728426439311 -0.043228370970988444 0.02909692399377235
920.5863429908641 8.473923849075346 -0.04304964998864998 0.028973721143967093
930.2767255486688 8.480440219146152 -0.04287244234309089 0.02885157219795834
939.9671081064735 8.48683630983007 -0.0426967285237881 0.028730463582279358
949.6574906642782 8.49311496531026 -0.04252248935971008 0.02861038195676267
959.3478732220829 8.499278942557428 -0.04234970601183116 0.02849131420952727
969.0382557798875 8.50533091493893 -0.042178359965847304 0.02837324745209507
978.7286383376922 8.511273475624353 -0.04200843302508736 0.028256169014632796
988.4190208954969 8.517109140802388 -0.04183990730361319 0.028140066441315625
