-1007.7997860109899 8.950499131081019 -0.015299197592150426 0.010271816128312943
-998.1094034531852 8.948764547332443 -0.01521789804427942 0.010218496311273527
-988.4190208953805 8.947007934290784 -0.015137476347169476 0.010165731798404458
-978.7286383375758 8.945232398618542 -0.01505791809024348 0.010113513874724754
-969.0382557797711 8.943441011525262 -0.014979209182222309 0.010061834008730104
-959.3478732219664 8.941636795588211 -0.014901335842179413 0.010010683847528274
-949.6574906641617 8.93982271297785 -0.014824284590899395 0.009960055212130618
-939.9671081064735 8.93800165505069 -0.014748042242529234 0.009909940092894387
-930.2767255486688 8.936176433260664 -0.014672595896505223 0.009860330645106635
-920.5863429908641 8.934349771331648 -0.0145979329297581 0.009811219184713312
-910.8959604330594 8.932524298626229 -0.0145240409891676 0.009762598184176298
-901.2055778752547 8.930702544641644 -0.01555823434314454 0.009714460268462594
-891.51519531745 8.928886934560085 -0.015477677560414325 0.009666798211157172
-881.8248127596453 8.927079785778897 -0.015397975993773051 0.009619604930695648
-872.1344302018406 8.92528330534555 -0.015319115688044267 0.009572873486712418
-862.4440476440359 8.923499588222656 -0.01524108299923705 0.009526597076500021
-852.7536650862312 8.921730616309619 -0.015163864585656496 0.009480769031575915
-843.0632825284265 8.9199782581494 -0.015087447399326165 0.009435382814352604
-833.3728999706218 8.91824426925142 -0.015011818677709596 0.00939043201490765
-823.6825174128171 8.916530292964609 -0.014936965935718338 0.00934591034784997
-813.9921348550124 8.91483786183773 -0.014862876957994767 0.009301811649279033
-804.3017522972077 8.913168399407786 -0.014789539791458297 0.009258129873833718
-794.611369739403 8.911523222360731 -0.014716942738104498 0.0092148590918278
-784.9209871815983 8.909903543012586 -0.014645074348046612 0.009171993486468952
-775.2306046237936 8.908310472062615 -0.014573923412789984 0.00912952735115855
-765.5402220659889 8.90674502157402 -0.014503478958730033 0.009087455086869341
-755.8498395081842 8.905208108141132 -0.01443373024086488 0.009045771199598542
-746.159456950496 8.903700556205619 -0.014364666736715097 0.009004470297894147
-736.4690743926913 8.902223101487502 -0.014296278140437508 0.008963547090449121
-726.7786918348866 8.900776394500333 -0.014228554357137822 0.00892299638376856
-717.0883092770819 8.899361004122339 -0.014161485497358094 0.008882813079897557
-707.3979267192772 8.897977421198876 -0.014095061871744575 0.008842992174215237
-697.7075441614725 8.896626062153862 -0.014029273985884168 0.008803528753289607
-688.0171616036678 8.895307272590525 -0.013964112535303927 0.008764417992792026
-678.3267790458631 8.894021330864172 -0.013899568400627558 0.008725655155469103
-668.6363964880584 8.892768451611863 -0.013835632642882963 0.008687235589170283
-658.9460139302537 8.891548789225904 -0.0137722964989553 0.008649154724929357
-649.255631372449 8.890362441259947 -0.013709551377180159 0.008611408075098023
-639.5652488146443 8.889209451758163 -0.013895266361734283 0.008573991231530036
-629.8748662568396 8.88808981449952 -0.014239428227685284 0.00853689986381418
-620.1844836990349 8.887003476150642 -0.014173594680002838 0.00850012971755457
-610.4941011412302 8.885950339321939 -0.014108389741422419 0.008463676612696857
-600.8037185834255 8.884930265522888 -0.014156011516015175 0.008433812310101457
-591.1133360256208 8.88394307801338 -0.014091208650472297 0.008397934762251523
-581.4229534678161 8.882988564548947 -0.014027019096528086 0.008362362823027178
-571.7325709100114 8.882066480018526 -0.013963433823792495 0.008327092579102923
-562.0421883523231 8.881176548974127 -0.013900443986372522 0.008292120184191589
-552.3518057945184 8.880318468052357 -0.013893698551411484 0.00825972684762918
-542.6614232367137 8.879491908288525 -0.013831464426452033 0.008225322068048279
-532.971040678909 8.87869651732416 -0.013880047621652411 0.008196699241907055
-523.2806581211044 8.877931921509582 -0.01381814495619691 0.008162824271424554
-513.5902755632997 8.877197727903264 -0.01375681369634288 0.008129229701806337
-503.89989300549496 8.876493526170156 -0.013696045624204501 0.008095912042047244
-494.20951044769026 8.875818890381316 -0.013635832686155858 0.00806286785934656
-484.51912788988557 8.875173380717461 -0.01357616698854576 0.008030093777886996
-474.82874533208087 8.874556545079187 -0.0135170407935524 0.00799758647764468
-465.1383627742762 8.87396792060673 -0.013496204649293417 0.00796923445004101
-455.4479802164715 8.873407035112276 -0.013437855664691118 0.00793722219379928
-445.7575976586668 8.872873408427871 -0.013385115305426666 0.00790561946618137
-436.0672151008621 8.872366553672016 -0.013327764050613132 0.007874118103349068
-426.3768325430574 8.871885978438097 -0.013450200069882049 0.007854791477381603
-416.6864499852527 8.871431185907786 -0.013392538885565413 0.007823702243863546
-406.996067427448 8.871001675892488 -0.013367006798029057 0.00779386924999693
-397.3056848696433 8.870596945805998 -0.01331013204719798 0.007763263034671841
-387.6153023118386 8.870216491571341 -0.01325375945064456 0.007732897767466977
-377.9249197541503 8.869859808464874 -0.013197882073919493 0.0077027705903757885
-368.2345371963456 8.869526391900521 -0.013142493116314305 0.007672878690933253
-358.54415463854093 8.869215738157092 -0.013087585907480504 0.007643219301299831
-348.85377208073623 8.86892734505142 -0.01303315390414979 0.007613789697364458
-339.16338952293154 8.868660712560086 -0.012979190686961165 0.0075845871978712604
-329.47300696512684 8.868415343392368 -0.012925689957387083 0.0075556091635672964
-319.78262440732215 8.868190743516955 -0.012872645534755346 0.00752685299637094
-310.09224184951745 8.867986422644929 -0.012820051353363173 0.007498316138560384
-300.40185929171275 8.86780189467137 -0.012767901459680042 0.007469996071981662
-290.71147673390806 8.867636678077888 -0.012716190009635843 0.007441890317275603
-281.02109417610336 8.867490296298307 -0.01266491126599133 0.007413996433123204
-271.33071161829866 8.867362278049578 -0.012809302268181175 0.007401827268352698
-261.64032906049397 8.86725215762999 -0.012757437980583864 0.007374235982187189
-251.94994650268927 8.867159475186588 -0.012706010719199873 0.007346851125673787
-242.25956394488458 8.867083776953672 -0.012655014695122344 0.007319670366361656
-232.56918138707988 8.867024615464137 -0.012604444227317858 0.007292691407363171
-222.87879882927518 8.866981549735344 -0.01255429373996513 0.007265911986662368
-213.1884162714705 8.866954145431132 -0.01247663744130743 0.00724054497118662
-203.4980337136658 8.866941975001497 -0.012552259349411449 0.007215271175790833
-193.8076511559775 8.866944617801394 -0.012502622223500218 0.007189060062853925
-184.1172685981728 8.86696166019004 -0.01245339421187909 0.007163040024195169
-174.42688604036812 8.866992695612016 -0.012450926606556011 0.007140304139909273
-164.73650348256342 8.867037324661439 -0.012460483551367524 0.007116779128098915
-155.04612092475872 8.867095155130334 -0.012666009968305244 0.007091281575891682
-145.35573836695403 8.867165802042367 -0.012615728264727934 0.007065967428357484
-135.66535580914933 8.867248887672934 -0.012565868660954209 0.0070408346919196224
-125.97497325134464 8.86734404155666 -0.012516425465887255 0.007015881402278863
-116.28459069353994 8.86745090048319 -0.01246739309896734 0.006991105623863866
-106.59420813573524 8.867569108482188 -0.012418766087270576 0.006966505449294382
-96.90382557793055 8.867698316798378 -0.01237053906270565 0.006942078998856942
-87.21344302012585 8.867838183857394 -0.012322706759304407 0.006917824419992665
-77.52306046232115 8.86798837522319 -0.01227526401060234 0.006893739886796814
-67.83267790451646 8.868148563547729 -0.012228205747105458 0.006869823599529767
-58.14229534671176 8.868318428513561 -0.01218152699383987 0.006846073784139156
-48.451912788907066 8.868497656769959 -0.0121352228679809 0.006822488691792749
-38.76153023110237 8.868685941863152 -0.01208928857655841 0.00679906659842188
-29.071147673297673 8.868882984161237 -0.012043719414235474 0.006775805804275091
-19.380765115492977 8.869088490774264 -0.011998510761157313 0.006752704633481683
-9.690382557804696 8.869302175469974 -0.011953658080868582 0.006729761433625252
0.0 1.6808335986316614 -0.14232309751757274 0.13847283676795544
9.690382557804696 2.1172744451818293 -0.14131566570676943 0.13747694114222017
19.380765115609393 2.4221351135127325 -0.1403227025390776 0.13649547089946223
29.07114767341409 2.6672450124211897 -0.13934389533617467 0.13552811282353183
38.761530231218785 2.876168493249592 -0.138378940409485 0.13457456272799875
48.45191278902348 3.060166089834267 -0.137427542738625 0.13363452513263618
58.14229534682818 3.2256565687232026 -0.13648941566356934 0.13270771295372427
67.83267790463287 3.376707335243877 -0.13556428058985903 0.13179384720748802
77.52306046243757 3.516086393663623 -0.13465186670621093 0.13089265672602476
87.21344302024227 3.645777193942412 -0.13375191071392453 0.13000387788511134
96.90382557804696 3.767257752649802 -0.13286415656751385 0.12912725434331562
106.59420813585166 3.881663886517158 -0.141203697941297 0.1313963554137318
116.28459069365636 3.989890432049383 -0.14027186416744658 0.1305202643033488
125.97497325146105 4.09265701404732 -0.13978559131723994 0.12974475637354657
135.66535580926575 4.190552443857079 -0.13887523513197442 0.12889129988791043
145.35573836707044 4.284065661069241 -0.13797689424714452 0.12804914926679697
155.04612092487514 4.373607886521673 -0.13709032995618922 0.1272180798504927
164.73650348267984 4.459528854112157 -0.13621530986724115 0.12639787291179824
174.42688604048453 4.5421289451463 -0.1353516076950869 0.12558831546116725
184.1172685981728 4.621668420409042 -0.13449900306132165 0.1247892000594909
193.8076511559775 4.698374554020578 -0.13365728130226473 0.12400032463812537
203.4980337137822 4.772447222610394 -0.13282623328443427 0.12322149232597605
213.1884162715869 4.84406333880455 -0.1320056552270411 0.1224525112831343
222.8787988293916 4.913380407397152 -0.1311953485313354 0.12169319454091439
232.5691813871963 4.9805394067593936 -0.13039511961644334 0.12094335984795222
242.259563945001 5.045667145067484 -0.12960477976141593 0.12020282952210685
251.9499465028057 5.208120342459289 -0.12882414495321726 0.11947143030791234
261.6403290606104 5.380685070548389 -0.128053035740393 0.11874899323933782
271.3307116184151 5.539579209088349 -0.12729127709217297 0.11803535350762681
281.0210941762198 5.686521268257591 -0.1265386982627728 0.11733035033399739
290.7114767340245 5.8229139665219805 -0.12579513266067333 0.11663382684699625
300.40185929182917 5.949921260579227 -0.12506041772266382 0.11594562996430874
310.09224184963387 6.06852241355985 -0.12433439479244958 0.11526561027883747
319.78262440743856 6.1795510079367775 -0.12361690900363027 0.1145936219488703
329.47300696524326 6.2837237740434055 -0.1229078091668669 0.11392952259216743
339.16338952304795 6.38166233994505 -0.12220694766106359 0.1132731731838056
348.85377208085265 6.473909942976263 -0.12151418032839777 0.11262443795762414
358.54415463865735 6.560944478968827 -0.120829366373041 0.11198318431112617
368.2345371963456 6.643188839037739 -0.1201523682634279 0.11134928271370144
377.9249197541503 6.721019203405637 -0.11948305163788078 0.11072260661799153
387.615302311955 6.7947717730167145 -0.11882128521357456 0.11010303237438329
397.3056848697597 6.864748290107215 -0.11816694069854884 0.10949043914835642
406.9960674275644 6.931220608174914 -0.1175198927067644 0.10888470884068306
416.6864499853691 6.994434507281004 -0.11688001867603597 0.10828572601032208
426.3768325431738 7.054612903982509 -0.11624719878873568 0.10769337779990985
436.0672151009785 7.111958571020686 -0.11562131589515885 0.10710755386374579
445.7575976587832 7.166656456516242 -0.11500225543944773 0.10652814629817564
455.4479802165879 7.218875673351482 -0.11438990538797453 0.10595504957428008
465.1383627743926 7.2687712149251205 -0.1137841561600886 0.10538816047277988
474.8287453321973 7.316485442333569 -0.11318490056113739 0.10482737802107236
484.519127890002 7.362149379399405 -0.11259203371767398 0.10427260343231966
494.2095104478067 7.405883845211399 -0.11200545301476855 0.1037237400465088
503.8998930056114 7.447800448507784 -0.11142505803534475 0.10318069327341199
513.5902755634161 7.488002463991617 -0.11085075050146422 0.10264337053737398
523.2806581212208 7.526585607266239 -0.11028243421748722 0.10211168122385979
532.9710406790255 7.563638722333394 -0.10972001501503939 0.10158553662769709
542.6614232368302 7.599244393365804 -0.10916340069971807 0.10106484990295067
552.3518057945184 7.633479490641473 -0.10861250099948083 0.10054953601437622
562.0421883523231 7.666415659029616 -0.10806722751461546 0.10003951169035785
571.7325709101278 7.698119756168761 -0.10752749366933173 0.09953469537736842
581.4229534679325 7.728654246460409 -0.10699321466478648 0.09903500719577511
591.1133360257372 7.758077556125414 -0.1064643074335875 0.0985403688970336
600.8037185835419 7.786444393855457 -0.10594069059568449 0.09805070382218453
610.4941011413466 7.813806040979216 -0.10542228441560428 0.09756593686161248
620.1844836991513 7.840210614546836 -0.10490901076098257 0.09708599441602239
629.874866256956 7.8657033062972825 -0.10440079306234683 0.09661080435859112
639.5652488147607 7.8903266000986925 -0.10389755627410598 0.09614029599825272
649.2556313725654 7.91412047013105 -0.10339922683670504 0.09567440004407789
658.9460139303701 7.937122561804929 -0.1029057326399045 0.09521304857071021
668.6363964881748 7.959368357172488 -0.10241700298714526 0.09475617498482222
678.3267790459795 7.980891326381445 -0.10193296856096168 0.09430371399255665
688.0171616037842 8.001723066544612 -0.10145356138940755 0.09385560156791892
697.7075441615889 8.021893429242578 -0.10097871481345985 0.09341177492208927
707.3979267193936 8.041430637742046 -0.10050836345536747 0.09297217247362248
717.0883092771983 8.060361394894096 -0.10004244318791303 0.09253673381950622
726.778691835003 8.078710982573217 -0.09958089110455716 0.09210539970704879
736.4690743926913 8.096503353426593 -0.09912364549044145 0.09167811200657369
746.159456950496 8.113761215624686 -0.09867064579418802 0.09125481368486435
755.8498395083006 8.130506111228833 -0.0982218326005524 0.0908354487794095
765.5402220661053 8.146758488736657 -0.09777714760379166 0.09041996237332242
775.23060462391 8.162537770303146 -0.09733653358180651 0.09000830057098749
784.9209871817147 8.177862414090605 -0.09689993437099925 0.08960041047437992
794.6113697395194 8.192749972155445 -0.09646729484183017 0.08919624016004243
804.3017522973241 8.207217144241035 -0.0960385608750493 0.08879573865669727
813.9921348551288 8.221279827811038 -0.09561367933858228 0.08839885592347312
823.6825174129335 8.234953164626605 -0.09519259806504911 0.08800554282872806
833.3728999707382 8.248251584142881 -0.09477526582989597 0.08761575112944846
843.0632825285429 8.261188843975424 -0.09436163233012004 0.08722943345120626
852.7536650863476 8.273778067664567 -0.0939516481635696 0.08684654326865737
862.4440476441523 8.286031779945734 -0.09354526480880003 0.08646703488656343
872.134430201957 8.297961939715428 -0.09316073964407087 0.0860908634213209
881.8248127597617 8.309579970866277 -0.0928021735361198 0.08571798478298223
891.5151953175664 8.32089679114974 -0.09240587637300561 0.08534835565775294
901.2055778753711 8.33192283921164 -0.09201300067955491 0.0849819334909509
910.8959604331758 8.342668099933611 -0.09162350191679522 0.08461867647041271
920.5863429909805 8.35314212820256 -0.09123733632029919 0.08425854351033454
930.2767255486688 8.363354071220117 -0.09085446088334684 0.08390149423553746
939.9671081064735 8.373312689455906 -0.09047483334050464 0.0835474889661198
949.6574906642782 8.383026376337597 -0.09009841215167615 0.0831964887025477
959.3478732220829 8.392503176767523 -0.08972515648652019 0.08284845511108685
969.0382557798875 8.401750804544509 -0.08935502620929235 0.08250335050962783
978.7286383376922 8.41077665876589 -0.08898798186407064 0.08216113785386871
988.4190208954969 8.419587839278133 -0.08862398466035816 0.08182178072384792
998.1094034533016 8.428191161239422 -0.08826299645905145 0.08148524331081756
