-1007.7997860111063 10.27715419233712 0.00465293553595185 0.02236598526017155
-998.1094034533016 10.295940107949495 0.004566481221702922 0.02217740016761915
-988.4190208954969 10.314084934857112 0.004479800590045091 0.02199226700628782
-978.7286383376922 10.331623175244918 0.004397064874576977 0.02181049115447729
-969.0382557798875 10.348586657265912 0.004316155614588999 0.021631978795815302
-959.3478732220829 10.365004811811671 0.004237019176310484 0.0214566396230791
-949.6574906642782 10.38090491334827 0.004159603931273622 0.02128438667485688
-939.9671081064735 10.396312290415164 0.004078688771829925 0.02111513618126549
-930.2767255487852 10.411250510376844 0.004000324043886698 0.020948807418145695
-920.5863429909805 10.427740136091819 0.003927907832811034 0.02078532256918408
-910.8959604331758 10.447909044901296 0.0038570212420405456 0.020624606595491698
-901.2055778753711 10.467207026609838 0.003787621523404311 0.020466587112135108
-891.5151953175664 10.485691070614548 0.0037196674464871635 0.02031119427121862
-881.8248127597617 10.503413068700047 0.0036531192329572323 0.020158360651104348
-872.134430201957 10.520420403110126 0.0035621191110072827 0.02000802115139906
-862.4440476441523 10.536756450937196 0.00349862157130804 0.019860112893359996
-852.7536650863476 10.552461018881418 0.0034230338753597615 0.01971457512539614
-843.0632825285429 10.56757071972727 0.0033622539032639497 0.019571349133362923
-833.3728999707382 10.582119299789888 0.003302686977723597 0.01943037815536883
-823.6825174129335 10.59613792492122 0.003244301361857252 0.01929160730083107
-813.9921348551288 10.60965543133258 0.0031870663673189636 0.01915498347353489
-804.3017522973241 10.622698546411554 0.0031195200929995076 0.019020455298467118
-794.6113697395194 10.635292083833438 0.0030646541382214278 0.018887973052209437
-784.9209871817147 10.647459116551696 0.0030108484275588976 0.018757488596690828
-775.23060462391 10.659221130666678 0.0029580762332910874 0.018628955316111258
-765.5402220661053 10.670598162693938 0.002906311676295689 0.01850232805686084
-755.8498395083006 10.681608922362113 0.001404139125755981 0.01864296184784081
-746.159456950496 10.692270902749582 0.0013739383936058579 0.01851642851594185
-736.4690743928077 10.702600479304895 0.001344148903855317 0.01839176969033242
-726.778691835003 10.71261299907857 0.0013147685358423122 0.01826894173901442
-717.0883092771983 10.72232286130908 0.0012717587153298724 0.01814790242777845
-707.3979267193936 10.73174359035764 0.0012433795675870205 0.018028610862362456
-697.7075441615889 10.74088790185252 0.0012153959801958244 0.01791102743360992
-688.0171616037842 10.749767762796264 0.0011878047775480585 0.017795113765428368
-678.3267790459795 10.758394446293607 0.0011606025471588338 0.017680832665374697
-668.6363964881748 10.766778581476606 0.0011337856691046781 0.01756814807770492
-658.9460139303701 10.774930199132843 0.001107350342676878 0.017457025038738524
-649.2556313725654 10.782858773481566 0.0010812926105149784 0.017347429634398105
-639.5652488147607 10.790573260489278 0.001055608380458587 0.017239328959795578
-629.874866256956 10.798082133070157 0.0010302934453317125 0.017132691080744816
-620.1844836991513 10.80539341347634 0.0010053435008525358 0.017027484997089466
-610.4941011413466 10.812514703147986 0.0009807541618426516 0.016923680607742145
-600.8037185835419 10.819453210262262 0.0009565209768926503 0.01682124867733841
-591.1133360257372 10.826215775193578 0.0009326394416257978 0.01672016080441531
-581.4229534679325 10.832808894073793 0.0009091050106879278 0.016620389391030457
-571.7325709101278 10.839238740620324 0.0008859131085794018 0.016521907613742965
-562.0421883523231 10.845511186381973 0.0008630591394339665 0.016424689395882732
-552.3518057946349 10.851631819535942 0.0008405384958399446 0.016328709381040467
-542.6614232368302 10.857605962355915 0.0008183465667881232 0.01623394290770708
-532.9710406790255 10.863438687457089 0.0007964787448286127 0.016140365985019275
-523.2806581212208 10.869134832915202 0.0007749304325022369 0.01604795526953171
-513.5902755634161 10.87469901634474 0.0007536970481149007 0.01595668804297969
-503.8998930056114 10.880135648014015 0.0007327740309118985 0.015866542190975667
-494.2095104478067 10.885448943067036 0.0007121568457057625 0.015777496182593484
-484.519127890002 10.890642932915489 0.0006931113971445489 0.015689571913253195
-474.8287453321973 10.895721475858345 0.0006730750234049503 0.015602662650095354
-465.1383627743926 10.900688266981586 0.0006533315371259629 0.015516791962608526
-455.4479802165879 10.905546847386328 0.0006338765236387473 0.015431940465187245
-445.7575976587832 10.910300612789664 0.0006147056113193566 0.01534808926549982
-436.0672151009785 10.914952821539405 0.0005958144737536276 0.01526521994855411
-426.3768325431738 10.919506602081075 0.0005771988316216523 0.015183314561390463
-416.6864499853691 10.923964959912988 0.0005588544543268427 0.015102355598372622
-406.9960674275644 10.928330784063158 0.0005407771613924239 0.01502232598704876
-397.3056848697597 10.932606853119909 0.0005229628236462061 0.01494320907455643
-387.615302311955 10.936795840846278 0.0005054073642126382 0.014864988614546574
-377.9249197541503 10.940900321406948 0.0004881067593296844 0.014787648754603172
-368.23453719646204 10.944922774234742 0.0004710570390066017 0.014711174024137056
-358.54415463865735 10.948865588563024 0.0004542542875359729 0.01463554932272741
-348.85377208085265 10.95273106764783 0.00043769464387650433 0.014560759908904621
-339.16338952304795 10.956521432704102 0.00042137430191459464 0.01448679138933721
-329.47300696524326 10.960238826577573 0.00040528951061906464 0.01441362970841861
-319.78262440743856 10.963885317173547 0.00038943657409796925 0.014341261138231158
-310.09224184963387 10.967462900662333 0.0003738118515670934 0.014269672268871998
-300.40185929182917 10.97097350448001 0.0003584117572388079 0.014198849999125521
-290.7114767340245 10.974418990141874 0.00017422470484767562 0.014128781527467613
-281.0210941762198 10.977801155884805 0.00016157428841247478 0.014059454343387812
-271.3307116184151 10.981121739153691 0.0001490757245591597 0.0139908562190161
-261.6403290606104 10.984382418945652 0.00013672813446230527 0.01392297520104174
-251.9499465028057 10.98758481802494 0.00012453056200218324 0.013855799602912094
-242.259563945001 10.990730505020098 -0.00014132890211818392 0.013789317997300063
-232.5691813871963 10.993820996413925 -0.00014978334027907574 0.013723519208829107
-222.8787988293916 10.996857758435901 -0.00015818334811503766 0.013658392307045646
-213.1884162715869 10.999842208865557 -0.00016652645555421489 0.013593926599628776
-203.4980337137822 11.002775718754554 -0.00017481042702974353 0.013530111625827982
-193.8076511559775 11.005659614074267 -0.0001830332440208708 0.013466937150119714
-184.11726859828923 11.008495177294948 -0.00019119308896603792 0.013404393156075091
-174.42688604048453 11.011283648901967 -0.00026557501969642374 0.013347364428147799
-164.73650348267984 11.014026228853337 -0.00027270188973361743 0.01328598556885385
-155.04612092487514 11.016724077983364 -0.00027978563303904225 0.013225210187653798
-145.35573836707044 11.019378319355399 -0.0004271775097922712 0.013165029015949566
-135.66535580926575 11.021990039567104 -0.0004322615906874206 0.013105432980173495
-125.97497325146105 11.024560290010921 -0.0004373478911863565 0.013046413196516995
-116.28459069365636 11.027090088091997 -0.0004134759852098003 0.012990374451389734
-106.59420813585166 11.02958041840578 -0.00041894715655664967 0.012932448662434154
-96.90382557804696 11.03203223387692 -0.0004244000205878194 0.012875074431160233
-87.21344302024227 11.034446456861208 -0.00042983208815694697 0.012818243549278276
-77.52306046243757 11.036823980211741 -0.00043524105728138753 0.012761947976209376
-67.83267790463287 11.03916566831076 -0.0004406248006992002 0.012706179834664443
-58.14229534682818 11.041472358068056 -0.0005417474277576415 0.012650931406370304
-48.45191278902348 11.043744859887115 -0.0005457782597458395 0.012596195127936744
-38.761530231218785 11.045983958599747 -0.0005498130683928454 0.012541963586858563
-29.07114767341409 11.0481904143702 -0.0005538489473444088 0.012488229517647005
-19.380765115609393 11.05036496356946 -0.0005578831860941502 0.01243498579808537
-9.690382557804696 11.052508319620491 -0.0005619132573520317 0.012382225445603799
0.0 11.054621173815198 -0.0005659368053086545 0.012329941613768372
9.690382557688281 8.657536439445355 0.022688184109601894 0.036633843021778724
19.380765115492977 8.828932221266763 0.022370305668568978 0.03625380573142602
29.071147673297673 8.956393278811808 0.02206079871717734 0.0358829784911499
38.76153023110237 9.059893984441963 0.021759335507810215 0.03552100989634688
48.451912788907066 9.147802436407824 0.021297002862175174 0.03517821772964014
58.14229534671176 9.224564197549116 0.021013001302818173 0.03483283844796346
67.83267790451646 9.292872214285229 0.020736096402636496 0.03449537110343182
77.52306046232115 9.354501955393593 0.02046602453936228 0.03416552967408982
87.21344302012585 9.410695860468282 0.020202535054881846 0.03384304206495181
96.90382557793055 9.46236278593925 0.019948003326189137 0.03352777106945816
106.59420813573524 9.51019080014063 0.01969693900496584 0.03321922470538681
116.28459069353994 9.554715296449679 0.019451776218325705 0.032917291340665226
125.97497325134464 9.596362305826903 0.019212308782307418 0.0326217467285789
135.66535580914933 9.635477216649885 0.018978340058178757 0.032332376888892296
145.35573836695403 9.672344490501212 0.018749682404925066 0.032048977521808505
155.04612092475872 9.707201598444 0.018526156669031974 0.031771353461753145
164.73650348256342 9.740249121430724 0.01830759170863108 0.031499318167856505
174.42688604036812 9.771658230615593 0.017967059763986545 0.03123977974107067
184.1172685981728 9.801576332633864 0.01775965454388273 0.030978298257142798
193.8076511558611 9.830131401031972 0.01755669430152585 0.030721895641808664
203.4980337136658 9.857435348415333 0.017358037612169756 0.030470415294848768
213.1884162714705 9.883586685849178 0.01716354901761081 0.030223707157541396
222.87879882927518 9.908672644364993 0.016973098714031118 0.02998162737110793
232.56918138707988 9.932770884819545 0.016920714907752907 0.029744037956440053
242.25956394488458 9.955950888787497 0.016736150536461845 0.02951080651355845
251.94994650268927 9.978275099555297 0.01650501305231487 0.02928431975778099
261.64032906049397 9.99979986540097 0.016328475865734587 0.02905939392689578
271.33071161829866 10.020576225079811 0.016155429984204817 0.028838460514798693
281.02109417610336 10.04065056639271 0.01598577294879473 0.02862140674436568
290.71147673390806 10.060065181951728 0.01581940629374901 0.02840812416732126
300.40185929171275 10.078858741135551 0.015656235353095984 0.02819850845607992
310.09224184951745 10.097066693302052 0.015496169078408962 0.027992459207544125
319.78262440732215 10.114721614286342 0.015339119866976687 0.02778987975806359
329.47300696512684 10.131853505839445 0.015185003399695132 0.02759067700882035
339.16338952293154 10.148490055796035 0.015033738488044315 0.02739476126095913
348.85377208073623 10.164656865283009 0.014885246929560975 0.02720204605983283
358.54415463854093 10.180377628351316 0.014739453371261311 0.027012448047779115
368.2345371963456 10.203057329196572 0.014596285180507694 0.026825886824886756
377.9249197540339 10.225193763247338 0.014455672322851398 0.026642284817250974
387.6153023118386 10.246476603844636 0.014317547246405302 0.02646156715223831
397.3056848696433 10.266963326691446 0.014181844772366687 0.026283661540359927
406.996067427448 10.286705794693223 0.014048501991279716 0.02610849816330624
416.6864499852527 10.305750952263276 0.013917458164712487 0.025936009567800386
426.3768325430574 10.324141418066032 0.013788654632012362 0.025766130564908077
436.0672151008621 10.341915993329923 0.013662034721837182 0.025598798134480235
445.7575976586668 10.359110099530536 0.013537543668179145 0.02543395133442487
455.4479802164715 10.375756156660922 0.01341512853061713 0.025271531214525182
465.1383627742762 10.391883911275844 0.013294738118550736 0.02511148073453927
474.82874533208087 10.407520721884541 0.01317632291918578 0.02495374468633473
484.51912788988557 10.422691807975566 0.013059835029056117 0.02479826961982733
494.20951044769026 10.437420467916047 0.01294522808888045 0.02464500377250813
503.89989300549496 10.451728270123073 0.012832457221566033 0.02449389700235693
513.5902755632997 10.4656352212156 0.012721478973183013 0.024344900723953344
523.2806581211044 10.479159914289292 0.012612251256744533 0.024197967847608352
532.971040678909 10.492319659988562 0.01250473329863794 0.024053052721350544
542.6614232367137 10.505130602660467 0.012398885587562187 0.0239101110756114
552.3518057945184 10.517607823547754 0.012294669825835587 0.023769099970463937
562.0421883522067 10.529765432701838 0.012192048882947459 0.023629977745279238
571.7325709100114 10.541616651062338 0.012090986751226638 0.023492703970662374
581.4229534678161 10.553173883945668 0.011991448503532709 0.02335723940257189
591.1133360256208 10.564448787017918 0.011893400252839685 0.02322354593847599
600.8037185834255 10.575452325673984 0.01179680911363107 0.02309158657546345
610.4941011412302 10.586194828620481 0.01170164316500549 0.022961325370199053
620.1844836990349 10.596686036349464 0.011607871415406024 0.02283272740063042
629.8748662568396 10.606935145096003 0.011515463768890363 0.022705758729357144
639.5652488146443 10.616950846792145 0.01142439099286373 0.022580386368578457
649.255631372449 10.626741365460678 0.011334624687200884 0.02245657824654016
658.9460139302537 10.636314490433282 0.011246137254687948 0.022334303175406297
668.6363964880584 10.645677606727402 0.01115890187271853 0.022213530820485154
678.3267790458631 10.65483772287314 0.011072892466182333 0.0220942316707432
688.0171616036678 10.663801496445195 0.010988083681488065 0.021976377010544175
697.7075441614725 10.67257525752347 0.010904450861665452 0.021859938892554172
707.3979267192772 10.68116503027946 0.010821970022494427 0.021744890111756645
717.0883092770819 10.689576552862722 0.010740617829612192 0.021631204180524465
726.7786918348866 10.697815295742128 0.010660371576551782 0.02151885530469892
736.4690743926913 10.705886478639806 0.01058120916366801 0.02140781836062831
746.1594569503795 10.713795086180857 0.010503109077910194 0.021298068873122748
755.8498395081842 10.72154588237009 0.010426050373396573 0.02118958299427461
765.5402220659889 10.729143423993824 0.010350012652767148 0.021082337483124332
775.2306046237936 10.73659207303855 0.010274976049260871 0.020976309686107097
784.9209871815983 10.743896008206235 0.010200921209497687 0.02087147751826406
794.611369739403 10.751059235600616 0.010127829276928048 0.02076781944517591
804.3017522972077 10.758085598651359 0.01005568187592073 0.02066531446558776
813.9921348550124 10.76497878733709 0.009984461096460307 0.02056394209469436
823.6825174128171 10.771742346762887 0.009914149479427176 0.020463682348056487
833.3728999706218 10.778379685143083 0.009844730002434382 0.02036451572612073
843.0632825284265 10.784894081235755 0.00977618606619674 0.020266423199316305
852.7536650862312 10.791288691271397 0.00970850148140906 0.020169386193703735
862.4440476440359 10.797566555414765 0.009641660456111322 0.02007338657715164
872.1344302018406 10.803730603795517 0.009575647583519873 0.01997840664601903
881.8248127596453 10.809783662140415 0.009510447830304605 0.01988442911232135
891.51519531745 10.815728457037183 0.009446046525293175 0.019791437091360088
901.2055778752547 10.821567620857577 0.009382429348584144 0.01969941408979609
910.8959604330594 10.827303696365087 0.009319582321051864 0.019608343994148285
920.5863429908641 10.832939141030627 0.009257491794226719 0.019518211059699937
930.2767255486688 10.838476331077604 0.009196144440535087 0.019428999899795685
939.967108106357 10.843917565276183 0.009135527243884941 0.01934069547551433
949.6574906641617 10.849265068505188 0.009075627490578527 0.019253283085695738
959.3478732219664 10.854520995097571 0.009016432760549496 0.01916674835732305
969.0382557797711 10.859687431986076 0.00895793091889713 0.019081077236225256
978.7286383375758 10.864766401662413 0.00890011010771622 0.018996255978102665
988.4190208953805 10.869759864963466 0.008842958738206603 0.01891227113985615
998.1094034531852 10.87466972369656 0.008786465483051764 0.018829109571209326
