-1007.7997860109899 11.307483656493442 -0.0018029512017283048 1.9342379943469553e-06
-998.1094034531852 11.307483656493442 -0.0017816002951609544 1.911674662881015e-06
-988.4190208953805 11.307483656493442 -0.0017607805795315918 1.8896353788322947e-06
-978.7286383375758 11.307483656493442 -0.0017404721083470263 1.8681020484378103e-06
-969.0382557797711 11.307483656493442 -0.0017206559274424266 1.8470574023462024e-06
-959.3478732219664 11.307483656493442 -0.001701314013883039 1.8264849491624185e-06
-949.6574906641617 11.307483656493442 -0.0016824292193307866 1.8063689321025917e-06
-939.9671081064735 11.307483656493442 -0.0016639852174995758 1.7866942885142756e-06
-930.2767255486688 11.307483656493442 -0.001645966455357455 1.7674466120458496e-06
-920.5863429908641 11.307483656493442 -0.0016283581077704559 1.7486121172654066e-06
-910.8959604330594 11.307483656493442 -0.0016111460353039001 1.7301776065438524e-06
-901.2055778752547 11.307483656493442 -0.0015943167449304547 1.7121304390366019e-06
-891.51519531745 11.307483656493442 -0.001577857353412634 1.6944585016094986e-06
-881.8248127596453 11.307483656493442 -0.001573643043134484 1.6771501815691282e-06
-872.1344302018406 11.307483656493442 -0.001557726201895606 1.66019434106688e-06
-862.4440476440359 11.307483656493442 -0.0015421482339935551 1.6435802930587896e-06
-852.7536650862312 11.307483656493442 -0.0015305369927312241 1.6272977787121678e-06
-843.0632825284265 11.307483656493442 -0.0015155547924077363 1.6113369461581871e-06
-833.3728999706218 11.307483656493442 -0.0031445530346333505 0.0006394363019141274
-823.6825174128171 11.307483656493442 -0.0031077987062839746 0.0006307679012712524
-813.9921348550124 11.307483656493442 -0.003073291441760745 0.0006223301627816603
-804.3017522972077 11.307483656493442 -0.0030383405770359633 0.000614115233849609
-794.611369739403 11.307483656493442 -0.0030042136501211335 0.0006061144028920703
-784.9209871815983 11.307483656493442 -0.0029708812032958978 0.0005983194066762955
-775.2306046237936 11.307483656493442 -0.002938315186783119 0.0005907224018407886
-765.5402220659889 11.307483656493442 -0.0029096144826915664 0.0005833159385599256
-755.8498395083006 11.307483656493442 -0.002880950249097503 0.0005760929361663808
-746.159456950496 11.307483656493442 -0.0028504532076662615 0.0005690466605631296
-736.4690743926913 11.307483656493442 -0.0028206248682657634 0.0005621707032748264
-726.7786918348866 11.307483656493442 -0.0027914429951900735 0.0005554589619998111
-717.0883092770819 11.307483656493442 -0.0027628863412136736 0.0005489056225399706
-707.3979267192772 11.307483656493442 -0.0027349345927054334 0.0005425051419954379
-697.7075441614725 11.307483656493442 -0.0027220810609920043 0.0005362522331221038
-688.0171616036678 11.307483656493442 -0.002695083369757171 0.0005301418497591352
-678.3267790458631 11.307483656493442 -0.0026754940068876706 0.0005241691732420701
-668.6363964880584 11.307483656493442 -0.0026494948798423497 0.0005183295997245901
-658.9460139302537 11.307483656493442 -0.002624018833364212 0.0005126187283388421
-649.255631372449 11.307483656493442 -0.0025990498983396826 0.0005070323501303133
-639.5652488146443 11.307483656493442 -0.002574572757950914 0.0005015664377087756
-629.8748662568396 11.307483656493442 -0.0025564385236154165 0.00049621713556181
-620.1844836990349 11.307483656493442 -0.0025328214876506687 0.0004909807509819448
-610.4941011412302 11.307483656493442 -0.0025096560382009154 0.00048585374556252547
-600.8037185834255 11.307483656493442 -0.0024869290684832015 0.0004808327272211581
-591.1133360256208 11.307483656493442 -0.0024646279809209565 0.00047591444271292537
-581.4229534678161 11.307483656493442 -0.0031422327041209295 0.00047109577059865025
-571.7325709100114 11.307483656493442 -0.0031112902959592004 0.0004663737146362575
-562.0421883523231 11.307483656493442 -0.0030809911056516245 0.0004617453975658839
-552.3518057945184 11.307483656493442 -0.0030513143744161854 0.00045720805526131177
-542.6614232367137 11.307483656493442 -0.0030284626498754763 0.00045275903122357126
-532.971040678909 11.307483656493442 -0.0029998875937378667 0.0004483957713925453
-523.2806581211044 11.307483656493442 -0.002971880286824911 0.0004441158192561159
-513.5902755632997 11.307483656493442 -0.002944423251529762 0.0004399168112368366
-503.89989300549496 11.307483656493442 -0.0029174997453019686 0.00043579647233797295
-494.20951044769026 11.307483656493442 -0.002891093721254692 0.00043175261203206493
-484.51912788988557 11.307483656493442 -0.002865189791342684 0.00042778312037638523
-474.82874533208087 11.307483656493442 -0.0028397731919132477 0.00042388596434082517
-465.1383627742762 11.307483656493442 -0.0028148297514499435 0.00042005918433477517
-455.4479802164715 11.307483656493442 -0.002790345860344525 0.0004163008909205279
-445.7575976586668 11.307483656493442 -0.0027663084425468 0.00041260926170162633
-436.0672151008621 11.307483656493442 -0.0027427049289549124 0.00040898253837538145
-426.3768325430574 11.30748365649344 -0.002719523232420135 0.00040541902393955007
-416.6864499852527 11.30748365649344 -0.002696751724250715 0.0004019170800438369
-406.996067427448 11.307483656493439 -0.002674379212108859 0.0003984751244775439
-397.3056848696433 11.307483656493435 -0.002652394919203496 0.0003950916287852679
-387.6153023118386 11.307483656493423 -0.002630788464689336 0.0003917651160030964
-377.9249197541503 11.307483656493401 -0.0026095498451900686 0.0003884941585082906
-368.2345371963456 11.307483656493362 -0.0025886694173682706 0.0003852773759756556
-358.54415463854093 11.307483656493277 -0.0025681378814758084 0.0003821134334350205
-348.85377208073623 11.307483656493126 -0.0025479462658150095 0.0003790010394233151
-339.16338952293154 11.307483656492838 -0.002528085912054707 0.0003759389442264462
-329.47300696512684 11.307483656492318 -0.002508548461344402 0.000372925938205716
-319.78262440732215 11.3074836564914 -0.0024893258411756735 0.0003699608502041091
-310.09224184951745 11.307483656489813 -0.0024698107914555203 0.0003670564945163535
-300.40185929171275 11.307483656487127 -0.0024512028946929885 0.0003641836847807982
-290.71147673390806 11.307483656482656 -0.0024328869867576287 0.0003613555007980804
-281.02109417610336 11.307483656475377 -0.0024148560313088808 0.00035857091064402373
-271.33071161829866 11.307483656463717 -0.002397103221858076 0.0003558289139712562
-261.64032906049397 11.307483656445353 -0.0023796219722604177 0.0003531285408103883
-251.94994650268927 11.30748365641691 -0.0023624059076838657 0.00035046885042540847
-242.25956394488458 11.307483656373535 -0.0023454488560267625 0.00034784893022045155
-232.56918138707988 11.307483656308355 -0.0023287448397580016 0.00034526789469527605
-222.87879882927518 11.307483656211796 -0.0023122880681552744 0.00034272488444692936
-213.1884162714705 11.307483656070676 -0.00229607292991855 0.0003402190652152389
-203.4980337136658 11.307483655867088 -0.002280093986137481 0.00033774962696990105
-193.8076511559775 11.307483655576998 -0.0022643459635929702 0.0003353157830370917
-184.1172685981728 11.307483655168552 -0.0022488237483731296 0.00033291676926345274
-174.42688604036812 11.307483654599958 -0.0022335223797890183 0.000330551843216014
-164.73650348256342 11.307483653817005 -0.0022184370445700336 0.0003282202834157144
-155.04612092475872 11.307483652750097 -0.002203563071326488 0.000325921388603293
-145.35573836695403 11.307483651310756 -0.0021888959252638796 0.0003236544770358058
-135.66535580914933 11.307483649387557 -0.0021744312031355888 0.0003214188858123136
-125.97497325134464 11.307483646841453 -0.00216016462842136 0.0003192139702273389
-116.28459069353994 11.307483643500442 -0.0021982002339889528 0.00031703910315076996
-106.59420813573524 11.30748363915352 -0.002183605098619 0.00031489367443295025
-96.90382557793055 11.307483633543894 -0.0021692152187956057 0.00031277709033377933
-87.21344302012585 11.307483626361487 -0.0021550260132713888 0.00031068877297468913
-77.52306046232115 11.307483617234604 -0.002141033046738972 0.00030862815981244293
-67.83267790451646 11.307483605720892 -0.0021925771000444053 0.00030659470313374777
-58.14229534671176 11.307483591297459 -0.0021780766045353434 0.00030458786956971906
-48.451912788907066 11.307483573350318 -0.0021637836278707774 0.0003026071396293053
-38.76153023110237 11.307483551163047 -0.0021496933161772184 0.0003006520072508032
-29.071147673297673 11.30748352390479 -0.0021358009825091107 0.0002987219793706583
-19.380765115492977 11.307483490617647 -0.0021221020989248564 0.00029681657550877273
-9.690382557804696 11.307483450203476 -0.002108592289054043 0.00029493532736961484
0.0 8.674583805564845 -0.0051115115340351685 0.026645144306113606
9.690382557804696 8.919029193324167 -0.0050573095370246264 0.026284599906530776
19.380765115609393 9.072206922095289 -0.005004387090171389 0.025933712860861973
29.07114767341409 9.188735131285673 -0.00500048562298069 0.025592099731060986
38.761530231218785 9.284113838381082 -0.004949332260723763 0.025259397125986457
48.45191278902348 9.365359404757704 -0.004899339923426915 0.024935260407796
58.14229534682818 9.436349540396895 -0.004844068202576133 0.02461961538718015
67.83267790463287 9.499490995607207 -0.004796361631319394 0.02431164224409035
77.52306046243757 9.55639685752875 -0.00474969501301398 0.0240113021813056
87.21344302024227 9.608209313688132 -0.004704032576475167 0.02371831448710182
96.90382557804696 9.655771235171526 -0.004659340225394976 0.023432412057010358
106.59420813585166 9.699725002584184 -0.004615585439853614 0.023153340578918
116.28459069365636 9.74057303889608 -0.00461068171436364 0.022880857776045656
125.97497325146105 9.778716743462123 -0.0045681965664794 0.022614732703065486
135.66535580926575 9.81448255061227 -0.004526573726377579 0.022354745091054673
145.35573836707044 9.848139957317532 -0.004485785582226983 0.02210068473737777
155.04612092487514 9.879914348552626 -0.004445805727761204 0.021852350936942638
164.73650348267984 9.909996342805728 -0.004406608896034845 0.021609551951593104
174.42688604048453 9.938548744798235 -0.00436817089754156 0.021372104514687507
184.1172685981728 9.96571181296818 -0.004314520213538473 0.02114099082371942
193.8076511559775 9.99160731480699 -0.004277746564173399 0.020913712665075267
203.4980337137822 10.016341693933892 -0.00424165935223401 0.02069128301865766
213.1884162715869 10.040008575358906 -0.004206238381266957 0.0204735481474847
222.8787988293916 10.062690770239858 -0.010833074857863109 0.02317331065641996
232.5691813871963 10.084461896998397 -0.01070842526798659 0.022924954605233343
242.259563945001 10.105387704755385 -0.010586812214212522 0.02268193032966381
251.9499465028057 10.125527163196274 -0.010468122238317949 0.022444065822328503
261.6403290606104 10.144933367288388 -0.010352247569940624 0.02221119649389102
271.3307116184151 10.163654293848081 -0.01023810344574933 0.021983193086827748
281.0210941762198 10.181733438530092 -0.010127570454159195 0.0217598476545257
290.7114767340245 10.199210355522395 -0.01001955979814011 0.021541044267589057
300.40185929182917 10.216121117484878 -0.00991398316830285 0.021326644247287117
310.09224184963387 10.23249870965265 -0.009810756406674993 0.02111651456896234
319.78262440743856 10.248373369241806 -0.009709799262888332 0.020910527573220206
329.47300696524326 10.263772879134564 -0.00961103516747312 0.020708560694874888
339.16338952304795 10.278722823129716 -0.009514391020867995 0.020510496208372718
348.85377208085265 10.293246808710297 -0.011428907053383152 0.02077648414985431
358.54415463865735 10.307366662220826 -0.011309007910987086 0.02057963797562222
368.2345371963456 10.321102600498337 -0.011191759690693042 0.02038653527592917
377.9249197541503 10.33943482669442 -0.011077072322706065 0.020197068782051807
387.615302311955 10.358050485899856 -0.010964859862038623 0.020011135348282784
397.3056848697597 10.375992332443127 -0.010855040251380045 0.019828635752300188
406.9960674275644 10.39330354705837 -0.01060663259605941 0.019669494738723384
416.6864499853691 10.410023315738878 -0.010503281079629768 0.01949330794938643
426.3768325431738 10.426187297146834 -0.01086835994324003 0.01939243030980915
436.0672151009785 10.441828024216116 -0.01076285797237336 0.019221510962358815
445.7575976587832 10.456975250784147 -0.010659511177215893 0.019053614832841913
455.4479802165879 10.471656252051869 -0.010558251826197322 0.01888866135583976
465.1383627743926 10.485896086063086 -0.010459015062778129 0.01872657284569451
474.8287453321973 10.499717822115652 -0.010361738751876426 0.018567274366828014
484.519127890002 10.513142740992924 -0.01026636333617244 0.01841069361113712
494.2095104478067 10.526190511078463 -0.01017283170154834 0.018256760782009693
503.8998930056114 10.538879343747741 -0.010081089050984818 0.018105408484539606
513.5902755634161 10.551226130884613 -0.009991082786293487 0.01795657162155008
523.2806581212208 10.563246566922906 -0.009902762397116354 0.01781018729506324
532.9710406790255 10.574955257444596 -0.009816079356670617 0.0176661947128797
542.6614232368302 10.586365816060832 -0.009730987023760067 0.01752453509995617
552.3518057945184 10.597490951048021 -0.00964744055061403 0.017385151614292608
562.0421883523231 10.60834254300013 -0.009565396796143232 0.017247989267049086
571.7325709101278 10.618931714577792 -0.009484814244255003 0.017112994846666243
581.4229534679325 10.629268893289948 -0.00940565292686451 0.016980116846721818
591.1133360257372 10.6393638681127 -0.009327874351300395 0.016849305397330223
600.8037185835419 10.649225840645768 -0.009251441431806569 0.01672051219987156
610.4941011413466 10.658863471414927 -0.009176318424871054 0.01659369046486173
620.1844836991513 10.668284921851301 -0.009102470868132232 0.016468794852786024
629.874866256956 10.677497892411829 -0.009029865522631358 0.01634578141773029
639.5652488147607 10.686509657248193 -0.008958470318197347 0.016224607553654322
649.2556313725654 10.695327095782305 -0.00888825430176538 0.016105231943162143
658.9460139303701 10.70395672150409 -0.00881918758844541 0.01598761450863308
668.6363964881748 10.712404708270553 -0.00875124131516957 0.015871716365585858
678.3267790459795 10.720676914353161 -0.008684387596759895 0.015757499778156266
688.0171616037842 10.728778904452971 -0.00861859948426876 0.015644928116575883
697.7075441615889 10.73671596987856 -0.008553850925454699 0.01553396581654652
707.3979267193936 10.744493147060703 -0.008490116727265901 0.015424578340411332
717.0883092771983 10.752115234559183 -0.00842737252021221 0.015316732140029475
726.778691835003 10.759586808700691 -0.008365594724514718 0.015210394621266703
736.4690743926913 10.76691223797243 -0.008304760517930086 0.015105534110020854
746.159456950496 10.774095696283814 -0.008244847805148559 0.015002119819697034
755.8498395083006 10.781141175195586 -0.008185835188686376 0.01490012182007837
765.5402220661053 10.788052495208895 -0.00812770194117354 0.014799511007498234
775.23060462391 10.794833316194707 -0.008070427978969055 0.014700259076267977
784.9209871817147 10.801487147038127 -0.00801399383702538 0.014602338491291313
794.6113697395194 10.808017354564328 -0.007958380644933677 0.01450572246180892
804.3017522973241 10.814427171806702 -0.007903570104085154 0.014410384916218523
813.9921348551288 10.820719705672202 -0.007849544465887724 0.014316300477919073
823.6825174129335 10.82689794405374 -0.007796286510981071 0.014223444442130275
833.3728999707382 10.832964762434955 -0.007743779529396744 0.01413179275364129
843.0632825285429 10.83892293002867 -0.007692007301613026 0.014041321985445209
852.7536650863476 10.844775115486588 -0.007640954080457549 0.01395200931821802
862.4440476441523 10.85052389221445 -0.007590604573813326 0.013863832520602932
872.134430201957 10.856171743323973 -0.007540943928086539 0.01377676993026334
881.8248127597617 10.861721066249993 -0.007491957712396979 0.013690800435669179
891.5151953175664 10.867174177059093 -0.007443631903454174 0.013605903458583611
901.2055778753711 10.872533314473294 -0.007395952871084554 0.01352205893721855
910.8959604331758 10.877800643630914 -0.007348907364376897 0.013439247310029195
920.5863429908641 10.882978259604325 -0.007302482498415766 0.013357449500120199
930.2767255486688 10.888068190693412 -0.007256665741570576 0.013276646900230697
939.9671081064735 10.893072401510562 -0.007211444903321119 0.013196821358287468
949.6574906642782 10.89799279587392 -0.007166808122582585 0.01311795516348224
959.3478732220829 10.902831219522003 -0.0071227438565139465 0.013040031032864895
969.0382557798875 10.907589462663278 -0.0070792408697832555 0.012963032098424738
978.7286383376922 10.91226926237237 -0.007036288224268615 0.012886941894639988
988.4190208954969 10.916872304844135 -0.0069938752691741475 0.012811744346475733
