-1007.7997860109899 11.208181424138795 -0.016143184588536516 0.011000022660737727
-998.1094034531852 11.208425551704682 -0.016067728591419524 0.010910535870131575
-988.4190208953805 11.208672159175027 -0.015946617718409727 0.010820463616687362
-978.7286383375758 11.208921144441188 -0.015827616373046874 0.010732039320840053
-969.0382557797711 11.209172404849731 -0.015710665885721703 0.010645216018179363
-959.3478732219664 11.209425836548336 -0.015595709806737981 0.010559948543829866
-949.6574906641617 11.209681333741957 -0.015482693800998157 0.010476193446514903
-939.9671081064735 11.209938787856819 -0.015496705335160897 0.010393908907511552
-930.2767255486688 11.210198086611902 -0.015385722354245233 0.010313054664168804
-920.5863429908641 11.210459112999871 -0.01527657331175452 0.01023359193770586
-910.8959604330594 11.210721744182159 -0.015169209608434807 0.01015548336499488
-901.2055778752547 11.210985850305446 -0.015063584407954788 0.01007869293408733
-891.51519531745 11.21125074743389 -0.014959652556155998 0.010003185923240858
-881.8248127596453 11.211516046892104 -0.01493202256651594 0.009928928843227497
-872.1344302018406 11.211781601664377 -0.014830336738674494 0.009855889382718898
-862.4440476440359 11.212046956933538 -0.014730245195363059 0.009784036356558449
-852.7536650862312 11.212311577607771 -0.014631707718149261 0.009713339656743744
-843.0632825284265 11.212574839992767 -0.014718556860167578 0.009643770205954813
-833.3728999706218 11.212836024539984 -0.014620510581068112 0.00957529991347512
-823.6825174128171 11.213094310049176 -0.014523973010284252 0.009507901633362546
-813.9921348550124 11.213348769675429 -0.014428906486928286 0.009441549124737372
-804.3017522972077 11.213598369046835 -0.01433527465826721 0.00937621701406316
-794.611369739403 11.21384196674068 -0.014243042421195036 0.009311880759304579
-784.9209871815983 11.214078317297034 -0.014152175866937787 0.009248516615854099
-775.2306046237936 11.214306076871743 -0.014062642228776241 0.009186101604126239
-765.5402220659889 11.214523811549949 -0.013974409832588833 0.009124613478724924
-755.8498395083006 11.21473000825908 -0.013887448050032884 0.009064030699096096
-746.159456950496 11.214923088140308 -0.013801727254189437 0.009004332401578373
-736.4690743926913 11.215101422161979 -0.013717218777531293 0.00894549837278512
-726.7786918348866 11.215263348690156 -0.013633894872048977 0.008887509024230562
-717.0883092770819 11.215407192671837 -0.013775413633022865 0.008849337646502156
-707.3979267192772 11.215531286037367 -0.01369133519143395 0.008792722824108229
-697.7075441614725 11.21563398889126 -0.01360844495699749 0.008736904369114272
-688.0171616036678 11.21571371103605 -0.013526715251726924 0.008681864685862163
-678.3267790458631 11.21576893336232 -0.013446119315845413 0.008627586707689159
-668.6363964880584 11.21579822864039 -0.013366631267467488 0.008574053876840149
-658.9460139302537 11.215800281264675 -0.013288226064528126 0.008521250125304157
-649.255631372449 11.215773905530417 -0.0132108794688051 0.008469159856524723
-639.5652488146443 11.215718062063178 -0.013134568011892675 0.008417767927937088
-629.8748662568396 11.215631872073011 -0.013059268962996778 0.008367059634287976
-620.1844836990349 11.215514629165622 -0.012984960298431696 0.00831702069169659
-610.4941011412302 11.215365808510246 -0.01291162067270811 0.00826763722241796
-600.8037185834255 11.215185073235702 -0.012839229391110565 0.0082188957402721
-591.1133360256208 11.214972277999612 -0.01276776638367058 0.00817078313670482
-581.4229534678161 11.214727469748418 -0.012697212180448357 0.008123286667447816
-571.7325709100114 11.214450885754765 -0.012627547888042719 0.008076393939747826
-562.0421883523231 11.214142949081873 -0.012558755167255601 0.008030092900136761
-552.3518057945184 11.21380426167933 -0.012490816211837012 0.007984371822712714
-542.6614232367137 11.213435595360046 -0.012423713728258639 0.00793921929791471
-532.971040678909 11.213037880942391 -0.012357430916439925 0.007894624221756272
-523.2806581211044 11.212612195864889 -0.012291951451383539 0.00785057578550359
-513.5902755632997 11.212159750592699 -0.012227259465663566 0.007807063465773626
-503.89989300549496 11.211681874136573 -0.012163339532719059 0.00776407701503268
-494.20951044769026 11.211179998996755 -0.012100176650908054 0.0077216064524763895
-484.51912788988557 11.210655645827822 -0.012037756228280027 0.007679642055273208
-474.82874533208087 11.210110408097327 -0.011976064068027623 0.007638174350154393
-465.1383627742762 11.209545936982865 -0.011915086354580955 0.0075971941053344545
-455.4479802164715 11.208963926720676 -0.012280302882933612 0.007617915917860351
-445.7575976586668 11.208366100585405 -0.012462447568409253 0.0076036722982649775
-436.0672151008621 11.20775419764691 -0.012394516052685732 0.007562926080550543
-426.3768325430574 11.207129960416918 -0.012327487791855173 0.007522663985801167
-416.6864499852527 11.206495123467086 -0.012279563472604038 0.007483381613970329
-406.996067427448 11.205851403071218 -0.012214030111662187 0.007444053053094226
-397.3056848696433 11.205200487898603 -0.01214934423205628 0.007405181465850413
-387.6153023118386 11.204544030762884 -0.012085486262579423 0.00736675823365138
-377.9249197541503 11.203883641411814 -0.0120224373312585 0.007328774972416992
-368.2345371963456 11.20322088032737 -0.011972210316041147 0.007291505905994782
-358.54415463854093 11.202557253493376 -0.011910562743987092 0.007254374509742712
-348.85377208073623 11.201894208077896 -0.011869692077562152 0.007218182435725193
-339.16338952293154 11.2012331289711 -0.011809277618814793 0.007181868893705551
-329.47300696512684 11.200575336114596 -0.011749598456666397 0.0071459569116865155
-319.78262440732215 11.19992208255583 -0.011690638810889149 0.007110439331698996
-310.09224184951745 11.199274553160384 -0.011632383420290597 0.0070753091777635176
-300.40185929171275 11.198633863915623 -0.011574817518892682 0.007040559649633283
-290.71147673390806 11.198001061760921 -0.011517926813526728 0.007006184116820934
-281.02109417610336 11.19737712488229 -0.011464806337140155 0.006972286436261344
-271.33071161829866 11.196762963412445 -0.011409182465505766 0.006938638146414448
-261.64032906049397 11.196159420481042 -0.011355609754576805 0.006905372325728654
-251.94994650268927 11.195567273563755 -0.01130122611455955 0.0068724278692863785
-242.25956394488458 11.194987236082868 -0.011271681331474862 0.006840555515422936
-232.56918138707988 11.194419959216258 -0.01121818176066924 0.006808281974967891
-222.87879882927518 11.19386603387556 -0.011173601233376948 0.0067765086644055355
-213.1884162714705 11.193325992818323 -0.011121171668115654 0.006744891770945493
-203.4980337136658 11.192800312862598 -0.011069319219247415 0.0067135963165143465
-193.8076511559775 11.192289417176003 -0.01101803285933767 0.006682617078431749
-184.1172685981728 11.191793677614545 -0.010967301880926693 0.006651948953467356
-174.42688604036812 11.191313417089635 -0.010917115883574925 0.006621586954221041
-164.73650348256342 11.19084891194438 -0.0108674647615881 0.006591526205641041
-155.04612092475872 11.190400394322978 -0.01081833869238615 0.006561761941678509
-145.35573836695403 11.189968054519268 -0.010769728125471056 0.006532289502069695
-135.66535580914933 11.189552043292641 -0.010721623771955674 0.006503104329239912
-125.97497325134464 11.18915247414138 -0.010674016594618497 0.00647420196532347
-116.28459069353994 11.18876942552523 -0.010626897798451346 0.006445578049294158
-106.59420813573524 11.188402943030436 -0.010580258821669969 0.006417228314201028
-96.90382557793055 11.188053041471926 -0.010534091327159226 0.006389148584504732
-87.21344302012585 11.187719706928352 -0.010509956126446581 0.006362035197756879
-77.52306046232115 11.18740289870684 -0.010464416372375114 0.006334473852963769
-67.83267790451646 11.187102551235176 -0.010419332109042573 0.006307170761911062
-58.14229534671176 11.18681857587987 -0.01037469551471823 0.006280122080001153
-48.451912788907066 11.186550862689304 -0.01033049897108994 0.006253324042600326
-38.76153023110237 11.186299282061677 -0.010286735055815677 0.006226772962857416
-29.071147673297673 11.186063686338018 -0.009861716608953998 0.0062736893845715975
-19.380765115492977 11.18584391132087 -0.013652985109532287 0.006246801640397806
-9.690382557804696 11.185639777719699 -0.013563792914198266 0.0062200001733224595
0.0 11.185451092524287 -0.013476251099548558 0.006193457293862784
9.690382557804696 2.48531898208976 0.06282141428602997 0.05701670383065448
19.380765115609393 3.2919095207419264 0.06185762568021756 0.05630079644112672
29.07114767341409 3.875809206610125 0.05553709002358795 0.057642462658677514
38.761530231218785 4.34642398146513 0.054712469157294406 0.05693508918394678
48.45191278902348 4.744566537533376 0.05391001835653768 0.05624576309253458
58.14229534682818 5.09098929794994 0.053128873782494514 0.055573791786015236
67.83267790463287 5.398030628776246 0.05236821561661816 0.05491851783240385
77.52306046243757 5.673769829289273 0.051627265298214216 0.05427931675837271
87.21344302024227 5.923857966393334 0.050905282967261184 0.05365559500583993
96.90382557804696 6.152441950835695 0.05020156509491106 0.053046788038824164
106.59420813585166 6.362677916817964 0.049515442285801924 0.052452358587826035
116.28459069365636 6.557037684520381 0.04884627723782887 0.051871795020216924
125.97497325146105 6.737502244938956 0.04819346284637395 0.05130460982620512
135.66535580926575 6.905689538301961 0.04755642044120657 0.0507503382109253
145.35573836707044 7.062942018165228 0.046934598145353876 0.0502085367840701
155.04612092487514 7.21038854328426 0.04632746934621355 0.049678782339267584
164.73650348267984 7.348989289080113 0.045734531270059296 0.04916067071611179
174.42688604036812 7.479569082565584 0.04515530365188382 0.048653815738393856
184.1172685981728 7.6028426357437695 0.0444555193646985 0.04816515214219693
193.8076511559775 7.719433978418806 0.04390418000916059 0.04767961939505128
203.4980337137822 7.829891653553814 0.04336518427572143 0.047204285753466926
213.1884162715869 7.934700761305272 0.04283813224863893 0.04673882758185263
222.8787988293916 8.034292621827275 0.042322640961520705 0.04628293487933639
232.5691813871963 8.129052612772242 0.0418183435117576 0.045836310567503945
242.259563945001 8.219326589392846 0.04132488822981524 0.045398669822368086
251.9499465028057 8.30542619097972 0.04084193789946393 0.04496973944739638
261.6403290606104 8.387633262853715 0.0403691690253429 0.04454925728468123
271.3307116184151 8.466203569029197 0.039906271144544495 0.04413697166157132
281.0210941762198 8.541369930844242 0.0394529461791646 0.04373264087029639
290.7114767340245 8.61334489717575 0.0388782925029211 0.04334224014081198
300.40185929182917 8.682323029481282 0.038445030770116746 0.042953047443503437
310.09224184963387 8.748482867857604 0.0380068395709414 0.04257172797290462
319.78262440743856 8.811988631181649 0.03759091117698496 0.042196894687959126
329.47300696524326 8.872991694204725 0.0371831825078583 0.04182894327336716
339.16338952304795 8.931631876483124 0.03678342003494702 0.041467682377055316
348.85377208085265 8.988038571718992 0.036391398923498845 0.041112927727033934
358.54415463865735 9.04233174106458 0.03600690263377252 0.040764501805969834
368.2345371963456 9.098673086420405 0.0356297225438779 0.040422233543572765
377.9249197541503 9.17155654562363 0.035259657592920546 0.040085958025643804
387.615302311955 9.240641869580271 0.0348965139432559 0.03975551621880012
397.3056848697597 9.306206856705321 0.034540104660587684 0.03943075470982184
406.9960674275644 9.368502605538726 0.034190249410886116 0.03911152545877885
416.6864499853691 9.427756725288008 0.03384677417308139 0.038797685565072265
426.3768325431738 9.48417608169527 0.033509510966589134 0.038489097045612264
436.0672151009785 9.537949156760158 0.03317829759278437 0.03818562662440328
445.7575976587832 9.58924808571556 0.032852977389600295 0.037887145532857956
455.4479802165879 9.638230422782888 0.03253339899848279 0.03759352932020605
465.1383627743926 9.685040677851976 0.03221941614298258 0.03730465767340783
474.8287453321973 9.72981165876185 0.03191088741831441 0.03702041424601983
484.519127890002 9.7726656478719 0.03160767609125612 0.03674068649549818
494.2095104478067 9.813715436784326 0.031309649909800855 0.03646536552845717
503.8998930056114 9.853065239160134 0.031016680922013793 0.03619434595343293
513.5902755634161 9.890811498373619 0.030728645303579338 0.0359275257407305
523.2806581212208 9.927043604127153 0.030445423193557048 0.035664806088959514
532.9710406790255 9.961844529985436 0.030166898537895417 0.035406091297888846
542.6614232368302 9.99529140199695 0.029892958940279924 0.03515128864727344
552.3518057945184 10.027456007079081 0.02962349551992172 0.03490030828133155
562.0421883523231 10.05840524860046 0.02935840277589463 0.03465306309854917
571.7325709101278 10.088201555540508 0.029097578457719 0.03440946864657065
581.4229534679325 10.116903250739314 0.028840923441798658 0.034169443021846414
591.1133360257372 10.144564882992915 0.02858834161345045 0.033932906773830214
600.8037185835419 10.171237527125685 0.028339739754215713 0.03369978281347049
610.4941011413466 10.196969055631136 0.028095027434183895 0.0334699963257754
620.1844836991513 10.221804385013664 0.027854116909070102 0.03324347468624133
629.874866256956 10.245785699570359 0.027616923021804133 0.03302014738094676
639.5652488147607 10.268952655014095 0.02738336310840272 0.0327999459301256
649.2556313725654 10.29134256404782 0.02715335690790902 0.03258280381504377
658.9460139303701 10.312990565748347 0.026926826476196496 0.0323686564080141
668.6363964881748 10.333929780399977 0.026703696103445466 0.032157440905392604
678.3267790459795 10.354191451229 0.026483892235111165 0.03194909626340972
688.0171616037842 10.373805074325208 0.026267343396212756 0.03174356313669664
697.7075441615889 10.392798517892833 0.026053980118781968 0.03154078381937605
707.3979267193936 10.411198131847451 0.02584373487231858 0.03134070218859277
717.0883092771983 10.429028848665137 0.02563654199710896 0.031143263650367303
726.778691835003 10.446314276293364 0.0254323376402712 0.030948415087661517
736.4690743926913 10.463076783847566 0.025231059694400277 0.030756104810553624
746.159456950496 10.479337580743596 0.025032647738676923 0.030566282508409853
755.8498395083006 10.49511678984565 0.02483704298236065 0.03037889920399319
765.5402220661053 10.510433515157375 0.024644188210509368 0.030193907209374284
775.23060462391 10.525305904524782 0.024454027731858077 0.030011260083594934
784.9209871817147 10.539751207777373 0.024266507328743903 0.029830912591990548
794.6113697395194 10.553785830691329 0.024081574208986833 0.029652820667098047
804.3017522973241 10.567425385122016 0.02389917695963766 0.02947694137107788
813.9921348551288 10.58068473562025 0.023719265502509322 0.029303232859581627
823.6825174129335 10.593578042817432 0.023541791051412117 0.029131654347000976
833.3728999707382 10.606118803838397 0.02336670607101734 0.02896216607303672
843.0632825285429 10.61831988997727 0.023193964237277473 0.028794729270529403
852.7536650863476 10.630193581850422 0.02302352039933476 0.028629306134496636
862.4440476441523 10.641751602221651 0.022855330542853526 0.028465859792324223
872.134430201957 10.653005146677529 0.02268935175471465 0.02830435427506142
881.8248127597617 10.663964912315446 0.02252554218901344 0.028144754489772748
891.5151953175664 10.67464112459292 0.022363861034305488 0.027987026192901162
901.2055778753711 10.685043562474123 0.022204268482047464 0.027831135964599817
910.8959604331758 10.695181581998176 0.022046725696181994 0.02767705118399119
920.5863429908641 10.705064138383339 0.021891194783821167 0.027524740005316857
930.2767255486688 10.714699806772602 0.02173763876697121 0.027374171334929618
939.9671081064735 10.724096801715259 0.021586021555282824 0.027225314809120233
949.6574906642782 10.733262995475409 0.021436307919748567 0.02707814077270843
959.3478732220829 10.742205935247117 0.02128846346733531 0.0269326202583936
969.0382557798875 10.750932859352117 0.021142454616503263 0.026788724966823795
978.7286383376922 10.759450712489139 0.020998248573577145 0.026646427247355355
988.4190208954969 10.767766160098844 0.020855813309935137 0.026505700079475707
998.1094034533016 10.775885601903349 0.02071511753998316 0.026366517054862544
