-1007.7997860109899 8.846500696616753 -0.01077333808190899 0.005678413223601506
-998.1094034531852 8.846952583703883 -0.010738704330891894 0.005661131147058161
-988.4190208953805 8.847406891693128 -0.010704311758057765 0.00564395564851131
-978.7286383375758 8.847863477390673 -0.010670157527593767 0.005626885713456717
-969.0382557798875 8.848322201601416 -0.010636238854918916 0.005609920340996471
-959.3478732220829 8.848782929034765 -0.010602553005364649 0.005593058543588194
-949.6574906642782 8.849245528212109 -0.010569097292904067 0.005576299346802467
-939.9671081064735 8.84970987137605 -0.010535869078919853 0.005559641789084288
-930.2767255486688 8.850175834401336 -0.010502865771015248 0.005543084921521373
-920.5863429908641 8.85064329670752 -0.010470084821863871 0.005526627807617904
-910.8959604330594 8.851112141173312 -0.010514247359444048 0.005510269523073752
-901.2055778752547 8.851582254052643 -0.010481339230448914 0.005494009155568993
-891.51519531745 8.852053524892419 -0.010448654321705067 0.005477845804553517
-881.8248127596453 8.852525846451954 -0.010436228411148423 0.005461778581041639
-872.1344302018406 8.852999114624062 -0.010403834244219989 0.005445806607411493
-862.4440476440359 8.853473228357801 -0.010388647187238186 0.005430411299674018
-852.7536650862312 8.853948089582852 -0.010355625421301142 0.005414657801103826
-843.0632825284265 8.85442360313552 -0.010331180252140562 0.005398962670365051
-833.3728999706218 8.85489967668631 -0.010299473534322746 0.00538335944330032
-823.6825174128171 8.855376220669104 -0.010267977484513387 0.005367847295077282
-813.9921348550124 8.855853148211878 -0.010236689743199483 0.005352425411150561
-804.3017522972077 8.856330375068964 -0.010205607991406344 0.005337092987089747
-794.611369739403 8.856807819554817 -0.010196357149967023 0.005321849228411218
-784.9209871817147 8.85728540247927 -0.010186222273472562 0.005306693350413852
-775.23060462391 8.857763047084285 -0.010155435860702203 0.005291624578017385
-765.5402220661053 8.858240678982089 -0.010124851046306527 0.005276642145606162
-755.8498395083006 8.858718226094789 -0.010094465602235446 0.005261745296874401
-746.159456950496 8.859195618595352 -0.010064277338277323 0.005246933284675688
-736.4690743926913 8.859672788849961 -0.010034284101141468 0.005232205370875505
-726.7786918348866 8.860149671361723 -0.010141466328409211 0.005217560826206872
-717.0883092770819 8.860626202715693 -0.010110843818178717 0.005202998930129031
-707.3979267192772 8.861102321525198 -0.010187029786838837 0.0051885189706890565
-697.7075441614725 8.86157796837944 -0.010156026551989043 0.005174120244386378
-688.0171616036678 8.86205308579233 -0.010125233829656447 0.00515980205604005
-678.3267790458631 8.862527618152571 -0.010094649113207224 0.005145563718658778
-668.6363964880584 8.863001511674916 -0.010064269943242096 0.005131404553313566
-658.9460139302537 8.86347471435262 -0.010120509034494012 0.005117323889012964
-649.255631372449 8.86394717591102 -0.010089895433461008 0.005103321062580787
-639.5652488146443 8.864418847762275 -0.010059489632763787 0.005089395418536337
-629.8748662568396 8.864889682961168 -0.010029289145158491 0.005075546308976943
-620.1844836990349 8.865359636162026 -0.009999291530580696 0.005061773093462879
-610.4941011412302 8.865828663576668 -0.01008459504085925 0.0050527927259350226
-600.8037185834255 8.866296722933399 -0.010054149701905197 0.005039134718165685
-591.1133360257372 8.866763773437002 -0.01002391254153888 0.005025551233184047
-581.4229534679325 8.867229775729756 -0.009993881027432783 0.005012041648286287
-571.7325709101278 8.867694691853348 -0.010199296266954197 0.004998605348006072
-562.0421883523231 8.868158485211797 -0.010167933826752854 0.004985241724000224
-552.3518057945184 8.868621120535265 -0.010136795123728306 0.004971950174937643
-542.6614232367137 8.869082563844774 -0.010105877259598906 0.004958730106390405
-532.971040678909 8.869542782417808 -0.01007517739587678 0.00494558093072717
-523.2806581211044 8.87000174475477 -0.010044692752126912 0.004932502067008793
-513.5902755632997 8.870459420546283 -0.010014420604291266 0.0049194929408860975
-503.89989300549496 8.870915780641294 -0.009984358283074984 0.004906552984499766
-494.20951044769026 8.871370797016004 -0.009954503172391866 0.004893681636382237
-484.51912788988557 8.871824442743552 -0.009924852707866614 0.004880878341361617
-474.82874533208087 8.872276691964487 -0.009895404375391154 0.004868142550467505
-465.1383627742762 8.872727519857952 -0.009866155709732911 0.004855473720838714
-455.4479802164715 8.87317690261363 -0.009837104293192548 0.0048428713156327815
-445.7575976586668 8.873624817404359 -0.009808247754309196 0.004830334803937301
-436.0672151008621 8.874071242359477 -0.009779583766611116 0.004817863660682979
-426.3768325430574 8.87451615653881 -0.009751110047409816 0.004805457366558335
-416.6864499852527 8.874959539907328 -0.009722824356635854 0.004793115407926114
-406.9960674275644 8.875401373310437 -0.009694724495714875 0.00478083727674139
-397.3056848697597 8.875841638449927 -0.009666808306480227 0.004768622470470517
-387.615302311955 8.876280317860466 -0.009639073670125663 0.004756470492013091
-377.9249197541503 8.876717394886752 -0.00961151850618976 0.004744380849623877
-368.2345371963456 8.877152853661205 -0.009584140771575921 0.004732353056836974
-358.54415463854093 8.877586679082244 -0.009556938459604269 0.004720386632391186
-348.85377208073623 8.878018856793107 -0.00952990959909479 0.004708481100156831
-339.16338952293154 8.878449373161203 -0.00948753549237779 0.004697954079927227
-329.47300696512684 8.878878215258002 -0.009460962548186813 0.00468615917296899
-319.78262440732215 8.87930537083942 -0.00943455566029112 0.004674423903120479
-310.09224184951745 8.879730828326712 -0.009408313027790398 0.004662747810940169
-300.40185929171275 8.880154576787843 -0.009382232880057137 0.0046511304418620945
-290.71147673390806 8.880576605919334 -0.009356313476020546 0.004639571346126971
-281.02109417610336 8.880996906028576 -0.009330553103472248 0.004628070078714597
-271.33071161829866 8.881415468016577 -0.009304950078393215 0.004616626199277564
-261.64032906049397 8.881832283361163 -0.009279502744300862 0.004605239272076161
-251.94994650268927 8.882247344100595 -0.0092542094716158 0.004593908865914494
-242.25956394488458 8.882660642817608 -0.009229068657047382 0.004582634554077812
-232.56918138707988 8.883072172623846 -0.009204078722997437 0.004571415914270952
-222.8787988293916 8.8834819271447 -0.009179238116981831 0.00456025252855803
-213.1884162715869 8.883889900504547 -0.009154545311067385 0.004549143983302563
-203.4980337137822 8.884296087312313 -0.00912999880132811 0.004538089869110017
-193.8076511559775 8.884700482647458 -0.009105597107314128 0.0045270897807700005
-184.1172685981728 8.885103082046289 -0.009081338771537302 0.0045161433172002
-174.42688604036812 8.885503881488622 -0.009057222358971127 0.004505250081391119
-164.73650348256342 8.885902877384787 -0.009033246456564824 0.004494409680351843
-155.04612092475872 8.88630006656296 -0.00900940967277102 0.004483621725056676
-145.35573836695403 8.886695446256821 -0.02192633548730252 0.010291106352815035
-135.66535580914933 8.88708901409352 -0.02180703597975725 0.010237377985597495
-125.97497325134464 8.887480768081947 -0.021689277691944068 0.010184333138489723
-116.28459069353994 8.887870706601307 -0.02157302856009127 0.010131957610641347
-106.59420813573524 8.88825882838998 -0.02145825743008343 0.010080237605212313
-96.90382557793055 8.888645132534663 -0.024125974985025216 0.01057489130478878
-87.21344302012585 8.889029618459789 -0.023993573433760202 0.010520420423246137
-77.52306046232115 8.889412285917224 -0.023862861472565392 0.010466624808546803
-67.83267790451646 8.889793134976198 -0.023733804740809078 0.010413490859277109
-58.14229534671176 8.890172166013526 -0.02360636982719566 0.010361005348737353
-48.451912788907066 8.890549379704062 -0.023480524236886704 0.010309155411981342
-38.761530231218785 8.890924777011376 -0.023356236359985853 0.010257928533392892
-29.07114767341409 8.89129835917872 -0.023251082699132793 0.010207854556503365
-19.380765115609393 8.89167012772016 -0.023129688865236284 0.010157833585437983
-9.690382557804696 8.892040084411976 -0.023009764832575604 0.010108400163549427
0.0 1.1386484479471877 -0.18383232396769353 0.04332796812713041
9.690382557804696 1.5747268151433476 -0.1825285901497193 0.04303437865948746
19.380765115609393 1.9043064945739934 -0.18124361430937946 0.042744934739090495
29.07114767341409 2.1779129169562674 -0.17986008693875435 0.042459547712229595
38.761530231218785 2.415353089208895 -0.17861228300305143 0.042178131450253245
48.45191278902348 2.6268639070092803 -0.1773820442106306 0.04190060226008211
58.14229534682818 2.8185640610415614 -0.17616899951993306 0.04162687879850635
67.83267790463287 2.994461649979119 -0.17497278829602042 0.041356881990081355
77.52306046243757 3.157354400045885 -0.17379305994780758 0.04109053494844661
87.21344302024227 3.3092887568606963 -0.17703467586647756 0.040827762900902
96.90382557804696 3.45181650023678 -0.17585448204034052 0.040568493116085576
106.59420813585166 3.586148439551364 -0.1746902498155649 0.04031265483460431
116.28459069365636 3.713251580686401 -0.17354165513483155 0.040060179202478605
125.97497325146105 3.833913289658808 -0.1724083826798818 0.03981099920726762
135.66535580926575 3.9487852102421694 -0.171290125578486 0.03956504961675064
145.35573836707044 4.058414242118979 -0.17018658512313414 0.03932226692004543
155.04612092475872 4.163264958798102 -0.16908436356615916 0.039082589271054444
164.73650348256342 4.2637361928778885 -0.16800948787782738 0.03884595643411492
174.42688604036812 4.360173544411871 -0.16694847764871515 0.03861230973179523
184.1172685981728 4.452878975406386 -0.16590106426359988 0.03838159199468396
193.8076511559775 4.542118280337942 -0.16491917949048884 0.03815525013326919
203.4980337137822 4.628126981212121 -0.16389779659624656 0.03793021353304231
213.1884162715869 4.711115035637437 -0.16288925094565299 0.037707943126531245
222.8787988293916 4.791270637948979 -0.16189330016596276 0.03748838730824078
232.5691813871963 4.86876331848856 -0.16090970796665258 0.03727149575710793
242.259563945001 4.943746493452731 -0.16022034806885557 0.03705721939667548
251.9499465028057 5.035141913855629 -0.15925870533539965 0.036845510356740274
261.6403290606104 5.222932145137204 -0.15830877745274632 0.03663632193641295
271.3307116184151 5.395037654097223 -0.15737034996391902 0.03642960856852884
281.0210941762198 5.5535054024963735 -0.15644321363177566 0.036225325785352674
290.7114767340245 5.700002163441445 -0.1555271642809051 0.036023430185522495
300.40185929182917 5.835906744234791 -0.15462200264524179 0.03582387940218074
310.09224184963387 5.962374963332245 -0.15372753422115717 0.03562663207224319
319.78262440743856 6.080386703675407 -0.152889243425596 0.03543288925676607
329.47300696524326 6.190780795340743 -0.15201525957853915 0.035240119461144956
339.16338952293154 6.29428140506693 -0.15115141754245126 0.03504953489502369
348.85377208073623 6.391518356367333 -0.15029754038874796 0.03486109792132729
358.54415463854093 6.483043020747164 -0.1494534552944032 0.03467477176868079
368.2345371963456 6.569340916939851 -0.1486189934233151 0.03449052050657602
377.9249197541503 6.650841822664917 -0.1477781494054383 0.034308309021400474
387.615302311955 6.727927978990025 -0.14696255962740032 0.03412810299328063
397.3056848697597 6.800940812639288 -0.14617634924208286 0.033950388962139144
406.9960674275644 6.870186492912983 -0.1453787321147049 0.033774090124061594
416.6864499853691 6.93594056224971 -0.1445899505025036 0.03359969838181714
426.3768325431738 6.998451823143768 -0.1438098572063482 0.033427182372938624
436.0672151009785 7.057945622695878 -0.14303830829014377 0.03325651142411976
445.7575976587832 7.11462664519454 -0.14227516299075987 0.03308765553232752
455.4479802165879 7.1686812998348035 -0.14152028363093042 0.032920585346533554
465.1383627743926 7.2202797729215735 -0.14077353553500882 0.032755272150040655
474.8287453321973 7.269577800224056 -0.14003478694747132 0.032591687843381976
484.519127890002 7.316718204509947 -0.13930390895406403 0.032429804927771325
494.2095104478067 7.361832234943076 -0.13858077540549327 0.032269596489084
503.8998930056114 7.405040738428569 -0.1378652628435659 0.03211103618234839
513.5902755634161 7.446455187730143 -0.13715725042968535 0.03195409821672935
523.2806581211044 7.486178586962586 -0.1364566198756278 0.03179875734098714
532.971040678909 7.524306271655101 -0.13576325537646147 0.03164498882938352
542.6614232367137 7.560926617798302 -0.13507704354565697 0.03149276846804613
552.3518057945184 7.596121672036434 -0.1343978733521421 0.03134207254173788
562.0421883523231 7.6299677132846275 -0.13372563605935534 0.031192877821044414
571.7325709101278 7.662535754519251 -0.133060225166175 0.03104516154995325
581.4229534679325 7.693891992205235 -0.13240153634966637 0.0308989014338129
591.1133360257372 7.724098209755585 -0.13174946740958118 0.030754075627658153
600.8037185835419 7.753212140522095 -0.1311039182145468 0.030610662724888733
610.4941011413466 7.781287795061759 -0.13046479064988636 0.030468641746288785
620.1844836991513 7.808375756785692 -0.12983198856701125 0.030327992129375467
629.874866256956 7.834523449556348 -0.12920541773433195 0.030188693718064943
639.5652488147607 7.859775380338187 -0.1285849857896333 0.03005072675264496
649.2556313725654 7.884173359613418 -0.12797060219386433 0.02991407186004335
658.9460139303701 7.907756701937078 -0.12736217818629395 0.02977871004438238
668.6363964881748 7.930562408715735 -0.1267596267409837 0.02964462267780916
678.3267790459795 7.952625335043929 -0.12616286252453573 0.02951179149159265
688.0171616037842 7.973978342216183 -0.12557180185507003 0.029380198567478432
697.7075441615889 7.994652437344856 -0.12498636266238991 0.029249826329292385
707.3979267192772 8.014676901350724 -0.12440646444930438 0.029120657534786674
717.0883092770819 8.034079406452745 -0.1238320282540242 0.028992675267710516
726.7786918348866 8.052886124154185 -0.12326297661370202 0.028865862930121524
736.4690743926913 8.071121824621919 -0.12269923352893919 0.028740204234898894
746.159456950496 8.088809968251804 -0.12214072442933159 0.028615683198474823
755.8498395083006 8.105972790134103 -0.12158737613997811 0.028492284133767833
765.5402220661053 8.122631378057234 -0.12103911684892789 0.028369991643312956
775.23060462391 8.138805744622896 -0.12049587607553543 0.028248790612582435
784.9209871817147 8.154514893987889 -0.11995758463969428 0.02812866620349075
794.6113697395194 8.169776883696475 -0.11942417463192052 0.028009603848078046
804.3017522973241 8.184608882021712 -0.11889557938426018 0.027891589242366437
813.9921348551288 8.199027221193528 -0.11837173344199141 0.02777460834038339
823.6825174129335 8.213047446855228 -0.11785257253609983 0.02765864734834718
833.3728999707382 8.226684364057808 -0.11733803355649934 0.0275436927190091
843.0632825285429 8.239952080072666 -0.11682805452597668 0.027429731146147714
852.7536650863476 8.252864044277349 -0.11632257457483648 0.027316749559210218
862.4440476441523 8.265433085345915 -0.1158215339162248 0.027204735118096412
872.134430201957 8.277671445954592 -0.11532487382211064 0.02709367520808092
881.8248127597617 8.289590815194666 -0.11483253659990383 0.026983557434869302
891.51519531745 8.30120235886763 -0.1143444655696974 0.02687436961978536
901.2055778752547 8.312516747823258 -0.11386060504207803 0.026766099795077745
910.8959604330594 8.323544184484703 -0.11338090029657644 0.026658736199361623
920.5863429908641 8.334294427697117 -0.11290529756062097 0.026552267273165783
930.2767255486688 8.344776816020232 -0.11243374398906658 0.02644668165460083
939.9671081064735 8.355000289578014 -0.11196618764424682 0.02634196817513762
949.6574906642782 8.364973410568375 -0.11150257747653904 0.026238115855493568
959.3478732220829 8.374704382527627 -0.1110428633054277 0.026135113901623784
969.0382557798875 8.384201068436784 -0.11058699580105032 0.02603295170081395
978.7286383376922 8.393471007749886 -0.11013492646621263 0.025931618817871815
988.4190208954969 8.402521432418187 -0.10968660761885819 0.025831104991414514
