-1007.7997860111063 11.307483656461791 -0.003855999094894495 1.3965085155162332e-07
-998.1094034533016 11.307483656442663 -0.0038214108007539643 1.3861903243722506e-07
-988.4190208954969 11.30748365641324 -0.0037874636618111207 1.3760234881433418e-07
-978.7286383376922 11.307483656368644 -0.003754139439103689 1.3660047007974816e-07
-969.0382557798875 11.30748365630201 -0.0037214205984860485 1.356130751890824e-07
-959.3478732220829 11.307483656203793 -0.00368929027599914 1.3463985231377185e-07
-949.6574906642782 11.307483656060896 -0.0036577322453159116 1.336804985129049e-07
-939.9671081064735 11.30748365585557 -0.0036267308871148723 1.3273471941857329e-07
-930.2767255486688 11.307483655402855 -0.0035962711602463976 1.3180222893492298e-07
-920.5863429908641 11.307483654658391 -0.003566338574567544 1.3088274894954313e-07
-910.8959604330594 11.307483653474742 -0.003536919165331041 1.2997600905695842e-07
-901.2055778752547 11.30748365163235 -0.003507999469023234 1.29081746293462e-07
-891.51519531745 11.307483648821432 -0.0034795665005540265 1.2819970488290276e-07
-881.8248127596453 11.30748364461307 -0.003451607731709355 1.273296359927506e-07
-872.134430201957 11.307483638423887 -0.003424111070783904 1.2647129750008226e-07
-862.4440476441523 11.307483629473657 -0.0033970648433157744 1.2562445376687675e-07
-852.7536650863476 11.307483616735295 -0.0033704577738574017 1.2478887542447607e-07
-843.0632825285429 11.307483598876908 -0.003344278968710698 1.2396433916635068e-07
-833.3728999707382 11.30748357419567 -0.003318517899570806 1.2315062754919182e-07
-823.6825174129335 11.30748354054357 -0.0032931643880202118 1.2234752880170534e-07
-813.9921348551288 11.30748349524529 -0.0032682085908213843 1.2155483664087896e-07
-804.3017522973241 11.307483435008725 -0.003243640985959417 1.207723500954129e-07
-794.6113697395194 11.307483355828914 -0.0032194523593895973 1.1999987333560491e-07
-784.9209871817147 11.307483252886334 -0.0031956337924479252 1.1923721551025364e-07
-775.23060462391 11.30748312044082 -0.003172176649885526 1.184841905893302e-07
-765.5402220661053 11.307482951722532 -0.0032283992784687314 1.1774061721260177e-07
-755.8498395083006 11.307482738821484 -0.0033161260408240633 1.170063185441606e-07
-746.159456950496 11.307482472577425 -0.003291133217438363 1.162811221322186e-07
-736.4690743926913 11.307482142471777 -0.0032665386008398894 1.1556485977393261e-07
-726.7786918348866 11.307481736523505 -0.0033852947471018292 1.1257578545238188e-05
-717.0883092770819 11.307481241190716 -0.0033595238235145683 1.1105455302412715e-05
-707.3979267192772 11.307480641279719 -0.0033341739881771583 1.0957400906631217e-05
-697.7075441614725 11.307479919863272 -0.003309234118372225 1.0813254048983149e-05
-688.0171616037842 11.307479058209477 -0.0032846935141549274 1.0672861841216507e-05
-678.3267790459795 11.307478035722774 -0.00331870310474755 1.355124153895491e-05
-668.6363964881748 11.307476829898132 -0.0032941438791786247 1.3377151520696413e-05
-658.9460139303701 11.307475416289492 -0.0033991716573185784 2.1808804676164146e-05
-649.2556313725654 11.307473768493162 -0.0033736305901161364 2.152671469727907e-05
-639.5652488147607 11.307471858146652 -0.003348507224722788 2.125185210017402e-05
-629.874866256956 11.307469654943336 -0.0033237903854568544 2.098394200357337e-05
-620.1844836991513 11.307467126662862 -0.0032994693291600523 2.0722723317370367e-05
-610.4941011413466 11.30746423921724 -0.003275533722826174 2.0467947887004967e-05
-600.8037185835419 11.307460956712168 -0.0032519736226860447 2.0219379700858497e-05
-591.1133360257372 11.307457241523029 -0.0033377750187705336 4.517897656040335e-05
-581.4229534679325 11.307453054384858 -0.003313448729714848 4.459790931608482e-05
-571.7325709101278 11.307448354495271 -0.003294172469146018 4.419564269409173e-05
-562.0421883523231 11.307443099629431 -0.003270548290309546 4.364145971248211e-05
-552.3518057945184 11.307437246265833 -0.003512577229547474 6.968693095304023e-05
-542.6614232367137 11.307430749721687 -0.0034860978808606007 6.880055538616945e-05
-532.971040678909 11.307423564296622 -0.003489548770582552 6.905814068160824e-05
-523.2806581211044 11.307415643423365 -0.0034635523845039542 6.820056075437123e-05
-513.5902755632997 11.30740693982404 -0.0034379886542571414 6.736412867936203e-05
-503.8998930056114 11.307397405670715 -0.003412845591006361 6.654806827246541e-05
-494.2095104478067 11.3073869927489 -0.0033881116880764926 6.575164102102499e-05
-484.519127890002 11.307375652622637 -0.003363775895240274 6.497414381809872e-05
-474.8287453321973 11.307363336799982 -0.003339827594708161 6.421490685869227e-05
-465.1383627743926 11.307349996897612 -0.003316256578690865 6.347329168472643e-05
-455.4479802165879 11.307335584803479 -0.0032930530284104496 6.27486893665232e-05
-445.7575976587832 11.307320052836474 -0.003270207494448995 6.204051880980003e-05
-436.0672151009785 11.307303353902038 -0.00324771087833337 6.134822517815195e-05
-426.3768325431738 11.307285441642968 -0.0032255544152635152 6.067127842191698e-05
-416.6864499853691 11.307266270584527 -0.003203729657899673 6.0009171905117996e-05
-406.9960674275644 11.30724579627319 -0.003182228461131186 5.936142112292731e-05
-397.3056848697597 11.30722397540847 -0.0035148263836988995 0.00010587682130305353
-387.615302311955 11.307200765967206 -0.0034891747308447726 0.00010462013544622842
-377.9249197541503 11.307176127320032 -0.0034639510189197168 0.00010339341730766545
-368.2345371963456 11.307150020339527 -0.0034391431646758714 0.00010219559170386868
-358.54415463854093 11.307122407499923 -0.0034147395833982203 0.00010102563495896438
-348.85377208073623 11.307093252968146 -0.0033907291616173895 9.98825718208327e-05
-339.16338952293154 11.307062522686062 -0.0033548404278978387 9.920406835514253e-05
-329.47300696512684 11.307030184443926 -0.0034033208756492003 9.940067750899848e-05
-319.78262440743856 11.30699620794508 -0.0033796225382340217 9.830959338196886e-05
-310.09224184963387 11.306960564861917 -0.0033562986379041863 9.724255166639384e-05
-300.40185929182917 11.306923228883333 -0.003347203534936817 9.716146254772227e-05
-290.7114767340245 11.306884175753812 -0.0033821691024483393 9.872909167879353e-05
-281.0210941762198 11.306843383304335 -0.003456100400816184 9.768155606826868e-05
-271.3307116184151 11.306800831475472 -0.0034319079871416116 9.66563590435027e-05
-261.6403290606104 11.306756502332854 -0.0034081045850854826 9.565278323255582e-05
-251.9499465028057 11.306710380075385 -0.0033846795796078307 9.467014206915276e-05
-242.259563945001 11.306662451036571 -0.003361622779204184 9.370777813609247e-05
-232.5691813871963 11.306612703679226 -0.003338924393480829 9.276506161563592e-05
-222.8787988293916 11.306561128584073 -0.00331657501220566 9.184138883881538e-05
-213.1884162715869 11.306507718432437 -0.0032945655857191517 9.09361809263011e-05
-203.4980337137822 11.306452467983588 -0.003272887406600416 9.004888251408705e-05
-193.8076511559775 11.306395374047032 -0.0032515320924926933 8.917896055781969e-05
-184.1172685981728 11.306336435450108 -0.0032304915700009855 8.832590321011703e-05
-174.42688604036812 11.3062756530014 -0.0032097580595822064 8.748921876567059e-05
-164.73650348256342 11.30621302945018 -0.0031893240613549505 8.666843466937137e-05
-155.04612092475872 11.306148569442408 -0.003169182341762265 8.586309658305914e-05
-145.35573836695403 11.306082279473532 -0.003149325921026321 8.507276750686157e-05
-135.66535580926575 11.30601416783852 -0.003129748061339179 8.42970269514049e-05
-125.97497325146105 11.305944244579413 -0.004915278760057575 8.353547015740939e-05
-116.28459069365636 11.30587252143075 -0.004871632976673853 8.27877073596429e-05
-106.59420813585166 11.305799011763186 -0.004828908772365933 8.205336309211523e-05
-96.90382557804696 11.30572373052559 -0.00478707391965236 8.133207553194852e-05
-87.21344302024227 11.305646694185873 -0.004746097763958994 8.062349587936572e-05
-77.52306046243757 11.30556792067087 -0.004705951126033332 7.992728777148399e-05
-67.83267790463287 11.305487429305522 -0.004666606211644089 7.924312672776875e-05
-58.14229534682818 11.305405240751545 -0.004628036527934048 7.85706996251508e-05
-48.45191278902348 11.30532137694585 -0.0045902168058563775 7.79097042009609e-05
-38.761530231218785 11.305235861038915 -0.00455312292817997 7.725984858195893e-05
-29.07114767341409 11.305148717333275 -0.004516731862598792 7.6620850837866e-05
-19.380765115609393 11.30505997122235 -0.01464644046264696 7.599243855790904e-05
-9.690382557804696 11.304969649129706 -0.014474016753941459 7.53743484489994e-05
0.0 8.648773932068254 -0.00919227447963597 0.024680457551008526
9.690382557804696 8.906234167653688 -0.009097987999161068 0.024344500670695855
19.380765115609393 9.063040133611198 -0.009005810810351667 0.024017571874820943
29.07114767341409 9.18141195627364 -0.008915669757972243 0.023699311969835272
38.761530231218785 9.277931594403173 -0.00882749509398521 0.023389380570531425
48.45191278902348 9.359957508209881 -0.00874122028007052 0.023087454884764123
58.14229534671176 9.431514057163971 -0.00865678180374724 0.022793228591206523
67.83267790451646 9.495082570317122 -0.008574119007011804 0.02250641080191628
77.52306046232115 9.552318508830318 -0.008493173926525448 0.022226725102376672
87.21344302012585 9.604390088370934 -0.008413891144434646 0.02195390866228054
96.90382557793055 9.652157121661169 -0.008336217649022475 0.02168771141109594
106.59420813573524 9.696273527049442 -0.008260102704438199 0.02142789527295475
116.28459069353994 9.737249883578063 -0.00818549772882347 0.021174233455945896
125.97497325134464 9.775493547362021 -0.008112356180210509 0.020926509791352767
135.66535580914933 9.811335436517444 -0.008040633449619989 0.020684518118787243
145.35573836695403 9.8450485220274 -0.007970286760834071 0.020448061713543367
155.04612092475872 9.876860956320387 -0.00790127507636303 0.0202169527528268
164.73650348256342 9.906965620523781 -0.00783355900916335 0.01999101181781524
174.42688604036812 9.935527212599801 -0.007767100739700613 0.019770067428774532
184.1172685981728 9.962687606160616 -0.00770186393798323 0.01955395561069847
193.8076511559775 9.988569967717376 -0.007637813690222493 0.019342519487158975
203.4980337137822 10.013281966170386 -0.007574916429801459 0.01913560890025235
213.1884162715869 10.036918307750073 -0.00751313987225988 0.018933080054705727
222.8787988293916 10.059562762310277 -0.007452452954024828 0.018734795184370694
232.5691813871963 10.08128980090088 -0.00739282577463729 0.018540622239478114
242.25956394488458 10.102165932568907 -0.007334229542244556 0.018350434593164117
251.94994650268927 10.122250805735474 -0.007276636522140564 0.018164110765882306
261.64032906049397 10.141598123279838 -0.00722001998816693 0.017981534166476014
271.33071161829866 10.160256408691328 -0.00716435417677734 0.0178025928487046
281.02109417610336 10.178269651981664 -0.0071096142436058675 0.017627179282189414
290.71147673390806 10.195677857623794 -0.007055776222377367 0.01745519013678076
300.40185929171275 10.212517511962236 -0.007002816986014146 0.017286526079438997
310.09224184951745 10.228821983901538 -0.006950714209802919 0.017121091582790772
319.78262440732215 10.244621869912136 -0.0068994463364954895 0.016958794744584706
329.47300696512684 10.259945292273484 -0.0068489925432255044 0.01679954711732947
339.16338952293154 10.274818157836334 -0.006799332710131685 0.016643263547450382
348.85377208073623 10.289264383307177 -0.006750447390585442 0.01648986202334977
358.54415463854093 10.303306092045478 -0.00670231778292774 0.016339263531801387
368.2345371963456 10.316963786551804 -0.006654925703626468 0.01619139192215026
377.9249197541503 10.334784328105115 -0.006608253561771437 0.016046173777827494
387.615302311955 10.353297737544846 -0.00656228433482971 0.015903538294724382
397.3056848697597 10.37113841643807 -0.0065170015455889374 0.01576341716600237
406.9960674275644 10.38835029990548 -0.006472389240221162 0.015625744472944972
416.6864499853691 10.404973266971526 -0.0064284319674038585 0.01549045658148515
426.3768325430574 10.421043602368211 -0.006385114758439591 0.01535749204406833
436.0672151008621 10.436594394276348 -0.006342423108315731 0.015226791506523514
445.7575976586668 10.45165587907486 -0.0063003429576601565 0.015098297619669635
455.4479802164715 10.46625574182441 -0.0062588606755338465 0.014971954955348745
465.1383627742762 10.480419379418485 -0.006217963043022525 0.014847709926651475
474.82874533208087 10.494170131983454 -0.00617763723758142 0.014725510712083969
484.51912788988557 10.50752948707347 -0.006137870818093421 0.014605307183452394
494.20951044769026 10.520517260409012 -0.006098651710602853 0.014487050837254028
503.89989300549496 10.53315175628463 -0.006059968194689377 0.014370694729377662
513.5902755632997 10.545449910276782 -0.006021808890448626 0.014256193412928494
523.2806581211044 10.557427416484048 -0.005984162746048137 0.01414350287900461
532.971040678909 10.569098841206115 -0.005947019025829073 0.01403258050026265
542.6614232367137 10.58047772469871 -0.005910367298925906 0.013923384977120779
552.3518057945184 10.591576672416505 -0.005874197428377724 0.013815876286456166
562.0421883523231 10.602407436966713 -0.005838499560706658 0.013710015632663096
571.7325709101278 10.61298099183565 -0.0058032641159399085 0.013605765400945935
581.4229534679325 10.623307597813717 -0.005768481778053583 0.013503089112728798
591.1133360257372 10.633396862927553 -0.005734143485817471 0.013401951383070845
600.8037185835419 10.643257796587564 -0.00570024042402127 0.01330231787998264
610.4941011412302 10.652898858572657 -0.005666764015064108 0.013204155285546653
620.1844836990349 10.662328003400033 -0.0056337059108875305 0.013107431258742105
629.8748662568396 10.671552720560944 -0.005601057985241429 0.013012114399904863
639.5652488146443 10.680580071051217 -0.005568812326259284 0.012918174216716507
649.255631372449 10.689416720572398 -0.005536961229333951 0.0128255810916631
658.9460139302537 10.698068969739364 -0.005505497190277637 0.012734306250883435
668.6363964880584 10.706542781592027 -0.0054744128987531835 0.012644321734339128
678.3267790458631 10.71484380667635 -0.005443701231964199 0.01255560036724161
688.0171616036678 10.722977405931207 -0.005413355248592056 0.01246811573267465
697.7075441614725 10.730948671592387 -0.0053833681829686016 0.012381842145354397
707.3979267192772 10.738762446302879 -0.0053537334394738794 0.012296754626472249
717.0883092770819 10.74642334059875 -0.0053244445871486945 0.012212828879568725
726.7786918348866 10.753935748922753 -0.005295495354512484 0.012130041267389428
736.4690743926913 10.761303864302228 -0.005266879624577351 0.012048368789676639
746.159456950496 10.768531691814141 -0.005247174261458224 0.011967789061852925
755.8498395083006 10.775623060947987 -0.005238586333254929 0.011888280294555019
765.5402220661053 10.782581636966343 -0.005210558877626741 0.011809821273978787
775.23060462391 10.789410931353103 -0.005182851939603018 0.011732391342998003
784.9209871817147 10.796114311430843 -0.005155459711043506 0.011655970383021623
794.6113697395194 10.80269500922083 -0.005128376532530195 0.011580538796556007
804.3017522972077 10.809156129612273 -0.005101596888225143 0.011506077490441345
813.9921348550124 10.815500657901586 -0.0050751154009638115 0.011432567859726727
823.6825174128171 10.82173146675521 -0.005048926827574342 0.011359991772168627
833.3728999706218 10.827851322647161 -0.005023026054402963 0.011288331553307817
843.0632825284265 10.833862891815206 -0.0049974080930381025 0.01121756997211234
852.7536650862312 10.839768745777027 -0.004972068076219882 0.011147690227156622
862.4440476440359 10.845571366443558 -0.00494700125392475 0.01107867593331435
872.1344302018406 10.851273150863246 -0.004922202989615578 0.011010511108942968
881.8248127596453 10.856876415628085 -0.004897668756648039 0.010943180163538735
891.51519531745 10.862383400969442 -0.004873394134824884 0.01087666788584231
901.2055778752547 10.867796274569208 -0.004849374807090304 0.010810959432375778
910.8959604330594 10.873117135109558 -0.0048256065563569515 0.010746040316392967
920.5863429908641 10.878348015582496 -0.00480208526245887 0.010681896397225837
930.2767255486688 10.883490886378656 -0.004778806899223892 0.010618513870010393
939.9671081064735 10.88854765817288 -0.004755767531659554 0.010555879255776444
949.6574906642782 10.893520184622842 -0.004732963313246888 0.010493979391886376
959.3478732220829 10.898410264895343 -0.004710390483336885 0.010432801422808505
969.0382557798875 10.90321964603383 -0.004688045364644661 0.010372332791211612
978.7286383376922 10.90795002517937 -0.004665924360836688 0.0103125612293675
988.4190208953805 10.912603051656358 -0.0046440239542070326 0.010253474750850136
998.1094034531852 10.917180328933505 -0.0046223407034368886 0.010195061642515121
