-1007.7997860111063 11.074490568480732 -0.004294952486161262 0.0077877694392792995
-998.1094034533016 11.075360945906269 -0.004269586131212187 0.007744089226988836
-988.4190208954969 11.076258685147815 -0.004244520375846834 0.007700896271032541
-978.7286383376922 11.077182172201518 -0.0042197498630232935 0.00765818246355281
-969.0382557798875 11.078129853000819 -0.004195269363334391 0.00761593987558427
-959.3478732220829 11.079100231761508 -0.004171073771194387 0.007574160752146959
-949.6574906642782 11.080091869331538 -0.004147158101162888 0.00753283750750016
-939.9671081064735 11.08110338155108 -0.004123517484400248 0.007491962720550759
-930.2767255486688 11.08213343762757 -0.004100147165248889 0.007451529130410274
-920.5863429908641 11.083180758529796 -0.004077042497935333 0.007411529632094986
-910.8959604330594 11.08424411540448 -0.004054198943387949 0.007371957272363833
-901.2055778752547 11.085322328018357 -0.004031612066165627 0.007332805245688921
-891.51519531745 11.0864142632281 -0.004009277531492913 0.00729406689035375
-881.8248127596453 11.087518833480198 -0.003987191102397211 0.0072557356846744935
-872.1344302018406 11.088634995342314 -0.003965348636943994 0.007217805243339766
-862.4440476440359 11.089761748067481 -0.0039437460855660566 0.007180269313864629
-852.7536650862312 11.090898132192027 -0.003922379488483102 0.0071431217731546676
-843.0632825285429 11.092043228167952 -0.0039012449732082903 0.007106356624176588
-833.3728999707382 11.093196155030276 -0.003880338752136872 0.007069967992728945
-823.6825174129335 11.09435606909938 -0.003859657120217418 0.0070339501243159245
-813.9921348551288 11.095522162718689 -0.00383919645269744 0.006998297381111864
-804.3017522973241 11.096693663027372 -0.003818953202944296 0.006963004239019776
-794.6113697395194 11.09786983076792 -0.003798923900336972 0.006928065284818023
-784.9209871817147 11.099049959128214 -0.0037791051482262638 0.006893475213392433
-775.23060462391 11.100233372617637 -0.003759493621960802 0.006859228825050941
-765.5402220661053 11.101419425976703 -0.0037400860669764236 0.006825321022917884
-755.8498395083006 11.102607503119577 -0.0037208792969464837 0.006791746810405192
-746.159456950496 11.103797016108846 -0.003701870191990876 0.006758501288757843
-736.4690743926913 11.104987404161834 -0.003683055696941548 0.006725579654671079
-726.7786918348866 11.106178132687713 -0.003664432819662457 0.006692977197976897
-717.0883092770819 11.107368692354664 -0.0036459986294219296 0.0066606892993975346
-707.3979267192772 11.10855859818631 -0.003630089535963225 0.006628711428363646
-697.7075441614725 11.10974738868662 -0.003617715785622233 0.006597039140895031
-688.0171616036678 11.110934624992503 -0.003599722369984128 0.006565668077541844
-678.3267790458631 11.112119890053302 -0.0035819093833996413 0.006534593961384259
-668.6363964880584 11.1133027878364 -0.0035642740659336354 0.0065038125960886544
-658.9460139302537 11.114482942558158 -0.0035468137161738396 0.006473319864018507
-649.2556313725654 11.115659997939401 -0.0035295256895446106 0.00644311172439852
-639.5652488147607 11.116833616484806 -0.0035124073966873726 0.006413184211528131
-629.874866256956 11.118003478785216 -0.0034954563019069574 0.006383533433048144
-620.1844836991513 11.119169282842467 -0.003478669921676174 0.006354155568251672
-610.4941011413466 11.120330743415808 -0.0034620458231984 0.0063250468664432825
-600.8037185835419 11.121487591389306 -0.003445581623023899 0.006296203645342668
-591.1133360257372 11.122639573159601 -0.0034292749857173007 0.006267622289531812
-581.4229534679325 11.123786450043328 -0.003413123622573575 0.0062392992489442535
-571.7325709101278 11.124927997703608 -0.0033971252903800563 0.006211231037395119
-562.0421883523231 11.126064005595014 -0.003381277790222295 0.00618341423115068
-552.3518057945184 11.127194276426435 -0.0033655789663315752 0.006155845467536137
-542.6614232367137 11.12831862564126 -0.003350026704972135 0.00612852144358052
-532.971040678909 11.129436880914387 -0.00333461893336623 0.006101438914697494
-523.2806581211044 11.130548881665478 -0.0033193536186553263 0.006074594693401
-513.5902755632997 11.131654478588029 -0.0033042287668957606 0.006047985648054646
-503.89989300549496 11.132753533193721 -0.003289242422087362 0.006021608701653829
-494.20951044769026 11.133845917371618 -0.0032743926652335892 0.005995460830639586
-484.51912788988557 11.134931512961737 -0.0032596776134318443 0.005969539063743204
-474.82874533208087 11.136010211342603 -0.003245095418992642 0.0059438404808607
-465.1383627743926 11.13708191303232 -0.0032306442685866793 0.005918362211956523
-455.4479802165879 11.13814652730284 -0.0032163223824175306 0.005893101435993828
-445.7575976587832 11.139203971806879 -0.003202128013421587 0.005868055379895071
-436.0672151009785 11.140254172217327 -0.003188059446490691 0.005843221317525938
-426.3768325431738 11.14129706187863 -0.003174114997719122 0.005818596568706511
-416.6864499853691 11.142332581469844 -0.0031602930136729757 0.005794178498247007
-406.9960674275644 11.14336067867904 -0.0031465918706812604 0.0057699645150077125
-397.3056848697597 11.144381307888702 -0.0031330099741478466 0.005745952070982378
-387.615302311955 11.145394429871846 -0.0031195457578835216 0.005722138660404407
-377.9249197541503 11.146400011498493 -0.003106197683457393 0.005698521818875188
-368.2345371963456 11.14739802545227 -0.0030929642395669046 0.005675099122513915
-358.54415463854093 11.148388449956789 -0.0030798439414258354 0.005651868187128288
-348.85377208073623 11.149371268511567 -0.0030668353301695974 0.005628826667405503
-339.16338952293154 11.150346469637203 -0.0030539369722772354 0.005605972256122963
-329.47300696512684 11.151314046629523 -0.0030411474590095276 0.005583302683378103
-319.78262440732215 11.152273997322498 -0.0030284654058626423 0.005560815715836871
-310.09224184951745 11.153226323859613 -0.0030158894520367976 0.005538509156000264
-300.40185929171275 11.154171032473501 -0.0030034182599194274 0.0055163808414884635
-290.71147673390806 11.155108133273576 -0.002991050514582342 0.005494428644342064
-281.0210941762198 11.156037640041426 -0.002978784923292579 0.005472650470340155
-271.3307116184151 11.156959570033834 -0.002966620215035599 0.005451044258333301
-261.6403290606104 11.157873943793 -0.0029545551400526073 0.005429607979594815
-251.9499465028057 11.158780784963998 -0.002942588469388646 0.005408339637184703
-242.259563945001 11.159680120119107 -0.0029307189944532495 0.00538723726532981
-232.5691813871963 11.16057197858884 -0.0029189455265924346 0.0053662989288181225
-222.8787988293916 11.16145639229949 -0.0029072668966717637 0.005345522722407166
-213.1884162715869 11.162333395616999 -0.0028956819546701626 0.00532490677024613
-203.4980337137822 11.16320302519694 -0.002904598544757212 0.005304979137934764
-193.8076511559775 11.164065319840462 -0.0028929195637735113 0.005284670955065782
-184.1172685981728 11.164920320355968 -0.002881338405265719 0.00526451776410395
-174.42688604036812 11.1657680694264 -0.002869853694452557 0.00524451779350337
-164.73650348256342 11.166608611481934 -0.0031115862989805746 0.00522466929881887
-155.04612092475872 11.167441992577901 -0.0030968640011631624 0.005204970562176598
-145.35573836695403 11.16826826027781 -0.003082325747137263 0.005185419891758032
-135.66535580914933 11.169087463541276 -0.0030679666664608168 0.005166015621296819
-125.97497325134464 11.169899652616714 -0.003053782104877841 0.00514675610958806
-116.28459069353994 11.170704878938633 -0.0032341405947829763 0.005127639740009586
-106.59420813573524 11.17150319502941 -0.003217639257599189 0.005108664920054849
-96.90382557804696 11.172294654405341 -0.0032013710750885384 0.005089830080877214
-87.21344302024227 11.173079311486925 -0.003108906350400078 0.005071133676844047
-77.52306046243757 11.173857221513078 -0.003466417598408625 0.005052574185103519
-67.83267790463287 11.174628440459342 -0.0034468076184371917 0.005034150105159346
-58.14229534682818 11.1753930249598 -0.003427512005423973 0.005015859958456554
-48.45191278902348 11.176151032232637 -0.0034085209359457245 0.004997702287976567
-38.761530231218785 11.17690252000922 -0.003389825045842231 0.004979675657841583
-29.07114767341409 11.177647546466538 -0.0033714154024565277 0.00496177865292797
-19.380765115609393 11.17838617016293 -0.0033532834788959683 0.004944009878488413
-9.690382557804696 11.179118449976945 -0.004816645047586536 0.005196436846241273
0.0 11.179844445049243 -0.0047789365328867505 0.005175254180913978
9.690382557804696 2.8630972518217046 0.027564112413138282 0.06524088777422447
19.380765115609393 3.570365985289251 0.027163869076061463 0.06440848908889069
29.07114767341409 4.099457689985396 0.026774520898292006 0.06359793816455578
38.761530231218785 4.531759764457418 0.02639563461676349 0.06280837651757394
48.45191278902348 4.900453648023106 0.02602679955749253 0.062038990191388615
58.14229534682818 5.223082771010005 0.02566762618408556 0.06128900690438557
67.83267790463287 5.510309792631254 0.025317744756692722 0.060557693414249214
77.52306046243757 5.769214868317298 0.024976804091729574 0.05984435307988656
87.21344302012585 6.00479749633265 0.024644470413648454 0.05914832360386181
96.90382557793055 6.220751534313317 0.024320426290865595 0.0584689749398897
106.59420813573524 6.41990267691778 0.02400436964879326 0.0578057073515951
116.28459069353994 6.604472734938209 0.023696012853464787 0.057157949609778665
125.97497325134464 6.776248020176942 0.02339508185998641 0.05652515731690641
135.66535580914933 6.936691347310717 0.023101315420508632 0.055906811348425144
145.35573836695403 7.08701922520553 0.022797065636818013 0.05530241640151612
155.04612092475872 7.228256667791528 0.022517127563229107 0.054711499642744306
164.73650348256342 7.361277115563494 0.022243633669809693 0.054133609446828615
174.42688604036812 7.486832157199618 0.021971201713557188 0.0535683142194487
184.1172685981728 7.605574084420713 0.0217100261221892 0.05301520129762703
193.8076511559775 7.718073298335142 0.021381330618435675 0.052479218535603875
203.4980337137822 7.824831944054068 0.021132718693211358 0.05194923280762152
213.1884162715869 7.9262947336858325 0.020887566499453225 0.05143029453005046
222.8787988293916 8.022857640516577 0.020649533736271018 0.05092205949049893
232.5691813871963 8.114874958599241 0.020416585149520987 0.05042419544472968
242.259563945001 8.202665091202343 0.02018856217219913 0.049936383817512045
251.9499465028057 8.286515339280726 0.019965312727468983 0.049458319005876064
261.6403290606104 8.366685894950114 0.019742047492972592 0.04898970772457311
271.33071161829866 8.443413196791532 0.019524144364643985 0.048530268390795064
281.02109417610336 8.516912768307757 0.01931447617924149 0.04807973054539967
290.71147673390806 8.587381634325011 0.019109028851351725 0.04763783430821789
300.40185929171275 8.655000390148894 0.018907678326676294 0.047204329865021356
310.09224184951745 8.719934982977891 0.018710305336516728 0.04677897698409908
319.78262440732215 8.78233825332919 0.018516795169770776 0.04636154456043836
329.47300696512684 8.842351275074506 0.018304253315736707 0.04595181018569299
339.16338952293154 8.900104525509155 0.018118453139685478 0.045549559742252346
348.85377208073623 8.955718911205766 0.017924657516903336 0.045154587019849764
358.54415463854093 9.009306670887732 0.017745986736105224 0.04476669335326308
368.2345371963456 9.060972172935426 0.01757065453415631 0.04438568727976581
377.9249197541503 9.127425696918802 0.01739856989088468 0.044011384215083826
387.615302311955 9.19677954890134 0.017229645041630486 0.04364360614670115
397.3056848697597 9.262682413588811 0.017053931842816245 0.043282181343440806
406.9960674275644 9.325374399571821 0.0168912100850585 0.04292694408032152
416.6864499853691 9.385073644233998 0.016731399342139346 0.04257773437776099
426.3768325431738 9.441978842175889 0.01657442365115514 0.042234397754260106
436.0672151009785 9.496271420958138 0.01642020964935678 0.04189678499176197
445.7575976587832 9.548117421973407 0.011612665623340363 0.04311445490840081
455.4479802165879 9.597669133401014 0.011526714664804668 0.04276691001604031
465.1383627742762 9.645066513630283 0.011441640364833933 0.04242522973236622
474.82874533208087 9.690438436730455 0.011357445042633255 0.042089261698905193
484.51912788988557 9.733903786079155 0.011262468836850753 0.04175885896028219
494.20951044769026 9.775572417885959 0.011180191694692213 0.041433879717888006
503.89989300549496 9.815546012763798 0.011098788700952933 0.041114187097510815
513.5902755632997 9.853918830606563 0.011018257731445052 0.04079964892994959
523.2806581211044 9.890778381643921 0.010938595780595944 0.04049013754373493
532.971040678909 9.92620602458062 0.010859799053961302 0.040185529569148844
542.6614232367137 9.960277501100492 0.010781863052245707 0.03988570575279911
552.3518057945184 9.993063414661444 0.010704782647635682 0.03959055078206228
562.0421883523231 10.024629660376252 0.010628552153168238 0.03929995311876174
571.7325709101278 10.055037811824155 0.010553165385785235 0.03901380484149588
581.4229534679325 10.08434546983802 0.010478615723659265 0.038732001496074434
591.1133360257372 10.112606577634944 0.010404896158318694 0.038454441953562485
600.8037185835419 10.139871706083474 0.010331999342047883 0.03818102827546649
610.4941011413466 10.16618831241111 0.010259917630992375 0.03791166558563176
620.1844836991513 10.191600975237376 0.010188643124357353 0.037646261948450305
629.874866256956 10.216151608458961 0.010118167700050675 0.03738472825300698
639.5652488147607 10.239879656204975 0.010048483047088393 0.03712697810281729
649.255631372449 10.262822270813892 0.009979580695051435 0.03687292771083695
658.9460139302537 10.285014475555595 0.009911452040849731 0.0366224957994243
668.6363964880584 10.306489313616474 0.00984408837304297 0.03637560350502057
678.3267790458631 10.327277984701654 0.00977748089391645 0.03613217428722458
688.0171616036678 10.347409970447414 0.009711620739519915 0.03589213384206316
697.7075441614725 10.36691314971052 0.009646498997841863 0.03565541001920974
707.3979267192772 10.385813904683467 0.009582106725281965 0.03542193274293983
717.0883092770819 10.404137218683259 0.009519508191150975 0.03519166724961118
726.7786918348866 10.421906766372002 0.00945653329931999 0.03496448030808399
736.4690743926913 10.43914499708882 0.009394261394294254 0.034740341407345866
746.159456950496 10.45587321190294 0.009332683525879244 0.034519188047115575
755.8498395083006 10.472111634936333 0.009271790774667985 0.034300959455967645
765.5402220661053 10.487879479449651 0.009211574260918575 0.03408559653090295
775.23060462391 10.503195009136686 0.009152025152527386 0.033873041779486766
784.9209871817147 10.51807559502955 0.009093134672175127 0.03366323926442444
794.6113697395194 10.532537768378248 0.009034894103716159 0.033456134550453515
804.3017522973241 10.54659726983402 0.008977294797875554 0.03325167465343759
813.9921348551288 10.560269095235208 0.008920328177312808 0.033049807991553666
823.6825174129335 10.573567538266854 0.008863985741106303 0.03285048433847121
833.3728999706218 10.58650623024049 0.008808259068708428 0.03265365477842955
843.0632825284265 10.599098177219556 0.008753139823412944 0.03245927166310814
852.7536650862312 10.611355794692699 0.008698619755385906 0.03226728857024001
862.4440476440359 10.623290939984702 0.00864469070428486 0.03207766026383966
872.1344302018406 10.634914942573275 0.008591344601511295 0.031890342656004794
881.8248127596453 10.646238632468517 0.00853857347212451 0.03170529277020505
891.51519531745 10.657272366797667 0.00848636943644651 0.03152246870599163
901.2055778752547 10.66802605472589 0.008434724711385436 0.031341829605063036
910.8959604330594 10.678509180833121 0.008256983210477015 0.0311633356186254
920.5863429908641 10.688730827057087 0.008208165896859687 0.030986947875989358
930.2767255486688 10.698699693303771 0.008159838413753399 0.030812628454348047
939.9671081064735 10.708424116818442 0.008111995238313748 0.030640340349684166
949.6574906642782 10.717912090402994 0.00806463084946073 0.030470047448756258
959.3478732220829 10.727171279558656 0.007837972397349444 0.030301714502117164
969.0382557798875 10.736209038626917 0.00779398993293359 0.030135307098119884
978.7286383376922 10.745032425996015 0.0077504043674101325 0.029970791637868387
988.4190208954969 10.753648218435119 0.007707212838532021 0.029808135311072823
998.1094034533016 10.762062924613728 0.007664412376887635 0.02964730607277105
