-610.4941011413466 9.977538083990336 0.0 0.0
-600.8037185835419 9.977538083990336 0.0 0.0
-591.1133360257372 9.977538083990336 0.0 0.0
-581.4229534679325 9.977538083990336 0.0 0.0
-571.7325709101278 9.977538083990336 0.0 0.0
-562.0421883523231 9.977538083990336 0.0 0.0
-552.3518057945184 9.977538083990336 0.0 0.0
-542.6614232367137 9.977538083990336 0.0 0.0
-532.971040678909 9.977538083990336 0.0 0.0
-523.2806581211044 9.977538083990336 0.0 0.0
-513.5902755634161 9.977538083990336 0.0 0.0
-503.8998930056114 9.977538083990336 0.0 0.0
-494.2095104478067 9.977538083990336 0.0 0.0
-484.519127890002 9.977538083990336 0.0 0.0
-474.8287453321973 9.977538083990336 0.0 0.0
-465.1383627743926 9.977538083990336 0.0 0.0
-455.4479802165879 9.977538083990336 0.0 0.0
-445.7575976587832 9.977538083990336 0.0 0.0
-436.0672151009785 9.977538083990336 0.0 0.0
-426.3768325431738 9.977538083990336 0.0 0.0
-416.6864499853691 9.977538083990336 0.0 0.0
-406.9960674275644 9.977538083990336 0.0 0.0
-397.3056848697597 9.977538083990336 0.0 0.0
-387.615302311955 9.977538083990336 0.0 0.0
-377.9249197541503 9.977538083990336 0.0 0.0
-368.2345371963456 9.977538083990336 0.0 0.0
-358.54415463854093 9.977538083990336 0.0 0.0
-348.85377208073623 9.977538083990336 -0.0004943305842452305 0.0
-339.16338952293154 9.977538083990336 -0.0004817137745096039 0.0
-329.47300696524326 9.977538083990336 -0.00046972497426699616 0.0
-319.78262440743856 9.977538083990336 -0.0004583184328116604 0.0
-310.09224184963387 9.977538083990336 -0.00044745273802182306 0.0
-300.40185929182917 9.977538083990336 -0.0004370903139793123 0.0
-290.7114767340245 9.977538083990336 -0.00042719698681665413 0.0
-281.0210941762198 9.977538083990336 -0.0004177416082200657 0.0
-271.3307116184151 9.977538083990336 -0.00040869572784900615 0.0
-261.6403290606104 9.977538083990336 -0.000400033307414683 0.0
-251.9499465028057 9.977538083990336 -0.00039173047036498813 0.0
-242.259563945001 9.977538083990336 -0.00038376528210787937 0.0
-232.5691813871963 9.977538083990336 -0.00037611755651318664 0.0
-222.8787988293916 9.977538083990336 -0.00036876868509871144 0.0
-213.1884162715869 9.977538083990336 -0.0003617014858575127 0.0
-203.4980337137822 9.977538083990336 -0.00035490006914105915 0.0
-193.8076511559775 9.977538083990336 -0.0003483497183946573 0.0
-184.1172685981728 9.977538083990336 -0.0003420367838610477 0.0
-174.42688604036812 9.977538083990336 -0.00033594858763634413 0.0
-164.73650348256342 9.977538083990336 -0.000330073338688572 0.0
-155.04612092475872 9.977538083990336 -0.002528103263430047 0.0
-145.35573836695403 9.977538083990336 -0.0024652299095900654 0.0
-135.66535580926575 9.977538083990336 -0.002405452198960671 0.0
-125.97497325146105 9.977538083990277 -0.006962739129050903 0.0025008984744659337
-116.28459069365636 9.977538083990252 -0.0067886443408378535 0.0024359374910559077
-106.59420813585166 9.977538083990217 -0.006623100036911464 0.002374265798766363
-96.90382557804696 9.977538083990162 -0.006465488620418903 0.0023156397371985643
-87.21344302024227 9.977538083990082 -0.006315250755582386 0.0022598391321592606
-77.52306046243757 9.97753808398997 -0.006171878640951267 0.002206664532478214
-67.83267790463287 9.977538083989758 -0.013617141152377662 0.0021559348279677547
-58.14229534682818 9.977538083989511 -0.013291824635778588 0.002107485188567369
-48.45191278902348 9.977538083989165 -0.012981817600318147 0.0020611652752585757
-38.761530231218785 9.97753808398868 -0.012686057025150367 0.0020168376818370964
-29.07114767341409 9.977538083988012 -0.01240357661544907 0.0019743765735201453
-19.380765115609393 9.977538083987096 -0.012133495995065184 0.00193366649397874
-9.690382557804696 9.977538083985841 -0.013165618432322553 0.0021848154314939054
0.0 9.977538083984143 -0.012884535201038152 0.0021397736286965507
9.690382557804696 7.120478173860971 -0.051391829901669885 0.03987167531939811
19.380765115609393 7.251908496390546 -0.0501475602976118 0.03886946862515692
29.07114767341409 7.351147220803836 -0.049217120275165706 0.037938828266706005
38.761530231218785 7.432796323157195 -0.04860201954197834 0.03710960064593758
48.451912788907066 7.502960661029947 -0.0475041703582509 0.036242347410656725
58.14229534671176 7.564883798389061 -0.04645523265869027 0.03541480180552534
67.83267790451646 7.620532356197106 -0.04597373883624607 0.034681865981100464
77.52306046232115 7.671204614166924 -0.04499993839813852 0.033924488896516704
87.21344302012585 7.717810436014591 -0.044066859677146485 0.03319955823933143
96.90382557793055 7.761016450932964 -0.04317198455721328 0.03250502909008924
106.59420813573524 7.801328168121461 -0.04231299941244389 0.03183902506415334
116.28459069353994 7.839139580797366 -0.0414877746747009 0.03119982128150641
125.97497325134464 7.874764725714865 -0.04069434681174258 0.03058582936240092
135.66535580914933 7.908458622881889 -0.03993090238952426 0.029995584172987446
145.35573836695403 7.94043165974608 -0.0391957639419596 0.029427732087186576
155.04612092475872 7.970859765017667 -0.03848737741274728 0.028881020566099657
164.73650348256342 7.999891786190712 -0.03780430096835111 0.028354288885482342
174.42688604036812 8.027654955812826 -0.03714519501011207 0.027846459866282487
184.1172685981728 8.054259018507382 -0.03650881323775945 0.02735653248381325
193.8076511559775 8.079799398888252 -0.035893994637078076 0.02688357524847401
203.4980337137822 8.104359669260853 -0.035299656281829496 0.0264267202656008
213.1884162715869 8.128013497292029 -0.03472478685474583 0.02598515789447265
222.8787988293916 8.150826201497978 -0.03416844080495017 0.025558131937090577
232.56918138707988 8.172856006852896 -0.03362973306986809 0.02514493529638877
242.25956394488458 8.194155068211346 -0.033107834298816516 0.024744906051236564
251.94994650268927 8.214770311892853 -0.032601966523461576 0.02435742390232968
261.64032906049397 8.23474413337693 -0.03211139922688699 0.023981906948604297
271.33071161829866 8.254114980037276 -0.03168494385451262 0.02361780875890476
281.02109417610336 8.27291784122039 -0.03122169189959225 0.023264615707786426
290.71147673390806 8.29118466303539 -0.030771862575695075 0.0229218445480582
300.40185929171275 8.308944701504272 -0.03033487784506774 0.022589040195866585
310.09224184951745 8.326224824892865 -0.029980903954330403 0.02226577370691054
319.78262440732215 8.34304977386906 -0.029566188224876788 0.02195164042480759
329.47300696512684 8.359442386449896 -0.029162862153626887 0.021646258284756262
339.16338952293154 8.375423793381668 -0.028770459471960597 0.02134926625750088
348.85377208073623 8.391013588559257 -0.0283885392549338 0.021060322920237424
358.54415463854093 8.406229978267056 -0.028163134277383504 0.020779105142534515
368.2345371963456 8.421089912365291 -0.02779713984222145 0.020505306876607433
377.9249197541503 8.435609200015884 -0.027440633784174 0.02023863804239891
387.615302311955 8.449802612113205 -0.02709324636212464 0.019978823498905483
397.3056848697597 8.463683972235978 -0.026754627237651766 0.01972560209406107
406.9960674275644 8.47726623765086 -0.02642444417393435 0.019478725786263546
416.6864499852527 8.490561571662928 -0.02610238184342472 0.019237958831319377
426.3768325430574 8.50358140841496 -0.02578814073305827 0.01900307702917327
436.0672151008621 8.516336511072504 -0.02548143613726129 0.01877386702539467
445.7575976586668 8.528837024202522 -0.025181997230079953 0.018550125662777313
455.4479802164715 8.54174282131187 -0.024889566208910665 0.018331659378944234
465.1383627742762 8.565028521487001 -0.024603897503106334 0.018118283646177367
474.82874533208087 8.587478814283516 -0.024324757041515835 0.0179098224500596
484.51912788988557 8.609149563757073 -0.02405192157366378 0.01770610780382626
494.20951044769026 8.630091239574192 -0.02378517803984577 0.01750697929560362
503.89989300549496 8.650349591627727 -0.02352432298591057 0.0173122836659638
513.5902755632997 8.669966220706362 -0.02326916201893495 0.01712187441345324
523.2806581211044 8.688979064142563 -0.023019509300378653 0.016935611425956027
532.971040678909 8.707422811425719 -0.02277518707364356 0.016753360635938772
542.6614232367137 8.725329261744672 -0.022536025223258847 0.01657499369779044
552.3518057945184 8.742727633082303 -0.022301860863177723 0.016400387685621985
562.0421883523231 8.759644830655876 -0.022072537951906012 0.016229424810027294
571.7325709101278 8.776105681057173 -0.021847906932392018 0.016061992152431374
581.4229534679325 8.79213313730458 -0.02162782439479387 0.015897981415764137
591.1133360257372 8.807748459107478 -0.021412152760407914 0.015737288690300808
600.8037185834255 8.822971371910468 -0.021200759985194183 0.015579814233604706
610.4941011412302 8.837820207693607 -0.020993519281452325 0.01542546226358018
620.1844836990349 8.852312030019148 -0.020790308856375925 0.015274140763759804
629.8748662568396 8.866462745427544 -0.02059101166623409 0.015125761299954904
639.5652488146443 8.880287202955248 -0.02039551518511721 0.01498023884752869
649.255631372449 8.89379928328298 -0.020203711187219937 0.014837491628570487
658.9460139302537 8.907011978799934 -0.020015495541733704 0.014697440958316526
668.6363964880584 8.919937465684324 -0.019830768019492233 0.014560011100210336
678.3267790458631 8.932587168945865 -0.01964943211058089 0.014425129129040586
688.0171616036678 8.944971821245364 -0.019471394852181523 0.014292724801636058
697.7075441614725 8.957101516196833 -0.019296566665980428 0.014162730434635009
707.3979267192772 8.96898575676427 -0.019124861204517736 0.014035080788881405
717.0883092770819 8.980633499286329 -0.018956195205903265 0.013909712960032404
726.7786918348866 8.992053193594348 -0.01879048835636605 0.013786566274991115
736.4690743926913 9.003252819631689 -0.018627663160144064 0.013665582193805759
746.159456950496 9.014239920932512 -0.01846764481625618 0.013546704216701472
755.8498395083006 9.025021635275614 -0.01831036110173121 0.013429877795934008
765.5402220661053 9.035604722791854 -0.018155742260899072 0.013315050252176053
775.23060462391 9.04599559177191 -0.018003720900376757 0.013202170695166379
784.9209871817147 9.056200322393213 -0.017854231889407345 0.013091189948370337
794.611369739403 9.066224688560675 -0.01770721226523551 0.012982060477418456
804.3017522972077 9.076074178035507 -0.01756260114321235 0.012874736322095914
813.9921348550124 9.085754011005404 -0.017420339631379435 0.012769173031698146
823.6825174128171 9.095269157237375 -0.017280370749238487 0.012665327603534733
833.3728999706218 9.10462435193596 -0.017142639350492362 0.01256315842442251
843.0632825284265 9.113824110419557 -0.017007092049521343 0.012462625214992381
852.7536650862312 9.122872741715502 -0.016873677151386008 0.012363688976654491
862.4440476440359 9.131774361164938 -0.016742344585159573 0.01226631194107466
872.1344302018406 9.140532902119617 -0.016613045840405363 0.012170457522024624
881.8248127596453 9.149152126805076 -0.016485733906626495 0.012076090269476718
891.51519531745 9.157635636417625 -0.016360363215526027 0.011983175825821991
901.2055778752547 9.16598688051641 -0.016236889585925562 0.011891680884097932
910.8959604330594 9.174209165766252 -0.016115270171199913 0.011801573148119028
920.5863429908641 9.18230566408198 -0.015995463409094055 0.01171282129440972
930.2767255486688 9.190279420220486 -0.015877428973796653 0.011625394935845393
939.9671081064735 9.19813335886277 -0.015761127730152185 0.011539264586912642
949.6574906642782 9.205870291224509 -0.015646521689900543 0.011454401630505264
959.3478732220829 9.213492921230571 -0.015533573969839705 0.011370778286177328
969.0382557798875 9.221003851285724 -0.015422248751813156 0.011288367579779248
978.7286383375758 9.228405587671224 -0.015312511244430737 0.01120714331440802
988.4190208953805 9.23570054559504 -0.015204327646427953 0.011127080042600056
998.1094034531852 9.242891053919445 -0.015097665111601072 0.011048153039719035
