-1007.7997860109899 8.978206076814429 -0.020637349896707673 0.012388174463761656
-998.1094034531852 8.977933157522122 -0.020525918934526363 0.012319225655167687
-988.4190208953805 8.977616484256705 -0.02041570498568773 0.012251040119579766
-978.7286383375758 8.977252886291502 -0.04589703643572659 0.012183605252017097
-969.0382557797711 8.97683985017473 -0.045601031686111404 0.01211690872354111
-959.3478732220829 8.976375501323284 -0.04530893222127261 0.01205093847374062
-949.6574906642782 8.975858548531809 -0.04502065960770795 0.011985682703457245
-939.9671081064735 8.975288211760255 -0.04474949576613759 0.011921129867753793
-930.2767255486688 8.974664148631168 -0.044468551456604985 0.011857268669100902
-920.5863429908641 8.973986388567496 -0.04419121258209917 0.011794088050785391
-910.8959604330594 8.973255278120375 -0.043917408741417675 0.011731577190527571
-901.2055778752547 8.972471437536356 -0.04364707138402068 0.011669725494300426
-891.51519531745 8.971635726849765 -0.043380133748832914 0.011608522590343359
-881.8248127596453 8.970749219224789 -0.04311653080548322 0.011547958323363375
-872.1344302018406 8.969813179382845 -0.04285619919786817 0.011488022748916853
-862.4440476440359 8.968829045350738 -0.04259907718993239 0.01142870612796537
-852.7536650862312 8.967798412228891 -0.04234510461356379 0.011369998921599428
-843.0632825284265 8.966723017097005 -0.04209422281850733 0.01131189178592392
-833.3728999706218 8.965604724507685 -0.0418463746242059 0.011254375567099694
-823.6825174128171 8.96444551226372 -0.04160150427348172 0.011197441296535642
-813.9921348550124 8.96324745734421 -0.04135955738797594 0.011141080186225982
-804.3017522972077 8.962012721955048 -0.04112048092526858 0.01108528362422773
-794.611369739403 8.960743539746048 -0.040884223137604675 0.011030043170273347
-784.9209871815983 8.95944220227305 -0.04065073353215624 0.010975350551513996
-775.23060462391 8.958111045798864 -0.04041996283275621 0.010921197658389432
-765.5402220661053 8.956752438528483 -0.04019186294302409 0.010867576540616377
-755.8498395083006 8.955368768368066 -0.03996638691086454 0.01081447940330097
-746.159456950496 8.953962431285213 -0.03974348889422622 0.01076189860315816
-736.4690743926913 8.952535820335044 -0.03952312412810769 0.01070982664484416
-726.7786918348866 8.95109131485756 -0.03930524889274195 0.010658256177394144
-717.0883092770819 8.949631270085776 -0.03908982048291303 0.010607179990762479
-707.3979267192772 8.94815801138601 -0.038875365169052226 0.010556630499910019
-697.7075441614725 8.946673823079768 -0.03866471679956653 0.01050652149962768
-688.0171616036678 8.945180941745006 -0.03845639278085784 0.010456885966699601
-678.3267790458631 8.943681549277336 -0.038250354183518284 0.010407717221996597
-668.6363964880584 8.942177766533774 -0.038046562954581954 0.01035900871143359
-658.9460139302537 8.940671647507125 -0.03784498189272213 0.010310754003056918
-649.255631372449 8.939165173978061 -0.03764557462429398 0.010262946784212554
-639.5652488146443 8.937660250594558 -0.037448305580188766 0.010215580858792895
-629.8748662568396 8.936158700334738 -0.03725313997346757 0.010168650144559335
-620.1844836990349 8.9346622603186 -0.03706004377774389 0.01012214867053842
-610.4941011412302 8.933172577946056 -0.036868983706285684 0.010076070574489032
-600.8037185834255 8.931691207352243 -0.0366799271918089 0.010030410100438508
-591.1133360257372 8.930219606185162 -0.036492842366938054 0.00998516159628598
-581.4229534679325 8.9287591327243 -0.03630769804529477 0.009940319511467616
-571.7325709101278 8.927311043371512 -0.036124463703223475 0.009895878394689868
-562.0421883523231 8.92587649055486 -0.03594310946208611 0.00985183289171788
-552.3518057945184 8.924456521093907 -0.03576360607113702 0.00980817774322544
-542.6614232367137 8.923052075078315 -0.035585924890943185 0.009764907782701227
-532.971040678909 8.921663985311962 -0.03541003787733176 0.009722017934410328
-523.2806581211044 8.920292977371446 -0.035235917565845085 0.009679503211409193
-513.5902755632997 8.918939670321231 -0.03519324840953484 0.009637358713612466
-503.89989300549496 8.917604578118185 -0.03502162172706264 0.009595579625910127
-494.20951044769026 8.916288111726356 -0.034851696778074565 0.009554161216333372
-484.51912788988557 8.914990581949349 -0.03468344796277229 0.009513098834267816
-474.82874533208087 8.913712202973057 -0.03451685019925603 0.009472387908712571
-465.1383627742762 8.912453096596535 -0.034526043304860886 0.009432023946583845
-455.4479802164715 8.911213297114244 -0.03436139080311938 0.009392002531061738
-445.7575976586668 8.90999275679909 -0.0341983358670176 0.00935231931997892
-436.0672151008621 8.908791351923268 -0.03403685494911226 0.009312970044250071
-426.3768325430574 8.907608889243356 -0.03387692496963416 0.009273950506340696
-416.6864499852527 8.90644511286739 -0.03371852330476469 0.009235256578774373
-406.9960674275644 8.905299711415397 -0.033561627775270185 0.009196884202677644
-397.3056848697597 8.904172325380621 -0.03379569729147478 0.009216078801591539
-387.615302311955 8.903062554597263 -0.03363887479710603 0.009177915110505575
-377.9249197541503 8.901969965720504 -0.03348353657573979 0.009140067382519487
-368.2345371963456 8.900894099627626 -0.033444789021101706 0.009102531684250906
-358.54415463854093 8.899834478653155 -0.0332915066137501 0.009065304148064838
-348.85377208073623 8.898790613577122 -0.03313965787246717 0.00902838097068015
-339.16338952293154 8.897762010292913 -0.032969884979532106 0.008992796528824783
-329.47300696512684 8.896748176089714 -0.03282098464912404 0.008956463281541576
-319.78262440732215 8.895748625493825 -0.03267345567871065 0.00892042346723413
-310.09224184951745 8.894762885622983 -0.03252727880315843 0.008884673524393578
-300.40185929171275 8.893790501017879 -0.03238243512419635 0.008849209949489668
-290.71147673390806 8.892831037925099 -0.03223890610152657 0.008814029295776422
-281.02109417610336 8.891884088015638 -0.03218345358193227 0.008779128172127951
-271.33071161829866 8.890949271532447 -0.0320418610252068 0.008744503241903583
-261.64032906049397 8.890026239869364 -0.03190153889720248 0.008710151221841234
-251.94994650268927 8.889114677591834 -0.03176246980275646 0.008676068880978402
-242.25956394488458 8.888214303917062 -0.031624636669853545 0.008642253039599822
-232.56918138707988 8.887324873677562 -0.03148802274197755 0.00860870056821094
-222.87879882927518 8.886446177797442 -0.031352611570684606 0.008575408386536606
-213.1884162715869 8.88557804331517 -0.031123120887817424 0.008554919130546786
-203.4980337137822 8.884720332989868 -0.03099076686958286 0.00852204632377368
-193.8076511559775 8.88387294453093 -0.030859557834139767 0.008489426195563397
-184.1172685981728 8.883035809491949 -0.030729478716891828 0.00845705582379314
-174.42688604036812 8.882208891871048 -0.03134967002980846 0.008506978021135269
-164.73650348256342 8.88139218645954 -0.0312162835588333 0.008474493704241134
-155.04612092475872 8.880585716980168 -0.031084064234453698 0.00844225949971389
-145.35573836695403 8.879789534055005 -0.0309529962651915 0.00841027246879332
-135.66535580914933 8.879003713041278 -0.030823064154934333 0.008378529720237478
-125.97497325134464 8.878228351771273 -0.03069184663797649 0.00834711423123909
-116.28459069353994 8.877463568229983 -0.030564158662126147 0.008315850925279344
-106.59420813573524 8.876709498201535 -0.030437561497883975 0.008284823512374993
-96.90382557793055 8.875966292912512 -0.030312040766340913 0.008254029281314306
-87.21344302012585 8.875234116697365 -0.030187582349869225 0.00822346556362148
-77.52306046232115 8.874513144708239 -0.030064172385946695 0.008193129732674784
-67.83267790451646 8.873803560688465 -0.02994179726116402 0.008163019202848062
-58.14229534671176 8.87310555482628 -0.029820443605409017 0.008133131428674768
-48.451912788907066 8.872419321702473 -0.030191886782299823 0.008147441735207567
-38.76153023110237 8.871745058343153 -0.030068911749101885 0.008117667816083567
-29.07114767341409 8.871082962386385 -0.029946972532242766 0.008088113993406192
-19.380765115609393 8.87043323036914 -0.029826055523770458 0.008058777771021984
-9.690382557804696 8.86979605613918 -0.02970614736574537 0.008029656692054231
0.0 8.869171629394275 -0.0295872349441601 0.008000748338079535
9.690382557804696 1.807139410256383 0.05946771126221119 0.12055395511721816
19.380765115609393 2.2097711801820523 0.05892902576222085 0.11969550984042895
29.07114767341409 2.518109230890774 0.05822633189979354 0.11886240750821965
38.761530231218785 2.775416375088943 0.05770599688268134 0.11802830564332159
48.45191278902348 2.999213719718963 0.05719389351550788 0.11720603183312069
58.14229534682818 3.198715127169832 0.05668983667779312 0.11639533409848245
67.83267790463287 3.379494690336747 0.05619364664206408 0.11559596759712155
77.52306046243757 3.545238833868744 0.05570514888096405 0.11480769437219233
87.21344302024227 3.698541762854898 0.05522417388253638 0.11403028311144267
96.90382557804696 3.8413147929001 0.05475055697328214 0.11326350891641734
106.59420813585166 3.975016769870529 0.054284138148614006 0.11250715308122523
116.28459069365636 4.100792884525049 0.05382476191034869 0.11176100288040944
125.97497325146105 4.2195628755917856 0.05337227711090172 0.11102485136548794
135.66535580926575 4.3320795371973135 0.052926536803863486 0.11029849716975243
145.35573836707044 4.438968930959481 0.052487398100656744 0.1095817443209377
155.04612092475872 4.540758860561617 0.05205472203299256 0.10887440206140143
164.73650348256342 4.637899554268589 0.05162837342082554 0.10817628467541554
174.42688604036812 4.730779021093878 0.051208220745627954 0.10748721132336624
184.1172685981728 4.8197346727375665 0.050794136028636784 0.10680700588238001
193.8076511559775 4.905062268836761 0.05038599471392222 0.10613549679320707
203.4980337137822 4.98702290571304 0.049983675556027014 0.10547251691302952
213.1884162715869 5.0658485499474715 0.04958706051197606 0.10481790337393652
222.8787988293916 5.141746472679194 0.049196034637459224 0.10417149744681328
232.5691813871963 5.214902841759374 0.04881048598700147 0.10353314441040343
242.259563945001 5.285485660506165 0.04843030551794308 0.1029026934253171
251.9499465028057 5.365709703343657 0.04805538699806255 0.1022799974127675
261.6403290606104 5.536249532303419 0.04768562691668162 0.10166491293783061
271.3307116184151 5.692090524322955 0.04732092439910188 0.10105730009703186
281.0210941762198 5.8352678018126625 0.04696118112422782 0.10045702241007388
290.7114767340245 5.9674146422242735 0.04660630124523996 0.09986394671552841
300.40185929182917 6.089864955845058 0.0462561913131867 0.09927794307032374
310.09224184963387 6.203724272745693 0.04591076020337213 0.09869888465286768
319.78262440743856 6.309920373792054 0.04556991904442025 0.0981266476696532
329.47300696524326 6.409240309397871 0.045233581149904306 0.09756111126520162
339.16338952293154 6.502358048220605 0.044901661952437076 0.09700215743521158
348.85377208073623 6.589855512729005 0.04457407894009737 0.09644967094274176
358.54415463854093 6.672238844592634 0.04425075159515397 0.09590353923740214
368.2345371963456 6.749951162738444 0.04393160133491564 0.09536365237729962
377.9249197541503 6.823382698435784 0.043616551454677875 0.0948299029537246
387.615302311955 6.8928789388853495 0.04330552707265924 0.0943021860184295
397.3056848697597 6.958747238081077 0.042998455076849164 0.09378039901340081
406.9960674275644 7.021262233486977 0.042695264073692486 0.09326444170302674
416.6864499853691 7.080670321898671 0.04239588433853561 0.09275421610856467
426.3768325431738 7.137193386560845 0.04210024776776611 0.09224962644481817
436.0672151009785 7.191031922855539 0.041808287832577166 0.09175057905893709
445.7575976587832 7.24236767676569 0.041519939534294864 0.09125698237125829
455.4479802165879 7.291365885525822 0.041235139361206 0.0907687468181074
465.1383627743926 7.338177191100307 0.0409538252468287 0.09028578479648693
474.8287453321973 7.382939282770268 0.04067593652957028 0.08980801061057782
484.519127890002 7.425778314021137 0.04040141391371884 0.08933534041998581
494.2095104478067 7.466810130283153 0.04013019943171767 0.08886769218966623
503.8998930056114 7.506141337290317 0.039862236407673834 0.0884049856414643
513.5902755634161 7.543870234450773 0.039597469422054284 0.08794714220721031
523.2806581211044 7.580087633337634 0.03933584427752786 0.08749408498331687
532.971040678909 7.614877577973767 0.03907730796589175 0.08704573868679072
542.6614232367137 7.6483179807974055 0.03882180863608857 0.08660202961268709
552.3518057945184 7.6804811859533135 0.03856929556321216 0.08616288559284686
562.0421883523231 7.711434469694293 0.03831971911851106 0.08572823595594971
571.7325709101278 7.74124048617138 0.03807303074033593 0.08529801148880349
581.4229534679325 7.769957665636441 0.037829182905998425 0.08487214439883067
591.1133360257372 7.797640571042913 0.03758812910450918 0.08445056827770865
600.8037185835419 7.824340218164918 0.03734982381016283 0.08403321806612288
610.4941011413466 7.850104363630486 0.03711422245694017 0.08362003001959303
620.1844836991513 7.874977764655621 0.03688128141369736 0.08321094167533462
629.874866256956 7.89900241375212 0.03665095796011518 0.08280589182011906
639.5652488147607 7.922217751246734 0.03642321026338082 0.08240482045909786
649.2556313725654 7.944660858079352 0.036197997355576605 0.08200766878555678
658.9460139303701 7.966366631032281 0.0359752791117511 0.08161437915156805
668.6363964881748 7.987367942272672 0.035755016228648406 0.0812248950395096
678.3267790459795 8.007695784858328 0.03553717020407316 0.08083916103442158
688.0171616037842 8.027379405657534 0.035321703316869214 0.08045712279717131
697.7075441615889 8.046446426961223 0.035108578607490795 0.0800787270383995
707.3979267193936 8.064922957916512 0.034897759859146026 0.07970392149322122
717.0883092770819 8.082833696780925 0.03468921157949567 0.0793326548966606
726.7786918348866 8.100202024885256 0.03448289898287372 0.07896487695976795
736.4690743926913 8.117050093090173 0.034278787973048924 0.07860053834646331
746.159456950496 8.133398901443067 0.034076845126460115 0.07823959065099341
755.8498395083006 8.149268372658637 0.03387703767594619 0.07788198637604885
765.5402220661053 8.164677419984939 0.03367933349493969 0.07752767891149194
775.23060462391 8.179644009956695 0.03348370108211132 0.07717662251368132
784.9209871817147 8.194185220486407 0.03329010954644969 0.07682877228537238
794.6113697395194 8.208317294698173 0.03309852859276351 0.07648408415617601
804.3017522973241 8.222055690868848 0.03290892850759056 0.0761425148635569
813.9921348551288 8.23541512880531 0.03272128014550225 0.07580402193435437
823.6825174129335 8.248409632954772 0.0325355549157891 0.07546856366680903
833.3728999707382 8.261052572516737 0.03235172476951632 0.07513609911307917
843.0632825285429 8.273356698799814 0.0321697621869366 0.07480658806223121
852.7536650863476 8.285334180044106 0.03198964016524955 0.0744799910236895
862.4440476441523 8.296996633909572 0.031811332206696 0.07415626921113082
872.134430201957 8.308355157812567 0.0316348123069772 0.07383538452681
881.8248127597617 8.319420357276625 0.03146005494398832 0.07351729954630278
891.5151953175664 8.330202372448712 0.03128703506685653 0.07320197750365338
901.2055778752547 8.340710902919012 0.031115728085276136 0.07288938227691803
910.8959604330594 8.350955230971188 0.030946109859119286 0.07257947837406967
920.5863429908641 8.360944243376734 0.03077815668834444 0.07227223091930854
930.2767255486688 8.370686451841719 0.030611845303152564 0.07196760563969284
939.9671081064735 8.380190012201005 0.030447152854413875 0.07166556885213413
949.6574906642782 8.38946274244971 0.03028405690434484 0.07136608745072529
959.3478732220829 8.398512139693599 0.03012253541742993 0.07106912889439407
969.0382557798875 8.407345396093591 0.029962566751580332 0.07077466119487313
978.7286383376922 8.415969413873658 0.029804129649522858 0.07048265290497639
988.4190208954969 8.42439081945589 0.029647203230411923 0.07019307310717332
998.1094034533016 8.432615976781598 0.029491766981658087 0.06990589140245188
