0.0000 0.0000
10.0000 2800.0000
20.0000 2800.0000
30.0000 2800.0000
40.0000 2800.0000
50.0000 2800.0000
60.0000 2764.6028
70.0000 2544.3824
80.0000 2522.5230
90.0000 2566.5397
100.0000 2560.8771
110.0000 2657.5134
120.0000 2704.5570
130.0000 2609.7960
140.0000 2447.1138
150.0000 2388.0811
160.0000 2272.0460
170.0000 2090.8763
180.0000 2308.0739
190.0000 2268.6681
200.0000 2443.0625
210.0000 2592.8292
220.0000 2612.2661
230.0000 2562.8123
240.0000 2586.4564
250.0000 2452.7888
260.0000 2695.3721
270.0000 2800.0000
280.0000 2800.0000
290.0000 2666.8803
300.0000 2593.0920
310.0000 2568.5988
320.0000 2520.5333
330.0000 2636.7851
340.0000 2800.0000
350.0000 2595.1658
360.0000 2634.6029
370.0000 2622.3542
380.0000 2394.1971
390.0000 2630.8635
400.0000 2684.1167
410.0000 2670.2223
420.0000 2728.6845
430.0000 2643.5115
440.0000 2636.4761
450.0000 2187.5484
460.0000 2800.0000
470.0000 2722.2749
480.0000 2526.5744
490.0000 2783.6040
500.0000 2648.2453
510.0000 2256.4520
520.0000 2460.4510
530.0000 2216.0137
540.0000 2551.5825
550.0000 2381.7404
560.0000 2374.5624
570.0000 2300.2874
580.0000 2800.0000
590.0000 2800.0000
600.0000 2800.0000
610.0000 2800.0000
620.0000 2503.6223
630.0000 1975.7552
640.0000 2039.2385
650.0000 1835.6532
660.0000 2305.5736
670.0000 2461.4272
680.0000 2754.7683
690.0000 2315.4162
700.0000 1340.1114
710.0000 988.4362
720.0000 920.0517
730.0000 1444.1494
740.0000 1686.2972
750.0000 1840.9339
760.0000 1913.4832
770.0000 1734.1303
780.0000 2280.0998
790.0000 1674.5017
800.0000 2300.6253
810.0000 1854.1576
820.0000 2506.2595
830.0000 2528.6160
840.0000 2410.1391
850.0000 2325.5717
860.0000 2137.8924
870.0000 2424.1227
880.0000 1700.7530
890.0000 971.5267
900.0000 1790.6376
910.0000 1480.5873
920.0000 1174.5464
930.0000 1507.0362
940.0000 1347.3432
950.0000 1469.5800
960.0000 1758.0555
970.0000 1936.3819
980.0000 1465.5241
990.0000 1566.8868
1000.0000 1990.7198
1010.0000 2004.5797
1020.0000 1939.1244
1030.0000 1772.4624
1040.0000 1569.0524
1050.0000 1636.3991
1060.0000 1582.8570
1070.0000 1803.2532
1080.0000 1839.0269
1090.0000 1509.3741
1100.0000 1921.5131
1110.0000 2193.7386
1120.0000 2334.7661
1130.0000 1670.5482
1140.0000 2619.2355
1150.0000 2396.8358
1160.0000 2732.1026
1170.0000 2797.2083
1180.0000 2018.6242
1190.0000 2604.3157
1200.0000 2371.2832
1210.0000 1831.6879
1220.0000 2456.4973
1230.0000 2046.5498
1240.0000 2292.2154
1250.0000 2096.0200
1260.0000 2065.6917
1270.0000 2297.9387
1280.0000 1779.7604
1290.0000 2282.0382
1300.0000 1711.8732
1310.0000 2800.0000
1320.0000 2445.8991
1330.0000 2194.5648
1340.0000 2229.9575
1350.0000 2377.8069
1360.0000 2080.1272
1370.0000 2118.8184
1380.0000 2062.4346
1390.0000 1507.3050
1400.0000 2649.2987
1410.0000 2085.5015
1420.0000 1901.8149
1430.0000 2800.0000
1440.0000 2800.0000
1450.0000 2229.1628
1460.0000 2321.3817
1470.0000 2800.0000
1480.0000 2797.5084
1490.0000 1967.2808
1500.0000 2211.0338
1510.0000 1782.7374
1520.0000 2800.0000
1530.0000 2800.0000
1540.0000 1951.3218
1550.0000 2172.0105
1560.0000 2682.6298
1570.0000 2800.0000
1580.0000 2666.6146
1590.0000 1832.1153
1600.0000 1829.1834
1610.0000 2087.9761
1620.0000 2365.8942
1630.0000 1507.7498
1640.0000 1434.6731
1650.0000 1645.6906
1660.0000 647.5336
1670.0000 1763.9767
1680.0000 1825.4223
1690.0000 2107.1716
1700.0000 2003.6510
1710.0000 1786.7278
1720.0000 1744.3115
1730.0000 1513.0255
1740.0000 1935.2190
1750.0000 2748.2850
1760.0000 2731.9427
1770.0000 2724.7705
1780.0000 2633.7235
1790.0000 1783.1899
1800.0000 2800.0000
1810.0000 2761.1910
1820.0000 2529.2837
1830.0000 1987.9168
1840.0000 2676.0091
1850.0000 2245.7394
1860.0000 2764.1173
1870.0000 2324.8181
1880.0000 2786.3580
1890.0000 2800.0000
1900.0000 2790.2784
1910.0000 1903.5628
1920.0000 1869.0619
1930.0000 2793.4281
1940.0000 2546.4647
1950.0000 1920.8434
1960.0000 2089.9292
1970.0000 2121.8575
1980.0000 1780.7588
1990.0000 2472.1569
2000.0000 2444.9713
2010.0000 1932.7503
2020.0000 2800.0000
2030.0000 2499.2399
2040.0000 1932.7792
2050.0000 2563.8129
2060.0000 2667.4934
2070.0000 2800.0000
2080.0000 2333.0888
2090.0000 2026.7063
2100.0000 2552.2582
2110.0000 2800.0000
2120.0000 2659.6506
2130.0000 2601.0597
2140.0000 2800.0000
2150.0000 2800.0000
2160.0000 2800.0000
2170.0000 2800.0000
2180.0000 2474.5132
2190.0000 2334.2307
2200.0000 2485.3612
2210.0000 2187.7398
2220.0000 2632.4520
2230.0000 2800.0000
2240.0000 2783.9659
2250.0000 2049.3045
2260.0000 2792.7285
2270.0000 2184.8731
2280.0000 2800.0000
2290.0000 2288.1740
2300.0000 2448.5539
2310.0000 2800.0000
2320.0000 2267.7772
2330.0000 2800.0000
2340.0000 2200.5505
2350.0000 2800.0000
2360.0000 2800.0000
2370.0000 2706.5798
2380.0000 2800.0000
2390.0000 2800.0000
2400.0000 2717.8820
2410.0000 2362.3030
2420.0000 2161.7344
2430.0000 2110.5657
2440.0000 2800.0000
2450.0000 2800.0000
2460.0000 2800.0000
2470.0000 2393.5612
2480.0000 2520.3583
2490.0000 2448.7892
2500.0000 2349.8445
2510.0000 2127.2262
2520.0000 2221.0626
2530.0000 1645.1839
2540.0000 2800.0000
2550.0000 2800.0000
2560.0000 2617.1974
2570.0000 2551.5118
2580.0000 2604.3809
2590.0000 2341.7384
2600.0000 2413.2050
2610.0000 2101.3591
2620.0000 2024.2655
2630.0000 1722.8187
2640.0000 1483.1442
2650.0000 2518.5375
2660.0000 2487.9935
2670.0000 1886.7439
2680.0000 2633.1691
2690.0000 2287.4862
2700.0000 2335.0421
2710.0000 2377.2909
2720.0000 2447.8549
2730.0000 2776.5825
2740.0000 2585.3421
2750.0000 2631.3453
2760.0000 2490.9709
2770.0000 1866.2618
2780.0000 1875.8288
2790.0000 1635.0150
2800.0000 1720.2797
2810.0000 2800.0000
2820.0000 2773.0768
2830.0000 2800.0000
2840.0000 2710.5770
2850.0000 2800.0000
2860.0000 2224.1866
2870.0000 2800.0000
2880.0000 2800.0000
2890.0000 2800.0000
2900.0000 2735.3134
2910.0000 2077.5810
2920.0000 2800.0000
2930.0000 2800.0000
2940.0000 2800.0000
2950.0000 2749.8241
2960.0000 2172.5745
2970.0000 2000.2315
2980.0000 2540.8994
2990.0000 2287.9898
3000.0000 2794.8664
3010.0000 1971.5244
3020.0000 1982.9832
3030.0000 2800.0000
3040.0000 2571.9890
3050.0000 2800.0000
3060.0000 2800.0000
3070.0000 2680.8154
3080.0000 2800.0000
3090.0000 2600.9614
3100.0000 2800.0000
3110.0000 1542.8545
3120.0000 2800.0000
3130.0000 1991.7843
3140.0000 2055.9130
3150.0000 2800.0000
3160.0000 2777.7076
3170.0000 2800.0000
3180.0000 2800.0000
3190.0000 2649.3682
3200.0000 2754.5864
3210.0000 2800.0000
3220.0000 2657.9555
3230.0000 2770.8468
