0.0000 0.0000
10.0000 2553.6916
20.0000 2571.3269
30.0000 2790.3481
40.0000 2800.0000
50.0000 2800.0000
60.0000 2800.0000
70.0000 2800.0000
80.0000 2800.0000
90.0000 2800.0000
100.0000 2800.0000
110.0000 2800.0000
120.0000 2782.2682
130.0000 2463.0659
140.0000 2285.4224
150.0000 1898.5349
160.0000 2618.8927
170.0000 2549.9450
180.0000 2609.0369
190.0000 2800.0000
200.0000 2785.7666
210.0000 2800.0000
220.0000 2800.0000
230.0000 2800.0000
240.0000 2800.0000
250.0000 2725.2027
260.0000 2270.7167
270.0000 2741.4883
280.0000 2800.0000
290.0000 2142.5765
300.0000 2150.3627
310.0000 2800.0000
320.0000 2800.0000
330.0000 2800.0000
340.0000 2530.4574
350.0000 2800.0000
360.0000 2800.0000
370.0000 2800.0000
380.0000 1941.7110
390.0000 2213.3212
400.0000 2369.0874
410.0000 2082.3403
420.0000 1941.7531
430.0000 2068.7131
440.0000 2037.6410
450.0000 1652.7274
460.0000 2396.0560
470.0000 2466.1263
480.0000 2368.5359
490.0000 2125.5503
500.0000 2140.2864
510.0000 1776.6072
520.0000 2782.4101
530.0000 2228.8806
540.0000 2800.0000
550.0000 2001.9273
560.0000 2105.5399
570.0000 1915.3156
580.0000 2800.0000
590.0000 2583.3136
600.0000 2362.4991
610.0000 1837.0552
620.0000 2622.0187
630.0000 2790.6099
640.0000 2133.5415
650.0000 2113.3555
660.0000 2086.9596
670.0000 2281.4023
680.0000 1887.8457
690.0000 2300.2794
700.0000 1866.8031
710.0000 2300.5540
720.0000 1798.3182
730.0000 2470.0304
740.0000 2730.5409
750.0000 2305.6880
760.0000 2086.4664
770.0000 2800.0000
780.0000 2585.8358
790.0000 2800.0000
800.0000 2428.6208
810.0000 2017.9255
820.0000 2740.2982
830.0000 2787.3555
840.0000 2721.1738
850.0000 2800.0000
860.0000 2377.4052
870.0000 2609.0968
880.0000 2687.4228
890.0000 2659.7135
900.0000 2783.9358
910.0000 2800.0000
920.0000 2338.0039
930.0000 2310.0413
940.0000 2643.6126
950.0000 2405.5274
960.0000 2778.4344
970.0000 2692.4170
980.0000 2383.2272
990.0000 2506.6980
1000.0000 2707.3795
1010.0000 2800.0000
1020.0000 2633.5470
1030.0000 2578.9893
1040.0000 2776.5499
1050.0000 2583.2492
1060.0000 2590.4213
1070.0000 2520.5919
1080.0000 2643.1017
1090.0000 2523.8232
1100.0000 2147.4628
1110.0000 2034.5052
1120.0000 1992.2294
1130.0000 2070.1267
1140.0000 2114.1629
1150.0000 2237.1193
1160.0000 1592.9911
1170.0000 2143.3480
1180.0000 1614.7097
1190.0000 2231.0395
1200.0000 2426.0561
1210.0000 2161.1604
1220.0000 1894.7379
1230.0000 1907.1088
1240.0000 1221.1773
1250.0000 2568.8013
1260.0000 940.5423
1270.0000 1659.8955
1280.0000 1518.2035
1290.0000 1848.3511
1300.0000 2202.6623
1310.0000 2293.1551
1320.0000 2344.5295
1330.0000 1556.8754
1340.0000 2015.2715
1350.0000 1812.8451
1360.0000 1708.4983
1370.0000 1653.2005
1380.0000 1464.1925
1390.0000 1483.1696
1400.0000 1499.1307
1410.0000 1720.2197
1420.0000 1574.9929
1430.0000 1640.2723
1440.0000 1621.6227
1450.0000 1504.1536
1460.0000 1892.0075
1470.0000 1877.5538
1480.0000 1987.6703
1490.0000 1736.2232
1500.0000 1659.9922
1510.0000 924.8950
1520.0000 1510.2641
1530.0000 1503.4143
1540.0000 1567.2777
1550.0000 2086.7758
1560.0000 1881.8887
1570.0000 1286.3595
1580.0000 1369.4219
1590.0000 972.5673
1600.0000 1000.2417
1610.0000 1406.3358
1620.0000 1178.2279
1630.0000 1468.3029
1640.0000 2221.8976
1650.0000 1470.7040
1660.0000 1105.1795
1670.0000 1282.7543
1680.0000 1558.9374
1690.0000 1860.0766
1700.0000 1470.9102
1710.0000 998.7928
1720.0000 1082.5828
1730.0000 889.7790
1740.0000 1329.2115
1750.0000 1426.6041
1760.0000 1857.8819
1770.0000 1018.9860
1780.0000 1787.9158
1790.0000 2329.3711
1800.0000 2562.3420
1810.0000 2241.6520
1820.0000 1927.7587
1830.0000 1537.2376
1840.0000 2161.6029
1850.0000 1798.8107
1860.0000 1819.6713
1870.0000 1892.1026
1880.0000 2419.7092
1890.0000 2273.6587
1900.0000 1680.8863
1910.0000 1800.1666
1920.0000 2800.0000
1930.0000 1740.2187
1940.0000 2383.2084
1950.0000 1956.9584
1960.0000 1695.3221
1970.0000 2419.7744
1980.0000 2111.3165
1990.0000 1889.8456
2000.0000 1812.2116
2010.0000 2232.3500
2020.0000 1580.2406
2030.0000 2386.7410
2040.0000 2800.0000
2050.0000 2403.7491
2060.0000 2800.0000
2070.0000 2800.0000
2080.0000 2800.0000
2090.0000 2800.0000
2100.0000 2300.9849
2110.0000 2354.5024
2120.0000 2195.9062
2130.0000 1952.5139
2140.0000 1791.2489
2150.0000 1677.5133
2160.0000 1286.3862
2170.0000 1285.3945
2180.0000 1806.3167
2190.0000 1799.4404
2200.0000 1977.5355
2210.0000 1749.5976
2220.0000 1706.2810
2230.0000 1987.5969
2240.0000 2350.6914
2250.0000 2278.9688
2260.0000 1617.6821
2270.0000 2030.7205
2280.0000 2398.1532
2290.0000 1860.2047
2300.0000 2800.0000
2310.0000 2286.1961
2320.0000 1931.7389
2330.0000 1725.1699
2340.0000 1730.2134
2350.0000 1368.4436
2360.0000 961.9992
2370.0000 2745.7837
2380.0000 2091.9562
2390.0000 2321.4943
2400.0000 1512.2324
2410.0000 2446.6330
2420.0000 2617.8700
2430.0000 1824.4763
2440.0000 1598.8627
2450.0000 2016.6795
2460.0000 2254.9618
2470.0000 2209.4633
2480.0000 1847.8475
2490.0000 2295.0924
2500.0000 2624.2967
2510.0000 2567.1017
2520.0000 1082.9907
2530.0000 2800.0000
2540.0000 2350.7794
2550.0000 2281.0297
2560.0000 2686.5114
2570.0000 1620.0424
2580.0000 2800.0000
2590.0000 2465.2004
2600.0000 2284.8609
2610.0000 2800.0000
2620.0000 2800.0000
2630.0000 1963.3165
2640.0000 2800.0000
2650.0000 2800.0000
2660.0000 2273.1838
2670.0000 2800.0000
2680.0000 2800.0000
2690.0000 2800.0000
2700.0000 2526.2385
2710.0000 2376.6066
2720.0000 2800.0000
2730.0000 2800.0000
2740.0000 2730.2114
2750.0000 2800.0000
2760.0000 2367.0900
2770.0000 2437.0456
2780.0000 2800.0000
2790.0000 2800.0000
2800.0000 2779.7562
2810.0000 2283.8719
2820.0000 2532.8716
2830.0000 2800.0000
2840.0000 2800.0000
2850.0000 2465.6798
2860.0000 1396.1924
2870.0000 2506.0996
2880.0000 2800.0000
2890.0000 2783.3282
2900.0000 2239.1766
2910.0000 1883.3696
2920.0000 2681.0757
2930.0000 2800.0000
2940.0000 2649.7320
2950.0000 2800.0000
2960.0000 2800.0000
2970.0000 2387.8603
2980.0000 2800.0000
2990.0000 2610.9519
3000.0000 2394.8944
3010.0000 2655.2054
3020.0000 2651.2331
3030.0000 2694.4468
3040.0000 2275.8002
3050.0000 2800.0000
3060.0000 2432.9254
3070.0000 2498.9134
3080.0000 2595.6704
3090.0000 2515.7887
3100.0000 2343.1806
3110.0000 2126.3434
3120.0000 2479.5939
3130.0000 2451.6350
3140.0000 2032.0828
3150.0000 2138.6999
3160.0000 2427.8286
3170.0000 2119.6189
3180.0000 2202.6360
3190.0000 2058.5435
3200.0000 2328.1362
3210.0000 2516.9054
3220.0000 2310.1973
3230.0000 2284.1262
