0.0000 0.0000
10.0000 2800.0000
20.0000 2800.0000
30.0000 2800.0000
40.0000 2717.3641
50.0000 2561.0348
60.0000 2508.4205
70.0000 2586.6081
80.0000 2598.0350
90.0000 2544.7352
100.0000 2621.2136
110.0000 2695.2487
120.0000 2507.6334
130.0000 2768.6221
140.0000 2800.0000
150.0000 2800.0000
160.0000 2550.2498
170.0000 2208.1804
180.0000 1842.4694
190.0000 1870.1789
200.0000 2041.9764
210.0000 2361.3730
220.0000 2349.6422
230.0000 2375.6923
240.0000 1961.6866
250.0000 1802.1521
260.0000 1778.6877
270.0000 1386.0890
280.0000 848.6610
290.0000 638.0959
300.0000 1090.6861
310.0000 776.6758
320.0000 370.2509
330.0000 413.5338
340.0000 1016.5760
350.0000 1186.4395
360.0000 499.5263
370.0000 2142.9889
380.0000 1584.7613
390.0000 1989.6597
400.0000 1519.4846
410.0000 2206.1676
420.0000 2058.6288
430.0000 2560.1421
440.0000 2710.5527
450.0000 2800.0000
460.0000 2800.0000
470.0000 2800.0000
480.0000 2501.1380
490.0000 2228.3215
500.0000 2749.0503
510.0000 2546.4102
520.0000 1908.8016
530.0000 2326.9086
540.0000 2423.1370
550.0000 2752.2234
560.0000 2586.9335
570.0000 2269.3317
580.0000 1963.3288
590.0000 2341.2091
600.0000 2632.1175
610.0000 2800.0000
620.0000 2800.0000
630.0000 2418.9124
640.0000 2800.0000
650.0000 2389.5079
660.0000 2066.8250
670.0000 1616.4306
680.0000 2457.4042
690.0000 2091.2816
700.0000 2354.1698
710.0000 2365.3457
720.0000 2177.5695
730.0000 2184.7447
740.0000 2355.2769
750.0000 1817.3178
760.0000 1992.9803
770.0000 2382.3318
780.0000 2245.1102
790.0000 1604.9791
800.0000 2037.7933
810.0000 2563.5545
820.0000 2027.2563
830.0000 1745.8491
840.0000 1955.8809
850.0000 2148.6244
860.0000 2538.7019
870.0000 2356.6919
880.0000 2120.8639
890.0000 2070.9567
900.0000 2437.6243
910.0000 1751.2544
920.0000 2116.4174
930.0000 1980.5173
940.0000 2270.7760
950.0000 2198.4895
960.0000 1804.0993
970.0000 2205.7058
980.0000 2496.8870
990.0000 2075.0115
1000.0000 2516.7486
1010.0000 2711.6031
1020.0000 2076.5859
1030.0000 2174.2344
1040.0000 2714.1348
1050.0000 2471.9692
1060.0000 2711.3369
1070.0000 2321.4132
1080.0000 2675.3828
1090.0000 2462.7848
1100.0000 2299.7559
1110.0000 2588.7224
1120.0000 2151.1524
1130.0000 1559.8644
1140.0000 2339.2232
1150.0000 2519.2995
1160.0000 2570.3940
1170.0000 2393.3604
1180.0000 2148.7691
1190.0000 2269.7657
1200.0000 2384.7397
1210.0000 2101.1997
1220.0000 1508.9309
1230.0000 1757.8094
1240.0000 1319.8651
1250.0000 1476.4382
1260.0000 1952.7980
1270.0000 1676.7627
1280.0000 1825.7780
1290.0000 1258.0552
1300.0000 1797.4382
1310.0000 2800.0000
1320.0000 2710.3795
1330.0000 2400.0352
1340.0000 2176.8245
1350.0000 2800.0000
1360.0000 2679.3581
1370.0000 1620.8471
1380.0000 2800.0000
1390.0000 2665.0837
1400.0000 2487.8529
1410.0000 2800.0000
1420.0000 2771.9946
1430.0000 2800.0000
1440.0000 2800.0000
1450.0000 2503.5122
1460.0000 2669.2175
1470.0000 2445.1887
1480.0000 2800.0000
1490.0000 2699.7409
1500.0000 2686.4079
1510.0000 2800.0000
1520.0000 2487.3407
1530.0000 2800.0000
1540.0000 2586.4663
1550.0000 2247.7474
1560.0000 2456.8424
1570.0000 2800.0000
1580.0000 2690.8089
1590.0000 2299.4623
1600.0000 2620.7098
1610.0000 2334.5248
1620.0000 2490.4868
1630.0000 2579.3254
1640.0000 2800.0000
1650.0000 2660.0906
1660.0000 1950.0176
1670.0000 2351.9517
1680.0000 1970.9051
1690.0000 2410.4926
1700.0000 1996.1567
1710.0000 2206.9891
1720.0000 2042.0146
1730.0000 1602.6110
1740.0000 2480.6993
1750.0000 2422.5816
1760.0000 1514.9545
1770.0000 2236.9064
1780.0000 2409.8496
1790.0000 2800.0000
1800.0000 1964.0777
1810.0000 2691.8975
1820.0000 2800.0000
1830.0000 2570.7363
1840.0000 2800.0000
1850.0000 2800.0000
1860.0000 2800.0000
1870.0000 2408.7229
1880.0000 2470.0509
1890.0000 2800.0000
1900.0000 2487.6625
1910.0000 2621.2001
1920.0000 2580.0910
1930.0000 2800.0000
1940.0000 2730.7238
1950.0000 2590.5995
1960.0000 2800.0000
1970.0000 2689.9134
1980.0000 2800.0000
1990.0000 2354.3424
2000.0000 2740.9752
2010.0000 2800.0000
2020.0000 2662.9270
2030.0000 2484.5388
2040.0000 2800.0000
2050.0000 2410.4471
2060.0000 2768.6350
2070.0000 2185.0722
2080.0000 2797.7374
2090.0000 2800.0000
2100.0000 2435.0010
2110.0000 2533.9607
2120.0000 2311.1806
2130.0000 2296.4815
2140.0000 2570.8604
2150.0000 2335.2233
2160.0000 2345.6422
2170.0000 2026.1946
2180.0000 2417.4158
2190.0000 2385.6160
2200.0000 2598.9663
2210.0000 2239.3505
2220.0000 2333.6081
2230.0000 2254.8626
2240.0000 1325.4945
2250.0000 2489.1478
2260.0000 2800.0000
2270.0000 2800.0000
2280.0000 2443.5952
2290.0000 2800.0000
2300.0000 2800.0000
2310.0000 2757.2283
2320.0000 2800.0000
2330.0000 2616.7451
2340.0000 2800.0000
2350.0000 2522.6362
2360.0000 2800.0000
2370.0000 2800.0000
2380.0000 2800.0000
2390.0000 2704.3712
2400.0000 2417.7871
2410.0000 2800.0000
2420.0000 2417.9996
2430.0000 2626.2069
2440.0000 2390.7291
2450.0000 2062.0050
2460.0000 1892.3051
2470.0000 1959.4618
2480.0000 1579.2840
2490.0000 1483.9280
2500.0000 1892.2707
2510.0000 1656.6941
2520.0000 1951.1651
2530.0000 1708.5401
2540.0000 2343.7236
2550.0000 2216.0126
2560.0000 2525.5535
2570.0000 2740.9844
2580.0000 2800.0000
2590.0000 2339.7664
2600.0000 1795.0186
2610.0000 1375.9296
2620.0000 2429.1762
2630.0000 2182.0956
2640.0000 2767.9997
2650.0000 2586.5871
2660.0000 2795.0609
2670.0000 2800.0000
2680.0000 2296.6963
2690.0000 2800.0000
2700.0000 2455.8442
2710.0000 2690.1620
2720.0000 2658.6757
2730.0000 2800.0000
2740.0000 2178.1106
2750.0000 2385.3367
2760.0000 2547.0555
2770.0000 2210.9003
2780.0000 2583.2849
2790.0000 2252.9936
2800.0000 2762.0076
2810.0000 2796.1699
2820.0000 2368.3758
2830.0000 2065.2517
2840.0000 1899.8134
2850.0000 1927.3460
2860.0000 1679.6547
2870.0000 2287.9842
2880.0000 1409.7222
2890.0000 1566.6221
2900.0000 1263.5120
2910.0000 2365.4592
2920.0000 2560.2274
2930.0000 2396.6091
2940.0000 2363.6278
2950.0000 2168.0811
2960.0000 1678.0791
2970.0000 1967.1994
2980.0000 2130.0620
2990.0000 2241.3482
3000.0000 1745.0221
3010.0000 1404.9600
3020.0000 1440.2776
3030.0000 1412.3329
3040.0000 1033.6741
3050.0000 1388.7256
3060.0000 1171.7476
3070.0000 1094.6297
3080.0000 1099.1499
3090.0000 1353.6995
3100.0000 1293.7915
3110.0000 1315.7085
3120.0000 1165.1715
3130.0000 1119.7938
3140.0000 831.4994
3150.0000 864.8044
3160.0000 909.8821
3170.0000 981.2349
3180.0000 585.5546
3190.0000 765.3668
3200.0000 1818.5893
3210.0000 2285.8758
3220.0000 2638.1291
3230.0000 2290.6081
