0.0000 0.0000
10.0000 2684.6284
20.0000 2640.5881
30.0000 2645.2598
40.0000 2608.4062
50.0000 2529.4440
60.0000 2478.5921
70.0000 2451.9702
80.0000 2422.6313
90.0000 2372.1607
100.0000 2314.2642
110.0000 2311.3677
120.0000 2399.7866
130.0000 2137.3122
140.0000 2502.7566
150.0000 2797.9178
160.0000 2800.0000
170.0000 2800.0000
180.0000 2798.4709
190.0000 2653.0574
200.0000 2618.0085
210.0000 2547.9321
220.0000 2561.1266
230.0000 2519.0837
240.0000 2505.4566
250.0000 2518.3024
260.0000 2222.6973
270.0000 1994.3153
280.0000 2083.5248
290.0000 2392.5322
300.0000 2430.1740
310.0000 2214.4332
320.0000 1568.8292
330.0000 2162.1756
340.0000 2377.3993
350.0000 2054.7921
360.0000 2014.1700
370.0000 2230.8089
380.0000 2458.1682
390.0000 2320.1071
400.0000 2800.0000
410.0000 2800.0000
420.0000 2734.2899
430.0000 2800.0000
440.0000 2315.4800
450.0000 2800.0000
460.0000 2067.4956
470.0000 1627.4804
480.0000 1461.1537
490.0000 2466.2728
500.0000 2580.7715
510.0000 2575.4403
520.0000 2756.8410
530.0000 1892.8831
540.0000 2800.0000
550.0000 2150.3666
560.0000 2480.1667
570.0000 2179.4972
580.0000 1438.5338
590.0000 2546.6263
600.0000 1989.9508
610.0000 2800.0000
620.0000 2034.6229
630.0000 1191.1833
640.0000 2487.2168
650.0000 2800.0000
660.0000 1817.7838
670.0000 2763.7121
680.0000 2800.0000
690.0000 2800.0000
700.0000 2353.9417
710.0000 2800.0000
720.0000 2765.2812
730.0000 2460.3569
740.0000 2716.8337
750.0000 2715.9237
760.0000 2655.4064
770.0000 2800.0000
780.0000 2800.0000
790.0000 2611.0067
800.0000 2554.2101
810.0000 2433.4943
820.0000 2025.0203
830.0000 2518.6105
840.0000 2076.0196
850.0000 2800.0000
860.0000 2275.4866
870.0000 2247.0399
880.0000 2602.4500
890.0000 2325.4667
900.0000 2355.4523
910.0000 1306.2976
920.0000 2536.4251
930.0000 2419.4504
940.0000 2256.3304
950.0000 2631.4089
960.0000 2624.8178
970.0000 2800.0000
980.0000 2701.1534
990.0000 2355.3714
1000.0000 2482.4677
1010.0000 1914.3387
1020.0000 2350.8850
1030.0000 2728.2146
1040.0000 2800.0000
1050.0000 2391.0604
1060.0000 2626.8114
1070.0000 1783.0344
1080.0000 2055.9963
1090.0000 1925.4127
1100.0000 2646.6226
1110.0000 2415.8711
1120.0000 2554.9366
1130.0000 2097.7247
1140.0000 2788.5133
1150.0000 2319.3751
1160.0000 1188.2960
1170.0000 2365.8254
1180.0000 2800.0000
1190.0000 2800.0000
1200.0000 2746.4862
1210.0000 2800.0000
1220.0000 2620.9531
1230.0000 2800.0000
1240.0000 2800.0000
1250.0000 2800.0000
1260.0000 2404.4097
1270.0000 2800.0000
1280.0000 2398.9601
1290.0000 2800.0000
1300.0000 2749.4303
1310.0000 2763.0997
1320.0000 2403.1003
1330.0000 2800.0000
1340.0000 2317.6064
1350.0000 2800.0000
1360.0000 2800.0000
1370.0000 2667.2724
1380.0000 2800.0000
1390.0000 2747.5228
1400.0000 2352.3106
1410.0000 2693.0507
1420.0000 2800.0000
1430.0000 2449.5262
1440.0000 2800.0000
1450.0000 2800.0000
1460.0000 2800.0000
1470.0000 2800.0000
1480.0000 2800.0000
1490.0000 2613.7033
1500.0000 2757.6755
1510.0000 2800.0000
1520.0000 2698.6036
1530.0000 2800.0000
1540.0000 2373.9372
1550.0000 2800.0000
1560.0000 2000.5784
1570.0000 2196.0248
1580.0000 2800.0000
1590.0000 2800.0000
1600.0000 2741.7739
1610.0000 2622.4337
1620.0000 2800.0000
1630.0000 2800.0000
1640.0000 2477.5160
1650.0000 2036.3407
1660.0000 2365.7766
1670.0000 2599.0658
1680.0000 2800.0000
1690.0000 2688.6723
1700.0000 2472.9978
1710.0000 2096.1740
1720.0000 2073.2846
1730.0000 1750.9774
1740.0000 2007.1453
1750.0000 1828.7000
1760.0000 1831.9363
1770.0000 875.3607
1780.0000 1839.1148
1790.0000 1220.3284
1800.0000 1627.7598
1810.0000 2074.3481
1820.0000 1912.0597
1830.0000 1869.6823
1840.0000 1824.4187
1850.0000 2233.8605
1860.0000 1774.4061
1870.0000 2800.0000
1880.0000 2744.3563
1890.0000 2447.5760
1900.0000 2420.2288
1910.0000 2480.2470
1920.0000 2762.8167
1930.0000 2584.5877
1940.0000 2800.0000
1950.0000 2659.8553
1960.0000 2287.0116
1970.0000 2574.3632
1980.0000 1966.1467
1990.0000 2664.7674
2000.0000 2662.8209
2010.0000 2503.6529
2020.0000 1977.6065
2030.0000 2156.4874
2040.0000 2571.7704
2050.0000 2377.2571
2060.0000 1849.7576
2070.0000 1864.9746
2080.0000 1684.9858
2090.0000 2014.4401
2100.0000 1763.3550
2110.0000 2588.1296
2120.0000 2402.7189
2130.0000 1650.4633
2140.0000 2249.0324
2150.0000 2243.9166
2160.0000 2316.8067
2170.0000 2145.9842
2180.0000 1569.2067
2190.0000 2140.0551
2200.0000 2735.4481
2210.0000 2577.5092
2220.0000 2124.6901
2230.0000 1806.1525
2240.0000 2507.0892
2250.0000 2708.7896
2260.0000 2634.3451
2270.0000 2335.9570
2280.0000 2133.7895
2290.0000 1675.6897
2300.0000 1726.8667
2310.0000 1912.6494
2320.0000 1981.7108
2330.0000 2309.7362
2340.0000 2279.1202
2350.0000 1719.8563
2360.0000 1691.9149
2370.0000 2013.4467
2380.0000 2137.7518
2390.0000 2800.0000
2400.0000 2753.9906
2410.0000 2282.1204
2420.0000 1879.2173
2430.0000 1896.8059
2440.0000 2151.2464
2450.0000 1987.6719
2460.0000 1793.4564
2470.0000 1738.4164
2480.0000 1898.2021
2490.0000 1866.1997
2500.0000 1970.9084
2510.0000 1557.7491
2520.0000 1453.2500
2530.0000 1391.8618
2540.0000 1616.5338
2550.0000 1598.4162
2560.0000 1318.0388
2570.0000 1382.3803
2580.0000 1158.8127
2590.0000 1326.2948
2600.0000 1251.5531
2610.0000 1312.3845
2620.0000 1758.3646
2630.0000 1496.4642
2640.0000 2680.7251
2650.0000 2167.2169
2660.0000 2564.2795
2670.0000 2746.9273
2680.0000 2723.5701
2690.0000 1979.2278
2700.0000 1564.6067
2710.0000 1698.4771
2720.0000 1940.7525
2730.0000 1744.2391
2740.0000 1457.3763
2750.0000 1821.4369
2760.0000 2779.8445
2770.0000 2800.0000
2780.0000 2800.0000
2790.0000 2800.0000
2800.0000 590.7443
2810.0000 2800.0000
2820.0000 2800.0000
2830.0000 2800.0000
2840.0000 2792.7057
2850.0000 2800.0000
2860.0000 2800.0000
2870.0000 2800.0000
2880.0000 2313.4469
2890.0000 2708.1461
2900.0000 2379.3818
2910.0000 2034.8763
2920.0000 2133.0160
2930.0000 2023.7188
2940.0000 2466.7041
2950.0000 2263.8735
2960.0000 2800.0000
2970.0000 2020.5763
2980.0000 2534.6092
2990.0000 1806.0595
3000.0000 2314.9498
3010.0000 2311.4354
3020.0000 2537.5927
3030.0000 2491.9352
3040.0000 1791.9180
3050.0000 2201.6835
3060.0000 2212.7205
3070.0000 2457.6956
3080.0000 2753.4590
3090.0000 2545.5059
3100.0000 2188.8887
3110.0000 2269.4438
3120.0000 2800.0000
3130.0000 2429.0206
3140.0000 2800.0000
3150.0000 1580.2917
3160.0000 2800.0000
3170.0000 2669.0192
3180.0000 2393.1351
3190.0000 2800.0000
3200.0000 2099.6685
3210.0000 2623.3526
3220.0000 2066.0032
3230.0000 2800.0000
