0.0000 0.0000
10.0000 2800.0000
20.0000 2409.4498
30.0000 2197.2663
40.0000 2102.3278
50.0000 2168.4036
60.0000 2507.5407
70.0000 2798.2478
80.0000 2800.0000
90.0000 2713.5339
100.0000 2448.3900
110.0000 2298.2683
120.0000 2509.3241
130.0000 2627.4660
140.0000 2663.4261
150.0000 2640.8127
160.0000 2667.6870
170.0000 2701.8770
180.0000 2699.8675
190.0000 2734.7148
200.0000 2660.0134
210.0000 2481.4216
220.0000 2142.3674
230.0000 1815.3370
240.0000 1694.7744
250.0000 1376.3374
260.0000 1384.2003
270.0000 1765.2707
280.0000 1822.2529
290.0000 2327.0245
300.0000 2516.1067
310.0000 2761.6451
320.0000 2800.0000
330.0000 2067.8126
340.0000 2522.4407
350.0000 1870.9572
360.0000 1422.7459
370.0000 2222.1247
380.0000 2068.9060
390.0000 2217.4396
400.0000 2596.3963
410.0000 2623.6697
420.0000 2530.1508
430.0000 2332.4045
440.0000 2195.2319
450.0000 2387.6927
460.0000 2517.1572
470.0000 2657.4655
480.0000 2524.0732
490.0000 2453.7472
500.0000 2372.4757
510.0000 2288.2344
520.0000 2079.5063
530.0000 2111.6144
540.0000 1821.1636
550.0000 1796.9678
560.0000 1665.0016
570.0000 2222.9471
580.0000 2437.5772
590.0000 2405.0223
600.0000 2071.7205
610.0000 2047.6268
620.0000 1907.0710
630.0000 2114.5404
640.0000 1983.6276
650.0000 1559.5791
660.0000 1740.0542
670.0000 1706.9881
680.0000 1928.5123
690.0000 1953.6430
700.0000 2029.6824
710.0000 1746.2874
720.0000 1769.7098
730.0000 1319.6769
740.0000 2123.2546
750.0000 1945.0430
760.0000 2324.4890
770.0000 1838.5930
780.0000 1838.3968
790.0000 1271.9834
800.0000 1006.6998
810.0000 1514.2197
820.0000 1703.0115
830.0000 1441.8692
840.0000 1008.1323
850.0000 1799.1089
860.0000 1367.1385
870.0000 944.7203
880.0000 1439.9633
890.0000 2462.1315
900.0000 2434.2573
910.0000 2482.6139
920.0000 1855.4195
930.0000 1840.8812
940.0000 1765.6966
950.0000 1873.2688
960.0000 1821.8136
970.0000 2004.2450
980.0000 2138.5898
990.0000 2294.2903
1000.0000 2118.5023
1010.0000 1222.9889
1020.0000 1588.5041
1030.0000 1061.9380
1040.0000 2092.9566
1050.0000 1751.3444
1060.0000 1789.5003
1070.0000 1207.4876
1080.0000 1376.4328
1090.0000 1531.6673
1100.0000 1706.9158
1110.0000 1138.7739
1120.0000 2086.4170
1130.0000 2209.1331
1140.0000 2244.2493
1150.0000 1942.4328
1160.0000 2120.2228
1170.0000 2075.5011
1180.0000 2179.6901
1190.0000 2232.3228
1200.0000 2630.7588
1210.0000 2469.8563
1220.0000 1861.4403
1230.0000 2240.3703
1240.0000 2474.1824
1250.0000 2267.5756
1260.0000 2034.1932
1270.0000 2420.6971
1280.0000 2135.8770
1290.0000 2285.7071
1300.0000 2225.5202
1310.0000 2208.7195
1320.0000 1620.3251
1330.0000 1420.6292
1340.0000 1999.9552
1350.0000 2540.1205
1360.0000 2301.5829
1370.0000 2187.8775
1380.0000 2218.7630
1390.0000 2020.6791
1400.0000 2199.0360
1410.0000 1520.3788
1420.0000 1410.1905
1430.0000 1506.9876
1440.0000 1718.8522
1450.0000 1221.9533
1460.0000 1306.3252
1470.0000 1142.0281
1480.0000 1114.9441
1490.0000 1020.9850
1500.0000 923.3282
1510.0000 997.0998
1520.0000 936.5879
1530.0000 1229.4877
1540.0000 1422.5660
1550.0000 1454.8557
1560.0000 1409.6109
1570.0000 1521.7416
1580.0000 1502.3866
1590.0000 1266.8229
1600.0000 1571.4998
1610.0000 1532.1263
1620.0000 1964.7706
1630.0000 2064.4596
1640.0000 2265.6551
1650.0000 2509.0768
1660.0000 2005.2570
1670.0000 2138.5495
1680.0000 2165.5190
1690.0000 2340.4856
1700.0000 2779.9899
1710.0000 2089.4585
1720.0000 2730.3032
1730.0000 2681.1893
1740.0000 2499.8082
1750.0000 2800.0000
1760.0000 2529.6040
1770.0000 2027.7197
1780.0000 2022.7030
1790.0000 1730.8103
1800.0000 2689.7211
1810.0000 2522.7032
1820.0000 2373.3599
1830.0000 2415.7965
1840.0000 2428.0119
1850.0000 2346.4047
1860.0000 2800.0000
1870.0000 2674.1882
1880.0000 2313.8406
1890.0000 2800.0000
1900.0000 2142.4651
1910.0000 2263.8119
1920.0000 2331.3636
1930.0000 2506.1947
1940.0000 1810.7134
1950.0000 2016.1544
1960.0000 1970.6114
1970.0000 2800.0000
1980.0000 2154.5532
1990.0000 1989.8637
2000.0000 1958.5974
2010.0000 1920.4286
2020.0000 1798.6521
2030.0000 1649.3842
2040.0000 2049.4238
2050.0000 1229.3607
2060.0000 1167.7944
2070.0000 1283.2774
2080.0000 1576.9123
2090.0000 1527.0472
2100.0000 1804.9770
2110.0000 2288.2578
2120.0000 2190.4687
2130.0000 2352.3711
2140.0000 2671.4997
2150.0000 2591.2149
2160.0000 2494.3120
2170.0000 2583.8362
2180.0000 2755.8867
2190.0000 2461.6994
2200.0000 2268.2995
2210.0000 2358.5080
2220.0000 1542.3871
2230.0000 2454.7977
2240.0000 2800.0000
2250.0000 2526.7131
2260.0000 1521.2063
2270.0000 2545.1328
2280.0000 2800.0000
2290.0000 2536.5022
2300.0000 2140.6407
2310.0000 2665.9142
2320.0000 2800.0000
2330.0000 2800.0000
2340.0000 2512.4329
2350.0000 2442.0607
2360.0000 2373.3558
2370.0000 1681.6216
2380.0000 2075.8259
2390.0000 2548.4826
2400.0000 2800.0000
2410.0000 2448.9006
2420.0000 2664.0948
2430.0000 2233.4018
2440.0000 2492.7164
2450.0000 2193.4968
2460.0000 2596.5852
2470.0000 2309.8268
2480.0000 2169.8860
2490.0000 2349.3141
2500.0000 2360.4671
2510.0000 1940.6340
2520.0000 2655.5259
2530.0000 2628.0544
2540.0000 2800.0000
2550.0000 2120.9859
2560.0000 2500.2191
2570.0000 2800.0000
2580.0000 2800.0000
2590.0000 2800.0000
2600.0000 2450.7348
2610.0000 2481.5773
2620.0000 2669.6493
2630.0000 2482.9660
2640.0000 2456.1921
2650.0000 2350.0940
2660.0000 2091.3472
2670.0000 2165.2628
2680.0000 2522.1613
2690.0000 2448.7310
2700.0000 2158.3071
2710.0000 1936.3477
2720.0000 1505.2124
2730.0000 2369.1271
2740.0000 2101.7440
2750.0000 1682.4795
2760.0000 1795.4189
2770.0000 1782.0316
2780.0000 1537.7727
2790.0000 1704.6378
2800.0000 1251.6511
2810.0000 1490.4996
2820.0000 1335.8700
2830.0000 1733.5930
2840.0000 2088.1839
2850.0000 1994.3094
2860.0000 1605.3564
2870.0000 1416.6280
2880.0000 1283.4688
2890.0000 1646.1490
2900.0000 1466.7216
2910.0000 1476.9103
2920.0000 1673.7657
2930.0000 1424.1824
2940.0000 1446.5855
2950.0000 1832.0487
2960.0000 2351.5794
2970.0000 2241.6701
2980.0000 1520.5419
2990.0000 2413.8434
3000.0000 1766.0233
3010.0000 1542.5874
3020.0000 1854.4022
3030.0000 1946.5517
3040.0000 2013.5783
3050.0000 1659.6477
3060.0000 1809.5228
3070.0000 2154.9463
3080.0000 2003.4467
3090.0000 1705.7805
3100.0000 2114.4564
3110.0000 2216.1334
3120.0000 1876.1810
3130.0000 1708.3551
3140.0000 2112.9048
3150.0000 1738.3861
3160.0000 2375.2588
3170.0000 2248.5411
3180.0000 2634.1582
3190.0000 2363.8091
3200.0000 1731.1247
3210.0000 2013.3604
3220.0000 1781.6549
3230.0000 2211.3593
