0.0000 0.0000
10.0000 1716.4414
20.0000 1650.9068
30.0000 1493.1115
40.0000 1657.8254
50.0000 1992.7483
60.0000 2428.1050
70.0000 2610.9354
80.0000 2800.0000
90.0000 2705.5108
100.0000 2596.5794
110.0000 2545.5430
120.0000 2182.3445
130.0000 2227.7225
140.0000 2705.0038
150.0000 2202.2298
160.0000 2552.9565
170.0000 2800.0000
180.0000 2570.5718
190.0000 2478.2356
200.0000 2800.0000
210.0000 2231.3004
220.0000 2800.0000
230.0000 2800.0000
240.0000 2800.0000
250.0000 2389.2793
260.0000 2800.0000
270.0000 2762.5203
280.0000 2147.0802
290.0000 2547.6671
300.0000 2800.0000
310.0000 2623.3995
320.0000 1853.0544
330.0000 2264.2106
340.0000 2333.8495
350.0000 2200.2212
360.0000 2085.3170
370.0000 2265.3852
380.0000 2001.3889
390.0000 2065.0504
400.0000 2137.1447
410.0000 2283.0514
420.0000 2316.1692
430.0000 2149.3899
440.0000 2181.2482
450.0000 2433.1074
460.0000 2298.9212
470.0000 2317.4875
480.0000 2193.8486
490.0000 1925.9299
500.0000 978.9475
510.0000 1059.4779
520.0000 1384.6635
530.0000 1570.7453
540.0000 1543.6836
550.0000 1762.7018
560.0000 1212.6647
570.0000 1239.7354
580.0000 1477.2730
590.0000 1529.1908
600.0000 1550.0295
610.0000 1848.8162
620.0000 1722.4822
630.0000 1905.4687
640.0000 2193.8279
650.0000 2269.8356
660.0000 2192.3647
670.0000 1978.8229
680.0000 1883.8418
690.0000 2137.3347
700.0000 2006.2504
710.0000 2089.6249
720.0000 1031.4760
730.0000 1646.5406
740.0000 1762.8768
750.0000 1443.1573
760.0000 1650.3824
770.0000 2369.3983
780.0000 2203.2248
790.0000 1554.7187
800.0000 2566.4230
810.0000 2800.0000
820.0000 2775.1280
830.0000 2003.4090
840.0000 2800.0000
850.0000 2529.4964
860.0000 2800.0000
870.0000 2800.0000
880.0000 2556.2396
890.0000 2800.0000
900.0000 2715.8282
910.0000 1877.8145
920.0000 2319.2107
930.0000 1991.8853
940.0000 2573.5174
950.0000 2800.0000
960.0000 2701.1535
970.0000 2728.2080
980.0000 2101.1019
990.0000 2036.1470
1000.0000 1918.8251
1010.0000 2635.8000
1020.0000 2368.8138
1030.0000 2800.0000
1040.0000 2045.9926
1050.0000 2800.0000
1060.0000 2800.0000
1070.0000 2800.0000
1080.0000 2457.1269
1090.0000 2212.3404
1100.0000 2015.4898
1110.0000 1535.3263
1120.0000 2408.2956
1130.0000 1667.3866
1140.0000 1971.0941
1150.0000 2374.0580
1160.0000 2162.0634
1170.0000 2140.2818
1180.0000 2061.9081
1190.0000 2062.7362
1200.0000 2282.7756
1210.0000 2270.5518
1220.0000 2170.0647
1230.0000 2287.4217
1240.0000 2090.5875
1250.0000 1321.0872
1260.0000 1573.5683
1270.0000 1467.3426
1280.0000 1096.1118
1290.0000 909.9111
1300.0000 630.1871
1310.0000 1429.3173
1320.0000 1374.9410
1330.0000 2137.3370
1340.0000 2432.8664
1350.0000 2472.4619
1360.0000 2563.1322
1370.0000 1998.7808
1380.0000 2136.2122
1390.0000 2039.6048
1400.0000 2093.8984
1410.0000 1810.6143
1420.0000 2261.8464
1430.0000 2267.1397
1440.0000 2012.4535
1450.0000 2203.7214
1460.0000 2249.2140
1470.0000 1972.8920
1480.0000 2282.3635
1490.0000 2800.0000
1500.0000 2276.5422
1510.0000 2004.3200
1520.0000 2119.1592
1530.0000 1767.1962
1540.0000 1576.3007
1550.0000 1606.9276
1560.0000 1539.5403
1570.0000 1569.8947
1580.0000 1762.6586
1590.0000 2191.4706
1600.0000 2092.5435
1610.0000 1744.3795
1620.0000 978.7909
1630.0000 1595.4142
1640.0000 1575.1953
1650.0000 1561.5576
1660.0000 1396.3224
1670.0000 1394.3975
1680.0000 1390.6056
1690.0000 2031.6745
1700.0000 1738.0147
1710.0000 1654.1273
1720.0000 2430.2276
1730.0000 2132.7575
1740.0000 1313.0781
1750.0000 1070.5083
1760.0000 877.7924
1770.0000 959.3415
1780.0000 1293.0621
1790.0000 791.4584
1800.0000 626.1221
1810.0000 1563.6831
1820.0000 1689.7855
1830.0000 2170.4750
1840.0000 2033.8605
1850.0000 2316.5917
1860.0000 2212.8662
1870.0000 2328.5680
1880.0000 1935.1905
1890.0000 1579.6697
1900.0000 1630.8970
1910.0000 1133.8101
1920.0000 1543.8201
1930.0000 1794.4944
1940.0000 1886.2295
1950.0000 1183.8825
1960.0000 2053.8144
1970.0000 1787.3687
1980.0000 1212.3120
1990.0000 937.0261
2000.0000 778.9798
2010.0000 998.8402
2020.0000 1425.1152
2030.0000 1040.3129
2040.0000 1249.3003
2050.0000 1268.9292
2060.0000 1288.7897
2070.0000 1304.6209
2080.0000 965.7773
2090.0000 754.7514
2100.0000 640.4169
2110.0000 1324.4683
2120.0000 1718.4869
2130.0000 1792.7309
2140.0000 1887.6084
2150.0000 2209.4473
2160.0000 2024.2085
2170.0000 1982.0128
2180.0000 2099.5531
2190.0000 1529.7812
2200.0000 2547.0082
2210.0000 1677.2311
2220.0000 2073.1464
2230.0000 2800.0000
2240.0000 1732.5734
2250.0000 2206.4994
2260.0000 1972.1415
2270.0000 2430.0449
2280.0000 1525.8096
2290.0000 2143.4999
2300.0000 2800.0000
2310.0000 2800.0000
2320.0000 2800.0000
2330.0000 2800.0000
2340.0000 2042.1014
2350.0000 2449.5128
2360.0000 2800.0000
2370.0000 2800.0000
2380.0000 2497.7518
2390.0000 2800.0000
2400.0000 2800.0000
2410.0000 2269.4414
2420.0000 2481.8239
2430.0000 2280.2986
2440.0000 1963.5123
2450.0000 1783.8269
2460.0000 2073.8556
2470.0000 2538.8133
2480.0000 2585.3026
2490.0000 2800.0000
2500.0000 2800.0000
2510.0000 2519.6729
2520.0000 2684.4563
2530.0000 2491.8011
2540.0000 2446.9786
2550.0000 2324.3810
2560.0000 2042.1887
2570.0000 2290.6901
2580.0000 2197.3668
2590.0000 2704.7669
2600.0000 2598.8822
2610.0000 2698.7230
2620.0000 2710.6498
2630.0000 2373.1807
2640.0000 2370.7669
2650.0000 2483.4210
2660.0000 2208.4595
2670.0000 2375.4630
2680.0000 2341.5299
2690.0000 2141.9435
2700.0000 2111.2843
2710.0000 2090.6867
2720.0000 1868.2171
2730.0000 1732.1364
2740.0000 1471.2748
2750.0000 1748.4677
2760.0000 1767.6466
2770.0000 1597.1696
2780.0000 1630.9008
2790.0000 1952.8147
2800.0000 1816.5726
2810.0000 2122.9941
2820.0000 2124.5090
2830.0000 1835.9352
2840.0000 2465.6348
2850.0000 2161.8950
2860.0000 2317.3781
2870.0000 2800.0000
2880.0000 2672.6180
2890.0000 2515.2989
2900.0000 2386.9789
2910.0000 2471.3962
2920.0000 2800.0000
2930.0000 2453.8584
2940.0000 2627.6247
2950.0000 1855.7015
2960.0000 1632.2394
2970.0000 2078.5715
2980.0000 2173.1083
2990.0000 2185.2555
3000.0000 1975.3950
3010.0000 2515.4313
3020.0000 2800.0000
3030.0000 2694.8165
3040.0000 2324.7194
3050.0000 2800.0000
3060.0000 2697.9442
3070.0000 2611.4694
3080.0000 2625.2190
3090.0000 2454.3221
3100.0000 2228.8015
3110.0000 2191.5050
3120.0000 1874.3712
3130.0000 1835.2813
3140.0000 1608.8585
3150.0000 1877.2308
3160.0000 1632.4052
3170.0000 1737.1709
3180.0000 2277.8248
3190.0000 2484.6531
3200.0000 2258.7985
3210.0000 1591.4685
3220.0000 2451.7602
3230.0000 2800.0000
