0.0000 0.0000
10.0000 2235.5757
20.0000 2229.0033
30.0000 2644.3285
40.0000 2671.2727
50.0000 2310.9917
60.0000 2060.2962
70.0000 2208.6554
80.0000 2633.5884
90.0000 2800.0000
100.0000 2800.0000
110.0000 2690.1274
120.0000 2714.0869
130.0000 2750.7784
140.0000 2706.1990
150.0000 2685.7033
160.0000 2744.2962
170.0000 2790.2964
180.0000 2763.7998
190.0000 2675.0233
200.0000 2572.2555
210.0000 2210.2238
220.0000 2199.1832
230.0000 2467.3174
240.0000 2597.4403
250.0000 2472.1523
260.0000 2488.1444
270.0000 2383.1156
280.0000 2180.3295
290.0000 1907.7418
300.0000 1078.5536
310.0000 2359.0481
320.0000 2800.0000
330.0000 2289.6186
340.0000 2579.1457
350.0000 2800.0000
360.0000 2800.0000
370.0000 2800.0000
380.0000 2555.7329
390.0000 2501.8713
400.0000 2683.8361
410.0000 2784.3183
420.0000 2535.7894
430.0000 2800.0000
440.0000 2800.0000
450.0000 2731.4988
460.0000 2013.4500
470.0000 2800.0000
480.0000 2800.0000
490.0000 2800.0000
500.0000 2800.0000
510.0000 2800.0000
520.0000 2800.0000
530.0000 2658.5630
540.0000 1780.8886
550.0000 2600.0195
560.0000 2421.7831
570.0000 2800.0000
580.0000 2800.0000
590.0000 2800.0000
600.0000 2549.2088
610.0000 1944.6213
620.0000 2800.0000
630.0000 1943.0210
640.0000 1632.6201
650.0000 2800.0000
660.0000 2800.0000
670.0000 2800.0000
680.0000 2715.9117
690.0000 2800.0000
700.0000 2652.9351
710.0000 1609.5476
720.0000 2800.0000
730.0000 2767.3406
740.0000 2590.5886
750.0000 2800.0000
760.0000 2776.7471
770.0000 2795.7219
780.0000 2640.0614
790.0000 1152.8103
800.0000 2266.7013
810.0000 2605.4865
820.0000 2800.0000
830.0000 2099.5433
840.0000 2342.0235
850.0000 2656.1236
860.0000 2425.3351
870.0000 2157.4951
880.0000 2642.6466
890.0000 2298.8623
900.0000 2800.0000
910.0000 2259.9827
920.0000 2762.5136
930.0000 1848.0683
940.0000 2085.0664
950.0000 2156.5649
960.0000 2800.0000
970.0000 1607.9473
980.0000 1617.8857
990.0000 2800.0000
1000.0000 2800.0000
1010.0000 2636.0364
1020.0000 2800.0000
1030.0000 2629.1543
1040.0000 2176.1113
1050.0000 2419.3619
1060.0000 2366.5767
1070.0000 2007.4074
1080.0000 2755.7911
1090.0000 2339.6072
1100.0000 1782.1055
1110.0000 2649.1325
1120.0000 2200.3622
1130.0000 2527.3956
1140.0000 2694.2177
1150.0000 2800.0000
1160.0000 2555.1085
1170.0000 2409.7888
1180.0000 2800.0000
1190.0000 2024.5372
1200.0000 2774.0311
1210.0000 2565.8576
1220.0000 2613.5178
1230.0000 1796.3432
1240.0000 1367.6656
1250.0000 2709.7769
1260.0000 2800.0000
1270.0000 2800.0000
1280.0000 2062.7709
1290.0000 2800.0000
1300.0000 2800.0000
1310.0000 2782.8377
1320.0000 1954.5244
1330.0000 2667.2312
1340.0000 2596.5778
1350.0000 2800.0000
1360.0000 2797.3366
1370.0000 2650.7016
1380.0000 2416.2600
1390.0000 2800.0000
1400.0000 2800.0000
1410.0000 2526.1375
1420.0000 2800.0000
1430.0000 2687.9192
1440.0000 2693.8762
1450.0000 2201.0098
1460.0000 2017.9802
1470.0000 1812.8259
1480.0000 2524.0671
1490.0000 2234.6137
1500.0000 1714.0361
1510.0000 2222.4874
1520.0000 2013.0147
1530.0000 1889.3863
1540.0000 1306.8382
1550.0000 1484.5167
1560.0000 2075.2919
1570.0000 2070.3216
1580.0000 2070.9280
1590.0000 2363.2697
1600.0000 2476.1468
1610.0000 2106.6310
1620.0000 2038.9680
1630.0000 2003.6496
1640.0000 1956.0447
1650.0000 1839.8646
1660.0000 2281.6787
1670.0000 2590.5962
1680.0000 2125.4876
1690.0000 2800.0000
1700.0000 2591.6551
1710.0000 2238.3750
1720.0000 2641.6325
1730.0000 2800.0000
1740.0000 2445.7946
1750.0000 1780.3677
1760.0000 2328.5598
1770.0000 2702.6166
1780.0000 1743.7309
1790.0000 2788.9600
1800.0000 2249.1308
1810.0000 2707.7279
1820.0000 2337.0499
1830.0000 2788.1927
1840.0000 2795.5254
1850.0000 2169.9665
1860.0000 2800.0000
1870.0000 2758.1395
1880.0000 2574.1861
1890.0000 2725.2171
1900.0000 2800.0000
1910.0000 2206.3298
1920.0000 2084.0933
1930.0000 2060.6218
1940.0000 1174.8589
1950.0000 1803.2175
1960.0000 2260.1442
1970.0000 2078.1619
1980.0000 1874.6419
1990.0000 2131.6287
2000.0000 2117.5020
2010.0000 1870.1684
2020.0000 2145.5484
2030.0000 2198.1349
2040.0000 1711.0816
2050.0000 1198.4648
2060.0000 1840.6311
2070.0000 2037.8847
2080.0000 2370.9694
2090.0000 2082.6360
2100.0000 2052.7466
2110.0000 1845.2478
2120.0000 1699.8089
2130.0000 2187.9107
2140.0000 2140.2476
2150.0000 1772.7823
2160.0000 1674.2700
2170.0000 1690.9291
2180.0000 1423.7485
2190.0000 2587.6680
2200.0000 1730.4069
2210.0000 2122.0204
2220.0000 2581.2774
2230.0000 1951.9960
2240.0000 2453.8359
2250.0000 1823.9102
2260.0000 1917.0093
2270.0000 1648.5266
2280.0000 2442.9329
2290.0000 1740.4313
2300.0000 2626.0585
2310.0000 1894.0528
2320.0000 1750.9563
2330.0000 2483.3376
2340.0000 2621.7192
2350.0000 2552.0248
2360.0000 1755.6520
2370.0000 2800.0000
2380.0000 2800.0000
2390.0000 2800.0000
2400.0000 2800.0000
2410.0000 2274.3420
2420.0000 2800.0000
2430.0000 2508.3749
2440.0000 2414.8623
2450.0000 1948.0715
2460.0000 2420.9535
2470.0000 2800.0000
2480.0000 2729.2559
2490.0000 2800.0000
2500.0000 2103.2524
2510.0000 2615.0961
2520.0000 1964.6229
2530.0000 2544.8442
2540.0000 2513.0453
2550.0000 1504.6976
2560.0000 2638.5001
2570.0000 1577.1955
2580.0000 2800.0000
2590.0000 2800.0000
2600.0000 2329.7202
2610.0000 2044.0025
2620.0000 1956.4443
2630.0000 2285.9194
2640.0000 1580.3553
2650.0000 2443.2071
2660.0000 2800.0000
2670.0000 1467.1241
2680.0000 2519.1671
2690.0000 2800.0000
2700.0000 2510.0271
2710.0000 2527.0724
2720.0000 2508.7397
2730.0000 2787.0842
2740.0000 2468.5445
2750.0000 2171.7680
2760.0000 1872.0529
2770.0000 2800.0000
2780.0000 2658.3570
2790.0000 2773.7770
2800.0000 1558.9834
2810.0000 2390.6775
2820.0000 2110.5551
2830.0000 2800.0000
2840.0000 2377.6235
2850.0000 2716.2539
2860.0000 2300.6595
2870.0000 2733.7185
2880.0000 2651.5103
2890.0000 1873.2665
2900.0000 2304.7878
2910.0000 2439.4683
2920.0000 2371.0546
2930.0000 2800.0000
2940.0000 2800.0000
2950.0000 2610.3231
2960.0000 2800.0000
2970.0000 2800.0000
2980.0000 2800.0000
2990.0000 2800.0000
3000.0000 1879.1908
3010.0000 2634.2971
3020.0000 2800.0000
3030.0000 2592.8874
3040.0000 2750.5006
3050.0000 2615.8411
3060.0000 2524.8275
3070.0000 2274.8307
3080.0000 2122.6752
3090.0000 2313.9831
3100.0000 2140.4688
3110.0000 2133.8681
3120.0000 1637.6526
3130.0000 2264.5128
3140.0000 1445.6315
3150.0000 732.6668
3160.0000 1573.2426
3170.0000 1348.8811
3180.0000 1460.6344
3190.0000 1491.1538
3200.0000 1394.0321
3210.0000 1872.8757
3220.0000 1998.5533
3230.0000 1864.2741
