0.0000 0.0000
10.0000 2144.6863
20.0000 2008.8936
30.0000 2156.5878
40.0000 2140.9393
50.0000 2031.5952
60.0000 1858.6806
70.0000 1631.1586
80.0000 1604.6701
90.0000 1901.1242
100.0000 2065.0650
110.0000 2124.9585
120.0000 2148.7566
130.0000 2197.3202
140.0000 2233.4371
150.0000 2075.6179
160.0000 1875.4463
170.0000 1726.2005
180.0000 1581.9396
190.0000 1494.9889
200.0000 1336.0862
210.0000 1062.6750
220.0000 900.1078
230.0000 815.2095
240.0000 854.6514
250.0000 981.1666
260.0000 1216.5807
270.0000 1148.4184
280.0000 1089.1611
290.0000 1407.7280
300.0000 2484.6450
310.0000 1818.6250
320.0000 2339.9811
330.0000 2800.0000
340.0000 2800.0000
350.0000 2765.7281
360.0000 2705.6090
370.0000 2435.8987
380.0000 2487.9992
390.0000 2465.8197
400.0000 2636.7191
410.0000 2800.0000
420.0000 1991.5260
430.0000 2800.0000
440.0000 2269.4339
450.0000 2800.0000
460.0000 2470.9109
470.0000 2190.4139
480.0000 1709.3187
490.0000 2800.0000
500.0000 2342.2575
510.0000 2800.0000
520.0000 2800.0000
530.0000 2143.1112
540.0000 2664.5291
550.0000 2488.2880
560.0000 2264.3556
570.0000 2800.0000
580.0000 2731.4768
590.0000 2183.8112
600.0000 2662.9725
610.0000 2266.1892
620.0000 2663.3355
630.0000 2185.0321
640.0000 2123.1948
650.0000 1860.0622
660.0000 1786.6243
670.0000 1948.1272
680.0000 1651.9330
690.0000 2359.9857
700.0000 2727.9822
710.0000 2381.0044
720.0000 1854.7631
730.0000 2435.4599
740.0000 2482.3114
750.0000 2111.7052
760.0000 2092.0486
770.0000 2107.6146
780.0000 2220.1349
790.0000 2411.4950
800.0000 2187.9472
810.0000 2800.0000
820.0000 2569.9769
830.0000 2516.6740
840.0000 2764.9064
850.0000 2800.0000
860.0000 2781.9813
870.0000 2130.8164
880.0000 2209.9578
890.0000 2147.1886
900.0000 2321.0749
910.0000 2199.0371
920.0000 2134.7276
930.0000 2295.2954
940.0000 2754.4757
950.0000 2069.8473
960.0000 2469.3363
970.0000 2332.7088
980.0000 2566.8505
990.0000 1760.6555
1000.0000 2800.0000
1010.0000 2660.8194
1020.0000 2551.5976
1030.0000 2680.9254
1040.0000 1974.1733
1050.0000 2653.0112
1060.0000 2542.5732
1070.0000 2465.6240
1080.0000 2043.3728
1090.0000 1940.6644
1100.0000 2637.7213
1110.0000 2312.6087
1120.0000 1346.2565
1130.0000 1467.5595
1140.0000 2304.1365
1150.0000 2458.4184
1160.0000 2453.4066
1170.0000 2409.2199
1180.0000 2626.4811
1190.0000 2724.5678
1200.0000 2550.5500
1210.0000 1874.1107
1220.0000 2284.3389
1230.0000 2035.5418
1240.0000 2800.0000
1250.0000 2465.5221
1260.0000 2800.0000
1270.0000 2800.0000
1280.0000 2271.3597
1290.0000 2336.1832
1300.0000 2231.6180
1310.0000 2097.0601
1320.0000 1624.3641
1330.0000 2469.6671
1340.0000 2464.9518
1350.0000 1925.0525
1360.0000 2114.8485
1370.0000 2036.0017
1380.0000 2171.5346
1390.0000 1966.3314
1400.0000 1683.6182
1410.0000 2622.4307
1420.0000 2181.7089
1430.0000 939.8946
1440.0000 2711.0810
1450.0000 2598.4553
1460.0000 2464.1726
1470.0000 2599.4422
1480.0000 2800.0000
1490.0000 2669.2372
1500.0000 2462.0572
1510.0000 2603.9138
1520.0000 2140.5493
1530.0000 2800.0000
1540.0000 2604.6289
1550.0000 2215.4679
1560.0000 2541.7847
1570.0000 2099.9987
1580.0000 2343.1062
1590.0000 1926.9986
1600.0000 2337.4275
1610.0000 2371.3204
1620.0000 2390.9934
1630.0000 2107.9573
1640.0000 2069.5507
1650.0000 1936.7701
1660.0000 2045.0019
1670.0000 2353.8238
1680.0000 2394.1101
1690.0000 1864.3558
1700.0000 1890.0022
1710.0000 1472.0046
1720.0000 2800.0000
1730.0000 2800.0000
1740.0000 2426.4713
1750.0000 2176.3036
1760.0000 2800.0000
1770.0000 2772.8390
1780.0000 2509.3667
1790.0000 2073.1260
1800.0000 1315.8036
1810.0000 2161.5330
1820.0000 2317.9979
1830.0000 2800.0000
1840.0000 2483.4518
1850.0000 2800.0000
1860.0000 2560.9680
1870.0000 2716.9564
1880.0000 2774.7245
1890.0000 2800.0000
1900.0000 2359.9948
1910.0000 2800.0000
1920.0000 2800.0000
1930.0000 2800.0000
1940.0000 1934.1616
1950.0000 2606.1077
1960.0000 2581.4923
1970.0000 2689.4921
1980.0000 2800.0000
1990.0000 2638.1406
2000.0000 2747.1244
2010.0000 2530.7900
2020.0000 2800.0000
2030.0000 2800.0000
2040.0000 2186.6179
2050.0000 2464.9860
2060.0000 2432.5727
2070.0000 2720.1686
2080.0000 2278.8581
2090.0000 2489.5482
2100.0000 2528.5805
2110.0000 2376.7369
2120.0000 2077.2460
2130.0000 2014.3220
2140.0000 2074.5438
2150.0000 2178.7209
2160.0000 2236.7762
2170.0000 1686.4466
2180.0000 2256.1576
2190.0000 2014.7560
2200.0000 2081.4507
2210.0000 2228.3345
2220.0000 2126.4543
2230.0000 1304.9079
2240.0000 2257.4461
2250.0000 2232.9640
2260.0000 1528.0597
2270.0000 2150.5542
2280.0000 1727.3418
2290.0000 1606.6618
2300.0000 1509.6408
2310.0000 1626.2049
2320.0000 1592.6591
2330.0000 2097.7197
2340.0000 2616.7434
2350.0000 1977.5852
2360.0000 1721.9867
2370.0000 1609.0328
2380.0000 2266.9409
2390.0000 1763.1447
2400.0000 998.7169
2410.0000 1015.4331
2420.0000 1089.7515
2430.0000 900.6122
2440.0000 1569.3594
2450.0000 1020.4060
2460.0000 1448.1680
2470.0000 1625.6084
2480.0000 1532.5150
2490.0000 1676.5563
2500.0000 1992.7426
2510.0000 1512.1720
2520.0000 1843.2603
2530.0000 1572.7418
2540.0000 1213.1941
2550.0000 1102.0994
2560.0000 1148.3667
2570.0000 1282.2917
2580.0000 1003.1957
2590.0000 886.1968
2600.0000 2462.9968
2610.0000 2800.0000
2620.0000 2800.0000
2630.0000 2596.0360
2640.0000 2800.0000
2650.0000 1716.3126
2660.0000 2609.0049
2670.0000 1367.3644
2680.0000 2800.0000
2690.0000 2717.8996
2700.0000 2800.0000
2710.0000 2527.3455
2720.0000 2606.8597
2730.0000 2696.5974
2740.0000 2750.4609
2750.0000 2800.0000
2760.0000 2461.0763
2770.0000 2504.0887
2780.0000 2800.0000
2790.0000 2800.0000
2800.0000 2800.0000
2810.0000 2800.0000
2820.0000 2383.3020
2830.0000 2451.8771
2840.0000 2800.0000
2850.0000 2594.4112
2860.0000 2800.0000
2870.0000 2710.4774
2880.0000 2800.0000
2890.0000 2734.6465
2900.0000 2800.0000
2910.0000 2594.3085
2920.0000 2458.9041
2930.0000 2122.2226
2940.0000 1763.5021
2950.0000 2800.0000
2960.0000 2800.0000
2970.0000 2403.3692
2980.0000 2219.8847
2990.0000 2449.2918
3000.0000 2586.9117
3010.0000 2579.0927
3020.0000 2546.2902
3030.0000 2800.0000
3040.0000 2650.1220
3050.0000 2441.0559
3060.0000 2768.4274
3070.0000 2277.9381
3080.0000 2496.0312
3090.0000 2756.4480
3100.0000 2611.9351
3110.0000 1770.9698
3120.0000 2800.0000
3130.0000 2615.4324
3140.0000 2800.0000
3150.0000 2452.4986
3160.0000 1784.3503
3170.0000 2573.0947
3180.0000 2292.6528
3190.0000 2800.0000
3200.0000 2457.9888
3210.0000 2695.4520
3220.0000 2700.6931
3230.0000 1921.6932
