0.0000 0.0000
10.0000 2700.2835
20.0000 2800.0000
30.0000 2800.0000
40.0000 2694.5379
50.0000 2435.6456
60.0000 2279.4053
70.0000 2267.1731
80.0000 2196.1904
90.0000 2177.6557
100.0000 2223.9290
110.0000 2282.3160
120.0000 2373.3726
130.0000 2451.1003
140.0000 2547.4666
150.0000 2727.5313
160.0000 2283.4091
170.0000 2507.5727
180.0000 2181.0733
190.0000 2297.4790
200.0000 2416.2845
210.0000 2218.3326
220.0000 2294.2809
230.0000 1874.2310
240.0000 2389.4693
250.0000 2705.9326
260.0000 2800.0000
270.0000 2800.0000
280.0000 2730.0430
290.0000 2708.0187
300.0000 2800.0000
310.0000 2800.0000
320.0000 2800.0000
330.0000 2800.0000
340.0000 2600.1074
350.0000 2536.4641
360.0000 2479.9118
370.0000 2539.9120
380.0000 2608.4013
390.0000 2604.2536
400.0000 2671.2137
410.0000 2683.8677
420.0000 2720.5731
430.0000 2625.4783
440.0000 2280.6515
450.0000 2287.4418
460.0000 2377.8971
470.0000 2104.7409
480.0000 2017.0770
490.0000 2000.9811
500.0000 991.6502
510.0000 1642.0768
520.0000 1746.9971
530.0000 1912.1413
540.0000 1862.1639
550.0000 2421.8338
560.0000 2654.2965
570.0000 2524.5765
580.0000 2800.0000
590.0000 2751.9346
600.0000 2436.0575
610.0000 2722.8109
620.0000 2800.0000
630.0000 2609.1965
640.0000 2402.6096
650.0000 2777.8064
660.0000 2800.0000
670.0000 2300.2865
680.0000 2125.9709
690.0000 2800.0000
700.0000 2580.4896
710.0000 2800.0000
720.0000 2800.0000
730.0000 2499.4014
740.0000 1884.9560
750.0000 1736.2096
760.0000 1658.4561
770.0000 851.9116
780.0000 1033.0132
790.0000 1123.5764
800.0000 1800.6758
810.0000 1480.4712
820.0000 1730.0190
830.0000 2800.0000
840.0000 2481.0578
850.0000 2668.5013
860.0000 2725.1081
870.0000 2750.5366
880.0000 2362.2858
890.0000 1986.5380
900.0000 2800.0000
910.0000 2315.4511
920.0000 2437.4770
930.0000 1785.6400
940.0000 2515.7975
950.0000 2742.0806
960.0000 2230.2000
970.0000 2336.2517
980.0000 2173.2333
990.0000 1599.6592
1000.0000 1677.6754
1010.0000 1767.9277
1020.0000 1671.8270
1030.0000 1425.5605
1040.0000 1177.8001
1050.0000 1330.6782
1060.0000 1390.3178
1070.0000 1424.3766
1080.0000 1427.3228
1090.0000 1470.5173
1100.0000 1717.1652
1110.0000 1741.7860
1120.0000 2265.8949
1130.0000 1860.1076
1140.0000 1853.5998
1150.0000 1426.1871
1160.0000 1757.5699
1170.0000 2376.1274
1180.0000 2272.3059
1190.0000 2619.7708
1200.0000 2051.1231
1210.0000 2454.4012
1220.0000 2720.8381
1230.0000 2115.1724
1240.0000 1094.5026
1250.0000 2711.5251
1260.0000 2342.3014
1270.0000 2576.9138
1280.0000 2129.8763
1290.0000 2800.0000
1300.0000 2480.7793
1310.0000 2291.6484
1320.0000 1934.5683
1330.0000 2433.8481
1340.0000 2667.7786
1350.0000 1525.0669
1360.0000 2534.5058
1370.0000 2384.0820
1380.0000 2783.5016
1390.0000 2800.0000
1400.0000 2414.2526
1410.0000 2368.5549
1420.0000 2602.8563
1430.0000 2459.6361
1440.0000 2800.0000
1450.0000 1753.9880
1460.0000 2800.0000
1470.0000 2752.7536
1480.0000 2800.0000
1490.0000 2800.0000
1500.0000 2800.0000
1510.0000 2411.2350
1520.0000 2379.0294
1530.0000 2755.6482
1540.0000 2494.7345
1550.0000 2036.2957
1560.0000 2538.3652
1570.0000 2800.0000
1580.0000 2800.0000
1590.0000 2556.8247
1600.0000 2757.7259
1610.0000 2440.7710
1620.0000 2277.6842
1630.0000 2423.2199
1640.0000 2426.8488
1650.0000 1989.2012
1660.0000 2608.0733
1670.0000 2543.5243
1680.0000 2469.0611
1690.0000 2175.4961
1700.0000 2621.9694
1710.0000 2560.8470
1720.0000 2271.7488
1730.0000 2150.6048
1740.0000 2722.1616
1750.0000 2749.8147
1760.0000 1818.0856
1770.0000 2800.0000
1780.0000 2373.5302
1790.0000 2590.5019
1800.0000 2233.3301
1810.0000 2222.2806
1820.0000 2328.8633
1830.0000 1743.0845
1840.0000 2033.6264
1850.0000 2044.8732
1860.0000 2141.7637
1870.0000 2253.6212
1880.0000 1708.4457
1890.0000 2269.8992
1900.0000 2142.8871
1910.0000 2101.0989
1920.0000 1958.3206
1930.0000 1916.6949
1940.0000 2074.3368
1950.0000 1980.4420
1960.0000 2083.9689
1970.0000 1648.7026
1980.0000 1731.0880
1990.0000 1594.8864
2000.0000 2413.1009
2010.0000 2800.0000
2020.0000 2344.5287
2030.0000 2800.0000
2040.0000 2345.9725
2050.0000 2800.0000
2060.0000 2513.8038
2070.0000 2314.2112
2080.0000 2299.7125
2090.0000 2800.0000
2100.0000 2286.2219
2110.0000 1875.1977
2120.0000 2438.2744
2130.0000 2800.0000
2140.0000 2574.7251
2150.0000 1849.5926
2160.0000 2383.8277
2170.0000 2538.2108
2180.0000 2389.3069
2190.0000 2467.9866
2200.0000 2800.0000
2210.0000 2705.4350
2220.0000 2577.8233
2230.0000 2483.5585
2240.0000 2138.7974
2250.0000 1896.7117
2260.0000 1236.4009
2270.0000 1826.5445
2280.0000 1835.0214
2290.0000 2006.7814
2300.0000 1838.3107
2310.0000 1605.0148
2320.0000 1747.0164
2330.0000 1837.0066
2340.0000 1574.3181
2350.0000 1525.8378
2360.0000 2022.9688
2370.0000 2005.5788
2380.0000 1575.0404
2390.0000 1899.1305
2400.0000 2410.9399
2410.0000 2337.9273
2420.0000 2422.3470
2430.0000 2099.5089
2440.0000 2296.4696
2450.0000 2097.2425
2460.0000 1859.6059
2470.0000 2138.5429
2480.0000 1897.3496
2490.0000 1772.9835
2500.0000 1925.3674
2510.0000 1966.8202
2520.0000 1604.6318
2530.0000 1350.3629
2540.0000 1446.1182
2550.0000 1721.7723
2560.0000 1913.2025
2570.0000 1890.6771
2580.0000 1516.9413
2590.0000 1627.8878
2600.0000 1526.7704
2610.0000 1541.7086
2620.0000 1234.9061
2630.0000 1002.5177
2640.0000 1111.9617
2650.0000 1156.9981
2660.0000 1285.2063
2670.0000 1345.2240
2680.0000 1616.4622
2690.0000 1073.8960
2700.0000 2226.0108
2710.0000 1950.6756
2720.0000 1739.0163
2730.0000 1703.2786
2740.0000 1702.2226
2750.0000 1717.3373
2760.0000 1535.3989
2770.0000 1436.3513
2780.0000 1154.4098
2790.0000 1276.9920
2800.0000 1138.6213
2810.0000 1719.4140
2820.0000 1562.9882
2830.0000 1409.8938
2840.0000 2246.2946
2850.0000 2145.7743
2860.0000 2134.4276
2870.0000 2010.4716
2880.0000 1601.0089
2890.0000 2241.4165
2900.0000 2236.5651
2910.0000 2029.8321
2920.0000 2258.9059
2930.0000 2129.0137
2940.0000 1377.4192
2950.0000 2252.5873
2960.0000 2444.2884
2970.0000 2500.8655
2980.0000 2419.1479
2990.0000 2800.0000
3000.0000 2403.4518
3010.0000 2317.3380
3020.0000 1861.0143
3030.0000 2278.4479
3040.0000 2004.3095
3050.0000 1387.2941
3060.0000 1866.1374
3070.0000 1497.6636
3080.0000 2004.8702
3090.0000 2038.2633
3100.0000 2305.4492
3110.0000 2800.0000
3120.0000 2800.0000
3130.0000 2728.7588
3140.0000 2011.0464
3150.0000 2523.4500
3160.0000 2662.7188
3170.0000 2800.0000
3180.0000 2618.7955
3190.0000 2449.0167
3200.0000 2117.9890
3210.0000 2174.7755
3220.0000 2404.6927
3230.0000 2483.3348
