0.0000 0.0000
10.0000 2487.4565
20.0000 2334.7146
30.0000 2159.1371
40.0000 2150.6962
50.0000 2202.8650
60.0000 2217.8877
70.0000 2238.5848
80.0000 2107.6939
90.0000 1989.5430
100.0000 1968.1529
110.0000 1811.2236
120.0000 2011.9988
130.0000 2257.3969
140.0000 2385.6673
150.0000 2667.5917
160.0000 2740.4931
170.0000 2647.8050
180.0000 2577.5497
190.0000 2326.2793
200.0000 1985.2937
210.0000 2385.9480
220.0000 2800.0000
230.0000 2390.9782
240.0000 2184.1739
250.0000 2290.7397
260.0000 2665.3761
270.0000 2670.6224
280.0000 2641.8177
290.0000 2653.8294
300.0000 2676.7430
310.0000 2668.8221
320.0000 2591.1918
330.0000 2381.9949
340.0000 2211.2332
350.0000 2198.6812
360.0000 2800.0000
370.0000 2800.0000
380.0000 2800.0000
390.0000 2777.8669
400.0000 2696.4079
410.0000 2691.3601
420.0000 2800.0000
430.0000 2800.0000
440.0000 2655.6288
450.0000 2648.9591
460.0000 2658.9191
470.0000 2601.8957
480.0000 2443.5525
490.0000 2150.8909
500.0000 2800.0000
510.0000 2800.0000
520.0000 2511.2719
530.0000 2690.6858
540.0000 2578.4310
550.0000 2656.2804
560.0000 2472.3900
570.0000 1725.6156
580.0000 2800.0000
590.0000 2800.0000
600.0000 2286.1209
610.0000 2098.2135
620.0000 2599.8113
630.0000 2716.0607
640.0000 2068.1384
650.0000 2800.0000
660.0000 2743.0328
670.0000 1701.4062
680.0000 2721.0008
690.0000 2800.0000
700.0000 2800.0000
710.0000 2800.0000
720.0000 2800.0000
730.0000 2248.0445
740.0000 2800.0000
750.0000 2800.0000
760.0000 2800.0000
770.0000 2488.2987
780.0000 2611.6436
790.0000 2097.2000
800.0000 2518.5553
810.0000 2491.9390
820.0000 2800.0000
830.0000 2532.9921
840.0000 2532.9741
850.0000 2494.0663
860.0000 2509.3184
870.0000 2084.3653
880.0000 1723.5356
890.0000 1793.7191
900.0000 1561.1862
910.0000 1962.4144
920.0000 2673.4693
930.0000 1964.5552
940.0000 1533.4851
950.0000 1592.2123
960.0000 2428.9530
970.0000 2511.5167
980.0000 1472.0110
990.0000 1595.6042
1000.0000 1468.2302
1010.0000 1488.4179
1020.0000 1432.5464
1030.0000 1294.0078
1040.0000 2166.8949
1050.0000 2800.0000
1060.0000 2589.7118
1070.0000 1912.4165
1080.0000 2611.7426
1090.0000 2169.2103
1100.0000 1930.4919
1110.0000 2161.5163
1120.0000 1533.9077
1130.0000 2157.7328
1140.0000 2320.2114
1150.0000 1665.3290
1160.0000 1739.6763
1170.0000 2348.7427
1180.0000 1910.9603
1190.0000 1333.6232
1200.0000 1937.5449
1210.0000 1702.6199
1220.0000 2180.9966
1230.0000 1357.0762
1240.0000 2039.3730
1250.0000 2800.0000
1260.0000 2230.4412
1270.0000 2147.4005
1280.0000 2424.4220
1290.0000 2204.5943
1300.0000 2119.4271
1310.0000 1844.2649
1320.0000 1656.0846
1330.0000 1843.3268
1340.0000 2130.5177
1350.0000 2047.5065
1360.0000 1539.6844
1370.0000 1523.6077
1380.0000 1583.9382
1390.0000 1784.0944
1400.0000 1460.2952
1410.0000 1910.7542
1420.0000 2388.6486
1430.0000 2222.5007
1440.0000 2128.7685
1450.0000 2231.2357
1460.0000 1897.0755
1470.0000 1970.6360
1480.0000 2528.9607
1490.0000 1774.7244
1500.0000 2161.3725
1510.0000 1914.5781
1520.0000 2319.9822
1530.0000 2466.6407
1540.0000 2098.3840
1550.0000 2059.5266
1560.0000 1956.8434
1570.0000 1817.2844
1580.0000 1874.4941
1590.0000 1776.2381
1600.0000 1853.5953
1610.0000 1908.0988
1620.0000 1741.3213
1630.0000 1495.3468
1640.0000 1597.4988
1650.0000 2060.6809
1660.0000 1211.0392
1670.0000 1540.1493
1680.0000 1721.3129
1690.0000 1865.7445
1700.0000 1425.7043
1710.0000 1586.3609
1720.0000 1605.9377
1730.0000 782.3586
1740.0000 2247.8019
1750.0000 1006.8013
1760.0000 2315.4193
1770.0000 2800.0000
1780.0000 2517.3499
1790.0000 2093.5316
1800.0000 2297.4933
1810.0000 2800.0000
1820.0000 1843.2570
1830.0000 2434.3383
1840.0000 2800.0000
1850.0000 1558.2838
1860.0000 1245.4305
1870.0000 1857.4458
1880.0000 546.5874
1890.0000 2113.0577
1900.0000 2004.4103
1910.0000 2556.6280
1920.0000 2119.8994
1930.0000 2398.3594
1940.0000 1780.7863
1950.0000 1975.5765
1960.0000 1972.2024
1970.0000 1729.4226
1980.0000 1647.9365
1990.0000 1801.2321
2000.0000 1697.5776
2010.0000 1971.0443
2020.0000 1650.8214
2030.0000 1670.3195
2040.0000 1762.7290
2050.0000 1997.0103
2060.0000 2087.1076
2070.0000 2037.9710
2080.0000 1866.7586
2090.0000 2088.9849
2100.0000 1503.8287
2110.0000 1254.5702
2120.0000 2001.9389
2130.0000 1678.1759
2140.0000 1978.9977
2150.0000 1822.6485
2160.0000 1400.1541
2170.0000 2059.8650
2180.0000 2608.3738
2190.0000 2460.6656
2200.0000 1928.9214
2210.0000 2722.2269
2220.0000 2531.2995
2230.0000 1595.5983
2240.0000 2395.5026
2250.0000 2400.1098
2260.0000 2292.4254
2270.0000 1599.1654
2280.0000 2800.0000
2290.0000 2800.0000
2300.0000 2800.0000
2310.0000 2800.0000
2320.0000 2780.4664
2330.0000 2800.0000
2340.0000 2354.4371
2350.0000 2800.0000
2360.0000 2800.0000
2370.0000 2183.9703
2380.0000 2581.7074
2390.0000 2730.4335
2400.0000 2038.9711
2410.0000 2250.0596
2420.0000 1343.4079
2430.0000 2592.2546
2440.0000 2409.4070
2450.0000 1984.1934
2460.0000 2657.7133
2470.0000 2594.9890
2480.0000 2383.0952
2490.0000 2581.3168
2500.0000 2800.0000
2510.0000 2766.2227
2520.0000 2532.7120
2530.0000 2237.7028
2540.0000 2228.9337
2550.0000 2093.9837
2560.0000 1757.7918
2570.0000 2438.9716
2580.0000 2329.4451
2590.0000 1850.2521
2600.0000 2267.0437
2610.0000 1930.9699
2620.0000 1795.2012
2630.0000 1642.6821
2640.0000 1713.1534
2650.0000 1710.7014
2660.0000 1775.2394
2670.0000 1768.2318
2680.0000 1507.0998
2690.0000 1490.6289
2700.0000 1527.8160
2710.0000 1813.0790
2720.0000 2680.3298
2730.0000 2500.4995
2740.0000 2319.4183
2750.0000 2018.6483
2760.0000 2557.7645
2770.0000 2602.7978
2780.0000 2557.7445
2790.0000 2800.0000
2800.0000 2584.3457
2810.0000 2324.6544
2820.0000 1771.9406
2830.0000 1530.4194
2840.0000 2394.5908
2850.0000 2353.2998
2860.0000 2309.0402
2870.0000 1287.7196
2880.0000 1941.9209
2890.0000 2305.1121
2900.0000 1213.3010
2910.0000 2800.0000
2920.0000 2607.8448
2930.0000 2800.0000
2940.0000 2800.0000
2950.0000 2800.0000
2960.0000 2800.0000
2970.0000 2800.0000
2980.0000 2800.0000
2990.0000 2575.6934
3000.0000 2598.0127
3010.0000 2323.2173
3020.0000 2800.0000
3030.0000 2354.7495
3040.0000 2800.0000
3050.0000 2800.0000
3060.0000 2800.0000
3070.0000 2800.0000
3080.0000 2217.8822
3090.0000 2404.5517
3100.0000 1390.3662
3110.0000 1650.7796
3120.0000 2485.3611
3130.0000 2346.3188
3140.0000 2800.0000
3150.0000 2800.0000
3160.0000 2800.0000
3170.0000 2800.0000
3180.0000 2800.0000
3190.0000 2537.9026
3200.0000 2563.3536
3210.0000 2405.0917
3220.0000 2800.0000
3230.0000 2501.9779
