0.0000 0.0000
10.0000 2714.1509
20.0000 2710.3837
30.0000 2755.3336
40.0000 2777.3459
50.0000 2800.0000
60.0000 2800.0000
70.0000 2800.0000
80.0000 2800.0000
90.0000 2715.0534
100.0000 2600.9827
110.0000 2599.4795
120.0000 2649.9242
130.0000 2633.9641
140.0000 2605.2867
150.0000 2533.2389
160.0000 2189.9666
170.0000 2377.1643
180.0000 2800.0000
190.0000 2703.3747
200.0000 2440.5953
210.0000 2800.0000
220.0000 2800.0000
230.0000 2224.6987
240.0000 2313.7447
250.0000 2800.0000
260.0000 2800.0000
270.0000 2800.0000
280.0000 2800.0000
290.0000 2499.1807
300.0000 2370.0861
310.0000 2660.5597
320.0000 2800.0000
330.0000 2800.0000
340.0000 2800.0000
350.0000 2619.2649
360.0000 2230.0977
370.0000 1930.3905
380.0000 2363.4234
390.0000 2754.5038
400.0000 2710.1884
410.0000 2756.2391
420.0000 2151.1409
430.0000 2766.9174
440.0000 2800.0000
450.0000 2800.0000
460.0000 2139.8679
470.0000 2167.2541
480.0000 2441.4127
490.0000 2572.6821
500.0000 2633.4567
510.0000 2800.0000
520.0000 2186.1302
530.0000 2129.6494
540.0000 2523.4268
550.0000 2412.4078
560.0000 2737.0112
570.0000 2160.9411
580.0000 1306.7452
590.0000 2044.1027
600.0000 2607.9702
610.0000 2515.3815
620.0000 1948.0208
630.0000 2290.5392
640.0000 2272.7949
650.0000 1913.4709
660.0000 2142.6827
670.0000 2056.1683
680.0000 1997.3068
690.0000 2560.7567
700.0000 2520.8210
710.0000 2332.2278
720.0000 2212.6607
730.0000 2707.3644
740.0000 2185.9474
750.0000 2339.4031
760.0000 2800.0000
770.0000 1818.4247
780.0000 2800.0000
790.0000 2800.0000
800.0000 2222.1732
810.0000 2320.7722
820.0000 2571.0352
830.0000 2119.9333
840.0000 2241.5604
850.0000 2800.0000
860.0000 1698.8915
870.0000 2352.0141
880.0000 2800.0000
890.0000 2800.0000
900.0000 2518.2142
910.0000 2302.0191
920.0000 2800.0000
930.0000 2800.0000
940.0000 2426.5043
950.0000 2481.0125
960.0000 2480.7594
970.0000 2742.4157
980.0000 2198.8268
990.0000 2246.3509
1000.0000 2013.5323
1010.0000 2596.6006
1020.0000 2582.3053
1030.0000 2265.9746
1040.0000 2490.3171
1050.0000 2080.9628
1060.0000 2216.4279
1070.0000 2475.1399
1080.0000 2770.5731
1090.0000 1851.9499
1100.0000 2325.7414
1110.0000 2121.5257
1120.0000 2377.6044
1130.0000 2145.7804
1140.0000 2315.1625
1150.0000 1886.9325
1160.0000 2258.2010
1170.0000 1665.3353
1180.0000 1743.2889
1190.0000 2646.2391
1200.0000 1908.4003
1210.0000 2509.9015
1220.0000 2511.7622
1230.0000 852.1664
1240.0000 2400.2371
1250.0000 2341.4974
1260.0000 2730.8917
1270.0000 2308.1868
1280.0000 2303.5145
1290.0000 2480.1602
1300.0000 2800.0000
1310.0000 2670.5619
1320.0000 2800.0000
1330.0000 2800.0000
1340.0000 2528.9510
1350.0000 2341.7603
1360.0000 2800.0000
1370.0000 2324.0215
1380.0000 2800.0000
1390.0000 2075.0406
1400.0000 2800.0000
1410.0000 2278.8957
1420.0000 1623.3852
1430.0000 2800.0000
1440.0000 2800.0000
1450.0000 2573.1380
1460.0000 2565.7246
1470.0000 2596.4608
1480.0000 2800.0000
1490.0000 2136.3120
1500.0000 2800.0000
1510.0000 2800.0000
1520.0000 2800.0000
1530.0000 2510.1584
1540.0000 2558.0152
1550.0000 2800.0000
1560.0000 2800.0000
1570.0000 2800.0000
1580.0000 2422.8963
1590.0000 2108.1318
1600.0000 2800.0000
1610.0000 2501.0610
1620.0000 2129.3856
1630.0000 2686.8547
1640.0000 2198.4554
1650.0000 2606.6615
1660.0000 1936.7771
1670.0000 2428.0644
1680.0000 2430.4132
1690.0000 2215.3203
1700.0000 2800.0000
1710.0000 2724.0676
1720.0000 2800.0000
1730.0000 2757.6632
1740.0000 1885.8895
1750.0000 2464.9516
1760.0000 2696.0005
1770.0000 2489.5320
1780.0000 2737.3975
1790.0000 2718.2394
1800.0000 2136.0477
1810.0000 2357.7695
1820.0000 2800.0000
1830.0000 2306.8840
1840.0000 2717.0525
1850.0000 2273.9863
1860.0000 2609.5024
1870.0000 2800.0000
1880.0000 2589.4737
1890.0000 2298.0963
1900.0000 1909.8291
1910.0000 2621.5007
1920.0000 2711.6106
1930.0000 2408.5692
1940.0000 2227.5724
1950.0000 2493.6427
1960.0000 2506.5900
1970.0000 2029.8589
1980.0000 2461.5451
1990.0000 2800.0000
2000.0000 2359.1067
2010.0000 2427.7856
2020.0000 2619.4088
2030.0000 2629.9169
2040.0000 2359.1305
2050.0000 2154.3032
2060.0000 2186.4054
2070.0000 2800.0000
2080.0000 2800.0000
2090.0000 2595.1855
2100.0000 2779.9157
2110.0000 2143.1559
2120.0000 2800.0000
2130.0000 2800.0000
2140.0000 2746.3456
2150.0000 2463.3342
2160.0000 2800.0000
2170.0000 2800.0000
2180.0000 2562.4892
2190.0000 2292.3152
2200.0000 2530.0871
2210.0000 2628.4169
2220.0000 2254.7902
2230.0000 2800.0000
2240.0000 2746.1989
2250.0000 2800.0000
2260.0000 2800.0000
2270.0000 2578.7630
2280.0000 2728.2648
2290.0000 2323.2362
2300.0000 2325.1787
2310.0000 1839.4403
2320.0000 1661.8920
2330.0000 2507.4100
2340.0000 2282.4656
2350.0000 2123.1712
2360.0000 2800.0000
2370.0000 2800.0000
2380.0000 2235.4779
2390.0000 1840.7835
2400.0000 2800.0000
2410.0000 2516.6504
2420.0000 2800.0000
2430.0000 2800.0000
2440.0000 2800.0000
2450.0000 2547.2291
2460.0000 2800.0000
2470.0000 2088.3881
2480.0000 2800.0000
2490.0000 2108.5367
2500.0000 1799.0705
2510.0000 2683.5721
2520.0000 2728.3359
2530.0000 2579.7494
2540.0000 2210.5089
2550.0000 2213.1375
2560.0000 2758.0245
2570.0000 939.2794
2580.0000 2800.0000
2590.0000 2733.3661
2600.0000 2430.7578
2610.0000 1563.2135
2620.0000 2481.5821
2630.0000 2606.3200
2640.0000 2747.3028
2650.0000 2273.0557
2660.0000 2320.8295
2670.0000 2357.7395
2680.0000 2599.6071
2690.0000 2317.9331
2700.0000 2349.3077
2710.0000 1899.5690
2720.0000 2800.0000
2730.0000 2800.0000
2740.0000 2759.3268
2750.0000 2800.0000
2760.0000 2800.0000
2770.0000 2576.5652
2780.0000 1894.1116
2790.0000 2732.5010
2800.0000 2800.0000
2810.0000 2485.8730
2820.0000 2317.6343
2830.0000 2629.8884
2840.0000 2768.2522
2850.0000 2743.0871
2860.0000 2521.0171
2870.0000 2373.0941
2880.0000 2390.3005
2890.0000 2223.2477
2900.0000 2800.0000
2910.0000 2642.8834
2920.0000 2534.3985
2930.0000 1927.8749
2940.0000 2164.2585
2950.0000 2776.5888
2960.0000 1596.4722
2970.0000 1801.9918
2980.0000 2387.2281
2990.0000 2712.7142
3000.0000 2417.0575
3010.0000 2317.3215
3020.0000 2305.9200
3030.0000 1861.4321
3040.0000 2171.3372
3050.0000 2721.0834
3060.0000 2654.7490
3070.0000 2244.7284
3080.0000 1834.1895
3090.0000 2789.5921
3100.0000 2101.1038
3110.0000 2386.5532
3120.0000 2394.6304
3130.0000 1981.8683
3140.0000 2011.4336
3150.0000 1885.1819
3160.0000 1908.0943
3170.0000 1626.4721
3180.0000 1695.5237
3190.0000 2337.6295
3200.0000 1913.3595
3210.0000 2267.9185
3220.0000 1742.6232
3230.0000 1674.2416
