0.0000 0.0000
10.0000 2066.6207
20.0000 1990.4614
30.0000 1939.1071
40.0000 1712.0859
50.0000 1578.3863
60.0000 1927.9893
70.0000 2162.4262
80.0000 2222.6776
90.0000 2285.5440
100.0000 2405.3008
110.0000 2518.0233
120.0000 2525.2269
130.0000 2497.1200
140.0000 2439.9680
150.0000 2386.3456
160.0000 2263.7192
170.0000 2058.5189
180.0000 2248.1614
190.0000 2501.5228
200.0000 2599.2462
210.0000 2499.4646
220.0000 2314.6797
230.0000 2454.7508
240.0000 2209.7728
250.0000 2692.6637
260.0000 2800.0000
270.0000 2235.0653
280.0000 2643.8993
290.0000 2506.1522
300.0000 2403.4764
310.0000 1939.2942
320.0000 2328.2099
330.0000 2219.6469
340.0000 2416.0902
350.0000 2506.8827
360.0000 1945.1264
370.0000 1533.8402
380.0000 926.5613
390.0000 1680.9517
400.0000 1514.1911
410.0000 2726.3203
420.0000 1790.1176
430.0000 1871.7571
440.0000 2409.3603
450.0000 1923.6146
460.0000 2324.1681
470.0000 2800.0000
480.0000 2257.3369
490.0000 1037.8233
500.0000 1808.7475
510.0000 1393.8376
520.0000 584.8098
530.0000 1999.4386
540.0000 1742.6445
550.0000 2351.0481
560.0000 2665.7407
570.0000 2251.4784
580.0000 2800.0000
590.0000 2540.0518
600.0000 2238.4930
610.0000 2777.9890
620.0000 2609.6924
630.0000 2779.1404
640.0000 2607.3683
650.0000 2695.7141
660.0000 2497.6875
670.0000 2403.6706
680.0000 2800.0000
690.0000 2394.8180
700.0000 2264.2248
710.0000 1817.4190
720.0000 2513.0848
730.0000 2634.8948
740.0000 2757.0265
750.0000 2329.3538
760.0000 2219.6047
770.0000 2344.1926
780.0000 2133.2504
790.0000 2382.0461
800.0000 2153.7228
810.0000 1877.1603
820.0000 1544.0441
830.0000 1786.5800
840.0000 1977.0647
850.0000 1817.1604
860.0000 1318.5623
870.0000 609.9842
880.0000 1161.7107
890.0000 960.4965
900.0000 1154.2297
910.0000 516.8950
920.0000 1322.5199
930.0000 1249.7032
940.0000 1300.3990
950.0000 1084.2007
960.0000 1652.1806
970.0000 1572.5737
980.0000 931.0895
990.0000 1192.7724
1000.0000 938.6369
1010.0000 1172.0230
1020.0000 973.9324
1030.0000 1454.3525
1040.0000 1616.5890
1050.0000 1463.6888
1060.0000 1055.6733
1070.0000 1340.6207
1080.0000 1202.0422
1090.0000 1770.7961
1100.0000 2625.7080
1110.0000 2443.5756
1120.0000 2197.4676
1130.0000 2545.4074
1140.0000 1359.4575
1150.0000 2577.5983
1160.0000 2412.9855
1170.0000 2550.0216
1180.0000 2514.4789
1190.0000 2272.0200
1200.0000 2692.0749
1210.0000 2147.7180
1220.0000 2447.5654
1230.0000 2017.3500
1240.0000 2390.5613
1250.0000 2800.0000
1260.0000 2800.0000
1270.0000 2566.6591
1280.0000 2011.6192
1290.0000 2269.5483
1300.0000 2488.7418
1310.0000 2483.9634
1320.0000 2228.4446
1330.0000 2270.7135
1340.0000 1674.8317
1350.0000 1887.6981
1360.0000 2297.3179
1370.0000 2075.5782
1380.0000 1566.6025
1390.0000 1890.6827
1400.0000 1548.7961
1410.0000 2475.2276
1420.0000 1528.3942
1430.0000 2665.5019
1440.0000 2723.5259
1450.0000 2333.1960
1460.0000 1980.3516
1470.0000 2418.8512
1480.0000 2321.2259
1490.0000 2725.0217
1500.0000 2800.0000
1510.0000 2669.7908
1520.0000 2800.0000
1530.0000 2627.3227
1540.0000 2532.7352
1550.0000 2105.9994
1560.0000 2664.2872
1570.0000 2800.0000
1580.0000 2684.2895
1590.0000 1941.0060
1600.0000 2282.2297
1610.0000 2039.4490
1620.0000 2479.7706
1630.0000 2666.6961
1640.0000 2258.5641
1650.0000 2551.5708
1660.0000 2800.0000
1670.0000 2800.0000
1680.0000 2040.1235
1690.0000 2371.1790
1700.0000 2560.3083
1710.0000 2800.0000
1720.0000 2624.9171
1730.0000 2129.9072
1740.0000 2264.1487
1750.0000 2800.0000
1760.0000 2515.1449
1770.0000 2800.0000
1780.0000 2800.0000
1790.0000 2800.0000
1800.0000 2800.0000
1810.0000 2629.4240
1820.0000 2498.1993
1830.0000 2247.9876
1840.0000 2800.0000
1850.0000 2756.3780
1860.0000 2800.0000
1870.0000 2800.0000
1880.0000 2583.7809
1890.0000 2800.0000
1900.0000 2441.4606
1910.0000 2714.9566
1920.0000 2296.5121
1930.0000 2660.2521
1940.0000 2800.0000
1950.0000 2448.5455
1960.0000 2552.8709
1970.0000 2172.5253
1980.0000 2755.9021
1990.0000 2044.9240
2000.0000 2400.4441
2010.0000 2051.1555
2020.0000 1618.7833
2030.0000 2280.4568
2040.0000 1675.0587
2050.0000 2334.7876
2060.0000 1839.9525
2070.0000 1543.3267
2080.0000 2180.1553
2090.0000 1762.7914
2100.0000 2051.1730
2110.0000 2145.1905
2120.0000 2045.6481
2130.0000 2269.4514
2140.0000 1750.1806
2150.0000 2124.7956
2160.0000 2209.3098
2170.0000 1742.6669
2180.0000 1040.3317
2190.0000 1486.7693
2200.0000 2609.5738
2210.0000 2798.9558
2220.0000 2181.5028
2230.0000 2485.8934
2240.0000 2662.2089
2250.0000 1509.1599
2260.0000 2784.6129
2270.0000 2800.0000
2280.0000 2800.0000
2290.0000 2657.0854
2300.0000 2316.4900
2310.0000 2456.9291
2320.0000 2568.4319
2330.0000 2713.9687
2340.0000 2520.9839
2350.0000 2800.0000
2360.0000 2781.1806
2370.0000 1892.7914
2380.0000 2727.1493
2390.0000 1796.7698
2400.0000 2800.0000
2410.0000 1831.2000
2420.0000 1212.8002
2430.0000 2356.1601
2440.0000 1637.2701
2450.0000 2549.8534
2460.0000 2800.0000
2470.0000 2771.9335
2480.0000 2055.3107
2490.0000 2045.0152
2500.0000 2241.8262
2510.0000 1937.3400
2520.0000 1433.5229
2530.0000 1930.8814
2540.0000 1626.2835
2550.0000 2800.0000
2560.0000 2800.0000
2570.0000 2382.7112
2580.0000 2461.1770
2590.0000 2464.0023
2600.0000 2677.1724
2610.0000 2298.2455
2620.0000 1782.7679
2630.0000 1524.7947
2640.0000 2575.3966
2650.0000 2800.0000
2660.0000 2237.3419
2670.0000 2612.7210
2680.0000 2258.0910
2690.0000 1658.8050
2700.0000 1629.3899
2710.0000 2753.9839
2720.0000 2169.3774
2730.0000 2284.8588
2740.0000 2800.0000
2750.0000 2747.6659
2760.0000 2479.5030
2770.0000 2800.0000
2780.0000 1660.6956
2790.0000 1504.6130
2800.0000 1702.6463
2810.0000 2072.5823
2820.0000 2071.9002
2830.0000 2198.0404
2840.0000 1740.8250
2850.0000 1172.3693
2860.0000 2502.0690
2870.0000 2410.7920
2880.0000 2562.1452
2890.0000 1173.5103
2900.0000 2380.9300
2910.0000 2800.0000
2920.0000 2434.7623
2930.0000 2332.7417
2940.0000 2699.7813
2950.0000 2214.6077
2960.0000 2387.5917
2970.0000 2728.3730
2980.0000 2275.3890
2990.0000 1464.5083
3000.0000 2135.4923
3010.0000 1511.5839
3020.0000 2268.8903
3030.0000 2031.9690
3040.0000 2320.4432
3050.0000 1704.1614
3060.0000 1885.5283
3070.0000 1770.4060
3080.0000 2164.4991
3090.0000 1321.3121
3100.0000 2402.2540
3110.0000 1574.4266
3120.0000 1995.4593
3130.0000 2176.4807
3140.0000 2166.0268
3150.0000 2194.5607
3160.0000 1944.3787
3170.0000 2168.4059
3180.0000 2377.0140
3190.0000 2218.8373
3200.0000 2027.7515
3210.0000 1736.9351
3220.0000 2034.0914
3230.0000 1736.7663
