0.0000 0.0000
10.0000 1432.8075
20.0000 1463.6043
30.0000 1694.3895
40.0000 1709.8585
50.0000 2015.0406
60.0000 2524.5739
70.0000 2524.0431
80.0000 2385.1311
90.0000 2370.3070
100.0000 2377.3413
110.0000 2309.9622
120.0000 2310.5882
130.0000 2399.1750
140.0000 2433.7065
150.0000 2392.0077
160.0000 2342.0362
170.0000 2357.1968
180.0000 2454.1321
190.0000 2608.1481
200.0000 2435.9505
210.0000 2176.1057
220.0000 2423.8186
230.0000 2633.6599
240.0000 2536.0082
250.0000 1888.5132
260.0000 2465.4027
270.0000 2337.7644
280.0000 2118.8311
290.0000 2108.7889
300.0000 1683.9432
310.0000 2800.0000
320.0000 1556.5461
330.0000 1924.7465
340.0000 2156.6631
350.0000 1899.0210
360.0000 2431.3543
370.0000 2291.1084
380.0000 2324.1646
390.0000 2100.4543
400.0000 1984.1301
410.0000 1506.8857
420.0000 1379.3163
430.0000 1366.0056
440.0000 1119.5478
450.0000 1536.8490
460.0000 1092.9237
470.0000 1466.5041
480.0000 1951.2097
490.0000 1814.9366
500.0000 1900.1475
510.0000 2145.4601
520.0000 2494.2536
530.0000 1826.6081
540.0000 2800.0000
550.0000 2611.5522
560.0000 1958.3673
570.0000 2800.0000
580.0000 2160.5579
590.0000 2800.0000
600.0000 2800.0000
610.0000 2800.0000
620.0000 2738.9665
630.0000 2539.0890
640.0000 2398.0159
650.0000 2644.5346
660.0000 2800.0000
670.0000 2648.9062
680.0000 2698.3241
690.0000 2631.0645
700.0000 1804.8973
710.0000 2673.8295
720.0000 2800.0000
730.0000 2800.0000
740.0000 2800.0000
750.0000 2580.7339
760.0000 2383.3078
770.0000 2679.3245
780.0000 2800.0000
790.0000 2636.4292
800.0000 2800.0000
810.0000 2727.5740
820.0000 2800.0000
830.0000 2800.0000
840.0000 2377.5231
850.0000 2494.5986
860.0000 2595.1298
870.0000 2204.1393
880.0000 1914.7798
890.0000 2761.7173
900.0000 2317.6421
910.0000 2800.0000
920.0000 2800.0000
930.0000 2800.0000
940.0000 2015.9500
950.0000 2131.4912
960.0000 1784.6530
970.0000 2112.9484
980.0000 1730.0651
990.0000 1679.0747
1000.0000 1312.7907
1010.0000 1804.3348
1020.0000 1460.4014
1030.0000 1212.0744
1040.0000 1226.6889
1050.0000 1779.9070
1060.0000 1910.9479
1070.0000 2293.7550
1080.0000 2250.6822
1090.0000 2285.0736
1100.0000 2086.2206
1110.0000 1790.0039
1120.0000 1847.6553
1130.0000 2140.7929
1140.0000 1802.4764
1150.0000 2358.6108
1160.0000 2169.2795
1170.0000 2043.9813
1180.0000 1988.1677
1190.0000 1646.3105
1200.0000 2107.7209
1210.0000 2005.4482
1220.0000 2766.8743
1230.0000 2436.7065
1240.0000 1909.5214
1250.0000 1919.2803
1260.0000 1747.0866
1270.0000 1465.7530
1280.0000 1768.4471
1290.0000 1981.6600
1300.0000 1947.6830
1310.0000 1603.1843
1320.0000 1729.9939
1330.0000 2098.8044
1340.0000 2182.2183
1350.0000 2387.2516
1360.0000 2170.5764
1370.0000 2254.9678
1380.0000 1793.7898
1390.0000 1807.4822
1400.0000 1863.3945
1410.0000 2663.7835
1420.0000 2287.8926
1430.0000 1666.5318
1440.0000 1821.1579
1450.0000 1404.5681
1460.0000 1520.4557
1470.0000 2045.1603
1480.0000 1727.1113
1490.0000 1687.8180
1500.0000 1666.5281
1510.0000 2008.2799
1520.0000 1479.1876
1530.0000 1912.2006
1540.0000 2619.5425
1550.0000 2519.1774
1560.0000 2390.1799
1570.0000 1988.1455
1580.0000 1477.2797
1590.0000 2110.7166
1600.0000 1975.3438
1610.0000 1395.9980
1620.0000 2456.8785
1630.0000 2210.8805
1640.0000 2189.1750
1650.0000 2221.4922
1660.0000 2196.9955
1670.0000 2157.2029
1680.0000 2095.6484
1690.0000 1899.5699
1700.0000 1937.8503
1710.0000 2351.1250
1720.0000 2025.0087
1730.0000 1874.6376
1740.0000 2480.8431
1750.0000 1190.3394
1760.0000 1622.9359
1770.0000 1627.1689
1780.0000 1668.6245
1790.0000 1888.4585
1800.0000 1915.1239
1810.0000 1111.9878
1820.0000 1192.1817
1830.0000 1193.8065
1840.0000 1591.7859
1850.0000 2171.2086
1860.0000 1514.7542
1870.0000 1454.0676
1880.0000 2187.4532
1890.0000 2800.0000
1900.0000 2800.0000
1910.0000 1885.8092
1920.0000 2792.6156
1930.0000 2800.0000
1940.0000 2770.5154
1950.0000 1879.9083
1960.0000 2800.0000
1970.0000 2783.0330
1980.0000 2653.1892
1990.0000 2721.8606
2000.0000 2685.2123
2010.0000 2405.0766
2020.0000 2287.8461
2030.0000 2587.1310
2040.0000 2701.6145
2050.0000 2800.0000
2060.0000 2800.0000
2070.0000 2800.0000
2080.0000 2149.3856
2090.0000 2640.9293
2100.0000 2565.6174
2110.0000 2747.3079
2120.0000 1851.0928
2130.0000 2009.4395
2140.0000 2013.9898
2150.0000 2200.8194
2160.0000 2603.8223
2170.0000 2483.5039
2180.0000 2045.2770
2190.0000 1930.7891
2200.0000 2800.0000
2210.0000 2127.0173
2220.0000 2369.9523
2230.0000 2424.5533
2240.0000 2800.0000
2250.0000 2379.3741
2260.0000 2669.4869
2270.0000 2437.6381
2280.0000 1790.9761
2290.0000 2558.3392
2300.0000 2595.1671
2310.0000 1869.5349
2320.0000 2800.0000
2330.0000 2596.6383
2340.0000 2515.1326
2350.0000 2016.3901
2360.0000 2366.0675
2370.0000 1430.9883
2380.0000 2105.9287
2390.0000 1821.5490
2400.0000 1712.7405
2410.0000 2084.6082
2420.0000 2241.6002
2430.0000 1452.9756
2440.0000 1613.8226
2450.0000 1949.7522
2460.0000 1873.9211
2470.0000 1961.3290
2480.0000 2160.5050
2490.0000 1882.3352
2500.0000 1643.4869
2510.0000 1963.6950
2520.0000 2739.8016
2530.0000 2639.3877
2540.0000 2727.0720
2550.0000 2547.1461
2560.0000 2528.7919
2570.0000 2520.8519
2580.0000 2593.3072
2590.0000 2795.1052
2600.0000 2800.0000
2610.0000 2618.1374
2620.0000 2508.4437
2630.0000 2800.0000
2640.0000 2752.4941
2650.0000 2199.6728
2660.0000 2431.5979
2670.0000 2589.8140
2680.0000 1909.4750
2690.0000 1828.6169
2700.0000 1556.0568
2710.0000 1754.8537
2720.0000 2800.0000
2730.0000 2800.0000
2740.0000 1985.7543
2750.0000 2641.1375
2760.0000 2636.7570
2770.0000 2550.2001
2780.0000 2551.2864
2790.0000 1977.7203
2800.0000 1794.9786
2810.0000 1793.5457
2820.0000 1796.5720
2830.0000 1953.8965
2840.0000 2144.5113
2850.0000 1798.4594
2860.0000 1681.2635
2870.0000 1571.1121
2880.0000 2142.9410
2890.0000 2245.0024
2900.0000 1984.3196
2910.0000 2035.0768
2920.0000 1763.8584
2930.0000 2234.0597
2940.0000 2077.7419
2950.0000 1854.7920
2960.0000 2569.6673
2970.0000 1767.6727
2980.0000 1959.2041
2990.0000 2104.0719
3000.0000 2115.8769
3010.0000 2800.0000
3020.0000 2800.0000
3030.0000 2543.2251
3040.0000 2775.5971
3050.0000 2800.0000
3060.0000 2800.0000
3070.0000 2087.1904
3080.0000 2228.5490
3090.0000 1751.5622
3100.0000 2147.4071
3110.0000 2800.0000
3120.0000 2800.0000
3130.0000 2266.2920
3140.0000 2800.0000
3150.0000 2800.0000
3160.0000 2461.4180
3170.0000 1960.3233
3180.0000 2341.6958
3190.0000 1652.1477
3200.0000 2499.3948
3210.0000 2287.0202
3220.0000 1937.4919
3230.0000 2646.3193
