0.0000 0.0000
10.0000 2754.9362
20.0000 2800.0000
30.0000 2800.0000
40.0000 2800.0000
50.0000 2800.0000
60.0000 2562.6424
70.0000 2645.8374
80.0000 2695.6152
90.0000 2434.9187
100.0000 2054.2790
110.0000 2571.0406
120.0000 2800.0000
130.0000 2784.0817
140.0000 2800.0000
150.0000 2800.0000
160.0000 2593.9796
170.0000 2652.8225
180.0000 2093.8916
190.0000 2479.4420
200.0000 2487.2631
210.0000 2203.1849
220.0000 2800.0000
230.0000 2800.0000
240.0000 2800.0000
250.0000 2800.0000
260.0000 2528.2422
270.0000 2250.1600
280.0000 2271.3519
290.0000 2482.6386
300.0000 2584.9783
310.0000 2669.4992
320.0000 2526.0985
330.0000 1976.6399
340.0000 1798.8354
350.0000 2569.0332
360.0000 2118.0466
370.0000 2519.4525
380.0000 2445.9167
390.0000 2352.7751
400.0000 2195.5145
410.0000 1746.3115
420.0000 1966.8315
430.0000 1598.9139
440.0000 1775.2187
450.0000 1566.9926
460.0000 2090.2502
470.0000 1676.9573
480.0000 1993.5411
490.0000 2186.4736
500.0000 2384.8710
510.0000 2540.5486
520.0000 2621.9219
530.0000 1790.6378
540.0000 2800.0000
550.0000 2800.0000
560.0000 2800.0000
570.0000 2708.5151
580.0000 2793.8637
590.0000 2731.7674
600.0000 1852.4991
610.0000 1660.1603
620.0000 1563.9514
630.0000 2083.1632
640.0000 2045.4142
650.0000 1996.1832
660.0000 1935.1481
670.0000 1477.2803
680.0000 781.8160
690.0000 1641.9181
700.0000 1726.4042
710.0000 1347.7042
720.0000 2005.6263
730.0000 2301.2348
740.0000 2558.6834
750.0000 2460.5352
760.0000 1888.3025
770.0000 2541.9287
780.0000 2440.8071
790.0000 2433.3343
800.0000 2064.8580
810.0000 1588.6007
820.0000 1804.6571
830.0000 2241.7536
840.0000 2684.1249
850.0000 2537.7981
860.0000 2241.7729
870.0000 1753.0486
880.0000 2102.5183
890.0000 1129.9696
900.0000 2800.0000
910.0000 2698.1167
920.0000 2800.0000
930.0000 1491.1938
940.0000 2295.6109
950.0000 2179.0322
960.0000 2800.0000
970.0000 2646.8605
980.0000 2521.1554
990.0000 2471.2880
1000.0000 2441.2170
1010.0000 2522.2697
1020.0000 2358.8343
1030.0000 2737.1068
1040.0000 2020.5420
1050.0000 2349.8880
1060.0000 2682.5630
1070.0000 2094.0712
1080.0000 2118.4570
1090.0000 2000.6087
1100.0000 2171.1196
1110.0000 2800.0000
1120.0000 2800.0000
1130.0000 2800.0000
1140.0000 2272.5910
1150.0000 2264.5706
1160.0000 2800.0000
1170.0000 2618.7941
1180.0000 2328.2237
1190.0000 2580.9860
1200.0000 2800.0000
1210.0000 2800.0000
1220.0000 2745.8960
1230.0000 2571.7341
1240.0000 2629.2129
1250.0000 2800.0000
1260.0000 2529.9963
1270.0000 2376.0518
1280.0000 1960.9539
1290.0000 2445.6614
1300.0000 2226.8756
1310.0000 1577.2333
1320.0000 1837.9365
1330.0000 2392.4879
1340.0000 2105.8127
1350.0000 2117.5503
1360.0000 2031.8924
1370.0000 2055.3181
1380.0000 1218.2050
1390.0000 1766.9796
1400.0000 1306.0685
1410.0000 791.0960
1420.0000 1227.1138
1430.0000 1361.6922
1440.0000 1382.9332
1450.0000 1288.8353
1460.0000 1324.2670
1470.0000 1321.9401
1480.0000 750.3090
1490.0000 1846.6972
1500.0000 1713.7244
1510.0000 1897.8072
1520.0000 2308.9631
1530.0000 2108.3922
1540.0000 1923.9011
1550.0000 2277.5446
1560.0000 2463.8422
1570.0000 2321.7829
1580.0000 1960.6284
1590.0000 2485.4085
1600.0000 2290.7282
1610.0000 2053.8047
1620.0000 1896.9400
1630.0000 1570.5405
1640.0000 1835.7721
1650.0000 1961.3519
1660.0000 2183.9731
1670.0000 2093.7652
1680.0000 2053.5881
1690.0000 1940.9253
1700.0000 1817.4147
1710.0000 1919.2452
1720.0000 1806.5612
1730.0000 1177.1884
1740.0000 1005.4310
1750.0000 1909.3402
1760.0000 2648.9302
1770.0000 2709.4997
1780.0000 2414.2869
1790.0000 2482.7631
1800.0000 2546.3802
1810.0000 1090.7051
1820.0000 1595.0275
1830.0000 2249.9022
1840.0000 1875.9919
1850.0000 2189.7892
1860.0000 2380.5689
1870.0000 2505.3519
1880.0000 2086.1333
1890.0000 2669.7092
1900.0000 2530.3186
1910.0000 2542.4980
1920.0000 2460.0004
1930.0000 1938.8814
1940.0000 2800.0000
1950.0000 1887.6442
1960.0000 2365.5714
1970.0000 2456.1708
1980.0000 2295.5873
1990.0000 2132.3590
2000.0000 2328.8672
2010.0000 2506.1581
2020.0000 2800.0000
2030.0000 2123.4067
2040.0000 2310.3553
2050.0000 2388.7271
2060.0000 1600.4748
2070.0000 1522.7919
2080.0000 1341.5050
2090.0000 1270.3799
2100.0000 1378.5544
2110.0000 1137.9205
2120.0000 1203.8395
2130.0000 1360.0618
2140.0000 1534.8868
2150.0000 1451.9166
2160.0000 1420.5948
2170.0000 1160.1310
2180.0000 1490.4385
2190.0000 1822.7363
2200.0000 1899.5015
2210.0000 1662.2875
2220.0000 2030.8744
2230.0000 1809.6854
2240.0000 2785.6298
2250.0000 2028.8981
2260.0000 2800.0000
2270.0000 2426.0065
2280.0000 1929.3258
2290.0000 2069.8307
2300.0000 2143.8134
2310.0000 2058.4078
2320.0000 2550.9707
2330.0000 2699.7809
2340.0000 2486.0549
2350.0000 2044.0124
2360.0000 1707.7962
2370.0000 2800.0000
2380.0000 2452.7503
2390.0000 2443.8634
2400.0000 2294.3979
2410.0000 2183.0716
2420.0000 1544.6674
2430.0000 1802.0727
2440.0000 2191.4583
2450.0000 2202.6860
2460.0000 2800.0000
2470.0000 1815.8817
2480.0000 2210.0619
2490.0000 2236.2999
2500.0000 2694.1805
2510.0000 2416.7725
2520.0000 2114.8480
2530.0000 2128.0657
2540.0000 1871.2403
2550.0000 1699.6478
2560.0000 1596.8253
2570.0000 2402.5893
2580.0000 2212.4606
2590.0000 2314.5503
2600.0000 1806.7383
2610.0000 2169.4293
2620.0000 2525.8587
2630.0000 2476.9577
2640.0000 2531.8852
2650.0000 2270.6219
2660.0000 2365.2794
2670.0000 2199.5076
2680.0000 1746.2545
2690.0000 1798.3647
2700.0000 1908.9755
2710.0000 1968.9541
2720.0000 2163.1713
2730.0000 1906.2388
2740.0000 2425.4217
2750.0000 2471.8248
2760.0000 2671.4617
2770.0000 2356.0989
2780.0000 2419.7624
2790.0000 2453.7253
2800.0000 2496.4283
2810.0000 1985.1003
2820.0000 2800.0000
2830.0000 1863.4651
2840.0000 1820.3845
2850.0000 1906.0424
2860.0000 2615.5145
2870.0000 2654.9271
2880.0000 2358.0394
2890.0000 2115.3538
2900.0000 1978.3984
2910.0000 1795.8658
2920.0000 1578.6995
2930.0000 1719.4777
2940.0000 929.6490
2950.0000 1398.4706
2960.0000 1151.1707
2970.0000 1866.1810
2980.0000 2343.8577
2990.0000 886.6965
3000.0000 1599.7551
3010.0000 1595.9350
3020.0000 1913.2582
3030.0000 2405.6733
3040.0000 1629.2567
3050.0000 2220.1541
3060.0000 2452.4589
3070.0000 2800.0000
3080.0000 2370.8294
3090.0000 2582.7295
3100.0000 2680.2116
3110.0000 2278.6911
3120.0000 2168.0022
3130.0000 1803.7022
3140.0000 1522.2907
3150.0000 2279.3295
3160.0000 1850.0078
3170.0000 2285.9005
3180.0000 1753.4050
3190.0000 2059.4004
3200.0000 2440.0419
3210.0000 2310.5043
3220.0000 1776.6434
3230.0000 1391.2029
