0.0000 0.0000
10.0000 2800.0000
20.0000 2800.0000
30.0000 2585.3019
40.0000 2387.3539
50.0000 2282.9242
60.0000 2168.0307
70.0000 2471.3827
80.0000 2724.4293
90.0000 2679.6921
100.0000 2294.4815
110.0000 2240.8990
120.0000 2385.2152
130.0000 2453.1995
140.0000 2775.7677
150.0000 2800.0000
160.0000 2800.0000
170.0000 2800.0000
180.0000 2800.0000
190.0000 2800.0000
200.0000 2485.6176
210.0000 2409.4537
220.0000 2261.6845
230.0000 1353.7838
240.0000 1966.2407
250.0000 2343.7858
260.0000 2443.7427
270.0000 2175.3861
280.0000 1978.6698
290.0000 2800.0000
300.0000 2800.0000
310.0000 2204.5340
320.0000 2365.1236
330.0000 2412.7634
340.0000 2180.8730
350.0000 2161.6635
360.0000 2758.3243
370.0000 2336.6995
380.0000 2431.6963
390.0000 2749.8601
400.0000 2625.9664
410.0000 2693.4514
420.0000 2633.6860
430.0000 2789.7786
440.0000 1847.2072
450.0000 1089.5636
460.0000 1696.7913
470.0000 2423.4914
480.0000 2712.0752
490.0000 2428.4455
500.0000 1668.3258
510.0000 2418.2001
520.0000 2664.0509
530.0000 2800.0000
540.0000 2800.0000
550.0000 2514.7912
560.0000 848.9607
570.0000 2800.0000
580.0000 2800.0000
590.0000 2214.0880
600.0000 2401.5376
610.0000 2574.1423
620.0000 2800.0000
630.0000 2700.4316
640.0000 2800.0000
650.0000 2800.0000
660.0000 1974.8985
670.0000 2800.0000
680.0000 2672.8428
690.0000 2800.0000
700.0000 2552.0043
710.0000 2247.8120
720.0000 2800.0000
730.0000 2800.0000
740.0000 1912.6042
750.0000 2317.5970
760.0000 2535.2232
770.0000 2781.9650
780.0000 2800.0000
790.0000 2800.0000
800.0000 2407.5330
810.0000 2800.0000
820.0000 2775.8988
830.0000 1824.8031
840.0000 2519.2243
850.0000 1924.5069
860.0000 2577.2264
870.0000 2572.1936
880.0000 1506.9367
890.0000 1822.5674
900.0000 2800.0000
910.0000 2800.0000
920.0000 2422.1134
930.0000 2732.6057
940.0000 1948.6416
950.0000 2569.5974
960.0000 2633.0388
970.0000 2582.9789
980.0000 2543.9016
990.0000 2570.4569
1000.0000 2531.4299
1010.0000 2533.1834
1020.0000 1765.9199
1030.0000 1105.9116
1040.0000 1970.8701
1050.0000 2363.8085
1060.0000 2745.5778
1070.0000 2770.1894
1080.0000 2800.0000
1090.0000 2478.0563
1100.0000 1946.0036
1110.0000 1923.5057
1120.0000 2800.0000
1130.0000 2522.9130
1140.0000 2343.2637
1150.0000 2699.3648
1160.0000 2800.0000
1170.0000 2400.5217
1180.0000 2784.5959
1190.0000 1990.4047
1200.0000 2555.9476
1210.0000 2596.0593
1220.0000 1584.6742
1230.0000 2321.5929
1240.0000 2800.0000
1250.0000 2490.4929
1260.0000 2491.0101
1270.0000 2604.6641
1280.0000 2174.9258
1290.0000 2499.2585
1300.0000 2165.3548
1310.0000 2141.8080
1320.0000 2453.4377
1330.0000 2550.8994
1340.0000 2199.9081
1350.0000 2538.7340
1360.0000 2474.0110
1370.0000 1775.7177
1380.0000 1395.0955
1390.0000 2314.4110
1400.0000 1862.0447
1410.0000 2216.6297
1420.0000 2300.3370
1430.0000 2594.2813
1440.0000 2353.0910
1450.0000 1306.5541
1460.0000 2188.3599
1470.0000 2289.6498
1480.0000 2208.5298
1490.0000 2776.4581
1500.0000 2800.0000
1510.0000 1858.9226
1520.0000 2596.1388
1530.0000 2800.0000
1540.0000 2476.1635
1550.0000 2328.2339
1560.0000 2489.3517
1570.0000 2656.5373
1580.0000 2769.3777
1590.0000 2761.1319
1600.0000 2734.6982
1610.0000 2316.5207
1620.0000 1790.3434
1630.0000 1938.1296
1640.0000 2800.0000
1650.0000 2700.6238
1660.0000 2254.2201
1670.0000 2710.1280
1680.0000 2021.0696
1690.0000 2562.0616
1700.0000 2701.4951
1710.0000 2800.0000
1720.0000 2632.8638
1730.0000 2101.2126
1740.0000 2339.5535
1750.0000 2433.8574
1760.0000 2446.4592
1770.0000 2281.5452
1780.0000 2351.1422
1790.0000 2186.3581
1800.0000 2300.8749
1810.0000 2397.6629
1820.0000 2339.1545
1830.0000 2142.6330
1840.0000 2522.2228
1850.0000 2467.8919
1860.0000 2549.9818
1870.0000 2318.4674
1880.0000 1677.3689
1890.0000 2012.0684
1900.0000 2356.8676
1910.0000 2276.7454
1920.0000 2482.1221
1930.0000 2184.1101
1940.0000 1716.5750
1950.0000 2472.7777
1960.0000 2336.0720
1970.0000 2347.6010
1980.0000 2792.0519
1990.0000 1931.1493
2000.0000 2268.8229
2010.0000 1815.7180
2020.0000 1977.9947
2030.0000 1613.4238
2040.0000 2402.9456
2050.0000 2231.2778
2060.0000 2340.6657
2070.0000 2149.7719
2080.0000 2219.2680
2090.0000 1941.1280
2100.0000 1800.9119
2110.0000 2243.7879
2120.0000 2154.8241
2130.0000 2441.5793
2140.0000 1807.3469
2150.0000 2444.5776
2160.0000 2510.4197
2170.0000 2608.2979
2180.0000 2345.7612
2190.0000 2384.9975
2200.0000 2293.1386
2210.0000 1813.4313
2220.0000 1803.8732
2230.0000 2339.2023
2240.0000 1754.4652
2250.0000 1724.5908
2260.0000 1646.9122
2270.0000 1854.4626
2280.0000 1629.2931
2290.0000 1582.4947
2300.0000 2111.2851
2310.0000 2563.7259
2320.0000 1028.8021
2330.0000 2800.0000
2340.0000 2341.1961
2350.0000 1859.2043
2360.0000 2094.2496
2370.0000 1138.1753
2380.0000 1776.2829
2390.0000 2031.6331
2400.0000 2800.0000
2410.0000 2800.0000
2420.0000 2653.6417
2430.0000 2800.0000
2440.0000 2800.0000
2450.0000 2800.0000
2460.0000 2326.9903
2470.0000 2609.0710
2480.0000 2480.7646
2490.0000 2129.1619
2500.0000 2560.5053
2510.0000 2123.9506
2520.0000 2262.2491
2530.0000 2078.6816
2540.0000 1517.9380
2550.0000 2471.7592
2560.0000 2800.0000
2570.0000 2791.6252
2580.0000 2555.7599
2590.0000 1965.6691
2600.0000 2800.0000
2610.0000 2162.8630
2620.0000 2800.0000
2630.0000 2588.8029
2640.0000 2800.0000
2650.0000 2800.0000
2660.0000 2800.0000
2670.0000 2800.0000
2680.0000 1938.9259
2690.0000 2343.0631
2700.0000 2800.0000
2710.0000 1950.0163
2720.0000 2103.4987
2730.0000 1569.5658
2740.0000 1679.1302
2750.0000 1713.0052
2760.0000 2723.7723
2770.0000 2800.0000
2780.0000 1741.0785
2790.0000 2193.0672
2800.0000 2800.0000
2810.0000 2770.8414
2820.0000 2800.0000
2830.0000 1742.9963
2840.0000 2259.4334
2850.0000 1599.5525
2860.0000 2547.0701
2870.0000 2800.0000
2880.0000 2800.0000
2890.0000 2800.0000
2900.0000 2800.0000
2910.0000 2372.3347
2920.0000 2140.4697
2930.0000 2348.0572
2940.0000 2340.1411
2950.0000 2321.5692
2960.0000 2099.8250
2970.0000 1866.1075
2980.0000 2004.8211
2990.0000 1897.4708
3000.0000 2145.1123
3010.0000 1755.0706
3020.0000 1869.3513
3030.0000 1702.7141
3040.0000 1724.9971
3050.0000 1845.3881
3060.0000 2424.6730
3070.0000 2284.8157
3080.0000 2407.1260
3090.0000 2162.3726
3100.0000 1407.8268
3110.0000 1432.3974
3120.0000 1696.0854
3130.0000 2800.0000
3140.0000 2588.9092
3150.0000 2096.9166
3160.0000 2651.1160
3170.0000 2522.9192
3180.0000 2282.1173
3190.0000 2619.5411
3200.0000 2800.0000
3210.0000 2800.0000
3220.0000 2772.6724
3230.0000 2721.3377
