0.0000 0.0000
10.0000 1752.0037
20.0000 1553.1743
30.0000 1401.9280
40.0000 1267.3532
50.0000 1127.1724
60.0000 988.9521
70.0000 902.3019
80.0000 894.7060
90.0000 939.1490
100.0000 1003.1014
110.0000 1031.6592
120.0000 1089.4610
130.0000 1143.5735
140.0000 1191.5473
150.0000 1181.4122
160.0000 1172.8802
170.0000 1116.5800
180.0000 989.4809
190.0000 850.2436
200.0000 728.6065
210.0000 661.2209
220.0000 602.1401
230.0000 403.0519
240.0000 1079.4500
250.0000 1323.0210
260.0000 1311.8033
270.0000 1783.5365
280.0000 2152.6223
290.0000 1788.3112
300.0000 1564.3129
310.0000 1426.4951
320.0000 1391.7279
330.0000 1604.3803
340.0000 1947.7171
350.0000 1847.1472
360.0000 2071.1912
370.0000 1885.0956
380.0000 1112.9545
390.0000 1296.8743
400.0000 1002.6819
410.0000 989.8444
420.0000 609.3241
430.0000 1644.5209
440.0000 1713.1022
450.0000 2049.3990
460.0000 1746.8961
470.0000 892.3976
480.0000 1771.9705
490.0000 2098.6944
500.0000 1912.5379
510.0000 2158.3410
520.0000 2715.4563
530.0000 2800.0000
540.0000 2800.0000
550.0000 2698.5261
560.0000 2800.0000
570.0000 2429.0178
580.0000 2350.8853
590.0000 2800.0000
600.0000 2800.0000
610.0000 1552.2136
620.0000 2459.3073
630.0000 2182.6070
640.0000 2800.0000
650.0000 2800.0000
660.0000 2781.6873
670.0000 2227.0066
680.0000 2538.3194
690.0000 2800.0000
700.0000 2410.8561
710.0000 2253.3744
720.0000 2800.0000
730.0000 2355.6487
740.0000 2651.4541
750.0000 2054.5749
760.0000 2693.7002
770.0000 2800.0000
780.0000 2380.0820
790.0000 2800.0000
800.0000 2800.0000
810.0000 2800.0000
820.0000 2293.1486
830.0000 2082.8411
840.0000 2272.1802
850.0000 2498.2435
860.0000 1698.8272
870.0000 2520.8167
880.0000 2493.5391
890.0000 2431.0260
900.0000 2618.0735
910.0000 2357.5200
920.0000 1945.6971
930.0000 1688.1271
940.0000 2429.9365
950.0000 1900.7767
960.0000 2323.6982
970.0000 2562.8521
980.0000 2526.5020
990.0000 2153.0210
1000.0000 1850.3957
1010.0000 2414.2381
1020.0000 2353.3123
1030.0000 2323.0353
1040.0000 2139.0009
1050.0000 1810.2555
1060.0000 2158.6143
1070.0000 2150.2455
1080.0000 2063.3009
1090.0000 1616.8821
1100.0000 1072.9262
1110.0000 1513.7605
1120.0000 1727.5679
1130.0000 1546.2910
1140.0000 2389.1401
1150.0000 2201.0457
1160.0000 1662.3510
1170.0000 2251.5827
1180.0000 1996.3715
1190.0000 2655.0153
1200.0000 2473.3492
1210.0000 2175.1559
1220.0000 2121.5291
1230.0000 2539.5276
1240.0000 2495.1101
1250.0000 2562.1997
1260.0000 2593.7060
1270.0000 2675.1207
1280.0000 2346.7743
1290.0000 2800.0000
1300.0000 2575.0457
1310.0000 2118.6495
1320.0000 2800.0000
1330.0000 2147.7842
1340.0000 2800.0000
1350.0000 2800.0000
1360.0000 2800.0000
1370.0000 2378.9373
1380.0000 2216.1208
1390.0000 2156.3684
1400.0000 2517.2726
1410.0000 2800.0000
1420.0000 2800.0000
1430.0000 2800.0000
1440.0000 2588.4320
1450.0000 2569.6948
1460.0000 2580.0226
1470.0000 2338.9379
1480.0000 2699.8751
1490.0000 2597.5735
1500.0000 2563.2937
1510.0000 2666.3067
1520.0000 2800.0000
1530.0000 2609.0598
1540.0000 2299.5801
1550.0000 2760.4387
1560.0000 2431.8620
1570.0000 2366.7090
1580.0000 2401.0360
1590.0000 2223.3045
1600.0000 1655.4076
1610.0000 2234.9326
1620.0000 1494.0036
1630.0000 2320.1395
1640.0000 2800.0000
1650.0000 2308.5959
1660.0000 2345.0919
1670.0000 2629.5488
1680.0000 2237.1863
1690.0000 2531.2360
1700.0000 2800.0000
1710.0000 2800.0000
1720.0000 2800.0000
1730.0000 2800.0000
1740.0000 2633.9057
1750.0000 2706.9437
1760.0000 2800.0000
1770.0000 2800.0000
1780.0000 2419.6917
1790.0000 2800.0000
1800.0000 2800.0000
1810.0000 2800.0000
1820.0000 2275.0206
1830.0000 2643.0548
1840.0000 2401.3399
1850.0000 2482.6654
1860.0000 1854.5657
1870.0000 2452.9233
1880.0000 2800.0000
1890.0000 2727.4737
1900.0000 2356.1475
1910.0000 2664.2959
1920.0000 2747.2310
1930.0000 2800.0000
1940.0000 2777.8287
1950.0000 2556.9806
1960.0000 2553.8396
1970.0000 2800.0000
1980.0000 2800.0000
1990.0000 2800.0000
2000.0000 2527.8003
2010.0000 2471.8465
2020.0000 2293.2187
2030.0000 2076.0994
2040.0000 2695.0108
2050.0000 2021.6522
2060.0000 2065.1033
2070.0000 2800.0000
2080.0000 2699.8673
2090.0000 2134.1055
2100.0000 2117.6563
2110.0000 2676.8867
2120.0000 2056.0012
2130.0000 2224.7684
2140.0000 2769.8733
2150.0000 2800.0000
2160.0000 2362.5638
2170.0000 2580.8580
2180.0000 2800.0000
2190.0000 2679.5356
2200.0000 2705.0493
2210.0000 2409.3338
2220.0000 2072.8983
2230.0000 1979.4015
2240.0000 2636.2132
2250.0000 2800.0000
2260.0000 2570.1873
2270.0000 2464.7157
2280.0000 1956.5068
2290.0000 1477.5552
2300.0000 1821.9895
2310.0000 2227.0191
2320.0000 2134.5720
2330.0000 2649.0170
2340.0000 1991.2081
2350.0000 2191.9157
2360.0000 2639.8484
2370.0000 2302.0035
2380.0000 1425.3330
2390.0000 2800.0000
2400.0000 2718.0605
2410.0000 2800.0000
2420.0000 2800.0000
2430.0000 2800.0000
2440.0000 1839.9907
2450.0000 2800.0000
2460.0000 2800.0000
2470.0000 2669.5196
2480.0000 2636.4722
2490.0000 2158.3287
2500.0000 2536.6317
2510.0000 1547.5157
2520.0000 2437.8539
2530.0000 2597.5172
2540.0000 2358.3912
2550.0000 1950.6996
2560.0000 2366.0752
2570.0000 2800.0000
2580.0000 2650.7754
2590.0000 2728.6157
2600.0000 2632.0865
2610.0000 1852.3265
2620.0000 2213.7941
2630.0000 2295.8417
2640.0000 2503.0916
2650.0000 2667.0042
2660.0000 2800.0000
2670.0000 2751.0540
2680.0000 2494.8682
2690.0000 2491.0178
2700.0000 2761.3413
2710.0000 2734.0837
2720.0000 2382.3771
2730.0000 1883.9872
2740.0000 2113.2747
2750.0000 2405.4878
2760.0000 2557.3910
2770.0000 2655.7451
2780.0000 2800.0000
2790.0000 2756.0292
2800.0000 2512.9727
2810.0000 2310.0711
2820.0000 2111.5947
2830.0000 2733.8583
2840.0000 2800.0000
2850.0000 2800.0000
2860.0000 2372.0290
2870.0000 2211.7025
2880.0000 1930.6400
2890.0000 2716.4851
2900.0000 1887.0938
2910.0000 2372.8725
2920.0000 1456.4097
2930.0000 2529.6057
2940.0000 2525.6978
2950.0000 2281.3545
2960.0000 2410.8835
2970.0000 2013.4072
2980.0000 1529.1309
2990.0000 2176.7558
3000.0000 2082.0342
3010.0000 2126.9083
3020.0000 2255.6006
3030.0000 2057.1919
3040.0000 1850.5099
3050.0000 1987.2163
3060.0000 2445.3560
3070.0000 2190.9639
3080.0000 2339.2928
3090.0000 2488.9585
3100.0000 2475.0101
3110.0000 2398.0630
3120.0000 2200.1177
3130.0000 1931.5809
3140.0000 1828.2542
3150.0000 2038.6034
3160.0000 1596.4558
3170.0000 2574.5215
3180.0000 2075.9177
3190.0000 2000.1982
3200.0000 2335.1829
3210.0000 2525.2371
3220.0000 2109.3185
3230.0000 1975.0605
