0.0000 0.0000
10.0000 2659.9724
20.0000 2509.1397
30.0000 2450.0664
40.0000 2407.3280
50.0000 2346.1504
60.0000 2387.2664
70.0000 2650.6190
80.0000 2642.7779
90.0000 2361.0859
100.0000 2397.1475
110.0000 2516.4230
120.0000 2800.0000
130.0000 2266.3017
140.0000 1974.0159
150.0000 2735.1552
160.0000 2744.9641
170.0000 2505.5579
180.0000 2599.0488
190.0000 2575.8307
200.0000 2643.2640
210.0000 2800.0000
220.0000 2800.0000
230.0000 2800.0000
240.0000 2512.7580
250.0000 2157.5458
260.0000 2058.1789
270.0000 2299.0478
280.0000 2800.0000
290.0000 2590.5734
300.0000 2800.0000
310.0000 2128.9657
320.0000 2740.9036
330.0000 2331.3245
340.0000 2605.5695
350.0000 2511.7965
360.0000 2675.9009
370.0000 2800.0000
380.0000 2800.0000
390.0000 2800.0000
400.0000 2800.0000
410.0000 2553.8198
420.0000 2666.8501
430.0000 2352.3790
440.0000 2064.2319
450.0000 2361.0048
460.0000 2770.3837
470.0000 2363.5554
480.0000 2436.0200
490.0000 1971.0445
500.0000 2677.1492
510.0000 2800.0000
520.0000 2800.0000
530.0000 2800.0000
540.0000 2332.1243
550.0000 2574.5945
560.0000 2488.9526
570.0000 2800.0000
580.0000 2800.0000
590.0000 1452.0774
600.0000 2800.0000
610.0000 2800.0000
620.0000 2449.5331
630.0000 2718.3681
640.0000 2800.0000
650.0000 2624.7052
660.0000 1965.1860
670.0000 2800.0000
680.0000 2397.8794
690.0000 2094.3054
700.0000 2024.3054
710.0000 2032.9429
720.0000 2800.0000
730.0000 2570.0292
740.0000 2072.1152
750.0000 2563.2827
760.0000 2800.0000
770.0000 2558.4192
780.0000 2707.1223
790.0000 2800.0000
800.0000 2429.2991
810.0000 2461.1264
820.0000 2601.3355
830.0000 2702.6490
840.0000 2478.4433
850.0000 2771.6676
860.0000 2800.0000
870.0000 2800.0000
880.0000 2239.9092
890.0000 2618.2198
900.0000 2800.0000
910.0000 2310.1898
920.0000 2675.8028
930.0000 2708.0789
940.0000 2474.7058
950.0000 2800.0000
960.0000 2800.0000
970.0000 2367.0234
980.0000 2800.0000
990.0000 2692.6437
1000.0000 2174.8310
1010.0000 2419.4515
1020.0000 2508.6412
1030.0000 2069.6182
1040.0000 2800.0000
1050.0000 2800.0000
1060.0000 2627.9416
1070.0000 1828.9850
1080.0000 1840.3595
1090.0000 2325.5748
1100.0000 2343.0183
1110.0000 2004.4736
1120.0000 2658.0361
1130.0000 2589.0925
1140.0000 1885.9153
1150.0000 2497.0259
1160.0000 2800.0000
1170.0000 2800.0000
1180.0000 2800.0000
1190.0000 1886.1507
1200.0000 2800.0000
1210.0000 2690.6779
1220.0000 2800.0000
1230.0000 2741.4133
1240.0000 2403.8471
1250.0000 2800.0000
1260.0000 2800.0000
1270.0000 2205.6764
1280.0000 1938.1778
1290.0000 1584.4157
1300.0000 2490.3579
1310.0000 2698.4534
1320.0000 2626.8266
1330.0000 2193.9417
1340.0000 2513.0815
1350.0000 1566.2109
1360.0000 2039.9261
1370.0000 2679.3440
1380.0000 2438.3601
1390.0000 2506.6086
1400.0000 2408.5243
1410.0000 2483.5304
1420.0000 2042.0042
1430.0000 2184.2412
1440.0000 2194.8354
1450.0000 2338.9196
1460.0000 1989.5088
1470.0000 1960.9207
1480.0000 1805.8748
1490.0000 2132.6266
1500.0000 1591.9731
1510.0000 1697.9934
1520.0000 1624.5637
1530.0000 1366.9819
1540.0000 2370.2089
1550.0000 1988.0066
1560.0000 1652.3153
1570.0000 2231.2301
1580.0000 1992.5823
1590.0000 2308.1837
1600.0000 1723.8476
1610.0000 1331.0634
1620.0000 1447.1516
1630.0000 1770.5770
1640.0000 1618.5165
1650.0000 2480.7857
1660.0000 2372.4298
1670.0000 2089.0851
1680.0000 2558.7797
1690.0000 2060.7981
1700.0000 2556.4208
1710.0000 2800.0000
1720.0000 2640.6941
1730.0000 2766.1725
1740.0000 2360.2097
1750.0000 2800.0000
1760.0000 2800.0000
1770.0000 2800.0000
1780.0000 2289.6235
1790.0000 2431.0155
1800.0000 2800.0000
1810.0000 2673.3561
1820.0000 2467.8068
1830.0000 2800.0000
1840.0000 2237.7601
1850.0000 2779.5605
1860.0000 2800.0000
1870.0000 2401.1794
1880.0000 2800.0000
1890.0000 2538.0393
1900.0000 2556.1009
1910.0000 2271.7448
1920.0000 2375.0309
1930.0000 2589.5795
1940.0000 1895.9106
1950.0000 2492.7278
1960.0000 2261.6364
1970.0000 2538.6859
1980.0000 2187.7912
1990.0000 2602.7873
2000.0000 2257.9333
2010.0000 2658.3986
2020.0000 2361.9194
2030.0000 2325.4295
2040.0000 2597.6924
2050.0000 2233.4972
2060.0000 1897.2416
2070.0000 2184.6006
2080.0000 1775.5950
2090.0000 1672.7831
2100.0000 1374.9623
2110.0000 1413.9267
2120.0000 2312.7980
2130.0000 2325.2805
2140.0000 2263.3197
2150.0000 2551.5660
2160.0000 2337.7826
2170.0000 2800.0000
2180.0000 2663.8725
2190.0000 2209.2350
2200.0000 2382.6679
2210.0000 2081.7926
2220.0000 2126.9527
2230.0000 1972.3244
2240.0000 2494.7779
2250.0000 2031.9936
2260.0000 1572.4040
2270.0000 2800.0000
2280.0000 2165.7921
2290.0000 2463.2378
2300.0000 2148.1721
2310.0000 2562.0633
2320.0000 2319.7495
2330.0000 2632.7172
2340.0000 2208.3219
2350.0000 1154.3029
2360.0000 1415.6121
2370.0000 1416.9420
2380.0000 1539.2077
2390.0000 1672.4957
2400.0000 2153.4705
2410.0000 1636.9070
2420.0000 1546.6641
2430.0000 1738.1832
2440.0000 1724.3153
2450.0000 1690.6257
2460.0000 2078.4316
2470.0000 2012.2512
2480.0000 1708.2063
2490.0000 2385.0931
2500.0000 2274.3946
2510.0000 2800.0000
2520.0000 2791.8085
2530.0000 2800.0000
2540.0000 2800.0000
2550.0000 2121.2913
2560.0000 2800.0000
2570.0000 2649.6695
2580.0000 2146.2078
2590.0000 2661.7492
2600.0000 2285.1211
2610.0000 2641.4853
2620.0000 2463.6043
2630.0000 2702.4121
2640.0000 2721.2619
2650.0000 2459.6358
2660.0000 1510.9584
2670.0000 2193.6173
2680.0000 2800.0000
2690.0000 2746.2369
2700.0000 1846.0639
2710.0000 2800.0000
2720.0000 2800.0000
2730.0000 2800.0000
2740.0000 2668.9023
2750.0000 1931.3284
2760.0000 2800.0000
2770.0000 2577.3368
2780.0000 2643.1720
2790.0000 2460.4716
2800.0000 2352.1989
2810.0000 1701.2808
2820.0000 2435.6679
2830.0000 2455.1236
2840.0000 2659.6371
2850.0000 2526.0466
2860.0000 1943.6924
2870.0000 2377.8760
2880.0000 2350.6536
2890.0000 1165.4403
2900.0000 1936.9372
2910.0000 1391.8619
2920.0000 1829.2333
2930.0000 2014.1524
2940.0000 2613.5610
2950.0000 2423.7477
2960.0000 2241.8679
2970.0000 1707.2440
2980.0000 2792.3954
2990.0000 2778.5784
3000.0000 1386.3157
3010.0000 2271.0551
3020.0000 2800.0000
3030.0000 2800.0000
3040.0000 2318.0487
3050.0000 2211.1807
3060.0000 2800.0000
3070.0000 2370.1244
3080.0000 2484.4356
3090.0000 2800.0000
3100.0000 2800.0000
3110.0000 2464.9767
3120.0000 2578.2763
3130.0000 2133.4399
3140.0000 2189.8831
3150.0000 2043.2544
3160.0000 2043.8727
3170.0000 2318.2965
3180.0000 2184.5927
3190.0000 1909.7142
3200.0000 1956.8230
3210.0000 1793.8068
3220.0000 2522.8249
3230.0000 2507.7973
