0.0000 0.0000
10.0000 2784.1856
20.0000 2690.1770
30.0000 2655.5573
40.0000 2572.2089
50.0000 2541.3613
60.0000 2544.9574
70.0000 2497.5699
80.0000 2313.7535
90.0000 2091.3981
100.0000 2026.6528
110.0000 2618.0552
120.0000 2770.5260
130.0000 2800.0000
140.0000 2549.9149
150.0000 2094.9995
160.0000 2266.7686
170.0000 2336.9440
180.0000 2231.9216
190.0000 1901.1765
200.0000 2315.6035
210.0000 2800.0000
220.0000 2800.0000
230.0000 2800.0000
240.0000 2502.9501
250.0000 2179.0756
260.0000 2261.9312
270.0000 2347.5028
280.0000 1689.6636
290.0000 2617.3615
300.0000 2244.0513
310.0000 2800.0000
320.0000 2800.0000
330.0000 2697.8599
340.0000 2676.1454
350.0000 2160.4800
360.0000 2696.0625
370.0000 2800.0000
380.0000 2800.0000
390.0000 2569.8964
400.0000 2305.7689
410.0000 1826.7388
420.0000 2292.6599
430.0000 2618.1401
440.0000 2621.7770
450.0000 2377.2292
460.0000 2236.2184
470.0000 2515.7159
480.0000 1826.2076
490.0000 2377.6425
500.0000 2800.0000
510.0000 2780.3386
520.0000 2800.0000
530.0000 2800.0000
540.0000 2800.0000
550.0000 2785.7016
560.0000 2407.1602
570.0000 1726.8592
580.0000 2713.3566
590.0000 1711.2267
600.0000 2382.6579
610.0000 1842.7305
620.0000 1733.5750
630.0000 1610.5677
640.0000 1784.9996
650.0000 2275.4041
660.0000 2070.2377
670.0000 2800.0000
680.0000 2800.0000
690.0000 2544.2792
700.0000 2723.5394
710.0000 2800.0000
720.0000 2707.6088
730.0000 2193.1062
740.0000 2635.0246
750.0000 2800.0000
760.0000 2503.7104
770.0000 2800.0000
780.0000 2379.8571
790.0000 2722.5268
800.0000 1994.6137
810.0000 2258.3390
820.0000 2691.1884
830.0000 2333.8176
840.0000 2680.2477
850.0000 2199.9233
860.0000 2152.1609
870.0000 2108.1662
880.0000 2109.7882
890.0000 1184.4891
900.0000 1074.9901
910.0000 1551.1034
920.0000 1876.3675
930.0000 1177.3209
940.0000 2205.7682
950.0000 1703.4623
960.0000 1492.5525
970.0000 2225.3105
980.0000 1810.1171
990.0000 1880.6021
1000.0000 2580.8645
1010.0000 2800.0000
1020.0000 1886.1814
1030.0000 2299.9832
1040.0000 2328.0460
1050.0000 1688.1724
1060.0000 2094.9706
1070.0000 1963.5409
1080.0000 1808.4516
1090.0000 1907.0247
1100.0000 1848.1439
1110.0000 1699.0523
1120.0000 1472.1302
1130.0000 1457.7990
1140.0000 1693.8408
1150.0000 1461.8573
1160.0000 1138.1470
1170.0000 1973.9388
1180.0000 1470.6332
1190.0000 1470.8558
1200.0000 1460.7846
1210.0000 1178.1203
1220.0000 1495.6167
1230.0000 1341.5984
1240.0000 1587.2869
1250.0000 1633.2950
1260.0000 1197.8356
1270.0000 1418.2824
1280.0000 1378.2049
1290.0000 2383.8066
1300.0000 1990.7459
1310.0000 2014.8049
1320.0000 2726.1625
1330.0000 2494.5922
1340.0000 1864.5920
1350.0000 2800.0000
1360.0000 1611.3777
1370.0000 2382.0816
1380.0000 2176.4186
1390.0000 2245.4523
1400.0000 2313.5347
1410.0000 2348.5239
1420.0000 1854.1151
1430.0000 1908.0099
1440.0000 1545.5613
1450.0000 2311.9273
1460.0000 1951.2369
1470.0000 2150.0881
1480.0000 2231.1261
1490.0000 1825.4138
1500.0000 1647.6966
1510.0000 2405.7978
1520.0000 2800.0000
1530.0000 2584.3130
1540.0000 1225.8091
1550.0000 2800.0000
1560.0000 2800.0000
1570.0000 2636.9656
1580.0000 2800.0000
1590.0000 1431.8097
1600.0000 2285.6538
1610.0000 2079.7954
1620.0000 2651.6976
1630.0000 2800.0000
1640.0000 2800.0000
1650.0000 2800.0000
1660.0000 1916.1041
1670.0000 2566.2927
1680.0000 2800.0000
1690.0000 2386.3856
1700.0000 2500.5290
1710.0000 1958.4454
1720.0000 2402.7136
1730.0000 1875.5881
1740.0000 1885.1895
1750.0000 1388.6039
1760.0000 2170.6123
1770.0000 2352.0311
1780.0000 2502.9274
1790.0000 2661.2133
1800.0000 2458.0170
1810.0000 2396.4685
1820.0000 2099.5003
1830.0000 2800.0000
1840.0000 2800.0000
1850.0000 2665.3902
1860.0000 2453.0628
1870.0000 2792.3723
1880.0000 2566.6286
1890.0000 2800.0000
1900.0000 2800.0000
1910.0000 2366.2272
1920.0000 2687.0914
1930.0000 2253.4995
1940.0000 2736.6150
1950.0000 2800.0000
1960.0000 2435.4165
1970.0000 2364.1870
1980.0000 2288.7974
1990.0000 2503.3437
2000.0000 2212.6776
2010.0000 2298.5950
2020.0000 2268.5969
2030.0000 2019.6620
2040.0000 1729.4410
2050.0000 2800.0000
2060.0000 2456.0189
2070.0000 2540.9585
2080.0000 2209.9951
2090.0000 2800.0000
2100.0000 2639.9986
2110.0000 2394.7011
2120.0000 2656.6017
2130.0000 2752.9118
2140.0000 2256.6613
2150.0000 1855.1242
2160.0000 2507.6208
2170.0000 2800.0000
2180.0000 2800.0000
2190.0000 2800.0000
2200.0000 1420.3894
2210.0000 2800.0000
2220.0000 2631.5665
2230.0000 2800.0000
2240.0000 2800.0000
2250.0000 2800.0000
2260.0000 2301.3113
2270.0000 2279.0394
2280.0000 2615.8622
2290.0000 2800.0000
2300.0000 2800.0000
2310.0000 2800.0000
2320.0000 2291.9732
2330.0000 2305.1172
2340.0000 2611.0369
2350.0000 2602.8441
2360.0000 2461.2450
2370.0000 1911.9050
2380.0000 2800.0000
2390.0000 2560.5594
2400.0000 1953.5620
2410.0000 2206.5855
2420.0000 1835.2758
2430.0000 2518.2078
2440.0000 2593.2180
2450.0000 1948.4669
2460.0000 2060.8061
2470.0000 2163.2628
2480.0000 2452.3038
2490.0000 2137.6639
2500.0000 1371.6044
2510.0000 1956.3031
2520.0000 1706.6500
2530.0000 1834.1457
2540.0000 1734.0476
2550.0000 2382.4502
2560.0000 2092.2049
2570.0000 2311.9953
2580.0000 2429.7554
2590.0000 1658.0101
2600.0000 2031.5579
2610.0000 2163.2884
2620.0000 1960.1512
2630.0000 1858.8196
2640.0000 1278.0931
2650.0000 1825.9231
2660.0000 2313.8175
2670.0000 1869.5022
2680.0000 2539.7696
2690.0000 2206.2379
2700.0000 1781.9672
2710.0000 2716.4265
2720.0000 2219.9392
2730.0000 2629.3009
2740.0000 2473.1897
2750.0000 2800.0000
2760.0000 2800.0000
2770.0000 1953.1457
2780.0000 2800.0000
2790.0000 2444.7239
2800.0000 1796.7409
2810.0000 2800.0000
2820.0000 2800.0000
2830.0000 2402.3445
2840.0000 2404.2722
2850.0000 1769.5668
2860.0000 2092.7816
2870.0000 2170.9234
2880.0000 2323.8776
2890.0000 2706.0389
2900.0000 2642.1555
2910.0000 2131.1757
2920.0000 2800.0000
2930.0000 2800.0000
2940.0000 2602.7849
2950.0000 2445.6063
2960.0000 1861.9816
2970.0000 2125.6698
2980.0000 2601.9312
2990.0000 2068.7393
3000.0000 2248.7141
3010.0000 2800.0000
3020.0000 2800.0000
3030.0000 2800.0000
3040.0000 2130.8676
3050.0000 1986.4126
3060.0000 2232.2844
3070.0000 2174.2843
3080.0000 2078.7363
3090.0000 2222.7323
3100.0000 2093.8863
3110.0000 2058.6373
3120.0000 1515.6972
3130.0000 2157.7495
3140.0000 1876.2810
3150.0000 1385.7214
3160.0000 1630.7864
3170.0000 2108.0540
3180.0000 1807.8933
3190.0000 1496.8127
3200.0000 1254.7778
3210.0000 519.3768
3220.0000 1715.9843
3230.0000 1480.6899
