0.0000 0.0000
10.0000 2800.0000
20.0000 2800.0000
30.0000 2794.9472
40.0000 2705.4054
50.0000 2621.2968
60.0000 2633.5700
70.0000 2681.2880
80.0000 2512.6534
90.0000 2107.8359
100.0000 1848.9898
110.0000 1913.7155
120.0000 2042.8417
130.0000 1815.7772
140.0000 1256.9451
150.0000 1338.7147
160.0000 2591.0819
170.0000 2800.0000
180.0000 1784.9253
190.0000 2800.0000
200.0000 2800.0000
210.0000 2800.0000
220.0000 2800.0000
230.0000 2800.0000
240.0000 2800.0000
250.0000 2702.1551
260.0000 2544.7882
270.0000 2800.0000
280.0000 2800.0000
290.0000 2746.9613
300.0000 2761.7286
310.0000 2703.0275
320.0000 2592.4877
330.0000 2551.9885
340.0000 2589.0253
350.0000 2424.7427
360.0000 2581.0104
370.0000 2683.2518
380.0000 2581.0231
390.0000 2544.4740
400.0000 2287.0376
410.0000 2137.1995
420.0000 2252.9286
430.0000 2800.0000
440.0000 2274.2453
450.0000 2295.2277
460.0000 2359.6337
470.0000 2259.6875
480.0000 2421.5942
490.0000 2166.1826
500.0000 2132.7561
510.0000 2115.1304
520.0000 1517.4945
530.0000 2136.7232
540.0000 1697.1801
550.0000 1565.0132
560.0000 1614.9824
570.0000 1480.9166
580.0000 1684.1848
590.0000 1423.2961
600.0000 1632.5420
610.0000 2210.9866
620.0000 2222.0855
630.0000 1674.3623
640.0000 2731.7021
650.0000 2443.4412
660.0000 2147.3108
670.0000 2624.7618
680.0000 2252.5488
690.0000 2313.3813
700.0000 2323.7953
710.0000 1739.1571
720.0000 2041.7501
730.0000 2408.8665
740.0000 2473.0378
750.0000 2492.1519
760.0000 2706.0988
770.0000 2427.6928
780.0000 1903.0968
790.0000 1826.3511
800.0000 1721.7255
810.0000 1878.2248
820.0000 1845.0030
830.0000 2174.9405
840.0000 2169.1613
850.0000 2018.3242
860.0000 1622.3407
870.0000 2705.0245
880.0000 2396.3680
890.0000 2800.0000
900.0000 2370.1576
910.0000 1947.5274
920.0000 2356.4418
930.0000 2072.6524
940.0000 2079.4862
950.0000 2800.0000
960.0000 2597.7837
970.0000 1499.7785
980.0000 1599.5728
990.0000 2652.4020
1000.0000 2528.4364
1010.0000 1522.3288
1020.0000 2538.2350
1030.0000 2206.6591
1040.0000 1933.6867
1050.0000 2800.0000
1060.0000 2324.3933
1070.0000 2630.2844
1080.0000 2612.1457
1090.0000 2560.4793
1100.0000 2800.0000
1110.0000 2764.9880
1120.0000 2800.0000
1130.0000 1983.6968
1140.0000 2800.0000
1150.0000 2800.0000
1160.0000 2800.0000
1170.0000 2526.5291
1180.0000 2396.8924
1190.0000 2800.0000
1200.0000 2800.0000
1210.0000 2513.0740
1220.0000 2800.0000
1230.0000 2271.1554
1240.0000 2405.9699
1250.0000 2262.3157
1260.0000 2554.4846
1270.0000 2164.3113
1280.0000 2157.2841
1290.0000 1136.2412
1300.0000 1987.2764
1310.0000 1436.9665
1320.0000 2172.1791
1330.0000 2688.4075
1340.0000 2520.0886
1350.0000 2225.3526
1360.0000 2467.4290
1370.0000 2170.4576
1380.0000 2009.6724
1390.0000 1490.9130
1400.0000 1294.7103
1410.0000 1458.6341
1420.0000 1181.6469
1430.0000 1346.1952
1440.0000 1356.1215
1450.0000 1815.7248
1460.0000 1325.2456
1470.0000 861.5238
1480.0000 774.7257
1490.0000 987.1780
1500.0000 1106.5606
1510.0000 1145.0083
1520.0000 1115.9690
1530.0000 1004.3848
1540.0000 831.8225
1550.0000 737.5193
1560.0000 1269.9938
1570.0000 1320.1011
1580.0000 1736.1200
1590.0000 1443.7223
1600.0000 1563.9737
1610.0000 1646.4849
1620.0000 1616.9177
1630.0000 1840.0953
1640.0000 1679.0939
1650.0000 1976.4683
1660.0000 1896.2119
1670.0000 2086.4516
1680.0000 2047.3984
1690.0000 2023.0425
1700.0000 2800.0000
1710.0000 2510.6860
1720.0000 2618.3315
1730.0000 2591.1079
1740.0000 2375.8594
1750.0000 2668.9421
1760.0000 2329.3320
1770.0000 2135.1724
1780.0000 2370.4839
1790.0000 2210.1402
1800.0000 2267.9603
1810.0000 1729.7118
1820.0000 1844.1155
1830.0000 1349.8549
1840.0000 2082.1377
1850.0000 2600.1736
1860.0000 2800.0000
1870.0000 2063.0312
1880.0000 2502.1560
1890.0000 2512.8728
1900.0000 2551.8967
1910.0000 2639.3539
1920.0000 2800.0000
1930.0000 2161.4690
1940.0000 2523.4545
1950.0000 2751.7030
1960.0000 2130.2233
1970.0000 2183.7422
1980.0000 2511.3713
1990.0000 2800.0000
2000.0000 2269.0541
2010.0000 2757.3752
2020.0000 2554.9489
2030.0000 2556.9235
2040.0000 2484.7230
2050.0000 2165.3763
2060.0000 2056.6782
2070.0000 1480.3226
2080.0000 1572.5475
2090.0000 1670.6549
2100.0000 2721.7500
2110.0000 2511.9961
2120.0000 1964.2218
2130.0000 1983.2302
2140.0000 2175.3387
2150.0000 2028.7512
2160.0000 2659.0420
2170.0000 2046.8119
2180.0000 2659.2256
2190.0000 2473.4327
2200.0000 2164.9690
2210.0000 2097.7597
2220.0000 2234.4878
2230.0000 1887.5939
2240.0000 1994.0622
2250.0000 2193.9715
2260.0000 2448.1574
2270.0000 2318.6359
2280.0000 1845.4818
2290.0000 1387.8578
2300.0000 1797.8894
2310.0000 1563.9059
2320.0000 2057.1153
2330.0000 1642.3354
2340.0000 2157.5956
2350.0000 2010.7485
2360.0000 1854.4475
2370.0000 2352.2874
2380.0000 2567.4385
2390.0000 2800.0000
2400.0000 1676.3928
2410.0000 2254.3855
2420.0000 2800.0000
2430.0000 2732.1453
2440.0000 2609.6312
2450.0000 2800.0000
2460.0000 2800.0000
2470.0000 2800.0000
2480.0000 2764.4871
2490.0000 2800.0000
2500.0000 2800.0000
2510.0000 2715.5395
2520.0000 2800.0000
2530.0000 2639.1178
2540.0000 2609.3168
2550.0000 2661.8005
2560.0000 2662.8823
2570.0000 2157.4532
2580.0000 2109.5986
2590.0000 1841.4939
2600.0000 2289.3155
2610.0000 2616.8040
2620.0000 2236.4646
2630.0000 1845.1685
2640.0000 1487.5658
2650.0000 1419.4601
2660.0000 1534.8435
2670.0000 1363.0232
2680.0000 1436.0678
2690.0000 1756.4375
2700.0000 1972.6100
2710.0000 2220.5616
2720.0000 2269.0145
2730.0000 1869.5405
2740.0000 2235.1316
2750.0000 1734.3572
2760.0000 2312.0814
2770.0000 2369.1556
2780.0000 1239.7981
2790.0000 1583.7570
2800.0000 1813.3047
2810.0000 1813.2634
2820.0000 1718.8832
2830.0000 1196.6823
2840.0000 1882.2683
2850.0000 1479.9686
2860.0000 1685.9678
2870.0000 2492.4862
2880.0000 1899.4416
2890.0000 2043.5716
2900.0000 2507.8906
2910.0000 2800.0000
2920.0000 2178.9321
2930.0000 2175.1440
2940.0000 2767.7462
2950.0000 2344.1553
2960.0000 2320.6068
2970.0000 2312.9165
2980.0000 2800.0000
2990.0000 2800.0000
3000.0000 2800.0000
3010.0000 2800.0000
3020.0000 2327.9458
3030.0000 1988.2992
3040.0000 1923.1955
3050.0000 2401.7341
3060.0000 2575.7053
3070.0000 2068.8632
3080.0000 2266.4995
3090.0000 2008.6078
3100.0000 2244.2808
3110.0000 2455.0344
3120.0000 1626.7309
3130.0000 2216.3991
3140.0000 2209.3295
3150.0000 2324.0797
3160.0000 2328.2500
3170.0000 1997.9037
3180.0000 1912.3874
3190.0000 1617.8199
3200.0000 1533.9241
3210.0000 2157.7234
3220.0000 2090.5225
3230.0000 1818.3663
