0.0000 0.0000
10.0000 2251.7649
20.0000 2069.2217
30.0000 1937.8200
40.0000 2173.2876
50.0000 2710.2317
60.0000 2800.0000
70.0000 2800.0000
80.0000 2800.0000
90.0000 2800.0000
100.0000 2058.7821
110.0000 1662.6137
120.0000 1593.3008
130.0000 1795.8681
140.0000 2014.2939
150.0000 1265.2641
160.0000 1703.9154
170.0000 2076.0590
180.0000 2312.0496
190.0000 2371.1856
200.0000 2328.2331
210.0000 2049.5162
220.0000 2117.7523
230.0000 2590.9385
240.0000 2527.8211
250.0000 2542.0781
260.0000 2241.3845
270.0000 2233.9802
280.0000 2593.6218
290.0000 2467.5785
300.0000 2434.7990
310.0000 2310.0276
320.0000 2372.1343
330.0000 2225.3352
340.0000 2006.9442
350.0000 2422.8462
360.0000 2770.9208
370.0000 2765.9310
380.0000 2800.0000
390.0000 2800.0000
400.0000 2088.9240
410.0000 2800.0000
420.0000 2800.0000
430.0000 2800.0000
440.0000 2540.3444
450.0000 2800.0000
460.0000 2800.0000
470.0000 2466.2386
480.0000 2800.0000
490.0000 2800.0000
500.0000 1917.1079
510.0000 2266.9783
520.0000 2800.0000
530.0000 2797.2667
540.0000 2714.1932
550.0000 2800.0000
560.0000 2707.6402
570.0000 2428.1604
580.0000 2800.0000
590.0000 2240.7275
600.0000 2685.6150
610.0000 2800.0000
620.0000 2340.1587
630.0000 2221.8512
640.0000 2638.3071
650.0000 2800.0000
660.0000 2800.0000
670.0000 2336.5020
680.0000 1669.0022
690.0000 2641.8029
700.0000 2471.6092
710.0000 2260.8158
720.0000 2320.6689
730.0000 2386.4030
740.0000 2766.7678
750.0000 2392.0941
760.0000 2014.5890
770.0000 1485.5678
780.0000 2036.2579
790.0000 1964.5810
800.0000 1394.4668
810.0000 1636.8072
820.0000 1362.5744
830.0000 1421.8223
840.0000 1720.6831
850.0000 1863.6297
860.0000 1801.3644
870.0000 1704.8346
880.0000 2432.3624
890.0000 2259.9235
900.0000 1593.2855
910.0000 2038.8710
920.0000 2359.5094
930.0000 2447.7706
940.0000 2608.1266
950.0000 2542.5576
960.0000 2504.3780
970.0000 2488.4485
980.0000 2075.7223
990.0000 1755.1747
1000.0000 1495.3388
1010.0000 1439.3402
1020.0000 1683.7121
1030.0000 1790.0291
1040.0000 2393.1759
1050.0000 2578.4377
1060.0000 2368.9981
1070.0000 2106.3768
1080.0000 1837.3254
1090.0000 2126.9220
1100.0000 1459.3574
1110.0000 2510.7368
1120.0000 2800.0000
1130.0000 1590.5568
1140.0000 2472.0194
1150.0000 2735.9075
1160.0000 2800.0000
1170.0000 2548.2750
1180.0000 2677.5729
1190.0000 2070.7655
1200.0000 2800.0000
1210.0000 2800.0000
1220.0000 2738.0147
1230.0000 2037.2588
1240.0000 2600.6792
1250.0000 2481.0898
1260.0000 2604.9752
1270.0000 2800.0000
1280.0000 2325.4478
1290.0000 2520.1807
1300.0000 2800.0000
1310.0000 2437.4880
1320.0000 2188.8508
1330.0000 2142.3382
1340.0000 1949.7566
1350.0000 2800.0000
1360.0000 2800.0000
1370.0000 2800.0000
1380.0000 2509.3196
1390.0000 2800.0000
1400.0000 2748.3943
1410.0000 2753.4906
1420.0000 2335.1034
1430.0000 2148.4137
1440.0000 2659.6562
1450.0000 2800.0000
1460.0000 1707.9996
1470.0000 1900.1707
1480.0000 1947.8198
1490.0000 1640.0686
1500.0000 2072.2560
1510.0000 1677.1593
1520.0000 1944.3404
1530.0000 1765.6988
1540.0000 1946.6463
1550.0000 2100.0114
1560.0000 2163.8170
1570.0000 2149.0849
1580.0000 1431.8944
1590.0000 2275.8323
1600.0000 1366.8894
1610.0000 1870.5461
1620.0000 1353.6286
1630.0000 2128.2939
1640.0000 2425.0862
1650.0000 1649.4217
1660.0000 1891.7837
1670.0000 1832.1261
1680.0000 1484.3092
1690.0000 1996.6897
1700.0000 2348.5271
1710.0000 2756.7378
1720.0000 2229.8149
1730.0000 2173.2622
1740.0000 2800.0000
1750.0000 2800.0000
1760.0000 2756.8119
1770.0000 2148.3621
1780.0000 2277.2956
1790.0000 2800.0000
1800.0000 2630.3026
1810.0000 2681.9525
1820.0000 2800.0000
1830.0000 2800.0000
1840.0000 2764.1876
1850.0000 2800.0000
1860.0000 2800.0000
1870.0000 2650.4228
1880.0000 2800.0000
1890.0000 2800.0000
1900.0000 2717.0462
1910.0000 2751.0766
1920.0000 2800.0000
1930.0000 2800.0000
1940.0000 2396.7753
1950.0000 2800.0000
1960.0000 2800.0000
1970.0000 2800.0000
1980.0000 2597.7091
1990.0000 2356.5644
2000.0000 2777.5968
2010.0000 2800.0000
2020.0000 2508.6541
2030.0000 2800.0000
2040.0000 2800.0000
2050.0000 2623.4610
2060.0000 2322.6885
2070.0000 2047.2379
2080.0000 2288.6664
2090.0000 2372.2742
2100.0000 2547.3783
2110.0000 1367.8403
2120.0000 2787.3600
2130.0000 2579.1544
2140.0000 2461.3278
2150.0000 2313.5851
2160.0000 2366.8695
2170.0000 1585.3388
2180.0000 2639.6103
2190.0000 2800.0000
2200.0000 2335.0796
2210.0000 2195.2729
2220.0000 1864.7235
2230.0000 1432.0741
2240.0000 1395.5920
2250.0000 1677.8944
2260.0000 1592.0671
2270.0000 1282.8647
2280.0000 2189.4006
2290.0000 1667.3874
2300.0000 2384.5903
2310.0000 1892.3992
2320.0000 1340.4349
2330.0000 2800.0000
2340.0000 2541.3532
2350.0000 2248.9945
2360.0000 2484.1903
2370.0000 2492.4504
2380.0000 2800.0000
2390.0000 2792.0566
2400.0000 1745.5872
2410.0000 2262.7839
2420.0000 1741.9233
2430.0000 1590.3376
2440.0000 2800.0000
2450.0000 2800.0000
2460.0000 2636.0097
2470.0000 2551.0367
2480.0000 2632.5373
2490.0000 2452.5950
2500.0000 1900.0177
2510.0000 2800.0000
2520.0000 2800.0000
2530.0000 2624.4032
2540.0000 2800.0000
2550.0000 2308.9964
2560.0000 2800.0000
2570.0000 2703.0109
2580.0000 2792.2312
2590.0000 2800.0000
2600.0000 1827.1581
2610.0000 2595.4089
2620.0000 2370.3798
2630.0000 2013.2153
2640.0000 2008.1716
2650.0000 2391.2466
2660.0000 2786.9589
2670.0000 2155.8558
2680.0000 2588.3656
2690.0000 2800.0000
2700.0000 2696.8227
2710.0000 2470.3187
2720.0000 2113.3009
2730.0000 1642.9025
2740.0000 1953.5813
2750.0000 2455.4000
2760.0000 2800.0000
2770.0000 2800.0000
2780.0000 1508.6927
2790.0000 2219.8398
2800.0000 2798.0787
2810.0000 2704.1820
2820.0000 2404.2830
2830.0000 2800.0000
2840.0000 2800.0000
2850.0000 2800.0000
2860.0000 2800.0000
2870.0000 1971.6449
2880.0000 2800.0000
2890.0000 2800.0000
2900.0000 2796.5858
2910.0000 2800.0000
2920.0000 2302.4993
2930.0000 2740.6777
2940.0000 2800.0000
2950.0000 2281.4611
2960.0000 2800.0000
2970.0000 2800.0000
2980.0000 2633.3770
2990.0000 2800.0000
3000.0000 2800.0000
3010.0000 2189.1418
3020.0000 2660.1172
3030.0000 2800.0000
3040.0000 2086.3112
3050.0000 2437.5249
3060.0000 2795.9191
3070.0000 2559.4294
3080.0000 2306.6135
3090.0000 2695.8105
3100.0000 2326.7965
3110.0000 2800.0000
3120.0000 2800.0000
3130.0000 2086.9932
3140.0000 2692.0213
3150.0000 2188.6003
3160.0000 2800.0000
3170.0000 2800.0000
3180.0000 2144.4528
3190.0000 2800.0000
3200.0000 2778.5616
3210.0000 2661.8797
3220.0000 2792.4320
3230.0000 2680.7408
