0.0000 0.0000
10.0000 2002.6802
20.0000 1738.6299
30.0000 1560.1416
40.0000 1432.1857
50.0000 1315.6817
60.0000 1234.7555
70.0000 1360.2167
80.0000 1696.3894
90.0000 1822.7182
100.0000 1781.4570
110.0000 1303.8408
120.0000 1472.2027
130.0000 977.1695
140.0000 1076.3184
150.0000 1618.5121
160.0000 2370.8428
170.0000 2474.1219
180.0000 2342.1413
190.0000 2393.2604
200.0000 1972.4908
210.0000 1596.6480
220.0000 2564.7894
230.0000 2800.0000
240.0000 2800.0000
250.0000 2698.9189
260.0000 1715.4646
270.0000 2741.9353
280.0000 2674.8342
290.0000 1583.5788
300.0000 1871.3341
310.0000 2057.2415
320.0000 2291.5871
330.0000 1957.0725
340.0000 2131.3488
350.0000 2317.2129
360.0000 1786.2968
370.0000 1042.8954
380.0000 1676.8919
390.0000 1964.9369
400.0000 2075.5409
410.0000 2286.7884
420.0000 2136.3721
430.0000 1156.6402
440.0000 2209.0694
450.0000 2800.0000
460.0000 1706.4680
470.0000 1950.6246
480.0000 2357.0896
490.0000 2438.5523
500.0000 2561.8484
510.0000 2251.5216
520.0000 1339.1635
530.0000 2141.4934
540.0000 2509.6631
550.0000 2128.9434
560.0000 2321.9272
570.0000 2800.0000
580.0000 2501.1217
590.0000 1643.8329
600.0000 1152.0435
610.0000 1484.2472
620.0000 1400.7314
630.0000 1081.0452
640.0000 1049.3939
650.0000 1420.8212
660.0000 1337.9570
670.0000 2620.5604
680.0000 2611.2839
690.0000 2442.1935
700.0000 2727.5903
710.0000 2187.1436
720.0000 2028.0856
730.0000 1952.7968
740.0000 2676.7633
750.0000 2800.0000
760.0000 2225.8909
770.0000 2496.8177
780.0000 2442.2226
790.0000 2800.0000
800.0000 2800.0000
810.0000 2800.0000
820.0000 2800.0000
830.0000 2317.9456
840.0000 2666.5072
850.0000 2800.0000
860.0000 2653.7955
870.0000 2800.0000
880.0000 1951.4806
890.0000 2800.0000
900.0000 2443.9406
910.0000 2698.5914
920.0000 2779.3669
930.0000 2713.6298
940.0000 2556.5198
950.0000 1699.5239
960.0000 2347.3080
970.0000 2458.2313
980.0000 2113.8631
990.0000 1766.8033
1000.0000 1535.6208
1010.0000 1831.7704
1020.0000 1909.7554
1030.0000 2387.2739
1040.0000 2425.2473
1050.0000 2678.3762
1060.0000 2208.3586
1070.0000 1907.4835
1080.0000 2393.2331
1090.0000 2748.1536
1100.0000 2800.0000
1110.0000 2800.0000
1120.0000 2720.0726
1130.0000 2556.7631
1140.0000 2800.0000
1150.0000 2800.0000
1160.0000 2033.4872
1170.0000 2607.9019
1180.0000 2612.3738
1190.0000 2099.2718
1200.0000 2285.2246
1210.0000 2124.2900
1220.0000 2042.0498
1230.0000 2040.7933
1240.0000 1437.1044
1250.0000 1592.1192
1260.0000 2168.7970
1270.0000 2394.7595
1280.0000 2327.8890
1290.0000 2435.1238
1300.0000 2444.4018
1310.0000 1957.5227
1320.0000 2248.4663
1330.0000 2613.6660
1340.0000 2800.0000
1350.0000 2648.0238
1360.0000 2504.4856
1370.0000 2800.0000
1380.0000 2005.8320
1390.0000 1918.7867
1400.0000 1207.7705
1410.0000 2474.4826
1420.0000 1986.2445
1430.0000 2677.0363
1440.0000 2586.6070
1450.0000 1607.4409
1460.0000 2582.1239
1470.0000 2339.1763
1480.0000 2508.3251
1490.0000 2409.9941
1500.0000 2609.9710
1510.0000 2101.8956
1520.0000 1761.7034
1530.0000 2800.0000
1540.0000 2144.1282
1550.0000 2800.0000
1560.0000 2800.0000
1570.0000 2800.0000
1580.0000 2652.5165
1590.0000 2262.9509
1600.0000 2800.0000
1610.0000 2572.8312
1620.0000 2239.3794
1630.0000 2189.6618
1640.0000 2005.2986
1650.0000 1887.5138
1660.0000 1636.0844
1670.0000 944.0509
1680.0000 694.8157
1690.0000 700.1262
1700.0000 1589.5847
1710.0000 1214.2104
1720.0000 2150.5618
1730.0000 2015.8921
1740.0000 1916.4379
1750.0000 2154.9072
1760.0000 1982.4412
1770.0000 2182.2438
1780.0000 2309.3083
1790.0000 2191.1519
1800.0000 1983.5165
1810.0000 1828.6223
1820.0000 1606.7706
1830.0000 1603.1165
1840.0000 1389.3591
1850.0000 1589.9803
1860.0000 1684.4089
1870.0000 1844.8801
1880.0000 1605.1806
1890.0000 1314.1781
1900.0000 1256.5724
1910.0000 1818.5503
1920.0000 1860.0415
1930.0000 1323.1425
1940.0000 1329.6965
1950.0000 1458.3090
1960.0000 1069.9101
1970.0000 1033.7145
1980.0000 1751.5441
1990.0000 1382.6751
2000.0000 766.7448
2010.0000 1700.9122
2020.0000 1126.2885
2030.0000 1867.2943
2040.0000 1604.8396
2050.0000 1500.0321
2060.0000 1383.8494
2070.0000 1375.3070
2080.0000 1436.7708
2090.0000 1534.1686
2100.0000 1497.4576
2110.0000 1316.1645
2120.0000 1425.3056
2130.0000 1185.9994
2140.0000 1850.7776
2150.0000 1091.8806
2160.0000 1852.8854
2170.0000 1700.6677
2180.0000 2150.7638
2190.0000 2116.4806
2200.0000 2092.9067
2210.0000 2057.9908
2220.0000 2384.0482
2230.0000 2533.1415
2240.0000 2095.4135
2250.0000 2020.7769
2260.0000 2018.0514
2270.0000 2039.8914
2280.0000 2108.1337
2290.0000 2342.6568
2300.0000 2210.7483
2310.0000 1685.0531
2320.0000 2742.8690
2330.0000 2411.0826
2340.0000 2148.0328
2350.0000 2008.1034
2360.0000 1532.3754
2370.0000 2414.6396
2380.0000 2356.8776
2390.0000 1979.8351
2400.0000 2730.1310
2410.0000 2472.4180
2420.0000 2616.7069
2430.0000 1843.9414
2440.0000 2259.3738
2450.0000 2800.0000
2460.0000 2778.3319
2470.0000 1628.7180
2480.0000 2164.5612
2490.0000 1670.9942
2500.0000 1442.3638
2510.0000 1555.0005
2520.0000 1613.6529
2530.0000 1798.8453
2540.0000 1660.3947
2550.0000 1517.4085
2560.0000 1526.8659
2570.0000 1888.7223
2580.0000 1446.5444
2590.0000 2179.9215
2600.0000 1562.2792
2610.0000 1280.9168
2620.0000 1218.9461
2630.0000 1232.0001
2640.0000 1462.0975
2650.0000 1459.8418
2660.0000 1610.3531
2670.0000 1461.7776
2680.0000 1622.1610
2690.0000 1420.9910
2700.0000 1478.5641
2710.0000 1655.9974
2720.0000 1366.7535
2730.0000 1861.7846
2740.0000 1604.6439
2750.0000 1141.1452
2760.0000 2475.1270
2770.0000 2800.0000
2780.0000 2505.4396
2790.0000 2800.0000
2800.0000 2388.3676
2810.0000 2800.0000
2820.0000 2473.8594
2830.0000 2343.1148
2840.0000 2087.3460
2850.0000 2378.7234
2860.0000 2456.0210
2870.0000 2263.4817
2880.0000 2651.6182
2890.0000 2545.9193
2900.0000 2544.9970
2910.0000 2662.3798
2920.0000 2800.0000
2930.0000 2661.7168
2940.0000 2524.8671
2950.0000 2369.0477
2960.0000 2719.9373
2970.0000 2643.4579
2980.0000 2152.3722
2990.0000 2800.0000
3000.0000 2800.0000
3010.0000 2457.3595
3020.0000 2091.9311
3030.0000 2216.5022
3040.0000 2644.2221
3050.0000 2330.3692
3060.0000 2334.3078
3070.0000 2445.2130
3080.0000 2296.5285
3090.0000 2800.0000
3100.0000 2531.5471
3110.0000 1889.5238
3120.0000 2683.1715
3130.0000 2359.0338
3140.0000 2134.0585
3150.0000 2483.0486
3160.0000 2733.6746
3170.0000 2331.7731
3180.0000 1873.7305
3190.0000 2121.0951
3200.0000 2457.0152
3210.0000 1807.5996
3220.0000 2460.8309
3230.0000 2303.5454
