0.0000 0.0000
10.0000 2439.8883
20.0000 2709.2906
30.0000 2794.0348
40.0000 2766.7245
50.0000 2701.1460
60.0000 2594.2404
70.0000 2416.0535
80.0000 2307.8676
90.0000 2318.7443
100.0000 2349.9980
110.0000 2508.1137
120.0000 2800.0000
130.0000 2800.0000
140.0000 2783.5458
150.0000 2520.3658
160.0000 2359.4741
170.0000 2800.0000
180.0000 2800.0000
190.0000 2800.0000
200.0000 2610.0457
210.0000 2404.7720
220.0000 2310.1947
230.0000 2127.8926
240.0000 2177.7788
250.0000 2354.1473
260.0000 2418.7104
270.0000 2420.9375
280.0000 2529.9758
290.0000 2477.1528
300.0000 2107.0844
310.0000 2215.9446
320.0000 2419.8457
330.0000 2561.2105
340.0000 2351.0664
350.0000 2218.5111
360.0000 2080.3129
370.0000 2615.1411
380.0000 2554.9717
390.0000 2223.8413
400.0000 2101.2628
410.0000 2283.3625
420.0000 2133.0131
430.0000 1964.5894
440.0000 2131.0248
450.0000 1815.6703
460.0000 1542.2005
470.0000 1599.2441
480.0000 1880.0428
490.0000 1641.6557
500.0000 1603.7564
510.0000 2006.6297
520.0000 1736.7649
530.0000 2207.0356
540.0000 2237.4871
550.0000 1834.0458
560.0000 2341.6839
570.0000 2264.0128
580.0000 2151.3725
590.0000 1497.8732
600.0000 1563.7101
610.0000 2800.0000
620.0000 2451.9255
630.0000 2368.2653
640.0000 2800.0000
650.0000 2800.0000
660.0000 2800.0000
670.0000 2797.0300
680.0000 2191.8344
690.0000 1764.6772
700.0000 2733.0649
710.0000 2234.8367
720.0000 2019.6875
730.0000 2025.5887
740.0000 2800.0000
750.0000 2712.6627
760.0000 2800.0000
770.0000 2615.6339
780.0000 2800.0000
790.0000 2312.6230
800.0000 2368.9064
810.0000 2800.0000
820.0000 2658.1939
830.0000 2546.5282
840.0000 2249.0830
850.0000 2384.4605
860.0000 2550.8875
870.0000 2800.0000
880.0000 2800.0000
890.0000 2800.0000
900.0000 2459.5355
910.0000 2492.9270
920.0000 2664.5553
930.0000 2686.7947
940.0000 2800.0000
950.0000 2800.0000
960.0000 2800.0000
970.0000 2611.0878
980.0000 2654.5178
990.0000 1971.6599
1000.0000 2800.0000
1010.0000 2800.0000
1020.0000 2776.2632
1030.0000 2629.1459
1040.0000 2800.0000
1050.0000 2369.3157
1060.0000 2447.3591
1070.0000 2211.1496
1080.0000 2370.8213
1090.0000 2550.2461
1100.0000 1763.2481
1110.0000 1815.7442
1120.0000 2052.6939
1130.0000 2175.4095
1140.0000 1962.4275
1150.0000 1721.6550
1160.0000 1584.6088
1170.0000 1207.4046
1180.0000 720.6823
1190.0000 1071.8314
1200.0000 926.3275
1210.0000 851.8642
1220.0000 806.3744
1230.0000 1082.5020
1240.0000 1191.0303
1250.0000 973.9664
1260.0000 537.0925
1270.0000 753.7939
1280.0000 950.0574
1290.0000 1298.8836
1300.0000 1582.7894
1310.0000 1318.8845
1320.0000 564.9844
1330.0000 865.5409
1340.0000 1124.6782
1350.0000 1882.4719
1360.0000 1990.0019
1370.0000 1997.1089
1380.0000 2035.2424
1390.0000 2427.5043
1400.0000 2423.7770
1410.0000 2453.7468
1420.0000 2290.2249
1430.0000 2441.7912
1440.0000 2304.2274
1450.0000 2197.1862
1460.0000 2512.8141
1470.0000 2438.5808
1480.0000 1475.3103
1490.0000 2421.3269
1500.0000 2613.8320
1510.0000 2475.1674
1520.0000 2041.1924
1530.0000 2800.0000
1540.0000 2649.5959
1550.0000 2641.8786
1560.0000 2398.4395
1570.0000 2610.7403
1580.0000 2800.0000
1590.0000 2800.0000
1600.0000 2139.3822
1610.0000 2389.8911
1620.0000 2788.1683
1630.0000 2145.7733
1640.0000 2631.3976
1650.0000 1858.9732
1660.0000 2711.3014
1670.0000 2800.0000
1680.0000 2800.0000
1690.0000 2800.0000
1700.0000 2083.3429
1710.0000 2800.0000
1720.0000 2440.9930
1730.0000 2110.9308
1740.0000 2598.9653
1750.0000 2800.0000
1760.0000 2427.1198
1770.0000 2361.2542
1780.0000 2483.1243
1790.0000 2489.9671
1800.0000 2376.1245
1810.0000 1934.9478
1820.0000 2210.6798
1830.0000 1939.1410
1840.0000 2245.8695
1850.0000 1748.3593
1860.0000 1716.9426
1870.0000 2341.2357
1880.0000 1762.3030
1890.0000 1958.3555
1900.0000 1958.8836
1910.0000 2368.7050
1920.0000 2194.1907
1930.0000 2254.8951
1940.0000 1861.2790
1950.0000 2270.5824
1960.0000 2371.0838
1970.0000 1589.5970
1980.0000 2410.4118
1990.0000 2223.8249
2000.0000 2169.6064
2010.0000 2513.2234
2020.0000 2642.8968
2030.0000 1776.4250
2040.0000 2355.5017
2050.0000 2338.5067
2060.0000 1839.8100
2070.0000 2323.4977
2080.0000 1607.6791
2090.0000 2121.2232
2100.0000 2150.4125
2110.0000 1916.7527
2120.0000 2066.5355
2130.0000 1606.2508
2140.0000 2475.2815
2150.0000 2470.3760
2160.0000 2593.1180
2170.0000 2800.0000
2180.0000 2380.7382
2190.0000 1915.7858
2200.0000 2269.0781
2210.0000 1601.7676
2220.0000 1983.4454
2230.0000 2316.2013
2240.0000 2800.0000
2250.0000 2750.6872
2260.0000 1838.6052
2270.0000 2270.3488
2280.0000 1391.6134
2290.0000 2427.8097
2300.0000 2530.6554
2310.0000 1598.5185
2320.0000 2646.1992
2330.0000 1773.9880
2340.0000 1654.1187
2350.0000 2080.0328
2360.0000 1996.2787
2370.0000 2508.7931
2380.0000 2403.4257
2390.0000 1963.7592
2400.0000 2557.8363
2410.0000 2800.0000
2420.0000 2342.3569
2430.0000 2091.8699
2440.0000 2173.5946
2450.0000 1657.7624
2460.0000 1535.6252
2470.0000 1398.4201
2480.0000 975.4126
2490.0000 1539.9678
2500.0000 1472.2203
2510.0000 2119.4025
2520.0000 1988.8804
2530.0000 1941.9312
2540.0000 2129.1489
2550.0000 1763.2117
2560.0000 1631.8412
2570.0000 1320.2249
2580.0000 1386.3936
2590.0000 1047.8814
2600.0000 1088.5873
2610.0000 1444.4224
2620.0000 1778.4044
2630.0000 1450.2825
2640.0000 1416.1406
2650.0000 1089.8414
2660.0000 1537.8334
2670.0000 2032.0749
2680.0000 1868.9375
2690.0000 1775.6901
2700.0000 2075.8471
2710.0000 1686.7001
2720.0000 2146.8535
2730.0000 2532.8604
2740.0000 2100.1651
2750.0000 2528.2364
2760.0000 2539.5382
2770.0000 1844.5264
2780.0000 2208.3021
2790.0000 2728.6823
2800.0000 2402.6095
2810.0000 2500.0452
2820.0000 2379.9272
2830.0000 2800.0000
2840.0000 2131.3953
2850.0000 2627.2814
2860.0000 2800.0000
2870.0000 2118.3815
2880.0000 2204.1955
2890.0000 2285.7269
2900.0000 2586.2344
2910.0000 2387.6769
2920.0000 2333.1450
2930.0000 1992.6499
2940.0000 2061.6227
2950.0000 2467.8472
2960.0000 2185.6998
2970.0000 1759.0512
2980.0000 1704.0113
2990.0000 1698.7138
3000.0000 2711.3550
3010.0000 2800.0000
3020.0000 2365.2728
3030.0000 2032.6234
3040.0000 2522.9742
3050.0000 2267.8637
3060.0000 2268.0917
3070.0000 2800.0000
3080.0000 2800.0000
3090.0000 2107.8516
3100.0000 2800.0000
3110.0000 2463.6650
3120.0000 2800.0000
3130.0000 2453.5670
3140.0000 2164.8546
3150.0000 2800.0000
3160.0000 2800.0000
3170.0000 2800.0000
3180.0000 2256.7789
3190.0000 2561.5259
3200.0000 2675.3150
3210.0000 2138.3181
3220.0000 2031.1574
3230.0000 2295.8333
