0.0000 0.0000
10.0000 2417.9781
20.0000 2169.9721
30.0000 2077.0068
40.0000 2289.7429
50.0000 2653.6759
60.0000 2569.4249
70.0000 2306.9465
80.0000 2391.7838
90.0000 2361.5244
100.0000 1807.2184
110.0000 1528.4876
120.0000 1330.6596
130.0000 1469.0338
140.0000 1556.0812
150.0000 1258.0863
160.0000 1638.2045
170.0000 2800.0000
180.0000 2401.4552
190.0000 2576.3734
200.0000 2743.2383
210.0000 2726.6135
220.0000 2409.7931
230.0000 2278.8077
240.0000 2695.9338
250.0000 2545.2082
260.0000 2800.0000
270.0000 2250.4413
280.0000 2800.0000
290.0000 2800.0000
300.0000 2800.0000
310.0000 2309.1179
320.0000 2656.8374
330.0000 2494.0373
340.0000 2648.6294
350.0000 2718.0494
360.0000 2618.9955
370.0000 2764.3833
380.0000 2583.5823
390.0000 2463.7050
400.0000 2146.3705
410.0000 1431.0710
420.0000 2425.1628
430.0000 2333.6395
440.0000 1725.4229
450.0000 2371.5958
460.0000 1646.1016
470.0000 1922.4731
480.0000 1577.4389
490.0000 2105.0987
500.0000 2707.0444
510.0000 1402.1756
520.0000 1276.7412
530.0000 1861.6067
540.0000 2618.6081
550.0000 1704.4202
560.0000 2552.9007
570.0000 2541.1850
580.0000 2609.2716
590.0000 2239.3728
600.0000 2800.0000
610.0000 2800.0000
620.0000 1980.7479
630.0000 2343.7634
640.0000 2004.7075
650.0000 2662.5460
660.0000 2800.0000
670.0000 2800.0000
680.0000 1866.6360
690.0000 2747.5575
700.0000 2353.9620
710.0000 2335.4401
720.0000 2202.3450
730.0000 1780.1287
740.0000 2264.6635
750.0000 2073.4679
760.0000 2195.4272
770.0000 2209.6830
780.0000 2002.4696
790.0000 2234.2997
800.0000 1835.8464
810.0000 2791.6265
820.0000 2443.8413
830.0000 2312.8405
840.0000 2437.1844
850.0000 2236.8909
860.0000 2333.5082
870.0000 2800.0000
880.0000 2514.2483
890.0000 1277.3563
900.0000 2800.0000
910.0000 1805.4934
920.0000 2800.0000
930.0000 2800.0000
940.0000 2800.0000
950.0000 2800.0000
960.0000 2731.9783
970.0000 2135.8345
980.0000 2549.6451
990.0000 2376.1319
1000.0000 2594.5725
1010.0000 2800.0000
1020.0000 2283.1266
1030.0000 2214.3008
1040.0000 2360.6509
1050.0000 2800.0000
1060.0000 2351.8887
1070.0000 2167.1957
1080.0000 2630.5092
1090.0000 1914.9126
1100.0000 2107.2922
1110.0000 2800.0000
1120.0000 2701.1480
1130.0000 2560.4035
1140.0000 2325.8593
1150.0000 1571.3440
1160.0000 2230.9822
1170.0000 2800.0000
1180.0000 2800.0000
1190.0000 2800.0000
1200.0000 2417.7923
1210.0000 2800.0000
1220.0000 2800.0000
1230.0000 2564.3189
1240.0000 2707.3906
1250.0000 2800.0000
1260.0000 2706.8446
1270.0000 2249.6485
1280.0000 2800.0000
1290.0000 2747.8844
1300.0000 2800.0000
1310.0000 2436.7209
1320.0000 1654.8479
1330.0000 2304.5348
1340.0000 2112.2989
1350.0000 1939.0271
1360.0000 1736.1476
1370.0000 2236.5653
1380.0000 1925.1634
1390.0000 2388.4967
1400.0000 2575.4407
1410.0000 2800.0000
1420.0000 2299.7271
1430.0000 2442.3921
1440.0000 2481.1213
1450.0000 2655.1399
1460.0000 2518.6886
1470.0000 2776.9868
1480.0000 2604.8299
1490.0000 2800.0000
1500.0000 2800.0000
1510.0000 2800.0000
1520.0000 2352.9648
1530.0000 1822.8309
1540.0000 2327.8853
1550.0000 2800.0000
1560.0000 2784.7558
1570.0000 2800.0000
1580.0000 2410.1511
1590.0000 2763.6155
1600.0000 2800.0000
1610.0000 2800.0000
1620.0000 2313.2803
1630.0000 1517.5306
1640.0000 2256.7774
1650.0000 2650.4292
1660.0000 2025.8494
1670.0000 2584.5692
1680.0000 2800.0000
1690.0000 2800.0000
1700.0000 2800.0000
1710.0000 1789.0711
1720.0000 2800.0000
1730.0000 2800.0000
1740.0000 2701.1937
1750.0000 2071.1946
1760.0000 2738.6452
1770.0000 2800.0000
1780.0000 2800.0000
1790.0000 2800.0000
1800.0000 2800.0000
1810.0000 2800.0000
1820.0000 2786.0265
1830.0000 2800.0000
1840.0000 2800.0000
1850.0000 2681.9063
1860.0000 2800.0000
1870.0000 2717.6065
1880.0000 2800.0000
1890.0000 2386.3411
1900.0000 2699.4184
1910.0000 2751.8986
1920.0000 2633.2757
1930.0000 2506.0820
1940.0000 1968.7948
1950.0000 1647.1447
1960.0000 1703.2484
1970.0000 2175.1282
1980.0000 2328.8721
1990.0000 2386.0352
2000.0000 2177.7533
2010.0000 2033.3213
2020.0000 1954.1365
2030.0000 2377.9510
2040.0000 1259.9002
2050.0000 2178.1812
2060.0000 2225.0082
2070.0000 2243.8123
2080.0000 2209.3633
2090.0000 2601.2672
2100.0000 2454.5432
2110.0000 2599.8836
2120.0000 2135.0769
2130.0000 2479.0793
2140.0000 2509.4551
2150.0000 1938.7243
2160.0000 2074.0563
2170.0000 1986.6917
2180.0000 2623.8644
2190.0000 2062.5954
2200.0000 2278.6358
2210.0000 1884.9622
2220.0000 1838.8788
2230.0000 2518.1440
2240.0000 2008.8755
2250.0000 1820.7088
2260.0000 1636.6039
2270.0000 1994.4149
2280.0000 1822.5043
2290.0000 1983.2060
2300.0000 1997.1083
2310.0000 1728.9804
2320.0000 2100.4227
2330.0000 2237.8851
2340.0000 1777.3884
2350.0000 1110.0500
2360.0000 1471.7414
2370.0000 1958.3288
2380.0000 1880.4895
2390.0000 2454.4417
2400.0000 1950.0326
2410.0000 2184.1266
2420.0000 2800.0000
2430.0000 2292.4309
2440.0000 2486.8521
2450.0000 1996.1880
2460.0000 2661.1399
2470.0000 2800.0000
2480.0000 2474.5681
2490.0000 1857.1587
2500.0000 2132.6877
2510.0000 2511.1784
2520.0000 2302.1743
2530.0000 2068.7279
2540.0000 2270.3157
2550.0000 2129.4553
2560.0000 1613.3583
2570.0000 2142.9473
2580.0000 1922.9950
2590.0000 2194.0633
2600.0000 1943.3709
2610.0000 2270.6075
2620.0000 2223.8287
2630.0000 2376.4928
2640.0000 2070.2539
2650.0000 2020.1937
2660.0000 1703.2185
2670.0000 1559.2559
2680.0000 1525.7389
2690.0000 1558.8311
2700.0000 1499.9810
2710.0000 1420.1612
2720.0000 1868.3752
2730.0000 1109.2490
2740.0000 2553.9864
2750.0000 2417.1811
2760.0000 2260.6305
2770.0000 2783.8552
2780.0000 1993.5658
2790.0000 2255.2896
2800.0000 1976.7693
2810.0000 2086.7742
2820.0000 1222.7634
2830.0000 2064.3872
2840.0000 2721.2107
2850.0000 1568.7980
2860.0000 2800.0000
2870.0000 2800.0000
2880.0000 2266.1691
2890.0000 2800.0000
2900.0000 2800.0000
2910.0000 2219.4457
2920.0000 2633.7215
2930.0000 2482.2199
2940.0000 2277.2395
2950.0000 1686.5432
2960.0000 1905.1951
2970.0000 1208.0911
2980.0000 2800.0000
2990.0000 2664.0596
3000.0000 2800.0000
3010.0000 2761.2104
3020.0000 2047.3870
3030.0000 2738.3819
3040.0000 2561.7387
3050.0000 2564.4147
3060.0000 2725.3852
3070.0000 2790.2620
3080.0000 2188.5306
3090.0000 2800.0000
3100.0000 2800.0000
3110.0000 2102.7505
3120.0000 2800.0000
3130.0000 2721.3968
3140.0000 2162.8669
3150.0000 2800.0000
3160.0000 2800.0000
3170.0000 2458.1381
3180.0000 2659.8621
3190.0000 1860.2519
3200.0000 2363.6845
3210.0000 2800.0000
3220.0000 2800.0000
3230.0000 2769.8288
