0.0000 0.0000
10.0000 2757.8774
20.0000 2706.8678
30.0000 2766.6297
40.0000 2787.1215
50.0000 2697.5711
60.0000 2634.6834
70.0000 2628.5893
80.0000 2639.1292
90.0000 2350.7102
100.0000 1456.3720
110.0000 1245.6553
120.0000 1863.2338
130.0000 1816.9513
140.0000 1966.3990
150.0000 1270.2107
160.0000 1859.9336
170.0000 2124.7765
180.0000 2287.4454
190.0000 2383.7656
200.0000 2570.1065
210.0000 2800.0000
220.0000 1728.9160
230.0000 2335.7663
240.0000 1892.8318
250.0000 1971.8126
260.0000 2715.6629
270.0000 2572.4790
280.0000 2722.4834
290.0000 2744.5782
300.0000 1863.6890
310.0000 2800.0000
320.0000 2800.0000
330.0000 2345.0933
340.0000 2800.0000
350.0000 2017.3299
360.0000 2060.0777
370.0000 2800.0000
380.0000 2423.9725
390.0000 2267.6674
400.0000 2262.2188
410.0000 2219.2376
420.0000 2117.6498
430.0000 2342.8132
440.0000 2490.4494
450.0000 2751.6543
460.0000 2625.0956
470.0000 2721.1347
480.0000 2800.0000
490.0000 2800.0000
500.0000 2625.2938
510.0000 2693.0153
520.0000 2800.0000
530.0000 2794.1895
540.0000 2769.5786
550.0000 2673.2257
560.0000 2800.0000
570.0000 2727.9737
580.0000 2293.5041
590.0000 1694.1804
600.0000 2590.9370
610.0000 2433.8222
620.0000 2606.0591
630.0000 2611.5848
640.0000 2800.0000
650.0000 2723.8120
660.0000 2642.6707
670.0000 2573.4050
680.0000 2709.2344
690.0000 2670.7515
700.0000 2800.0000
710.0000 2533.9352
720.0000 2555.6297
730.0000 2106.8426
740.0000 2269.4282
750.0000 2356.3401
760.0000 2243.1354
770.0000 2099.3180
780.0000 1753.6688
790.0000 1710.4549
800.0000 2136.9316
810.0000 1763.6226
820.0000 2052.5214
830.0000 1774.4823
840.0000 1987.4157
850.0000 2611.8466
860.0000 1520.8612
870.0000 2088.3687
880.0000 2099.6499
890.0000 2218.5812
900.0000 2125.8875
910.0000 2290.8026
920.0000 2201.2611
930.0000 2184.5370
940.0000 2553.1964
950.0000 2508.4785
960.0000 2492.1753
970.0000 2313.8897
980.0000 2800.0000
990.0000 2681.9414
1000.0000 2696.5454
1010.0000 1878.1319
1020.0000 2293.5525
1030.0000 2697.3522
1040.0000 2437.3405
1050.0000 2405.8494
1060.0000 2755.6679
1070.0000 2425.4007
1080.0000 2342.4080
1090.0000 2201.0746
1100.0000 1994.2438
1110.0000 1684.8624
1120.0000 1754.2103
1130.0000 2276.0685
1140.0000 1434.1887
1150.0000 1609.0563
1160.0000 1705.4851
1170.0000 1117.1209
1180.0000 1303.8152
1190.0000 897.6706
1200.0000 1041.7907
1210.0000 1173.0555
1220.0000 1276.1995
1230.0000 1318.9397
1240.0000 1658.3759
1250.0000 1532.9393
1260.0000 1302.9590
1270.0000 1186.8337
1280.0000 1282.8875
1290.0000 1496.4353
1300.0000 1152.6516
1310.0000 1068.8320
1320.0000 1214.4836
1330.0000 1349.2058
1340.0000 1462.8319
1350.0000 1671.3308
1360.0000 1906.1764
1370.0000 1950.1367
1380.0000 2261.3853
1390.0000 2302.7878
1400.0000 2156.6035
1410.0000 2140.5755
1420.0000 1876.0289
1430.0000 2404.0867
1440.0000 2098.0522
1450.0000 2001.5951
1460.0000 2229.2904
1470.0000 2473.2395
1480.0000 2456.4496
1490.0000 2206.0772
1500.0000 2211.1885
1510.0000 1746.8147
1520.0000 1874.4308
1530.0000 2494.1707
1540.0000 2614.8901
1550.0000 1864.4140
1560.0000 1733.1202
1570.0000 1778.1836
1580.0000 1594.0788
1590.0000 1727.1102
1600.0000 1287.9146
1610.0000 2510.6636
1620.0000 2635.2323
1630.0000 2006.1120
1640.0000 1645.3804
1650.0000 2130.3240
1660.0000 2429.5323
1670.0000 2045.1313
1680.0000 2007.1636
1690.0000 2207.1067
1700.0000 2199.5719
1710.0000 1865.2750
1720.0000 1864.9401
1730.0000 1729.9151
1740.0000 1992.5917
1750.0000 1389.4063
1760.0000 1765.5944
1770.0000 1448.4156
1780.0000 2083.9480
1790.0000 1719.8455
1800.0000 828.0294
1810.0000 1044.2662
1820.0000 1369.2707
1830.0000 1352.4815
1840.0000 1870.8746
1850.0000 2129.3560
1860.0000 1985.3326
1870.0000 1907.2833
1880.0000 1819.9033
1890.0000 1718.1169
1900.0000 1287.5945
1910.0000 1384.2876
1920.0000 1015.6644
1930.0000 1650.2980
1940.0000 1280.1004
1950.0000 1737.3695
1960.0000 2800.0000
1970.0000 2800.0000
1980.0000 2800.0000
1990.0000 1938.6953
2000.0000 2408.8762
2010.0000 2109.3197
2020.0000 2353.4516
2030.0000 2282.2450
2040.0000 2063.6140
2050.0000 2800.0000
2060.0000 2800.0000
2070.0000 2800.0000
2080.0000 2560.3151
2090.0000 2196.3109
2100.0000 2163.7316
2110.0000 1983.3115
2120.0000 2631.3241
2130.0000 2800.0000
2140.0000 2510.3075
2150.0000 2020.5082
2160.0000 1900.5844
2170.0000 2216.3080
2180.0000 1484.9968
2190.0000 1401.7920
2200.0000 2269.3283
2210.0000 1200.8115
2220.0000 1972.6984
2230.0000 2762.9356
2240.0000 2638.0955
2250.0000 2737.4269
2260.0000 1799.8714
2270.0000 2800.0000
2280.0000 1675.2896
2290.0000 2079.9479
2300.0000 2106.3487
2310.0000 1743.0968
2320.0000 2175.2874
2330.0000 2598.2164
2340.0000 2421.4491
2350.0000 2362.7089
2360.0000 2464.6747
2370.0000 2386.0568
2380.0000 2242.2879
2390.0000 2316.7662
2400.0000 2800.0000
2410.0000 2619.3556
2420.0000 2400.6961
2430.0000 2161.5419
2440.0000 2095.6611
2450.0000 2800.0000
2460.0000 2800.0000
2470.0000 2463.7157
2480.0000 2226.4008
2490.0000 1167.7849
2500.0000 2800.0000
2510.0000 2662.9247
2520.0000 2800.0000
2530.0000 2732.4598
2540.0000 2800.0000
2550.0000 2800.0000
2560.0000 2800.0000
2570.0000 2491.5502
2580.0000 2522.0605
2590.0000 2800.0000
2600.0000 2140.5622
2610.0000 2069.1333
2620.0000 2247.7819
2630.0000 2678.9070
2640.0000 2194.7642
2650.0000 2519.2419
2660.0000 1996.6801
2670.0000 2608.1823
2680.0000 2506.9569
2690.0000 2208.6493
2700.0000 2423.8878
2710.0000 2330.6640
2720.0000 2049.0391
2730.0000 1973.2833
2740.0000 2358.2461
2750.0000 2006.4085
2760.0000 2002.2461
2770.0000 1876.9815
2780.0000 1790.9417
2790.0000 1986.1020
2800.0000 2197.0970
2810.0000 2155.4013
2820.0000 2014.8030
2830.0000 2100.4084
2840.0000 1926.4687
2850.0000 1923.0029
2860.0000 2093.1560
2870.0000 2187.9927
2880.0000 2013.6891
2890.0000 1719.5763
2900.0000 1653.7406
2910.0000 1802.5738
2920.0000 1848.9012
2930.0000 1661.4122
2940.0000 2058.0167
2950.0000 2532.4382
2960.0000 2227.0654
2970.0000 2133.6548
2980.0000 2098.7853
2990.0000 1686.7708
3000.0000 1885.8620
3010.0000 2672.4880
3020.0000 2642.8740
3030.0000 2576.1393
3040.0000 2131.5953
3050.0000 2382.0133
3060.0000 2037.2295
3070.0000 2252.2246
3080.0000 2293.9571
3090.0000 1835.5487
3100.0000 2541.9592
3110.0000 2259.7484
3120.0000 2100.0963
3130.0000 1741.5203
3140.0000 2179.9834
3150.0000 1429.2185
3160.0000 1658.3517
3170.0000 2739.0956
3180.0000 2731.1182
3190.0000 2800.0000
3200.0000 2557.7970
3210.0000 2800.0000
3220.0000 2410.8557
3230.0000 2800.0000
