0.0000 0.0000
10.0000 1447.3197
20.0000 1308.8479
30.0000 1353.0254
40.0000 1493.7224
50.0000 1727.9678
60.0000 2151.5311
70.0000 1943.6201
80.0000 2128.1305
90.0000 2423.4466
100.0000 2622.9895
110.0000 2749.6184
120.0000 2423.8934
130.0000 1967.2690
140.0000 2510.1744
150.0000 1721.5147
160.0000 1985.9352
170.0000 2284.7267
180.0000 2752.3323
190.0000 2192.5836
200.0000 2750.1145
210.0000 2534.6664
220.0000 2315.3762
230.0000 2800.0000
240.0000 2770.2434
250.0000 2751.9317
260.0000 2800.0000
270.0000 2800.0000
280.0000 2800.0000
290.0000 2800.0000
300.0000 2800.0000
310.0000 2322.7108
320.0000 2373.6245
330.0000 2074.0748
340.0000 2313.2360
350.0000 2365.4870
360.0000 2268.0950
370.0000 2800.0000
380.0000 2800.0000
390.0000 2764.3062
400.0000 2800.0000
410.0000 2630.2350
420.0000 2190.1532
430.0000 1548.4193
440.0000 2305.9132
450.0000 2606.6047
460.0000 2559.1445
470.0000 2358.6358
480.0000 2786.5131
490.0000 2506.2638
500.0000 1537.4185
510.0000 2383.4187
520.0000 1429.9991
530.0000 1402.1492
540.0000 2066.8462
550.0000 2422.1293
560.0000 2162.2299
570.0000 2800.0000
580.0000 2800.0000
590.0000 2194.3480
600.0000 2345.5960
610.0000 2011.3946
620.0000 2175.9134
630.0000 1899.8411
640.0000 2194.3286
650.0000 2680.8474
660.0000 2378.0196
670.0000 2464.3529
680.0000 1541.7520
690.0000 2518.2362
700.0000 2353.4726
710.0000 2800.0000
720.0000 2260.1291
730.0000 2747.4876
740.0000 2598.0048
750.0000 2612.6127
760.0000 2800.0000
770.0000 2800.0000
780.0000 2318.0527
790.0000 2008.0200
800.0000 1419.5466
810.0000 2246.2561
820.0000 2275.8865
830.0000 2546.3933
840.0000 2329.1504
850.0000 2741.9250
860.0000 2800.0000
870.0000 2389.4036
880.0000 2800.0000
890.0000 2128.2021
900.0000 2493.0711
910.0000 2800.0000
920.0000 2127.8806
930.0000 2800.0000
940.0000 2800.0000
950.0000 2800.0000
960.0000 1943.6841
970.0000 2303.3236
980.0000 1718.5445
990.0000 1683.4229
1000.0000 2683.5849
1010.0000 2800.0000
1020.0000 2800.0000
1030.0000 2705.7783
1040.0000 2800.0000
1050.0000 2144.1427
1060.0000 2188.0300
1070.0000 2450.8327
1080.0000 2338.8628
1090.0000 2102.6063
1100.0000 2580.6694
1110.0000 2463.1610
1120.0000 2426.6862
1130.0000 2206.3672
1140.0000 2408.6592
1150.0000 2545.3965
1160.0000 2572.7500
1170.0000 2299.8184
1180.0000 1740.7517
1190.0000 2257.3633
1200.0000 1819.0194
1210.0000 1864.4798
1220.0000 1518.2168
1230.0000 1979.2731
1240.0000 2304.9360
1250.0000 2093.9236
1260.0000 2454.3140
1270.0000 2335.5916
1280.0000 2159.4262
1290.0000 2299.1989
1300.0000 1593.9571
1310.0000 2182.5143
1320.0000 2796.8939
1330.0000 2792.4373
1340.0000 2517.0903
1350.0000 2800.0000
1360.0000 2800.0000
1370.0000 2006.5676
1380.0000 2371.5148
1390.0000 2064.8591
1400.0000 1410.4088
1410.0000 1759.6734
1420.0000 1098.9068
1430.0000 1815.3453
1440.0000 2099.5280
1450.0000 2800.0000
1460.0000 2288.0695
1470.0000 2800.0000
1480.0000 2800.0000
1490.0000 1851.5543
1500.0000 2800.0000
1510.0000 2800.0000
1520.0000 2681.9707
1530.0000 2329.3271
1540.0000 2197.1381
1550.0000 1948.4178
1560.0000 2190.4076
1570.0000 2381.8535
1580.0000 2313.1101
1590.0000 2800.0000
1600.0000 2072.5520
1610.0000 2362.3489
1620.0000 2800.0000
1630.0000 2264.7027
1640.0000 2800.0000
1650.0000 2475.1317
1660.0000 2454.2960
1670.0000 1891.7858
1680.0000 913.3008
1690.0000 2800.0000
1700.0000 2339.3703
1710.0000 2191.7867
1720.0000 2800.0000
1730.0000 2269.3350
1740.0000 2772.1928
1750.0000 2609.1052
1760.0000 2800.0000
1770.0000 2800.0000
1780.0000 2800.0000
1790.0000 1530.2973
1800.0000 2800.0000
1810.0000 1847.7236
1820.0000 2198.8914
1830.0000 2772.8724
1840.0000 2800.0000
1850.0000 2800.0000
1860.0000 2800.0000
1870.0000 2341.5399
1880.0000 2616.3730
1890.0000 2800.0000
1900.0000 2314.2286
1910.0000 2614.3878
1920.0000 2634.2650
1930.0000 2727.5481
1940.0000 2566.1547
1950.0000 2636.8481
1960.0000 2405.7998
1970.0000 2197.5672
1980.0000 1760.2991
1990.0000 2499.3748
2000.0000 2170.1030
2010.0000 2112.1467
2020.0000 2046.4122
2030.0000 1552.0471
2040.0000 1777.9284
2050.0000 2477.7081
2060.0000 2426.5315
2070.0000 2088.9168
2080.0000 2397.5517
2090.0000 2162.7462
2100.0000 2644.0989
2110.0000 2366.7102
2120.0000 2495.6951
2130.0000 2615.6672
2140.0000 2034.6089
2150.0000 2338.5493
2160.0000 2286.9310
2170.0000 1927.3863
2180.0000 1858.6896
2190.0000 2120.9443
2200.0000 2273.8950
2210.0000 2381.8312
2220.0000 2334.7886
2230.0000 2446.2368
2240.0000 2011.9818
2250.0000 1697.4651
2260.0000 1541.5348
2270.0000 1990.7463
2280.0000 2720.8590
2290.0000 2437.5776
2300.0000 2498.7436
2310.0000 2352.4731
2320.0000 2495.8429
2330.0000 2800.0000
2340.0000 2625.2223
2350.0000 2179.7210
2360.0000 2005.1361
2370.0000 2487.9192
2380.0000 2358.8642
2390.0000 2641.3707
2400.0000 2323.1696
2410.0000 1913.8137
2420.0000 1940.8640
2430.0000 2244.1105
2440.0000 2087.7745
2450.0000 2800.0000
2460.0000 2244.0943
2470.0000 2536.9284
2480.0000 2460.3287
2490.0000 2275.3282
2500.0000 2279.8652
2510.0000 2497.8785
2520.0000 2759.8001
2530.0000 1975.3558
2540.0000 2588.9028
2550.0000 2800.0000
2560.0000 2306.6979
2570.0000 1689.6364
2580.0000 1957.2530
2590.0000 2076.9207
2600.0000 2599.4542
2610.0000 2569.8131
2620.0000 2800.0000
2630.0000 2800.0000
2640.0000 2550.0569
2650.0000 2800.0000
2660.0000 2800.0000
2670.0000 2641.3510
2680.0000 2767.5863
2690.0000 2430.4743
2700.0000 2167.7067
2710.0000 2722.1249
2720.0000 2448.8817
2730.0000 1572.7951
2740.0000 1955.1268
2750.0000 1903.1741
2760.0000 2040.7305
2770.0000 1238.0448
2780.0000 2380.1670
2790.0000 2258.3388
2800.0000 2650.9090
2810.0000 2682.6030
2820.0000 2537.4451
2830.0000 2667.9865
2840.0000 2250.2943
2850.0000 2173.0032
2860.0000 2800.0000
2870.0000 1687.9097
2880.0000 2450.0278
2890.0000 2546.6614
2900.0000 2800.0000
2910.0000 2521.8026
2920.0000 2800.0000
2930.0000 2346.8046
2940.0000 2264.0594
2950.0000 2356.1848
2960.0000 2329.9995
2970.0000 2696.4390
2980.0000 2621.2153
2990.0000 2405.2883
3000.0000 2460.9287
3010.0000 2533.5911
3020.0000 1761.4605
3030.0000 758.9834
3040.0000 2126.5455
3050.0000 2800.0000
3060.0000 2394.6317
3070.0000 2357.5135
3080.0000 2800.0000
3090.0000 1481.8462
3100.0000 2800.0000
3110.0000 2671.2700
3120.0000 2519.3766
3130.0000 2723.8609
3140.0000 2301.6695
3150.0000 1891.1779
3160.0000 1971.1648
3170.0000 2202.0640
3180.0000 1565.1477
3190.0000 2398.6782
3200.0000 2338.8927
3210.0000 2364.0722
3220.0000 2166.1710
3230.0000 2185.8621
