0.0000 0.0000
10.0000 2083.0467
20.0000 1658.6014
30.0000 1397.1285
40.0000 1315.4298
50.0000 1560.1001
60.0000 1500.1552
70.0000 2005.2356
80.0000 2348.7124
90.0000 2494.2264
100.0000 2361.4008
110.0000 2258.9598
120.0000 2536.0675
130.0000 2685.0016
140.0000 2800.0000
150.0000 2800.0000
160.0000 2784.4168
170.0000 2739.9106
180.0000 2709.0647
190.0000 2683.9316
200.0000 2659.9568
210.0000 2621.3610
220.0000 2486.4224
230.0000 2368.2649
240.0000 2315.8714
250.0000 2304.4028
260.0000 2325.7424
270.0000 2235.7728
280.0000 1975.9919
290.0000 2354.5340
300.0000 2324.7592
310.0000 2280.9276
320.0000 2269.1672
330.0000 2181.5323
340.0000 2046.1258
350.0000 2111.6816
360.0000 2147.7736
370.0000 2213.0307
380.0000 1788.4506
390.0000 1763.2754
400.0000 1574.1533
410.0000 1729.3986
420.0000 1618.9560
430.0000 1954.3419
440.0000 1809.3437
450.0000 1996.6162
460.0000 2192.0569
470.0000 2121.8411
480.0000 1478.1894
490.0000 2046.1604
500.0000 2280.1517
510.0000 2264.9820
520.0000 1937.7716
530.0000 2133.7229
540.0000 1834.1063
550.0000 2002.3416
560.0000 2075.6294
570.0000 2428.9701
580.0000 2335.2497
590.0000 2535.1936
600.0000 2740.9030
610.0000 2570.1528
620.0000 2605.7007
630.0000 2004.3341
640.0000 2325.9724
650.0000 2695.8373
660.0000 2305.9132
670.0000 2800.0000
680.0000 2800.0000
690.0000 2306.1720
700.0000 2196.1402
710.0000 2672.8432
720.0000 2318.7934
730.0000 2413.3393
740.0000 1863.1286
750.0000 1902.8584
760.0000 2800.0000
770.0000 2631.8679
780.0000 2580.9228
790.0000 1837.0624
800.0000 2620.4488
810.0000 2570.1665
820.0000 2163.9144
830.0000 2337.2571
840.0000 2153.2930
850.0000 2047.1354
860.0000 1122.7384
870.0000 1340.3663
880.0000 1749.5764
890.0000 1981.1168
900.0000 2264.9201
910.0000 1862.0008
920.0000 2613.8400
930.0000 2669.2223
940.0000 2603.3940
950.0000 2510.0909
960.0000 2326.8212
970.0000 2800.0000
980.0000 2234.4050
990.0000 1879.1859
1000.0000 2360.8612
1010.0000 2265.4921
1020.0000 2651.9872
1030.0000 1774.9320
1040.0000 1459.9347
1050.0000 1826.7123
1060.0000 1737.0163
1070.0000 1693.0101
1080.0000 2433.8176
1090.0000 2116.8186
1100.0000 1876.9149
1110.0000 1767.8440
1120.0000 1689.5241
1130.0000 1527.9868
1140.0000 1811.8930
1150.0000 1728.7219
1160.0000 2098.3317
1170.0000 1917.3473
1180.0000 2662.5174
1190.0000 2504.2268
1200.0000 2305.3210
1210.0000 2362.3470
1220.0000 2111.8743
1230.0000 1945.0135
1240.0000 2029.4501
1250.0000 2057.7904
1260.0000 1973.1658
1270.0000 1994.5072
1280.0000 2254.5151
1290.0000 1838.2246
1300.0000 2031.0244
1310.0000 1948.3403
1320.0000 1132.5660
1330.0000 2414.5754
1340.0000 1793.7289
1350.0000 1935.5696
1360.0000 2069.3028
1370.0000 1979.6547
1380.0000 1450.2268
1390.0000 1251.7090
1400.0000 1564.3639
1410.0000 2558.8705
1420.0000 2691.6322
1430.0000 2325.2355
1440.0000 2667.6358
1450.0000 2800.0000
1460.0000 2335.1313
1470.0000 2277.1290
1480.0000 2541.4305
1490.0000 1844.5118
1500.0000 2390.2962
1510.0000 2319.4523
1520.0000 2275.9155
1530.0000 2797.4828
1540.0000 2564.6191
1550.0000 2796.7792
1560.0000 2072.8862
1570.0000 2442.4147
1580.0000 2205.0338
1590.0000 2435.2624
1600.0000 2074.7289
1610.0000 1637.3616
1620.0000 2241.4930
1630.0000 2365.9384
1640.0000 1753.5437
1650.0000 2300.0912
1660.0000 1790.8099
1670.0000 2144.0286
1680.0000 2333.8498
1690.0000 1618.9926
1700.0000 2448.3149
1710.0000 2431.9199
1720.0000 2091.5653
1730.0000 1485.8753
1740.0000 2760.6540
1750.0000 2584.6504
1760.0000 2347.4397
1770.0000 2280.9125
1780.0000 2607.9700
1790.0000 2395.3070
1800.0000 2662.2644
1810.0000 1688.4619
1820.0000 1935.3320
1830.0000 2751.0085
1840.0000 2800.0000
1850.0000 2052.4305
1860.0000 1971.0418
1870.0000 1915.6659
1880.0000 2447.8516
1890.0000 2017.4785
1900.0000 2582.7322
1910.0000 2642.8387
1920.0000 2536.2450
1930.0000 2800.0000
1940.0000 2675.7168
1950.0000 2323.1922
1960.0000 2167.3088
1970.0000 1860.1621
1980.0000 1894.8696
1990.0000 1531.2562
2000.0000 2015.9947
2010.0000 2086.9621
2020.0000 956.5991
2030.0000 1154.8109
2040.0000 1919.1739
2050.0000 1609.8223
2060.0000 2406.5491
2070.0000 2800.0000
2080.0000 2057.4376
2090.0000 2800.0000
2100.0000 2800.0000
2110.0000 2237.4726
2120.0000 2800.0000
2130.0000 2263.0844
2140.0000 1278.4451
2150.0000 1941.9525
2160.0000 2267.0958
2170.0000 2800.0000
2180.0000 2800.0000
2190.0000 2619.0545
2200.0000 2800.0000
2210.0000 2706.3849
2220.0000 2800.0000
2230.0000 1723.5057
2240.0000 2800.0000
2250.0000 2800.0000
2260.0000 2485.0884
2270.0000 2538.4380
2280.0000 2525.5350
2290.0000 2781.7037
2300.0000 2514.8172
2310.0000 2800.0000
2320.0000 2467.6617
2330.0000 2598.3590
2340.0000 2425.6340
2350.0000 2551.2466
2360.0000 2751.2716
2370.0000 2565.3569
2380.0000 2800.0000
2390.0000 2768.2614
2400.0000 1211.8050
2410.0000 2523.4225
2420.0000 2662.5352
2430.0000 2800.0000
2440.0000 2554.0514
2450.0000 2499.6668
2460.0000 2679.6942
2470.0000 2517.6886
2480.0000 2800.0000
2490.0000 2402.7712
2500.0000 2110.2477
2510.0000 2373.9554
2520.0000 2549.1804
2530.0000 1972.1438
2540.0000 2326.4231
2550.0000 2112.4323
2560.0000 2295.0299
2570.0000 1669.9746
2580.0000 2233.4109
2590.0000 2166.8863
2600.0000 2355.4272
2610.0000 2146.2508
2620.0000 2180.6996
2630.0000 2410.9478
2640.0000 1634.0708
2650.0000 2030.1668
2660.0000 2419.9883
2670.0000 2043.1346
2680.0000 1665.0635
2690.0000 1972.5152
2700.0000 2246.5682
2710.0000 2478.7426
2720.0000 2224.1880
2730.0000 1967.2706
2740.0000 1652.5070
2750.0000 1059.8860
2760.0000 1836.1531
2770.0000 1643.6192
2780.0000 1703.7500
2790.0000 1815.7227
2800.0000 1296.8433
2810.0000 936.9707
2820.0000 1938.5139
2830.0000 2061.9866
2840.0000 2769.0309
2850.0000 2408.7867
2860.0000 2523.3189
2870.0000 2285.8124
2880.0000 1541.4846
2890.0000 1131.2468
2900.0000 1618.5959
2910.0000 1488.9215
2920.0000 2437.4308
2930.0000 2747.4097
2940.0000 1825.1356
2950.0000 2149.5751
2960.0000 2428.5185
2970.0000 2225.8169
2980.0000 1953.3524
2990.0000 1881.1232
3000.0000 2614.9440
3010.0000 1543.3874
3020.0000 1390.4756
3030.0000 1447.3249
3040.0000 1884.2523
3050.0000 2137.4267
3060.0000 2624.0004
3070.0000 2620.0763
3080.0000 2500.0013
3090.0000 2154.0470
3100.0000 2382.0572
3110.0000 2688.4877
3120.0000 2585.9940
3130.0000 2307.8069
3140.0000 2039.0139
3150.0000 2800.0000
3160.0000 2800.0000
3170.0000 2743.0852
3180.0000 2800.0000
3190.0000 2573.1254
3200.0000 2678.1753
3210.0000 2800.0000
3220.0000 2800.0000
3230.0000 2728.7588
