0.0000 0.0000
10.0000 2800.0000
20.0000 2667.2882
30.0000 2688.9374
40.0000 2649.9693
50.0000 2534.0597
60.0000 2363.7830
70.0000 2122.7934
80.0000 2228.8806
90.0000 2322.7029
100.0000 2441.9285
110.0000 2459.8212
120.0000 2502.4472
130.0000 2645.6184
140.0000 2622.2685
150.0000 2553.2462
160.0000 2742.6251
170.0000 2800.0000
180.0000 2800.0000
190.0000 2800.0000
200.0000 2782.6951
210.0000 2290.2841
220.0000 2548.5229
230.0000 2800.0000
240.0000 2800.0000
250.0000 2476.7218
260.0000 1994.9838
270.0000 2182.0098
280.0000 2365.8489
290.0000 2404.1058
300.0000 1882.2286
310.0000 2574.4652
320.0000 2417.0903
330.0000 1037.9253
340.0000 1209.7482
350.0000 1728.8107
360.0000 1699.7205
370.0000 2337.9353
380.0000 2255.2565
390.0000 2567.8020
400.0000 2467.9152
410.0000 1939.6918
420.0000 2800.0000
430.0000 2800.0000
440.0000 2800.0000
450.0000 2800.0000
460.0000 2140.3954
470.0000 2559.8685
480.0000 2800.0000
490.0000 2614.1962
500.0000 2646.5480
510.0000 2729.4436
520.0000 2782.4139
530.0000 2412.0538
540.0000 2575.4270
550.0000 2800.0000
560.0000 2800.0000
570.0000 2800.0000
580.0000 2800.0000
590.0000 2704.9599
600.0000 2367.2724
610.0000 2800.0000
620.0000 2800.0000
630.0000 2800.0000
640.0000 2800.0000
650.0000 2327.7691
660.0000 2345.1194
670.0000 1984.2576
680.0000 2050.2165
690.0000 2800.0000
700.0000 2800.0000
710.0000 2800.0000
720.0000 2665.9734
730.0000 2613.0872
740.0000 2651.9911
750.0000 2724.0204
760.0000 2530.0430
770.0000 2760.1303
780.0000 2639.5299
790.0000 2100.5832
800.0000 2453.0007
810.0000 2800.0000
820.0000 2800.0000
830.0000 1953.1487
840.0000 1454.2340
850.0000 1816.6004
860.0000 1865.6617
870.0000 2800.0000
880.0000 2293.7111
890.0000 2800.0000
900.0000 2705.6977
910.0000 2800.0000
920.0000 2800.0000
930.0000 2667.6850
940.0000 2800.0000
950.0000 2550.6604
960.0000 2381.5014
970.0000 2501.3502
980.0000 2192.0883
990.0000 2800.0000
1000.0000 2269.1906
1010.0000 2516.5826
1020.0000 2489.5638
1030.0000 2800.0000
1040.0000 2700.2401
1050.0000 2656.4795
1060.0000 2048.9416
1070.0000 2800.0000
1080.0000 2800.0000
1090.0000 2714.4359
1100.0000 2713.4237
1110.0000 2652.8526
1120.0000 1931.0292
1130.0000 2223.5990
1140.0000 2400.0198
1150.0000 2453.1268
1160.0000 2587.4316
1170.0000 2537.8292
1180.0000 2219.0294
1190.0000 2800.0000
1200.0000 2294.3077
1210.0000 2476.4860
1220.0000 1864.5653
1230.0000 2800.0000
1240.0000 2800.0000
1250.0000 2800.0000
1260.0000 2388.9140
1270.0000 2477.2955
1280.0000 2636.2502
1290.0000 2800.0000
1300.0000 2527.4163
1310.0000 2800.0000
1320.0000 2597.9186
1330.0000 2656.0975
1340.0000 2705.4083
1350.0000 2800.0000
1360.0000 2800.0000
1370.0000 2538.2489
1380.0000 2684.3622
1390.0000 2800.0000
1400.0000 2800.0000
1410.0000 2612.5116
1420.0000 2800.0000
1430.0000 2800.0000
1440.0000 2059.5538
1450.0000 2731.3324
1460.0000 2735.6295
1470.0000 2800.0000
1480.0000 2800.0000
1490.0000 2609.3675
1500.0000 2630.1196
1510.0000 2306.1762
1520.0000 2800.0000
1530.0000 2800.0000
1540.0000 2640.6515
1550.0000 2460.7027
1560.0000 1615.0733
1570.0000 2519.4317
1580.0000 2027.2554
1590.0000 2221.2313
1600.0000 1631.3807
1610.0000 2490.0708
1620.0000 2014.1531
1630.0000 1341.6056
1640.0000 1941.5816
1650.0000 1796.7960
1660.0000 1738.0368
1670.0000 1746.6909
1680.0000 1649.4372
1690.0000 1778.4052
1700.0000 1861.1825
1710.0000 1214.6190
1720.0000 1682.5705
1730.0000 2416.2723
1740.0000 2258.0008
1750.0000 1737.2328
1760.0000 1909.2863
1770.0000 1333.9162
1780.0000 623.9192
1790.0000 828.5105
1800.0000 1310.0446
1810.0000 1284.2890
1820.0000 1643.8339
1830.0000 1624.1701
1840.0000 1712.5444
1850.0000 1163.8553
1860.0000 1547.9191
1870.0000 1676.4214
1880.0000 2503.4896
1890.0000 1712.7342
1900.0000 1586.4668
1910.0000 1774.0134
1920.0000 1291.4271
1930.0000 1293.6448
1940.0000 1668.9083
1950.0000 1825.6042
1960.0000 2575.7038
1970.0000 1880.1618
1980.0000 2781.7505
1990.0000 2800.0000
2000.0000 2337.1006
2010.0000 2800.0000
2020.0000 2710.9249
2030.0000 2666.7734
2040.0000 2786.5218
2050.0000 2262.0010
2060.0000 2358.1699
2070.0000 2073.9886
2080.0000 2171.7731
2090.0000 2570.8506
2100.0000 1613.8692
2110.0000 2169.7559
2120.0000 2733.6390
2130.0000 2659.9654
2140.0000 2738.0928
2150.0000 2562.8578
2160.0000 2503.9468
2170.0000 2616.9268
2180.0000 2798.4716
2190.0000 2292.1720
2200.0000 2606.3034
2210.0000 2561.5859
2220.0000 2555.4563
2230.0000 2800.0000
2240.0000 1968.8510
2250.0000 2800.0000
2260.0000 2661.4253
2270.0000 2800.0000
2280.0000 2800.0000
2290.0000 2427.3636
2300.0000 2226.3802
2310.0000 2357.7855
2320.0000 2312.0062
2330.0000 2286.3037
2340.0000 2008.2485
2350.0000 1777.2188
2360.0000 1711.5323
2370.0000 1552.3745
2380.0000 1795.1590
2390.0000 1831.6640
2400.0000 1684.3337
2410.0000 1451.5458
2420.0000 1531.2021
2430.0000 1657.4852
2440.0000 1753.1513
2450.0000 2436.9466
2460.0000 2492.6143
2470.0000 2097.3373
2480.0000 2054.4291
2490.0000 2113.0633
2500.0000 1375.8089
2510.0000 1770.1451
2520.0000 1661.7788
2530.0000 1920.8989
2540.0000 2331.7207
2550.0000 1696.9438
2560.0000 2021.9236
2570.0000 2722.1327
2580.0000 1758.8981
2590.0000 749.2216
2600.0000 2260.5400
2610.0000 2706.0785
2620.0000 2785.1636
2630.0000 2800.0000
2640.0000 2658.1978
2650.0000 2800.0000
2660.0000 1993.3619
2670.0000 2301.7375
2680.0000 2800.0000
2690.0000 2800.0000
2700.0000 2800.0000
2710.0000 2245.9349
2720.0000 2800.0000
2730.0000 2800.0000
2740.0000 2800.0000
2750.0000 2649.2878
2760.0000 2800.0000
2770.0000 2753.8894
2780.0000 2800.0000
2790.0000 2800.0000
2800.0000 2800.0000
2810.0000 2571.2265
2820.0000 2355.1052
2830.0000 2412.6029
2840.0000 2253.4659
2850.0000 2442.1191
2860.0000 2209.4153
2870.0000 2689.8188
2880.0000 2272.8990
2890.0000 2556.8104
2900.0000 2530.2754
2910.0000 2800.0000
2920.0000 2391.7909
2930.0000 2483.3062
2940.0000 2091.5118
2950.0000 2671.0334
2960.0000 2168.3207
2970.0000 1847.4795
2980.0000 2173.4590
2990.0000 2648.9801
3000.0000 2620.0703
3010.0000 2185.0981
3020.0000 2800.0000
3030.0000 2390.1948
3040.0000 2332.4877
3050.0000 2353.5945
3060.0000 1823.0683
3070.0000 2294.4904
3080.0000 2047.5438
3090.0000 2644.2504
3100.0000 2643.5054
3110.0000 2118.9902
3120.0000 1573.2256
3130.0000 1489.0323
3140.0000 1633.8366
3150.0000 1320.2199
3160.0000 1828.0871
3170.0000 2311.0001
3180.0000 1944.4892
3190.0000 2024.7665
3200.0000 1469.5157
3210.0000 2800.0000
3220.0000 2800.0000
3230.0000 2434.7834
