0.0000 0.0000
10.0000 2731.8159
20.0000 2485.4041
30.0000 2170.7576
40.0000 1824.3393
50.0000 1562.4380
60.0000 1478.4096
70.0000 1548.5948
80.0000 1935.4033
90.0000 2066.9934
100.0000 2028.5608
110.0000 1198.8302
120.0000 2595.1898
130.0000 2659.9205
140.0000 2800.0000
150.0000 2800.0000
160.0000 2800.0000
170.0000 2800.0000
180.0000 2617.7765
190.0000 2398.8514
200.0000 2294.9598
210.0000 2021.7407
220.0000 1875.5570
230.0000 2480.4504
240.0000 2757.1990
250.0000 2360.1993
260.0000 2010.1461
270.0000 2304.6321
280.0000 2668.7533
290.0000 2800.0000
300.0000 2800.0000
310.0000 2577.0721
320.0000 2440.2583
330.0000 2613.3493
340.0000 2800.0000
350.0000 2800.0000
360.0000 2800.0000
370.0000 2800.0000
380.0000 2800.0000
390.0000 2800.0000
400.0000 2379.3158
410.0000 2800.0000
420.0000 2608.5385
430.0000 2674.9578
440.0000 2773.9889
450.0000 2800.0000
460.0000 2800.0000
470.0000 2800.0000
480.0000 2800.0000
490.0000 2800.0000
500.0000 2592.2191
510.0000 2542.5136
520.0000 2296.8461
530.0000 2800.0000
540.0000 2800.0000
550.0000 2800.0000
560.0000 2800.0000
570.0000 2800.0000
580.0000 2631.3869
590.0000 2800.0000
600.0000 2391.7945
610.0000 2674.7932
620.0000 2509.6090
630.0000 2038.9836
640.0000 2800.0000
650.0000 2416.4380
660.0000 2669.7979
670.0000 2773.0792
680.0000 2800.0000
690.0000 2316.7676
700.0000 2800.0000
710.0000 2562.6851
720.0000 1965.2155
730.0000 2429.8158
740.0000 2638.7069
750.0000 2423.6278
760.0000 1902.5377
770.0000 2800.0000
780.0000 2386.0888
790.0000 2432.5643
800.0000 2694.3808
810.0000 2173.4895
820.0000 1932.7663
830.0000 2188.6132
840.0000 2172.3399
850.0000 2051.8431
860.0000 2393.5606
870.0000 2121.4004
880.0000 1914.8246
890.0000 1406.1361
900.0000 1872.7202
910.0000 1857.4470
920.0000 1767.1676
930.0000 2444.8815
940.0000 1897.3324
950.0000 1090.6260
960.0000 2800.0000
970.0000 2708.3817
980.0000 2318.2524
990.0000 1776.2674
1000.0000 1864.5860
1010.0000 1872.2424
1020.0000 2002.8760
1030.0000 1989.8703
1040.0000 1282.2177
1050.0000 2270.4442
1060.0000 2008.3871
1070.0000 1779.1479
1080.0000 2767.5416
1090.0000 2609.9196
1100.0000 2269.7177
1110.0000 1980.5314
1120.0000 2056.5150
1130.0000 1969.0111
1140.0000 1794.7731
1150.0000 2367.1671
1160.0000 2195.9354
1170.0000 1949.4218
1180.0000 1823.2048
1190.0000 1796.6551
1200.0000 1511.0985
1210.0000 1955.6580
1220.0000 2105.2955
1230.0000 2219.3485
1240.0000 2580.5746
1250.0000 2733.7029
1260.0000 2575.2297
1270.0000 2288.7726
1280.0000 2189.5066
1290.0000 1713.2179
1300.0000 1705.7218
1310.0000 1941.2644
1320.0000 2318.8573
1330.0000 2236.4905
1340.0000 1859.8116
1350.0000 2496.3873
1360.0000 2078.8066
1370.0000 1229.6559
1380.0000 2800.0000
1390.0000 2271.8206
1400.0000 2623.3323
1410.0000 2178.4329
1420.0000 2236.4671
1430.0000 2578.4011
1440.0000 2230.2310
1450.0000 2267.0929
1460.0000 1687.6777
1470.0000 2187.8547
1480.0000 2614.4161
1490.0000 2217.2858
1500.0000 2506.5254
1510.0000 2180.9355
1520.0000 2157.7798
1530.0000 2800.0000
1540.0000 2517.8893
1550.0000 2425.7518
1560.0000 2478.5981
1570.0000 2171.1935
1580.0000 2143.3811
1590.0000 2386.6003
1600.0000 1864.6948
1610.0000 2376.8260
1620.0000 2433.4396
1630.0000 2585.2730
1640.0000 2122.5026
1650.0000 1132.2358
1660.0000 2305.0180
1670.0000 2657.9016
1680.0000 2221.1495
1690.0000 2800.0000
1700.0000 2800.0000
1710.0000 2360.4302
1720.0000 2514.7989
1730.0000 1878.3256
1740.0000 2319.9024
1750.0000 2484.6394
1760.0000 2284.1678
1770.0000 2552.2992
1780.0000 2241.2207
1790.0000 2277.6175
1800.0000 2588.0295
1810.0000 2800.0000
1820.0000 2800.0000
1830.0000 2481.4429
1840.0000 2153.0813
1850.0000 1998.1567
1860.0000 1956.9064
1870.0000 1107.7986
1880.0000 1820.1124
1890.0000 2391.6305
1900.0000 2100.8835
1910.0000 1333.5565
1920.0000 1884.1889
1930.0000 2039.3191
1940.0000 2132.5953
1950.0000 2800.0000
1960.0000 2718.4251
1970.0000 2800.0000
1980.0000 2800.0000
1990.0000 2800.0000
2000.0000 2618.7439
2010.0000 2800.0000
2020.0000 2756.4001
2030.0000 2578.1936
2040.0000 1845.6470
2050.0000 2593.5369
2060.0000 2698.5145
2070.0000 2061.8754
2080.0000 2706.2796
2090.0000 2305.3869
2100.0000 1991.4886
2110.0000 2203.9250
2120.0000 2092.4341
2130.0000 1716.3211
2140.0000 2299.9070
2150.0000 1943.7099
2160.0000 2681.5563
2170.0000 1945.5045
2180.0000 1957.4318
2190.0000 1623.3192
2200.0000 1564.6606
2210.0000 1713.3549
2220.0000 2199.1043
2230.0000 1678.5671
2240.0000 2041.0544
2250.0000 2227.0576
2260.0000 1732.9238
2270.0000 2800.0000
2280.0000 2800.0000
2290.0000 2246.1539
2300.0000 1831.2521
2310.0000 2800.0000
2320.0000 2290.7559
2330.0000 2800.0000
2340.0000 2437.2175
2350.0000 2685.3039
2360.0000 2696.0316
2370.0000 2346.4039
2380.0000 2800.0000
2390.0000 2800.0000
2400.0000 2192.6826
2410.0000 2396.9125
2420.0000 2800.0000
2430.0000 2800.0000
2440.0000 2800.0000
2450.0000 2800.0000
2460.0000 2507.5453
2470.0000 2400.4315
2480.0000 2800.0000
2490.0000 2346.9186
2500.0000 2800.0000
2510.0000 2611.1501
2520.0000 2482.9761
2530.0000 2375.9154
2540.0000 2687.9695
2550.0000 2800.0000
2560.0000 2800.0000
2570.0000 2685.4380
2580.0000 2800.0000
2590.0000 2762.9429
2600.0000 2376.1239
2610.0000 2372.6017
2620.0000 2232.1441
2630.0000 1687.0043
2640.0000 1940.5787
2650.0000 1915.4732
2660.0000 2800.0000
2670.0000 2487.4152
2680.0000 2517.2224
2690.0000 2123.5781
2700.0000 1772.9769
2710.0000 1846.4432
2720.0000 1672.2551
2730.0000 1337.9926
2740.0000 1265.4277
2750.0000 1346.3301
2760.0000 1528.9618
2770.0000 1665.0734
2780.0000 1795.2479
2790.0000 1536.6959
2800.0000 1462.4587
2810.0000 1651.6666
2820.0000 1713.8558
2830.0000 1659.1972
2840.0000 2177.4603
2850.0000 1259.9324
2860.0000 2500.1486
2870.0000 2469.7909
2880.0000 2800.0000
2890.0000 2800.0000
2900.0000 1932.0367
2910.0000 2800.0000
2920.0000 2735.0055
2930.0000 2578.2843
2940.0000 2800.0000
2950.0000 2657.7130
2960.0000 2800.0000
2970.0000 2792.7259
2980.0000 2800.0000
2990.0000 2697.3053
3000.0000 2800.0000
3010.0000 2800.0000
3020.0000 2120.3825
3030.0000 2769.8989
3040.0000 2800.0000
3050.0000 2800.0000
3060.0000 2315.5338
3070.0000 2255.0923
3080.0000 2306.5260
3090.0000 2479.0293
3100.0000 2220.0850
3110.0000 2281.7616
3120.0000 2800.0000
3130.0000 2800.0000
3140.0000 2800.0000
3150.0000 2336.0882
3160.0000 2345.2695
3170.0000 2700.9080
3180.0000 2484.0662
3190.0000 2800.0000
3200.0000 2029.9317
3210.0000 2516.8796
3220.0000 2230.9537
3230.0000 2274.4613
