0.0000 0.0000
10.0000 2325.3442
20.0000 1837.1162
30.0000 1590.5281
40.0000 1360.2908
50.0000 1299.8598
60.0000 1907.2108
70.0000 1524.8672
80.0000 1946.0509
90.0000 2266.7786
100.0000 2541.9633
110.0000 2642.4221
120.0000 2684.0549
130.0000 2733.0461
140.0000 2706.5736
150.0000 2477.9786
160.0000 2273.4098
170.0000 2486.6201
180.0000 2603.0335
190.0000 2498.1410
200.0000 2577.5319
210.0000 2374.5539
220.0000 2708.0499
230.0000 2800.0000
240.0000 2800.0000
250.0000 2800.0000
260.0000 2272.3246
270.0000 2541.6798
280.0000 2380.2725
290.0000 2800.0000
300.0000 2800.0000
310.0000 2800.0000
320.0000 2800.0000
330.0000 2763.9160
340.0000 2470.0911
350.0000 2800.0000
360.0000 2800.0000
370.0000 2418.2820
380.0000 2682.6724
390.0000 1736.1589
400.0000 2704.4289
410.0000 2736.7728
420.0000 2510.1130
430.0000 2800.0000
440.0000 1765.1834
450.0000 2183.0942
460.0000 2072.8585
470.0000 1709.0248
480.0000 1637.3431
490.0000 1319.7578
500.0000 1513.3846
510.0000 1444.0836
520.0000 1595.0457
530.0000 1487.9408
540.0000 2110.5324
550.0000 1101.3060
560.0000 2019.8049
570.0000 2048.6237
580.0000 1729.5254
590.0000 1911.3815
600.0000 1983.8260
610.0000 2266.7235
620.0000 1907.2087
630.0000 2800.0000
640.0000 2064.9051
650.0000 2439.3466
660.0000 2800.0000
670.0000 2719.3448
680.0000 2083.0973
690.0000 2001.1850
700.0000 2375.8622
710.0000 1968.8494
720.0000 2354.9812
730.0000 2278.8952
740.0000 1900.2552
750.0000 1939.4503
760.0000 1747.5242
770.0000 2352.6949
780.0000 2058.1947
790.0000 2453.9767
800.0000 1513.3518
810.0000 2063.2988
820.0000 1622.3141
830.0000 2800.0000
840.0000 2800.0000
850.0000 2437.1479
860.0000 2800.0000
870.0000 2490.8238
880.0000 2055.0599
890.0000 2026.3669
900.0000 1997.0867
910.0000 2206.2485
920.0000 2429.3094
930.0000 2313.1303
940.0000 1903.4307
950.0000 2249.8688
960.0000 1724.4980
970.0000 2439.5653
980.0000 2177.6982
990.0000 2171.5944
1000.0000 2800.0000
1010.0000 2724.6813
1020.0000 2693.8886
1030.0000 2008.9343
1040.0000 2517.8170
1050.0000 2356.8567
1060.0000 1939.4212
1070.0000 2556.3221
1080.0000 2615.7242
1090.0000 2430.5913
1100.0000 2374.1909
1110.0000 2620.9500
1120.0000 2139.2026
1130.0000 2181.9991
1140.0000 2669.3782
1150.0000 2628.2917
1160.0000 2480.2661
1170.0000 2036.8562
1180.0000 1943.6099
1190.0000 2555.1276
1200.0000 1567.2134
1210.0000 2800.0000
1220.0000 2489.4020
1230.0000 2489.7857
1240.0000 2316.0308
1250.0000 2263.0451
1260.0000 2405.5059
1270.0000 2577.8658
1280.0000 1654.2025
1290.0000 1384.4490
1300.0000 2458.2672
1310.0000 2664.5125
1320.0000 2611.7977
1330.0000 2800.0000
1340.0000 2681.1595
1350.0000 2621.8426
1360.0000 2645.3781
1370.0000 2163.1901
1380.0000 2068.4142
1390.0000 2598.6585
1400.0000 2097.8611
1410.0000 2420.9439
1420.0000 2194.4683
1430.0000 2111.5894
1440.0000 2529.6670
1450.0000 1847.9992
1460.0000 1944.5483
1470.0000 1910.5022
1480.0000 1936.1780
1490.0000 1717.2238
1500.0000 1661.2816
1510.0000 1242.1713
1520.0000 1414.9837
1530.0000 1800.4094
1540.0000 1670.8753
1550.0000 1656.9450
1560.0000 1802.9200
1570.0000 1370.8239
1580.0000 1589.1724
1590.0000 1335.5391
1600.0000 1392.4319
1610.0000 1573.1694
1620.0000 2284.8953
1630.0000 1919.7149
1640.0000 2225.8684
1650.0000 2273.7177
1660.0000 2699.0436
1670.0000 2127.5834
1680.0000 2077.3352
1690.0000 1965.3997
1700.0000 1989.4403
1710.0000 1741.8311
1720.0000 1766.1701
1730.0000 1687.4976
1740.0000 1701.9795
1750.0000 1558.0693
1760.0000 1667.9447
1770.0000 1555.0929
1780.0000 1530.9195
1790.0000 1396.9031
1800.0000 1452.9578
1810.0000 1227.1244
1820.0000 843.1620
1830.0000 1124.0155
1840.0000 1191.9304
1850.0000 1583.3622
1860.0000 1010.0514
1870.0000 1020.5999
1880.0000 694.8301
1890.0000 1891.6743
1900.0000 2067.6788
1910.0000 2108.7573
1920.0000 2458.0383
1930.0000 2651.6671
1940.0000 2740.4244
1950.0000 2493.2487
1960.0000 2520.4937
1970.0000 2292.8026
1980.0000 2211.8293
1990.0000 2692.7751
2000.0000 2319.8224
2010.0000 2800.0000
2020.0000 2568.7931
2030.0000 2697.0519
2040.0000 2800.0000
2050.0000 2675.6056
2060.0000 2312.5453
2070.0000 2147.0309
2080.0000 2163.5078
2090.0000 2054.5410
2100.0000 2519.8279
2110.0000 2435.9151
2120.0000 2447.2794
2130.0000 2003.2942
2140.0000 2019.1947
2150.0000 2287.8458
2160.0000 2379.8599
2170.0000 1564.9301
2180.0000 1816.0113
2190.0000 1479.0754
2200.0000 1953.7561
2210.0000 2158.8275
2220.0000 2789.6145
2230.0000 2494.2359
2240.0000 2171.6286
2250.0000 2505.7708
2260.0000 2791.7751
2270.0000 2446.1694
2280.0000 1902.3801
2290.0000 1708.4197
2300.0000 2094.4835
2310.0000 2677.7575
2320.0000 2566.7368
2330.0000 1871.5835
2340.0000 2055.0386
2350.0000 2518.1555
2360.0000 2574.4676
2370.0000 1878.4147
2380.0000 2226.2223
2390.0000 2043.8945
2400.0000 2031.4933
2410.0000 1444.2014
2420.0000 2800.0000
2430.0000 2800.0000
2440.0000 2549.5243
2450.0000 1563.8920
2460.0000 2800.0000
2470.0000 2800.0000
2480.0000 2265.4930
2490.0000 2494.0225
2500.0000 2800.0000
2510.0000 2800.0000
2520.0000 2800.0000
2530.0000 2800.0000
2540.0000 1387.9047
2550.0000 2800.0000
2560.0000 2687.3537
2570.0000 2277.1829
2580.0000 2612.9228
2590.0000 2604.4185
2600.0000 2381.7773
2610.0000 1848.0612
2620.0000 1556.7207
2630.0000 2445.6815
2640.0000 2800.0000
2650.0000 2800.0000
2660.0000 2623.3161
2670.0000 2800.0000
2680.0000 2334.6952
2690.0000 2648.0340
2700.0000 2499.3750
2710.0000 2467.3424
2720.0000 2252.2271
2730.0000 1994.6184
2740.0000 2067.7294
2750.0000 2300.2228
2760.0000 2536.8680
2770.0000 2769.5144
2780.0000 2371.5635
2790.0000 2389.4495
2800.0000 1787.9392
2810.0000 2574.8676
2820.0000 2170.0834
2830.0000 2702.9991
2840.0000 1627.1471
2850.0000 2377.0156
2860.0000 1424.8360
2870.0000 1838.3045
2880.0000 2080.5578
2890.0000 2186.7148
2900.0000 2029.7434
2910.0000 1705.8410
2920.0000 2225.3189
2930.0000 1931.5256
2940.0000 2770.6473
2950.0000 2690.8628
2960.0000 1959.3619
2970.0000 2419.5406
2980.0000 2485.9617
2990.0000 2365.8561
3000.0000 2571.0902
3010.0000 2140.8061
3020.0000 1796.3222
3030.0000 1307.9027
3040.0000 1289.6671
3050.0000 1327.5361
3060.0000 1590.7270
3070.0000 1259.5625
3080.0000 1641.9605
3090.0000 1995.2957
3100.0000 2351.2636
3110.0000 1952.7558
3120.0000 2514.1206
3130.0000 2103.4309
3140.0000 2162.5574
3150.0000 1742.9617
3160.0000 2296.2070
3170.0000 1833.7587
3180.0000 2474.4331
3190.0000 2409.3687
3200.0000 2134.5537
3210.0000 2464.4114
3220.0000 2310.4015
3230.0000 2409.0326
