0.0000 0.0000
10.0000 1883.7518
20.0000 1886.6506
30.0000 2185.6163
40.0000 2346.1697
50.0000 2285.7083
60.0000 2112.3149
70.0000 1970.1323
80.0000 1996.7871
90.0000 1990.4693
100.0000 2183.1179
110.0000 2800.0000
120.0000 2800.0000
130.0000 1521.6148
140.0000 1369.5692
150.0000 1900.7846
160.0000 1828.6269
170.0000 1762.6137
180.0000 1481.4489
190.0000 2229.2177
200.0000 2492.7147
210.0000 2528.2281
220.0000 2696.2129
230.0000 2777.8300
240.0000 2763.4274
250.0000 2708.8537
260.0000 2262.0249
270.0000 2634.6537
280.0000 1514.3087
290.0000 1408.9632
300.0000 1150.4274
310.0000 974.8650
320.0000 781.4243
330.0000 1489.8827
340.0000 1454.6784
350.0000 1695.9511
360.0000 2075.3083
370.0000 1611.8791
380.0000 1711.4823
390.0000 1697.8918
400.0000 1910.8469
410.0000 1898.4705
420.0000 2449.4637
430.0000 1787.1527
440.0000 1720.6452
450.0000 2581.3635
460.0000 2665.3439
470.0000 2040.9813
480.0000 2347.8573
490.0000 2717.0349
500.0000 2621.2316
510.0000 2444.9096
520.0000 2461.8633
530.0000 2500.2618
540.0000 2782.0630
550.0000 2265.7087
560.0000 1351.9547
570.0000 2065.8360
580.0000 2583.0404
590.0000 2495.9856
600.0000 2212.6887
610.0000 2284.0012
620.0000 1978.8707
630.0000 2764.6230
640.0000 2257.5922
650.0000 1433.9281
660.0000 1706.1159
670.0000 1819.3049
680.0000 1520.6887
690.0000 2011.2743
700.0000 2716.4086
710.0000 1588.7985
720.0000 2328.9467
730.0000 2271.2941
740.0000 2546.9151
750.0000 2293.3266
760.0000 2108.8229
770.0000 2068.1182
780.0000 2068.2089
790.0000 2513.8084
800.0000 2213.2156
810.0000 2421.0428
820.0000 2491.0340
830.0000 2063.0170
840.0000 2179.6430
850.0000 1603.5039
860.0000 2006.1795
870.0000 1064.9258
880.0000 2229.9531
890.0000 2566.6054
900.0000 2337.3713
910.0000 2613.2142
920.0000 2080.8337
930.0000 2800.0000
940.0000 2321.4606
950.0000 2173.4101
960.0000 2770.5241
970.0000 2800.0000
980.0000 2473.1179
990.0000 2800.0000
1000.0000 2800.0000
1010.0000 2800.0000
1020.0000 2800.0000
1030.0000 2800.0000
1040.0000 2445.2126
1050.0000 1938.0650
1060.0000 2800.0000
1070.0000 2107.5799
1080.0000 2575.7571
1090.0000 2162.0203
1100.0000 2121.7542
1110.0000 2178.8831
1120.0000 2374.6267
1130.0000 2338.4113
1140.0000 2122.8492
1150.0000 2172.7516
1160.0000 2091.2938
1170.0000 2155.8499
1180.0000 1815.5434
1190.0000 2097.7728
1200.0000 1807.7405
1210.0000 1920.0836
1220.0000 1793.9611
1230.0000 1752.1522
1240.0000 1710.7942
1250.0000 1788.3125
1260.0000 1726.9705
1270.0000 1807.6009
1280.0000 2018.4832
1290.0000 1955.8992
1300.0000 1245.1154
1310.0000 1231.4090
1320.0000 1205.0171
1330.0000 1484.1161
1340.0000 1187.3780
1350.0000 1722.8792
1360.0000 765.5004
1370.0000 898.7938
1380.0000 1158.2182
1390.0000 1499.6468
1400.0000 1465.8297
1410.0000 1699.5079
1420.0000 1749.0939
1430.0000 1704.7242
1440.0000 1147.1491
1450.0000 1490.5211
1460.0000 1121.5223
1470.0000 519.4299
1480.0000 1482.7020
1490.0000 1260.3344
1500.0000 1845.5097
1510.0000 1910.4425
1520.0000 1560.5421
1530.0000 1067.2036
1540.0000 1173.6500
1550.0000 1809.8710
1560.0000 1299.9613
1570.0000 830.5848
1580.0000 1015.4420
1590.0000 925.9132
1600.0000 1024.8701
1610.0000 1061.7174
1620.0000 1328.3662
1630.0000 1319.0061
1640.0000 1472.9026
1650.0000 1666.1298
1660.0000 1772.0554
1670.0000 1241.9094
1680.0000 2683.4836
1690.0000 2800.0000
1700.0000 1607.0495
1710.0000 1852.8150
1720.0000 1542.0854
1730.0000 1945.3555
1740.0000 1883.4596
1750.0000 1888.2433
1760.0000 1744.6955
1770.0000 2501.1910
1780.0000 2461.1043
1790.0000 2248.0415
1800.0000 2322.8621
1810.0000 2367.1636
1820.0000 1777.3368
1830.0000 2017.1139
1840.0000 2006.7085
1850.0000 2062.8476
1860.0000 2421.6774
1870.0000 2367.6378
1880.0000 2303.8535
1890.0000 2154.4815
1900.0000 2152.6592
1910.0000 2273.5693
1920.0000 1919.1760
1930.0000 1781.1727
1940.0000 1395.5431
1950.0000 1450.8945
1960.0000 1459.3709
1970.0000 2420.0736
1980.0000 2142.3277
1990.0000 1346.2966
2000.0000 480.0452
2010.0000 489.4497
2020.0000 1126.9303
2030.0000 1607.9248
2040.0000 1604.9983
2050.0000 1854.1680
2060.0000 1133.3216
2070.0000 1626.2249
2080.0000 1370.9423
2090.0000 2448.8667
2100.0000 1910.1233
2110.0000 2528.5319
2120.0000 2244.8143
2130.0000 2521.7008
2140.0000 1704.8665
2150.0000 1914.6985
2160.0000 2005.5704
2170.0000 2123.3704
2180.0000 1768.4183
2190.0000 2537.0646
2200.0000 2540.8761
2210.0000 2693.9926
2220.0000 2253.9277
2230.0000 2385.0364
2240.0000 2283.9126
2250.0000 2800.0000
2260.0000 2800.0000
2270.0000 2415.4020
2280.0000 2392.0825
2290.0000 2405.2270
2300.0000 2021.5604
2310.0000 1775.1871
2320.0000 2329.4512
2330.0000 2240.0641
2340.0000 1984.1795
2350.0000 2350.1997
2360.0000 2439.9739
2370.0000 2099.2659
2380.0000 2672.4693
2390.0000 2530.7281
2400.0000 2095.2517
2410.0000 2093.2553
2420.0000 1861.4157
2430.0000 1657.9770
2440.0000 1820.0050
2450.0000 1593.2685
2460.0000 2406.8911
2470.0000 2249.8355
2480.0000 2567.2278
2490.0000 2514.3001
2500.0000 2556.5866
2510.0000 2261.9940
2520.0000 2069.2035
2530.0000 1995.0914
2540.0000 2619.2997
2550.0000 2264.1539
2560.0000 2584.3689
2570.0000 2468.3778
2580.0000 2506.8866
2590.0000 1738.7497
2600.0000 1946.9910
2610.0000 1316.5735
2620.0000 1486.2671
2630.0000 1450.8665
2640.0000 2356.8788
2650.0000 2800.0000
2660.0000 2716.0076
2670.0000 2773.4631
2680.0000 2398.5084
2690.0000 2523.1285
2700.0000 2396.5140
2710.0000 2446.5462
2720.0000 1993.7081
2730.0000 2558.7221
2740.0000 1926.3397
2750.0000 1919.9798
2760.0000 1860.0791
2770.0000 2367.4550
2780.0000 2427.4163
2790.0000 2000.6979
2800.0000 2278.4482
2810.0000 1275.3880
2820.0000 1690.0459
2830.0000 1932.6599
2840.0000 2036.7844
2850.0000 1607.7232
2860.0000 1561.8999
2870.0000 1901.3650
2880.0000 2003.0295
2890.0000 1872.4603
2900.0000 1827.0616
2910.0000 1406.9694
2920.0000 1456.8051
2930.0000 1536.4069
2940.0000 1773.5915
2950.0000 1882.2030
2960.0000 2074.3204
2970.0000 1763.1100
2980.0000 1565.6801
2990.0000 1741.0049
3000.0000 2095.0920
3010.0000 1648.7706
3020.0000 865.0017
3030.0000 625.1665
3040.0000 464.4822
3050.0000 487.4986
3060.0000 1078.3859
3070.0000 1005.3802
3080.0000 1430.6967
3090.0000 1461.8154
3100.0000 1449.5415
3110.0000 1543.0924
3120.0000 1609.9008
3130.0000 1887.1067
3140.0000 1918.2922
3150.0000 1617.3595
3160.0000 1961.6286
3170.0000 1910.3890
3180.0000 2174.5499
3190.0000 2169.7092
3200.0000 2800.0000
3210.0000 2800.0000
3220.0000 2301.7273
3230.0000 2001.5715
