0.0000 0.0000
10.0000 2441.7822
20.0000 2453.1135
30.0000 2462.4805
40.0000 2404.8536
50.0000 2292.7159
60.0000 2162.7107
70.0000 2060.5999
80.0000 1952.6376
90.0000 1849.8334
100.0000 1743.6243
110.0000 1644.4003
120.0000 1569.7391
130.0000 1512.3231
140.0000 1674.3758
150.0000 1609.1421
160.0000 1493.5913
170.0000 1538.1701
180.0000 1867.0457
190.0000 2287.1347
200.0000 2362.7910
210.0000 2331.2260
220.0000 2286.3598
230.0000 2218.4683
240.0000 1975.7330
250.0000 2267.5205
260.0000 2564.9464
270.0000 2502.3266
280.0000 2396.2245
290.0000 2800.0000
300.0000 2218.0523
310.0000 2433.3546
320.0000 2546.1562
330.0000 1604.5570
340.0000 2040.7512
350.0000 1952.9976
360.0000 1803.1262
370.0000 1373.4145
380.0000 2125.7388
390.0000 2517.0497
400.0000 2707.6822
410.0000 2235.3623
420.0000 2010.8884
430.0000 2168.9853
440.0000 1762.8842
450.0000 2800.0000
460.0000 2087.8868
470.0000 2589.3971
480.0000 1993.0391
490.0000 2082.1592
500.0000 2314.4751
510.0000 1789.5140
520.0000 2107.1082
530.0000 1561.2022
540.0000 1610.1372
550.0000 1422.3833
560.0000 391.2052
570.0000 522.7839
580.0000 1071.0081
590.0000 1415.1568
600.0000 528.8051
610.0000 1855.3648
620.0000 2698.8783
630.0000 2521.4192
640.0000 2373.5058
650.0000 2267.9283
660.0000 2112.8937
670.0000 2029.3884
680.0000 1738.7073
690.0000 1818.0900
700.0000 1173.7260
710.0000 2082.2351
720.0000 2097.0166
730.0000 2240.7462
740.0000 2378.5349
750.0000 2442.0162
760.0000 2330.5271
770.0000 1966.7943
780.0000 2800.0000
790.0000 2076.9386
800.0000 2616.0140
810.0000 2389.5303
820.0000 2658.1291
830.0000 2753.6074
840.0000 2259.2050
850.0000 1875.8240
860.0000 2237.7273
870.0000 2458.2934
880.0000 2265.3446
890.0000 2141.7968
900.0000 2247.8412
910.0000 2361.0120
920.0000 2592.2431
930.0000 2170.0296
940.0000 2232.4548
950.0000 2605.5892
960.0000 2400.0337
970.0000 2176.7442
980.0000 2598.8861
990.0000 2160.1642
1000.0000 1988.2578
1010.0000 1701.5343
1020.0000 1821.8286
1030.0000 1738.1059
1040.0000 1807.9894
1050.0000 1715.9904
1060.0000 1426.2383
1070.0000 1828.9235
1080.0000 2295.0478
1090.0000 2217.5903
1100.0000 1088.6417
1110.0000 2353.8721
1120.0000 2295.5340
1130.0000 2291.9572
1140.0000 2000.1933
1150.0000 2800.0000
1160.0000 2616.2431
1170.0000 1940.8970
1180.0000 2800.0000
1190.0000 2800.0000
1200.0000 1523.4461
1210.0000 2776.6806
1220.0000 2697.2513
1230.0000 2253.3528
1240.0000 2800.0000
1250.0000 2592.7368
1260.0000 2672.7167
1270.0000 2718.6105
1280.0000 2296.5141
1290.0000 2800.0000
1300.0000 2800.0000
1310.0000 1859.8352
1320.0000 2489.3382
1330.0000 2549.9253
1340.0000 2800.0000
1350.0000 2235.0943
1360.0000 2636.7622
1370.0000 2091.4378
1380.0000 2385.0441
1390.0000 2676.3082
1400.0000 2800.0000
1410.0000 2800.0000
1420.0000 2754.6973
1430.0000 2800.0000
1440.0000 2731.6525
1450.0000 2357.8614
1460.0000 2715.4579
1470.0000 2101.2468
1480.0000 1984.4084
1490.0000 1012.7984
1500.0000 1988.6997
1510.0000 2690.2625
1520.0000 2310.9091
1530.0000 2800.0000
1540.0000 2310.8517
1550.0000 2216.6235
1560.0000 2800.0000
1570.0000 2800.0000
1580.0000 2800.0000
1590.0000 2260.5801
1600.0000 2800.0000
1610.0000 2800.0000
1620.0000 2800.0000
1630.0000 2445.1902
1640.0000 2800.0000
1650.0000 1831.3889
1660.0000 2800.0000
1670.0000 2800.0000
1680.0000 2436.4776
1690.0000 2663.8267
1700.0000 2626.5638
1710.0000 2753.1173
1720.0000 2621.7323
1730.0000 1884.0727
1740.0000 1458.7692
1750.0000 1250.2598
1760.0000 2106.7616
1770.0000 2260.9440
1780.0000 2698.0026
1790.0000 2546.5969
1800.0000 1972.5121
1810.0000 2664.0868
1820.0000 2745.3994
1830.0000 2639.6264
1840.0000 2800.0000
1850.0000 2137.4024
1860.0000 2222.4792
1870.0000 2698.9828
1880.0000 2777.3369
1890.0000 2596.9656
1900.0000 2263.4703
1910.0000 2238.8406
1920.0000 1773.4415
1930.0000 2800.0000
1940.0000 2150.3078
1950.0000 2800.0000
1960.0000 2800.0000
1970.0000 2800.0000
1980.0000 2800.0000
1990.0000 2800.0000
2000.0000 2795.5653
2010.0000 2679.8801
2020.0000 2134.2547
2030.0000 2451.1101
2040.0000 2527.1037
2050.0000 2800.0000
2060.0000 2737.1478
2070.0000 2647.6207
2080.0000 2783.7270
2090.0000 1215.6669
2100.0000 1928.4561
2110.0000 2637.3106
2120.0000 2800.0000
2130.0000 2765.2836
2140.0000 2657.1902
2150.0000 2779.8845
2160.0000 2449.3365
2170.0000 2483.6316
2180.0000 2129.5994
2190.0000 2087.3761
2200.0000 2538.2368
2210.0000 2791.8939
2220.0000 2532.8271
2230.0000 1681.3713
2240.0000 2486.6605
2250.0000 2800.0000
2260.0000 2454.3513
2270.0000 2306.6439
2280.0000 2312.7226
2290.0000 2156.2098
2300.0000 2139.7066
2310.0000 2235.7905
2320.0000 2307.0262
2330.0000 2299.4701
2340.0000 2025.8333
2350.0000 2126.0754
2360.0000 1574.2138
2370.0000 2015.6308
2380.0000 1945.5410
2390.0000 2320.5355
2400.0000 1716.8440
2410.0000 2609.2951
2420.0000 2631.4489
2430.0000 2149.8426
2440.0000 2615.2553
2450.0000 2575.6083
2460.0000 2800.0000
2470.0000 2378.6464
2480.0000 2018.0477
2490.0000 2800.0000
2500.0000 1789.0234
2510.0000 2556.6857
2520.0000 2800.0000
2530.0000 2714.2274
2540.0000 2439.4690
2550.0000 1841.6363
2560.0000 2308.0598
2570.0000 2672.6813
2580.0000 2736.4983
2590.0000 2339.3785
2600.0000 2176.4388
2610.0000 2684.0556
2620.0000 2124.7993
2630.0000 1908.5923
2640.0000 1880.7189
2650.0000 2149.4768
2660.0000 1722.1265
2670.0000 2145.7542
2680.0000 2191.2320
2690.0000 1693.9655
2700.0000 2104.7456
2710.0000 1738.2969
2720.0000 1949.1692
2730.0000 2032.2492
2740.0000 2058.6483
2750.0000 2137.9268
2760.0000 2000.7036
2770.0000 1974.1506
2780.0000 1460.0111
2790.0000 1016.0444
2800.0000 1084.7443
2810.0000 1125.7733
2820.0000 1400.3893
2830.0000 969.0235
2840.0000 1179.5696
2850.0000 1558.2619
2860.0000 2021.8900
2870.0000 2520.7087
2880.0000 1734.6919
2890.0000 2800.0000
2900.0000 2800.0000
2910.0000 2213.6095
2920.0000 2205.2224
2930.0000 2800.0000
2940.0000 2498.8275
2950.0000 2645.1991
2960.0000 2698.6593
2970.0000 1832.7461
2980.0000 2394.5450
2990.0000 2166.9483
3000.0000 2542.0589
3010.0000 2075.2707
3020.0000 2551.9855
3030.0000 2001.4293
3040.0000 2410.4833
3050.0000 2800.0000
3060.0000 2800.0000
3070.0000 2336.5436
3080.0000 2538.0895
3090.0000 2800.0000
3100.0000 2422.2438
3110.0000 2785.0909
3120.0000 2527.3214
3130.0000 2591.9314
3140.0000 2800.0000
3150.0000 2800.0000
3160.0000 2639.4799
3170.0000 2026.8340
3180.0000 2281.0193
3190.0000 2420.7039
3200.0000 2083.2014
3210.0000 2800.0000
3220.0000 2436.9513
3230.0000 2145.6165
