0.0000 0.0000
10.0000 2431.2813
20.0000 2270.0204
30.0000 2209.7794
40.0000 2189.4488
50.0000 1804.6835
60.0000 1438.4268
70.0000 1182.8276
80.0000 1002.1452
90.0000 868.7588
100.0000 772.7005
110.0000 677.1056
120.0000 741.6785
130.0000 1347.9569
140.0000 1781.1841
150.0000 2156.6602
160.0000 1746.2098
170.0000 2201.3937
180.0000 2609.3181
190.0000 2746.7654
200.0000 2798.3788
210.0000 2646.7230
220.0000 2359.6399
230.0000 2800.0000
240.0000 2800.0000
250.0000 2800.0000
260.0000 2420.6869
270.0000 2562.4321
280.0000 2696.1419
290.0000 2382.1328
300.0000 2306.1159
310.0000 2546.4272
320.0000 2753.4338
330.0000 2239.8264
340.0000 2429.3793
350.0000 2800.0000
360.0000 2800.0000
370.0000 2800.0000
380.0000 2800.0000
390.0000 2800.0000
400.0000 2474.2180
410.0000 2267.3662
420.0000 2103.1011
430.0000 2767.8837
440.0000 2800.0000
450.0000 2800.0000
460.0000 2800.0000
470.0000 2800.0000
480.0000 2618.2033
490.0000 2765.0141
500.0000 2233.9122
510.0000 2800.0000
520.0000 2639.0234
530.0000 2247.9521
540.0000 2128.0582
550.0000 2397.8628
560.0000 2266.9249
570.0000 2429.1432
580.0000 2099.5251
590.0000 2800.0000
600.0000 2800.0000
610.0000 2800.0000
620.0000 2689.0868
630.0000 2800.0000
640.0000 2791.6839
650.0000 2800.0000
660.0000 2523.9742
670.0000 2684.5360
680.0000 2450.3154
690.0000 2427.7299
700.0000 2288.7874
710.0000 2164.1722
720.0000 2503.2658
730.0000 2430.9151
740.0000 2346.2393
750.0000 2123.7789
760.0000 2749.7735
770.0000 2450.0342
780.0000 2800.0000
790.0000 2800.0000
800.0000 2674.5413
810.0000 2530.7273
820.0000 2309.9817
830.0000 2483.7870
840.0000 2152.9883
850.0000 1787.0396
860.0000 2767.9809
870.0000 2598.1432
880.0000 2216.8341
890.0000 2710.5221
900.0000 2305.7386
910.0000 2659.8551
920.0000 2093.9551
930.0000 2020.4846
940.0000 2800.0000
950.0000 2800.0000
960.0000 2446.9203
970.0000 2778.5528
980.0000 2758.3614
990.0000 2800.0000
1000.0000 2383.6520
1010.0000 2561.0062
1020.0000 2566.1056
1030.0000 1931.2209
1040.0000 2467.6599
1050.0000 2737.8301
1060.0000 2200.5377
1070.0000 2595.0189
1080.0000 2732.4940
1090.0000 2039.3779
1100.0000 2371.9361
1110.0000 2731.0011
1120.0000 2800.0000
1130.0000 2550.3346
1140.0000 2374.1985
1150.0000 2737.7873
1160.0000 1763.1728
1170.0000 2164.6075
1180.0000 2754.5657
1190.0000 2800.0000
1200.0000 2696.3187
1210.0000 2596.0122
1220.0000 2718.3202
1230.0000 2352.4269
1240.0000 2316.9340
1250.0000 2800.0000
1260.0000 2692.7968
1270.0000 2800.0000
1280.0000 2734.7592
1290.0000 2172.5474
1300.0000 2421.1473
1310.0000 2394.7083
1320.0000 2327.4496
1330.0000 2047.3145
1340.0000 2569.1458
1350.0000 2428.9432
1360.0000 2523.8017
1370.0000 2011.6707
1380.0000 2496.6020
1390.0000 2470.4244
1400.0000 2140.1873
1410.0000 2234.8309
1420.0000 1989.7387
1430.0000 1908.1939
1440.0000 2093.2280
1450.0000 1993.3863
1460.0000 1723.4584
1470.0000 1585.6457
1480.0000 1315.4576
1490.0000 1116.1025
1500.0000 1336.7123
1510.0000 1193.5972
1520.0000 1699.2484
1530.0000 1698.1217
1540.0000 1360.4468
1550.0000 1351.0432
1560.0000 1332.2716
1570.0000 1270.6620
1580.0000 1491.4001
1590.0000 1865.0813
1600.0000 798.7081
1610.0000 1862.7065
1620.0000 1284.5733
1630.0000 1699.7878
1640.0000 1877.5951
1650.0000 2437.4214
1660.0000 2754.2839
1670.0000 2267.3176
1680.0000 2784.0867
1690.0000 2026.1398
1700.0000 2420.0013
1710.0000 2419.5304
1720.0000 2146.8049
1730.0000 2398.6754
1740.0000 2488.7983
1750.0000 2775.7262
1760.0000 2538.7357
1770.0000 2541.6025
1780.0000 2752.7247
1790.0000 2800.0000
1800.0000 2427.7702
1810.0000 2162.4019
1820.0000 2800.0000
1830.0000 2800.0000
1840.0000 2572.9827
1850.0000 2354.1729
1860.0000 2800.0000
1870.0000 2800.0000
1880.0000 2800.0000
1890.0000 2741.8818
1900.0000 2800.0000
1910.0000 2800.0000
1920.0000 2264.2152
1930.0000 2701.1747
1940.0000 2800.0000
1950.0000 2800.0000
1960.0000 2800.0000
1970.0000 2800.0000
1980.0000 2621.4702
1990.0000 2504.2133
2000.0000 2238.3402
2010.0000 2304.8547
2020.0000 2313.7529
2030.0000 2501.1156
2040.0000 2620.3101
2050.0000 2234.4054
2060.0000 2555.7072
2070.0000 2307.9190
2080.0000 1728.8856
2090.0000 2377.3608
2100.0000 2780.0019
2110.0000 2291.3475
2120.0000 1954.4008
2130.0000 2315.9252
2140.0000 2795.2759
2150.0000 2800.0000
2160.0000 2800.0000
2170.0000 2547.5775
2180.0000 2554.9199
2190.0000 2497.3447
2200.0000 2166.0903
2210.0000 2113.6437
2220.0000 2430.7192
2230.0000 2156.9239
2240.0000 2674.7700
2250.0000 2323.7876
2260.0000 2267.5133
2270.0000 1949.9463
2280.0000 2172.1073
2290.0000 2443.4127
2300.0000 2142.4317
2310.0000 2394.1279
2320.0000 2422.8959
2330.0000 1667.6118
2340.0000 2317.0580
2350.0000 2113.0719
2360.0000 2390.9191
2370.0000 1866.3534
2380.0000 2293.6231
2390.0000 2070.7971
2400.0000 2006.8777
2410.0000 2204.3659
2420.0000 1999.1970
2430.0000 2007.1220
2440.0000 1465.3439
2450.0000 1270.3009
2460.0000 2504.7228
2470.0000 2101.8397
2480.0000 1955.7168
2490.0000 2703.3106
2500.0000 2800.0000
2510.0000 2800.0000
2520.0000 2490.5486
2530.0000 2800.0000
2540.0000 2210.5754
2550.0000 2800.0000
2560.0000 2800.0000
2570.0000 2472.9845
2580.0000 2017.7638
2590.0000 2519.4327
2600.0000 2583.9606
2610.0000 2800.0000
2620.0000 2232.8530
2630.0000 2515.6540
2640.0000 2434.1750
2650.0000 2226.5400
2660.0000 2497.7231
2670.0000 1593.8707
2680.0000 2197.1376
2690.0000 1812.9138
2700.0000 2712.3361
2710.0000 2663.5199
2720.0000 2521.3022
2730.0000 2012.2853
2740.0000 2539.7485
2750.0000 2352.1527
2760.0000 2346.5476
2770.0000 2398.6083
2780.0000 1813.0222
2790.0000 2424.8413
2800.0000 1619.9041
2810.0000 1718.4615
2820.0000 1492.2819
2830.0000 1707.2095
2840.0000 1585.4538
2850.0000 1970.3679
2860.0000 1652.0547
2870.0000 1876.7604
2880.0000 1637.7582
2890.0000 1558.1562
2900.0000 1107.6952
2910.0000 2177.5053
2920.0000 1921.7731
2930.0000 1755.2089
2940.0000 2211.6493
2950.0000 2212.2479
2960.0000 2383.3917
2970.0000 2590.4568
2980.0000 2365.3521
2990.0000 2141.5280
3000.0000 2326.4085
3010.0000 2473.5099
3020.0000 1909.8279
3030.0000 2236.1609
3040.0000 2542.4125
3050.0000 2664.5224
3060.0000 2407.8734
3070.0000 1578.7453
3080.0000 2485.1311
3090.0000 2317.0707
3100.0000 2034.2330
3110.0000 2362.1181
3120.0000 2735.4684
3130.0000 2481.1527
3140.0000 2710.1866
3150.0000 2553.8416
3160.0000 2523.8115
3170.0000 2480.7836
3180.0000 2164.2607
3190.0000 2368.4890
3200.0000 2225.8384
3210.0000 1682.7711
3220.0000 1637.7918
3230.0000 1560.6307
