0.0000 0.0000
10.0000 1881.0410
20.0000 1805.6572
30.0000 1933.8644
40.0000 2318.9353
50.0000 2545.1178
60.0000 2497.0249
70.0000 2416.7199
80.0000 2453.6166
90.0000 2704.8960
100.0000 2739.5825
110.0000 2735.0932
120.0000 2701.2646
130.0000 2617.0059
140.0000 2558.7188
150.0000 2547.3262
160.0000 2619.0883
170.0000 2713.4491
180.0000 2746.8818
190.0000 2677.2892
200.0000 2586.4009
210.0000 2460.0667
220.0000 2397.2019
230.0000 2207.9178
240.0000 1942.6214
250.0000 1843.9384
260.0000 1961.6645
270.0000 2030.7788
280.0000 2111.1763
290.0000 750.2517
300.0000 1805.3199
310.0000 2471.8788
320.0000 2634.6943
330.0000 2800.0000
340.0000 2800.0000
350.0000 2360.1500
360.0000 2446.3162
370.0000 2799.7623
380.0000 2376.5559
390.0000 2723.0107
400.0000 2684.1700
410.0000 2213.2086
420.0000 2126.1890
430.0000 2109.4906
440.0000 2746.2408
450.0000 2639.0340
460.0000 2404.3388
470.0000 1722.6382
480.0000 1557.4764
490.0000 1566.8197
500.0000 1967.2051
510.0000 2478.4278
520.0000 1617.6606
530.0000 1906.5842
540.0000 2515.6473
550.0000 2224.2159
560.0000 2739.1641
570.0000 2800.0000
580.0000 2759.1451
590.0000 2050.6741
600.0000 2141.5332
610.0000 2800.0000
620.0000 2585.7257
630.0000 2447.1929
640.0000 1752.2474
650.0000 1964.1010
660.0000 2616.1019
670.0000 2275.5418
680.0000 2503.5341
690.0000 2595.9581
700.0000 2264.3560
710.0000 1619.0449
720.0000 2105.4690
730.0000 2118.9832
740.0000 1297.7977
750.0000 2097.2863
760.0000 2406.3150
770.0000 1865.4928
780.0000 2413.6324
790.0000 2800.0000
800.0000 2610.0471
810.0000 2483.7059
820.0000 2314.9559
830.0000 2713.5132
840.0000 2589.0978
850.0000 2719.4740
860.0000 2800.0000
870.0000 2800.0000
880.0000 2555.8046
890.0000 2800.0000
900.0000 2171.1300
910.0000 2679.1995
920.0000 2616.4411
930.0000 2331.1767
940.0000 2501.5708
950.0000 2636.7831
960.0000 2633.6196
970.0000 2800.0000
980.0000 2553.6037
990.0000 2311.9588
1000.0000 1915.4704
1010.0000 2007.2834
1020.0000 2389.8667
1030.0000 2275.9873
1040.0000 2087.9278
1050.0000 2252.6613
1060.0000 2382.2132
1070.0000 1942.3970
1080.0000 1778.0998
1090.0000 1598.0602
1100.0000 1521.2979
1110.0000 1210.2395
1120.0000 1178.3881
1130.0000 1554.6096
1140.0000 1138.5236
1150.0000 2618.6842
1160.0000 1644.4402
1170.0000 1817.2584
1180.0000 1698.2160
1190.0000 1477.8524
1200.0000 1333.4462
1210.0000 1389.7648
1220.0000 1375.0684
1230.0000 1423.6439
1240.0000 1182.7389
1250.0000 1351.6511
1260.0000 1184.0590
1270.0000 1234.6657
1280.0000 2026.2339
1290.0000 2422.2063
1300.0000 1833.3982
1310.0000 1811.0367
1320.0000 1916.2151
1330.0000 1835.8091
1340.0000 1498.0875
1350.0000 1528.7090
1360.0000 1270.4558
1370.0000 1792.7604
1380.0000 1940.7482
1390.0000 1282.8398
1400.0000 1278.4752
1410.0000 1484.8582
1420.0000 2054.2065
1430.0000 1716.5742
1440.0000 1596.3181
1450.0000 1516.4538
1460.0000 1653.2375
1470.0000 1565.8896
1480.0000 1373.1703
1490.0000 1265.6493
1500.0000 1461.7700
1510.0000 1374.9961
1520.0000 1554.4809
1530.0000 1609.1337
1540.0000 1270.7992
1550.0000 1306.8761
1560.0000 1511.2335
1570.0000 1444.8221
1580.0000 1455.3057
1590.0000 1509.5969
1600.0000 1241.2619
1610.0000 1412.2956
1620.0000 1181.3919
1630.0000 664.0564
1640.0000 1807.0116
1650.0000 2082.1193
1660.0000 2489.6560
1670.0000 2800.0000
1680.0000 2377.3701
1690.0000 1399.6429
1700.0000 1810.6209
1710.0000 1577.2942
1720.0000 1579.5786
1730.0000 1560.6583
1740.0000 2487.1490
1750.0000 2609.8209
1760.0000 2117.2170
1770.0000 2413.3350
1780.0000 2385.4089
1790.0000 1996.3955
1800.0000 1654.2943
1810.0000 1383.5742
1820.0000 1618.7587
1830.0000 1650.0740
1840.0000 1394.4711
1850.0000 1468.2469
1860.0000 1274.3862
1870.0000 1503.8327
1880.0000 1412.1712
1890.0000 1940.7396
1900.0000 2477.6273
1910.0000 2554.7018
1920.0000 1807.8636
1930.0000 1651.4028
1940.0000 1666.3992
1950.0000 1583.3784
1960.0000 2114.2084
1970.0000 2418.7395
1980.0000 2388.9983
1990.0000 1642.4985
2000.0000 1441.6516
2010.0000 1654.6734
2020.0000 1771.2065
2030.0000 1656.8078
2040.0000 1497.3993
2050.0000 1466.5069
2060.0000 1898.5848
2070.0000 1793.9432
2080.0000 1133.5359
2090.0000 1848.3281
2100.0000 1810.7057
2110.0000 1795.2758
2120.0000 2321.3527
2130.0000 2558.2820
2140.0000 1871.3495
2150.0000 1114.1591
2160.0000 1795.2629
2170.0000 1590.5942
2180.0000 1713.2331
2190.0000 1368.5612
2200.0000 1516.8283
2210.0000 1827.6814
2220.0000 1763.4778
2230.0000 1854.9522
2240.0000 1475.5490
2250.0000 1474.1765
2260.0000 999.8942
2270.0000 1725.6810
2280.0000 1929.9602
2290.0000 1813.7418
2300.0000 1556.1388
2310.0000 1554.3379
2320.0000 1723.8713
2330.0000 1503.2925
2340.0000 1489.3097
2350.0000 1677.6075
2360.0000 1290.4466
2370.0000 874.0627
2380.0000 840.7623
2390.0000 1233.3739
2400.0000 1118.4877
2410.0000 1227.7593
2420.0000 1323.8141
2430.0000 984.3600
2440.0000 1102.9888
2450.0000 1543.0785
2460.0000 2136.8110
2470.0000 2433.1916
2480.0000 2604.1777
2490.0000 1986.9154
2500.0000 1701.1185
2510.0000 2401.7341
2520.0000 2242.3265
2530.0000 2800.0000
2540.0000 2546.4308
2550.0000 2433.2779
2560.0000 2414.6792
2570.0000 2277.0766
2580.0000 2459.6926
2590.0000 2339.0504
2600.0000 1491.9229
2610.0000 2622.6835
2620.0000 2615.8031
2630.0000 2455.7481
2640.0000 2281.1656
2650.0000 923.0742
2660.0000 2420.0446
2670.0000 2800.0000
2680.0000 2489.6401
2690.0000 2505.4210
2700.0000 2175.1640
2710.0000 2463.2367
2720.0000 2481.7360
2730.0000 1952.6663
2740.0000 2056.1856
2750.0000 1907.5448
2760.0000 2155.5472
2770.0000 1920.2777
2780.0000 1800.5750
2790.0000 1505.5288
2800.0000 1622.3539
2810.0000 1413.9018
2820.0000 1093.6651
2830.0000 1200.3523
2840.0000 1314.2003
2850.0000 1272.9454
2860.0000 1614.2693
2870.0000 1423.5934
2880.0000 1309.1258
2890.0000 1233.6357
2900.0000 843.1982
2910.0000 855.5617
2920.0000 760.1971
2930.0000 745.1682
2940.0000 851.8316
2950.0000 805.8612
2960.0000 756.8118
2970.0000 1161.8405
2980.0000 1187.1042
2990.0000 1542.5456
3000.0000 1864.9836
3010.0000 1802.3525
3020.0000 2034.5144
3030.0000 1336.2266
3040.0000 1904.5269
3050.0000 2220.7569
3060.0000 2031.4033
3070.0000 1055.3930
3080.0000 2590.1204
3090.0000 2800.0000
3100.0000 2800.0000
3110.0000 2800.0000
3120.0000 2729.8244
3130.0000 2567.5250
3140.0000 2077.0677
3150.0000 2800.0000
3160.0000 2558.0732
3170.0000 2800.0000
3180.0000 1788.5759
3190.0000 2732.0292
3200.0000 2483.0299
3210.0000 2569.7865
3220.0000 2112.3373
3230.0000 2800.0000
