0.0000 0.0000
10.0000 2187.7158
20.0000 2800.0000
30.0000 2738.2791
40.0000 2521.4627
50.0000 2378.0453
60.0000 2254.6643
70.0000 2046.0644
80.0000 1670.0784
90.0000 1641.3653
100.0000 1845.5731
110.0000 2038.6934
120.0000 2004.2123
130.0000 1998.4078
140.0000 2224.4040
150.0000 1157.9010
160.0000 1204.4584
170.0000 2221.7268
180.0000 2016.8877
190.0000 1923.2090
200.0000 2081.7258
210.0000 1756.5968
220.0000 1362.8549
230.0000 1374.2617
240.0000 1498.1720
250.0000 1578.3809
260.0000 1522.3377
270.0000 1271.9162
280.0000 1053.4662
290.0000 1136.9379
300.0000 1023.2278
310.0000 846.1844
320.0000 799.3264
330.0000 733.4005
340.0000 302.3064
350.0000 339.7655
360.0000 932.9733
370.0000 1589.1640
380.0000 2758.7027
390.0000 2116.7509
400.0000 1781.7551
410.0000 2480.9283
420.0000 2410.4563
430.0000 2510.5549
440.0000 2679.3558
450.0000 2800.0000
460.0000 2665.8276
470.0000 2301.7486
480.0000 2341.7941
490.0000 1971.3091
500.0000 2291.0600
510.0000 2039.7835
520.0000 2550.7743
530.0000 1720.9677
540.0000 2023.0726
550.0000 1843.6492
560.0000 1588.0194
570.0000 1903.7217
580.0000 1568.0982
590.0000 1642.7811
600.0000 1518.3270
610.0000 1836.2740
620.0000 1734.3921
630.0000 1440.2424
640.0000 1544.0642
650.0000 2106.8390
660.0000 2112.9474
670.0000 1940.0752
680.0000 2098.2991
690.0000 1910.3277
700.0000 2357.6528
710.0000 2509.8943
720.0000 2779.4868
730.0000 2265.4689
740.0000 2216.7861
750.0000 2519.4057
760.0000 2480.4799
770.0000 2407.4425
780.0000 2252.8312
790.0000 2024.3830
800.0000 2120.6203
810.0000 1561.9532
820.0000 2000.8200
830.0000 2140.5356
840.0000 2217.8573
850.0000 1983.5589
860.0000 1712.6852
870.0000 2082.3324
880.0000 2237.1713
890.0000 1959.6155
900.0000 2216.3297
910.0000 2661.8542
920.0000 2727.7015
930.0000 2466.2807
940.0000 2091.2393
950.0000 2185.7291
960.0000 1926.7773
970.0000 2317.8097
980.0000 2129.0186
990.0000 2189.9397
1000.0000 2288.9704
1010.0000 2787.1866
1020.0000 2186.6154
1030.0000 2126.6268
1040.0000 2588.6742
1050.0000 2167.3771
1060.0000 2578.8204
1070.0000 2427.9115
1080.0000 2410.6008
1090.0000 2183.7616
1100.0000 2179.3103
1110.0000 1986.0728
1120.0000 2402.7908
1130.0000 2221.1514
1140.0000 2619.1456
1150.0000 1897.4840
1160.0000 2516.3887
1170.0000 2800.0000
1180.0000 2320.8005
1190.0000 2800.0000
1200.0000 1994.8535
1210.0000 2299.9910
1220.0000 2800.0000
1230.0000 2800.0000
1240.0000 2800.0000
1250.0000 2458.8805
1260.0000 2800.0000
1270.0000 2800.0000
1280.0000 2393.8336
1290.0000 2429.9982
1300.0000 2121.5560
1310.0000 2563.3892
1320.0000 2518.4416
1330.0000 2299.3997
1340.0000 2254.0564
1350.0000 2142.0062
1360.0000 2216.3592
1370.0000 1717.8703
1380.0000 2144.7238
1390.0000 2196.1021
1400.0000 1977.7834
1410.0000 2098.5241
1420.0000 2051.8511
1430.0000 1679.1732
1440.0000 2097.1634
1450.0000 2054.4105
1460.0000 1919.3164
1470.0000 1730.6266
1480.0000 2123.3558
1490.0000 2256.3017
1500.0000 2496.8878
1510.0000 2110.4914
1520.0000 2273.1195
1530.0000 2051.6353
1540.0000 2397.3647
1550.0000 2398.0272
1560.0000 2161.3551
1570.0000 1652.2718
1580.0000 1354.4090
1590.0000 1041.9323
1600.0000 939.2075
1610.0000 1043.4447
1620.0000 867.3736
1630.0000 1074.1706
1640.0000 824.7650
1650.0000 975.0051
1660.0000 1046.1234
1670.0000 997.0301
1680.0000 1242.6425
1690.0000 1136.8705
1700.0000 1129.8541
1710.0000 1319.4601
1720.0000 1150.7887
1730.0000 1191.7608
1740.0000 901.4193
1750.0000 779.8754
1760.0000 861.0341
1770.0000 876.9401
1780.0000 1176.5487
1790.0000 1469.9519
1800.0000 1747.3081
1810.0000 1766.1615
1820.0000 1892.5707
1830.0000 2042.7638
1840.0000 2019.0224
1850.0000 1835.1710
1860.0000 1781.4584
1870.0000 1669.1746
1880.0000 1209.8680
1890.0000 1337.0838
1900.0000 1956.2181
1910.0000 1559.3111
1920.0000 1790.5103
1930.0000 1749.9999
1940.0000 2080.8083
1950.0000 1998.3860
1960.0000 1762.2202
1970.0000 1283.8718
1980.0000 1842.1999
1990.0000 2159.6090
2000.0000 2649.3334
2010.0000 2009.7208
2020.0000 2552.7013
2030.0000 2500.1005
2040.0000 2188.2316
2050.0000 1770.2619
2060.0000 1727.2546
2070.0000 1472.8511
2080.0000 1842.5741
2090.0000 1707.8757
2100.0000 1408.0760
2110.0000 1249.3420
2120.0000 1761.9398
2130.0000 1894.5688
2140.0000 1642.5844
2150.0000 2056.2910
2160.0000 1691.1661
2170.0000 1748.7671
2180.0000 1681.7374
2190.0000 2006.8654
2200.0000 1935.9555
2210.0000 1389.1762
2220.0000 1825.0384
2230.0000 1357.4657
2240.0000 932.9050
2250.0000 1089.0219
2260.0000 1427.1752
2270.0000 1417.4824
2280.0000 1666.0520
2290.0000 1319.1675
2300.0000 1606.3436
2310.0000 1441.9902
2320.0000 1941.6268
2330.0000 2152.1599
2340.0000 1809.8777
2350.0000 1683.3217
2360.0000 1843.7761
2370.0000 1893.3312
2380.0000 2242.9190
2390.0000 2258.6429
2400.0000 1897.6543
2410.0000 1437.4726
2420.0000 1934.6993
2430.0000 2369.6609
2440.0000 2440.9714
2450.0000 2612.8044
2460.0000 2800.0000
2470.0000 2428.3027
2480.0000 1875.1192
2490.0000 1650.2135
2500.0000 2290.8174
2510.0000 2001.8991
2520.0000 2386.4551
2530.0000 2365.7872
2540.0000 1781.7555
2550.0000 2157.6550
2560.0000 2246.8813
2570.0000 2515.4419
2580.0000 2688.4910
2590.0000 2800.0000
2600.0000 2646.5254
2610.0000 2299.9809
2620.0000 2029.2092
2630.0000 1980.5004
2640.0000 1979.3752
2650.0000 1945.8733
2660.0000 1742.8253
2670.0000 1722.1301
2680.0000 1690.7166
2690.0000 1778.8415
2700.0000 1650.9413
2710.0000 1666.1034
2720.0000 1743.4823
2730.0000 1909.5463
2740.0000 1772.2499
2750.0000 2041.3876
2760.0000 2165.3117
2770.0000 1596.8632
2780.0000 1791.8301
2790.0000 1371.6650
2800.0000 2171.5116
2810.0000 1704.7226
2820.0000 1850.2568
2830.0000 2022.5269
2840.0000 1437.6465
2850.0000 1504.9877
2860.0000 2013.6854
2870.0000 2099.2752
2880.0000 1607.8431
2890.0000 2108.2050
2900.0000 654.3896
2910.0000 2795.1116
2920.0000 2508.9520
2930.0000 2182.8295
2940.0000 1171.1008
2950.0000 2655.3884
2960.0000 2753.2039
2970.0000 2713.4816
2980.0000 2230.8830
2990.0000 2005.2276
3000.0000 2355.4438
3010.0000 2521.2995
3020.0000 2800.0000
3030.0000 2800.0000
3040.0000 2404.0633
3050.0000 2218.3277
3060.0000 1942.4446
3070.0000 1750.5167
3080.0000 2068.2203
3090.0000 1897.6689
3100.0000 1901.0028
3110.0000 1738.0569
3120.0000 1374.4580
3130.0000 999.8828
3140.0000 1295.5164
3150.0000 1029.5720
3160.0000 1045.8332
3170.0000 1017.2287
3180.0000 1007.8825
3190.0000 1008.5302
3200.0000 1017.7805
3210.0000 1502.2622
3220.0000 1575.0014
3230.0000 1598.3624
