0.0000 0.0000
10.0000 1383.0489
20.0000 1426.9957
30.0000 1384.0360
40.0000 1320.6520
50.0000 1166.4428
60.0000 1022.9610
70.0000 1036.1689
80.0000 1332.0484
90.0000 1753.1238
100.0000 1764.1690
110.0000 2235.7490
120.0000 2571.0327
130.0000 2372.7202
140.0000 2597.7204
150.0000 2800.0000
160.0000 2705.5090
170.0000 2625.5834
180.0000 2720.2665
190.0000 2683.3792
200.0000 2141.2815
210.0000 1565.1717
220.0000 1866.2501
230.0000 1780.5027
240.0000 1529.3088
250.0000 1722.3664
260.0000 2039.8952
270.0000 2762.7935
280.0000 1975.6776
290.0000 2464.3607
300.0000 2201.0674
310.0000 2800.0000
320.0000 2694.6891
330.0000 2800.0000
340.0000 1653.0102
350.0000 1659.0642
360.0000 1388.8204
370.0000 2800.0000
380.0000 2387.2074
390.0000 2337.5252
400.0000 2749.8953
410.0000 2309.3198
420.0000 2752.8030
430.0000 2122.7748
440.0000 1904.9945
450.0000 2800.0000
460.0000 2464.4575
470.0000 2283.0172
480.0000 2434.5945
490.0000 2503.8758
500.0000 2740.7022
510.0000 2800.0000
520.0000 2393.3499
530.0000 2437.5867
540.0000 2382.6526
550.0000 2501.1870
560.0000 2078.1939
570.0000 1807.3460
580.0000 2177.7247
590.0000 1854.0548
600.0000 1663.6992
610.0000 1748.7914
620.0000 2240.8654
630.0000 1629.4370
640.0000 2341.0806
650.0000 2047.9222
660.0000 2072.3331
670.0000 2209.0633
680.0000 2004.2378
690.0000 2397.6049
700.0000 1873.4867
710.0000 2297.0379
720.0000 2452.0119
730.0000 2800.0000
740.0000 2431.8873
750.0000 2012.0939
760.0000 1632.3075
770.0000 1982.8994
780.0000 2205.3783
790.0000 2800.0000
800.0000 2800.0000
810.0000 2527.5003
820.0000 2549.0457
830.0000 2247.2055
840.0000 2695.0188
850.0000 1728.2907
860.0000 2232.4606
870.0000 1628.7507
880.0000 2694.5847
890.0000 2769.0154
900.0000 2512.7303
910.0000 2209.3057
920.0000 2800.0000
930.0000 2800.0000
940.0000 2800.0000
950.0000 2800.0000
960.0000 2634.9556
970.0000 1954.9733
980.0000 2489.2916
990.0000 2754.8179
1000.0000 2800.0000
1010.0000 2800.0000
1020.0000 2800.0000
1030.0000 2599.3849
1040.0000 2662.4245
1050.0000 2800.0000
1060.0000 2800.0000
1070.0000 1627.5188
1080.0000 2800.0000
1090.0000 2225.4968
1100.0000 2621.7899
1110.0000 2685.0059
1120.0000 2425.5713
1130.0000 2800.0000
1140.0000 2172.9007
1150.0000 2598.9095
1160.0000 2800.0000
1170.0000 2800.0000
1180.0000 2800.0000
1190.0000 2800.0000
1200.0000 2448.3821
1210.0000 2800.0000
1220.0000 2299.3017
1230.0000 2103.2831
1240.0000 2800.0000
1250.0000 2800.0000
1260.0000 2184.4195
1270.0000 1845.2896
1280.0000 2032.7392
1290.0000 2800.0000
1300.0000 2634.7456
1310.0000 2473.7841
1320.0000 1960.0352
1330.0000 2398.8846
1340.0000 2249.6632
1350.0000 2608.6558
1360.0000 2611.5559
1370.0000 2494.3148
1380.0000 2201.5714
1390.0000 1830.6664
1400.0000 1688.4753
1410.0000 2800.0000
1420.0000 2479.8247
1430.0000 2291.6848
1440.0000 1734.9679
1450.0000 2387.6123
1460.0000 2779.3892
1470.0000 2730.0377
1480.0000 2004.2372
1490.0000 1588.2764
1500.0000 1668.2091
1510.0000 2756.2584
1520.0000 2633.6516
1530.0000 2565.3495
1540.0000 1883.9588
1550.0000 2800.0000
1560.0000 2658.4574
1570.0000 2642.4042
1580.0000 2800.0000
1590.0000 2800.0000
1600.0000 2800.0000
1610.0000 2388.4897
1620.0000 2479.5349
1630.0000 2800.0000
1640.0000 2481.6052
1650.0000 2800.0000
1660.0000 2800.0000
1670.0000 2294.6811
1680.0000 2357.8135
1690.0000 2800.0000
1700.0000 2800.0000
1710.0000 2800.0000
1720.0000 2061.5325
1730.0000 2335.8819
1740.0000 2622.1971
1750.0000 2783.5124
1760.0000 1968.7672
1770.0000 2800.0000
1780.0000 2386.2642
1790.0000 2400.5895
1800.0000 2425.1077
1810.0000 2800.0000
1820.0000 2584.2973
1830.0000 2058.1240
1840.0000 2318.7564
1850.0000 2201.7485
1860.0000 2073.1679
1870.0000 2101.2575
1880.0000 2545.5217
1890.0000 2005.9682
1900.0000 1683.4444
1910.0000 1788.6432
1920.0000 1676.2728
1930.0000 1702.4853
1940.0000 2204.9339
1950.0000 2072.6680
1960.0000 2189.6068
1970.0000 1627.3646
1980.0000 1148.1219
1990.0000 1720.5134
2000.0000 1634.2257
2010.0000 1728.6258
2020.0000 1319.1114
2030.0000 1520.9086
2040.0000 1631.8691
2050.0000 1634.7851
2060.0000 1581.2646
2070.0000 1762.4409
2080.0000 1584.0545
2090.0000 1502.3166
2100.0000 1447.4901
2110.0000 1337.9609
2120.0000 1337.0261
2130.0000 1416.0557
2140.0000 1373.0361
2150.0000 1433.5052
2160.0000 1418.7900
2170.0000 1388.2945
2180.0000 1686.2405
2190.0000 1715.0088
2200.0000 1196.0664
2210.0000 1366.4371
2220.0000 1360.4248
2230.0000 1447.7830
2240.0000 2182.9287
2250.0000 2098.3827
2260.0000 1977.1745
2270.0000 1537.5976
2280.0000 2268.4513
2290.0000 2072.1943
2300.0000 1803.3083
2310.0000 1135.3949
2320.0000 2221.5549
2330.0000 1740.8354
2340.0000 1840.6846
2350.0000 2294.3906
2360.0000 2509.1107
2370.0000 1896.5835
2380.0000 2559.7545
2390.0000 2320.8882
2400.0000 1918.8302
2410.0000 2402.8386
2420.0000 2527.4515
2430.0000 2390.7338
2440.0000 2014.3462
2450.0000 1698.2852
2460.0000 1685.8802
2470.0000 1954.3072
2480.0000 2022.8214
2490.0000 2279.3795
2500.0000 2365.8525
2510.0000 1923.3957
2520.0000 2228.4680
2530.0000 1477.7607
2540.0000 1149.3396
2550.0000 1039.5465
2560.0000 918.7599
2570.0000 1707.0782
2580.0000 1748.3013
2590.0000 1783.3606
2600.0000 1706.8408
2610.0000 1723.9832
2620.0000 1421.9731
2630.0000 1619.2673
2640.0000 1211.4701
2650.0000 1291.6133
2660.0000 1102.0199
2670.0000 1397.0350
2680.0000 1349.5591
2690.0000 2031.5786
2700.0000 1796.3376
2710.0000 2288.0349
2720.0000 2160.6726
2730.0000 1785.9540
2740.0000 2024.6401
2750.0000 1573.1299
2760.0000 1545.5410
2770.0000 2046.0777
2780.0000 1702.0087
2790.0000 2477.1500
2800.0000 1398.0580
2810.0000 2276.4195
2820.0000 2480.6920
2830.0000 2211.0963
2840.0000 2134.4576
2850.0000 2371.1904
2860.0000 2109.5765
2870.0000 2362.6432
2880.0000 2414.5648
2890.0000 2103.7788
2900.0000 1623.5006
2910.0000 2312.0328
2920.0000 2036.7093
2930.0000 1653.7524
2940.0000 2431.4763
2950.0000 1992.9628
2960.0000 2538.5979
2970.0000 2800.0000
2980.0000 2303.1225
2990.0000 2800.0000
3000.0000 2800.0000
3010.0000 2800.0000
3020.0000 2800.0000
3030.0000 2391.2743
3040.0000 2417.2255
3050.0000 2324.1849
3060.0000 2538.4209
3070.0000 2518.5259
3080.0000 2002.6940
3090.0000 2302.4612
3100.0000 2800.0000
3110.0000 2800.0000
3120.0000 2644.9843
3130.0000 1759.3666
3140.0000 2602.5895
3150.0000 1900.9371
3160.0000 2000.3811
3170.0000 1880.4967
3180.0000 1667.4509
3190.0000 2615.2602
3200.0000 2799.6783
3210.0000 1855.1608
3220.0000 2584.9265
3230.0000 2439.6368
