0.0000 0.0000
10.0000 2302.4692
20.0000 2344.5017
30.0000 2800.0000
40.0000 2800.0000
50.0000 2793.9299
60.0000 2576.9865
70.0000 2227.3445
80.0000 2026.7874
90.0000 2189.0032
100.0000 2309.6128
110.0000 2250.5465
120.0000 2163.0067
130.0000 2444.4194
140.0000 2690.2936
150.0000 2800.0000
160.0000 2719.6489
170.0000 2668.1520
180.0000 2669.9430
190.0000 2712.0755
200.0000 2763.8170
210.0000 2800.0000
220.0000 2800.0000
230.0000 2800.0000
240.0000 2800.0000
250.0000 2568.7620
260.0000 2727.9385
270.0000 2800.0000
280.0000 2476.4451
290.0000 2425.6709
300.0000 2700.8069
310.0000 2800.0000
320.0000 2800.0000
330.0000 2800.0000
340.0000 2800.0000
350.0000 2800.0000
360.0000 2800.0000
370.0000 2800.0000
380.0000 2800.0000
390.0000 2800.0000
400.0000 2800.0000
410.0000 2423.2283
420.0000 2416.8677
430.0000 2574.2832
440.0000 2800.0000
450.0000 2800.0000
460.0000 2476.3425
470.0000 2800.0000
480.0000 2800.0000
490.0000 2800.0000
500.0000 2800.0000
510.0000 2800.0000
520.0000 2475.8411
530.0000 2800.0000
540.0000 2680.1278
550.0000 2175.4572
560.0000 2177.5460
570.0000 2502.0837
580.0000 2800.0000
590.0000 2746.9205
600.0000 2664.5593
610.0000 2800.0000
620.0000 2800.0000
630.0000 2800.0000
640.0000 2800.0000
650.0000 2713.9549
660.0000 2104.9843
670.0000 2800.0000
680.0000 2594.1560
690.0000 2599.2989
700.0000 2725.8646
710.0000 2800.0000
720.0000 2800.0000
730.0000 2558.2956
740.0000 2800.0000
750.0000 2712.7144
760.0000 2619.2876
770.0000 2472.1884
780.0000 2800.0000
790.0000 2618.1624
800.0000 2359.1495
810.0000 2800.0000
820.0000 2800.0000
830.0000 2305.2064
840.0000 2380.1569
850.0000 1283.5209
860.0000 1884.3925
870.0000 1732.9866
880.0000 1939.7100
890.0000 2225.8880
900.0000 2800.0000
910.0000 2491.7646
920.0000 2534.1230
930.0000 2800.0000
940.0000 2185.7675
950.0000 2800.0000
960.0000 2800.0000
970.0000 2800.0000
980.0000 2235.3053
990.0000 2253.4399
1000.0000 2097.8004
1010.0000 2358.5410
1020.0000 2451.0745
1030.0000 1673.6183
1040.0000 2181.2157
1050.0000 2695.5476
1060.0000 2800.0000
1070.0000 2555.8740
1080.0000 2800.0000
1090.0000 2800.0000
1100.0000 2211.5301
1110.0000 2155.9679
1120.0000 2400.5508
1130.0000 2671.9023
1140.0000 2800.0000
1150.0000 1990.8237
1160.0000 2758.4631
1170.0000 2753.5942
1180.0000 2800.0000
1190.0000 2448.4693
1200.0000 2800.0000
1210.0000 2675.3678
1220.0000 2800.0000
1230.0000 2632.7711
1240.0000 2662.7447
1250.0000 1893.4694
1260.0000 1891.0582
1270.0000 1783.9099
1280.0000 2559.1109
1290.0000 2800.0000
1300.0000 2800.0000
1310.0000 1369.0827
1320.0000 1894.7716
1330.0000 2800.0000
1340.0000 2660.4694
1350.0000 2536.5163
1360.0000 2800.0000
1370.0000 2800.0000
1380.0000 2800.0000
1390.0000 2682.1970
1400.0000 2800.0000
1410.0000 2800.0000
1420.0000 2678.2277
1430.0000 2197.3473
1440.0000 2800.0000
1450.0000 1950.3094
1460.0000 2479.3734
1470.0000 2800.0000
1480.0000 2324.5817
1490.0000 2509.6351
1500.0000 1708.6379
1510.0000 1840.3045
1520.0000 1519.3630
1530.0000 1512.0319
1540.0000 1470.6628
1550.0000 1700.2350
1560.0000 2175.2234
1570.0000 1635.7272
1580.0000 1800.7082
1590.0000 2476.6300
1600.0000 1865.5443
1610.0000 1981.1065
1620.0000 2800.0000
1630.0000 2800.0000
1640.0000 2303.5890
1650.0000 2800.0000
1660.0000 2508.4019
1670.0000 2296.7331
1680.0000 2254.3808
1690.0000 2645.6426
1700.0000 2683.1306
1710.0000 2247.0096
1720.0000 2639.2928
1730.0000 2556.8505
1740.0000 2490.4051
1750.0000 2672.2570
1760.0000 2800.0000
1770.0000 2436.4353
1780.0000 2744.1670
1790.0000 2533.0206
1800.0000 2394.9069
1810.0000 2526.8562
1820.0000 2177.4881
1830.0000 2424.4223
1840.0000 2391.0593
1850.0000 2032.2946
1860.0000 2800.0000
1870.0000 2222.5821
1880.0000 2667.5794
1890.0000 2138.6109
1900.0000 1888.2783
1910.0000 2308.5943
1920.0000 2530.8341
1930.0000 2725.8139
1940.0000 2800.0000
1950.0000 2261.7954
1960.0000 2534.6884
1970.0000 2480.0327
1980.0000 2575.1294
1990.0000 2073.9634
2000.0000 2715.8522
2010.0000 2800.0000
2020.0000 2373.5818
2030.0000 2550.3488
2040.0000 2503.3439
2050.0000 2800.0000
2060.0000 2522.5341
2070.0000 2800.0000
2080.0000 2498.6149
2090.0000 2800.0000
2100.0000 2783.5743
2110.0000 2800.0000
2120.0000 2584.9869
2130.0000 2017.3529
2140.0000 2497.5031
2150.0000 2800.0000
2160.0000 2259.7101
2170.0000 2210.8401
2180.0000 2800.0000
2190.0000 2800.0000
2200.0000 2800.0000
2210.0000 2800.0000
2220.0000 2759.6573
2230.0000 2304.6530
2240.0000 2691.4144
2250.0000 2693.6873
2260.0000 2635.9393
2270.0000 2730.8676
2280.0000 2061.3908
2290.0000 2402.7990
2300.0000 2619.9839
2310.0000 2138.6748
2320.0000 1675.2856
2330.0000 2013.6136
2340.0000 2393.9332
2350.0000 2463.3504
2360.0000 2189.6520
2370.0000 2017.2755
2380.0000 1961.6007
2390.0000 2382.1637
2400.0000 2061.0633
2410.0000 2249.2466
2420.0000 2617.9700
2430.0000 1729.0467
2440.0000 2424.4406
2450.0000 2800.0000
2460.0000 2758.3746
2470.0000 2168.8944
2480.0000 2453.7879
2490.0000 2381.4149
2500.0000 2162.3605
2510.0000 2500.0230
2520.0000 2450.6050
2530.0000 2082.0488
2540.0000 2135.4800
2550.0000 2292.7854
2560.0000 2555.7771
2570.0000 1963.6549
2580.0000 2285.0170
2590.0000 1783.3293
2600.0000 1425.7397
2610.0000 1520.9933
2620.0000 1919.9377
2630.0000 1525.9305
2640.0000 1699.7134
2650.0000 1266.5557
2660.0000 1527.7090
2670.0000 1646.9284
2680.0000 1441.5452
2690.0000 1934.4885
2700.0000 2130.6086
2710.0000 1917.9410
2720.0000 1946.7701
2730.0000 1592.2607
2740.0000 2280.1277
2750.0000 2006.0437
2760.0000 2227.1765
2770.0000 2049.8099
2780.0000 1866.8199
2790.0000 2095.2439
2800.0000 2135.9031
2810.0000 1829.1349
2820.0000 1817.7000
2830.0000 1396.6515
2840.0000 2461.3671
2850.0000 2118.9854
2860.0000 1882.1322
2870.0000 1977.9666
2880.0000 2072.3656
2890.0000 2111.6997
2900.0000 2800.0000
2910.0000 2800.0000
2920.0000 2188.4009
2930.0000 2117.7392
2940.0000 2800.0000
2950.0000 2110.1554
2960.0000 2800.0000
2970.0000 2800.0000
2980.0000 2586.6767
2990.0000 2800.0000
3000.0000 2545.3546
3010.0000 1793.0819
3020.0000 2800.0000
3030.0000 2800.0000
3040.0000 2629.8129
3050.0000 2800.0000
3060.0000 2543.2714
3070.0000 2606.1508
3080.0000 2562.2787
3090.0000 2566.6561
3100.0000 2800.0000
3110.0000 2753.2990
3120.0000 2800.0000
3130.0000 2630.3629
3140.0000 2455.7978
3150.0000 2320.4840
3160.0000 2800.0000
3170.0000 2800.0000
3180.0000 2660.7458
3190.0000 2568.9401
3200.0000 1858.1131
3210.0000 1848.3073
3220.0000 2500.1688
3230.0000 2216.3838
