0.0000 0.0000
10.0000 949.6805
20.0000 890.4087
30.0000 1072.9493
40.0000 1302.7649
50.0000 1179.8755
60.0000 1071.2682
70.0000 992.8522
80.0000 895.9437
90.0000 847.2645
100.0000 821.4154
110.0000 780.5540
120.0000 706.0368
130.0000 671.2735
140.0000 1091.8878
150.0000 1503.2814
160.0000 1632.0397
170.0000 1635.4550
180.0000 2120.5784
190.0000 1478.7441
200.0000 1019.8412
210.0000 1422.6688
220.0000 2053.6550
230.0000 847.8789
240.0000 849.9539
250.0000 897.8982
260.0000 1222.6381
270.0000 1739.2332
280.0000 1857.6696
290.0000 2418.9297
300.0000 2126.5967
310.0000 2155.8082
320.0000 2800.0000
330.0000 2638.1078
340.0000 2136.3359
350.0000 2190.8818
360.0000 2800.0000
370.0000 1532.2145
380.0000 2554.5828
390.0000 2800.0000
400.0000 2800.0000
410.0000 2735.8381
420.0000 1596.4707
430.0000 2800.0000
440.0000 1653.7214
450.0000 2764.5240
460.0000 2576.1885
470.0000 2313.8734
480.0000 2448.2491
490.0000 2446.2330
500.0000 2229.8612
510.0000 1383.4959
520.0000 1988.1041
530.0000 1981.9001
540.0000 1940.2495
550.0000 2800.0000
560.0000 2533.0547
570.0000 2212.5911
580.0000 1595.6340
590.0000 2600.5107
600.0000 2775.1433
610.0000 2800.0000
620.0000 2601.2782
630.0000 2496.3009
640.0000 2327.8166
650.0000 2020.4769
660.0000 2800.0000
670.0000 2800.0000
680.0000 1739.0050
690.0000 2612.7388
700.0000 1775.2285
710.0000 2427.4951
720.0000 2275.3884
730.0000 2519.1767
740.0000 2800.0000
750.0000 2422.6984
760.0000 2603.9263
770.0000 2800.0000
780.0000 2639.0816
790.0000 2800.0000
800.0000 2348.6109
810.0000 2800.0000
820.0000 2613.2317
830.0000 2800.0000
840.0000 2704.3206
850.0000 2317.5474
860.0000 2800.0000
870.0000 2591.8277
880.0000 2371.6746
890.0000 2800.0000
900.0000 2800.0000
910.0000 2432.6268
920.0000 2800.0000
930.0000 1932.4066
940.0000 1977.2931
950.0000 2800.0000
960.0000 2759.0660
970.0000 2557.7195
980.0000 2800.0000
990.0000 2800.0000
1000.0000 2450.9228
1010.0000 2092.1766
1020.0000 2436.1254
1030.0000 2800.0000
1040.0000 2429.2764
1050.0000 2393.2034
1060.0000 2077.6318
1070.0000 2235.1281
1080.0000 2504.0481
1090.0000 1638.4449
1100.0000 2534.6441
1110.0000 2414.1871
1120.0000 2800.0000
1130.0000 2800.0000
1140.0000 2800.0000
1150.0000 2417.5928
1160.0000 2174.8540
1170.0000 2065.4500
1180.0000 2526.4573
1190.0000 2167.9026
1200.0000 2293.1713
1210.0000 2438.3820
1220.0000 2410.9432
1230.0000 1962.1165
1240.0000 2800.0000
1250.0000 2542.5828
1260.0000 2443.0346
1270.0000 2117.8910
1280.0000 2800.0000
1290.0000 2800.0000
1300.0000 2514.1739
1310.0000 2800.0000
1320.0000 2799.6592
1330.0000 2624.9863
1340.0000 2565.0880
1350.0000 2800.0000
1360.0000 2756.9122
1370.0000 2544.8913
1380.0000 2757.0123
1390.0000 2744.3296
1400.0000 2800.0000
1410.0000 2800.0000
1420.0000 2100.0423
1430.0000 2800.0000
1440.0000 2800.0000
1450.0000 2651.4686
1460.0000 2746.5951
1470.0000 2106.8280
1480.0000 2800.0000
1490.0000 2800.0000
1500.0000 2800.0000
1510.0000 1833.5737
1520.0000 2328.1462
1530.0000 2678.8714
1540.0000 2086.3765
1550.0000 2449.6825
1560.0000 2158.8962
1570.0000 1550.9011
1580.0000 2222.6770
1590.0000 2454.6889
1600.0000 1896.7908
1610.0000 2084.1417
1620.0000 1950.1786
1630.0000 2164.2111
1640.0000 1851.1807
1650.0000 2127.2188
1660.0000 1749.0721
1670.0000 1526.2375
1680.0000 1927.8444
1690.0000 2551.7667
1700.0000 2440.3027
1710.0000 2265.0602
1720.0000 2166.6657
1730.0000 2496.0650
1740.0000 2562.0705
1750.0000 2248.9717
1760.0000 2800.0000
1770.0000 2704.9971
1780.0000 2677.5046
1790.0000 2469.7220
1800.0000 2167.2412
1810.0000 2131.3520
1820.0000 1833.6171
1830.0000 2052.7691
1840.0000 1784.0588
1850.0000 1947.3119
1860.0000 2018.1550
1870.0000 2341.8202
1880.0000 2375.1279
1890.0000 1942.9445
1900.0000 1600.2471
1910.0000 2370.2289
1920.0000 1867.8210
1930.0000 1117.8502
1940.0000 1746.0465
1950.0000 2070.1129
1960.0000 2365.9731
1970.0000 1625.3948
1980.0000 2689.8875
1990.0000 2510.3915
2000.0000 2452.4078
2010.0000 2800.0000
2020.0000 2619.3626
2030.0000 2291.8486
2040.0000 2439.3340
2050.0000 2253.6252
2060.0000 2153.2856
2070.0000 1673.4955
2080.0000 2254.9257
2090.0000 1501.4991
2100.0000 2413.9520
2110.0000 2688.6210
2120.0000 2038.8278
2130.0000 2107.1897
2140.0000 2040.7810
2150.0000 1956.5073
2160.0000 2534.2517
2170.0000 2171.7569
2180.0000 1884.0336
2190.0000 2164.4710
2200.0000 2326.2255
2210.0000 2089.3038
2220.0000 1808.4282
2230.0000 2039.8275
2240.0000 2451.4530
2250.0000 2596.8843
2260.0000 2800.0000
2270.0000 2343.1576
2280.0000 1974.8999
2290.0000 2618.5723
2300.0000 2800.0000
2310.0000 2502.8121
2320.0000 1924.6519
2330.0000 2274.8249
2340.0000 2259.0207
2350.0000 2743.4340
2360.0000 2538.6541
2370.0000 2248.7975
2380.0000 1403.1230
2390.0000 1870.3970
2400.0000 2254.2767
2410.0000 2485.4424
2420.0000 2106.8087
2430.0000 2348.5624
2440.0000 2447.2023
2450.0000 2304.0746
2460.0000 2028.2862
2470.0000 2580.4290
2480.0000 2596.4087
2490.0000 2477.9288
2500.0000 2168.4382
2510.0000 2192.2063
2520.0000 2307.4056
2530.0000 1831.7693
2540.0000 1620.7255
2550.0000 2415.9705
2560.0000 2382.8516
2570.0000 1891.1976
2580.0000 1250.6300
2590.0000 1944.2066
2600.0000 1408.0205
2610.0000 2072.9848
2620.0000 2800.0000
2630.0000 2800.0000
2640.0000 2800.0000
2650.0000 2800.0000
2660.0000 2749.9131
2670.0000 2800.0000
2680.0000 2800.0000
2690.0000 2800.0000
2700.0000 2171.2820
2710.0000 1870.4883
2720.0000 2800.0000
2730.0000 2800.0000
2740.0000 2800.0000
2750.0000 2800.0000
2760.0000 2704.2634
2770.0000 2772.6160
2780.0000 2194.7054
2790.0000 2800.0000
2800.0000 2800.0000
2810.0000 2585.7024
2820.0000 2800.0000
2830.0000 2800.0000
2840.0000 2579.3093
2850.0000 2200.0909
2860.0000 2584.2620
2870.0000 2690.9412
2880.0000 2348.0134
2890.0000 2800.0000
2900.0000 2259.9447
2910.0000 2563.4060
2920.0000 2800.0000
2930.0000 2800.0000
2940.0000 2537.3378
2950.0000 2740.9765
2960.0000 2245.3606
2970.0000 2770.9803
2980.0000 2800.0000
2990.0000 2419.6389
3000.0000 2598.4382
3010.0000 2800.0000
3020.0000 2800.0000
3030.0000 2653.2767
3040.0000 2721.8026
3050.0000 2317.2049
3060.0000 2800.0000
3070.0000 2320.0420
3080.0000 2557.5361
3090.0000 2567.0659
3100.0000 2234.4170
3110.0000 2349.3401
3120.0000 2637.8333
3130.0000 1633.9040
3140.0000 1969.2141
3150.0000 1550.9083
3160.0000 1878.7018
3170.0000 1949.3517
3180.0000 1950.8939
3190.0000 2100.5590
3200.0000 1608.8252
3210.0000 1822.9301
3220.0000 1909.4854
3230.0000 1643.7688
