0.0000 0.0000
10.0000 2702.0742
20.0000 2492.9702
30.0000 2168.5869
40.0000 1644.3412
50.0000 1386.8704
60.0000 1277.2765
70.0000 1253.3616
80.0000 1228.9932
90.0000 1139.5291
100.0000 1212.3043
110.0000 1467.9235
120.0000 2073.3615
130.0000 2613.9478
140.0000 2767.4413
150.0000 1812.0321
160.0000 577.7817
170.0000 1963.9518
180.0000 1972.0202
190.0000 1955.4153
200.0000 1927.3529
210.0000 1907.6500
220.0000 1738.7658
230.0000 2100.5541
240.0000 2138.8470
250.0000 1981.7972
260.0000 2002.8778
270.0000 2076.4155
280.0000 1879.8629
290.0000 2158.9966
300.0000 2410.3811
310.0000 2679.5064
320.0000 2699.3099
330.0000 2657.9044
340.0000 1997.4533
350.0000 2316.6901
360.0000 2770.2960
370.0000 2483.3829
380.0000 2343.2531
390.0000 2475.3508
400.0000 2570.6494
410.0000 2513.2746
420.0000 2257.1472
430.0000 2015.9896
440.0000 1843.2279
450.0000 2632.9054
460.0000 2567.7194
470.0000 2214.9051
480.0000 2303.9564
490.0000 2056.1617
500.0000 1649.6467
510.0000 1193.2318
520.0000 1341.3675
530.0000 2199.5203
540.0000 2048.5109
550.0000 1659.2913
560.0000 1590.3592
570.0000 1553.3062
580.0000 1739.3412
590.0000 1501.9552
600.0000 1510.0525
610.0000 1312.9786
620.0000 1237.8953
630.0000 933.8899
640.0000 1196.1612
650.0000 1011.9983
660.0000 1307.7015
670.0000 890.3044
680.0000 874.6332
690.0000 662.0647
700.0000 847.7016
710.0000 972.5902
720.0000 1037.0109
730.0000 1158.8551
740.0000 1369.2592
750.0000 1266.5970
760.0000 1913.8185
770.0000 2033.7427
780.0000 2151.0680
790.0000 2176.7663
800.0000 2137.8101
810.0000 1247.7031
820.0000 1441.7136
830.0000 1379.9520
840.0000 1386.1361
850.0000 1402.3166
860.0000 1080.5273
870.0000 1704.8762
880.0000 1942.1253
890.0000 2120.4391
900.0000 2062.4208
910.0000 1904.7166
920.0000 712.9946
930.0000 1241.7161
940.0000 1335.9737
950.0000 2122.5252
960.0000 1970.8945
970.0000 1604.3093
980.0000 1755.5760
990.0000 1700.8663
1000.0000 1831.0180
1010.0000 2484.6940
1020.0000 2232.2960
1030.0000 1983.1517
1040.0000 1697.5582
1050.0000 1872.9328
1060.0000 2800.0000
1070.0000 2800.0000
1080.0000 2686.2843
1090.0000 2800.0000
1100.0000 2219.8512
1110.0000 2704.4848
1120.0000 1736.2380
1130.0000 1486.4863
1140.0000 1397.1801
1150.0000 2390.7826
1160.0000 1809.5171
1170.0000 2530.7093
1180.0000 2400.4553
1190.0000 2179.2028
1200.0000 2121.3459
1210.0000 2751.8705
1220.0000 2800.0000
1230.0000 2482.4883
1240.0000 2790.5313
1250.0000 2478.1675
1260.0000 2370.3073
1270.0000 2647.5827
1280.0000 2198.4702
1290.0000 2294.0959
1300.0000 2610.0754
1310.0000 2244.5811
1320.0000 2238.7902
1330.0000 2328.7251
1340.0000 2261.3374
1350.0000 2159.1881
1360.0000 1998.2665
1370.0000 1587.0463
1380.0000 1871.7348
1390.0000 1435.1238
1400.0000 602.3327
1410.0000 1097.5780
1420.0000 1354.5152
1430.0000 1554.8213
1440.0000 1759.8945
1450.0000 1781.1323
1460.0000 1860.7984
1470.0000 2513.5949
1480.0000 2115.2352
1490.0000 2045.0376
1500.0000 1305.8306
1510.0000 1798.2778
1520.0000 1196.9303
1530.0000 2290.6781
1540.0000 2024.7603
1550.0000 1757.2264
1560.0000 1913.8825
1570.0000 1502.7452
1580.0000 1520.7403
1590.0000 1697.5312
1600.0000 1325.5218
1610.0000 1256.4552
1620.0000 1228.9291
1630.0000 1171.7028
1640.0000 1319.4382
1650.0000 1610.2357
1660.0000 1601.0578
1670.0000 1743.1861
1680.0000 1757.9190
1690.0000 1941.7908
1700.0000 1627.0524
1710.0000 2596.8205
1720.0000 2141.2103
1730.0000 2036.1396
1740.0000 1437.4218
1750.0000 1616.5316
1760.0000 1748.6518
1770.0000 1850.8955
1780.0000 1986.6852
1790.0000 2066.4889
1800.0000 1840.8325
1810.0000 2571.0594
1820.0000 2147.7645
1830.0000 2169.8577
1840.0000 2222.2085
1850.0000 1706.8238
1860.0000 1954.2293
1870.0000 1625.3055
1880.0000 1719.1055
1890.0000 2430.1177
1900.0000 2789.7649
1910.0000 2800.0000
1920.0000 2800.0000
1930.0000 2800.0000
1940.0000 2789.3506
1950.0000 2404.7550
1960.0000 2400.6108
1970.0000 2122.9475
1980.0000 2755.9790
1990.0000 2326.9516
2000.0000 1946.2745
2010.0000 2670.2371
2020.0000 2118.1951
2030.0000 2562.3100
2040.0000 2372.5882
2050.0000 2800.0000
2060.0000 2537.9578
2070.0000 2052.4270
2080.0000 2540.1040
2090.0000 2570.6176
2100.0000 2104.9421
2110.0000 2474.9364
2120.0000 1675.2491
2130.0000 2012.3050
2140.0000 1384.3922
2150.0000 1601.4347
2160.0000 1777.9409
2170.0000 2257.3002
2180.0000 1946.5758
2190.0000 2358.1100
2200.0000 2792.4596
2210.0000 2485.6168
2220.0000 2150.0150
2230.0000 2432.7223
2240.0000 2800.0000
2250.0000 2800.0000
2260.0000 2431.2412
2270.0000 1708.2895
2280.0000 2531.1043
2290.0000 2800.0000
2300.0000 2637.5209
2310.0000 2495.1193
2320.0000 2617.8379
2330.0000 2497.7299
2340.0000 2322.9833
2350.0000 2369.4764
2360.0000 2107.8054
2370.0000 2269.2791
2380.0000 2034.7151
2390.0000 1819.2396
2400.0000 2347.7436
2410.0000 1887.1957
2420.0000 2455.0186
2430.0000 2800.0000
2440.0000 2800.0000
2450.0000 2122.3529
2460.0000 2173.4159
2470.0000 2246.6748
2480.0000 2627.9865
2490.0000 2783.8873
2500.0000 2325.2398
2510.0000 2057.4044
2520.0000 1973.4458
2530.0000 2174.3183
2540.0000 1984.1788
2550.0000 1822.6627
2560.0000 1784.5085
2570.0000 1739.0199
2580.0000 2200.5487
2590.0000 1778.0697
2600.0000 2204.4143
2610.0000 2058.3421
2620.0000 1800.5079
2630.0000 1529.5686
2640.0000 2430.2456
2650.0000 2577.9918
2660.0000 2141.0928
2670.0000 2432.1377
2680.0000 2220.8913
2690.0000 1800.8980
2700.0000 1314.0927
2710.0000 1430.4958
2720.0000 1392.9210
2730.0000 1351.6299
2740.0000 1670.8892
2750.0000 1039.8268
2760.0000 1949.4565
2770.0000 1875.0801
2780.0000 1424.9641
2790.0000 1433.8937
2800.0000 1577.3809
2810.0000 1907.1437
2820.0000 1458.5414
2830.0000 2146.0828
2840.0000 1559.3746
2850.0000 1974.1309
2860.0000 2076.3186
2870.0000 2112.9699
2880.0000 1916.8267
2890.0000 1810.4036
2900.0000 1835.8317
2910.0000 2035.8191
2920.0000 2444.0147
2930.0000 1804.7753
2940.0000 2800.0000
2950.0000 1990.8396
2960.0000 2251.6627
2970.0000 1923.4305
2980.0000 2067.5152
2990.0000 1952.7970
3000.0000 1943.6962
3010.0000 2064.8488
3020.0000 1976.1685
3030.0000 2267.5717
3040.0000 1853.1516
3050.0000 2175.1079
3060.0000 2220.5561
3070.0000 2310.7109
3080.0000 2162.2262
3090.0000 1526.0663
3100.0000 1569.8889
3110.0000 2312.0381
3120.0000 1848.0900
3130.0000 1692.0403
3140.0000 1085.6310
3150.0000 1568.3303
3160.0000 1511.4055
3170.0000 1431.3305
3180.0000 1666.4404
3190.0000 1575.3685
3200.0000 1852.1899
3210.0000 1517.2993
3220.0000 1445.5889
3230.0000 2016.4284
