0.0000 0.0000
10.0000 2447.5244
20.0000 2369.2155
30.0000 2327.1113
40.0000 2296.9294
50.0000 2362.8264
60.0000 2209.4223
70.0000 2294.5774
80.0000 2421.9682
90.0000 2648.8756
100.0000 2719.6769
110.0000 2763.3147
120.0000 2800.0000
130.0000 2800.0000
140.0000 2800.0000
150.0000 2800.0000
160.0000 2698.2854
170.0000 2174.1830
180.0000 1801.2683
190.0000 2087.2162
200.0000 2800.0000
210.0000 2800.0000
220.0000 2444.4545
230.0000 2454.0054
240.0000 1913.9594
250.0000 2570.9670
260.0000 2651.9478
270.0000 2367.1076
280.0000 2580.0414
290.0000 2729.8393
300.0000 2762.6214
310.0000 2236.4560
320.0000 2606.4514
330.0000 1197.7546
340.0000 2624.3928
350.0000 2471.8529
360.0000 2800.0000
370.0000 2800.0000
380.0000 1993.7872
390.0000 2800.0000
400.0000 2520.8396
410.0000 1931.3742
420.0000 1777.3566
430.0000 2066.9365
440.0000 2004.8809
450.0000 1365.4958
460.0000 1537.9052
470.0000 2186.8257
480.0000 2511.4301
490.0000 2612.2056
500.0000 2134.4275
510.0000 1770.4893
520.0000 1984.7418
530.0000 2800.0000
540.0000 2719.2063
550.0000 2338.5739
560.0000 2046.6335
570.0000 2693.2379
580.0000 2225.0580
590.0000 2800.0000
600.0000 2800.0000
610.0000 2468.8236
620.0000 2800.0000
630.0000 2421.8876
640.0000 2086.6970
650.0000 2773.3569
660.0000 2800.0000
670.0000 2246.7696
680.0000 2334.4105
690.0000 2232.1969
700.0000 2800.0000
710.0000 2800.0000
720.0000 2567.6395
730.0000 2306.2961
740.0000 2607.9632
750.0000 2649.7537
760.0000 2443.0719
770.0000 1807.7023
780.0000 2749.2113
790.0000 2800.0000
800.0000 2734.4364
810.0000 2331.8323
820.0000 2800.0000
830.0000 2588.3004
840.0000 1973.0842
850.0000 2633.7421
860.0000 2521.9565
870.0000 2478.1341
880.0000 2223.4533
890.0000 2761.1395
900.0000 2800.0000
910.0000 2320.5845
920.0000 2009.4407
930.0000 2800.0000
940.0000 2800.0000
950.0000 2670.3258
960.0000 2312.4429
970.0000 2624.6023
980.0000 2401.3895
990.0000 2800.0000
1000.0000 2456.8473
1010.0000 2168.2951
1020.0000 1983.6388
1030.0000 2307.2040
1040.0000 1910.9543
1050.0000 2362.6204
1060.0000 2505.8618
1070.0000 2496.3114
1080.0000 2367.4409
1090.0000 2174.7087
1100.0000 2365.7326
1110.0000 2745.8466
1120.0000 2055.9357
1130.0000 2586.7560
1140.0000 2452.6196
1150.0000 1541.3167
1160.0000 2228.9255
1170.0000 2263.9741
1180.0000 1970.2801
1190.0000 2800.0000
1200.0000 2800.0000
1210.0000 2771.6698
1220.0000 2626.3091
1230.0000 1898.0757
1240.0000 2694.4853
1250.0000 2733.2069
1260.0000 2293.0865
1270.0000 2194.7556
1280.0000 2514.0149
1290.0000 2286.7945
1300.0000 2130.3969
1310.0000 2283.1131
1320.0000 2459.4281
1330.0000 2481.3898
1340.0000 2032.5725
1350.0000 2106.6069
1360.0000 2311.8047
1370.0000 1877.0676
1380.0000 1385.3748
1390.0000 1378.1118
1400.0000 1811.0937
1410.0000 1660.8838
1420.0000 1464.0677
1430.0000 1485.5821
1440.0000 1190.9374
1450.0000 1208.7770
1460.0000 1382.9009
1470.0000 1684.3411
1480.0000 1874.3893
1490.0000 2097.8837
1500.0000 1788.2627
1510.0000 1793.2635
1520.0000 1442.1212
1530.0000 1513.2686
1540.0000 1552.0657
1550.0000 2041.1510
1560.0000 1863.8129
1570.0000 1911.6381
1580.0000 1530.5980
1590.0000 1908.1853
1600.0000 2384.1882
1610.0000 2143.1086
1620.0000 2360.9141
1630.0000 2782.6658
1640.0000 2468.0220
1650.0000 2115.5741
1660.0000 2198.9315
1670.0000 2343.2050
1680.0000 2292.6679
1690.0000 1740.9902
1700.0000 2800.0000
1710.0000 1935.0842
1720.0000 2526.6763
1730.0000 2800.0000
1740.0000 2358.6359
1750.0000 2096.9389
1760.0000 2010.4492
1770.0000 2511.5232
1780.0000 2208.6177
1790.0000 2192.0608
1800.0000 2165.9402
1810.0000 1874.9360
1820.0000 2800.0000
1830.0000 2661.6874
1840.0000 1663.4539
1850.0000 2500.0352
1860.0000 2638.9885
1870.0000 2715.9846
1880.0000 1821.3358
1890.0000 2453.4298
1900.0000 2691.7525
1910.0000 2692.7702
1920.0000 2772.9461
1930.0000 2326.6039
1940.0000 2030.8669
1950.0000 2643.9162
1960.0000 2429.2162
1970.0000 2800.0000
1980.0000 2464.1225
1990.0000 2330.8838
2000.0000 2544.2809
2010.0000 2719.2724
2020.0000 2110.2493
2030.0000 1462.6389
2040.0000 2482.0604
2050.0000 2684.3312
2060.0000 2567.1375
2070.0000 2651.3130
2080.0000 2478.0786
2090.0000 2342.7629
2100.0000 2337.6609
2110.0000 2608.7025
2120.0000 2490.0134
2130.0000 2800.0000
2140.0000 2566.6879
2150.0000 2800.0000
2160.0000 2399.7708
2170.0000 2503.5874
2180.0000 2437.8604
2190.0000 2249.9864
2200.0000 2449.4847
2210.0000 2557.0332
2220.0000 2232.4119
2230.0000 2498.8054
2240.0000 2578.9333
2250.0000 2566.0983
2260.0000 2705.0575
2270.0000 2800.0000
2280.0000 2403.6305
2290.0000 2800.0000
2300.0000 2186.3841
2310.0000 2034.8542
2320.0000 2800.0000
2330.0000 2800.0000
2340.0000 2800.0000
2350.0000 2527.0401
2360.0000 2377.0150
2370.0000 2800.0000
2380.0000 2527.6255
2390.0000 2408.3047
2400.0000 2800.0000
2410.0000 2637.5656
2420.0000 2319.4616
2430.0000 2127.3571
2440.0000 2250.5889
2450.0000 2284.5157
2460.0000 2541.4470
2470.0000 1991.1448
2480.0000 2475.4350
2490.0000 2800.0000
2500.0000 2458.3362
2510.0000 2502.9170
2520.0000 1690.1271
2530.0000 2800.0000
2540.0000 2567.7890
2550.0000 2384.2152
2560.0000 2709.6907
2570.0000 2800.0000
2580.0000 2800.0000
2590.0000 2800.0000
2600.0000 2800.0000
2610.0000 2403.0692
2620.0000 2800.0000
2630.0000 2800.0000
2640.0000 2139.5041
2650.0000 2800.0000
2660.0000 2365.4425
2670.0000 2795.2950
2680.0000 2604.4718
2690.0000 2607.7552
2700.0000 2800.0000
2710.0000 2503.3441
2720.0000 2561.0691
2730.0000 2677.4737
2740.0000 2800.0000
2750.0000 2800.0000
2760.0000 2473.3247
2770.0000 2492.2206
2780.0000 2800.0000
2790.0000 2147.1542
2800.0000 2725.6114
2810.0000 2590.0389
2820.0000 2554.3622
2830.0000 2800.0000
2840.0000 2683.4826
2850.0000 2800.0000
2860.0000 2480.3967
2870.0000 2692.1269
2880.0000 2800.0000
2890.0000 2333.3179
2900.0000 2381.5090
2910.0000 2259.1681
2920.0000 2477.2924
2930.0000 2604.3650
2940.0000 2570.9159
2950.0000 2800.0000
2960.0000 2624.4589
2970.0000 2494.9632
2980.0000 2085.8472
2990.0000 2800.0000
3000.0000 2444.2163
3010.0000 2560.2118
3020.0000 2569.8082
3030.0000 2330.4381
3040.0000 2193.7977
3050.0000 2382.9774
3060.0000 1951.7155
3070.0000 2285.2023
3080.0000 1794.6481
3090.0000 1773.5468
3100.0000 2141.5883
3110.0000 2356.1657
3120.0000 2098.7893
3130.0000 2235.2154
3140.0000 2609.0986
3150.0000 2392.7531
3160.0000 1644.8174
3170.0000 2366.1534
3180.0000 2800.0000
3190.0000 2738.3326
3200.0000 2527.8358
3210.0000 2187.5953
3220.0000 1587.4020
3230.0000 1720.8718
