0.0000 0.0000
10.0000 2262.3844
20.0000 2422.4983
30.0000 2553.1392
40.0000 2608.5926
50.0000 2653.0312
60.0000 2661.5405
70.0000 2573.7007
80.0000 2011.2627
90.0000 1508.9420
100.0000 1193.1173
110.0000 1015.6933
120.0000 885.4106
130.0000 877.2441
140.0000 1179.5632
150.0000 1503.3018
160.0000 1467.1083
170.0000 1791.1517
180.0000 2420.1368
190.0000 2495.3940
200.0000 2566.6353
210.0000 2407.6734
220.0000 2541.8492
230.0000 2158.1012
240.0000 2267.6940
250.0000 2447.3657
260.0000 2323.7008
270.0000 1926.9592
280.0000 1899.9064
290.0000 1873.9057
300.0000 1300.5343
310.0000 1437.5319
320.0000 1814.0394
330.0000 2477.3179
340.0000 2097.6546
350.0000 1996.3049
360.0000 1646.4024
370.0000 2019.2985
380.0000 1942.9134
390.0000 2065.6220
400.0000 2208.1252
410.0000 1763.3578
420.0000 2257.8306
430.0000 1348.4393
440.0000 2262.8742
450.0000 2290.3365
460.0000 2440.3391
470.0000 2800.0000
480.0000 2800.0000
490.0000 2111.9100
500.0000 1281.9204
510.0000 1465.4280
520.0000 2460.0772
530.0000 2438.4420
540.0000 2055.9902
550.0000 2235.2237
560.0000 2800.0000
570.0000 2696.5336
580.0000 2800.0000
590.0000 2582.2998
600.0000 2800.0000
610.0000 2537.6991
620.0000 2589.2251
630.0000 2800.0000
640.0000 2370.6214
650.0000 2480.7348
660.0000 2656.5207
670.0000 2109.0252
680.0000 2210.3515
690.0000 1554.0388
700.0000 2196.6665
710.0000 1944.3931
720.0000 1941.4503
730.0000 1755.9788
740.0000 2082.3015
750.0000 2268.6448
760.0000 2226.1473
770.0000 2275.7604
780.0000 1926.7377
790.0000 1904.9423
800.0000 2118.8414
810.0000 2409.6549
820.0000 1832.5594
830.0000 1806.1585
840.0000 1460.1383
850.0000 2697.3625
860.0000 2727.0355
870.0000 1956.9233
880.0000 2643.9730
890.0000 2800.0000
900.0000 2010.4017
910.0000 2365.0187
920.0000 2800.0000
930.0000 2326.7747
940.0000 1147.3652
950.0000 2666.7324
960.0000 2800.0000
970.0000 2248.7043
980.0000 2198.3262
990.0000 2485.1284
1000.0000 2001.9351
1010.0000 2800.0000
1020.0000 1851.5943
1030.0000 2170.1188
1040.0000 1461.6711
1050.0000 2222.2437
1060.0000 2025.0509
1070.0000 2138.8851
1080.0000 1531.1654
1090.0000 2800.0000
1100.0000 2019.7529
1110.0000 1562.6180
1120.0000 2699.1593
1130.0000 2742.1777
1140.0000 2490.4670
1150.0000 2483.3397
1160.0000 2800.0000
1170.0000 2766.6759
1180.0000 2335.7904
1190.0000 2311.0562
1200.0000 2246.6014
1210.0000 2800.0000
1220.0000 1219.4223
1230.0000 2764.4187
1240.0000 2800.0000
1250.0000 2066.4098
1260.0000 2800.0000
1270.0000 2800.0000
1280.0000 2564.2168
1290.0000 2800.0000
1300.0000 2635.4321
1310.0000 2077.6507
1320.0000 2309.3370
1330.0000 2294.7194
1340.0000 2268.2903
1350.0000 2800.0000
1360.0000 2697.1728
1370.0000 2304.4700
1380.0000 2754.6813
1390.0000 2727.0695
1400.0000 2561.2415
1410.0000 2782.6674
1420.0000 2800.0000
1430.0000 2800.0000
1440.0000 2753.0554
1450.0000 2499.3703
1460.0000 2800.0000
1470.0000 2651.6087
1480.0000 2800.0000
1490.0000 2365.2569
1500.0000 2125.3718
1510.0000 2610.2146
1520.0000 2800.0000
1530.0000 2603.9177
1540.0000 2800.0000
1550.0000 2694.6763
1560.0000 2800.0000
1570.0000 1525.5990
1580.0000 2226.6019
1590.0000 2800.0000
1600.0000 2800.0000
1610.0000 1729.1659
1620.0000 2734.7654
1630.0000 2800.0000
1640.0000 2737.7029
1650.0000 2800.0000
1660.0000 2800.0000
1670.0000 2800.0000
1680.0000 2282.3555
1690.0000 2609.3757
1700.0000 2588.1794
1710.0000 2602.5663
1720.0000 2800.0000
1730.0000 2800.0000
1740.0000 2416.5833
1750.0000 1667.0562
1760.0000 2800.0000
1770.0000 2596.0364
1780.0000 2710.8411
1790.0000 2800.0000
1800.0000 2025.8546
1810.0000 2800.0000
1820.0000 2800.0000
1830.0000 2800.0000
1840.0000 2800.0000
1850.0000 2800.0000
1860.0000 2076.8530
1870.0000 2800.0000
1880.0000 2320.9547
1890.0000 2136.9804
1900.0000 2800.0000
1910.0000 2591.2194
1920.0000 2215.9942
1930.0000 2384.0756
1940.0000 2800.0000
1950.0000 2150.9592
1960.0000 2369.6276
1970.0000 2629.5468
1980.0000 2800.0000
1990.0000 2733.6159
2000.0000 1791.1178
2010.0000 2501.6136
2020.0000 2504.3894
2030.0000 1741.6546
2040.0000 2121.9036
2050.0000 2667.0956
2060.0000 2724.7414
2070.0000 2197.4024
2080.0000 2078.4062
2090.0000 2336.1239
2100.0000 2579.8851
2110.0000 2624.5926
2120.0000 1475.9469
2130.0000 2800.0000
2140.0000 1975.4015
2150.0000 2055.0064
2160.0000 1995.7969
2170.0000 2800.0000
2180.0000 2674.2977
2190.0000 1787.9112
2200.0000 2657.2917
2210.0000 2397.7503
2220.0000 1936.1600
2230.0000 1736.5534
2240.0000 2358.7374
2250.0000 2501.4707
2260.0000 2800.0000
2270.0000 2494.9492
2280.0000 2259.0336
2290.0000 2800.0000
2300.0000 2566.9128
2310.0000 1972.3343
2320.0000 2800.0000
2330.0000 2107.0521
2340.0000 2261.3059
2350.0000 2800.0000
2360.0000 2531.2375
2370.0000 2800.0000
2380.0000 2504.9667
2390.0000 2746.2665
2400.0000 2620.7147
2410.0000 2800.0000
2420.0000 2800.0000
2430.0000 2539.8366
2440.0000 2346.0634
2450.0000 2041.6782
2460.0000 2361.8210
2470.0000 2008.2025
2480.0000 2103.1491
2490.0000 2237.6554
2500.0000 1482.7002
2510.0000 1888.0955
2520.0000 1977.9469
2530.0000 2017.2168
2540.0000 1894.2305
2550.0000 2214.5909
2560.0000 2310.3629
2570.0000 2492.0222
2580.0000 2094.5055
2590.0000 1651.3474
2600.0000 2302.5038
2610.0000 2034.4009
2620.0000 2181.6288
2630.0000 1799.6786
2640.0000 1474.0740
2650.0000 2664.9651
2660.0000 2547.9155
2670.0000 2103.6313
2680.0000 2086.9529
2690.0000 2422.7035
2700.0000 2800.0000
2710.0000 2154.7332
2720.0000 2565.5067
2730.0000 2800.0000
2740.0000 2800.0000
2750.0000 2586.0176
2760.0000 2630.3367
2770.0000 2642.8482
2780.0000 2800.0000
2790.0000 2501.5586
2800.0000 2777.4338
2810.0000 2717.7578
2820.0000 2593.7025
2830.0000 1950.8326
2840.0000 2800.0000
2850.0000 2410.1636
2860.0000 2502.8478
2870.0000 2681.1770
2880.0000 1919.9144
2890.0000 2800.0000
2900.0000 2754.9695
2910.0000 2283.7560
2920.0000 1748.4554
2930.0000 1843.1094
2940.0000 1607.2186
2950.0000 2761.3530
2960.0000 2800.0000
2970.0000 2575.1913
2980.0000 1953.2964
2990.0000 1500.8865
3000.0000 2599.0388
3010.0000 1715.6230
3020.0000 2330.8495
3030.0000 2586.8347
3040.0000 1613.1457
3050.0000 2034.4055
3060.0000 1770.8497
3070.0000 1524.8746
3080.0000 2800.0000
3090.0000 2800.0000
3100.0000 2762.6054
3110.0000 1788.9800
3120.0000 2472.8021
3130.0000 2527.8335
3140.0000 2579.9443
3150.0000 2229.1152
3160.0000 1939.1191
3170.0000 2572.8953
3180.0000 1888.6319
3190.0000 1837.2721
3200.0000 2161.8293
3210.0000 2437.4363
3220.0000 1694.8783
3230.0000 2251.7253
