0.0000 0.0000
10.0000 2066.5318
20.0000 1703.6832
30.0000 1442.9843
40.0000 1296.2601
50.0000 1245.9062
60.0000 1272.1245
70.0000 1434.7514
80.0000 1641.9877
90.0000 1574.1265
100.0000 1501.5428
110.0000 1529.2528
120.0000 1851.0766
130.0000 1999.8151
140.0000 1927.5294
150.0000 2240.8177
160.0000 2718.8512
170.0000 2693.3379
180.0000 2786.0119
190.0000 2665.4231
200.0000 2649.2063
210.0000 2800.0000
220.0000 2800.0000
230.0000 2800.0000
240.0000 2620.2682
250.0000 2674.8372
260.0000 2763.7260
270.0000 2370.0377
280.0000 2644.2535
290.0000 2800.0000
300.0000 2800.0000
310.0000 2800.0000
320.0000 2765.4532
330.0000 2567.6104
340.0000 2130.9414
350.0000 2074.0388
360.0000 2800.0000
370.0000 2337.5023
380.0000 1922.6339
390.0000 2724.8743
400.0000 1527.7623
410.0000 1220.6361
420.0000 2198.8897
430.0000 1265.4477
440.0000 2023.8752
450.0000 2524.9854
460.0000 2661.0178
470.0000 2590.3033
480.0000 1556.0691
490.0000 2408.0681
500.0000 1930.9476
510.0000 1180.7914
520.0000 2052.1772
530.0000 2472.2820
540.0000 2355.9526
550.0000 2605.2713
560.0000 2335.2837
570.0000 2363.0229
580.0000 2582.4706
590.0000 2698.9649
600.0000 2575.7520
610.0000 2800.0000
620.0000 2756.1542
630.0000 2526.6756
640.0000 2226.8122
650.0000 2596.4303
660.0000 2436.8562
670.0000 2302.0799
680.0000 2060.1937
690.0000 1483.7949
700.0000 1825.4942
710.0000 1749.8111
720.0000 1952.9923
730.0000 1342.7627
740.0000 1694.8130
750.0000 1699.1373
760.0000 1685.6071
770.0000 2180.1862
780.0000 2484.0231
790.0000 2529.7083
800.0000 2669.2013
810.0000 2583.2275
820.0000 2073.3521
830.0000 1962.1274
840.0000 2136.4334
850.0000 2800.0000
860.0000 2351.1346
870.0000 2120.9182
880.0000 1784.5763
890.0000 2247.0057
900.0000 1922.4275
910.0000 2321.7925
920.0000 2029.4914
930.0000 1320.8811
940.0000 1325.4832
950.0000 1535.8179
960.0000 1502.3197
970.0000 1338.8792
980.0000 1436.7142
990.0000 1859.5959
1000.0000 1781.0251
1010.0000 1851.7521
1020.0000 2156.3753
1030.0000 2211.6150
1040.0000 2073.7352
1050.0000 2114.4199
1060.0000 2240.1496
1070.0000 2151.7763
1080.0000 2226.0675
1090.0000 2378.6035
1100.0000 2408.4027
1110.0000 2413.7530
1120.0000 1773.5769
1130.0000 2245.5100
1140.0000 1617.9180
1150.0000 1810.0425
1160.0000 1669.9885
1170.0000 1681.3492
1180.0000 2027.3522
1190.0000 1491.6411
1200.0000 1556.4513
1210.0000 1351.3402
1220.0000 2216.8994
1230.0000 2656.2484
1240.0000 2289.9398
1250.0000 2573.8870
1260.0000 2761.6133
1270.0000 2216.8863
1280.0000 2177.1574
1290.0000 2264.0672
1300.0000 2102.0433
1310.0000 2401.2844
1320.0000 2675.8585
1330.0000 1796.9614
1340.0000 2704.0486
1350.0000 1950.9248
1360.0000 2051.2934
1370.0000 1895.2401
1380.0000 1488.9978
1390.0000 2062.8856
1400.0000 2543.0976
1410.0000 2408.0425
1420.0000 2158.3725
1430.0000 2051.1043
1440.0000 1444.0564
1450.0000 1688.6024
1460.0000 1811.6354
1470.0000 1779.7508
1480.0000 1787.9639
1490.0000 2291.4452
1500.0000 2228.5133
1510.0000 2026.2299
1520.0000 2049.0796
1530.0000 1628.2101
1540.0000 1363.7144
1550.0000 1329.0075
1560.0000 1965.6209
1570.0000 2473.5948
1580.0000 1892.4055
1590.0000 2800.0000
1600.0000 2800.0000
1610.0000 2800.0000
1620.0000 2461.6424
1630.0000 2450.5081
1640.0000 2800.0000
1650.0000 2800.0000
1660.0000 2748.9747
1670.0000 2300.2457
1680.0000 2209.5935
1690.0000 2283.9782
1700.0000 1446.1278
1710.0000 1990.7250
1720.0000 2233.6972
1730.0000 2800.0000
1740.0000 2483.9580
1750.0000 2084.5016
1760.0000 1992.2004
1770.0000 2457.5734
1780.0000 1795.7048
1790.0000 1751.3144
1800.0000 1628.6777
1810.0000 2385.6978
1820.0000 1389.6603
1830.0000 2054.4477
1840.0000 2242.4622
1850.0000 2412.2651
1860.0000 2800.0000
1870.0000 2728.6441
1880.0000 2788.7124
1890.0000 2596.6628
1900.0000 2229.1517
1910.0000 2037.7682
1920.0000 2154.3331
1930.0000 2385.7992
1940.0000 2800.0000
1950.0000 2745.3806
1960.0000 2199.3530
1970.0000 2407.9144
1980.0000 1771.9205
1990.0000 2680.0200
2000.0000 2800.0000
2010.0000 2673.4795
2020.0000 2427.7002
2030.0000 2756.9386
2040.0000 2800.0000
2050.0000 2800.0000
2060.0000 2332.5011
2070.0000 2033.4596
2080.0000 2421.8764
2090.0000 2373.2621
2100.0000 2800.0000
2110.0000 2536.3228
2120.0000 2800.0000
2130.0000 2661.9573
2140.0000 2037.0100
2150.0000 2234.2047
2160.0000 2557.9087
2170.0000 2682.8810
2180.0000 1900.5346
2190.0000 2427.9410
2200.0000 2384.8245
2210.0000 2549.7253
2220.0000 2288.9542
2230.0000 1403.3645
2240.0000 2216.0653
2250.0000 1578.1984
2260.0000 893.5999
2270.0000 1995.9235
2280.0000 1153.9060
2290.0000 2359.4975
2300.0000 2771.2725
2310.0000 2481.3623
2320.0000 2800.0000
2330.0000 2800.0000
2340.0000 2800.0000
2350.0000 1856.3575
2360.0000 2389.5239
2370.0000 2800.0000
2380.0000 2399.3366
2390.0000 2557.3254
2400.0000 2477.0346
2410.0000 2585.8293
2420.0000 2155.7384
2430.0000 2800.0000
2440.0000 2239.0601
2450.0000 2758.3863
2460.0000 2800.0000
2470.0000 2800.0000
2480.0000 2348.2313
2490.0000 1728.3024
2500.0000 2800.0000
2510.0000 2557.7018
2520.0000 2709.4246
2530.0000 2624.4248
2540.0000 2800.0000
2550.0000 2800.0000
2560.0000 2800.0000
2570.0000 2800.0000
2580.0000 2668.7701
2590.0000 2163.7132
2600.0000 2578.3427
2610.0000 2248.2864
2620.0000 2800.0000
2630.0000 2800.0000
2640.0000 2671.0573
2650.0000 2182.0186
2660.0000 2713.5243
2670.0000 2379.1731
2680.0000 1618.1081
2690.0000 1439.6543
2700.0000 1546.7653
2710.0000 1683.0858
2720.0000 2408.7489
2730.0000 2800.0000
2740.0000 2697.1499
2750.0000 2467.5689
2760.0000 2580.2415
2770.0000 2088.0711
2780.0000 2396.8645
2790.0000 2053.3769
2800.0000 2353.0039
2810.0000 2553.3382
2820.0000 2165.8931
2830.0000 1603.2387
2840.0000 1092.2792
2850.0000 2462.8505
2860.0000 2165.6514
2870.0000 2232.0351
2880.0000 2025.9490
2890.0000 1953.4969
2900.0000 1794.8600
2910.0000 2133.2941
2920.0000 2059.9163
2930.0000 2548.7085
2940.0000 2430.1044
2950.0000 2666.4957
2960.0000 2337.4920
2970.0000 2572.6917
2980.0000 2048.5059
2990.0000 1579.3317
3000.0000 1527.8578
3010.0000 2077.2575
3020.0000 2098.1034
3030.0000 2800.0000
3040.0000 2649.0991
3050.0000 1847.0632
3060.0000 1899.7060
3070.0000 2387.9215
3080.0000 2475.6062
3090.0000 2589.4204
3100.0000 2725.1208
3110.0000 1808.6916
3120.0000 1677.0206
3130.0000 2595.8999
3140.0000 2079.5822
3150.0000 1178.7092
3160.0000 2205.8014
3170.0000 2603.0261
3180.0000 2649.8882
3190.0000 2265.5171
3200.0000 1263.9219
3210.0000 1894.6019
3220.0000 2597.3113
3230.0000 2747.7210
