0.0000 0.0000
10.0000 2800.0000
20.0000 2769.1310
30.0000 2763.8989
40.0000 2641.4171
50.0000 2406.7910
60.0000 2175.3768
70.0000 2089.5761
80.0000 1908.4154
90.0000 1757.3128
100.0000 1626.4065
110.0000 1508.2011
120.0000 1358.0536
130.0000 1221.4549
140.0000 1156.0201
150.0000 1302.7131
160.0000 1526.0501
170.0000 1564.5621
180.0000 1681.7564
190.0000 1724.3439
200.0000 1650.4801
210.0000 1767.9518
220.0000 1644.6063
230.0000 2133.6402
240.0000 2533.6928
250.0000 2523.8927
260.0000 2452.7964
270.0000 2425.0023
280.0000 2355.8722
290.0000 2298.6882
300.0000 2148.9929
310.0000 2300.3541
320.0000 2187.0307
330.0000 1712.4649
340.0000 1905.3670
350.0000 1823.2166
360.0000 1193.5817
370.0000 2415.7174
380.0000 2051.8288
390.0000 2257.8316
400.0000 2407.0475
410.0000 2529.1080
420.0000 2157.5853
430.0000 1883.7891
440.0000 2169.5028
450.0000 1968.6463
460.0000 1194.6497
470.0000 1226.8514
480.0000 1416.2659
490.0000 1502.4902
500.0000 595.2716
510.0000 2328.6429
520.0000 1986.6037
530.0000 2593.8048
540.0000 2376.9348
550.0000 2206.7098
560.0000 2575.3602
570.0000 2378.5351
580.0000 1656.6761
590.0000 2107.5129
600.0000 2737.1123
610.0000 1763.4303
620.0000 1302.2752
630.0000 1703.3781
640.0000 1611.8548
650.0000 1501.9665
660.0000 1724.6899
670.0000 1816.3571
680.0000 2266.1411
690.0000 2226.4979
700.0000 2800.0000
710.0000 2490.3395
720.0000 2800.0000
730.0000 2800.0000
740.0000 2657.6231
750.0000 2749.9839
760.0000 2304.1278
770.0000 2800.0000
780.0000 2800.0000
790.0000 2239.3433
800.0000 2444.1606
810.0000 2800.0000
820.0000 2436.2711
830.0000 2800.0000
840.0000 2800.0000
850.0000 2800.0000
860.0000 2467.8550
870.0000 1972.9711
880.0000 1687.8466
890.0000 2675.5105
900.0000 2800.0000
910.0000 2501.9612
920.0000 2033.3903
930.0000 2326.6684
940.0000 2367.4075
950.0000 2613.9498
960.0000 2354.5830
970.0000 2800.0000
980.0000 2086.7572
990.0000 2353.3959
1000.0000 2104.0745
1010.0000 2682.1582
1020.0000 2156.7262
1030.0000 2418.4285
1040.0000 2110.2700
1050.0000 1964.4529
1060.0000 1869.7014
1070.0000 1587.6801
1080.0000 1678.3568
1090.0000 1357.5250
1100.0000 1993.6912
1110.0000 1597.5099
1120.0000 2447.7062
1130.0000 2737.9071
1140.0000 2215.5890
1150.0000 2197.5297
1160.0000 1861.8730
1170.0000 1773.4729
1180.0000 2302.0697
1190.0000 2312.9356
1200.0000 2447.6852
1210.0000 2050.1166
1220.0000 2021.7262
1230.0000 2692.0981
1240.0000 1973.2505
1250.0000 2091.1675
1260.0000 2063.4585
1270.0000 2135.2768
1280.0000 1694.9952
1290.0000 2682.1432
1300.0000 2266.7878
1310.0000 1681.4715
1320.0000 2576.3892
1330.0000 2141.4711
1340.0000 2293.5384
1350.0000 2366.9377
1360.0000 2257.3883
1370.0000 2295.6621
1380.0000 2782.5895
1390.0000 2216.7000
1400.0000 2259.4453
1410.0000 2488.1468
1420.0000 2487.8013
1430.0000 2800.0000
1440.0000 2422.1596
1450.0000 2800.0000
1460.0000 2593.9238
1470.0000 2455.2992
1480.0000 1955.1799
1490.0000 2308.9372
1500.0000 2366.6506
1510.0000 2172.4443
1520.0000 1887.3044
1530.0000 2017.6507
1540.0000 2020.6174
1550.0000 2800.0000
1560.0000 2800.0000
1570.0000 2521.7648
1580.0000 2800.0000
1590.0000 2494.0748
1600.0000 2800.0000
1610.0000 2800.0000
1620.0000 1904.1714
1630.0000 2800.0000
1640.0000 2586.7077
1650.0000 2625.2279
1660.0000 2145.1166
1670.0000 2204.8435
1680.0000 2766.5924
1690.0000 2274.1418
1700.0000 2233.1715
1710.0000 2371.6777
1720.0000 2081.5395
1730.0000 1489.4917
1740.0000 888.8672
1750.0000 1877.1682
1760.0000 1996.1339
1770.0000 2024.3800
1780.0000 2051.1311
1790.0000 1145.8842
1800.0000 1725.5233
1810.0000 2123.8551
1820.0000 2800.0000
1830.0000 2464.2687
1840.0000 2202.3594
1850.0000 2632.7072
1860.0000 2648.1196
1870.0000 2187.0528
1880.0000 2236.8980
1890.0000 1879.9506
1900.0000 2800.0000
1910.0000 2800.0000
1920.0000 2800.0000
1930.0000 2800.0000
1940.0000 1922.3939
1950.0000 2605.1641
1960.0000 2393.7338
1970.0000 2676.7834
1980.0000 2719.3348
1990.0000 2405.3971
2000.0000 2589.9854
2010.0000 2309.4626
2020.0000 2800.0000
2030.0000 2800.0000
2040.0000 2800.0000
2050.0000 2414.3721
2060.0000 2800.0000
2070.0000 2572.6014
2080.0000 2800.0000
2090.0000 2557.8130
2100.0000 2800.0000
2110.0000 2716.5642
2120.0000 2800.0000
2130.0000 2781.4556
2140.0000 2800.0000
2150.0000 2800.0000
2160.0000 2766.8262
2170.0000 2616.4620
2180.0000 2800.0000
2190.0000 2607.0300
2200.0000 2480.0497
2210.0000 1896.9596
2220.0000 1340.0862
2230.0000 1966.0249
2240.0000 2239.3909
2250.0000 1916.3979
2260.0000 1767.5778
2270.0000 1562.5920
2280.0000 1590.1958
2290.0000 1640.4135
2300.0000 1889.6574
2310.0000 1705.0422
2320.0000 2295.6667
2330.0000 2398.7357
2340.0000 2116.4360
2350.0000 2095.8362
2360.0000 1713.9974
2370.0000 960.3592
2380.0000 1175.9803
2390.0000 1358.9439
2400.0000 1790.8778
2410.0000 1908.4168
2420.0000 1764.3948
2430.0000 1710.4715
2440.0000 2708.3805
2450.0000 2163.2957
2460.0000 1950.8023
2470.0000 2080.3277
2480.0000 2444.0347
2490.0000 2417.0489
2500.0000 2066.5771
2510.0000 1673.7323
2520.0000 2504.3022
2530.0000 2610.0194
2540.0000 2505.2697
2550.0000 2410.9795
2560.0000 2363.2600
2570.0000 2122.5626
2580.0000 2408.6236
2590.0000 2432.5465
2600.0000 2083.6389
2610.0000 1539.9611
2620.0000 2800.0000
2630.0000 2800.0000
2640.0000 1926.4832
2650.0000 2184.4825
2660.0000 2487.3326
2670.0000 2600.0002
2680.0000 2668.6960
2690.0000 2252.3481
2700.0000 1987.0347
2710.0000 2738.2232
2720.0000 1885.0136
2730.0000 1762.6676
2740.0000 2506.8390
2750.0000 2292.0335
2760.0000 2800.0000
2770.0000 2416.1321
2780.0000 2329.2424
2790.0000 2407.1645
2800.0000 1632.0402
2810.0000 1317.7003
2820.0000 2532.1384
2830.0000 2188.7658
2840.0000 1840.9608
2850.0000 2083.5784
2860.0000 2266.3165
2870.0000 1752.0198
2880.0000 2800.0000
2890.0000 1988.4111
2900.0000 2261.1646
2910.0000 2376.5614
2920.0000 2504.8045
2930.0000 2470.0346
2940.0000 2533.6492
2950.0000 1887.7006
2960.0000 1967.1514
2970.0000 1162.1664
2980.0000 2800.0000
2990.0000 2800.0000
3000.0000 2049.3775
3010.0000 1996.4412
3020.0000 2731.2186
3030.0000 2601.9114
3040.0000 2561.4648
3050.0000 1850.3568
3060.0000 2800.0000
3070.0000 2800.0000
3080.0000 2714.1582
3090.0000 2800.0000
3100.0000 2372.9801
3110.0000 2697.3027
3120.0000 2800.0000
3130.0000 2678.8345
3140.0000 2673.6488
3150.0000 2056.9298
3160.0000 2360.4825
3170.0000 2800.0000
3180.0000 2800.0000
3190.0000 2601.0993
3200.0000 2800.0000
3210.0000 2800.0000
3220.0000 2134.6162
3230.0000 2410.4949
