0.0000 0.0000
10.0000 2022.4881
20.0000 1919.7832
30.0000 1686.7740
40.0000 1526.3587
50.0000 1501.2831
60.0000 1440.8686
70.0000 1367.1335
80.0000 1320.0259
90.0000 1316.7177
100.0000 1300.9934
110.0000 1295.5644
120.0000 1390.8921
130.0000 1263.7589
140.0000 1566.5049
150.0000 1864.5389
160.0000 1826.4960
170.0000 1716.6682
180.0000 2067.0396
190.0000 2005.0521
200.0000 1412.5717
210.0000 1148.9696
220.0000 915.5850
230.0000 377.0537
240.0000 1449.2475
250.0000 1313.0503
260.0000 1878.3626
270.0000 2268.7506
280.0000 2432.1573
290.0000 2191.2290
300.0000 2309.1392
310.0000 1906.6009
320.0000 1718.2170
330.0000 1951.2889
340.0000 2541.9735
350.0000 2544.9198
360.0000 2277.1466
370.0000 2800.0000
380.0000 2730.5583
390.0000 2714.9259
400.0000 2634.6222
410.0000 2606.0406
420.0000 2316.7908
430.0000 2644.1227
440.0000 2450.9101
450.0000 2800.0000
460.0000 2800.0000
470.0000 2374.9323
480.0000 2480.1577
490.0000 1905.8531
500.0000 1597.7460
510.0000 2800.0000
520.0000 2800.0000
530.0000 2176.1535
540.0000 2037.0842
550.0000 2319.1984
560.0000 1608.6947
570.0000 801.0743
580.0000 2079.6266
590.0000 2177.2664
600.0000 2657.7031
610.0000 2800.0000
620.0000 2246.9024
630.0000 2573.5305
640.0000 2800.0000
650.0000 2501.3203
660.0000 1787.3431
670.0000 2766.6676
680.0000 2265.6240
690.0000 2171.5269
700.0000 1782.8217
710.0000 2152.8827
720.0000 2079.2755
730.0000 2800.0000
740.0000 2239.3866
750.0000 2800.0000
760.0000 2474.4380
770.0000 2526.9179
780.0000 2800.0000
790.0000 2800.0000
800.0000 2800.0000
810.0000 2786.4171
820.0000 2800.0000
830.0000 2515.5517
840.0000 2214.6636
850.0000 2800.0000
860.0000 2372.1468
870.0000 2592.2456
880.0000 2800.0000
890.0000 2506.7417
900.0000 2711.6347
910.0000 2718.0256
920.0000 2781.6192
930.0000 1509.1522
940.0000 1785.2406
950.0000 1603.2491
960.0000 2092.1477
970.0000 2393.4909
980.0000 2446.5568
990.0000 2242.9761
1000.0000 2521.8490
1010.0000 2561.8059
1020.0000 1594.5331
1030.0000 2156.9050
1040.0000 1496.4872
1050.0000 2613.2149
1060.0000 2800.0000
1070.0000 1787.4172
1080.0000 2800.0000
1090.0000 2507.3486
1100.0000 2800.0000
1110.0000 2800.0000
1120.0000 2800.0000
1130.0000 2800.0000
1140.0000 2800.0000
1150.0000 2800.0000
1160.0000 2800.0000
1170.0000 2800.0000
1180.0000 2621.8918
1190.0000 2800.0000
1200.0000 2621.9296
1210.0000 2185.2608
1220.0000 2727.6049
1230.0000 2623.8453
1240.0000 2594.6977
1250.0000 2800.0000
1260.0000 2138.5728
1270.0000 2800.0000
1280.0000 2800.0000
1290.0000 2800.0000
1300.0000 2800.0000
1310.0000 2686.5670
1320.0000 2038.7844
1330.0000 2538.0124
1340.0000 2800.0000
1350.0000 2800.0000
1360.0000 2800.0000
1370.0000 2551.1367
1380.0000 2627.3565
1390.0000 2800.0000
1400.0000 2800.0000
1410.0000 2790.8793
1420.0000 2764.5261
1430.0000 2800.0000
1440.0000 2384.7300
1450.0000 2658.2734
1460.0000 2800.0000
1470.0000 2341.5796
1480.0000 2419.5424
1490.0000 2325.2780
1500.0000 1671.8643
1510.0000 2397.4383
1520.0000 2260.4190
1530.0000 2800.0000
1540.0000 2578.3601
1550.0000 1959.3316
1560.0000 2215.4824
1570.0000 2418.6737
1580.0000 2667.0794
1590.0000 2055.5738
1600.0000 2800.0000
1610.0000 2800.0000
1620.0000 2597.7463
1630.0000 2783.8438
1640.0000 2800.0000
1650.0000 2800.0000
1660.0000 2661.7297
1670.0000 2381.2376
1680.0000 2124.0072
1690.0000 2800.0000
1700.0000 2669.0901
1710.0000 2371.5379
1720.0000 2364.9993
1730.0000 2040.9354
1740.0000 1843.2269
1750.0000 2800.0000
1760.0000 2414.1883
1770.0000 1552.9322
1780.0000 2373.3955
1790.0000 2790.0907
1800.0000 1670.5107
1810.0000 2211.6890
1820.0000 2800.0000
1830.0000 2800.0000
1840.0000 2800.0000
1850.0000 2658.0387
1860.0000 2800.0000
1870.0000 2728.2611
1880.0000 2679.8553
1890.0000 2440.3265
1900.0000 1734.6884
1910.0000 1602.0806
1920.0000 2047.4192
1930.0000 2652.5764
1940.0000 2775.8662
1950.0000 2436.5558
1960.0000 2800.0000
1970.0000 2096.1833
1980.0000 2132.5565
1990.0000 2483.3694
2000.0000 2451.9724
2010.0000 2004.6950
2020.0000 2655.5602
2030.0000 2800.0000
2040.0000 2661.0574
2050.0000 2800.0000
2060.0000 2265.6957
2070.0000 2609.0029
2080.0000 1852.0198
2090.0000 2467.5361
2100.0000 2778.1214
2110.0000 2789.1274
2120.0000 2437.2647
2130.0000 2739.0395
2140.0000 2007.0184
2150.0000 1675.3428
2160.0000 2753.3727
2170.0000 2622.6222
2180.0000 1977.7308
2190.0000 2222.2007
2200.0000 2070.0278
2210.0000 2800.0000
2220.0000 2800.0000
2230.0000 2325.6141
2240.0000 1942.0447
2250.0000 2492.4072
2260.0000 2696.2718
2270.0000 2702.3779
2280.0000 2254.8316
2290.0000 2638.3691
2300.0000 2424.5264
2310.0000 2440.3578
2320.0000 2800.0000
2330.0000 2651.7562
2340.0000 2414.0566
2350.0000 2553.2030
2360.0000 2470.5220
2370.0000 2664.9006
2380.0000 2676.3057
2390.0000 2567.6588
2400.0000 2147.4521
2410.0000 2237.6027
2420.0000 2800.0000
2430.0000 2460.8387
2440.0000 2800.0000
2450.0000 2800.0000
2460.0000 2527.9259
2470.0000 2369.5968
2480.0000 2538.6539
2490.0000 2593.6699
2500.0000 2434.0716
2510.0000 2635.5541
2520.0000 1781.4293
2530.0000 2259.0538
2540.0000 2574.6452
2550.0000 2430.6729
2560.0000 2607.8101
2570.0000 2124.7580
2580.0000 2007.7069
2590.0000 1851.0866
2600.0000 2573.5820
2610.0000 2630.7615
2620.0000 2332.9456
2630.0000 1933.1022
2640.0000 1572.4131
2650.0000 1434.9279
2660.0000 1743.5026
2670.0000 1609.4174
2680.0000 1427.9265
2690.0000 1822.3772
2700.0000 1703.4458
2710.0000 1679.2133
2720.0000 1167.9135
2730.0000 1416.2094
2740.0000 1615.3439
2750.0000 1687.5163
2760.0000 1666.8586
2770.0000 2369.4479
2780.0000 1212.2805
2790.0000 2239.8788
2800.0000 2318.5255
2810.0000 2406.1890
2820.0000 2363.1715
2830.0000 2281.8677
2840.0000 2696.8647
2850.0000 2561.2593
2860.0000 2347.6363
2870.0000 2632.8656
2880.0000 2674.5309
2890.0000 2605.1939
2900.0000 2563.0869
2910.0000 2338.8493
2920.0000 2329.8962
2930.0000 2395.1372
2940.0000 2800.0000
2950.0000 2372.4085
2960.0000 2145.3796
2970.0000 2268.4175
2980.0000 2535.7050
2990.0000 2032.2126
3000.0000 2694.4634
3010.0000 2196.8788
3020.0000 2800.0000
3030.0000 2372.5712
3040.0000 2795.7112
3050.0000 1900.2122
3060.0000 2273.4837
3070.0000 2005.5634
3080.0000 2336.7870
3090.0000 1699.3144
3100.0000 2800.0000
3110.0000 2038.4086
3120.0000 2531.0257
3130.0000 1876.4133
3140.0000 2054.1002
3150.0000 2601.1366
3160.0000 2366.5373
3170.0000 2539.0086
3180.0000 1908.5953
3190.0000 1968.9274
3200.0000 2156.3879
3210.0000 1447.1840
3220.0000 2066.1304
3230.0000 2119.4900
