-1007.7997860111063 8.671255540495165 -0.02918995748431561 0.023780351543844978
-998.1094034533016 8.671527404436366 -0.029054185128493552 0.023670094455743907
-988.4190208954969 8.671892511616765 -0.028919673411891337 0.023560855176888967
-978.7286383376922 8.672346313522258 -0.028786404804314002 0.023452619676861186
-969.0382557798875 8.672884409162329 -0.028654362100234494 0.023345374181972547
-959.3478732220829 8.673502544421229 -0.028523528411281585 0.02323910516941984
-949.6574906642782 8.67419661090182 -0.02839388715893648 0.02313379936159749
-939.9671081064735 8.674962644330487 -0.028265422067431212 0.02302944372056451
-930.2767255486688 8.675796822584802 -0.028138117156842314 0.02292602544266052
-920.5863429908641 8.676695463399625 -0.02801195673637361 0.022823531953266342
-910.8959604330594 8.67765502180162 -0.027886925397821963 0.02272195090170464
-901.2055778752547 8.678672087317082 -0.027763008009220252 0.022621270156276078
-891.51519531745 8.679743380993266 -0.02764018970865181 0.022521477799427043
-881.8248127596453 8.680865752269042 -0.02751845589823119 0.022422562123044817
-872.1344302018406 8.682036175726902 -0.027397792238245778 0.022324511623876133
-862.4440476440359 8.683251747754639 -0.02727818464145336 0.022227314999065644
-852.7536650862312 8.684509683141908 -0.027159619267530806 0.022130961141810297
-843.0632825285429 8.68580731163381 -0.02704208251767057 0.022035439137127747
-833.3728999707382 8.687142074461184 -0.02692556102931207 0.02194073825772788
-823.6825174129335 8.688511520864457 -0.026810041671024718 0.021846847960002136
-813.9921348551288 8.689913304626389 -0.026695511537510177 0.02175375788010378
-804.3017522973241 8.691345180626408 -0.02658195794474109 0.02166145783013393
-794.6113697395194 8.692805001427942 -0.026469368425223676 0.021569937794422935
-784.9209871817147 8.694290713908307 -0.02635773072338212 0.021479187925905897
-775.23060462391 8.695800355939445 -0.026247032791060824 0.02138919854258927
-765.5402220661053 8.697332053126422 -0.026137262783141185 0.02129996012410587
-755.8498395083006 8.698884015609522 -0.026028409053269502 0.02121146330835599
-746.159456950496 8.700454534934744 -0.02592046014969254 0.02112369888823175
-736.4690743926913 8.702041980996576 -0.025813404811197878 0.02103665780842263
-726.7786918348866 8.703644799056164 -0.025707231963155695 0.020950331162299638
-717.0883092770819 8.705261506837239 -0.025601930713659196 0.020864710188875858
-707.3979267192772 8.70689069170157 -0.02549749034976075 0.02077978626984138
-697.7075441614725 8.708531007905131 -0.025393900333800987 0.020695550926670286
-688.0171616036678 8.710181173935693 -0.025291150299828202 0.020611995817797817
-678.3267790458631 8.71183996993212 -0.02518923005010543 0.020529112735865634
-668.6363964880584 8.713506235185307 -0.025088129551702698 0.02044689360503334
-658.9460139303701 8.715178865720292 -0.024987838933173235 0.020365330478355304
-649.2556313725654 8.71685681195898 -0.024888348481304157 0.020284415535215258
-639.5652488147607 8.718539076462273 -0.024789648637957268 0.0202041410788315
-629.874866256956 8.720224711750834 -0.024691729996973808 0.020124499533811416
-620.1844836991513 8.721912818202894 -0.024594583301159018 0.020045483443768542
-610.4941011413466 8.723602542027756 -0.02449819943933734 0.01996708546899454
-600.8037185835419 8.725293073313422 -0.024402569443477407 0.019889298384185666
-591.1133360257372 8.726983644146628 -0.024307684485884745 0.01981211507622216
-581.4229534679325 8.728673526803574 -0.024213535876460687 0.01973552854199919
-571.7325709101278 8.730362032009507 -0.024120115060025288 0.019659531886307903
-562.0421883523231 8.732048507265324 -0.024027413613702798 0.019584118319765323
-552.3518057945184 8.733732335239255 -0.023935423244367714 0.01950928115679164
-542.6614232367137 8.73541293222177 -0.023844135786150106 0.019435013813633818
-532.971040678909 8.737089746641752 -0.02375354319799828 0.019361309806434156
-523.2806581211044 8.738762257642021 -0.023663637561297485 0.019288162749342596
-513.5902755632997 8.740429973712294 -0.02357441107754303 0.019215566352671753
-503.89989300549496 8.742092431377667 -0.023485856066066426 0.01914351442109347
-494.20951044769026 8.743749193940783 -0.023397964961813098 0.019072000851875742
-484.51912788988557 8.745399850275742 -0.023310730313170325 0.019001019633159064
-474.8287453321973 8.74704401367201 -0.02322414477984516 0.018930564842272013
-465.1383627743926 8.748681320726568 -0.023138201130784755 0.01886063064407998
-455.4479802165879 8.750311430282283 -0.023052892242153438 0.018791211289378676
-445.7575976587832 8.75193402241118 -0.02296821109534459 0.018722301113314754
-436.0672151009785 8.753548797440626 -0.022884150775041724 0.01865389453384515
-426.3768325431738 8.755155475020908 -0.022800704467321357 0.01858598605022935
-416.6864499853691 8.756753793232598 -0.02271786545779766 0.01851857024155433
-406.9960674275644 8.758343507732155 -0.02263562712980777 0.018451641765291727
-397.3056848697597 8.759924390934255 -0.02255398296263679 0.018385195355885932
-387.615302311955 8.761496231229394 -0.022472926529781407 0.018319225823372802
-377.9249197541503 8.763058832235336 -0.024471942173006977 0.018253728052027917
-368.2345371963456 8.76461201208107 -0.024376681680140944 0.018188696999043723
-358.54415463854093 8.766155602721911 -0.024282215455767087 0.01812412769323496
-348.85377208073623 8.767689449284497 -0.024188532514363523 0.018060015233771445
-339.16338952293154 8.769213409440422 -0.024095622098681383 0.017996354788937803
-329.47300696512684 8.770727352807343 -0.02400347367311939 0.017933141594919245
-319.78262440732215 8.772231160376387 -0.023912076917348993 0.01787037095461286
-310.09224184951745 8.773724723964758 -0.023821421720178166 0.0178080382364639
-300.40185929171275 8.775207945692475 -0.02373149817364302 0.017746138873326187
-290.7114767340245 8.776680737482222 -0.02364229656731804 0.01768466836134707
-281.0210941762198 8.778143020581384 -0.023553807382828404 0.01762362225887178
-271.3307116184151 8.779594725105103 -0.023466021288571476 0.017562996185377697
-261.6403290606104 8.781035789599759 -0.02337892913461701 0.017502785820423264
-251.9499465028057 8.782466160625772 -0.023292521947793892 0.017442986902622127
-242.259563945001 8.783885792358948 -0.02320679092694903 0.017383595228637465
-232.5691813871963 8.78529464620959 -0.02312172743837195 0.017324606652196827
-222.8787988293916 8.78669269045857 -0.023037323011378074 0.017266017083126972
-213.1884162715869 8.788079899909643 -0.02295356933404361 0.01720782248640819
-203.4980337137822 8.789456255557274 -0.022870458249086137 0.017150018881247786
-193.8076511559775 8.790821744269312 -0.02278798174988418 0.01709260234017204
-184.1172685981728 8.792176358483852 -0.022706131976630527 0.017035568988136525
-174.42688604036812 8.793520095919678 -0.02262490121261328 0.016978915001653976
-164.73650348256342 8.794852959299668 -0.02254428188061978 0.016922636607939717
-155.04612092475872 8.796174956086594 -0.022464266539458218 0.016866730084073883
-145.35573836695403 8.797486098230795 -0.02238484788059215 0.016811191756180295
-135.66535580914933 8.79878640192918 -0.022306018724883473 0.01675601799862141
-125.97497325134464 8.800075887395046 -0.02222777201943957 0.01670120523320918
-116.28459069353994 8.801354578638282 -0.022150100834560392 0.016646749928431313
-106.59420813585166 8.802622503255444 -0.022072998360782553 0.016592648598693232
-96.90382557804696 8.803879692229367 -0.02199645790601125 0.0165388978035716
-87.21344302024227 8.805126179737691 -0.02192047289275005 0.016485494147088716
-77.52306046243757 8.806362002970172 -0.02184503685540698 0.016432434276994597
-67.83267790463287 8.807587201954199 -0.021770143437687232 0.01637971488406587
-58.14229534682818 8.808801819388236 -0.021695786390064094 0.01632733270141776
-48.45191278902348 8.81000590048281 -0.02166897518568838 0.01627695007741243
-38.761530231218785 8.811199492808752 -0.021595325027969434 0.016225220369553227
-29.07114767341409 8.81238264615233 -0.02152219820786135 0.016173818499325848
-19.380765115609393 8.813555412377001 -0.021449588767662904 0.01612274135862938
-9.690382557804696 8.814717845291492 -0.021377490848104832 0.01607198587856667
0.0 8.815870000523917 -0.02130589868612126 0.016021549028826722
9.690382557804696 1.30237300892236 -0.0839357685323937 0.11078894425462663
19.380765115609393 1.7500133307541024 -0.08340303660524542 0.1100402878705634
29.07114767341409 2.0751691430624124 -0.08287755613753958 0.10930216752684185
38.761530231218785 2.34074443849451 -0.08235917437556668 0.10857435750951105
48.45191278902348 2.5690590539523424 -0.08184774290191371 0.10785663856766166
58.14229534682818 2.7711542012600168 -0.08134311748144862 0.10714879768279464
67.83267790463287 2.9534635964988123 -0.08084515791384703 0.10645062784801365
77.52306046243757 3.1201316885058654 -0.08035372789233848 0.10576192785655542
87.21344302012585 3.2740171710308594 -0.0802058764458169 0.10513128305830738
96.90382557793055 3.4171925720235734 -0.08514515451826177 0.10690957529820289
106.59420813573524 3.5512186240367045 -0.08463013246036241 0.1062297258594831
116.28459069353994 3.677306389439768 -0.08412175119955193 0.10555886485335478
125.97497325134464 3.7964186675597604 -0.08361987846762584 0.10489681132892609
135.66535580914933 3.909336381309812 -0.08344217249111342 0.10427560751310337
145.35573836695403 4.016703693172581 -0.08295058664502516 0.1036304074345577
155.04612092475872 4.11905963917655 -0.08246516777810853 0.10299350406376258
164.73650348256342 4.216860906080115 -0.08218251764198348 0.1023647349086389
174.42688604036812 4.3104986099571265 -0.08170763181800686 0.10174394173561903
184.1172685981728 4.400310903606712 -0.08123858477815325 0.10113097043040144
193.8076511559775 4.486592616125659 -0.08077526561346797 0.10052567086414539
203.4980337137822 4.5696027377214135 -0.08031756625606476 0.09992789676485882
213.1884162715869 4.64957031179 -0.07986538138794534 0.09933750559374607
222.8787988293916 4.726699130683926 -0.0794186083533237 0.0987543584262928
232.5691813871963 4.8011715198979426 -0.07897714707429836 0.09817831983787803
242.259563945001 4.8731514185367075 -0.07854089996972412 0.09760925779371302
251.9499465028057 4.962986434333083 -0.07810977187714215 0.0970470435429171
261.6403290606104 5.156872869685531 -0.07768366997763432 0.0964915515165499
271.33071161829866 5.334115015010662 -0.07726250372347995 0.09594265922943501
281.02109417610336 5.497000967121133 -0.07686494079960877 0.09540107151355177
290.71147673390806 5.647363766421877 -0.076453245157419 0.09486501705987138
300.40185929171275 5.7866997816691566 -0.07604622846984226 0.09433521255231796
310.09224184951745 5.916249811458431 -0.07564380855862798 0.09381154692714662
319.78262440732215 6.037056405254489 -0.07524590519415224 0.09329391176484696
329.47300696512684 6.1500054655041865 -0.07485244003746273 0.09278220121150739
339.16338952293154 6.25585713791568 -0.07446333658439026 0.09227631190297642
348.85377208073623 6.355269207048574 -0.0740785201116404 0.09177614289170495
358.54415463854093 6.4488151259674416 -0.073697917624784 0.09128159557615986
368.2345371963456 6.536998125301186 -0.07332145780806902 0.09079257363270356
377.9249197541503 6.620262405654156 -0.07294907097597896 0.09030898294983969
387.615302311955 6.699002125014333 -0.07258068902646764 0.08983073156472945
397.3056848697597 6.773568694870775 -0.07225158355169331 0.08935891469929241
406.9960674275644 6.844276762007466 -0.07189075263111115 0.08889106557393696
416.6864499853691 6.9114091567415645 -0.0715337351575627 0.08842829227499831
426.3768325431738 6.975221019575864 -0.0711804688433305 0.08797051083895414
436.0672151009785 7.035943268288885 -0.07083089277562624 0.08751763916461452
445.7575976587832 7.093785530723363 -0.07048494737848245 0.08706959696148489
455.4479802164715 7.148938641129703 -0.07086013474174846 0.08662630569984735
465.1383627742762 7.201576777258573 -0.07051600061007356 0.08618768856246346
474.82874533208087 7.2518592996271485 -0.07017540311381695 0.08575367039791373
484.51912788988557 7.29993234227372 -0.06983828599307719 0.08532417767540805
494.20951044769026 7.3459301948615305 -0.06950459420049103 0.08489913844108882
503.89989300549496 7.389976508612472 -0.06917427386831387 0.08447848227573924
513.5902755632997 7.432185352701589 -0.06943415082384599 0.08406214025384953
523.2806581211044 7.4726621430884075 -0.06910609581777385 0.08365004490399038
532.971040678909 7.511504462026261 -0.06878132058348321 0.08324213017044467
542.6614232367137 7.548802783474418 -0.06845977428894857 0.08283833137605177
552.3518057945184 7.584641117186311 -0.07054717415066547 0.08243858518621924
562.0421883523231 7.61909758224283 -0.07021418681808643 0.08204282957405944
571.7325709101278 7.652244919151675 -0.06988454226010914 0.08165100378661047
581.4229534679325 7.684150948271649 -0.06955818808549823 0.08126304831210181
591.1133360257372 7.7148789811891705 -0.06923507302828387 0.08087890484822755
600.8037185835419 7.74448819072985 -0.06891514691689354 0.08049851627139049
610.4941011413466 7.77303394449597 -0.06859836064432001 0.08012182660688345
620.1844836991513 7.80056810615397 -0.06828466613928383 0.07974878099997396
629.874866256956 7.827139308132174 -0.06797401633835198 0.07937932568786034
639.5652488146443 7.852793198910231 -0.06766636515897714 0.07901340797247385
649.255631372449 7.8775726676761755 -0.06736166747340087 0.0786509761940703
658.9460139302537 7.901518048772148 -0.06705987908344131 0.07829197970564965
668.6363964880584 7.9246673080616326 -0.06676095669605851 0.07793636884808759
678.3267790458631 7.9470562130830436 -0.06657564404645304 0.07758946389557017
688.0171616036678 7.9687184886390305 -0.0662815098055414 0.07724043953675427
697.7075441614725 7.989685959276471 -0.06599012886225948 0.07689465810139443
707.3979267192772 8.00998867994563 -0.06570146105393307 0.07655207363496516
717.0883092770819 8.02965505598174 -0.06541546701965628 0.07621264105740835
726.7786918348866 8.04871195342555 -0.06513210817988069 0.07587631614229724
736.4690743926913 8.067184800588548 -0.06485134671663925 0.07554305549659537
746.159456950496 8.085097681671337 -0.06457314555438178 0.0752128165409913
755.8498395083006 8.102473423158225 -0.06429746834139863 0.07488555749078887
765.5402220661053 8.119333673635875 -0.06402427943181216 0.07456123733733605
775.23060462391 8.135698977617409 -0.06375354386811473 0.07423981582997354
784.9209871817147 8.151588843894611 -0.06348522736423373 0.073921253458487
794.6113697395194 8.167021808888904 -0.06321929628910505 0.07360551143604649
804.3017522973241 8.182015495425446 -0.06295571765073643 0.07329255168261664
813.9921348551288 8.196586667313673 -0.06269445908074386 0.0729823368088235
823.6825174129335 8.210751280080974 -0.06243548881934387 0.07267483010026267
833.3728999706218 8.22452452817329 -0.06217877570078952 0.07236999550223847
843.0632825284265 8.23792088890842 -0.06192428913921563 0.07206779760489905
852.7536650862312 8.250954163438141 -0.061671999114925276 0.07176820162880866
862.4440476440359 8.263637514957596 -0.061421876161041535 0.07147117341087177
872.1344302018406 8.275983504373542 -0.061173891350557376 0.07117667939065139
881.8248127596453 8.288004123627527 -0.060928016283752134 0.07088468659704847
891.51519531745 8.299710826851936 -0.0606842230759651 0.07059516263533411
901.2055778752547 8.311114559521513 -0.06044248434571436 0.07030807567452409
910.8959604330594 8.322225785749142 -0.060202773203149325 0.07002339443508526
920.5863429908641 8.33305451386207 -0.05996506323882569 0.06974108817696316
930.2767255486688 8.343610320383386 -0.059729328512792515 0.06946112668792172
939.9671081064735 8.353902372533272 -0.0596213111186042 0.06919143149214411
949.6574906642782 8.363939449355179 -0.05948741290687547 0.06892145710071247
959.3478732220829 8.373729961563582 -0.059255807414987954 0.06864825568536428
969.0382557798875 8.383281970202235 -0.05902610191336496 0.0683772846772156
978.7286383376922 8.392603204194875 -0.05881607119032397 0.06810891229513798
988.4190208954969 8.401701076863803 -0.058589962048546024 0.0678423163396567
998.1094034533016 8.410582701486044 -0.05836568327887833 0.06757786891201402
