-668.6363964880584 8.981855752170848 0.0 0.0
-658.9460139302537 8.981855752170848 0.0 0.0
-649.255631372449 8.981855752170848 0.0 0.0
-639.5652488146443 8.981855752170848 0.0 0.0
-629.8748662568396 8.981855752170848 0.0 0.0
-620.1844836990349 8.981855752170848 0.0 0.0
-610.4941011412302 8.981855752170848 0.0 0.0
-600.8037185834255 8.981855752170848 0.0 0.0
-591.1133360256208 8.981855752170848 0.0 0.0
-581.4229534678161 8.981855752170848 0.0 0.0
-571.7325709101278 8.981855752170848 0.0 0.0
-562.0421883523231 8.981855752170848 0.0 0.0
-552.3518057945184 8.981855752170848 0.0 0.0
-542.6614232367137 8.981855752170848 0.0 0.0
-532.971040678909 8.981855752170848 0.0 0.0
-523.2806581211044 8.981855752170848 0.0 0.0
-513.5902755632997 8.981855752170848 0.0 0.0
-503.89989300549496 8.981855752170848 0.0 0.0
-494.20951044769026 8.981855752170848 0.0 0.0
-484.51912788988557 8.981855752170848 0.0 0.0
-474.82874533208087 8.981855752170848 0.0 0.0
-465.1383627742762 8.981855752170848 0.0 0.0
-455.4479802164715 8.981855752170848 0.0 0.0
-445.7575976586668 8.981855752170848 0.0 0.0
-436.0672151008621 8.981855752170848 0.0 0.0
-426.3768325430574 8.981855752170848 0.0 0.0
-416.6864499852527 8.981855752170848 0.0 0.0
-406.996067427448 8.981855752170848 -0.00012056289171387444 0.0
-397.3056848696433 8.981855752170848 -0.00011967604399925672 0.0
-387.615302311955 8.981855752170848 -0.00011880214812584105 0.0
-377.9249197541503 8.981855752170848 -0.00011794092242045303 0.0
-368.2345371963456 8.981855752170848 -0.00011709209331883563 0.0
-358.54415463854093 8.981855752170848 -0.00011625539507589114 0.0
-348.85377208073623 8.981855752170848 -0.00011543056948830884 0.0
-339.16338952293154 8.981855752170848 -0.00011461736562890704 0.0
-329.47300696512684 8.981855752170848 -0.00011381553959212575 0.0
-319.78262440732215 8.981855752170848 -0.0001130248542501281 0.0
-310.09224184951745 8.981855752170848 -0.00011224507901899761 0.0
-300.40185929171275 8.981855752170848 -0.00011147598963454765 0.0
-290.71147673390806 8.981855752170848 -0.0001107173679372847 0.0
-281.02109417610336 8.981855752170848 -0.00010996900166609271 0.0
-271.33071161829866 8.981855752170848 -0.00010923068426022843 0.0
-261.64032906049397 8.981855752170848 -0.00010850221466923983 0.0
-251.94994650268927 8.981855752170848 -0.0001077833971704402 0.0
-242.25956394488458 8.981855752170848 -0.00010707404119358963 0.0
-232.56918138707988 8.981855752170848 -0.00010637396115245453 0.0
-222.87879882927518 8.981855752170848 -0.0001056829762829317 0.0
-213.1884162714705 8.981855752170848 -0.00038855398370752877 0.0
-203.4980337136658 8.981855752170848 -0.00038578279964142056 0.0
-193.8076511559775 8.981855752170848 -0.00038305100997827746 0.0
-184.1172685981728 8.981855752170848 -0.0009164383925128506 0.0
-174.42688604036812 8.981855752170848 -0.0009098196749989709 0.0
-164.73650348256342 8.981855752170848 -0.0009032960811417158 0.0
-155.04612092475872 8.981855752170848 -0.0008968655710432038 0.0
-145.35573836695403 8.981855752170848 -0.0008905261628144039 0.0
-135.66535580914933 8.981855752170848 -0.0008842759305247161 0.0
-125.97497325134464 8.981855752170848 -0.0012396961898313084 0.0
-116.28459069353994 8.981855752170848 -0.0012309557839020086 0.0
-106.59420813573524 8.981855752170848 -0.0012223380298552167 0.0
-96.90382557793055 8.981855752170848 -0.0012138403589587645 0.0
-87.21344302012585 8.981855752170848 -0.001205460273838044 0.0
-77.52306046232115 8.981855752170848 -0.0011971953460114008 0.0
-67.83267790451646 8.981855752170848 -0.002654833427988048 0.0
-58.14229534671176 8.981855752170848 -0.002635961194850042 0.0
-48.451912788907066 8.981855752170848 -0.0031383573719812093 0.0
-38.76153023110237 8.981855752170848 -0.0031161852574819026 0.0
-29.071147673297673 8.981855752170848 -0.008680058324723412 0.002303616875828876
-19.380765115492977 8.981855752170848 -0.01290442445872032 0.002286688250998651
-9.690382557804696 8.981855752170848 -0.012811128182292774 0.002270006618385379
0.0 8.981855752170848 -0.012719172744555824 0.0022535666116337612
9.690382557804696 1.3302242388030843 -0.09518972833241857 0.06938676501688543
19.380765115609393 1.7516359699979587 -0.09449317318895142 0.0688769427584397
29.07114767341409 2.073414580278393 -0.09380674115637769 0.06837455793379357
38.761530231218785 2.341348959779152 -0.09313021308881662 0.06787944896822634
48.45191278902348 2.5740415771855165 -0.09246337612197994 0.06739145893366132
58.14229534682818 2.781274495364829 -0.0918060234496576 0.06691043538281655
67.83267790463287 2.9689580059116523 -0.09115795410968167 0.06643623019040842
77.52306046243757 3.1409934294623394 -0.09051897277890245 0.06596869940106093
87.21344302024227 3.300119967835834 -0.0898888895767378 0.06550770308359323
96.90382557804696 3.4483507502256296 -0.08926751987687935 0.06505310519137446
106.59420813585166 3.5872183266890376 -0.0886546841267637 0.06460477342845397
116.28459069365636 3.7179225371994145 -0.08805020767443748 0.06416257912118978
125.97497325146105 3.841424428439381 -0.08745392060246497 0.06372639709511367
135.66535580926575 3.9585085132973283 -0.08686565756854668 0.06329610555678554
145.35573836707044 4.069825528965119 -0.08628525765253434 0.06287158598040248
155.04612092487514 4.175922687138141 -0.08571256420954484 0.06245272299894105
164.73650348267984 4.277265623950685 -0.08514742472889128 0.06203940429962244
174.42688604036812 4.374254678968147 -0.08458969069857068 0.06163152052350679
184.1172685981728 4.467237200648626 -0.08403921747501537 0.06122896516899846
193.8076511559775 4.556517005466734 -0.083495864157968 0.06083163449915699
203.4980337137822 4.642361758070906 -0.08295949347011908 0.06043942745254609
213.1884162715869 4.725008806411065 -0.08245709727023706 0.06005224555753348
222.8787988293916 4.804669850725207 -0.0819340942579736 0.05966999284985952
232.5691813871963 4.881534719982632 -0.08141768556331938 0.059292575793334225
242.259563945001 4.955774456504697 -0.08090774722317269 0.05891990320352536
251.9499465028057 5.027543858145043 -0.08044004041247732 0.05855188617430676
261.6403290606104 5.112740305123111 -0.07994241876131701 0.058188438007142386
271.3307116184151 5.291936851017534 -0.07945091759428834 0.057829474142988196
281.0210941762198 5.456674608586328 -0.07896542465782601 0.05747491209669935
290.7114767340245 5.608784079491587 -0.07848583042733316 0.057124671393835875
300.40185929182917 5.749763667983649 -0.07807978118917182 0.056778673509765086
310.09224184963387 5.88085864590291 -0.07761116521012268 0.05643684181096411
319.78262440743856 6.003117238230336 -0.07714814228497349 0.05609910149842999
329.47300696524326 6.117431504303623 -0.07669061284878687 0.055765379553110006
339.16338952304795 6.224567808701107 -0.0762384796865286 0.05543560468326833
348.85377208085265 6.325189977438898 -0.07579164786412813 0.0551097072737093
358.54415463854093 6.419877197027549 -0.07535002466195853 0.054787619336785394
368.2345371963456 6.5091380590687375 -0.07491351951060488 0.05446927446509417
377.9249197541503 6.59342172829908 -0.07448204392890762 0.054154607785853015
387.615302311955 6.673126929667897 -0.07405551146408608 0.05384355591680853
397.3056848697597 6.748609258117369 -0.07363383763393537 0.05353605692367569
406.9960674275644 6.820187181760847 -0.0732169398709851 0.05323205027902342
416.6864499853691 6.888147015299182 -0.07280473746854599 0.05293147682255326
426.3768325431738 6.952747073208016 -0.07239715152857175 0.05263427872271625
436.0672151009785 7.014221163233479 -0.07199410491126418 0.05234039943961575
445.7575976587832 7.072781544580145 -0.07159552218635476 0.05204978368914634
455.4479802165879 7.128621448161793 -0.07120132958599715 0.05176237740832071
465.1383627743926 7.181917235867009 -0.07081145495920972 0.0514781277217393
474.8287453321973 7.232830260192589 -0.070425827727808 0.05119698290915853
484.519127890002 7.2815084735614155 -0.07004437884377122 0.05091889237411629
494.2095104478067 7.3280878272685 -0.06966704074798838 0.05064380661357439
503.8998930056114 7.372693492636768 -0.06929374733033199 0.0503716771885398
513.5902755634161 7.415440931134793 -0.06892443389101027 0.050102456695628114
523.2806581212208 7.456436835558382 -0.06855903710314994 0.04983609873953412
532.9710406790255 7.495779960641663 -0.06819749497656419 0.04957255790637605
542.6614232367137 7.533561858441344 -0.06783974682266665 0.04931178973788397
552.3518057945184 7.569867531381912 -0.06748573322046374 0.04905375070638354
562.0421883523231 7.604776013827384 -0.06713539598364991 0.0487983981905917
571.7325709101278 7.638360891404074 -0.06678867812868121 0.04854569045213393
581.4229534679325 7.670690765912157 -0.06644552384385534 0.04829558661280272
591.1133360257372 7.701829672533403 -0.06610587845933653 0.04804804663251233
600.8037185835419 7.7318374550869 -0.06576968841809634 0.04780303128792822
610.4941011413466 7.760770104285858 -0.06543690124773723 0.04756050215174689
620.1844836991513 7.788680063275209 -0.06510746553316844 0.04732042157260356
629.874866256956 7.815616504159832 -0.06478133089010363 0.047082752655585175
639.5652488147607 7.84162557874941 -0.06445844793935211 0.04684745924332779
649.2556313725654 7.866750646333373 -0.06413876828187554 0.04661450589767807
658.9460139303701 7.891032480946606 -0.06382224447458414 0.04638385788189915
668.6363964881748 7.914509460283838 -0.06350883000684678 0.04615548114340221
678.3267790459795 7.937217738159956 -0.06319847927769012 0.04592934229698574
688.0171616037842 7.959191402188477 -0.06289114757366412 0.0457054086085652
697.7075441615889 7.980462618155485 -0.06258679104735046 0.04548364797937625
707.3979267193936 8.001061762397153 -0.062285366696492754 0.04526402893063573
717.0883092771983 8.021017543341614 -0.061986832343727455 0.045046520588644966
726.778691835003 8.040357113247348 -0.061691146616895357 0.0448310926703204
736.4690743926913 8.05910617105752 -0.061398268929918114 0.04461771546914017
746.159456950496 8.077289057192589 -0.061108159464199605 0.04440635984147734
755.8498395083006 8.094928841012019 -0.06082077915058761 0.044196997193345036
765.5402220661053 8.112047401607459 -0.06053608965180781 0.04398959946748975
775.23060462391 8.128665502514357 -0.0602540533454065 0.043784139130858726
784.9209871817147 8.144802860874055 -0.059974633307164744 0.043580589162414515
794.6113697395194 8.160478211524044 -0.05969779329497257 0.043378923041288014
804.3017522973241 8.17570936644723 -0.05942349773314774 0.04317911473525861
813.9921348551288 8.190513269969394 -0.05915171169718559 0.04298113868955163
823.6825174129335 8.204906050056803 -0.05888240089892536 0.04278496981594227
833.3728999707382 8.218903066032714 -0.058615531672120684 0.04259058348215676
843.0632825285429 8.23251895300184 -0.05835107095840074 0.042397955501561085
852.7536650863476 8.24576766324529 -0.05808898629361003 0.04220706212312826
862.4440476441523 8.258662504824665 -0.057829245794515045 0.0420178800216755
872.134430201957 8.271216177612537 -0.057571818145866274 0.041830386288362685
881.8248127597617 8.283440806947384 -0.057316672587804415 0.04164455842144427
891.5151953175664 8.295347975093652 -0.05706377890360025 0.04146037431726637
901.2055778753711 8.306948750672023 -0.05681310740771795 0.041277812261501914
910.8959604331758 8.318253716210837 -0.05656462893419193 0.04109685092061633
920.5863429908641 8.329272993956762 -0.05631831482531037 0.040917469333558804
930.2767255486688 8.340016270072127 -0.05607413692057881 0.04073964690365957
939.9671081064735 8.35049281733316 -0.055832067545999065 0.04056336339075889
949.6574906642782 8.360711516438476 -0.055592079503595626 0.040388598903518286
959.3478732220829 8.370680876023876 -0.05535414606122576 0.040215333891940194
969.0382557798875 8.38040905147453 -0.055118240942647556 0.04004354914007738
978.7286383376922 8.389903862617494 -0.054884338317840876 0.039873225758928266
988.4190208954969 8.39917281037117 -0.05465241279357399 0.03970434517951289
998.1094034533016 8.40822309242235 -0.05442243940420855 0.03953688914612414
