-1007.7997860109899 9.574328886692028 -0.003370618426193688 0.009495738955767663
-998.1094034531852 9.57671029781643 -0.0033689215833995053 0.009429012263079855
-988.4190208953805 9.579061860728464 -0.0033671119497841683 0.009363268024963067
-978.7286383376922 9.581384225769966 -0.003365193355799284 0.009298484235766834
-969.0382557798875 9.583678016881736 -0.0033631695011235715 0.009234639547954488
-959.3478732220829 9.58594383336236 -0.0033610439597415026 0.009171713247592781
-949.6574906642782 9.588182251493334 -0.0033588201847964227 0.009109685230923464
-939.9671081064735 9.590393826040593 -0.0033565015132296515 0.00904853598197238
-930.2767255486688 9.592579091642286 -0.00335409117021615 0.008988246551138434
-920.5863429908641 9.594738564091573 -0.003351592273406786 0.008928798534713523
-910.8959604330594 9.596872741522683 -0.0033490078369867106 0.008870174055286468
-901.2055778752547 9.5989821055076 -0.0033463407755588174 0.008812355742986607
-891.51519531745 9.601067122070345 -0.003343593907860829 0.008755326717525538
-881.8248127596453 9.603128242625152 -0.0033407699603239757 0.008699070570997372
-872.1344302018406 9.605165904844345 -0.0033378715704809607 0.00864357135140059
-862.4440476440359 9.607180533461356 -0.003334901290230342 0.008588813546846165
-852.7536650862312 9.609172541013761 -0.0033318615889641936 0.008534782070419002
-843.0632825284265 9.611142328530955 -0.0035810811733183036 0.008481462245661193
-833.3728999706218 9.613090286170628 -0.003918414377868698 0.008428839792647542
-823.6825174128171 9.615016793807941 -0.003900169505963551 0.008376900814625299
-813.9921348550124 9.616922221581008 -0.0038826057565374147 0.008325631785191601
-804.3017522972077 9.618806930395916 -0.0038656716188115226 0.008275019535983481
-794.611369739403 9.620671272394397 -0.0038493205627365664 0.008225051244856719
-784.9209871817147 9.622515591386911 -0.0038335104610424057 0.008175714424531527
-775.23060462391 9.624340223253842 -0.0038182030894586398 0.008126996911680288
-765.5402220661053 9.62614549631691 -0.003803363693068167 0.008078886856445889
-755.8498395083006 9.627931731683448 -0.0037889606088220844 0.008031372712359664
-746.159456950496 9.629699243565188 -0.0037749649359307435 0.00798444322664964
-736.4690743926913 9.631448339573684 -0.00376135024720972 0.00793808743091823
-726.7786918348866 9.633179320993982 -0.0037480923355800977 0.007892294632173587
-717.0883092770819 9.634892483038236 -0.003735168990841715 0.007847054404199028
-707.3979267192772 9.636588115080695 -0.0037225598025969553 0.007802356579245762
-697.7075441614725 9.638266500875485 -0.003710245985831353 0.007758191240034841
-688.0171616036678 9.639927918758447 -0.003698210226180071 0.007714548712054958
-678.3267790458631 9.64157264183421 -0.003686436542345935 0.007671419556143438
-668.6363964880584 9.643200938149628 -0.0036749101635002164 0.0076287945613382705
-658.9460139302537 9.644813070854555 -0.003663617419804921 0.007586664737989745
-649.255631372449 9.646409298350962 -0.0036525456444544313 0.007545021311120689
-639.5652488146443 9.647989874431234 -0.0036416830858538095 0.00750385571402493
-629.8748662568396 9.649555048406505 -0.003631018828737187 0.007463159582094042
-620.1844836990349 9.651105065225766 -0.0036205427231880737 0.007422924746862898
-610.4941011412302 9.65264016558651 -0.0036102453206587034 0.007383143230265078
-600.8037185835419 9.654160586037474 -0.0036001178162013837 0.0073438072390899604
-591.1133360257372 9.655666559074342 -0.0035901519962232985 0.007304909159630497
-581.4229534679325 9.657158313228605 -0.0035803401911642333 0.007266441552520974
-571.7325709101278 9.658636073150513 -0.0035706752325661674 0.007228397147747804
-562.0421883523231 9.660100059686435 -0.003561150414071622 0.00719076883983337
-552.3518057945184 9.661550489951113 -0.003551759455940345 0.007153549683183306
-542.6614232367137 9.662987577395269 -0.0035424964727227234 0.0071167328875911765
-532.971040678909 9.66441153186903 -0.0035333559437699365 0.007080311813894387
-523.2806581211044 9.665822559681509 -0.003524332686297244 0.007044279969775411
-513.5902755632997 9.667220863656913 -0.0035154218307486755 0.007008631005702692
-503.89989300549496 9.66860664318758 -0.003506618798239208 0.0069733587110058035
-494.20951044769026 9.669980094284151 -0.003497919279874961 0.006938457010079727
-484.51912788988557 9.671341409623302 -0.0034893192177734927 0.006903919958713302
-474.82874533208087 9.672690778593218 -0.003480814787625106 0.0068697417405371285
-465.1383627742762 9.6740283873371 -0.0034724023826528815 0.006835916663586407
-455.4479802164715 9.67535441879497 -0.003464078598843815 0.006802439156974389
-445.7575976586668 9.676669052743923 -0.003455840221336526 0.006769303767672314
-436.0672151008621 9.677972465837122 -0.003447684211862611 0.006736505157391844
-426.3768325430574 9.679264831641639 -0.0034396076971489583 0.006704038099566245
-416.6864499853691 9.680546320675345 -0.0034316079581975857 0.006671897476427023
-406.9960674275644 9.681817100443089 -0.0034236824203670462 0.006640078276170249
-397.3056848697597 9.683077335472074 -0.0034158286441887268 0.006608575590214995
-387.615302311955 9.684327187346858 -0.003408044316854465 0.006577384610543022
-377.9249197541503 9.685566814743883 -0.0034003272443211253 0.006546500627122342
-368.2345371963456 9.686796373465715 -0.003392675343980876 0.006515919025409532
-358.54415463854093 9.688016016475077 -0.003385086637851356 0.006485635283928226
-348.85377208073623 9.689225893928752 -0.0033775592462438773 0.006455644971921184
-339.16338952293154 9.690426153211412 -0.0033720510133784425 0.00642605963723635
-329.47300696512684 9.691616938969505 -0.0033645903628442887 0.006396640245159224
-319.78262440732215 9.692798393145113 -0.0033571884692172567 0.006367501663400816
-310.09224184951745 9.693970655009984 -0.0033498436031910465 0.006338639790822533
-300.40185929171275 9.695133861199661 -0.0033683692038623176 0.006310683885392441
-290.71147673390806 9.69628814574777 -0.0033604740456289937 0.006282347271152357
-281.02109417610336 9.697433640120517 -0.0033526641048709643 0.006254276346887679
-271.33071161829866 9.698570473251335 -0.003344935583285318 0.006226467264744914
-261.64032906049397 9.6996987715758 -0.0033372849786478323 0.006198916255612657
-251.94994650268927 9.700818659066687 -0.003341170631418096 0.006171886386411444
-242.25956394488458 9.7019302572693 -0.003333369034967093 0.006144833598108781
-232.5691813871963 9.703033685336926 -0.0033256513757125923 0.006118028374094527
-222.8787988293916 9.704129060066622 -0.003326558360969153 0.006091718668585422
-213.1884162715869 9.705216495934975 -0.0033231354476411785 0.006065483533020313
-203.4980337137822 9.706296105134212 -0.0033153309443669106 0.006039391820840904
-193.8076511559775 9.707367997608374 -0.0033076126806763353 0.006013534485873673
-184.1172685981728 9.70843228108962 -0.003299976820188026 0.005987908263939341
-174.42688604036812 9.70948906113464 -0.0032924198182784454 0.005962509955953096
-164.73650348256342 9.710538441161157 -0.0032849383930667543 0.005937336425882667
-155.04612092475872 9.711580522484462 -0.0032775294999146344 0.005912384598830779
-145.35573836695403 9.712615404354 -0.0032887782719350444 0.005887975575006158
-135.66535580914933 9.713643183989939 -0.003281028724005235 0.005863449840123814
-125.97497325134464 9.714663956619711 -0.0032747834263081982 0.005839164629816607
-116.28459069353994 9.715677815514509 -0.003267170846404019 0.005815061811700563
-106.59420813573524 9.716684852025688 -0.0032596407919815076 0.0057911665723397125
-96.90382557793055 9.717685155621082 -0.003252189682064474 0.005767476141273193
-87.21344302012585 9.718678813921128 -0.003244814202694647 0.00574398780081867
-77.52306046232115 9.719665912734891 -0.0032375112808800234 0.0057206988845094325
-67.83267790451646 9.72064653609585 -0.003230278061640468 0.005697606775620362
-58.14229534671176 9.72162076629749 -0.0032231118877196485 0.005674708905773434
-48.45191278902348 9.72258868392861 -0.003216010281600559 0.005652002753615118
-38.761530231218785 9.723550367908475 -0.0032089709295175894 0.005629485843557198
-29.07114767341409 9.724505895521519 -0.003201991667206348 0.005607155744579201
-19.380765115609393 9.725455342451864 -0.0031950704671680273 0.0055850100690819264
-9.690382557804696 9.726398782817453 -0.0031882054272603755 0.005563046471791646
0.0 9.727336289203837 -0.003181394760452485 0.005541262648709476
9.690382557804696 6.9887554349815835 -0.08419946648301493 0.04872936654091518
19.380765115609393 7.119259614808416 -0.08212400688806687 0.04760469091368204
29.07114767341409 7.218884042721573 -0.08015160697753058 0.046535122599412025
38.761530231218785 7.301367225877257 -0.07920206407773708 0.04551665608452883
48.45191278902348 7.372569434820997 -0.0773899241658991 0.04454566566364038
58.14229534682818 7.43563578337574 -0.07566593983399691 0.04361892771112375
67.83267790463287 7.49248510193765 -0.07404048967300687 0.042751479988707694
77.52306046243757 7.544389563751413 -0.0737610425734029 0.04190387353000682
87.21344302024227 7.592243565368062 -0.07221813161054219 0.041092265821582576
96.90382557804696 7.636704017453654 -0.07074072880800077 0.04031437523678513
106.59420813585166 7.678270048491771 -0.06932473369446455 0.03956810951887872
116.28459069365636 7.717331320044264 -0.06796638136851213 0.03885154652324741
125.97497325146105 7.754198852092575 -0.06968728915780395 0.03987018959042561
135.66535580914933 7.789125522474785 -0.06859508648910898 0.03920147025043673
145.35573836695403 7.822320175638688 -0.06731066543020617 0.038521689338737154
155.04612092475872 7.853957617955497 -0.0660754165582534 0.03786736118845323
164.73650348256342 7.884185876054412 -0.06488654592533843 0.03723705047092707
174.42688604036812 7.913131581475812 -0.06374146855799692 0.03662942874457034
184.1172685981728 7.940904040598818 -0.06263778915349108 0.03604326461841668
193.8076511559775 7.967598361890504 -0.06228211387002579 0.035556951613995184
203.4980337137822 7.9932978942051855 -0.06123628790879197 0.035008285713286305
213.1884162715869 8.01807615293213 -0.06034662100822954 0.034487799501340365
222.8787988293916 8.041998359570018 -0.059368106362552873 0.03397468804206382
232.5691813871963 8.065122685474154 -0.058422272340611814 0.0334781593850415
242.259563945001 8.08750126637846 -0.0575074901458423 0.032997402285922045
251.9499465028057 8.109181037268895 -0.056622238431631174 0.032531658058384455
261.6403290606104 8.130204424989518 -0.05584196679847304 0.03208527112644156
271.3307116184151 8.15060992710174 -0.05500960773217878 0.03164733522453746
281.0210941762198 8.170432598994468 -0.05420287644372646 0.031222417896854766
290.7114767340245 8.189704466383235 -0.053420594016544636 0.030809931843592687
300.40185929182917 8.20845487667542 -0.05266165336057256 0.03040932489344603
310.09224184963387 8.226710799892109 -0.05194504785980378 0.030020442827743802
319.78262440743856 8.244497087695745 -0.05122921943723927 0.02964205598440588
329.47300696512684 8.26183669741224 -0.050533815852296084 0.029274078057981393
339.16338952293154 8.278750886639143 -0.04985796573340655 0.028916073507222268
348.85377208073623 8.295259383003904 -0.04922764860157817 0.02856882832284517
358.54415463854093 8.31138053283082 -0.048587794660878474 0.028229528163671094
368.2345371963456 8.327131431817888 -0.04796519658228491 0.02789903491970665
377.9249197541503 8.34252804030584 -0.047359157770412885 0.027577000237649876
387.615302311955 8.357585285295869 -0.046769018907244726 0.027263094072402162
397.3056848697597 8.372317151026866 -0.04619415546919434 0.0269570034938894
406.9960674275644 8.386736759639172 -0.04563397544234194 0.026658431586396313
416.6864499853691 8.400856443218014 -0.04508791721734317 0.026367096432112703
426.3768325431738 8.417341144145121 -0.04455544764750439 0.026082730171435788
436.0672151009785 8.444623381388178 -0.04403606025525893 0.025805078133321994
445.7575976587832 8.470832152677358 -0.043529273573813705 0.025533898029645872
455.4479802165879 8.496044755474028 -0.04303462961208824 0.025268959208115442
465.1383627743926 8.52033040286834 -0.04255169243226477 0.025010041958819586
474.8287453321973 8.543751338097486 -0.04208004683032708 0.02475693686995267
484.519127890002 8.56636375912363 -0.04161929711090747 0.02450944422868142
494.2095104478067 8.588218591136163 -0.04116906594859707 0.02426737346349454
503.8998930056114 8.609362136265029 -0.040728993328620726 0.024030542624711423
513.5902755632997 8.62983662339409 -0.04029873556044914 0.023798777900131986
523.2806581211044 8.649680676136715 -0.039877964358479026 0.02357191316306055
532.971040678909 8.66892971334409 -0.03946636598455469 0.02334978955023941
542.6614232367137 8.687616293679827 -0.039063640447401314 0.023132255067350505
552.3518057945184 8.705770413566986 -0.03866950075465146 0.02291916422003893
562.0421883523231 8.723419766072345 -0.03828367221342445 0.02271037766853303
571.7325709101278 8.740589966904787 -0.0379058917758024 0.022505761904116905
581.4229534679325 8.75730475259681 -0.03753197820128874 0.0223051889458553
591.1133360257372 8.773586155046635 -0.03716965067521581 0.022108536056103523
600.8037185835419 8.789454655877538 -0.036814640847482316 0.021915685473455633
610.4941011413466 8.80492932348568 -0.03646672687675433 0.021726524161893707
620.1844836991513 8.820027935170344 -0.03612569582253765 0.02154094357500032
629.874866256956 8.834767086350615 -0.03579134320320155 0.02135883943418738
639.5652488147607 8.84916228855238 -0.035463472579979435 0.021180111519976473
649.2556313725654 8.863228057586692 -0.03514189516520503 0.021004663475441616
658.9460139303701 8.876977993123612 -0.03482642945317039 0.020832402620993933
668.6363964881748 8.890424850686587 -0.03451690087210984 0.02066323977975021
678.3267790459795 8.903580606943661 -0.034213141455923614 0.020497089112785232
688.0171616037842 8.916456519048305 -0.03391498953435544 0.02033386796362013
697.7075441614725 8.929063178679337 -0.03362228944043496 0.02017349671134876
707.3979267192772 8.941410561343869 -0.03333489123405778 0.020015898631835498
717.0883092770819 8.953508071431463 -0.03305265044072804 0.019860999766498095
726.7786918348866 8.965364583451226 -0.032775427804439504 0.019708728798159485
736.4690743926913 8.976988479826339 -0.032503089053861144 0.019559016933553962
746.159456950496 8.988387685578903 -0.03223550468098184 0.019411797792064138
755.8498395083006 8.999569700198935 -0.031972549731450965 0.019267007300307604
765.5402220661053 9.01054162695855 -0.03171410360590118 0.019124583592216964
775.23060462391 9.021310199903967 -0.031521445171545245 0.01898635509672725
784.9209871817147 9.03188180873322 -0.03127007269563668 0.01884843855121777
794.6113697395194 9.04226252174601 -0.031022952684188143 0.018712718007010177
804.3017522973241 9.052458107033138 -0.03077997414326476 0.018579139341523988
813.9921348551288 9.06247405205636 -0.03054103016559958 0.018447650229347114
823.6825174129335 9.072315581754859 -0.03035783650487671 0.01831966100932876
833.3728999707382 9.081987675301546 -0.030125324772890292 0.018192163305556744
843.0632825285429 9.091495081620723 -0.029896616052505907 0.018066610108767978
852.7536650863476 9.100842333768501 -0.02967161291075745 0.01794295542896944
862.4440476441523 9.110033762268017 -0.029450221547467344 0.017821154746447576
872.134430201957 9.119073507483314 -0.029232351593869988 0.017701164952056623
881.8248127596453 9.127965531108174 -0.029017915928220464 0.017582944290540026
891.51519531745 9.136713626840308 -0.028811030598576086 0.01746651905341372
901.2055778752547 9.145321430303015 -0.028603105862441525 0.017351714817618064
910.8959604330594 9.153792428274697 -0.028398377359204162 0.017238562133623448
920.5863429908641 9.162129967278013 -0.02826949970219886 0.0171294122300996
930.2767255486688 9.170337261578165 -0.02806906627539304 0.017019391729097336
939.9671081064735 9.178417400635043 -0.027871702225875948 0.016910918575402615
949.6574906642782 9.18637335605036 -0.027673406737338143 0.016803958889872034
959.3478732220829 9.194207988047602 -0.027482057086094684 0.016698479804466326
969.0382557798875 9.20192405151946 -0.027293553264113153 0.01659444942310826
978.7286383376922 9.209524201674755 -0.027107828069409014 0.016491836784534534
988.4190208954969 9.217010999314176 -0.02692481666564218 0.016390611826998074
998.1094034533016 9.224386915762 -0.026744456454631593 0.01629074535469251
