-1007.7997860111063 10.05 0 0
-998.1094034533016 10.05 0 0
-988.4190208954969 10.05 0 0
-978.7286383376922 10.05 0 0
-969.0382557798875 10.05 0 0
-959.3478732220829 10.05 0 0
-949.6574906642782 10.05 0 0
-939.9671081064735 10.05 0 0
-930.2767255486688 10.05 0 0
-920.5863429909805 10.05 0 0
-910.8959604331758 10.05 0 0
-901.2055778753711 10.05 0 0
-891.5151953175664 10.05 0 0
-881.8248127597617 10.05 0 0
-872.134430201957 10.05 0 0
-862.4440476441523 10.05 0 0
-852.7536650863476 10.05 0 0
-843.0632825285429 10.05 0 0
-833.3728999707382 10.05 0 0
-823.6825174129335 10.05 0 0
-813.9921348551288 10.05 0 0
-804.3017522973241 10.05 0 0
-794.6113697395194 10.05 0 0
-784.9209871817147 10.05 0 0
-775.23060462391 10.05 0 0
-765.5402220661053 10.05 0 0
-755.8498395083006 10.05 0 0
-746.159456950496 10.05 0 0
-736.4690743928077 10.05 0 0
-726.778691835003 10.05 0 0
-717.0883092771983 10.05 0 0
-707.3979267193936 10.05 0 0
-697.7075441615889 10.05 0 0
-688.0171616037842 10.05 0 0
-678.3267790459795 10.05 0 0
-668.6363964881748 10.05 0 0
-658.9460139303701 10.05 0 0
-649.2556313725654 10.05 0 0
-639.5652488147607 10.05 0 0
-629.874866256956 10.05 0 0
-620.1844836991513 10.05 0 0
-610.4941011413466 10.05 0 0
-600.8037185835419 10.05 0 0
-591.1133360257372 10.05 0 0
-581.4229534679325 10.05 0 0
-571.7325709101278 10.05 0 0
-562.0421883523231 10.05 0 0
-552.3518057946349 10.05 0 0
-542.6614232368302 10.05 0 0
-532.9710406790255 10.05 0 0
-523.2806581212208 10.05 0 0
-513.5902755634161 10.05 0 0
-503.8998930056114 10.05 0 0
-494.2095104478067 10.05 0 0
-484.519127890002 10.05 0 0
-474.8287453321973 10.05 0 0
-465.1383627743926 10.05 0 0
-455.4479802165879 10.05 0 0
-445.7575976587832 10.05 0 0
-436.0672151009785 10.05 0 0
-426.3768325431738 10.05 0 0
-416.6864499853691 10.05 0 0
-406.9960674275644 10.05 0 0
-397.3056848697597 10.05 0 0
-387.615302311955 10.05 0 0
-377.9249197541503 10.05 0 0
-368.23453719646204 10.05 0 0
-358.54415463865735 10.05 0 0
-348.85377208085265 10.05 0 0
-339.16338952304795 10.05 0 0
-329.47300696524326 10.05 0 0
-319.78262440743856 10.05 0 0
-310.09224184963387 10.05 0 0
-300.40185929182917 10.05 0 0
-290.7114767340245 10.05 0 0
-281.0210941762198 10.05 0 0
-271.3307116184151 10.05 0 0
-261.6403290606104 10.05 0 0
-251.9499465028057 10.05 0 0
-242.259563945001 10.05 0 0
-232.5691813871963 10.05 0 0
-222.8787988293916 10.05 0 0
-213.1884162715869 10.05 0 0
-203.4980337137822 10.05 0 0
-193.8076511559775 10.05 0 0
-184.11726859828923 10.05 0 0
-174.42688604048453 10.05 0 0
-164.73650348267984 10.05 0 0
-155.04612092487514 10.05 0 0
-145.35573836707044 10.05 0 0
-135.66535580926575 10.05 0 0
-125.97497325146105 10.05 0 0
-116.28459069365636 10.05 0 0
-106.59420813585166 10.05 0 0
-96.90382557804696 10.05 0 0
-87.21344302024227 10.05 0 0
-77.52306046243757 10.05 0 0
-67.83267790463287 10.05 0 0
-58.14229534682818 10.05 0 0
-48.45191278902348 10.05 0 0
-38.761530231218785 10.05 0 0
-29.07114767341409 10.05 0 0
-19.380765115609393 10.05 0 0
-9.690382557804696 10.05 0 0
0.0 10.05 0 0
9.690382557688281 10.05 0 0
19.380765115492977 10.05 0 0
29.071147673297673 10.05 0 0
38.76153023110237 10.05 0 0
48.451912788907066 10.05 0 0
58.14229534671176 10.05 0 0
67.83267790451646 10.05 0 0
77.52306046232115 10.05 0 0
87.21344302012585 10.05 0 0
96.90382557793055 10.05 0 0
106.59420813573524 10.05 0 0
116.28459069353994 10.05 0 0
125.97497325134464 10.05 0 0
135.66535580914933 10.05 0 0
145.35573836695403 10.05 0 0
155.04612092475872 10.05 0 0
164.73650348256342 10.05 0 0
174.42688604036812 10.05 0 0
184.1172685981728 10.05 0 0
193.8076511558611 10.05 0 0
203.4980337136658 10.05 0 0
213.1884162714705 10.05 0 0
222.87879882927518 10.05 0 0
232.56918138707988 10.05 0 0
242.25956394488458 10.05 0 0
251.94994650268927 10.05 0 0
261.64032906049397 10.05 0 0
271.33071161829866 10.05 0 0
281.02109417610336 10.05 0 0
290.71147673390806 10.05 0 0
300.40185929171275 10.05 0 0
310.09224184951745 10.05 0 0
319.78262440732215 10.05 0 0
329.47300696512684 10.05 0 0
339.16338952293154 10.05 0 0
348.85377208073623 10.05 0 0
358.54415463854093 10.05 0 0
368.2345371963456 10.05 0 0
377.9249197540339 10.05 0 0
387.6153023118386 10.05 0 0
397.3056848696433 10.05 0 0
406.996067427448 10.05 0 0
416.6864499852527 10.05 0 0
426.3768325430574 10.05 0 0
436.0672151008621 10.05 0 0
445.7575976586668 10.05 0 0
455.4479802164715 10.05 0 0
465.1383627742762 10.05 0 0
474.82874533208087 10.05 0 0
484.51912788988557 10.05 0 0
494.20951044769026 10.05 0 0
503.89989300549496 10.05 0 0
513.5902755632997 10.05 0 0
523.2806581211044 10.05 0 0
532.971040678909 10.05 0 0
542.6614232367137 10.05 0 0
552.3518057945184 10.05 0 0
562.0421883522067 10.05 0 0
571.7325709100114 10.05 0 0
581.4229534678161 10.05 0 0
591.1133360256208 10.05 0 0
600.8037185834255 10.05 0 0
610.4941011412302 10.05 0 0
620.1844836990349 10.05 0 0
629.8748662568396 10.05 0 0
639.5652488146443 10.05 0 0
649.255631372449 10.05 0 0
658.9460139302537 10.05 0 0
668.6363964880584 10.05 0 0
678.3267790458631 10.05 0 0
688.0171616036678 10.05 0 0
697.7075441614725 10.05 0 0
707.3979267192772 10.05 0 0
717.0883092770819 10.05 0 0
726.7786918348866 10.05 0 0
736.4690743926913 10.05 0 0
746.159456950496 10.05 0 0
755.8498395081842 10.05 0 0
765.5402220659889 10.05 0 0
775.2306046237936 10.05 0 0
784.9209871815983 10.05 0 0
794.611369739403 10.05 0 0
804.3017522972077 10.05 0 0
813.9921348550124 10.05 0 0
823.6825174128171 10.05 0 0
833.3728999706218 10.05 0 0
843.0632825284265 10.05 0 0
852.7536650862312 10.05 0 0
862.4440476440359 10.05 0 0
872.1344302018406 10.05 0 0
881.8248127596453 10.05 0 0
891.51519531745 10.05 0 0
901.2055778752547 10.05 0 0
910.8959604330594 10.05 0 0
920.5863429908641 10.05 0 0
930.2767255486688 10.05 0 0
939.967108106357 10.05 0 0
949.6574906641617 10.05 0 0
959.3478732219664 10.05 0 0
969.0382557797711 10.05 0 0
978.7286383375758 10.05 0 0
988.4190208953805 10.05 0 0
998.1094034531852 10.05 0 0
