-1007.7997860111063 9.310173661541258 -0.011537733549292963 0.0126614205831631
-998.1094034533016 9.317271899860462 -0.011438615832172 0.012559255648153635
-988.4190208954969 9.324218822957697 -0.011341196499709728 0.012458727126608426
-978.7286383376922 9.331019337925614 -0.011245431977657594 0.012359795991419108
-969.0382557798875 9.337678151720237 -0.011151280181621922 0.01226242444750323
-959.3478732220829 9.34419978128712 -0.011058700453306897 0.01216657588353433
-949.6574906642782 9.35058856302304 -0.010967653500043622 0.01207221482592552
-939.9671081064735 9.356848661628284 -0.010878101337406462 0.01197930689494469
-930.2767255486688 9.362984078399345 -0.010790007234731596 0.01188781876284693
-920.5863429909805 9.368998659006916 -0.010703335663366566 0.011797718113917803
-910.8959604331758 9.374896100800486 -0.010618052247484158 0.011708973606320032
-901.2055778753711 9.380679959675387 -0.010534123717326677 0.011621554835664964
-891.5151953175664 9.386353656537342 -0.010451517864720159 0.01153543230019786
-881.8248127597617 9.391920483393845 -0.010370203500744003 0.011450577367529377
-872.134430201957 9.39738360910065 -0.010290150415427886 0.011366962242827666
-862.4440476441523 9.402746084788479 -0.010211329339363372 0.011284559938397725
-852.7536650863476 9.408010848992957 -0.010133711907123692 0.011203344244577928
-843.0632825285429 9.41318073250883 -0.01005727062239199 0.011123289701887541
-833.3728999707382 9.418258462987563 -0.009981978824704812 0.011044371574363004
-823.6825174129335 9.423246669295953 -0.009907810657723282 0.010966565824024058
-813.9921348551288 9.428147885651674 -0.009834741038949909 0.010889849086414298
-804.3017522973241 9.432964555550605 -0.009762745630814086 0.010814198647163703
-794.6113697395194 9.437699035499314 -0.00969180081305399 0.010739592419523629
-784.9209871817147 9.442353598565171 -0.009621883656326892 0.010666008922827538
-775.23060462391 9.446930437755421 -0.0095529718969842 0.010593427261833164
-765.5402220661053 9.451431669235756 -0.009485043912951055 0.010521827106904342
-755.8498395083006 9.455859335398026 -0.009418078700654118 0.010451188674992945
-746.159456950496 9.460215407786015 -0.009352055852944298 0.010381492711383373
-736.4690743928077 9.464501789887473 -0.009286955537965135 0.01031272047216515
-726.778691835003 9.468720319800362 -0.00922275847891501 0.010244853707394823
-717.0883092771983 9.47287277277955 -0.009159445934670314 0.010177874644928015
-707.3979267193936 9.47696086367159 -0.009096999681212048 0.010111765974874724
-697.7075441615889 9.480986249242887 -0.009035401993827926 0.010046510834661718
-688.0171616037842 9.484950530407183 -0.008974635630047903 0.009982092794670027
-678.3267790459795 9.48885525435761 -0.008914683813278609 0.009918495844422465
-668.6363964881748 9.492701916608212 -0.008855530217103297 0.009855704379296884
-658.9460139303701 9.496491962949511 -0.008797158950215706 0.009793703187741828
-649.2556313725654 9.500226791322401 -0.008739554541958084 0.009732477438972681
-639.5652488147607 9.503907753614397 -0.008682701928435033 0.009672012671127208
-629.874866256956 9.507536157381976 -0.008626586439176529 0.009612294779860782
-620.1844836991513 9.511113267502518 -0.008571193784324745 0.009553310007362164
-610.4941011413466 9.51464030775922 -0.00851651004232075 0.009495044931771996
-600.8037185835419 9.518118462362013 -0.008462521648068287 0.009437486456986815
-591.1133360257372 9.521548877407469 -0.008409215381553195 0.009380621802832298
-581.4229534679325 9.524932662280454 -0.008356578356897924 0.009324438495590219
-571.7325709101278 9.528270891000117 -0.008304598011831851 0.009268924358864394
-562.0421883523231 9.531564603512686 -0.008253262097558943 0.00921406750477145
-552.3518057946349 9.534814806933362 -0.008202558669005917 0.009159856325443772
-542.6614232368302 9.53802247673975 -0.008152476075430692 0.009106279484827846
-532.9710406790255 9.54118855791834 -0.008103002951384424 0.009053325910775685
-523.2806581212208 9.544313966066802 -0.00805412820800006 0.009000984787404553
-513.5902755634161 9.547399588453342 -0.00800584102460217 0.008949245547723833
-503.8998930056114 9.550446285035232 -0.007958130840621028 0.00889809786651443
-494.2095104478067 9.553454889438108 -0.007910987347798467 0.008847531653451366
-484.519127890002 9.55642620989764 -0.007864400482673404 0.008797537046459853
-474.8287453321973 9.559361030165231 -0.007818360419335254 0.008748104405295692
-465.1383627743926 9.562260110379023 -0.007772857562434145 0.008699224305341171
-455.4479802165879 9.56512418790181 -0.007826236386098313 0.008650887531608127
-445.7575976587832 9.56795397812707 -0.007779232872430167 0.008603085072940069
-436.0672151009785 9.570750175254423 -0.007732867699252499 0.008555808116405737
-426.3768325431738 9.573513453035739 -0.007687122628681595 0.008509048041876771
-416.6864499853691 9.576244465493112 -0.007641980535087552 0.00846279641678243
-406.9960674275644 9.578943847609704 -0.007597425292295414 0.008417044991034683
-397.3056848697597 9.581612215994614 -0.007553441675718703 0.008371785692117254
-387.615302311955 9.584250169522802 -0.007510015277105001 0.008327010620332429
-377.9249197541503 9.586858289950973 -0.007467132429979081 0.00828271204419979
-368.23453719646204 9.589437142510388 -0.0074247801441973465 0.00823888239600176
-358.54415463865735 9.59198727647769 -0.007382946048289507 0.00819551426746737
-348.85377208085265 9.594509225724067 -0.007341618338490634 0.00815260040559698
-339.16338952304795 9.59700350924431 -0.007300785733526401 0.00811013370861253
-329.47300696524326 9.599470631665998 -0.007260437434377854 0.008068107222036363
-319.78262440743856 9.6019110837398 -0.007220563088361891 0.008026514134891008
-310.09224184963387 9.604325342811604 -0.007181152756967049 0.007985347776016028
-300.40185929182917 9.606713873277117 -0.007142196886966766 0.007944601610497747
-290.7114767340245 9.60907712701967 -0.007103686284401878 0.007904269236207864
-281.0210941762198 9.61141554383186 -0.007065612091082209 0.007864344380447082
-271.3307116184151 9.613729551821597 -0.007027965763306224 0.007824820896690043
-261.6403290606104 9.616019567803232 -0.00699073905253907 0.007785692761428055
-251.9499465028057 9.618285997674258 -0.006953923987824317 0.007746954071106145
-242.259563945001 9.620529236778221 -0.006917512859734561 0.007708599039151222
-232.5691813871963 9.622749670254272 -0.00688149820569138 0.0076706219930881584
-222.8787988293916 9.624947673373924 -0.00684587279650677 0.007633017371740807
-213.1884162715869 9.627123611865533 -0.0068106296240168455 0.007595779722515006
-203.4980337137822 9.629277842226868 -0.006775761889694529 0.007558903698760825
-193.8076511559775 9.631410712026325 -0.006741262994141612 0.007522384057211355
-184.11726859828923 9.633522560193141 -0.006707126527373027 0.00748621565549586
-174.42688604048453 9.63561371729718 -0.006673346259813436 0.007450393449722281
-164.73650348267984 9.63768450581831 -0.006639916133943857 0.007414912492133145
-155.04612092487514 9.63973524040629 -0.006606830256529425 0.007379767928823942
-145.35573836707044 9.641766228131106 -0.006574082891380558 0.007344954997528267
-135.66535580926575 9.643777768724306 -0.006541668452597041 0.007310469025464982
-125.97497325146105 9.645770154811645 -0.006583481566319358 0.007279780144940133
-116.28459069365636 9.647743672137334 -0.006549798564473943 0.00724584422710006
-106.59420813585166 9.649698599780281 -0.00651652963546734 0.007212226330274586
-96.90382557804696 9.651635210362507 -0.006483662549826344 0.007178921781421837
-87.21344302024227 9.653553770250188 -0.006451185892639086 0.007145926019633409
-77.52306046243757 9.655454539747444 -0.006419088977560028 0.007113234590489458
-67.83267790463287 9.657337773283292 -0.007198360956226535 0.007080843140990902
-58.14229534682818 9.659203719591888 -0.0071461520298620575 0.007048747414984238
-48.45191278902348 9.661052621886398 -0.007095338862236364 0.007016943249009121
-38.761530231218785 9.662884718026733 -0.007045836441541568 0.006985426568510621
-29.07114767341409 9.664700240681315 -0.0069975675045291655 0.006954193384367683
-19.380765115609393 9.666499417483173 -0.006950461646404527 0.006923239789697112
-9.690382557804696 9.668282471180525 -0.006904454551512282 0.006892561956898819
0.0 9.670049619782104 -0.006859487326074163 0.006862156134913301
9.690382557688281 6.888024475770177 -0.007368460860328766 0.042032929307297566
19.380765115492977 7.035375738843373 -0.008092718088219094 0.04115031436597348
29.071147673297673 7.142679301978313 -0.008017132689090285 0.040261538570726056
38.76153023110237 7.229811538239082 -0.007944046477118431 0.039414952925736095
48.451912788907066 7.304237160744203 -0.007873300884073233 0.038607557315722074
58.14229534671176 7.36972777654075 -0.010924323748190723 0.038973445912496366
67.83267790451646 7.428502684184988 -0.010777042223591417 0.03820707090353143
77.52306046232115 7.481997912465806 -0.010635783691534532 0.0374739234209011
87.21344302012585 7.531205507266047 -0.010586109047516928 0.036771835406587725
96.90382557793055 7.576844502486565 -0.010453511963689245 0.03609882439698602
106.59420813573524 7.6194555865888285 -0.010325919349105667 0.03545307404726663
116.28459069353994 7.659457359086084 -0.010203012638927663 0.03483291706013282
125.97497325134464 7.697181658332499 -0.010084500662087843 0.0342368201793397
135.66535580914933 7.732896753082585 -0.009970116728457516 0.03366337096213803
145.35573836695403 7.766823132926979 -0.009859616081787082 0.03311126608918853
155.04612092475872 7.799144593343069 -0.009752773665749677 0.032579301007264534
164.73650348256342 7.830016222540061 -0.009649382158934775 0.032066360730644713
174.42688604036812 7.859570286374459 -0.009549250241632612 0.031571411652631186
184.1172685981728 7.887920649891581 -0.009452201063019606 0.031093494240021047
193.8076511558611 7.915166156792526 -0.009358070882134776 0.030631716501351307
203.4980337136658 7.9413932519262564 -0.0093012803451058 0.030187442202748282
213.1884162714705 7.966678044099198 -0.00921166533904419 0.029755453614431045
222.87879882927518 7.991087948493473 -0.009124588834317339 0.029337281139473655
232.56918138707988 8.014683008790072 -0.009039925533967813 0.028932249876796982
242.25956394488458 8.037516972106795 -0.008957558673571337 0.02853972855402308
251.94994650268927 8.05963817092833 -0.008877379294370396 0.028159126049664848
261.64032906049397 8.081090252714343 -0.008799285590182596 0.02778988824308375
271.33071161829866 8.101912788112413 -0.008723182319421667 0.02743149515671104
281.02109417610336 8.122141781548292 -0.008648980274722077 0.02708345835935934
290.71147673390806 8.141810102654905 -0.008576595803639618 0.026745318603196042
300.40185929171275 8.160947853014163 -0.008505950374738705 0.02641664367019643
310.09224184951745 8.179582679659744 -0.00843697018409515 0.026097026406714588
319.78262440732215 8.19774004447033 -0.008422939741512593 0.025788416932364864
329.47300696512684 8.215443456789457 -0.008355713121061988 0.02548572492834195
339.16338952293154 8.23271467520973 -0.008290024133091522 0.02519100531653951
348.85377208073623 8.249573883359078 -0.008225809560863578 0.02490393446916671
358.54415463854093 8.266039843655971 -0.00816300990153457 0.024624206246379277
368.2345371963456 8.282130032305357 -0.00810156908367552 0.024351530826332023
377.9249197540339 8.29786075824881 -0.008250502228086445 0.02408563362808529
387.6153023118386 8.313247268332768 -0.008186293557919572 0.023826254318847738
397.3056848696433 8.328303840588047 -0.00812355865033066 0.02357314589798404
406.996067427448 8.343043867220711 -0.008062233540810785 0.023326073850882555
416.6864499852527 8.357479928661375 -0.008002258454830937 0.02308481536657928
426.3768325430574 8.373296919264611 -0.007943577435571897 0.022849158613579314
436.0672151008621 8.401744584637635 -0.008016713899532584 0.022618902068883912
445.7575976586668 8.429056207357371 -0.007957124617691507 0.022393853895712298
455.4479802164715 8.455315527326524 -0.007898848134642752 0.022173831365840217
465.1383627742762 8.480597274926744 -0.007841828616671969 0.021958660322863147
474.82874533208087 8.504968438499608 -0.00812473182653672 0.021748174683037556
484.51912788988557 8.528489311990718 -0.008061335469597489 0.021542215970663088
494.20951044769026 8.551214367719895 -0.007999488626372696 0.021340632885246298
503.89989300549496 8.573192988759326 -0.007939115893955557 0.02114328089793555
513.5902755632997 8.59447008763461 -0.007880147513316357 0.020950021874941393
523.2806581211044 8.615086632244083 -0.007822518802478758 0.020760723725858177
532.971040678909 8.635080095485847 -0.007766169660245165 0.020575260074985325
542.6614232367137 8.654484841714963 -0.007711044130125147 0.020393509953910347
552.3518057945184 8.6733324605565 -0.007657090015849868 0.02021535751376482
562.0421883522067 8.691652056580569 -0.007604258541263291 0.020040691755700602
571.7325709100114 8.709470501763644 -0.0075525040485274805 0.019869406278240968
581.4229534678161 8.726812656405084 -0.007501783729538521 0.019701399040315436
591.1133360256208 8.74370156317965 -0.00745205738620831 0.019536572138813886
600.8037185834255 8.76015861820092 -0.007626780309951842 0.019391187168075436
610.4941011412302 8.776203722330935 -0.007573164038597827 0.019232020735746435
620.1844836990349 8.791855415446381 -0.007520724874520709 0.01907578496115604
629.8748662568396 8.807130995944018 -0.007469409767571972 0.01892239496233776
639.5652488146443 8.822046627416281 -0.00741916944591731 0.018771769217559586
649.255631372449 8.836617434137189 -0.007369958049058058 0.018623829393618705
658.9460139302537 8.85085758675703 -0.007321732805465441 0.018478500185361443
668.6363964880584 8.864780379402664 -0.007274453748393199 0.018335709165468967
678.3267790458631 8.878398299211069 -0.007228083464497252 0.018195386643658315
688.0171616036678 8.891723089181603 -0.007182586870757734 0.018057465534541774
697.7075441614725 8.904765805112023 -0.007137931015909051 0.017921881233467253
707.3979267192772 8.917536867281557 -0.007094084903167983 0.01778857149973143
717.0883092770819 8.930046107457535 -0.007051019331533777 0.01765747634661686
726.7786918348866 8.942302811728291 -0.007008706753335842 0.01752853793775701
736.4690743926913 8.95431575960172 -0.006967121146039998 0.017401700489378266
746.159456950496 8.966093259754784 -0.006926237896605179 0.01727691017800891
755.8498395081842 8.977643182772432 -0.0068860336969191515 0.017154115053282105
765.5402220659889 8.988972991175244 -0.0068464864490380695 0.017033264955481426
775.2306046237936 9.000089766997405 -0.006807575179133656 0.016914311437536807
784.9209871815983 9.011000237151547 -0.006769279959178688 0.016797207691152713
794.611369739403 9.021710796785735 -0.006731581835540997 0.016681908476824943
804.3017522972077 9.032227530818329 -0.006694462763750802 0.01656837005749199
813.9921348550124 9.042556233815372 -0.006657905548799805 0.01645655013559589
823.6825174128171 9.052702428358065 -0.0066218937904073075 0.016346407793343187
833.3728999706218 9.0626713820325 -0.0065864118327557805 0.01623790343597177
843.0632825284265 9.072468123160496 -0.006551444718256078 0.016130998737843554
852.7536650862312 9.082097455378477 -0.0065169781449528775 0.016025656591195647
862.4440476440359 9.091563971160848 -0.0068410851138406455 0.01596243953341865
872.1344302018406 9.100872064375134 -0.007028647653264894 0.015879669034167997
881.8248127596453 9.110025941947756 -0.006980843186208505 0.015777271951446455
891.51519531745 9.119029634712103 -0.006934221523956056 0.015676376273406265
901.2055778752547 9.127887007503952 -0.006910836419705581 0.015577526857341732
910.8959604330594 9.136601768563388 -0.006865821830095834 0.015479508793668311
920.5863429908641 9.145177478297166 -0.006821839737373872 0.015382885537604482
930.2767255486688 9.153617557450742 -0.006778837906115419 0.015287623965039165
939.967108106357 9.161925294734806 -0.006736768218399172 0.015193692175958283
949.6574906641617 9.170103853948032 -0.0067104281632701344 0.015101392848149221
959.3478732219664 9.178156280632221 -0.006669714241431185 0.015010020965672177
969.0382557797711 9.18608550829639 -0.006654205144951685 0.014920496958620945
978.7286383375758 9.193894364239908 -0.006614483723477551 0.014831564150756147
988.4190208953805 9.201585575004511 -0.006575549947064922 0.014743818830542243
998.1094034531852 9.209161771481748 -0.006537369671112426 0.01465723505498975
