-1007.7997860111063 8.851422163652629 -0.009574551655605851 0.0009608908999132403
-998.1094034533016 8.852330443379346 -0.00954113693442218 0.0009570223898067683
-988.4190208954969 8.853229188840606 -0.009507968134699802 0.0009531856395325299
-978.7286383376922 8.854118517901775 -0.009475042415183457 0.0009493802535614829
-969.0382557798875 8.854998546617129 -0.009442356980236266 0.0009456058429697747
-959.3478732220829 8.855869389268506 -0.00940990907888614 0.0009418620253005725
-949.6574906642782 8.856731158403157 -0.009377696003897157 0.0009381484244293601
-939.9671081064735 8.857583964870768 -0.009345715090865169 0.0009344646704325885
-930.2767255486688 8.85842791785968 -0.009313963717336785 0.0009308103994596295
-920.5863429908641 8.859263124932323 -0.009282439301950985 0.0009271852536078568
-910.8959604330594 8.860089692059825 -0.009251139303602718 0.0009235888808008483
-901.2055778752547 8.860907723655842 -0.009220061220627766 0.0009200209346695574
-891.51519531745 8.86171732260962 -0.009189202590008213 0.0009164810744364147
-881.8248127596453 8.862518590318242 -0.009158560986597846 0.0009129689648022275
-872.1344302018406 8.863311626718147 -0.009128134022366998 0.0009094842758358428
-862.4440476441523 8.86409653031584 -0.00909791934566646 0.0009060266828665195
-852.7536650863476 8.864873398217915 -0.0090679146405078 0.0009025958663786768
-843.0632825285429 8.865642326160243 -0.009038117625864976 0.0008991915119095752
-833.3728999707382 8.866403408536511 -0.009008526054989455 0.0008958133099490446
-823.6825174129335 8.867156738425987 -0.008979137714743754 0.0008924609558417854
-813.9921348551288 8.867902407620585 -0.008949950424950769 0.0008891341496919565
-804.3017522973241 8.868640506651234 -0.008920962037758742 0.0008858325962699985
-794.6113697395194 8.869371124813537 -0.008892170437021457 0.0008825560049216686
-784.9209871817147 8.870094350192758 -0.008863573537693162 0.0008793040894791818
-775.23060462391 8.87081026968815 -0.008835169285237858 0.0008760765681744295
-765.5402220661053 8.871518969036606 -0.008806955655052514 0.0008728731635542266
-755.8498395083006 8.87222053283568 -0.008778930651903757 0.0008696936023974985
-746.159456950496 8.872915044565973 -0.008751092309377819 0.0008665376156343946
-736.4690743926913 8.873602586612884 -0.008723438689343112 0.0008634049382672387
-726.7786918348866 8.87428324028778 -0.008695967881425333 0.0008602953092933027
-717.0883092770819 8.874957085848546 -0.008668678002494596 0.0008572084716293336
-707.3979267192772 8.875624202519576 -0.008641567196164303 0.0008541441720377842
-697.7075441614725 8.876284668511168 -0.008614633632301418 0.0008511021610547206
-688.0171616036678 8.876938561038392 -0.00858787550654785 0.0008480821929193478
-678.3267790459795 8.877585956339388 -0.008561291039852936 0.0008450840255051573
-668.6363964881748 8.878226929693186 -0.008534878478014858 0.0008421074202524197
-658.9460139303701 8.878861555436917 -0.008508636091235432 0.0008391521421025561
-649.2556313725654 8.879489906982613 -0.008482562173681691 0.000836217959433581
-639.5652488147607 8.880112056833472 -0.008456655043058679 0.0008333046439971876
-629.874866256956 8.880728076599649 -0.008430913040191416 0.0008304119708571352
-620.1844836991513 8.881338037013586 -0.008405334528615988 0.0008275397183290303
-610.4941011413466 8.881942007944893 -0.008379917894179573 0.0008246876679213947
-600.8037185835419 8.882540058414774 -0.008360792756977998 0.0008224513477644093
-591.1133360257372 8.883132256610052 -0.00833564986684425 0.0008196346592816774
-581.4229534679325 8.883718669896746 -0.008310664804548352 0.0008168376005305035
-571.7325709101278 8.884299364833272 -0.008285836026881797 0.0008140599638189238
-562.0421883523231 8.884874407183231 -0.008334581699794197 0.0008141741720302479
-552.3518057945184 8.885443861927838 -0.008309520727116892 0.0008114136314760262
-542.6614232367137 8.88600779327796 -0.008284619424831047 0.0008086722161916492
-532.971040678909 8.88656626468581 -0.008259876159310727 0.0008059497232842215
-523.2806581211044 8.887119338856289 -0.008235289321312057 0.0008032459528060831
-513.5902755632997 8.887667077757998 -0.008241313559340218 0.0008016580993428059
-503.89989300549496 8.888209542633907 -0.00821680975940587 0.0007989830752039805
-494.2095104478067 8.888746794011727 -0.008192461003035105 0.0007963263097693039
-484.519127890002 8.889278891713985 -0.008191221863994473 0.0007946627685387309
-474.8287453321973 8.889805894867756 -0.008177492050699753 0.000792360246939963
-465.1383627743926 8.890327861914162 -0.008153355664659459 0.000789747659330182
-455.4479802165879 8.890844850617563 -0.008129371642453144 0.0007871527189271334
-445.7575976587832 8.891356918074493 -0.008105538411987112 0.0007845752421640803
-436.0672151009785 8.89186412072233 -0.008081854425424534 0.0007820150481142739
-426.3768325431738 8.892366514347717 -0.008058318158647531 0.0007794719584407765
-416.6864499853691 8.892864154094744 -0.008034928110735882 0.0007769457973475272
-406.9960674275644 8.893357094472888 -0.008050556542476371 0.0007753588867217152
-397.3056848697597 8.893845389364738 -0.008027168049403972 0.0007728592672265022
-387.615302311955 8.894329092033495 -0.00800718678009642 0.0007704651337745007
-377.9249197541503 8.89480825513025 -0.007984064897996428 0.0007679977229841492
-368.2345371963456 8.895282930701091 -0.00796108642194195 0.0007655465030067433
-358.54415463854093 8.895753170193984 -0.007938249886351431 0.0007631113100769993
-348.85377208073623 8.89621902446547 -0.007915553848268026 0.0007606919827236583
-339.16338952293154 8.896680543787197 -0.007892996886854485 0.0007582883617269191
-329.47300696512684 8.897137777852253 -0.007870577602903524 0.0007559002900769046
-319.78262440732215 8.897590775781358 -0.007848294618363156 0.0007535276129331209
-310.09224184963387 8.898039586128865 -0.007826146575876583 0.0007511701775849294
-300.40185929182917 8.898484256888645 -0.007804132138334522 0.0007488278334127872
-290.7114767340245 8.898924835499765 -0.00778224998844344 0.0007465004318507142
-281.0210941762198 8.899361368852082 -0.007760498828303831 0.0007441878263493305
-271.3307116184151 8.89979390329167 -0.007738877379002098 0.000741889872339905
-261.6403290606104 8.900222484626122 -0.0077173843802139045 0.0007396064271992007
-251.9499465028057 8.900647158129726 -0.008003231293257935 0.0007373373502151261
-242.259563945001 8.901067968548528 -0.007979731425728314 0.0007350825025531745
-232.5691813871963 8.901484960105279 -0.007956389345662422 0.0007328417472235985
-222.8787988293916 8.901898176504272 -0.00799494700037013 0.000730614949049357
-213.1884162715869 8.902307660936085 -0.007971458556283612 0.0007284019746347483
-203.4980337137822 8.902713456082216 -0.007956416557755976 0.0007263669621649309
-193.8076511559775 8.903115604119638 -0.007929053852711164 0.0007244205424200384
-184.1172685981728 8.903514146725264 -0.007931702835503745 0.0007222452967699389
-174.42688604036812 8.903909125080336 -0.007908620064972394 0.0007200834015968141
-164.73650348256342 8.904300579874734 -0.007885691790088805 0.0007179347310307032
-155.04612092475872 8.904688551311212 -0.00786291614494326 0.0007157991608356024
-145.35573836695403 8.905073079109583 -0.007840291299980163 0.0007136765683816165
-135.66535580914933 8.905454202510832 -0.007919463340313997 0.0007115668326177621
-125.97497325146105 8.905831960281164 -0.008056650386161221 0.0007094698340453436
-116.28459069365636 8.906206390716047 -0.008032550740035165 0.0007073854546918079
-106.59420813585166 8.906577531644135 -0.008008622845027074 0.000705313578085419
-96.90382557804696 8.906945420431216 -0.007984864432793832 0.0007032540892301995
-87.21344302024227 8.907310093984092 -0.00796127328314234 0.0007012068745815607
-77.52306046243757 8.907671588754429 -0.00793784722258784 0.0006991718220223975
-67.83267790463287 8.908029940742578 -0.009473777670647724 0.0006971488208397066
-58.14229534682818 8.908385185501375 -0.009439144936661793 0.0006951377617016835
-48.45191278902348 8.908737358139918 -0.011555121674382045 0.0012592429165442056
-38.761530231218785 8.90908649332732 -0.011505293155614372 0.0012530794365558334
-29.07114767341409 8.909432625296459 -0.011456013354341203 0.0012469887374726449
-19.380765115609393 8.909775787847703 -0.011407271807979263 0.0012409693814954253
-9.690382557804696 8.910116014352644 -0.011359058337228525 0.0012350199706018562
0.0 1.0198470378514877 -0.0067530368527071345 0.07652246818427863
9.690382557804696 1.559301471193657 -0.0067395213734571385 0.07596048033959739
19.380765115609393 1.9264649252941748 -0.006726011239156254 0.07540671488111068
29.07114767341409 2.2203289503612584 -0.006712508092959346 0.07486099243939764
38.761530231218785 2.470377040585909 -0.006699013504473633 0.07432313882712067
48.45191278902348 2.6902753616579362 -0.006729220961132147 0.07379408778513458
58.14229534682818 2.8877137853406767 -0.0067154266524702974 0.0732714609669752
67.83267790451646 3.0675402806033674 -0.006701649890679734 0.07275620980808734
77.52306046232115 3.2330512612768088 -0.006687891880045907 0.07224817906598478
87.21344302012585 3.3866129854262566 -0.006962444112697874 0.07178772609703395
96.90382557793055 3.5299948313403045 -0.006946600983928421 0.07129338889516741
106.59420813573524 3.664562767726542 -0.00693081102041457 0.07080583613458315
116.28459069353994 3.791398717325836 -0.006915074538184567 0.07032492891703557
125.97497325134464 3.9113778538047947 -0.006899391825953459 0.06985053211212193
135.66535580914933 4.0252206739154825 -0.006883763146420085 0.06938251423035413
145.35573836695403 4.13352924866256 -0.006868188737501101 0.06892074730132755
155.04612092475872 4.23681317163094 -0.00685266881350584 0.06846510675675006
164.73650348256342 4.335508580483574 -0.006837203566254507 0.06801547131810617
174.42688604036812 4.429992391817932 -0.0068217931661430885 0.06757172288874351
184.1172685981728 4.520593148401114 -0.006806437763157656 0.06713374645017994
193.8076511559775 4.607599418113099 -0.006791137487840522 0.06670142996243981
203.4980337137822 4.691266390317633 -0.006775892452211022 0.06627466426823797
213.1884162715869 4.771821122923357 -0.006760702750642828 0.06585334300083932
222.8787988293916 4.849466764303759 -0.006745568460700467 0.0654373624954304
232.5691813871963 4.9243859858461985 -0.006730489643936789 0.06502662170384782
242.259563945001 4.996743799233062 -0.0067154663466534315 0.06462102211251607
251.94994650268927 5.066689888806995 -0.0067004986006263725 0.06422046766345979
261.64032906049397 5.220229096099025 -0.006685586423797151 0.06382486467822801
271.33071161829866 5.390848245512613 -0.006670729820934247 0.06343412178467618
281.02109417610336 5.547896694224979 -0.006655928784262346 0.06304814984638982
290.71147673390806 5.693072180788168 -0.00664118329406404 0.06266686189470654
300.40185929171275 5.827768833379626 -0.0066264933192537855 0.06229017306319945
310.09224184951745 5.9531480849588245 -0.006611858817926166 0.061918000524522815
319.78262440732215 6.070189436989444 -0.006556181236739027 0.061550263429520774
329.47300696512684 6.179727702794349 -0.0065419615530001845 0.061186882848505576
339.16338952293154 6.282480917259173 -0.006527792691871461 0.06082778171461546
348.85377208073623 6.379071641912704 -0.0065136746708288696 0.060472884769166735
358.54415463854093 6.470043494282655 -0.006499607496094612 0.060122118508918514
368.2345371963456 6.555874157421863 -0.006485591163155195 0.05977541113517292
377.9249197541503 6.6369857508324746 -0.006471625657256893 0.05943269250463601
387.615302311955 6.713753193136144 -0.006457710953879361 0.05909389408196923
397.3056848697597 6.78651101523693 -0.006443847019188576 0.058758948893963804
406.9960674275644 6.855558963081549 -0.006430033810470206 0.05842779148527353
416.6864499853691 6.921166644250148 -0.0064162712765439885 0.05810035787564465
426.3768325431738 6.983577411450644 -0.006402559358160371 0.05777658551858411
436.0672151008621 7.04301163127835 -0.006388897988380063 0.05745641326141362
445.7575976586668 7.099669453489302 -0.00637528709293665 0.05713978130663322
455.4479802164715 7.153733171190855 -0.006361726590585104 0.056826631174600496
465.1383627742762 7.205369243552694 -0.006348216393433896 0.05651690566739961
474.82874533208087 7.254730038195461 -0.006334756407263841 0.056210548833910884
484.51912788988557 7.3019553392758665 -0.0063213465318330345 0.05590750593601319
494.20951044769026 7.347173658578187 -0.006307986661169046 0.055607723415879905
503.89989300549496 7.39050338007396 -0.006294676683848682 0.05531114886432742
513.5902755632997 7.432053762980081 -0.006521178476810523 0.055031574822074755
523.2806581211044 7.471925824006665 -0.0065061941327887 0.05474116100354529
532.971040678909 7.5102131159960885 -0.006491285370724334 0.054453806020658975
542.6614232367137 7.547002417329358 -0.006476451490159472 0.05416946172909907
552.3518057945184 7.582374344175104 -0.006461691802913401 0.05388808099035623
562.0421883523231 7.616403895771614 -0.006627012485629288 0.053618498158280854
571.7325709101278 7.649160941380191 -0.006611072506290447 0.053342841553066324
581.4229534679325 7.680710656263248 -0.006595224137791553 0.05307001382029186
591.1133360257372 7.711113912971797 -0.006579466314487021 0.052799971570376455
600.8037185835419 7.740427633333955 -0.006563797993481764 0.05253267229727372
610.4941011413466 7.768705105786608 -0.006548218153891854 0.052268074356085624
620.1844836990349 7.7959962720603935 -0.006532725796136583 0.0520061369413572
629.8748662568396 7.822347986696025 -0.006525488561119355 0.051746991278512795
639.5652488146443 7.8478042524092775 -0.006510107964585524 0.051490254489863545
649.255631372449 7.872406433946617 -0.006494812855627047 0.05123606065903257
658.9460139302537 7.896193452731045 -0.006803364614645764 0.051005585059922684
668.6363964880584 7.919201964320891 -0.006785850485721984 0.05075620851858793
678.3267790458631 7.941466520457596 -0.006768454024820804 0.050509266470026584
688.0171616036678 7.963019717267925 -0.006738074006348146 0.050264723378877454
697.7075441614725 7.9838923310034735 -0.006721004237095674 0.050022544398722404
707.3979267192772 8.004113442541765 -0.006704045905256123 0.04978269535545748
717.0883092770819 8.023710551735254 -0.006687197507325348 0.049545142731143604
726.7786918348866 8.042709682574104 -0.006670457574267885 0.04930985364832115
736.4690743926913 8.061135480023264 -0.006653824670407354 0.04907679585477236
746.159456950496 8.07901129930205 -0.00723683670837657 0.04889922853427073
755.8498395083006 8.096359288293126 -0.007216001670971858 0.04867014682250977
765.5402220661053 8.11320046369645 -0.007195334007132061 0.04844320897862118
775.23060462391 8.129554781480506 -0.007174831001902498 0.04821838498277434
784.9209871817147 8.145441202127433 -0.007154490009159957 0.047995645374004754
794.6113697395194 8.16087775111915 -0.007134308449297612 0.0477749612372439
804.3017522973241 8.175881575067754 -0.0071142838070048795 0.047556304190709275
813.9921348550124 8.190468993854157 -0.007090327129965451 0.047339646373645884
823.6825174128171 8.204655549105489 -0.007070639041376285 0.0471249604343925
833.3728999706218 8.218456049306962 -0.007051100251548968 0.046912219518800376
843.0632825284265 8.231884611822382 -0.007031708491410726 0.04670139725894247
852.7536650862312 8.244954702066433 -0.007037705215021921 0.04649297310393907
862.4440476440359 8.257679170053327 -0.007018414816072984 0.046285907216516826
872.1344302018406 8.270070284525147 -0.006999267681939038 0.04608068374465496
881.8248127596453 8.282139764845411 -0.006980261690862182 0.04587727815731181
891.51519531745 8.2938988108272 -0.006961394770475657 0.04567566635770705
901.2055778752547 8.30535813065053 -0.006932815436417768 0.045475824673738854
910.8959604330594 8.316527967010513 -0.0069142933290910575 0.045277729848654386
920.5863429908641 8.327418121625891 -0.006895903291302735 0.04508135903196549
930.2767255486688 8.338037978226746 -0.00687764345669825 0.04488668977060243
939.9671081064735 8.348396524130353 -0.006859512000517782 0.04469370000029798
949.6574906642782 8.358502370505336 -0.006841507138351492 0.04450236803719533
959.3478732220829 8.368363771416158 -0.0068236271249405315 0.044312672569672695
969.0382557798875 8.37798864173264 -0.006805870253021906 0.04412459265037826
978.7286383376922 8.387384573982555 -0.00681109618892688 0.04393854724558538
988.4190208954969 8.39655885421921 -0.006793412105507077 0.04375363375903071
998.1094034531852 8.405518476970297 -0.006775848725083677 0.04357027513506324
