-1007.7997860111063 9.620937678312552 -0.010926548190492765 0.01007556134046979
-998.1094034533016 9.620304637613598 -0.01084105815984311 0.010002753128846966
-988.4190208954969 9.619749246899811 -0.01075694315157594 0.009930990202954503
-978.7286383376922 9.619269316149522 -0.01067416856238337 0.009860250196378645
-969.0382557798875 9.618862683526375 -0.010592701022423255 0.009790511376932985
-959.3478732220829 9.61852721710379 -0.010512508335997863 0.009721752624305854
-949.6574906642782 9.618260816384533 -0.010433559425948853 0.00965395340864821
-939.9671081064735 9.618061413629624 -0.010355824281476191 0.009587093770056012
-930.2767255486688 9.61792697500996 -0.010279273909116284 0.009521154298903737
-920.5863429908641 9.61785550159342 -0.010203880286639488 0.009456116116988043
-910.8959604330594 9.617845030179486 -0.010129616319649048 0.009391960859442708
-901.2055778752547 9.617893633992717 -0.01005645580068331 0.009328670657388398
-891.51519531745 9.617999423245829 -0.009984373370640525 0.009266228121282393
-881.8248127596453 9.618160545582457 -0.009913344482361523 0.009204616324935598
-872.1344302018406 9.618375186409114 -0.009843345366219442 0.009143818790165771
-862.4440476440359 9.618641569125272 -0.009774352997578553 0.009083819472057521
-852.7536650862312 9.618957955259948 -0.009706345065995828 0.009024602744801252
-843.0632825284265 9.619322644522686 -0.009639299946048927 0.008966153388084645
-833.3728999706218 9.619733974776272 -0.009573196669683945 0.008908456574011623
-823.6825174129335 9.620190321938097 -0.009508014899985314 0.008851497854525754
-813.9921348551288 9.620690099816649 -0.009443734906272648 0.008795263149311502
-804.3017522973241 9.621231759889085 -0.009380337540452435 0.008739738734162136
-794.6113697395194 9.621813791025588 -0.009317804214531822 0.008684911229780346
-784.9209871817147 9.622434719165717 -0.009256116879234609 0.008630767591002602
-775.23060462391 9.623093106951618 -0.009195258003648418 0.008577295096424697
-765.5402220661053 9.623787553322671 -0.009135210555842618 0.008524481338411953
-755.8498395083006 9.624516693075778 -0.009075957984399762 0.008472314213477354
-746.159456950496 9.625279196395201 -0.00901748420080764 0.00842078191301191
-736.4690743926913 9.626073768355635 -0.00895977356266263 0.008369872914352433
-726.7786918348866 9.62689914840181 -0.008902810857638447 0.008319575972172179
-717.0883092770819 9.62775410980781 -0.008846581288177518 0.00826988011018113
-707.3979267192772 9.628637459118947 -0.008791070456865032 0.008220774613122686
-697.7075441614725 9.629548035578866 -0.008736264352448467 0.0081722490190547
-688.0171616036678 9.630484710544334 -0.008682149336467698 0.008124293111903031
-678.3267790458631 9.631446386889955 -0.008628712130463137 0.00807689691427641
-668.6363964880584 9.632431998404918 -0.00857593980373144 0.008030050680532088
-658.9460139302537 9.63344050918365 -0.008523819761600137 0.007983744890081926
-649.255631372449 9.634470913012137 -0.008472339734194492 0.007937970240929466
-639.5652488147607 9.635522232751503 -0.008421487765671965 0.007892717643429059
-629.874866256956 9.63659351972037 -0.008371252203897105 0.007847978214255152
-620.1844836991513 9.637683853077144 -0.008321621690543768 0.007803743270581305
-610.4941011413466 9.638792339203695 -0.00827258515159166 0.007760004324450136
-600.8037185835419 9.639918111091337 -0.008224131788206667 0.007716753077334618
-591.1133360257372 9.641060327730159 -0.008176251067982893 0.007673981414880113
-581.4229534679325 9.642218173502632 -0.008128932716529555 0.007631681401820707
-571.7325709101278 9.643390857582247 -0.008082166709386317 0.007589845277063107
-562.0421883523231 9.64457761333795 -0.00803594326425161 0.007548465448931679
-552.3518057945184 9.645777697744991 -0.007990252833509253 0.007507534490568546
-542.6614232367137 9.646990390802785 -0.007945086097039596 0.0074670451354827945
-532.971040678909 9.648214994960261 -0.007900433955302148 0.007426990273243267
-523.2806581211044 9.649450834549173 -0.007856287522677292 0.00738736294530947
-513.5902755632997 9.650697255225747 -0.007812638121055437 0.007348156340995519
-503.89989300549496 9.651953623421015 -0.007775311033290771 0.007309363793562183
-494.20951044769026 9.653219325800086 -0.007746405411642899 0.00727097877643226
-484.51912788988557 9.654493768730664 -0.007703699714657645 0.007232994899524839
-474.82874533208087 9.65577637776094 -0.007661482892646806 0.007195405905704017
-465.1383627742762 9.657066597107088 -0.007619745435274407 0.007158205667338034
-455.4479802164715 9.65836388915045 -0.00757847817383004 0.007121388182964725
-445.7575976587832 9.659667733944525 -0.00753767225693162 0.007084947574059992
-436.0672151009785 9.660977628731903 -0.0074973191290111695 0.007048878081902973
-426.3768325431738 9.662293087470973 -0.007457410511181268 0.007013174064540961
-416.6864499853691 9.663613640372713 -0.007417938384132219 0.006977829993841947
-406.9960674275644 9.66493883344737 -0.007378894972783813 0.006942840452638128
-397.3056848697597 9.666268228061035 -0.007340272732451265 0.006908200131954615
-387.615302311955 9.667601400502136 -0.007302064336326075 0.006873903828320853
-377.9249197541503 9.668937941557724 -0.007264262664103171 0.006839946441161817
-368.2345371963456 9.670277456099527 -0.007226860791611168 0.006806322970266302
-358.54415463854093 9.67161956267967 -0.00718985198132405 0.006773028513329596
-348.85377208073623 9.672963893135973 -0.007153229673650066 0.0067400582635680556
-339.16338952293154 9.674310092206712 -0.007116987478908631 0.00670740750740309
-329.47300696512684 9.675657817154741 -0.007081119169918371 0.006675071622212265
-319.78262440732215 9.677006737400847 -0.007045618675129831 0.006643046074145191
-310.09224184951745 9.678356534166205 -0.007010480072245402 0.006611326416002117
-300.40185929171275 9.679706900123804 -0.006975697582276383 0.006579908285173043
-290.71147673390806 9.681057539058697 -0.006941265563993507 0.0065487874016354475
-281.02109417610336 9.682408165536938 -0.0069071785087327755 0.006517959566008589
-271.33071161829866 9.683758504583036 -0.006873431035522999 0.006487420657662618
-261.6403290606104 9.6851082913658 -0.00684001788650603 0.0064571666328810005
-251.9499465028057 9.686457270892463 -0.00680693392262109 0.006427193523072393
-242.259563945001 9.687805197710723 -0.006774174119536228 0.006397497433035733
-232.5691813871963 9.689151835618858 -0.006741733563798315 0.006368074539269697
-222.8787988293916 9.690496957383518 -0.006709607449189407 0.006338921088330414
-213.1884162715869 9.691840344465108 -0.006677791073270735 0.006310033395233789
-203.4980337137822 9.693181786750616 -0.006646279834100132 0.006281407841901384
-193.8076511559775 9.69452108229371 -0.006615069227109877 0.006253040875648426
-184.1172685981728 9.69585803706195 -0.006584154842133082 0.006224929007712662
-174.42688604036812 9.697192464690959 -0.006553532360568086 0.006197068811822762
-164.73650348256342 9.698524186245386 -0.0065231975526712236 0.0061694569228050436
-155.04612092475872 9.699853029986517 -0.006493146274969273 0.0061420900352272935
-145.35573836695403 9.70117883114637 -0.006463374467783697 0.006114964902078606
-135.66535580914933 9.702501431708138 -0.006433878152859459 0.00608807833348403
-125.97497325134464 9.703820680192807 -0.006404653431091911 0.006061427195453063
-116.28459069353994 9.705136431451812 -0.006375696480345668 0.006035008408660882
-106.59420813573524 9.706448546465591 -0.00634700355336011 0.0060088189472613275
-96.90382557793055 9.707756892147875 -0.006318570975736335 0.0059828558377307325
-87.21344302012585 9.709061341155593 -0.0062903951440010175 0.005957116157741573
-77.52306046243757 9.710361771704216 -0.006262472523743202 0.005931597035065454
-67.83267790463287 9.711658067388514 -0.006234799647818086 0.005906295646502645
-58.14229534682818 9.712950117008338 -0.006207373114619194 0.005881209216841943
-48.45191278902348 9.714237814399636 -0.006180189586408814 0.005856335017843986
-38.761530231218785 9.715521058270296 -0.0061532457877086335 0.0058316703672517236
-29.07114767341409 9.716799752040833 -0.006126538503745633 0.0058072126278255615
-19.380765115609393 9.718073803689732 -0.006100064578950881 0.005782959206402668
-9.690382557804696 9.719343125603366 -0.006073820915508657 0.005758907552979799
0.0 1.3967161586683403 0.05894124322372006 0.08094141062792257
9.690382557804696 1.899108182864346 0.0572833473353821 0.07896944182557897
19.380765115609393 2.26417635860461 0.05571026657039557 0.07709606518020054
29.07114767341409 2.5630564003988203 0.054215720209276314 0.07531400766762888
38.761530231218785 2.8205589112091065 0.05083064364189176 0.07404477508101179
48.45191278902348 3.048889746271451 0.04952682965155379 0.07241531476716079
58.14229534682818 3.2551479570961774 0.04828355981688202 0.07085977723563133
67.83267790463287 3.443905880621841 0.047096764265312556 0.06937319731725766
77.52306046243757 3.618319916026959 0.045962729014252475 0.06795104550264874
87.21344302024227 3.7806816521372415 0.04442207475877223 0.0666570351492982
96.90382557804696 3.93271988802901 0.04339548609692745 0.06534990531623432
106.59420813573524 4.075778850341474 0.04241169561358533 0.06409587896568521
116.28459069353994 4.210929572710067 0.04121979697801145 0.06292361851086133
125.97497325134464 4.339042779273542 0.04024265935922514 0.061772601980509614
135.66535580914933 4.460838409953511 0.039380552960724055 0.0606586877751353
145.35573836695403 4.576920350592563 0.038551667831686454 0.05958652409047901
155.04612092475872 4.687801447846898 0.037754152616787086 0.058553778941751726
164.73650348256342 4.793921945556672 0.03698629033830646 0.05755829128831008
174.42688604036812 4.895663346954019 0.03624648645406232 0.05659805564099422
184.1172685981728 4.993359022026319 0.035533258163434514 0.05567120830383807
193.8076511559775 5.087302451244909 0.034708662235 0.05478247317790093
203.4980337137822 5.1777537216036835 0.03404804424396815 0.05391715232066638
213.1884162715869 5.264944709409684 0.03339438498759766 0.05308137508917975
222.8787988293916 5.349083261875984 0.03277811499217444 0.05227169868417824
232.5691813871963 5.43035660535911 0.03218220775980764 0.05148783736061513
242.259563945001 5.508934149085725 0.031605691740937254 0.05072855822506413
251.9499465028057 5.584969811192824 0.031047655772613134 0.04999270593442907
261.6403290606104 5.658603963525671 0.030507244481549976 0.04927919668683335
271.3307116184151 5.729965069369467 0.0299836540985436 0.04858701276298521
281.0210941762198 5.7991710717620135 0.02947612864223889 0.04791519756004932
290.71147673390806 5.866330577621638 0.028983956435030805 0.04726285106693911
300.40185929171275 5.931543873508793 0.028506466918026184 0.04662912573586141
310.09224184951745 5.99490380159984 0.02804302773579116 0.0460132227103069
319.78262440732215 6.05649651889077 0.02759304206462535 0.04541438837393804
329.47300696512684 6.116402158257707 0.02715594616114816 0.044831911189063496
339.16338952293154 6.1746954065857675 0.02673120711035501 0.0442651187966929
348.85377208073623 6.231446012450549 0.026270145192398824 0.043713375353263896
358.54415463854093 6.286719233664372 0.025869864258691175 0.043176079081803764
368.2345371963456 6.340576233252532 0.025480445250827388 0.04265266001764374
377.9249197541503 6.393074431011732 0.025088150246993454 0.04214257793088432
387.615302311955 6.4442678166529115 0.024719549046175963 0.041645320409647656
397.3056848697597 6.4942072295896764 0.024338966886181746 0.0411611352099245
406.9960674275644 6.542940609659083 0.02399022767360377 0.04068808527780444
416.6864499853691 6.590513222421427 0.023645229188043182 0.04022646119829352
426.3768325431738 6.636967862153526 0.023313676485450355 0.0397758576344936
436.0672151009785 6.682345035205952 0.022990382359282923 0.03933587715032123
445.7575976587832 6.750225160285321 0.022675051387685663 0.03890614129932502
455.4479802165879 6.834095612072141 0.022367401856754426 0.03848628950189447
465.1383627743926 6.914215425250824 0.022053944207472136 0.03807597800126559
474.82874533208087 6.990840324343253 0.02174925362033042 0.037674878891946754
484.51912788988557 7.064201626305644 0.02146370996509119 0.037282679214738726
494.20951044769026 7.1345092834361115 0.021184812447658432 0.03689908011314879
503.89989300549496 7.201954456785321 0.020912339472219016 0.03652379604630247
513.5902755632997 7.266711706107003 0.020646078991710105 0.03615655405404962
523.2806581211044 7.3289408642479055 0.02038582801177172 0.03579709307024376
532.971040678909 7.388788650019368 0.02005471761801705 0.0354451632805522
542.6614232367137 7.446390062922033 0.019807904271719395 0.03510052552146268
552.3518057945184 7.501869594796828 0.019518228378633984 0.03476295071743446
562.0421883523231 7.555342286966562 0.01928318801364141 0.03443221935339769
571.7325709101278 7.606914656286234 0.019053113752413926 0.03410812098003654
581.4229534679325 7.656685509420435 0.018827858690345315 0.03379045374950262
591.1133360257372 7.704746661377078 0.018607281228685213 0.03347902397939605
600.8037185835419 7.751183571670435 0.018350448464599125 0.0331736457430256
610.4941011413466 7.796075909327742 0.018139878236042864 0.032874140484117645
620.1844836991513 7.839498056189047 0.017933537377841733 0.03258033665428815
629.874866256956 7.881519556499523 0.017731307547604856 0.032292069371723166
639.5652488147607 7.922205519594886 0.017533074394821616 0.032009180099633716
649.2556313725654 7.961616981485335 0.017165361223127375 0.031740826148929376
658.9460139303701 7.9998112303129965 0.016979212449404195 0.03146800388122754
668.6363964880584 8.03684209996156 0.016796520312163932 0.031200130933178926
678.3267790458631 8.072760235514169 0.016617201122344348 0.030937070425652972
688.0171616036678 8.107613333751447 0.016370190082890784 0.030678690551712753
697.7075441614725 8.141446361477321 0.01619920088005433 0.030424864339726715
707.3979267192772 8.174301754087262 0.01603125302858955 0.030175469430113584
717.0883092770819 8.206219596497624 0.01586627718231252 0.029930387864729124
726.7786918348866 8.237237788289958 0.015704205294742906 0.029689505888015347
736.4690743926913 8.267392194699484 0.015544970685851095 0.02945271375910772
746.159456950496 8.296716784882811 0.015388508089809093 0.029219905574165574
755.8498395083006 8.3252437587321 0.015234753687126023 0.028990979098251643
765.5402220661053 8.353003663357109 0.015083645123955753 0.02876583560614221
775.23060462391 8.38002550022994 0.014935121520880893 0.02854437973149797
784.9209871817147 8.406336823876712 0.014789123473081799 0.02832651932387033
794.6113697395194 8.43196383290386 0.014645593043476407 0.028112165313057172
804.3017522973241 8.456931454062044 0.014504473750148815 0.027901231580359235
813.9921348551288 8.481263419976347 0.014365710549165914 0.02769363483631996
823.6825174129335 8.504982341105942 0.014229249813697623 0.027489294504562518
833.3728999707382 8.528109772438693 0.014095039310206494 0.027288132611364493
843.0632825285429 8.550666275375132 0.013963028172344924 0.02709007368063581
852.7536650862312 8.57267147521073 0.01383316687309589 0.02689504463399093
862.4440476440359 8.594144114587172 0.01370540719559355 0.026702974695610723
872.1344302018406 8.615102103242089 0.013579702203019338 0.026513795301658146
881.8248127596453 8.635562564364209 0.013456006207852634 0.026327440013947524
891.51519531745 8.65554187782326 0.013334274740758012 0.026143844437666024
901.2055778752547 8.675055720524233 0.013214464519313896 0.025962946142911593
910.8959604330594 8.694119104111024 0.013096533416762047 0.025784684589842198
920.5863429908641 8.712746410224462 0.01298647974849133 0.025609358111006238
930.2767255486688 8.730951423501454 0.012872027741554114 0.02543618633244084
939.9671081064735 8.748747362485554 0.012759343076906704 0.02526548078978854
949.6574906642782 8.766146908604501 0.012648387350617405 0.02509718778559012
959.3478732220829 8.783162233356908 0.012539123219980351 0.024931255189346198
969.0382557798875 8.79980502383829 0.012431514367929766 0.02476763238024716
978.7286383376922 8.81608650672567 0.01232552546900259 0.024606270192434443
988.4190208954969 8.832017470830202 0.01222112215673183 0.024447120862658888
998.1094034533016 8.847608288318293 0.012118270992370119 0.024290137980210572
