-1007.7997860111063 9.977538083990336 -0.00022356573563857258 0.0
-998.1094034533016 9.977538083990336 -0.0002219887860522401 0.0
-988.4190208954969 9.977538083990336 -0.00022043412152361532 0.0
-978.7286383376922 9.977538083990336 -0.00021890126846771068 0.0
-969.0382557798875 9.977538083990336 -0.0002173897667651437 0.0
-959.3478732220829 9.977538083990336 -0.00021589916928138793 0.0
-949.6574906642782 9.977538083990336 -0.00021442904140673481 0.0
-939.9671081064735 9.977538083990336 -0.00021297896061591885 0.0
-930.2767255486688 9.977538083990336 -0.00021154851604641986 0.0
-920.5863429908641 9.977538083990336 -0.0002101373080945118 0.0
-910.8959604330594 9.977538083990336 -0.00020874494802818242 0.0
-901.2055778752547 9.977538083990336 -0.0002073710576160962 0.0
-891.51519531745 9.977538083990336 -0.0002060152687718206 0.0
-881.8248127596453 9.977538083990336 -0.00020467722321258013 0.0
-872.134430201957 9.977538083990336 -0.00020335657213185754 0.0
-862.4440476441523 9.977538083990336 -0.000202052975885089 0.0
-852.7536650863476 9.977538083990336 -0.00020076610368807208 0.0
-843.0632825285429 9.977538083990336 -0.0001994956333271788 0.0
-833.3728999707382 9.977538083990336 -0.00019824125088105737 0.0
-823.6825174129335 9.977538083990336 -0.0001970026504532006 0.0
-813.9921348551288 9.977538083990336 -0.00019577953391489795 0.0
-804.3017522973241 9.977538083990336 -0.00019457161065809973 0.0
-794.6113697395194 9.977538083990336 -0.00019337859735774453 0.0
-784.9209871817147 9.977538083990336 -0.00019220021774312682 0.0
-775.23060462391 9.977538083990336 -0.0001988666261301745 0.0
-765.5402220661053 9.977538083990336 -0.0001975139195313846 0.0
-755.8498395083006 9.977538083990336 -0.0001961852966783394 0.0
-746.159456950496 9.977538083990336 -0.0001948797510852872 0.0
-736.4690743926913 9.977538083990336 -0.0001935963549996627 0.0
-726.7786918348866 9.977538083990336 -0.00019233425068967267 0.0
-717.0883092770819 9.977538083990336 -0.00019109264291203342 0.0
-707.3979267192772 9.977538083990336 -0.00018987079237544816 0.0
-697.7075441614725 9.977538083990336 -0.00018866801004771382 0.0
-688.0171616037842 9.977538083990336 -0.00018748365218044103 0.0
-678.3267790459795 9.977538083990336 -0.0001863171159464127 0.0
-668.6363964881748 9.977538083990336 -0.00018516783560213813 0.0
-658.9460139303701 9.977538083990336 -0.00018403527910177208 0.0
-649.2556313725654 9.977538083990336 -0.00018291894510066574 0.0
-639.5652488147607 9.977538083990336 -0.000181818360296095 0.0
-629.874866256956 9.977538083990336 -0.0001807330770607569 0.0
-620.1844836991513 9.977538083990336 -0.0001796626713312149 0.0
-610.4941011413466 9.977538083990336 -0.0001786067407190006 0.0
-600.8037185835419 9.977538083990336 -0.0001775649028167038 0.0
-591.1133360257372 9.977538083990336 -0.00017653679367527893 0.0
-581.4229534679325 9.977538083990336 -0.00017552206643208136 0.0
-571.7325709101278 9.977538083990336 -0.0001745203900719298 0.0
-562.0421883523231 9.977538083990336 -0.00017353144830585304 0.0
-552.3518057945184 9.977538083990336 -0.00017255493855419316 0.0
-542.6614232367137 9.977538083990336 -0.00017159057102245637 0.0
-532.971040678909 9.977538083990336 -0.00017063806785977515 0.0
-523.2806581211044 9.977538083990336 -0.00016969716239110974 0.0
-513.5902755632997 9.977538083990336 -0.00016876759841540748 0.0
-503.8998930056114 9.977538083990336 -0.00016784912956288863 0.0
-494.2095104478067 9.977538083990336 -0.0001669415187053643 0.0
-484.519127890002 9.977538083990336 -0.0001660445374144287 0.0
-474.8287453321973 9.977538083990336 -0.0001651579654625963 0.0
-465.1383627743926 9.977538083990336 -0.00016428159036337446 0.0
-455.4479802165879 9.977538083990336 -0.00016341520694649638 0.0
-445.7575976587832 9.977363348198022 -0.011984693145627133 0.0
-436.0672151009785 9.977355041373551 -0.011676978370270864 0.0
-426.3768325431738 9.977342458211162 -0.01138480072507144 0.0
-416.6864499853691 9.977327676937252 -0.011107010543907593 0.0
-406.9960674275644 9.977311157493753 -0.010842568892995895 0.0
-397.3056848697597 9.97729305583538 -0.010590534551656861 0.0
-387.615302311955 9.977273424242492 -0.010394290106118474 0.0
-377.9249197541503 9.977252269493171 -0.010163446102792689 0.0
-368.2345371963456 9.977229575243596 -0.009942724079129345 0.0
-358.54415463854093 9.977205312238972 -0.00973147124669951 0.0
-348.85377208073623 9.977179443558407 -0.009529089798343993 0.0
-339.16338952293154 9.977151927561833 -0.009335031237821046 0.0
-329.47300696512684 9.97712271967003 -0.009148791397128523 0.0
-319.78262440732215 9.97709177350745 -0.008969906046117488 0.0
-310.09224184963387 9.977059041676165 -0.008826825332442799 0.0
-300.40185929182917 9.977024476305337 -0.00869306118081732 4.772370326957144e-07
-290.7114767340245 9.976988029458216 -0.008532262992436307 4.648780521161773e-07
-281.0210941762198 9.976949653445045 -0.0083773663867261 4.5314303250379384e-07
-271.3307116184151 9.976909301071625 -0.008228051196649938 4.4198588493679345e-07
-261.6403290606104 9.976866925842325 -0.008156375093294716 4.313649505661062e-07
-251.9499465028057 9.976822482129723 -0.008015477434237223 4.212424808323611e-07
-242.259563945001 9.976775925319085 -0.00787942429689145 4.1158418918750725e-07
-232.5691813871963 9.976727211933133 -0.007769575060733189 4.023588631042769e-07
-222.8787988293916 9.976676299740983 -0.007641936723759774 3.935380271205344e-07
-213.1884162715869 9.976623147853985 -0.007518477168185023 3.85095649254371e-07
-203.4980337137822 9.976567716810397 -0.007398993115823084 3.770078844149398e-07
-193.8076511559775 9.97650996865034 -0.007283294343744554 3.6925284948090593e-07
-184.1172685981728 9.976449866982147 -0.007171202645079849 3.61810425579787e-07
-174.42688604036812 9.97638737704089 -0.00706255088845308 3.5466208380520796e-07
-164.73650348256342 9.976322465739772 -0.006957182165167392 3.4779073119392605e-07
-155.04612092475872 9.97625510171489 -0.006854949014632578 3.4118057426719856e-07
-145.35573836695403 9.976185255363845 -0.00675571271970141 3.3481699784328275e-07
-135.66535580914933 9.976112898878478 -0.006659342664592818 3.286864571635841e-07
-125.97497325146105 9.97603800627218 -0.006565715748955125 3.227763816569344e-07
-116.28459069365636 9.975960553401952 -0.006663459995056252 3.170750889024537e-07
-106.59420813585166 9.97588051798555 -0.00657018344832409 3.1157170755324203e-07
-96.90382557804696 9.975797879613916 -0.006479558201789433 3.062561081490876e-07
-87.21344302024227 9.97571261975918 -0.0063914690717239405 3.0111884089257877e-07
-77.52306046243757 9.975624721778384 -0.0063058077501889345 2.961510795855303e-07
-67.83267790463287 9.975534170913209 -0.006222472269217818 2.913445710234494e-07
-58.14229534682818 9.975440954285874 -0.006141366517847002 2.8669158924033917e-07
-48.45191278902348 9.975345060891426 -0.006062399805570989 2.821848940684678e-07
-38.761530231218785 9.975246481586623 -0.005985486466732789 2.778176935466217e-07
-29.07114767341409 9.975145209075578 -0.0059105455011381 2.735836097651854e-07
-19.380765115609393 9.975041237892396 -0.005837500246830504 2.69476647788325e-07
-9.690382557804696 9.97493456438097 -0.005766278081509898 2.6549116733366595e-07
0.0 7.037070251951109 -0.028611518779496657 0.03795850635753777
9.690382557804696 7.196189091318515 -0.02795420755919623 0.036981941769901785
19.380765115609393 7.307221098090283 -0.02732809641414347 0.036054365387650715
29.07114767341409 7.395759347549119 -0.02673095555371877 0.03517218124886832
38.761530231218785 7.470542256189035 -0.02616076545874562 0.03433213693301562
48.45191278902348 7.5358147297249936 -0.02561569251376585 0.03353128349249012
58.14229534671176 7.594018632361557 -0.025130464473490724 0.032766940864348754
67.83267790451646 7.64671061664147 -0.024629838313054767 0.03203666790718894
77.52306046232115 7.694954689793879 -0.024149793148697342 0.031338236357483666
87.21344302012585 7.73951591019732 -0.023689051147906707 0.030669608119824773
96.90382557793055 7.780966001347361 -0.023246439595301382 0.03002891540367716
106.59420813573524 7.819745379796006 -0.022820880223630376 0.029414443298862992
116.28459069353994 7.856201745639366 -0.02243002027191103 0.028824614447466926
125.97497325134464 7.890615224282878 -0.022035185287519254 0.028257975523679237
135.66535580914933 7.923215376946688 -0.021654669645977686 0.027713185277587156
145.35573836695403 7.954193078564342 -0.021287687535869473 0.02718900393584505
155.04612092475872 7.983709036685257 -0.020971152767422244 0.02668428378290455
164.73650348256342 8.011900043413322 -0.020628133346977995 0.02619796077219411
174.42688604036812 8.038883656243671 -0.020296662592904118 0.025729047038202904
184.1172685981728 8.06476176458174 -0.019976151450272414 0.025276624198577645
193.8076511559775 8.08962334967807 -0.019666050880884932 0.024839837350670434
203.4980337137822 8.113546650099883 -0.019365848489870482 0.024417889679962446
213.1884162715869 8.13660088196108 -0.0190750654899499 0.024010037608821946
222.8787988293916 8.158847620813434 -0.018793253964410565 0.02361558642345809
232.5691813871963 8.180341923050582 -0.018519994394903604 0.023233886324966466
242.25956394488458 8.201133244367425 -0.018254893424519476 0.022864328857251703
251.94994650268927 8.221266198386262 -0.017997581830297312 0.022506343670495796
261.64032906049397 8.240781188143645 -0.017747712682590667 0.022159395584027634
271.33071161829866 8.259714935525354 -0.017504959671360787 0.021822981916692
281.02109417610336 8.278100928087749 -0.017778752976199037 0.021496630056777925
290.71147673390806 8.295969798482629 -0.01753617581384668 0.021179895246773866
300.40185929171275 8.313349648499718 -0.017300506650926313 0.020872358561118295
310.09224184951745 8.330266327292414 -0.017071438983785006 0.020573625057610144
319.78262440732215 8.346743671461473 -0.01684868518503551 0.020283322085326082
329.47300696512684 8.362803713198812 -0.016631974982569495 0.020001097733801102
339.16338952293154 8.378466861537312 -0.01642105409314101 0.019726619409902172
348.85377208073623 8.393752060837956 -0.016215682991280737 0.019459572530294726
358.54415463854093 8.408676929916773 -0.016015635797153108 0.01919965931869426
368.2345371963456 8.423257884629667 -0.01582069926933063 0.01894659769823539
377.9249197541503 8.437510246261356 -0.015630671890427206 0.018700120270296442
387.615302311955 8.45144833768169 -0.015445363035179164 0.01845997337200783
397.3056848697597 8.465085568919767 -0.01526459221194951 0.018225916205460616
406.9960674275644 8.478434513549615 -0.015088188369802422 0.017997720032331393
416.6864499853691 8.49150697706938 -0.014915989264290741 0.017775167428260734
426.3768325431738 8.504314058280375 -0.014747840875948133 0.01755805159187663
436.0672151008621 8.51686620452607 -0.014583596876206762 0.017346175703849172
445.7575976586668 8.5291732615298 -0.014423118136072416 0.017139352331785894
455.4479802164715 8.547925736125375 -0.014266272273470043 0.01693740287722394
465.1383627742762 8.570925514244639 -0.014112933235570268 0.016740157061238322
474.82874533208087 8.59312194400115 -0.013962980912882597 0.01654745244559101
484.51912788988557 8.614567240505247 -0.013816300782212706 0.016359133986575066
494.20951044769026 8.635308629560775 -0.013672783575904205 0.01617505361898091
503.89989300549496 8.65538896551727 -0.013532324975054138 0.0159950698678385
513.5902755632997 8.674847255494466 -0.013394825324629388 0.015819047485795722
523.2806581211044 8.693719106709269 -0.013260189368621021 0.015646857114179666
532.971040678909 8.712037110214686 -0.013128326003558921 0.015478374965955654
542.6614232367137 8.729831171720797 -0.013146992619976204 0.015313482528951107
552.3518057945184 8.747128798113947 -0.01323593401684885 0.015152066287848981
562.0421883523231 8.763955346679195 -0.013102584741226286 0.014994017463580247
571.7325709101278 8.780334242757508 -0.012972144539815569 0.01483923176885824
581.4229534679325 8.796287170555637 -0.01298119873678404 0.014696575881243672
591.1133360257372 8.811834241014568 -0.012852742920196702 0.01454778965188819
600.8037185835419 8.826994139987553 -0.01272706872078584 0.014401989994651225
610.4941011413466 8.841784259447753 -0.012604072908156018 0.01425908757876287
620.1844836990349 8.85622081401222 -0.012483658285320994 0.014118996628983515
629.8748662568396 8.870318944714855 -0.01242773524066432 0.013984490944476867
639.5652488146443 8.884092811664708 -0.012310631626656184 0.013849706096421919
649.255631372449 8.897555676989384 -0.012324959084887292 0.013724900452339943
658.9460139302537 8.910719979255529 -0.01220926107122969 0.0135950069570788
668.6363964880584 8.923597400393108 -0.012095965985500081 0.013467556132003107
678.3267790458631 8.936198926007373 -0.011984986985849103 0.013342479236271878
688.0171616036678 8.948534899842976 -0.011876242226276352 0.013219710126953199
697.7075441614725 8.960615073063524 -0.01176965443724732 0.013099185132847623
707.3979267192772 8.9724486489238 -0.011665150552941327 0.012980842936170123
717.0883092770819 8.98404432333853 -0.011628277299357557 0.012874091355591836
726.7786918348866 8.995410321788578 -0.01152603198076404 0.012759693638509668
736.4690743926913 9.006554432951608 -0.011431230809035952 0.012647497584091382
746.159456950496 9.017484039397536 -0.011332724284812653 0.012537090093465899
755.8498395083006 9.028206145648921 -0.011467380645060221 0.012447263397028877
765.5402220661053 9.038727403871485 -0.011366628831973417 0.012340168115246998
775.23060462391 9.049054137429543 -0.01130103033061733 0.012236071054707136
784.9209871817147 9.059192362514775 -0.011203420447771647 0.012132586075911491
794.6113697395194 9.069147808033462 -0.011107735893612868 0.012030851611595823
804.3017522972077 9.078925933917011 -0.011013907429710916 0.011930822667472814
813.9921348550124 9.088531948003574 -0.010921869920761629 0.011832455857920298
823.6825174128171 9.097970821620503 -0.010831561978434618 0.011735709326657243
833.3728999706218 9.107247303987542 -0.01074292564561575 0.011640542672975075
843.0632825284265 9.116365935544517 -0.010655906115524888 0.011546916882984159
852.7536650862312 9.125331060298834 -0.010570451481039725 0.011454794265384432
862.4440476440359 9.13414683727781 -0.010486512510284022 0.01136413839134101
872.1344302018406 9.142817251162386 -0.010404042445132291 0.01127491403809657
881.8248127596453 9.151346122171395 -0.010322996819777188 0.011187087135997054
891.51519531745 9.159737115258633 -0.0102433332969181 0.011100624718644989
901.2055778752547 9.167993748679207 -0.010165011519474638 0.011015494875926925
910.8959604330594 9.176119401976143 -0.010361579007028025 0.010959218410504309
920.5863429908641 9.184117323433576 -0.010278878202033935 0.010875962217526383
930.2767255486688 9.191990637038437 -0.010197752898412713 0.010793983441527526
939.9671081064735 9.199742348988933 -0.010118144468167166 0.010713251464136705
949.6574906642782 9.207375353784414 -0.010039998055942962 0.010633736761685117
959.3478732220829 9.214892439928432 -0.009963262221705464 0.010555410844114023
969.0382557798875 9.222296295273742 -0.009867090840779398 0.010479060270871485
978.7286383376922 9.229589512035732 -0.009893098330720477 0.0104043186428974
988.4190208953805 9.236774591498262 -0.009818289011964675 0.010329344451040782
