-1007.7997860111063 11.193365114293462 -0.00817669913008136 0.00487974393707513
-998.1094034533016 11.193648045104124 -0.008143911725064441 0.00485859058414136
-988.4190208954969 11.193933706170489 -0.008111390247614252 0.0048376205961755524
-978.7286383376922 11.194221988576025 -0.008079131506946741 0.004816831585828936
-969.0382557798875 11.194512785921264 -0.008047132360779698 0.004796221207353374
-959.3478732220829 11.194805994288071 -0.008015389714529912 0.004775787155688218
-949.6574906642782 11.195101512203305 -0.007983900520519843 0.004755527165571561
-939.9671081064735 11.195399240601805 -0.007952661777194179 0.0047354390106750886
-930.2767255486688 11.19569908278889 -0.007921670528346476 0.004715520502761786
-920.5863429908641 11.196000944402375 -0.007890923862356186 0.004695769490865782
-910.8959604330594 11.196304733374197 -0.007860418911436204 0.004676183860493639
-901.2055778752547 11.196610359891798 -0.007830152850891114 0.004656761532846417
-891.51519531745 11.196917736359165 -0.007800122898386269 0.00463750046406189
-881.8248127596453 11.19722677735778 -0.007770326313227731 0.004618398644476248
-872.1344302018406 11.197537399607418 -0.00774076039565322 0.004599454097904751
-862.4440476440359 11.197849521926873 -0.007711422486134044 0.004580664880940705
-852.7536650862312 11.198163065194706 -0.007682309964688054 0.004562029082272242
-843.0632825284265 11.198477952310016 -0.007653420250203622 0.0045435448220163465
-833.3728999706218 11.198794108153338 -0.007624750799774605 0.004525210251069611
-823.6825174129335 11.199111459547613 -0.007596299108046622 0.0045070235504754775
-813.9921348551288 11.199429935219419 -0.007568062706572509 0.004488982930806109
-804.3017522973241 11.199749465760364 -0.007540039163182068 0.004471086631561777
-794.6113697395194 11.200069983588726 -0.00751222608135912 0.0044533329205828885
-784.9209871817147 11.200391422911414 -0.00748462109963098 0.0044357200934775
-775.23060462391 11.200713719686227 -0.0074572218909681595 0.004418246473062668
-765.5402220661053 11.201036811584421 -0.007430026162194555 0.004400910408819318
-755.8498395083006 11.201360637953682 -0.007403031653407996 0.00438371027636037
-746.159456950496 11.201685139781459 -0.0073762361374110534 0.004366644476911654
-736.4690743926913 11.202010259658698 -0.007349637419151996 0.004349711436805305
-726.7786918348866 11.202335941744 -0.007323233335175689 0.004332909606985232
-717.0883092770819 11.202662131728179 -0.007297021753084446 0.004316237462524397
-707.3979267192772 11.202988776799327 -0.007271000571008572 0.00429969350215349
-697.7075441614725 11.203315825608223 -0.007245167717086485 0.004283276247800723
-688.0171616036678 11.203643228234297 -0.00721952114895437 0.004266984244142454
-678.3267790458631 11.203970936151995 -0.00719405885324508 0.0042508160581642895
-668.6363964880584 11.204298902197605 -0.007168778845096263 0.004234770278732425
-658.9460139302537 11.204627080536575 -0.007143679167667496 0.004218845516174906
-649.255631372449 11.20495542663125 -0.007118757891666318 0.004203040401872572
-639.5652488147607 11.205283897209105 -0.0070940131148833 0.004187353587859577
-629.874866256956 11.205612450231422 -0.007069442961734237 0.004171783746432131
-620.1844836991513 11.20594104486241 -0.007045045582813754 0.004156329569768015
-610.4941011413466 11.206269641438764 -0.0070208191544542525 0.004140989769552887
-600.8037185835419 11.206598201439725 -0.006996761878294521 0.004125763076615959
-591.1133360257372 11.206926687457493 -0.006972871980856032 0.00411064824057369
-581.4229534679325 11.207255063168166 -0.0069491477131271824 0.004095644029481474
-571.7325709101278 11.207583293303035 -0.006925587350155206 0.00408074922949312
-562.0421883523231 11.207911343620351 -0.006902189190645726 0.004065962644527877
-552.3518057945184 11.20823918087751 -0.0068789515565697585 0.004051283095944872
-542.6614232367137 11.208566772803644 -0.006855872792778026 0.004036709422224724
-532.971040678909 11.20889408807266 -0.006832951266622476 0.004022240478658142
-523.2806581211044 11.209221096276655 -0.00681018536758483 0.004007875137041363
-513.5902755632997 11.209547767899817 -0.006787573506912077 0.003993612285378223
-503.89989300549496 11.209874074292681 -0.0067651141172587375 0.003979450827588712
-494.20951044769026 11.210199987646863 -0.006742805652335796 0.003965389683223819
-484.51912788988557 11.210525480970185 -0.006720646586566164 0.003951427787186556
-474.82874533208087 11.210850528062261 -0.006698635414746548 0.003937564089458935
-465.1383627742762 11.2111751034905 -0.006676770651715617 0.003923797554834838
-455.4479802165879 11.211499182566586 -0.006655050832028557 0.003910127162658692
-445.7575976587832 11.211822741323376 -0.006633474509636417 0.0038965519065689135
-436.0672151009785 11.212145756492289 -0.006612040257573946 0.0038830707942484138
-426.3768325431738 11.212468205481153 -0.006590746667650643 0.0038696828471787
-416.6864499853691 11.212790066352518 -0.006724308067252745 0.0038807675186957147
-406.9960674275644 11.213111317802532 -0.006701198244414089 0.0038672331373500834
-397.3056848697597 11.213431939140207 -0.006678280862862968 0.0038537978740174265
-387.615302311955 11.2137519102673 -0.006655552377471342 0.0038404604549134597
-377.9249197541503 11.214071211658654 -0.006633009375326789 0.003827219637007071
-368.2345371963456 11.2143898243431 -0.006610648568083087 0.0038140742066421437
-358.54415463854093 11.214707729884895 -0.006588466784876571 0.0038010229782522143
-348.85377208073623 11.215024910365711 -0.006566460965759064 0.0037880647931600475
-339.16338952293154 11.215341348367195 -0.00654462815560296 0.0037751985184551083
-329.47300696512684 11.21565702695406 -0.006522965498438504 0.0037624230459425184
-319.78262440732215 11.215971929657817 -0.00650147023218703 0.003749737291157682
-310.09224184951745 11.216286040461023 -0.006480139683757424 0.0037371401924413874
-300.40185929171275 11.216599343782157 -0.006458971264476199 0.003724630710070612
-290.71147673390806 11.216911824461066 -0.006437962465824188 0.003712207825440693
-281.02109417610336 11.217223467745011 -0.006417110855455532 0.003699870540294978
-271.3307116184151 11.21753425927529 -0.00639641407347689 0.003687617875998505
-261.6403290606104 11.217844185074501 -0.006375869828965221 0.003675448872851573
-251.9499465028057 11.218153231534314 -0.0063554758967094204 0.003663362589442452
-242.259563945001 11.218461385403902 -0.006335230114154005 0.003651358102033554
-232.5691813871963 11.218768633778929 -0.0063151303785332485 0.0036394345039807968
-222.8787988293916 11.21907496409111 -0.006295174644180221 0.003627590905183023
-213.1884162715869 11.219380364098336 -0.00627536091999813 0.003615826431559493
-203.4980337137822 11.219684821875369 -0.006255687267082217 0.003604140224553573
-193.8076511559775 11.219988325805089 -0.007628738964058827 0.003914339772774164
-184.1172685981728 11.220290864570254 -0.00759051258893688 0.003898456857560507
-174.42688604036812 11.220592427145833 -0.007552923043411481 0.0038827657928860683
-164.73650348256342 11.220893002791787 -0.007515948740510407 0.003867261194025397
-155.04612092475872 11.221192581046397 -0.007479569166346147 0.0038519379278526165
-145.35573836695403 11.221491151720045 -0.007443764812332752 0.0038367910971926922
-135.66535580914933 11.221788704889484 -0.007408517112516864 0.0038218160263498928
-125.97497325134464 11.222085230892514 -0.007373808385577151 0.003807008247710873
-116.28459069353994 11.222380720323118 -0.007339621781090316 0.0037923634893298384
-106.59420813573524 11.22267516402701 -0.007305941229700951 0.003777877663412363
-96.90382557793055 11.222968553097525 -0.007272751396867345 0.0037635468556223286
-87.21344302012585 11.223260878871947 -0.007240037639886513 0.0037493673151437427
-77.52306046243757 11.223552132928136 -0.007207785967929941 0.003735335445435721
-67.83267790463287 11.223842307081481 -0.007175983004843804 0.0037214477956234644
-58.14229534682818 11.224131393382217 -0.007144615954497838 0.003707701052476797
-48.45191278902348 11.224419384112938 -0.007113672568473621 0.003694092032926519
-38.761530231218785 11.224706271786477 -0.007083141115914666 0.0036806176770788996
-29.07114767341409 11.224992049143934 -0.007053010355368783 0.0036672750416888314
-19.380765115609393 11.225276709153027 -0.007023269508470559 0.003654061294056731
-9.690382557804696 11.225560245006568 -0.0069939082353246305 0.003640973706317126
0.0 11.225842650121155 -0.0069649166114624066 0.0036280096500896355
9.690382557804696 8.794978861751567 -0.047757425021019415 0.0344073945684407
19.380765115609393 8.96962625522232 -0.047178312988006864 0.033979166507155954
29.07114767341409 9.097219535961175 -0.046614210789918155 0.03356211877092306
38.761530231218785 9.19980802512453 -0.04742297018632692 0.0339686841789763
48.45191278902348 9.286335638242056 -0.046868594948247515 0.033561596669433785
58.14229534682818 9.361478294881916 -0.04632805915113978 0.03316474042916952
67.83267790463287 9.428040425580605 -0.04580084147024551 0.03277772896647064
77.52306046243757 9.487858179267713 -0.0452864465617654 0.03240019508314356
87.21344302024227 9.542209710920675 -0.04478440346180869 0.03203178968423932
96.90382557804696 9.592026056337097 -0.04429426410238441 0.03167218067485724
106.59420813573524 9.63800956841029 -0.043815601934573054 0.03132105193668657
116.28459069353994 9.680705058969435 -0.04334801064991731 0.03097810237761619
125.97497325134464 9.72054485071743 -0.042891102992030826 0.030643045048456295
135.66535580914933 9.757878552572473 -0.042444509650974946 0.030315606321228483
145.35573836695403 9.792993445012076 -0.042007878233829885 0.029995525124130562
155.04612092475872 9.826128855573664 -0.04158087230537032 0.029682552228644386
164.73650348256342 9.857486553756406 -0.04116317049334039 0.029376449584689428
174.42688604036812 9.887238430596742 -0.04075446565330692 0.029076989700085796
184.1172685981728 9.915532278207412 -0.040354464088511045 0.028783955060918128
193.8076511559775 9.942496210105906 -0.0399628848205365 0.028497137589689015
203.4980337137822 9.968242090537789 -0.03957945890697247 0.028216338138417587
213.1884162715869 9.99286822937562 -0.03920392880257405 0.027941366014081558
222.8787988293916 10.016461525092524 -0.03883604776071759 0.027672038534019505
232.5691813871963 10.039099187912237 -0.03847557927221552 0.02740818060910949
242.259563945001 10.060850140146481 -0.03812229653879617 0.027149624352719528
251.9499465028057 10.081776165780239 -0.03777598197877543 0.026896208713589626
261.6403290606104 10.101932863313248 -0.037436426762645365 0.026647779130953467
271.3307116184151 10.121370442630353 -0.03710343037648785 0.02640418721034313
281.0210941762198 10.14013439688266 -0.03677680021128647 0.02616529041864411
290.71147673390806 10.158266073084556 -0.03645635117636479 0.025930951797082005
300.40185929171275 10.175803159715233 -0.03614190533529015 0.025701039690906473
310.09224184951745 10.192780105576881 -0.035833291562788895 0.02547542749468965
319.78262440732215 10.209228481170474 -0.03553034522119894 0.02525399341214403
329.47300696512684 10.225177291609722 -0.035232907855226356 0.025036620229541805
339.16338952293154 10.240653248427321 -0.034940826903787754 0.02482319510182988
348.85377208073623 10.255681006359435 -0.03465395542783583 0.024613609350620635
358.54415463854093 10.270283370214228 -0.03437215185314272 0.02440775827329607
368.2345371963456 10.284481476149228 -0.03409527972709044 0.024205540962518226
377.9249197541503 10.302497543489713 -0.03382320748858587 0.02400686013548991
387.615302311955 10.321954284907251 -0.033555808250281156 0.023811621972356464
397.3056848697597 10.340687729100695 -0.03329295959233806 0.023619735963182602
406.9960674275644 10.3587448808136 -0.03303454336702793 0.02343111476297783
416.6864499853691 10.376168399781903 -0.03278044551350913 0.023245674054280848
426.3768325431738 10.392997117249879 -0.03253055588216779 0.023063332416846813
436.0672151009785 10.40926647875104 -0.032284768067951115 0.02288401120401277
445.7575976587832 10.425008924923663 -0.032042979252159716 0.022707634425345163
455.4479802165879 10.44025421983711 -0.03180509005220265 0.022534128635200122
465.1383627743926 10.455029734673037 -0.03157100437885087 0.022363422826851664
474.82874533208087 10.46936069341078 -0.031340629300558656 0.022195448331867828
484.51912788988557 10.483270386239143 -0.03111387491443177 0.02203013872442195
494.20951044769026 10.496780355636288 -0.030890654223504985 0.021867429730287772
503.89989300549496 10.509910559374848 -0.030670883019919666 0.021707259140215034
513.5902755632997 10.522679514071786 -0.030454479773711445 0.021549566727469452
523.2806581211044 10.535104422327487 -0.030241365526880715 0.02139429416929427
532.971040678909 10.547201285977616 -0.03003146379245799 0.02124138497207928
542.6614232367137 10.558985007526125 -0.029824700458291158 0.021090784400034528
552.3518057945184 10.570469481441359 -0.029621003695298864 0.020942439407178874
562.0421883523231 10.581667676677837 -0.02942030386994985 0.020796298572464653
571.7325709101278 10.592591711529034 -0.029222533460742727 0.020652312037871275
581.4229534679325 10.603252921713887 -0.029027626978474365 0.02051043144931016
591.1133360257372 10.613661922441995 -0.028835520890097763 0.02037060990019322
600.8037185835419 10.623828665081117 -0.028646153545982194 0.020232801877525842
610.4941011413466 10.633762488957348 -0.02845946511039941 0.020096963210393465
620.1844836991513 10.643472168746177 -0.028275397495070156 0.01996305102071866
629.874866256956 10.652965957856116 -0.028093894295614832 0.019831023676172767
639.5652488147607 10.662251628161448 -0.02791490073076122 0.01970084074513284
649.2556313725654 10.671336506403835 -0.027738363584170585 0.019572462953580998
658.9460139302537 10.680227507551358 -0.027564231148753702 0.01944585214385052
668.6363964880584 10.688931165377968 -0.027392453173340603 0.019320971235118202
678.3267790458631 10.697453660500537 -0.027222980811619522 0.01919778418557922
688.0171616036678 10.70580084609397 -0.027055766573192735 0.019076255956192514
697.7075441614725 10.713978271482151 -0.02689076427667752 0.01895635247594254
707.3979267192772 10.721991203787864 -0.02672792900474115 0.018838040608535552
717.0883092770819 10.729844647808422 -0.026567217060979566 0.018721288120462833
726.7786918348866 10.737543364269634 -0.026408585928552008 0.01860606365036616
736.4690743926913 10.745091886597509 -0.026251994230488723 0.018492336679643718
746.159456950496 10.752494536335265 -0.026097401691593154 0.018380077504238358
755.8498395083006 10.75975543732188 -0.025944769101864513 0.01826925720755297
765.5402220661053 10.766878528738554 -0.025794058281370266 0.018159847634440805
775.23060462391 10.77386757711999 -0.025645232046501758 0.018051821366221254
784.9209871817147 10.780726187419017 -0.02549825417755005 0.017945151696674173
794.6113697395194 10.787457813205197 -0.025353089387541914 0.017839812608968466
804.3017522973241 10.794065766071094 -0.02520970329227907 0.01773577875348242
813.9921348551288 10.80055322431332 -0.025068062381527038 0.017633025426476212
823.6825174129335 10.806923240949656 -0.02492813399130214 0.017531528549578346
833.3728999707382 10.813178751127964 -0.024789886277208326 0.01743126465005007
843.0632825284265 10.819322578977996 -0.02465328818877913 0.017332210841794708
852.7536650862312 10.825357443952862 -0.024518309444771274 0.017234344807072352
862.4440476440359 10.831285966701559 -0.024384920509392716 0.017137644778906738
872.1344302018406 10.837110674512784 -0.02425309256939274 0.017042089524131172
881.8248127596453 10.842834006364244 -0.024122797512001214 0.01694765832706345
891.51519531745 10.848458317610257 -0.02399400790367109 0.016854330973776064
901.2055778752547 10.853985884337003 -0.02386669696959192 0.016762087736937537
910.8959604330594 10.85941890741247 -0.02374083857394176 0.016670909361200893
920.5863429908641 10.864759516255678 -0.023616407200846748 0.01658077704911629
930.2767255486688 10.87000977234773 -0.023493377936018727 0.01649167244754605
939.9671081064735 10.875171672505303 -0.023371726449043024 0.016403577634561246
949.6574906642782 10.880247151935455 -0.02325142897628964 0.016316475106800024
959.3478732220829 10.885238087088947 -0.023132462304422292 0.016230347767268883
969.0382557798875 10.890146298327966 -0.023014803754481183 0.01614517891356872
978.7286383376922 10.894973552422634 -0.022898431166516093 0.016060952226528622
988.4190208954969 10.899721564889624 -0.02278332288474801 0.01597765175923098
998.1094034533016 10.904392002184988 -0.02266945774323786 0.015895261926412198
