-1007.7997860109899 8.981855752170846 -0.00023818079969526796 0.0
-998.1094034531852 8.981855752170846 -0.00023694618873752778 0.0
-988.4190208953805 8.981855752170846 -0.00023572595246311372 0.0
-978.7286383375758 8.981855752170846 -0.00023451981996245143 0.0
-969.0382557797711 8.981855752170846 -0.0002333275274183783 0.0
-959.3478732219664 8.981855752170846 -0.00023214881786973786 0.0
-949.6574906642782 8.981855752170846 -0.0002413923625161489 0.0
-939.9671081064735 8.981855752170846 -0.000254086922046614 1.1132505003550476e-07
-930.2767255486688 8.981855752170846 -0.0002527693618911809 1.1050273292343768e-07
-920.5863429908641 8.981855752170846 -0.0002514670181058694 1.0969247504104158e-07
-910.8959604330594 8.981855752170846 -0.00025017960839325353 1.088940130476145e-07
-901.2055778752547 8.981855752170846 -0.00027156178986043755 1.0810709121431267e-07
-891.51519531745 8.981855752170846 -0.00027013608125139947 1.0733146115148087e-07
-881.8248127596453 8.981855752170846 -0.00026872695658405725 1.0656688154720076e-07
-872.1344302018406 8.981855752170846 -0.0002799528771216923 1.0581311791655098e-07
-862.4440476440359 8.981855752170846 -0.0002784832817903889 1.0506994236270684e-07
-852.7536650862312 8.981855752170846 -0.0002770307216262098 1.0433713334626552e-07
-843.0632825284265 8.981855752170846 -0.00027559488188632334 1.0361447546574561e-07
-833.3728999706218 8.981855752170846 -0.0002741754558332993 1.0290175924621119e-07
-823.6825174128171 8.981855752170846 -0.00027277214447679035 1.0219878093680057e-07
-813.9921348550124 8.981855752170846 -0.00027138465632527424 1.0150534231671924e-07
-804.3017522972077 8.981855752170846 -0.000270012707147398 1.0082125050872813e-07
-794.611369739403 8.981855752170846 -0.0002686560197424903 1.0014631780025027e-07
-784.9209871815983 8.981855752170846 -0.0002673143237198314 9.948036147199458e-08
-775.2306046237936 8.981855752170846 -0.00026598735528628897 9.882320363241986e-08
-765.5402220661053 8.981855752170846 -0.0002646748570419669 9.81746710599834e-08
-755.8498395083006 8.981855752170846 -0.00028007641851685613 9.753459505050695e-08
-746.159456950496 8.981855752170846 -0.00027866944250548435 9.690281127086009e-08
-736.4690743926913 8.981855752170846 -0.0002772779899506144 9.627915961850537e-08
-726.7786918348866 8.981855752170846 -0.00027590178827557535 9.566348408609604e-08
-717.0883092770819 8.981855752170846 -0.0002745405715003153 9.505563263138608e-08
-707.3979267192772 8.981855752170846 -0.00027319408003835256 9.445545705215677e-08
-697.7075441614725 8.981855752170846 -0.00027186206050129554 9.386281286562446e-08
-688.0171616036678 8.981855752170846 -0.0002705442655105966 9.327755919247427e-08
-678.3267790458631 8.981855752170846 -0.00026924045351622866 9.269955864525236e-08
-668.6363964880584 8.981855752170846 -0.0002679503886219861 9.212867722094315e-08
-658.9460139302537 8.981855752170846 -0.0002666738404171242 9.15647841972329e-08
-649.255631372449 8.981855752170846 -0.0002654105838140715 9.100775203284978e-08
-639.5652488146443 8.981855752170846 -0.0003704542634572826 9.045745627135181e-08
-629.8748662568396 8.981855752170846 -0.00036843325618611853 8.991377544827581e-08
-620.1844836990349 8.981855752170846 -0.00036643636683748285 8.937659100198703e-08
-610.4941011412302 8.981855752170846 -0.0003644631400704055 8.884578718733327e-08
-600.8037185834255 8.981855752170846 -0.0003625131323523957 8.83212509925806e-08
-591.1133360256208 8.981855752170846 -0.00036058591157027414 8.780287205923294e-08
-581.4229534679325 8.981855752170846 -0.0003785659795875958 8.729054260446107e-08
-571.7325709101278 8.981855752170846 -0.0003765368582680621 8.678415734650943e-08
-562.0421883523231 8.981855752170846 -0.00037453142715764486 8.628361343255338e-08
-552.3518057945184 8.981855752170846 -0.0003725492498180401 8.578881036911511e-08
-542.6614232367137 8.981855752170846 -0.000370589900839105 8.52996499546262e-08
-532.971040678909 8.981855752170846 -0.0003686529654850305 8.481603621466465e-08
-523.2806581211044 8.981855752170846 -0.0003764120588684517 8.433787533901338e-08
-513.5902755632997 8.981855752170846 -0.00037444752822778045 8.386507562116163e-08
-503.89989300549496 8.981855752170846 -0.00037250526867310267 8.339754739943288e-08
-494.20951044769026 8.981855752170846 -0.0003705848822365602 8.29352030005485e-08
-484.51912788988557 8.981855752170846 -0.0003873232028596192 8.247795668455746e-08
-474.82874533208087 8.981855752170846 -0.0003853078948762389 8.202572459221641e-08
-465.1383627742762 8.981855752170846 -0.00038331533779580284 8.157842469328051e-08
-455.4479802164715 8.981855752170846 -0.000381345126942916 8.113597673718662e-08
-445.7575976586668 8.981855752170846 -0.00037939686751569936 8.069830220484246e-08
-436.0672151008621 8.981855752170846 -0.0003774701742796606 8.026532426259139e-08
-426.3768325430574 8.981855752170846 -0.00037556467127306507 7.983696771653864e-08
-416.6864499852527 8.981855752170846 -0.00037367999152330473 7.941315896973969e-08
-406.996067427448 8.981855752170846 -0.00037181577677378 7.899382597967066e-08
-397.3056848697597 8.981855752170846 -0.00036997167722086155 7.857889821739731e-08
-387.615302311955 8.981855752170846 -0.0003681473512603619 7.816830662813172e-08
-377.9249197541503 8.981855752170846 -0.0003663424652434388 7.776198359296717e-08
-368.2345371963456 8.981855752170846 -0.0003645566932410922 7.735986289145874e-08
-358.54415463854093 8.981855752170846 -0.00043061661485107916 7.69618796661771e-08
-348.85377208073623 8.981855752170846 -0.0004283676332186744 7.656797038720451e-08
-339.16338952293154 8.981855752170846 -0.00042614416395204995 7.617807281892214e-08
-329.47300696512684 8.981855752170846 -0.00042394574986370683 7.579212598666715e-08
-319.78262440732215 8.981855752170846 -0.0004217719450474406 7.541007014551498e-08
-310.09224184951745 8.981855752170846 -0.000419622314523063 7.503184674893861e-08
-300.40185929171275 8.981855752170846 -0.0004174964338947373 7.465739841918823e-08
-290.71147673390806 8.981855752170846 -0.0004153938890223195 7.428666891831406e-08
-281.02109417610336 8.981855752170846 -0.0004133142757051156 7.391960311975305e-08
-271.33071161829866 8.981855752170846 -0.0004112571993775084 7.35561469811805e-08
-261.64032906049397 8.981855752170846 -0.0004092222748159241 7.319624751797593e-08
-251.94994650268927 8.981855752170846 -0.00040720912585664293 7.28398527775059e-08
-242.25956394488458 8.981855752170846 -0.00040521738512398265 7.248691181406444e-08
-232.56918138707988 8.981855752170846 -0.00040324669376840244 7.2137374664464e-08
-222.87879882927518 8.981855752170846 -0.00040129670121410315 7.179119232475408e-08
-213.1884162714705 8.981855752170846 -0.00039936706491571774 7.144831672704823e-08
-203.4980337137822 8.981855752170846 -0.00039745745012372794 7.110870071748576e-08
-193.8076511559775 8.981855752170846 -0.00039556752965810583 7.077229803439597e-08
-184.1172685981728 8.981855752170846 -0.00039369698369017117 7.043906328751034e-08
-174.42688604036812 8.981855752170846 -0.0003918454995318771 7.010895193748559e-08
-164.73650348256342 8.981855752170846 -0.0003900127714325502 6.978192027584594e-08
-155.04612092475872 8.981855752170846 -0.00038819850038264556 6.945792540595895e-08
-145.35573836695403 8.981855752170846 -0.0003864023939242555 6.913692522419936e-08
-135.66535580914933 8.981855752170846 -0.0003846241659680949 6.881887840168387e-08
-125.97497325134464 8.981855752170846 -0.0003828635366167043 6.850374436647571e-08
-116.28459069353994 8.981855752170846 -0.00038112023199362124 6.81914832865339e-08
-106.59420813573524 8.981855752170846 -0.000379393984078284 6.788205605250322e-08
-96.90382557793055 8.981855752170846 -0.0004101518953489737 6.757542426208002e-08
-87.21344302012585 8.981855752170846 -0.0004475200525380837 6.727155020338065e-08
-77.52306046232115 8.981855752170846 -0.0004453170815274069 6.697039683997939e-08
-67.83267790451646 8.981855752170846 -0.0004431378402103425 6.667192779566457e-08
-58.14229534671176 8.981855751917243 -0.0077797288153271795 6.637610733972963e-08
-48.451912788907066 8.981855751841673 -0.007723483824151652 6.608290037301211e-08
-38.76153023110237 8.981855751739955 -0.007668053511713481 6.579227241362926e-08
-29.071147673297673 8.981855751606641 -0.007613420230254641 6.550418958370732e-08
-19.380765115609393 8.981855751433796 -0.007559566839209658 6.521861859607482e-08
-9.690382557804696 8.98185575121136 -0.009638218977670986 0.0009139623182176204
0.0 8.98185575092689 -0.009570202624405156 0.0009072452596420368
9.690382557804696 6.066267226272145 -0.05697918836883236 0.044942143531823804
19.380765115609393 6.221321862674619 -0.05656332750823518 0.044611177187575686
29.07114767341409 6.332059788780837 -0.05615350210244571 0.04428504989001483
38.761530231218785 6.421085122987942 -0.055749581599511204 0.04396365628149509
48.45191278902348 6.496599424711767 -0.05535143918778417 0.043646894040867044
58.14229534682818 6.562684070815616 -0.05495895166287353 0.043334663774866965
67.83267790463287 6.62171925849846 -0.054571999300237053 0.04302686891413463
77.52306046243757 6.675235897655458 -0.0542312826858561 0.04272341561363113
87.21344302024227 6.7242869490355535 -0.05385475298665362 0.042424212657241486
96.90382557804696 6.769633010573558 -0.053514659928111545 0.042131507314731795
106.59420813585166 6.811844457230972 -0.05314819253791877 0.04184052419900683
116.28459069365636 6.851361857098612 -0.05443243906261435 0.0415535329104258
125.97497325146105 6.8885337712421695 -0.05406375672301191 0.04127045186585285
135.66535580926575 6.923641493195347 -0.05393905135041444 0.041012302743673415
145.35573836707044 6.956915850900275 -0.0535784510885945 0.04073665120391905
155.04612092487514 6.988548976605349 -0.05322264810247992 0.04046468037390312
164.73650348256342 7.018702771505224 -0.052871547195689005 0.04019631702038884
174.42688604036812 7.047515132667092 -0.05252505567593649 0.039931489840128884
184.1172685981728 7.075104624882494 -0.0521830832732071 0.03967012939672081
193.8076511559775 7.1015740469277775 -0.05184554206107841 0.03941216805989492
203.4980337137822 7.127013195848189 -0.05151234638111189 0.039157539947171194
213.1884162715869 7.151501039055311 -0.051183412770150497 0.03890618086776044
222.8787988293916 7.175107442122442 -0.0508586598903963 0.038658028268612206
232.5691813871963 7.197894558430083 -0.050538008462145415 0.03841302118251475
242.259563945001 7.2199179580987645 -0.050221381199062914 0.038171100178155906
251.9499465028057 7.241227553533654 -0.04990870274588624 0.03793220731205948
261.6403290606104 7.261868364589609 -0.049599899618451945 0.03769628608231533
271.3307116184151 7.311854505491191 -0.04986602650768347 0.037463281384025465
281.0210941762198 7.361534478897078 -0.049560565554771695 0.03723313946639246
290.7114767340245 7.4077447858154555 -0.04925883131752998 0.03700580789137984
300.40185929182917 7.450935456918631 -0.048960755910763064 0.03678123549387802
310.09224184963387 7.491472973455537 -0.048666273090202 0.03655937234331155
319.78262440743856 7.529660025762104 -0.04837531820315945 0.03634016970662812
329.47300696524326 7.565749670446371 -0.04807981930360964 0.03612376685216278
339.16338952304795 7.599955710711779 -0.04813596660848643 0.03594329898593427
348.85377208073623 7.632460461519121 -0.04785278014666961 0.03573154888310622
358.54415463854093 7.663420661538163 -0.04757291365411474 0.03552227926273001
368.2345371963456 7.692972044759007 -0.04729986445561937 0.03531578549406533
377.9249197541503 7.721232924978505 -0.0478331093356956 0.035222900076136196
387.615302311955 7.748307041400847 -0.047606334480609185 0.03501999209662196
397.3056848697597 7.774285843037285 -0.04733293591235126 0.03481940920905037
406.9960674275644 7.799250341188051 -0.04706267037282521 0.03462111166177148
416.6864499853691 7.823272625486546 -0.04679548413504071 0.034425060604591856
426.3768325431738 7.846417114985104 -0.04653132469788258 0.03423121806335084
436.0672151009785 7.868741598463927 -0.046270140751204836 0.03403954691535265
445.7575976587832 7.890298105505946 -0.046011882142115906 0.0338500108656216
455.4479802165879 7.911133640528154 -0.04575649984240812 0.03366257442394781
465.1383627743926 7.931290804958787 -0.04550394591708587 0.033477202882693305
474.8287453321973 7.95080832745139 -0.04525417349394934 0.0332938622953289
484.519127890002 7.9697215179768515 -0.04500713673419267 0.03311251945567412
494.2095104478067 7.9880626585094 -0.044762790803976715 0.032933141877813356
503.8998930056114 8.005861340589746 -0.04452109184693916 0.032755697776662755
513.5902755634161 8.02314475813942 -0.04428199695760569 0.03258015604916323
523.2806581212208 8.03993796238966 -0.04404546415566787 0.032406486256076165
532.971040678909 8.056264084584885 -0.04381145236109758 0.03223465860436169
542.6614232367137 8.072144531156226 -0.04375252726921285 0.03206464393010532
552.3518057945184 8.08759915527679 -0.0435221628100537 0.03189641368200357
562.0421883523231 8.102646408083315 -0.04329421997862818 0.03172993990534733
571.7325709101278 8.117303472324034 -0.04306866065448434 0.03156519522651542
581.4229534679325 8.131586380770718 -0.04284544751625651 0.031402152837947485
591.1133360257372 8.14551012137976 -0.04262454402074001 0.031240786483581064
600.8037185835419 8.159088730894888 -0.04240591438262368 0.03108107044473614
610.4941011413466 8.172335378340488 -0.042189523554855834 0.030922979526431395
620.1844836991513 8.18526243964985 -0.041975337209620746 0.030766489044116496
629.874866256956 8.197881564500767 -0.04176332171990331 0.030611574810805973
639.5652488147607 8.210203736285397 -0.041553444141620835 0.030458213124600564
649.2556313725654 8.222239326017977 -0.041635469951170644 0.030306380756582305
658.9460139303701 8.233998140878786 -0.041427641675105015 0.030156054939070528
668.6363964881748 8.245489468003216 -0.04127279128086887 0.03000721335422618
678.3267790459795 8.256722114047628 -0.04106870421250616 0.029859834122992514
688.0171616037842 8.267704440997699 -0.04086663526290132 0.029713895794360623
697.7075441615889 8.2784443986278 -0.04066655448171895 0.029569377334948594
707.3979267193936 8.288949553970776 -0.040468432512305016 0.029426258118883903
717.0883092771983 8.299227118114542 -0.040272240576925925 0.029284517917978516
726.7786918348866 8.309283970604849 -0.04007795046245288 0.02914413689218877
736.4690743926913 8.319126681701913 -0.03988553450646175 0.02900509558034027
746.159456950496 8.32876153270793 -0.03969496558376874 0.028867374891134178
755.8498395083006 8.338194534561913 -0.03950621709334032 0.028730956094392197
765.5402220661053 8.347431444872528 -0.03931926294559913 0.028595820812557196
775.23060462391 8.35647778354303 -0.03913407755009824 0.028461951012431368
784.9209871817147 8.36533884712493 -0.03895063580355356 0.028329328997145582
794.6113697395194 8.374019722022279 -0.038768913078222125 0.02819793739835254
804.3017522973241 8.38252529665565 -0.038588885210614446 0.028067759168636477
813.9921348551288 8.390860272683165 -0.038410528490529804 0.027938777574132368
823.6825174129335 8.399029175366 -0.038233819650403504 0.02781097618734801
833.3728999707382 8.407036363156514 -0.03805873585495569 0.02768433888018244
843.0632825285429 8.414886036579427 -0.037885254691131846 0.02755884981713443
852.7536650863476 8.422582246469057 -0.03771335415832499 0.02743449344869515
862.4440476441523 8.430128901619605 -0.03754301265887087 0.02731125450491908
872.134430201957 8.43752977589955 -0.03737420898880657 0.027189117989167608
881.8248127597617 8.444788514876391 -0.03720692232888452 0.027068069172020048
891.5151953175664 8.451908641993374 -0.03704113223583324 0.026948093585346642
901.2055778753711 8.458893564335844 -0.03687681863385714 0.026829177016538797
910.8959604330594 8.465746578021214 -0.036713961806369495 0.026711305502892857
920.5863429908641 8.472470873243834 -0.03655254238793961 0.026594465326134586
930.2767255486688 8.479069539001497 -0.036392541356476286 0.02647864300710068
939.9671081064735 8.485545567530556 -0.03623394002560176 0.026363825300545055
949.6574906642782 8.491901858471424 -0.03607672003723868 0.026249999190086592
959.3478732220829 8.498141222785867 -0.035920863354392235 0.026137151883286067
969.0382557798875 8.504266386445046 -0.035766352254123134 0.02602527080684962
978.7286383376922 8.510279993905618 -0.03561316932070547 0.025914343601955013
988.4190208954969 8.516184611389676 -0.03546129743896397 0.025804358119697002
998.1094034533016 8.521982729982971 -0.03531071978778487 0.02569530241664832
