-1007.7997860111063 11.307483656493442 -0.00022462830088027907 9.774834948922944e-08
-998.1094034533016 11.307483656493442 -0.00022254709404829614 9.648454168236417e-08
-988.4190208954969 11.307483656493442 -0.00022050963188695162 9.525299678578927e-08
-978.7286383376922 11.307483656493442 -0.00022849489245606005 9.405249494230343e-08
-969.0382557798875 11.307483656493442 -0.0002264058619990311 9.28818770262538e-08
-959.3478732220829 11.307483656493442 -0.00022436000224985726 9.17400409103823e-08
-949.6574906642782 11.307483656493442 -0.00022235590456536525 9.062593800513898e-08
-939.9671081064735 11.307483656493442 -0.00022039222274182753 8.95385700463138e-08
-930.2767255486688 11.307483656493442 -0.00021846766953444475 8.847698611231704e-08
-920.5863429908641 11.307483656493442 -0.00021658101340994035 8.744027985006006e-08
-910.8959604330594 11.307483656493442 -0.00021473107551406724 8.64275868946047e-08
-901.2055778752547 11.307483656493442 -0.0002129167268374422 8.543808246491616e-08
-891.51519531745 11.307483656493442 -0.0002111368855645882 8.447097912413245e-08
-881.8248127596453 11.307483656493442 -0.0002093905145923764 8.35255246893456e-08
-872.134430201957 11.307483656493442 -0.00020767661920526975 8.26010002805509e-08
-862.4440476441523 11.307483656493442 -0.00022349866839138294 8.169671849783561e-08
-852.7536650863476 11.307483656493442 -0.00022161067277412513 8.081202171674933e-08
-843.0632825285429 11.307483656493442 -0.00021975869273579724 7.994628049342811e-08
-833.3728999707382 11.307483656493442 -0.00021794163461505824 7.909889207112049e-08
-823.6825174129335 11.307483656493442 -0.0002161584503602541 7.826927898069925e-08
-813.9921348551288 11.307483656493442 -0.00021440813511008214 7.745688772812992e-08
-804.3017522973241 11.307483656493442 -0.00021268972493017246 7.666118756331586e-08
-794.6113697395194 11.307483656493442 -0.00021100229469374847 7.588166932343884e-08
-784.9209871817147 11.307483656493442 -0.00020934495609556384 7.511784434668601e-08
-775.23060462391 11.307483656493442 -0.00020771685578924528 7.436924345064598e-08
-765.5402220661053 11.307483656493442 -0.0002061171736390136 7.363541597121059e-08
-755.8498395083006 11.307483656493442 -0.0002045451210775144 7.29159288579708e-08
-746.159456950496 11.307483656493442 -0.0003425068488083786 7.221036582192173e-08
-736.4690743926913 11.307483656493442 -0.00033909230905573737 7.151832653243754e-08
-726.7786918348866 11.307483656493442 -0.0003357540259527106 7.08394258596562e-08
-717.0883092770819 11.307483656493442 -0.0003324893060269495 7.017329315981679e-08
-707.3979267192772 11.307483656493442 -0.0003292955858188734 6.951957160071953e-08
-697.7075441614725 11.307483656493442 -0.000326170423951478 6.887791752400168e-08
-688.0171616037842 11.307483656493442 -0.0003388623523119195 6.82479998430005e-08
-678.3267790459795 11.307483656493442 -0.0003356544591242833 6.76294994729798e-08
-668.6363964881748 11.307483656493442 -0.0003325141444717081 6.70221087921585e-08
-658.9460139303701 11.307483656493442 -0.0003294391624861475 6.642553113163696e-08
-649.2556313725654 11.307483656493442 -0.00032642736920523123 6.583948029216438e-08
-639.5652488147607 11.307483656493442 -0.00032347671672989067 6.52636800862622e-08
-629.874866256956 11.307483656493442 -0.0003283360813695997 6.469786390436253e-08
-620.1844836991513 11.307483656493442 -0.0003253968976473283 6.414177430311488e-08
-610.4941011413466 11.307483656493442 -0.0003225160430920246 6.359516261477342e-08
-600.8037185835419 11.307483656493442 -0.00031969169208628556 6.305778857650825e-08
-591.1133360257372 11.307483656493442 -0.00033202971081670206 6.252941997833247e-08
-581.4229534679325 11.307483656493442 -0.0003291076402053645 6.200983232831856e-08
-571.7325709101278 11.307483656493442 -0.00032624256682900563 6.149880853478986e-08
-562.0421883523231 11.307483656493442 -0.0003234327338385242 6.099613860373419e-08
-552.3518057945184 11.307483656493442 -0.0003206764586059891 6.050161935120833e-08
-542.6614232367137 11.307483656493442 -0.000317972128743429 6.001505412942887e-08
-532.971040678909 11.307483656493442 -0.00031531819838022065 5.953625256603963e-08
-523.2806581211044 11.307483656493442 -0.0003127131846793846 5.906503031574984e-08
-513.5902755632997 11.307483656493442 -0.00031015566457480665 5.860120882376484e-08
-503.8998930056114 11.307483656493442 -0.00030764427171298895 5.814461510019256e-08
-494.2095104478067 11.307483656493442 -0.00030517769358412157 5.769508150480042e-08
-484.519127890002 11.307483656493442 -0.00030275466882916167 5.725244554193491e-08
-474.8287453321973 11.307483656493442 -0.0003003739847096982 5.681654966466409e-08
-465.1383627743926 11.307483656493442 -0.00036625314897679756 5.638724108773099e-08
-455.4479802165879 11.307483656493442 -0.00036302536473948623 5.596437160911566e-08
-445.7575976587832 11.307483656493442 -0.0003598614778429273 5.554779743935281e-08
-436.0672151009785 11.307483656493442 -0.00035675945697069507 5.5137379038561775e-08
-426.3768325431738 11.307483656493442 -0.00035371736065686047 5.4732980960690036e-08
-416.6864499853691 11.307483656493442 -0.00035073333217840646 5.433447170426556e-08
-406.9960674275644 11.307483656493442 -0.0003478055948022882 5.3941723570127774e-08
-397.3056848697597 11.307483656493442 -0.00034493244735810493 5.355461252470609e-08
-387.615302311955 11.307483656493442 -0.0003421122601100874 5.317301806959396e-08
-377.9249197541503 11.307483656493442 -0.00033934347090453827 5.279682311644645e-08
-368.2345371963456 11.307483656493442 -0.00033662458157105075 5.242591386724812e-08
-358.54415463854093 11.307483656493442 -0.0003339541545577906 5.2060179699427396e-08
-348.85377208073623 11.307483656493442 -0.0003313308097828875 5.169951305596544e-08
-339.16338952293154 11.307483656493442 -0.0003287532216855624 5.1343809339943003e-08
-329.47300696512684 11.307483656493442 -0.00032622011646204623 5.099296681331213e-08
-319.78262440732215 11.307483656493442 -0.0003237302694726283 5.064688649992147e-08
-310.09224184963387 11.307483656493442 -0.00032128250280736594 5.0305472092513426e-08
-300.40185929182917 11.307483656493442 -0.0003188756829988302 4.996862986324857e-08
-290.7114767340245 11.307483656493442 -0.00031650871887182807 4.963626857800666e-08
-281.0210941762198 11.307483656493442 -0.00031418055951987504 4.930829941392949e-08
-271.3307116184151 11.307483656493442 -0.00031189019240000814 4.898463588029218e-08
-261.6403290606104 11.307483656493442 -0.0003096366415376104 4.866519374261624e-08
-251.9499465028057 11.307483656493442 -0.00030741896583378296 4.834989094934502e-08
-242.259563945001 11.307483656493442 -0.00030523625746834863 4.803864756166325e-08
-232.5691813871963 11.307483656493442 -0.0003030876403921136 4.773138568604163e-08
-222.8787988293916 11.307483656493442 -0.00030097226890249976 4.742802940910518e-08
-213.1884162715869 11.307483656493442 -0.0002988893262971093 4.712850473516875e-08
-203.4980337137822 11.307483656493442 -0.00032745990025041447 4.6832739526049315e-08
-193.8076511559775 11.307483656493442 -0.000363098906738088 4.6540663443166005e-08
-184.1172685981728 11.307483656493442 -0.0003601840947065436 4.6252207891703664e-08
-174.42688604036812 11.307483656493442 -0.0003573234125257869 4.596730596702073e-08
-164.73650348256342 11.307483656493442 -0.002919746497438927 0.0009188681071357456
-155.04612092475872 11.307483656493442 -0.0028821288570535734 0.000906381462920815
-145.35573836695403 11.307483656493442 -0.0028454953293212846 0.0008942296397865246
-135.66535580914933 11.307483656493442 -0.0028098073541611163 0.0008823993488034635
-125.97497325146105 11.307483656493442 -0.0027750283706689193 0.0008708779951058734
-116.28459069365636 11.307483656493442 -0.002989056957200256 0.0008869959425173335
-106.59420813585166 11.307483656493442 -0.0029526405533875297 0.0008756874901712183
-96.90382557804696 11.307483656493442 -0.004007823572179274 0.0010805548403088488
-87.21344302024227 11.307483656493442 -0.003958375720184517 0.0010668763280588377
-77.52306046243757 11.307483656493442 -0.0039101586052782316 0.0010535402538030707
-67.83267790463287 11.307483656493442 -0.003863126405882875 0.0010405338999018045
-58.14229534682818 11.307483656493442 -0.00381723555923532 0.0010278451716287198
-48.45191278902348 11.307483656493442 -0.003772444623407429 0.001015462559441346
-38.761530231218785 11.307483656493442 -0.0037287141493452624 0.0010033751039648154
-29.07114767341409 11.307483656493442 -0.0038136323493750362 0.0009915723634636709
-19.380765115609393 11.307483656493442 -0.0037701685269071936 0.0009800443835976107
-9.690382557804696 11.307483656493442 -0.0037386986220368217 0.0009693776193626407
0.0 11.307483656493442 -0.003697050154117261 0.0009583629772172206
9.690382557804696 8.818730847716273 -0.030873727617331773 0.028764537701775998
19.380765115609393 9.00284102782806 -0.03046609981333425 0.02837808687023692
29.07114767341409 9.134145780199923 -0.030145081247259124 0.028006535991763237
38.761530231218785 9.238542602634679 -0.029757380763288297 0.027640132594581073
48.45191278902348 9.325983165608728 -0.029379580810527214 0.027283201825379546
58.14229534671176 9.40153961055485 -0.029011305672578223 0.026935380740331204
67.83267790451646 9.46820802308384 -0.028652198450851287 0.026596324715149257
77.52306046232115 9.527929997077422 -0.0283019198989456 0.026265706303073028
87.21344302012585 9.582047072872017 -0.027960147342693552 0.025943214177228804
96.90382557793055 9.631530947860956 -0.027626573678662416 0.025628552150235368
106.59420813573524 9.677111396560525 -0.027300906444512718 0.025321438264527322
116.28459069353994 9.719352472680521 -0.026982866955266416 0.025021603947517224
125.97497325134464 9.758700441267393 -0.026672189500090975 0.02472879322626649
135.66535580914933 9.79551527891263 -0.026368620594704167 0.024442761996829605
145.35573836695403 9.830092135631197 -0.026071918284952648 0.02416327734388068
155.04612092475872 9.862676406473813 -0.025781851497518934 0.02389011690662966
164.73650348256342 9.893474591618151 -0.028889332409745016 0.023623068287393887
174.42688604036812 9.92266229736969 -0.02856612090138417 0.023361928499513573
184.1172685981728 9.95039024582712 -0.02825012981165464 0.023106503451589894
193.8076511559775 9.976788866201472 -0.027941117876086417 0.022856607465287178
203.4980337137822 10.001971855776906 -0.027638854545720185 0.022612062824177524
213.1884162715869 10.026038979134496 -0.027343119394021634 0.02237269935132019
222.8787988293916 10.049078295333487 -0.027047020254792924 0.02213853047898006
232.5691813871963 10.071167949404078 -0.02687408560459213 0.021915232702843162
242.25956394488458 10.092377627742792 -0.02659530348981859 0.021690375308017058
251.94994650268927 10.112769751213353 -0.026322295935316816 0.021470088504669815
261.64032906049397 10.132400461365153 -0.026059121332848868 0.02125456569929547
271.33071161829866 10.151320441889592 -0.025985178017558286 0.021058347619860873
281.02109417610336 10.169575607673828 -0.0257702414863148 0.020850753828260453
290.71147673390806 10.187207686577715 -0.025515471448995554 0.020647216112460738
300.40185929171275 10.20425471362301 -0.02526573473096073 0.020447616664519257
310.09224184951745 10.220751453160231 -0.02502088243314913 0.020251842198097357
319.78262440732215 10.236729761418818 -0.02478077151916606 0.020059783733445722
329.47300696512684 10.252218899403072 -0.024545264527163473 0.019871336394552123
339.16338952293154 10.267245804191136 -0.02431422929869463 0.019686399217656088
348.85377208073623 10.281835325196676 -0.02408753872337719 0.019504874970393382
358.54415463854093 10.296010430767092 -0.02386507049828992 0.019326669980887792
368.2345371963456 10.309792389546201 -0.023646706901112213 0.019151693976157333
377.9249197541503 10.325337948037243 -0.023432334576091264 0.018979859929247517
387.615302311955 10.344123602877367 -0.023221844331991492 0.01881108391454626
397.3056848697597 10.362216835867091 -0.0230151309512447 0.018645284970773897
406.9960674275644 10.379663720898565 -0.0228120930095773 0.018482384971177122
416.6864499853691 10.396505997741924 -0.022612632705444537 0.018322308500488486
426.3768325430574 10.412781577097581 -0.02241665569865292 0.01816498273824516
436.0672151008621 10.428524974674056 -0.02242782429363057 0.018010337348075736
445.7575976586668 10.443767686136276 -0.022235766135119253 0.017858304372628697
455.4479802164715 10.458538512494304 -0.022047002256091356 0.017708818133774187
465.1383627742762 10.47286384370621 -0.021861447737331157 0.017561815137799232
474.82874533208087 10.486767906858566 -0.02167902058892811 0.017417233985296453
484.51912788988557 10.500272984162027 -0.02149964162316945 0.017275015285479367
494.20951044769026 10.513399605098401 -0.021323234334116408 0.017135101574672143
503.89989300549496 10.52616671632995 -0.02114972478344849 0.016997437238738696
513.5902755632997 10.53859183239333 -0.020979041492189786 0.016861968439230306
523.2806581211044 10.550691169720944 -0.020811115337959585 0.016728643043045673
532.971040678909 10.562479766139777 -0.020645879457414317 0.01659741055540974
542.6614232367137 10.57397158767401 -0.020875654421374828 0.016468222055990057
552.3518057945184 10.585179624209896 -0.020710304468533978 0.01634103013798049
562.0421883523231 10.596115975358629 -0.02062463076175355 0.01621578884999271
571.7325709101278 10.606791927666539 -0.02046345409626633 0.01609245364060556
581.4229534679325 10.6172180241659 -0.02030482295068132 0.015970981305431387
591.1133360257372 10.627404127127608 -0.020148676077102353 0.015851329936567134
600.8037185835419 10.63735947476548 -0.019994954238692703 0.015733458874305613
610.4941011413466 10.64709273254702 -0.01984360012441737 0.01561732866098997
620.1844836990349 10.656612039684283 -0.01969455826830691 0.0155029009969024
629.8748662568396 10.665925051309863 -0.019547774972939122 0.015390138698075278
639.5652488146443 10.675038976780803 -0.019403198236895146 0.015279005655947423
649.255631372449 10.68396061450569 -0.019260777685904545 0.015169466798745831
658.9460139302537 10.692696383641316 -0.019120464507475694 0.015061488054526829
668.6363964880584 10.701252352968961 -0.01898221138878708 0.014955036315786244
678.3267790458631 10.709634267225379 -0.018845972457643464 0.01485007940556276
688.0171616036678 10.717847571134287 -0.01871170322631324 0.014746586044961403
697.7075441614725 10.725897431357671 -0.018579360538076715 0.014644525822028185
707.3979267192772 10.733788756563658 -0.01844890251632669 0.01454386916191076
717.0883092770819 10.74152621578718 -0.018320288516074014 0.01444458729824357
726.7786918348866 10.749114255241786 -0.018193479077720773 0.014346652245699138
736.4690743926913 10.756557113725176 -0.018068435882973116 0.014250036773650474
746.159456950496 10.763858836746637 -0.01794512171277426 0.014154714380892448
755.8498395083006 10.771023289492264 -0.017823500407146288 0.014060659271372773
765.5402220661053 10.778054168732366 -0.01770353682683627 0.013967846330885854
775.23060462391 10.784955013765561 -0.017585196816669434 0.013876251104685152
784.9209871817147 10.791729216484928 -0.017468447170518063 0.013785849775972248
794.6113697395194 10.798380030643706 -0.01735325559780049 0.013696619145222607
804.3017522972077 10.80491058039042 -0.01723959069143156 0.013608536610311485
813.9921348550124 10.81132386813763 -0.01712742189714109 0.013521580147397827
823.6825174128171 10.817622781820738 -0.01701671948411018 0.01343572829254797
833.3728999706218 10.823810101600886 -0.016907454516831726 0.013350960124045732
843.0632825284265 10.829888506058387 -0.01679959882815329 0.013267255245374197
852.7536650862312 10.835860577920423 -0.0166931249934354 0.013184593768833585
862.4440476440359 10.841728809362394 -0.016588006305771494 0.013102956299768785
872.1344302018406 10.847495606918715 -0.016484216752217333 0.013022323921380035
881.8248127596453 10.853163296035776 -0.01638173099098104 0.012942678180091906
891.51519531745 10.858734125296776 -0.01628052432952736 0.0128640010714567
901.2055778752547 10.864210270345582 -0.01618057270355259 0.01278627502656967
910.8959604330594 10.869593837534321 -0.01608185265678893 0.012709482898974448
920.5863429908641 10.874886867317306 -0.0159843413215994 0.012633607952038205
930.2767255486688 10.88009133741187 -0.01588801640032651 0.01255863384677703
939.9671081064735 10.885209165744945 -0.015792856147359858 0.01248454463011277
949.6574906642782 10.89024221320251 -0.01569883935188983 0.012411324723543785
959.3478732220829 10.895192286197696 -0.015605945321316195 0.01233895891221252
969.0382557798875 10.900061139071834 -0.015514153865282135 0.01226743233435385
978.7286383376922 10.904850476341625 -0.015423445280305738 0.012196730471108827
988.4190208953805 10.909561954804335 -0.015333800334983485 0.012126839136689915
998.1094034531852 10.91419718551248 -0.015245200255734297 0.01205774446887876
