-1007.7997860111063 8.814728785017584 -0.01645336109386725 0.0038663615142419524
-998.1094034533016 8.815674531389165 -0.016535083885325496 0.003866868558879614
-988.4190208954969 8.816613352911718 -0.016528422776204234 0.0038579790608171366
-978.7286383376922 8.817545294348255 -0.016473539607377317 0.0038459142371536506
-969.0382557798875 8.81847040060435 -0.016419052515976845 0.0038339290101978866
-959.3478732220829 8.819388716709373 -0.016364956623477745 0.00382202250971827
-949.6574906642782 8.820300287798393 -0.016311247145038083 0.0038101938802000204
-939.9671081064735 8.821205159094717 -0.01625791938691144 0.003798442280478483
-930.2767255486688 8.822103375893018 -0.016204968743953448 0.003786766883384994
-920.5863429908641 8.822994983543117 -0.016263292315326087 0.0037796152493515937
-910.8959604330594 8.823880027434337 -0.016210265167695647 0.0037680570491006884
-901.2055778752547 8.824758552980423 -0.0161692043721623 0.003757172454749991
-891.51519531745 8.825630605605046 -0.016116839035642448 0.003745757627553084
-881.8248127596453 8.826496230727845 -0.016064841723002602 0.0037344155887810426
-872.1344302018406 8.827355473751021 -0.01601320804036905 0.0037231455771858683
-862.4440476440359 8.828208380046421 -0.015961933675092195 0.003711946843665035
-852.7536650862312 8.829054994943156 -0.015911014393598485 0.0037008186509787937
-843.0632825284265 8.829895363715709 -0.015860446039317085 0.003689760273476467
-833.3728999706218 8.830729531572494 -0.01581022453067826 0.0036787709968313753
-823.6825174129335 8.831557543644932 -0.01576034585918086 0.0036678501177841967
-813.9921348551288 8.832379444976949 -0.015710806087522542 0.00365699694389363
-804.3017522973241 8.833195280514882 -0.01566160134779888 0.003646210793296013
-794.6113697395194 8.834005095097877 -0.01561272783975688 0.0036354909944709855
-784.9209871817147 8.834808933448667 -0.015564181829109233 0.003624836886014854
-775.23060462391 8.835606840164735 -0.015515959645903537 0.0036142478164206487
-765.5402220661053 8.836398859709902 -0.015535736586152609 0.003603723143864674
-755.8498395083006 8.837185036406277 -0.015487653406393007 0.0035932622359993796
-746.159456950496 8.837965414426554 -0.01543989068684298 0.003582864469752247
-736.4690743926913 8.838740037786707 -0.015410425328836496 0.0035725292311305267
-726.7786918348866 8.839508950338981 -0.015363159967053631 0.003562255915031569
-717.0883092770819 8.840272195765246 -0.01533527958161035 0.003552617766425255
-707.3979267192772 8.841029817570664 -0.015287679403171703 0.0035424901112429278
-697.7075441614725 8.841781859077662 -0.015247812291789746 0.0035323946480806875
-688.0171616036678 8.842528363420222 -0.01520159469816106 0.0035223588357937035
-678.3267790458631 8.843269373538435 -0.01515567807905903 0.0035123821096944
-668.6363964880584 8.844004932173368 -0.015110059155210461 0.003502463912993446
-658.9460139302537 8.844735081862186 -0.015064734701916821 0.003492603696642651
-649.255631372449 8.845459864933527 -0.015038603741646844 0.003482800919182128
-639.5652488147607 8.846179323503154 -0.015011377906762094 0.0034730550465916594
-629.874866256956 8.846893499469855 -0.014966651083025629 0.0034633655521454534
-620.1844836991513 8.847602434511538 -0.014922210236632273 0.003453731916271894
-610.4941011413466 8.848306170081594 -0.014878052312924037 0.0034441536264158052
-600.8037185835419 8.849004747405482 -0.01483417430704429 0.0034346301769048924
-591.1133360257372 8.849698207477505 -0.01479057326277877 0.003425161068819504
-581.4229534679325 8.850386591057804 -0.014862298275650263 0.003415745809865735
-571.7325709101278 8.851069938669545 -0.014818391645107495 0.0034063839142517605
-562.0421883523231 8.851748290596305 -0.01485682383358079 0.003397074902567299
-552.3518057945184 8.852421686879635 -0.014812871149305707 0.0033878183016660735
-542.6614232367137 8.853090167316802 -0.014769202138733704 0.003378613644551225
-532.971040678909 8.8537537714587 -0.014725813664723211 0.0033694604702635446
-523.2806581211044 8.854412538607933 -0.014682702644500894 0.0033603583237724363
-513.5902755632997 8.855066507817057 -0.014707660326894028 0.0033513067558695485
-503.89989300549496 8.85571571788695 -0.014664594396070391 0.003342305323064978
-494.20951044769026 8.856360207365368 -0.014621804327535152 0.003333353587485948
-484.51912788988557 8.857000014545616 -0.014579287082393783 0.0033244511167779167
-474.82874533208087 8.857635177465356 -0.014537039674362744 0.0033155974840080294
-465.1383627742762 8.858265733905567 -0.01463140653850155 0.0033128780362036143
-455.4479802164715 8.858891721389597 -0.014588687490427165 0.00330407607120249
-445.7575976587832 8.859513177182357 -0.014546244259255726 0.0032953223482056503
-436.0672151009785 8.860130138289664 -0.014504073738186641 0.003286616446844047
-426.3768325431738 8.8607426414576 -0.014614375361168145 0.003277957952129244
-416.6864499853691 8.86135072317208 -0.014571618735707148 0.0032693464543544653
-406.9960674275644 8.86195441965847 -0.014529142261289579 0.003260781548998714
-397.3056848697597 8.862553766881323 -0.014486942686687645 0.003252262836633202
-387.615302311955 8.86314880054418 -0.014445016821106991 0.003243789922830122
-377.9249197541503 8.863739556089506 -0.014403361532558416 0.0032353624180737053
-368.2345371963456 8.864326068698686 -0.014361973746287364 0.0032269799376734533
-358.54415463854093 8.864908373292103 -0.014320850443258674 0.003218642101679509
-348.85377208073623 8.86548650452931 -0.014279988658694166 0.003210348534800075
-339.16338952293154 8.866060496809254 -0.014239385480660867 0.0032020988663208137
-329.47300696512684 8.866630384270627 -0.01419903804870768 0.003193892730026183
-319.78262440732215 8.86719620079221 -0.014158943552548441 0.003185729764122624
-310.09224184951745 8.867757979993353 -0.014119099230789457 0.003177609611163558
-300.40185929171275 8.868315755234477 -0.014079502369699697 0.003169531917976129
-290.71147673390806 8.86886955961766 -0.01404015030202178 0.0031614963355896474
-281.02109417610336 8.86941942598727 -0.014001040405822193 0.003153502519165668
-271.33071161829866 8.869965386930662 -0.013962170103379112 0.0031455501279296647
-261.6403290606104 8.870507474778917 -0.013923536860106759 0.0031376388251043406
-251.9499465028057 8.871045721607652 -0.013885138183512087 0.003129768277843974
-242.259563945001 8.871580159237848 -0.013846971622189352 0.003121938157171148
-232.5691813871963 8.872110819236756 -0.013809034764842023 0.003114148137913959
-222.8787988293916 8.872637732918838 -0.013771325239337707 0.003106397898645066
-213.1884162715869 8.873160931346723 -0.013733840711792096 0.0030986871216219674
-203.4980337137822 8.873680445332248 -0.013696578885681336 0.003091015492728584
-193.8076511559775 8.874196305437513 -0.013648161436714169 0.003084232085970682
-184.1172685981728 8.87470854197596 -0.01361142242651009 0.0030766315416627956
-174.42688604036812 8.875217185013504 -0.0135748982078483 0.003069069316614964
-164.73650348256342 8.875722264369704 -0.013538586652331734 0.003061545108638862
-155.04612092475872 8.87622380961894 -0.013502485664092161 0.00305405861895703
-145.35573836695403 8.876721850091636 -0.013466593179079722 0.0030466095521493757
-135.66535580914933 8.8772164148755 -0.013430907164372907 0.003039197616100828
-125.97497325134464 8.87770753281681 -0.013395425617508365 0.003031822521950108
-116.28459069353994 8.878195232521692 -0.013360146565829761 0.0030244839840395813
-106.59420813573524 8.878679542357455 -0.013325068065855058 0.0030171817198661674
-96.90382557793055 8.879160490453923 -0.013290188202661564 0.003009915450033279
-87.21344302012585 8.879638104704798 -0.013255505089288074 0.0030026848982037508
-77.52306046243757 8.880112412769025 -0.013221016866154059 0.002995489791053831
-67.83267790463287 8.88058344207223 -0.013186721700492707 0.0029883298582276704
-58.14229534682818 8.88105121980808 -0.013152617785803568 0.002981204832293613
-48.45191278902348 8.881515772939746 -0.013118703341315966 0.0029741144487004864
-38.761530231218785 8.881977128201333 -0.013084976611468917 0.002967058445735229
-29.07114767341409 8.882435312099343 -0.013051435865404543 0.002960036564481241
-19.380765115609393 8.882890350914133 -0.013018079396474966 0.0029530485487775783
-9.690382557804696 8.883342270701394 -0.012984905521762199 0.0029460941451789407
0.0 5.739822319847325 -0.10908598111067765 0.055015184415313535
9.690382557804696 5.937576844140948 -0.10834195182493532 0.05462302959333328
19.380765115609393 6.0672275975563315 -0.10760854632097105 0.05423656631086551
29.07114767341409 6.168660367203048 -0.10688553454081769 0.053855670564785116
38.761530231218785 6.253560872657222 -0.10617269306212083 0.05348022193736581
48.45191278902348 6.327285969662538 -0.11269442803430087 0.055491746602106325
58.14229534682818 6.3928203471848235 -0.11194803634259325 0.05510929180768116
67.83267790463287 6.452028090079729 -0.11121196127808174 0.05473219996910676
77.52306046243757 6.50616517052456 -0.11048598670377976 0.054360358180160225
87.21344302024227 6.55612510022759 -0.10976990251466297 0.05399365669008035
96.90382557804696 6.602570112527311 -0.10906350442824257 0.05363198879400067
106.59420813573524 6.646007001271907 -0.10836659378381992 0.05327525072792221
116.28459069353994 6.686833723400434 -0.10769894500493846 0.052923996380661024
125.97497325134464 6.725369459284623 -0.10702028743079564 0.052576813113950474
135.66535580914933 6.761874784940933 -0.10635055532038089 0.05223426511444401
145.35573836695403 6.7965656614449665 -0.12162252537779035 0.051896259413068344
155.04612092475872 6.829623410161226 -0.12085263643219217 0.0515627055173168
164.73650348256342 6.861201997120154 -0.12009287251686267 0.051233515329250114
174.42688604036812 6.8914334633128975 -0.11913616106555015 0.050908603066735204
184.1172685981728 6.920432046508513 -0.11839756727033277 0.050587885187773234
193.8076511559775 6.948297360010497 -0.1176684868064271 0.05027128031777696
203.4980337137822 6.975116878939548 -0.11694873391228133 0.04995870917966374
213.1884162715869 7.0009679095321555 -0.11623812766536701 0.049650094526637954
222.8787988293916 7.025919166687926 -0.1155364918250751 0.04934536107754295
232.5691813871963 7.0500320506643 -0.11692794233772448 0.04904443545466832
242.259563945001 7.073361689918833 -0.11622839828319449 0.048747246123904894
251.9499465028057 7.095957800179742 -0.11553754662361207 0.04845372333714413
261.6403290606104 7.144622231974337 -0.11485522351718083 0.04816379907682471
271.3307116184151 7.201242272822391 -0.11418126924506841 0.04787740700253324
281.0210941762198 7.253765882602915 -0.11351552808200527 0.04759448239957106
290.7114767340245 7.302747521513239 -0.11285784817174074 0.047314962129403004
300.40185929171275 7.348634403594882 -0.11219179921296148 0.04703878458191151
310.09224184951745 7.391792828718779 -0.11154992072338808 0.04676588962936062
319.78262440732215 7.432526767832573 -0.11091566821070846 0.04649621858204661
329.47300696512684 7.471091321755533 -0.11028890417712738 0.04622971414550036
339.16338952293154 7.507702685598076 -0.10972818893522042 0.04596811275516309
348.85377208073623 7.542545669186699 -0.10911556979259052 0.04570776181874336
358.54415463854093 7.575779469140813 -0.10851005244104593 0.04545041376909608
368.2345371963456 7.607542165112465 -0.1079115119061153 0.04519601649010709
377.9249197541503 7.63795426842092 -0.10731982615130746 0.04494451906867915
387.615302311955 7.667121555701052 -0.1066986956804578 0.044695871760175934
397.3056848697597 7.695137355408419 -0.1061206317472728 0.04445002595505092
406.9960674275644 7.722084410258986 -0.10554906935255974 0.04420693414661413
416.6864499853691 7.748036407187613 -0.10498389746497247 0.04396654989989153
426.3768325431738 7.773059243881936 -0.10442500758681532 0.04372882782153415
436.0672151009785 7.797212084605711 -0.10387229368189424 0.043493723530736106
445.7575976587832 7.820548245995366 -0.10332565210582559 0.04326119363112181
455.4479802165879 7.843115944555726 -0.10278498153870555 0.04303119568356537
465.1383627743926 7.8649589308296735 -0.10230120030788534 0.042805154043105746
474.8287453321973 7.88611703007536 -0.10177180070617675 0.04258008557531866
484.51912788988557 7.906626605329876 -0.10124808696445799 0.04235742738527804
494.20951044769026 7.926520955670633 -0.10072996631152763 0.04213714060501467
503.89989300549496 7.945830660077088 -0.10021734799978585 0.041919187200790645
513.5902755632997 7.9645838754072305 -0.09971014325010442 0.041703529950795584
523.2806581211044 7.982806595486031 -0.09918968239119567 0.04149013242356752
532.971040678909 8.000522877099908 -0.09869318303004317 0.04127895895709639
542.6614232367137 8.017755037715355 -0.09822430944370482 0.04107058302924503
552.3518057945184 8.034523828949487 -0.09773787632376581 0.040863749197240555
562.0421883523231 8.050848589175216 -0.09725644108890144 0.04065903692290988
571.7325709101278 8.06674737811408 -0.0967799256982358 0.04045641342450233
581.4229534679325 8.082237095832902 -0.09630825374064941 0.04025584659470712
591.1133360257372 8.09733358819827 -0.09584135039227756 0.04005730498337134
600.8037185835419 8.112051740540968 -0.09537914237533504 0.03986075778074694
610.4941011413466 8.126405561030206 -0.09492155791821934 0.03966617480124816
620.1844836991513 8.1404082550453 -0.09446852671684651 0.03947352646770079
629.874866256956 8.154072291653817 -0.0940199798971748 0.03928278379606663
639.5652488147607 8.167409463153671 -0.093575849978874 0.039093918380626105
649.2556313725654 8.180430938508199 -0.09313607084009982 0.038906902379602946
658.9460139303701 8.193147311393814 -0.09270057768333405 0.038721708501216166
668.6363964880584 8.20556864348592 -0.09226930700225773 0.03853830999014618
678.3267790458631 8.217704503529689 -0.09184219654959155 0.03835668061438816
688.0171616036678 8.229564002670179 -0.09141918530594514 0.03817679465251186
697.7075441614725 8.24115582646211 -0.09100021344953924 0.03799862688127071
707.3979267192772 8.252488263922936 -0.09058522232684647 0.037822152563581
717.0883092770819 8.26356923395161 -0.09017415442408894 0.03764734743684538
726.7786918348866 8.274406309395856 -0.0897669533395684 0.03747418770161171
736.4690743926913 8.285006739017174 -0.08936356375680055 0.03730265001055583
746.159456950496 8.29537746757373 -0.08896393141842686 0.0371327114577775
755.8498395083006 8.305525154215625 -0.08856800310087672 0.036964349568399335
765.5402220661053 8.315456189364786 -0.08817572658975588 0.03679754228845855
775.23060462391 8.325176710232025 -0.08778705065593631 0.0366322679750822
784.9209871817147 8.334692615106757 -0.0874019250323244 0.0364685053869364
794.6113697395194 8.344009576539648 -0.08702030039128508 0.03630623367494085
804.3017522973241 8.353133053525283 -0.0866421283227005 0.03614543237324008
813.9921348551288 8.362068302780099 -0.08626736131264233 0.035986081390423044
823.6825174129335 8.370820389200597 -0.08589595272263746 0.035828161000983225
833.3728999707382 8.379394195577651 -0.08552785676950866 0.03567165183701168
843.0632825285429 8.387794431634664 -0.08516302850577091 0.03551653488011543
852.7536650862312 8.396025642450029 -0.08480142380057012 0.03536279145355608
862.4440476440359 8.404092216318844 -0.08444299932112138 0.035210403214590805
872.1344302018406 8.411998392100886 -0.08408771251469463 0.035059352147036545
881.8248127596453 8.4197482661006 -0.08373552159104561 0.0349096205540144
891.51519531745 8.427345798516708 -0.08338638550534135 0.03476119105089544
901.2055778752547 8.43479481949739 -0.08304026394153965 0.03461404655843135
910.8959604330594 8.442099034832617 -0.08269711729621235 0.03446817029606553
920.5863429908641 8.449262031312307 -0.08235690666279871 0.034323545775419594
930.2767255486688 8.45628728177616 -0.08201959381627567 0.034180156793949555
939.9671081064735 8.463178149878532 -0.081685141198232 0.03403798742876687
949.6574906642782 8.469937894589496 -0.08135351190233388 0.0338970220306191
959.3478732220829 8.476569674451317 -0.08102466966017037 0.033757245218025596
969.0382557798875 8.483076551607722 -0.08069857882746664 0.03361864187156342
978.7286383376922 8.489461495621848 -0.0803752043706545 0.033481197128299146
988.4190208954969 8.49572738709727 -0.0800545118537888 0.03334489637636214
998.1094034533016 8.501877021115309 -0.07973646742579968 0.03320972524965518
