-1007.7997860111063 11.307483656493442 -0.0007358362286664815 5.924309313420938e-08
-998.1094034533016 11.30748365649344 -0.000731402692197929 5.886792631356903e-08
-988.4190208954969 11.30748365649344 -0.0007270237014441412 5.8497588826992214e-08
-978.7286383376922 11.307483656493439 -0.0007226982342725469 5.8131986841190004e-08
-969.0382557798875 11.307483656493435 -0.0007184252944303083 5.7771028954906984e-08
-959.3478732220829 11.307483656493433 -0.0007142039107148556 5.741462612060573e-08
-949.6574906642782 11.307483656493426 -0.0007100331361767216 5.706269156865305e-08
-939.9671081064735 11.307483656493417 -0.0007059120473531879 5.671514073480677e-08
-930.2767255486688 11.307483656493405 -0.0007018397435313417 5.637189119030364e-08
-920.5863429908641 11.307483656493387 -0.0006978153460392072 5.6032862574554775e-08
-910.8959604330594 11.30748365649336 -0.00069383799756369 5.5697976530510955e-08
-901.2055778752547 11.307483656493325 -0.0006899068614941376 5.5367156642257755e-08
-891.51519531745 11.307483656493272 -0.0006860211212903836 5.5040328375174795e-08
-881.8248127596453 11.307483656493199 -0.0006821799798741924 5.471741901803756e-08
-872.1344302018406 11.307483656493096 -0.0006783826590430903 5.4398357627535145e-08
-862.4440476440359 11.307483656492956 -0.0006746283989056043 5.4083074974417933e-08
-852.7536650862312 11.307483656492762 -0.000670916457336994 5.377150349206667e-08
-843.0632825284265 11.307483656492497 -0.0006672461094545941 5.34635772265261e-08
-833.3728999706218 11.307483656492138 -0.0006636166471119378 5.3159231788568765e-08
-823.6825174129335 11.307483656491657 -0.0006600273784109133 5.2858404307357114e-08
-813.9921348551288 11.30748365649101 -0.0006564776272309366 5.256103338571023e-08
-804.3017522973241 11.307483656490152 -0.0006529667327750761 5.2267059057045614e-08
-794.6113697395194 11.307483656489019 -0.0006494940491315771 5.197642274384797e-08
-784.9209871817147 11.307483656487527 -0.0006460589448507893 5.1689067217445274e-08
-775.23060462391 11.307483656485577 -0.000642660802536617 5.14049365591889e-08
-765.5402220661053 11.307483656483042 -0.0006392990184519413 5.1123976123153476e-08
-755.8498395083006 11.307483656479757 -0.0006359730021374567 5.084613249990826e-08
-746.159456950496 11.307483656475538 -0.0006326821760433837 5.057135348162661e-08
-736.4690743926913 11.307483656470135 -0.0006294259751735445 5.029958802832395e-08
-726.7786918348866 11.307483656463246 -0.0006262038467413152 5.003078623521328e-08
-717.0883092770819 11.307483656454513 -0.0006230152498369859 4.976489930130316e-08
-707.3979267192772 11.307483656443493 -0.0006198596551060876 4.950187949879332e-08
-697.7075441614725 11.307483656429646 -0.0006167365444382562 4.9241680143679256e-08
-688.0171616036678 11.307483656412325 -0.0006156123745165773 4.8984255567232305e-08
-678.3267790458631 11.307483656390753 -0.0006173715401809085 4.872956108845094e-08
-668.6363964880584 11.307483656363994 -0.0006142513771596746 4.847755298734877e-08
-658.9460139302537 11.30748365633095 -0.0006111641673070946 4.8228188479206515e-08
-649.255631372449 11.307483656290296 -0.0006081093484882406 4.798142568951521e-08
-639.5652488146443 11.307483656240477 -0.0006050863731180136 4.7737223629859954e-08
-629.874866256956 11.307483656179665 -0.0006020947075952679 4.7495542174477594e-08
-620.1844836991513 11.30748365610571 -0.0005991338317686194 4.72563420375816e-08
-610.4941011413466 11.30748365601609 -0.0005962032384320859 4.701958475142953e-08
-600.8037185835419 11.30748365590788 -0.0005933024328476678 4.6785232645000375e-08
-591.1133360257372 11.307483655777684 -0.0005904309322934348 4.655324882340921e-08
-581.4229534679325 11.307483655621551 -0.0005875882656351042 4.632359714798043e-08
-571.7325709101278 11.307483655434941 -0.0005847739729195063 4.609624221676284e-08
-562.0421883523231 11.307483655212625 -0.000581987604988435 4.587114934597536e-08
-552.3518057945184 11.307483654948609 -0.000579228723111513 4.564828455158638e-08
-542.6614232367137 11.307483654636034 -0.0005764968986368139 4.542761453183378e-08
-532.971040678909 11.307483654267093 -0.0005737917126580855 4.5209106649977924e-08
-523.2806581211044 11.307483653832898 -0.0005711127556975165 4.499272891793837e-08
-513.5902755632997 11.307483653323393 -0.0005684596274030676 4.477844997988627e-08
-503.89989300549496 11.307483652727182 -0.0005658319362594704 4.4566239096894776e-08
-494.20951044769026 11.307483652031454 -0.0005632292993120636 4.435606613163824e-08
-484.51912788988557 11.307483651221776 -0.0005606513419026989 4.414790153369404e-08
-474.82874533208087 11.307483650281966 -0.0005580976974170098 4.394171632528533e-08
-465.1383627742762 11.307483649193937 -0.0005555680070423868 4.373748208743757e-08
-455.4479802164715 11.307483647937477 -0.0005530619195360486 4.353517094645043e-08
-445.7575976587832 11.307483646490102 -0.0005505790910026758 4.333475556090448e-08
-436.0672151009785 11.307483644826826 -0.0005481191846809036 4.3136209108863117e-08
-426.3768325431738 11.307483642919971 -0.000545681870738632 4.293950527561386e-08
-416.6864499853691 11.307483640738921 -0.0005432668260761024 4.2744618241688795e-08
-406.9960674275644 11.307483638249902 -0.0005408737341367628 4.255152267114346e-08
-397.3056848697597 11.307483635415725 -0.0005385022847253493 4.236019370032542e-08
-387.615302311955 11.307483632195533 -0.0005361521738328431 4.217060692677473e-08
-377.9249197541503 11.307483628544526 -0.0005338231034679575 4.198273839864393e-08
-368.2345371963456 11.307483624413694 -0.0005315147814948287 4.179656460421474e-08
-358.54415463854093 11.307483619749501 -0.000529226921476613 4.161206246181947e-08
-348.85377208073623 11.307483614493597 -0.0005269592425247004 4.142920930998292e-08
-339.16338952293154 11.30748360858251 -0.00052471146915328 4.1247982897968136e-08
-329.47300696512684 11.307483601947302 -0.0005224833311390082 4.106836137630953e-08
-319.78262440732215 11.307483594513261 -0.0005202745633855398 4.089032328782662e-08
-310.09224184951745 11.307483586199531 -0.0005180849057927038 4.071384755892334e-08
-300.40185929171275 11.307483576918782 -0.0005159141031301137 4.053891349086745e-08
-290.71147673390806 11.307483566576844 -0.0005137619049150139 4.036550075153066e-08
-281.02109417610336 11.30748355507234 -0.0005116280652941775 4.019358936729784e-08
-271.33071161829866 11.307483542296312 -0.0005095123429296816 4.002315971506828e-08
-261.6403290606104 11.307483528131845 -0.0005074145008884134 3.985419251466268e-08
-251.9499465028057 11.307483512453675 -0.0005053343065350095 3.9686668821280694e-08
-242.259563945001 11.307483495127808 -0.0005032715314284455 3.952057001822326e-08
-232.5691813871963 11.307483476011125 -0.0005012259512216411 3.935587780978019e-08
-222.8787988293916 11.307483454950983 -0.000499197345564321 3.9192574214295824e-08
-213.1884162715869 11.307483431784824 -0.0004971854980088548 3.9030641557464135e-08
-203.4980337137822 11.307483406339776 -0.0004951901959189816 3.8870062465769306e-08
-193.8076511559775 11.307483378432236 -0.0004932112303813052 3.871081986000128e-08
-184.1172685981728 11.307483347867514 -0.0005012298788576539 2.663242090300875e-07
-174.42688604036812 11.307483314439404 -0.0004991469989930431 2.6306147477715794e-07
-164.73650348256342 11.307483277929805 -0.0004970835053493384 2.59883603837322e-07
-155.04612092475872 11.307483238108318 -0.0004950390576631279 2.567872518375986e-07
-145.35573836695403 11.307483194731898 -0.0006101478712993558 2.537692490919924e-07
-135.66535580914933 11.307483147544444 -0.000606554900268942 2.50826589318339e-07
-125.97497325134464 11.307483096276448 -0.0006030223736091328 2.4795641921846715e-07
-116.28459069353994 11.307483040644623 -0.000599548316783128 2.4515602884737684e-07
-106.59420813573524 11.307482980351567 -0.0005961308512922354 2.424228427003724e-07
-96.90382557793055 11.30748291508541 -0.0006700045736624525 2.3975441145826296e-07
-87.21344302012585 11.307482844519479 -0.0006656409478431647 2.3714840433331835e-07
-77.52306046243757 11.307482768312001 -0.0006613571787978112 2.346026019667426e-07
-67.83267790463287 11.307482686105773 -0.0006957538725291348 1.0538014728142001e-05
-58.14229534682818 11.307482597527896 -0.0007688635910891555 1.0395246996180996e-05
-48.45191278902348 11.307482502189467 -0.0007632489450061697 1.0256304002517248e-05
-38.761530231218785 11.307482399685364 -0.0007577453666989469 1.0121033962758755e-05
-29.07114767341409 11.307482289593962 -0.0007523490313889169 9.989293022148668e-06
-19.380765115609393 11.307482171476922 -0.0007470562986405104 9.860944744279212e-06
-9.690382557804696 11.307482044878983 -0.0007418637011560753 9.73585963887094e-06
0.0 11.30748190932778 -0.000736767934384675 9.613914725175277e-06
9.690382557804696 8.766055775449093 -0.058902260898639196 0.03261259513406011
19.380765115609393 8.973104111599728 -0.05810767163116135 0.032169884540174935
29.07114767341409 9.11370132116383 -0.057458119594625365 0.031739032455408184
38.761530231218785 9.223411152924873 -0.056703498153314075 0.03131956870997875
48.45191278902348 9.314373636181719 -0.05596852304699708 0.03091104766520001
58.14229534682818 9.392468915009438 -0.05525243601289352 0.030513046634190202
67.83267790463287 9.461069689291365 -0.0545545173276008 0.030125164423039995
77.52306046243757 9.522319697561922 -0.053874083388983106 0.029747019981852696
87.21344302024227 9.577679871412842 -0.05321048447788228 0.02937825115612267
96.90382557804696 9.628197490682215 -0.052563102684239756 0.029018513529851145
106.59420813573524 9.674652766847599 -0.051931349983717644 0.028667479352635496
116.28459069353994 9.71764483034963 -0.051314666452185034 0.028324836543681186
125.97497325134464 9.757645163835459 -0.05071251860678294 0.027990287766438027
135.66535580914933 9.795032372751951 -0.05012439786308162 0.02766354956800867
145.35573836695403 9.830115682761779 -0.049549819099062774 0.027344351578157775
155.04612092475872 9.863151327966944 -0.04898831931735582 0.027032435763138983
164.73650348256342 9.894354290942958 -0.04845378168582605 0.026727555730015718
174.42688604036812 9.923906908696988 -0.04791693936429457 0.026429476077533997
184.1172685981728 9.951965308626331 -0.047391912895776 0.026137971789952908
193.8076511559775 9.97866430683087 -0.046882638642535106 0.025852827670552424
203.4980337137822 10.004121194456689 -0.04638004245300101 0.0255738378118212
213.1884162715869 10.02843870525531 -0.046082514331502886 0.0253240796520817
222.8787988293916 10.051707370439216 -0.04559826143948273 0.025056501278197855
232.5691813871963 10.074007408349939 -0.045125751077229416 0.02479451703285702
242.259563945001 10.095410256279397 -0.044661488255059334 0.02453795497100588
251.9499465028057 10.115979823719323 -0.04420672455403784 0.02428664847067529
261.6403290606104 10.135773526382492 -0.04376117086655358 0.024040437668408517
271.3307116184151 10.15484314597151 -0.0433245497107882 0.023799169119981912
281.0210941762198 10.173235550170384 -0.04290038744839895 0.023562695481363995
290.71147673390806 10.190993299562475 -0.042483862401445735 0.023330875208521097
300.40185929171275 10.208155162361125 -0.04207239020120655 0.02310357227476662
310.09224184951745 10.224756553430975 -0.04166884820990622 0.02288065590450914
319.78262440732215 10.240829910719016 -0.04127300894565507 0.022662000322247473
329.47300696512684 10.256405019609538 -0.04088465355315993 0.02244748451584207
339.16338952293154 10.27150929370003 -0.040503571398330766 0.02223699201310889
348.85377208073623 10.286168018907402 -0.040147624416083126 0.022030410670871647
358.54415463854093 10.300404566560003 -0.039780240999917164 0.02182763247566922
368.2345371963456 10.314240580131987 -0.03942835148876501 0.02162855335537355
377.9249197541503 10.32850342011067 -0.03907405421354693 0.021433073001027484
387.615302311955 10.347343213102464 -0.03872609697648595 0.02124109469826139
397.3056848697597 10.365481366459495 -0.038384310764655004 0.021052525167692952
406.9960674275644 10.382964717877257 -0.03804853252698148 0.02086727441375657
416.6864499853691 10.399835701122852 -0.03772613723060534 0.020685255581447307
426.3768325431738 10.416132862030402 -0.037401805643186584 0.020506384820500205
436.0672151009785 10.431891301099085 -0.03708302886927014 0.02033058115655846
445.7575976587832 10.447143055097694 -0.03676966511841829 0.020157766368914455
455.4479802165879 10.461917427672327 -0.03646157739150016 0.01998786487443556
465.1383627743926 10.476241277067922 -0.04301244434466113 0.019820803617312963
474.8287453321973 10.49013926758535 -0.0426218515852747 0.01965651196429518
484.51912788988557 10.503634090212493 -0.04223862287682003 0.019494921605092745
494.20951044769026 10.516746656922399 -0.04186254083901572 0.019335966457647038
503.89989300549496 10.529496272366702 -0.04150177983773344 0.019179582578016507
513.5902755632997 10.541900786081916 -0.04113926039271655 0.019025708074583043
523.2806581211044 10.55397672781916 -0.04078329037423612 0.01887428302636578
532.971040678909 10.565739428201157 -0.040433685340416546 0.018725249405204102
542.6614232367137 10.577203126572448 -0.04009026806830696 0.01857855100159952
552.3518057945184 10.588381067630403 -0.03975286818619115 0.01843413335401708
562.0421883523231 10.599285588194029 -0.03942132182916356 0.018291943681459574
571.7325709101278 10.609928195275021 -0.03909547131620863 0.01815193081913919
581.4229534679325 10.62031963645478 -0.03877516484717473 0.018014045157081625
591.1133360257372 10.630469963435534 -0.03846025621817496 0.017878238581508114
600.8037185835419 10.640388589519718 -0.03815060455407267 0.01774446441884968
610.4941011413466 10.650084341674935 -0.03784607405682327 0.017612677382256754
620.1844836991513 10.65956550775934 -0.037546533768546844 0.017482833520475336
629.874866256956 10.668839879412138 -0.03725185734829917 0.017354890168968507
639.5652488147607 10.677914791053295 -0.03696192286159251 0.01722880590316895
649.2556313725654 10.686797155384795 -0.03667661258179496 0.017104540493754997
658.9460139303701 10.695493495740779 -0.036395812802605225 0.016982054863848548
668.6363964880584 10.704009975594825 -0.036119413660867655 0.01686131104804095
678.3267790458631 10.712352425499578 -0.03584730896902512 0.01674227215314743
688.0171616036678 10.720526367702002 -0.03557939605663067 0.016624902320627077
697.7075441614725 10.728537038655384 -0.035315575620269636 0.01650916669055844
707.3979267192772 10.736389409622662 -0.035055751581404095 0.01639503136711695
717.0883092770819 10.744088205547772 -0.03479983095162197 0.016282463385473216
726.7786918348866 10.751637922353316 -0.03454772370483234 0.01617143068004603
736.4690743926913 10.759042842807059 -0.03429855090804456 0.01606192320273881
746.159456950496 10.766307051085867 -0.03405382242295687 0.015953868009788534
755.8498395083006 10.77343444615324 -0.033812653541876 0.015847257001123573
765.5402220661053 10.780428754055446 -0.03357496494618284 0.015742061415288132
775.23060462391 10.78729353923128 -0.03334067973018328 0.015638253249542978
784.9209871817147 10.79403221492161 -0.033109723307025524 0.01553580523500994
794.6113697395194 10.800648052756893 -0.03288202331912951 0.015434690812787224
804.3017522973241 10.807144191593503 -0.032657509552870216 0.015334884110991535
813.9921348551288 10.813523645663397 -0.03243611385727394 0.015236359922685443
823.6825174129335 10.819789312095656 -0.03221777006650254 0.015139093684650277
833.3728999707382 10.825943977863309 -0.032002413925915005 0.015043061456967084
843.0632825285429 10.831990326203858 -0.03178998302150989 0.014948239903370002
852.7536650862312 10.837930942557758 -0.031580416712566596 0.014854606272339192
862.4440476440359 10.843768320065534 -0.031373656067298264 0.01476213837889453
872.1344302018406 10.849504864659222 -0.03116964380139204 0.014670814587076258
881.8248127596453 10.85514289978306 -0.030968324219234827 0.014580613793060986
891.51519531745 10.860684670773047 -0.03076964315772018 0.01449151540890231
901.2055778752547 10.866132348923632 -0.030573547932487406 0.014403499346862985
910.8959604330594 10.871488035267026 -0.03037998728647008 0.014316546004314656
920.5863429908641 10.876753764088484 -0.030188911340635786 0.014230636249181333
930.2767255486688 10.881931506198834 -0.030078585453876757 0.01414575140590398
939.9671081064735 10.887023171983744 -0.029891263711248547 0.014061873241904438
949.6574906642782 10.892030614247576 -0.02970631372743881 0.013978983954528174
959.3478732220829 10.896955630868092 -0.029523689529493868 0.01389706615844622
969.0382557798875 10.901799967277022 -0.029343346366004507 0.01381610287349752
978.7286383376922 10.906565318780023 -0.02926841139645616 0.013736077512953814
988.4190208954969 10.911253332728695 -0.029091099875572183 0.013656973872190111
998.1094034533016 10.915865610555995 -0.028915979583484217 0.013578776117744409
