-1007.7997860111063 8.79373333693511 -0.020202364855187716 0.011509699192936778
-998.1094034533016 8.794704573410435 -0.02013346075542968 0.011470693603884252
-988.4190208954969 8.79567174325768 -0.020303362160266798 0.011451039613958713
-978.7286383376922 8.796634775451649 -0.020233629226735373 0.011412417237421679
-969.0382557798875 8.797593603360001 -0.02016438146585553 0.011374055127228163
-959.3478732220829 8.798548164573711 -0.020095613666836407 0.011335950648219037
-949.6574906642782 8.7994984007429 -0.02002732069779595 0.011298101201067012
-939.9671081064735 8.800444257417844 -0.019959497504121168 0.011260504221656347
-930.2767255486688 8.801385683895152 -0.02006874524587807 0.011223157180475932
-920.5863429908641 8.802322633068885 -0.020000545073362446 0.011186057582025418
-910.8959604330594 8.8032550612866 -0.01993281900763235 0.011149202964234045
-901.2055778752547 8.804182928210102 -0.0198655618726112 0.011112590897891779
-891.51519531745 8.80510619668087 -0.019798768573926602 0.011076218986092519
-881.8248127596453 8.806024832590019 -0.019732434097095852 0.011040084863688954
-872.1344302018406 8.806938804752626 -0.01966655350576676 0.011004186196758858
-862.4440476440359 8.807848084786398 -0.019601121940011665 0.010968520682082483
-852.7536650863476 8.80875264699447 -0.019756752291885192 0.010933086046631157
-843.0632825285429 8.809652468252365 -0.019830907898366598 0.010903833941070036
-833.3728999707382 8.810547527898754 -0.019764160128577225 0.010868810384026447
-823.6825174129335 8.811437807630195 -0.01969788103789459 0.010834011708255358
-813.9921348551288 8.812323291399565 -0.019632065292922888 0.01079943574249524
-804.3017522973241 8.813203965318102 -0.02047461428476148 0.010765080343676252
-794.6113697395194 8.814079817560986 -0.02040300301088442 0.010730943396453236
-784.9209871817147 8.814950838276333 -0.02033193797471864 0.010697022812748397
-775.23060462391 8.815817019497523 -0.020311398863469 0.010663316531303415
-765.5402220661053 8.816678355058706 -0.020241037758465804 0.010629822517240732
-755.8498395083006 8.817534840513474 -0.02017120728887555 0.010596538761633783
-746.159456950496 8.818386473056524 -0.020101900629674742 0.010563463281085973
-736.4690743926913 8.819233251448255 -0.020033111091740764 0.010530594117318114
-726.7786918348866 8.820075175942204 -0.019964832118001763 0.010497929336764205
-717.0883092770819 8.820912248215233 -0.019897057279729128 0.010465467030175217
-707.3979267192772 8.821744471300361 -0.01982978027296612 0.010433205312230824
-697.7075441614725 8.822571849522186 -0.019762994915086575 0.01040114232115878
-688.0171616036678 8.823394388434764 -0.019696695141477857 0.010369276218361805
-678.3267790458631 8.824212094761931 -0.01963087500234253 0.010337605188051786
-668.6363964881748 8.825024976339922 -0.019565528659614438 0.010306127436891473
-658.9460139303701 8.82583304206227 -0.019697016178741873 0.010303542942120682
-649.2556313725654 8.826636301826817 -0.01963115791992839 0.01027223562540216
-639.5652488147607 8.827434766484886 -0.019565777620945867 0.01024111941383209
-629.874866256956 8.828228447792457 -0.019500869405039572 0.010210192533647407
-620.1844836991513 8.829017358363274 -0.019436427506434862 0.010179453233763232
-610.4941011413466 8.829801511623893 -0.019372446267369715 0.010148899785385086
-600.8037185835419 8.830580921770494 -0.019308920135230993 0.010118530481630122
-591.1133360257372 8.831355603727491 -0.01924584365978987 0.010088343637156912
-581.4229534679325 8.832125573107811 -0.019183211490532433 0.01005833758780374
-571.7325709101278 8.832890846174838 -0.019121018374081207 0.010028510690234948
-562.0421883523231 8.83365143980589 -0.019059259151704037 0.00999886132159526
-552.3518057945184 8.834407371457266 -0.01899792875690644 0.00996938787917162
-542.6614232367137 8.8351586591307 -0.01909451528795182 0.009951276476987032
-532.971040678909 8.835905321341274 -0.01903286654761977 0.009922067673577938
-523.2806581211044 8.836647377086656 -0.018971648962492697 0.009893031313199328
-513.5902755632997 8.837384845817668 -0.018910857442034332 0.009864165844154697
-503.89989300549496 8.838117747410081 -0.01885048698773677 0.009835469734065757
-494.20951044769026 8.838846102137659 -0.018790532690765062 0.009806941469548573
-484.519127890002 8.839569930646325 -0.01883172020582584 0.00977857955589741
-474.8287453321973 8.840289253929535 -0.01877184313239006 0.009750382516774033
-465.1383627743926 8.841004093304576 -0.018712378819415367 0.009722348893907357
-455.4479802165879 8.841714470390054 -0.018653322459635212 0.00969447724679637
-445.7575976587832 8.842420407084308 -0.018594669331567126 0.009666766152421331
-436.0672151009785 8.843121925544771 -0.018536414797343956 0.0096392142049609
-426.3768325431738 8.843819048168298 -0.018533693696562662 0.009611820015515436
-416.6864499853691 8.844511797572327 -0.01847581682875923 0.009584582211836206
-406.9960674275644 8.845200196576933 -0.018418331055456993 0.009557499438060434
-397.3056848697597 8.84588426818766 -0.018361231923819936 0.009530570354451899
-387.615302311955 8.846564035579176 -0.018426289211229692 0.009503793637147023
-377.9249197541503 8.847239522079642 -0.018369051816084555 0.009477167977906268
-368.2345371963456 8.84791075115583 -0.01831220132339039 0.009450692083870631
-358.54415463854093 8.84857774639892 -0.0182557332920434 0.009424364677323204
-348.85377208073623 8.84924053151096 -0.018199643359459918 0.009398184495455581
-339.16338952293154 8.849899130291972 -0.018143927239601242 0.009372150290139014
-329.47300696512684 8.85055356662767 -0.018088580721063837 0.009346260827700124
-319.78262440732215 8.851203864477746 -0.018033599665232304 0.009320514888701198
-310.09224184951745 8.851850047864735 -0.017978980004492506 0.00929491126772477
-300.40185929182917 8.852492140863415 -0.017924717740503134 0.009269448773162794
-290.7114767340245 8.853130167590736 -0.017870808942519457 0.009244126227008435
-281.0210941762198 8.853764152196193 -0.01781724974577681 0.009218942464654937
-271.3307116184151 8.854394118852733 -0.017764036349918754 0.009193896334695384
-261.6403290606104 8.85502009174808 -0.019608269435983035 0.009559673468861496
-251.9499465028057 8.855642095076506 -0.0195417378988098 0.009532016352741668
-242.259563945001 8.856260153031009 -0.019475746208834376 0.009504535725077479
-232.5691813871963 8.856874289795902 -0.019410286334901494 0.00947722956404123
-222.8787988293916 8.857484529539763 -0.019345350432303683 0.009450095886669917
-213.1884162715869 8.858090896408763 -0.019280930836850528 0.009423132747734387
-203.4980337137822 8.858693414520342 -0.019217020059174524 0.009396338238652551
-193.8076511559775 8.859292107957211 -0.0191536107792623 0.009369710486444454
-184.1172685981728 8.859887000761667 -0.01909069584120067 0.009343247652727317
-174.42688604036812 8.86047811693023 -0.019028268248127485 0.00931694793274865
-164.73650348256342 8.861065480408554 -0.018966321157377578 0.009290809554455631
-155.04612092475872 8.861649115086623 -0.01890484787581517 0.009264830777599157
-145.35573836695403 8.862229044794212 -0.018843841855343903 0.009239009892870907
-135.66535580914933 8.862805293296587 -0.018783296688586613 0.009213345221071962
-125.97497325134464 8.86337788429048 -0.01872320610472712 0.009187835112311575
-116.28459069353994 8.863946841400264 -0.01866356396550688 0.009162477945234683
-106.59420813585166 8.864512188174338 -0.018604364261370222 0.00913727212627725
-96.90382557804696 8.865073948081793 -0.018545601107747424 0.009112216088946431
-87.21344302024227 8.86563214450917 -0.018487268741480208 0.009087308293128848
-77.52306046243757 8.866186800757506 -0.01842936151736935 0.009062547224419955
-67.83267790463287 8.866737940039501 -0.018371873904849696 0.009037931393477928
-58.14229534682818 8.867285585476894 -0.018314800484782876 0.009013459335399302
-48.45191278902348 8.867829760097987 -0.018258135946363423 0.008989129609115732
-38.761530231218785 8.868370486835339 -0.018201875084133547 0.00896494079681096
-29.07114767341409 8.868907788523583 -0.018146012795101932 0.008940891503357225
-19.380765115609393 8.86944168789743 -0.018090544075962313 0.008916980355770182
-9.690382557804696 8.869972207589777 -0.018035464020407507 0.008893206002681705
0.0 5.899354386539197 -0.04373996701847707 0.051232138815494155
9.690382557804696 6.097343592314789 -0.0484414880486491 0.05308627976147132
19.380765115609393 6.222209692078 -0.04816345997113099 0.05273822570597816
29.07114767341409 6.318887445243401 -0.04788906899094168 0.05239503426317578
38.761530231218785 6.399409688184978 -0.04766028025573337 0.05205803987029774
48.45191278902348 6.46913441754957 -0.04739262942689238 0.05172425429105048
58.14229534682818 6.531001166244388 -0.047128400342391304 0.05139502855300079
67.83267790463287 6.586827933401029 -0.04686752365278734 0.05107026733524947
77.52306046232115 6.637831310541691 -0.04660993191772158 0.050749877981107076
87.21344302012585 6.684872421437597 -0.046381477586347294 0.05043449553641876
96.90382557793055 6.728586988718337 -0.046130070133441094 0.050122576803312495
106.59420813573524 6.769459979574573 -0.045926764271858 0.049816199924377094
116.28459069353994 6.807871212679486 -0.04568115722929068 0.04951240584087212
125.97497325134464 6.844124640188071 -0.04543853187427982 0.049212557414015805
135.66535580914933 6.878467922314337 -0.045198830764891916 0.04891657614805707
145.35573836695403 6.911105958320377 -0.04496199796439373 0.04862438563705759
155.04612092475872 6.9422105080432255 -0.04472797899172977 0.04833591149554068
164.73650348256342 6.971927201041554 -0.04449672077395131 0.048051081291887385
174.42688604036812 7.000380750739899 -0.04427634691023745 0.04777020898852228
184.1172685981728 7.027678904963035 -0.044050395940563675 0.0474924540207245
193.8076511559775 7.053915487840197 -0.04382989283690663 0.047218200089690104
203.4980337137822 7.079172775944508 -0.04360909384769774 0.046947254982901636
213.1884162715869 7.103523378384533 -0.043449162808558255 0.04668183072706324
222.8787988293916 7.127031741712517 -0.04323292157056711 0.046417425351413945
232.5691813871963 7.14975536719848 -0.04303614450012153 0.04615660593079845
242.259563945001 7.171745804868327 -0.042824599514603046 0.04589851237687918
251.9499465028057 7.193049472339899 -0.04261540287948792 0.045643489331281886
261.64032906049397 7.242416460066052 -0.04240851316725832 0.045391480753117594
271.33071161829866 7.295837235356262 -0.042203889946884086 0.04514243197238169
281.02109417610336 7.345378682261259 -0.042001493753684914 0.04489628964812367
290.71147673390806 7.391562132254971 -0.04180128606026195 0.044653001728113116
300.40185929171275 7.43480794410004 -0.041603229248490345 0.04441251740998224
310.09224184951745 7.475460504942761 -0.041407286582513275 0.044174787103766065
319.78262440732215 7.513805835975924 -0.04121342218269863 0.043939762395783816
329.47300696512684 7.550084303891067 -0.04102160100051787 0.04370739601380658
339.16338952293154 7.584499997971415 -0.04083178879430964 0.04347764179345754
348.85377208073623 7.617227778428058 -0.04064395210589138 0.04325045464579427
358.54415463854093 7.648418663127054 -0.04045805823798487 0.04302579052602515
368.2345371963456 7.678204006387307 -0.04032826878796612 0.042805870878816196
377.9249197541503 7.706698784992811 -0.040145767324597945 0.042586108073368885
387.615302311955 7.734004214385539 -0.03996512074667937 0.04236874237214856
397.3056848697597 7.760209855345058 -0.03978629906387392 0.042153733609970115
406.9960674275644 7.7853953280808765 -0.039609272948605605 0.041941042525000236
416.6864499853691 7.809631720158977 -0.03943401371759614 0.04173063073337548
426.3768325431738 7.832982752938974 -0.03915174118981952 0.04153178749490772
436.0672151009785 7.855505755505688 -0.03945153755709737 0.041326175554849146
445.7575976586668 7.877252483622312 -0.03927874248853051 0.041122308925463126
455.4479802164715 7.898269812776852 -0.039107644688767366 0.040920577384254565
465.1383627742762 7.91860032807573 -0.04316171349213927 0.040776542532553986
474.82874533208087 7.9382828289853915 -0.04299179193340969 0.04057932229675649
484.51912788988557 7.957352763281126 -0.04605744356607364 0.04038338355070863
494.20951044769026 7.975842601770823 -0.0458382331118942 0.04018945274212739
503.89989300549496 7.993782163180689 -0.045621388052618554 0.03999749822866214
513.5902755632997 8.011198896880083 -0.045406867278467586 0.03980748903821349
523.2806581211044 8.028118129766199 -0.0451946306721686 0.0396193948511732
532.971040678909 8.044563282545447 -0.04498463907819562 0.03943318598322773
542.6614232367137 8.060556059775278 -0.044776854273175744 0.039248833368704245
552.3518057945184 8.076116617321873 -0.044571238937409705 0.03906630854443944
562.0421883523231 8.091263710310765 -0.044367756627456754 0.03888558363415215
571.7325709101278 8.106014824172354 -0.0441663717497367 0.03870663133330121
581.4229534679325 8.120386290991656 -0.04396704953510468 0.038529424894411225
591.1133360257372 8.134393393045647 -0.04376975601435587 0.03835393811284938
600.8037185835419 8.148050455139643 -0.043574457994620217 0.038180145313037143
610.4941011413466 8.16137092712601 -0.04338112303660873 0.03800802133508147
620.1844836991513 8.174367457796675 -0.04318971943267494 0.037837541521810625
629.8748662568396 8.187051961178565 -0.043000216185659315 0.03766868170620232
639.5652488146443 8.199435676124528 -0.04332776541693421 0.037546431541245
649.255631372449 8.211529219972192 -0.043138167335757906 0.037380408637353
658.9460139302537 8.223342636948297 -0.04295043648440985 0.037215940926392056
668.6363964880584 8.234885441905337 -0.04276454329207175 0.03705300597706375
678.3267790458631 8.246166659906745 -0.04258045883845525 0.03689158179382108
688.0171616036678 8.257194862112504 -0.0423981548354273 0.03673164680625761
697.7075441614725 8.267978198362384 -0.042217603609270765 0.03657317985880663
707.3979267192772 8.278524426806603 -0.042038778083554336 0.036416160200739914
717.0883092770819 8.288840940892484 -0.04186165176258661 0.03626056747645567
726.7786918348866 8.29893479387631 -0.04168619871543127 0.036106381716046174
736.4690743926913 8.3088127214716 -0.041512393560460305 0.03595358332613549
746.159456950496 8.318481162308482 -0.04176197488964226 0.03583190983791366
755.8498395083006 8.32794627674847 -0.04158829106943131 0.03568161012566879
765.5402220661053 8.337213964151895 -0.04145760283494516 0.035535174183112035
775.23060462391 8.346289878715256 -0.041286829431797324 0.035387505453356664
784.9209871817147 8.35517944402334 -0.04111763253880634 0.03524113480204709
794.6113697395194 8.363887866434014 -0.04094998874766911 0.03509604464518108
804.3017522973241 8.372420147401202 -0.04078387513379415 0.03495221772003109
813.9921348551288 8.380781094830862 -0.040619269243437256 0.03480963707777439
823.6825174128171 8.388975333555404 -0.04045614908125909 0.03466828607632803
833.3728999706218 8.397007315004716 -0.040294493098276596 0.03452814837337205
843.0632825284265 8.40488132614295 -0.040134280180222054 0.03438920791958
852.7536650862312 8.412601497737786 -0.03997548963625557 0.03425144895201684
862.4440476440359 8.42017181202014 -0.03981810118804661 0.03411485598772373
872.1344302018406 8.42759610978987 -0.039662094959198674 0.033979413817474
881.8248127596453 8.434878097018107 -0.039507451465006595 0.03384510749969639
891.51519531745 8.442021350993317 -0.03935415160253384 0.03371192235456057
901.2055778752547 8.449029326054594 -0.039202176640997816 0.033579843958219585
910.8959604330594 8.455905358952494 -0.03905150821245215 0.03344885813720469
920.5863429908641 8.46265267387442 -0.038902128302754614 0.03331895096296752
930.2767255486688 8.469274387168648 -0.03875401924281079 0.03319010874656537
939.9671081064735 8.475773511797946 -0.038607163700083116 0.03306231803348504
949.6574906642782 8.482152961550883 -0.038461544670355875 0.03293556559860102
959.3478732220829 8.48841555503606 -0.038317145469747 0.03280983844126411
969.0382557798875 8.494564019481667 -0.03817394972695799 0.0326851237805163
978.7286383376922 8.500600994360179 -0.0380319413757533 0.03256140905042825
988.4190208954969 8.506529034855408 -0.037891104647661385 0.032438681895555835
998.1094034533016 8.512350615186731 -0.037751424064889426 0.03231693016651182
