-1007.7997860109899 8.823035121063516 -0.02500145715888011 0.021589610423354198
-998.1094034531852 8.823993051371597 -0.02491903360598728 0.021525807758380543
-988.4190208953805 8.82494227577052 -0.024837202773747978 0.02146238200176486
-978.7286383375758 8.825882890795416 -0.024755957457378918 0.02139932980565417
-969.0382557797711 8.826814991778754 -0.024675290585020625 0.0213366478621933
-959.3478732219664 8.827738672867941 -0.024595195214318393 0.02127433290291424
-949.6574906642782 8.828654027042534 -0.02463487788573279 0.021212381698137914
-939.9671081064735 8.829561146131141 -0.024555028568775162 0.02115079105638377
-930.2767255486688 8.830460120827862 -0.024475743469157027 0.021089557823797882
-920.5863429908641 8.831351040708466 -0.024397015852316285 0.021028678883584614
-910.8959604330594 8.832233994246224 -0.02431883910572296 0.02096815115545254
-901.2055778752547 8.833109068827381 -0.02424120673579108 0.02090797159507009
-891.51519531745 8.833976350766376 -0.024230643257040305 0.0208481371935313
-881.8248127596453 8.834835925320736 -0.024153590825636135 0.020788644976831454
-872.1344302018406 8.835687876705652 -0.024077071133370133 0.02072949200535244
-862.4440476440359 8.836532288108346 -0.024001077977699646 0.020670675373357476
-852.7536650862312 8.837369241702127 -0.02407610807890318 0.02061219220849519
-843.0632825284265 8.83819881866017 -0.024000039356259363 0.020554039671312592
-833.3728999706218 8.839021099169097 -0.02392449547536451 0.02049621495477694
-823.6825174128171 8.839836162442275 -0.023849470300727173 0.020438715283806204
-813.9921348550124 8.840644086732876 -0.023774957806246604 0.020381537914807953
-804.3017522972077 8.841444949346748 -0.023700952072473254 0.020324680135226474
-794.611369739403 8.842238826655018 -0.02362744728395872 0.020268139263097968
-784.9209871815983 8.843025794106511 -0.02355443772669152 0.020211912646613584
-775.2306046237936 8.843805926239945 -0.023481917785615366 0.020155997663690188
-765.5402220661053 8.844579296695924 -0.02340988194222738 0.020100391721549336
-755.8498395083006 8.84534597822878 -0.023338324772248117 0.020045092256300304
-746.159456950496 8.846106042718112 -0.023267240943373346 0.019990096732536926
-736.4690743926913 8.846859561180262 -0.023196625213087393 0.01993540264293494
-726.7786918348866 8.847606603779546 -0.02409266360099216 0.020021089270867248
-717.0883092770819 8.848347239839303 -0.024015839236323618 0.01996595698509868
-707.3979267192772 8.849081537852816 -0.023939572205310133 0.019911133918874238
-697.7075441614725 8.849809565494018 -0.023863855325631646 0.019856617342998657
-688.0171616036678 8.850531389628065 -0.023788681560599132 0.019802404563998753
-678.3267790458631 8.851247076321735 -0.023714044014982633 0.019748492923420898
-668.6363964880584 8.851956690853676 -0.023639935930993828 0.01969487979714917
-658.9460139302537 8.85266029772451 -0.023566350684416024 0.019641562594743343
-649.255631372449 8.853357960666768 -0.023493281780875088 0.019588538758795872
-639.5652488146443 8.854049742654718 -0.02342072285224505 0.019535805764307256
-629.8748662568396 8.854735705913988 -0.02334866765318241 0.019483361118078826
-620.1844836990349 8.85541591193113 -0.023277110057783712 0.019431202358122488
-610.4941011412302 8.856090421462993 -0.023206044056360786 0.019379327053086613
-600.8037185834255 8.856759294545958 -0.02313546375232891 0.0193277328016976
-591.1133360256208 8.857422590505102 -0.02306536335920284 0.019276417232216302
-581.4229534678161 8.858080367963167 -0.02299573719769625 0.019225378001909033
-571.7325709101278 8.85873268484944 -0.022926579692921126 0.019174612796532972
-562.0421883523231 8.859379598408536 -0.02285788537167789 0.01912411932983197
-552.3518057945184 8.86002116520898 -0.02278964885984489 0.01907389534305135
-542.6614232367137 8.860657441151755 -0.022721864879846797 0.019023938604459043
-532.971040678909 8.8612884814787 -0.02265452824821103 0.018974246908881706
-523.2806581211044 8.86191434078079 -0.022587633873203502 0.01892481807725197
-513.5902755632997 8.862535073006322 -0.02252117675254162 0.018875649956166654
-503.89989300549496 8.863150731468968 -0.022455151971181347 0.018826740417455964
-494.20951044769026 8.863761368855759 -0.022389554699175248 0.01877808735776293
-484.51912788988557 8.864367037234919 -0.02232438018959901 0.01872968869813309
-474.82874533208087 8.864967788063629 -0.022259623776543537 0.018681542383613768
-465.1383627742762 8.865563672195682 -0.028324781213599413 0.02185624501387688
-455.4479802164715 8.866154739889023 -0.02980467620711101 0.022148868280675187
-445.7575976586668 8.866741040813219 -0.029684784782895754 0.022075311457278573
-436.0672151008621 8.86732262405679 -0.029566115510946542 0.02200238021438731
-426.3768325430574 8.867899538134507 -0.0294854255095252 0.02193124117764515
-416.6864499852527 8.86847183099453 -0.029368863518356502 0.02185952203290039
-406.996067427448 8.86903955002549 -0.029253462963023318 0.021788398720447025
-397.3056848696433 8.869602742063497 -0.02913920330927633 0.02171786177500096
-387.615302311955 8.870161453398993 -0.029026064551398452 0.021647901965512504
-377.9249197541503 8.870715729783619 -0.028937244876848046 0.02157912500543063
-368.2345371963456 8.871265616436874 -0.028826119164700462 0.021510288152151575
-358.54415463854093 8.871811158052795 -0.028755788278771635 0.021443190387097553
-348.85377208073623 8.872352398806486 -0.028646484521953744 0.02137543808625966
-339.16338952293154 8.872889382360594 -0.02853821563399402 0.021308220209635943
-329.47300696512684 8.873422151871694 -0.028430964289270198 0.021241528774822493
-319.78262440732215 8.8739507499966 -0.02832471358520253 0.02117535598552336
-310.09224184951745 8.874475218898578 -0.028219447028819154 0.02110969422570264
-300.40185929171275 8.874995600253497 -0.02811514852384103 0.021044536053963295
-290.71147673390806 8.875511935255895 -0.028018621908921067 0.020980166810170967
-281.02109417610336 8.876024264624984 -0.027916162319106097 0.020915991998559116
-271.33071161829866 8.876532628610542 -0.02781722343889413 0.020852354891205894
-261.64032906049397 8.877037066998774 -0.027716575528319694 0.020789137455465477
-251.94994650268927 8.877537619118062 -0.02766716760653614 0.020728161281273215
-242.25956394488458 8.878034323844656 -0.027567923792972716 0.020665862025130415
-232.56918138707988 8.878527219608321 -0.027485077450952845 0.020604366307628925
-222.87879882927518 8.879016344397844 -0.027387449824484485 0.02054297064080095
-213.1884162714705 8.879501735766535 -0.02729066907328053 0.02048201887314948
-203.4980337137822 8.8799834308376 -0.027194722290638185 0.02042150503822739
-193.8076511559775 8.880461466309491 -0.027099596857541108 0.02036142329490116
-184.1172685981728 8.880935878461122 -0.027005280434288067 0.020301767923777417
-174.42688604036812 8.881406703157003 -0.02691176095240815 0.02024253332374904
-164.73650348256342 8.881873975852235 -0.026819026606867632 0.020183714008666538
-155.04612092475872 8.882337731597328 -0.026727065848549555 0.02012530460412521
-145.35573836695403 8.882798005042757 -0.026635867376995893 0.020067299844364103
-135.66535580914933 8.88325483044311 -0.026545420133401592 0.020009694569272006
-125.97497325134464 8.883708241660694 -0.026455713293850113 0.019952483721496363
-116.28459069353994 8.884158272168255 -0.026366736262780834 0.019895662343650627
-106.59420813573524 8.8846049550505 -0.02627847866667884 0.01983922557561636
-96.90382557793055 8.885048323003947 -0.026237017351087803 0.01978494416685961
-87.21344302012585 8.885488408334366 -0.026149829829105558 0.01972924937213012
-77.52306046232115 8.885925242951206 -0.026063336831011884 0.019673925355031822
-67.83267790451646 8.886358858357902 -0.025977528705296186 0.019618967615172008
-58.14229534671176 8.886789285637098 -0.025892395997064076 0.01956437173734781
-48.451912788907066 8.887216555429564 -0.025807929442778557 0.019510133389337905
-38.76153023110237 8.887640697905436 -0.025565537406288256 0.019472646054984596
-29.071147673297673 8.888061742726522 -0.02623896823927912 0.019419354012178487
-19.380765115609393 8.888479718998234 -0.026152045823779134 0.019366041297444805
-9.690382557804696 8.88889465520997 -0.026065818614025467 0.019313071340563332
0.0 5.954356141347247 -0.028836438505821908 0.058970832442574825
9.690382557804696 6.133510203095213 -0.0287567037703493 0.05862591527374233
19.380765115609393 6.252831396490409 -0.03913719226606683 0.058284978112863574
29.07114767341409 6.346609241377506 -0.0389553930911163 0.057948574263952606
38.761530231218785 6.425279230314293 -0.038775680626619305 0.0576166088515865
48.45191278902348 6.493688503865467 -0.0385980146992316 0.05728898968158126
58.14229534682818 6.554556897863211 -0.03842235621779049 0.05696562714625243
67.83267790463287 6.609590657901015 -0.03824866713617248 0.05664643413367662
77.52306046243757 6.659942925131731 -0.038076910417691 0.05633132594075811
87.21344302024227 6.706435871782653 -0.037907050000959744 0.05602022018991531
96.90382557804696 6.749679866085461 -0.037739050767151096 0.05571303674921214
106.59420813585166 6.790142600168949 -0.03757287850858289 0.055409697655768884
116.28459069365636 6.828191682409022 -0.03740849989857074 0.0551101270422967
125.97497325146105 6.864122169793371 -0.037245882462486266 0.05481425106660724
135.66535580926575 6.898175075875885 -0.037084994549964834 0.054521997843958274
145.35573836707044 6.930550224466662 -0.0369258053082094 0.05423329738210216
155.04612092487514 6.961415426030513 -0.036768284656340126 0.05394808151891253
164.73650348256342 6.9909131855619595 -0.03661240326074353 0.05366628386247303
174.42688604036812 7.01916570757725 -0.03683096743757824 0.05341551682248421
184.1172685981728 7.0462786981914345 -0.036675525550806595 0.05314015876744423
193.8076511559775 7.072344299581031 -0.03652167955420225 0.05286803279789724
203.4980337137822 7.097443387012929 -0.03636940199326487 0.05259907898350611
213.1884162715869 7.121647389789863 -0.03621866607644224 0.052333238899604756
222.8787988293916 7.145019751330423 -0.03606944565467478 0.052070455579799786
232.5691813871963 7.167617112047451 -0.03592171520170426 0.051810673470358296
242.259563945001 7.189490276701108 -0.03577544979511338 0.051553838386303265
251.9499465028057 7.210685012322235 -0.035630625098064264 0.05129989746914212
261.6403290606104 7.2614904131701214 -0.03548721734170603 0.05104879914615868
271.3307116184151 7.314080100775154 -0.03534520330822233 0.05080049309120022
281.0210941762198 7.362897147304657 -0.035527922816705124 0.05057489315994245
290.7114767340245 7.408442572417858 -0.03538625162647675 0.05033187871136389
300.40185929182917 7.4511213602288215 -0.03527873813447279 0.05009329817257093
310.09224184963387 7.491265992872192 -0.03513952663338147 0.04985552588217143
319.78262440743856 7.529153093153637 -0.035001637237786036 0.04962031389510484
329.47300696524326 7.565015483621365 -0.03486504892372007 0.049387618569091726
339.16338952304795 7.599051109694216 -0.0347297411377966 0.04915739727218243
348.85377208085265 7.631429764913142 -0.034595693783707984 0.0489296083534038
358.54415463854093 7.66229824330551 -0.03446288720919754 0.04870421111443047
368.2345371963456 7.691784345320247 -0.03433130219347432 0.04848116578222303
377.9249197541503 7.720000034355683 -0.03420091993507648 0.04826043348263418
387.615302311955 7.747043954498232 -0.034071722040133916 0.04804197621489125
397.3056848697597 7.7730034611896075 -0.03394369051103745 0.04782575682695958
406.9960674275644 7.797956275713584 -0.033816807735489084 0.04761173899173645
416.6864499853691 7.82197184564208 -0.03369105647591982 0.0473998871840452
426.3768325431738 7.845112472864084 -0.033566419859260524 0.04719016665839871
436.0672151009785 7.867434255993534 -0.03344288136705193 0.04698254342750183
445.7575976587832 7.888987883106933 -0.03332042482588069 0.046776984241464495
455.4479802165879 7.909819302735323 -0.03319903439812893 0.04657345656769828
465.1383627743926 7.929970295027478 -0.03307869457302497 0.04637192857146993
474.8287453321973 7.949478960453521 -0.03295939015798407 0.046172369097087225
484.519127890002 7.968380139938879 -0.03284110627022775 0.04597474764969311
494.2095104478067 7.98670577762882 -0.032723828328671684 0.04577903437764519
503.8998930056114 8.004485235384424 -0.0326075420460715 0.045585200055458866
513.5902755634161 8.021745566457081 -0.03249223342141725 0.04539321606729289
523.2806581212208 8.038511754474946 -0.032377888732567264 0.04520305439095752
532.9710406790255 8.05480692282291 -0.03226449452911229 0.045014687582425834
542.6614232367137 8.07065251864925 -0.03215203762546317 0.04482808876083215
552.3518057945184 8.086068475044783 -0.03204050509414551 0.0446432315939265
562.0421883523231 8.101073354373684 -0.03192988425931414 0.04446009028400157
571.7325709101278 8.115684475279824 -0.03182016269045257 0.04427863955423148
581.4229534679325 8.129918025503796 -0.03171132819627088 0.044098854635439964
591.1133360257372 8.143789162333185 -0.031603368818786864 0.0439207112532701
600.8037185835419 8.157312102242871 -0.031496272827585395 0.04374418561574311
610.4941011413466 8.170500201061206 -0.031390028714249514 0.043569254401192636
620.1844836991513 8.183366025811667 -0.03128462518695742 0.04339589474656137
629.874866256956 8.195921419222557 -0.031180051165239423 0.043224084236047275
639.5652488147607 8.208177557764087 -0.031076295774889275 0.04305380089008721
649.2556313725654 8.220145003959123 -0.030973348343024693 0.04288502315466646
658.9460139303701 8.231833753617162 -0.03087119839329174 0.04271772989094282
668.6363964881748 8.243253278558479 -0.030769835641208342 0.04255190036517436
678.3267790459795 8.25441256532457 -0.030669249989641944 0.04238751423894081
688.0171616037842 8.265320150309687 -0.03056943152441712 0.04222455155964829
697.7075441615889 8.275984151695843 -0.03047037051004835 0.04206299275130808
707.3979267193936 8.286412298527718 -0.030372057385594106 0.041902818605580025
717.0883092771983 8.296611957224627 -0.030274482760627972 0.04174401027307188
726.7786918348866 8.306590155791787 -0.030177637411324256 0.041586549254887896
736.4690743926913 8.316353605964318 -0.03008151227664717 0.041430417394407
746.159456950496 8.325908723488345 -0.02998609845465764 0.04127559686931144
755.8498395083006 8.335261646724964 -0.02989138719891084 0.04112207018381997
765.5402220661053 8.344418253738436 -0.02979736991495872 0.04096982016114704
775.23060462391 8.353384178014817 -0.02970403815694717 0.04081882993616938
784.9209871817147 8.362164822940692 -0.029611383624306094 0.04066908294829538
794.6113697395194 8.370765375158143 -0.029519398158529258 0.040520562934530234
804.3017522973241 8.379190816899873 -0.029428073740041062 0.04037325392273127
813.9921348551288 8.387445937397633 -0.02933740248514758 0.04022714022504665
823.6825174129335 8.39553534344751 -0.02924737664306916 0.040082206431532395
833.3728999707382 8.4034634692073 -0.029157988593051885 0.03993843740394131
843.0632825285429 8.411234585293451 -0.029069230841555684 0.03979581826967916
852.7536650863476 8.418852807238542 -0.02898109601951647 0.03965433441592216
862.4440476441523 8.426322103364079 -0.02889357687968012 0.039513971483891415
872.134430201957 8.433646302118282 -0.028806666294006123 0.039374715363278835
881.8248127597617 8.440829098923558 -0.028720357251138622 0.03923655218682035
891.5151953175664 8.44787406257415 -0.02863464285394291 0.03909946832501153
901.2055778753711 8.454784641220702 -0.028549516317105377 0.03896345038096146
910.8959604330594 8.461564167974824 -0.02846497096479587 0.03882848518538216
920.5863429908641 8.468215866164376 -0.028381000228384728 0.03869455979169988
930.2767255486688 8.474742854265578 -0.028297597644227814 0.038561661471308614
939.9671081064735 8.481148150538505 -0.02821475685149748 0.038429777708929455
949.6574906642782 8.487434677387434 -0.028132471590073045 0.03829889619809672
959.3478732220829 8.4936052654671 -0.02805073569848323 0.038169004836757454
969.0382557798875 8.499662657553678 -0.027969543111899746 0.038040091722982436
978.7286383376922 8.505609512197612 -0.02788888786018077 0.0379121451507856
988.4190208954969 8.511448407173996 -0.02780876406596267 0.03778515360604847
998.1094034533016 8.517181842744872 -0.02772916594279875 0.03765910576254657
