-1007.7997860109899 8.811625348381407 -0.027897554094485504 0.01800904630762187
-998.1094034533016 8.812021484670401 -0.02778426054382404 0.01793309232977479
-988.4190208954969 8.812427276968238 -0.027671909752094197 0.01785778431330267
-978.7286383376922 8.812842325698217 -0.027560489774361173 0.01778311399007555
-969.0382557798875 8.813266248501467 -0.027449988869424662 0.01770907323311783
-959.3478732220829 8.813698679356076 -0.027340395495445362 0.017635654053601305
-949.6574906642782 8.814139267730468 -0.027231698305683703 0.017562848597913978
-939.9671081064735 8.814587677770476 -0.027123886144348554 0.017490649144803343
-930.2767255486688 8.815043587519613 -0.027016948042552735 0.017419048102591882
-920.5863429908641 8.815506688172176 -0.026910873214371914 0.01734803800646273
-910.8959604330594 8.815976683358736 -0.026805651053003934 0.017277611515813345
-901.2055778752547 8.816453288463652 -0.026701271127025483 0.0172077614116753
-891.51519531745 8.816936229974292 -0.026597723176743217 0.017138480594198247
-881.8248127596453 8.8174252448615 -0.026494997110636593 0.01706976208019616
-872.1344302018406 8.817920079990879 -0.026393083001889563 0.017001599000754094
-862.4440476440359 8.818420491564494 -0.02629197108500866 0.016933984598893722
-852.7536650862312 8.818926244592324 -0.02619165175252493 0.016866912227295996
-843.0632825284265 8.819437112392988 -0.026092115551777168 0.01680037534607924
-833.3728999706218 8.819952876122986 -0.02599335318177419 0.016734367520631146
-823.6825174128171 8.820473324333777 -0.0258953554901339 0.016668882419493207
-813.9921348551288 8.820998252555846 -0.025798113470097913 0.016603913812296745
-804.3017522973241 8.821527462908959 -0.025701618257612975 0.01653945556774462
-794.6113697395194 8.822060763737575 -0.025605861128494136 0.016475501651648752
-784.9209871817147 8.822597969270573 -0.025510833495644807 0.016412046125006685
-775.23060462391 8.823138899304167 -0.02541652690634892 0.016349083142127456
-765.5402220661053 8.82368337890703 -0.025322933039626645 0.016286606948800977
-755.8498395083006 8.824231238146513 -0.02523004370365266 0.016224611880510355
-746.159456950496 8.824782311834895 -0.02513785083323561 0.016163092360686096
-736.4690743926913 8.825336439294546 -0.025046346487356763 0.01610204289900097
-726.7786918348866 8.825893464140906 -0.0249555228467664 0.01604145808970448
-717.0883092770819 8.826453234082235 -0.02486537221163626 0.01598133260999585
-707.3979267192772 8.827015600734997 -0.024775886999266583 0.015921661218434482
-697.7075441614725 8.827580419453897 -0.02468705974184619 0.015862438753386936
-688.0171616036678 8.828147549175508 -0.024598883084264226 0.015803660131509335
-678.3267790458631 8.828716852274548 -0.024511349781972128 0.01574532034626441
-668.6363964880584 8.829288194431799 -0.02442445269889445 0.015687414466472132
-658.9460139302537 8.829861444512826 -0.024338184805387308 0.015629937634893155
-649.255631372449 8.830436474456612 -0.024252539176243135 0.015572885066844093
-639.5652488146443 8.831013159173265 -0.02416750898874043 0.015516252048843878
-629.874866256956 8.831591376450058 -0.024083087520738542 0.015460033937291087
-620.1844836991513 8.832171006865064 -0.023999268148809958 0.015404226157167272
-610.4941011413466 8.83275193370769 -0.02391604434642447 0.01534882420077582
-600.8037185835419 8.833334042905474 -0.023833409682163617 0.015293823626501944
-591.1133360257372 8.833917222956597 -0.02375135781797973 0.015239220057603357
-581.4229534679325 8.834501364867483 -0.02366988250749236 0.01518500918102677
-571.7325709101278 8.835086362095035 -0.023588977594322134 0.01513118674625025
-562.0421883523231 8.835672110493013 -0.02350863701046118 0.015077748564150829
-552.3518057945184 8.83625850826212 -0.023436481025697363 0.01502555526457207
-542.6614232367137 8.836845455903406 -0.023357194953645924 0.01497286687464293
-532.971040678909 8.837432856174622 -0.023278456346165318 0.014920550621079349
-523.2806581211044 8.838020614049201 -0.023200259455136565 0.014868602547468107
-513.5902755632997 8.838608636677524 -0.023214421700891587 0.014821039194664742
-503.89989300549496 8.839196833350277 -0.023136615693182944 0.014769786253164885
-494.20951044769026 8.839785115463545 -0.02305934450921098 0.01471889038747595
-484.51912788988557 8.840373396485537 -0.022982602502620988 0.014668347850500568
-474.82874533208087 8.840961591924623 -0.02290638410889167 0.014618154947704994
-465.1383627742762 8.841549619298585 -0.022868070588681753 0.014569801473450513
-455.4479802164715 8.84213739810489 -0.02279260674314809 0.014520285923944673
-445.7575976587832 8.842724849791848 -0.022717654346648637 0.014471109393197264
-436.0672151009785 8.843311897730525 -0.022671143934869197 0.014423564000321227
-426.3768325431738 8.843898467187254 -0.0226094846854473 0.014375469149991866
-416.6864499853691 8.84448448529676 -0.02253574073440558 0.014327276380734891
-406.9960674275644 8.84506988103567 -0.02246249159672267 0.014279409110496277
-397.3056848697597 8.84565458519644 -0.02238973213857551 0.014231864026490793
-387.615302311955 8.846238530361587 -0.022317457300159306 0.01418463786104676
-377.9249197541503 8.846821650878148 -0.022245662094267586 0.014137727390834656
-368.2345371963456 8.847403882832387 -0.022174341604908155 0.014091129436111708
-358.54415463854093 8.84798516402463 -0.02214787477412847 0.014045966503123132
-348.85377208073623 8.848565433944259 -0.022077162172646415 0.013999975915664325
-339.16338952293154 8.84914463374479 -0.02201071591958127 0.013954400700144894
-329.47300696512684 8.849722706219056 -0.021940900968748244 0.013909012977758596
-319.78262440732215 8.850299595774414 -0.02187154216408476 0.01386392262874278
-310.09224184951745 8.850875248408055 -0.021802634882469984 0.013819126717101777
-300.40185929171275 8.851449611682309 -0.02173417456626786 0.013774622345632481
-290.71147673390806 8.852022634700004 -0.021666156722082972 0.01373040665528063
-281.02109417610336 8.85259426807988 -0.02159857691954755 0.013686476824510022
-271.33071161829866 8.853164463931988 -0.021531430790138882 0.013642830068684329
-261.6403290606104 8.85373317583314 -0.021464714026026722 0.013599463639461786
-251.9499465028057 8.854300358802465 -0.021398422378945056 0.013556374824199269
-242.259563945001 8.854865969276856 -0.02133255165909932 0.013513560945373359
-232.5691813871963 8.855429965086623 -0.021267097734092133 0.013471019360007651
-222.8787988293916 8.855992305431117 -0.021202056527878804 0.01342874745911387
-213.1884162715869 8.856552950854427 -0.02113742401974689 0.013386742667143415
-203.4980337137822 8.8571118632212 -0.02129523296990117 0.013345002441449613
-193.8076511559775 8.857669005692468 -0.02122977256213817 0.013303524271760372
-184.1172685981728 8.858224342701666 -0.02116473297044381 0.01326230567966106
-174.42688604036812 8.858777839930664 -0.021148186761272454 0.013221344218087405
-164.73650348256342 8.859329464285995 -0.021083620621186575 0.01318063747082804
-155.04612092475872 8.859879183875163 -0.021028719685051604 0.013140376841719656
-145.35573836695403 8.860426967983123 -0.020961905391807978 0.013100346042785519
-135.66535580914933 8.860972787048883 -0.02091788591982035 0.013060386549416606
-125.97497325134464 8.861516612642298 -0.020854760694839627 0.013020672443615969
-116.28459069353994 8.862058417441043 -0.02079203481001858 0.012981201455452574
-106.59420813573524 8.862598175207724 -0.020729704207358663 0.012941971343080956
-96.90382557793055 8.863135860767237 -0.0206677648898192 0.012902979892305263
-87.21344302012585 8.863671449984311 -0.02067614522095553 0.012864224916151546
-77.52306046243757 8.864204919741244 -0.020707392510136053 0.012825704254448402
-67.83267790463287 8.864736247915923 -0.020645412707108356 0.012787415773413212
-58.14229534682818 8.865265413359994 -0.020583826131122453 0.01274935736525057
-48.45191278902348 8.865792395877332 -0.020522628694761215 0.012711526947753607
-38.761530231218785 8.866317176202752 -0.020461816375051126 0.0126739224639149
-29.07114767341409 8.866839735980939 -0.020401385211978245 0.012636541881544106
-19.380765115609393 8.867360057745687 -0.02112162101384874 0.012599383192892574
-9.690382557804696 8.867878124899367 -0.021056170148785143 0.012562444414284795
0.0 5.99289991742825 -0.013462833383040895 0.05103807080335052
9.690382557804696 6.152450532157366 -0.013453825730699538 0.05071747194445562
19.380765115609393 6.26462165530978 -0.01344444791122573 0.05040124784672475
29.07114767341409 6.3543910035655555 -0.013434712309477514 0.05008930588204897
38.761530231218785 6.430412061433535 -0.013424630901693543 0.049781556064043594
48.45191278902348 6.496908756723973 -0.016176030073479793 0.04947791095387445
58.14229534682818 6.5563175651789125 -0.016144890541778572 0.049178285570095494
67.83267790463287 6.6101944985516585 -0.0161137380151855 0.04888259730230014
77.52306046243757 6.659604476391179 -0.016082576449760192 0.048590765828398975
87.21344302024227 6.705313929070806 -0.016051409652555155 0.04830271303534691
96.90382557804696 6.747896008048355 -0.016070565610983963 0.048019726616386905
106.59420813585166 6.787792463715841 -0.01603902916946158 0.047738995278191546
116.28459069353994 6.825352185824672 -0.016007503480137537 0.047461820937939485
125.97497325134464 6.860856335950038 -0.015975991690356343 0.047188133586190076
135.66535580914933 6.894535365097795 -0.016690382703928166 0.04709348066316843
145.35573836695403 6.926580904716411 -0.016653407106419205 0.04682526954805589
155.04612092475872 6.957154300216988 -0.01661653468355768 0.04656036526393083
164.73650348256342 6.98639287712881 -0.01657976637329354 0.04629870446293362
174.42688604036812 7.014414635010284 -0.016543103061031496 0.04604022543528823
184.1172685981728 7.041321825682763 -0.016506545581562577 0.04578486805626137
193.8076511559775 7.067203723534823 -0.016470094720923943 0.04553257373517646
203.4980337137822 7.092138800125298 -0.016433751218189893 0.04528328536639036
213.1884162715869 7.116196452443211 -0.016397515767196582 0.04503694728214507
222.8787988293916 7.1394383918646955 -0.016361389018203266 0.044793505207210815
232.5691813871963 7.161919771784281 -0.0163253715794924 0.044552906215241966
242.259563945001 7.183690111573981 -0.01628946401891106 0.0443150986867702
251.9499465028057 7.208676766481684 -0.01625366686535594 0.04408003226876402
261.6403290606104 7.26524186657342 -0.01621798061020412 0.04384765783568632
271.3307116184151 7.3174815702142 -0.016182405708691745 0.04361792745198596
281.0210941762198 7.366009405101417 -0.016146942581242562 0.043390794335961824
290.7114767340245 7.4113134956389555 -0.01611159161474831 0.04316621282494087
300.40185929171275 7.453789232129621 -0.016076353163803226 0.0429441383417177
310.09224184951745 7.4937618020499865 -0.01604122755189189 0.04272452736218639
319.78262440732215 7.531502171066441 -0.016006215072538472 0.04250733738415454
329.47300696512684 7.56723869339164 -0.015971315990410524 0.04229252689723811
339.16338952293154 7.60116572474139 -0.015936530542385332 0.0420800553538314
348.85377208073623 7.6334501303853015 -0.01590185893857766 0.04186988314109257
358.54415463854093 7.664236283942114 -0.01586730136333085 0.04166197155390615
368.2345371963456 7.693649963716842 -0.016055052983951854 0.04202218545884948
377.9249197541503 7.721801430088381 -0.016019080174213954 0.04181449609399075
387.615302311955 7.748787885159044 -0.0159832459423302 0.041609017914517175
397.3056848697597 7.7746954598614915 -0.015947549850815073 0.0414057142493621
406.9960674275644 7.7996008349182775 -0.015911991456147464 0.04120454925225119
416.6864499853691 7.82357257473987 -0.015876570309019875 0.041005487878356464
426.3768325431738 7.8466722338353465 -0.01584128595458294 0.040808495861744946
436.0672151009785 7.868955281171112 -0.015806137932685448 0.04061353969359052
445.7575976587832 7.890471877529408 -0.01577112577810936 0.040420586601118795
455.4479802165879 7.911267533195606 -0.015736249020800123 0.04022960452725623
465.1383627743926 7.931383667490706 -0.015701507186091927 0.0400405621109559
474.8287453321973 7.950858087241647 -0.01566689979492811 0.0398534286681739
484.51912788988557 7.9697253978800555 -0.015632426364076843 0.03966817417347322
494.20951044769026 7.988017358220358 -0.015598086406339822 0.039484769242217874
503.89989300549496 8.005763187894665 -0.01556387943076012 0.03930318511336786
513.5902755632997 8.022989834795771 -0.015529804942820783 0.03912339363280817
523.2806581211044 8.039722208571401 -0.015495862444640646 0.03894536723722459
532.971040678909 8.05598338517565 -0.015462051435164725 0.038769078938492525
542.6614232367137 8.071794786641316 -0.015428371410349724 0.03859450230856227
552.3518057945184 8.087176339554922 -0.015394821863344687 0.03842161146482183
562.0421883523231 8.102146615159313 -0.01569813392155491 0.038273461185367265
571.7325709101278 8.116722953551761 -0.01566235260325293 0.038103695626888076
581.4229534679325 8.130921574068589 -0.015626736816954537 0.03793554384774796
591.1133360257372 8.14475767363496 -0.01559128524603711 0.03776898195481857
600.8037185835419 8.158245514598374 -0.0155559965950703 0.03760398653538708
610.4941011413466 8.171398503347062 -0.015760584164309584 0.037454197141300785
620.1844836991513 8.184229260831842 -0.015723850837387088 0.03729216559846856
629.874866256956 8.196749685956215 -0.01568730251564774 0.03713163452697833
639.5652488147607 8.208971012669274 -0.015650937418671226 0.03697258228559539
649.2556313725654 8.22090386148556 -0.01561475380037395 0.03681498765714578
658.9460139303701 8.232558286061847 -0.015578749947888344 0.03665882983804002
668.6363964880584 8.243943815380243 -0.015542924180491042 0.03650408842811004
678.3267790458631 8.25506949201903 -0.015516453666891583 0.03635094739068476
688.0171616036678 8.265943906930463 -0.015480911410029713 0.03619897765791396
697.7075441614725 8.276575231098438 -0.015445543371452637 0.036048365479184837
707.3979267192772 8.28697124439987 -0.015888588015714945 0.03593726344410506
717.0883092770819 8.29713936195827 -0.015850037488412964 0.03578902863278586
726.7786918348866 8.307086658243614 -0.015811708130616223 0.03564209990952982
736.4690743926913 8.316819889143844 -0.015756696229097998 0.0354964593472525
746.159456950496 8.32634551220785 -0.01571892557985305 0.03535208935358187
755.8498395083006 8.33566970523776 -0.015681366578936914 0.03520897266296615
765.5402220661053 8.344798383388762 -0.01564401680707419 0.035067092329005935
775.23060462391 8.353737214917667 -0.015606873896425821 0.03492643171700356
784.9209871817147 8.36249163570641 -0.01556993552894362 0.03478697449672236
794.6113697395194 8.371066862673251 -0.016571506244877677 0.034770820574883336
804.3017522973241 8.37946790617286 -0.0165273292954974 0.034632823678327755
813.9921348551288 8.387699581475978 -0.016483461855801924 0.03449599606989262
823.6825174129335 8.39576651941018 -0.0164398993628708 0.03436032228307752
833.3728999707382 8.403673176235047 -0.016396637366241484 0.03422578713078144
843.0632825285429 8.411423842817765 -0.016353671524120574 0.034092375698890724
852.7536650863476 8.41902265316877 -0.016310997599751593 0.033960073340046006
862.4440476440359 8.426473592391016 -0.016263797519779483 0.033828865667584015
872.1344302018406 8.433780504092148 -0.016221730484883113 0.03369873854963889
881.8248127596453 8.440947097302073 -0.016179942737848958 0.03356967810342117
891.51519531745 8.447976952937733 -0.0161384304398237 0.03344167068963782
901.2055778752547 8.454873529849824 -0.0161254027992111 0.03331530006269439
910.8959604330594 8.461640170484888 -0.01608422223765675 0.03318935434046802
920.5863429908641 8.468280106192589 -0.016043309173698166 0.03306442220473103
930.2767255486688 8.47479646220538 -0.01600266004022376 0.03294049093600103
939.9671081064735 8.481192262315444 -0.015962271350032812 0.03281754803264507
949.6574906642782 8.487470433271534 -0.01590723356336142 0.032695581206144526
959.3478732220829 8.493633808916526 -0.015867465627590744 0.03257457837648507
969.0382557798875 8.499685134084631 -0.015827946516397275 0.03245452766766773
978.7286383376922 8.505627068275752 -0.015788673073540004 0.03233541740333721
988.4190208954969 8.511462189122957 -0.01574964221018509 0.032217236102524034
