-1007.7997860109899 9.977538083990336 -0.00013891735155639084 0.0
-998.1094034531852 9.977538083990336 -0.0001366044313106127 0.0
-988.4190208953805 9.977538083990336 -0.00013438419045598787 0.0
-978.7286383375758 9.977538083990336 -0.00013225084649825288 0.0
-969.0382557797711 9.977538083990336 -0.00013019909574750428 0.0
-959.3478732219664 9.977538083990336 -0.0001282240644729066 0.0
-949.6574906642782 9.977538083990336 -0.0001355892139244686 0.0
-939.9671081064735 9.977538083990336 -0.00014594467135816411 9.906182432042194e-08
-930.2767255486688 9.977538083990336 -0.00014362961806245033 9.649642583065202e-08
-920.5863429908641 9.977538083990336 -0.0001414022667989791 9.406054518524097e-08
-910.8959604330594 9.977538083990336 -0.0001392573863721092 9.17446155392091e-08
-901.2055778752547 9.977538083990336 -0.0001577693070178623 8.953998961397456e-08
-891.51519531745 9.977538083990336 -0.00015524231852319704 8.743883180400778e-08
-881.8248127596453 9.977538083990336 -0.00015281137767606814 8.543402512597506e-08
-872.1344302018406 9.977538083990336 -0.00016180924092402523 8.351909068219186e-08
-862.4440476440359 9.977538083990336 -0.0001592652445984594 8.168811771760582e-08
-852.7536650862312 9.977538083990336 -0.0001568156418371605 7.993570267909837e-08
-843.0632825284265 9.977538083990336 -0.0001544548953335735 7.825689595457348e-08
-833.3728999706218 9.977538083990336 -0.00015217790852008163 7.664715518507255e-08
-823.6825174128171 9.977538083990336 -0.00014997998144843458 7.510230422319748e-08
-813.9921348550124 9.977538083990336 -0.00014785677197341456 7.361849695652235e-08
-804.3017522972077 9.977538083990336 -0.00014580426149844405 7.219218533648069e-08
-794.611369739403 9.977538083990336 -0.0001438187246595092 7.082009105349701e-08
-784.9209871815983 9.977538083990336 -0.0001418967024206165 6.949918038108224e-08
-775.2306046237936 9.977538083990336 -0.00014003497813406632 6.822664178454356e-08
-765.5402220661053 9.977538083990336 -0.0001382305561853387 6.699986594478335e-08
-755.8498395083006 9.977538083990336 -0.00015134871931364667 6.581642789922713e-08
-746.159456950496 9.977538083990336 -0.00014927306162278078 6.467407104290256e-08
-736.4690743926913 9.977538083990336 -0.00014726557321578584 6.357069276698186e-08
-726.7786918348866 9.977538083990336 -0.00014532261362845933 6.25043315427319e-08
-717.0883092770819 9.977538083990336 -0.00014344081361063172 6.1473155284082e-08
-707.3979267192772 9.977538083990336 -0.0001416170490834258 6.047545084340349e-08
-697.7075441614725 9.977538083990336 -0.00013984841816034035 5.9509614513920344e-08
-688.0171616036678 9.977538083990336 -0.00013813222080649135 5.857414342765636e-08
-678.3267790458631 9.977538083990336 -0.00013646594077825023 5.766762775254059e-08
-668.6363964880584 9.977538083990336 -0.00013484722954125133 5.678874360278398e-08
-658.9460139302537 9.977538083990336 -0.00013327389191071805 5.593624658774999e-08
-649.255631372449 9.977538083990336 -0.00013174387319615715 5.510896593352244e-08
-639.5652488146443 9.977538083990336 -0.0002247421403463414 5.4305799118399644e-08
-629.8748662568396 9.977538083990336 -0.0002208622139836537 5.352570697062008e-08
-620.1844836990349 9.977538083990336 -0.00021714211847740855 5.276770918298549e-08
-610.4941011412302 9.977538083990336 -0.0002135713054847191 5.2030880202733543e-08
-600.8037185834255 9.977538083990336 -0.00021014017492580384 5.1314345461629574e-08
-591.1133360256208 9.977538083990336 -0.00020683996829873056 5.0617277912854966e-08
-581.4229534679325 9.977538083990336 -0.00022110177020918633 4.993889484652828e-08
-571.7325709101278 9.977538083990336 -0.00021759547578905917 4.927845495808405e-08
-562.0421883523231 9.977538083990336 -0.00021422011748658198 4.863525564598196e-08
-552.3518057945184 9.977538083990336 -0.00021096788252625653 4.800863051840325e-08
-542.6614232367137 9.977538083990336 -0.00020783159410837736 4.73979470903728e-08
-532.971040678909 9.977538083990336 -0.0002048046463917147 4.680260465412221e-08
-523.2806581211044 9.977538083990336 -0.000210452750295393 4.622203230847648e-08
-513.5902755632997 9.977538083990336 -0.00020740727037783799 4.5655687132475686e-08
-503.89989300549496 9.977538083990336 -0.00020446515292332263 4.510305249209332e-08
-494.20951044769026 9.977538083990336 -0.00020162076881603908 4.456363646833832e-08
-484.51912788988557 9.977538083990336 -0.0002154043653365628 4.4036970396852766e-08
-474.82874533208087 9.977538083990336 -0.00021231365893055942 4.352260750965237e-08
-465.1383627742762 9.977538083990336 -0.00020932762306797477 4.30201216712286e-08
-455.4479802164715 9.977538083990336 -0.0002064405126419572 4.252910620111596e-08
-445.7575976586668 9.977538083990336 -0.00020364702029494595 4.204917277610479e-08
-436.0672151008621 9.977538083990336 -0.00020094223377956002 4.157995040600989e-08
-426.3768325430574 9.977538083990336 -0.00019832159836359275 4.112108447723439e-08
-416.6864499852527 9.977538083990336 -0.00019578088357940916 4.067223585908355e-08
-406.996067427448 9.977538083990336 -0.000193316153728978 4.0233080067801546e-08
-397.3056848697597 9.977538083990336 -0.0001909237416470254 3.980330648426534e-08
-387.615302311955 9.977538083990336 -0.0001886002252999719 3.938261762140019e-08
-377.9249197541503 9.977538083990336 -0.0001863424068614809 3.897072843731944e-08
-368.2345371963456 9.977538083990336 -0.0001841472939566081 3.856736569135905e-08
-358.54415463854093 9.977538083990336 -0.00024233354468592146 3.8172267339566226e-08
-348.85377208073623 9.977538083990336 -0.00023869916205657575 3.7785181967003926e-08
-339.16338952293154 9.977538083990336 -0.0002351978800555882 3.740586825423664e-08
-329.47300696512684 9.977538083990336 -0.00023182161187495378 3.703409447566285e-08
-319.78262440732215 9.977538083990336 -0.0002285629589702708 3.666963802736664e-08
-310.09224184951745 9.977538083990336 -0.00022541513631660408 3.631228498281527e-08
-300.40185929171275 9.977538083990336 -0.0002223719074415924 3.5961829673912624e-08
-290.71147673390806 9.977538083990336 -0.0002194275277526937 3.561807429644356e-08
-281.02109417610336 9.977538083990336 -0.00021657669492956472 3.528082853783479e-08
-271.33071161829866 9.977538083990336 -0.00021381450535843289 3.494990922553005e-08
-261.64032906049397 9.977538083990336 -0.00021113641575293455 3.4625139995629024e-08
-251.94994650268927 9.977538083990336 -0.00020853820924303737 3.430635097910834e-08
-242.25956394488458 9.977538083990336 -0.000206015965326397 3.399337850584887e-08
-232.56918138707988 9.977538083990336 -0.00020356603316956925 3.368606482419239e-08
-222.87879882927518 9.977538083990336 -0.00020118500782366863 3.338425783607094e-08
-213.1884162714705 9.977538083990336 -0.0001988697089833097 3.308781084565451e-08
-203.4980337137822 9.977538083990336 -0.00019661716197138452 3.279658232193598e-08
-193.8076511559775 9.977538083990336 -0.0001944245806770814 3.2510435673233375e-08
-184.1172685981728 9.977538083990336 -0.00019228935221303863 3.222923903360021e-08
-174.42688604036812 9.977538083990336 -0.00019020902308861015 3.195286506029837e-08
-164.73650348256342 9.977538083990336 -0.00018818128672432648 3.168119074135397e-08
-155.04612092475872 9.977538083990336 -0.00018620397215514842 3.1414097213140396e-08
-145.35573836695403 9.977538083990336 -0.00018427503378999708 3.115146958689146e-08
-135.66535580914933 9.977538083990336 -0.0001823925421118613 3.0893196783967745e-08
-125.97497325134464 9.977538083990336 -0.0001805546752172416 3.063917137918217e-08
-116.28459069353994 9.977538083990336 -0.00017875971110611907 3.038928945185046e-08
-106.59420813573524 9.977538083990336 -0.00017700602064436911 3.014345044397933e-08
-96.90382557793055 9.977538083990336 -0.00020449555422734114 2.990155702544234e-08
-87.21344302012585 9.977538083990336 -0.00023706563909731363 2.9663514965386248e-08
-77.52306046232115 9.977538083990336 -0.00023380526532259618 2.9429233009905944e-08
-67.83267790451646 9.977538083990336 -0.00023066128160792316 2.9198622765413194e-08
-58.14229534671176 9.97753808398889 -0.006749013531660061 2.8971598587399297e-08
-48.451912788907066 9.97753808398834 -0.006578248200869442 2.874807747440734e-08
-38.76153023110237 9.977538083987561 -0.006416001526266355 2.8527978966897832e-08
-29.071147673297673 9.977538083986481 -0.006261649622529992 2.8311225050552316e-08
-19.380765115609393 9.977538083985 -0.006114628143116567 2.809774006423364e-08
-9.690382557804696 9.977538083982983 -0.00787515186774174 0.0008134568428719202
0.0 9.977538083980257 -0.007692872942656328 0.0007927571509852592
9.690382557804696 7.063512750646772 -0.049551510358867 0.03981782480118046
19.380765115609393 7.213558193725475 -0.048307025977006965 0.0387974396637305
29.07114767341409 7.321107042481098 -0.047123746891559 0.03782804822954519
38.761530231218785 7.407715497764264 -0.045997255977680854 0.036905920882297154
48.45191278902348 7.481260438772021 -0.04492355189692858 0.03602768307231689
58.14229534682818 7.545673815374397 -0.043899001231087406 0.03519027404333818
67.83267790463287 7.603252863178072 -0.042920297087384776 0.034390911185823755
77.52306046243757 7.655476953825565 -0.04202227373161791 0.03362705914183693
87.21344302024227 7.7033645231049706 -0.041125489423634164 0.032896402938573134
96.90382557804696 7.747651751355701 -0.04029485680049262 0.032198958956387344
106.59420813585166 7.788891022252939 -0.03947020772792557 0.03152846144584476
116.28459069365636 7.827509216162411 -0.0401291794419465 0.03088531981603552
125.97497325146105 7.863844209164828 -0.03933198867023981 0.030267893315166716
135.66535580926575 7.898168775842574 -0.038776481127018717 0.02969324939961547
145.35573836707044 7.930706831323339 -0.03803460641844916 0.029122361286237994
155.04612092487514 7.961644813968134 -0.03732075004769283 0.028573013222761394
164.73650348256342 7.991139874662138 -0.03663334594962353 0.028044008563012823
174.42688604036812 8.019325903205175 -0.03597094326037904 0.027534237699282427
184.1172685981728 8.046318051059892 -0.03533219585490223 0.02704267028903605
193.8076511559775 8.072216184723175 -0.034715853011430674 0.02656834830016659
203.4980337137822 8.097107563164027 -0.03412075106295323 0.02611037977601932
213.1884162715869 8.121068942149956 -0.03354580591518253 0.025667933234708954
222.8787988293916 8.144168248483599 -0.03299000632726682 0.025240232628693026
232.5691813871963 8.166465926832755 -0.032452407865517334 0.0248265528002776
242.259563945001 8.188016034079025 -0.03193212745236532 0.024426215377036653
251.9499465028057 8.208867136663578 -0.0314283384429319 0.024038585058245094
261.6403290606104 8.229063052561221 -0.030940266170281113 0.023663066249541023
271.3307116184151 8.248643469506451 -0.030970107673264392 0.02329910000830192
281.0210941762198 8.267644463763684 -0.0304985594004498 0.022946161266769034
290.7114767340245 8.286098938295748 -0.030041309966782125 0.022603756303892275
300.40185929182917 8.304036995103855 -0.029597709884438515 0.022271420440284444
310.09224184963387 8.321486253417664 -0.029167149135909586 0.021948715933644673
319.78262440743856 8.33847212304366 -0.02874905414638512 0.021635230054598616
329.47300696524326 8.355018040347906 -0.028335500718558056 0.02133074559892817
339.16338952304795 8.371145672920608 -0.02824142248082124 0.021064171301148526
348.85377208073623 8.386875097847268 -0.02785013452788264 0.020775330643537235
358.54415463854093 8.402224957623407 -0.02746970260396521 0.020494312410958
368.2345371963456 8.417212597036988 -0.027103233420825032 0.020221097418216285
377.9249197541503 8.431854183780318 -0.027456668140742168 0.020053473904914784
387.615302311955 8.446164815086679 -0.027132448427772696 0.019791570092192613
397.3056848697597 8.460158612317317 -0.02677253554731136 0.01953645440617604
406.9960674275644 8.473848805118768 -0.026422353045784663 0.01928786386346965
416.6864499853691 8.487247806518559 -0.02608149290976656 0.01904554911388391
426.3768325431738 8.50036728012052 -0.02574957112218761 0.01880927354397646
436.0672151009785 8.51321820039066 -0.025426225780726196 0.0185788124534939
445.7575976587832 8.52581090687983 -0.02511111540574292 0.01835395229745617
455.4479802165879 8.538155153110266 -0.024803917414119078 0.018134489987504956
465.1383627743926 8.558446079727952 -0.024504326738875554 0.017920232246889402
474.8287453321973 8.58118845502971 -0.02421205457736157 0.017710995014107358
484.519127890002 8.603132503002932 -0.02392682725322886 0.017506602890776858
494.2095104478067 8.624330380945821 -0.023648385179437473 0.017306888629794927
503.8998930056114 8.644829318498427 -0.02337648191124729 0.017111692660259966
513.5902755634161 8.664672220548342 -0.023110883279592192 0.016920862646001338
523.2806581212208 8.683898179256934 -0.022851366596458002 0.016734253074880467
532.971040678909 8.702542911398497 -0.022597719924931335 0.016551724876313414
542.6614232367137 8.720639133907188 -0.022503179717107438 0.016373145064698877
552.3518057945184 8.738216887973403 -0.022256703979224645 0.016198386406702663
562.0421883523231 8.75530382005429 -0.02201572104085657 0.0160273271104692
571.7325709101278 8.77192542659626 -0.021780040941516792 0.015859850535081977
581.4229534679325 8.78810526803876 -0.02154948301473255 0.01569584491870465
591.1133360257372 8.803865156684585 -0.021323875267221164 0.015535203123989082
600.8037185835419 8.819225322233857 -0.02110305381350482 0.015377822399459383
610.4941011413466 8.83420455814301 -0.02088686235954649 0.015223604155693174
620.1844836991513 8.84882035145362 -0.020675151729910295 0.015072453755222065
629.874866256956 8.863088998314447 -0.020467779433715104 0.014924280315164556
639.5652488147607 8.87702570707426 -0.020264609265288187 0.014778996521686398
649.2556313725654 8.89064469053758 -0.020333549077184054 0.014636518455458035
658.9460139303701 8.903959248739163 -0.02013157215377198 0.014496765427345909
668.6363964881748 8.916981843396256 -0.019979636690188943 0.014359659823635474
678.3267790459795 8.929724165033125 -0.019784666825436874 0.014225126960139365
688.0171616037842 8.942197193634229 -0.01959365232571331 0.014093094944594504
697.7075441615889 8.954411253566054 -0.01940646318655492 0.01396349454679805
707.3979267193936 8.966376063409138 -0.019222975869719636 0.013836259075974033
717.0883092771983 8.97810078125827 -0.019043072832182407 0.013711324264900737
726.7786918348866 8.989594045977384 -0.018866642102645347 0.01358862816036546
736.4690743926913 9.000864014835877 -0.018693576899404832 0.013468111019535274
746.159456950496 9.01191839789787 -0.018523775284413808 0.013349715211892156
755.8498395083006 9.022764489495923 -0.018357139849086532 0.013233385126356934
765.5402220661053 9.03340919707703 -0.01819357742811537 0.013119067083302318
775.23060462391 9.043859067678243 -0.018032998838063218 0.01300670925114741
784.9209871817147 9.054120312258988 -0.017875318637959534 0.012896261567257082
794.6113697395194 9.064198828092165 -0.017720454909503656 0.01278767566288764
804.3017522973241 9.074100219393854 -0.017568329054796893 0.012680904791937843
813.9921348551288 9.083829816352283 -0.017418865609793614 0.012575903763280712
823.6825174129335 9.093392692699549 -0.017271992071890736 0.012472628876466796
833.3728999707382 9.102793681954996 -0.01712763874026926 0.012371037860603467
843.0632825285429 9.112037392455672 -0.016985738567768735 0.012271089816227824
852.7536650863476 9.121128221278047 -0.016846227023218748 0.01217274516000255
862.4440476441523 9.130070367144576 -0.016709041963275103 0.012075965572075546
872.134430201957 9.138867842399913 -0.01657412351291514 0.011980713945953896
881.8248127597617 9.147524484133243 -0.016441413953839586 0.011886954340752818
891.5151953175664 9.156043964516163 -0.016310857620108896 0.011794651935688629
901.2055778753711 9.164429800418999 -0.016182400800412684 0.011703772986693206
910.8959604330594 9.172685362362705 -0.016055991646433995 0.011614284785036138
920.5863429908641 9.18081388285894 -0.0159315800868139 0.011526155617840183
930.2767255486688 9.188818464184283 -0.01580911774630153 0.011439354730405043
939.9671081064735 9.196702085633879 -0.015688557869663507 0.011353852290222672
949.6574906642782 9.204467610292488 -0.015569855250017639 0.011269619352611152
959.3478732220829 9.212117791359779 -0.01545296616125651 0.011186627827876492
969.0382557798875 9.21965527806283 -0.015337848294267176 0.01110485044992442
978.7286383376922 9.227082621186236 -0.015224460696677619 0.01102426074624789
988.4190208954969 9.234402278247675 -0.015112763715884273 0.010944833009220169
998.1094034533016 9.24161661834454 -0.015002718945136082 0.010866542268627608
