-1007.7997860111063 11.241133800092006 -0.006872527296225647 0.009063350355207085
-998.1094034533016 11.24102721977123 -0.006837857963921236 0.00897293709692064
-988.4190208954969 11.240925902147985 -0.0068036807217542175 0.008884468444007802
-978.7286383376922 11.240829662812505 -0.0067699815502318 0.008797880519322327
-969.0382557798875 11.240738291326512 -0.006736747043160474 0.008713112238512368
-959.3478732220829 11.240651546768516 -0.00679870538569445 0.00863442806336131
-949.6574906642782 11.240569153021722 -0.006765076138127529 0.008553067556612753
-939.9671081064735 11.240490793893503 -0.006743126170708642 0.008474048312675597
-930.2767255486688 11.240416108171768 -0.006710257232154114 0.008395933623110642
-920.5863429908641 11.240344684737613 -0.0066778298094072415 0.008319371772566399
-910.8959604330594 11.240276057864378 -0.006645832130472269 0.008244315504992985
-901.2055778752547 11.240209702840565 -0.00661425290652666 0.00817071948200872
-891.51519531745 11.24014503205728 -0.006583081305843493 0.008098540186265303
-881.8248127596453 11.240081391700132 -0.006552306929423787 0.008027735830605863
-872.1344302018406 11.240018059180644 -0.006521919788207996 0.007958266272614598
-862.4440476441523 11.23995424143337 -0.006491910281747665 0.007890092934188886
-852.7536650863476 11.239889074192442 -0.006462269178226029 0.007823178725787692
-843.0632825285429 11.23982162234527 -0.006432987595733172 0.007757487975053797
-833.3728999707382 11.239750881442331 -0.0064040569846969715 0.007692986359502326
-823.6825174129335 11.239675780420427 -0.0063754691113916346 0.007629640843019083
-813.9921348551288 11.239595185573322 -0.0063472160424445576 0.007567419615914777
-804.3017522973241 11.23950790577848 -0.006356648064120304 0.00750629203830566
-794.6113697395194 11.239412698962383 -0.006328536384064077 0.007446228586606925
-784.9209871817147 11.239304283968842 -0.0063007508690492795 0.007387200802940996
-775.23060462391 11.239121058913689 -0.006283525840789809 0.007329181247276915
-765.5402220661053 11.238903053163298 -0.006256230973023826 0.007272143452130267
-755.8498395083006 11.238645324984656 -0.0062444697503606945 0.007216565764076166
-746.159456950496 11.238342919593112 -0.006217312573606749 0.007161417001628285
-736.4690743926913 11.23799097408258 -0.006194519632262417 0.0071071680157509
-726.7786918348866 11.237584826677994 -0.0061681753690103445 0.007053803999655946
-717.0883092770819 11.237120126133687 -0.006142120151695693 0.007001302741221464
-707.3979267192772 11.236592936886732 -0.006116347812031985 0.006949642775057179
-697.7075441614725 11.235999835625929 -0.006090852389592726 0.006898803351232592
-688.0171616036678 11.235337995273149 -0.006076012240561824 0.006848764405566647
-678.3267790459795 11.234605252983945 -0.0060603872125378445 0.006799506531389332
-668.6363964881748 11.233800159619014 -0.006035423685127066 0.006751010952687271
-658.9460139303701 11.23292200914951 -0.006010722160404686 0.006703259498563188
-649.2556313725654 11.231970847549352 -0.005986277308810207 0.006656234578923689
-639.5652488147607 11.230947461801266 -0.005962083973307981 0.006609919161335118
-629.874866256956 11.229853350608275 -0.0059381371617235 0.006564296748979218
-620.1844836991513 11.228690679184998 -0.005974258165073986 0.006519351359648639
-610.4941011413466 11.227462221054543 -0.005949972616428812 0.0064750675057253446
-600.8037185835419 11.22617129007808 -0.005964831672950429 0.006431430175088721
-591.1133360257372 11.224821666004297 -0.005940521924124514 0.00638842481290331
-581.4229534679325 11.223417516677038 -0.0059164704370210765 0.006346037304239173
-571.7325709101278 11.221963319728246 -0.005892671719196088 0.006304253957480824
-562.0421883523231 11.220463786163453 -0.005869120469622188 0.006263061488483193
-552.3518057945184 11.218923787770617 -0.005878319906242029 0.006222447005435651
-542.6614232367137 11.21734828979585 -0.005854805165376656 0.0061823979943974715
-532.971040678909 11.215742289867318 -0.005831534971926928 0.0061429023054700585
-523.2806581211044 11.214110763735764 -0.005808504227730652 0.006103948139573573
-513.5902755632997 11.21245861805118 -0.005785708009541386 0.0060655240357972585
-503.89989300549496 11.210790650115364 -0.005882934474236732 0.00603379630995029
-494.20951044769026 11.209111514337987 -0.0058589735833496255 0.005996315720562917
-484.519127890002 11.207425694973818 -0.005835276626782108 0.005959334949359072
-474.8287453321973 11.205737484621778 -0.005811837595012797 0.005922843684104912
-465.1383627743926 11.204050967914258 -0.005848481789791234 0.005886831899713168
-455.4479802165879 11.202370009805877 -0.005824728174771305 0.005851289848188664
-445.7575976587832 11.200698247878954 -0.005801237580670795 0.005816208049001209
-436.0672151009785 11.199039088107897 -0.0057780039685988325 0.005781577279861917
-426.3768325431738 11.197395703562222 -0.005755021528085888 0.005747388567883439
-416.6864499853691 11.19577103557217 -0.005732284665089689 0.005713633181105241
-406.9960674275644 11.194167796928395 -0.005709787990794676 0.005680302620366135
-397.3056848697597 11.192588476735157 -0.00568752631114236 0.005647388611507381
-387.615302311955 11.191035346582957 -0.005665494617035461 0.005614883097890456
-377.9249197541503 11.189510467750427 -0.005643688075164228 0.0055827782332146
-368.2345371963456 11.18801569918563 -0.0056221020194075376 0.005551066374620042
-358.54415463854093 11.186552706053641 -0.00560073194276579 0.005519740076063494
-348.85377208073623 11.185122968669972 -0.005579573489786203 0.00548879208195339
-339.16338952293154 11.18372779166843 -0.005558622449444533 0.005458215321032806
-329.47300696512684 11.182368313277314 -0.00553787474845031 0.005428002900498849
-319.78262440732215 11.181045514600022 -0.005517326444945367 0.005398148100347769
-310.09224184951745 11.179760228815118 -0.005496973722567975 0.0053686443679356235
-300.40185929182917 11.17851315022732 -0.005476812884857385 0.005339485312745234
-290.7114767340245 11.177304843114769 -0.005456840349973957 0.005310664701348201
-281.0210941762198 11.17613575033007 -0.0054370526457169525 0.005282176452558594
-271.3307116184151 11.175006201622187 -0.005417446404815334 0.005254014632762992
-261.6403290606104 11.173916421655175 -0.005398018360476915 0.005226173451424465
-251.9499465028057 11.172866537706607 -0.005378765342177572 0.0051986472567508435
-242.259563945001 11.171856587034469 -0.005359684271675065 0.005171430531520614
-232.5691813871963 11.170886523906228 -0.005336364289349425 0.005144788447192568
-222.8787988293916 11.169956226287852 -0.005317678495879502 0.005118170928343994
-213.1884162715869 11.169065502193778 -0.0052991543066696276 0.005091847194970887
-203.4980337137822 11.168214095701614 -0.005280789041661478 0.00506581222533421
-193.8076511559775 11.1674016926374 -0.005262580092639325 0.0050400611137453085
-184.1172685981728 11.166627925939078 -0.005244524920544774 0.005014589067194113
-174.42688604036812 11.165892380707046 -0.005226621052918013 0.004989391402095295
-164.73650348256342 11.16519459895177 -0.005208866081458381 0.004964463541147605
-155.04612092475872 11.164534084049098 -0.0051912576596978306 0.004939801010301774
-145.35573836695403 11.16391030491452 -0.005173793500781002 0.00491539943583253
-135.66535580914933 11.16332269990788 -0.005156471375346138 0.004891254541510594
-125.97497325134464 11.162770680480309 -0.005139289109501419 0.004867362145870591
-116.28459069365636 11.162253634575121 -0.00512224458289181 0.0048437181595714085
-106.59420813585166 11.161770929794436 -0.005105335726850346 0.004820318582843647
-96.90382557804696 11.161321916343153 -0.005088560522632505 0.004797159503024872
-87.21344302024227 11.16090592976163 -0.005071916999725285 0.004774237092173797
-77.52306046243757 11.160522293458246 -0.005055403234230064 0.004751547604764407
-67.83267790463287 11.160170321052705 -0.00503901734731435 0.004729087375455285
-58.14229534682818 11.159849318540585 -0.0050227575037289545 0.004706852816931581
-48.45191278902348 11.159558586289304 -0.005006621910387464 0.004684840417816848
-38.761530231218785 11.159297420875284 -0.009843725054540474 0.004663046740652068
-29.07114767341409 11.159065116771737 -0.009761472849645784 0.00464146841993936
-19.380765115609393 11.158860967896063 -0.009681130041780343 0.004620102160247967
-9.690382557804696 11.15868426902551 -0.009602623509010148 0.004598944734380181
0.0 11.158534317089298 -0.00952588392104316 0.004577992981594991
9.690382557804696 1.8896734545483262 -0.11146681274148407 0.03116035267056362
19.380765115609393 2.777664442541985 -0.11000824306368609 0.030778586770622
29.07114767341409 3.405248231605758 -0.10858836443221283 0.030406695207710333
38.761530231218785 3.907030477824197 -0.10720564867868596 0.03004429127919877
48.45191278902348 4.329987291343991 -0.10585864717952617 0.029691008369400643
58.14229534682818 4.697326801556812 -0.10454598574445892 0.0293464986584094
67.83267790451646 5.022615006706731 -0.10326635989427033 0.029010431929372936
77.52306046232115 5.314634096958452 -0.10203478479212864 0.028683086130846042
87.21344302012585 5.579476185476712 -0.10081735274951091 0.028362971640732475
96.90382557793055 5.821584005156564 -0.09962942498511389 0.028050404690116083
106.59420813573524 6.044322512402252 -0.10037932020613427 0.027745115221777604
116.28459069353994 6.250317061116399 -0.09922130604424746 0.027446846020266816
125.97497325134464 6.441665354026699 -0.09809044216959056 0.027155351955068175
135.66535580914933 6.62007656169635 -0.09665467977325114 0.026948397208822483
145.35573836695403 6.786966159472314 -0.09557978086779186 0.02666870960502544
155.04612092475872 6.943522654874068 -0.09452919165805054 0.02639515552485488
164.73650348256342 7.090755813925993 -0.09350209101903313 0.02612753049953332
174.42688604036812 7.229532329174129 -0.09249769446989163 0.025865639133151756
184.1172685981728 7.360602733386961 -0.09151525215058952 0.025609294603050586
193.8076511559775 7.484622067416193 -0.0911627238428882 0.025358318192910803
203.4980337137822 7.602165999970836 -0.09021382776823343 0.025112538856081883
213.1884162715869 7.713743575029263 -0.08928504597951623 0.024871792806884452
222.8787988293916 7.819807417885222 -0.0883757406649352 0.024635923137817192
232.5691813871963 7.920761998000891 -0.08748530077177717 0.024404779460770874
242.259563945001 8.0169703863922 -0.08661314061536707 0.02417821757050962
251.9499465028057 8.10875983267012 -0.08575869857402504 0.02395609912882222
261.64032906049397 8.196426406522022 -0.08490684119272864 0.023738291367878483
271.33071161829866 8.280238890236157 -0.084086437675483 0.023524666811425572
281.02109417610336 8.360442066120987 -0.08328219465496807 0.02331510301262104
290.71147673390806 8.437259510930751 -0.08249363543286634 0.023109482307306032
300.40185929171275 8.510895985462557 -0.08176830967268389 0.022909306550377036
310.09224184951745 8.581539489327891 -0.08100910929813657 0.0227112150814825
319.78262440732215 8.64936303692414 -0.08026428826809086 0.022516740741134387
329.47300696512684 8.714526199800243 -0.07953343845939778 0.022325782779479546
339.16338952293154 8.777176452137589 -0.0788161670955725 0.022138244194765372
348.85377208073623 8.837450349385652 -0.07809426017645 0.021955740256539038
358.54415463854093 8.89547456478271 -0.07740326805782144 0.021774740290613718
368.2345371963456 8.95534216426033 -0.07672475464875635 0.021596890121886474
377.9249197541503 9.034655300123585 -0.07605838204543768 0.021422106073559686
387.615302311955 9.10980519344013 -0.07540382447086609 0.021250307440421574
397.3056848697597 9.18109300165825 -0.07476076773490085 0.021081416357413205
406.9960674275644 9.248791670873699 -0.07412890872292664 0.020915357675127803
416.6864499853691 9.313149222818979 -0.07350795491138976 0.02075205884181901
426.3768325431738 9.37439157948924 -0.07293790672671684 0.020592717232713824
436.0672151009785 9.432725002031718 -0.07233737870048937 0.02043471306424974
445.7575976586668 9.488338205881298 -0.07174695203894713 0.020279266046484817
455.4479802164715 9.541404202650568 -0.07116637163891575 0.0201263129370275
465.1383627742762 9.592081910194658 -0.07059539094595263 0.019975792586892614
474.82874533208087 9.640517565064426 -0.07003377159844765 0.01982764585409557
484.51912788988557 9.686845965735245 -0.06946578301925266 0.019681815521512325
494.20951044769026 9.731191570323338 -0.06892241293706783 0.01953824621875057
503.89989300549496 9.773669468682876 -0.06840529855074642 0.019397402464024695
513.5902755632997 9.8143862456572 -0.06787885482330185 0.019258189109713914
523.2806581211044 9.853440749689916 -0.067360693406135 0.01912108121630091
532.971040678909 9.89092477887784 -0.06685061849262273 0.0189860300842191
542.6614232367137 9.926923694782332 -0.06634844042282918 0.018852988523110372
552.3518057945184 9.961516972841068 -0.06585397544368973 0.018721910793454245
562.0421883523231 9.994778696985533 -0.06536704548035742 0.018592752550894157
571.7325709101278 10.026778005027513 -0.06488747791810762 0.01846547079311611
581.4229534679325 10.057579490496828 -0.06441510539423632 0.01834002380914395
591.1133360257372 10.087243565864487 -0.06394976559942053 0.018216371130923812
600.8037185835419 10.115826791448319 -0.06349130108804135 0.018094473487077923
610.4941011413466 10.143382173753364 -0.06303955909700078 0.0179742927587146
620.1844836991513 10.169959436532341 -0.06259439137259096 0.017855791937188874
629.8748662568396 10.195605267449322 -0.062155654005005986 0.01773893508371484
639.5652488146443 10.22036354288538 -0.0617232072700738 0.017623687290727413
649.255631372449 10.244275533118653 -0.06129691547791871 0.01751001464492588
658.9460139302537 10.267380089861943 -0.06087664682810301 0.01739788419188761
668.6363964880584 10.289713817903971 -0.0604622732709991 0.017287263902194108
678.3267790458631 10.311311232409821 -0.06005367037505277 0.01717812263898685
688.0171616036678 10.332204903261497 -0.05965071719965128 0.017070430126883772
697.7075441614725 10.352425587669067 -0.059253296173322326 0.016964156922190537
707.3979267192772 10.372002352150343 -0.05886129297700409 0.01685927438434373
717.0883092770819 10.390962684860568 -0.05847459643214161 0.01675575464852684
726.7786918348866 10.409332599150996 -0.0580930983933779 0.016653570599403276
736.4690743926913 10.42713672914446 -0.05771669364562086 0.016552695845913238
746.159456950496 10.444398418035991 -0.057345279805279335 0.016453104697084695
755.8498395083006 10.461139799755346 -0.05697875722547155 0.016354772138810852
765.5402220661053 10.477381874565262 -0.056617028905021655 0.016257673811549352
775.23060462391 10.49314457911315 -0.05626000040106757 0.016161785988900817
784.9209871817147 10.508446851403889 -0.05590757974511494 0.01606708555702617
794.6113697395194 10.523306691116879 -0.05555967736237863 0.015973549994864944
804.3017522973241 10.537741215650554 -0.05521620599426279 0.015881157355118095
813.9921348550124 10.551766712241834 -0.054877080623841897 0.015789886245962174
823.6825174128171 10.565398686477115 -0.05454221840418368 0.015699715813455827
833.3728999706218 10.57865190747926 -0.05421153858944757 0.015610625724623902
843.0632825284265 10.591540450035144 -0.053884962468556 0.01552259615116803
852.7536650862312 10.604077733899183 -0.053562413301384754 0.015435607753792189
862.4440476440359 10.616276560491013 -0.05324381625733867 0.015349641667110182
872.1344302018406 10.628149147185331 -0.05292909835621275 0.015264679485110868
881.8248127596453 10.639707159375169 -0.05261818841124015 0.015180703247157265
891.51519531745 10.650961740474425 -0.05231101697423324 0.015097695424496661
901.2055778752547 10.661923540011488 -0.052007516282728324 0.015015638907260143
910.8959604330594 10.672602739953286 -0.051707620209049045 0.014934516991930779
920.5863429908641 10.683009079387489 -0.05141126421120781 0.014854313369260979
930.2767255486688 10.693151877680275 -0.05111838528556817 0.014775012112620093
939.9671081064735 10.703040056217578 -0.0508289219211946 0.014696597666754747
949.6574906642782 10.712682158829084 -0.05054281405582053 0.014619054836944582
959.3478732220829 10.722086370986469 -0.05026000303336701 0.01454236877853746
969.0382557798875 10.731260537860129 -0.049980431562949845 0.014466524986848622
978.7286383376922 10.740212181312174 -0.04970404367931332 0.01439150928740902
988.4190208954969 10.748948515897451 -0.049430784704634224 0.014317307826548947
998.1094034531852 10.757476463938842 -0.049160601211643166 0.014243907062304202
