-1007.7997860111063 9.534025017382856 -0.001348660756875878 0.00947863897647781
-998.1094034533016 9.53751466735627 -0.0013372540002651932 0.009412613748427258
-988.4190208954969 9.540943113145532 -0.0013260408991087806 0.009347501980017705
-978.7286383376922 9.544312158725464 -0.0013150165224135985 0.00928328484488761
-969.0382557798875 9.547623543004706 -0.001304176106565313 0.009219944030493067
-959.3478732220829 9.55087894248984 -0.001293515048218452 0.009157461720697401
-949.6574906642782 9.554079973817034 -0.0012830288975500324 0.009095820579063918
-939.9671081064735 9.557228196159821 -0.001272713351854878 0.009035003732818948
-930.2767255486688 9.560325113520882 -0.0012625642494623428 0.008974994757453938
-920.5863429908641 9.563372176915122 -0.0012525775639555398 0.008915777661937147
-910.8959604330594 9.566370786450683 -0.0012427493986754666 0.008857336874506933
-901.2055778752547 9.569322293314103 -0.0012330759814935695 0.008799657229020133
-891.51519531745 9.572228001665245 -0.0012235536598374076 0.008742723951830395
-881.8248127596453 9.575089170447344 -0.001214178895955076 0.008686522649172619
-872.1344302018406 9.577907015116917 -0.001204948262404969 0.008631039295030883
-862.4440476440359 9.580682709298141 -0.0011958584377583469 0.008576260219468345
-852.7536650862312 9.583417386365793 -0.0011869062025029681 0.00852217209739876
-843.0632825285429 9.586112140960635 -0.0011780884351368787 0.008468761937780862
-833.3728999707382 9.588768030441004 -0.0011694021084414268 0.008416017073213366
-823.6825174129335 9.591386076273476 -0.0011608442859254195 0.008363925149922707
-813.9921348551288 9.593967265366375 -0.0011524121184292434 0.008312474118114045
-804.3017522973241 9.596512551348512 -0.0011441028408819764 0.008261652222679338
-794.6113697395194 9.599022855796099 -0.0011359137692029304 0.008211447994243604
-784.9209871817147 9.601499069410313 -0.0011278422973401458 0.008161850240535663
-775.23060462391 9.603942053147856 -0.0011198858944387851 0.008112848038069727
-765.5402220661053 9.606352639306808 -0.0011120421021327883 0.008064430724124867
-755.8498395083006 9.608731632569755 -0.001104308531953518 0.008016587889009956
-746.159456950496 9.611079811006228 -0.0010966828628494768 0.007969309368602346
-736.4690743926913 9.613397927036255 -0.0010891628388115802 0.007922585237148994
-726.7786918348866 9.615686708356764 -0.0010817462665986966 0.007876405800319375
-717.0883092770819 9.617946858832473 -0.0010744310135585452 0.007830761588499931
-707.3979267192772 9.620179059352811 -0.0010703366621965418 0.007785643350320353
-697.7075441614725 9.622383968656296 -0.001070816295085822 0.007741042046402369
-688.0171616036678 9.624562224123798 -0.0010635208817806852 0.007696948843322147
-678.3267790458631 9.626714442541953 -0.0010563322741242761 0.007653355107777925
-668.6363964880584 9.628841220837963 -0.001049247638561389 0.007610252400954676
-658.9460139302537 9.630943136786978 -0.0010422642826636243 0.0075676324730781595
-649.2556313725654 9.633020749693124 -0.001035379642923881 0.007525487258151443
-639.5652488147607 9.635074601045403 -0.0010285912740435684 0.007483808868863821
-629.874866256956 9.63710521514909 -0.0010218968394906287 0.007442589591672974
-620.1844836991513 9.639113099734073 -0.0010152941031416603 0.007401821882043776
-610.4941011413466 9.641098746540719 -0.0010087809218552331 0.007361498359845221
-600.8037185835419 9.643062631884217 -0.0010023552388468858 0.007321611804896487
-591.1133360257372 9.64500521719828 -0.0009960150777575173 0.007282155152657017
-581.4229534679325 9.646926949558965 -0.0009897585373237195 0.007243121490055225
-571.7325709101278 9.648828262189333 -0.0009835837865725732 0.007204504051450618
-562.0421883523231 9.650709574945791 -0.0009774890604750722 0.007166296214724422
-552.3518057945184 9.652571294786677 -0.0009714726560019594 0.007128491497493938
-542.6614232367137 9.654413816223839 -0.0009655329285338448 0.007091083553446108
-532.971040678909 9.656237521757829 -0.0009596682885842628 0.007054066168785895
-523.2806581211044 9.658042782297338 -0.0009538771987999906 0.007017433258795342
-513.5902755632997 9.659829957563382 -0.0009481581712078151 0.0069811788644993066
-503.89989300549496 9.661599396478959 -0.0009425097646809722 0.006945297149433985
-494.20951044769026 9.66335143754453 -0.0009369305826019712 0.006909782396514625
-484.51912788988557 9.665086409200008 -0.0009314192707015026 0.00687462900499881
-474.82874533208087 9.666804630173639 -0.0009259745150556165 0.0068398314875420035
-465.1383627743926 9.668506409818317 -0.0009205950402256256 0.006805384467342453
-455.4479802165879 9.67019204843585 -0.0009152796075266168 0.006771282675369902
-445.7575976587832 9.671861837589358 -0.0009100270134133912 0.006737520947681283
-436.0672151009785 9.673516060404648 -0.0009048360879718142 0.006704094222812261
-426.3768325431738 9.675154991860598 -0.0008997056935070425 0.006670997539248049
-416.6864499853691 9.67677889906917 -0.0008946347232197495 0.006638226032968374
-406.9960674275644 9.678388041545343 -0.000889622099962891 0.006605774935064473
-397.3056848697597 9.67998267146733 -0.0008846667750722591 0.00657363956942561
-387.615302311955 9.681563033927462 -0.0008797677272647991 0.006541815350492819
-377.9249197541503 9.683129367174104 -0.0008749239615992593 0.006510297781077571
-368.2345371963456 9.684681902844831 -0.000870134508494311 0.0064790824502431975
-358.54415463854093 9.686220866191304 -0.0008653984227997555 0.006448165031246969
-348.85377208073623 9.687746476296025 -0.0008607147829168191 0.006417541279540807
-339.16338952293154 9.689258946281393 -0.0008560826899639957 0.0063872070308287265
-329.47300696512684 9.690758483511217 -0.0008515012669851383 0.006357158199179066
-319.78262440732215 9.692245289785044 -0.0008469696581968524 0.006327390775189803
-310.09224184951745 9.69371956152554 -0.0008424870282725284 0.006297900824205127
-300.40185929171275 9.695181489959152 -0.0008380525616605023 0.006268684484581703
-290.71147673390806 9.696631261290326 -0.0008336654619341517 0.0062397379660029196
-281.0210941762198 9.698069056869475 -0.0008293249511718977 0.006211057547840013
-271.3307116184151 9.699495053355045 -0.0008250302693649179 0.006182639577556449
-261.6403290606104 9.70090942286963 -0.0008207806738516385 0.006154480469159317
-251.9499465028057 9.70231233315066 -0.0008165754387763557 0.006126576701689466
-242.259563945001 9.703703947695669 -0.0008124138545713028 0.006098924817754214
-232.5691813871963 9.7050844259024 -0.0008082952274605179 0.006071521422099272
-222.8787988293916 9.706453923203885 -0.0008042188789842831 0.006044363180219017
-213.1884162715869 9.707812591198758 -0.0008001841455430071 0.006017446817003862
-203.4980337137822 9.709160577776938 -0.0008205026310529981 0.005991588188545535
-193.8076511559775 9.710498027240805 -0.0008159206428077646 0.005965124768998952
-184.1172685981728 9.7118250804221 -0.0008114100447815597 0.005938894817850236
-174.42688604036812 9.713141874794703 -0.0008069678922374357 0.0059128952055634764
-164.73650348256342 9.714448544583353 -0.0011460039053084784 0.005887122863367951
-155.04612092475872 9.715745220868564 -0.0011329173370595363 0.00586157478121178
-145.35573836695403 9.717032031687813 -0.0011203288122037735 0.005836248005868465
-135.66535580914933 9.71830910213314 -0.001108204315295643 0.005811139639176071
-125.97497325134464 9.719576554445318 -0.0010965130062703466 0.005786246836392259
-116.28459069353994 9.72083450810467 -0.0013495957403014752 0.005761566804651161
-106.59420813573524 9.722083079918715 -0.0013318305498291668 0.0057370968015103335
-96.90382557804696 9.723322384106696 -0.0013147685379366848 0.005712834133578101
-87.21344302024227 9.72455253238119 -0.0010997838431755814 0.005712309840206556
-77.52306046243757 9.725773634026746 -0.0016003033333933255 0.0056878459653529395
-67.83267790463287 9.726985795975834 -0.0015770112052612031 0.0056636122503774845
-58.14229534682818 9.728189122882137 -0.0015546583670277287 0.00563960392886983
-48.45191278902348 9.729383717191235 -0.0015331830882114792 0.005615816493993544
-38.761530231218785 9.730569679208827 -0.0015125290805298325 0.00559224567211333
-29.07114767341409 9.731747107166568 -0.0014926449049964352 0.005568887399941656
-19.380765115609393 9.732916097285615 -0.0014734834553540648 0.005545737804657157
-9.690382557804696 9.734076743837944 -0.0034751324060753983 0.00589734904944894
0.0 9.735229139205526 -0.003405403992131417 0.005864985554311171
9.690382557804696 6.997632713676223 0.01402207949270217 0.0385303465699013
19.380765115609393 7.121460424909499 0.013643873420038137 0.0376673172998053
29.07114767341409 7.217177591125308 0.013284816657844412 0.03684618394056374
38.761530231218785 7.2969199047266775 0.012943501834928154 0.03606391523856451
48.45191278902348 7.366025745702457 0.012618655842252904 0.03531776630020913
58.14229534682818 7.427405627597889 0.012309124216875 0.0346052455406602
67.83267790463287 7.482852725550015 0.012013857653915274 0.03392408610741224
77.52306046243757 7.533563951612508 0.011731900315983233 0.03327222108743972
87.21344302012585 7.580384977006918 0.01146237966686086 0.03264776192608473
96.90382557793055 7.6239393054538365 0.011204497602653128 0.03204897958248376
106.59420813573524 7.66470213168863 0.010957522691415566 0.03147428802516659
116.28459069353994 7.703045364559795 0.01072078336297488 0.03092222973551678
125.97497325134464 7.739266481394767 0.01049366191605372 0.03039146293985986
135.66535580914933 7.773607787845498 0.010275589230569778 0.029880750334336712
145.35573836695403 7.80626971469503 0.010042611400021165 0.029388949102830915
155.04612092475872 7.83742026287477 0.009841698533703378 0.02891500205818242
164.73650348256342 7.86720187781133 0.009648344575838933 0.02845792976192433
174.42688604036812 7.895736559313004 0.009455160241920967 0.02801682349871646
184.1172685981728 7.923129730504085 0.009275891313493394 0.027590838999239333
193.8076511559775 7.949473215153619 0.009003859396509668 0.027186433880115168
203.4980337137822 7.97484756218645 0.008839771967980022 0.026788208299993267
213.1884162715869 7.999323884103551 0.008678715318370727 0.026402910385094933
222.8787988293916 8.022965327955145 0.008525467652053144 0.02602990611133955
232.5691813871963 8.045828264746033 0.008377299046146298 0.025668599115542822
242.259563945001 8.067963260401699 0.008233964687401223 0.025318431253725984
251.9499465028057 8.089415875353628 0.008095235118744167 0.024978879582489955
261.6403290606104 8.110227328273938 0.00795470471372897 0.024649453622219767
271.33071161829866 8.130435051100545 0.007819614585721373 0.02432969287188079
281.02109417610336 8.15007315631211 0.0076937395488471125 0.02401916454879669
290.71147673390806 8.169172832793802 0.007571669256838734 0.023717461530044
300.40185929171275 8.187762683163681 0.007453236343748141 0.023424200474711103
310.09224184951745 8.20586901276911 0.007338283035493801 0.02313902010879369
319.78262440732215 8.223516078527501 0.007226660478118764 0.02286157965650087
329.47300696512684 8.24072630420042 0.007087299569568051 0.02259155740359287
339.16338952293154 8.257520467450671 0.006982728811956823 0.022328649379960527
348.85377208073623 8.273917863054336 0.006865593596819597 0.02207256815005369
358.54415463854093 8.289936445862585 0.006767085720708025 0.02182304170099323
368.2345371963456 8.305592956486997 0.006671223337427595 0.021579812419282533
377.9249197541503 8.320903032180299 0.006577903688356423 0.021342636147986743
387.615302311955 8.335881304979909 0.006487029155567036 0.021111281317090894
397.3056848697597 8.35054148885011 0.00638516147875893 0.020885528140492656
406.9960674275644 8.364896457287806 0.006299249002027018 0.02066516787374613
416.6864499853691 8.378958312633253 0.00621549921160074 0.02045000212725978
426.3768325431738 8.392738448142152 0.006133833468471977 0.02023984223017265
436.0672151009785 8.40624760372135 0.006054176806144546 0.020034508640597866
445.7575976587832 8.421575937306471 -0.0005291097589455041 0.022114391018663058
455.4479802165879 8.447703370652583 -0.00043914576600584176 0.021860078376683915
465.1383627742762 8.472853200627021 -0.0003556199560865591 0.021612992334775885
474.82874533208087 8.497093188437178 -0.000277994840537838 0.02137277454723224
484.51912788988557 8.520484233034443 -0.00022131486536105098 0.021139093329807648
494.20951044769026 8.543081276056744 -0.00015368851831599532 0.020911640975414234
503.89989300549496 8.564934059771893 -9.066981838377277e-05 0.020690131407794885
513.5902755632997 8.586087766307283 -3.190076899009768e-05 0.020474298122836163
523.2806581211044 8.6065835602108 2.294337450012441e-05 0.02026389237574122
532.971040678909 8.626459051683353 7.415774632013369e-05 0.020058681579207017
542.6614232367137 8.64574869424107 0.00012201105115526607 0.019858447883398418
552.3518057945184 8.664484127812019 0.00016674835037877375 0.019662986913140206
562.0421883523231 8.682694476138664 0.0002085935091656537 0.019472106641557924
571.7325709101278 8.700406605689809 0.00024775135127286387 0.019285626382548746
581.4229534679325 8.71764535197271 0.00028440956107088025 0.019103375887079558
591.1133360257372 8.734433718094202 0.00031874036642948715 0.01892519453049026
600.8037185835419 8.750793049586921 0.0003509020310745941 0.018750930579806292
610.4941011413466 8.766743188846684 0.0003810401808616424 0.018580440531597894
620.1844836991513 8.782302611983974 0.0004092889849101281 0.018413588512217704
629.874866256956 8.79748855044978 0.00043577220959522184 0.018250245733342548
639.5652488147607 8.812317099432494 0.0004606041609014542 0.018090289996675172
649.255631372449 8.826803314722493 0.0004838905285322898 0.017933605242455217
658.9460139302537 8.840961299493127 0.0005057291433772575 0.017780081137092493
668.6363964880584 8.854804282235351 0.0005262106584034758 0.01762961269585521
678.3267790458631 8.868344686915032 0.0005454191617412479 0.017482099936978558
688.0171616036678 8.881594196268956 0.0005634327296037948 0.017337447564055343
697.7075441614725 8.89456380903509 0.0005803239257251482 0.017195564673902333
707.3979267192772 8.907263891805831 0.0005961602531696804 0.01705636448743159
717.0883092770819 8.919704226103454 0.000612612200710016 0.01691981408784766
726.7786918348866 8.931894051199935 0.0006264812122351447 0.016785732943778928
736.4690743926913 8.943842103137664 0.0006394735315584827 0.016654096586167188
746.159456950496 8.955556650350944 0.0006516399943361481 0.01652483242439662
755.8498395083006 8.967045526239309 0.0006630280952454217 0.016397870923042613
765.5402220661053 8.978316159001755 0.0006736822411205545 0.01627314543222626
775.23060462391 8.989375599004454 0.0006836439821805721 0.01615059202981887
784.9209871817147 9.000230543922969 0.0006929522234850703 0.016030149374493978
794.6113697395194 9.010887361872472 0.0007016434185226888 0.015911758568723875
804.3017522973241 9.021352112715668 0.0007097517466331013 0.015795363030905767
813.9921348551288 9.031630567717109 0.0007173092757833806 0.01568090837588121
823.6825174129335 9.041728227694524 0.0007243461120605456 0.015568342303181921
833.3728999706218 9.051650339801483 0.0007308905371012363 0.01545761449239897
843.0632825284265 9.061401913062666 0.00073696913455517 0.015348676505118218
852.7536650862312 9.070987732768062 0.0007426069065666167 0.015241481692942762
862.4440476440359 9.080412373825755 0.0007478273811623773 0.015135985111120938
872.1344302018406 9.08968021315909 0.0007526527113443162 0.015032143437385253
881.8248127596453 9.098795441228043 0.0007571037666080876 0.014929914895615261
891.51519531745 9.107762072746187 0.0007612002175392887 0.014829259183979534
901.2055778752547 9.116583956658065 0.0007649606140761763 0.014730137407239363
910.8959604330594 9.125264785435713 0.0005961527573714402 0.014632512012923484
920.5863429908641 9.133808103747777 0.0006037778237269412 0.01453634673110684
930.2767255486688 9.142217316549905 0.0006108888027356881 0.014441606517548056
939.9671081064735 9.150495696640622 0.0006175173391200004 0.014348257499959976
949.6574906642782 9.158646391723273 0.0006236926372143168 0.014256266927205252
959.3478732220829 9.166672431010971 0.00038899854559758685 0.014165603121225391
969.0382557798875 9.174576731408346 0.00040052444423160856 0.014076235431526186
978.7286383376922 9.182362103301193 0.0004113628245121659 0.013988134192056122
988.4190208954969 9.190031255982422 0.0004215579675030143 0.013901270680326417
998.1094034533016 9.197586802740416 0.0004311505006178734 0.013815617078632752
