-1007.7997860111063 8.97480558390734 -0.0025054224171704833 1.1468474164828975e-07
-998.1094034533016 8.974587514054683 -0.002496407983027935 1.142615446094895e-07
-988.4190208954969 8.974367378832 -0.0024874589085951753 1.1384150309107634e-07
-978.7286383376922 8.974145284224523 -0.002478574477446755 1.1342458158526648e-07
-969.0382557798875 8.973921336537723 -0.002469753983739041 1.1301074511838125e-07
-959.3478732220829 8.973695642236509 -0.002460996732011655 1.1259995924122477e-07
-949.6574906642782 8.973468307790714 -0.0024523020369935085 1.1219219001886533e-07
-939.9671081064735 8.973239439526932 -0.0024436692234132986 1.1178740402131133e-07
-930.2767255486688 8.973009143486744 -0.0024350976258143246 1.1138556831443098e-07
-920.5863429908641 8.972777525291418 -0.0024265865883735262 1.1098665044943562e-07
-910.8959604330594 8.972544690013036 -0.002418135464724618 1.1059061845537159e-07
-901.2055778753711 8.972310742052048 -0.002409743617785297 1.1019744082990451e-07
-891.5151953175664 8.972075785021232 -0.002401410419587847 1.0980708653045594e-07
-881.8248127597617 8.971839921635985 -0.0023931352511145022 1.0941952496566526e-07
-872.134430201957 8.971603253610883 -0.002384917502135473 1.0903472598785451e-07
-862.4440476441523 8.97136588156242 -0.002376756571051062 1.0865265988440893e-07
-852.7536650863476 8.97112790491782 -0.00236865186473715 1.0827329737010628e-07
-843.0632825285429 8.97088942182982 -0.0023606027983940586 1.0789660957944607e-07
-833.3728999707382 8.970650529097297 -0.0023526087953987204 1.0752256805914148e-07
-823.6825174129335 8.970411322091584 -0.0023446692871600537 1.0715114476034021e-07
-813.9921348551288 8.970171894688383 -0.002336783712977465 1.0678231203247162e-07
-804.3017522973241 8.969932339205055 -0.0023289515199023947 1.0641604261503392e-07
-794.6113697395194 8.969692746343206 -0.002321172162602831 1.0605230963117024e-07
-784.9209871817147 8.969453205136361 -0.0023134451032307103 1.0569108658110924e-07
-775.23060462391 8.969213802902562 -0.002305769811292144 1.053323473352262e-07
-765.5402220661053 8.968974625201763 -0.00229814576352038 1.049760661275107e-07
-755.8498395083006 8.968735755797807 -0.00229057244375144 1.0462221754995588e-07
-746.159456950496 8.968497276624836 -0.0022830493428023808 1.0427077654521296e-07
-736.4690743926913 8.968259267757968 -0.0022755759583520736 1.0392171840165813e-07
-726.7786918348866 8.968021807388054 -0.0022681517948244844 1.0357501874631815e-07
-717.0883092771983 8.967784971800352 -0.00226077636327445 1.0323065353999138e-07
-707.3979267193936 8.967548835356938 -0.0022534491812753713 1.0288859907131185e-07
-697.7075441615889 8.967313470482717 -0.0022461697728100986 1.0254883195048793e-07
-688.0171616037842 8.96707894765481 -0.002238937668163162 1.0221132910485714e-07
-678.3267790459795 8.966845335395215 -0.002231752403815649 1.01876067772923e-07
-668.6363964881748 8.966612700266529 -0.0022246135223421212 1.0154302549877144e-07
-658.9460139303701 8.9663811068706 -0.0022175205723096152 1.012121801279508e-07
-649.2556313725654 8.966150617849946 -0.002210473108178682 1.0088350980159001e-07
-639.5652488147607 8.965921293891789 -0.0022221732210748594 6.246514516715645e-07
-629.874866256956 8.965693193734541 -0.0022150773324449606 6.204553644104896e-07
-620.1844836991513 8.965466374176636 -0.0022080276515151235 6.163181725927873e-07
-610.4941011413466 8.965240890087502 -0.0022010237111911297 6.122386153500675e-07
-600.8037185835419 8.96501679442061 -0.0024361778745732136 6.08215467939096e-07
-591.1133360257372 8.964794138228402 -0.002427482589109191 6.042475404480425e-07
-581.4229534679325 8.964572970679018 -0.002418857706809773 6.003336765626592e-07
-571.7325709101278 8.964353339074664 -0.0024103022204888004 5.964727523819521e-07
-562.0421883523231 8.964135288871516 -0.002401815145453705 5.92663675284946e-07
-552.3518057945184 8.963918863701045 -0.002560461596950522 5.889053828465364e-07
-542.6614232367137 8.963704105392642 -0.002550873789119677 5.851968417922373e-07
-532.9710406790255 8.963491053997457 -0.0025413696824039197 5.815370470020436e-07
-523.2806581212208 8.963279747813294 -0.002559597539483571 4.37344684426003e-05
-513.5902755634161 8.963070223410556 -0.002753014526040141 4.341234048887426e-05
-503.8998930056114 8.962862515659056 -0.00274206582865369 4.309492694654687e-05
-494.2095104478067 8.96265665775564 -0.0027312203789401574 4.2782125035029556e-05
-484.519127890002 8.962452681252548 -0.0027204764647016386 4.2473834940406105e-05
-474.8287453321973 8.962250616086415 -0.0027098324159789597 4.2169959709148166e-05
-465.1383627743926 8.962050490607824 -0.002699286603670161 4.1870405146366465e-05
-455.4479802165879 8.961852331611357 -0.0026888374382046136 4.1575079718385994e-05
-445.7575976587832 8.961656164366065 -0.011644085024319108 0.0034183717360514693
-436.0672151009785 8.961462012646281 -0.011567754750944433 0.0033931979905968955
-426.3768325431738 8.961269898762723 -0.012173839334387669 0.00336839232301903
-416.6864499853691 8.961079843593819 -0.012094596480155501 0.0033439467188319137
-406.9960674275644 8.960891866617212 -0.012016441077443415 0.00331985339455595
-397.3056848697597 8.960705985941361 -0.011939350294113617 0.0032961047894541546
-387.615302311955 8.960522218337227 -0.011863301940109022 0.0032726935576206664
-377.9249197541503 8.960340579269948 -0.011788274444928505 0.0032496125604040372
-368.2345371963456 8.960161082930519 -0.011714246836045815 0.0032268548591489984
-358.54415463854093 8.959983742267367 -0.011641198718226374 0.003204413708241114
-348.85377208085265 8.959808569017847 -0.011569110253699456 0.0031822825484399673
-339.16338952304795 8.959635573739556 -0.011497962143139655 0.0031604550004854636
-329.47300696524326 8.959464765841505 -0.011427735607431808 0.0031389248589681062
-319.78262440743856 8.95929615361505 -0.011358412370165554 0.003117686086445584
-310.09224184963387 8.959129744264589 -0.011289974640837721 0.00309673280779792
-300.40185929182917 8.958965543937989 -0.011222405098724636 0.00307605930480852
-290.7114767340245 8.95880355775672 -0.011179317912833308 0.003055660010960851
-281.0210941762198 8.95864378984567 -0.011113260739632862 0.003035529506440862
-271.3307116184151 8.958486243362616 -0.011048024997464864 0.0030156625133356527
-261.6403290606104 8.958330920527347 -0.010990616873035406 0.002996053891019494
-251.9499465028057 8.958177822650393 -0.010926925567943316 0.0029766986317187414
-242.259563945001 8.958026950161386 -0.011041867059338932 0.0029740140161972346
-232.5691813871963 8.957878302636994 -0.01097814460252552 0.002955035058116302
-222.8787988293916 8.957731878828437 -0.01091789959120289 0.0029362918538641683
-213.1884162715869 8.95758767668859 -0.010855939972288483 0.0029177849587794756
-203.4980337137822 8.957445693398626 -0.010794719504744798 0.002899509931098817
-193.8076511559775 8.957305925394207 -0.010734224675794666 0.002881462439705688
-184.1172685981728 8.957168368391248 -0.01067444230437198 0.002863638260705719
-174.42688604036812 8.957033017411174 -0.010621590711653495 0.0028460332741284088
-164.73650348267984 8.956899866805742 -0.01056819480193834 0.0028286434607500445
-155.04612092487514 8.956768910281369 -0.010510391589870759 0.002811464899031527
-145.35573836707044 8.956640140923 -0.01045325242728539 0.0027944937621692018
-135.66535580926575 8.956513551217482 -0.010396765620244688 0.002777726315249961
-125.97497325146105 8.956389133076467 -0.01034091975147549 0.002761158912509229
-116.28459069365636 8.956266877858823 -0.010285703672180091 0.0027447879946864108
-106.59420813585166 8.956146776392576 -0.010261266843255967 0.002728610086473903
-96.90382557804696 8.956028818996362 -0.01020705489010345 0.0027126217940559045
-87.21344302024227 8.955912995500402 -0.010168248792181398 0.0026968198027333013
-77.52306046243757 8.955799295266996 -0.010115119845341764 0.0026812008746311586
-67.83267790463287 8.955687707210547 -0.010062573433123882 0.002665761846485497
-58.14229534682818 8.955578219817111 -0.010010599758788439 0.002650499627506134
-48.45191278902348 8.955470821163468 -0.009959189247171204 0.0026354111973125897
-38.761530231218785 8.955365498935741 -0.009921077923218464 0.0026204936039401637
-29.07114767341409 8.955262240447551 -0.009870671719486832 0.002605743961913393
-19.380765115609393 8.955161032657701 -0.009820802601410255 0.002591159450384238
-9.690382557804696 8.955061862187433 -0.009771461789297267 0.002576737311332525
0.0 8.954964715337216 -0.009722640696568915 0.0025624748478261625
9.690382557804696 1.2781912727284617 -0.1503472686095438 0.023956727229640106
19.380765115609393 1.6840166419590439 -0.14926509684351424 0.023785361065918584
29.071147673297673 2.001831849259064 -0.14819852044014284 0.023616444880600405
38.76153023110237 2.269605813309173 -0.14714720326480835 0.02344992624710007
48.451912788907066 2.503818751188719 -0.14612523039423803 0.023285754229686685
58.14229534671176 2.7134252444355473 -0.14510335510957692 0.023123879330705407
67.83267790451646 2.9039453506516892 -0.14409578854113683 0.02296425344003937
77.52306046232115 3.0790731700284564 -0.1431022309856664 0.022806829786690873
87.21344302012585 3.241428621502937 -0.1421223910723608 0.022651562892380298
96.90382557793055 3.392952109782362 -0.14115598547482236 0.022498408527065198
106.59420813573524 3.5351299543311816 -0.1402027386348998 0.022347323666287458
116.28459069353994 3.669131704797411 -0.13926238249783984 0.022198266450261177
125.97497325134464 3.7958981421819358 -0.13833465625821262 0.022051196144618968
135.66535580914933 3.9162000483351544 -0.1374193061161034 0.02190607310273855
145.35573836695403 4.030678816568729 -0.13651608504308832 0.02176285872957577
155.04612092475872 4.139875333066048 -0.13562475255754058 0.02162151544693424
164.73650348256342 4.244251027867419 -0.13474507450883375 0.021482006660105173
174.42688604036812 4.344203548107767 -0.13387682287003477 0.021344296725814872
184.1172685981728 4.440078646081905 -0.1330197755386985 0.021208350921420184
193.8076511559775 4.532179345111345 -0.13217371614539722 0.021074135415295576
203.4980337137822 4.620773110079717 -0.13133843386963584 0.02094161723835832
213.1884162714705 4.706097530440902 -0.13051372326283298 0.020810764256682608
222.87879882927518 4.78836487731949 -0.12969938407799408 0.02068154514514482
232.56918138707988 4.8677657966573475 -0.12889522110592802 0.02055392936207789
242.25956394488458 4.944472331174788 -0.12810104401752478 0.020427887124859816
251.94994650268927 5.018640414958055 -0.12731666721197593 0.02030338938641846
261.64032906049397 5.1256802113685795 -0.1265419096706209 0.02018040781260408
271.33071161829866 5.306250485522424 -0.12577659481618794 0.020058914760393738
281.02109417610336 5.472075725732882 -0.12501901419628172 0.019938927116189383
290.71147673390806 5.625029038123392 -0.12427208344069629 0.019820330513931273
300.40185929171275 5.766645787516872 -0.12353409079018303 0.019703143449523057
310.09224184951745 5.898203069871405 -0.12280487612910339 0.019587340841819078
319.78262440732215 6.020776393787259 -0.12208428315250777 0.01947289820311913
329.47300696512684 6.135281151507481 -0.1213721592532642 0.019359791621675393
339.16338952293154 6.242503633639409 -0.12066835541318013 0.01924799774481575
348.85377208073623 6.343124669371467 -0.11997272609795279 0.019137493762658202
358.54415463854093 6.437737947995228 -0.11928512915579145 0.019028257392392497
368.2345371963456 6.52686442810875 -0.11860542571956366 0.018920266863105755
377.9249197541503 6.610963818276831 -0.11793348011232228 0.01881350090113053
387.615302311955 6.690443831106764 -0.11726915975607805 0.01870793871589415
397.3056848696433 6.765667720602532 -0.1166123350836962 0.018603559986250736
406.996067427448 6.836960479125191 -0.11596287945374632 0.018500344847269506
416.6864499852527 6.904613975764793 -0.11532066906830553 0.01839827387747972
426.3768325430574 6.968891249992982 -0.1146855828934443 0.018297328086530056
436.0672151008621 7.030030124824176 -0.11405750258240627 0.018197488903264475
445.7575976586668 7.0882462670304225 -0.1134363124013312 0.018098738164191285
455.4479802164715 7.14373579445661 -0.1128218991574307 0.018001058102331526
465.1383627742762 7.196677509653805 -0.1122141521295229 0.017904431336432068
474.82874533208087 7.247234823098605 -0.11175761785818865 0.017808840860529584
484.51912788988557 7.2955574169331925 -0.1111618104709308 0.01771427003385229
494.20951044769026 7.34178269053685 -0.11057236702307847 0.017620702571046507
503.89989300549496 7.386037021666197 -0.10998918568555324 0.01752812253271604
513.5902755632997 7.428436870894234 -0.10941216679587445 0.01743651431626278
523.2806581211044 7.4690897522781405 -0.10903858207141305 0.01734586264701724
532.971040678909 7.508095089323525 -0.10847214284754685 0.01725615256964849
542.6614232367137 7.545544972185184 -0.1079116008028733 0.017167369439843164
552.3518057945184 7.581524829495907 -0.10735686392111246 0.017079498916243822
562.0421883523231 7.6161140261266675 -0.10680784209635641 0.01699252695263721
571.7325709101278 7.649386396460851 -0.10626444708361885 0.016906439790383438
581.4229534678161 7.6814107213400495 -0.1057265924509228 0.016821223951078466
591.1133360256208 7.712251155655978 -0.105473758157502 0.016771525995325703
600.8037185834255 7.741967612564004 -0.1049446687843021 0.01668775765838608
610.4941011412302 7.770616109475144 -0.10442090114653597 0.016604825568444115
620.1844836990349 7.798249080268525 -0.10402962104086858 0.016522717217237547
629.8748662568396 7.8249156575808465 -0.10351531939532876 0.016441420345613713
639.5652488146443 7.8506619285224595 -0.1030061171498219 0.01636092293733722
649.255631372449 7.875531166740291 -0.10247972378518559 0.016282490582014343
658.9460139302537 7.899564043380188 -0.10198065747581658 0.016203547607134133
668.6363964880584 7.922798819185907 -0.10148646505410736 0.01612536958214602
678.3267790458631 7.945271519700379 -0.10099707510527602 0.016047945401181075
688.0171616036678 7.967016095300627 -0.10051241760887794 0.015971264173054646
697.7075441614725 7.9880645675947495 -0.10003242390479743 0.01589531521608661
707.3979267192772 8.008447163533344 -0.09965162352480829 0.015820088053071488
717.0883092770819 8.02819243843444 -0.09918006056339132 0.015745572406393155
726.7786918348866 8.047327388987382 -0.09871297342149413 0.01567175819327954
736.4690743926913 8.06587755718412 -0.09825029833835154 0.015598635521192387
746.159456950496 8.083867126023906 -0.0977919727641281 0.015526194683347802
755.8498395083006 8.101319007747406 -0.09733793533116947 0.015454426154363161
765.5402220661053 8.118254925276945 -0.09688812582607326 0.015383320586026246
775.2306046237936 8.134695487469488 -0.09630771671697917 0.015332849543782457
784.9209871815983 8.150660258728626 -0.0958671768673791 0.015262895769394921
794.611369739403 8.166167823462896 -0.09543067652573002 0.015193580074006553
804.3017522972077 8.181235845836166 -0.09499816014536235 0.015124893731598322
813.9921348550124 8.195881125205755 -0.09515044204980348 0.015112789320873284
823.6825174128171 8.210119647609684 -0.09472144860820025 0.015044923571874983
833.3728999706218 8.22396663362884 -0.09429634117812208 0.014977667976395681
843.0632825284265 8.23743658291939 -0.09387506677775015 0.014911014291651774
852.7536650862312 8.250543315683451 -0.09345757339246966 0.01484495442379415
862.4440476440359 8.263300011321483 -0.09304117403549347 0.014779578759532157
872.1344302018406 8.275719244487833 -0.09263110985060213 0.014714682097010746
881.8248127596453 8.287813018751109 -0.09222467593598815 0.014650355840713935
891.51519531745 8.299592798043292 -0.09182182393599385 0.014586592459394091
901.2055778752547 8.311069536065373 -0.0914225063568902 0.014523384554735279
910.8959604330594 8.322253703802932 -0.09102667654756409 0.014460724858406803
920.5863429908641 8.333155315291956 -0.0906342886807295 0.014398606229195785
930.2767255486688 8.343783951763323 -0.09024529773464592 0.014337021650216197
939.9671081064735 8.354148784283815 -0.09025797252226334 0.01430800205244619
949.6574906642782 8.36425859500164 -0.08987270737710837 0.014247228844699374
959.3478732219664 8.37412179709565 -0.08949075171470744 0.01418697281187391
969.0382557797711 8.38374645352019 -0.08911206262583894 0.014127227332606568
978.7286383375758 8.393140294627763 -0.08873659794950693 0.014067985899146814
988.4190208953805 8.402310734749232 -0.08836431625639676 0.01400924211489636
998.1094034531852 8.411264887801032 -0.08599561435910222 0.01545075766249019
