-1007.7997860109899 9.977538083990336 -0.0022123017554600884 2.5046407856065884e-06
-998.1094034531852 9.977538083990336 -0.0021635861350537814 2.455024548838624e-06
-988.4190208953805 9.977538083990336 -0.0021170859593112835 2.407349219251534e-06
-978.7286383375758 9.977538083990336 -0.0020726517034165845 2.361502832279191e-06
-969.0382557797711 9.977538083990336 -0.002030147051604181 2.3173818828806425e-06
-959.3478732219664 9.977538083990336 -0.001989447467341552 2.2748905407594807e-06
-949.6574906641617 9.977538083990336 -0.0019504389455337796 2.2339399514066123e-06
-939.9671081064735 9.977538083990336 -0.0019130169202530264 2.194447612211191e-06
-930.2767255486688 9.977538083990336 -0.0018770853058142384 2.156336814390931e-06
-920.5863429908641 9.977538083990336 -0.0018425556525720431 2.1195361427817867e-06
-910.8959604330594 9.977538083990336 -0.0018093464017171514 2.0839790265979483e-06
-901.2055778752547 9.977538083990336 -0.0017773822257805385 2.0496033352052507e-06
-891.51519531745 9.977538083990336 -0.0017465934435486568 2.0163510137294313e-06
-881.8248127596453 9.977538083990336 -0.001732919822184883 1.9841677539901076e-06
-872.1344302018406 9.977538083990336 -0.0017038841961739164 1.9530026968279063e-06
-862.4440476440359 9.977538083990336 -0.001675864217480651 1.9228081623835113e-06
-852.7536650862312 9.977538083990336 -0.0016537191693228868 1.893539405311254e-06
-843.0632825284265 9.977538083990336 -0.0016274470286021575 1.8651543922798706e-06
-833.3728999706218 9.977538083990336 -0.003817673776513951 0.0008613512170594889
-823.6825174128171 9.977538083990336 -0.0037361295527359503 0.0008392717981216632
-813.9921348550124 9.977538083990336 -0.003660013565630653 0.000818294543145665
-804.3017522972077 9.977538083990336 -0.0035855728665585415 0.0007983407448189428
-794.611369739403 9.977538083990336 -0.0035142971080941664 0.0007793372716164644
-784.9209871815983 9.977538083990336 -0.0034459818562467383 0.0007612177982394471
-775.2306046237936 9.977538083990336 -0.0033804403003897857 0.0007439220317628048
-765.5402220659889 9.977538083990336 -0.0033216673828656636 0.0007273950410214247
-755.8498395083006 9.977538083990336 -0.0032643783266235976 0.0007115866735161517
-746.159456950496 9.977538083990336 -0.0032060006798550846 0.0006964510467961843
-736.4690743926913 9.977538083990336 -0.0031498004827912995 0.000681946103453494
-726.7786918348866 9.977538083990336 -0.0030956543757323348 0.0006680332206334583
-717.0883092770819 9.977538083990336 -0.003043448336372883 0.0006546768664280563
-707.3979267192772 9.977538083990336 -0.0029930767996214293 0.0006418442967124978
-697.7075441614725 9.977538083990336 -0.0029641368075925636 0.0006295052869784389
-688.0171616036678 9.977538083990336 -0.0029166354756577475 0.0006176318945393701
-678.3267790458631 9.977538083990336 -0.002879903399284761 0.000606198247169197
-668.6363964880584 9.977538083990336 -0.0028352600112698414 0.0005951803548082376
-658.9460139302537 9.977538083990336 -0.002792059684437749 0.0005845559414519301
-649.255631372449 9.977538083990336 -0.002750231408076427 0.0005743042947425819
-639.5652488146443 9.977538083990336 -0.0027097088596215193 0.0005644061311266784
-629.8748662568396 9.977538083990336 -0.0026783634846359594 0.0005548434747302313
-620.1844836990349 9.977538083990336 -0.002640064810567086 0.0005455995483510635
-610.4941011412302 9.977538083990336 -0.002602907709479079 0.0005366586751770293
-600.8037185834255 9.977538083990336 -0.0025668403303553615 0.0005280061900186944
-591.1133360256208 9.977538083990336 -0.002531813988283536 0.0005196283589989305
-581.4229534678161 9.977538083990336 -0.003431452700892128 0.000511512306774094
-571.7325709100114 9.977538083990336 -0.0033745765028306506 0.0005036459504754122
-562.0421883523231 9.977538083990336 -0.0033197949048129802 0.0004960179396576698
-552.3518057945184 9.977538083990336 -0.0032669836040313165 0.0004886176016268104
-542.6614232367137 9.977538083990336 -0.0032243094859057907 0.0004814348915938821
-532.971040678909 9.977538083990336 -0.003174892768082562 0.000474460347163798
-523.2806581211044 9.977538083990336 -0.0031271417308613007 0.0004676850467265805
-513.5902755632997 9.977538083990336 -0.003080966475046777 0.00046110057136570707
-503.89989300549496 9.977538083990336 -0.003036283865670452 0.00045469896994160107
-494.20951044769026 9.977538083990336 -0.0029930168787788212 0.0004484727270457049
-484.51912788988557 9.977538083990336 -0.002951094024806133 0.0004424147335535247
-474.82874533208087 9.977538083990336 -0.002910448838045663 0.00043651825953399716
-465.1383627742762 9.977538083990336 -0.0028710194233644475 0.00043077692929809633
-455.4479802164715 9.977538083990336 -0.002832748052654821 0.0004251846983921494
-445.7575976586668 9.977538083990336 -0.0027955808046358477 0.0004197358323612887
-436.0672151008621 9.977538083990336 -0.002759467242551313 0.0004144248871261566
-426.3768325430574 9.977538083990336 -0.002724360125092367 0.00040924669083166075
-416.6864499852527 9.977538083990336 -0.0026902151465293483 0.00040419632704054694
-406.996067427448 9.977538083990336 -0.0026569907025907917 0.00039926911915694365
-397.3056848696433 9.977538083990336 -0.0026246476790958433 0.00039446061597613833
-387.6153023118386 9.977538083990336 -0.0025931492607437763 0.00038976657826670096
-377.9249197541503 9.977538083990336 -0.0025624607578030563 0.00038518296629997734
-368.2345371963456 9.977538083990336 -0.0025325494487289306 0.00038070592824949865
-358.54415463854093 9.977538083990336 -0.0025033844369938565 0.0003763317893911052
-348.85377208073623 9.977538083990336 -0.0024749365206149032 0.00037205704203901167
-339.16338952293154 9.977538083990336 -0.002447178073058516 0.00036787833616071404
-329.47300696512684 9.977538083990334 -0.0024200829343535043 0.00036379247061761204
-319.78262440732215 9.977538083990334 -0.002393626311382856 0.000359796384983259
-310.09224184951745 9.977538083990332 -0.0023668876522928506 0.00035590803835066964
-300.40185929171275 9.97753808399033 -0.0023416620527750925 0.0003520823125918832
-290.71147673390806 9.977538083990327 -0.0023170067278135194 0.0003483379832799752
-281.02109417610336 9.977538083990318 -0.0022929015963913534 0.0003446724790620028
-271.33071161829866 9.977538083990307 -0.0022693275464721542 0.0003410833358372136
-261.64032906049397 9.977538083990286 -0.002246266375439775 0.0003375681912150819
-251.94994650268927 9.977538083990256 -0.002223700734975056 0.000334124779314483
-242.25956394488458 9.9775380839902 -0.0022016140799838084 0.00033075092587960366
-232.56918138707988 9.977538083990117 -0.002179990621228415 0.00032744454369018253
-222.87879882927518 9.977538083989986 -0.00215881528134912 0.0003242036282454956
-213.1884162714705 9.977538083989776 -0.0021380736539912343 0.0003210262537031367
-203.4980337136658 9.977538083989456 -0.002117751965781456 0.0003179105690551545
-193.8076511559775 9.977538083988971 -0.002097837040920844 0.00031485479452549237
-184.1172685981728 9.97753808398824 -0.002078316268182007 0.00031185721817367506
-174.42688604036812 9.977538083987158 -0.002059177570122405 0.00030891619269158167
-164.73650348256342 9.977538083985566 -0.0020404093743347554 0.0003060301323798992
-155.04612092475872 9.977538083983246 -0.0020220005865795618 0.0003031975102930877
-145.35573836695403 9.97753808397991 -0.0020039405656538225 0.0003004168555417777
-135.66535580914933 9.977538083975151 -0.0019862190998643494 0.0002976867507425794
-125.97497325134464 9.977538083968426 -0.0019688263849853465 0.0002950058296059725
-116.28459069353994 9.977538083959006 -0.0020225263863677075 0.0002923727746536232
-106.59420813573524 9.977538083945927 -0.0020039204020640597 0.00028978631505707883
-96.90382557793055 9.977538083927927 -0.001985709539489557 0.00028724522459037634
-87.21344302012585 9.97753808390335 -0.0019678784845255973 0.00028474831968960447
-77.52306046232115 9.977538083870058 -0.0019504129100222376 0.00028229445761295387
-67.83267790451646 9.977538083825303 -0.0020205341083498196 0.00027988253469523065
-58.14229534671176 9.97753808376559 -0.0020015185573807144 0.0002775114846912178
-48.451912788907066 9.977538083686483 -0.0019829428415249453 0.0002751802772026425
-38.76153023110237 9.977538083582399 -0.001964787515070811 0.0002728879161838739
-29.071147673297673 9.977538083446387 -0.0019470345353993991 0.00027063343852178035
-19.380765115492977 9.977538083269803 -0.0019296671212410052 0.00026841591268548685
-9.690382557804696 9.977538083041983 -0.0019126696288835467 0.0002662344374420775
0.0 7.02027898162451 -0.006067362530279121 0.03581419513346592
9.690382557804696 7.187368344394509 -0.005943369278125303 0.03489427468065077
19.380765115609393 7.301458154817989 -0.0058251255451427595 0.03402058574705068
29.07114767341409 7.39177575791033 -0.005776719466486943 0.033189725098994566
38.761530231218785 7.467790977731361 -0.005667120070811862 0.03239861563743852
48.45191278902348 7.534005067567405 -0.005562231994646168 0.0316444682409396
58.14229534682818 7.5929759505115975 -0.005452987307168672 0.030925094879988756
67.83267790463287 7.646321370734324 -0.005356831802733453 0.03023748716431223
77.52306046243757 7.695140882319169 -0.005264516283815513 0.02957989463201187
87.21344302024227 7.7402217580120425 -0.005175802558224979 0.02895039171156107
96.90382557804696 7.782150362004118 -0.005090472125218907 0.028347214155888555
106.59420813585166 7.82137716127401 -0.0050083241668745036 0.027768742491988803
116.28459069365636 7.858256977969718 -0.0049798558342954305 0.027213487467163476
125.97497325146105 7.893075112099359 -0.004902237016100086 0.026680077216410133
135.66535580926575 7.926064959122867 -0.0048273522345179416 0.02616724591807441
145.35573836707044 7.957420278750603 -0.004755050969591936 0.025673823740211862
155.04612092487514 7.987303974162381 -0.004685193819495318 0.025198727909517767
164.73650348267984 8.015854522407285 -0.004617651481250377 0.02474095475925908
174.42688604048453 8.043190780723465 -0.004552303842264486 0.024299572633250346
184.1172685981728 8.069415643280331 -0.004462763090735678 0.02387563377562706
193.8076511559775 8.094618867285545 -0.004402144708034223 0.02346444698043402
203.4980337137822 8.118879287853963 -0.004343375064697037 0.023067230480601306
213.1884162715869 8.142266575710291 -0.00428636589255166 0.0226832832430461
222.8787988293916 8.164842647915519 -0.013068529363888182 0.02617402351496783
232.5691813871963 8.186662811751194 -0.012787474576277257 0.025715349772680675
242.259563945001 8.207776700912026 -0.012519349143725598 0.02527308710897484
251.9499465028057 8.228229048268226 -0.012263248125385118 0.02484633240361291
261.6403290606104 8.248060328732432 -0.012018350606315346 0.024434250664041427
271.3307116184151 8.26730729793039 -0.011782489370688896 0.024036109405055784
281.0210941762198 8.286003446577444 -0.011557862069153243 0.023651107864056237
290.7114767340245 8.30417938612386 -0.011342387866533684 0.023278620957001804
300.40185929182917 8.321863177948412 -0.011135497861627985 0.0229180275213514
310.09224184963387 8.339080615870413 -0.010936670200570087 0.022568748354100936
319.78262440743856 8.355855469814076 -0.01074542526192618 0.02223024259334217
329.47300696524326 8.372209696952646 -0.01056132142498104 0.021902004481479977
339.16338952304795 8.388163625477677 -0.010383951340100905 0.02158356046243998
348.85377208085265 8.403736115204172 -0.012906068406276897 0.02189145606784187
358.54415463865735 8.418944698478462 -0.012671823827864715 0.02157543265368095
368.2345371963456 8.43380570425887 -0.012446736601731555 0.021268746270550084
377.9249197541503 8.448334367759356 -0.012230252381926812 0.02097097016978437
387.615302311955 8.462544927652155 -0.012021862225252608 0.020681704625143304
397.3056848697597 8.476450712512866 -0.011821097914294821 0.02040057470033159
406.9960674275644 8.490064217923786 -0.011441766203109209 0.020153599209957813
416.6864499853691 8.503397175439357 -0.01125976928407898 0.01988702685758557
426.3768325431738 8.516460614437586 -0.011710386905181048 0.019724543481830302
436.0672151009785 8.529264917732807 -0.011524414859711622 0.01946954445002511
445.7575976587832 8.541819871700591 -0.01134480439709831 0.0192212676781371
455.4479802165879 8.559294662379298 -0.011171216752097514 0.018979440135948645
465.1383627743926 8.582465785671765 -0.011003337745767386 0.01874380410835873
474.8287453321973 8.604823123111002 -0.010840875522226694 0.01851411607517043
484.519127890002 8.626419565220752 -0.010683558537926149 0.018290145693808067
494.2095104478067 8.647302949930584 -0.010531133770354185 0.01807167487342992
503.8998930056114 8.667516690516445 -0.010383365118066885 0.01785849693043725
513.5902755634161 8.687100307915127 -0.010240031968059896 0.017650415816678682
523.2806581212208 8.70608988455738 -0.01010092790994615 0.017447245412751944
532.9710406790255 8.724518453350498 -0.00996585957929195 0.01724880887974577
542.6614232368302 8.742416332732573 -0.009834645614895205 0.017054938063570606
552.3518057945184 8.759811416614342 -0.009707115716845604 0.016865472946722176
562.0421883523231 8.776729426374674 -0.009583109793938028 0.016680261142903798
571.7325709101278 8.793194130766953 -0.009462477190525021 0.016499157430498717
581.4229534679325 8.80922753856287 -0.009345075984106724 0.016322023321253876
591.1133360257372 8.824850067921078 -0.009230772346094688 0.016148726661008243
600.8037185835419 8.840080695802127 -0.009119439959085566 0.015979141259593023
610.4941011413466 8.85493709020572 -0.009010959484794382 0.015813146547347643
620.1844836991513 8.869435727562633 -0.00890521807748954 0.01565062725595642
629.874866256956 8.883591997249964 -0.008802108938373021 0.015491473121543562
639.5652488147607 8.89742029489805 -0.008701530906871686 0.015335578608169123
649.2556313725654 8.910934105909028 -0.00860338808526067 0.015182842650050394
658.9460139303701 8.92414608040003 -0.008507589493436999 0.015033168410994231
668.6363964881748 8.937068100611102 -0.008414048751009396 0.014886463059669458
678.3267790459795 8.949711341672835 -0.008322683784174984 0.014742637559475897
688.0171616037842 8.962086326506233 -0.008233416555121796 0.014601606471880831
697.7075441615889 8.974202975524067 -0.008146172811931788 0.014463287772195677
707.3979267193936 8.986070651714885 -0.008060881857167702 0.014327602676857076
717.0883092771983 8.997698201616156 -0.007977476333511093 0.014194475481358666
726.778691835003 9.009093992618988 -0.007895892024982148 0.014063833408053639
736.4690743926913 9.020265946991804 -0.007816067672417767 0.013935606463116266
746.159456950496 9.031221572964302 -0.0077379448020064015 0.013809727301999804
755.8498395083006 9.041967993169182 -0.007661467565813016 0.013686131102814648
765.5402220661053 9.052511970709011 -0.007586582593296264 0.013564755447045844
775.23060462391 9.062859933079993 -0.0075132388529450785 0.013445540207127477
784.9209871817147 9.073017994160901 -0.007441387523223448 0.013328427440399433
794.6113697395194 9.082991974451273 -0.0073709818720922695 0.013213361289019456
804.3017522973241 9.092787419722844 -0.007301977144442047 0.013100287885435252
813.9921348551288 9.102409618230547 -0.007234330456829311 0.012989155263051853
823.6825174129335 9.11186361661374 -0.007168000698963026 0.012879913271757186
833.3728999707382 9.121154234604804 -0.0071029484414350955 0.012772513497994003
843.0632825285429 9.130286078650036 -0.007039135849232591 0.012666909189089625
852.7536650863476 9.139263554537157 -0.0069765266006083385 0.012563055181576115
862.4440476441523 9.148090879114404 -0.006915085810921974 0.012460907833252793
872.134430201957 9.15677209117768 -0.006854779961095748 0.012360424958761048
881.8248127597617 9.165311061594897 -0.0067955768303583205 0.012261565768457515
891.5151953175664 9.173711502730027 -0.006737445432976363 0.012164290810386906
901.2055778753711 9.181976977223435 -0.006680355958697758 0.012068561915169558
910.8959604331758 9.190110906179845 -0.006624279716651998 0.011974342143631387
920.5863429908641 9.19811657681047 -0.00656918908247405 0.011881595737016987
930.2767255486688 9.20599714957233 -0.006515057448431504 0.011790288069629505
939.9671081064735 9.213755664841825 -0.0064618591763651685 0.011700385603774394
949.6574906642782 9.221395049159904 -0.006409569553245389 0.011611855846854209
959.3478732220829 9.228918121079312 -0.006358164749183413 0.011524667310509534
969.0382557798875 9.236327596644106 -0.00630762177773578 0.011438789471685216
978.7286383376922 9.243626094528071 -0.006257918458356129 0.011354192735516485
988.4190208954969 9.250816140856857 -0.006209033380858712 0.011270848399935102
