-1007.7997860111063 9.977538083990336 -0.0006576352802780234 5.494440511094384e-08
-998.1094034533016 9.977538083990336 -0.0006525334476144912 5.449231538350684e-08
-988.4190208954969 9.977538083990336 -0.0006475133221441735 5.4047802908939414e-08
-978.7286383376922 9.977538083990336 -0.0006425728883750311 5.361067628934124e-08
-969.0382557798875 9.977538083990336 -0.0006377101988022229 5.318075055980904e-08
-959.3478732220829 9.977538083990336 -0.0006329233709685919 5.275784691953276e-08
-949.6574906642782 9.977538083990336 -0.0006282105846814494 5.2341792476526475e-08
-939.9671081064735 9.977538083990336 -0.0006235700793757357 5.193242000453041e-08
-930.2767255486688 9.977538083990336 -0.0006190001516143685 5.152956771220504e-08
-920.5863429908641 9.977538083990336 -0.0006144991527172665 5.1133079023442855e-08
-910.8959604330594 9.977538083990336 -0.0006100654865111467 5.074280236814895e-08
-901.2055778752547 9.977538083990336 -0.0006056976071927668 5.035859098312368e-08
-891.51519531745 9.977538083990336 -0.000601394017298793 4.998030272245376e-08
-881.8248127596453 9.977538083990336 -0.0005971532657759602 4.960779987671617e-08
-872.1344302018406 9.977538083990336 -0.0005929739461456228 4.924094900056735e-08
-862.4440476440359 9.977538083990336 -0.0005888546947572042 4.887962074860321e-08
-852.7536650862312 9.977538083990336 -0.0005847941891254192 4.85236897183693e-08
-843.0632825284265 9.977538083990336 -0.0005807911463464948 4.8173034300949656e-08
-833.3728999706218 9.977538083990336 -0.0005768443215889221 4.782753653790901e-08
-823.6825174129335 9.977538083990336 -0.0005729525066546228 4.7487081985001356e-08
-813.9921348551288 9.977538083990336 -0.0005691145286063494 4.7151559581727795e-08
-804.3017522973241 9.977538083990336 -0.0005653292484583734 4.68208615268945e-08
-794.6113697395194 9.977538083990336 -0.0005615955599261146 4.6494883159318863e-08
-784.9209871817147 9.977538083990336 -0.0005579123882322107 4.6173522844085855e-08
-775.23060462391 9.977538083990336 -0.0005542786889657523 4.585668186345738e-08
-765.5402220661053 9.977538083990336 -0.0005506934469919159 4.554426431265066e-08
-755.8498395083006 9.977538083990336 -0.000547155675409351 4.523617699996966e-08
-746.159456950496 9.977538083990336 -0.000543664414552848 4.4932329351133264e-08
-736.4690743926913 9.977538083990336 -0.0005402187310389531 4.4632633317859886e-08
-726.7786918348866 9.977538083990336 -0.0005368177168523371 4.4337003289876307e-08
-717.0883092770819 9.977538083990336 -0.0005334604884708623 4.404535601096702e-08
-707.3979267192772 9.977538083990336 -0.0005301461860274015 4.375761049827887e-08
-697.7075441614725 9.977538083990336 -0.0005268739725065836 4.3473687964853886e-08
-688.0171616036678 9.977538083990336 -0.0005262674492158611 4.3193511745661397e-08
-678.3267790458631 9.977538083990334 -0.0005295095201159507 4.291700722611842e-08
-668.6363964880584 9.977538083990334 -0.0005261290497835834 4.264410177389873e-08
-658.9460139302537 9.977538083990332 -0.0005227988990769811 4.237472467321124e-08
-649.255631372449 9.97753808399033 -0.000519517511205816 4.210880706181962e-08
-639.5652488146443 9.977538083990328 -0.0005162834256645021 4.184628187040015e-08
-629.874866256956 9.977538083990327 -0.0005130952686935963 4.158708376442936e-08
-620.1844836991513 9.977538083990321 -0.0005099517449717033 4.1331149088189556e-08
-610.4941011413466 9.977538083990316 -0.0005068516303513192 4.107841581095351e-08
-600.8037185835419 9.97753808399031 -0.000503793765482844 4.0828823475338467e-08
-591.1133360257372 9.977538083990304 -0.0005007770501983554 4.05823131474808e-08
-581.4229534679325 9.97753808399029 -0.0004978004385471448 4.033882736917202e-08
-571.7325709101278 9.977538083990277 -0.0004948629343926122 4.009831011178386e-08
-562.0421883523231 9.977538083990256 -0.0004919635874943529 3.9860706731883696e-08
-552.3518057945184 9.97753808399023 -0.0004891014900110219 3.962596392858389e-08
-542.6614232367137 9.977538083990199 -0.00048627577336931253 3.9394029702311354e-08
-532.971040678909 9.977538083990158 -0.0004834856054525046 3.916485331525225e-08
-523.2806581211044 9.977538083990105 -0.0004807301880688033 3.893838525308508e-08
-513.5902755632997 9.977538083990037 -0.00047800875466537574 3.871457718823256e-08
-503.89989300549496 9.97753808398995 -0.0004753205682587593 3.8493381944366627e-08
-494.20951044769026 9.97753808398984 -0.0004726649195563542 3.827475346214767e-08
-484.51912788988557 9.977538083989705 -0.0004700411252471211 3.805864676630002e-08
-474.82874533208087 9.977538083989531 -0.0004674485264425002 3.784501793367404e-08
-465.1383627742762 9.977538083989314 -0.00046488648725104633 3.763382406266535e-08
-455.4479802164715 9.977538083989042 -0.00046235439347237155 3.742502324341638e-08
-445.7575976587832 9.977538083988707 -0.00045985165139783297 3.7218574529321755e-08
-436.0672151009785 9.977538083988287 -0.0004573776867067484 3.701443790934951e-08
-426.3768325431738 9.97753808398777 -0.0004549319434488808 3.6812574281364324e-08
-416.6864499853691 9.977538083987133 -0.0004525138831040445 3.661294542635598e-08
-406.9960674275644 9.977538083986351 -0.00045012298371173865 3.641551398355064e-08
-397.3056848697597 9.977538083985394 -0.00044775873906394636 3.622024342636233e-08
-387.615302311955 9.977538083984223 -0.0004454206579552055 3.602709803910248e-08
-377.9249197541503 9.977538083982799 -0.0004431082634846888 3.5836042894558594e-08
-368.2345371963456 9.977538083981072 -0.00044082109240560345 3.5647043832239754e-08
-358.54415463854093 9.97753808397898 -0.00043855869451772466 3.5460067437340395e-08
-348.85377208073623 9.977538083976457 -0.0004363206320993224 3.527508102046299e-08
-339.16338952293154 9.977538083973418 -0.0004341064793751313 3.5092052597923996e-08
-329.47300696512684 9.977538083969769 -0.0004319158220173497 3.4910950872726975e-08
-319.78262440732215 9.977538083965403 -0.0004297482566769676 3.4731745216183154e-08
-310.09224184951745 9.977538083960187 -0.00042760339054297993 3.455440565006225e-08
-300.40185929171275 9.977538083953979 -0.00042548084092729167 3.437890282935098e-08
-290.71147673390806 9.977538083946598 -0.00042338023487331763 3.420520802556535e-08
-281.02109417610336 9.97753808393785 -0.0004213012087864849 3.403329311054232e-08
-271.33071161829866 9.977538083927508 -0.0004192434080849953 3.3863130540803325e-08
-261.6403290606104 9.977538083915308 -0.0004172064868693944 3.3694693342353316e-08
-251.9499465028057 9.97753808390095 -0.0004151901076094462 3.352795509598439e-08
-242.259563945001 9.97753808388409 -0.0004131939408474513 3.33628899230172e-08
-232.5691813871963 9.977538083864337 -0.0004112176649163912 3.31994724715144e-08
-222.8787988293916 9.977538083841244 -0.0004092609656722458 3.303767790284106e-08
-213.1884162715869 9.977538083814311 -0.00040732353623938906 3.287748187871975e-08
-203.4980337137822 9.977538083782955 -0.0004054050767682319 3.271886054860318e-08
-193.8076511559775 9.977538083746534 -0.0004035052942043142 3.256179053750362e-08
-184.1172685981728 9.977538083704314 -0.0004133128555428883 3.8210595515026525e-07
-174.42688604036812 9.977538083655467 -0.0004111474143115386 3.7289240231196724e-07
-164.73650348256342 9.97753808359907 -0.0004090150374115008 3.641378817891508e-07
-155.04612092475872 9.97753808353408 -0.00040691433399222025 3.5580856321519363e-07
-145.35573836695403 9.977538083459327 -0.0005631122009528556 3.4787386746757484e-07
-135.66535580914933 9.977538083373508 -0.000557027727133527 3.403060851070415e-07
-125.97497325134464 9.97753808327517 -0.0005511728377421908 3.3308004732488714e-07
-116.28459069353994 9.97753808316269 -0.0005455318366657933 3.261728411558166e-07
-106.59420813573524 9.977538083034261 -0.0005400904937988796 3.195635621612119e-07
-96.90382557793055 9.977538082887877 -0.0006392135790275423 3.13233098955366e-07
-87.21344302012585 9.977538082721315 -0.0006314259798870992 3.071639448904411e-07
-77.52306046243757 9.977538082532119 -0.0006239395199320078 3.013400329899594e-07
-67.83267790463287 9.977538082317572 -0.0006578341943558324 1.5457581273520092e-05
-58.14229534682818 9.977538082074668 -0.0007538324776558393 1.5060502452373844e-05
-48.45191278902348 9.977538081800109 -0.0007435140525872842 1.4683357300936264e-05
-38.761530231218785 9.977538081490259 -0.0007336046707404773 1.4324680237999704e-05
-29.07114767341409 9.977538081141127 -0.0007240776511307479 1.3983145992457335e-05
-19.380765115609393 9.977538080748337 -0.0007149086491827274 1.3657553198521915e-05
-9.690382557804696 9.977538080307095 -0.0007060754039609229 1.3346810240605024e-05
0.0 9.97753807981216 -0.0006975575177086128 1.304992299589987e-05
9.690382557804696 7.100183965343271 -0.0787075715027145 0.04383535821336803
19.380765115609393 7.241113781610883 -0.0766957635614643 0.0427095212437708
29.07114767341409 7.344755501625148 -0.07494191876921832 0.041640067104971715
38.761530231218785 7.429071513747343 -0.07311998294645958 0.040622863692137204
48.45191278902348 7.501068631319725 -0.07138483154689733 0.039654173044444525
58.14229534682818 7.564348375128262 -0.06973040386091792 0.038730605444785675
67.83267790463287 7.621051360667514 -0.06815119079941732 0.037849079787911515
77.52306046243757 7.672571917353599 -0.06664217352603201 0.03700678924050519
87.21344302024227 7.719877814022083 -0.0651987701041867 0.03620117138674387
96.90382557804696 7.763672929762618 -0.06381678896369657 0.03542988219036611
106.59420813573524 7.80448796311653 -0.06249238819115049 0.03469077321592045
116.28459069353994 7.842734630200469 -0.061222039810980164 0.03398187164292474
125.97497325134464 7.878739846859934 -0.060002498357898504 0.03330136268154255
135.66535580914933 7.912768247029638 -0.058830773150704306 0.03264757405956893
145.35573836695403 7.945037559549815 -0.0577041037688373 0.03201896230166634
155.04612092475872 7.975729429431232 -0.05661993830811832 0.03141410056379877
164.73650348256342 8.00499723105333 -0.05559520042352484 0.030831667821027746
174.42688604036812 8.032971835605368 -0.05458863421395144 0.030270439236219908
184.1172685981728 8.059765951240356 -0.05361800886150709 0.029729277561879743
193.8076511559775 8.085477444960986 -0.0526872672013315 0.02920712544808718
203.4980337137822 8.110191923604875 -0.051782823742786976 0.02870299854705955
213.1884162715869 8.1339847662339 -0.05117108319696679 0.02824735872988104
222.8787988293916 8.156922743913636 -0.05031953306947997 0.027775788473291794
232.5691813871963 8.179065324759975 -0.04949815247198942 0.02731970692697338
242.259563945001 8.20046573583354 -0.0487013796990667 0.026878365578210314
251.9499465028057 8.221171834993461 -0.04792998674278526 0.026451060905201756
261.6403290606104 8.241226832640773 -0.04718277650566275 0.026037133482164916
271.3307116184151 8.260669893735585 -0.046458626230556035 0.025635964574828817
281.0210941762198 8.27953664346534 -0.04576153708971095 0.02524697304693195
290.71147673390806 8.297859594734655 -0.045084361829417295 0.024869612545023675
300.40185929171275 8.315668511735344 -0.04442308885247526 0.024503368932719947
310.09224184951745 8.33299072087845 -0.04378103275756347 0.024147757949026964
319.78262440732215 8.349851378097933 -0.043157365736257135 0.023802323068119722
329.47300696512684 8.366273699763521 -0.04255130696588343 0.02346663354067681
339.16338952293154 8.38227916306738 -0.04196211931274481 0.023140282599010558
348.85377208073623 8.397887680663969 -0.041413621566973195 0.02282288581021904
358.54415463854093 8.413117753483636 -0.0408554871891992 0.022514079563297797
368.2345371963456 8.427986604954599 -0.040324068173096826 0.02221351967765722
377.9249197541503 8.442510299317014 -0.039794888922025845 0.021920880121820085
387.615302311955 8.456703846267244 -0.03927949579042327 0.02163585183224564
397.3056848697597 8.470581293808065 -0.0387773551648327 0.02135814162326274
406.9960674275644 8.484155810884275 -0.03828796072507346 0.02108747118001171
416.6864499853691 8.497439761139487 -0.03782101912444159 0.02082357612710804
426.3768325431738 8.510444768928616 -0.037355434896958854 0.020566205166463753
436.0672151009785 8.523181778553504 -0.03690123829421304 0.020315119278345013
445.7575976587832 8.535661107549691 -0.036458015115763916 0.02007009098031743
455.4479802165879 8.54789280797099 -0.03602537108965207 0.019830903639241785
465.1383627743926 8.569223478159378 -0.04475203892441468 0.0195973508319396
474.8287453321973 8.591667091216415 -0.04410625203359963 0.019369235750556848
484.51912788988557 8.61332304542391 -0.043481561294324095 0.019146370649023078
494.20951044769026 8.634242808068823 -0.04287679769141649 0.018928576327313405
503.89989300549496 8.654473013095895 -0.04230204287259912 0.018715681650572233
513.5902755632997 8.67405604829017 -0.04173370769182076 0.018507523100329392
523.2806581211044 8.693030554349063 -0.041182335842620106 0.01830394435537323
532.971040678909 8.711431851497586 -0.040647080402499806 0.01810479590000389
542.6614232367137 8.729292306119584 -0.04012715600402081 0.017909934657604352
552.3518057945184 8.746641647420102 -0.039621832930324 0.01771922364764005
562.0421883523231 8.763507242217191 -0.039130431907208565 0.01753253166435724
571.7325709101278 8.779914334455002 -0.038652319495447264 0.017349732975595163
581.4229534679325 8.795886254837123 -0.038186904002138526 0.017170707040257614
591.1133360257372 8.81144460502802 -0.03773363184237907 0.016995338243108747
600.8037185835419 8.826609420107086 -0.037291984292890136 0.016823515645666087
610.4941011413466 8.841399312343595 -0.03686147458784647 0.01665513275206196
620.1844836991513 8.855831598860197 -0.03644164531435632 0.01649008728883415
629.874866256956 8.869922415343808 -0.03603206607107887 0.016328280997688394
639.5652488147607 8.883686817627286 -0.03563233135854887 0.016169619440349642
649.2556313725654 8.897138872688481 -0.03524205867406993 0.016014011814687187
658.9460139303701 8.910291740383768 -0.034860886787677466 0.01586137078136091
668.6363964880584 8.923157747042156 -0.03448847417876789 0.015711612300294626
678.3267790458631 8.935748451887463 -0.03412449761559801 0.015564655476322001
688.0171616036678 8.94807470711874 -0.03376865086220717 0.015420422413436111
697.7075441614725 8.960146712371714 -0.03342064349909348 0.01527883807705442
707.3979267192772 8.971974064182872 -0.0330801998457965 0.015139830163814354
717.0883092770819 8.983565801000301 -0.03274705797487978 0.015003328978413657
726.7786918348866 8.994930444214795 -0.032420968808079285 0.014869267317056302
736.4690743926913 9.006076035626235 -0.03210051026033554 0.014737612038985696
746.159456950496 9.017010171709384 -0.03178785743253001 0.01460823640955987
755.8498395083006 9.027740034999736 -0.03148157763244632 0.014481112608822186
765.5402220661053 9.038272422882516 -0.031181465632668232 0.014356182348713848
775.23060462391 9.048613774035353 -0.030887325501586873 0.014233389335917153
784.9209871817147 9.058770192746909 -0.030598970051309404 0.014112679187228116
794.6113697395194 9.068747471309258 -0.03031622032637981 0.013993999349203479
804.3017522973241 9.078551110660287 -0.030038905129708745 0.013877299021832193
813.9921348551288 9.088186339433626 -0.02976686058247738 0.01376252908599787
823.6825174129335 9.097658131557296 -0.029499929715105122 0.013649642034513973
833.3728999707382 9.106971222527559 -0.029237962086659672 0.013538591906528107
843.0632825285429 9.116130124471939 -0.02898081343034415 0.013429334225104679
852.7536650862312 9.125139140103778 -0.028728345322926806 0.0133218259378089
862.4440476440359 9.134002375661671 -0.02848042487616103 0.013216025360117394
872.1344302018406 9.142723752915794 -0.028236924448487823 0.013111892121518304
881.8248127596453 9.151307020319177 -0.02799772137536931 0.01300938711412843
891.51519531745 9.159755763371079 -0.02776269771685287 0.012908472443709323
901.2055778752547 9.16807341425566 -0.027531740021031974 0.012809111382945486
910.8959604330594 9.176263260812682 -0.027304739102207636 0.012711268326864845
920.5863429908641 9.184328454892182 -0.027081589832657012 0.012614908750287819
930.2767255486688 9.192272020140331 -0.02696855693409795 0.012519999167197916
939.9671081064735 9.200096859259824 -0.02675004115402969 0.012426507091933473
949.6574906642782 9.207805760784261 -0.026535224670112757 0.012334401002105895
959.3478732220829 9.21540140540281 -0.02632400630486241 0.012243650303155515
969.0382557798875 9.222886371868391 -0.026116289078001512 0.012154225294461193
978.7286383376922 9.230263142519844 -0.02604971132699477 0.012066097136924823
988.4190208954969 9.23753410844611 -0.025845182004865425 0.01197923782195637
998.1094034533016 9.244701574318249 -0.025644062851035935 0.011893620141789308
