-1007.7997860109899 8.844035606246061 -0.026015966930786134 0.01358473769794161
-998.1094034531852 8.844723685762396 -0.025912099355971573 0.01351302888241994
-988.4190208954969 8.845402434618006 -0.025809200721251056 0.013442131164712556
-978.7286383376922 8.846070509587918 -0.02570725571654707 0.013372030307598474
-969.0382557798875 8.846726310101014 -0.025606249378901474 0.01330271241165132
-959.3478732220829 8.847367964102071 -0.025506167082267946 0.013234163905184325
-949.6574906642782 8.847993320059718 -0.025406994527675975 0.013166371534557937
-939.9671081064735 8.8485999460454 -0.02530871773374353 0.013099322354830112
-930.2767255486688 8.849185136553 -0.0252616672377591 0.013033003720735894
-920.5863429908641 8.849745927440024 -0.02516477088037799 0.012967403277983021
-910.8959604330594 8.850279119065663 -0.02506873556463164 0.012902508954850367
-901.2055778752547 8.850781307394044 -0.024987426912017944 0.012838308954077287
-891.51519531745 8.851248922536024 -0.02489297265186694 0.012774791745031959
-881.8248127596453 8.851678273931256 -0.024826034888032797 0.012712896105777341
-872.1344302018406 8.85206560113306 -0.024732432891903234 0.012650721104938076
-862.4440476440359 8.852407128958559 -0.02464523958398044 0.012589178618556903
-852.7536650862312 8.852699125611144 -0.024553788459669514 0.012528275422173996
-843.0632825284265 8.852937962275242 -0.024463118145835332 0.012468001207634711
-833.3728999706218 8.853120172627612 -0.02437321742015022 0.01240834589175575
-823.6825174128171 8.853242510706243 -0.024284075292083058 0.0123492996101588
-813.9921348550124 8.853302005628153 -0.0242094692847929 0.012290852711306912
-804.3017522973241 8.853296011749615 -0.024133960489123023 0.012232995750736594
-794.6113697395194 8.853222253013591 -0.024046840349708904 0.012175719485473961
-784.9209871817147 8.85307886042442 -0.023960439808153672 0.012119014868638254
-775.23060462391 8.852864401821547 -0.02387474888344452 0.012062873044212132
-765.5402220661053 8.85257790338281 -0.023789757793604385 0.012007285341982622
-755.8498395083006 8.852218862561879 -0.02370545695051525 0.011952243272642273
-746.159456950496 8.851787252441486 -0.02369919228451157 0.011897738523045346
-736.4690743926913 8.851283517750991 -0.023615671864809583 0.011843762951613324
-726.7786918348866 8.85070856304109 -0.023580073943864542 0.011790308583884142
-717.0883092770819 8.850063733719722 -0.023497538283280092 0.011737367608200128
-707.3979267192772 8.84935079082273 -0.023415660797547734 0.011684932371529387
-697.7075441614725 8.848571880515307 -0.02333443267766545 0.011632995375416049
-688.0171616036678 8.847729499393738 -0.023253845284686134 0.011581549272054513
-678.3267790458631 8.846826456682184 -0.02321393799461951 0.011530586860483527
-668.6363964880584 8.845865834400307 -0.023134310973300067 0.011480101082895593
-658.9460139302537 8.844850946520367 -0.023055304078309153 0.011430085021057853
-649.255631372449 8.84378529804466 -0.022976909214448858 0.011380531892840356
-639.5652488146443 8.842672544824058 -0.022899118439085032 0.011331435048848097
-629.8748662568396 8.84151645481441 -0.023051262940970204 0.011296064104899346
-620.1844836990349 8.840320871337264 -0.022972970781546292 0.011247762776727507
-610.4941011413466 8.83908967878186 -0.02289528437888977 0.01119989997391101
-600.8037185835419 8.837826771061634 -0.022818195828793134 0.011152469515283581
-591.1133360257372 8.836536023025566 -0.02280764292579665 0.011105465337901329
-581.4229534679325 8.835221264923959 -0.02273124064631314 0.01105888149419195
-571.7325709101278 8.833886259943023 -0.02265542051311733 0.011012712149189254
-562.0421883523231 8.832534684751717 -0.022580175045251477 0.010966951577847066
-552.3518057945184 8.83117011294848 -0.022505496901965377 0.01092159416243014
-542.6614232367137 8.829796001253179 -0.02243137887921841 0.010876634389979666
-532.971040678909 8.828415678259814 -0.0223578139062909 0.010832066849850776
-523.2806581211044 8.82703233554632 -0.02228479504250099 0.010787886231319788
-513.5902755632997 8.82564902092779 -0.022212315474022925 0.010744087321258656
-503.89989300549496 8.824268633636715 -0.02214036851080293 0.010700665001874745
-494.20951044769026 8.822893921217016 -0.022068947583569386 0.010657614248513447
-484.51912788988557 8.821527477926153 -0.021998046240933242 0.010614930127521884
-474.82874533208087 8.820171744450354 -0.021927658146575924 0.01057260779417154
-465.1383627742762 8.818829008750894 -0.021857777076521243 0.010530642490637947
-455.4479802164715 8.817501407873511 -0.021788396916488442 0.010489029544035714
-445.7575976586668 8.816190930567803 -0.021719511659323336 0.010447764364506968
-436.0672151008621 8.814899420578268 -0.021651115402504792 0.010406842443361607
-426.3768325431738 8.813628580483206 -0.021583202345724885 0.010366259351268201
-416.6864499853691 8.812379975971432 -0.021515766788534917 0.01032601073649101
-406.9960674275644 8.811155040460124 -0.021448803128067514 0.010286092323178977
-397.3056848697597 8.809955079968756 -0.021382305856815716 0.010246499909695329
-387.615302311955 8.808781278175731 -0.021316269560479387 0.01020722936699391
-377.9249197541503 8.80763470159406 -0.021250688915871643 0.0101682766370377
-368.2345371963456 8.806516304811748 -0.02118555868888427 0.010129637731258937
-358.54415463854093 8.805426935750619 -0.021114987197660914 0.010091632708773076
-348.85377208073623 8.804367340904586 -0.021050785997267476 0.010053607359337666
-339.16338952293154 8.803338170524748 -0.02098701938756393 0.0100158843055888
-329.47300696512684 8.802339983724362 -0.020923682485506162 0.009978459821452653
-319.78262440732215 8.801373253481598 -0.020860770487366346 0.009941330243226574
-310.09224184951745 8.800438371522313 -0.020798278667026656 0.009904491968262107
-300.40185929171275 8.79953565306874 -0.020736202374318998 0.009867941453681474
-290.71147673390806 8.798665341443208 -0.02067453703340901 0.009831675215126536
-281.02109417610336 8.797827612518768 -0.020613278141223008 0.009795689825539385
-271.33071161829866 8.797022579010871 -0.02055242126591648 0.00975998191397346
-261.64032906049397 8.796250294606345 -0.02049196204538284 0.009724548164434455
-251.94994650268927 8.795510757927515 -0.020431896185801175 0.009689385314749997
-242.259563945001 8.794803916330777 -0.02037221946022239 0.00965449015546786
-232.5691813871963 8.794129669540094 -0.02031292770718842 0.009619859528779136
-222.8787988293916 8.793487873116982 -0.02025401682939404 0.009585490327472185
-213.1884162715869 8.79287834176912 -0.020195482792375725 0.009551379493907894
-203.4980337137822 8.7923008525007 -0.020137321623237683 0.009517524019022065
-193.8076511559775 8.79175514760792 -0.020079529409409054 0.009483920941351526
-184.1172685981728 8.791240937523552 -0.020022102297432724 0.009450567346083847
-174.42688604036812 8.790757903514871 -0.01996503649178434 0.009417460364129838
-164.73650348256342 8.790305700239392 -0.022598521383961224 0.009384597171218331
-155.04612092475872 8.78988395816313 -0.022522264539355744 0.009351974987012505
-145.35573836695403 8.789492285846185 -0.022446650271889912 0.00931959107424729
-135.66535580914933 8.78913027210049 -0.022371668613214334 0.009287442737887102
-125.97497325134464 8.788797488024679 -0.022297309832519575 0.009255527324303469
-116.28459069353994 8.788493488920945 -0.035356973613543785 0.009223842220471965
-106.59420813573524 8.788217816098763 -0.03518703828568745 0.009192384853187898
-96.90382557793055 8.787969998570297 -0.035019114310789426 0.009161152688300277
-87.21344302012585 8.787749554642229 -0.03485316197440109 0.009130143229963559
-77.52306046232115 8.787555993408658 -0.03468914265431327 0.009099354019906584
-67.83267790451646 8.787388816149589 -0.03452701878243483 0.009068782636718497
-58.14229534682818 8.787247517639466 -0.034366753808274704 0.009038426695151232
-48.45191278902348 8.787131587370016 -0.034237195464777485 0.009009423172590401
-38.761530231218785 8.787040510691613 -0.03408032936864798 0.008979482691381302
-29.07114767341409 8.786973769877148 -0.03392522140484752 0.008949750829481302
-19.380765115609393 8.786930845112375 -0.035230266099223764 0.008920225336937882
-9.690382557804696 8.786911215416406 -0.03506782319845352 0.00889090399678011
0.0 8.786914359496068 -0.034907199739840994 0.008861784624407548
9.690382557804696 1.809025654116481 0.04515074965602982 0.11419021977904323
19.380765115609393 2.1628458474221928 0.04472071777882173 0.11338730783842743
29.07114767341409 2.4461501524086584 0.04429753093627267 0.11259588635642767
38.761530231218785 2.6874346118120593 0.04388103432103673 0.11181570788677092
48.45191278902348 2.8998282848232586 0.043471077685163645 0.11104653206971803
58.14229534682818 3.0906978354951997 0.043067515174588095 0.11028812537964995
67.83267790463287 3.264680609035551 0.04206089607665397 0.10954026088337737
77.52306046243757 3.4249274437241732 0.04167418495381804 0.10880271800864526
87.21344302024227 3.5736994026682476 0.04129338969505541 0.10807528232233482
96.90382557804696 3.712687169125136 0.0409183819295222 0.10735774531789091
106.59420813585166 3.8431961890695874 0.040549036911843306 0.10664990421153102
116.28459069365636 3.966260774985721 0.04018523339592203 0.10595156174681446
125.97497325146105 4.082717937958343 0.03982685351396531 0.10526252600717471
135.66535580914933 4.193257096299707 0.03950649999395917 0.10458261023604654
145.35573836695403 4.298454666192888 0.03915838638533242 0.10391163266418336
155.04612092475872 4.3987988136286935 0.03881536544544536 0.10324941634394957
164.73650348256342 4.494707594972744 0.038477331629717414 0.10259578899010606
174.42688604036812 4.586542530727013 0.03806159322119128 0.10195357430381571
184.1172685981728 4.674618948296067 0.03773383718581168 0.10131660386377209
193.8076511559775 4.759213990238352 0.03741075942783256 0.10068773233219191
203.4980337137822 4.8405729040383925 0.037092265426720596 0.10006680459583057
213.1884162715869 4.918914045692999 0.03677826314544351 0.09945366949670888
222.8787988293916 4.994432906204793 0.03648782254360224 0.09884994033956943
232.5691813871963 5.0673053857426265 0.03618239570902061 0.09825193924372805
242.259563945001 5.137793550563982 0.03588120066769983 0.09766130000109159
251.9499465028057 5.3253836529110625 0.03558415449752697 0.09707788606143822
261.6403290606104 5.496126900687884 0.035291176388724234 0.0965015642476312
271.3307116184151 5.652467180342821 0.03500218757754445 0.09593220465185008
281.0210941762198 5.79634084157728 0.03471711128243882 0.095369680535634
290.7114767340245 5.929312914613673 0.03443587264259032 0.09481386823357442
300.40185929182917 6.052669353195487 0.03408816087222481 0.09426701483647991
310.09224184963387 6.167481591402684 0.033814898097563814 0.09372424954427545
319.78262440732215 6.274652993901055 0.03354525176165987 0.0931878428522348
329.47300696512684 6.374953077389398 0.033279154280937695 0.092657682486244
339.16338952293154 6.46904324188532 0.03301653971256589 0.09213365881347117
348.85377208073623 6.557496464853477 0.03275734370537442 0.09161566476492589
358.54415463854093 6.640812611640327 0.03253167652670959 0.09110359576076088
368.2345371963456 6.719430503544412 0.03227890828377178 0.09059734963816822
377.9249197541503 6.793737548038052 0.03199905032984811 0.0900977805698414
387.615302311955 6.864077508958955 0.0317529225080064 0.08960287602230703
397.3056848697597 6.930756838695737 0.031509913620457644 0.08911350178857266
406.9960674275644 6.994049885303731 0.031269967932404386 0.08862956469914456
416.6864499853691 7.05420320980204 0.03103303100210459 0.08815097367660493
426.3768325431738 7.111439192724341 0.030799049643922504 0.08767763967706264
436.0672151009785 7.16595906779729 0.030567971892633175 0.08720947563356131
445.7575976587832 7.217945490017542 0.03033974696893234 0.08674639640137005
455.4479802165879 7.267564722396571 0.030114325246103846 0.08628831870508342
465.1383627743926 7.314968508164949 0.029891658217799898 0.08583516108746117
474.8287453321973 7.36029568181364 0.029671698466891345 0.08538684385994202
484.519127890002 7.403673561957902 0.02945439963534657 0.08494328905476668
494.2095104478067 7.445219160888677 0.029239716395100136 0.08450442037865055
503.89989300549496 7.4850402392784625 0.02902760441987506 0.08407016316795196
513.5902755632997 7.523236229433827 0.028818020357909133 0.08364044434525021
523.2806581211044 7.559899046417391 0.02861092180558748 0.08321519237735678
532.971040678909 7.5951138031119045 0.028406267281898198 0.08279433723460575
542.6614232367137 7.628959442636932 0.02820401620371767 0.0823778103514517
552.3518057945184 7.661509299383898 0.028004128861879855 0.08196554458829726
562.0421883523231 7.692831598166789 0.02780656639800323 0.08155747419451084
571.7325709101278 7.722989899532933 0.027611290782047628 0.08115353477259092
581.4229534679325 7.752043498075505 0.027418264790574267 0.08075366324343594
591.1133360257372 7.780047779589475 0.027227451985683635 0.08035779781268002
600.8037185835419 7.807054542077447 0.0270388166946066 0.07996587793805685
610.4941011413466 7.833112284911396 0.026852323989925465 0.07957784429775445
620.1844836991513 7.8582664698663365 0.02666793967040223 0.07919363875972714
629.874866256956 7.882559757243242 0.026485630242392758 0.07881320435192934
639.5652488147607 7.906032219875254 0.02630536290182599 0.07843648523344118
649.2556313725654 7.928721537450958 0.02612710551672817 0.07806342666645266
658.9460139303701 7.950663173280439 0.025950826610273384 0.07769397498907832
668.6363964881748 7.971890535366033 0.025776495344341552 0.07732807758897307
678.3267790459795 7.9924351234126245 0.025604081503566977 0.076965682877722
688.0171616036678 8.012326663216475 0.025433555479861644 0.07660674026598184
697.7075441614725 8.031593229703912 0.025264888257385824 0.07625120013932322
707.3979267192772 8.050261359739455 0.025098051397980038 0.07589901383481361
717.0883092770819 8.068356155703674 0.024933017027003145 0.07555013361823153
726.7786918348866 8.085901380721408 0.024769757819592488 0.0752045126619545
736.4690743926913 8.102919546328867 0.024608246987320247 0.07486210502347194
746.159456950496 8.119431993281236 0.024448458265234094 0.07452286562450819
755.8498395083006 8.13545896612795 0.024290365899270038 0.07418675023073418
765.5402220661053 8.151019682117026 0.024133944634024754 0.0738537154320491
775.23060462391 8.16613239493184 0.02397916970087527 0.07352371862341325
784.9209871817147 8.180814453712594 0.023826016806435132 0.07319671798621427
794.6113697395194 8.195082357769301 0.02367446212133554 0.07287267247014927
804.3017522973241 8.208951807352978 0.023524482269321193 0.07255154177560674
813.9921348551288 8.222437750815967 0.02337605431665036 0.07223328633653166
823.6825174129335 8.235554428460565 0.023229155761789536 0.07191786730375843
833.3728999707382 8.24831541334676 0.0230837645253931 0.07160524652879768
843.0632825285429 8.26073364930454 0.022939858940558982 0.07129538654806103
852.7536650863476 8.27282148637366 0.022797417743351475 0.07098825056751146
862.4440476441523 8.2845907138734 0.02265642006358228 0.07068380244772537
872.1344302018406 8.296052591286509 0.022516845415844474 0.07038200668935685
881.8248127596453 8.307217877126169 0.022378673690779918 0.07008282841897039
891.51519531745 8.318096855937146 0.02224188514659893 0.06978623337528476
901.2055778752547 8.32869936357387 0.022106460400810705 0.0694921878957431
910.8959604330594 8.339034810881392 0.02197238042218256 0.06920065890345342
920.5863429908641 8.349112205897185 0.021839626522911583 0.06891161389446643
930.2767255486688 8.35894017468105 0.021708180351003296 0.06862502092538433
939.9671081064735 8.368526980871643 0.0215780238828512 0.06834084860129032
949.6574906642782 8.377880544060012 0.021449139416011162 0.06805906606398916
959.3478732220829 8.387008457063354 0.021321509562164376 0.0677796429805498
969.0382557798875 8.395918002175405 0.021195117240263753 0.06750254953214048
978.7286383376922 8.404616166463928 0.021069945669857527 0.0672277564031482
988.4190208954969 8.413109656180216 0.02094597836458553 0.0669552347705738
998.1094034533016 8.421404910340437 0.020823199125842084 0.06668495629369448
