-1007.7997860109899 8.981855421369222 -0.002549406665986959 0.0
-998.1094034531852 8.981855365098443 -0.002539835255770046 0.0
-988.4190208953805 8.98185530061039 -0.002530335881681695 0.0
-978.7286383375758 8.98185522691565 -0.0025209077250345304 0.0
-969.0382557798875 8.981855142933863 -0.0025115499797248118 0.0
-959.3478732220829 8.981855047488509 -0.002502261851983736 0.0
-949.6574906642782 8.981854939301718 -0.002493042560136011 0.0
-939.9671081064735 8.981854816989074 -0.0024838913343632487 0.0
-930.2767255486688 8.981854679054488 -0.002474807416473702 0.0
-920.5863429908641 8.981854523885128 -0.0024657900596774776 0.0
-910.8959604330594 8.98185434974646 -0.0024568385283671814 0.0
-901.2055778752547 8.98185415477741 -0.0024479520979038246 0.0
-891.51519531745 8.98185393698569 -0.00243913005440784 0.0
-881.8248127596453 8.981853694243297 -0.002430371694555057 0.0
-872.1344302018406 8.981853424282228 -0.0024216763253774886 0.0
-862.4440476440359 8.981853124690431 -0.002413043264068796 0.0
-852.7536650862312 8.981852792908018 -0.0024044718377942828 0.0
-843.0632825284265 8.981852426223755 -0.0023959613835053063 0.0
-833.3728999706218 8.981852021771871 -0.002387511247757964 0.0
-823.6825174128171 8.981851576529195 -0.0023791207865359494 0.0
-813.9921348550124 8.981851087312645 -0.002370789365077444 0.0
-804.3017522972077 8.981850550777084 -0.0023625163577059485 0.0
-794.611369739403 8.98184996341357 -0.002354301147664931 0.0
-784.9209871817147 8.981849321548003 -0.0023461431269562903 0.0
-775.23060462391 8.981848621340202 -0.00233804169618195 0.0
-765.5402220661053 8.981847858783388 -0.002329996264389943 0.0
-755.8498395083006 8.98184702970414 -0.0023220062489229414 0.0
-746.159456950496 8.981846129762763 -0.0023140710752706005 0.0
-736.4690743926913 8.981845154454135 -0.0023061901769250493 0.0
-726.7786918348866 8.981844099109 -0.0029344458754788135 8.351033703429128e-05
-717.0883092770819 8.981842958895717 -0.0029219702441817853 8.289306923085858e-05
-707.3979267192772 8.981841728822474 -0.002909616229422237 8.228485956100502e-05
-697.7075441614725 8.981840403739954 -0.0028973817876928615 8.168551009083477e-05
-688.0171616036678 8.981838978344456 -0.0028852649264195247 8.109482861162927e-05
-678.3267790458631 8.981837447181453 -0.0028732637022691352 8.051262843432067e-05
-668.6363964880584 8.981835804649602 -0.0029636202124735125 7.993872819278373e-05
-658.9460139302537 8.981834045005167 -0.0029510910371513695 7.937295165545699e-05
-649.255631372449 8.981832162366862 -0.0029386829757393194 7.881512754492372e-05
-639.5652488146443 8.98183015072111 -0.0029263940260050593 7.826508936503544e-05
-629.8748662568396 8.981828003927674 -0.0029142222344070634 7.772267523523634e-05
-620.1844836990349 8.981825715725664 -0.0029021656945249813 7.718772773171283e-05
-610.4941011412302 8.981823279739913 -0.0028902225455525645 7.666009373507882e-05
-600.8037185834255 8.981820689487671 -0.0028783909708501526 7.613962428424954e-05
-591.1133360257372 8.981817938385634 -0.002956410231962915 7.562617443624027e-05
-581.4229534679325 8.98181501975726 -0.00302243303717458 7.714409696905336e-05
-571.7325709101278 8.981811926840368 -0.003009697608732958 7.662931271279136e-05
-562.0421883523231 8.981808652794982 -0.0029970847934089554 7.61213553220905e-05
-552.3518057945184 8.981805190711421 -0.002984592587459401 7.562008984413147e-05
-542.6614232367137 8.98180153361859 -0.0032408460473385362 7.51253848610611e-05
-532.971040678909 8.981797674492457 -0.00322660492733142 7.463711237495115e-05
-523.2806581211044 8.981793606264693 -0.003212507786638274 7.415514769722837e-05
-513.5902755632997 8.981789321831458 -0.003235983455162028 7.36793693423706e-05
-503.89989300549496 8.98178481406229 -0.0032218919207142693 7.320965892567213e-05
-494.20951044769026 8.981780075809096 -0.00320794118625323 7.274590106490404e-05
-484.51912788988557 8.981775099915204 -0.0031941288831405907 7.228798328569189e-05
-474.82874533208087 8.98176987922447 -0.003180452700097133 7.183579593045535e-05
-465.1383627742762 8.981764406590388 -0.0031669103813911953 7.138923207074526e-05
-455.4479802164715 8.981758674885228 -0.003153499725097219 7.094818742283673e-05
-445.7575976586668 8.981752677009124 -0.0031402185814211722 7.051256026644262e-05
-436.0672151008621 8.981746405899136 -0.0031270648510898255 7.008225136639489e-05
-426.3768325430574 8.98173985453823 -0.003114036483801044 6.965716389719452e-05
-416.6864499852527 8.981733015964203 -0.003101131476732335 6.923720337028588e-05
-406.9960674275644 8.981725883278466 -0.0030883478731052625 6.882227756396147e-05
-397.3056848697597 8.981718449654737 -0.005071693380214312 0.0011778625034800866
-387.615302311955 8.98171070834757 -0.005044484979216891 0.0011693077889727576
-377.9249197541503 8.981702652700744 -0.005017606204706553 0.001160876699846976
-368.2345371963456 8.981694276155459 -0.004991050626827011 0.0011525665710432622
-358.54415463854093 8.981685572258364 -0.004964811988848887 0.0011443748136622928
-348.85377208073623 8.981676534669363 -0.004938884201257272 0.0011362989122606537
-339.16338952293154 8.981667157169221 -0.0049132613360827315 0.00112833642226112
-329.47300696512684 8.981657433666923 -0.004887937621464007 0.0011204849674718155
-319.78262440732215 8.98164735820681 -0.004862907436431439 0.0011127422377089518
-310.09224184951745 8.98163692497545 -0.004838165305900595 0.0011051059865181546
-300.40185929171275 8.981626128308259 -0.004813705895866249 0.001097574028989607
-290.71147673390806 8.981614962695838 -0.0047895240087873535 0.0010901442396625417
-281.02109417610336 8.98160342279006 -0.005132799017205987 0.001122730631376412
-271.33071161829866 8.98159150340984 -0.005106449944640111 0.0011152047382215653
-261.64032906049397 8.981579199546639 -0.0050804032040872 0.0011077792816018407
-251.94994650268927 8.981566506369669 -0.005054653237501253 0.0011004522606461366
-242.25956394488458 8.981553419230789 -0.005029194627717067 0.0010932217273636876
-232.56918138707988 8.981539933669115 -0.005004022093918241 0.0010860857849061968
-222.8787988293916 8.98152604541532 -0.0050494845423368585 0.0010790425858982179
-213.1884162715869 8.981511750395613 -0.005024351499975951 0.0010720903308322014
-203.4980337137822 8.981497044735443 -0.004999497019425284 0.0010652272665264998
-193.8076511559775 8.981481924762868 -0.004974916159142139 0.0010584516846418644
-184.1172685981728 8.981466387011627 -0.004950604098484339 0.001051761920255052
-174.42688604036812 8.981450428223921 -0.004926556133953525 0.0010451563504865137
-164.73650348256342 8.981434045352863 -0.004939929099125793 0.0010386333931798831
-155.04612092475872 8.981417235564662 -0.004916122087630617 0.0010321915056309557
-145.35573836695403 8.981399996240476 -0.004892569727841076 0.0010258291833640562
-135.66535580914933 8.981382324978 -0.004869267662963455 0.0010195449589537069
-125.97497325134464 8.981364219592747 -0.004924821285182263 0.0010133374008896483
-116.28459069353994 8.981345678119052 -0.004901427135949461 0.0010072051124834047
-106.59420813573524 8.981326698810795 -0.004878279312608777 0.0010011467308145734
-96.90382557793055 8.981307280141856 -0.004855373666407432 0.0009951609257151895
-87.21344302012585 8.981287420806282 -0.004832706145112515 0.000989246398790582
-77.52306046232115 8.98126711971823 -0.004810272790152529 0.0009834018824751716
-67.83267790451646 8.981246376011608 -0.004788069733861436 0.0009776261391217862
-58.14229534671176 8.981225189039513 -0.004766093196820935 0.0009719179601230948
-48.451912788907066 8.981203558373394 -0.004744339485296836 0.000966276165063839
-38.761530231218785 8.981181483802 -0.004722804988765912 0.0009606996009027245
-29.07114767341409 8.981158965330097 -0.004701486177527916 0.0009551871411823129
-19.380765115609393 8.981136003176971 -0.0046803796004031475 0.0009497376852667867
-9.690382557804696 8.981112597774704 -0.00465948188250698 0.0009443501576052097
0.0 0.9112079928306489 -0.08150330277008302 0.018458937060451795
9.690382557804696 1.437789762418742 -0.08091563542807036 0.018324392123243608
19.380765115609393 1.8086700749031435 -0.08033647626690008 0.01819179992372152
29.07114767341409 2.108551877846053 -0.07976564093642166 0.018061118164840302
38.761530231218785 2.3649811122897084 -0.07920295038688341 0.017932305764344483
48.45191278902348 2.5911387813640916 -0.07864823067954733 0.01780532281141385
58.14229534682818 2.794571948824876 -0.0781013128053733 0.017680130525154412
67.83267790463287 2.9800918242561307 -0.07756203251137363 0.01755669121484338
77.52306046243757 3.150995373002819 -0.07703023013426204 0.017434968241842617
87.21344302024227 3.3096629079944693 -0.07650575044104194 0.017314925983099215
96.90382557804696 3.457882228927871 -0.07598844247619835 0.017196529796156403
106.59420813585166 3.597038401012429 -0.07547815941517623 0.017079745985602548
116.28459069365636 3.72823162873736 -0.07497475842384563 0.01696454177088952
125.97497325146105 3.8523540023736906 -0.07447810052366978 0.01685088525545573
135.66535580926575 3.9701414307893463 -0.07398805046230826 0.016738745397092435
145.35573836707044 4.082209931356811 -0.07350447658940033 0.01662809197949529
155.04612092475872 4.189081688969068 -0.07302725073729469 0.01651889558494746
164.73650348256342 4.291204211181779 -0.07255624810646279 0.01641112756807436
174.42688604036812 4.388964697305714 -0.07209134715546607 0.01630476003064033
184.1172685981728 4.482701010858343 -0.07163242949515719 0.016199765797314192
193.8076511559775 4.57271019115131 -0.07117937978700839 0.016096118392379094
203.4980337137822 4.659255149102824 -0.07073208564534698 0.01599379201733652
213.1884162715869 4.742570001210768 -0.0702904375433303 0.015892761529366004
222.8787988293916 4.822864367058293 -0.06985432872249327 0.01579300242060248
232.5691813871963 4.9003268674708735 -0.06942365510571175 0.015694490798195373
242.259563945001 4.975127998740718 -0.0689983152134317 0.015597203365115105
251.9499465028057 5.047422514470517 -0.06857821008302208 0.015501117401674645
261.6403290606104 5.196293885226594 -0.0694837290407432 0.01540621074773504
271.3307116184151 5.369507470802782 -0.07374973069357399 0.015312461785565716
281.0210941762198 5.528993311254354 -0.07330058154439492 0.015219849423331435
290.7114767340245 5.676441068942125 -0.072856941177759 0.015128353079179443
300.40185929182917 5.813244996955699 -0.07247937096715948 0.015040445671738347
310.09224184963387 5.940571394196418 -0.07204599867751663 0.014951103199891645
319.78262440743856 6.059407276113729 -0.07161784444431611 0.01486281817890947
329.47300696524326 6.17059633306273 -0.07119481382637897 0.014775571913016297
339.16338952293154 6.274866045653212 -0.07077681466215836 0.014689346145182414
348.85377208073623 6.372848499877615 -0.07039856759121296 0.014605252015045504
358.54415463854093 6.4650966184703025 -0.06999010761155347 0.014521005860621971
368.2345371963456 6.552096994928245 -0.06964958983007404 0.014440110515038256
377.9249197541503 6.634280167595161 -0.06925012412079877 0.014357766890833294
387.615302311955 6.712028936097571 -0.06885527131450685 0.014276359000369793
397.3056848697597 6.785685160660664 -0.06846495134204184 0.014195870957025788
406.9960674275644 6.855555371467513 -0.06807908598774966 0.014116287232263868
416.6864499853691 6.921915434415614 -0.06769759883586743 0.014037592645587633
426.3768325431738 6.985014461128015 -0.06732041521877216 0.013959772354834638
436.0672151009785 7.045078108130982 -0.06696125482235447 0.013883657426104014
445.7575976587832 7.102311378172502 -0.06659235903309949 0.01380753625519971
455.4479802165879 7.156901012620094 -0.06623113113105468 0.013732336424290354
465.1383627743926 7.209017545587931 -0.065870322773037 0.013657864607946607
474.8287453321973 7.258817076385592 -0.06560142697011162 0.013588290879304852
484.519127890002 7.306442805972816 -0.06524781991520405 0.013515385852160038
494.2095104478067 7.352026374565832 -0.06491979099068408 0.013443836069980524
503.8998930056114 7.395689030801757 -0.06457363565311552 0.013372473667157462
513.5902755634161 7.437542657508041 -0.06423119582968541 0.013301866326279074
523.2806581211044 7.477690674830209 -0.06389241156825273 0.01323200210777582
532.971040678909 7.516228838012363 -0.06355722420696013 0.01316286932282078
542.6614232367137 7.553245944305168 -0.06322557633955508 0.013094456526779139
552.3518057945184 7.588824461199005 -0.0628974117817905 0.01302675251285406
562.0421883523231 7.62304108627988 -0.06257267553892262 0.01295974630593412
571.7325709101278 7.6559672474615095 -0.06225131377424255 0.012893427156630187
581.4229534679325 7.687669551054384 -0.06193327377860594 0.012827784535495686
591.1133360257372 7.718210184058432 -0.06161850394092444 0.012762808127423744
600.8037185835419 7.747647276166382 -0.06130695371958352 0.012698487826214855
610.4941011413466 7.776035226208505 -0.060998573614752354 0.012634813729309165
620.1844836991513 7.803424997130891 -0.060693315141553586 0.012571776132677433
629.874866256956 7.8298643830583154 -0.060476736452603826 0.012513861624531289
639.5652488147607 7.855398251532432 -0.06017695090032099 0.012452035659651629
649.2556313725654 7.880068763623249 -0.059880156529347084 0.01239081870696943
658.9460139303701 7.903915574275265 -0.05958630846328692 0.012330201798012613
668.6363964881748 7.926976014960731 -0.059295362724125174 0.01227017613978965
678.3267790459795 7.949285260463197 -0.05900727620973993 0.012210733110512979
688.0171616037842 7.970876481399396 -0.05866814069704799 0.01215511707546403
697.7075441615889 7.991780983900727 -0.05860204005277577 0.01209740941338756
707.3979267192772 8.012028337713286 -0.058321084645591735 0.012039636016120332
717.0883092770819 8.031646493835733 -0.0580428418718267 0.011982412801001745
726.7786918348866 8.05066189268581 -0.058019510858425265 0.011937078054655423
736.4690743926913 8.06909956368669 -0.05778284350144265 0.011881980326848413
746.159456950496 8.086983217061091 -0.05823917825565303 0.011826270524377167
755.8498395083006 8.104335328542723 -0.05796392021462531 0.011771081759805442
765.5402220661053 8.121177217639483 -0.05769129459105335 0.011716406742547364
775.23060462391 8.137529120018124 -0.05742126323005375 0.011662238317701011
784.9209871817147 8.153410254522706 -0.05715378872298287 0.01160856946289846
794.6113697395194 8.168838885288169 -0.05688883438890761 0.011555393285243545
804.3017522973241 8.183832379365214 -0.05662636425663993 0.011502703018334287
813.9921348551288 8.198407260232369 -0.05636634304731411 0.011450492019367486
823.6825174129335 8.212579257535298 -0.05610873615748723 0.01139875376632263
833.3728999707382 8.226363353361352 -0.05585350964274428 0.011347481855222719
843.0632825285429 8.239773825328772 -0.055600630201789646 0.01129666999746952
852.7536650863476 8.252824286744268 -0.05535006516100789 0.01124631201725082
862.4440476441523 8.265527724059739 -0.05510178245947726 0.011196401849017589
872.134430201957 8.27789653183818 -0.05485575063442012 0.011146933535028635
881.8248127597617 8.289942545420336 -0.05461193880707493 0.011097901222960808
891.51519531745 8.301677071466663 -0.05437031666897855 0.011049299163583251
901.2055778752547 8.313110916535143 -0.05567165630736558 0.011234716812659855
910.8959604330594 8.324254413838846 -0.05542294399729243 0.011185233006220874
920.5863429908641 8.335117448319762 -0.055176500633555906 0.011136188102852367
930.2767255486688 8.345709480159336 -0.05493229441501435 0.0110875761911274
939.9671081064735 8.356039566838913 -0.05469029415319249 0.011039391467934347
949.6574906642782 8.366116383853255 -0.054450469256950025 0.010991628235919577
959.3478732220829 8.375948244171953 -0.05421278971763199 0.01094428090100555
969.0382557798875 8.385543116536079 -0.053977226094682265 0.010897343969981932
978.7286383376922 8.39490864267043 -0.05374374950170262 0.010850812048166663
988.4190208954969 8.404052153485491 -0.053512331592940277 0.01080467983713495
