-1007.7997860111063 11.301236098668602 -0.0012412844425022526 5.2060027182031625e-08
-998.1094034533016 11.3010916840611 -0.0012354909057387875 5.180828677534823e-08
-988.4190208954969 11.300946619440477 -0.001229752361360286 5.155901345701215e-08
-978.7286383376922 11.30080095094573 -0.0012240680047717807 5.131217072168958e-08
-969.0382557798875 11.3006547242659 -0.0012184370479041973 5.106772278587508e-08
-959.3478732220829 11.300507984615402 -0.001212858718748847 5.082563456995258e-08
-949.6574906642782 11.300360776711125 -0.0012073322609100243 5.058587168103061e-08
-939.9671081064735 11.30021314475119 -0.001201856933174733 5.034840039609747e-08
-930.2767255486688 11.300065132395389 -0.0011964320090986458 5.011318764569036e-08
-920.5863429908641 11.299916782747118 -0.001191056776607469 4.988020099806156e-08
-910.8959604330594 11.299768138336837 -0.001185730537612927 4.964940864389479e-08
-901.2055778753711 11.299619241106932 -0.0011804526076426985 4.942077938132333e-08
-891.5151953175664 11.299470132397925 -0.00117522231548326 4.919428260140172e-08
-881.8248127597617 11.299320852935999 -0.0011700390028359304 4.8969888274105075e-08
-872.134430201957 11.299171442821727 -0.0011649020239842681 4.8747566934583254e-08
-862.4440476441523 11.299021941519984 -0.0011598107454732047 4.852728966987481e-08
-852.7536650863476 11.298872387850965 -0.001154764545799013 4.830902810605202e-08
-843.0632825285429 11.298722819982258 -0.0011497628151096774 4.809275439556187e-08
-833.3728999707382 11.298573275421948 -0.001144804954915202 4.78784412051255e-08
-823.6825174129335 11.298423791012622 -0.0011398903778074199 4.766606170375863e-08
-813.9921348551288 11.298274402926321 -0.0011350185071888933 4.7455589551331465e-08
-804.3017522973241 11.298125146660317 -0.001130188777010512 4.724699888730923e-08
-794.6113697395194 11.297976057033726 -0.0011254006315174225 4.704026431981799e-08
-784.9209871817147 11.297827168184847 -0.0011206535250029475 4.6835360915047474e-08
-775.23060462391 11.297678513569272 -0.0011159469215701575 4.663226418694396e-08
-765.5402220661053 11.297530125958628 -0.0011112802949007916 4.643095008707474e-08
-755.8498395083006 11.297382037440011 -0.0011066531280312286 4.6231394995014e-08
-746.159456950496 11.297234279415987 -0.0011020649131352304 4.603357570863106e-08
-736.4690743926913 11.29708688260519 -0.0010975151513131934 4.583746943493428e-08
-726.7786918348866 11.296939877043457 -0.0010930033523876522 4.5643053781074916e-08
-717.0883092771983 11.296793292085459 -0.0010885290347048603 4.5450306745496386e-08
-707.3979267193936 11.296647156406824 -0.0010840917249418812 4.525920670941608e-08
-697.7075441615889 11.296501498006695 -0.0010796909579197994 4.506973242849326e-08
-688.0171616037842 11.296356344210727 -0.0010753262764217502 4.488186302477886e-08
-678.3267790459795 11.296211721674473 -0.0010709972310163965 4.4695577978686953e-08
-668.6363964881748 11.296067656387125 -0.0010667033798863305 4.451085712142161e-08
-658.9460139303701 11.295924173675624 -0.0010624442886612783 4.4327680627453455e-08
-649.2556313725654 11.2957812982091 -0.0010582195302559416 4.4146029007185006e-08
-639.5652488147607 11.295639054003578 -0.0010676197377169107 3.7450293269025633e-07
-629.874866256956 11.295497464427031 -0.0010632772410274316 3.698167440546395e-07
-620.1844836991513 11.295356552204646 -0.0010589728148829142 3.652533080663617e-07
-610.4941011413466 11.295216339424346 -0.0010547058618003504 3.608077763893719e-07
-600.8037185835419 11.29507684754258 -0.0012133120220759182 3.5647555410778345e-07
-591.1133360257372 11.294938097390276 -0.001206913993218947 3.5225228335325966e-07
-581.4229534679325 11.294800109179025 -0.0012006106247915607 3.4813382818668855e-07
-571.7325709101278 11.294662902507469 -0.0011943990541122284 3.441162606223323e-07
-562.0421883523231 11.294526496367775 -0.0011882765536320743 3.401958476966269e-07
-552.3518057945184 11.294390909152387 -0.0012959187369687528 3.363690394893966e-07
-542.6614232367137 11.29425615866082 -0.0012884153017439853 3.326324580186135e-07
-532.9710406790255 11.294122262106645 -0.001281035258311356 3.289828869347838e-07
-523.2806581212208 11.293989236124578 -0.0012963039906799595 2.9202837725706095e-05
-513.5902755634161 11.29385709677767 -0.001430515217055778 2.880612745274441e-05
-503.8998930056114 11.293725859564631 -0.0014212806383926547 2.8420060708314036e-05
-494.2095104478067 11.293595539427203 -0.0014122131958132533 2.804421467139506e-05
-484.519127890002 11.293466150757647 -0.0014033073469512777 2.7678188628222103e-05
-474.8287453321973 11.293337707406288 -0.0013945578133900168 2.7321602545896016e-05
-465.1383627743926 11.29321022268912 -0.0013859595646657933 2.6974095755033646e-05
-455.4479802165879 11.293083709395518 -0.0013775078034331297 2.663532573186286e-05
-445.7575976587832 11.29295817979589 -0.007222609734475933 0.0022899363667501335
-436.0672151009785 11.292833645649502 -0.007134976009308824 0.0022588847927410287
-426.3768325431738 11.292710118212248 -0.007589919593149163 0.0022286641667073983
-416.6864499853691 11.292587608244476 -0.007499422607355816 0.002199241571362254
-406.9960674275644 11.292466126018843 -0.007411209856870975 0.0021705858055532396
-397.3056848697597 11.29234568132819 -0.007325194137775202 0.002142667273855778
-387.615302311955 11.2922262834934 -0.007241292657431427 0.002115457884582041
-377.9249197541503 11.292107941371292 -0.007159426758410464 0.0020889309554666946
-368.2345371963456 11.291990663362508 -0.007079521662914433 0.0020630611263635816
-358.54415463854093 11.291874457419373 -0.0070015062359431455 0.002037824278352751
-348.85377208085265 11.291759331053784 -0.006925312765619125 0.0020131974587155755
-339.16338952304795 11.291645291345047 -0.006850876759232039 0.0019891588112855517
-329.47300696524326 11.291532344947727 -0.006778136753717826 0.0019656875117348375
-319.78262440743856 11.291420498099448 -0.0067070341393770045 0.0019427637073877889
-310.09224184963387 11.291309756628689 -0.006637512995777231 0.001920368461200235
-300.40185929182917 11.291200125962538 -0.006569519938863419 0.0018984836995703783
-290.7114767340245 11.291091611134416 -0.006518672416301971 0.001877092163679263
-281.0210941762198 11.290984216791761 -0.006453372788437879 0.001856177364085402
-271.3307116184151 11.29087794720367 -0.006389460596692302 0.0018357235383224557
-261.6403290606104 11.290772806268507 -0.006331584602332887 0.0018157156112707702
-251.9499465028057 11.290668797521459 -0.006270250778327636 0.0017961391580933153
-242.259563945001 11.290565924142037 -0.006325942448377691 0.001787621164490498
-232.5691813871963 11.290464188961526 -0.006265414420197615 0.0017687244792259852
-222.8787988293916 11.290363594470396 -0.006207886856835143 0.0017502213551362823
-213.1884162715869 11.290264142825645 -0.006149855423258786 0.0017321015595697959
-203.4980337137822 11.290165835858067 -0.006092975715665198 0.001714353295128073
-193.8076511559775 11.290068675079484 -0.006037212884913369 0.0016969652439647862
-184.1172685981728 11.289972661689909 -0.005982533489144523 0.00167992654364219
-174.42688604036812 11.289877796584637 -0.005933068714532591 0.0016632267644332754
-164.73650348267984 11.289784080361256 -0.005883804611866052 0.0016468558879696791
-155.04612092487514 11.289691513326641 -0.00583208705319795 0.0016308042871419094
-145.35573836707044 11.28960009550379 -0.005781334555799117 0.0016150627071697316
-135.66535580926575 11.289509826638689 -0.005731519628463345 0.0015996222477602333
-125.97497325146105 11.28942070620702 -0.005682615826256554 0.0015844743462839627
-116.28459069365636 11.289332733420842 -0.005634597700896552 0.001569610761900876
-106.59420813585166 11.289245907235177 -0.00560753554965313 0.0015550235605742227
-96.90382557804696 11.289160226354545 -0.00556094162383603 0.0015407051009148946
-87.21344302024227 11.289075689239358 -0.005525124995175292 0.001526648020802994
-77.52306046243757 11.288992294112315 -0.0054800183045547795 0.0015128452247372358
-67.83267790463287 11.28891003896467 -0.005435693892841414 0.001499289871866358
-58.14229534682818 11.288828921562413 -0.005392130986195832 0.0014859753646599921
-48.45191278902348 11.28874893945242 -0.005349309550405235 0.0014728953381794535
-38.761530231218785 11.288670089968436 -0.0053157294505657565 0.0014600436499116747
-29.07114767341409 11.288592370237087 -0.005274217492027879 0.001447414370132078
-19.380765115609393 11.288515777183699 -0.005233394143646265 0.0014350017727645281
-9.690382557804696 11.28844030753811 -0.005193241892888338 0.0014228003267086784
0.0 11.288365957840352 -0.005153743825189164 0.0014108046876070517
9.690382557804696 8.826159571557787 -0.06272953496071695 0.03313273303178795
19.380765115609393 9.006180970850892 -0.06191234057479411 0.03269209037163627
29.071147673297673 9.135764557974694 -0.06111653513092449 0.032263085191724584
38.76153023110237 9.239211197639033 -0.06034128312506098 0.03184526076369459
48.451912788907066 9.326064880991554 -0.05959552694899752 0.031438184004999495
58.14229534671176 9.401239227583073 -0.05885891277775812 0.03104144396604996
67.83267790451646 9.467653972294618 -0.05814059709826211 0.030654650432166124
77.52306046232115 9.527208641751248 -0.05743990110330875 0.03027743263026622
87.21344302012585 9.581219336062286 -0.056756179291638995 0.029909438031249833
96.90382557793055 9.630641303112467 -0.05608881744494074 0.02955033123991108
106.59420813573524 9.676193158986738 -0.055437230750758064 0.02919979296500398
116.28459069353994 9.718431127516652 -0.05480086205916252 0.028857519062784685
125.97497325134464 9.757795843507632 -0.054179180262185496 0.028523219647983284
135.66535580914933 9.794643152728819 -0.0535716787860334 0.028196618266720392
145.35573836695403 9.829265110372727 -0.05297787418702484 0.02787745112638795
155.04612092475872 9.86190473157125 -0.052397304843011396 0.027565466377966207
164.73650348256342 9.892766624214236 -0.051829529732783534 0.02726042344665588
174.42688604036812 9.922024829747418 -0.0512741272966298 0.026962092407070426
184.1172685981728 9.949828723111848 -0.05073069437181636 0.026670253399563658
193.8076511559775 9.976307532958655 -0.05019884519729665 0.026384696084565375
203.4980337137822 10.001573860586868 -0.04967821048244888 0.02610521913206674
213.1884162714705 10.025726458018823 -0.04916843653508826 0.025831629743643416
222.87879882927518 10.048852447743005 -0.04866918444435785 0.02556374320460188
232.56918138707988 10.071029114384915 -0.04818012931459384 0.025301382464102358
242.25956394488458 10.092325363060075 -0.04770095954637511 0.02504437774117825
251.94994650268927 10.112802914769864 -0.04723137616148149 0.02479256615485114
261.64032906049397 10.132517292274258 -0.04677109216862737 0.024545791376620735
271.33071161829866 10.15151863790221 -0.046319831967128106 0.024303903303768425
281.02109417610336 10.16985239605221 -0.04587642156977701 0.024066783759893174
290.71147673390806 10.187559886554228 -0.04544243737018141 0.02383424181860535
300.40185929171275 10.204678789887412 -0.04501671272013479 0.02360617065458033
310.09224184951745 10.221243561046263 -0.04459901230243066 0.023382442169018854
319.78262440732215 10.237285785384712 -0.04418910969208683 0.02316293312096287
329.47300696512684 10.252834486913796 -0.04378678693915942 0.022947524898845943
339.16338952293154 10.26791639720823 -0.04339183417486538 0.02273610330482839
348.85377208073623 10.282556191230901 -0.04300404923950694 0.022528558351089526
358.54415463854093 10.296776694955291 -0.042623237330800916 0.022324784067310196
368.2345371963456 10.310599068595053 -0.04224921067131823 0.022124678318634416
377.9249197541503 10.32679773464862 -0.04188178819383089 0.021928142633450144
387.615302311955 10.345575703175554 -0.041520795243450696 0.02173508204037635
397.3056848696433 10.363656310907754 -0.04116606329552615 0.02154540491388917
406.996067427448 10.381085617904201 -0.04081742968830744 0.021359022828043986
416.6864499852527 10.397905490379964 -0.04047473736954554 0.02117585041783469
426.3768325430574 10.414154082542304 -0.04013783465610406 0.02099580524768576
436.0672151008621 10.429866244473642 -0.03980657500586923 0.02081880768668411
445.7575976586668 10.445073870620398 -0.03948081680120595 0.02064478079013812
455.4479802164715 10.459806200610215 -0.03916042314328668 0.020473650187094756
465.1383627742762 10.4740900815658 -0.03884526165666091 0.02030534397346755
474.82874533208087 10.48795019893227 -0.038632159477081394 0.020139792610451387
484.51912788988557 10.501409281129446 -0.03832575664764921 0.01997692882792133
494.20951044769026 10.51448828205526 -0.03802424995678695 0.01981668753253232
503.89989300549496 10.527206544533442 -0.03772752192506427 0.01965900572025465
513.5902755632997 10.539581947137494 -0.03743545882853567 0.019503822393097444
523.2806581211044 10.55163103635797 -0.03727966482526309 0.019351078479787735
532.971040678909 10.56336914575013 -0.036994816293675306 0.019200716760187572
542.6614232367137 10.57481050345847 -0.03671436050941804 0.019052681793245048
552.3518057945184 10.585968329332355 -0.03643819544032804 0.018906919848287854
562.0421883523231 10.596854922702583 -0.03616622222697872 0.018763378839479653
571.7325709101278 10.607481741769243 -0.03589834505849771 0.018622008263270685
581.4229534678161 10.61785947544926 -0.03563447105429325 0.01848275913868563
591.1133360256208 10.627998108443446 -0.03555630142140175 0.018368029444699667
600.8037185834255 10.63790698020139 -0.035297691684186575 0.018232576555139973
610.4941011412302 10.647594838396072 -0.03504288941446383 0.018099114958297687
620.1844836990349 10.657069887452321 -0.03487675167547803 0.017967600891796744
629.8748662568396 10.666339832619206 -0.03462815799197487 0.017837991871951255
639.5652488146443 10.67541192002449 -0.03438315565923604 0.017710246647126872
649.255631372449 10.684292973104077 -0.034127877874961396 0.01758512299266628
658.9460139302537 10.692989425758423 -0.03389001058318666 0.017460975536082824
668.6363964880584 10.701507352551737 -0.03365550041270096 0.01733857536269274
678.3267790458631 10.709852496237207 -0.033424275580336345 0.01721788571070378
688.0171616036678 10.71803029286271 -0.03319626637655561 0.017098870846423517
697.7075441614725 10.726045894685463 -0.03297140508903467 0.016981496028390376
707.3979267192772 10.733904191101285 -0.03281237025800269 0.016865727473006572
717.0883092770819 10.741609827773397 -0.03259275970416199 0.016751532321599337
726.7786918348866 10.749167224127525 -0.03237612790018578 0.01663887860884089
736.4690743926913 10.756580589363493 -0.03216241352749008 0.016527735232461618
746.159456950496 10.763853937118979 -0.03195155697793665 0.016418071924194543
755.8498395083006 10.770991098907912 -0.031743500292665205 0.01630985922189248
765.5402220661053 10.777995736444213 -0.03153818710365305 0.01620306844276263
775.2306046237936 10.784871352950919 -0.03125131919724552 0.016109807805003307
784.9209871815983 10.791621303545906 -0.03105246686870768 0.01600561403341904
794.611369739403 10.798248804785006 -0.03085616765429701 0.015902764922435166
804.3017522972077 10.804756943438713 -0.030662372208004645 0.01580123448765344
813.9921348550124 10.811148684568643 -0.030857137517917202 0.015738028046308562
823.6825174128171 10.817426878965643 -0.030662961050150747 0.015638556573974154
833.3728999706218 10.823594270004998 -0.030471288407351468 0.015540343242455755
843.0632825284265 10.829653499969368 -0.03028206951525433 0.015443364083627368
852.7536650862312 10.835607115885344 -0.030095255709059274 0.015347595745157984
862.4440476440359 10.841457574915438 -0.029909131423327465 0.01525307791035043
872.1344302018406 10.847207249343517 -0.029727009879486472 0.015159662668117057
881.8248127596453 10.852858431188263 -0.02954715474889057 0.01506739170825661
891.51519531745 10.858413336476152 -0.029369522517009514 0.014976243946133946
901.2055778752547 10.863874109202637 -0.02919407083400188 0.014886198819550592
910.8959604330594 10.869242825007724 -0.029020758472999297 0.014797236272253964
920.5863429908641 10.874521494589665 -0.02884954529035488 0.014709336738094155
930.2767255486688 10.879712066878572 -0.028680392187736284 0.014622481125796855
939.9671081064735 10.884816431989723 -0.028772326110534582 0.01455739670227283
949.6574906642782 10.88983642397462 -0.028603661154129476 0.014472291707976056
959.3478732219664 10.894773823386256 -0.028437039205347108 0.014388183619216767
969.0382557797711 10.899630359673981 -0.028272421260233882 0.014305054803692518
978.7286383375758 10.904407713420845 -0.02810976938999764 0.014222888051747457
988.4190208953805 10.909107518437079 -0.02794904669953058 0.01414166656326627
998.1094034531852 10.913731363342276 -0.026227988761866543 0.0159845657580433
