-1007.7997860109899 9.707550618735423 -0.013360140175298749 0.002267250849446391
-998.1094034533016 9.709121519512761 -0.013297443121786464 0.0022558235687415414
-988.4190208954969 9.710678189146874 -0.01323532124419518 0.00224452625701301
-978.7286383376922 9.712220838965424 -0.01317376776822009 0.0022333562169304178
-969.0382557798875 9.713749675390643 -0.013112775940008373 0.002222310844123919
-959.3478732220829 9.715264900082124 -0.013052339034574749 0.0022113876224619383
-949.6574906642782 9.716766710074578 -0.012992450363173287 0.002200584119643697
-939.9671081064735 9.71825529791075 -0.012933103279740668 0.0021898979830811058
-930.2767255486688 9.719730851769643 -0.012874291186512305 0.0021793269360469757
-920.5863429908641 9.721193555590109 -0.01281600753890131 0.0021688687740685714
-910.8959604330594 9.722643589190032 -0.012758245849720145 0.0021585213615474947
-901.2055778752547 9.724081128381147 -0.01270099969281605 0.0021482826285885476
-891.51519531745 9.725506343595974 -0.012644262706183415 0.002138150568021818
-881.8248127596453 9.726919391804248 -0.012588028594609441 0.0021281232326035887
-872.1344302018406 9.728320442928604 -0.012532291131903262 0.0021181987323829143
-862.4440476440359 9.729709655456777 -0.012477044162753397 0.002108375232221876
-852.7536650862312 9.73108718382208 -0.012422281604253476 0.0020986509494584863
-843.0632825284265 9.732453178406645 -0.012367997447132083 0.0020890241517021804
-833.3728999706218 9.733807785535783 -0.012314185756718672 0.002079493154752632
-823.6825174128171 9.735151147464636 -0.012260840673674202 0.0020700563206334207
-813.9921348551288 9.736483402358404 -0.01220795641451281 0.0020607120557328187
-804.3017522973241 9.737804684267813 -0.01215552727193368 0.0020514588090438856
-794.6113697395194 9.739115123101138 -0.012103547614993283 0.0020422950704988827
-784.9209871817147 9.740414844594884 -0.012052011889123743 0.0020332193693896813
-775.23060462391 9.741703970284687 -0.01200091461602353 0.0020242302728702174
-765.5402220661053 9.742982617478305 -0.011950250393431517 0.0020153263845350987
-755.8498395083006 9.744250899232558 -0.011900013894798537 0.0020065063430696555
-746.159456950496 9.745508924335933 -0.011850199868868342 0.0019977688209669893
-736.4690743926913 9.746756797298524 -0.011800803139178887 0.0019891125233078857
-726.7786918348866 9.747994618350912 -0.01175181860349372 0.0019805361865997506
-717.0883092770819 9.74922248345334 -0.01170324123317206 0.001972038577671027
-707.3979267192772 9.750440484316425 -0.011655066072485612 0.0019636184926177776
-697.7075441614725 9.75164870843452 -0.011607288237889118 0.001955274755799377
-688.0171616036678 9.752847239132496 -0.011559902917250961 0.0019470062188804377
-678.3267790458631 9.754036155626583 -0.011512905369049713 0.0019388117599163372
-668.6363964880584 9.755215533099756 -0.011466290921541559 0.0019306902824798335
-658.9460139302537 9.756385442791743 -0.01142005497190341 0.0019226407148264881
-649.255631372449 9.757545952103722 -0.011374192985355783 0.0019146620090967187
-639.5652488146443 9.75869712471747 -0.011328700494269118 0.0019067531405524776
-629.8748662568396 9.759839020728476 -0.01128357309725709 0.0018989131068466664
-620.1844836991513 9.760971696792486 -0.011238806458260196 0.0018911409273236171
-610.4941011413466 9.762095206284688 -0.0111943963056193 0.001883435642348441
-600.8037185835419 9.763209599470569 -0.011150338431149544 0.0018757963126650914
-591.1133360257372 9.764314923687476 -0.01110662868920596 0.0018682220187798257
-581.4229534679325 9.765411223535674 -0.011063262995750925 0.001860711860370113
-571.7325709101278 9.766498541077679 -0.011020237327421837 0.0018532649557171557
-562.0421883523231 9.767576916044536 -0.010977547720601123 0.0018458804411609186
-552.3518057945184 9.768646386047713 -0.010935190270489994 0.0018385574705765293
-542.6614232367137 9.76970698679517 -0.01089316113018704 0.0018312952148710235
-532.971040678909 9.77075875231028 -0.010851456509772902 0.0018240928614994072
-523.2806581211044 9.77180171515212 -0.010810072675401803 0.0018169496139991148
-513.5902755632997 9.77283590663585 -0.010769005948400889 0.0018098646915419901
-503.89989300549496 9.773861357051738 -0.010728252704378041 0.0018028373285029293
-494.20951044769026 9.774878095881666 -0.01068780937233885 0.0017958667740444428
-484.51912788988557 9.775886152011786 -0.01064767243381325 0.001788952291716356
-474.82874533208087 9.776885553940218 -0.01060783842199235 0.0017820931590699835
-465.1383627742762 9.777876329978708 -0.010568303920875795 0.0017752886672860874
-455.4479802164715 9.778858508447236 -0.010529065564430081 0.0017685381208160235
-445.7575976586668 9.779832117860707 -0.010490120035758067 0.001761840837035462
-436.0672151009785 9.780797187106845 -0.01045146406628036 0.0017551961459102321
-426.3768325431738 9.781753745614726 -0.010413094434926107 0.0017486033896732425
-416.6864499853691 9.782701823513081 -0.010375007967340127 0.0017420619225132197
-406.9960674275644 9.783641451778164 -0.010337201535097346 0.0017355711102731684
-397.3056848697597 9.784572662370554 -0.010299672054931552 0.0017291303301592955
-387.615302311955 9.785495488360642 -0.010262416487975705 0.001722738970459519
-377.9249197541503 9.786409964042587 -0.010225431839014325 0.001716396430271211
-368.2345371963456 9.787316125036602 -0.010188715155747914 0.0017101021192378087
-358.54415463854093 9.788214008379525 -0.010152263528069487 0.0017038554572939163
-348.85377208073623 9.789103652603675 -0.010116074087353022 0.0016976558744185573
-339.16338952293154 9.789985097804182 -0.010080144005753909 0.0016915028103962474
-329.47300696512684 9.790858385694898 -0.010044470495521261 0.0016853957145855803
-319.78262440732215 9.79172355965317 -0.010009050808322009 0.0016793340456950053
-310.09224184951745 9.792580664753787 -0.009973882234576683 0.001673317271565551
-300.40185929171275 9.793429747792464 -0.009938962102806767 0.0016673448689601843
-290.71147673390806 9.794270857299242 -0.009904287778993522 0.0016614163233595785
-281.02109417610336 9.79510404354229 -0.009869856665948137 0.0016555311287640264
-271.33071161829866 9.795929358522567 -0.009835666202693098 0.0016496887875012674
-261.64032906049397 9.796746855959858 -0.00980171386385459 0.0016438888100400208
-251.9499465028057 9.797556591270727 -0.009767997159066249 0.001638130714809056
-242.259563945001 9.798358621538965 -0.009734513632381635 0.0016324140280211997
-232.5691813871963 9.799153005478974 -0.009701260861701392 0.0016267382835031183
-222.8787988293916 9.799939803392842 -0.009668236458206806 0.001621103022529304
-213.1884162715869 9.800719077121533 -0.011470308137449483 0.0027150536822315523
-203.4980337137822 9.801490889990808 -0.01139089743116818 0.0026814315675709574
-193.8076511559775 9.802255306752444 -0.011314039632712707 0.0026492457624836515
-184.1172685981728 9.803012393521323 -0.011239562613650401 0.002618394043494737
-174.42688604036812 9.803762217708835 -0.011167310386297723 0.0025887838478179264
-164.73650348256342 9.80450484795327 -0.011097141237599849 0.002560331155245951
-155.04612092475872 9.805240354047543 -0.011028926116405316 0.0025329595218861463
-145.35573836695403 9.805968806864856 -0.0109625472348739 0.002506599242213601
-135.66535580914933 9.806690278282682 -0.010897896851558125 0.0024811866199903206
-125.97497325134464 9.807404841105548 -0.010834876209202902 0.0024566633318974154
-116.28459069353994 9.808112568987013 -0.01077339460478412 0.00243297587040955
-106.59420813573524 9.808813536351234 -0.010713368572963714 0.002410075054632338
-96.90382557793055 9.809507818314444 -0.010654721167139853 0.002387915599621674
-87.21344302012585 9.810195490606779 -0.010597381324743986 0.002366455736186068
-77.52306046232115 9.810876629494606 -0.010541283305483092 0.002345656874399494
-67.83267790463287 9.811551311703779 -0.010486366192926535 0.002325483305071352
-58.14229534682818 9.812219614344013 -0.010432573451249776 0.0023059019342680565
-48.45191278902348 9.812881614834573 -0.010379852530147896 0.0022868820466968886
-38.761530231218785 9.813537390831579 -0.010328154511904913 0.002268395094351325
-29.07114767341409 9.814187020157023 -0.010277433795467802 0.0022504145073287468
-19.380765115609393 9.814830580729705 -0.01022764781306985 0.002232915524151566
-9.690382557804696 9.815468150498237 -0.010178756775554324 0.002215875039285117
0.0 9.816099807376181 -0.010130723443060602 0.002199271465852119
9.690382557804696 7.0063403901403145 -0.049229462859571256 0.04063721047331671
19.380765115609393 7.14064260492937 -0.04818535961121171 0.03964137062985446
29.07114767341409 7.241406387351335 -0.04719160614999877 0.03869462493665977
38.761530231218785 7.324171331645307 -0.046244565824800764 0.03779341278686925
48.45191278902348 7.39527860126027 -0.04534094534437927 0.036934510208164024
58.14229534682818 7.45805786211994 -0.04447775513970343 0.03611499097425417
67.83267790463287 7.514513677593131 -0.04365227509656925 0.03533219298743105
77.52306046243757 7.565963111015943 -0.04286202482810575 0.034583689116889346
87.21344302024227 7.613326071843174 -0.04210473780036432 0.03386726181854595
96.90382557804696 7.657274856187629 -0.04137833874044685 0.033180880976242146
106.59420813585166 7.698318291104069 -0.040680923851204115 0.03252268449708115
116.28459069365636 7.736852362090081 -0.04001074343382887 0.03189096126954603
125.97497325134464 7.773192321239213 -0.03936618658312799 0.03128413615535048
135.66535580914933 7.807593935493725 -0.03874576767251374 0.03070075673728391
145.35573836695403 7.840268051056229 -0.03814811438921772 0.03013948158797656
155.04612092475872 7.8713908757156705 -0.03757195711594381 0.02959906985958401
164.73650348256342 7.901111423254096 -0.037016119485464315 0.029078372024112554
174.42688604036812 7.929557021702879 -0.03647950995962626 0.02857632161862
184.1172685981728 7.956837467069904 -0.03596111430539776 0.028091927870298836
193.8076511559775 7.98304820838326 -0.035459988858366785 0.02762426909390429
203.4980337137822 8.008272826419924 -0.03497525447914751 0.027172486768755826
213.1884162715869 8.032584988466082 -0.03706547405648767 0.026735780215063155
222.8787988293916 8.056050008331907 -0.03654612144445495 0.026313401799980325
232.5691813871963 8.07872610480972 -0.036044077206124854 0.02590465261287909
242.259563945001 8.100665426845682 -0.03784131649949834 0.025508878557106224
251.9499465028057 8.121914896159188 -0.03731186903014783 0.025125466812157795
261.6403290606104 8.14251690550628 -0.03680021585462442 0.02475384262593663
271.3307116184151 8.162509901688546 -0.03630540591497342 0.02439346640170335
281.0210941762198 8.181928875723322 -0.035826558319061855 0.024043831048602436
290.7114767340245 8.200805777616472 -0.0353628556797856 0.023704459568345698
300.40185929182917 8.219169869435461 -0.034913538231042915 0.023374902853847503
310.09224184951745 8.237048027533831 -0.03447789861306226 0.02305473767840538
319.78262440732215 8.254465002594229 -0.034055277236760245 0.022743564856429706
329.47300696512684 8.271443644459769 -0.03364505815096073 0.022441007558936268
339.16338952293154 8.28800509740831 -0.03324666534770724 0.02214670976874457
348.85377208073623 8.304168970475462 -0.032859559450681725 0.021860334862095786
358.54415463854093 8.319953486610606 -0.03248323473962086 0.02158156430475912
368.2345371963456 8.335375613789033 -0.03211721647033869 0.02131009645198858
377.9249197541503 8.350451180673131 -0.03176105845556732 0.021045645442803664
387.615302311955 8.365194978986528 -0.03141434087655543 0.020787940180053654
397.3056848697597 8.379620854416048 -0.03107666829936613 0.020536723388597983
406.9960674275644 8.393741787570754 -0.03074766787321428 0.020291750744708445
416.6864499853691 8.40756996629234 -0.030426987691080192 0.020052790070485976
426.3768325431738 8.421116850417047 -0.030114295295314727 0.019819620587695742
436.0672151009785 8.434393229927895 -0.02980927631307682 0.019592032225967844
445.7575976587832 8.44740927730143 -0.029511633208274123 0.019369824980796542
455.4479802165879 8.468589058633281 -0.029221084138257605 0.01915280831720416
465.1383627743926 8.49325463703246 -0.028937361904888364 0.018940800615323376
474.8287453321973 8.517026621171187 -0.028660212990782433 0.018733628654499093
484.519127890002 8.539964912196115 -0.028389396672572877 0.01853112713282239
494.20951044769026 8.562123560934147 -0.0281246842039335 0.018333138219290942
503.89989300549496 8.583551514143693 -0.027865858061875536 0.01813951113602561
513.5902755632997 8.604293243537425 -0.027612711250587063 0.01795010176824883
523.2806581211044 8.624389279296004 -0.027365046657581556 0.01776477229985139
532.971040678909 8.643876665179976 -0.02712267645756966 0.017583390872641914
542.6614232367137 8.662789348839555 -0.026885421559873356 0.017405831267489676
552.3518057945184 8.681158518214831 -0.026653111095642452 0.01723197260573832
562.0421883523231 8.699012892817736 -0.026425581941501027 0.017061699069402587
571.7325709101278 8.716378977042211 -0.026202678276580082 0.016894899638783233
581.4229534679325 8.733281281350783 -0.025984251170185532 0.016731467846247763
591.1133360257372 8.749742516153876 -0.0257701581976115 0.016571301545026427
600.8037185835419 8.765783762372015 -0.02556026308184203 0.016414302691965577
610.4941011413466 8.781424622004664 -0.02535443535909183 0.016260377143264924
620.1844836991513 8.796683351488777 -0.025152550066324077 0.01610943446230185
629.874866256956 8.811576980188011 -0.024954487449049878 0.015961387738716425
639.5652488147607 8.826121415990476 -0.024760132687864565 0.015816153417994364
649.2556313725654 8.840331539692576 -0.024569375642311334 0.015673651140843813
658.9460139303701 8.854221289596444 -0.024382110610784394 0.015533803591715472
668.6363964881748 8.867803737541383 -0.024198236105293803 0.015396536355864169
678.3267790458631 8.881091157415756 -0.024017654640015634 0.015261777784396718
688.0171616036678 8.894095087042848 -0.023840272532625984 0.015129458866780696
697.7075441614725 8.90682638421787 -0.023665999717544038 0.014999513110360293
707.3979267192772 8.919295277565057 -0.023494749570207345 0.014871876426403466
717.0883092770819 8.931511412792224 -0.023326438741645708 0.014746487022293354
726.7786918348866 8.943483894846871 -0.02316098700263518 0.01462328529947194
736.4690743926913 8.955221326411934 -0.022998317096784387 0.014502213756782288
746.159456950496 8.96673184312386 -0.02283835460195404 0.014383216898879081
755.8498395083006 8.978023145848061 -0.022681027799456095 0.014266241149399962
765.5402220661053 8.989102530306047 -0.022526267550521777 0.014151234768611305
775.23060462391 8.999976914313196 -0.022374007179565555 0.014038147775261696
784.9209871817147 9.01065286285592 -0.022224182363807913 0.013926931872394266
794.6113697395194 9.021136611210649 -0.022076731028851587 0.01381754037688578
804.3017522973241 9.031434086284433 -0.02193159324983577 0.013709928152495889
813.9921348551288 9.041550926337107 -0.0217887111578199 0.013604051546224032
823.6825174129335 9.051492499227907 -0.02164802885107354 0.013499868327784893
833.3728999707382 9.061263919314303 -0.02150949231097162 0.013397337632025547
843.0632825285429 9.07087006311779 -0.021373049322215856 0.013296419904118662
852.7536650863476 9.080315583859745 -0.02123864939712193 0.013197076847376933
862.4440476440359 9.089604924960307 -0.02110624370373212 0.013099271373544675
872.1344302018406 9.09874233258497 -0.020975784997518114 0.013002967555423545
881.8248127596453 9.10773186731337 -0.020847227556487356 0.012908130581722469
891.51519531745 9.11657741500162 -0.020720527119464868 0.012814726713988525
901.2055778752547 9.125282696899282 -0.02059564082739109 0.012722723245524195
910.8959604330594 9.133851279078987 -0.020472527167454953 0.012632088462178372
920.5863429908641 9.142286581230799 -0.020351145919903547 0.012542791604913216
930.2767255486688 9.150591884869026 -0.020231458107378815 0.012454802834053664
939.9671081064735 9.158770340995336 -0.02011342594664088 0.012368093195132011
949.6574906642782 9.166824977258118 -0.019997012802546867 0.012282634586245093
959.3478732220829 9.174758704645036 -0.019882183144162093 0.01219839972684646
969.0382557798875 9.182574323742477 -0.019768902502888375 0.012115362127900431
978.7286383376922 9.190274530593118 -0.01965713743250108 0.012033496063329268
988.4190208954969 9.197861922180227 -0.019546855470993527 0.011952776542688384
998.1094034533016 9.205339001565164 -0.019438025104133134 0.011873179285008488
