-1007.7997860111063 9.977538083990336 -8.005834132779483e-05 4.216256550316321e-08
-998.1094034533016 9.977538083990336 -8.70033554918374e-05 4.121752576288484e-08
-988.4190208954969 9.977538083990336 -8.563059325283406e-05 4.031392187157142e-08
-978.7286383376922 9.977538083990336 -8.431011309752504e-05 3.94490871205252e-08
-969.0382557798875 9.977538083990336 -8.303875648348516e-05 3.8620578825565516e-08
-959.3478732220829 9.977538083990336 -8.181362310550126e-05 3.782615528604855e-08
-949.6574906642782 9.977538083990336 -8.063204444623961e-05 3.706375553047811e-08
-939.9671081064735 9.977538083990336 -7.949156056697428e-05 3.6331481463042446e-08
-930.2767255486688 9.977538083990336 -7.838989967844711e-05 3.56275820854947e-08
-920.5863429908641 9.977538083990336 -7.732496010584694e-05 3.495043951850177e-08
-910.8959604330594 9.977538083990336 -7.629479432260259e-05 3.4298556587005386e-08
-901.2055778752547 9.977538083990336 -7.529759477776261e-05 3.367054576985289e-08
-891.5151953175664 9.977538083990336 -7.433168128324742e-05 3.306511934136009e-08
-881.8248127597617 9.977538083990336 -8.030823203929357e-05 3.248108055774509e-08
-872.134430201957 9.977538083990336 -7.922472310045098e-05 3.191731576130304e-08
-862.4440476441523 9.977538083990336 -7.817681558757411e-05 3.1372787293139244e-08
-852.7536650863476 9.977538083990336 -7.716260666322511e-05 3.084652711866023e-08
-843.0632825285429 9.977538083990336 -7.618033468072848e-05 3.033763108474284e-08
-833.3728999707382 9.977538083990336 -7.522836574539311e-05 2.9845253735415477e-08
-823.6825174129335 9.977538083990336 -7.430518183818186e-05 2.936860362499312e-08
-813.9921348551288 9.977538083990336 -7.34093702875466e-05 2.890693907282585e-08
-804.3017522973241 9.977538083990336 -7.253961440890154e-05 2.8459564312313956e-08
-794.6113697395194 9.977538083990336 -7.169468515897915e-05 2.8025825992256173e-08
-784.9209871817147 9.977538083990336 -7.087343367527928e-05 2.7605109993165897e-08
-775.23060462391 9.977538083990336 -7.007478458990043e-05 2.7196838526112426e-08
-765.5402220661053 9.977538083990336 -0.00010379904660814749 2.6800467485363066e-08
-755.8498395083006 9.977538083990336 -0.00010215501714615632 2.641548402907273e-08
-746.159456950496 9.977538083990336 -0.00010057527446247562 2.604140436554186e-08
-736.4690743926913 9.977538083990336 -9.905571427468872e-05 2.5677771725057258e-08
-726.7786918348866 9.977538083990336 -9.759259334141903e-05 2.5324154499216842e-08
-717.0883092770819 9.977538083990336 -9.618248941273366e-05 2.498014453196319e-08
-707.3979267193936 9.977538083990336 -0.00010693105097806398 2.4645355548007203e-08
-697.7075441615889 9.977538083990336 -0.00010530913867615974 2.4319421705862727e-08
-688.0171616037842 9.977538083990336 -0.00010374692468067335 2.4001996264556154e-08
-678.3267790459795 9.977538083990336 -0.00010224084819785827 2.3692750352897943e-08
-668.6363964881748 9.977538083990336 -0.00010078764031815376 2.3391371833032747e-08
-658.9460139303701 9.977538083990336 -9.938429383439201e-05 2.3097564249619818e-08
-649.2556313725654 9.977538083990336 -0.00010389016390206772 2.281104585701455e-08
-639.5652488147607 9.977538083990336 -0.00010242839110192468 2.2531548718191657e-08
-629.874866256956 9.977538083990336 -0.00010101626874824539 2.2258817868984315e-08
-620.1844836991513 9.977538083990336 -9.965105477369999e-05 2.199261054231944e-08
-610.4941011413466 9.977538083990336 -0.00010945414361490449 2.1732695447544895e-08
-600.8037185835419 9.977538083990336 -0.00010788838617262196 2.147885210007812e-08
-591.1133360257372 9.977538083990336 -0.00010637692031193832 2.1230870197736905e-08
-581.4229534679325 9.977538083990336 -0.00010491666672362658 2.0988549039498614e-08
-571.7325709101278 9.977538083990336 -0.0001035047889645733 2.0751696983897813e-08
-562.0421883523231 9.977538083990336 -0.000102138669010753 2.0520130943486306e-08
-552.3518057945184 9.977538083990336 -0.00010081588578914477 2.0293675912818484e-08
-542.6614232367137 9.977538083990336 -9.953419626462048e-05 2.0072164527455707e-08
-532.971040678909 9.977538083990336 -9.829151872652362e-05 1.9855436651306306e-08
-523.2806581212208 9.977538083990336 -9.70859179759326e-05 1.9643338990691166e-08
-513.5902755634161 9.977538083990336 -9.591559216081308e-05 1.9435724732646664e-08
-503.8998930056114 9.977538083990336 -9.477886104485794e-05 1.923245320612775e-08
-494.2095104478067 9.977538083990336 -9.367415552711479e-05 1.9033389564053005e-08
-484.519127890002 9.977538083990336 -0.00012222914129760227 1.8838404485065927e-08
-474.8287453321973 9.977538083990336 -0.00012041967334021507 1.864737389331565e-08
-465.1383627743926 9.977538083990336 -0.00011867656120030473 1.846017869518916e-08
-455.4479802165879 9.977538083990336 -0.00011699576452672154 1.827670453170845e-08
-445.7575976587832 9.977538083990336 -0.0001153735869041963 1.8096841545616755e-08
-436.0672151009785 9.977538083990336 -0.00011380663855276562 1.7920484161919804e-08
-426.3768325431738 9.977538083990336 -0.00011229180389642878 1.774753088135251e-08
-416.6864499853691 9.977538083990336 -0.00011082621326405736 1.757788408550449e-08
-406.9960674275644 9.977538083990336 -0.00010940721811158587 1.7411449853143543e-08
-397.3056848697597 9.977538083990336 -0.00010803236925663694 1.7248137786797543e-08
-387.615302311955 9.977538083990336 -0.00010669939769992534 1.708786084900736e-08
-377.9249197541503 9.977538083990336 -0.00010540619767587735 1.6930535207726875e-08
-368.2345371963456 9.977538083990336 -0.00010415081163089655 1.6776080090044218e-08
-358.54415463854093 9.977538083990336 -0.00010293141687395649 1.6624417643929734e-08
-348.85377208073623 9.977538083990336 -0.00010174631368256095 1.6475472807398077e-08
-339.16338952293154 9.977538083990336 -0.00010059391467906124 1.63291731845839e-08
-329.47300696524326 9.977538083990336 -9.947273531904427e-05 1.6185448928470943e-08
-319.78262440743856 9.977538083990336 -9.838138535582466e-05 1.604423262967637e-08
-310.09224184963387 9.977538083990336 -9.731856116423585e-05 1.5905459211003077e-08
-300.40185929182917 9.977538083990336 -9.628303882239629e-05 1.5769065827503357e-08
-290.7114767340245 9.977538083990336 -9.527366786412603e-05 1.5634991771506402e-08
-281.0210941762198 9.977538083990336 -9.428936562591132e-05 1.5503178382620496e-08
-271.3307116184151 9.977538083990336 -9.332911212222694e-05 1.5373568962030432e-08
-261.6403290606104 9.977538083990336 -9.239194539141214e-05 1.52461086913197e-08
-251.9499465028057 9.977538083990336 -9.147695726150782e-05 1.5120744555045776e-08
-242.259563945001 9.977538083990336 -9.058328949166435e-05 1.4997425267272814e-08
-232.5691813871963 9.977538083990336 -8.971013025008458e-05 1.4876101201642373e-08
-222.8787988293916 9.977538083990336 -0.00010461719832511994 1.47567243246914e-08
-213.1884162715869 9.977538083990336 -0.00012147669991112335 1.4639248132574557e-08
-203.4980337137822 9.977538083990336 -0.00011980578816126655 1.4523627590529613e-08
-193.8076511559775 9.977538083990336 -0.00011819514100874848 1.4409819075423754e-08
-184.1172685981728 9.977538083990336 -0.00029591351232961176 1.4297780320815263e-08
-174.42688604036812 9.977538083990336 -0.0002897988031536703 1.4187470364638945e-08
-164.73650348256342 9.977538083990336 -0.00028396562659885175 1.407884949926417e-08
-155.04612092475872 9.977538083990336 -0.0002783941259899877 1.3971879223874905e-08
-145.35573836707044 9.977538083990336 -0.000273066300185135 1.3866522198889853e-08
-135.66535580926575 9.977538083990336 -0.000913473336351994 1.3762742202608825e-08
-125.97497325146105 9.977538083990336 -0.0008921187770364607 1.366050408959202e-08
-116.28459069365636 9.977538083990336 -0.0011866114677823278 1.3559773751048703e-08
-106.59420813585166 9.977538083990336 -0.0011591441123860017 1.3460518076881097e-08
-96.90382557804696 9.977538083990336 -0.001132961310382571 1.336270491940155e-08
-87.21344302024227 9.977538083990336 -0.0011079740089697564 1.326630305858205e-08
-77.52306046243757 9.977538083990336 -0.001084101243852762 1.3171282168852347e-08
-67.83267790463287 9.977538083990336 -0.001061269238398875 1.3077612787323788e-08
-58.14229534682818 9.977538083990336 -0.0010394106208399792 1.298526628331962e-08
-48.45191278902348 9.977538083990336 -0.001026382429711497 1.2894214829155751e-08
-38.761530231218785 9.977538083990336 -0.0010060849737776156 1.2804431372195427e-08
-29.07114767341409 9.977538083990336 -0.0021674963239915407 0.0007823679339599365
-19.380765115609393 9.977538083990336 -0.002118153708500458 0.0007620791005102185
-9.690382557804696 9.977538083990336 -0.002207723871458923 0.0007428159614298974
0.0 9.977538083990336 -0.0021592827670170152 0.0007245026537661247
9.690382557804696 7.127799547883668 -0.024411553575610218 0.03680657153333044
19.380765115609393 7.256948299076984 -0.02380098486136156 0.035873208990887515
29.07114767341409 7.355079305043756 -0.023220337960051355 0.034986017887534485
38.76153023110237 7.436047691115218 -0.02266746096935186 0.034141654614972275
48.451912788907066 7.505743083111307 -0.02214040380966791 0.033337090826889196
58.14229534671176 7.5673206734414205 -0.02163739508051049 0.032569577135376074
67.83267790451646 7.622703213232953 -0.021156822032626497 0.03183661171122092
77.52306046232115 7.673164405084174 -0.020697213177043452 0.031135913032362038
87.21344302012585 7.71959913070452 -0.020257223134413357 0.0304653961548518
96.90382557793055 7.762664296661523 -0.01983561939484754 0.029823151986310612
106.59420813573524 7.802858790079932 -0.01943127071280094 0.029207429127772026
116.28459069353994 7.840571916578 -0.019043136906052985 0.028616617920099778
125.97497325134464 7.876114288368263 -0.018670259864394113 0.028049236388889707
135.66535580914933 7.9097383568926425 -0.018311755603801695 0.027503917829396266
145.35573836695403 7.941652539445784 -0.01804572987639374 0.026979399812471105
155.04612092475872 7.972031224093524 -0.01771157679444 0.026474514425302676
164.73650348256342 8.001022032995467 -0.017389622043653914 0.02598817958812149
174.42688604036812 8.028751209402149 -0.01707920793657568 0.02551939131096543
184.1172685981728 8.055327688371138 -0.016779723332536068 0.025067216773871324
193.8076511559775 8.080846223873207 -0.016490599582916644 0.024630788130109313
203.4980337137822 8.105389826383833 -0.01620667660737616 0.024209382489522653
213.1884162715869 8.1290316879805 -0.02270642953142442 0.02380207254711619
222.87879882927518 8.151836720669795 -0.02227301998465558 0.02340824204589016
232.56918138707988 8.173862798773637 -0.021856615635069014 0.023027232717977453
242.25956394488458 8.195161772051831 -0.02145774356056936 0.022658564123749503
251.94994650268927 8.215780299179432 -0.023388044362465173 0.022301384240068996
261.64032906049397 8.235760538995095 -0.02298325069580899 0.021955290974034217
271.33071161829866 8.2551407280686 -0.02256836483030967 0.021619776010057327
281.02109417610336 8.273955666604866 -0.022168892186020018 0.021294361640794846
290.71147673390806 8.292237129836963 -0.021783951987049462 0.020978598497367516
300.40185929171275 8.310014218394622 -0.021412731882603567 0.020672063478618805
310.09224184951745 8.327313658343787 -0.021054481219108738 0.020374357859341233
319.78262440732215 8.344160059447383 -0.02070850511049797 0.020085105559680558
329.47300696512684 8.360576138533602 -0.02037415919625585 0.019803951559920326
339.16338952293154 8.376582913556769 -0.02005084499417846 0.019530560446594594
348.85377208073623 8.392199872910014 -0.019738005769118796 0.019264615077407867
358.54415463854093 8.407445123734712 -0.019435122850846667 0.019005815353787432
368.2345371963456 8.422335522320388 -0.019141712344016522 0.018753877091078362
377.9249197541503 8.436886789164836 -0.01885732218147696 0.01850853097743761
387.615302311955 8.451113610840002 -0.01858152947906476 0.018269521613407554
397.3056848697597 8.465029730463646 -0.01831393815584148 0.01803660662496752
406.996067427448 8.478648028293794 -0.018054176788646025 0.017809555843589907
416.6864499852527 8.491980593731233 -0.017864380775915803 0.01758815054745315
426.3768325430574 8.505038789819476 -0.017617636275344534 0.017372182758592918
436.0672151008621 8.517833311176988 -0.017377818595988543 0.017161454591189236
445.7575976586668 8.530374236157511 -0.01714463127280506 0.016955777646737096
455.4479802164715 8.543611729503503 -0.01691779503537029 0.016754972452198202
465.1383627742762 8.566949104952108 -0.016697046541367257 0.016558867937614203
474.82874533208087 8.589452754896978 -0.01648213722376696 0.01636730094998522
484.51912788988557 8.611178128442605 -0.016272832239610867 0.016180115800510046
494.20951044769026 8.632175319155188 -0.016068909509795466 0.015997163842546992
503.89989300549496 8.652489735653903 -0.015870158840542402 0.015818303077890533
513.5902755632997 8.672162668960544 -0.01567638111834273 0.01564339778917202
523.2806581211044 8.69123177536608 -0.015585044894204524 0.015472318196384028
532.971040678909 8.709731489676843 -0.01539816952113456 0.015304940135701457
542.6614232367137 8.727693380711129 -0.015230642589994466 0.015141144758928807
552.3518057945184 8.745146458598391 -0.015052330895277454 0.014980818252044502
562.0421883523231 8.762117441621516 -0.014878264618932092 0.01482385157144142
571.7325709101278 8.778630988915756 -0.014708288716098156 0.014670140196579059
581.4229534679325 8.794709904205906 -0.014542255930186033 0.014519583897868121
591.1133360257372 8.810375314858884 -0.014380026282536873 0.01437208651870423
600.8037185834255 8.825646829801746 -0.014221466604490503 0.01422755577065637
610.4941011412302 8.840542679267953 -0.014066450107464388 0.014085903040882915
620.1844836990349 8.855079838852456 -0.013914855987240482 0.013947043210956672
629.8748662568396 8.869274139970805 -0.013766569059060745 0.013810894486285799
639.5652488146443 8.883140368489098 -0.01362147942060046 0.013677378235438327
649.255631372449 8.896692353029154 -0.013479482140192563 0.013546418838696572
658.9460139302537 8.9099430442312 -0.013340476967986768 0.013417943545230276
668.6363964880584 8.922904580087629 -0.013204368067981604 0.013291882338321565
678.3267790458631 8.935588365305708 -0.013071063769091043 0.013168167808117049
688.0171616036678 8.948005116709897 -0.01294047633360144 0.013046735031421236
697.7075441614725 8.960164919193613 -0.012812521741544815 0.012927521458080718
707.3979267192772 8.972077273665848 -0.012687119489663902 0.01281046680354139
717.0883092770819 8.983751140461175 -0.012564192403775685 0.01269551294719092
726.7786918348866 8.995194978873577 -0.012443666463456526 0.012582603836126312
736.4690743926913 9.006416783221276 -0.012325470638074649 0.012471685394011634
746.159456950496 9.017424115800253 -0.012209536733287212 0.012362705434714712
755.8498395083006 9.028224137041493 -0.01209579924720045 0.01225561358043283
765.5402220661053 9.03882363315004 -0.011984195235463865 0.012150361184037629
775.23060462391 9.049229041472001 -0.011874664184634462 0.012046901255387675
784.9209871815983 9.059446473807718 -0.011767147893206358 0.01194518839137536
794.611369739403 9.069481737866012 -0.011661590359744319 0.011845178709482157
804.3017522972077 9.07934035703067 -0.011557937677633882 0.011746829784656049
813.9921348550124 9.089027588596046 -0.011456137935957839 0.011650100589296037
823.6825174128171 9.098548440608182 -0.011356141126092496 0.01155495143618374
833.3728999706218 9.107907687436086 -0.01125789905362435 0.011461343924187814
843.0632825284265 9.117109884184226 -0.01116136525522841 0.01136924088658651
852.7536650862312 9.126159380046387 -0.011066494920176532 0.01127860634186218
862.4440476440359 9.135060330691083 -0.010973244816169894 0.011189405446830865
872.1344302018406 9.143816709759848 -0.010881573219213443 0.011101604451978754
881.8248127596453 9.152432319552071 -0.010791439847271453 0.011015170658885137
891.51519531745 9.160910800962903 -0.010702805797462963 0.010930072379619122
901.2055778752547 9.169255642734663 -0.010615633486573847 0.010846278898004063
910.8959604330594 9.177470190076543 -0.010529886594678442 0.010763760432650362
920.5863429908641 9.185557652702387 -0.010445530011678823 0.010682488101663046
930.2767255486688 9.193521112331949 -0.01036252978658351 0.010602433888936353
939.9671081064735 9.20136352969683 -0.010280853079359943 0.010523570611952613
949.6574906642782 9.209087751088877 -0.010200468115206796 0.010445871891007753
959.3478732220829 9.216696514485374 -0.010121344141102715 0.010369312119790157
969.0382557797711 9.22419245528241 -0.010043451384498959 0.010293866437244895
978.7286383375758 9.231578111665723 -0.009966761014025853 0.010219510700652903
988.4190208953805 9.2388559296441 -0.009891245102110986 0.01014622145987759
998.1094034531852 9.246028267771221 -0.009816876589382057 0.010073975932702778
