-1007.7997860111063 8.205571869277543 -0.0025162459075186152 0.04727942466126147
-998.1094034533016 8.215545049542623 -0.0025531096763745397 0.04704485057762374
-988.4190208954969 8.225400297009212 -0.0025892847889569135 0.04681263110342972
-978.7286383376922 8.235135534963637 -0.002624784736987834 0.04658273061804779
-969.0382557798875 8.244749020827907 -0.0026596227003746306 0.04635511421978523
-959.3478732220829 8.254239323604592 -0.002693811555698478 0.04612974770778232
-949.6574906642782 8.263605302042482 -0.002727363884435202 0.045906597564452076
-939.9671081064735 8.272846083628622 -0.00276029198091759 0.04568563093844623
-930.2767255486688 8.281961044478937 -0.002792607860048478 0.045466815628129285
-920.5863429908641 8.290949790172943 -0.0028243232647737577 0.04525012006554292
-910.8959604330594 8.299812137556927 -0.0028554496733236676 0.04503551330084397
-901.2055778752547 8.308548097523225 -0.0028859983062305226 0.044822964987199516
-891.51519531745 8.317157858760208 -0.002915980133130919 0.04461244536612378
-881.8248127596453 8.325641772457509 -0.002945405879359784 0.044403925253241515
-872.1344302018406 8.334000337943342 -0.00297428603234375 0.04419737602446358
-862.4440476441523 8.342234189224987 -0.003002630847800264 0.043992769602563424
-852.7536650863476 8.350344082400037 -0.0030304503557512996 0.04379007844412614
-843.0632825285429 8.358330883901202 -0.003057754366353115 0.043589275526894254
-833.3728999707382 8.36619555953896 -0.003084552475554752 0.04339033433744881
-823.6825174129335 8.373939164302037 -0.0031108540705864214 0.04319322885925065
-813.9921348551288 8.381562832877343 -0.0031366683352854023 0.04299793356101563
-804.3017522973241 8.389067770850524 -0.003162004255264638 0.042804423385415485
-794.6113697395194 8.396455246548939 -0.0031868706229293427 0.04261267373809346
-784.9209871817147 8.403726583489755 -0.0032112760423467644 0.042422660476984626
-775.23060462391 8.410883153396961 -0.0032352289339737886 0.04223435990193119
-765.5402220661053 8.417926369752358 -0.003258737539247483 0.042047748744583065
-755.8498395083006 8.424857681847005 -0.003281809925042745 0.04186280415857474
-746.159456950496 8.431678569301011 -0.003304453988001618 0.04167950370996971
-736.4690743926913 8.43839053702114 -0.0033266774587385637 0.041497825367963835
-726.7786918348866 8.444995110567142 -0.0033484879059254937 0.04131774749583961
-717.0883092770819 8.451493831899324 -0.003369892740260785 0.041139248842163426
-707.3979267192772 8.45788825548129 -0.003390899218325699 0.04096230853221811
-697.7075441614725 8.464179944713363 -0.0034115144463321145 0.04078690605966378
-688.0171616036678 8.47037046867347 -0.0034317453837650522 0.04061302127841937
-678.3267790459795 8.476461399143771 -0.003451598846922791 0.04044063439476076
-668.6363964881748 8.482454307902977 -0.0034710815123597688 0.040269725959615976
-658.9460139303701 8.488350764264146 -0.0034901999202313332 0.04010027686108239
-649.2556313725654 8.49415233284149 -0.0035089604775485825 0.039932268317118526
-639.5652488147607 8.499860571528306 -0.0035273694613421436 0.03976568186843524
-629.874866256956 8.505477029670788 -0.0035454330217395726 0.0396004993715686
-620.1844836991513 8.51100324642299 -0.003563157184958603 0.03943670299213055
-610.4941011413466 8.516440749269304 -0.0035805478562189836 0.0392742751982326
-600.8037185835419 8.521791052701666 -0.0035976108225752616 0.03911319875407678
-591.1133360257372 8.527055657039636 -0.0036143517556730155 0.03895345671370939
-581.4229534679325 8.532236047382304 -0.003630776214431204 0.03879503241493245
-571.7325709101278 8.537333692681692 -0.0036468896476522824 0.03863790947336838
-562.0421883523231 8.542350044928126 -0.0036626973965628072 0.0384820717766733
-552.3518057945184 8.547286538438636 -0.003678204697286405 0.038327503478894805
-542.6614232367137 8.552144589240145 -0.003693416683251285 0.038174188994969736
-532.971040678909 8.55692559453975 -0.003708338387534065 0.03802211299535811
-523.2806581211044 8.561630932274976 -0.0037229747451420136 0.03787126040080939
-513.5902755632997 8.566261960737373 -0.003737330595235474 0.03772161637725692
-503.89989300549496 8.570820018263344 -0.003751410683292322 0.03757316633083725
-494.2095104478067 8.575306422986445 -0.003765219663215815 0.037425895903032434
-484.519127890002 8.579722472646218 -0.003778762099388808 0.03727979096592115
-474.8287453321973 8.584069444447845 -0.0037920424686730832 0.03713483761756202
-465.1383627743926 8.588348594969226 -0.0038050651623590713 0.03699102217747044
-455.4479802165879 8.592561160110447 -0.004343031953163044 0.03697527165390825
-445.7575976587832 8.596708355082095 -0.004351688731653435 0.03683275806600375
-436.0672151009785 8.600791374428807 -0.00436015693786176 0.03669135626784445
-426.3768325431738 8.604811392084736 -0.0043684394121734195 0.03655105312513866
-416.6864499853691 8.608769561457859 -0.004376538953753971 0.03641183571257448
-406.9960674275644 8.612667015540334 -0.004384458320957017 0.036273691309604034
-397.3056848697597 8.616504867042263 -0.004392200231743771 0.036136607396331955
-387.615302311955 8.620284208546508 -0.004399767364113197 0.03600057164950544
-377.9249197541503 8.624006112682267 -0.0044071623565410546 0.03586557193860223
-368.2345371963456 8.627671632315453 -0.004414387808426667 0.03573159632201417
-358.54415463854093 8.631281800753925 -0.004421446280546486 0.035598633043323225
-348.85377208073623 8.63483763196586 -0.004428340295513044 0.03546667052766739
-339.16338952293154 8.638340120809698 -0.0044350723382387295 0.0353356973781937
-329.47300696512684 8.641790243274132 -0.004441644856402971 0.03520570237259618
-319.78262440732215 8.645188956726876 -0.004448060260922526 0.03507667445973592
-310.09224184963387 8.648537200170855 -0.004454320926423685 0.03494860275634261
-300.40185929182917 8.651835894506972 -0.004460429191716209 0.034821476543786166
-290.7114767340245 8.65508594280181 -0.004466387360267236 0.03469528526493916
-281.0210941762198 8.658288230560082 -0.0044721977006763215 0.034570018521097215
-271.3307116184151 8.661443626000406 -0.004477862447149367 0.03444566606897839
-261.6403290606104 8.66455298033381 -0.004483383799971863 0.03432221781779039
-251.9499465028057 8.66761712804421 -0.004488763925980862 0.034199663826365176
-242.259563945001 8.670636887170222 -0.004494004959034991 0.034077994300359224
-232.5691813871963 8.673613059587677 -0.01165086583555805 0.03714282964821321
-222.8787988293916 8.676546431292296 -0.011603249273825025 0.03699947683466095
-213.1884162715869 8.67943777268205 -0.011556267490575154 0.03685732190002185
-203.4980337137822 8.682287838838722 -0.011509905804318092 0.03671634817707323
-193.8076511559775 8.685097369808288 -0.011464149983122207 0.03657653934624918
-184.1172685981728 8.687867090879754 -0.0114189862279165 0.03643787942555898
-174.42688604036812 8.690597712862084 -0.011374401156518114 0.03630035276088481
-164.73650348256342 8.693289932358978 -0.011330381788349874 0.03616394401664118
-155.04612092475872 8.695944432041179 -0.011286915529813438 0.036028638166779786
-145.35573836695403 8.698561880916113 -0.011243990160285752 0.03589442048612393
-135.66535580914933 8.701142934594651 -0.01120159381870866 0.03576127654201765
-125.97497325134464 8.703688235554765 -0.011159714990742621 0.03562919218627603
-116.28459069365636 8.706198413401951 -0.011118342496457965 0.035498153547424326
-106.59420813585166 8.708674085126413 -0.011077465478534993 0.03536814702320426
-96.90382557804696 8.71111585535645 -0.011037073390956019 0.03523915927335911
-87.21344302024227 8.713524316608531 -0.010997155988156402 0.03511117721265463
-77.52306046243757 8.715900049533548 -0.010957703314620267 0.03498418800414877
-67.83267790463287 8.718243623159315 -0.010918705694897148 0.034858179052690466
-58.14229534682818 8.720555595129248 -0.01088015372402076 0.034733137998639425
-48.45191278902348 8.72283651193717 -0.010842038258311131 0.034609052711797525
-38.761530231218785 8.725086909158208 -0.010804350406542578 0.03448591128554339
-29.07114767341409 8.727307311675748 -0.020429041400309874 0.034363702031161195
-19.380765115609393 8.729498233904433 -0.020321214187736775 0.03424241347235651
-9.690382557804696 8.7316601800092 -0.020214824304171618 0.0341220343399509
0.0 1.601260535453231 0.01230000007309668 0.16326688069892004
9.690382557804696 2.096554291960919 0.012163914161749105 0.16219229469053026
19.380765115609393 2.426427500815053 0.0120299990082904 0.16113262204431317
29.07114767341409 2.689048835145183 0.011898205617372593 0.16008754538118303
38.761530231218785 2.9120625553753774 0.011768486447476016 0.15905675638659156
48.45191278902348 3.1080393450135304 0.011640795357381363 0.15803995548717165
58.14229534682818 3.2839781819887186 0.011515087554988555 0.1570368515411662
67.83267790451646 3.444260786296243 0.011391319548364934 0.1560471615419723
77.52306046232115 3.5918514628794203 0.01126944909890168 0.1550706103340857
87.21344302012585 3.7288697275734553 0.011149435176494867 0.1541069303410169
96.90382557793055 3.856895425537341 0.011031237916621701 0.15315586130436565
106.59420813573524 3.977144971664613 0.01091481857924019 0.15221715003369185
116.28459069353994 4.0905796506734 0.010800139509414313 0.151290550166597
125.97497325134464 4.197975519230116 0.010687164099581897 0.1503758219385447
135.66535580914933 4.299970365918369 0.010575856753386577 0.14947273196195976
145.35573836695403 4.397096325295696 0.010466182850998151 0.14858105301417313
155.04612092475872 4.4898031738755835 0.010358108715850568 0.1477005638338007
164.73650348256342 4.578475375473565 0.010251601582730786 0.14683104892516702
174.42688604036812 4.663444815771209 0.010146629567154484 0.1459722983704041
184.1172685981728 4.745000491454305 0.010043161635968863 0.14512410764887682
193.8076511559775 4.8233960018977715 0.009941167579125654 0.14428627746360195
203.4980337137822 4.898855425322004 0.009840617982569865 0.14345861357434742
213.1884162715869 4.971577987272107 0.009741484202193958 0.14264092663711223
222.8787988293916 5.041741812700002 0.009643738338808338 0.14183303204970454
232.5691813871963 5.109506973225395 0.009547353214082288 0.14103474980314828
242.259563945001 5.189933041209809 0.009452302347412293 0.14024590433866324
251.94994650268927 5.3696804115102275 0.00935855993367661 0.1394663244099847
261.64032906049397 5.5335610065702365 0.009266100821830728 0.13869584295073595
271.33071161829866 5.683883050060893 0.009174900494323165 0.13793429694677511
281.02109417610336 5.8224684160044715 0.009084935047273281 0.13718152731311892
290.71147673390806 5.950785349871164 0.008996181171394838 0.13643737877538706
300.40185929171275 6.070037706361976 0.008908616133626111 0.13570169975552115
310.09224184951745 6.181227010059896 0.008822217759437381 0.13497434226160743
319.78262440732215 6.285196859127341 0.008736964415787057 0.1342551617816328
329.47300696512684 6.382665475005574 0.008652834994698325 0.13354401718101042
339.16338952293154 6.474250067129386 0.008569808897430847 0.13284077060371957
348.85377208073623 6.560485406680581 0.008487866019221763 0.13214528737691186
358.54415463854093 6.64183821487093 0.008406986734572956 0.1314574359188419
368.2345371963456 6.718718468656389 0.008327151883061237 0.13077708764998858
377.9249197541503 6.791488397838949 0.008248342755650357 0.1301041169072378
387.615302311955 6.860469727089425 0.008170541081484128 0.12943840086100422
397.3056848697597 6.925949565581325 0.008093729015141011 0.12877981943517533
406.9960674275644 6.988185241727848 0.00801788912433133 0.12812825522976534
416.6864499853691 7.047408305883765 0.007943004378019536 0.12748359344617338
426.3768325431738 7.103827870100192 0.007869058134954438 0.12684572181494275
436.0672151008621 7.157633414720868 0.007796034132591747 0.1262145305259326
445.7575976586668 7.208997162517127 0.00772391647638845 0.12558991216076265
455.4479802164715 7.258076099244673 0.0076526896294672915 0.12497176162755645
465.1383627742762 7.305013703012187 0.007582338402619505 0.12435997609774563
474.82874533208087 7.349941432188839 0.00751284794464575 0.12375445494496828
484.51912788988557 7.392980011825288 0.007444203733016557 0.12315509968593773
494.20951044769026 7.434240550945544 0.007376391564841312 0.12256181392321494
503.89989300549496 7.473825517084808 0.0073093975481338495 0.12197450328981324
513.5902755632997 7.511829589709919 0.007243208093362905 0.12139307539556705
523.2806581211044 7.548340410378944 0.007177809905277176 0.12081743977519936
532.971040678909 7.583439244460383 0.007113189974994584 0.12024750783802542
542.6614232367137 7.61720156677827 0.007049335572345251 0.11968319281923226
552.3518057945184 7.649697581553797 0.006986234238459597 0.11912440973267735
562.0421883523231 7.680992685381836 0.0069238737785916465 0.11857107532515032
571.7325709101278 7.7111478806386184 0.00686224225516955 0.11802310803204599
581.4229534679325 7.740220145607656 0.0068013279810642206 0.11748042793439709
591.1133360257372 7.768262766689751 0.006741119513069094 0.11694295671721867
600.8037185835419 7.795325637294416 0.006681605645582338 0.11641061762911778
610.4941011413466 7.821455527365944 0.006622775404484853 0.11588333544312303
620.1844836990349 7.846696326955172 0.006564618041207476 0.11536103641869788
629.8748662568396 7.871089266792193 0.006507123026976494 0.11484364826485884
639.5652488146443 7.894673118420681 0.006450280047241505 0.11433110010445306
649.255631372449 7.9174843761346185 0.006394078996265349 0.11382332243943157
658.9460139302537 7.93955742266531 0.006338509971880681 0.11332024711717607
668.6363964880584 7.9609246803311375 0.006283563270403395 0.11282180729780697
678.3267790458631 7.981616749152424 0.006229229381697843 0.11232793742244424
688.0171616036678 8.001662533254795 0.006175498984388796 0.11183857318238957
697.7075441614725 8.021089356729423 0.00612236294121505 0.11135365148919876
707.3979267192772 8.039923069984019 0.006069812294519649 0.11087311044561343
717.0883092770819 8.058188147501557 0.006017838261872358 0.11039688931732458
726.7786918348866 8.075907777821783 0.0059664322318193855 0.10992492850553942
736.4690743926913 8.093103946471404 0.005915585759756682 0.10945716952032494
746.159456950496 8.109797512490886 0.005865290563922139 0.10899355495470317
755.8498395083006 8.126008279137164 0.005815538521502909 0.10853402845947277
765.5402220661053 8.141755059281282 0.005766321664854005 0.10807853471873345
775.23060462391 8.157055735966747 0.005717632177824375 0.10762701942609088
784.9209871817147 8.171927318547358 0.005669462392187111 0.10717942926151898
794.6113697395194 8.18638599478165 0.005621804784170098 0.10673571186885951
804.3017522972077 8.200447179223882 0.005574651971084595 0.10629581583394326
813.9921348550124 8.214125558219934 0.0055279967080449945 0.10585969066328131
823.6825174128171 8.22743513178358 0.005481831884785415 0.10542728676338736
833.3728999706218 8.240389252608463 0.005436150522558671 0.1049985554206063
843.0632825284265 8.253000662441814 0.0053909457711233885 0.1045734487815112
852.7536650862312 8.265281526028643 0.005346210905813019 0.10415191983382033
862.4440476440359 8.277243462815232 0.005301939324684882 0.10373392238782199
872.1344302018406 8.288897576584064 0.00525812454574655 0.10331941105829277
881.8248127596453 8.300254483177259 0.0052147602042571396 0.10290834124689308
891.51519531745 8.311324336451918 0.005171840050101248 0.10250066912502531
901.2055778752547 8.322116852598507 0.005129357945233143 0.10209635161714099
910.8959604330594 8.332641332942341 0.005087307861189161 0.10169534638448272
920.5863429908641 8.342906685338118 0.00504568387666603 0.10129761180924773
930.2767255486688 8.352921444258474 0.005004480175163138 0.10090310697916086
939.9671081064735 8.362693789669153 0.004963691042687096 0.10051179167244365
949.6574906642782 8.372231564776046 0.004923310865515909 0.10012362634316872
959.3478732220829 8.381542292722411 0.004883334128021933 0.09973857210698735
969.0382557798875 8.390633192308519 0.004843755410551064 0.09935659072721902
978.7286383376922 8.399511192800212 0.00480456938735673 0.0989776446012928
988.4190208954969 8.408182947887818 0.004765770824587193 0.09860169674752978
998.1094034531852 8.416654848852 0.004727354578324742 0.09822871079226095
