-1007.7997860109899 11.176618000285464 -0.012819600844585546 0.008132159445371344
-998.1094034531852 11.177304010285637 -0.012734057674605096 0.008103142618062439
-988.4190208953805 11.177980900411514 -0.012649893356352769 0.008074333997528783
-978.7286383375758 11.17864842393367 -0.012567071082743055 0.008045731291455215
-969.0382557798875 11.179306336300344 -0.012583321480445941 0.00801733224358122
-959.3478732220829 11.179954398079994 -0.012501756312044105 0.007989134632860924
-949.6574906642782 11.180592377879016 -0.012421465962558442 0.00796113627265763
-939.9671081064735 11.181220055171954 -0.012342417312804195 0.007933335009964293
-930.2767255486688 11.181837222983216 -0.012264578443895512 0.007905728724653444
-920.5863429908641 11.182422406603074 -0.012187918581829927 0.007878315328752845
-910.8959604330594 11.182978383208603 -0.012168675567091596 0.007851092765745976
-901.2055778752547 11.183515772932955 -0.012093523272345507 0.007824059009895868
-891.51519531745 11.18403415144886 -0.012019484409443901 0.007797212065591195
-881.8248127596453 11.184533215521412 -0.011946531481928263 0.007770549966713419
-872.1344302018406 11.18501278486911 -0.01200684434951526 0.007744070776023998
-862.4440476440359 11.185472800542032 -0.01193418573767917 0.007717772584570622
-852.7536650862312 11.185913320316622 -0.011862584413528556 0.007691653511111606
-843.0632825284265 11.186334511707862 -0.01179201452675565 0.0076657117015576145
-833.3728999706218 11.18673664323243 -0.011722451123900766 0.007639945328429857
-823.6825174128171 11.187120074531212 -0.011653870107912613 0.007614352590334075
-813.9921348550124 11.187485245890981 -0.01158624819996761 0.007588931711449605
-804.3017522972077 11.187832667612097 -0.011519562903396369 0.007563680941032864
-794.611369739403 11.188162909567126 -0.011453792469577615 0.007538598552934648
-784.9209871817147 11.188476591197986 -0.011388915865671239 0.007513682845130986
-775.23060462391 11.188774372114645 -0.011324912744066998 0.007488932139265171
-765.5402220661053 11.189056943390545 -0.011261763413450577 0.007464344780205022
-755.8498395083006 11.189325019599444 -0.011199448811369724 0.007439919135608819
-746.159456950496 11.18957933160305 -0.011491964278724497 0.007453646017718898
-736.4690743926913 11.189820620075817 -0.011426446881155615 0.007429021989765139
-726.7786918348866 11.190049629739246 -0.011361839896731047 0.007404568793809054
-717.0883092770819 11.19026710426982 -0.011298121390343535 0.00738028433285627
-707.3979267192772 11.19047378184038 -0.01123527020700002 0.007356166559552461
-697.7075441614725 11.190670391252457 -0.011173265934335716 0.00733221347395028
-688.0171616036678 11.19085764861603 -0.011112088867429768 0.007308423121427612
-678.3267790458631 11.191036254532937 -0.011051719975749375 0.007284793590744387
-668.6363964880584 11.191206891740535 -0.010992140872064559 0.007261323012226231
-658.9460139302537 11.191370223172987 -0.010933333783189855 0.0072380095560646285
-649.255631372449 11.191526890398938 -0.01087528152242134 0.007214851430724044
-639.5652488146443 11.19167751239616 -0.010817967463548806 0.007191846881447462
-629.8748662568396 11.19182268462592 -0.01076137551633292 0.007168994188852604
-620.1844836990349 11.191962978372294 -0.010705490103346356 0.007146291667611732
-610.4941011412302 11.192098940314343 -0.010650296138086122 0.007123737665208629
-600.8037185834255 11.192231092301775 -0.010595779004271765 0.007101330560766942
-591.1133360257372 11.192359931307276 -0.010541924536251636 0.00707906876394484
-581.4229534679325 11.192485929531491 -0.010488719000440936 0.007056950713889463
-571.7325709101278 11.192609534638772 -0.010436149077734493 0.007034974878250863
-562.0421883523231 11.192731170104304 -0.01038420184681968 0.007013139752245898
-552.3518057945184 11.192851235655082 -0.010332864768342194 0.006991443857772464
-542.6614232367137 11.192970107789199 -0.010282125669868036 0.006969885742569054
-532.971040678909 11.193088140359574 -0.010231972731593474 0.006948463979416757
-523.2806581211044 11.193205665209781 -0.010182394472757624 0.0069271771653808415
-513.5902755632997 11.193322992851058 -0.010133379738715627 0.0069060239210893114
-503.89989300549496 11.193440413170963 -0.010084917688633314 0.0068850028900459695
-494.20951044769026 11.19355819616501 -0.010036997783766943 0.006864112737975777
-484.51912788988557 11.193676592684117 -0.010982280621925236 0.007067639187883778
-474.82874533208087 11.193795835191187 -0.011373262635731414 0.0071101954277233955
-465.1383627742762 11.19391613852139 -0.011307585116869048 0.00708581006960739
-455.4479802164715 11.194037700641198 -0.011242925500057744 0.007061653808247222
-445.7575976586668 11.19416070340214 -0.011200183207257327 0.007038343073825101
-436.0672151008621 11.194285313285707 -0.011137187742125675 0.007014620867178325
-426.3768325430574 11.194411682136451 -0.011075133087156208 0.006991112740741734
-416.6864499852527 11.194539947880873 -0.011013993098526435 0.006967814028753405
-406.9960674275644 11.19467023522996 -0.010953742733853817 0.00694472025721861
-397.3056848697597 11.194802656363867 -0.010907877406985152 0.0069221635921366265
-387.615302311955 11.194937311597247 -0.01084915240779654 0.0068994624408282215
-377.9249197541503 11.19507429002439 -0.01081405518662808 0.006877590136359209
-368.2345371963456 11.195213670143298 -0.010756650199926164 0.006855261904145799
-358.54415463854093 11.195355520458223 -0.010700036908209292 0.006833119097803116
-348.85377208073623 11.195499900060291 -0.01064419521413984 0.006811158171736166
-339.16338952293154 11.195646859186079 -0.010589105793214981 0.006789375709322942
-329.47300696512684 11.195796439754139 -0.01053475005394617 0.006767768416105716
-319.78262440732215 11.195948675879526 -0.010481110100586182 0.006746333113430735
-310.09224184951745 11.196103594366576 -0.0104318879664988 0.006725211251991331
-300.40185929171275 11.196261215180268 -0.01037957770473734 0.006704108854233905
-290.71147673390806 11.196421551896504 -0.01032949170255939 0.00668320118605103
-281.02109417610336 11.196584612131755 -0.010278479309400334 0.0066624218740511726
-271.33071161829866 11.196750397952624 -0.010256275521405369 0.006642714467087097
-261.64032906049397 11.196918906265742 -0.010206142819762046 0.006622235601023129
-251.94994650268927 11.197090129188746 -0.010165825658991027 0.006602104876228135
-242.25956394488458 11.197264054402742 -0.010116793306401278 0.006581926749581782
-232.56918138707988 11.19744066548696 -0.010068356120388498 0.006561896775688708
-222.8787988293916 11.197619942236232 -0.010020501005069644 0.006542012645094327
-213.1884162715869 11.19780186096188 -0.009973215301288873 0.006522272116553183
-203.4980337137822 11.197986394776628 -0.009926486766944975 0.0065026730139921135
-193.8076511559775 11.198173513864235 -0.009880303558425447 0.006483213223644061
-184.1172685981728 11.198363185734358 -0.009834654213080602 0.006463890691344513
-174.42688604036812 11.198555375463378 -0.009789527632665022 0.0064447034199782505
-164.73650348256342 11.198750045921724 -0.0097449130676828 0.006425649467066843
-155.04612092475872 11.198947157988218 -0.009700800102577616 0.006406726942487543
-145.35573836695403 11.199146670752206 -0.009657178641713022 0.006387934006315195
-135.66535580914933 11.199348541703817 -0.00961403889609243 0.0063692688667792005
-125.97497325134464 11.199552726913033 -0.00957137137077205 0.006350729778328271
-116.28459069353994 11.199759181198068 -0.00955456269738558 0.006333210291991505
-106.59420813573524 11.199967858283518 -0.009512469529991551 0.00631490616349781
-96.90382557793055 11.200178710948824 -0.009470830872679721 0.006296723430608897
-87.21344302012585 11.200391691167518 -0.00942963793347319 0.006278660502543849
-77.52306046232115 11.200606750237652 -0.009388882179160197 0.006260715827118763
-67.83267790451646 11.200823838903936 -0.00934855532486134 0.0062428878892895785
-58.14229534671176 11.20104290747191 -0.009127731977893646 0.006249803123554537
-48.451912788907066 11.201263905914633 -0.010202866304972424 0.00623207367889159
-38.761530231218785 11.20148678397218 -0.010151144727963227 0.00621425904523942
-29.07114767341409 11.201711491244465 -0.010100158537696306 0.006196564109886801
-19.380765115609393 11.20193797727753 -0.010395327485670673 0.0074186781435489095
-9.690382557804696 11.202166191643833 -0.010356371894106558 0.007384700907592987
0.0 8.470443461440858 -0.06144609565715252 0.039891874946346356
9.690382557804696 8.787947996312086 -0.06069381976238703 0.039413712598219235
19.380765115609393 8.95868643660196 -0.059961176513953496 0.038948083568066
29.07114767341409 9.084492136110889 -0.059247391144389525 0.03849449091911224
38.761530231218785 9.186040530246068 -0.058551729382396674 0.038052463757685985
48.45191278902348 9.271895045662907 -0.057873494835135646 0.037621555547523625
58.14229534682818 9.346577992702107 -0.0572120265711742 0.03720134255337236
67.83267790463287 9.412818038306375 -0.05656669688636097 0.03679142240246381
77.52306046243757 9.472408894412556 -0.055936909236668726 0.03639141275357256
87.21344302024227 9.526602784074578 -0.055322096323619986 0.03600095006438706
96.90382557804696 9.576313903685532 -0.0547217183193092 0.035619688448822455
106.59420813585166 9.622233201756591 -0.054135261219283096 0.03524729861670949
116.28459069365636 9.664897541961494 -0.05356223531265654 0.034883466889012976
125.97497325146105 9.70473359457647 -0.05300217375983736 0.03452789428237527
135.66535580926575 9.742086880879036 -0.05245463126912789 0.03418029565735676
145.35573836695403 9.77724167010868 -0.05191918286427709 0.0338403989252649
155.04612092475872 9.810435014672006 -0.051572988803622224 0.03351912492537789
164.73650348256342 9.841866902803638 -0.05105810843854881 0.03319371184164182
174.42688604036812 9.871707765801542 -0.0505542231346229 0.032875259641744974
184.1172685981728 9.90010413776105 -0.05006097583973449 0.03256354136243011
193.8076511559775 9.927182996570423 -0.0495780249238162 0.03225833986368234
203.4980337137822 9.953055144920048 -0.04910504335232368 0.03195944730211718
213.1884162715869 9.97781787988048 -0.04864171791239545 0.03166666463790311
222.8787988293916 10.00155712654968 -0.04818774848781215 0.031379801172752665
232.5691813871963 10.024349161873975 -0.04774284737919805 0.031098674116721608
242.259563945001 10.046262020756426 -0.047306738666202476 0.03082310818174146
251.9499465028057 10.067356652799816 -0.04687915760866349 0.030552935199979966
261.6403290606104 10.087687881161946 -0.04662655437604839 0.03029695267450788
271.3307116184151 10.10730520285026 -0.04621302354572318 0.030036966736577075
281.0210941762198 10.12625346090054 -0.04582432255657227 0.02978272745004429
290.7114767340245 10.14457341229194 -0.04542604294533578 0.029532449041420376
300.40185929182917 10.162302210481213 -0.04503517810965519 0.029286821000817
310.09224184963387 10.179473817634598 -0.044651517296481855 0.02904571092710979
319.78262440743856 10.196119358680681 -0.044274857747656854 0.02880899143854083
329.47300696524326 10.212267426982335 -0.04390500432244858 0.02857653993655755
339.16338952293154 10.227944349576937 -0.04354176914135218 0.028348238382874178
348.85377208073623 10.243174418454453 -0.043184971249738184 0.028123973088883755
358.54415463854093 10.257980093147381 -0.04283443630012927 0.02790363451666861
368.2345371963456 10.272382179762742 -0.04248999625182792 0.027687117090819263
377.9249197541503 10.291099582071801 -0.042151489086856384 0.027474319020420197
387.615302311955 10.31077958244514 -0.04181875854115808 0.027265142130552714
397.3056848697597 10.329737846774034 -0.041491653850113656 0.027059491702728266
406.9960674275644 10.348020535424224 -0.04117002950748804 0.026857276323704972
416.6864499853691 10.36566951591452 -0.04085374503698596 0.0266584077421775
426.3768325431738 10.382722877611835 -0.04054266477565194 0.02646280073286603
436.0672151009785 10.399215372438075 -0.040236657668401926 0.026270372967562135
445.7575976587832 10.415178793633709 -0.03993559707302377 0.026081044892719486
455.4479802165879 10.430642302482324 -0.03963936057502731 0.025894739613204983
465.1383627743926 10.445632711181844 -0.03934782981176788 0.025711382781851345
474.8287453321973 10.46017472864592 -0.03906089030530379 0.02553090249447616
484.519127890002 10.474291174865076 -0.038778431303485225 0.025353229190054154
494.2095104478067 10.488003168504646 -0.03850034562880429 0.02517829555574967
503.8998930056114 10.501330291632035 -0.03822652953456645 0.025006036436535768
513.5902755634161 10.51429073482174 -0.03795688256797207 0.02483638874914301
523.2806581211044 10.526901425359794 -0.03769130743972605 0.02466929140010004
532.971040678909 10.53917814084085 -0.03742970989979599 0.02450468520762888
542.6614232367137 10.551135610096994 -0.03717199861902827 0.024342512827213766
552.3518057945184 10.562787603115078 -0.03691808507624149 0.024182718680605567
562.0421883523231 10.574147011356292 -0.03666788345054768 0.024025248888106112
571.7325709101278 10.585225919696578 -0.03642131051860303 0.023870051203945957
581.4229534679325 10.596035671037866 -0.03617828555652896 0.023717074954593447
591.1133360257372 10.606586924497693 -0.03593873024625748 0.023566270979841444
600.8037185835419 10.616889707961784 -0.035702568586069024 0.023417591576526453
610.4941011413466 10.626953465677948 -0.035469726805105135 0.02327099044474403
620.1844836991513 10.636787101477404 -0.03524013328165087 0.023126422636432203
629.874866256956 10.646399018129504 -0.03501371846499424 0.02298384450620206
639.5652488147607 10.655797153266347 -0.03479041480068083 0.022843213664301684
649.2556313725654 10.664989012253887 -0.03457015665899223 0.022704488931606162
658.9460139303701 10.673981698334565 -0.03435288026648722 0.022567630296532602
668.6363964881748 10.682781940322336 -0.034138523640453236 0.022432598873784553
678.3267790459795 10.6913961180935 -0.033927026526124525 0.022299356864836042
688.0171616037842 10.699830286084854 -0.033718330336531495 0.02216786752007002
697.7075441615889 10.708090194983791 -0.03351237809485324 0.02203809510249093
707.3979267192772 10.71618131177218 -0.03330911437915464 0.021910004852937155
717.0883092770819 10.72410883826743 -0.03310848526937923 0.021783562956712386
726.7786918348866 10.731877728285928 -0.03291043829652631 0.021658736511590983
736.4690743926913 10.739492703543858 -0.03271492239386136 0.02153549349710269
746.159456950496 10.746958268395312 -0.03252188785009947 0.021413802745058778
755.8498395083006 10.754278723499826 -0.03233128626445584 0.021293633911253145
765.5402220661053 10.76145817850225 -0.03214307050347906 0.02117495744828517
775.23060462391 10.768500563800512 -0.03195719465958482 0.02105774457945313
784.9209871817147 10.775409641470421 -0.031773614011212585 0.02094196727366888
794.6113697395194 10.782189015410957 -0.03159228498453124 0.02082759822134774
804.3017522973241 10.788842140768342 -0.031413165116623856 0.02071461081122947
813.9921348551288 10.79537233269269 -0.031236213020085127 0.02060297910808869
823.6825174129335 10.80178277447694 -0.03106138834896868 0.020492677831295096
833.3728999707382 10.80807652512388 -0.030888651766024254 0.020383682334185985
843.0632825285429 10.814256526383847 -0.030717964911168134 0.020275968584215223
852.7536650863476 10.820325609302332 -0.030549290371132888 0.02016951314384494
862.4440476441523 10.826286500314 -0.030382591650245136 0.020064293152147535
872.134430201957 10.83214182691679 -0.03021783314228262 0.019960286307087512
881.8248127597617 10.837894122957321 -0.030054980103364305 0.01985747084845378
891.51519531745 10.843545833556572 -0.029893998625831367 0.019755825541416253
901.2055778752547 10.849099319702901 -0.029734855613065523 0.01965532966067264
910.8959604330594 10.854556862536255 -0.02957751875523387 0.019555962975179024
920.5863429908641 10.85992066734787 -0.02942195650588344 0.019457705733415542
930.2767255486688 10.865192867315617 -0.029268138059378505 0.01936053864918299
939.9671081064735 10.87037552699512 -0.029116033329134355 0.019264442887901207
949.6574906642782 10.87547064558458 -0.02896561292661676 0.01916940005338974
959.3478732220829 10.880480159980241 -0.02881684814107586 0.019075392175111158
969.0382557798875 10.885405947637844 -0.02866971091998443 0.018982401695858266
978.7286383376922 10.890249829254481 -0.028524173850152313 0.018890411459867102
988.4190208954969 10.895013571283988 -0.028380210139489635 0.018799404701338833
998.1094034533016 10.899698888298152 -0.028237793599393032 0.018709365033354068
