-1007.7997860109899 8.981855752170848 -0.00022560714454078568 5.643632079960041e-08
-998.1094034531852 8.981855752170848 -0.000224422298042402 5.609711885203733e-08
-988.4190208953805 8.981855752170848 -0.00022325119637417034 5.576196998753873e-08
-978.7286383375758 8.981855752170848 -0.0002220935852993644 5.54308019932526e-08
-969.0382557797711 8.981855752170848 -0.00022094921707244003 5.510354436101799e-08
-959.3478732219664 8.981855752170848 -0.00021981785022781364 5.478012823825068e-08
-949.6574906642782 8.981855752170848 -0.00023431817187983536 5.4460486379479325e-08
-939.9671081064735 8.981855752170848 -0.0002330972552521779 5.414455309939951e-08
-930.2767255486688 8.981855752170848 -0.00023189032808082315 5.3832264228313026e-08
-920.5863429908641 8.981855752170848 -0.00023069713561492126 5.352355706832613e-08
-910.8959604330594 8.981855752170848 -0.00022951742949424132 5.321837035171615e-08
-901.2055778752547 8.981855752170848 -0.00022835096754511124 5.291664420016551e-08
-891.51519531745 8.981855752170848 -0.00023471769002380408 5.2618320085296745e-08
-881.8248127596453 8.981855752170848 -0.00023352165074702952 5.2323340791701235e-08
-872.1344302018406 8.981855752170848 -0.00023233897351324962 5.203165037953421e-08
-862.4440476440359 8.981855752170848 -0.00023116942139472855 5.174319414949502e-08
-852.7536650862312 8.981855752170848 -0.0002443382853702161 5.145791860845794e-08
-843.0632825284265 8.981855752170848 -0.0002430885964551396 5.117577143683768e-08
-833.3728999706218 8.981855752170848 -0.00024185290422557723 5.089670145584646e-08
-823.6825174128171 8.981855752170848 -0.00024063096006808393 5.062065859767848e-08
-813.9921348550124 8.981855752170848 -0.00023942252144987553 5.03475938738512e-08
-804.3017522972077 8.981855752170848 -0.0002382273517294246 5.007745934799187e-08
-794.611369739403 8.981855752170848 -0.00023704521997421556 4.981020810699774e-08
-784.9209871815983 8.981855752170848 -0.000235875900785341 4.9545794233714184e-08
-775.2306046237936 8.981855752170848 -0.00023471917412863733 4.928417278058858e-08
-765.5402220661053 8.981855752170848 -0.0002335748251720872 4.902529974505892e-08
-755.8498395083006 8.981855752170848 -0.00023244264412913417 4.876913204364137e-08
-746.159456950496 8.981855752170848 -0.00023132242610785793 4.8515627488945196e-08
-736.4690743926913 8.981855752170848 -0.00023021397096548854 4.8264744766362416e-08
-726.7786918348866 8.981855752170848 -0.0002709127982843698 4.801644341124534e-08
-717.0883092770819 8.981855752170848 -0.0002695188793057811 4.777068378733094e-08
-707.3979267192772 8.981855752170848 -0.00026814066798854386 4.752742706581577e-08
-697.7075441614725 8.981855752170848 -0.00026677788327238904 4.728663520491873e-08
-688.0171616036678 8.981855752170848 -0.0002654302510395349 4.7048270929498075e-08
-678.3267790458631 8.981855752170848 -0.0002640975038955986 4.681229771261999e-08
-668.6363964880584 8.981855752170848 -0.00026277938095892314 4.657867975636819e-08
-658.9460139302537 8.981855752170848 -0.000261475627657941 4.6347381974008815e-08
-649.255631372449 8.981855752170848 -0.00026018599553621213 4.611836997188423e-08
-639.5652488146443 8.981855752170848 -0.0002589102420647941 4.5891610033204234e-08
-629.8748662568396 8.981855752170848 -0.00025764813046161956 4.566706910096984e-08
-620.1844836990349 8.981855752170848 -0.00025639942951757324 4.5444714761981326e-08
-610.4941011412302 8.981855752170848 -0.00025516391342897496 4.522451523111728e-08
-600.8037185834255 8.981855752170848 -0.0002539413616361911 4.5006439336372616e-08
-591.1133360256208 8.981855752170848 -0.00025273155866811076 4.479045650438449e-08
-581.4229534678161 8.981855752170848 -0.00025153429399223505 4.45765367455787e-08
-571.7325709101278 8.981855752170848 -0.0002503493618701552 4.436465064072562e-08
-562.0421883523231 8.981855752170848 -0.00024917656121810767 4.415476932727921e-08
-552.3518057945184 8.981855752170848 -0.0002480156954726029 4.394686448614977e-08
-542.6614232367137 8.981855752170848 -0.00024686657246063835 4.3740908329235623e-08
-532.971040678909 8.981855752170848 -0.0002457290042745127 4.35368735870632e-08
-523.2806581211044 8.981855752170848 -0.000244602807150971 4.333473349642713e-08
-513.5902755632997 8.981855752170848 -0.00024348780135451573 4.313446178873508e-08
-503.89989300549496 8.981855752170848 -0.0002423838110647156 4.2936032679219936e-08
-494.20951044769026 8.981855752170848 -0.00024129066426735061 4.273942085479673e-08
-484.51912788988557 8.981855752170848 -0.00024020819264923958 4.254460146452168e-08
-474.82874533208087 8.981855752170848 -0.0002391362314966031 4.2351550107937e-08
-465.1383627742762 8.981855752170848 -0.0002594732506537688 4.216024282590941e-08
-455.4479802164715 8.981855752170848 -0.0002833927013089775 4.197065609022176e-08
-445.7575976586668 8.981855752170848 -0.0002820101218306548 4.1782766793652636e-08
-436.0672151008621 8.981855752170848 -0.0002806424125722679 4.159655224124847e-08
-426.3768325430574 8.981855752170848 -0.0006913550055542267 4.141199014056577e-08
-416.6864499852527 8.981855752170848 -0.0006869779212510172 4.1229058593322734e-08
-406.996067427448 8.981855752170848 -0.0006826594342249058 4.1047736086346175e-08
-397.3056848696433 8.981855752170848 -0.0006783983362987041 4.086800148316895e-08
-387.615302311955 8.981855752170848 -0.0006741934528976794 4.068983401600687e-08
-377.9249197541503 8.981855752170848 -0.004839249816165772 4.0513213277735584e-08
-368.2345371963456 8.981855752170848 -0.004804490015617549 4.0338119213759096e-08
-358.54415463854093 8.981855752170848 -0.005630186798095037 4.016453211507084e-08
-348.85377208073623 8.981855752170848 -0.005590082414992013 3.999243261006797e-08
-339.16338952293154 8.981855752170848 -0.005550550066143828 3.982180165804615e-08
-329.47300696512684 8.981855752170848 -0.005511577551585372 3.9652620541772744e-08
-319.78262440732215 8.981855752170848 -0.00547315301653609 3.948487086060217e-08
-310.09224184951745 8.981855752170848 -0.0054352649392628745 3.93185345242417e-08
-300.40185929171275 8.981855752170848 -0.00539790211945189 3.915359374570418e-08
-290.71147673390806 8.981855752170848 -0.005374159038135887 3.899003103539911e-08
-281.02109417610336 8.981855752170848 -0.00533771746122141 3.8827829194518996e-08
-271.33071161829866 8.981855752170848 -0.005447609242204438 2.4364983387116285e-05
-261.64032906049397 8.981855752170848 -0.005411069728066277 2.4185063215831847e-05
-251.94994650268927 8.981855752170848 -0.005649239241672037 2.4007781569768095e-05
-242.25956394488458 8.981855752170848 -0.005611655770728012 2.3833080820772343e-05
-232.56918138707988 8.981855752170848 -0.007281369539888609 0.00043607892075577263
-222.87879882927518 8.981855752170848 -0.0072322409313569855 0.00043287991134583186
-213.1884162714705 8.981855752170848 -0.0071837762705420395 0.00042972749707357
-203.4980337137822 8.981855752170848 -0.007135962120251352 0.0004266206672425972
-193.8076511559775 8.981855752170848 -0.007088785404810175 0.00042355844017815894
-184.1172685981728 8.981855752170848 -0.007042233397950125 0.00042053986219309746
-174.42688604036812 8.981855752170848 -0.006996293711177391 0.0004175640065973194
-164.73650348256342 8.981855752170848 -0.006950954282606553 0.00041462997274921865
-155.04612092475872 8.981855752170848 -0.006906203366235119 0.00041173688514680546
-145.35573836695403 8.981855752170848 -0.006862029521639118 0.00040888389255659804
-135.66535580914933 8.981855752170848 -0.006818421604070516 0.00040607016717850066
-125.97497325134464 8.981855752170848 -0.006775368754938265 0.00040329490384492973
-116.28459069353994 8.981855752170848 -0.006732860392655722 0.00040055731925257
-106.59420813573524 8.981855752170848 -0.0066908862038380194 0.0003978566512252019
-96.90382557793055 8.981855752170848 -0.006795249059255697 0.0003951921580061592
-87.21344302012585 8.981855752170848 -0.0067532422357030625 0.0003925631175790426
-77.52306046232115 8.981855752170848 -0.006711755792007225 0.0003899688270153537
-67.83267790451646 8.981855752170848 -0.006670780066798517 0.00038740860184784424
-58.14229534671176 8.981855752170848 -0.006630305637380406 0.0003848817754683899
-48.451912788907066 8.981855752170848 -0.006590323312378212 0.00038238769854927396
-38.76153023110237 8.981855752170848 -0.006544959563878292 0.0003800428071604339
-29.071147673297673 8.981855752170848 -0.011245283403001422 0.0024975690398917295
-19.380765115609393 8.981855752170848 -0.011171924937954339 0.0024795832554556536
-9.690382557804696 8.981855752170846 -0.01109953192941036 0.0024618552842911668
0.0 8.981855752170844 -0.011030065432210044 0.0024445808127227676
9.690382557804696 1.377060593236128 -0.07499356649106823 0.09055672913470783
19.380765115609393 1.8160801645600575 -0.07448665327450438 0.08989088629410724
29.07114767341409 2.142519542281814 -0.07395310776514137 0.08923476471963175
38.761530231218785 2.411361364288683 -0.07342718209154714 0.08858815303780729
48.45191278902348 2.643412193604756 -0.072908713695472 0.08795084595956824
58.14229534682818 2.8492585584514742 -0.07239754462038192 0.08732264406287973
67.83267790463287 3.0351722185691745 -0.07189352134948371 0.08670335358461424
77.52306046243757 3.20523857017508 -0.07139649465055331 0.08609278622122549
87.21344302024227 3.3622985875627114 -0.07090631942723624 0.08549075893778929
96.90382557804696 3.5084249082910812 -0.07042285457650654 0.08489709378500401
106.59420813585166 3.6451862189998456 -0.06994596285198859 0.08431161772376651
116.28459069365636 3.7738048266163906 -0.0694755107328622 0.0837341624569601
125.97497325146105 3.895255894999604 -0.06901136829808623 0.08316456426811102
135.66535580926575 4.010332777412587 -0.06855340910569038 0.08260266386658809
145.35573836707044 4.119691626413114 -0.06810151007689837 0.08204830623903858
155.04612092487514 4.223882799557973 -0.06765555138485814 0.08150134050676865
164.73650348256342 4.323373551623399 -0.0672154163477716 0.08096161978879919
174.42688604036812 4.418564802209725 -0.06687377383581077 0.0804290010702976
184.1172685981728 4.509803769479847 -0.0664442628136151 0.07990334507623438
193.8076511559775 4.597393653700912 -0.066020253314004 0.07938451614990046
203.4980337137822 4.6816011730101055 -0.06560164002822234 0.07887238213616056
213.1884162715869 4.762662507732312 -0.06518832032375306 0.0783668142691917
222.8787988293916 4.840788046700464 -0.0647801941596986 0.07786768706451368
232.5691813871963 4.916166218855581 -0.06437716400535709 0.07737487821512086
242.259563945001 4.98896661738803 -0.06397913476185327 0.07688826849153471
251.9499465028057 5.05934257029095 -0.06358601368669096 0.07640774164560594
261.6403290606104 5.127433751209956 -0.06319771032110114 0.07593318431790227
271.3307116184151 5.3021292081394895 -0.06281413642006478 0.07546448594852788
281.0210941762198 5.465722082179848 -0.06257861697943246 0.07500153869122614
290.7114767340245 5.616775473901755 -0.06220319156264001 0.07454423733062626
300.40185929182917 5.756787757391106 -0.06185522300028433 0.0740924792024998
310.09224184963387 5.887001010869811 -0.061488533087997094 0.07364616411690046
319.78262440743856 6.008458604459997 -0.06112617955933739 0.07320519428406606
329.47300696524326 6.122046969444883 -0.06076808574854549 0.07276947424296773
339.16338952304795 6.228526595348617 -0.06041417679025123 0.07233891079239645
348.85377208085265 6.328555494733038 -0.060064379566840985 0.07191341292448253
358.54415463854093 6.422707278098764 -0.05971862265766728 0.07149289176055354
368.2345371963456 6.511485292644581 -0.05937683629000157 0.07107726048920514
377.9249197541503 6.595333834120995 -0.05903895229172119 0.07066643430657034
387.615302311955 6.6746471468659205 -0.05870490404557961 0.07026033035859922
397.3056848697597 6.74977672796044 -0.058374626445057635 0.06985886768534309
406.9960674275644 6.821037313971335 -0.058048055851708476 0.06946196716713328
416.6864499853691 6.888711832052623 -0.0577251300539422 0.06906955147258526
426.3768325431738 6.9530555280597035 -0.057405788227192854 0.06868154500835556
436.0672151009785 7.014299434168028 -0.05708997089541444 0.06829787387058328
445.7575976587832 7.072653301579675 -0.056777619893854284 0.06791846579795087
455.4479802165879 7.128308096397679 -0.0564686783330546 0.06754325012630095
465.1383627743926 7.181438136012016 -0.05616309056403504 0.06717215774474984
474.8287453321973 7.232202927537236 -0.05586080214461134 0.06680512105324041
484.519127890002 7.280748757675204 -0.05556175980680703 0.06644207392147906
494.2095104478067 7.327210073922313 -0.05526591142531678 0.0660829516492052
503.8998930056114 7.37171068962959 -0.05497320598698226 0.06572769092774246
513.5902755634161 7.414364839567606 -0.05468359356124244 0.0653762298027837
523.2806581212208 7.455278107984174 -0.05439702527152241 0.06502850763836429
532.9710406790255 7.494548247402447 -0.054113453267525986 0.06468446508197911
542.6614232367137 7.532265903386165 -0.05383283069840231 0.06434404403080557
552.3518057945184 7.568515258047804 -0.053555111686734505 0.06400718759896758
562.0421883523231 7.603374603059843 -0.05328025130337034 0.06367384008586317
571.7325709101278 7.636916851296051 -0.05300820554299836 0.0633439469454366
581.4229534679325 7.6692099948510455 -0.052738931300492065 0.06301745475642126
591.1133360257372 7.700317516063976 -0.052472386347975075 0.06269431119349421
600.8037185835419 7.730298757224393 -0.052208529312584726 0.06237446499931399
610.4941011413466 7.759209253846933 -0.051947319654909514 0.062057865957410197
620.1844836991513 7.787101035734674 -0.05168871764807676 0.061744464865894806
629.874866256956 7.814022899487529 -0.0514326843574673 0.061434213511966235
639.5652488147607 7.840020655633658 -0.05117918162103592 0.06112706464717848
649.2556313725654 7.865137353154513 -0.050928172030216025 0.06082297196344853
658.9460139303701 7.889413483825985 -0.0506796189113887 0.06052189006977669
668.6363964881748 7.912887168499323 -0.050433486307896534 0.06022377446965505
678.3267790459795 7.935594327188683 -0.05018973896258386 0.05992858153914046
688.0171616037842 7.957568834610303 -0.049948342300845223 0.05963626850556956
697.7075441615889 7.978842662626426 -0.04970926241416517 0.05934679342689366
707.3979267193936 7.999446010880412 -0.04947246604413253 0.05906011517161296
717.0883092771983 8.019407426764534 -0.04923792056691345 0.05877619339928942
726.7786918348866 8.03875391573518 -0.04900559397817064 0.058494988541622765
736.4690743926913 8.057511042881101 -0.04877545487839753 0.05821646178405042
746.159456950496 8.075703026548464 -0.048547472458694556 0.057940575047904064
755.8498395083006 8.093352824749347 -0.04832161648691865 0.05766729097303817
765.5402220661053 8.110482214996955 -0.04809785729423452 0.057396572900964435
775.23060462391 8.127111868149566 -0.04787616576203814 0.057128384858455866
784.9209871817147 8.143261416784886 -0.047656513309243274 0.05686269154160845
794.6113697395194 8.158949518574754 -0.04743887187991945 0.05659945830034582
804.3017522973241 8.17419391508411 -0.04722321393126964 0.05633865112335217
813.9921348551288 8.189011486376996 -0.04700951242193729 0.05608023662342004
823.6825174129335 8.203418301775914 -0.046797740800632 0.05582418202319974
833.3728999707382 8.217429667088195 -0.04658787299506356 0.0555704551413372
843.0632825285429 8.231060168583884 -0.04637988340117506 0.05531902437898844
852.7536650863476 8.244323713983524 -0.04617374687266527 0.055069858706698484
862.4440476441523 8.257233570690854 -0.045969438710791566 0.05482292765163348
872.134430201957 8.269802401484341 -0.045766934654444306 0.05457820128515453
881.8248127597617 8.282042297862633 -0.04556621087048474 0.05433565021072344
891.5151953175664 8.293964811221914 -0.04536724394433787 0.05409524555212912
901.2055778753711 8.30558098202783 -0.045170010870832666 0.05385695894202555
910.8959604330594 8.316901367130678 -0.04497448904528438 0.05362076251077409
920.5863429908641 8.327936065360827 -0.044780656254797664 0.05338662887556411
930.2767255486688 8.33869474152733 -0.04458849066981837 0.05315453112984567
939.9671081064735 8.349186648937007 -0.04439797083588069 0.05292444283300838
949.6574906642782 8.359420650537201 -0.044209075665577996 0.05269633800034172
959.3478732220829 8.369405238779839 -0.04402178443073695 0.05247019109325063
969.0382557798875 8.379148554295753 -0.04383607675479135 0.052245977009722215
978.7286383376922 8.388658403461225 -0.043651932605349476 0.052023671075036006
988.4190208954969 8.397942274932495 -0.04346933228694952 0.05180324903271026
998.1094034533016 8.40700735521794 -0.04328825643399733 0.05158468703567748
