-1007.7997860109899 11.307351779611597 -0.005288557314280438 0.0007376871340515699
-998.1094034531852 11.307342343311989 -0.005252074465395036 0.0007308760991073389
-988.4190208953805 11.307332413406828 -0.005216165251905238 0.0007241938625741539
-978.7286383375758 11.307321975717402 -0.005180814890607843 0.0007176367021700823
-969.0382557797711 11.307311016233124 -0.005146009134045067 0.0007112010412009357
-959.3478732220829 11.307299521135857 -0.005111734245505224 0.0007048834413579724
-949.6574906642782 11.307287476823742 -0.005077976975443549 0.0006986805959466662
-939.9671081064735 11.307274869934439 -0.005044724539234134 0.0006925893235173392
-930.2767255486688 11.307261687367712 -0.0050119645961569145 0.0006866065618682006
-920.5863429908641 11.307247916307329 -0.00497968522954471 0.0006807293623963076
-910.8959604330594 11.3072335442422 -0.0049478749280128 0.0006749548847723517
-901.2055778752547 11.307218558986738 -0.004916522567701869 0.0006692803919174704
-891.51519531745 11.307202948700354 -0.004885617395470076 0.0006637032452620923
-881.8248127596453 11.307186701906106 -0.0048551490129744475 0.0006582209002681185
-872.1344302018406 11.30716980750842 -0.004825107361586275 0.0006528309021973626
-862.4440476440359 11.307152254809878 -0.0047954827080890945 0.0006475308821102847
-852.7536650862312 11.307134033527056 -0.004766265631111456 0.0006423185530803654
-843.0632825284265 11.307115133805361 -0.004737447008250046 0.0006371917066104581
-833.3728999706218 11.307095546232876 -0.004709018003841831 0.00063214820923846
-823.6825174128171 11.30707526185321 -0.00468097005734669 0.0006271859993206132
-813.9921348550124 11.307054272177304 -0.004653294872304666 0.0006223030839814807
-804.3017522972077 11.307032569194229 -0.0046259844058343805 0.0006174975362205012
-794.611369739403 11.307010145380955 -0.0045990308586413625 0.0006127674921656745
-784.9209871815983 11.306986993711089 -0.004572426665507152 0.0006081111484656114
-775.23060462391 11.306963107662606 -0.004546164486232244 0.0006035267598118238
-765.5402220661053 11.306938481224563 -0.004520237197005508 0.000599012636583297
-755.8498395083006 11.30691310890281 -0.0044946378821809916 0.0005945671426070792
-746.159456950496 11.306886985724725 -0.004469359826433477 0.0005901886930271272
-736.4690743926913 11.306860107242963 -0.004444396507276653 0.0005858757522760494
-726.7786918348866 11.306832469538273 -0.004419741587922421 0.0005816268321436173
-717.0883092770819 11.306804069221364 -0.004395388910463289 0.0005774404899366857
-707.3979267192772 11.306774903433878 -0.004371332489360616 0.0005733153267254419
-697.7075441614725 11.30674496984846 -0.004347566505222562 0.0005692499856712399
-688.0171616036678 11.306714266667983 -0.004324085298856546 0.0005652431504315826
-678.3267790458631 11.306682792623937 -0.004300883365581913 0.0005612935436380567
-668.6363964880584 11.306650546974 -0.004277955349789416 0.000557399925443326
-658.9460139302537 11.306617529498855 -0.004255296039734895 0.0005535610921335136
-649.255631372449 11.306583740498239 -0.004232900362555238 0.0005497758748025071
-639.5652488146443 11.30654918078629 -0.004210763379495446 0.0005460431380849718
-629.8748662568396 11.306513851686208 -0.004188880281336276 0.000542361778945
-620.1844836990349 11.306477755024265 -0.004167246384012506 0.0005387307255175593
-610.4941011412302 11.306440893123185 -0.004145857124412442 0.0005351489360000256
-600.8037185834255 11.306403268794957 -0.0041247080563498505 0.0005316153975912706
-591.1133360257372 11.306364885333078 -0.004103794846700199 0.0005281291254759573
-581.4229534679325 11.306325746504267 -0.004083113271691825 0.0005246891618515314
-571.7325709101278 11.306285856539722 -0.0040626592133483535 0.0005212945749964341
-562.0421883523231 11.306245220125877 -0.004042428656070289 0.0005179444583766615
-552.3518057945184 11.306203842394773 -0.004022417683352924 0.0005146379297894456
-542.6614232367137 11.306161728913999 -0.004002622474632725 0.0005113741305419929
-532.971040678909 11.306118885676309 -0.003983039302256506 0.000508152224663656
-523.2806581211044 11.30607531908887 -0.003963664528567755 0.0005049713981499259
-513.5902755632997 11.306031035962235 -0.00394449460310476 0.0005018308582367612
-503.89989300549496 11.305986043499018 -0.003925526059905467 0.0004987298327038064
-494.20951044769026 11.305940349282357 -0.003906755514914284 0.0004956675692051757
-484.51912788988557 11.305893961264124 -0.0038881796634862666 0.0004926433346265101
-474.82874533208087 11.305846887752963 -0.0038697952779843843 0.0004896564144670941
-465.1383627742762 11.30579913740217 -0.0038515992054657514 0.00048670611224591845
-455.4479802164715 11.305750719197407 -0.0038335883654529433 0.0004837917489305586
-445.7575976586668 11.305701642444323 -0.0038157597477867056 0.0004809126623878924
-436.0672151008621 11.30565191675606 -0.003798110410556543 0.00047806820685563267
-426.3768325430574 11.305601552040702 -0.00378063747810585 0.00047525775243378285
-416.6864499852527 11.305550558488656 -0.0037633381391084203 0.0004724806845951323
-406.996067427448 11.305498946559998 -0.003746209644713311 0.00046973640371393343
-397.3056848697597 11.305446726971809 -0.003729249306755401 0.0004670243246120392
-387.615302311955 11.30539391068549 -0.0037124544960276907 0.00046434387612152535
-377.9249197541503 11.30534050889411 -0.0036958226406157996 0.00046169450066357886
-368.2345371963456 11.305286533009753 -0.0036793512242881002 0.00045907565384231496
-358.54415463854093 11.305231994650914 -0.0036630377849422124 0.0004564868040533913
-348.85377208073623 11.305176905629946 -0.003646879913104358 0.00045392743210656046
-339.16338952293154 11.305121277940534 -0.0036308752504796617 0.0004513970308616619
-329.47300696512684 11.305065123745266 -0.0036150214885513387 0.00044889510487744727
-319.78262440732215 11.305008455363232 -0.0035993163672268296 0.0004464211700727407
-310.09224184951745 11.304951285257735 -0.0035837576735290267 0.00044397475339942095
-300.40185929171275 11.30489362602403 -0.003568343240330799 0.00044155539252672266
-290.71147673390806 11.304835490377194 -0.0035530709451311536 0.0004391626355364375
-281.02109417610336 11.304776891140024 -0.003537938708871382 0.0004367960406285312
-271.33071161829866 11.304717841231048 -0.003522944494789675 0.00043445517583679124
-261.64032906049397 11.304658353652606 -0.0035080863073127027 0.0004321396187540972
-251.94994650268927 11.304598441479 -0.003493362190982778 0.00042984895626692544
-242.25956394488458 11.304538117844736 -0.0034787702294192323 0.00042758278429872777
-232.56918138707988 11.304477395932828 -0.0034643085443127174 0.0004253407075618574
-222.87879882927518 11.30441628896319 -0.0034499752944512087 0.0004231223393176658
-213.1884162715869 11.304354810181078 -0.0034357686747766895 0.00042092730114452927
-203.4980337137822 11.304292972845618 -0.0034216869154703677 0.0004187552227133138
-193.8076511559775 11.304230790218403 -0.0034077282810679095 0.00041660574157039305
-184.1172685981728 11.304168275552144 -0.00339389106960021 0.00041447850292741117
-174.42688604036812 11.304105442079395 -0.0033801736117613198 0.00041237315945793167
-164.73650348256342 11.30404230300134 -0.0033665742701015078 0.00041028937110054834
-155.04612092475872 11.303978871476652 -0.0033530914382447325 0.0004082268048682532
-145.35573836695403 11.303915160610416 -0.0033397235401296725 0.00040618513466381714
-135.66535580914933 11.303851183443122 -0.003326469029273439 0.00040416404110097347
-125.97497325134464 11.30378695293974 -0.003313326388057195 0.0004021632113311837
-116.28459069353994 11.30372248197887 -0.003300294127032905 0.00040018233887578205
-106.59420813573524 11.303657783341981 -0.0032873707842504736 0.00039822112346331003
-96.90382557793055 11.303592869702754 -0.0032745549246045603 0.0003962792708718408
-87.21344302012585 11.303527753616509 -0.0032618451392004027 0.0003943564927761335
-77.52306046232115 11.303462447509776 -0.0032492400447379785 0.0003924525065994232
-67.83267790451646 11.303396963669973 -0.00323673828291389 0.00039056703536969684
-58.14229534671176 11.303331314235233 -0.0032243385198403637 0.000388699807580293
-48.451912788907066 11.30326551118439 -0.0032120394454807793 0.00038685055705466894
-38.76153023110237 11.303199566327136 -0.0031998397731011993 0.00038501902281519484
-29.07114767341409 11.303133491294364 -0.003187738238737457 0.0003832049489558565
-19.380765115609393 11.303067297528724 -0.003175733600676478 0.0003814080845185962
-9.690382557804696 11.303000996275408 -0.0031638246389534765 0.0003796281833734928
0.0 11.302934598573177 -0.0031520101548616537 0.0003778650041022266
9.690382557804696 3.1552782334107192 0.01734300679860581 0.07014886307561803
19.380765115609393 3.8691665780481355 0.01707748327031483 0.06920306114357912
29.07114767341409 4.389669122037894 0.01681926872692188 0.06828248199833901
38.761530231218785 4.810357697984846 0.016568071820965362 0.06738612918301784
48.45191278902348 5.166996893386002 0.016323616397535847 0.06651305806040272
58.14229534682818 5.477914679595821 0.01608564051841737 0.06566237248734552
67.83267790463287 5.754035119982017 0.015853895560453198 0.06483322174203361
77.52306046243757 6.002512599882344 0.015628145381633117 0.064024797681981
87.21344302024227 6.228346543908148 0.015408165549042323 0.06323633211277883
96.90382557804696 6.435200352609457 0.015193742623384632 0.062467094349592425
106.59420813585166 6.625857625667981 0.01498467349530248 0.06171638895513127
116.28459069365636 6.802494885162852 0.014780764769172183 0.06098355363936941
125.97497325146105 6.966853836317989 0.014581832190459876 0.06026795730768115
135.66535580926575 7.120355102489617 0.014387700113088122 0.05956899824529842
145.35573836707044 7.264176107877542 0.014198201003590004 0.05888610242711003
155.04612092475872 7.399306065237172 0.01401317497912311 0.058218721942829475
164.73650348256342 7.526585822255985 0.013832469376664071 0.05756633352840096
174.42688604036812 7.646737390461127 0.013655938350987768 0.056928437195488846
184.1172685981728 7.760386259611019 0.013483442499171697 0.0563045549513437
193.8076511559775 7.868078552030127 0.01331484850963675 0.05569422960227611
203.4980337137822 7.970294412094689 0.013150028833862447 0.0550970236343936
213.1884162715869 8.067458599791934 0.012988861379088635 0.05451251816584876
222.8787988293916 8.1599489747869 0.012831229220455017 0.053940311965324256
232.5691813871963 8.248103366066097 0.00771664630653578 0.05338002053192022
242.259563945001 8.332225190009261 0.007632815663785938 0.05283127523200888
251.9499465028057 8.41258808674566 0.00755040880740097 0.05229372248898322
261.6403290606104 8.48943977817757 0.007469397601473155 0.05176702302215651
271.3307116184151 8.563005302830645 0.007389754212522714 0.051250851131368735
281.0210941762198 8.633489747232492 0.0073114511476939205 0.05074489402412933
290.7114767340245 8.701080567121494 0.007234461286682732 0.050248851182374515
300.40185929182917 8.765949571907315 0.007158757908171199 0.049762433766144344
310.09224184963387 8.828254630672644 0.007084314711450203 0.04928536405169252
319.78262440743856 8.888141146374469 0.007011105833829736 0.04881737490173136
329.47300696524326 8.945743335880257 0.006939105864364512 0.04835820926568786
339.16338952304795 9.00118534641457 0.006868289854359154 0.047907619708006055
348.85377208073623 9.054582233422794 0.006798633325063192 0.04746536796268133
358.54415463854093 9.106040820438173 0.006730112272911575 0.04703122451230948
368.2345371963456 9.155660457983627 0.006662703172641114 0.04660496819016696
377.9249197541503 9.210144603501085 0.006596382978546743 0.0461863858037656
387.615302311955 9.276156596064602 0.006531129124137545 0.045775271778615505
397.3056848697597 9.338941591273587 0.0064669195204057036 0.04537142782091252
406.9960674275644 9.398720017001828 0.006403732552901949 0.04497466259799256
416.6864499853691 9.455692457716374 0.006341547077787217 0.04458479143547042
426.3768325431738 9.5100419100647 0.006280342417010738 0.044201636030055495
436.0672151009785 9.561935726365528 0.005391395797647829 0.043825024177105605
445.7575976587832 9.61152729691248 0.00534327489623275 0.04345478951204424
455.4479802165879 9.658957512469385 0.0052957777452502745 0.04309077126482481
465.1383627743926 9.704356040809312 0.004866018203828724 0.04273281402668044
474.8287453321973 9.747842445161414 0.004824979022415288 0.04238076752844802
484.519127890002 9.78952716763266 0.004784400611678708 0.042034486429801954
494.2095104478067 9.829512396803727 0.004744281023549756 0.04169383011877604
503.8998930056114 9.867892835560486 0.004704617922579611 0.04135866252099271
513.5902755634161 9.904756382662237 0.004665408627660248 0.041028851918055276
523.2806581212208 9.94018473944735 0.004626650149942018 0.040704270774593834
532.971040678909 9.974253951344306 0.004588339227304992 0.0403847955734915
542.6614232367137 10.007034892423473 0.00455047235570131 0.040070306658820415
552.3518057945184 10.038593700021268 0.004513045817663914 0.03976068808612533
562.0421883523231 10.068992165483083 0.004476055708232526 0.03945582747958413
571.7325709101278 10.098288086217728 0.004439497958538386 0.03915561589573337
581.4229534679325 10.126535583557018 0.0044033683572569475 0.03885994769338813
591.1133360257372 10.153785390312265 0.004367662570120541 0.0385687204094338
600.8037185835419 10.180085111410994 0.004332376157664508 0.03828183464018268
610.4941011413466 10.205479460563417 0.004297504591363739 0.03799919392800689
620.1844836991513 10.23001047553725 0.004263043268301997 0.037720704652975535
629.874866256956 10.25371771430104 0.004228987524503026 0.037446275929240616
639.5652488147607 10.276638434022264 0.004195332647040786 0.03717581950593033
649.2556313725654 10.298807754669916 0.004162073885035158 0.03690924967232295
658.9460139303701 10.320258808766578 0.004129206459629886 0.036646483167086755
668.6363964881748 10.34102287865727 0.0040967255730409375 0.03638743909138434
678.3267790459795 10.361129522507785 0.004064626416755348 0.03613203882565066
688.0171616037842 10.380606690110195 0.0040329041789533854 0.0358802059498646
697.7075441615889 10.39948082945535 0.004001554051220996 0.03563186616714447
707.3979267193936 10.417776984928704 0.00397057123461275 0.03538694723050666
717.0883092770819 10.435518887894743 0.003939950945121363 0.03514537887263869
726.7786918348866 10.452729040356804 0.003909688418602007 0.034907092738525866
736.4690743926913 10.469428792304036 0.003879778915203095 0.03467202232083898
746.159456950496 10.485638413302324 0.003850217723338522 0.03444010289789705
755.8498395083006 10.50137715882326 0.0038210001632453397 0.0342112714741267
765.5402220661053 10.51666333176072 0.003792121590160005 0.033985466722885785
775.23060462391 10.531514339539529 0.0037635773971460306 0.033762628931545094
784.9209871817147 10.545946747182054 0.003735363017602402 0.033542699948724705
794.6113697395194 10.559976326663987 0.0037074739274800487 0.03332562313358706
804.3017522973241 10.57361810285959 0.0036799056472311084 0.033111343307093706
813.9921348551288 10.58688639634904 0.0036526537435138356 0.03289980670513782
823.6825174129335 10.599794863335623 0.00362571383067398 0.03269096093346839
833.3728999707382 10.612356532898344 0.0035990815720217573 0.03248475492432721
843.0632825285429 10.624583841785393 0.003572752680922121 0.03228113889472258
852.7536650863476 10.636488666935938 0.00354672292171428 0.03208006430626878
862.4440476441523 10.64808235590145 0.0035209881104754735 0.03188148382652251
872.134430201957 10.659375755323113 0.0034955441156424194 0.03168535129175224
881.8248127597617 10.670379237608564 0.0034703868585030397 0.03149162167107828
891.5151953175664 10.681102725939256 0.0034455123135699152 0.03130025103192556
901.2055778752547 10.69155571772874 0.003420916508846303 0.031111196506735328
910.8959604330594 10.70174730664314 0.0033965955259926024 0.030924416260869263
920.5863429908641 10.711686203283564 0.0033725455004066764 0.030739869461689686
930.2767255486688 10.721380754626372 0.003348762621220266 0.030557516248722043
939.9671081064735 10.730838962305489 0.003325243131223392 0.030377317704888312
949.6574906642782 10.740068499816802 0.0033019833267220345 0.030199235828753824
959.3478732220829 10.74907672871762 0.0032789795573356477 0.030023233507748222
969.0382557798875 10.757870713888725 0.0032562282257402974 0.029849274492321002
978.7286383376922 10.76645723792139 0.003233725787362975 0.029677323370993602
988.4190208954969 10.774842814687005 0.00321146875003188 0.029507345546272143
998.1094034533016 10.783033702142705 0.0031894536735872286 0.02933930721138628
