-1007.7997860109899 9.977538083990334 -0.0003982840755328381 0.0
-998.1094034531852 9.977538083990334 -0.000394072658375729 0.0
-988.4190208954969 9.977538083990334 -0.00038995131995649916 0.0
-978.7286383376922 9.977538083990334 -0.0003859171250097964 0.0
-969.0382557798875 9.977538083990334 -0.00038196726838775986 0.0
-959.3478732220829 9.977538083990334 -0.00037809906767310086 0.0
-949.6574906642782 9.977538083990334 -0.0003743099563093664 0.0
-939.9671081064735 9.977538083990334 -0.0003705974772047119 0.0
-930.2767255486688 9.977538083990334 -0.00036695927677012465 0.0
-920.5863429908641 9.977538083990334 -0.0003633930993567726 0.0
-910.8959604330594 9.977538083990334 -0.0003598967820605171 0.0
-901.2055778752547 9.977538083990334 -0.00035646824986462235 0.0
-891.51519531745 9.977538083990334 -0.0003531055110943683 0.0
-881.8248127596453 9.977538083990334 -0.00034980665315966256 0.0
-872.1344302018406 9.977538083990334 -0.00034656983856388936 0.0
-862.4440476440359 9.977538083990334 -0.00034339330115915154 0.0
-852.7536650862312 9.977538083990334 -0.00034027534262978925 0.0
-843.0632825284265 9.977538083990334 -0.00033721432918761403 0.0
-833.3728999706218 9.977538083990334 -0.0003342086884636943 0.0
-823.6825174128171 9.977538083990334 -0.00033125690658279954 0.0
-813.9921348550124 9.977538083990334 -0.0003283575254077477 0.0
-804.3017522972077 9.977538083990334 -0.00032550913994194353 0.0
-794.6113697395194 9.977538083990334 -0.00032271039587936415 0.0
-784.9209871817147 9.977538083990334 -0.0003199599872918691 0.0
-775.23060462391 9.977538083990334 -0.00031725665444519365 0.0
-765.5402220661053 9.977538083990334 -0.0003145991817345132 0.0
-755.8498395083006 9.977538083990334 -0.0003119863957322908 0.0
-746.159456950496 9.977538083990334 -0.0003094171633409979 0.0
-736.4690743926913 9.977538083990334 -0.00030689039004407477 0.0
-726.7786918348866 9.977538083990334 -0.0003044050182489517 0.0
-717.0883092770819 9.977538083990334 -0.00030196002571640664 0.0
-707.3979267192772 9.977538083990334 -0.00029955442407094204 0.0
-697.7075441614725 9.977538083990334 -0.0002971872573872492 0.0
-688.0171616036678 9.977538083990334 -0.0002948576008481699 0.0
-678.3267790458631 9.977538083990334 -0.00029256455946989124 0.0
-668.6363964880584 9.977538083990334 -0.00029030726689039846 0.0
-658.9460139302537 9.977538083990334 -0.00028808488421748724 0.0
-649.255631372449 9.977538083990334 -0.00028589659893288305 0.0
-639.5652488146443 9.977538083990334 -0.0002837416238492496 0.0
-629.8748662568396 9.977538083990334 -0.0002816191961170785 0.0
-620.1844836990349 9.977538083990334 -0.0002795285762786531 0.0
-610.4941011413466 9.977538083990334 -0.0002774690473664831 0.0
-600.8037185835419 9.977538083990334 -0.00027543991404360696 0.0
-591.1133360257372 9.977538083990334 -0.0002734405017838308 0.0
-581.4229534679325 9.977538083990334 -0.00027147015608925356 0.0
-571.7325709101278 9.977538083990334 -0.00026952824174343164 0.0
-562.0421883523231 9.977538083990334 -0.00026761414209813854 0.0
-552.3518057945184 9.977538083990334 -0.0002657272583919656 0.0
-542.6614232367137 9.977538083990334 -0.00026386700909909484 0.0
-532.971040678909 9.977538083990334 -0.00026203282930667437 0.0
-523.2806581211044 9.977538083990334 -0.0002602241701193214 0.0
-513.5902755632997 9.977538083990334 -0.0002584404980893658 0.0
-503.89989300549496 9.977538083990334 -0.0002566812946715274 0.0
-494.20951044769026 9.977538083990334 -0.00025494605570079904 0.0
-484.51912788988557 9.977538083990334 -0.00025323429089237526 0.0
-474.82874533208087 9.977538083990334 -0.00025154552336253624 0.0
-465.1383627742762 9.977538083990334 -0.00024987928916945606 0.0
-455.4479802164715 9.977538083990334 -0.00024823513687296535 0.0
-445.7575976586668 9.977538083990334 -0.00024661262711234876 0.0
-436.0672151008621 9.977538083990334 -0.0002450113322013148 0.0
-426.3768325431738 9.977538083990334 -0.0002434308357393347 0.0
-416.6864499853691 9.977538083990334 -0.0002418707322384665 0.0
-406.9960674275644 9.977538083990334 -0.00024033062676521527 0.0
-397.3056848697597 9.977538083990334 -0.00023881013459635863 0.0
-387.615302311955 9.977538083990334 -0.00023730888088836782 0.0
-377.9249197541503 9.977538083990334 -0.0002358265003596891 0.0
-368.2345371963456 9.977538083990334 -0.00023436263698531842 0.0
-358.54415463854093 9.977538083990334 -0.00023291694370311127 0.0
-348.85377208073623 9.977538083990334 -0.00023148908213130087 0.0
-339.16338952293154 9.977538083990334 -0.00023007872229672345 0.0
-329.47300696512684 9.977538083990334 -0.00023733132941824246 0.0
-319.78262440732215 9.977538083990334 -0.0002357311064903842 0.0
-310.09224184951745 9.977538083990334 -0.00023415874810184018 0.0
-300.40185929171275 9.977538083990334 -0.00023261312032777788 0.0
-290.71147673390806 9.977538083990334 -0.00023109317670775163 0.0
-281.02109417610336 9.977538083990334 -0.00022959794861051878 0.0
-271.33071161829866 9.977538083990334 -0.00022812653690243645 0.0
-261.64032906049397 9.977538083990334 -0.0002266781047157997 0.0
-251.94994650268927 9.977538083990334 -0.00022525187114915568 0.0
-242.259563945001 9.977538083990334 -0.0002238471057604323 0.0
-232.5691813871963 9.977538083990334 -0.0002224631237369533 0.0
-222.8787988293916 9.977538083990334 -0.00022109928164578966 0.0
-213.1884162715869 9.977538083990334 -0.0002197549736828883 0.0
-203.4980337137822 9.977538083990334 -0.0002184296283528179 0.0
-193.8076511559775 9.977538083990334 -0.00021712270552119335 0.0
-184.1172685981728 9.977538083990334 -0.00021583369379072953 0.0
-174.42688604036812 9.977538083990334 -0.00021456210815915517 0.0
-164.73650348256342 9.977538083990334 -0.00021330748792331564 0.0
-155.04612092475872 9.977538083990334 -0.0002120693947989043 0.0
-145.35573836695403 9.977538083990334 -0.0002108474112295611 0.0
-135.66535580914933 9.977538083990334 -0.00020964113886270738 0.0
-125.97497325134464 9.977538083990334 -0.00020845019717255714 0.0
-116.28459069353994 9.977538083990334 -0.000207274222213356 0.0
-106.59420813573524 9.977538083990334 -0.00020611286548811997 0.0
-96.90382557793055 9.977538083990334 -0.00020496579292004715 0.0
-87.21344302012585 9.977538083990334 -0.00020383268391539953 0.0
-77.52306046232115 9.977538083990334 -0.00020271323050805213 0.0
-67.83267790451646 9.977538083990334 -0.00020160713657710636 0.0
-58.14229534682818 9.977538083990334 -0.00020051411713001795 0.0
-48.45191278902348 9.977538083990334 -0.0001994338976444974 0.0
-38.761530231218785 9.977538083990334 -0.00019836621346349374 0.0
-29.07114767341409 9.977538083990334 -0.0001973108092377914 0.0
-19.380765115609393 9.977538083990334 -0.00019626743841180206 0.0
-9.690382557804696 9.977538083990334 -0.00019523586274836945 0.0
0.0 1.8853305986248987 -0.04119386326553816 0.11221285055694734
9.690382557804696 2.446136445795723 -0.04012862452510238 0.10930013550928405
19.380765115609393 2.808904665174812 -0.03911724765935321 0.10653480577789394
29.07114767341409 3.0945759800351427 -0.038155745992689595 0.10390595071346548
38.761530231218785 3.335610346169993 -0.037240516860735574 0.10140371065803261
48.45191278902348 3.5465184253989053 -0.03636829645974089 0.09901915337212659
58.14229534682818 3.7352945764752192 -0.035585314292176505 0.09674416749660075
67.83267790463287 3.9069041990724314 -0.0347892217693787 0.09457137037103189
77.52306046243757 4.0646844182533055 -0.03402807923671022 0.09249402800121527
87.21344302024227 4.2110075090522 -0.0332996329832096 0.0905059853478471
96.90382557804696 4.347632373551078 -0.032601819026086616 0.0886016054161833
106.59420813585166 4.475906620897182 -0.03193274355558198 0.08677571587708865
116.28459069365636 4.596890260393143 -0.03129066574972974 0.08502356215497361
125.97497325146105 4.711435265035446 -0.03067398263056304 0.08334076608666459
135.66535580914933 4.8202388562956235 -0.030114424801946493 0.08172328939438218
145.35573836695403 4.923880404787991 -0.02957958027682214 0.08016797694006378
155.04612092475872 5.022847717043446 -0.02902891189747761 0.07867021065559698
164.73650348256342 5.117556219626743 -0.028498444839080612 0.07722738310192044
174.42688604036812 5.208363255871314 -0.02798708617408149 0.07583652594930373
184.1172685981728 5.295578937169763 -0.027578760102614047 0.0744948809230769
193.8076511559775 5.379474513205905 -0.027100442755425006 0.07319988154580355
203.4980337137822 5.460288921715167 -0.02663850475623564 0.07194913675126802
213.1884162715869 5.538233979943659 -0.026215256296679635 0.07074041615015304
222.8787988293916 5.613498547327191 -0.02578305683514703 0.06957163675638006
232.5691813871963 5.686251898357778 -0.02536493983033686 0.0684408510079234
242.259563945001 5.756646481616016 -0.024960226442167725 0.06734623593717408
251.9499465028057 5.82482019637931 -0.02456828086595442 0.06628608336417957
261.6403290606104 5.890898286190683 -0.024188506966261847 0.06525879100179245
271.3307116184151 5.954994925431928 -0.02382034522294203 0.06426285437530746
281.0210941762198 6.017214557712158 -0.023463269955935857 0.06329685947088394
290.7114767340245 6.077653032006353 -0.023116786799472218 0.062359476037202585
300.40185929182917 6.136398572750863 -0.022780430399800294 0.06144945147362705
310.09224184963387 6.193532612678353 -0.022453762313627026 0.0605656052458186
319.78262440732215 6.24913051145324 -0.022136369087073657 0.0597068237764612
329.47300696512684 6.303262178726421 -0.022139760326253335 0.05887205576453809
339.16338952293154 6.355992616728409 -0.021831845617301313 0.058060307891946154
348.85377208073623 6.4073823947902255 -0.021532490949558152 0.057270640880373994
358.54415463854093 6.457488065967279 -0.021241338180667552 0.05650216586569006
368.2345371963456 6.506362534200825 -0.020958049385965453 0.055754041060354795
377.9249197541503 6.554055379031954 -0.02068230539719574 0.055025468677519375
387.615302311955 6.600613143736183 -0.020413804472848233 0.05431569209318262
397.3056848697597 6.64607959181045 -0.02015226108558631 0.05362399322518455
406.9960674275644 6.690495935976378 -0.01989740481416783 0.052949690109950036
416.6864499853691 6.733901043230559 -0.019648979328893375 0.05229213465979204
426.3768325431738 6.7763316189481255 -0.01940674146099821 0.051650710585271264
436.0672151009785 6.81782237260917 -0.019170460347579524 0.051024831468611156
445.7575976587832 6.858406167352744 -0.026254127910049146 0.05480558561270832
455.4479802165879 6.907116071709368 -0.02584093860683628 0.05409616288900375
465.1383627743926 6.982751787480086 -0.02544251930201005 0.05340635560744052
474.8287453321973 7.055323494530141 -0.025057988165814386 0.05273526413267207
484.519127890002 7.125018627592306 -0.02468653849812099 0.05208205067683051
494.2095104478067 7.192008209169305 -0.024327430476776272 0.0514459334154536
503.89989300549496 7.256448785652028 -0.02401942289355289 0.050826181321115924
513.5902755632997 7.318484074900853 -0.023682005930318828 0.05022210960933542
523.2806581211044 7.378246376744601 -0.023355095321659886 0.04963307570929959
532.971040678909 7.435857787311564 -0.023038152137342918 0.04905847568614424
542.6614232367137 7.4914312499448386 -0.022730676868920295 0.04849774105355907
552.3518057945184 7.5450714691511465 -0.022432205688111082 0.047950335924987576
562.0421883523231 7.596875709077295 -0.02216261730436548 0.0474157544596877
571.7325709101278 7.646934494101918 -0.021880369508533632 0.04689351856648259
581.4229534679325 7.6953322260228685 -0.021605943070955976 0.046383175833490456
591.1133360257372 7.74214772983271 -0.021338985395258796 0.0458842976566767
600.8037185835419 7.787454738069397 -0.021120438701645733 0.04539647754388594
610.4941011413466 7.831322322102984 -0.020866384605358015 0.044919329574220866
620.1844836991513 7.873815277392788 -0.02061892325160497 0.044452486995342745
629.874866256956 7.91499446866122 -0.020377777919540013 0.043995600943563584
639.5652488147607 7.95491714003349 -0.020142688385533177 0.04354833927355123
649.2556313725654 7.9936371944487785 -0.019913409637748885 0.043110385486133926
658.9460139303701 8.0312054460295 -0.019689710714156722 0.04268143774411555
668.6363964881748 8.06766984857741 -0.01947137364996216 0.042261207967236904
678.3267790459795 8.10307570293038 -0.01925819252227182 0.04184942099847291
688.0171616036678 8.13746584554625 -0.01904997258136859 0.041445813834770716
697.7075441614725 8.170880820372314 -0.018846529459289302 0.04105013491608958
707.3979267192772 8.203359035786123 -0.01864768844759566 0.04066214346739045
717.0883092770819 8.23493690818237 -0.018453283837128635 0.04028160888865098
726.7786918348866 8.265648993573043 -0.018994646376312947 0.039908310188673815
736.4690743926913 8.295528108411052 -0.018789776264340575 0.03954203545881019
746.159456950496 8.324605440701623 -0.01858984312480507 0.03918258138315701
755.8498395083006 8.352910652342699 -0.018394641785770865 0.03882975278213291
765.5402220661053 8.380471973528428 -0.01820398020191633 0.03848336218665087
775.23060462391 8.407316289956727 -0.018017678273639197 0.03814322944037957
784.9209871817147 8.433469223500612 -0.0178355668039282 0.037809181327830094
794.6113697395194 8.458955206932048 -0.01765748657345091 0.03748105122622061
804.3017522973241 8.483797553224797 -0.017483287517532285 0.037158678779264286
813.9921348551288 8.508018519908067 -0.01731282799132347 0.036841909591197576
823.6825174129335 8.531639368894572 -0.017145974111609504 0.036530594939519136
833.3728999707382 8.554680422164134 -0.016982599165472095 0.03622459150504642
843.0632825285429 8.57716111364629 -0.016822583077485714 0.035923761118020536
852.7536650863476 8.599100037612041 -0.016665811928339144 0.03562797051909987
862.4440476441523 8.620514993855227 -0.016512177518787648 0.03533709113418246
872.134430201957 8.641423029917625 -0.016361576973690083 0.03505099886208598
881.8248127596453 8.66184048058812 -0.016213912381601234 0.03476957387419957
891.51519531745 8.6817830048869 -0.016069090465980793 0.03449270042526922
901.2055778752547 8.701265620721763 -0.015927022284629434 0.03422026667461702
910.8959604330594 8.720302737395235 -0.015787622954335997 0.03395216451703506
920.5863429908641 8.73890818611744 -0.015650811398153996 0.03368828942276788
930.2767255486688 8.75709524867124 -0.015516510113007361 0.03342854028597575
939.9671081064735 8.774876684362054 -0.015384644955611829 0.033172819281139354
949.6574906642782 8.792264755373951 -0.015255144944933496 0.03292103172690448
959.3478732220829 8.809271250643574 -0.015127942079610395 0.032673085956902194
969.0382557798875 8.825907508354337 -0.015002971168940771 0.03242889319711467
978.7286383376922 8.842184437145118 -0.014880169676196403 0.0321883674493877
988.4190208954969 8.85811253612018 -0.014945925186019225 0.03195142538071974
998.1094034533016 8.873701913740248 -0.015113069850217509 0.031717986217983433
