-1007.7997860111063 9.974031684712156 -0.002404914784674399 0.00011470172004426477
-998.1094034533016 9.973924530774143 -0.0023914100630472493 0.00011405813351047398
-988.4190208954969 9.973815723380188 -0.002469647294144132 0.0001134255272308456
-978.7286383376922 9.973705279194876 -0.0024542309168233013 0.00011280350215088032
-969.0382557798875 9.973593215597903 -0.0024391327931356107 0.00011219168173383748
-959.3478732220829 9.973479550659233 -0.002447471162178271 0.00011158971030153053
-949.6574906642782 9.97336430311415 -0.0024323655209639817 0.00011099725152307949
-939.9671081064735 9.973247492338267 -0.0024296695794418315 0.00011072150543398325
-930.2767255486688 9.973129138322502 -0.002414051788216606 0.00011017208291057882
-920.5863429908641 9.973009261648116 -0.0024081466636694695 0.00010959798702059521
-910.8959604330594 9.972887883461768 -0.00239370630164433 0.00010903263335505243
-901.2055778752547 9.972765025450682 -0.0023795450139016496 0.0001084757346929166
-891.51519531745 9.972640709817947 -0.0023656505956704157 0.00010792701917186941
-881.8248127596453 9.97251495925795 -0.0023520117043700495 0.00010738622915954566
-872.1344302018406 9.97238779693201 -0.002364988306010044 0.00010685312023070701
-862.4440476441523 9.972259246444208 -0.002378278077186812 0.0001063274602381057
-852.7536650863476 9.972129331817458 -0.002364012055483834 0.00010580902846645612
-843.0632825285429 9.971998077469834 -0.002350028971012358 0.00010529761486048309
-833.3728999707382 9.97186550819117 -0.002336316007186963 0.00010479301931899048
-823.6825174129335 9.971731649119961 -0.0023228612843941643 0.00010429505104813588
-813.9921348551288 9.9715965257206 -0.0023096537684201162 0.00010380352796782049
-804.3017522973241 9.971460163760899 -0.002485898693368211 0.00010331827616588981
-794.6113697395194 9.971322589290018 -0.00246823544240004 0.00010283912939546336
-784.9209871817147 9.971183828616727 -0.0026495179848791666 0.00010236592861125618
-775.23060462391 9.971043908288049 -0.0026276599571996005 0.00010189852154123109
-765.5402220661053 9.970902855068301 -0.0026064741912155223 0.00010143676229031751
-755.8498395083006 9.970760695918505 -0.002585919414659752 0.00010098051097329998
-746.159456950496 9.970617457976271 -0.0025659579814766645 0.00010052963337428508
-736.4690743926913 9.970473168536028 -0.0026939213860735583 0.00010008400063042263
-726.7786918348866 9.970327855029721 -0.0026712296795732586 9.96434889378014e-05
-717.0883092770819 9.970181545007923 -0.0026492290748843738 9.92079792776521e-05
-707.3979267192772 9.970034266121404 -0.0026278786719839404 9.877735716116694e-05
-697.7075441614725 9.969886046103115 -0.0026071410132833327 9.835151239141656e-05
-688.0171616036678 9.96973691275063 -0.002660928179690383 0.00010052307803424205
-678.3267790458631 9.969586893909044 -0.0026394308806505363 0.00010004038977915312
-668.6363964881748 9.969436017454303 -0.002618544867264923 9.95654568288009e-05
-658.9460139303701 9.969284311276983 -0.0025982364115420837 9.909794507236133e-05
-649.2556313725654 9.969131803266558 -0.0034976203367419706 9.86375463484747e-05
-639.5652488147607 9.968978521296073 -0.0034547090390845683 9.818397566715742e-05
-629.874866256956 9.968824493207297 -0.0034134772699828454 9.773696879657318e-05
-620.1844836991513 9.9686697467963 -0.003373813182099847 9.729628015897586e-05
-610.4941011413466 9.968514309799522 -0.003335615045140407 9.686168098973556e-05
-600.8037185835419 9.96835820988022 -0.003298790109165159 9.643295772110781e-05
-591.1133360257372 9.968201474615435 -0.0032632536191378445 9.600991055871734e-05
-581.4229534679325 9.968044131483348 -0.0032289279576032744 9.559235222388327e-05
-571.7325709101278 9.967886207851071 -0.003195741896357382 9.518010683915808e-05
-562.0421883523231 9.967727730962896 -0.0031636299411833655 9.477300893794542e-05
-552.3518057945184 9.96756872792895 -0.003132531756344362 9.437090258196387e-05
-542.6614232367137 9.967409225714306 -0.0031023916576642476 9.397364057273466e-05
-532.971040678909 9.967249251128452 -0.003073158164788087 9.358108374528269e-05
-523.2806581211044 9.967088830815236 -0.0030447836046668037 9.319310033392983e-05
-513.5902755632997 9.96692799124317 -0.0030172237595151633 9.280956540147724e-05
-503.89989300549496 9.96676675869616 -0.0029904375534946107 9.243036032427166e-05
-494.20951044769026 9.966605159264647 -0.0029643867732100674 9.20553723266655e-05
-484.519127890002 9.966443218837076 -0.0029390358178122845 9.168449405924421e-05
-474.8287453321973 9.966280963091823 -0.0029143514750861565 9.131762321589825e-05
-465.1383627743926 9.966118417489433 -0.002890302720410578 9.095466218553985e-05
-455.4479802165879 9.965955607265283 -0.0028668605358873143 9.059551773464179e-05
-445.7575976587832 9.96579255742256 -0.00284399774730601 9.024010071739452e-05
-436.0672151009785 9.965629292725623 -0.0028216888769119442 8.988832581058601e-05
-426.3768325431738 9.965465837693698 -0.0027999100102067184 8.954011127067667e-05
-416.6864499853691 9.965302216594932 -0.002749100098802043 9.174340860984953e-05
-406.9960674275644 9.965138453440767 -0.0027290841728084426 9.133574661398704e-05
-397.3056848697597 9.96497457198063 -0.0027094957083033137 9.09347854818347e-05
-387.615302311955 9.964810595696973 -0.002690318839389722 9.054020581802126e-05
-377.9249197541503 9.964646547800601 -0.0026715384801740062 9.015171499524621e-05
-368.2345371963456 9.964482451226312 -0.0026531402821756414 8.976904415970001e-05
-358.54415463854093 9.964318328628837 -0.002635110593626583 8.939194564082193e-05
-348.85377208073623 9.964154202379062 -0.0026174364207414906 8.90201907024032e-05
-339.16338952293154 9.96399009456054 -0.002600105390984894 8.865356758308686e-05
-329.47300696512684 9.963826026966284 -0.002583105718321785 8.82918797831917e-05
-319.78262440732215 9.96366202109581 -0.0025664261704101245 8.793494456201534e-05
-310.09224184951745 9.963498098152455 -0.002550056037674613 8.758259161564049e-05
-300.40185929182917 9.963334279040945 -0.002533985104188587 8.723466191008737e-05
-290.7114767340245 9.963170584365205 -0.002518203620281681 8.689100664858359e-05
-281.0210941762198 9.963007034426433 -0.0025027022767906996 8.65514863550732e-05
-271.3307116184151 9.962843649221348 -0.002487472180862738 8.621597005866705e-05
-261.6403290606104 9.962680448440738 -0.0024725048332265567 8.588433456610744e-05
-251.9499465028057 9.962517451468168 -0.0024577921068457934 8.555646381115812e-05
-242.259563945001 9.962354677378924 -0.0024433262268714327 8.523224827140383e-05
-232.5691813871963 9.962192144939172 -0.0024290997518139536 8.491158444429609e-05
-222.8787988293916 9.962029872605275 -0.004059227874179459 0.00035010885968525367
-213.1884162715869 9.961867878523353 -0.0040026474054252635 0.0003428812103697466
-203.4980337137822 9.961706180528994 -0.0039484588338341555 0.0003360077565719234
-193.8076511559775 9.961544796147153 -0.003896494538571772 0.0003294623582619788
-184.1172685981728 9.961383742592208 -0.003846602741471114 0.0003232213967858702
-174.42688604036812 9.961223036768226 -0.004566386279827278 0.0004011284856979502
-164.73650348256342 9.961062695269353 -0.004500511877650384 0.00039327932154949164
-155.04612092475872 9.960902734380324 -0.004437320753137645 0.00038578405594328594
-145.35573836695403 9.960743170077222 -0.0043766358836706265 0.00037861864866669225
-135.66535580914933 9.960584018028282 -0.004318295930073156 0.00037176120195159403
-125.97497325134464 9.96042529359488 -0.004262153517374093 0.00036519172628941273
-116.28459069365636 9.96026701183265 -0.004208073738239188 0.00035889193638121623
-106.59420813585166 9.960109187492693 -0.004168325814842074 0.00035318354407188983
-96.90382557804696 9.959951835022961 -0.004117690125360498 0.00034736547841050146
-87.21344302024227 9.959794968569717 -0.004068790975695394 0.0003417712310161845
-77.52306046243757 9.959638601979112 -0.007740620740795099 0.001237728860355028
-67.83267790463287 9.959482748798871 -0.007599202847990096 0.0012093491811135944
-58.14229534682818 9.959327422280092 -0.00746405195655576 0.0011823208345404308
-48.45191278902348 9.959172635379106 -0.007292882732717444 0.0011565480352363202
-38.761530231218785 9.959018400759476 -0.007170079378715333 0.0011319439146783821
-29.07114767341409 9.958864730794021 -0.007052313422849748 0.0011084295013692397
-19.380765115609393 9.958711637566996 -0.006939263719335802 0.0010859328384130033
-9.690382557804696 9.958559132876273 -0.006830636411055804 0.001064388217319758
0.0 9.958407228235673 -0.006726162059360617 0.0010437355105055459
9.690382557804696 7.141672835168084 -0.09443398451482957 0.04616460031082148
19.380765115609393 7.26858225274536 -0.09209266398136744 0.04499175071570591
29.07114767341409 7.365639162985348 -0.08986668890881969 0.043877155051353346
38.761530231218785 7.445968074684114 -0.08774770351721288 0.04281657454857692
48.45191278902348 7.515240985345398 -0.08572814159004902 0.04180617216303236
58.14229534682818 7.576522088112853 -0.08380113526124193 0.040842466066985196
67.83267790463287 7.631688402474764 -0.08196043617082589 0.03992228945788739
77.52306046232115 7.68198777840018 -0.08019139776860779 0.03904275570476563
87.21344302012585 7.728299225490797 -0.07850694033042206 0.03820122802303029
96.90382557793055 7.7712692874475495 -0.07689310996558722 0.03739529300582579
106.59420813573524 7.811389752912473 -0.07534553560896903 0.036622737451306085
116.28459069353994 7.849044872616697 -0.07389747677505047 0.035882487187665554
125.97497325134464 7.884541540771398 -0.07246972357373728 0.03517072780374638
135.66535580914933 7.9181293975773634 -0.07109714921147282 0.03448671911537826
145.35573836695403 7.950014683167359 -0.06977660027501335 0.033828867903132345
155.04612092475872 7.980370063761938 -0.06850515962212055 0.0331957006756048
164.73650348256342 8.009341774495791 -0.06749131920856304 0.03314605517075886
174.42688604036812 8.037054923279957 -0.06630472770390822 0.03254379151782853
184.1172685981728 8.063617503009791 -0.06515997938587903 0.03196313374269434
193.8076511559775 8.089123476767957 -0.06405488666048262 0.031402934431589376
203.4980337137822 8.113655184913531 -0.06298741227428555 0.030862126440039057
213.1884162715869 8.137285247615372 -0.061955656584981436 0.030339715947526984
222.8787988293916 8.160078086195236 -0.06095784610715912 0.02983477622700195
232.5691813871963 8.182091152493493 -0.05999232318624035 0.029346442043965523
242.259563945001 8.203375931788532 -0.05909010978452483 0.02887470062979082
251.9499465028057 8.223978768096385 -0.05818376913525595 0.028417182589533123
261.64032906049397 8.243941548708499 -0.05730539113556921 0.02797399631881204
271.33071161829866 8.263302276128565 -0.056453693528241616 0.027544476677285674
281.02109417610336 8.282095549157411 -0.055627471522911566 0.02712799919846914
290.71147673390806 8.300352970105846 -0.054825592017212314 0.02672397701473325
300.40185929171275 8.318103491502784 -0.054037104909815205 0.026331858058520716
310.09224184951745 8.33537371292262 -0.05328102615247643 0.025951122511060565
319.78262440732215 8.352188136436572 -0.052560902344972356 0.02558162065407941
329.47300696512684 8.36856938754594 -0.051846175498474326 0.025222201314520153
339.16338952293154 8.384538407162882 -0.051151039452331445 0.024872777542699207
348.85377208073623 8.400114619181823 -0.05047469457087492 0.024532937093761906
358.54415463854093 8.415316077369697 -0.04981638428752743 0.024202290140111948
368.2345371963456 8.430159594649199 -0.04917539223621802 0.02388046776382407
377.9249197541503 8.444660857321303 -0.04855103960970781 0.023567120569506595
387.615302311955 8.458834526344729 -0.047942682724081934 0.023261917406490317
397.3056848697597 8.472694327440639 -0.047349710770813916 0.022964544190384188
406.9960674275644 8.486253131504776 -0.04677154373970891 0.022674702815066592
416.6864499853691 8.499523026574389 -0.04620763049771676 0.022392110147090374
426.3768325431738 8.51251538240377 -0.04565744701009889 0.022116497095286295
436.0672151009785 8.525240908542846 -0.04512049469176185 0.02184760774906501
445.7575976586668 8.537709706681119 -0.04459629887775741 0.021585198579557634
455.4479802164715 8.55163316115782 -0.04408440740296049 0.02132903769827969
465.1383627742762 8.57477876728796 -0.043584389282008994 0.021078904168575174
474.82874533208087 8.597089311494399 -0.043095833481210793 0.020834587365438924
484.51912788988557 8.618620272403746 -0.042618347775099215 0.020595886379830463
494.20951044769026 8.639421852308095 -0.04215155768086117 0.020362609463888244
503.89989300549496 8.659539637201963 -0.04169510546451419 0.02013457351380026
513.5902755632997 8.67901515263891 -0.04124864921324916 0.019911603587376238
523.2806581211044 8.697886334744997 -0.040811861968847084 0.019693532453628926
532.971040678909 8.71618793181483 -0.04038443091752252 0.019480200171909105
542.6614232367137 8.7339518488344 -0.03996605663194662 0.01927145369835187
552.3518057945184 8.751207444830657 -0.03955645236156431 0.019067146517585034
562.0421883523231 8.767981791003296 -0.03915534336764929 0.018867138297824437
571.7325709101278 8.784299896047916 -0.038762466299835194 0.018671294567638535
581.4229534679325 8.800184903851362 -0.038377568611132534 0.018479486412808048
591.1133360257372 8.815658267766194 -0.038000408008683983 0.018291590191835752
600.8037185835419 8.830739904899502 -0.03763075193773331 0.018107487268779
610.4941011413466 8.845448333239206 -0.037268377096485575 0.017927063762185346
620.1844836991513 8.859800793954715 -0.036913068979719264 0.017750210309008144
629.8748662568396 8.873813360820234 -0.03656462144918442 0.01757682184247057
639.5652488146443 8.887501038398538 -0.036222836328943304 0.01740679738291228
649.255631372449 8.900877850367355 -0.035887523024038706 0.017240039840770747
658.9460139302537 8.913956919171122 -0.03555849816085564 0.017076455830843825
668.6363964880584 8.926750538006077 -0.035235585247806595 0.016915955497114707
678.3267790458631 8.939270236010532 -0.03491861435498864 0.016758452347432964
688.0171616036678 8.951526837414178 -0.03460742181158876 0.016603863097411926
697.7075441614725 8.963530515302264 -0.034301849919899846 0.01645210752294769
707.3979267192772 8.975290840567384 -0.034001746684891795 0.01630310832080874
717.0883092770819 8.98681682655067 -0.03370696555835887 0.016156790976785015
726.7786918348866 8.99811696981359 -0.03341736519673379 0.01601308364092193
736.4690743926913 9.009199287429293 -0.0331328092317238 0.015871917009398773
746.159456950496 9.020071351137254 -0.03285316605298269 0.015733224212641842
755.8498395083006 9.030740318665917 -0.03257830860208807 0.015596940709291364
765.5402220661053 9.041212962493894 -0.032308114177142556 0.015463004185667656
775.23060462391 9.051495696290592 -0.03204246424736516 0.015331354460406326
784.9209871817147 9.061594599251004 -0.03178124427708103 0.015201933393954795
794.6113697395194 9.07151543851682 -0.03152434355855828 0.015074684802643254
804.3017522973241 9.081263689855591 -0.03127165505317682 0.014949554377062291
813.9921348550124 9.090844556752211 -0.031023075240451295 0.014826489604498734
823.6825174128171 9.100262988051911 -0.030778503974440822 0.014705439695187391
833.3728999706218 9.109523694277856 -0.030537844347169992 0.014586355512182549
843.0632825284265 9.118631162738188 -0.030301002558608205 0.014469189504615622
852.7536650862312 9.12758967152238 -0.030067887792884274 0.014353895644170086
862.4440476440359 9.136403302479557 -0.02983841210037349 0.014240429364586048
872.1344302018406 9.145075953261959 -0.02961249028533711 0.014128747504028405
881.8248127596453 9.153611348509163 -0.029390039798811416 0.0140188082501615
891.51519531745 9.162013050241717 -0.02917098063646215 0.013910571087783163
901.2055778752547 9.170284467526686 -0.02895523524113774 0.01380399674887988
910.8959604330594 9.178428865472084 -0.028742728409870723 0.013699047164973428
920.5863429908641 9.186449373602086 -0.02853338720509222 0.013595685421637225
930.2767255486688 9.194348993660553 -0.028327140869838285 0.013493875715067865
939.9671081064735 9.202130606886138 -0.028123920746740094 0.013393583310604277
949.6574906642782 9.209796980798846 -0.027923660200602198 0.013294774503093283
959.3478732220829 9.21735077553435 -0.027726294544385008 0.01319741657900633
969.0382557798875 9.224794549759496 -0.027531760968417644 0.01310147778021778
978.7286383376922 9.232130766199703 -0.027339998472677877 0.01300692726936018
988.4190208954969 9.239361796806433 -0.027150947801985275 0.01291373509667708
998.1094034533016 9.246489927590682 -0.026964551383961997 0.0128218721682983
