-1007.7997860109899 9.422803579530404 -0.03080960346465411 0.004897992523867975
-998.1094034531852 9.427775739693121 -0.030599586401511104 0.004864600907195032
-988.4190208953805 9.432655139129148 -0.030392507863766186 0.004831676301043921
-978.7286383375758 9.437444428527149 -0.030188305318401144 0.004799208802470025
-969.0382557797711 9.442146158343869 -0.029986918027540888 0.004767188789180479
-959.3478732219664 9.446762783933544 -0.029788286982758625 0.004735606909613033
-949.6574906642782 9.451296670349391 -0.029592354842388684 0.0047044540734343
-939.9671081064735 9.455750096839557 -0.02939906587165995 0.004673721442434551
-930.2767255486688 9.460125261057124 -0.029208365885524234 0.00464340042180539
-920.5863429908641 9.464424283004377 -0.029020202193983838 0.004613482651774387
-910.8959604330594 9.468649208728436 -0.02883452354981531 0.004583959999585082
-901.2055778752547 9.47280201378529 -0.02865128009854671 0.004554824551803681
-891.51519531745 9.476884606487875 -0.028470423330570555 0.004526068606937362
-881.8248127596453 9.480898830952873 -0.028291906035280718 0.004497684668349554
-872.1344302018406 9.484846469960008 -0.028115682257128516 0.004469665437458275
-862.4440476440359 9.488729247636725 -0.02794170725350029 0.004442003807204479
-852.7536650862312 9.492548831980379 -0.02776993745432431 0.004414692855777901
-843.0632825284265 9.496306837229163 -0.027600330423321377 0.004387725840588639
-833.3728999706218 9.50000482609247 -0.027432844820817908 0.0043610961924733255
-823.6825174128171 9.503644311850536 -0.027267440368045768 0.004334797510125243
-813.9921348550124 9.507226760332644 -0.027104077812857074 0.00430882355473837
-804.3017522972077 9.510753591782544 -0.026942718896786875 0.004283168244855803
-794.611369739403 9.514226182619158 -0.026783326323400015 0.004257825651413502
-784.9209871815983 9.517645867100073 -0.02662586372786228 0.00423278999297075
-775.2306046237936 9.52101393889485 -0.026470295647679443 0.0042080556311191765
-765.5402220661053 9.52433165257459 -0.0263165874945523 0.004183617066062858
-755.8498395083006 9.527600225024054 -0.02616470552728644 0.004159468932360358
-746.159456950496 9.530820836781329 -0.026014616825736313 0.004135605994826105
-736.4690743926913 9.533994633311027 -0.025866289265701576 0.004112023144578545
-726.7786918348866 9.537122726215209 -0.025719691494760513 0.004088715395233139
-717.0883092770819 9.540206194386702 -0.025574792908988737 0.004065677879232387
-707.3979267192772 9.543246085108855 -0.025431563630526496 0.00404290584430741
-697.7075441614725 9.54624341510549 -0.02528997448595801 0.004020394650065663
-688.0171616036678 9.549199171544482 -0.025158922749341776 0.0039997221572417
-678.3267790458631 9.552114312998166 -0.025020298708700206 0.0039776782147398475
-668.6363964880584 9.554989770363512 -0.024883242894623594 0.003955883895614261
-658.9460139302537 9.557826447744622 -0.024747727896960867 0.003934334822810658
-649.255631372449 9.560625223300148 -0.024739977221742 0.003919886673126313
-639.5652488146443 9.563386950057723 -0.024604238954385207 0.0038986401463104226
-629.8748662568396 9.566112456697548 -0.024470123999390962 0.003877635115770878
-620.1844836990349 9.568802548306934 -0.02433759583099366 0.0038568669868699677
-610.4941011412302 9.571458007107527 -0.024206619627413155 0.003836331320501444
-600.8037185834255 9.57407959315677 -0.024126880544874708 0.0038184378624717217
-591.1133360256208 9.576668045025052 -0.023997620022057655 0.0037982917465671086
-581.4229534679325 9.579224080449702 -0.02386988105386589 0.0037783687783589245
-571.7325709101278 9.58174839696735 -0.02377884030417143 0.003760612748567487
-562.0421883523231 9.584241672525136 -0.023668714644048943 0.0037416955910200287
-552.3518057945184 9.586704566072463 -0.023544093278607948 0.003722354654203025
-542.6614232367137 9.589137718133697 -0.023420926796137824 0.0037032241531021665
-532.971040678909 9.591541751362854 -0.023299182266848174 0.0036843002191639528
-523.2806581211044 9.593917271080967 -0.023178828299756135 0.0036655791108940014
-513.5902755632997 9.59626486579692 -0.02305983491386317 0.0036470572058160547
-503.89989300549496 9.598585107712296 -0.022942173424323368 0.0036287309932605746
-494.20951044769026 9.600878553210917 -0.022875698938039344 0.003612022383141713
-484.51912788988557 9.603145743333634 -0.022759338663817914 0.0035940408303714736
-474.82874533208087 9.605387204238829 -0.022648663828015732 0.0035763950819345403
-465.1383627742762 9.607603447649202 -0.02253479694504555 0.0035587817070651243
-455.4479802164715 9.609794971285194 -0.02242219552940461 0.0035413497061082253
-445.7575976586668 9.611962259285585 -0.0223108326362858 0.003524095998315645
-436.0672151008621 9.614105782615622 -0.02220068248808146 0.0035070175912971734
-426.3768325430574 9.616225999463 -0.022091720383278186 0.003490111576309795
-416.6864499852527 9.618323355622197 -0.02198392261539437 0.003473375123971458
-406.996067427448 9.620398284867369 -0.0218772664006078 0.003456805480347119
-397.3056848697597 9.622451209314224 -0.021771729812931462 0.0034403999633626915
-387.615302311955 9.624482539771241 -0.02166729172596015 0.00342415595950764
-377.9249197541503 9.626492676080257 -0.021563931760380982 0.0034080709207963225
-368.2345371963456 9.62848200744715 -0.021461630236516392 0.003392142361955972
-358.54415463854093 9.630450912762553 -0.02136036813131325 0.003376367857819756
-348.85377208073623 9.63239976091302 -0.021260127039249052 0.003360745040902563
-339.16338952293154 9.634328911082864 -0.021287704046364285 0.003345271599141124
-329.47300696512684 9.636238713046977 -0.021186214178902946 0.0033299452737823743
-319.78262440732215 9.638129507454813 -0.021085854696807575 0.0033147638574058122
-310.09224184951745 9.64000162610581 -0.021016920768881255 0.0032997251920673914
-300.40185929171275 9.641855392216518 -0.020917953273001902 0.003284827167553927
-290.71147673390806 9.64369112067959 -0.0208300736904447 0.0032702985543746495
-281.02109417610336 9.645509118314921 -0.02073187234189839 0.003255722780607803
-271.33071161829866 9.647309684113157 -0.02064743779896499 0.0032412274957409836
-261.64032906049397 9.649093109471705 -0.020552180274407236 0.0032268651980777484
-251.94994650268927 9.650859678423602 -0.020457939445629923 0.0032126339686390647
-242.25956394488458 9.65260966785925 -0.020364692027948893 0.003198531929833141
-232.56918138707988 9.654343347741413 -0.020272415908229827 0.0031845572440025094
-222.87879882927518 9.656060981313548 -0.020218822337271753 0.0031707081120624743
-213.1884162715869 9.657762825301656 -0.020170013107678166 0.003156982772221787
-203.4980337137822 9.659449130109998 -0.020078525058587073 0.003143379498776493
-193.8076511559775 9.661120140010514 -0.019988028452651633 0.0031298966009724346
-184.1172685981728 9.66277609332658 -0.019898498606028058 0.0031165324219270345
-174.42688604036812 9.664417222610874 -0.019809912216276485 0.0031032853376075156
-164.73650348256342 9.666043754817762 -0.019722247234639494 0.0030901537558599016
-155.04612092475872 9.66765591147025 -0.019952024026693882 0.0030771361154848377
-145.35573836695403 9.66925390882172 -0.019857909387086172 0.0030642308853565613
-135.66535580914933 9.670837958012575 -0.020418299421153092 0.0030514365635817913
-125.97497325134464 9.672408265221966 -0.020309879140842275 0.003038751676695621
-116.28459069353994 9.673965031814738 -0.02020348755026994 0.003026174778891803
-106.59420813573524 9.675508454483737 -0.020099020869718064 0.003013704451285117
-96.90382557793055 9.677038725387623 -0.019996384263234156 0.0030013393012036636
-87.21344302012585 9.678556032284348 -0.0202529068601901 0.0029890779615092066
-77.52306046232115 9.680060558660385 -0.02014442020756526 0.002976919089943819
-67.83267790451646 9.681552483855883 -0.020037990760849125 0.0029648613685012417
-58.14229534671176 9.683031983185847 -0.019933516143421124 0.002952903502821531
-48.451912788907066 9.684499228057481 -0.019830902376769932 0.002941044221607658
-38.76153023110237 9.685954386083816 -0.019787129890843906 0.002931039735141119
-29.071147673297673 9.687397621193723 -0.01968653059908587 0.0029193291043619796
-19.380765115609393 9.688829093738407 -0.019587624511698615 0.0029077156036721136
-9.690382557804696 9.69024896059463 -0.01949033808667976 0.002896197886589177
0.0 6.856022318115989 -0.017758851196928594 0.03724995672392029
9.690382557804696 7.009423745881401 -0.017706723663374512 0.03635375515406753
19.380765115609393 7.11862833489682 -0.017653910957076344 0.03550207086303548
29.07114767341409 7.206578910982765 -0.01760051359504932 0.03469163897454115
38.761530231218785 7.281391707626282 -0.01754662088438109 0.033919506681105584
48.45191278902348 7.347063098202402 -0.017492312331578313 0.03318299682021707
58.14229534682818 7.405909899015226 -0.01743765884956026 0.032479676435865995
67.83267790463287 7.459416641809721 -0.01738272379498523 0.031807329547122155
77.52306046243757 7.5086017788781305 -0.017327563862745095 0.031163933481269394
87.21344302024227 7.55419965906882 -0.017272229859758906 0.03054763823875334
96.90382557804696 7.596760265966551 -0.017216767376394472 0.02995674844629291
106.59420813585166 7.636708027821559 -0.017161217370760325 0.02938970752718027
116.28459069365636 7.674378521550852 -0.017105616678593193 0.028845083777345806
125.97497325146105 7.710042447185855 -0.017049998459404057 0.028321558084771752
135.66535580926575 7.7439218835841634 -0.016994392587850245 0.027817913070337555
145.35573836707044 7.776201660127585 -0.01693882599790084 0.027333023461780518
155.04612092487514 7.80703752552894 -0.016883322986202143 0.026865847540438706
164.73650348256342 7.836562151185176 -0.01682790548008539 0.026415419523839103
174.42688604036812 7.864889631449213 -0.016772593274848188 0.025980842766777132
184.1172685981728 7.892118916358974 -0.016717404244280684 0.025561283680159762
193.8076511559775 7.918336470698146 -0.01666235452781667 0.02515596628063985
203.4980337137822 7.943618362218836 -0.016607458697235282 0.024764167296069648
213.1884162715869 7.96803192188969 -0.016552729905421094 0.024385211761721776
222.8787988293916 7.991637078627092 -0.016498180019352136 0.024018469050814076
232.5691813871963 8.01448744319784 -0.016654935957013128 0.02366334929017484
242.259563945001 8.03663119654814 -0.016595278659481 0.023319300118144422
251.9499465028057 8.058111823989096 -0.01653610820546889 0.022985803747185292
261.6403290606104 8.078968726686714 -0.01647741168711316 0.022662374298303953
271.3307116184151 8.099237734597377 -0.016419177396844446 0.022348555378384705
281.0210941762198 8.118951539573766 -0.01636139466183338 0.022043917874994753
290.7114767340245 8.138140063304801 -0.016304053704266443 0.021748057946220496
300.40185929182917 8.156830771675203 -0.016247145523042798 0.021460595185702463
310.09224184963387 8.175048944774018 -0.01619066179330104 0.02118117094530835
319.78262440743856 8.192817909961196 -0.01613459478083866 0.020909446799866983
329.47300696524326 8.210159243982883 -0.016078937269012175 0.020645103140120413
339.16338952304795 8.227092949011745 -0.01602368249612964 0.02038783788157215
348.85377208073623 8.243637606606681 -0.015968824101691363 0.02013736527824726
358.54415463854093 8.259810512884567 -0.015914356080109247 0.01989341483153386
368.2345371963456 8.275627797628525 -0.01586027274077725 0.019655730285373412
377.9249197541503 8.291104529608614 -0.015806568673529555 0.01942406869987611
387.615302311955 8.306254810013915 -0.015753238718699766 0.019198199596351332
397.3056848697597 8.32109185559696 -0.015700277941107923 0.018977904167395206
406.9960674275644 8.335628072881878 -0.015647681607411815 0.018762974546334563
416.6864499853691 8.349875124582976 -0.015595445166345794 0.018553213130887206
426.3768325431738 8.363843989210663 -0.016166795844721745 0.018409818558143456
436.0672151009785 8.377545014700075 -0.016099037690437197 0.01820824025466963
445.7575976587832 8.400987417239175 -0.016032450411975194 0.018011374024728303
455.4479802165879 8.427192794731678 -0.015966968872616297 0.017819051467114398
465.1383627743926 8.452446420220419 -0.015902533958791643 0.0176311123109587
474.8287453321973 8.476812569625013 -0.01621612192435457 0.01747616233774201
484.519127890002 8.500349065323034 -0.01614393601942597 0.017295800287087458
494.2095104478067 8.523108122540908 -0.016073134312650426 0.01711942179128183
503.8998930056114 8.545137059879089 -0.016003640039956066 0.016946891729893908
513.5902755634161 8.566478899641561 -0.015935383160223898 0.016778081212549603
523.2806581212208 8.587172878091982 -0.01586829961195113 0.016612867207599788
532.971040678909 8.607254881551267 -0.01580233066697533 0.01645113219895859
542.6614232367137 8.626757821030388 -0.015747520891089602 0.016293012802767223
552.3518057945184 8.645711955596012 -0.015683362836603102 0.01613789730840758
562.0421883523231 8.664145172732553 -0.015620183029244346 0.015985938615060855
571.7325709101278 8.682083232428685 -0.016571807076303888 0.01596236204330342
581.4229534679325 8.699549980512112 -0.016484366361644652 0.015813200745731917
591.1133360257372 8.716567535789435 -0.016399092341094226 0.015667074965006834
600.8037185835419 8.733156454773193 -0.0162924587101133 0.015523886156032366
610.4941011413466 8.74933587715146 -0.01621173254895379 0.015383540427589416
620.1844836991513 8.765123654645652 -0.01613278494025114 0.015245948228991184
629.874866256956 8.78053646548533 -0.016055518378964195 0.015111024066291426
639.5652488147607 8.795589916386001 -0.015979843358400306 0.014978686244340005
649.2556313725654 8.81029863363239 -0.015905677542632952 0.014848856631554962
658.9460139303701 8.824676344634463 -0.019647649273045416 0.015661904221325625
668.6363964881748 8.83873595112694 -0.019478774130898366 0.015512831585113926
678.3267790459795 8.852489595018623 -0.019316057746943942 0.015367250313097785
688.0171616037842 8.865948717759197 -0.019159085450298066 0.015225007130895902
697.7075441615889 8.879124113974386 -0.019007480543903697 0.015085959712343259
707.3979267193936 8.892025980020941 -0.01886090000771983 0.014949975573755964
717.0883092771983 8.904663958028623 -0.018719030775548186 0.014816931109395508
726.7786918348866 8.917047175923976 -0.01857504012866203 0.014686710746857002
736.4690743926913 8.929184283869963 -0.01844192462454414 0.014559206204732751
746.159456950496 8.94108348749921 -0.01831272234443828 0.014434315837883358
755.8498395083006 8.952752578278016 -0.01818721210210894 0.014311944057995631
765.5402220661053 8.964198961293338 -0.01809590942289869 0.014192718334795705
775.23060462391 8.975429680723744 -0.017976396979252802 0.014075100218770766
784.9209871817147 8.986451443224325 -0.017860049843947803 0.013959746320831239
794.6113697395194 8.997270639429551 -0.017746703742411052 0.013846580594418012
804.3017522973241 9.007893363755317 -0.017636206309360167 0.01373553097833287
813.9921348551288 9.018325432661387 -0.017497270276267914 0.013626529099325373
823.6825174129335 9.02857240151783 -0.01739285987624063 0.013519510003567693
833.3728999707382 9.038639580203782 -0.017290861786537663 0.013414411913617034
843.0632825285429 9.048532047553001 -0.01719116457606097 0.01331117600792765
852.7536650863476 9.058254664748935 -0.017093664073259938 0.013209746220366827
862.4440476441523 9.067812087761238 -0.016998262776160938 0.013110069057521798
872.134430201957 9.077208778906304 -0.016904869319074464 0.013012093431869485
881.8248127597617 9.086449017606176 -0.01681339798975141 0.012915770509123398
891.5151953175664 9.09553691041258 -0.016750861936637575 0.01282165738909198
901.2055778753711 9.104476400356523 -0.016662301607467827 0.012728486169527329
910.8959604330594 9.113271275677704 -0.01657547092882603 0.01263683410403965
920.5863429908641 9.121925177983718 -0.01649030024306321 0.01254666002312514
930.2767255486688 9.130441609882048 -0.016406723963217604 0.012457924419469479
939.9671081064735 9.138823942127477 -0.01632468026993065 0.012370589354201163
949.6574906642782 9.147075420320075 -0.016236395894281594 0.012284618370102909
959.3478732220829 9.155199171187913 -0.016157444046060447 0.012199976411134482
969.0382557798875 9.163198208484891 -0.016092137240551405 0.01211689118697531
978.7286383376922 9.171075438531465 -0.01601553677991851 0.012034800658038799
988.4190208954969 9.178833665423832 -0.015940214598425467 0.011953942005217622
