-1007.7997860109899 11.307483655911838 -0.0019310513036524812 0.00013015770491882882
-998.1094034531852 11.307483655777954 -0.0019200328026803357 0.00012955504716765298
-988.4190208953805 11.307483655616323 -0.0019091421850452386 0.00012895796828677765
-978.7286383376922 11.307483655421855 -0.0018983771933351653 0.00012836639082516784
-969.0382557798875 11.307483655188642 -0.0018877356238391082 0.00012778023876534
-959.3478732220829 11.307483654909872 -0.0018772153249386819 0.0001271994374902344
-949.6574906642782 11.307483654577691 -0.00186681419555659 0.00012662391375094104
-939.9671081064735 11.307483654183088 -0.0018565301836614323 0.00012605359563534437
-930.2767255486688 11.307483653715744 -0.0018463612848257328 0.00012548841253763365
-920.5863429908641 11.307483653163883 -0.0018363055408351005 0.00012492829512863828
-910.8959604330594 11.307483652514106 -0.001826361038346394 0.00012437317532698004
-901.2055778752547 11.3074836517512 -0.00181652590759287 0.00012382298627099987
-891.51519531745 11.307483650857948 -0.0018067983211343965 0.0001232776622914486
-881.8248127596453 11.30748364981491 -0.002066539050454432 0.00018202734074390116
-872.1344302018406 11.307483648600204 -0.002053348575528505 0.00018068315474906372
-862.4440476440359 11.307483647189246 -0.0020403592081747594 0.00017936539164984826
-852.7536650862312 11.3074836455545 -0.00202756534443557 0.00017807312432702063
-843.0632825284265 11.307483643665186 -0.0020149616231774792 0.00017680547210006768
-833.3728999706218 11.307483641486991 -0.002002542911750194 0.00017556159777075571
-823.6825174128171 11.307483638981749 -0.001990304292700052 0.0001743407048919479
-813.9921348550124 11.307483636107097 -0.0019782410514465614 0.00017314203524182627
-804.3017522972077 11.307483632816133 -0.001966348664839692 0.0001719648664856736
-794.6113697395194 11.307483629057039 -0.001954622790523753 0.00017080851000910423
-784.9209871817147 11.30748362477268 -0.0019430592570398452 0.0001696723089081258
-775.23060462391 11.3074836199002 -0.0019316540546082533 0.0001685556361230926
-765.5402220661053 11.3074836143706 -0.0019204033265328752 0.0001674578927043565
-755.8498395083006 11.30748360810827 -0.00190930336117988 0.00016637850619906266
-746.159456950496 11.307483601030542 -0.0018983505844843475 0.00016531692914918358
-736.4690743926913 11.307483593047191 -0.0018875415529437927 0.00016427263769194079
-726.7786918348866 11.307483584059947 -0.0018768729470609766 0.00016324513025450397
-717.0883092770819 11.30748357396196 -0.0018663415652017787 0.00016223392633562324
-707.3979267192772 11.30748356263729 -0.0018559443178368567 0.0001612385653674638
-697.7075441614725 11.307483549960333 -0.001845678222138544 0.00016025860565151493
-688.0171616036678 11.30748353579528 -0.0018355403969068829 0.0001592936233629946
-678.3267790458631 11.307483519995523 -0.0018255280578008534 0.00015834321161861984
-668.6363964880584 11.307483502403086 -0.0018156385128529093 0.00015740697960305424
-658.9460139302537 11.30748348284801 -0.0018058691582467053 0.0001564845517497534
-649.255631372449 11.307483461147758 -0.001796217474339554 0.00015557556697226382
-639.5652488146443 11.307483437106594 -0.0017866810219126356 0.0001546796779423654
-629.8748662568396 11.30748341051496 -0.0017772574386333562 0.00015379655041174108
-620.1844836990349 11.307483381148852 -0.001767944435715461 0.00015292586257411082
-610.4941011413466 11.307483348769189 -0.001758739794763758 0.00015206730446504517
-600.8037185835419 11.307483313121182 -0.0017496413647905646 0.00015122057739679496
-591.1133360257372 11.307483273933695 -0.0017406470593942323 0.00015038539342591333
-581.4229534679325 11.307483230918624 -0.001731754854087096 0.00014956147485126208
-571.7325709101278 11.307483183770263 -0.001722962783764861 0.00014874855374051414
-562.0421883523231 11.307483132164684 -0.0017142689403078105 0.00014794637148322703
-552.3518057945184 11.307483075759126 -0.001725719693412498 0.00014772481839277787
-542.6614232367137 11.307483014191384 -0.0017169431184074694 0.00014693559024966013
-532.971040678909 11.307482947079212 -0.0017082667369387136 0.00014615658658186044
-523.2806581211044 11.307482874019751 -0.0016996885533446693 0.00014538757371364844
-513.5902755632997 11.307482794588953 -0.0016912066340778683 0.00014462832583691105
-503.89989300549496 11.307482708341029 -0.0016828191049456248 0.0001438786246629468
-494.20951044769026 11.307482614807926 -0.0022473260601007226 0.0002247859265026594
-484.51912788988557 11.3074825134988 -0.002231343666121629 0.00022294597441512964
-474.82874533208087 11.307482403899538 -0.002215658786694863 0.00022114466388320248
-465.1383627742762 11.307482285472286 -0.0022002614945729375 0.00021938062534069386
-455.4479802164715 11.307482157655006 -0.0021851423416774022 0.00021765255675418646
-445.7575976586668 11.307482019861059 -0.002170292329369517 0.00021595921941184524
-436.0672151008621 11.307481871478828 -0.002155702880945069 0.0002142994340272061
-426.3768325430574 11.307481711871352 -0.0021413658161600754 0.00021267207713063154
-416.6864499853691 11.307481540376003 -0.0021847285459105532 0.00021521167332267337
-406.9960674275644 11.307481356304198 -0.002414431589213514 0.00024415937100343276
-397.3056848697597 11.307481158941139 -0.002396730857437962 0.00024215324779339252
-387.615302311955 11.307480947545585 -0.0023793621848146383 0.00024018812476335244
-377.9249197541503 11.307480721349672 -0.0023623147451418045 0.0002382626139899484
-368.2345371963456 11.30748047955876 -0.0024197798457580764 0.00024079139616771335
-358.54415463854093 11.307480221351327 -0.002402332622936678 0.00023888098931677555
-348.85377208073623 11.307479945878883 -0.0023852042674265394 0.0002370080253841872
-339.16338952293154 11.307479652265956 -0.0027791121348122554 0.0002351712897090733
-329.47300696512684 11.30747933961008 -0.0027570457060036788 0.00023336962213970985
-319.78262440732215 11.307479006981854 -0.0027354170348706944 0.00023160191394068817
-310.09224184951745 11.307478653425033 -0.002714211498540073 0.00022986710491095658
-300.40185929171275 11.307478277956648 -0.0026934151560007685 0.0002281641806960292
-290.71147673390806 11.307477879567175 -0.0026730147077832214 0.0002264921702791191
-281.02109417610336 11.307477457220763 -0.00265299745850494 0.00022485014363734986
-271.33071161829866 11.307477009855468 -0.00263335128204544 0.0002232372095504081
-261.64032906049397 11.307476536383554 -0.002614064589135866 0.00022165251355009012
-251.94994650268927 11.307476035691824 -0.0025951262971685538 0.00022009523600018127
-242.25956394488458 11.307475506641998 -0.0025765258020496343 0.00021856459029706994
-232.5691813871963 11.307474948071116 -0.002558252951934039 0.00021705982118221562
-222.8787988293916 11.307474358791996 -0.0025475574476909423 0.00021582459111786932
-213.1884162715869 11.307473737593714 -0.0025298131524592415 0.00021436612889232505
-203.4980337137822 11.307473083242135 -0.002512371131758516 0.0002129315380179127
-193.8076511559775 11.307472394480465 -0.002495222710016001 0.00021152017024597696
-184.1172685981728 11.30747167002985 -0.0024783595614513735 0.00021013140183152602
-174.42688604036812 11.307470908589995 -0.002461773692098794 0.0002087646323566569
-164.73650348256342 11.307470108839828 -0.002445457422943639 0.00020741928362209356
-155.04612092475872 11.307469269438181 -0.0024294033740933575 0.00020609479860222513
-145.35573836695403 11.307468389024509 -0.0024136044499084995 0.00020479064045943358
-135.66535580914933 11.307467466219622 -0.002398053825026017 0.00020350629161375392
-125.97497325134464 11.307466499626463 -0.0023827449312123785 0.00020224125286425544
-116.28459069353994 11.30746548783089 -0.0023676714449890356 0.00020099504255879908
-106.59420813573524 11.30746442940248 -0.00236818335133913 0.000200184988242614
-96.90382557793055 11.307463322895366 -0.002353353986195223 0.00019896937957889507
-87.21344302012585 11.307462166849074 -0.0023387480072674803 0.00019777140424457273
-77.52306046232115 11.307460959789386 -0.0023243597380526253 0.0001965906373040469
-67.83267790451646 11.30745970022921 -0.002310183706391355 0.0001954266681589711
-58.14229534671176 11.307458386669454 -0.0022962146350021676 0.00019427909992997104
-48.45191278902348 11.307457017599928 -0.008334314524883875 0.0001931475488707473
-38.761530231218785 11.307455591500224 -0.008238913664559595 0.0001920316438124491
-29.07114767341409 11.307454106840625 -0.008145888444884345 0.00019093102563671262
-19.380765115609393 11.307452562083 -0.008055148045677906 0.00018984534677534852
-9.690382557804696 11.307450955681695 -0.007966606284099936 0.00018877427073529687
0.0 11.307449286084436 -0.007880181320408379 0.0001877174716472772
9.690382557804696 3.132674253600591 -0.020883147184808198 0.07449858271754836
19.380765115609393 3.8738140820839995 -0.020623387993940374 0.07349060038355262
29.07114767341409 4.398789273151949 -0.02037026526402353 0.07250955573080714
38.761530231218785 4.8185914727386026 -0.02012352433046902 0.07155438284819098
48.45191278902348 5.172608280522717 -0.02415526655469879 0.07226162130716364
58.14229534682818 5.480357449212854 -0.02386244561322873 0.07133293179339788
67.83267790463287 5.753236081080655 -0.023576877582012653 0.07042783356369435
77.52306046243757 5.998602457048268 -0.023298292905325056 0.06954543863844881
87.21344302024227 6.221543618754424 -0.023026435299999266 0.0686849030591246
96.90382557804696 6.4257558979277025 -0.02276106094556063 0.0678454241933961
106.59420813585166 6.6140288669221885 -0.022501937733097572 0.06702623823588506
116.28459069365636 6.7885315475957375 -0.022248844567949247 0.0662266178881249
125.97497325146105 6.950991594359033 -0.022001570721755147 0.06544587020293305
135.66535580914933 7.10281271086203 -0.02175991522983199 0.06468333457976545
145.35573836695403 7.2451545279854415 -0.02152368633019703 0.06393838089880405
155.04612092475872 7.378988673473897 -0.0212927009409524 0.06321040778283227
164.73650348256342 7.505139190900925 -0.021066784172945115 0.0624988409766335
174.42688604036812 7.624312351515351 -0.020886794164650644 0.06180461994832168
184.1172685981728 7.737119085233273 -0.020669962222920717 0.0611242237730752
193.8076511559775 7.844092156255761 -0.020457733981680336 0.06045865978909127
203.4980337137822 7.945699520159955 -0.020249962468292564 0.05980744804932495
213.1884162715869 8.042354856133912 -0.020046506938506972 0.05917012909664393
222.8787988293916 8.134425975583076 -0.019847232548797628 0.05854626288180349
232.5691813871963 8.222241611007238 -0.019652010049224365 0.05793542774927837
242.259563945001 8.306096953205623 -0.019460715495329788 0.05733721948603739
251.9499465028057 8.386258209651558 -0.019273229977706897 0.05675125042874994
261.6403290606104 8.462966389035792 -0.019089439367983088 0.05617714862527869
271.3307116184151 8.536440467912303 -0.01890923408006699 0.055614557046645814
281.0210941762198 8.606880059407588 -0.01873250884559689 0.05506313284596321
290.7114767340245 8.674467677246918 -0.018559162502612768 0.054522546661093164
300.40185929182917 8.739370668291826 -0.01838909779655047 0.053992481958057864
310.09224184963387 8.80174287155458 -0.018222221192726346 0.05347263441244655
319.78262440743856 8.861726049978977 -0.018058442699543972 0.05296271132627888
329.47300696512684 8.919451132239665 -0.017897675701715236 0.05246243107798204
339.16338952293154 8.975039294763121 -0.017739836802827456 0.051971522603273056
348.85377208073623 9.028602908607818 -0.017584845676677764 0.05148972490502492
358.54415463854093 9.080246371463549 -0.017432624926773062 0.051016786590133624
368.2345371963456 9.130066841490242 -0.017283099953502756 0.05055246543174882
377.9249197541503 9.18149764529428 -0.01713619882848846 0.05009652795523004
387.615302311955 9.248346549428764 -0.016991852175663194 0.04964874904634666
397.3056848697597 9.311961540219562 -0.016849993058662444 0.049208911580339874
406.9960674275644 9.372559258951739 -0.01671055687413917 0.04877680607056198
416.6864499853691 9.43033730801537 -0.016573481250641422 0.0483522303354979
426.3768325431738 9.485476367731188 -0.016438705952716768 0.04793498918305671
436.0672151009785 9.538142024614828 -0.016346652516998485 0.047526673070511255
445.7575976587832 9.588486357875738 -0.016250071607147306 0.04712488504783349
455.4479802165879 9.636649322167635 -0.016120851537067 0.046728499760519286
465.1383627743926 9.682759957688303 -0.01599373726955558 0.046338733542746625
474.8287453321973 9.726937453230894 -0.015877494836999906 0.045955591857853376
484.519127890002 9.769292083392205 -0.01575431837908264 0.045578573408175435
494.2095104478067 9.809926037601487 -0.01563310032105987 0.04520769662173241
503.8998930056114 9.8489341557619 -0.015513793564239075 0.04484281257654875
513.5902755632997 9.886404582953872 -0.015396352524681535 0.0444837771278921
523.2806581211044 9.922419353731097 -0.01528713766248437 0.04413056035366243
532.971040678909 9.957054914945394 -0.015173210437324999 0.04378280634857391
542.6614232367137 9.990382594738113 -0.015071053489144214 0.043440680882398004
552.3518057945184 10.022469024224911 -0.014960429525106515 0.043103683528085364
562.0421883523231 10.053376517493643 -0.014851469820890691 0.04277187946160368
571.7325709101278 10.08316341476135 -0.014744136470822754 0.04244514950457898
581.4229534679325 10.111884392886205 -0.014638392725101885 0.04212337809843156
591.1133360257372 10.139590746878696 -0.014534202945575237 0.04180645316795704
600.8037185835419 10.16633064558731 -0.014431532563555923 0.041494265991031946
610.4941011413466 10.192149364333211 -0.014331626381535805 0.04118674010144181
620.1844836991513 10.217089496925086 -0.014231877705335358 0.04088371466413176
629.874866256956 10.241191149190348 -0.014134381682337773 0.04058513202344037
639.5652488147607 10.264492115904215 -0.014037435351469032 0.040290870914319245
649.2556313725654 10.287028042778147 -0.01395298751873498 0.04000107718812436
658.9460139303701 10.308832574978133 -0.013858585698170847 0.039715202541317114
668.6363964881748 10.3299374934772 -0.013770277020421837 0.03943346201521427
678.3267790459795 10.350372840401675 -0.013678400927604372 0.03915562219154303
688.0171616037842 10.370167034404064 -0.013587781215068663 0.038881673778477635
697.7075441614725 10.389346976984136 -0.013498391833114066 0.03861153555598781
707.3979267192772 10.407938150583949 -0.0134102074568497 0.03834512854921527
717.0883092770819 10.425964709191787 -0.013323203460805661 0.038082375951430825
726.7786918348866 10.443449562122336 -0.01323735589461402 0.03782320305011223
736.4690743926913 10.460414451565303 -0.013152641459721032 0.03756753715604182
746.159456950496 10.476880024440222 -0.013069037487072572 0.03731530753526305
755.8498395083006 10.492865899040911 -0.01298652191572559 0.03706644534376474
765.5402220661053 10.508390726906352 -0.01290507327233991 0.03682088356476726
775.23060462391 10.523472250313102 -0.012824670651507447 0.036578556948489306
784.9209871817147 10.538127355747074 -0.01274529369687837 0.036339401954282646
794.6113697395194 10.552372123679222 -0.012666922583045971 0.036103356695026206
804.3017522973241 10.566221874939863 -0.012598965168326174 0.03587056321057192
813.9921348551288 10.579691213959663 -0.012522421078426375 0.03564055537839168
823.6825174129335 10.592794069121247 -0.012446829756148413 0.03541348108939459
833.3728999707382 10.605543730443909 -0.012372173199106584 0.035189284553361434
843.0632825285429 10.617952884804316 -0.012298433862397443 0.03496791138621004
852.7536650863476 10.630033648878717 -0.012225594643901893 0.03474930856596302
862.4440476441523 10.641797599976197 -0.012078120470983956 0.03453342439036003
872.134430201957 10.653255804918288 -0.012158648032684809 0.034331180744648485
881.8248127596453 10.664418847107118 -0.012087374231902781 0.03412043560068199
891.51519531745 10.675296851913455 -0.012016964149192889 0.03391226546368285
901.2055778752547 10.685899510502558 -0.01192813892127542 0.033707982156825064
910.8959604330594 10.69623610221074 -0.011867278433404656 0.03350492801939254
920.5863429908641 10.706315515572005 -0.011922634461658805 0.03331089208604409
930.2767255486688 10.716146268088979 -0.011853983899147446 0.03311245258258631
939.9671081064735 10.725736524834065 -0.011786161839479748 0.032916367242619975
949.6574906642782 10.73509411596021 -0.011719152390412128 0.032722594334085905
959.3478732220829 10.744226553194585 -0.011652940103685545 0.032531093109193
969.0382557798875 10.753141045382941 -0.011587509957470151 0.03234182377535258
978.7286383376922 10.76184451314725 -0.011522847339767234 0.0321547474671517
988.4190208954969 10.77034360271459 -0.011458938032700136 0.031969826219322164
998.1094034533016 10.778644698970991 -0.011395768197631348 0.031787022940662546
