-1007.7997860111063 9.977538083990336 -0.00019522189165769067 3.132330768127371e-08
-998.1094034533016 9.977538083990336 -0.00019393804013943694 3.110543415288261e-08
-988.4190208954969 9.977538083990336 -0.00019267189935633628 3.08906452832018e-08
-978.7286383376922 9.977538083990336 -0.0001914230904175906 3.067887516089238e-08
-969.0382557798875 9.977538083990336 -0.00019019124552962567 3.047005975211211e-08
-959.3478732220829 9.977538083990336 -0.00018897600758060868 3.026413683395169e-08
-949.6574906642782 9.977538083990336 -0.0001877770297439966 3.006104593060057e-08
-939.9671081064735 9.977538083990336 -0.0001865939751000795 2.986072825223587e-08
-930.2767255486688 9.977538083990336 -0.00018542651627455168 2.9663126636440244e-08
-920.5863429908641 9.977538083990336 -0.00018427433509320197 2.9468185492093524e-08
-910.8959604330594 9.977538083990336 -0.00018313712225187124 2.9275850745563742e-08
-901.2055778752547 9.977538083990336 -0.00018201457700087724 2.908606978901058e-08
-891.51519531745 9.977538083990336 -0.00018295647874684646 2.8898791430952062e-08
-881.8248127596453 9.977538083990336 -0.00018693219484963215 2.871396584867668e-08
-872.1344302018406 9.977538083990336 -0.00018567133788454564 2.8531544542644544e-08
-862.4440476440359 9.977538083990336 -0.00018443296003669494 2.8351480292683815e-08
-852.7536650862312 9.977538083990336 -0.00018321615195719175 2.817372711594806e-08
-843.0632825284265 9.977538083990336 -0.0001820200722383813 2.799824022641903e-08
-833.3728999707382 9.977538083990336 -0.00018084394015472255 2.7824975996125666e-08
-823.6825174129335 9.977538083990336 -0.00017968702936222342 2.765389191782223e-08
-813.9921348551288 9.977538083990336 -0.00017854866240990622 2.748494656903301e-08
-804.3017522973241 9.977538083990336 -0.00017742820594151933 2.7318099577567463e-08
-794.6113697395194 9.977538083990336 -0.00017632506648665723 2.7153311588315166e-08
-784.9209871817147 9.977538083990336 -0.00017523868675680234 2.6990544231294374e-08
-775.23060462391 9.977538083990336 -0.00017416854237552472 2.682976009082635e-08
-765.5402220661053 9.977538083990336 -0.00017311413898325227 2.6670922676041453e-08
-755.8498395083006 9.977538083990336 -0.00017207500966626068 2.6513996392274713e-08
-746.159456950496 9.977538083990336 -0.00017105071266718252 2.6358946513669417e-08
-736.4690743926913 9.977538083990336 -0.00017004082934070144 2.6205739156662915e-08
-726.7786918348866 9.977538083990336 -0.00016904496232340854 2.60543412545838e-08
-717.0883092770819 9.977538083990336 -0.00016806273389125353 2.5904720532986723e-08
-707.3979267192772 9.977538083990336 -0.000167093784481763 2.5756845486018625e-08
-697.7075441614725 9.977538083990336 -0.00016613777136135916 2.561068535360664e-08
-688.0171616036678 9.977538083990336 -0.00016519436742078427 2.546621009935125e-08
-678.3267790458631 9.977538083990336 -0.00016426326008390466 2.5323390389371202e-08
-668.6363964880584 9.977538083990336 -0.00016334415031710024 2.5182197571729452e-08
-658.9460139302537 9.977538083990336 -0.00016243675172809713 2.5042603656679425e-08
-649.2556313725654 9.977538083990336 -0.000161540789744522 2.4904581297567263e-08
-639.5652488147607 9.977538083990336 -0.0001606560008635972 2.4768103772367407e-08
-629.874866256956 9.977538083990336 -0.00015978213196566517 2.4633144965895803e-08
-620.1844836991513 9.977538083990336 -0.00015891893968475449 2.449967935259187e-08
-610.4941011413466 9.977538083990336 -0.00015806618983055918 2.4367681979918918e-08
-600.8037185835419 9.977538083990336 -0.00015722365685665098 2.4237128452289943e-08
-591.1133360257372 9.977538083990336 -0.00015639112337040908 2.410799491556128e-08
-581.4229534679325 9.977538083990336 -0.00015556837968065256 2.3980258042010065e-08
-571.7325709101278 9.977538083990336 -0.00015475522337940904 2.3853895015854746e-08
-562.0421883523231 9.977538083990336 -0.0001539514589546434 2.372888351921779e-08
-552.3518057945184 9.977538083990336 -0.000153156897431115 2.3605201718533427e-08
-542.6614232367137 9.977538083990336 -0.0001523713560368318 2.3482828251478938e-08
-532.971040678909 9.977538083990336 -0.00015159465789283628 2.3361742214213148e-08
-523.2806581211044 9.977538083990336 -0.00015082663172429148 2.3241923149148433e-08
-513.5902755632997 9.977538083990336 -0.0001500671115910436 2.3123351032986987e-08
-503.89989300549496 9.977538083990336 -0.00014931593663601806 2.3006006265267604e-08
-494.20951044769026 9.977538083990336 -0.00014857295084997146 2.288986965720606e-08
-484.51912788988557 9.977538083990336 -0.00014783800285126292 2.2774922420831864e-08
-474.82874533208087 9.977538083990336 -0.00014711094567943964 2.2661146158616505e-08
-465.1383627743926 9.977538083990336 -0.00014639163660155159 2.2548522853279698e-08
-455.4479802165879 9.977538083990336 -0.00014567993693015373 2.2437034858024787e-08
-445.7575976587832 9.977538083990336 -0.00014497571185222638 2.2326664886953485e-08
-436.0672151009785 9.977538083990336 -0.00014427883026802273 2.2217396005896256e-08
-426.3768325431738 9.977538083990336 -0.00014358916463922989 2.2109211623471234e-08
-416.6864499853691 9.977538083990336 -0.00014290659084571184 2.2002095482398887e-08
-406.9960674275644 9.977538083990336 -0.00014223098805022491 2.1896031651111166e-08
-397.3056848697597 9.977538083990336 -0.0001415622385705388 2.179100451557123e-08
-387.615302311955 9.977538083990336 -0.0001461619738718881 1.5094303686214523e-07
-377.9249197541503 9.977538083990336 -0.00014537059028576216 1.474914579188521e-07
-368.2345371963456 9.977538083990336 -0.0001445925779081891 1.4420998973342783e-07
-358.54415463854093 9.977538083990336 -0.00014382732525047536 1.410861214813111e-07
-348.85377208073623 9.977538083990336 -0.0002126282023495482 1.3810854418810023e-07
-339.16338952293154 9.977538083990336 -0.00021010989104065103 1.3526700969427608e-07
-329.47300696512684 9.977538083990336 -0.00020769132097940725 1.3255220902756258e-07
-319.78262440732215 9.977538083990336 -0.00020536559792635228 1.299556671369629e-07
-310.09224184951745 9.977538083990336 -0.00020312647261612552 1.2746965147685471e-07
-300.40185929171275 9.977538083990336 -0.00024234929913234443 1.2508709236077352e-07
-290.71147673390806 9.977538083990336 -0.00023919327036369057 1.2280151335384203e-07
-281.0210941762198 9.977538083990336 -0.0002361625628623931 1.206069702582367e-07
-271.3307116184151 9.977538083990336 -0.000261271738166675 1.8509588592517296e-06
-261.6403290606104 9.977538083990336 -0.00028765824985423446 1.8041727253337908e-06
-251.9499465028057 9.977538083990336 -0.00028352032401322364 1.7597168497708553e-06
-242.259563945001 9.977538083990336 -0.00027954888377871364 1.7174208016451846e-06
-232.5691813871963 9.977538083990336 -0.0002757330772841393 1.6771304033885743e-06
-222.8787988293916 9.977538083990336 -0.00027206299928200854 1.638705836082044e-06
-213.1884162715869 9.977538083990336 -0.0002685295891625512 1.6020200039932701e-06
-203.4980337137822 9.977538083990336 -0.0002651245419541094 1.5669571178662705e-06
-193.8076511559775 9.977538083990336 -0.001149852657832382 1.5334114635479678e-06
-184.1172685981728 9.977538083990336 -0.0011238738322332784 1.5012863282512237e-06
-174.42688604036812 9.977538083990336 -0.001120174636031744 1.470493061385454e-06
-164.73650348256342 9.977538083990336 -0.0010960701008478858 1.4409502506716512e-06
-155.04612092475872 9.977538083990336 -0.0010730707241382155 1.4125829973475157e-06
-145.35573836695403 9.977538083990336 -0.001051100782993033 1.3853222768296427e-06
-135.66535580914933 9.977538083990336 -0.0010300913594287278 1.3591043732886493e-06
-125.97497325134464 9.977538083990336 -0.0010099795903921215 1.3338703783585043e-06
-116.28459069353994 9.977538083990336 -0.000990708015025839 1.3095657456376943e-06
-106.59420813573524 9.977538083990336 -0.0009722240047678053 1.2861398938707804e-06
-96.90382557804696 9.977538083990336 -0.0009544792642560401 1.2635458527082933e-06
-87.21344302024227 9.977538083990336 -0.000937429392966669 1.2417399458066226e-06
-77.52306046243757 9.977538083990336 -0.0009210334991239124 1.2206815067524086e-06
-67.83267790463287 9.977538083990336 -0.0009052538587368722 1.2003326239090326e-06
-58.14229534682818 9.977538083990336 -0.0008900556137203354 1.1806579108049574e-06
-48.45191278902348 9.977538083990336 -0.0008754065039617455 1.1616242991299581e-06
-38.761530231218785 9.977538083990336 -0.0008759455479942873 1.1432008517797306e-06
-29.07114767341409 9.977538083990336 -0.0008619326226152208 1.1253585937203993e-06
-19.380765115609393 9.977538083990336 -0.0008484040314291236 1.1080703587206684e-06
-9.690382557804696 9.977538083990336 -0.000839865354781608 1.0913106502402667e-06
0.0 9.977538083990336 -0.0008271135954086551 1.0750555149707729e-06
9.690382557804696 7.06422844109317 -0.008697372872025573 0.03477379957150046
19.380765115609393 7.213824524179843 -0.008483062966049023 0.03388153222529753
29.07114767341409 7.321161337780007 -0.008280901772083618 0.03303390763285127
38.761530231218785 7.4076301488967795 -0.008086906238921545 0.032227658733828796
48.45191278902348 7.48106926967 -0.007901964815782437 0.03145982814843606
58.14229534682818 7.545396123199399 -0.007725453344287824 0.03072773378182841
67.83267790463287 7.602901073418406 -0.007556803982348107 0.030028937521714313
77.52306046243757 7.655059766184585 -0.007399305884259049 0.02936121811222527
87.21344302012585 7.702888425754939 -0.007247779074977335 0.028722547568151093
96.90382557793055 7.747121833683868 -0.007099614384280189 0.028111070601891892
106.59420813573524 7.788311447355901 -0.006957498801637692 0.027525086623622526
116.28459069353994 7.8268835128179655 -0.006821066562348391 0.026963033946714187
125.97497325134464 7.863175461100087 -0.0066899809278445745 0.026423475889607976
135.66535580914933 7.897459749206503 -0.006563931354868459 0.025905088513658043
145.35573836695403 7.929960063223662 -0.0064604322490272904 0.025406649776605
155.04612092475872 7.960862675508665 -0.006343152833535823 0.024927029914610287
164.73650348256342 7.990324616720572 -0.006238327444133796 0.024465182893510358
174.42688604036812 8.018479690189588 -0.006129130685395198 0.024020138793138586
184.1172685981728 8.045442986086352 -0.006023762345804373 0.02359099700802269
193.8076511559775 8.071314328531049 -0.00592202296756317 0.023176920164151557
203.4980337137822 8.09618094837516 -0.005823726780444479 0.022777128665347243
213.1884162715869 8.120119584005478 -0.005735777776447568 0.0223908957945077
222.8787988293916 8.14319815287618 -0.005643676442479053 0.022017543304954774
232.5691813871963 8.165477096235048 -0.005554541347436883 0.021656437445620142
242.259563945001 8.187010471817004 -0.005468230295597134 0.02130698537106502
251.9499465028057 8.207846849875157 -0.005384610086385228 0.020968631893555377
261.6403290606104 8.228030054102238 -0.00581875632819461 0.02064085653976391
271.3307116184151 8.247599779008493 -0.005727019315578713 0.02032317087927835
281.02109417610336 8.266592108005161 -0.0056382735480711215 0.020015116096079946
290.71147673390806 8.285039951016618 -0.005552367898603856 0.01971626077757453
300.40185929171275 8.302973416366234 -0.005476405196906824 0.019426198898825346
310.09224184951745 8.320420128600112 -0.005395581183133493 0.019144547982106068
319.78262440732215 8.337405501538427 -0.005317212917572324 0.018870947414287277
329.47300696512684 8.353952974020014 -0.005241185499264664 0.01860505690646818
339.16338952293154 8.370084214378048 -0.005167391412321631 0.018346555082022677
348.85377208073623 8.385819298564012 -0.005095729913065529 0.01809513818074091
358.54415463854093 8.401176865949688 -0.005026106480149505 0.017850518868080253
368.2345371963456 8.41617425612895 -0.004958432319901204 0.01761242513971202
377.9249197541503 8.430827629473045 -0.004892623920248515 0.017380599312583074
387.615302311955 8.445152073733958 -0.00482860264751653 0.017154797094624842
397.3056848697597 8.459161698617494 -0.004766294381167051 0.01693478672604875
406.9960674275644 8.472869719942889 -0.004705629182212399 0.016720348185882965
416.6864499853691 8.486288534755381 -0.00464654099159467 0.016511272458039798
426.3768325431738 8.499429788551488 -0.004588967355297536 0.016307360851767146
436.0672151009785 8.512304435605191 -0.004532849173363984 0.0161084243718402
445.7575976587832 8.524922793240375 -0.004478130470341359 0.015914283134296638
455.4479802165879 8.537294590775218 -0.004424758184974371 0.015724765823919108
465.1383627742762 8.557162534744212 -0.004372681977225204 0.015539709190027791
474.82874533208087 8.579923786660071 -0.0043218540509187536 0.01535895757745087
484.51912788988557 8.601888759686851 -0.004272228990517643 0.015182362489873763
494.20951044769026 8.623109531738402 -0.004223763610678228 0.015009782182948192
503.89989300549496 8.64363324146027 -0.004176416817407638 0.014841081284851287
513.5902755632997 8.663502693485505 -0.004130149479757219 0.0146761304421465
523.2806581211044 8.682756872521558 -0.004084924311104787 0.014514805989001562
532.971040678909 8.70143138250048 -0.004039914922416602 0.014357006933716275
542.6614232367137 8.719558823717064 -0.0039966896561700145 0.014202585036269937
552.3518057945184 8.737169118325095 -0.003954403659603203 0.01405144968562198
562.0421883523231 8.754289792572559 -0.003913026077604976 0.013903497064872226
571.7325709101278 8.7709462225946 -0.0038725274152684617 0.01375862768417068
581.4229534679325 8.787161849347354 -0.003832879462479395 0.013616746157598678
591.1133360257372 8.802958367281294 -0.0037940552235444236 0.01347776099371579
600.8037185835419 8.818355890563303 -0.0037560288514664544 0.013341584398805633
610.4941011413466 8.833373100019468 -0.003718775586508666 0.013208132091931286
620.1844836991513 8.848027373453338 -0.00368227169872025 0.013077323130981474
629.874866256956 8.862334901572071 -0.0036464944341251843 0.012949079748952772
639.5652488147607 8.876310791406414 -0.0036114219643010315 0.012823327199772095
649.255631372449 8.889969158824217 -0.0035770333390983127 0.012699993613018344
658.9460139302537 8.903323211501542 -0.0035433084422691833 0.012579009856941081
668.6363964880584 8.916385323514554 -0.003510227949801759 0.01246030940924977
678.3267790458631 8.92916710255621 -0.003477773290759336 0.012343828235136337
688.0171616036678 8.941679450637332 -0.0034459266104538543 0.012229504672083393
697.7075441614725 8.953932619018373 -0.0034146707357885562 0.012117279321013802
707.3979267192772 8.96593625801813 -0.003383989142620608 0.012007094943379213
717.0883092770819 8.977699462261732 -0.003353865925005903 0.011898896363812982
726.7786918348866 8.98923081185877 -0.0033836189701059003 0.011792630377999599
736.4690743926913 9.00053840994116 -0.0033530221225961305 0.011688245665437276
746.159456950496 9.01162991693763 -0.0033230177790305347 0.011585692706793342
755.8498395083006 9.02251258191671 -0.0032935864094275117 0.011484923705572561
765.5402220661053 9.033193271290912 -0.0032647095348696804 0.01138589251383827
775.23060462391 9.04367849514096 -0.003308190375121594 0.01128855456174358
784.9209871817147 9.05397443138964 -0.0032785254367998042 0.011192866790646749
794.6113697395194 9.064086948029198 -0.0032494574887105138 0.011098787589599656
804.3017522973241 9.074021623583944 -0.0032209646922906755 0.011006276735012732
813.9921348551288 9.083783765970129 -0.0031930265556087923 0.010915295333312392
823.6825174129335 9.093378429898102 -0.0031656238087420232 0.010825805766419288
833.3728999706218 9.102810432946484 -0.003138738294345196 0.010737771639887908
843.0632825284265 9.112084370425638 -0.005408025851567476 0.010651157733550857
852.7536650862312 9.121204629133635 -0.005322856185076196 0.010565929954543177
862.4440476440359 9.130175400101404 -0.005241138312059733 0.010482055292553848
872.1344302018406 9.139000690410704 -0.005217296445460217 0.010399501777196963
881.8248127596453 9.14768433416254 -0.00514039453060686 0.010318238437380564
891.51519531745 9.156230002665803 -0.005066374974946044 0.01023823526256578
901.2055778752547 9.164641213909288 -0.004987954923092106 0.010159716080383043
910.8959604330594 9.172921341374586 -0.004919352432978871 0.010082140431226324
920.5863429908641 9.181073622242026 -0.0048531248023810595 0.010005740636647702
930.2767255486688 9.189101165037199 -0.004789133600157381 0.009930490152119711
939.9671081064735 9.197006956761461 -0.00472725156580818 0.009856363227151995
949.6574906642782 9.204793869545886 -0.004667361480445445 0.009783334875704803
959.3478732220829 9.21246466686488 -0.004653067921107215 0.009711380847931108
969.0382557798875 9.220022009342472 -0.004595728070755918 0.009640477603175846
978.7286383376922 9.227468460181594 -0.004540135088588545 0.009570602284165737
988.4190208954969 9.23480649024408 -0.004486199013285171 0.009501732692327161
998.1094034533016 9.242038482806924 -0.00443383636395848 0.009433847264173829
