-1007.7997860109899 9.963976826758552 -0.011907045640705377 0.004965686146172788
-998.1094034531852 9.963077148093431 -0.011800005565063441 0.0049211044628946305
-988.4190208953805 9.962146273348958 -0.011694890075664167 0.004877317382222993
-978.7286383375758 9.961184700348534 -0.011591647353729828 0.004834303820659737
-969.0382557797711 9.960192986573036 -0.011490227436023355 0.004792043434858255
-959.3478732219664 9.95917174545194 -0.011390582132033488 0.004750516589397331
-949.6574906641617 9.958121642575195 -0.011292664945582651 0.004709704326225466
-939.9671081064735 9.957043391857725 -0.011196431000583826 0.004669588335675958
-930.2767255486688 9.955937751685864 -0.011101836970684132 0.004630150928956449
-920.5863429908641 9.954805521072666 -0.011008841012574922 0.004591375012033019
-910.8959604330594 9.95364753584599 -0.0109174027027244 0.0045532440608179285
-901.2055778752547 9.95246466489115 -0.01082748297734436 0.004515742097592388
-891.51519531745 9.951257806467135 -0.010739044075392506 0.004478853668590481
-881.8248127596453 9.950027884613018 -0.010652049484432775 0.00444256382267855
-872.1344302018406 9.948775845658888 -0.01056646388918699 0.004406858091067973
-862.4440476440359 9.947502654853379 -0.01048225312262221 0.0043717224680033745
-852.7536650862312 9.946209293117791 -0.010399384119428465 0.004337143392371945
-843.0632825284265 9.944896753934888 -0.010317824871750977 0.004303107730182977
-833.3728999706218 9.94356604037859 -0.010237544387049817 0.004269602757869948
-823.6825174128171 9.942218162289183 -0.010158512647968104 0.004236616146370399
-813.9921348550124 9.940854133597147 -0.010080700574097413 0.0042041359459416405
-804.3017522972077 9.9394749697973 -0.010004079985536094 0.00417215057167292
-794.611369739403 9.938081685573806 -0.009928623568142753 0.0041406487896569885
-784.9209871815983 9.936675292575432 -0.009854304840393208 0.004109619703786354
-775.2306046237936 9.935256797339571 -0.009781098121754836 0.004079052743141488
-765.5402220659889 9.933827199362632 -0.00970897850249759 0.004048937649940253
-755.8498395083006 9.93238748931378 -0.009637921814866621 0.004019264468019955
-746.159456950496 9.930938647388228 -0.00956790460554008 0.003990023531822652
-736.4690743926913 9.929481641796194 -0.009498904109317882 0.003961205455863403
-726.7786918348866 9.928017427382567 -0.009430898223961166 0.003932801124650141
-717.0883092770819 9.926546944372657 -0.009363865486136005 0.0039048016830377156
-707.3979267192772 9.925071117238769 -0.009297785048400276 0.0038771985269924866
-697.7075441614725 9.923590853682281 -0.00923263665718183 0.003849983294747504
-688.0171616036678 9.922107043725788 -0.00916840063169841 0.003823147858329179
-678.3267790458631 9.920620558909793 -0.009105057843772388 0.0037966843154373024
-668.6363964880584 9.919132251588433 -0.009042589698496244 0.0037705849816613577
-658.9460139302537 9.91764295431874 -0.008980978115707068 0.003744842383016994
-649.255631372449 9.916153479337998 -0.008920205512230711 0.0037194492487873597
-639.5652488146443 9.914664618123883 -0.008860254784858447 0.0036943985046548958
-629.8748662568396 9.913177141032136 -0.008801109294020988 0.003669683266109888
-620.1844836990349 9.911691797006739 -0.008746419959237764 0.0036452968321228772
-610.4941011412302 9.91020931335763 -0.0086977009055232 0.003621232679068666
-600.8037185834255 9.908730395601253 -0.00864055786412105 0.003597484454890323
-591.1133360256208 9.907255727359374 -0.00858417355723925 0.0035740459734921962
-581.4229534678161 9.905785970311765 -0.00852853230208275 0.0035509112093515052
-571.7325709100114 9.904321764198635 -0.00847361890181017 0.0035280742923386415
-562.0421883523231 9.902863726868784 -0.008419418620890854 0.0035055295027370623
-552.3518057945184 9.901412454369655 -0.008365917162604975 0.003483271266452272
-542.6614232367137 9.899968521075932 -0.008313100648417593 0.0034612941504054873
-532.971040678909 9.898532479852939 -0.008260955598980284 0.003439592858098561
-523.2806581211044 9.897104862251943 -0.00820946891657367 0.0034181622253466114
-513.5902755632997 9.89568617873422 -0.008158627868820777 0.0033969972161694935
-503.89989300549496 9.894276918921063 -0.008108420073530595 0.0033760929188354906
-494.20951044769026 9.892877551867134 -0.008058833484550974 0.003355444542050696
-484.51912788988557 9.891488526354614 -0.008009856378527146 0.0033350474112878504
-474.82874533208087 9.890110271205874 -0.007961477342476347 0.0033148969652487268
-465.1383627742762 9.888743195612488 -0.007913685262100826 0.0032949887524544147
-455.4479802164715 9.887387689478578 -0.007866469310771703 0.0032753184279581435
-445.7575976586668 9.886044123776614 -0.007819818939124458 0.0032558817501755406
-436.0672151008621 9.884712850913925 -0.0077737238652140815 0.0032366745778274427
-426.3768325430574 9.88339420510832 -0.007728174065184044 0.0032176928669906393
-416.6864499852527 9.882088502771325 -0.00768315976440845 0.0031989326682521145
-406.996067427448 9.880796042897622 -0.007638671429071275 0.003180390123962578
-397.3056848696433 9.879517107459488 -0.007594699758150398 0.0031620614655852725
-387.6153023118386 9.87825196180498 -0.007551235675777605 0.0031439430111361937
-377.9249197541503 9.877000855058863 -0.0075082703239490395 0.003126031162712326
-368.2345371963456 9.875764020525168 -0.007465795055559644 0.0031083224041030606
-358.54415463854093 9.874541676090706 -0.007423801427748068 0.0030908132984847295
-348.85377208073623 9.873334024628404 -0.007382281195522532 0.0030735004861907307
-339.16338952293154 9.872141254399935 -0.007341226305657788 0.0030563806825574693
-329.47300696512684 9.870963539456842 -0.007300628890844139 0.0030394506758418703
-319.78262440732215 9.86980104003956 -0.007260481264074336 0.003022707325207949
-310.09224184951745 9.86865390297375 -0.007220775913254901 0.0030061475587797436
-300.40185929171275 9.867522262063428 -0.0071815054960294895 0.0029897683717580847
-290.71147673390806 9.866406238480435 -0.007142662834802839 0.0029735668245987803
-281.02109417610336 9.865305941149792 -0.0071042409119547725 0.0029575400412498827
-271.33071161829866 9.864221467130601 -0.007066232865234418 0.0029416852074457987
-261.64032906049397 9.86315290199213 -0.007028631983325568 0.002925999569056157
-251.94994650268927 9.862100320184775 -0.006991431701574691 0.0029104804304873368
-242.25956394488458 9.861063785405657 -0.00695462559787372 0.002895125153134761
-232.56918138707988 9.860043350958586 -0.006918207388690257 0.0028799311538840393
-222.87879882927518 9.85903906010822 -0.006882170925238229 0.002864895903659203
-213.1884162714705 9.858050946428198 -0.006846510189782623 0.002850016926016289
-203.4980337136658 9.857079034143146 -0.006811219292072178 0.00283529179578065
-193.8076511559775 9.856123338464371 -0.006776292465894768 0.0028207181377265665
-184.1172685981728 9.85518386591914 -0.006741724065747596 0.002806293625296617
-174.42688604036812 9.854260614673553 -0.00670750856362345 0.002792015979361972
-164.73650348256342 9.85335357484876 -0.006673640545899854 0.0027778829670187105
-155.04612092475872 9.852462728830622 -0.0066401147103328775 0.0027638924004214616
-145.35573836695403 9.851588051572696 -0.0066069258631489 0.0027500421356520402
-135.66535580914933 9.850729510892549 -0.006574068916230659 0.0027363300716220047
-125.97497325134464 9.849887067761387 -0.006541538884393777 0.002722754149007973
-116.28459069353994 9.84906067658697 -0.006570241673455665 0.0027114576936008317
-106.59420813573524 9.848250285489879 -0.0065367759047629485 0.0026980924592764285
-96.90382557793055 9.84745583657309 -0.006503702086220989 0.0026848602357856
-87.21344302012585 9.846677266184939 -0.006471009762489749 0.002671758913423811
-77.52306046232115 9.845914505175488 -0.007391864521473345 0.002658786439324417
-67.83267790451646 9.84516747914634 -0.007335554935055554 0.002645940814227417
-58.14229534671176 9.844436108693973 -0.007280812379869782 0.0026332200895959885
-48.451912788907066 9.843720309646622 -0.007227540170693085 0.002620622365029401
-38.76153023110237 9.843019993294815 -0.0071756504487250255 0.0026081457859298096
-29.071147673297673 9.84233506661559 -0.008173984085762047 0.0025957885413875753
-19.380765115492977 9.8416654324905 -0.008097413442857474 0.0025835488622556425
-9.690382557804696 9.841010989917478 -0.008023381490184025 0.0025714250193883672
0.0 9.84037163421661 -0.011399528574909425 0.002559415322023095
9.690382557804696 1.754138841207995 0.015330341227847653 0.09208544071905479
19.380765115609393 2.222801274375276 0.014798661788023082 0.08977489772636073
29.07114767341409 2.5719406414019392 0.014295147140423278 0.08757954401535949
38.761530231218785 2.8599510455420694 0.013817693165761523 0.08549094738723123
48.45191278902348 3.1088606525346183 0.013364398777716854 0.08350147953963548
58.14229534682818 3.3298711423323617 0.012933542061261221 0.08160422248550313
67.83267790463287 3.5296209897396267 0.012523559695500883 0.0797928877471689
77.52306046243757 3.712437950760105 0.011524088457277018 0.07812271905352726
87.21344302024227 3.8813347660104442 0.011167352901230105 0.0764649745352717
96.90382557804696 4.0385121041228595 0.010622272701337778 0.07492940679441795
106.59420813585166 4.185637778329625 0.01030208547612487 0.0734064626458045
116.28459069365636 4.324013142962608 0.009995854438506771 0.07194541633778258
125.97497325146105 4.454677896626036 0.009702730617605099 0.07054255333136512
135.66535580926575 4.578479093798878 0.00942193168237956 0.06919445076456282
145.35573836707044 4.696118281682416 0.009152735562065138 0.06789794936641844
155.04612092487514 4.808184698290865 0.0088944747830061 0.06665012855548341
164.73650348267984 4.915179271307826 0.008646531430096797 0.065448284309267
174.42688604036812 5.017532360930276 0.008408332654187823 0.06428990945144501
184.1172685981728 5.115617136604149 0.008179346657871631 0.06317267605406612
193.8076511559775 5.2097598368746505 0.007959079101478358 0.062094419694831336
203.4980337137822 5.300247759373651 0.007747069878944308 0.06105312534497397
213.1884162715869 5.387335568224794 0.007542890220053667 0.060046914694200974
222.8787988293916 5.471250334311809 0.007346140081239139 0.05907403474473217
232.5691813871963 5.552195607581142 0.007128326926907297 0.05813284752862261
242.259563945001 5.630354740325655 0.0069460570036369755 0.057221820821380415
251.9499465028057 5.705893624041731 0.006770130655572622 0.05633951974104079
261.6403290606104 5.7789629622196035 0.006592010771003202 0.055484599135729396
271.3307116184151 5.849700172276034 0.00642809206140086 0.05465579667469872
281.0210941762198 5.918230988430213 0.00621359715721964 0.053854995892924105
290.7114767340245 5.984670821404187 0.006062041059446258 0.053074869487524386
300.40185929182917 6.049125918855015 0.005912312608859277 0.05231750985750218
310.09224184963387 6.1116943613429235 0.005770216488086861 0.051581933418433513
319.78262440743856 6.172466921651321 0.0056326115711946 0.050867207910178715
329.47300696524326 6.231527809859855 0.005499304581374324 0.05017245361752011
339.16338952304795 6.288955322340331 0.005370112869317495 0.04949683971732088
348.85377208085265 6.3448224095122825 0.005237372448839888 0.04883958092633845
358.54415463854093 6.399197174548906 0.005109803713262272 0.04819993442121034
368.2345371963456 6.4521433131143215 0.004992300374470455 0.04757719700512267
377.9249197541503 6.503720502498261 0.004878257805553722 0.04697070249851535
387.615302311955 6.553984747159792 0.0047675381252067816 0.046379819333279726
397.3056848697597 6.602988686547121 0.004660010453856418 0.0458039483322686
406.9960674275644 6.650781870155562 0.004555550484305064 0.04524252065763237
416.6864499853691 6.6974110040248425 0.004415417811723592 0.04469499591319641
426.3768325431738 6.742920172251711 0.0043177489136981715 0.044160860387550085
436.0672151009785 6.809878318036563 0.004202616820484206 0.04363962542582013
445.7575976587832 6.8944110707411355 0.004110725911776742 0.043130825919262844
455.4479802165879 6.975121659550396 0.004021297127353246 0.042634018902844725
465.1383627743926 7.052272817269522 0.003934243107304866 0.042148782251908656
474.8287453321973 7.126101800106124 0.0038494803237827707 0.041674713469851604
484.519127890002 7.196823638956792 0.0037495654295262608 0.04121142855948303
494.2095104478067 7.264633875664879 0.0036695986125609686 0.04075856097140077
503.8998930056114 7.329710881087571 0.0035916708815741808 0.04031576062332073
513.5902755634161 7.392217830895758 0.0035157139036386576 0.039882692984836314
523.2806581212208 7.452304399180668 0.0034416621549498835 0.03945903822256965
532.9710406790255 7.510108217805577 0.0023034971547355393 0.03918716386533547
542.6614232368302 7.5657561400600395 0.002260238939104648 0.03877779374284866
552.3518057945184 7.619365339857344 0.002217354435375874 0.038377138206650854
562.0421883523231 7.671044271966687 0.00217488638550006 0.0379849155663503
571.7325709101278 7.720893514198591 0.002111211307931689 0.03760085655793093
581.4229534679325 7.769006508844301 0.002070234723866832 0.03722470362321293
591.1133360257372 7.815470217721658 0.0020297360575008668 0.03685621024419276
600.8037185835419 7.8603657028266305 0.0019897370641552793 0.03649514032671065
610.4941011413466 7.90376864265901 0.0019502553506273767 0.03614126762865098
620.1844836991513 7.945749792714619 0.0019113049270948514 0.035794375228481994
629.874866256956 7.9863753973389695 0.0018728966837905118 0.03545425503045157
639.5652488147607 8.025707559063948 0.001835038803590307 0.03512070730318939
649.2556313725654 8.063804570657066 0.0017977371198473942 0.034793540248834985
658.9460139303701 8.100721214367876 0.001760995427316218 0.034472569600128546
668.6363964881748 8.136509032231388 0.0017248157527813043 0.03415761824317457
678.3267790459795 8.171216570762189 0.0016891985909862504 0.03384851586382605
688.0171616037842 8.204889602928066 0.0016541431106111076 0.033545098615842754
697.7075441615889 8.237571329914365 0.0016196473343385695 0.03324720880915838
707.3979267193936 8.269302564868669 0.0015857082964567772 0.03295469461674983
717.0883092771983 8.300121900540457 0.0015523221809487853 0.03266740979874199
726.778691835003 8.330065862494669 0.0015194844425988321 0.03238521344250495
736.4690743926913 8.359169049374879 0.0014871899132914196 0.03210796971761499
746.159456950496 8.387464261519218 0.0014554328953757512 0.03183554764462412
755.8498395083006 8.414982619073395 0.0014242072437206637 0.03156782087674214
765.5402220661053 8.441753670625884 0.0013935064378537317 0.03130466749349569
775.23060462391 8.46780549326378 0.0013633236454060988 0.031045969805617864
784.9209871817147 8.493164784855294 0.0013336517779166431 0.030791614170414122
794.6113697395194 8.517856949275181 0.0013044835399155632 0.03054149081693229
804.3017522973241 8.54190617521319 0.0012779861656470153 0.030295572136800328
813.9921348551288 8.565335509138363 0.001249746066154171 0.03005359665866976
823.6825174129335 8.588166922932823 0.0012219897470054366 0.029815545869500373
833.3728999707382 8.610421376656358 0.001194709253853902 0.029581323904526127
843.0632825285429 8.632118876856962 0.0011678966153473435 0.02935083802411439
852.7536650863476 8.653278530801433 0.0011415438631923573 0.02912399848608947
862.4440476441523 8.673918596963818 0.0011156430497360852 0.028900718424364924
872.134430201957 8.694056532077104 0.0010901862633339826 0.028680913733515005
881.8248127597617 8.713709035024737 0.0010651656417434495 0.0284645029589404
891.5151953175664 8.732892087822739 0.0010405733837575524 0.028251407192307763
901.2055778753711 8.751620993920298 0.0010164017592703648 0.028041549971963335
910.8959604331758 8.769910414025912 0.0009926431179447595 0.027834857188041507
920.5863429908641 8.787774399647612 0.0009692898966357107 0.027631256992009565
930.2767255486688 8.805226424520539 0.0009463346257036877 0.027430679710389854
939.9671081064735 8.822279414075757 0.0009237699343442705 0.027233057762467608
949.6574906642782 8.838945773098173 0.0009015885550371658 0.027038325581721364
959.3478732220829 8.855237411701767 0.0008797833272161136 0.026846419540812513
969.0382557798875 8.87116576974383 0.000858347200245009 0.02665727787993067
978.7286383376922 8.88674183978845 0.0008372732357781825 0.026470840638321395
988.4190208954969 8.901976188720697 0.0008165546095743935 0.02628704958882984
998.1094034533016 8.916878978104782 0.0005042288007759086 0.026105848175305157
