-1007.7997860109899 8.135623443226734 -0.027196172808207374 0.04490969037716979
-998.1094034531852 8.151522272502206 -0.027069982500548633 0.0447009359793573
-988.4190208953805 8.16696921506222 -0.026944958673523832 0.04449411335934675
-978.7286383376922 8.181981564157624 -0.02682108521569297 0.04428919582549559
-969.0382557798875 8.196575776602373 -0.026698346311180152 0.04408615717564729
-959.3478732220829 8.210767521906549 -0.026576726432930603 0.04388497168597637
-949.6574906642782 8.224571727999308 -0.026456210336136866 0.04368561410011282
-939.9671081064735 8.238002623813244 -0.02633678305185119 0.043488059618574056
-930.2767255486688 8.251073778980327 -0.026218429880769323 0.04329228388847982
-920.5863429908641 8.2637981408658 -0.026101136387181714 0.04309826299354365
-910.8959604330594 8.276188069146324 -0.025984888393086946 0.04290597344433234
-901.2055778752547 8.28825536812047 -0.025869671972462382 0.04271539216878514
-891.51519531745 8.300011316923229 -0.02575547344568711 0.0425264965029843
-881.8248127596453 8.311466697801453 -0.02564227937411233 0.042339264182169614
-872.1344302018406 8.322631822593769 -0.025530076554774996 0.04215367333198937
-862.4440476440359 8.333516557546364 -0.025418852015249942 0.04196970245998022
-852.7536650862312 8.344130346585244 -0.025308593008636568 0.04178733044726937
-843.0632825284265 8.354482233155483 -0.025199287008675773 0.04160653654049219
-833.3728999706218 8.364580880729122 -0.02509092170499341 0.04142730034391865
-823.6825174128171 8.374434592075119 -0.024983484998466227 0.04124960181178257
-813.9921348550124 8.384051327377358 -0.024876964996706864 0.04107342124080724
-804.3017522972077 8.393438721279967 -0.0247713500096642 0.04089873926292213
-794.6113697395194 8.402604098932835 -0.024666628545336803 0.04072553683816631
-784.9209871817147 8.411554491105493 -0.024562789305588913 0.04055379524776155
-775.23060462391 8.420296648429948 -0.024459821182084368 0.0403834960873803
-765.5402220661053 8.428837054832295 -0.024357713252310245 0.04021462126056209
-755.8498395083006 8.437181940204718 -0.02425645477570626 0.04004715297230485
-746.159456950496 8.445337292367922 -0.02415603518988932 0.0398810737228134
-736.4690743926913 8.453308868369602 -0.024056444106971754 0.03971636630140319
-726.7786918348866 8.461102205161383 -0.02395767130997053 0.03955301378055406
-717.0883092770819 8.468722629693614 -0.02385970674930485 0.039390999510110755
-707.3979267192772 8.476175268464571 -0.02376254053937956 0.03923030711162473
-697.7075441614725 8.483465056558103 -0.023666162955251917 0.0390709204728345
-688.0171616036678 8.490596746201305 -0.02357056442937945 0.03891282374227953
-678.3267790458631 8.497574914871688 -0.023475735548446508 0.038756001324044734
-668.6363964880584 8.504403972981226 -0.0233816670502673 0.038600437872631364
-658.9460139302537 8.511088171162866 -0.02328834982076334 0.03844611828795095
-649.255631372449 8.517631607183274 -0.02319577489101323 0.03829302771043897
-639.5652488146443 8.524038232504083 -0.0231039334343726 0.03814115151628467
-629.8748662568396 8.530311858512363 -0.023012816763662507 0.03799047531277407
-620.1844836990349 8.536456162439702 -0.022922416328424237 0.03784098493374289
-610.4941011413466 8.542474692987916 -0.02283272371223977 0.037692666435138085
-600.8037185835419 8.548370875678751 -0.022743730630109822 0.03754550609067476
-591.1133360257372 8.554148017942339 -0.022655428925903692 0.03739949038761189
-581.4229534679325 8.559809313960626 -0.022567810569857828 0.037254606022608654
-571.7325709101278 8.56535784927859 -0.022480867656137785 0.03711083989768555
-562.0421883523231 8.57079660519664 -0.0223945924004552 0.036968179116276936
-552.3518057945184 8.576128462956298 -0.022308977137739782 0.03682661097937417
-542.6614232367137 8.581356207730542 -0.02222401431986447 0.03668612298175726
-532.971040678909 8.586482532429525 -0.022139696513422614 0.03654670280831213
-523.2806581211044 8.591510041331665 -0.02205601639755566 0.036408338330431805
-513.5902755632997 8.596441253549505 -0.022036564722785448 0.03627101760249895
-503.89989300549496 8.601278606339184 -0.021953668684721123 0.036134728858447776
-494.20951044769026 8.606024458261782 -0.02187139591833507 0.03599946050840305
-484.51912788988557 8.610681092204322 -0.02178973938175543 0.03586520113539439
-474.82874533208087 8.615250718267726 -0.021708692139858352 0.035731939492143906
-465.1383627742762 8.619735476528616 -0.021628247362216222 0.035599664497925
-455.4479802164715 8.624137439681375 -0.021548398321094477 0.035468365235490906
-445.7575976586668 8.628458615566561 -0.021469138389495688 0.03533803094807076
-436.0672151008621 8.632700949591385 -0.021390461039249565 0.035208651036431754
-426.3768325431738 8.63686632704755 -0.02131235983914838 0.03508021505600721
-416.6864499853691 8.640956575331838 -0.021234828453121076 0.03495271271407941
-406.9960674275644 8.644973466073447 -0.021157860638458783 0.034826133867039186
-397.3056848697597 8.648918717173542 -0.021081450244071855 0.034700468517689334
-387.615302311955 8.652793994760536 -0.02100559120879138 0.034575706812614126
-377.9249197541503 8.656600915065379 -0.020930277559708384 0.03445183903960347
-368.2345371963456 8.660341046220534 -0.02085550341055061 0.03432885562513263
-358.54415463854093 8.664015909986245 -0.020781262960095862 0.03420674713189541
-348.85377208073623 8.66762698340741 -0.020707550490620966 0.03408550425639002
-339.16338952293154 8.67117570040423 -0.02063436036638519 0.03396511782655605
-329.47300696512684 8.674663453299665 -0.020561687032147537 0.03384557879946125
-319.78262440732215 8.678091594286471 -0.020489525011716598 0.033726878259037106
-310.09224184951745 8.681461436836546 -0.020417868906532466 0.033609007413861886
-300.40185929171275 8.684774257055102 -0.020346713394279587 0.033491957594990004
-290.71147673390806 8.688031294982064 -0.020276053227529903 0.033375720253826464
-281.02109417610336 8.691233755842983 -0.020205883232415477 0.03326028696004567
-271.33071161829866 8.694382811251613 -0.020136198307329656 0.03314564939955303
-261.64032906049397 8.69747960036622 -0.020066993421656326 0.03303179937248876
-251.94994650268927 8.700525231001555 -0.019998263614526297 0.032918728791272556
-242.259563945001 8.703520780698302 -0.01993000399360102 0.03280642967868966
-232.5691813871963 8.706467297751999 -0.019862209733878082 0.03269489416600939
-222.8787988293916 8.709365802202534 -0.019794876076530053 0.03258411449115507
-213.1884162715869 8.712217286786561 -0.01972799832775972 0.032474082996897975
-203.4980337137822 8.715022717853804 -0.01966157185768328 0.03236479212909411
-193.8076511559775 8.717783036248871 -0.019595592099236135 0.032256234434955414
-184.1172685981728 8.720499158160012 -0.01964049812147343 0.03215440407641214
-174.42688604036812 8.723171975936033 -0.019574581985835268 0.03204724640794478
-164.73650348256342 8.725802358872713 -0.019509111206449874 0.03194080079710748
-155.04612092475872 8.728391153969858 -0.019444081195263262 0.03183506016570354
-145.35573836695403 8.730939186660182 -0.019379487429471216 0.031730017529163324
-135.66535580914933 8.733447261511104 -0.01931532545028165 0.031625665994996985
-125.97497325134464 8.735916162900496 -0.01970063121038269 0.03152199876127793
-116.28459069353994 8.738346655667412 -0.01963401004819786 0.031419009115156264
-106.59420813573524 8.740739485738741 -0.01956785609837605 0.031316690431401714
-96.90382557793055 8.743095380732731 -0.01950216409110977 0.031215036170975072
-87.21344302012585 8.745415050540252 -0.019436928845302456 0.031114039879627763
-77.52306046232115 8.747699187884649 -0.01937214526641371 0.031013695186528693
-67.83267790451646 8.749948468861016 -0.019307808344376537 0.030913995802917857
-58.14229534671176 8.752163553455654 -0.01924391315158362 0.030814935520786096
-48.45191278902348 8.754345086046465 -0.02115469151219153 0.030716508211581426
-38.761530231218785 8.756493695885124 -0.021456221748875137 0.030664604268910496
-29.07114767341409 8.758609997561381 -0.02137650165998615 0.030567085811281675
-19.380765115609393 8.760694591450635 -0.021297453231714728 0.030470187376788083
-9.690382557804696 8.762748064145063 -0.021219066534281437 0.030373903033675112
0.0 0.9323786083476318 -0.04857715639281285 0.10094992207727549
9.690382557804696 1.4648258085579497 -0.048297399580283326 0.10033280627747208
19.380765115609393 1.8248271120246295 -0.04802124819492949 0.09972394318210742
29.07114767341409 2.11251952596857 -0.04782397819437159 0.09912315996743179
38.761530231218785 2.3572286135360194 -0.04755426415541625 0.09853028871422298
48.45191278902348 2.5724615527715624 -0.04728794785481616 0.09794516623324392
58.14229534682818 2.7657896517662115 -0.04702496115358825 0.09736763389813446
67.83267790463287 2.9419728551837947 -0.046765237782409104 0.09679753748537043
77.52306046243757 3.104240517371254 -0.046508713276959386 0.09623472702094243
87.21344302024227 3.25490638116852 -0.04625532491595125 0.09567905663342743
96.90382557804696 3.3956976834329895 -0.04600501166170904 0.09513038441314302
106.59420813585166 3.5279458679884668 -0.04575771410318114 0.09458857227709261
116.28459069365636 3.652704075113709 -0.04551337440126755 0.0940534858394246
125.97497325146105 3.770823128025582 -0.04527193623635332 0.09352499428714446
135.66535580914933 3.883002664358539 -0.04503334475794767 0.09300297026083817
145.35573836695403 3.9898266958451893 -0.044855511592888815 0.09249179054751479
155.04612092475872 4.09178903742208 -0.044622028783825714 0.09198229967998399
164.73650348256342 4.1893119314309075 -0.04439124266013908 0.09147891434119697
174.42688604036812 4.282759973279954 -0.04416310364805112 0.09098151987490152
184.1172685981728 4.372450714388117 -0.043937563423249 0.09049000454961381
193.8076511559775 4.4586628654765805 -0.04371457487111227 0.09000425946485112
203.4980337137822 4.541642734313032 -0.043494092048461976 0.0895241784609686
213.1884162715869 4.621609342732701 -0.04327607014676325 0.08904965803243918
222.8787988293916 4.698758540876752 -0.043060465456717774 0.08858059724442341
232.5691813871963 4.773266349755219 -0.04284723533418457 0.08811689765248468
242.259563945001 4.847250885334736 -0.04263633816737116 0.08765846322531166
251.9499465028057 5.051260497668734 -0.04242773334524019 0.08720520027031715
261.6403290606104 5.237157670540819 -0.04229988592882831 0.08676094423452628
271.3307116184151 5.407525921657488 -0.04209516901862686 0.08631772319352228
281.0210941762198 5.564417416394917 -0.041892636797927825 0.08587940629962716
290.7114767340245 5.709495281431315 -0.04169225218063769 0.08544590851519725
300.40185929182917 5.84412991484729 -0.041493978945261634 0.08501714680856955
310.09224184963387 5.969466364179901 -0.04129778170939573 0.08459304009449818
319.78262440732215 6.08647280327334 -0.04127533756634934 0.08417350917671894
329.47300696512684 6.195976255847528 -0.041081926751111955 0.08375847669252344
339.16338952293154 6.298689471748517 -0.040890509015234625 0.08334786705933507
348.85377208073623 6.395231515710458 -0.04070105169439909 0.08294160642310532
358.54415463854093 6.486143792198069 -0.04051352286023879 0.08253962260853047
368.2345371963456 6.571902694859482 -0.04032789129932673 0.08214184507098565
377.9249197541503 6.652929717652862 -0.0402447201238788 0.08174820485011157
387.615302311955 6.729599628422223 -0.04006205166612104 0.08135863452498823
397.3056848697597 6.802247143490309 -0.0398812017557479 0.08097306817083218
406.9960674275644 6.871172428372992 -0.03970214160741236 0.08059144131715729
416.6864499853691 6.936645668990703 -0.039767045492787964 0.08021369090734125
426.3768325431738 6.998910899417811 -0.03958969394040656 0.07983975525954282
436.0672151009785 7.058189229457318 -0.03941407566513312 0.07946957402891748
445.7575976587832 7.114681583584927 -0.03924016371673956 0.07910308817108125
455.4479802165879 7.168571038954103 -0.03906793172251552 0.07874023990677421
465.1383627743926 7.22002483203198 -0.03889735387153261 0.07838097268767857
474.8287453321973 7.2691960895262 -0.038728404899427527 0.078025231163347
484.519127890002 7.316225328484221 -0.038561060073683956 0.07767296114919883
494.2095104478067 7.361241762020123 -0.038395295179394245 0.0773241095955449
503.89989300549496 7.40436444048113 -0.03823108650548442 0.07697862455760564
513.5902755632997 7.445703252593179 -0.038068410831372995 0.07663645516646163
523.2806581211044 7.485359806892088 -0.03790724541407688 0.07629755160096295
532.971040678909 7.523428210363797 -0.03774756797570838 0.07596186506048073
542.6614232367137 7.5599957584414 -0.0379905384524276 0.07566644073509375
552.3518057945184 7.59514354826846 -0.03783081164821378 0.0753367720873206
562.0421883523231 7.628947025289394 -0.03767255202826419 0.07501018393582862
571.7325709101278 7.6614764717067 -0.037515738111772896 0.07468663121887059
581.4229534679325 7.692797444083537 -0.037360348853526106 0.07436606977376095
591.1133360257372 7.722971166319721 -0.03720636363259436 0.07404845631422127
600.8037185835419 7.7520548833503184 -0.03705376224138248 0.07373374840841324
610.4941011413466 7.780102180177444 -0.03690252487502488 0.07342190445763469
620.1844836991513 7.80716327022275 -0.03675263212111213 0.07311288367565506
629.874866256956 7.833285256460214 -0.036604064949737794 0.07280664606866823
639.5652488147607 7.858512368340024 -0.03645680470385273 0.07250315241584114
649.2556313725654 7.882886177131435 -0.03631083308991614 0.07220236425043736
658.9460139303701 7.906445791984638 -0.03616613216883257 0.0719042438414961
668.6363964881748 7.929228038730038 -0.03602268434716424 0.07160875417604727
678.3267790459795 7.951267623190757 -0.03588047236860904 0.07131585894184445
688.0171616037842 7.972597280574515 -0.03573947930573483 0.07102552251059815
697.7075441614725 7.9932479123290925 -0.0355996885519621 0.07073770992169608
707.3979267192772 8.013248711689473 -0.035461083813776925 0.07045238686637281
717.0883092770819 8.032627279001982 -0.03532364910319047 0.07016951967236609
726.7786918348866 8.051409727799339 -0.035187368730403505 0.06988907528897452
736.4690743926913 8.069620782486618 -0.03505222729669388 0.06961102127255463
746.159456950496 8.087283868411108 -0.03491820968750881 0.06933532577242274
755.8498395083006 8.104421195006127 -0.03478530106575704 0.06906195751715118
765.5402220661053 8.121053832627558 -0.03465348686529401 0.06879088580124651
775.23060462391 8.137201783638687 -0.03452275278459321 0.06852208047219675
784.9209871817147 8.152884048243068 -0.0343930847805977 0.06825551191787647
794.6113697395194 8.168118685515502 -0.03426446906274568 0.06799115105429744
804.3017522973241 8.182922870037235 -0.03499366275693123 0.06787211954876299
813.9921348551288 8.197312944502283 -0.035325024847423475 0.06766673692719127
823.6825174129335 8.211304468626867 -0.03518982161684721 0.0674073762971967
833.3728999707382 8.224912264662748 -0.035055758964004605 0.06715013327417935
843.0632825285429 8.23815045978739 -0.03495196353623276 0.0668958105164005
852.7536650863476 8.251032525618854 -0.03481992043512007 0.06664271583480094
862.4440476441523 8.263571315080975 -0.03468897494184819 0.06639165903375198
872.134430201957 8.275779096824168 -0.03455911221115321 0.06614261442713873
881.8248127596453 8.287667587389008 -0.034430317684555636 0.06589555677254925
891.51519531745 8.2992479812844 -0.03432169177545789 0.06565092028579873
901.2055778752547 8.310530979134402 -0.03419485051224073 0.06540775915838129
910.8959604330594 8.321526814039492 -0.03410097275518309 0.0651673679772985
920.5863429908641 8.332245276281055 -0.03397593916466189 0.06492800465948584
930.2767255486688 8.342695736489912 -0.03385191044382693 0.06469050854404221
939.9671081064735 8.352887167388907 -0.03372887349139402 0.06445485685170807
949.6574906642782 8.362828164210718 -0.03360681544942293 0.06422102718392121
959.3478732220829 8.372526963883878 -0.033485723697330314 0.06398899751472152
969.0382557798875 8.381991463072644 -0.03336558584608911 0.0637587461828653
978.7286383376922 8.391229235149567 -0.03325141129932483 0.06353043643342349
988.4190208954969 8.400247546173425 -0.033133107851379975 0.06330367684860834
998.1094034533016 8.409053369939665 -0.03301794104247543 0.0630786764530498
