-1007.7997860111063 8.767192900426165 -0.02611386464948068 0.013945872589490335
-998.1094034533016 8.768463330428927 -0.02602912751911936 0.013899608807559385
-988.4190208954969 8.769723927921763 -0.02594499019889624 0.013853662402915183
-978.7286383376922 8.770974759037081 -0.025861445732848893 0.01380802999666081
-969.0382557798875 8.772215890903782 -0.02577848728313849 0.013762708260007079
-959.3478732220829 8.77344739154077 -0.025696108127280338 0.013717693913282944
-949.6574906642782 8.774669329756161 -0.025614301655460244 0.01367298372497162
-939.9671081064735 8.77588177505201 -0.025533061367933558 0.01362857451077143
-930.2767255486688 8.777084797534295 -0.025452380872503396 0.013584463132680562
-920.5863429908641 8.778278467827928 -0.025372253882075233 0.013540646498104976
-910.8959604330594 8.779462856996576 -0.02529267421228473 0.01349712155898873
-901.2055778752547 8.780638036467083 -0.025213635779196112 0.013453885310965917
-891.51519531745 8.781804077958302 -0.025135132597068486 0.01341093479253358
-881.8248127597617 8.782961053414065 -0.02505715877618835 0.01336826708424547
-872.134430201957 8.784109034940284 -0.02506511253046808 0.013328905826861628
-862.4440476441523 8.785248094745695 -0.024987549316087102 0.013286772790021288
-852.7536650863476 8.7863783050864 -0.024910507599758158 0.013244914377362601
-843.0632825285429 8.787499738213805 -0.024833981653414935 0.013203327822821484
-833.3728999707382 8.7886124663259 -0.024757965840913373 0.013162010398845998
-823.6825174129335 8.789716561521647 -0.02468245461599862 0.013120959415691339
-813.9921348551288 8.79081209575842 -0.02460744252033155 0.013080172220731464
-804.3017522973241 8.791899140812252 -0.024532924181572366 0.013039646197786832
-794.6113697395194 8.792977768240803 -0.024458894311519392 0.012999378766467827
-784.9209871817147 8.794048049348914 -0.024385347704301077 0.01295936738153333
-775.23060462391 8.795110055156595 -0.024312279234619014 0.012919609532264047
-765.5402220661053 8.796163856369322 -0.024328585268686125 0.01288297589270487
-755.8498395083006 8.79720952335054 -0.0242558044882643 0.012843696596810531
-746.159456950496 8.798247126096268 -0.024193632843376386 0.012804969389810333
-736.4690743926913 8.799276734211645 -0.02412171771006129 0.012766178477550254
-726.7786918348866 8.800298416889358 -0.024050266465330584 0.01272762937236981
-717.0883092770819 8.801312242889844 -0.023979274213527173 0.01268931975124989
-707.3979267192772 8.802318280523144 -0.023908736134797222 0.012651247321884985
-697.7075441614725 8.803316597632358 -0.023838647483462767 0.012613409822153084
-688.0171616037842 8.804307261578566 -0.023769003586441698 0.01257580501959771
-678.3267790459795 8.805290339227195 -0.023699799841708242 0.012538430710919026
-668.6363964881748 8.806265896935633 -0.02363103171680503 0.01250128472148054
-658.9460139303701 8.807234000542191 -0.023562694747388428 0.01246436490482197
-649.2556313725654 8.808194715356166 -0.023494784535818155 0.012427669142184837
-639.5652488147607 8.809148106149062 -0.02342729674978482 0.012391195342047768
-629.874866256956 8.81009423714682 -0.023360227120974793 0.012354941439671644
-620.1844836991513 8.811033172023048 -0.023293571443771154 0.012318905396654452
-610.4941011413466 8.811964973893163 -0.02322732557398954 0.012283085200495378
-600.8037185835419 8.812889705309415 -0.023161485427647472 0.012247478864168153
-591.1133360257372 8.813807428256704 -0.023096046979766423 0.01221208442570316
-581.4229534679325 8.814718204149163 -0.023031006263205048 0.012176899947778276
-571.7325709101278 8.81562209382747 -0.02296635936752299 0.012141923517318088
-562.0421883523231 8.81651915755683 -0.022902102437873873 0.01210715324510134
-552.3518057945184 8.817409455025564 -0.022838231673926863 0.012072587265376378
-542.6614232367137 8.818293045344314 -0.02277474332881555 0.012038223735484388
-532.971040678909 8.819169987045775 -0.02271163370811348 0.012004060835490216
-523.2806581211044 8.820040338084974 -0.02264889916883549 0.011970096767820659
-513.5902755632997 8.820904155839981 -0.022586536118463802 0.011936329756909888
-503.8998930056114 8.821761497113117 -0.02252454101399912 0.011902758048852402
-494.2095104478067 8.822612418132593 -0.022462910361031325 0.011869379911060813
-484.519127890002 8.82345697455446 -0.022401640712840263 0.01183619363193434
-474.8287453321973 8.824295221465011 -0.02234072866951101 0.011803197520529858
-465.1383627743926 8.825127213383494 -0.022280170877074165 0.011770389906241326
-455.4479802165879 8.825953004265134 -0.022219964026665984 0.011737769138485015
-445.7575976587832 8.826772647504459 -0.022160104853708545 0.011705333586390889
-436.0672151009785 8.827586195938895 -0.022100590137109282 0.011673081638499835
-426.3768325431738 8.828393701852631 -0.022041416698479345 0.01164101170246676
-416.6864499853691 8.82919521698071 -0.02198258140137022 0.011609122204769312
-406.9960674275644 8.829990792513316 -0.021924081150528074 0.011577411590422141
-397.3056848697597 8.830780479100317 -0.021865912891165296 0.011545878322696542
-387.615302311955 8.831564326855943 -0.021808073608248747 0.011514520882845403
-377.9249197541503 8.83234238536366 -0.021750560325804233 0.01148333776983328
-368.2345371963456 8.83311470368121 -0.021693370106236728 0.011452327500071502
-358.54415463854093 8.83388133034576 -0.021636500049665938 0.011421488607158229
-348.85377208073623 8.834642313379232 -0.02157994729327666 0.01139081964162327
-339.16338952293154 8.835397700293708 -0.021523709010683716 0.011360319170677646
-329.47300696512684 8.836147538096963 -0.021467782411310813 0.01132998577796771
-319.78262440743856 8.836891873298098 -0.021412164739783867 0.011299818063334166
-310.09224184963387 8.837630751913279 -0.021356853275334136 0.011269814642573579
-300.40185929182917 8.838364219471485 -0.021301845331221092 0.011239974147207928
-290.7114767340245 8.839092321020397 -0.021247138254161062 0.011210295224254622
-281.0210941762198 8.839815101132322 -0.021192729423771532 0.011180776536002496
-271.3307116184151 8.840532603910143 -0.02113861625202662 0.011151416759791437
-261.6403290606104 8.841244872993354 -0.021084796182724207 0.011122214587795953
-251.9499465028057 8.84195195156409 -0.021031266690964223 0.0110931687268126
-242.259563945001 8.842653882353206 -0.020978025282638056 0.0110642778980511
-232.5691813871963 8.843350707646364 -0.020925069493928514 0.011035540836929252
-222.8787988293916 8.84404246929015 -0.020872396890820325 0.011006956292871352
-213.1884162715869 8.844729208698169 -0.02082000506862067 0.010978523029110183
-203.4980337137822 8.845410966857163 -0.020767891651489644 0.010950239822492441
-193.8076511559775 8.846087784333115 -0.02071605429198033 0.010922105463287545
-184.1172685981728 8.846759701277337 -0.020664490670588287 0.010894118754999774
-174.42688604036812 8.847426757432551 -0.020613198495310084 0.01086627851418359
-164.73650348256342 8.84808899213893 -0.020562175501210884 0.010838583570262187
-155.04612092475872 8.848746444340117 -0.020511419450000578 0.010811032765349116
-145.35573836695403 8.849399152589235 -0.020460928129618475 0.01078362495407297
-135.66535580926575 8.850047155054813 -0.020410699353826816 0.01075635900340534
-125.97497325146105 8.85069048952672 -0.020360730961809362 0.0107292337924901
-116.28459069365636 8.851329193422009 -0.02031102081778382 0.010702248212478784
-106.59420813585166 8.85196330379074 -0.02026156681061596 0.01067540116636551
-96.90382557804696 8.85259285732173 -0.020212366853444172 0.010648691568826283
-87.21344302024227 8.853217890348278 -0.020163418883310767 0.010622118346060644
-77.52306046243757 8.853838438853783 -0.020114720860800375 0.010595680435635975
-67.83267790463287 8.854454538477338 -0.020066270769685302 0.010569376786334376
-58.14229534682818 8.855066224519232 -0.020018066616577672 0.010543206358002048
-48.45191278902348 8.855673531946403 -0.0199701064305882 0.010517168121401224
-38.761530231218785 8.856276495397791 -0.019922388262991423 0.010491261058064428
-29.07114767341409 8.856875149189666 -0.0198749101868973 0.010465484160151238
-19.380765115609393 8.8574695273208 -0.01982767029692888 0.01043983643030726
-9.690382557804696 8.85805966347766 -0.019780666708906137 0.010414316881525498
0.0 8.858645591039435 -0.02157587801477329 0.01127762597329548
9.690382557804696 6.051738578252679 -0.048332180232131025 0.05289244989310566
19.380765115609393 6.187004576381375 -0.048075377015984494 0.05255473466322285
29.07114767341409 6.288768835975357 -0.04782187390038953 0.05222170490954122
38.761530231218785 6.372426351077115 -0.04757160237825096 0.0518932605823683
48.45191278902348 6.444320050644496 -0.047324495880896156 0.05156930449250559
58.14229534671176 6.507795991189554 -0.04708048970930403 0.051249742209352925
67.83267790451646 6.564874187115974 -0.046839520968237534 0.05093448196332468
77.52306046232115 6.616884291384082 -0.046601528503179904 0.0506234345524217
87.21344302012585 6.664756206289906 -0.04636645283988027 0.05031651325268157
96.90382557793055 6.709170170127985 -0.04613423612642489 0.05001363373237364
106.59420813573524 6.750641380042442 -0.045904822077695175 0.04971471396973668
116.28459069353994 6.789570987377281 -0.045678155922100803 0.04941967417409291
125.97497325134464 6.826278479713291 -0.04545418435048053 0.049128436710177636
135.66535580914933 6.861023132440759 -0.04523285546706719 0.04884092602553265
145.35573836695403 6.894018725230881 -0.04501411874242129 0.048557068580819394
155.04612092475872 6.925443939354394 -0.044797924968240505 0.04827679278291606
164.73650348256342 6.9554498901287465 -0.044584226213958876 0.048000028920669235
174.42688604036812 6.984165703408056 -0.04437297578505318 0.04772670910317838
184.1172685981728 7.01170272281564 -0.044164128182978456 0.04745676720049683
193.8076511559775 7.038157737205385 -0.04395763906665898 0.04719013878664018
203.4980337137822 7.063615493360618 -0.043753465215464374 0.04692676108479743
213.1884162715869 7.0881506782148955 -0.04355156449360443 0.04666657291464627
222.8787988293916 7.111829501256951 -0.043351895815879476 0.046409514641678945
232.5691813871963 7.134710971390473 -0.04315441911472633 0.046155528128449426
242.25956394488458 7.156847937340416 -0.04295909530850541 0.04590455668766058
251.94994650268927 7.1782879429722755 -0.04276588627096048 0.045656545036992804
261.64032906049397 7.221260258926106 -0.04257475480183529 0.04541143925564329
271.33071161829866 7.275830143137059 -0.04238566459855099 0.045169186742442566
281.02109417610336 7.326354123999055 -0.042198580228933 0.044929736175525294
290.71147673390806 7.373387777887398 -0.04201346710492945 0.044693037473470816
300.40185929171275 7.417377059253432 -0.041830291457280976 0.04445904175785469
310.09224184951745 7.4586859298027175 -0.04164902031110218 0.044227701317151404
319.78262440732215 7.497615666635178 -0.0414696214623365 0.04399896957193169
329.47300696512684 7.534418712535904 -0.0412920634550481 0.04377280104130068
339.16338952293154 7.5693088373233675 -0.04111631555951643 0.04354915131052559
348.85377208073623 7.602468741053981 -0.04094234775110016 0.04332797699980381
358.54415463854093 7.6340558433835275 -0.04077013068983932 0.043109235734124805
368.2345371963456 7.66420676142234 -0.04059963570076563 0.0428928861141816
377.9249197541503 7.69304082254132 -0.040430834754892245 0.042678887688289015
387.615302311955 7.72066285565705 -0.040263700450855915 0.042467200925268525
397.3056848697597 7.747165435103247 -0.04009820599718535 0.04225778718826093
406.9960674275644 7.7726307035074 -0.03993432519517104 0.042050608709430136
416.6864499853691 7.797131866796274 -0.03977203242231264 0.041845628565522625
426.3768325430574 7.820734430864147 -0.03961130261632353 0.04164281065425149
436.0672151008621 7.8434972324959755 -0.039452111259658876 0.041442119671458624
445.7575976586668 7.865473304802497 -0.03929443436457587 0.041243521089060375
455.4479802164715 7.886710608349887 -0.039138248458667424 0.04104698113369899
465.1383627742762 7.907252652381805 -0.03898353057087969 0.04085246676610814
474.82874533208087 7.927139025426381 -0.03883025821798341 0.0406599456611513
484.51912788988557 7.946405850679283 -0.03867840939148405 0.04046938618850961
494.20951044769026 7.9650861785480895 -0.03852796254495391 0.0402807573939945
503.89989300549496 7.983210326402604 -0.03838052426056848 0.040094098414208884
513.5902755632997 8.00080617373618 -0.038232806507023216 0.039909240215320205
523.2806581211044 8.01789941948527 -0.038086428921972455 0.03972622371830778
532.971040678909 8.034513807089459 -0.037941371684635995 0.03954502049816593
542.6614232367137 8.05067132193649 -0.03781687682510919 0.039365988585692395
552.3518057945184 8.066392365077029 -0.03767426070438974 0.03918832615485013
562.0421883523231 8.081695906473993 -0.03753290992577019 0.03901239525393876
571.7325709101278 8.096599620542905 -0.03739280618057609 0.03883816973170917
581.4229534679325 8.111120006320137 -0.03725393152617151 0.03866562396944474
591.1133360257372 8.125272494248323 -0.0371249124263519 0.03849489871270347
600.8037185835419 8.139071541278172 -0.0369883796606029 0.03832563645119869
610.4941011412302 8.152530715743522 -0.036853025200026604 0.03815798017294931
620.1844836990349 8.165662773263588 -0.036725566489527205 0.037992070003269617
629.8748662568396 8.17847972475108 -0.03659586976283472 0.03782761417784045
639.5652488146443 8.190992897464856 -0.036463878205763044 0.037664634359298385
649.255631372449 8.203212989916231 -0.036333001576224246 0.03750316883048465
658.9460139302537 8.215150121335983 -0.036203224507409114 0.03734319577625499
668.6363964880584 8.226813876317399 -0.036074531925698615 0.0371846938055664
678.3267790458631 8.238213345173653 -0.03594690904356816 0.0370276419411453
688.0171616036678 8.249357160480697 -0.03582034135269927 0.03687201960945718
697.7075441614725 8.260253530219547 -0.03571042522733578 0.03671804136941118
707.3979267192772 8.270910267881872 -0.03558581043907786 0.03656521621928107
717.0883092770819 8.28133481985963 -0.03546338837738992 0.03641378052058272
726.7786918348866 8.291534290401824 -0.03534078135748362 0.03626367650270898
736.4690743926913 8.301515464388888 -0.03521916268497993 0.036114904901061944
746.159456950496 8.311284828146416 -0.035098519355539474 0.03596744736898527
755.8498395083006 8.320848588495084 -0.03497883860210892 0.035821285900996966
765.5402220661053 8.330212690211653 -0.03486010788941895 0.035676402824833614
775.23060462391 8.339382832056604 -0.03474231490863618 0.0355327807937171
784.9209871817147 8.348364481507163 -0.034625447572164146 0.035390402778836316
794.611369739403 8.357162888319307 -0.03450949400858992 0.03524925206203875
804.3017522972077 8.36578309702996 -0.034394442557763215 0.035109312228715224
813.9921348550124 8.374229958496771 -0.03428028176602433 0.03497056716089634
823.6825174128171 8.382508140566154 -0.03416700038154898 0.03483300103052109
833.3728999706218 8.390622137947508 -0.03405458734982649 0.034696598292896334
843.0632825284265 8.398576281365626 -0.03394303180925905 0.034561343680332
852.7536650862312 8.406374746055329 -0.03465559048796209 0.03451660766754504
862.4440476440359 8.414021559656083 -0.03453966159200347 0.034382947000185446
872.1344302018406 8.421520609558605 -0.03442464717820079 0.034250399860245154
881.8248127596453 8.42887564975039 -0.035673767017794455 0.03445323014126779
891.51519531745 8.436090307202535 -0.03555047209137064 0.03432039688912672
901.2055778752547 8.44316808783612 -0.035431972951493536 0.03418872124602453
910.8959604330594 8.450112382102846 -0.035307677900128884 0.03405808761497041
920.5863429908641 8.456926470211263 -0.03537512105532973 0.033958353704872685
930.2767255486688 8.463613527027064 -0.03525446178230088 0.03382964399532908
939.9671081064735 8.470176626673299 -0.03513479282347956 0.03370198835620622
949.6574906642782 8.476618746853879 -0.03501610029154859 0.0335753732466721
959.3478732220829 8.482942772921806 -0.03489837058415613 0.033449785364981575
969.0382557798875 8.489151501711476 -0.034915290974456746 0.03333708229576244
978.7286383375758 8.495247645152721 -0.03484531650928097 0.0332164043116757
988.4190208953805 8.501233833683106 -0.03472908293617908 0.03309371267428525
998.1094034531852 8.507112619472178 -0.03461377955013856 0.032971998909066096
