-1007.7997860111063 8.981855752170846 -0.00026950858668068825 0.0
-998.1094034533016 8.981855752170846 -0.0002680740603748401 0.0
-988.4190208954969 8.981855752170846 -0.0002666567746549956 0.0
-978.7286383376922 8.981855752170846 -0.0002652563932229327 0.0
-969.0382557798875 8.981855752170846 -0.0002854595874371477 0.0
-959.3478732220829 8.981855752170846 -0.0002839329359320743 0.0
-949.6574906642782 8.981855752170846 -0.0002824245614915727 0.0
-939.9671081064735 8.981855752170846 -0.00028093411172394795 0.0
-930.2767255486688 8.981855752170846 -0.0002794612436368081 0.0
-920.5863429908641 8.981855752170846 -0.0002780056233187055 0.0
-910.8959604330594 8.981855752170846 -0.0002765669256337759 0.0
-901.2055778752547 8.981855752170846 -0.00027514483392875554 0.0
-891.5151953175664 8.981855752170846 -0.0002853741881167201 0.0
-881.8248127597617 8.981855752170846 -0.00029924932766968974 1.302554634789788e-07
-872.134430201957 8.981855752170846 -0.00029767769842556 1.2929331438018806e-07
-862.4440476441523 8.981855752170846 -0.0002961243679488758 1.283452751386144e-07
-852.7536650863476 8.981855752170846 -0.00029458899546847055 1.2741103763325486e-07
-843.0632825285429 8.981855752170846 -0.0003186190591961651 1.264903026496956e-07
-833.3728999707382 8.981855752170846 -0.00031692989693353496 1.255827795604428e-07
-823.6825174129335 8.981855752170846 -0.0003152604893581371 1.2468818601927045e-07
-813.9921348551288 8.981855752170846 -0.0003271454946070261 1.2380624766824572e-07
-804.3017522973241 8.981855752170846 -0.0003254150480972847 1.2293669785726132e-07
-794.6113697395194 8.981855752170846 -0.00032370473151817727 1.2207927737518447e-07
-784.9209871817147 8.981855752170846 -0.00032201417283979925 1.212337341920644e-07
-775.23060462391 8.981855752170846 -0.0003203430094789361 1.2039982321271656e-07
-765.5402220661053 8.981855752170846 -0.0003186908879950564 1.1957730603908103e-07
-755.8498395083006 8.981855752170846 -0.00031705746379810803 1.1876595074370156e-07
-746.159456950496 8.981855752170846 -0.0003154424008675784 1.179655316512202e-07
-736.4690743926913 8.981855752170846 -0.00031384537148231663 1.171758291294516e-07
-726.7786918348866 8.981855752170846 -0.00031226605596063257 1.1639662938802329e-07
-717.0883092770819 8.981855752170846 -0.00031070414241021695 1.156277242859067e-07
-707.3979267193936 8.981855752170846 -0.00030915932648746894 1.1486891114568549e-07
-697.7075441615889 8.981855752170846 -0.0003277843103003464 1.1411999257565351e-07
-688.0171616037842 8.981855752170846 -0.0003261247695444145 1.1338077629850308e-07
-678.3267790459795 8.981855752170846 -0.00032448361537523653 1.1265107498692126e-07
-668.6363964881748 8.981855752170846 -0.0003228605245227377 1.1193070610494781e-07
-658.9460139303701 8.981855752170846 -0.0003212551815371646 1.112194917562256e-07
-649.2556313725654 8.981855752170846 -0.0003196672785486635 1.1051725853730035e-07
-639.5652488147607 8.981855752170846 -0.00031809651503580326 1.0982383739647293e-07
-629.874866256956 8.981855752170846 -0.0003165425976026544 1.0913906349849878e-07
-620.1844836991513 8.981855752170846 -0.0003150052397640532 1.0846277609380202e-07
-610.4941011413466 8.981855752170846 -0.00031348416173869844 1.0779481839256872e-07
-600.8037185835419 8.981855752170846 -0.00031197909024974587 1.0713503744363365e-07
-591.1133360257372 8.981855752170846 -0.0003104897583325827 1.0648328401775832e-07
-581.4229534679325 8.981855752170846 -0.0004480901984031229 1.0583941249516036e-07
-571.7325709101278 8.981855752170846 -0.0004456062077147915 1.0520328075683781e-07
-562.0421883523231 8.981855752170846 -0.000443152200586232 1.045747500802224e-07
-552.3518057945184 8.981855752170846 -0.0004407276063672442 1.0395368503807767e-07
-542.6614232367137 8.981855752170846 -0.00043833186929540376 1.0333995340146291e-07
-532.971040678909 8.981855752170846 -0.0004359644480030432 1.027334260457328e-07
-523.2806581212208 8.981855752170846 -0.0004551325350603605 1.0213397686009947e-07
-513.5902755634161 8.981855752170846 -0.0004526620214776443 1.0154148265998255e-07
-503.8998930056114 8.981855752170846 -0.0004502205902770626 1.009558231028285e-07
-494.2095104478067 8.981855752170846 -0.00044780770292312193 1.0037688060660969e-07
-484.519127890002 8.981855752170846 -0.0004454228345332131 9.980454027093317e-08
-474.8287453321973 8.981855752170846 -0.0004430654734385872 9.923868980136336e-08
-465.1383627743926 8.981855752170846 -0.00045123699791094327 9.867921943551039e-08
-455.4479802165879 8.981855752170846 -0.00044885585320367835 9.812602187244863e-08
-445.7575976587832 8.981855752170846 -0.0004465018859687369 9.757899220394724e-08
-436.0672151009785 8.981855752170846 -0.00044417460873709364 9.703802784827187e-08
-426.3768325431738 8.981855752170846 -0.00046218675429009247 9.650302848570563e-08
-416.6864499853691 8.981855752170846 -0.000459761563505749 9.597389599691221e-08
-406.9960674275644 8.981855752170846 -0.00045736386617711237 9.545053440284008e-08
-397.3056848697597 8.981855752170846 -0.0004549931726367428 9.493284980645439e-08
-387.615302311955 8.981855752170846 -0.0004526490051593066 9.44207503370399e-08
-377.9249197541503 8.981855752170846 -0.0004503308975918362 9.391414609534819e-08
-368.2345371963456 8.981855752170846 -0.00044803839499785256 9.3412949101339e-08
-358.54415463854093 8.981855752170846 -0.0004457710533147461 9.291707324301374e-08
-348.85377208073623 8.981855752170846 -0.0004435284390238314 9.24264342273088e-08
-339.16338952304795 8.981855752170846 -0.0004413101288325537 9.194094953213514e-08
-329.47300696524326 8.981855752170846 -0.0004391157093681677 9.14605383600983e-08
-319.78262440743856 8.981855752170846 -0.0004369447768827853 9.098512159399971e-08
-310.09224184963387 8.981855752170846 -0.00043479693696879247 9.051462175303484e-08
-300.40185929182917 8.981855752170846 -0.0005131602578264754 9.004896295064879e-08
-290.7114767340245 8.981855752170846 -0.0005104635375326831 8.958807085424262e-08
-281.0210941762198 8.981855752170846 -0.0005077974806901699 8.913187264498825e-08
-271.3307116184151 8.981855752170846 -0.0005051615377995728 8.868029697992777e-08
-261.6403290606104 8.981855752170846 -0.0005025551729048598 8.823327395456079e-08
-251.9499465028057 8.981855752170846 -0.0004999778631675157 8.779073506677919e-08
-242.259563945001 8.981855752170846 -0.0004974290984570206 8.73526131820642e-08
-232.5691813871963 8.981855752170846 -0.0004949083809568819 8.69188424993109e-08
-222.8787988293916 8.981855752170846 -0.0004924152247855326 8.648935851789932e-08
-213.1884162715869 8.981855752170846 -0.0004899491556314263 8.606409800582676e-08
-203.4980337137822 8.981855752170846 -0.00048750971040170687 8.56429989686763e-08
-193.8076511559775 8.981855752170846 -0.0004850964368838576 8.52260006193521e-08
-184.1172685981728 8.981855752170846 -0.00048270889341976453 8.481304334903052e-08
-174.42688604036812 8.981855752170846 -0.0004803466485916556 8.440406869862235e-08
-164.73650348256342 8.981855752170846 -0.00047800928091941 8.399901933103277e-08
-155.04612092475872 8.981855752170846 -0.0004756963785687487 8.359783900479972e-08
-145.35573836707044 8.981855752170846 -0.00047340753906987486 8.320047254756963e-08
-135.66535580926575 8.981855752170846 -0.00047114236904596005 8.280686583120732e-08
-125.97497325146105 8.981855752170846 -0.00046890048395147336 8.241696574683608e-08
-116.28459069365636 8.981855752170846 -0.00046668150781940245 8.203072018143432e-08
-106.59420813585166 8.981855752170846 -0.0004644850730174049 8.164807799395227e-08
-96.90382557804696 8.981855752170846 -0.00046231082001236184 8.126898899355815e-08
-87.21344302024227 8.981855752170846 -0.00046015839714301954 8.089340391690869e-08
-77.52306046243757 8.981855752170846 -0.000458027460400392 8.052127440730144e-08
-67.83267790463287 8.981855752170846 -0.00045591767321561007 8.01525529937342e-08
-58.14229534682818 8.981855752170846 -0.00045382870625492334 7.978719307080854e-08
-48.45191278902348 8.981855752170846 -0.00045176023722156915 7.94251488789586e-08
-38.761530231218785 8.981855752170846 -0.00048720449908641773 7.906637548548538e-08
-29.07114767341409 8.981855752170846 -0.0005308367143365773 7.871082876578436e-08
-19.380765115609393 8.981855752170846 -0.0005282159813335719 7.835846538565001e-08
-9.690382557804696 8.981855752170846 -0.0005256234633192401 7.8009242783061e-08
0.0 5.830945928481147 -0.03457727423748817 0.04494826845889769
9.690382557804696 6.0086004974327425 -0.03432363913823303 0.044616844199965325
19.380765115609393 6.1318187451720805 -0.03407370665013178 0.04429027165547555
29.07114767341409 6.22985946980596 -0.033827396193689546 0.04396844506328061
38.76153023110237 6.312583112538524 -0.033584629512124396 0.043651261713062536
48.451912788907066 6.384748895497055 -0.03414607086271088 0.04347777484574446
58.14229534671176 6.449084455709975 -0.03390427741818481 0.04316855836245535
67.83267790451646 6.50732433216474 -0.0411183385260056 0.0462977575903573
77.52306046232115 6.5606519632665785 -0.04082838928031789 0.04597188600605111
87.21344302012585 6.609917054680479 -0.04054250982461608 0.04565057051871274
96.90382557793055 6.655753817332609 -0.04026061495955026 0.04533371622460564
106.59420813573524 6.6986502834883765 -0.03998262184949392 0.04502123083810065
116.28459069353994 6.738991369945369 -0.03970844994108148 0.04471302460199526
125.97497325134464 6.777086901465274 -0.039438020885093926 0.04440901020149501
135.66535580914933 6.813190553037056 -0.039240304982004925 0.0441091026816833
145.35573836695403 6.84751306624811 -0.03897662449617245 0.04381321936831589
155.04612092475872 6.880231721872165 -0.03873963752191033 0.043522766922877494
164.73650348256342 6.9114972878091105 -0.0384827710152584 0.04323468175596156
174.42688604036812 6.941439218533502 -0.043170146613174996 0.04295038587262362
184.1172685981728 6.970169615145188 -0.04288367464236299 0.0426698049869614
193.8076511559775 6.9977862887605005 -0.04276973006197811 0.042405358968248597
203.4980337137822 7.024375163350222 -0.04248952294175238 0.04213190111758542
213.1884162715869 7.050012184028865 -0.042212975653823585 0.041861948075196075
222.87879882927518 7.0747648496634605 -0.041940016777240394 0.041595432879941385
232.56918138707988 7.098693456331527 -0.04167057674161257 0.04133229026591861
242.25956394488458 7.121852115554574 -0.041404587767448923 0.04107245660916121
251.94994650268927 7.1442895951918794 -0.04114198380876222 0.04081586987630704
261.64032906049397 7.193828974918652 -0.040882700497887545 0.040562469575195645
271.33071161829866 7.2482075380330135 -0.04062667509239658 0.04031219670729268
281.02109417610336 7.298794439030474 -0.04037384642401831 0.040064993721866435
290.71147673390806 7.346083935887317 -0.04012415484947812 0.039820804471840984
300.40185929171275 7.390477437619771 -0.039877542203171426 0.039579574171255495
310.09224184951745 7.432305693845557 -0.03963395175159252 0.03934124935426132
319.78262440732215 7.471844640164277 -0.03939332814944279 0.039105777835592874
329.47300696512684 7.509326981770564 -0.040291631526775805 0.03887310867245051
339.16338952293154 7.544950835614083 -0.0400484363117955 0.0386431921277371
348.85377208073623 7.57888629392202 -0.039808171521639714 0.038415979634592486
358.54415463854093 7.6112804880163765 -0.03957078431310309 0.038191423762172626
368.2345371963456 7.642261550027515 -0.03933622311050396 0.037969478182622717
377.9249197541503 7.671941751278946 -0.03910443756776433 0.0377500976391962
387.615302311955 7.70042001645757 -0.03886649478012742 0.037533456185018535
397.3056848697597 7.727783958178615 -0.038876625791658 0.03733714687544306
406.996067427448 7.754111538568424 -0.03865120318393437 0.03712506569216634
416.6864499852527 7.7794724375719655 -0.03842839086952481 0.03691538059159815
426.3768325430574 7.8039291883174515 -0.03821247596326527 0.03670845480837099
436.0672151008621 7.827538125750553 -0.03847574459603599 0.03655451649684943
445.7575976586668 7.850350184297265 -0.038312973070799776 0.03635140192716347
455.4479802164715 7.872411572512292 -0.038096223932072903 0.03615053275594423
465.1383627742762 7.893764346764111 -0.03788192615703117 0.03595187194098554
474.82874533208087 7.914446901499487 -0.0376700381854614 0.03575538325074886
484.51912788988557 7.934494390153823 -0.037460519396285384 0.03556103124229568
494.20951044769026 7.95393908806954 -0.03725333008102965 0.03536878123993733
503.89989300549496 7.972810706663621 -0.03704843141819519 0.03517859931457514
513.5902755632997 7.991136666408731 -0.0368457854484916 0.03499045226370502
523.2806581211044 8.00894233485715 -0.036645355050901544 0.034804307592061504
532.971040678909 8.026251234866196 -0.036447103919542936 0.034620133492877785
542.6614232367137 8.043085227319812 -0.03625099654129793 0.03443789882973879
552.3518057945184 8.05946467193944 -0.03605699817417886 0.03425757311900544
562.0421883523231 8.075408569204328 -0.03586507482640295 0.03407912651278936
571.7325709101278 8.090934685930922 -0.03567519323614863 0.03390252978245805
581.4229534679325 8.106059666672587 -0.03548732085196742 0.033727754302651104
591.1133360256208 8.120799132778545 -0.03530142581382896 0.03355477203579128
600.8037185834255 8.135167770683832 -0.03533484830175545 0.033383555517060556
610.4941011412302 8.149179410773485 -0.03515120947779954 0.03321407783985488
620.1844836990349 8.162847097981723 -0.0349694799322833 0.03304631264166031
629.8748662568396 8.176183155121274 -0.03478962987894566 0.032880234090365786
639.5652488146443 8.1891992398068 -0.03461163015168361 0.032715816870985466
649.255631372449 8.201906395720616 -0.034435452188382974 0.032553036172777876
658.9460139302537 8.214315098871168 -0.03426106801525657 0.03239186767674848
668.6363964880584 8.226435299411275 -0.03408845023167121 0.032232287543522344
678.3267790458631 8.238276459511377 -0.03391757199544538 0.03207427240157386
688.0171616036678 8.249847587721346 -0.03374840700860087 0.031917799335801765
697.7075441614725 8.261157270201261 -0.03358092950355163 0.03176284587643743
707.3979267192772 8.272213699155463 -0.03379454710313529 0.03160938998827509
717.0883092770819 8.283024698764477 -0.0336275800626232 0.03145741006021333
726.7786918348866 8.293597748874552 -0.03353212109059032 0.03130688489509723
736.4690743926913 8.303940006674624 -0.03336792138223923 0.03115779369985124
746.159456950496 8.314058326564005 -0.03320533434769266 0.03101011607589304
755.8498395083006 8.32395927839124 -0.033044336134372694 0.030863832009819108
765.5402220661053 8.333649164224335 -0.03288490336286721 0.030718921864353047
775.23060462391 8.343134033794922 -0.03272701311509789 0.030575366369548142
784.9209871815983 8.35241969874324 -0.03257064292284933 0.030433146614237384
794.611369739403 8.361511745777943 -0.03241577075663481 0.030292244037712905
804.3017522972077 8.370415548850286 -0.03226237501491498 0.030152640421652697
813.9921348550124 8.379136280435523 -0.032110434513619564 0.030014317882253012
823.6825174128171 8.387678922000962 -0.03195992847598914 0.02987725886258492
833.3728999706218 8.39604827373414 -0.0318108365227149 0.029741446125158066
843.0632825284265 8.404248963596356 -0.031663138662367626 0.029606862744686387
852.7536650862312 8.412285455760342 -0.031516815282105884 0.02947349210104986
862.4440476440359 8.420162058484939 -0.03137184713865398 0.029341317872445653
872.1344302018406 8.427882931474471 -0.03122821534954017 0.02921032402872299
881.8248127596453 8.435452092765809 -0.031085901384586497 0.029080494824896136
891.51519531745 8.442873425181975 -0.03094488705764158 0.028951814794829556
901.2055778752547 8.45015068238738 -0.030805154518548206 0.028824268745090472
910.8959604330594 8.45728749457651 -0.03066668624533787 0.02869784174896309
920.5863429908641 8.464287373824824 -0.030529465036644714 0.028572519140620176
930.2767255486688 8.471153719128 -0.030393474004331508 0.02844828650944652
939.9671081064735 8.477889821153253 -0.030258696566320836 0.02832512969451025
949.6574906642782 8.484498866724214 -0.030125116439624594 0.028203034779177245
959.3478732220829 8.490983943059083 -0.029992717633565424 0.02808198808586428
969.0382557797711 8.497348041779714 -0.029861484443185423 0.027961976170928386
978.7286383375758 8.50359406270848 -0.029731401442826755 0.02784298581967972
988.4190208953805 8.50972481746654 -0.029602453479901786 0.02772500404153547
