-1007.7997860109899 11.307483508492062 -0.001250546513140552 0.0
-998.1094034531852 11.307483484556368 -0.0012443795164837903 0.0
-988.4190208953805 11.307483457302206 -0.0012382744955826304 0.0
-978.7286383375758 11.307483426350736 -0.0012322304697896683 0.0
-969.0382557798875 11.307483391290122 -0.0012262464813998211 0.0
-959.3478732220829 11.307483351673719 -0.0012203215948540591 0.0
-949.6574906642782 11.307483307018286 -0.0012144548959842883 0.0
-939.9671081064735 11.307483256802161 -0.0012086454912951484 0.0
-930.2767255486688 11.30748320046348 -0.0012028925072812423 0.0
-920.5863429908641 11.307483137398401 -0.0011971950897770275 0.0
-910.8959604330594 11.30748306695933 -0.0011915524033372913 0.0
-901.2055778752547 11.307482988453222 -0.0011859636306462387 0.0
-891.51519531745 11.307482901139858 -0.0011804279719533934 0.0
-881.8248127596453 11.30748280423025 -0.001174944644534628 0.0
-872.1344302018406 11.30748269688501 -0.001169512882176814 0.0
-862.4440476440359 11.307482578212852 -0.001164131934684646 0.0
-852.7536650862312 11.307482447269116 -0.001158801067408362 0.0
-843.0632825284265 11.3074823030544 -0.0011535195607911284 0.0
-833.3728999706218 11.307482144513239 -0.0011482867099349761 0.0
-823.6825174128171 11.3074819705329 -0.0011431018241842559 0.0
-813.9921348550124 11.30748177994226 -0.0011379642267256357 0.0
-804.3017522972077 11.307481571510777 -0.0011328732542037509 0.0
-794.611369739403 11.307481343947574 -0.0011278282563516777 0.0
-784.9209871817147 11.307481095900624 -0.0011228285956354997 0.0
-775.23060462391 11.307480825956066 -0.0011178736469118955 0.0
-765.5402220661053 11.307480532637605 -0.0011129627970989649 0.0
-755.8498395083006 11.307480214406073 -0.0011080954448584597 0.0
-746.159456950496 11.30747986965909 -0.0011032710002897358 0.0
-736.4690743926913 11.307479496730842 -0.0010984888846345012 0.0
-726.7786918348866 11.307479093892011 -0.0015076756376997704 5.413261171988582e-05
-717.0883092770819 11.307478659349833 -0.0014973259821705034 5.339364931611446e-05
-707.3979267192772 11.307478191248258 -0.001487169175448292 5.267459031197789e-05
-697.7075441614725 11.30747768766828 -0.0014771986135262646 5.197464126805168e-05
-688.0171616036678 11.307477146628369 -0.0014674080204613413 5.129305036529171e-05
-678.3267790458631 11.307476566085047 -0.001457791427536777 5.06291047113303e-05
-668.6363964880584 11.3074759439336 -0.0015168237931289829 4.998212785330353e-05
-658.9460139302537 11.307475278008917 -0.0015066085095176566 4.935147747897097e-05
-649.255631372449 11.307474566086425 -0.0014965758947965081 4.8736543289703626e-05
-639.5652488146443 11.307473805883212 -0.0014867200422813355 4.813674503053436e-05
-629.8748662568396 11.30747299505921 -0.0014770353211130624 4.755153066390384e-05
-620.1844836990349 11.307472131218544 -0.0014675163597804416 4.6980374675021187e-05
-610.4941011412302 11.307471211910967 -0.0014581580308250025 4.6422776497903666e-05
-600.8037185834255 11.307470234633433 -0.001448955436629956 4.587825905218769e-05
-591.1133360257372 11.307469196831759 -0.0015011823829300572 4.534636738172682e-05
-581.4229534679325 11.307468095902411 -0.0015447577548179665 4.614143995467504e-05
-571.7325709101278 11.30746692919438 -0.0015344629709668717 4.561559117798386e-05
-562.0421883523231 11.30746569401115 -0.001524347101196403 4.5101606043148866e-05
-552.3518057945184 11.307464387612793 -0.0015144046137563452 4.459908704006043e-05
-542.6614232367137 11.307463007218093 -0.0016894365477231326 4.410765424715924e-05
-532.971040678909 11.3074615500068 -0.0016773053442427483 4.362694436766599e-05
-523.2806581211044 11.307460013121949 -0.0016654001405962278 4.315660982861665e-05
-513.5902755632997 11.30745839367224 -0.0016789349203454314 4.269631793796929e-05
-503.89989300549496 11.307456688734506 -0.0016671195063614954 4.2245750095452025e-05
-494.20951044769026 11.307454895356214 -0.0016555181732539068 4.180460105318982e-05
-484.51912788988557 11.307453010558028 -0.0016441241874580992 4.1372578222477775e-05
-474.82874533208087 11.307451031336466 -0.0016329311155926889 4.094940102336757e-05
-465.1383627742762 11.307448954666523 -0.0016219328073821325 4.0534800274009877e-05
-455.4479802164715 11.307446777504396 -0.0016111233797509593 4.0128517616940825e-05
-445.7575976586668 11.307444496790229 -0.0016004972019958972 3.9730304979726316e-05
-436.0672151008621 11.307442109450855 -0.001590048881950762 3.9339924067582955e-05
-426.3768325430574 11.30743961240261 -0.0015797732530666193 3.8957145885783224e-05
-416.6864499852527 11.307437002554108 -0.0015696653623366323 3.85817502898207e-05
-406.9960674275644 11.307434276809087 -0.0015597204590013136 3.8213525561473744e-05
-397.3056848697597 11.307431432069212 -0.0028631103405438976 0.0008306132679212541
-387.615302311955 11.307428465236892 -0.002835756313067312 0.0008195602976361642
-377.9249197541503 11.307425373218148 -0.0028090240766098507 0.0008087988215681007
-368.2345371963456 11.307422152925358 -0.002782890985256728 0.0007983174262297447
-358.54415463854093 11.307418801280107 -0.002757335513907304 0.000788105287478256
-348.85377208073623 11.30741531521594 -0.0027323371887937715 0.0007781521329097283
-339.16338952293154 11.307411691681152 -0.0027078765231465128 0.0007684482070995349
-329.47300696512684 11.307407927641492 -0.0026839349575644624 0.0007589842394402743
-319.78262440732215 11.307404020082885 -0.002660494804691747 0.0007497514143534807
-310.09224184951745 11.307399966014097 -0.0026375391978401995 0.0007407413436730478
-300.40185929171275 11.30739576246937 -0.0026150520432315313 0.0007319460410177474
-290.71147673390806 11.307391406511005 -0.002593017975563501 0.0007233578979875744
-281.02109417610336 11.307386895231923 -0.0028102092645500175 0.0007408130484976277
-271.33071161829866 11.307382225758156 -0.002785793554006439 0.0007322666647327802
-261.64032906049397 11.307377395251295 -0.0027618757885987323 0.0007239160835513127
-251.94994650268927 11.307372400910877 -0.002738439678422184 0.0007157546283823307
-242.25956394488458 11.307367239976747 -0.0027154696614096817 0.0007077759236993348
-232.56918138707988 11.307361909731316 -0.0026929508623716653 0.0006999738781971317
-222.8787988293916 11.307356407501784 -0.002717452224675698 0.0006923426690872427
-213.1884162715869 11.307350730662304 -0.0026951639185491777 0.0006848767274252767
-203.4980337137822 11.307344876636067 -0.0026733027633139045 0.0006775707243931163
-193.8076511559775 11.307338842897316 -0.002651855610128419 0.0006704195584623686
-184.1172685981728 11.307332626973338 -0.002630809864196984 0.0006634183433748075
-174.42688604036812 11.307326226446301 -0.002610153455305802 0.000656562396879186
-164.73650348256342 11.30731963895511 -0.0026145583515659243 0.0006498472301694068
-155.04612092475872 11.307312862197126 -0.002594311897413409 0.0006432685379735408
-145.35573836695403 11.307305893929833 -0.0025744303931919893 0.0006368221892472643
-135.66535580914933 11.307298731972468 -0.002554903254100518 0.0006305042184290676
-125.97497325134464 11.3072913742075 -0.002588076327596916 0.0006243108172179954
-116.28459069353994 11.307283818582105 -0.002568515459569023 0.000618238326837776
-106.59420813573524 11.307276063109528 -0.002549298771872377 0.0006122832307540352
-96.90382557793055 11.307268105870373 -0.002530416482850444 0.000606442147813889
-87.21344302012585 11.307259945013827 -0.0025118591944275235 0.0006007118257795435
-77.52306046232115 11.307251578758821 -0.002493617872961499 0.0005950891352297212
-67.83267790451646 11.307243005395064 -0.002475683831257606 0.0005895710638046726
-58.14229534671176 11.307234223284064 -0.0024580487116602767 0.0005841547107723848
-48.451912788907066 11.30722523086003 -0.002440704470146928 0.0005788372818952057
-38.761530231218785 11.307216026630723 -0.0024236433613539807 0.0005736160845777311
-29.07114767341409 11.307206609178216 -0.00240685792446958 0.0005684885232777381
-19.380765115609393 11.307196977159558 -0.002390340969936881 0.0005634520951645466
-9.690382557804696 11.307187129307408 -0.0023740855669092936 0.0005585043860081833
0.0 8.679183512932024 -0.03677390795016263 0.02976289943458001
9.690382557804696 8.92100842989898 -0.03628982219511127 0.029360640046697847
19.380765115609393 9.073404681162573 -0.035818553765864965 0.028969135341401147
29.07114767341409 9.18951943524945 -0.0353595968856567 0.028587959060242998
38.761530231218785 9.284629227211775 -0.03491247211997312 0.028216707198364853
48.45191278902348 9.365678449488929 -0.034476724681059674 0.0278549965701113
58.14229534682818 9.436513631346974 -0.034051922861829266 0.02750246348422092
67.83267790463287 9.499525535678238 -0.033637656587790804 0.027158762518947437
77.52306046243757 9.556318090241316 -0.033233536076744265 0.02682356538842435
87.21344302024227 9.608027793589622 -0.03283919059699548 0.026496559892438667
96.90382557804696 9.655493750282751 -0.032454267315739097 0.02617744894253882
106.59420813585166 9.6993557089694 -0.032078430230058734 0.02586594965807968
116.28459069365636 9.740114165226066 -0.03171135917370705 0.025561792526413128
125.97497325146105 9.778169050875457 -0.031352748893468264 0.025264720621974487
135.66535580926575 9.81384565179656 -0.031002308189478182 0.024974488879500323
145.35573836707044 9.847412555939274 -0.03065975911439085 0.024690863417048993
155.04612092475872 9.879094434329206 -0.03032483622674642 0.02441362090488944
164.73650348256342 9.909081360205112 -0.029997285894282532 0.024142547976652953
174.42688604036812 9.937535742098943 -0.029676865643389054 0.02387744067952847
184.1172685981728 9.964597572582537 -0.029363343551103146 0.023618103960452146
193.8076511559775 9.990388464207259 -0.029056497676486808 0.02336435118561583
203.4980337137822 10.015014797360754 -0.028756115528419352 0.023116003690782486
213.1884162715869 10.038570207894404 -0.02846199356711474 0.022872890360130668
222.8787988293916 10.061137576786649 -0.028173936736894868 0.022634847231538014
232.5691813871963 10.082790638967847 -0.02789175802795478 0.022401717126386795
242.259563945001 10.103595297027457 -0.027615278065040823 0.022173349302131953
251.9499465028057 10.123610703446294 -0.027344324721132147 0.021949599126014813
261.6403290606104 10.142890159278831 -0.02801111114271876 0.021730327768435607
271.3307116184151 10.161481865857475 -0.03127967309232845 0.02151540191461634
281.0210941762198 10.179429557764747 -0.030963789227904225 0.021304693493293322
290.7114767340245 10.19677303912397 -0.030654430340839485 0.021098079421276953
300.40185929182917 10.213548640587971 -0.030391150408712594 0.02089707028044456
310.09224184963387 10.22978961084193 -0.03009369432277156 0.020698272284118892
319.78262440743856 10.24552645368987 -0.029802187824928217 0.02050322757120354
329.47300696524326 10.260787219658122 -0.02951644993069223 0.020311830714327718
339.16338952293154 10.27559775937279 -0.02923630708611755 0.020123980201428072
348.85377208073623 10.289981944645238 -0.028984398186689596 0.01994031598900615
358.54415463854093 10.303961862141778 -0.028714644145575546 0.01975925841998181
368.2345371963456 10.317557983675194 -0.028491406895668717 0.019583021289794833
377.9249197541503 10.335847696806143 -0.028231190426336573 0.0194083826599147
387.615302311955 10.354280187136435 -0.027975822633683214 0.019236836379999896
397.3056848697597 10.372043351667148 -0.027725166345335565 0.019068300938162135
406.9960674275644 10.38918099837397 -0.027479089616572003 0.01890269766489794
416.6864499853691 10.405732872063352 -0.02723746547875481 0.018739950610177785
426.3768325431738 10.421735121617466 -0.027000171702438774 0.018579986426862278
436.0672151009785 10.437220702448831 -0.026776154476961817 0.018423287686907593
445.7575976587832 10.452219724833094 -0.026547048779868472 0.018268671509411534
455.4479802165879 10.466759756762459 -0.026324295141910644 0.018116691829377352
465.1383627743926 10.480866088367199 -0.02610303829741548 0.017967165996995375
474.8287453321973 10.494561963687401 -0.025943021994208403 0.017822756589092017
484.519127890002 10.50786878456729 -0.0257284642140992 0.017678038280118824
494.2095104478067 10.520806290633098 -0.0255317560250606 0.01753603086517695
503.8998930056114 10.533392718659922 -0.025324142928893578 0.017395921059301534
513.5902755634161 10.545644944100115 -0.025119967999755095 0.017258035782537148
523.2806581211044 10.557578607110376 -0.024919144908179734 0.01712232241061831
532.971040678909 10.569208225057984 -0.024721590241035724 0.016988729967828384
542.6614232367137 10.580547293188667 -0.024527223377246967 0.01685720906289478
552.3518057945184 10.59160837489855 -0.024335966369912244 0.01672771182784005
562.0421883523231 10.602403182843718 -0.024147743834466447 0.016600191859653533
571.7325709101278 10.612942651953194 -0.023962482842505708 0.016474604164623857
581.4229534679325 10.62323700526637 -0.02378011282094033 0.01635090510519307
591.1133360257372 10.633295813394907 -0.023600565456160492 0.016229052349199826
600.8037185835419 10.643128048306222 -0.02342377460292145 0.01610900482138746
610.4941011413466 10.652742132038153 -0.023249676197674117 0.015990722657059427
620.1844836991513 10.662145980879462 -0.02307820817608615 0.0158741671577721
629.874866256956 10.671347045486677 -0.022965143120095306 0.015762222517975624
639.5652488147607 10.680352347352356 -0.02279800382243331 0.015648969279368524
649.2556313725654 10.689168511992046 -0.022633340008850148 0.015537334243351788
658.9460139303701 10.69780179917571 -0.022471096071895007 0.015427282929264591
668.6363964881748 10.70625813049325 -0.02231121808700735 0.015318781830438362
678.3267790459795 10.714543114512201 -0.022153653748054534 0.015211798379992795
688.0171616037842 10.722662069758035 -0.02196282818968369 0.015108462134608714
697.7075441615889 10.730620045723223 -0.021957175128720523 0.015004795303729694
707.3979267192772 10.738421842089743 -0.021804737257183834 0.01490214428406993
717.0883092770819 10.746072026331406 -0.021654459322362995 0.014800890308680455
726.7786918348866 10.753574949843761 -0.021686277360737655 0.014708514526348488
736.4690743926913 10.760934762737675 -0.02156272845815198 0.014610608967855928
746.159456950496 10.768155427416234 -0.021912399716729872 0.014513269713868049
755.8498395083006 10.775240731044784 -0.021760861706741626 0.014417221403939353
765.5402220661053 10.782194297012731 -0.021611516362503413 0.014322438463531347
775.23060462391 10.789019595476434 -0.021464313343356894 0.014228895991632098
784.9209871817147 10.795719953063983 -0.021319203968087397 0.014136569738597431
794.6113697395194 10.802298561815235 -0.021176141140269056 0.014045436084870187
804.3017522973241 10.808758487423463 -0.0210350792780102 0.013955472020536607
813.9921348551288 10.815102676839079 -0.020895974247773327 0.013866655125680858
823.6825174129335 10.821333965290055 -0.02075878330197336 0.013778963551501176
833.3728999707382 10.827455082769003 -0.02062346502008367 0.013692376002152722
843.0632825285429 10.833468660032118 -0.0204899792530026 0.013606871717284353
852.7536650863476 10.839377234151213 -0.020358287070454263 0.013522430455238117
862.4440476441523 10.845183253656385 -0.0202283507112163 0.013439032476881939
872.134430201957 10.850889083303489 -0.02010013353598441 0.013356658530047433
881.8248127597617 10.85649700849756 -0.019973599982698678 0.01327528983454641
891.51519531745 10.862009239400539 -0.019848715524172562 0.013194908067741614
901.2055778752547 10.867427914749564 -0.02072607322770071 0.013266740823618946
910.8959604330594 10.872755105408517 -0.020590745548230635 0.013186217743668238
920.5863429908641 10.877992817675706 -0.020457336158764716 0.013106684699559022
930.2767255486688 10.883142996366372 -0.020325799678774566 0.013028122856466753
939.9671081064735 10.888207527688477 -0.020196092345881822 0.012950513888164197
949.6574906642782 10.893188241928057 -0.02006817193507071 0.012873839957969513
959.3478732220829 10.898086915959299 -0.019941997683162353 0.012798083700675707
969.0382557798875 10.902905275592966 -0.019817530218130115 0.012723228205394004
978.7286383376922 10.907644997775863 -0.019694731492875258 0.012649256999249627
988.4190208954969 10.91230771265275 -0.01957356472311683 0.01257615403187368
