-1007.7997860111063 9.975685235193142 -0.0024205939378846063 0.0007659560642838544
-998.1094034533016 9.975598400625074 -0.0024065221472101906 0.0007619914475242891
-988.4190208954969 9.975509035633976 -0.0023926182127150687 0.0007580677716687019
-978.7286383376922 9.975417130323082 -0.002378879042566759 0.0007541844039141781
-969.0382557798875 9.97532267676017 -0.0023653016232240516 0.0007503407244751909
-959.3478732220829 9.975225668974092 -0.0023518830168836767 0.0007465361262493819
-949.6574906642782 9.975126102947886 -0.0023386203590296424 0.0007427700144936099
-939.9671081064735 9.975023976608599 -0.0023255108560803176 0.000739041806509929
-930.2767255486688 9.974919289813924 -0.0038052138608257687 0.0015272721436308137
-920.5863429908641 9.974812044335811 -0.00375374552932837 0.001503108830317312
-910.8959604330594 9.974702243841175 -0.0037043741123054053 0.0014800172220199555
-901.2055778752547 9.974589893869833 -0.0036569529071662837 0.0014579202923647283
-891.51519531745 9.974475001809829 -0.0036113491300847986 0.001436748378002451
-881.8248127596453 9.974357576870252 -0.0035674422880788786 0.0014164383156503777
-872.1344302018406 9.974237630051755 -0.003525122774864273 0.0013969326978259798
-862.4440476440359 9.974115174114823 -0.003484290655378773 0.0013781792286505
-852.7536650862312 9.973990223546028 -0.0034448546100298663 0.0013601301643659397
-843.0632825285429 9.973862794522347 -0.0034067310146869115 0.0013427418258448278
-833.3728999707382 9.973732904873701 -0.003369843136464508 0.0013259741725080874
-823.6825174129335 9.973600574043877 -0.0033341204286360926 0.0013097904288122903
-813.9921348551288 9.973465823049926 -0.0032994979106882125 0.0012941567558859266
-804.3017522973241 9.973328674440218 -0.0032659156217515204 0.001279041962073952
-794.6113697395194 9.973189152251235 -0.0032333181374590357 0.0012644172471131519
-784.9209871817147 9.973047281963284 -0.003201654141797727 0.001250255975464624
-775.23060462391 9.972903090455208 -0.003170876046777322 0.0012365334749969965
-765.5402220661053 9.972756605958262 -0.003140939653791256 0.0012232268577716185
-755.8498395083006 9.972607858009217 -0.003111803851425628 0.0012103148601482127
-746.159456950496 9.972456877402877 -0.0030834303452128577 0.0011977776998225438
-736.4690743926913 9.972303696144044 -0.0030557834154519635 0.001185596947739354
-726.7786918348866 9.972148347399113 -0.003028829699746495 0.0011737554131043778
-717.0883092770819 9.97199086544733 -0.003002537997360511 0.0011622370399577673
-707.3979267192772 9.971831285631875 -0.002976879092875485 0.0011510268139740703
-697.7075441614725 9.971669644310811 -0.00295182559695785 0.001140110678327263
-688.0171616036678 9.97150597880803 -0.002927351802326512 0.0011294754576077288
-678.3267790458631 9.971340327364267 -0.0029034335532499554 0.001119108788905451
-668.6363964880584 9.97117272908824 -0.0028800481271092026 0.0011089990592833656
-658.9460139303701 9.971003223908056 -0.0028571741267416025 0.001099135348959548
-649.2556313725654 9.970831852522883 -0.0028347913824327475 0.0010895073795978705
-639.5652488147607 9.970658656355017 -0.002812880862563349 0.0010801054671802643
-629.874866256956 9.970483677502372 -0.0027914245920244605 0.0010709204789911306
-620.1844836991513 9.970306958691472 -0.0027704055776253222 0.0010619437943023115
-610.4941011413466 9.970128543230997 -0.0027498077398005177 0.001053167268391349
-600.8037185835419 9.969948474965944 -0.002761028867698817 0.001045545046349244
-591.1133360257372 9.969766798232442 -0.002740413101524096 0.0010371211789886041
-581.4229534679325 9.969583557813264 -0.0027202164133534874 0.0010288768391970662
-571.7325709101278 9.96939879889411 -0.002700422746704197 0.0010208053889300798
-562.0421883523231 9.969212567020644 -0.002681016986661698 0.0010129005350205228
-552.3518057945184 9.969024908056387 -0.002661984883988927 0.001005156306413811
-542.6614232367137 9.968835868141428 -0.004464433072152106 0.0014004954555544482
-532.971040678909 9.968645493652051 -0.004399307432194897 0.0013827008326959432
-523.2806581211044 9.968453831161256 -0.004336862483208524 0.0013655695433267136
-513.5902755632997 9.968260927400204 -0.004276914851516678 0.0013490586616815205
-503.89989300549496 9.968066829220628 -0.00421929816308891 0.0013331291257798195
-494.20951044769026 9.967871583558207 -0.004163861090210094 0.0013177453002203928
-484.51912788988557 9.967675237396923 -0.004110465663109338 0.0013028745978194223
-474.82874533208087 9.967477837734416 -0.004058985805418424 0.0012884871509928086
-465.1383627743926 9.967279431548349 -0.004122459924945213 0.00128450183826483
-455.4479802165879 9.967080065763767 -0.004693514713369151 0.0013755471724806925
-445.7575976587832 9.96687978722151 -0.004628393490128915 0.0013595164082885784
-436.0672151009785 9.966678642647611 -0.004565713914614324 0.0013440183266657285
-426.3768325431738 9.966476678623744 -0.004505324905255937 0.0013290222527520632
-416.6864499853691 9.966273941558677 -0.004585271790763328 0.0013241650427609861
-406.9960674275644 9.966070477660763 -0.004525481364132053 0.0013098402779532512
-397.3056848697597 9.965866332911427 -0.004467780211387095 0.001295951995970099
-387.615302311955 9.965661553039684 -0.004750398812365336 0.0012824770843111806
-377.9249197541503 9.965456183497656 -0.004687919849652086 0.0012693941512170312
-368.2345371963456 9.965250269437071 -0.004627621964646927 0.0012566833626048621
-358.54415463854093 9.965043855686776 -0.004569379282809442 0.001244326297619544
-348.85377208073623 9.964836986731198 -0.004513075897639411 0.0012323058203276996
-339.16338952293154 9.964629706689795 -0.004458604876760981 0.001220605965455594
-329.47300696512684 9.964422059297446 -0.004405867386854606 0.0012092118363815703
-319.78262440732215 9.964214087885777 -0.00435477192093217 0.0011981095138527233
-310.09224184951745 9.964005835365423 -0.004305233614051939 0.0011872859741126965
-300.40185929171275 9.96379734420919 -0.004257173635713871 0.0011767290153101343
-290.71147673390806 9.963588656436118 -0.004210518648951079 0.0011664271912118361
-281.0210941762198 9.963379813596417 -0.004165200327610024 0.0011563697513754419
-271.3307116184151 9.963170856757255 -0.004132860938514332 0.0011469770182975733
-261.6403290606104 9.96296182648942 -0.0040897315695634685 0.001137367680585643
-251.9499465028057 9.96275276285477 -0.004047774582327855 0.0011279746760293327
-242.259563945001 9.962543705394506 -0.004006936728260828 0.0011187895051974098
-232.5691813871963 9.96233469311824 -0.0039671681079711165 0.0011098041432705626
-222.8787988293916 9.962125764493834 -0.003928421904219343 0.0011010110060141617
-213.1884162715869 9.961916957437968 -0.0038906541406069912 0.0010924029187121746
-203.4980337137822 9.961708309307463 -0.003853823463065078 0.001083973087760268
-193.8076511559775 9.961499856891313 -0.0038178909416227633 0.001075715074651307
-184.1172685981728 9.961291636403402 -0.003782819890254839 0.0010676227721171045
-174.42688604036812 9.961083683475897 -0.0037485757028803963 0.0010596903822169975
-164.73650348256342 9.960876033153305 -0.003715125703820088 0.0010519123961869993
-155.04612092475872 9.96066871988715 -0.003706255594445576 0.001044978941385664
-145.35573836695403 9.960461777531284 -0.003673690260441137 0.0010374764123429023
-135.66535580914933 9.96025523933777 -0.0036418620986671062 0.001030114214903723
-125.97497325134464 9.960049137953373 -0.0036107426439261196 0.0010228877593962105
-116.28459069353994 9.959843505416586 -0.00358030499967558 0.001015792672051678
-106.59420813573524 9.959638373155205 -0.0035505237242075124 0.0010088247817566392
-96.90382557804696 9.959433771984424 -0.005730248026509686 0.0010019801078138824
-87.21344302024227 9.959229732105424 -0.005645397457860382 0.0009952548486191382
-77.52306046243757 9.959026283104473 -0.005563934384430072 0.0009886453711717672
-67.83267790463287 9.958823453952462 -0.005485634505460536 0.0009821482013439738
-58.14229534682818 9.958621273004907 -0.005410293840357213 0.0009757600148437179
-48.45191278902348 9.958419768002368 -0.005337726430349021 0.0009694776288115675
-38.761530231218785 9.958218966071309 -0.00894799972479892 0.0009632979939982844
-29.07114767341409 9.958018893725326 -0.00878628507378133 0.0009572181874751895
-19.380765115609393 9.95781957686677 -0.008631577092105948 0.0009512354058339099
-9.690382557804696 9.957621040788736 -0.008483400969417684 0.0009453469588363943
0.0 1.1707289085871242 -0.08094460991285138 0.05409395011385898
9.690382557804696 1.7141640170882564 -0.07893537633313932 0.05271707948310092
19.380765115609393 2.0996086334050093 -0.07702568385099107 0.05140925746628162
29.07114767341409 2.411996111422166 -0.0752082712945937 0.050165406815466176
38.761530231218785 2.67951710694196 -0.07347656855175817 0.04898093640765655
48.45191278902348 2.9157544955998773 -0.0718246161708079 0.04785168441512104
58.14229534682818 3.1285096748654464 -0.07024699593930236 0.04677386926634372
67.83267790463287 3.322763029919881 -0.0687387707298017 0.04574404717940486
77.52306046243757 3.5019291435898436 -0.06729543220006788 0.044759075262543954
87.21344302012585 3.6684731016063346 -0.06591285517605927 0.04381607934862906
96.90382557793055 3.8242456176089723 -0.06458725774162324 0.042912425869738854
106.59420813573524 3.970679584499025 -0.063315166218778 0.04204569719210321
116.28459069353994 4.108912303108939 -0.062093384352740116 0.04121366992447573
125.97497325134464 4.239865130933207 -0.06098578493523008 0.04041696166288404
135.66535580914933 4.364297408802969 -0.05985428642009362 0.039648281802268176
145.35573836695403 4.482844156707906 -0.058765003469178775 0.038908621603570934
155.04612092475872 4.596043146645831 -0.05771560062866782 0.03819636385290193
164.73650348256342 4.704354803240139 -0.056703912072646676 0.037510009402838114
174.42688604036812 4.808177130422195 -0.05572792645339346 0.03684816658807067
184.1172685981728 4.907857107227406 -0.05478577334862824 0.03620954175977086
193.8076511559775 5.003699525117152 -0.05387571111253479 0.03559293080310261
203.4980337137822 5.095973937400153 -0.052996115963643974 0.034997211520767034
213.1884162715869 5.184920192762107 -0.0521454721649905 0.03442133678114237
222.8787988293916 5.270752891297311 -0.05132236317097011 0.033864328342938094
232.5691813871963 5.353665009683471 -0.05052546363156992 0.03332527127969153
242.259563945001 5.433830877972708 -0.04975353215856039 0.032803308937208196
251.9499465028057 5.511408644844968 -0.04900540477019218 0.03229763836544053
261.6403290606104 5.586542335233845 -0.04827998894123348 0.03180750617352718
271.3307116184151 5.65936358012885 -0.04757625819406986 0.031332204762952516
281.02109417610336 5.729993080489164 -0.04689324717428562 0.030871068899188732
290.71147673390806 5.798541853809743 -0.046230047160758146 0.03042347258682467
300.40185929171275 5.8651123017044995 -0.04558580196626442 0.0299888262173687
310.09224184951745 5.9297991291223635 -0.044959704189363035 0.029566573962262362
319.78262440732215 5.992690139770417 -0.04435099178301104 0.029156191386927963
329.47300696512684 6.053866927649153 -0.043758944909058066 0.02875718326426063
339.16338952293154 6.11340548091505 -0.0431828830511989 0.028369081568384653
348.85377208073623 6.171376711368781 -0.04262216236192475 0.02799144363156867
358.54415463854093 6.22784692054025 -0.042076173221626254 0.02762385044902497
368.2345371963456 6.282878211472733 -0.04154433799030201 0.02726590511793071
377.9249197541503 6.3365288537981295 -0.04102610893435964 0.026917231398432686
387.615302311955 6.388853608467564 -0.04059010264987637 0.026580886582427757
397.3056848697597 6.439904017497657 -0.040152735738937115 0.026252136648625576
406.9960674275644 6.4897286632678455 -0.03966913824527644 0.02592905852161137
416.6864499853691 6.5383734012222945 -0.03919737671452179 0.025613935997685237
426.3768325431738 6.5858815692642505 -0.038750121597622825 0.02530674300142546
436.0672151009785 6.632294176658681 -0.0383004091037393 0.02500666448164831
445.7575976587832 6.6776500748638625 -0.03786130548288399 0.024713708889181937
455.4479802165879 6.748314206558996 -0.03743243427235942 0.02442762453228017
465.1383627742762 6.8317163531182175 -0.037013436874077606 0.0241481714633888
474.82874533208087 6.911580804375756 -0.03661338983198797 0.023875289280855624
484.51912788988557 6.9881298637921985 -0.0362128902197821 0.023608418279499208
494.20951044769026 7.061566363970168 -0.03583610956489043 0.023347810129850904
503.89989300549496 7.132075920645906 -0.035452745679247444 0.023092683575991795
513.5902755632997 7.199828859112791 -0.03507772504110454 0.022843143100722448
523.2806581211044 7.264981870170509 -0.03471077418306079 0.02259900644434108
532.971040678909 7.327679441185877 -0.03435163163938906 0.022360099206475543
542.6614232367137 7.388055098953707 -0.03400004727996791 0.022126254426280502
552.3518057945184 7.446232494105773 -0.03365578168972609 0.02189731218931641
562.0421883523231 7.502326351357267 -0.033320617364799805 0.021673167697846735
571.7325709101278 7.556443305553467 -0.03299025878975925 0.02145357591171741
581.4229534679325 7.608682640024194 -0.03266779854814293 0.0212384647122216
591.1133360257372 7.659136940976239 -0.03235052946190846 0.021027660378466956
600.8037185835419 7.707892679405855 -0.03205608378737289 0.02082140845506571
610.4941011413466 7.755030730183357 -0.0317507414145452 0.020618863671429885
620.1844836991513 7.800626836462945 -0.031458246242934126 0.020420381815426897
629.874866256956 7.844752026336595 -0.03116440066538416 0.020225624532404868
639.5652488147607 7.887472987629086 -0.030876146807831496 0.02003459430893306
649.255631372449 7.928852405880887 -0.03059332392432734 0.019847184685195838
658.9460139302537 7.968949269858527 -0.030315777489854773 0.019663293226494048
668.6363964880584 8.007819148325305 -0.030043358892419575 0.019482821334460165
678.3267790458631 8.045514441319646 -0.029775925144321487 0.019305674068807257
688.0171616036678 8.082084608745122 -0.029513338611129255 0.019131759978960036
697.7075441614725 8.11757637872488 -0.029255466756968482 0.018960990944919435
707.3979267192772 8.152033937860901 -0.02900218190489171 0.01879328202677514
717.0883092770819 8.185499105274767 -0.028753361011216286 0.018628551322320323
726.7786918348866 8.218011492079608 -0.02850888545281933 0.01846671983226277
736.4690743926913 8.249608647737155 -0.028268640826471708 0.018307711332562166
746.159456950496 8.280326194584735 -0.028032516759373672 0.01815145225345658
755.8498395083006 8.310197951670371 -0.02781449894825045 0.017998191196136812
765.5402220661053 8.339256048906567 -0.027585942194692577 0.017847212180305015
775.23060462391 8.36753103244212 -0.027361215053476093 0.017698777085883497
784.9209871817147 8.395051962054191 -0.027140220291722323 0.01755282184146181
794.6113697395194 8.421846501277436 -0.026922864024413528 0.017409284514846086
804.3017522973241 8.447941000912305 -0.02670905556412256 0.017268105224279812
813.9921348551288 8.473360576488536 -0.026323122308019125 0.017129226054071696
823.6825174129335 8.498129180201683 -0.026418771740570533 0.01701946678468872
833.3728999706218 8.522269667788773 -0.026211790610248323 0.016884337607406496
843.0632825284265 8.545803860765442 -0.026008190975602915 0.016751379765815633
852.7536650862312 8.568752604400428 -0.025766653282389536 0.01662323826245586
862.4440476440359 8.59113582177714 -0.025581703740273822 0.01649458428751061
872.1344302018406 8.612972564249885 -0.025612927847772006 0.016381913946942765
881.8248127596453 8.634281058579495 -0.025416832367375585 0.016256690280690794
891.51519531745 8.655078751005485 -0.025223972402960912 0.016133410987855794
901.2055778752547 8.67538234848896 -0.025034255130089608 0.01601202950978562
910.8959604330594 8.695207857339872 -0.02484759232077489 0.015892500888897237
920.5863429908641 8.714570619423565 -0.0246638999666235 0.01577478168747572
930.2767255486688 8.733485346124738 -0.024483097946249813 0.01565882991283568
939.9671081064735 8.751966150231883 -0.024305109730459334 0.015544604948109591
949.6574906642782 8.770026575891517 -0.024129862119805143 0.015432067488038494
959.3478732220829 8.787679626769211 -0.02395728501001785 0.015321179479231796
969.0382557798875 8.804937792543171 -0.023787311181538682 0.015211904064438331
978.7286383376922 8.821813073845997 -0.023619876109983385 0.01510420553043347
988.4190208954969 8.838317005760986 -0.02345491779485498 0.014998049259179119
