-1007.7997860111063 5.440893297104932 -0.031808053679775655 3.6369982519852007e-07
-998.1094034533016 5.594956216138663 -0.03217010898100517 3.61828746009798e-07
-988.4190208954969 5.737524419318008 -0.03198384634112209 3.599768200816507e-07
-978.7286383376922 5.869920412823276 -0.03179975504234468 3.5814375481837794e-07
-969.0382557798875 5.993251223423076 -0.03161779696937428 3.5632926355410634e-07
-959.3478732220829 6.108454270887003 -0.03143793490085293 3.545330654036033e-07
-949.6574906642782 6.216331302510431 -0.0312601324831328 3.5275488511634333e-07
-939.9671081064735 6.3175740074986955 -0.03108435420496907 3.5099445293653754e-07
-930.2767255486688 6.412783694522908 -0.030910565373098803 3.4925150446641576e-07
-920.5863429908641 6.502486644612061 -0.030738732088669212 3.4752578053427914e-07
-910.8959604330594 6.587146255623663 -0.030568821224481277 3.4581702706548006e-07
-901.2055778752547 6.667172767325013 -0.030400800403015387 3.441249949580642e-07
-891.51519531745 6.742931135237713 -0.030234637975208097 3.424494399612314e-07
-881.8248127596453 6.8147474692142485 -0.030070302999949748 3.4079012255910923e-07
-872.1344302018406 6.882914345910485 -0.029907765224274553 3.391468078547434e-07
-862.4440476440359 6.947695228097312 -0.02974699506421588 3.3751926546091854e-07
-852.7536650862312 7.009328168526491 -0.02958796358630057 3.3590726939108743e-07
-843.0632825285429 7.068028935486986 -0.02943064248965942 3.3431059795550454e-07
-833.3728999707382 7.123993666995744 -0.029275004088718783 3.32729033660612e-07
-823.6825174129335 7.177401137814624 -0.029121021296478658 3.311623631074498e-07
-813.9921348551288 7.2284147062016775 -0.028968667608317965 3.2961037689895663e-07
-804.3017522973241 7.277183993972277 -0.02881791708633459 3.2807286954401795e-07
-794.6113697395194 7.32384634313178 -0.028668744344188785 3.265496393684529e-07
-784.9209871817147 7.3685280842499825 -0.02852112453243305 3.25040488425893e-07
-775.23060462391 7.411345645365665 -0.02837503332431014 3.2354522241278064e-07
-765.5402220661053 7.452406525133268 -0.028230446902001806 3.2206365058423496e-07
-755.8498395083006 7.491810149857606 -0.02808734194331159 3.205955856734957e-07
-746.159456950496 7.5296486307835115 -0.0279456956087658 3.1914084381266805e-07
-736.4690743926913 7.566007435346606 -0.02796496723445392 3.176992444557441e-07
-726.7786918348866 7.600965983919316 -0.028062369449119436 3.1627061030509423e-07
-717.0883092770819 7.634598181803242 -0.027922054211789435 3.148547672368737e-07
-707.3979267192772 7.666972894747605 -0.0277831533836351 3.13451544232176e-07
-697.7075441614725 7.698154375053142 -0.027803062201525737 1.0746862429916824e-05
-688.0171616036678 7.728202644303825 -0.02766576532892437 1.06685433002786e-05
-678.3267790458631 7.757173837917559 -0.027529836569955276 1.0591362628942723e-05
-668.6363964880584 7.7851205159913714 -0.02739525530862332 1.0515295703776139e-05
-658.9460139303701 7.812091944312185 -0.02726200134667874 1.044031852391158e-05
-649.2556313725654 7.8381343488947595 -0.02720104034892986 1.3660482924122757e-05
-639.5652488147607 7.863291146966221 -0.027069859947586046 1.3563389994685165e-05
-629.874866256956 7.887603156956444 -0.02708862328470634 2.207632923873924e-05
-620.1844836991513 7.9111087897240076 -0.02695888235056638 2.1918540320854793e-05
-610.4941011413466 7.933844222980975 -0.02683039694237022 2.1762997067164224e-05
-600.8037185835419 7.955843560641915 -0.02670314864991527 2.1609651788770325e-05
-591.1133360257372 7.977138978619377 -0.026577119427006295 2.145845813930592e-05
-581.4229534679325 7.9977608584115485 -0.0264522915823387 2.1309371067974696e-05
-571.7325709101278 8.017737909674578 -0.026328647770660265 2.1162346774547904e-05
-562.0421883523231 8.037097282838367 -0.0262802317227636 3.192828139216843e-05
-552.3518057945184 8.05586467270805 -0.02615835767561666 3.170458023611872e-05
-542.6614232367137 8.074064413891104 -0.02604368065879428 3.168138736096631e-05
-532.971040678909 8.091719568800483 -0.02592402970344349 3.146240799490338e-05
-523.2806581211044 8.10885200890522 -0.026075319754942552 5.328464422532555e-05
-513.5902755632997 8.125482489830505 -0.025955890704260638 5.2909626472013335e-05
-503.89989300549496 8.14163072084782 -0.025875675049616874 5.387578810001363e-05
-494.20951044769026 8.157315429241404 -0.025758167569732197 5.350136343441642e-05
-484.51912788988557 8.172554419989146 -0.02564174170577836 5.3132122662335806e-05
-474.8287453321973 8.187364631153041 -0.02552638229859479 5.2767958598853404e-05
-465.1383627743926 8.2017621853375 -0.025412074477456456 5.2408767000196744e-05
-455.4479802165879 8.215762437536128 -0.02529880365306793 5.2054446463372837e-05
-445.7575976587832 8.229380019663521 -0.025186555510754025 5.1704898329852094e-05
-436.0672151009785 8.242628882035277 -0.02507531600385982 5.1360026593174355e-05
-426.3768325431738 8.255522332038817 -0.024965071347344853 5.101973781025172e-05
-416.6864499853691 8.26807307021471 -0.024855808011565617 5.0683941016234704e-05
-406.9960674275644 8.280293223948643 -0.02474751271623992 5.0352547642731654e-05
-397.3056848697597 8.292194378956681 -0.024640172424586562 5.002547143927085e-05
-387.615302311955 8.303787608730522 -0.024533774337634446 4.970262839782541e-05
-377.9249197541503 8.315083502095156 -0.024428305888694803 4.938393668027768e-05
-368.2345371963456 8.326092189018404 -0.024645018864764067 8.18886599783335e-05
-358.54415463854093 8.336823364800093 -0.024539013040951147 8.133695846203846e-05
-348.85377208073623 8.347286312758039 -0.024433934911751293 8.079269091323873e-05
-339.16338952293154 8.357489925518381 -0.024329772039977448 8.025570714732442e-05
-329.47300696512684 8.367442725009088 -0.024226512216836565 7.972586102160753e-05
-319.78262440732215 8.377152881247554 -0.024124143456505286 7.920301029952818e-05
-310.09224184951745 8.386628230005911 -0.02400045134022746 7.95488653718867e-05
-300.40185929171275 8.395876289431204 -0.024011477902369235 8.054639555194344e-05
-290.7114767340245 8.404904275691376 -0.023911054337640836 8.002633175664589e-05
-281.0210941762198 8.413719117713384 -0.02381148563612819 7.95129842324706e-05
-271.3307116184151 8.4223274710724 -0.023740498021487602 8.10276180077498e-05
-261.6403290606104 8.43073573109036 -0.02371480109694437 8.347518874105128e-05
-251.9499465028057 8.43895004519406 -0.023800415824038638 8.294473278514913e-05
-242.259563945001 8.446976324581495 -0.023702075202903593 8.242102458747426e-05
-232.5691813871963 8.454820255240824 -0.023604566060996247 8.190393533109798e-05
-222.8787988293916 8.462487308363242 -0.023507877532341587 8.139333947840559e-05
-213.1884162715869 8.46998275018805 -0.023411998947880423 8.088911466677424e-05
-203.4980337137822 8.477311651315498 -0.023316919830784443 8.039114160821579e-05
-193.8076511559775 8.484478895520448 -0.023222629891912747 7.989930399282964e-05
-184.1172685981728 8.491489188097619 -0.02312911902540468 7.941348839589108e-05
-174.42688604036812 8.498347063766994 -0.023036377304403718 7.893358418841812e-05
-164.73650348256342 8.505056894166044 -0.022944394976907888 7.845948345106609e-05
-155.04612092475872 8.511622894953577 -0.02285316246174174 7.799108089118374e-05
-145.35573836695403 8.518049132548358 -0.022762670344645807 7.75282737629472e-05
-135.66535580914933 8.52433953052408 -0.02267290937447916 7.70709617903681e-05
-125.97497325134464 8.530497875680842 -0.022583870459530964 7.661904709312746e-05
-116.28459069353994 8.536527823811946 -0.022495544663937377 7.617243411505554e-05
-106.59420813585166 8.542432905183516 -0.022407923204200972 7.57310295551888e-05
-96.90382557804696 8.548216529743831 -0.030305839241590575 7.529474230125199e-05
-87.21344302024227 8.553881992076686 -0.030160622179105347 7.486348336554246e-05
-77.52306046243757 8.559432476114557 -0.03001694886175384 7.44371658230158e-05
-67.83267790463287 8.564871059624048 -0.02987479219679381 7.401570475155711e-05
-58.14229534682818 8.570200718476645 -0.029734125773733758 7.359901717433437e-05
-48.45191278902348 8.57542433071654 -0.029594923841809236 7.318702200412189e-05
-38.761530231218785 8.580544680436656 -0.029457161288375736 7.277963998954912e-05
-29.07114767341409 8.585564461473286 -0.029320813618173912 7.237679366317454e-05
-19.380765115609393 8.590486280929127 -0.029185856933425833 7.197840729132414e-05
-9.690382557804696 8.595312662533892 -0.029052267914722603 7.158440682562513e-05
0.0 8.600046049851162 -0.02892002380266626 7.119471985615115e-05
9.690382557804696 1.3242754415165594 -0.2161074318699659 0.041278644913593315
19.380765115609393 1.6622517500055691 -0.21460081452477073 0.040975340469420696
29.07114767341409 1.9353839075526809 -0.21516821461287253 0.04172792181490125
38.761530231218785 2.1694123311772397 -0.2136887346709693 0.04142560650310363
48.45191278902348 2.376483156251349 -0.21222995206405232 0.041127640748304134
58.14229534682818 2.5634822209581136 -0.21079143008921794 0.04083393134333601
67.83267790463287 2.7347630075752463 -0.20937274432175965 0.04054438772545991
77.52306046243757 2.8932866630593903 -0.2079734821852378 0.040258921883236376
87.21344302012585 3.0411762125575246 -0.20659324253953842 0.039977448267310096
96.90382557793055 3.180015683101309 -0.20523163528594837 0.03969988370489522
106.59420813573524 3.3110245003360967 -0.20388828098867395 0.039426147317833324
116.28459069353994 3.435165402586378 -0.20256281051169175 0.03915616044398624
125.97497325134464 3.55321445923534 -0.20125486467044487 0.03888984656185448
135.66535580914933 3.6658082945984276 -0.19996409389758968 0.03862713121824869
145.35573836695403 3.7734769816100604 -0.19869015792214956 0.03836794195887452
155.04612092475872 3.8766675874022187 -0.19743272546145205 0.03811220826169421
164.73650348256342 3.9757614262233085 -0.19619147392525912 0.03785986147293677
174.42688604036812 4.071086960410176 -0.19496608913152946 0.03761083474563425
184.1172685981728 4.162929619969752 -0.1937562650332834 0.037365062980568985
193.8076511559775 4.251539394854273 -0.19256170345606635 0.03712248276952172
203.4980337137822 4.337136787571701 -0.19138211384553405 0.03688303234071712
213.1884162715869 4.419917538888622 -0.19021721302470615 0.0366466515063677
222.8787988293916 4.500056421946799 -0.18906672496045943 0.03641328161222285
232.5691813871963 4.577710319628465 -0.18793038053885114 0.03618286548903395
242.259563945001 4.737440907887741 -0.18680791734888608 0.03595534740585124
251.9499465028057 4.953106133863405 -0.18569907947435796 0.03573067302507241
261.6403290606104 5.148990618644261 -0.18460361729341662 0.03550878935916648
271.33071161829866 5.327982749471117 -0.1835212872855392 0.0352896447290035
281.02109417610336 5.492366446545692 -0.1824518518455131 0.03507318872370512
290.71147673390806 5.643985862851881 -0.18139507910432257 0.03485937216199043
300.40185929171275 5.784355838652527 -0.18035074275639373 0.03464814705490147
310.09224184951745 5.914738636621142 -0.17931862189311976 0.03443946656988932
319.78262440732215 6.036198853745401 -0.17829850084232868 0.03423328499618791
329.47300696512684 6.149643718756911 -0.17729016901345931 0.03402955771142478
339.16338952293154 6.255853312020635 -0.17629342074820986 0.033828241149417244
348.85377208073623 6.355503657931717 -0.1753080551764341 0.03362929276910547
358.54415463854093 6.449184663286342 -0.17433387607707151 0.033432671024575686
368.2345371963456 6.537414255164281 -0.1733706917439067 0.03323833533612915
377.9249197541503 6.620649667423603 -0.17241831485596415 0.03304624606235473
387.615302311955 6.699296554566251 -0.1714765623523509 0.032856364473164514
397.3056848697597 6.773716427054088 -0.17054525531137155 0.03266865272375411
406.9960674275644 6.8442327735016555 -0.1696242188337451 0.032483073829450676
416.6864499853691 6.911136143946713 -0.16871328192976218 0.03229959164141371
426.3768325431738 6.974688402664642 -0.1678122774102284 0.032118170823154955
436.0672151009785 7.0351263109247215 -0.16692104178104633 0.03193877682784551
445.7575976587832 7.092664564460976 -0.16603941514129458 0.0317613758763793
455.4479802164715 7.147498383698125 -0.16516724108468006 0.0315859349361661
465.1383627742762 7.19980573448974 -0.16430436660417186 0.031412421700613105
474.82874533208087 7.249749241551745 -0.16345064199985002 0.031240804569300284
484.51912788988557 7.297477844746181 -0.16260592078964214 0.031071052628781366
494.20951044769026 7.343128238928795 -0.161770059622992 0.030903135634018038
503.89989300549496 7.38682613066525 -0.1609429181972897 0.030737023990410946
513.5902755632997 7.428687339220035 -0.16012435917696966 0.030572688736407252
523.2806581211044 7.468818764504871 -0.15931424811517791 0.030410101526663465
532.971040678909 7.507319240872526 -0.15851245337791448 0.030249234615742686
542.6614232367137 7.5442802925596855 -0.1577188460705584 0.030090060842326807
552.3518057945184 7.579786804068339 -0.15693329996669006 0.029932553613924655
562.0421883523231 7.6139176167123335 -0.1561556914391265 0.02977668689205809
571.7325709101278 7.646746060854414 -0.15538589939308933 0.029622435177908663
581.4229534679325 7.6783404319486825 -0.15462380520143 0.02946977349840818
591.1133360257372 7.708764417328682 -0.15386929264183724 0.02931867739275739
600.8037185835419 7.738077479698409 -0.15312224783595715 0.02916912289935726
610.4941011413466 7.766335202457684 -0.15238255919035792 0.029021086543138445
620.1844836991513 7.793589601296551 -0.1516501173392742 0.028874545323274645
629.874866256956 7.819889405903224 -0.15092481508906846 0.028729476701266486
639.5652488146443 7.84528031512827 -0.1502065473643591 0.028585858589384644
649.255631372449 7.869805228521862 -0.14949521115570444 0.02844366933944937
658.9460139302537 7.893504456788506 -0.14879070546891834 0.028302887731960394
668.6363964880584 7.916415913399835 -0.14809293127579093 0.02816349296553115
678.3267790458631 7.938575289324716 -0.14740179146629284 0.028025464646642274
688.0171616036678 7.960016212608514 -0.14671719080216283 0.027888782779693234
697.7075441614725 7.9807703943287205 -0.14603903587183958 0.027753427757343886
707.3979267192772 8.000867762278704 -0.14536723504669305 0.02761938035113584
717.0883092770819 8.020336583578194 -0.14470169843851102 0.02748662170238451
726.7786918348866 8.0392035772756 -0.14404233785819995 0.02735513331333259
736.4690743926913 8.057494017890404 -0.14338906677565874 0.027224897038556305
746.159456950496 8.075231830741448 -0.14274180028078778 0.027095895076616076
755.8498395083006 8.092439679816886 -0.1421004550455947 0.02696810996194346
765.5402220661053 8.10913904886241 -0.14146494928736225 0.02684152455695671
775.23060462391 8.125350316294362 -0.14085007402058947 0.026716122044397266
784.9209871817147 8.141092824482586 -0.14025972000014741 0.026591885919880338
794.6113697395194 8.156384943893137 -0.13964090020012343 0.026468799984652222
804.3017522973241 8.171244132532399 -0.1390276126971123 0.026346848338547987
813.9921348551288 8.18568699109097 -0.13841978280421657 0.026226015373143
823.6825174129335 8.199729314147291 -0.1378173371825031 0.02610628576509204
833.3728999706218 8.213386137756531 -0.13722020381059222 0.025987644469651558
843.0632825284265 8.226671783720748 -0.13662831195503372 0.025870076714370686
852.7536650862312 8.239599900805576 -0.13604159214155187 0.025753567992966905
862.4440476440359 8.25218350314984 -0.13545997612698993 0.025638104059352435
872.1344302018406 8.264435006086764 -0.13488339687203882 0.025523670921827647
881.8248127596453 8.276366259579074 -0.13431178851468328 0.02541025483742789
891.51519531745 8.287988579451405 -0.1337450863443496 0.025297842306420498
901.2055778752547 8.299312776587469 -0.13318322677673416 0.025186420066947136
910.8959604330594 8.31034918424506 -0.1326261473292921 0.025075975089807266
920.5863429908641 8.321107683628817 -0.1320737865973646 0.024966494573378187
930.2767255486688 8.331597727848909 -0.13152608423092693 0.024857965938667695
939.9671081064735 8.34182836438311 -0.13098298091193758 0.02475037682449517
949.6574906642782 8.35180825614996 -0.1304444183322704 0.02464371508279735
959.3478732220829 8.361545701291995 -0.1299103391722132 0.024537968774054966
969.0382557798875 8.371048651759974 -0.12938068707951408 0.024433126162836657
978.7286383376922 8.380324730781789 -0.128855406648961 0.024329175713456646
988.4190208954969 8.389381249293079 -0.1283344434024783 0.02422610608574283
998.1094034533016 8.398225221400606 -0.127817743769724 0.02412390613091204
