-1007.7997860111063 10.711151637827912 -0.01463410090744546 0.001024231518569765
-998.1094034533016 10.71659712408716 -0.014519714240782671 0.0010151364643571387
-988.4190208954969 10.722089504436836 -0.014495497323004982 0.0010062018668893487
-978.7286383376922 10.727619825145036 -0.014383458304351783 0.000997423507088761
-969.0382557798875 10.733179782779187 -0.014273161515799118 0.000988797312882978
-959.3478732220829 10.738761685233605 -0.014164565955195482 0.000980319352840149
-949.6574906642782 10.74435841459438 -0.014203086184294585 0.0009719858301330742
-939.9671081064735 10.749963391824142 -0.014095801143680722 0.0009637930768123924
-930.2767255486688 10.755570543236217 -0.013990154801230104 0.0009557375483705108
-920.5863429908641 10.7611742687174 -0.013886108965497603 0.000947815818579088
-910.8959604330594 10.766769411650627 -0.013783626661778282 0.0009400245745841822
-901.2055778752547 10.772351230482801 -0.014041968004187406 0.0009323606122440783
-891.51519531745 10.777915371878773 -0.013937596386693256 0.0009248208316958785
-881.8248127596453 10.783457845399422 -0.01383481658003186 0.0009174022331378569
-872.1344302018406 10.788974999640004 -0.013733590716876156 0.000910101912815346
-862.4440476440359 10.794463499764017 -0.013633882197692859 0.0009029170591988048
-852.7536650862312 10.799920306367678 -0.013535655634055215 0.000895844949343368
-843.0632825285429 10.805342655610541 -0.013438876795219835 0.0008888829454199583
-833.3728999707382 10.810728040549199 -0.013343512557726872 0.0008820284914080951
-823.6825174129335 10.816074193611003 -0.013249530857827777 0.0008752791099428659
-813.9921348551288 10.821379070148689 -0.013156900646521764 0.0008686323993061289
-804.3017522973241 10.826640833016377 -0.013065591847039428 0.0008620860305554542
-794.6113697395194 10.83185783811089 -0.012975575314602198 0.0008556377447830498
-784.9209871817147 10.837028620823995 -0.012886822798307543 0.0008492853504978878
-775.23060462391 10.842151883353527 -0.012799306905001043 0.000843026721124635
-765.5402220661053 10.847226482823613 -0.012713001065007118 0.0008368597926133044
-755.8498395083006 10.852251420166542 -0.012627879499600229 0.0008307825611539879
-746.159456950496 10.857225829721054 -0.012543917190107397 0.0008247930809912532
-736.4690743926913 10.862148969504151 -0.012461089848541091 0.0008188894623332014
-726.7786918348866 10.867020212115662 -0.01237937388966902 0.0008130698693504161
-717.0883092770819 10.871839036237006 -0.012298746404434216 0.0008073325182603103
-707.3979267192772 10.876605018687625 -0.012219185134645122 0.0008016756754926517
-697.7075441614725 10.88131782700463 -0.012140668448860992 0.0007960976559322624
-688.0171616036678 10.88597721251308 -0.012063175319403315 0.0007905968212351448
-678.3267790458631 10.890583003856218 -0.01198668530042869 0.0007851715782144435
-668.6363964880584 10.895135100956727 -0.01191117850700309 0.0007798203772929101
-658.9460139303701 10.89963346938173 -0.011836635595122283 0.0007745417110187388
-649.2556313725654 10.904078135086237 -0.011763037742620878 0.0007693341126413819
-639.5652488147607 10.90846917951016 -0.011690366630934573 0.0007641961547454703
-629.874866256956 10.912806735007313 -0.011618604427651958 0.000759126447938861
-620.1844836991513 10.917090980584366 -0.011547733769826766 0.0007541236395932214
-610.4941011413466 10.921322137930106 -0.011477737748005165 0.0007491864126343598
-600.8037185835419 10.925500467716237 -0.011408599890931575 0.0007443134843800832
-591.1133360257372 10.929626266152141 -0.011340304150897852 0.0007395036054233913
-581.4229534679325 10.933699861777182 -0.011272834889702953 0.0007347555585589866
-571.7325709101278 10.937721612475046 -0.011206176865192173 0.0007300681577511266
-562.0421883523231 10.941691902695746 -0.011140315218346804 0.0007254402471409748
-552.3518057945184 10.945611140871655 -0.01107523546089695 0.0007208707000917036
-542.6614232367137 10.949479757014942 -0.011010923463431818 0.0007163584182696733
-532.971040678909 10.953298200484506 -0.010947365443983136 0.000711902330760107
-523.2806581211044 10.95706693791129 -0.010884547957059062 0.0007075013932157575
-513.5902755632997 10.960786451271536 -0.010822457883106937 0.0007031545870371489
-503.89989300549496 10.9644572360983 -0.010761082418384665 0.0006988609185830074
-494.20951044769026 10.968079799822025 -0.010700409065221544 0.0006946194184096133
-484.51912788988557 10.971654660231719 -0.010640425622650487 0.0006904291405378423
-474.82874533208087 10.975182344048696 -0.010581120177394498 0.000686289161746708
-465.1383627743926 10.978663385605415 -0.010522481095192004 0.0006821985808923646
-455.4479802165879 10.982098325622644 -0.010464497012441482 0.0006781565182511969
-445.7575976587832 10.985487710077841 -0.0104071568281615 0.0006741621148867365
-436.0672151009785 10.988832089159422 -0.010350449696238362 0.0006702145320384494
-426.3768325431738 10.992132016300621 -0.01029436501795898 0.0006663129505322245
-416.6864499853691 10.995388047287836 -0.0102388924348124 0.0006624565702113789
-406.9960674275644 10.998600739438423 -0.01018402182154899 0.0006586446093874193
-397.3056848697597 11.001770650843264 -0.010129743279486295 0.0006548763043097401
-387.615302311955 11.00489833966977 -0.010076047130050973 0.0006511509086535059
-377.9249197541503 11.007984363521192 -0.010022923908546841 0.0006474676930250089
-368.2345371963456 11.01102927884847 -0.00997036435813954 0.0006438259444837862
-358.54415463854093 11.01403364041104 -0.009918359424048812 0.0006402249660808566
-348.85377208073623 11.016998000783229 -0.009866900247939823 0.0006366640764124291
-339.16338952293154 11.019922909903194 -0.00981597816250529 0.0006331426091884976
-329.47300696512684 11.02280891466142 -0.009765584686230757 0.0006296599128157314
-319.78262440732215 11.025656558526101 -0.009715711518335533 0.0006262153499941199
-310.09224184951745 11.028466381202836 -0.009666350533882291 0.0006228082973268376
-300.40185929171275 11.03123891832628 -0.009617493779048577 0.0006194381449428337
-290.71147673390806 11.033974701181503 -0.0095691334665539 0.0006161042961316599
-281.0210941762198 11.036674256452985 -0.009521261971236757 0.0006128061669901141
-271.3307116184151 11.039338105999452 -0.009473871825772447 0.0006095431860800244
-261.6403290606104 11.041966766652306 -0.00942695571653463 0.0006063147940973427
-251.9499465028057 11.044560750036556 -0.009380506479583911 0.0006031204435513549
-242.259563945001 11.047120562412214 -0.009334517096786957 0.0005999595984542047
-232.5691813871963 11.04964670453485 -0.009288980692057835 0.0005968317340201364
-222.8787988293916 11.052139671533908 -0.009243890527717633 0.0005937363363741286
-213.1884162715869 11.05459995280748 -0.009199240000967767 0.0005906729022695852
-203.4980337137822 11.05702803193234 -0.009155022640472915 0.0005876409388147507
-193.8076511559775 11.059424386588102 -0.009111232103049406 0.0005846399632075461
-184.1172685981728 11.061789488494458 -0.009067862170455274 0.0005816695024785045
-174.42688604036812 11.064123803360525 -0.009024906746278214 0.0005787290932415516
-164.73650348256342 11.066427790845351 -0.008982359852917947 0.0005758182814523196
-155.04612092475872 11.068701904528762 -0.008940215628659542 0.000572936622173747
-145.35573836695403 11.070946591891708 -0.00889846832483448 0.0005700836793487118
-135.66535580914933 11.073162294305423 -0.008857112303066312 0.0005672590255794395
-125.97497325134464 11.075349447028621 -0.008816142032597934 0.0005644622419134675
-116.28459069353994 11.077508479212167 -0.008775552087697635 0.000561692917635925
-106.59420813573524 11.079639813910529 -0.008735337145141117 0.0005589506500679206
-96.90382557804696 11.08174386809949 -0.00869549198176737 0.0005562350443708599
-87.21344302024227 11.083821052699724 -0.008656011472102947 0.0005535457133562956
-77.52306046243757 11.08587177260532 -0.008616890586059495 0.0005508822773016061
-67.83267790463287 11.087896426717375 -0.008578124386692502 0.000548244363770672
-58.14229534682818 11.089895407981798 -0.00853970802802627 0.0005456316074398443
-48.45191278902348 11.09186910343109 -0.008501636752940123 0.0005430436499288638
-38.761530231218785 11.093817894229717 -0.00846390589111416 0.000540480139636573
-29.07114767341409 11.095742155722702 -0.008426510857032695 0.0005379407315812785
-19.380765115609393 11.097642257487147 -0.008389447148043315 0.0005354250872456074
-9.690382557804696 11.09951856338637 -0.008352710342469899 0.0005329328744257054
0.0 1.4233308784287946 0.017141818762021296 0.02892495062631796
9.690382557804696 2.5094653012959327 0.0168308028061565 0.028535356062111335
19.380765115609393 3.202014020374575 0.01652881090463426 0.028156199205280175
29.07114767341409 3.73936969455747 0.0162354753455285 0.02778706503282626
38.761530231218785 4.18563483072198 0.015950447826652954 0.027427560256483335
48.45191278902348 4.569731988080452 0.015673398197697967 0.027077311917859767
58.14229534682818 4.907766222453358 0.015404013298782425 0.026735966091168163
67.83267790463287 5.209850909777096 0.015141995886912065 0.02640318668405024
77.52306046243757 5.482856900785826 0.014887063642682967 0.026078654327950528
87.21344302012585 5.731719558575392 0.01463894825032549 0.025762065350336573
96.90382557793055 5.960134283917707 0.01439739454483402 0.02545313082178563
106.59420813573524 6.170958367303722 0.014162159720589776 0.025151575671705312
116.28459069353994 6.36645826341058 0.01393301259631338 0.024857137866918982
125.97497325134464 6.548469536984142 0.013709732931768153 0.024569567648014067
135.66535580914933 6.718504608095153 0.013492110791999542 0.024288626818748847
145.35573836695403 6.877827820334112 0.013279945955302252 0.024014088084269188
155.04612092475872 7.027509250316063 0.013073047361448854 0.023745734434267706
164.73650348256342 7.168464227897956 0.012871232597023375 0.02348335856756434
174.42688604036812 7.301482978430191 0.012674327414983977 0.02322676235489892
184.1172685981728 7.427253268060513 0.012482165285829828 0.022975756337007523
193.8076511559775 7.546377985745606 0.012294586977975221 0.022730159255308035
203.4980337137822 7.659388991326123 0.012111440165139518 0.0224897976127496
213.1884162715869 7.766758163246459 0.011932579058746834 0.022254505262587963
222.8787988293916 7.868906314144849 0.011757864063498574 0.022024123023036427
232.5691813871963 7.966210460852614 0.01158716145443357 0.021798498315912566
242.259563945001 8.059009808568836 0.011420343073929988 0.021577484827555168
251.9499465028057 8.147610718994057 0.01125728604722821 0.02136094219042629
261.6403290606104 8.232290867335779 0.01109787251516887 0.021148735683940975
271.33071161829866 8.31330274565998 0.010941989382945983 0.02094073595318587
281.02109417610336 8.390876634924982 0.010789528083756994 0.02073681874427641
290.71147673390806 8.465223141661554 0.010640384356357387 0.020536864655251168
300.40185929171275 8.536535375317094 0.01049445803554099 0.02034075890140263
310.09224184951745 8.604990826942224 0.010351652854704931 0.02014839109411202
319.78262440732215 8.670752998081884 0.010211876259684987 0.019959655032276515
329.47300696512684 8.733972819489404 0.01004812916240282 0.019775335247094815
339.16338952293154 8.794789892015727 0.009914513406383328 0.019593547745011018
348.85377208073623 8.85333357626278 0.009783659246283553 0.019415096922420723
358.54415463854093 8.90972395298675 0.009655487711054397 0.019239891453706304
368.2345371963456 8.983035309802904 0.009529922735503047 0.019067843320551302
377.9249197541503 9.05988885981548 0.009406891029288647 0.018898867663476496
387.615302311955 9.13276917946397 0.00438284882676787 0.020931590857337676
397.3056848697597 9.201961943770902 0.0043312599906059806 0.02073866060283635
406.9960674275644 9.267725999683979 0.00428021584713317 0.020549365838552918
416.6864499853691 9.330296517760244 0.0042297237894595345 0.02036360127821568
426.3768325431738 9.389887696233814 0.004179789734096921 0.020181265817669367
436.0672151009785 9.446695092158915 0.004130418263823484 0.020002262320641832
445.7575976587832 9.500897640025084 0.004081612757217128 0.019826497418101552
455.4479802165879 9.552659407021977 0.004033375506171322 0.019653881320170204
465.1383627742762 9.602131125255106 0.0038518981798046667 0.01949910917491925
474.82874533208087 9.649451534144337 0.0027332589660112446 0.019597218087372553
484.51912788988557 9.69474856054821 0.00270307116440937 0.01942974986357362
494.20951044769026 9.738140359592776 0.0026730147980163527 0.019265205286332326
503.89989300549496 9.779736235436765 0.0026431054514665956 0.019103505991143202
513.5902755632997 9.819637458171787 0.0024680240153833054 0.01895670343375634
523.2806581211044 9.857937990549393 0.0024404313030563667 0.018800305628609227
532.971040678909 9.894725136160003 0.00241297064651119 0.018646539185971246
542.6614232367137 9.93008011897278 0.0022104532432740006 0.018495336287063645
552.3518057945184 9.964078602714778 0.0021856586626005344 0.018346631500795994
562.0421883523231 9.996791157369511 0.002160967074092292 0.018200361675801798
571.7325709101278 10.028283679067338 0.0021363901807268607 0.01805646583850019
581.4229534679325 10.058617768789562 0.002111938636461123 0.01791488509678064
591.1133360257372 10.087851074587187 0.0020876221254648203 0.017775562548938997
600.8037185835419 10.116037601402295 0.002063449435138575 0.017638443197521905
610.4941011413466 10.143227992056904 0.0020394285234446113 0.017503473867763013
620.1844836991513 10.169469782526372 0.002015566581029578 0.017370603130318095
629.874866256956 10.19480763422981 0.0019918700885744765 0.017239781228028137
639.5652488147607 10.21928354573879 0.001968344869767234 0.01711096000645939
649.255631372449 10.242937046019225 0.001944996140257913 0.016984092847989178
658.9460139302537 10.26580537107551 0.0019114915599704103 0.016859550115529406
668.6363964880584 10.287923625644847 0.0018886487467751594 0.016736451460458542
678.3267790458631 10.309324931412359 0.001865991142526686 0.016615175775375995
688.0171616036678 10.330040563044054 0.0018435220972403338 0.016495681988491245
697.7075441614725 10.350100073197813 0.001821244540305615 0.01637793028166676
707.3979267192772 10.369531407545107 0.0017991610117735072 0.01626188204170908
717.0883092770819 10.388361010726403 0.0017772736913597184 0.01614749981397631
726.7786918348866 10.40661392406613 0.0017555844253412185 0.016034747258171132
736.4690743926913 10.424313875787709 0.0017340947515079841 0.015923589106196595
746.159456950496 10.441483364393346 0.0017128059223186843 0.015813991121960216
755.8498395083006 10.458143735806532 0.0016917189263968018 0.015705920063019328
765.5402220661053 10.47431525481566 0.0016708345084921333 0.015599343643967326
775.23060462391 10.490017171304473 0.0016298208845259006 0.015494867113845703
784.9209871817147 10.505267781708026 0.0016096192305750372 0.015391178123482573
794.6113697395194 10.52008448609099 0.0015896136981278313 0.015288892548949851
804.3017522973241 10.53448384120767 0.001569804523113177 0.015187981589298216
813.9921348551288 10.548481609869702 0.0015501917627459485 0.01508841724105127
823.6825174129335 10.562092806917342 0.001530775309387705 0.014990172270226622
833.3728999706218 10.5753317420633 0.0007282235725292777 0.014893220185554211
843.0632825284265 10.588212059854941 0.0007197906667898104 0.01479753521282426
852.7536650862312 10.600746776975685 0.0007112702653498622 0.014703092270325189
862.4440476440359 10.612948317092357 0.0007026728836375932 0.014609866945294486
872.1344302018406 10.624828543432086 0.0006940083480730378 0.014517835471349461
881.8248127596453 10.636398789259669 0.0006852858422609902 0.014426974706843051
891.51519531745 10.647669886410897 -0.00011825305370363813 0.014337262114100937
901.2055778752547 10.65865219202432 -0.00011629693040795337 0.014248675739497401
910.8959604330594 10.669355613602216 -0.00011466262757438956 0.014161194194329946
920.5863429908641 10.679789632520738 -0.00011333173885274205 0.014074796636454766
930.2767255486688 10.689963326099477 -0.005261617154941467 0.013989462752647112
939.9671081064735 10.699885388331817 -0.00519077894167347 0.013905172741653078
949.6574906642782 10.70956414936941 -0.005122075966997475 0.013821907297900385
959.3478732220829 10.719007593846728 -0.005055418900075136 0.01373964759583821
969.0382557798875 10.728223378124936 -0.004990723128498597 0.013658375274877154
978.7286383376922 10.737218846528254 -0.00492790845613083 0.013578072424902325
988.4190208954969 10.746001046640343 -0.004866898823740754 0.013498721572333677
998.1094034533016 10.754576743723115 -0.004807622050453296 0.013420305666709343
