-1007.7997860111063 9.677436451368226 -0.012989726412296653 0.0048064097084665885
-998.1094034533016 9.67911923796919 -0.01292540823633653 0.004773688310950775
-988.4190208954969 9.680775613167445 -0.012861841511663055 0.004741424642640242
-978.7286383376922 9.682405537480571 -0.012799011781530183 0.004709609056884267
-969.0382557798875 9.684008981829102 -0.012736904977107277 0.0046782321772662755
-959.3478732220829 9.685585928544855 -0.012817716338521284 0.00464728488819294
-949.6574906642782 9.687136372309476 -0.012980616555971936 0.0046167583258740885
-939.9671081064735 9.688660321019295 -0.01291133091082628 0.004586643869674642
-930.2767255486688 9.69015779657322 -0.012843173461066993 0.004556933133820789
-920.5863429908641 9.691628835581056 -0.012776098763848283 0.004527617959443565
-910.8959604330594 9.69307348999019 -0.012710064812161146 0.004498690406943946
-901.2055778753711 9.69449182762925 -0.0126450326656353 0.0044701427486647126
-891.5151953175664 9.69588393266798 -0.01258096613016642 0.004441967461852788
-881.8248127597617 9.697249905992846 -0.012517831478906838 0.004414157221903667
-872.134430201957 9.698589865498954 -0.012455597208414885 0.004386704895868306
-862.4440476441523 9.699903946298885 -0.012394233824826772 0.004359603536215454
-852.7536650863476 9.701192300849794 -0.012333713655745796 0.004332846374835906
-843.0632825285429 9.70245509900051 -0.01227401068424334 0.004306426817278073
-833.3728999707382 9.70369252796084 -0.012215100401935096 0.004280338437204551
-823.6825174129335 9.704904792195576 -0.012156959678566566 0.00425457497105984
-813.9921348551288 9.706092113246156 -0.01209956664593164 0.004229130312939895
-804.3017522973241 9.707254729483196 -0.012042900594272552 0.004203998509654652
-794.6113697395194 9.708392895793361 -0.011986941879579991 0.0041791737559750955
-784.9209871817147 9.709506883204357 -0.011931671840439403 0.004154650390056886
-775.23060462391 9.710596978451946 -0.011877072723260098 0.004130422889032922
-765.5402220661053 9.711663483493133 -0.011823127614884849 0.004106485864767615
-755.8498395083006 9.712706714969716 -0.011769820381713876 0.004082834059765991
-746.159456950496 9.713727003626577 -0.011717135614592844 0.004059462343231054
-736.4690743926913 9.714724693689071 -0.011665058578813042 0.004036365707263209
-726.7786918348866 9.71570014220397 -0.011613575168655854 0.0040135392631957725
-717.0883092771983 9.716653718348349 -0.011562671865986533 0.003990978238061209
-707.3979267193936 9.717585802710879 -0.01151233570245967 0.003968677971181074
-697.7075441615889 9.718496786549707 -0.011462554224964963 0.003946633910878589
-688.0171616037842 9.71938707103137 -0.011413315463966409 0.003924841611303529
-678.3267790459795 9.720257066454751 -0.011364607904449214 0.0039032967293688363
-668.6363964881748 9.721107191464148 -0.011316420459210398 0.0038819950217928736
-658.9460139303701 9.721937872255308 -0.011268742444263296 0.0038609323422433167
-649.2556313725654 9.722749541778171 -0.01122156355615168 0.0038401046385786813
-639.5652488147607 9.723542638939817 -0.011174873850991982 0.003819507950183554
-629.874866256956 9.724317607810995 -0.011128663725082229 0.003799138405393877
-620.1844836991513 9.725074896839386 -0.011082923896933506 0.0037789922190087297
-610.4941011413466 9.725814958072505 -0.011037645390595357 0.0037590656898852533
-600.8037185835419 9.726538246393035 -0.010992819520160011 0.00373935519861347
-591.1133360257372 9.72724521876906 -0.010948437875342134 0.0037198572052679355
-581.4229534679325 9.727936333521516 -0.010904492308041547 0.003700568247233266
-571.7325709101278 9.728612049610964 -0.010860974919805406 0.0036814849371007434
-562.0421883523231 9.729272825945518 -0.010817878050114912 0.0036626039606332574
-552.3518057945184 9.7299191207116 -0.010775194265428714 0.0036439220747960634
-542.6614232367137 9.730551390728971 -0.010732916348921788 0.0036254361058508317
-532.9710406790255 9.731170090831272 -0.010691037290864933 0.003607142947510888
-523.2806581212208 9.731775673273154 -0.0106495502795917 0.003589039559154039
-513.5902755634161 9.73236858716475 -0.010608448693014633 0.0035711229640941135
-503.8998930056114 9.732949277934317 -0.010567726090639416 0.0035533902479047575
-494.2095104478067 9.733518186819419 -0.01052737620604686 0.0035358385567967887
-484.519127890002 9.734075750387051 -0.010487392939805216 0.003518465096045858
-474.8287453321973 9.734622400082875 -0.010447770352782144 0.0035012671284688586
-465.1383627743926 9.735158561809602 -0.010408502659827618 0.0034842419729472886
-455.4479802165879 9.735684655534438 -0.010371759728197982 0.003467524255483572
-445.7575976587832 9.73620109492537 -0.010333128867194523 0.003450833346870408
-436.0672151009785 9.736708287015956 -0.010294839239785648 0.0034343077083565546
-426.3768325431738 9.737206631898214 -0.010256885411683908 0.003417944855979748
-416.6864499853691 9.737696522443052 -0.010247974441218576 0.003402485087501795
-406.9960674275644 9.738178344047657 -0.010209942956284065 0.0033864215814666124
-397.3056848697597 9.738652474409148 -0.010172268369842299 0.00337051465321036
-387.615302311955 9.739119283323772 -0.010134943131810119 0.0033547619441944092
-377.9249197541503 9.7395791325108 -0.010097960067546824 0.003339161147839962
-368.2345371963456 9.740032375460338 -0.010073989517749071 0.003324020279515945
-358.54415463854093 9.740479357304118 -0.010037341720775146 0.003308708537529978
-348.85377208085265 9.74092041470837 -0.010001033137081483 0.0032935424887272444
-339.16338952304795 9.741355875787873 -0.00997448798073518 0.0032788102581679654
-329.47300696524326 9.741786060040136 -0.009943367215344825 0.003264027053124524
-319.78262440743856 9.742211278298853 -0.009907684840531972 0.003249275662525257
-310.09224184963387 9.74263183270559 -0.00987233196421803 0.003234662125596636
-300.40185929182917 9.743048016698733 -0.009837301415606103 0.0032201844376829993
-290.7114767340245 9.743460115018761 -0.00980258638973748 0.0032058406376680275
-281.0210941762198 9.74386840372885 -0.009768180414914202 0.003191628806326278
-271.3307116184151 9.744273150249871 -0.009734077323993087 0.0031775470647995045
-261.6403290606104 9.744674613408858 -0.009720309244723842 0.0031639563201753614
-251.9499465028057 9.745073043500016 -0.009686279846207202 0.003150119959191318
-242.259563945001 9.745468682357386 -0.009654100679902756 0.0031364396502841807
-232.5691813871963 9.745861763438283 -0.009620648560915896 0.003122851034915535
-222.8787988293916 9.746252511916694 -0.009587496383417054 0.0031093841147496236
-213.1884162715869 9.746641144785768 -0.009554637671640083 0.00309603719556814
-203.4980337137822 9.747027870968664 -0.009522066279623919 0.0030828086181356124
-193.8076511559775 9.747412891436955 -0.009489776362277571 0.0030696967569628607
-184.1172685981728 9.747796399335874 -0.009457762349813402 0.0030567000191574047
-174.42688604036812 9.748178580115713 -0.009426018925081431 0.00304381684335068
-164.73650348267984 9.748559611668673 -0.009394541003411888 0.0030310456986936156
-155.04612092487514 9.748939664470589 -0.009363323714631194 0.0030183850839123182
-145.35573836707044 9.74931890172683 -0.009332362386975202 0.0030058335264198347
-135.66535580926575 9.7496974795219 -0.009301652532651803 0.0029933895814755144
-125.97497325146105 9.750075546972123 -0.00927118983485355 0.0029810518313895446
-116.28459069365636 9.750453246380932 -0.009240970136041726 0.002968818884767677
-106.59420813585166 9.750830713396262 -0.020889018240189614 0.0029566893757927088
-96.90382557804696 9.751208077169588 -0.02056110536088063 0.0029446619635395913
-87.21344302024227 9.75158546051621 -0.020248270602190595 0.0029327353313214365
-77.52306046243757 9.75196298007633 -0.02039954848037896 0.002920908186063973
-67.83267790463287 9.752340746476596 -0.020102043606689355 0.0029091792577063003
-58.14229534682818 9.752718864491746 -0.01982189209903452 0.0028976203946831027
-48.45191278902348 9.753097433206019 -0.01987242607183803 0.003264892797352663
-38.761530231218785 9.753476546174054 -0.019947981738927974 0.0032438221347280308
-29.07114767341409 9.753856291580973 -0.019679745083008262 0.003223322124131668
-19.380765115609393 9.754236752401429 -0.01942203975611653 0.0032033569722142293
-9.690382557804696 9.754618006557342 -0.019174209826603766 0.003183894176508134
0.0 9.755000127074155 -0.018935653474802475 0.0031649041476728827
9.690382557804696 2.203224075144571 -0.008692335391335026 0.10930990137866153
19.380765115492977 2.5880033588763176 -0.009231024899724393 0.10670629609422408
29.071147673297673 2.8868940966576915 -0.00924642716049447 0.1041173131216404
38.76153023110237 3.137771823105072 -0.009258048718468255 0.1016532752407103
48.451912788907066 3.3567377798871982 -0.00926627305269948 0.09930532516045094
58.14229534671176 3.5524461175905344 -0.009271440628206567 0.09706542385463332
67.83267790451646 3.730194704129622 -0.00927385440286767 0.09492625819257078
77.52306046232115 3.8935113861925608 -0.010470668261969848 0.09305565604552615
87.21344302012585 4.044888678106228 -0.01043723446184769 0.09109399831087045
96.90382557793055 4.18616697516557 -0.010578260484023298 0.0892326378982604
106.59420813573524 4.318752369893949 -0.010539532696205865 0.08743065854759777
116.28459069353994 4.443748817334087 -0.010500724809808102 0.08570148596802397
125.97497325134464 4.562042569197381 -0.010461881598979974 0.08404077876342494
135.66535580914933 4.674358413750739 -0.010423042755390901 0.08244453424864603
145.35573836695403 4.781298452542772 -0.010487571762443783 0.0809169328723023
155.04612092475872 4.883369625418142 -0.010446167007799772 0.07943859813271677
164.73650348256342 4.9810037400218325 -0.010404995480511957 0.07801445429016128
174.42688604036812 5.074572363209574 -0.010364071455474265 0.07664156288255665
184.1172685981728 5.164398101921882 -0.010323407279034334 0.07531719432328958
193.8076511559775 5.250763291235046 -0.0103046866524292 0.07403922080435854
203.4980337137822 5.333916784373088 -0.010264020045587637 0.07280444487835816
213.1884162714705 5.414079329361153 -0.01022366806377092 0.07161108357751043
222.87879882927518 5.491447877018254 -0.010183635107086777 0.07045707807895651
232.56918138707988 5.566199069687813 -0.010176570952928536 0.0693421133717953
242.25956394488458 5.638492094035757 -0.010136344988611157 0.06826112832567477
251.94994650268927 5.708471034552296 -0.010096488215228752 0.06721408887268776
261.64032906049397 5.776266830954985 -0.0100569987323567 0.06619941281574282
271.33071161829866 5.841998918344897 -0.010017874335220195 0.06521561490011935
281.02109417610336 5.905776611028631 -0.009979112545395559 0.06426129949800885
290.71147673390806 5.9677002775347 -0.009940710640062021 0.06333515394578901
300.40185929171275 6.027862344254979 -0.00990266567959885 0.062435942467065686
310.09224184951745 6.086348157444231 -0.009864974533417729 0.06156250062225781
319.78262440732215 6.143236727386099 -0.009827633903988721 0.06071373023224654
329.47300696512684 6.19860137393274 -0.009790640349067566 0.059888594729506375
339.16338952293154 6.25251028902203 -0.009753990302166117 0.05908611489529397
348.85377208073623 6.305027028932218 -0.00971768009133154 0.05830536494599769
358.54415463854093 6.356210946772533 -0.009681705956315016 0.0575454689357259
368.2345371963456 6.406117573897976 -0.009646064064219603 0.05680559744571455
377.9249197541503 6.454798957477445 -0.009610750523722171 0.056084964534220405
387.615302311955 6.502303960261623 -0.0095757613979652 0.05538282492329514
397.3056848696433 6.548678527631804 -0.009541092716214186 0.054698471401257054
406.996067427448 6.593965926223797 -0.009506740484370783 0.054031232421758904
416.6864499852527 6.638206957757375 -0.009472700694437007 0.05338046988242303
426.3768325430574 6.681440151181231 -0.00943896933300701 0.0527455770674155
436.0672151008621 6.723701935774441 -0.009405542388872498 0.052125976740124244
445.7575976586668 6.765026797481429 -0.00937241585981457 0.05152111937327374
455.4479802164715 6.844355809355997 -0.009339585758652208 0.0509304815050652
465.1383627742762 6.921917465774307 -0.009302186318067398 0.05035356421099452
474.82874533208087 6.996219973675188 -0.009270063771124631 0.04978989168196035
484.51912788988557 7.067473444684913 -0.009238219408147702 0.04923900990013493
494.20951044769026 7.135868626568938 -0.009206649826754643 0.04870048540484388
503.89989300549496 7.201579276379466 -0.009175351614749347 0.04817390414139581
513.5902755632997 7.2647641707155906 -0.009144321358346919 0.0476588703864287
523.2806581211044 7.325568819071757 -0.009113555649267446 0.04715500574390357
532.971040678909 7.384126932469352 -0.009083051090853079 0.04666194820638545
542.6614232367137 7.440561689012676 -0.00905280430333876 0.046179351276710884
552.3518057945184 7.494986829852105 -0.00902281192838759 0.0457068831455579
562.0421883523231 7.54750761267455 -0.008993070632985612 0.0452442259208105
571.7325709101278 7.598221644838431 -0.008963577112776937 0.04479107490495087
581.4229534678161 7.647219614305635 -0.008934328094909646 0.04434713791702867
591.1133360256208 7.6945859333632765 -0.008905320340450445 0.043912134655999954
600.8037185834255 7.7403993075736635 -0.008876550646425872 0.04348579610259642
610.4941011412302 7.784733240355765 -0.008848015847528342 0.04306786395693188
620.1844836990349 7.827656481908435 -0.008819712817532133 0.042658090109452415
629.8748662568396 7.8692334298298166 -0.008791638470451902 0.04225623614291723
639.5652488146443 7.909524487657652 -0.008763789761474435 0.04186207286331193
649.255631372449 7.94858638662525 -0.008736163687690587 0.04147537985775175
658.9460139302537 7.986472475154697 -0.008778963778615919 0.041098253528904796
668.6363964880584 8.023232979963687 -0.008749946011828467 0.040725812785967624
678.3267790458631 8.05891524212134 -0.008721234917581222 0.040360232763338104
688.0171616036678 8.093563930933074 -0.008692820774942336 0.04000132400488438
697.7075441614725 8.1272212381497 -0.008664694571898151 0.0396489039935379
707.3979267192772 8.159927054669476 -0.008695428731643754 0.039304552578238894
717.0883092770819 8.191719131623804 -0.008666348626625424 0.038964543590274466
726.7786918348866 8.222633227499733 -0.008637608358061679 0.03863051661725313
736.4690743926913 8.252703242748824 -0.008609195534724364 0.038302313739032604
746.159456950496 8.281961343156828 -0.008581098701285077 0.03797978257187674
755.8498395083006 8.31043807309748 -0.008553307237868202 0.03766277602653759
765.5402220659889 8.338162459662795 -0.008525811272745563 0.03735115207907129
775.2306046237936 8.365162108551038 -0.008503098874291721 0.03704484750427057
784.9209871815983 8.391463292488023 -0.00847605080453784 0.03674357995761076
794.611369739403 8.41709103288292 -0.008449278235802484 0.03644729730763068
804.3017522972077 8.442069175332799 -0.008506722305432257 0.03615883646082294
813.9921348550124 8.466420459531255 -0.008478316961424813 0.035872079997191164
823.6825174128171 8.490166584076093 -0.008450272995892062 0.03558995283944105
833.3728999706218 8.51332826662035 -0.008418171930676076 0.03531234263350699
843.0632825284265 8.535925299765896 -0.008390920054765615 0.035039140658389645
852.7536650862312 8.557976603058977 -0.008363983482042588 0.03477024167867167
862.4440476440359 8.579500271411776 -0.008337351066298062 0.03450554380437559
872.1344302018406 8.600513620242705 -0.008311012437892217 0.03424494835770909
881.8248127596453 8.621033227600218 -0.00828495792790792 0.03398835974628098
891.51519531745 8.641074973510102 -0.008372315799688725 0.03374033433642962
901.2055778752547 8.660654076763961 -0.008343911147096659 0.033491365531388886
910.8959604330594 8.679785129346783 -0.008315909330643923 0.03324614004151298
920.5863429908641 8.698482128683652 -0.008288292373484777 0.033004573032594874
930.2767255486688 8.716758507869724 -0.008261043732521662 0.0327665822475003
939.9671081064735 8.734627164033203 -0.008234148145781515 0.03253208790629645
949.6574906642782 8.752100484968146 -0.008207591499417088 0.03230101261132662
959.3478732219664 8.769190374162072 -0.008179206014325034 0.03207328125690231
969.0382557797711 8.78590827433426 -0.008153343661309388 0.03184882094329739
978.7286383375758 8.802265189586773 -0.008127780990957737 0.031627560894814034
988.4190208953805 8.818271706268895 -0.008102507648526885 0.03140943238161842
998.1094034531852 8.833938012640573 -0.008091683818470504 0.03119459337043654
