0.0000 0.0000
10.0000 2800.0000
20.0000 2800.0000
30.0000 2705.4756
40.0000 2800.0000
50.0000 2687.9695
60.0000 2790.1543
70.0000 2707.2252
80.0000 2800.0000
90.0000 2800.0000
100.0000 2363.0357
110.0000 2531.1249
120.0000 2800.0000
130.0000 2800.0000
140.0000 2800.0000
150.0000 2585.5405
160.0000 2800.0000
170.0000 2800.0000
180.0000 2800.0000
190.0000 2767.9659
200.0000 2649.2057
210.0000 2505.5128
220.0000 2342.2941
230.0000 2718.5890
240.0000 2800.0000
250.0000 2580.8026
260.0000 2373.9343
270.0000 2613.0528
280.0000 2800.0000
290.0000 2800.0000
300.0000 2610.8684
310.0000 2800.0000
320.0000 2800.0000
330.0000 2800.0000
340.0000 2779.2395
350.0000 2421.8011
360.0000 2672.1349
370.0000 2800.0000
380.0000 2800.0000
390.0000 2755.9327
400.0000 2725.1227
410.0000 2453.8658
420.0000 2800.0000
430.0000 2800.0000
440.0000 2638.4495
450.0000 2349.1352
460.0000 1991.8212
470.0000 2800.0000
480.0000 2800.0000
490.0000 2229.0643
500.0000 2490.0911
510.0000 1541.9835
520.0000 2800.0000
530.0000 2800.0000
540.0000 2171.8727
550.0000 2800.0000
560.0000 2800.0000
570.0000 2036.8127
580.0000 2800.0000
590.0000 2800.0000
600.0000 2568.2943
610.0000 2509.6822
620.0000 2554.7347
630.0000 1989.3414
640.0000 1941.4377
650.0000 1801.6321
660.0000 2149.2890
670.0000 2427.4827
680.0000 2496.7040
690.0000 1894.0427
700.0000 2800.0000
710.0000 2248.5657
720.0000 2205.3802
730.0000 1689.2933
740.0000 2800.0000
750.0000 2346.2508
760.0000 2656.8342
770.0000 2094.7712
780.0000 2609.8633
790.0000 1914.0649
800.0000 2643.4526
810.0000 2790.3889
820.0000 2648.4910
830.0000 2175.8461
840.0000 1933.2904
850.0000 1447.5505
860.0000 2508.5935
870.0000 2531.9039
880.0000 2800.0000
890.0000 2135.7060
900.0000 1812.5603
910.0000 2789.0214
920.0000 2161.4528
930.0000 2140.8983
940.0000 2364.0466
950.0000 2217.3954
960.0000 2515.0947
970.0000 2800.0000
980.0000 2800.0000
990.0000 2314.6298
1000.0000 2699.0863
1010.0000 2679.6309
1020.0000 2765.5634
1030.0000 2435.9178
1040.0000 2800.0000
1050.0000 2800.0000
1060.0000 2800.0000
1070.0000 2513.6068
1080.0000 2027.8121
1090.0000 2045.5073
1100.0000 1602.2160
1110.0000 1634.6203
1120.0000 2391.3374
1130.0000 2381.3414
1140.0000 2185.8036
1150.0000 2720.6927
1160.0000 2409.0918
1170.0000 2310.9190
1180.0000 2800.0000
1190.0000 2528.5779
1200.0000 2778.7401
1210.0000 2246.2275
1220.0000 2247.4185
1230.0000 2800.0000
1240.0000 2800.0000
1250.0000 2402.8579
1260.0000 2800.0000
1270.0000 2800.0000
1280.0000 2800.0000
1290.0000 2800.0000
1300.0000 2800.0000
1310.0000 2467.2885
1320.0000 2463.2103
1330.0000 2800.0000
1340.0000 2800.0000
1350.0000 2579.7447
1360.0000 2540.4742
1370.0000 2800.0000
1380.0000 2139.4422
1390.0000 2188.0156
1400.0000 2555.0862
1410.0000 2157.5140
1420.0000 2166.8584
1430.0000 2014.8721
1440.0000 2026.2948
1450.0000 1471.2966
1460.0000 1769.8457
1470.0000 1211.0489
1480.0000 2667.0614
1490.0000 1805.2368
1500.0000 2227.9034
1510.0000 1776.0759
1520.0000 2800.0000
1530.0000 2708.8618
1540.0000 1036.0373
1550.0000 2285.7836
1560.0000 2548.0575
1570.0000 2008.9820
1580.0000 2316.7481
1590.0000 2800.0000
1600.0000 2193.2599
1610.0000 2800.0000
1620.0000 2800.0000
1630.0000 2548.0345
1640.0000 1950.4855
1650.0000 1689.8254
1660.0000 1620.4521
1670.0000 1869.3884
1680.0000 2518.9025
1690.0000 2109.3783
1700.0000 2043.8034
1710.0000 2258.0405
1720.0000 2231.5468
1730.0000 2628.5364
1740.0000 2689.7079
1750.0000 2442.1630
1760.0000 1775.5729
1770.0000 2480.8693
1780.0000 2578.6199
1790.0000 2389.6608
1800.0000 2547.6316
1810.0000 2181.7968
1820.0000 2480.3768
1830.0000 2800.0000
1840.0000 2452.6999
1850.0000 2544.3138
1860.0000 2800.0000
1870.0000 1688.0577
1880.0000 2800.0000
1890.0000 2419.1768
1900.0000 2378.5521
1910.0000 1448.4764
1920.0000 2800.0000
1930.0000 2800.0000
1940.0000 2681.9026
1950.0000 2800.0000
1960.0000 2800.0000
1970.0000 2314.5684
1980.0000 2677.1928
1990.0000 2800.0000
2000.0000 2552.5178
2010.0000 2181.2789
2020.0000 2578.1220
2030.0000 2551.3878
2040.0000 2035.3567
2050.0000 1556.4087
2060.0000 2573.3740
2070.0000 2800.0000
2080.0000 2410.7608
2090.0000 2511.4984
2100.0000 1947.3398
2110.0000 2675.4841
2120.0000 2696.0043
2130.0000 2243.2971
2140.0000 2559.6066
2150.0000 2216.9617
2160.0000 1893.2878
2170.0000 1688.9871
2180.0000 1518.4179
2190.0000 1775.5179
2200.0000 1729.7845
2210.0000 1857.2013
2220.0000 1954.2886
2230.0000 1753.2898
2240.0000 1967.2803
2250.0000 2026.2956
2260.0000 2034.9754
2270.0000 1930.9325
2280.0000 1811.6716
2290.0000 2288.6091
2300.0000 2127.5914
2310.0000 2092.7796
2320.0000 1668.1190
2330.0000 2259.1953
2340.0000 1411.3037
2350.0000 2714.2358
2360.0000 2178.6307
2370.0000 2243.0778
2380.0000 2248.8887
2390.0000 2453.4049
2400.0000 1797.4201
2410.0000 2445.2949
2420.0000 2729.2653
2430.0000 1891.6821
2440.0000 2423.0874
2450.0000 2800.0000
2460.0000 2800.0000
2470.0000 2382.6273
2480.0000 2102.0416
2490.0000 1758.3224
2500.0000 1534.4697
2510.0000 2439.4879
2520.0000 2149.2257
2530.0000 2800.0000
2540.0000 2800.0000
2550.0000 954.1614
2560.0000 2800.0000
2570.0000 2215.4211
2580.0000 2649.4156
2590.0000 2629.7792
2600.0000 2690.5714
2610.0000 2800.0000
2620.0000 2688.3391
2630.0000 2516.5342
2640.0000 2800.0000
2650.0000 2253.3763
2660.0000 2521.3446
2670.0000 2246.7540
2680.0000 2654.1104
2690.0000 2800.0000
2700.0000 2797.7602
2710.0000 2315.4774
2720.0000 1576.2962
2730.0000 1917.2341
2740.0000 2752.5925
2750.0000 2796.6628
2760.0000 2040.3693
2770.0000 2800.0000
2780.0000 2800.0000
2790.0000 2439.1036
2800.0000 2309.1384
2810.0000 2800.0000
2820.0000 2800.0000
2830.0000 2376.5026
2840.0000 2770.0620
2850.0000 2374.8404
2860.0000 2800.0000
2870.0000 2433.6245
2880.0000 2462.2406
2890.0000 2384.7522
2900.0000 2800.0000
2910.0000 2800.0000
2920.0000 2800.0000
2930.0000 2800.0000
2940.0000 1888.7043
2950.0000 2800.0000
2960.0000 1737.4180
2970.0000 2699.1975
2980.0000 2575.7040
2990.0000 2800.0000
3000.0000 2800.0000
3010.0000 2800.0000
3020.0000 2783.6073
3030.0000 2800.0000
3040.0000 2731.8890
3050.0000 2344.0585
3060.0000 1750.5850
3070.0000 2560.5835
3080.0000 2505.2326
3090.0000 2026.5315
3100.0000 2800.0000
3110.0000 2496.7763
3120.0000 2558.1040
3130.0000 1675.1981
3140.0000 2146.8475
