0.0000 0.0000
10.0000 1555.9559
20.0000 1446.2787
30.0000 1234.2605
40.0000 1110.9631
50.0000 1107.7838
60.0000 1171.9874
70.0000 1186.5738
80.0000 1300.0658
90.0000 1733.0341
100.0000 1609.7588
110.0000 1827.1639
120.0000 2231.0458
130.0000 2344.0110
140.0000 2423.4522
150.0000 2470.2991
160.0000 2503.6106
170.0000 2753.4889
180.0000 2678.9380
190.0000 2565.5834
200.0000 2686.2149
210.0000 2784.2934
220.0000 2704.3832
230.0000 2800.0000
240.0000 2528.3258
250.0000 2055.2935
260.0000 2632.0405
270.0000 2696.0694
280.0000 2800.0000
290.0000 2800.0000
300.0000 2738.1170
310.0000 1950.5244
320.0000 2291.0005
330.0000 2576.7054
340.0000 2029.3497
350.0000 2380.1029
360.0000 2476.6495
370.0000 2503.7546
380.0000 2647.2405
390.0000 2800.0000
400.0000 2485.5360
410.0000 2274.7537
420.0000 2760.0617
430.0000 2112.6367
440.0000 2683.4609
450.0000 2536.1577
460.0000 2358.8622
470.0000 2380.1094
480.0000 2239.7815
490.0000 2306.9892
500.0000 2109.0232
510.0000 2484.8005
520.0000 2271.4611
530.0000 2020.1692
540.0000 1971.9317
550.0000 2087.1111
560.0000 2276.3161
570.0000 2800.0000
580.0000 2188.8941
590.0000 2292.9611
600.0000 2448.5574
610.0000 2178.4988
620.0000 2059.0861
630.0000 1969.7746
640.0000 1936.3063
650.0000 1916.9355
660.0000 2326.8489
670.0000 2241.2233
680.0000 2040.3083
690.0000 1488.9245
700.0000 2320.5056
710.0000 1924.5696
720.0000 2434.5979
730.0000 2800.0000
740.0000 2558.0628
750.0000 1721.0978
760.0000 2542.8792
770.0000 2464.0969
780.0000 2511.1895
790.0000 2463.7235
800.0000 1872.6088
810.0000 2206.9835
820.0000 1856.2383
830.0000 2226.9265
840.0000 2800.0000
850.0000 2383.4672
860.0000 2800.0000
870.0000 2131.5593
880.0000 2617.9007
890.0000 2762.0250
900.0000 2800.0000
910.0000 2736.8759
920.0000 2800.0000
930.0000 2626.1195
940.0000 2627.1741
950.0000 2745.5865
960.0000 2280.4571
970.0000 2155.3698
980.0000 2268.7806
990.0000 2389.4466
1000.0000 2523.7786
1010.0000 2076.6920
1020.0000 1791.8971
1030.0000 1887.5070
1040.0000 1046.2657
1050.0000 2526.3323
1060.0000 2382.6321
1070.0000 2005.9938
1080.0000 2800.0000
1090.0000 2546.1007
1100.0000 2182.3500
1110.0000 2800.0000
1120.0000 2762.7542
1130.0000 2633.3099
1140.0000 2800.0000
1150.0000 2050.0941
1160.0000 1678.9155
1170.0000 2402.9644
1180.0000 2266.6323
1190.0000 2800.0000
1200.0000 2800.0000
1210.0000 2336.0636
1220.0000 2800.0000
1230.0000 2800.0000
1240.0000 2780.3204
1250.0000 2425.6378
1260.0000 2463.5264
1270.0000 2701.6799
1280.0000 2800.0000
1290.0000 2550.4947
1300.0000 2631.8549
1310.0000 2800.0000
1320.0000 2243.7401
1330.0000 1648.0020
1340.0000 2800.0000
1350.0000 2765.6781
1360.0000 2275.3597
1370.0000 2800.0000
1380.0000 2800.0000
1390.0000 2800.0000
1400.0000 2721.4820
1410.0000 2487.2721
1420.0000 2541.9699
1430.0000 2741.6921
1440.0000 2430.2073
1450.0000 2797.1253
1460.0000 2158.9865
1470.0000 2368.4387
1480.0000 2800.0000
1490.0000 2770.6387
1500.0000 2684.6657
1510.0000 2771.2484
1520.0000 2298.8162
1530.0000 2432.5803
1540.0000 2646.2332
1550.0000 2161.7927
1560.0000 1892.0385
1570.0000 1917.3978
1580.0000 2566.2459
1590.0000 2606.4177
1600.0000 2005.4269
1610.0000 2176.7186
1620.0000 1844.6045
1630.0000 1502.2899
1640.0000 1264.7420
1650.0000 1259.1856
1660.0000 1647.1687
1670.0000 1370.2877
1680.0000 1632.3378
1690.0000 2136.9500
1700.0000 1608.5533
1710.0000 2293.1867
1720.0000 2124.2772
1730.0000 2069.9121
1740.0000 2134.9124
1750.0000 2201.6111
1760.0000 2130.7799
1770.0000 2016.6325
1780.0000 2800.0000
1790.0000 1662.6827
1800.0000 2504.2492
1810.0000 2577.0052
1820.0000 2324.2039
1830.0000 2576.5308
1840.0000 2553.4370
1850.0000 2093.1254
1860.0000 2412.9238
1870.0000 2188.5114
1880.0000 1724.1084
1890.0000 2165.0607
1900.0000 2572.1467
1910.0000 1971.3131
1920.0000 2627.5006
1930.0000 1994.6792
1940.0000 2005.9309
1950.0000 2800.0000
1960.0000 2580.1827
1970.0000 2475.5016
1980.0000 2800.0000
1990.0000 2467.0372
2000.0000 2800.0000
2010.0000 2800.0000
2020.0000 2173.4122
2030.0000 2800.0000
2040.0000 2800.0000
2050.0000 2800.0000
2060.0000 2731.2149
2070.0000 2612.2312
2080.0000 2800.0000
2090.0000 2639.0071
2100.0000 2780.3146
2110.0000 2532.6788
2120.0000 2503.2838
2130.0000 2800.0000
2140.0000 1912.5454
2150.0000 2800.0000
2160.0000 2503.6700
2170.0000 2334.5060
2180.0000 2245.2178
2190.0000 2103.2282
2200.0000 2249.2736
2210.0000 2250.9859
2220.0000 2124.7864
2230.0000 2372.7766
2240.0000 2428.9126
2250.0000 2185.6515
2260.0000 1846.6498
2270.0000 2443.9692
2280.0000 2328.2339
2290.0000 1973.8380
2300.0000 2242.0842
2310.0000 2762.1685
2320.0000 2288.2917
2330.0000 2800.0000
2340.0000 2800.0000
2350.0000 2800.0000
2360.0000 2199.2545
2370.0000 2150.1318
2380.0000 2794.6893
2390.0000 2572.9045
2400.0000 2800.0000
2410.0000 2501.4754
2420.0000 2684.9162
2430.0000 2706.5878
2440.0000 2503.5984
2450.0000 2493.8934
2460.0000 2076.6455
2470.0000 2618.7563
2480.0000 1787.3609
2490.0000 2769.6704
2500.0000 2800.0000
2510.0000 2685.7474
2520.0000 2747.3836
2530.0000 2299.1741
2540.0000 2709.4699
2550.0000 2387.0695
2560.0000 1727.7072
2570.0000 2800.0000
2580.0000 2355.3660
2590.0000 2240.1078
2600.0000 2471.6813
2610.0000 2172.7390
2620.0000 2101.7247
2630.0000 2082.2148
2640.0000 1845.4952
2650.0000 1596.4881
2660.0000 1802.1695
2670.0000 1647.2639
2680.0000 2088.0479
2690.0000 2156.0993
2700.0000 2025.2428
2710.0000 2405.0486
2720.0000 2435.2933
2730.0000 2103.0940
2740.0000 2344.0865
2750.0000 2413.6546
2760.0000 2611.0895
2770.0000 1993.4921
2780.0000 1740.9087
2790.0000 2167.9860
2800.0000 2799.5106
2810.0000 1668.0083
2820.0000 2142.6908
2830.0000 2800.0000
2840.0000 2592.5929
2850.0000 2617.6858
2860.0000 2800.0000
2870.0000 2625.5820
2880.0000 1988.1684
2890.0000 2025.7029
2900.0000 1677.9946
2910.0000 2800.0000
2920.0000 2098.1130
2930.0000 2283.1115
2940.0000 2800.0000
2950.0000 2800.0000
2960.0000 2800.0000
2970.0000 2800.0000
2980.0000 2031.5210
2990.0000 2489.7199
3000.0000 2440.3109
3010.0000 2521.8920
3020.0000 2435.6887
3030.0000 2180.0341
3040.0000 1646.8198
3050.0000 2800.0000
3060.0000 2505.6387
3070.0000 2800.0000
3080.0000 2266.1763
3090.0000 2076.1170
3100.0000 2132.6012
3110.0000 2800.0000
3120.0000 2800.0000
3130.0000 2508.7360
3140.0000 2056.9134
