0.0000 0.0000
10.0000 2800.0000
20.0000 2800.0000
30.0000 2800.0000
40.0000 2800.0000
50.0000 2669.2792
60.0000 2554.8536
70.0000 2381.8709
80.0000 2250.7129
90.0000 2252.9524
100.0000 2266.6560
110.0000 2309.5481
120.0000 2240.2373
130.0000 2004.4978
140.0000 1981.1200
150.0000 2204.6127
160.0000 2344.8324
170.0000 2421.2017
180.0000 2384.6302
190.0000 2318.8929
200.0000 2127.3817
210.0000 1968.0867
220.0000 1878.4022
230.0000 2283.0254
240.0000 2261.1675
250.0000 2268.0680
260.0000 2376.1874
270.0000 2324.5022
280.0000 2165.1748
290.0000 2183.9834
300.0000 2165.9818
310.0000 2486.9526
320.0000 2547.2010
330.0000 2393.8596
340.0000 2742.3849
350.0000 2494.9470
360.0000 2309.9403
370.0000 1885.3374
380.0000 2190.6258
390.0000 1994.7362
400.0000 1942.7786
410.0000 1715.7246
420.0000 1921.6459
430.0000 2446.1082
440.0000 2800.0000
450.0000 2800.0000
460.0000 2100.1905
470.0000 2125.3946
480.0000 1684.6335
490.0000 2057.8279
500.0000 1300.0304
510.0000 1310.3133
520.0000 1758.5259
530.0000 1719.0936
540.0000 2218.0502
550.0000 2272.9945
560.0000 1872.8505
570.0000 1925.9312
580.0000 1600.5287
590.0000 1909.6457
600.0000 1606.4393
610.0000 1584.7024
620.0000 1553.7421
630.0000 1745.1286
640.0000 1904.0948
650.0000 1771.9506
660.0000 1182.5661
670.0000 1914.6853
680.0000 2416.5908
690.0000 2309.4067
700.0000 2800.0000
710.0000 2800.0000
720.0000 2593.9126
730.0000 2199.8375
740.0000 2647.5386
750.0000 2474.5993
760.0000 2225.1418
770.0000 2084.2865
780.0000 1596.6885
790.0000 1748.3783
800.0000 1562.6456
810.0000 877.4571
820.0000 1374.2122
830.0000 1579.5834
840.0000 1705.0836
850.0000 1824.7983
860.0000 1292.7165
870.0000 1198.5567
880.0000 885.4542
890.0000 952.9120
900.0000 1371.0850
910.0000 1418.7439
920.0000 1390.8020
930.0000 2029.1892
940.0000 1815.3823
950.0000 2286.9879
960.0000 2377.4616
970.0000 1647.6983
980.0000 2035.8711
990.0000 2264.2418
1000.0000 2337.8671
1010.0000 1762.9603
1020.0000 2034.8848
1030.0000 1672.0279
1040.0000 2046.8867
1050.0000 1639.5792
1060.0000 2342.7049
1070.0000 1999.7864
1080.0000 1737.4205
1090.0000 1542.8933
1100.0000 1283.1929
1110.0000 905.7146
1120.0000 899.5470
1130.0000 1426.2623
1140.0000 764.2894
1150.0000 1568.2179
1160.0000 2013.6857
1170.0000 2752.1334
1180.0000 2567.3996
1190.0000 2364.4332
1200.0000 2141.8366
1210.0000 2243.5876
1220.0000 2114.3916
1230.0000 2140.1170
1240.0000 1870.6463
1250.0000 2353.7909
1260.0000 1858.3033
1270.0000 1000.8805
1280.0000 1583.7405
1290.0000 1253.8133
1300.0000 1656.8232
1310.0000 1847.7876
1320.0000 1935.4779
1330.0000 1545.5313
1340.0000 1354.2706
1350.0000 1950.8941
1360.0000 1524.8840
1370.0000 1360.6660
1380.0000 1280.3647
1390.0000 1447.7402
1400.0000 1469.0018
1410.0000 1273.6133
1420.0000 1037.2061
1430.0000 1107.7396
1440.0000 1253.1438
1450.0000 1161.8063
1460.0000 1009.2445
1470.0000 900.2129
1480.0000 972.6617
1490.0000 838.5957
1500.0000 872.9327
1510.0000 819.3319
1520.0000 1102.8324
1530.0000 796.1165
1540.0000 1048.1093
1550.0000 1091.8174
1560.0000 1700.6048
1570.0000 2007.5950
1580.0000 2080.8607
1590.0000 1876.3021
1600.0000 1028.0650
1610.0000 1839.0196
1620.0000 1502.8309
1630.0000 1925.3548
1640.0000 2146.4655
1650.0000 1577.0105
1660.0000 1715.3973
1670.0000 1477.7597
1680.0000 1603.2901
1690.0000 1403.1201
1700.0000 2029.6493
1710.0000 2197.5635
1720.0000 1705.4900
1730.0000 2056.1957
1740.0000 2152.5061
1750.0000 2266.0375
1760.0000 1177.7649
1770.0000 2800.0000
1780.0000 2537.3750
1790.0000 2432.6842
1800.0000 2216.0030
1810.0000 1847.0944
1820.0000 1817.0946
1830.0000 1782.5827
1840.0000 2400.6420
1850.0000 2800.0000
1860.0000 2563.5870
1870.0000 2535.2111
1880.0000 2561.9567
1890.0000 2591.7419
1900.0000 1962.8724
1910.0000 2800.0000
1920.0000 2424.0180
1930.0000 2711.8048
1940.0000 1686.1453
1950.0000 2639.5888
1960.0000 2661.5912
1970.0000 2359.2104
1980.0000 2800.0000
1990.0000 2485.9254
2000.0000 2486.9821
2010.0000 2583.7435
2020.0000 2291.0575
2030.0000 2286.2514
2040.0000 1903.8907
2050.0000 2107.2637
2060.0000 2253.0222
2070.0000 1891.6261
2080.0000 2181.6927
2090.0000 2407.3970
2100.0000 1450.6521
2110.0000 2503.9676
2120.0000 2546.6698
2130.0000 2537.6274
2140.0000 2570.0718
2150.0000 2617.6506
2160.0000 2492.7453
2170.0000 2512.5786
2180.0000 2729.9597
2190.0000 2007.4499
2200.0000 1932.7401
2210.0000 1703.0956
2220.0000 2016.2399
2230.0000 1597.8838
2240.0000 2099.1507
2250.0000 1340.9432
2260.0000 1355.2395
2270.0000 1812.4986
2280.0000 1683.8381
2290.0000 2159.7887
2300.0000 1858.7906
2310.0000 1652.4579
2320.0000 2557.2309
2330.0000 2216.9597
2340.0000 2800.0000
2350.0000 2800.0000
2360.0000 2257.9294
2370.0000 2167.4116
2380.0000 1874.6417
2390.0000 1533.1898
2400.0000 1810.4526
2410.0000 1844.6849
2420.0000 1128.8513
2430.0000 1619.1674
2440.0000 1428.1874
2450.0000 1687.8782
2460.0000 1262.0012
2470.0000 1588.6333
2480.0000 1870.7519
2490.0000 1805.8353
2500.0000 1796.4741
2510.0000 1361.3688
2520.0000 1426.8707
2530.0000 1559.0292
2540.0000 2050.3153
2550.0000 2107.3668
2560.0000 2785.7477
2570.0000 2150.9730
2580.0000 2226.4292
2590.0000 2502.3333
2600.0000 2800.0000
2610.0000 2491.3771
2620.0000 2636.6737
2630.0000 2303.5611
2640.0000 1986.9648
2650.0000 2121.7962
2660.0000 2460.9503
2670.0000 2800.0000
2680.0000 2247.4677
2690.0000 2407.1102
2700.0000 2477.5166
2710.0000 2057.8216
2720.0000 1788.2385
2730.0000 1942.8251
2740.0000 2240.7996
2750.0000 1692.8649
2760.0000 2611.5184
2770.0000 2441.2385
2780.0000 1742.4331
2790.0000 2069.8887
2800.0000 1570.9686
2810.0000 1650.6279
2820.0000 1805.6529
2830.0000 1789.9922
2840.0000 1391.8043
2850.0000 1701.5739
2860.0000 2129.1266
2870.0000 2561.3808
2880.0000 2442.4224
2890.0000 1651.8696
2900.0000 2364.9923
2910.0000 2693.5346
2920.0000 1675.9920
2930.0000 1522.8018
2940.0000 1631.8375
2950.0000 2012.2935
2960.0000 2450.9181
2970.0000 1910.3198
2980.0000 1785.1960
2990.0000 2535.6180
3000.0000 2294.0208
3010.0000 2497.7579
3020.0000 2583.7394
3030.0000 2218.9468
3040.0000 1894.9552
3050.0000 2320.0477
3060.0000 2381.0249
3070.0000 1979.4358
3080.0000 2027.8855
3090.0000 2440.8136
3100.0000 2093.0349
3110.0000 2296.8805
3120.0000 1612.7642
3130.0000 1755.6440
3140.0000 1932.3693
