0.0000 0.0000
10.0000 1548.8123
20.0000 1806.2694
30.0000 1780.0832
40.0000 1740.9590
50.0000 1901.2277
60.0000 1900.0757
70.0000 1875.2415
80.0000 1891.8903
90.0000 1882.5506
100.0000 2192.0421
110.0000 2365.3767
120.0000 2549.3228
130.0000 2204.3309
140.0000 2050.5721
150.0000 1997.8612
160.0000 2003.7999
170.0000 1663.8216
180.0000 1747.7662
190.0000 1645.4796
200.0000 1551.3815
210.0000 1894.4759
220.0000 1834.1984
230.0000 1249.3921
240.0000 1813.0587
250.0000 1481.8869
260.0000 813.9216
270.0000 1295.0544
280.0000 1648.9828
290.0000 2028.1491
300.0000 2492.1616
310.0000 2524.8593
320.0000 2402.2717
330.0000 1981.6320
340.0000 2232.1556
350.0000 2678.8550
360.0000 2796.9158
370.0000 2665.8461
380.0000 2638.5059
390.0000 2467.0652
400.0000 2659.9641
410.0000 2356.7949
420.0000 2731.6902
430.0000 2794.5621
440.0000 2785.7480
450.0000 1743.9491
460.0000 2481.5370
470.0000 1922.8339
480.0000 2354.7951
490.0000 2084.6969
500.0000 2626.4820
510.0000 2405.5113
520.0000 2490.9582
530.0000 2555.5799
540.0000 2358.0358
550.0000 2358.1576
560.0000 2163.4513
570.0000 1584.2126
580.0000 2016.7825
590.0000 1940.3188
600.0000 1496.7783
610.0000 1643.7708
620.0000 1139.9684
630.0000 1513.2648
640.0000 2221.6758
650.0000 1836.4556
660.0000 1667.9913
670.0000 1498.8558
680.0000 2079.8909
690.0000 2097.7406
700.0000 1862.9367
710.0000 1563.9637
720.0000 2450.3623
730.0000 2113.1519
740.0000 2307.8036
750.0000 1659.6302
760.0000 2640.6621
770.0000 2800.0000
780.0000 2461.3352
790.0000 2607.6501
800.0000 2486.4504
810.0000 2249.5622
820.0000 2800.0000
830.0000 2536.2938
840.0000 2800.0000
850.0000 2597.6128
860.0000 2202.6063
870.0000 2204.2935
880.0000 2379.0384
890.0000 1269.2292
900.0000 2100.0611
910.0000 1595.0169
920.0000 1924.8578
930.0000 2299.0327
940.0000 1772.2554
950.0000 1715.6415
960.0000 992.3224
970.0000 1709.3431
980.0000 2372.2218
990.0000 2632.0558
1000.0000 2365.7542
1010.0000 2800.0000
1020.0000 1925.4183
1030.0000 2800.0000
1040.0000 2730.7330
1050.0000 2800.0000
1060.0000 2800.0000
1070.0000 2800.0000
1080.0000 2415.7049
1090.0000 2800.0000
1100.0000 2800.0000
1110.0000 2800.0000
1120.0000 2754.0165
1130.0000 2800.0000
1140.0000 2800.0000
1150.0000 2800.0000
1160.0000 2720.9844
1170.0000 2052.8953
1180.0000 2782.4795
1190.0000 2409.7478
1200.0000 2105.3155
1210.0000 2282.5834
1220.0000 1756.4248
1230.0000 2168.8578
1240.0000 1699.4241
1250.0000 1680.0826
1260.0000 2800.0000
1270.0000 2673.5912
1280.0000 2714.2403
1290.0000 2800.0000
1300.0000 2800.0000
1310.0000 2361.1243
1320.0000 2524.8138
1330.0000 1948.5952
1340.0000 2263.8984
1350.0000 2510.3302
1360.0000 1721.1594
1370.0000 2521.1012
1380.0000 2327.4575
1390.0000 2259.4882
1400.0000 2252.1702
1410.0000 2800.0000
1420.0000 2374.1523
1430.0000 2591.6617
1440.0000 2571.6804
1450.0000 2467.4468
1460.0000 2800.0000
1470.0000 2553.1642
1480.0000 2104.6814
1490.0000 2800.0000
1500.0000 2754.0095
1510.0000 2499.7650
1520.0000 1883.1495
1530.0000 2372.4236
1540.0000 2185.1960
1550.0000 1831.6033
1560.0000 1752.4066
1570.0000 2118.9130
1580.0000 2369.1522
1590.0000 2212.0994
1600.0000 2800.0000
1610.0000 2800.0000
1620.0000 1870.0262
1630.0000 2638.4796
1640.0000 2404.9654
1650.0000 2800.0000
1660.0000 2800.0000
1670.0000 2579.9029
1680.0000 2472.4642
1690.0000 2800.0000
1700.0000 2800.0000
1710.0000 2358.4800
1720.0000 2800.0000
1730.0000 2274.1895
1740.0000 2192.5045
1750.0000 2800.0000
1760.0000 2618.9293
1770.0000 1689.2699
1780.0000 1765.2819
1790.0000 1499.3448
1800.0000 2157.1103
1810.0000 1916.4070
1820.0000 2750.4777
1830.0000 2800.0000
1840.0000 2728.3955
1850.0000 2694.8355
1860.0000 2731.8581
1870.0000 2609.8969
1880.0000 2062.1364
1890.0000 2473.5615
1900.0000 2132.1178
1910.0000 2507.4215
1920.0000 2603.1210
1930.0000 2800.0000
1940.0000 2417.9387
1950.0000 2800.0000
1960.0000 2586.7308
1970.0000 2629.4264
1980.0000 2294.8317
1990.0000 2676.7711
2000.0000 2800.0000
2010.0000 2312.4579
2020.0000 2124.0036
2030.0000 2092.4870
2040.0000 1380.0611
2050.0000 1716.1912
2060.0000 1077.2762
2070.0000 932.5341
2080.0000 1379.7409
2090.0000 1336.8281
2100.0000 1423.9281
2110.0000 1486.9760
2120.0000 1386.0216
2130.0000 1765.2191
2140.0000 1403.9417
2150.0000 1617.4523
2160.0000 1773.1861
2170.0000 1993.4093
2180.0000 2053.5578
2190.0000 1636.9123
2200.0000 2577.5031
2210.0000 2405.1657
2220.0000 1598.3110
2230.0000 1437.0248
2240.0000 1291.5199
2250.0000 1524.9864
2260.0000 1647.4613
2270.0000 1827.9129
2280.0000 1598.4187
2290.0000 1533.0344
2300.0000 2467.2503
2310.0000 2451.3707
2320.0000 2543.7575
2330.0000 2142.9986
2340.0000 2111.6667
2350.0000 2083.5200
2360.0000 1118.2301
2370.0000 1184.1195
2380.0000 920.9332
2390.0000 1171.1155
2400.0000 1533.3090
2410.0000 1115.7373
2420.0000 610.0791
2430.0000 571.2065
2440.0000 1297.4650
2450.0000 1284.6161
2460.0000 1282.2373
2470.0000 1694.3905
2480.0000 1508.8781
2490.0000 1062.0960
2500.0000 1004.7720
2510.0000 1292.8001
2520.0000 1335.8889
2530.0000 1420.8361
2540.0000 1808.8713
2550.0000 1476.6617
2560.0000 1563.6463
2570.0000 1814.1254
2580.0000 1729.4775
2590.0000 1466.7639
2600.0000 1322.1089
2610.0000 1898.4889
2620.0000 1410.6921
2630.0000 1564.7598
2640.0000 1618.5031
2650.0000 1045.1842
2660.0000 990.9759
2670.0000 973.9922
2680.0000 1540.5795
2690.0000 2259.1537
2700.0000 2121.2712
2710.0000 1990.6835
2720.0000 2800.0000
2730.0000 2211.9619
2740.0000 2589.1542
2750.0000 2334.0559
2760.0000 1433.4265
2770.0000 2337.8233
2780.0000 2427.6128
2790.0000 2483.8295
2800.0000 2605.5230
2810.0000 2800.0000
2820.0000 2800.0000
2830.0000 2763.7526
2840.0000 2691.5110
2850.0000 2800.0000
2860.0000 2481.3443
2870.0000 2769.4558
2880.0000 2292.4327
2890.0000 2800.0000
2900.0000 2800.0000
2910.0000 2458.3063
2920.0000 2072.0685
2930.0000 2734.4479
2940.0000 2800.0000
2950.0000 2800.0000
2960.0000 2527.7915
2970.0000 2515.5181
2980.0000 2192.9025
2990.0000 2800.0000
3000.0000 2642.9526
3010.0000 2497.6830
3020.0000 1873.6592
3030.0000 2308.1242
3040.0000 2578.2947
3050.0000 2163.6476
3060.0000 2135.7378
3070.0000 2045.2700
3080.0000 2342.4516
3090.0000 2216.8693
3100.0000 1768.2117
3110.0000 2504.9460
3120.0000 1884.8458
3130.0000 2540.6170
3140.0000 2439.7073
