0.0000 0.0000
10.0000 1123.4144
20.0000 1586.0859
30.0000 1627.3077
40.0000 1819.0394
50.0000 2113.2874
60.0000 2313.3568
70.0000 2173.3537
80.0000 2043.1793
90.0000 1765.3630
100.0000 1476.2310
110.0000 1172.3284
120.0000 1024.9271
130.0000 965.1184
140.0000 1021.5969
150.0000 883.2316
160.0000 771.4985
170.0000 703.5746
180.0000 508.3982
190.0000 520.1931
200.0000 1932.5655
210.0000 1826.4191
220.0000 1946.3012
230.0000 2314.9204
240.0000 2522.4559
250.0000 2762.9522
260.0000 2698.1806
270.0000 2561.2275
280.0000 2414.5333
290.0000 2274.9803
300.0000 2520.7342
310.0000 2292.5284
320.0000 2522.0119
330.0000 2377.3379
340.0000 2207.6057
350.0000 2347.3379
360.0000 2382.8685
370.0000 2420.5871
380.0000 2394.3230
390.0000 2528.6170
400.0000 1962.5869
410.0000 1781.0130
420.0000 2504.0013
430.0000 2204.4668
440.0000 2160.4359
450.0000 1934.8952
460.0000 2213.5825
470.0000 2007.2901
480.0000 1492.8012
490.0000 1673.8251
500.0000 1658.8769
510.0000 791.4300
520.0000 1872.1783
530.0000 1416.5587
540.0000 1407.7737
550.0000 2209.1950
560.0000 1840.4925
570.0000 2006.3336
580.0000 2446.0769
590.0000 1589.6458
600.0000 1704.4536
610.0000 1834.3670
620.0000 1350.6114
630.0000 1999.2705
640.0000 1862.8283
650.0000 1440.2512
660.0000 1638.8792
670.0000 1678.2679
680.0000 2092.6954
690.0000 1715.6361
700.0000 2516.8263
710.0000 2367.0022
720.0000 2556.9163
730.0000 2591.1707
740.0000 2416.6419
750.0000 1979.3514
760.0000 2417.9988
770.0000 2435.9122
780.0000 2201.9017
790.0000 2660.3994
800.0000 2189.1996
810.0000 1985.8179
820.0000 2174.2693
830.0000 2347.9070
840.0000 2125.3739
850.0000 2227.2652
860.0000 2736.4252
870.0000 2800.0000
880.0000 1599.1542
890.0000 2537.7312
900.0000 1957.6093
910.0000 2218.7243
920.0000 2055.4687
930.0000 2491.8166
940.0000 2442.6757
950.0000 2264.3947
960.0000 1873.6871
970.0000 1797.4025
980.0000 1639.8986
990.0000 1688.8670
1000.0000 1240.1896
1010.0000 1165.9179
1020.0000 1295.4866
1030.0000 1499.7823
1040.0000 1921.8882
1050.0000 1729.4962
1060.0000 1395.2950
1070.0000 1535.6489
1080.0000 1815.2591
1090.0000 2306.3440
1100.0000 2144.0822
1110.0000 2318.6135
1120.0000 2624.8103
1130.0000 2800.0000
1140.0000 2508.2740
1150.0000 2740.3880
1160.0000 2800.0000
1170.0000 2366.8728
1180.0000 2015.8974
1190.0000 2543.1592
1200.0000 2773.0446
1210.0000 1838.2808
1220.0000 2227.2841
1230.0000 1983.6442
1240.0000 2433.0343
1250.0000 2173.6690
1260.0000 2800.0000
1270.0000 2122.6572
1280.0000 2800.0000
1290.0000 2800.0000
1300.0000 1822.5083
1310.0000 2044.7484
1320.0000 2800.0000
1330.0000 2654.5789
1340.0000 1949.7106
1350.0000 2800.0000
1360.0000 2800.0000
1370.0000 2636.2777
1380.0000 2800.0000
1390.0000 2767.4045
1400.0000 2800.0000
1410.0000 2793.6122
1420.0000 2480.6873
1430.0000 2441.0775
1440.0000 1900.3282
1450.0000 2183.4876
1460.0000 2800.0000
1470.0000 2465.2802
1480.0000 1851.3858
1490.0000 2495.2620
1500.0000 2415.5278
1510.0000 2371.8293
1520.0000 1831.9303
1530.0000 2213.0991
1540.0000 2800.0000
1550.0000 2033.9733
1560.0000 2383.2304
1570.0000 2800.0000
1580.0000 2132.8782
1590.0000 2452.3519
1600.0000 2407.3529
1610.0000 2782.3256
1620.0000 1969.8009
1630.0000 2327.2182
1640.0000 1720.6617
1650.0000 1578.3649
1660.0000 1689.7625
1670.0000 1537.9359
1680.0000 968.3499
1690.0000 1933.9214
1700.0000 1912.8502
1710.0000 2800.0000
1720.0000 2800.0000
1730.0000 2009.1169
1740.0000 2638.4131
1750.0000 2161.2643
1760.0000 2800.0000
1770.0000 2764.7727
1780.0000 2800.0000
1790.0000 2800.0000
1800.0000 2749.6839
1810.0000 1738.0960
1820.0000 2218.1721
1830.0000 2800.0000
1840.0000 1989.6021
1850.0000 2482.7084
1860.0000 2800.0000
1870.0000 2800.0000
1880.0000 2514.3676
1890.0000 1965.6112
1900.0000 2769.1521
1910.0000 2513.3908
1920.0000 2480.1975
1930.0000 2382.4771
1940.0000 2331.4675
1950.0000 2085.5250
1960.0000 2378.6371
1970.0000 1894.1845
1980.0000 1994.6100
1990.0000 1952.1021
2000.0000 2119.6609
2010.0000 1570.7738
2020.0000 2230.1094
2030.0000 2195.1784
2040.0000 1755.2212
2050.0000 1741.7485
2060.0000 1524.0371
2070.0000 2143.4349
2080.0000 2491.3488
2090.0000 1959.8302
2100.0000 1610.3440
2110.0000 1580.2997
2120.0000 1881.4798
2130.0000 1953.9586
2140.0000 1822.7631
2150.0000 2011.9016
2160.0000 2012.7412
2170.0000 2700.1655
2180.0000 2216.8736
2190.0000 2395.8726
2200.0000 2131.4912
2210.0000 2016.1782
2220.0000 1126.2929
2230.0000 2472.7285
2240.0000 2800.0000
2250.0000 2064.6856
2260.0000 2339.7605
2270.0000 2549.2625
2280.0000 2723.2829
2290.0000 2531.5110
2300.0000 1931.8736
2310.0000 2015.3511
2320.0000 1875.1743
2330.0000 2251.1388
2340.0000 1809.9284
2350.0000 1839.2227
2360.0000 2239.6581
2370.0000 2800.0000
2380.0000 2447.3352
2390.0000 2082.0391
2400.0000 2253.7967
2410.0000 2336.1609
2420.0000 2234.1390
2430.0000 2473.1870
2440.0000 2257.7443
2450.0000 2800.0000
2460.0000 2363.8462
2470.0000 2108.2946
2480.0000 2295.3146
2490.0000 1790.4060
2500.0000 2088.2426
2510.0000 2522.3436
2520.0000 1608.3366
2530.0000 1952.0752
2540.0000 1175.0365
2550.0000 1467.4274
2560.0000 1477.9079
2570.0000 1749.4688
2580.0000 1198.0377
2590.0000 1963.6011
2600.0000 2800.0000
2610.0000 2441.8473
2620.0000 2800.0000
2630.0000 2580.9817
2640.0000 2382.6596
2650.0000 2123.2013
2660.0000 1682.9918
2670.0000 1863.7324
2680.0000 2222.3225
2690.0000 2518.8877
2700.0000 2688.1457
2710.0000 2673.6225
2720.0000 2800.0000
2730.0000 2149.2353
2740.0000 2486.8826
2750.0000 2448.6855
2760.0000 1968.8623
2770.0000 2060.7737
2780.0000 2017.2772
2790.0000 1943.7759
2800.0000 1923.4889
2810.0000 2342.7150
2820.0000 2800.0000
2830.0000 2004.4440
2840.0000 1977.6713
2850.0000 2800.0000
2860.0000 2800.0000
2870.0000 1443.4753
2880.0000 1683.7089
2890.0000 2329.5076
2900.0000 2059.1290
2910.0000 1634.3332
2920.0000 2187.8899
2930.0000 2777.0197
2940.0000 2800.0000
2950.0000 2135.8120
2960.0000 2800.0000
2970.0000 2487.8465
2980.0000 2800.0000
2990.0000 2589.3457
3000.0000 2404.4649
3010.0000 2180.3457
3020.0000 2363.2043
3030.0000 2192.1040
3040.0000 1414.4555
3050.0000 1512.8330
3060.0000 1122.7949
3070.0000 1288.1907
3080.0000 1262.2715
3090.0000 1465.6448
3100.0000 1581.4458
3110.0000 1361.1639
3120.0000 1756.7006
3130.0000 2699.3984
3140.0000 2380.6470
