0.0000 0.0000
10.0000 2624.3745
20.0000 2498.4203
30.0000 2563.9907
40.0000 2483.9678
50.0000 2792.1898
60.0000 2549.6011
70.0000 1739.8508
80.0000 2118.1091
90.0000 1770.5290
100.0000 1719.4226
110.0000 2118.7177
120.0000 2102.0000
130.0000 2041.5491
140.0000 2252.0541
150.0000 2324.3538
160.0000 2071.6625
170.0000 2057.6809
180.0000 2053.6409
190.0000 2269.5121
200.0000 1890.8032
210.0000 2313.9703
220.0000 2441.1776
230.0000 2509.7896
240.0000 2600.8270
250.0000 2673.7697
260.0000 2800.0000
270.0000 2512.5661
280.0000 2716.8753
290.0000 2734.9616
300.0000 2170.6227
310.0000 2413.3911
320.0000 2800.0000
330.0000 2800.0000
340.0000 2800.0000
350.0000 2800.0000
360.0000 2679.4432
370.0000 2495.1321
380.0000 2627.9876
390.0000 2602.8131
400.0000 2200.3144
410.0000 2800.0000
420.0000 2800.0000
430.0000 2800.0000
440.0000 2719.6757
450.0000 2800.0000
460.0000 2795.9768
470.0000 2455.0861
480.0000 2234.1374
490.0000 2464.7231
500.0000 2441.3270
510.0000 2341.6351
520.0000 2162.7733
530.0000 2134.1405
540.0000 2493.2547
550.0000 2389.1079
560.0000 2188.1296
570.0000 1108.0691
580.0000 2089.5221
590.0000 2800.0000
600.0000 2254.0980
610.0000 2327.4638
620.0000 2421.1987
630.0000 2510.7237
640.0000 2612.4615
650.0000 2487.6838
660.0000 2506.8036
670.0000 1915.2050
680.0000 2179.7186
690.0000 2310.8919
700.0000 2446.3143
710.0000 2255.0051
720.0000 2109.8860
730.0000 1404.4746
740.0000 1815.9902
750.0000 1723.7037
760.0000 1398.2447
770.0000 1283.3330
780.0000 1239.7662
790.0000 1911.8091
800.0000 1382.9904
810.0000 727.6009
820.0000 1719.5602
830.0000 1591.6802
840.0000 1461.5958
850.0000 2295.9831
860.0000 2216.7234
870.0000 1984.3500
880.0000 2006.9383
890.0000 2369.9678
900.0000 2595.9093
910.0000 2408.5571
920.0000 2492.4791
930.0000 2229.5818
940.0000 1654.4985
950.0000 2447.9307
960.0000 2440.1808
970.0000 1851.7623
980.0000 2132.5081
990.0000 1958.0694
1000.0000 1635.8973
1010.0000 1513.2124
1020.0000 1294.3637
1030.0000 2235.8513
1040.0000 1485.1846
1050.0000 2048.6958
1060.0000 2088.0077
1070.0000 2699.0642
1080.0000 2710.3335
1090.0000 2180.9738
1100.0000 2800.0000
1110.0000 2800.0000
1120.0000 2630.3170
1130.0000 2800.0000
1140.0000 2193.6514
1150.0000 2069.6705
1160.0000 2218.1111
1170.0000 1354.5476
1180.0000 2349.2672
1190.0000 2316.1685
1200.0000 1585.9567
1210.0000 2588.8177
1220.0000 2731.9488
1230.0000 2272.8347
1240.0000 2499.2249
1250.0000 1999.4805
1260.0000 779.7888
1270.0000 2614.5593
1280.0000 2556.1654
1290.0000 2519.7465
1300.0000 2488.6219
1310.0000 2055.0087
1320.0000 2014.2109
1330.0000 2404.7531
1340.0000 2728.1399
1350.0000 1654.1166
1360.0000 1420.5836
1370.0000 1980.4130
1380.0000 1824.5860
1390.0000 1747.1986
1400.0000 2345.3126
1410.0000 2229.8043
1420.0000 2490.7098
1430.0000 1617.9070
1440.0000 2200.3546
1450.0000 2171.7745
1460.0000 1764.6676
1470.0000 1463.5455
1480.0000 1458.4132
1490.0000 1029.1781
1500.0000 993.2575
1510.0000 1323.2287
1520.0000 1387.0414
1530.0000 786.8352
1540.0000 930.3151
1550.0000 1297.5400
1560.0000 1369.5205
1570.0000 1387.6627
1580.0000 1994.4992
1590.0000 1289.4827
1600.0000 2319.7253
1610.0000 2516.5885
1620.0000 2444.9431
1630.0000 2286.2639
1640.0000 2341.2510
1650.0000 2177.3008
1660.0000 2037.3664
1670.0000 1954.1845
1680.0000 1932.0283
1690.0000 1922.1261
1700.0000 2524.4962
1710.0000 2452.3550
1720.0000 1981.6785
1730.0000 2800.0000
1740.0000 2566.4935
1750.0000 1758.0312
1760.0000 2234.1327
1770.0000 2800.0000
1780.0000 2661.5738
1790.0000 2446.7463
1800.0000 2800.0000
1810.0000 2800.0000
1820.0000 2547.9288
1830.0000 2800.0000
1840.0000 2800.0000
1850.0000 2669.5973
1860.0000 2233.2260
1870.0000 2712.8842
1880.0000 2246.5719
1890.0000 2796.7191
1900.0000 2486.8385
1910.0000 2587.3669
1920.0000 2718.4314
1930.0000 2705.1686
1940.0000 2011.1379
1950.0000 2343.3415
1960.0000 2333.3021
1970.0000 2665.8187
1980.0000 2284.3846
1990.0000 2227.3552
2000.0000 2151.5871
2010.0000 2149.1294
2020.0000 1733.9998
2030.0000 1919.9620
2040.0000 1973.4429
2050.0000 2274.7402
2060.0000 1885.1207
2070.0000 1843.2289
2080.0000 1657.7538
2090.0000 2572.9227
2100.0000 2269.3059
2110.0000 2529.7900
2120.0000 2315.0383
2130.0000 2146.3010
2140.0000 2272.7266
2150.0000 1880.3547
2160.0000 2155.2421
2170.0000 2800.0000
2180.0000 1658.7127
2190.0000 2318.2238
2200.0000 2775.1116
2210.0000 2391.7307
2220.0000 1461.5263
2230.0000 2800.0000
2240.0000 2800.0000
2250.0000 2800.0000
2260.0000 2211.2536
2270.0000 2549.5171
2280.0000 2800.0000
2290.0000 2740.9611
2300.0000 2318.4481
2310.0000 2701.6800
2320.0000 2800.0000
2330.0000 2800.0000
2340.0000 2800.0000
2350.0000 2322.8822
2360.0000 2330.9511
2370.0000 2540.0807
2380.0000 2800.0000
2390.0000 2597.8261
2400.0000 1970.8606
2410.0000 2431.3779
2420.0000 2376.1938
2430.0000 2077.5950
2440.0000 1796.7446
2450.0000 1837.5598
2460.0000 1751.6625
2470.0000 1440.2577
2480.0000 1133.3187
2490.0000 1269.4205
2500.0000 1257.4065
2510.0000 797.9333
2520.0000 1703.7145
2530.0000 1597.7125
2540.0000 1856.7338
2550.0000 1552.3439
2560.0000 2005.7007
2570.0000 1808.9582
2580.0000 2294.4887
2590.0000 2526.3463
2600.0000 1698.3868
2610.0000 1247.9962
2620.0000 2162.8940
2630.0000 2151.4223
2640.0000 2578.8938
2650.0000 2800.0000
2660.0000 2800.0000
2670.0000 1740.2686
2680.0000 2800.0000
2690.0000 2800.0000
2700.0000 2800.0000
2710.0000 2527.1452
2720.0000 2485.3062
2730.0000 2800.0000
2740.0000 2744.9385
2750.0000 2800.0000
2760.0000 2800.0000
2770.0000 2800.0000
2780.0000 2800.0000
2790.0000 2800.0000
2800.0000 2690.9976
2810.0000 2491.0891
2820.0000 2626.4272
2830.0000 2057.9223
2840.0000 2453.7299
2850.0000 2072.4954
2860.0000 2268.5927
2870.0000 2423.4177
2880.0000 1929.7078
2890.0000 2746.3852
2900.0000 2800.0000
2910.0000 2229.2371
2920.0000 2800.0000
2930.0000 2110.8775
2940.0000 2800.0000
2950.0000 2116.3349
2960.0000 2800.0000
2970.0000 2321.8815
2980.0000 2780.3307
2990.0000 2800.0000
3000.0000 2518.3435
3010.0000 2800.0000
3020.0000 2591.5777
3030.0000 2374.5696
3040.0000 2050.2776
3050.0000 2144.9748
3060.0000 2037.3599
3070.0000 2200.2282
3080.0000 2530.5166
3090.0000 2609.0634
3100.0000 2602.0208
3110.0000 2324.3877
3120.0000 2558.2427
3130.0000 2345.7015
3140.0000 2800.0000
