0.0000 0.0000
10.0000 2434.4227
20.0000 2449.7714
30.0000 2518.0897
40.0000 2587.9393
50.0000 2431.3908
60.0000 2761.5270
70.0000 2800.0000
80.0000 2800.0000
90.0000 2800.0000
100.0000 2752.7884
110.0000 2652.4161
120.0000 2716.3271
130.0000 2683.1227
140.0000 2716.6365
150.0000 2660.5658
160.0000 2666.0301
170.0000 2715.2471
180.0000 2737.1123
190.0000 2632.9429
200.0000 2368.3838
210.0000 2406.5517
220.0000 2800.0000
230.0000 2785.6825
240.0000 2800.0000
250.0000 2800.0000
260.0000 2800.0000
270.0000 2800.0000
280.0000 2552.0012
290.0000 2566.7937
300.0000 2467.2053
310.0000 2382.5183
320.0000 2800.0000
330.0000 2800.0000
340.0000 2800.0000
350.0000 2714.0772
360.0000 2545.4180
370.0000 2800.0000
380.0000 2619.5597
390.0000 2203.1940
400.0000 2324.1687
410.0000 2026.3343
420.0000 2800.0000
430.0000 2630.6674
440.0000 2334.1394
450.0000 2800.0000
460.0000 2800.0000
470.0000 2794.0463
480.0000 2800.0000
490.0000 1642.7288
500.0000 2597.0410
510.0000 2713.7579
520.0000 2386.2132
530.0000 2626.8312
540.0000 2800.0000
550.0000 2800.0000
560.0000 2799.4071
570.0000 2305.9450
580.0000 2292.4340
590.0000 1337.4063
600.0000 2389.1252
610.0000 2744.5048
620.0000 2305.9913
630.0000 2800.0000
640.0000 2800.0000
650.0000 2800.0000
660.0000 1794.2334
670.0000 2237.8303
680.0000 2800.0000
690.0000 2800.0000
700.0000 2800.0000
710.0000 2082.8290
720.0000 2277.0519
730.0000 2701.2927
740.0000 2800.0000
750.0000 2800.0000
760.0000 2800.0000
770.0000 2766.3733
780.0000 2364.5314
790.0000 2618.0118
800.0000 1961.2585
810.0000 2614.7458
820.0000 2108.1430
830.0000 1648.1948
840.0000 2180.0938
850.0000 1961.9575
860.0000 1785.4216
870.0000 1856.6037
880.0000 1829.1354
890.0000 1944.9850
900.0000 2106.4308
910.0000 1835.3159
920.0000 1206.2049
930.0000 975.3929
940.0000 1416.0674
950.0000 1316.7550
960.0000 1039.3773
970.0000 1423.6762
980.0000 1418.7422
990.0000 1521.1045
1000.0000 1723.1612
1010.0000 1530.7298
1020.0000 1784.4894
1030.0000 1900.3530
1040.0000 1914.4543
1050.0000 1800.9536
1060.0000 2142.0109
1070.0000 2476.8413
1080.0000 2715.1724
1090.0000 2370.2955
1100.0000 2273.3283
1110.0000 2286.3613
1120.0000 2744.3260
1130.0000 2610.9925
1140.0000 2320.3332
1150.0000 2800.0000
1160.0000 2481.1343
1170.0000 2457.3593
1180.0000 2436.1182
1190.0000 2676.1514
1200.0000 2626.4747
1210.0000 2177.6609
1220.0000 2562.6894
1230.0000 1539.1566
1240.0000 2388.1290
1250.0000 2372.4403
1260.0000 2665.6064
1270.0000 2589.2346
1280.0000 2618.0915
1290.0000 2528.4077
1300.0000 2751.1241
1310.0000 2566.7298
1320.0000 2800.0000
1330.0000 2708.8432
1340.0000 2800.0000
1350.0000 2273.1345
1360.0000 2236.9018
1370.0000 2099.8491
1380.0000 2356.2813
1390.0000 2211.7541
1400.0000 2299.4784
1410.0000 2011.4042
1420.0000 2084.6385
1430.0000 1700.7706
1440.0000 2043.3179
1450.0000 1570.0059
1460.0000 1410.1222
1470.0000 1457.2687
1480.0000 1333.6045
1490.0000 1629.0840
1500.0000 1582.1403
1510.0000 1478.6207
1520.0000 1921.0502
1530.0000 2026.0482
1540.0000 2245.5937
1550.0000 1848.2497
1560.0000 1367.3047
1570.0000 1248.2069
1580.0000 882.0504
1590.0000 873.3677
1600.0000 1408.5985
1610.0000 1279.8599
1620.0000 1623.0485
1630.0000 1631.3125
1640.0000 1481.7102
1650.0000 1786.3477
1660.0000 1508.7133
1670.0000 1776.7933
1680.0000 1388.0428
1690.0000 1686.1589
1700.0000 1927.8180
1710.0000 2410.7915
1720.0000 2336.7196
1730.0000 2800.0000
1740.0000 2800.0000
1750.0000 1969.6785
1760.0000 2516.5980
1770.0000 2800.0000
1780.0000 2800.0000
1790.0000 2692.0977
1800.0000 2800.0000
1810.0000 2558.9075
1820.0000 2800.0000
1830.0000 2541.5836
1840.0000 2800.0000
1850.0000 2087.8684
1860.0000 2451.2999
1870.0000 2719.1168
1880.0000 2314.8318
1890.0000 2800.0000
1900.0000 2466.5159
1910.0000 2720.5552
1920.0000 2581.8152
1930.0000 2285.7649
1940.0000 2557.5711
1950.0000 2800.0000
1960.0000 2498.9596
1970.0000 2489.8898
1980.0000 2569.6716
1990.0000 2059.3831
2000.0000 2008.1178
2010.0000 2442.0769
2020.0000 2429.2908
2030.0000 1968.5100
2040.0000 2479.6204
2050.0000 2608.6062
2060.0000 2518.2714
2070.0000 2673.6049
2080.0000 2800.0000
2090.0000 2706.6376
2100.0000 2744.8416
2110.0000 2356.9776
2120.0000 2193.1310
2130.0000 2416.2078
2140.0000 2502.6569
2150.0000 2423.5276
2160.0000 2085.7418
2170.0000 2269.1348
2180.0000 2181.2504
2190.0000 2217.1561
2200.0000 1675.3296
2210.0000 1691.1685
2220.0000 1947.3841
2230.0000 1805.5127
2240.0000 1735.6980
2250.0000 1527.1029
2260.0000 1931.3461
2270.0000 1685.6177
2280.0000 2218.6452
2290.0000 1823.1118
2300.0000 1824.1500
2310.0000 1651.0877
2320.0000 1670.5550
2330.0000 2279.9382
2340.0000 822.3342
2350.0000 2552.1527
2360.0000 2800.0000
2370.0000 2800.0000
2380.0000 2764.7557
2390.0000 2506.4085
2400.0000 2764.2967
2410.0000 1688.2162
2420.0000 1492.6602
2430.0000 2728.8884
2440.0000 2719.4242
2450.0000 2800.0000
2460.0000 2339.7864
2470.0000 2800.0000
2480.0000 2800.0000
2490.0000 2708.2876
2500.0000 2345.7840
2510.0000 2800.0000
2520.0000 2360.8385
2530.0000 2716.8010
2540.0000 1459.6586
2550.0000 1991.0094
2560.0000 1980.1298
2570.0000 2019.7530
2580.0000 2152.6562
2590.0000 2144.4614
2600.0000 2800.0000
2610.0000 2218.4486
2620.0000 2086.8229
2630.0000 1946.5874
2640.0000 1906.8858
2650.0000 2058.9120
2660.0000 2138.7229
2670.0000 1441.9155
2680.0000 1757.1897
2690.0000 1316.9574
2700.0000 980.1520
2710.0000 670.6357
2720.0000 806.0498
2730.0000 864.9850
2740.0000 1432.2411
2750.0000 1926.0284
2760.0000 2072.3294
2770.0000 1735.7322
2780.0000 1199.8384
2790.0000 1436.0707
2800.0000 1459.1305
2810.0000 1458.9526
2820.0000 1509.9414
2830.0000 1325.9795
2840.0000 2316.7145
2850.0000 1743.7282
2860.0000 2435.3867
2870.0000 2577.2827
2880.0000 2800.0000
2890.0000 2409.5674
2900.0000 2014.3304
2910.0000 2246.2742
2920.0000 2240.0229
2930.0000 2800.0000
2940.0000 2800.0000
2950.0000 2744.2138
2960.0000 2800.0000
2970.0000 2459.9277
2980.0000 2484.1832
2990.0000 2776.6028
3000.0000 2800.0000
3010.0000 2800.0000
3020.0000 2800.0000
3030.0000 2206.2291
3040.0000 2800.0000
3050.0000 2660.1859
3060.0000 2231.0888
3070.0000 2471.9090
3080.0000 1894.3502
3090.0000 2691.8684
3100.0000 2394.1126
3110.0000 2780.2637
3120.0000 2508.9304
3130.0000 2070.7636
3140.0000 2438.4289
