0.0000 0.0000
10.0000 949.4181
20.0000 877.2469
30.0000 924.8447
40.0000 1016.8015
50.0000 1262.1371
60.0000 1220.4781
70.0000 1240.3126
80.0000 1447.8146
90.0000 1777.2589
100.0000 1854.2136
110.0000 2311.0718
120.0000 2035.6770
130.0000 2469.7065
140.0000 2225.6634
150.0000 2191.9770
160.0000 2800.0000
170.0000 2238.9402
180.0000 2156.9033
190.0000 2120.0917
200.0000 2540.9876
210.0000 2598.3289
220.0000 2517.1937
230.0000 2669.0498
240.0000 2332.1105
250.0000 2205.5370
260.0000 2270.4018
270.0000 2488.8247
280.0000 2335.8071
290.0000 2106.8543
300.0000 1674.5940
310.0000 1119.2908
320.0000 1197.8928
330.0000 1288.7493
340.0000 1196.8812
350.0000 1990.1832
360.0000 2518.6279
370.0000 1999.1401
380.0000 2007.3954
390.0000 2800.0000
400.0000 2100.8261
410.0000 2786.5322
420.0000 2754.3361
430.0000 2390.6412
440.0000 2350.2874
450.0000 2800.0000
460.0000 2025.7783
470.0000 2800.0000
480.0000 2800.0000
490.0000 2222.5917
500.0000 2787.0868
510.0000 2678.4129
520.0000 2675.2377
530.0000 1957.4656
540.0000 2800.0000
550.0000 2800.0000
560.0000 2417.8906
570.0000 2594.1460
580.0000 2800.0000
590.0000 2536.3153
600.0000 2800.0000
610.0000 2737.5353
620.0000 2152.7754
630.0000 2297.7994
640.0000 1671.4093
650.0000 2497.0511
660.0000 1343.7348
670.0000 1888.7562
680.0000 1612.5699
690.0000 1851.0236
700.0000 2800.0000
710.0000 1464.6435
720.0000 2319.9043
730.0000 2544.3262
740.0000 2512.2955
750.0000 2469.1339
760.0000 2563.0046
770.0000 2487.5344
780.0000 2295.6193
790.0000 2283.9772
800.0000 2112.8187
810.0000 1606.8361
820.0000 2482.6888
830.0000 2372.8682
840.0000 2486.6565
850.0000 2571.6431
860.0000 2267.6125
870.0000 2389.1396
880.0000 2650.3993
890.0000 2137.4495
900.0000 2257.3432
910.0000 2203.6522
920.0000 2442.7434
930.0000 2718.5999
940.0000 2489.2168
950.0000 1818.5049
960.0000 2699.9374
970.0000 2545.4701
980.0000 2516.8294
990.0000 2800.0000
1000.0000 2549.0237
1010.0000 2775.5297
1020.0000 2585.2103
1030.0000 2380.6117
1040.0000 2130.4694
1050.0000 2156.1423
1060.0000 1861.2118
1070.0000 2480.2843
1080.0000 2478.1540
1090.0000 2260.7451
1100.0000 2229.4608
1110.0000 2264.3936
1120.0000 2781.1023
1130.0000 2380.7273
1140.0000 2334.4423
1150.0000 2693.1678
1160.0000 2800.0000
1170.0000 2510.0121
1180.0000 2022.5003
1190.0000 2618.0239
1200.0000 2769.5177
1210.0000 2539.2691
1220.0000 2673.4349
1230.0000 2800.0000
1240.0000 2800.0000
1250.0000 2628.6251
1260.0000 2436.6014
1270.0000 1737.8586
1280.0000 2208.2144
1290.0000 1746.4310
1300.0000 1949.7614
1310.0000 1559.5130
1320.0000 1310.5408
1330.0000 1796.6475
1340.0000 1453.1666
1350.0000 1963.7779
1360.0000 2019.9182
1370.0000 2013.0850
1380.0000 2716.1142
1390.0000 2498.1855
1400.0000 2429.7720
1410.0000 2535.7876
1420.0000 2618.3459
1430.0000 2371.4188
1440.0000 2183.4477
1450.0000 2357.5686
1460.0000 2244.4827
1470.0000 2021.9476
1480.0000 1984.5365
1490.0000 2037.0397
1500.0000 1921.2356
1510.0000 2393.4856
1520.0000 2560.6318
1530.0000 1973.7272
1540.0000 2271.8062
1550.0000 1996.8947
1560.0000 1670.9542
1570.0000 1477.3989
1580.0000 1701.5259
1590.0000 1406.6766
1600.0000 1592.9665
1610.0000 1141.8404
1620.0000 1509.7704
1630.0000 1396.6020
1640.0000 1649.1169
1650.0000 1560.8195
1660.0000 1265.4871
1670.0000 1651.3293
1680.0000 1665.5776
1690.0000 1807.0274
1700.0000 2064.8419
1710.0000 1677.6234
1720.0000 2245.4855
1730.0000 1645.8840
1740.0000 2587.3665
1750.0000 2210.8120
1760.0000 2223.5102
1770.0000 2800.0000
1780.0000 2529.9959
1790.0000 1445.8930
1800.0000 2443.4060
1810.0000 2700.5998
1820.0000 2800.0000
1830.0000 2283.8794
1840.0000 2630.7451
1850.0000 2693.1581
1860.0000 2800.0000
1870.0000 2644.1170
1880.0000 2800.0000
1890.0000 2078.2113
1900.0000 2800.0000
1910.0000 2795.6511
1920.0000 2698.2674
1930.0000 2327.5294
1940.0000 2185.9449
1950.0000 2591.8660
1960.0000 2779.4646
1970.0000 2422.4510
1980.0000 2522.4952
1990.0000 2435.8182
2000.0000 2502.7295
2010.0000 2433.7151
2020.0000 2247.8921
2030.0000 1782.6645
2040.0000 1753.0265
2050.0000 1908.6695
2060.0000 1443.0506
2070.0000 1869.6234
2080.0000 1798.0112
2090.0000 1799.9688
2100.0000 2188.8559
2110.0000 2434.8166
2120.0000 2072.1261
2130.0000 1808.9756
2140.0000 2038.6155
2150.0000 2187.3526
2160.0000 2077.1257
2170.0000 2274.4715
2180.0000 2004.4549
2190.0000 1842.6862
2200.0000 2050.5270
2210.0000 1914.6248
2220.0000 1752.6205
2230.0000 1661.7886
2240.0000 1198.3099
2250.0000 866.9882
2260.0000 895.3142
2270.0000 1102.9630
2280.0000 1287.0836
2290.0000 1364.3604
2300.0000 1698.3601
2310.0000 1142.2464
2320.0000 1431.0250
2330.0000 1028.9405
2340.0000 976.6672
2350.0000 1040.1513
2360.0000 1429.7778
2370.0000 958.6209
2380.0000 1056.9491
2390.0000 1465.0076
2400.0000 1422.1491
2410.0000 1223.1308
2420.0000 1332.3317
2430.0000 1135.6333
2440.0000 1607.9950
2450.0000 2381.7706
2460.0000 1941.4524
2470.0000 2800.0000
2480.0000 2670.0502
2490.0000 1983.3892
2500.0000 2185.0859
2510.0000 2584.1033
2520.0000 2532.2266
2530.0000 2204.4106
2540.0000 2364.0890
2550.0000 2638.3574
2560.0000 2517.2068
2570.0000 2434.3235
2580.0000 1792.4439
2590.0000 1117.6069
2600.0000 830.3854
2610.0000 1573.7474
2620.0000 1437.9315
2630.0000 1987.0548
2640.0000 1793.9982
2650.0000 2167.3379
2660.0000 2115.1779
2670.0000 1927.0834
2680.0000 1875.4368
2690.0000 1442.6299
2700.0000 2174.0926
2710.0000 1837.9563
2720.0000 2483.7670
2730.0000 2373.5156
2740.0000 2095.0606
2750.0000 2183.8692
2760.0000 1962.1336
2770.0000 2287.2640
2780.0000 2136.0172
2790.0000 1740.9316
2800.0000 1683.9006
2810.0000 1945.2164
2820.0000 1905.8799
2830.0000 2326.6862
2840.0000 1983.6317
2850.0000 2596.2820
2860.0000 2252.5767
2870.0000 2018.6715
2880.0000 2800.0000
2890.0000 2422.8774
2900.0000 2800.0000
2910.0000 2800.0000
2920.0000 2466.6145
2930.0000 2316.8378
2940.0000 2800.0000
2950.0000 2397.3397
2960.0000 2568.4083
2970.0000 2612.2535
2980.0000 2800.0000
2990.0000 2112.0001
3000.0000 1915.9539
3010.0000 2420.2425
3020.0000 2231.9496
3030.0000 2567.0318
3040.0000 2591.6255
3050.0000 2325.2737
3060.0000 2093.2643
3070.0000 2393.4676
3080.0000 2164.1611
3090.0000 1460.8746
3100.0000 1761.2797
3110.0000 1696.9944
3120.0000 2035.5946
3130.0000 1655.1289
3140.0000 2083.4250
