0.0000 0.0000
10.0000 2560.0567
20.0000 2800.0000
30.0000 2800.0000
40.0000 2800.0000
50.0000 2787.0673
60.0000 2569.5215
70.0000 2509.4415
80.0000 2614.5208
90.0000 2564.3206
100.0000 2415.3227
110.0000 2372.6278
120.0000 2386.3192
130.0000 2431.7825
140.0000 2533.3844
150.0000 2594.7772
160.0000 2712.4012
170.0000 2800.0000
180.0000 2800.0000
190.0000 2800.0000
200.0000 2800.0000
210.0000 2800.0000
220.0000 2800.0000
230.0000 2797.9252
240.0000 2762.6953
250.0000 2768.8038
260.0000 2800.0000
270.0000 2774.1631
280.0000 2206.9304
290.0000 2559.4287
300.0000 2800.0000
310.0000 2357.7169
320.0000 2147.2126
330.0000 2323.2690
340.0000 2800.0000
350.0000 2800.0000
360.0000 2780.0667
370.0000 2790.8059
380.0000 2800.0000
390.0000 2800.0000
400.0000 2800.0000
410.0000 2782.9752
420.0000 2663.2881
430.0000 2480.3430
440.0000 2252.2266
450.0000 2007.3206
460.0000 2527.8643
470.0000 1552.1277
480.0000 1987.8377
490.0000 2406.2325
500.0000 2333.0091
510.0000 2660.1886
520.0000 2309.9502
530.0000 1977.5899
540.0000 2354.8306
550.0000 2558.1716
560.0000 2488.9291
570.0000 1839.7561
580.0000 2075.7529
590.0000 2582.1655
600.0000 2212.5424
610.0000 1947.5888
620.0000 2039.9749
630.0000 1585.1815
640.0000 1653.7405
650.0000 2506.4914
660.0000 2407.0907
670.0000 2305.3088
680.0000 2740.4435
690.0000 2309.2441
700.0000 2067.0007
710.0000 2114.9771
720.0000 2503.8664
730.0000 2506.2976
740.0000 2610.9765
750.0000 2433.2415
760.0000 2501.6332
770.0000 2328.1896
780.0000 2187.5820
790.0000 2283.4528
800.0000 2125.2321
810.0000 2327.3595
820.0000 1916.7529
830.0000 2353.9579
840.0000 2290.3627
850.0000 2474.2547
860.0000 2059.4559
870.0000 1729.4575
880.0000 1908.9644
890.0000 1729.1083
900.0000 2093.8767
910.0000 2151.6432
920.0000 1441.0029
930.0000 1747.2199
940.0000 1642.8039
950.0000 1476.9240
960.0000 1407.6794
970.0000 1221.4147
980.0000 1031.1231
990.0000 1220.1068
1000.0000 1161.4379
1010.0000 1553.8856
1020.0000 1758.1292
1030.0000 1565.0852
1040.0000 1336.3615
1050.0000 1357.4897
1060.0000 1546.3933
1070.0000 1550.2459
1080.0000 1365.2071
1090.0000 1774.9877
1100.0000 2334.9987
1110.0000 1810.1546
1120.0000 2013.2794
1130.0000 2800.0000
1140.0000 1229.3158
1150.0000 2221.6271
1160.0000 2788.1769
1170.0000 2460.3330
1180.0000 2648.1535
1190.0000 2753.2041
1200.0000 1889.5144
1210.0000 2405.3196
1220.0000 2110.2392
1230.0000 2109.1624
1240.0000 1895.0890
1250.0000 2256.3658
1260.0000 2301.7695
1270.0000 1954.1256
1280.0000 1836.6998
1290.0000 1605.3428
1300.0000 1798.1527
1310.0000 2483.1047
1320.0000 2622.3549
1330.0000 2540.0735
1340.0000 2384.8159
1350.0000 2800.0000
1360.0000 2646.9530
1370.0000 2454.5635
1380.0000 2124.5701
1390.0000 1796.7936
1400.0000 1963.6623
1410.0000 2138.5585
1420.0000 2515.5198
1430.0000 2800.0000
1440.0000 2575.6497
1450.0000 2195.2205
1460.0000 1883.1935
1470.0000 1999.3143
1480.0000 1371.3478
1490.0000 991.6863
1500.0000 1616.6620
1510.0000 1207.3251
1520.0000 1972.0434
1530.0000 2779.6039
1540.0000 2496.8921
1550.0000 2187.8781
1560.0000 2299.1652
1570.0000 2187.3415
1580.0000 2655.8813
1590.0000 2368.1600
1600.0000 2154.5321
1610.0000 2184.0891
1620.0000 2507.2384
1630.0000 2194.8472
1640.0000 1642.3611
1650.0000 1930.4566
1660.0000 1950.9176
1670.0000 1977.3223
1680.0000 1632.7161
1690.0000 1478.6359
1700.0000 1864.2033
1710.0000 2586.5136
1720.0000 2179.0074
1730.0000 1666.8668
1740.0000 2481.2759
1750.0000 2621.3913
1760.0000 2675.2047
1770.0000 2629.1130
1780.0000 2625.1233
1790.0000 2389.4100
1800.0000 2327.9277
1810.0000 1845.1679
1820.0000 2214.4881
1830.0000 2789.8883
1840.0000 2338.0944
1850.0000 1689.3574
1860.0000 2594.1653
1870.0000 1564.5815
1880.0000 2584.6612
1890.0000 2800.0000
1900.0000 2230.0258
1910.0000 2420.2337
1920.0000 2394.2433
1930.0000 2376.4639
1940.0000 2800.0000
1950.0000 2516.3722
1960.0000 2625.0056
1970.0000 2800.0000
1980.0000 2625.3596
1990.0000 2800.0000
2000.0000 2800.0000
2010.0000 2447.9729
2020.0000 2440.1017
2030.0000 2378.4273
2040.0000 2363.9751
2050.0000 2183.8633
2060.0000 2541.7924
2070.0000 1914.2442
2080.0000 1709.4391
2090.0000 2296.8973
2100.0000 2066.4908
2110.0000 2327.6709
2120.0000 2800.0000
2130.0000 2589.8713
2140.0000 2278.2443
2150.0000 2211.4998
2160.0000 1982.7553
2170.0000 2174.9791
2180.0000 1573.4763
2190.0000 2298.3229
2200.0000 2036.6920
2210.0000 2353.6977
2220.0000 2633.1870
2230.0000 1943.6974
2240.0000 2332.9095
2250.0000 1866.6415
2260.0000 1908.8409
2270.0000 1920.5939
2280.0000 1666.0141
2290.0000 1882.3682
2300.0000 1842.9104
2310.0000 2211.1051
2320.0000 2178.3763
2330.0000 1757.4280
2340.0000 2587.0347
2350.0000 2561.8438
2360.0000 2621.5849
2370.0000 2108.5475
2380.0000 2463.0110
2390.0000 2353.6128
2400.0000 1979.7566
2410.0000 2168.3883
2420.0000 1559.0959
2430.0000 1597.9743
2440.0000 1821.5896
2450.0000 2223.4578
2460.0000 2217.9085
2470.0000 2119.6844
2480.0000 2800.0000
2490.0000 2356.8320
2500.0000 2511.6765
2510.0000 2088.0227
2520.0000 2063.8597
2530.0000 2151.9226
2540.0000 2256.0925
2550.0000 1302.0071
2560.0000 1876.8706
2570.0000 1305.2197
2580.0000 1803.8934
2590.0000 1666.6759
2600.0000 1525.3943
2610.0000 1572.1316
2620.0000 1443.6280
2630.0000 927.7612
2640.0000 1141.4688
2650.0000 2529.8022
2660.0000 2173.1628
2670.0000 1341.0461
2680.0000 2083.9075
2690.0000 1362.6086
2700.0000 1992.7790
2710.0000 1808.2513
2720.0000 1821.8019
2730.0000 1973.4230
2740.0000 1216.4359
2750.0000 2548.3823
2760.0000 2800.0000
2770.0000 2328.6549
2780.0000 2568.6103
2790.0000 2150.5687
2800.0000 2205.8079
2810.0000 2630.7340
2820.0000 2010.6962
2830.0000 2800.0000
2840.0000 2800.0000
2850.0000 2648.8543
2860.0000 2374.4071
2870.0000 1838.2187
2880.0000 2800.0000
2890.0000 2800.0000
2900.0000 2800.0000
2910.0000 2800.0000
2920.0000 2628.2927
2930.0000 2800.0000
2940.0000 2099.8774
2950.0000 2154.8157
2960.0000 2612.0457
2970.0000 2184.4317
2980.0000 2355.0693
2990.0000 2691.6912
3000.0000 2800.0000
3010.0000 2691.9637
3020.0000 2415.7476
3030.0000 2053.0334
3040.0000 2174.3870
3050.0000 2107.5968
3060.0000 1645.3845
3070.0000 1628.9235
3080.0000 1099.8569
3090.0000 1553.6416
3100.0000 2271.3212
3110.0000 2513.3723
3120.0000 2596.8897
3130.0000 2337.5658
3140.0000 2521.7805
