0.0000 0.0000
10.0000 2264.5873
20.0000 2169.6811
30.0000 2140.1853
40.0000 1931.4467
50.0000 1799.7553
60.0000 1647.2357
70.0000 1575.3592
80.0000 1581.9534
90.0000 1682.1075
100.0000 1528.7055
110.0000 1803.9635
120.0000 1625.7130
130.0000 1325.1185
140.0000 2304.1993
150.0000 2394.0076
160.0000 2517.2595
170.0000 2016.4524
180.0000 2069.2682
190.0000 2371.4449
200.0000 1860.9974
210.0000 1722.9665
220.0000 2342.4115
230.0000 1307.6862
240.0000 1529.5097
250.0000 2800.0000
260.0000 1845.1332
270.0000 1683.2082
280.0000 2479.6847
290.0000 2552.2586
300.0000 2210.5760
310.0000 2535.9936
320.0000 2800.0000
330.0000 2712.5949
340.0000 2528.8910
350.0000 2569.6056
360.0000 2800.0000
370.0000 2800.0000
380.0000 2800.0000
390.0000 2800.0000
400.0000 2197.1190
410.0000 1444.1758
420.0000 2303.5295
430.0000 2363.7864
440.0000 2800.0000
450.0000 1802.6616
460.0000 2707.2579
470.0000 2727.4229
480.0000 2715.3444
490.0000 2587.7656
500.0000 2427.3189
510.0000 2351.1014
520.0000 2220.0345
530.0000 1506.1320
540.0000 1923.2695
550.0000 2641.7829
560.0000 2547.5250
570.0000 1674.1802
580.0000 2584.4206
590.0000 1253.6782
600.0000 2068.2680
610.0000 1671.7350
620.0000 1966.2166
630.0000 2165.6470
640.0000 2031.5530
650.0000 1335.1147
660.0000 2062.9903
670.0000 1548.9546
680.0000 2162.6866
690.0000 949.1917
700.0000 2277.1258
710.0000 2117.6410
720.0000 1888.5123
730.0000 2621.1546
740.0000 1905.6403
750.0000 1739.9915
760.0000 2275.9574
770.0000 2131.2426
780.0000 1803.2969
790.0000 2239.0853
800.0000 1745.4190
810.0000 1893.0972
820.0000 1917.1907
830.0000 1591.1612
840.0000 1029.9281
850.0000 889.5074
860.0000 1636.8724
870.0000 1588.4704
880.0000 1551.4660
890.0000 1632.3303
900.0000 1228.9592
910.0000 1809.4486
920.0000 1742.0372
930.0000 1927.1640
940.0000 2168.4739
950.0000 2450.0442
960.0000 2554.2367
970.0000 1647.5882
980.0000 2100.6116
990.0000 1846.8838
1000.0000 1158.7410
1010.0000 2455.0067
1020.0000 1811.7866
1030.0000 1745.7244
1040.0000 1441.0977
1050.0000 1537.5249
1060.0000 1482.1155
1070.0000 1315.9612
1080.0000 1717.9134
1090.0000 2349.5295
1100.0000 2229.0097
1110.0000 2753.1938
1120.0000 2800.0000
1130.0000 2800.0000
1140.0000 2753.2248
1150.0000 2488.7850
1160.0000 2000.2834
1170.0000 2089.2726
1180.0000 2672.2781
1190.0000 2094.0763
1200.0000 2541.1170
1210.0000 2407.8751
1220.0000 2800.0000
1230.0000 2121.5540
1240.0000 2800.0000
1250.0000 2783.3066
1260.0000 2800.0000
1270.0000 2800.0000
1280.0000 2800.0000
1290.0000 2800.0000
1300.0000 1622.5834
1310.0000 2800.0000
1320.0000 2800.0000
1330.0000 1974.0428
1340.0000 2800.0000
1350.0000 2177.9165
1360.0000 2553.2196
1370.0000 2800.0000
1380.0000 2774.8995
1390.0000 2800.0000
1400.0000 2737.4675
1410.0000 2800.0000
1420.0000 2518.6404
1430.0000 2699.5476
1440.0000 2429.8621
1450.0000 2792.1666
1460.0000 2800.0000
1470.0000 2218.6521
1480.0000 1791.4496
1490.0000 2245.2992
1500.0000 2579.5827
1510.0000 2800.0000
1520.0000 2419.9913
1530.0000 2199.9255
1540.0000 2800.0000
1550.0000 2420.2547
1560.0000 2094.8612
1570.0000 1796.8756
1580.0000 2177.7388
1590.0000 2051.1426
1600.0000 1881.6975
1610.0000 1826.9259
1620.0000 1689.5308
1630.0000 2164.2203
1640.0000 1849.8923
1650.0000 1549.7237
1660.0000 1461.5417
1670.0000 1741.8059
1680.0000 1392.3017
1690.0000 2090.3377
1700.0000 1806.6716
1710.0000 2344.1418
1720.0000 1790.8369
1730.0000 2420.7252
1740.0000 1365.3213
1750.0000 1350.7688
1760.0000 2436.5229
1770.0000 2800.0000
1780.0000 2632.4611
1790.0000 2601.8107
1800.0000 2678.9952
1810.0000 2310.6248
1820.0000 2155.6672
1830.0000 2800.0000
1840.0000 2387.8110
1850.0000 2542.0516
1860.0000 2479.2230
1870.0000 2800.0000
1880.0000 2800.0000
1890.0000 2800.0000
1900.0000 2525.1203
1910.0000 2800.0000
1920.0000 2238.0899
1930.0000 2113.3183
1940.0000 1870.2778
1950.0000 2090.8468
1960.0000 2426.9828
1970.0000 2576.2256
1980.0000 2800.0000
1990.0000 2576.6721
2000.0000 2800.0000
2010.0000 2518.6378
2020.0000 2760.7889
2030.0000 1982.9219
2040.0000 1459.0697
2050.0000 2568.7323
2060.0000 2800.0000
2070.0000 2800.0000
2080.0000 2377.3845
2090.0000 2800.0000
2100.0000 2766.2862
2110.0000 2800.0000
2120.0000 2724.2919
2130.0000 2372.9750
2140.0000 2514.5080
2150.0000 2362.9853
2160.0000 2270.8555
2170.0000 2501.0037
2180.0000 2583.1171
2190.0000 2334.3384
2200.0000 2800.0000
2210.0000 2800.0000
2220.0000 2713.4220
2230.0000 2749.0216
2240.0000 2582.2398
2250.0000 2800.0000
2260.0000 2525.7829
2270.0000 2665.6816
2280.0000 2646.1675
2290.0000 2783.5176
2300.0000 2403.6645
2310.0000 2157.0402
2320.0000 2474.7532
2330.0000 2800.0000
2340.0000 2468.4938
2350.0000 2282.1354
2360.0000 2089.2064
2370.0000 2026.2749
2380.0000 2596.6211
2390.0000 2800.0000
2400.0000 2568.9110
2410.0000 2056.7211
2420.0000 1530.8267
2430.0000 2771.7645
2440.0000 2515.9452
2450.0000 2666.0894
2460.0000 2788.5876
2470.0000 2708.1810
2480.0000 2800.0000
2490.0000 2510.8523
2500.0000 2285.5034
2510.0000 2688.9355
2520.0000 2634.0604
2530.0000 1850.6566
2540.0000 2547.4361
2550.0000 2495.9500
2560.0000 2138.6247
2570.0000 2186.8138
2580.0000 2094.1204
2590.0000 2470.1489
2600.0000 2074.0105
2610.0000 2093.8253
2620.0000 1934.3835
2630.0000 1741.0935
2640.0000 1662.9264
2650.0000 1730.8400
2660.0000 2126.1104
2670.0000 2151.3641
2680.0000 2221.7329
2690.0000 1854.6194
2700.0000 2013.4242
2710.0000 2291.9813
2720.0000 1978.9577
2730.0000 2007.3607
2740.0000 1940.4484
2750.0000 1896.1562
2760.0000 1700.0723
2770.0000 2176.8226
2780.0000 2284.7640
2790.0000 1951.8463
2800.0000 1355.1218
2810.0000 1841.0454
2820.0000 2375.2491
2830.0000 2362.6649
2840.0000 2371.6353
2850.0000 2698.3465
2860.0000 2800.0000
2870.0000 2768.6122
2880.0000 2797.1569
2890.0000 2656.1812
2900.0000 2326.2950
2910.0000 2391.1177
2920.0000 2219.8694
2930.0000 2315.9569
2940.0000 2698.0563
2950.0000 2291.6539
2960.0000 2280.8816
2970.0000 2800.0000
2980.0000 2800.0000
2990.0000 2228.6318
3000.0000 2800.0000
3010.0000 2330.1188
3020.0000 2298.5982
3030.0000 2800.0000
3040.0000 2438.1205
3050.0000 2800.0000
3060.0000 2473.4817
3070.0000 2800.0000
3080.0000 2078.2822
3090.0000 1661.5933
3100.0000 2800.0000
3110.0000 2800.0000
3120.0000 2705.4312
3130.0000 2013.3939
3140.0000 2513.6877
