0.0000 0.0000
10.0000 2676.4795
20.0000 2648.9995
30.0000 2680.4712
40.0000 2647.0169
50.0000 2569.2887
60.0000 2460.3801
70.0000 2279.1123
80.0000 2200.2886
90.0000 2536.7022
100.0000 2792.7394
110.0000 2800.0000
120.0000 2800.0000
130.0000 2681.3794
140.0000 2670.6753
150.0000 2536.2485
160.0000 2209.9314
170.0000 1731.5948
180.0000 2650.4933
190.0000 2456.7573
200.0000 2468.6819
210.0000 2597.9182
220.0000 2800.0000
230.0000 2547.0385
240.0000 1942.9002
250.0000 2441.6756
260.0000 2601.0909
270.0000 2680.8787
280.0000 2729.4310
290.0000 2313.2118
300.0000 2164.3981
310.0000 2800.0000
320.0000 2800.0000
330.0000 2294.7855
340.0000 2063.7162
350.0000 1679.0806
360.0000 2108.2306
370.0000 2321.8557
380.0000 1741.1915
390.0000 2800.0000
400.0000 1999.6764
410.0000 1982.0892
420.0000 2800.0000
430.0000 2800.0000
440.0000 2266.0643
450.0000 2800.0000
460.0000 2800.0000
470.0000 1883.0666
480.0000 1893.4159
490.0000 2047.8574
500.0000 1860.9828
510.0000 2522.5232
520.0000 2058.3736
530.0000 2800.0000
540.0000 2134.3135
550.0000 2800.0000
560.0000 2542.9565
570.0000 2399.8356
580.0000 2800.0000
590.0000 2342.0991
600.0000 2390.1998
610.0000 2800.0000
620.0000 2526.0470
630.0000 1860.4432
640.0000 1901.7521
650.0000 2204.2078
660.0000 2570.6436
670.0000 2217.9584
680.0000 1727.7232
690.0000 1700.9135
700.0000 1589.6973
710.0000 2383.5693
720.0000 1639.2180
730.0000 2004.1143
740.0000 1244.8616
750.0000 1480.7981
760.0000 1533.3712
770.0000 1589.4400
780.0000 1730.5617
790.0000 2183.9336
800.0000 1933.9475
810.0000 1575.5370
820.0000 1858.1977
830.0000 1331.0393
840.0000 1540.8178
850.0000 1415.0639
860.0000 1810.4907
870.0000 1193.8648
880.0000 1693.5042
890.0000 1291.8823
900.0000 856.8737
910.0000 2073.1249
920.0000 1964.0527
930.0000 1284.7191
940.0000 1756.1410
950.0000 1984.0174
960.0000 1523.0513
970.0000 1253.1555
980.0000 1003.0415
990.0000 1690.2014
1000.0000 2623.0187
1010.0000 2158.1959
1020.0000 1662.4118
1030.0000 1574.8008
1040.0000 1548.0712
1050.0000 1470.7152
1060.0000 671.7372
1070.0000 801.0394
1080.0000 1424.6541
1090.0000 1779.1507
1100.0000 2236.4692
1110.0000 1345.8215
1120.0000 1639.1278
1130.0000 1426.2401
1140.0000 1822.5668
1150.0000 2011.1753
1160.0000 2306.6969
1170.0000 2034.6032
1180.0000 2345.0163
1190.0000 2197.8231
1200.0000 2115.3620
1210.0000 1675.5688
1220.0000 1653.8403
1230.0000 1613.3484
1240.0000 2062.6813
1250.0000 2800.0000
1260.0000 2428.3703
1270.0000 1786.6363
1280.0000 2311.6642
1290.0000 1944.6715
1300.0000 2800.0000
1310.0000 2720.0778
1320.0000 2464.0652
1330.0000 2800.0000
1340.0000 2800.0000
1350.0000 2446.6061
1360.0000 2150.5154
1370.0000 2434.2068
1380.0000 2270.9198
1390.0000 2340.9365
1400.0000 2132.5837
1410.0000 2060.4284
1420.0000 2800.0000
1430.0000 2800.0000
1440.0000 2800.0000
1450.0000 2800.0000
1460.0000 1574.9495
1470.0000 1751.1676
1480.0000 2557.5075
1490.0000 2800.0000
1500.0000 2800.0000
1510.0000 2224.6924
1520.0000 2638.2756
1530.0000 2800.0000
1540.0000 2800.0000
1550.0000 2800.0000
1560.0000 2145.0246
1570.0000 2800.0000
1580.0000 2800.0000
1590.0000 2586.7878
1600.0000 2182.1719
1610.0000 1903.1769
1620.0000 2800.0000
1630.0000 2800.0000
1640.0000 2198.2445
1650.0000 2358.0280
1660.0000 2200.3923
1670.0000 1095.9722
1680.0000 1489.4648
1690.0000 1258.9643
1700.0000 1494.0593
1710.0000 1177.7181
1720.0000 1477.5075
1730.0000 1514.2341
1740.0000 1509.5590
1750.0000 1721.5350
1760.0000 1943.0798
1770.0000 1786.6762
1780.0000 1997.9447
1790.0000 2208.8773
1800.0000 2153.9908
1810.0000 1974.6769
1820.0000 1830.7492
1830.0000 1782.0723
1840.0000 1163.8113
1850.0000 1415.7820
1860.0000 1659.3028
1870.0000 1654.6821
1880.0000 1625.7526
1890.0000 1706.6925
1900.0000 1698.2193
1910.0000 1376.1262
1920.0000 1533.6999
1930.0000 1867.3316
1940.0000 1986.3627
1950.0000 1827.4713
1960.0000 2205.3925
1970.0000 1961.3780
1980.0000 2738.5064
1990.0000 2309.8262
2000.0000 2673.6894
2010.0000 2669.5895
2020.0000 2632.5742
2030.0000 2166.3651
2040.0000 2454.7828
2050.0000 2137.5534
2060.0000 2106.3550
2070.0000 1900.4272
2080.0000 2230.8444
2090.0000 2800.0000
2100.0000 2800.0000
2110.0000 2800.0000
2120.0000 2800.0000
2130.0000 2789.7394
2140.0000 2800.0000
2150.0000 2800.0000
2160.0000 1915.6712
2170.0000 1277.3703
2180.0000 1807.7013
2190.0000 2081.6091
2200.0000 2147.1870
2210.0000 2250.1608
2220.0000 2034.1738
2230.0000 2474.0224
2240.0000 2550.0903
2250.0000 2248.9154
2260.0000 2044.5558
2270.0000 1749.0274
2280.0000 1616.9765
2290.0000 2748.3668
2300.0000 1827.2015
2310.0000 2509.4805
2320.0000 2655.0314
2330.0000 2800.0000
2340.0000 2243.4512
2350.0000 2800.0000
2360.0000 2800.0000
2370.0000 2800.0000
2380.0000 2387.9481
2390.0000 2800.0000
2400.0000 2800.0000
2410.0000 2800.0000
2420.0000 2800.0000
2430.0000 2619.3992
2440.0000 2227.0951
2450.0000 2293.8071
2460.0000 1580.0073
2470.0000 1640.9235
2480.0000 2800.0000
2490.0000 2285.9825
2500.0000 1804.3312
2510.0000 1973.7215
2520.0000 1931.6961
2530.0000 2800.0000
2540.0000 2712.9183
2550.0000 1783.3231
2560.0000 2439.6805
2570.0000 2800.0000
2580.0000 1574.7076
2590.0000 2800.0000
2600.0000 2800.0000
2610.0000 2222.0714
2620.0000 2364.1208
2630.0000 2800.0000
2640.0000 2520.2027
2650.0000 2800.0000
2660.0000 2472.9604
2670.0000 2471.0093
2680.0000 2444.3646
2690.0000 2106.5577
2700.0000 2256.7155
2710.0000 2027.5958
2720.0000 2466.1900
2730.0000 1970.2657
2740.0000 2255.0917
2750.0000 1810.2432
2760.0000 1576.1692
2770.0000 1003.2442
2780.0000 1704.7308
2790.0000 1558.1078
2800.0000 1450.7452
2810.0000 1480.9668
2820.0000 1774.8143
2830.0000 1585.9278
2840.0000 597.9178
2850.0000 810.8134
2860.0000 1184.3983
2870.0000 1639.3219
2880.0000 1720.8478
2890.0000 1814.6064
2900.0000 1998.0499
2910.0000 1847.3359
2920.0000 1697.3698
2930.0000 1169.3507
2940.0000 1753.3954
2950.0000 2352.1771
2960.0000 2444.3266
2970.0000 2578.7593
2980.0000 2800.0000
2990.0000 2800.0000
3000.0000 2422.8521
3010.0000 1782.7269
3020.0000 2496.7110
3030.0000 2545.0338
3040.0000 2113.1939
3050.0000 2333.5054
3060.0000 2041.1261
3070.0000 2343.6355
3080.0000 2053.4067
3090.0000 1330.3275
3100.0000 1832.6176
3110.0000 1790.0420
3120.0000 861.6403
3130.0000 1051.4604
3140.0000 2348.0372
