0.0000 0.0000
10.0000 2800.0000
20.0000 2800.0000
30.0000 2800.0000
40.0000 2612.0285
50.0000 2800.0000
60.0000 2800.0000
70.0000 2800.0000
80.0000 2800.0000
90.0000 2800.0000
100.0000 2558.2443
110.0000 1946.3708
120.0000 1967.7279
130.0000 1677.2242
140.0000 1836.7260
150.0000 2516.3170
160.0000 2800.0000
170.0000 2800.0000
180.0000 2800.0000
190.0000 2800.0000
200.0000 2754.1716
210.0000 2467.2877
220.0000 2448.7296
230.0000 2479.1043
240.0000 2521.3301
250.0000 2800.0000
260.0000 2157.9606
270.0000 2354.2254
280.0000 2800.0000
290.0000 2800.0000
300.0000 2518.1024
310.0000 2693.4280
320.0000 2800.0000
330.0000 2571.1574
340.0000 2800.0000
350.0000 2800.0000
360.0000 2535.0115
370.0000 2466.9349
380.0000 2600.2423
390.0000 1628.8603
400.0000 1622.9556
410.0000 1533.1793
420.0000 2180.7241
430.0000 2446.8754
440.0000 1658.0217
450.0000 2138.8733
460.0000 2638.2856
470.0000 2800.0000
480.0000 2800.0000
490.0000 2759.3716
500.0000 2800.0000
510.0000 2800.0000
520.0000 2800.0000
530.0000 2800.0000
540.0000 2382.1611
550.0000 2800.0000
560.0000 2744.4223
570.0000 2521.7602
580.0000 2649.5969
590.0000 2504.9072
600.0000 2709.8155
610.0000 2376.3204
620.0000 2524.8052
630.0000 2800.0000
640.0000 2510.4667
650.0000 2800.0000
660.0000 2800.0000
670.0000 2800.0000
680.0000 2376.6938
690.0000 2800.0000
700.0000 2572.2397
710.0000 2800.0000
720.0000 2680.1455
730.0000 2800.0000
740.0000 2679.2247
750.0000 2616.4879
760.0000 2679.5393
770.0000 2749.1311
780.0000 2648.1446
790.0000 2582.5571
800.0000 2800.0000
810.0000 2272.2928
820.0000 2800.0000
830.0000 2381.5834
840.0000 2595.8751
850.0000 2800.0000
860.0000 2800.0000
870.0000 2800.0000
880.0000 2682.2916
890.0000 2413.2026
900.0000 2192.5785
910.0000 2295.5856
920.0000 2060.5276
930.0000 1772.8744
940.0000 1846.5492
950.0000 2192.6218
960.0000 2250.6365
970.0000 2286.3486
980.0000 1747.0841
990.0000 2125.4030
1000.0000 1758.9682
1010.0000 1297.5064
1020.0000 1039.7649
1030.0000 917.1540
1040.0000 1577.5273
1050.0000 1456.4029
1060.0000 1716.7768
1070.0000 2149.4090
1080.0000 1326.0566
1090.0000 1827.9291
1100.0000 1267.6812
1110.0000 1156.0167
1120.0000 1353.2731
1130.0000 1357.8005
1140.0000 1349.1246
1150.0000 1000.5660
1160.0000 1271.5519
1170.0000 1851.9572
1180.0000 1847.7188
1190.0000 1977.7367
1200.0000 1727.0354
1210.0000 1763.5310
1220.0000 1756.9273
1230.0000 1812.5059
1240.0000 1786.8945
1250.0000 1661.0888
1260.0000 1896.8467
1270.0000 2344.6743
1280.0000 1710.9581
1290.0000 2650.7858
1300.0000 2800.0000
1310.0000 2688.2747
1320.0000 2572.4397
1330.0000 1912.9586
1340.0000 2793.7177
1350.0000 2326.1972
1360.0000 2090.0114
1370.0000 2800.0000
1380.0000 2119.1420
1390.0000 2250.8790
1400.0000 2412.0510
1410.0000 2800.0000
1420.0000 2729.7246
1430.0000 2626.8360
1440.0000 2731.9939
1450.0000 2344.7691
1460.0000 2780.8722
1470.0000 2588.2541
1480.0000 2718.5771
1490.0000 2452.6214
1500.0000 1950.6494
1510.0000 2503.6369
1520.0000 2693.4399
1530.0000 2583.3803
1540.0000 2796.8009
1550.0000 2573.7292
1560.0000 2800.0000
1570.0000 2697.3481
1580.0000 2800.0000
1590.0000 2800.0000
1600.0000 2275.4084
1610.0000 2800.0000
1620.0000 2800.0000
1630.0000 1890.5381
1640.0000 2585.6185
1650.0000 2297.7089
1660.0000 2083.5428
1670.0000 2704.1457
1680.0000 2094.2582
1690.0000 2228.2395
1700.0000 2707.2426
1710.0000 2546.5877
1720.0000 2492.2286
1730.0000 2235.0657
1740.0000 2274.2668
1750.0000 2545.1235
1760.0000 2061.3791
1770.0000 2128.2072
1780.0000 2293.3006
1790.0000 2288.6779
1800.0000 2316.0494
1810.0000 1727.4019
1820.0000 1899.6457
1830.0000 2239.3792
1840.0000 1960.0616
1850.0000 1765.9824
1860.0000 1504.5750
1870.0000 1540.6790
1880.0000 1699.6541
1890.0000 1434.2885
1900.0000 1473.3865
1910.0000 1302.1573
1920.0000 1357.7713
1930.0000 1166.1339
1940.0000 1855.7322
1950.0000 1555.1076
1960.0000 2018.5603
1970.0000 1526.5422
1980.0000 2800.0000
1990.0000 2196.2963
2000.0000 2520.4355
2010.0000 2379.0248
2020.0000 2022.5468
2030.0000 1403.6143
2040.0000 1420.3775
2050.0000 1363.0878
2060.0000 1454.2543
2070.0000 1421.8047
2080.0000 1559.2658
2090.0000 2493.0166
2100.0000 2014.8702
2110.0000 2165.9103
2120.0000 2800.0000
2130.0000 2486.1003
2140.0000 2439.0225
2150.0000 2345.7617
2160.0000 2174.1634
2170.0000 2429.8939
2180.0000 2545.6891
2190.0000 2226.1481
2200.0000 2354.2202
2210.0000 2234.5409
2220.0000 2075.9573
2230.0000 2460.9776
2240.0000 1609.5007
2250.0000 2507.3097
2260.0000 2716.9570
2270.0000 2800.0000
2280.0000 2337.9568
2290.0000 1997.1164
2300.0000 2100.1211
2310.0000 2146.0774
2320.0000 2092.1070
2330.0000 2547.3351
2340.0000 1909.5827
2350.0000 2427.8415
2360.0000 2098.0539
2370.0000 2337.4057
2380.0000 2263.1466
2390.0000 2068.4716
2400.0000 2432.7754
2410.0000 2604.6477
2420.0000 2737.7387
2430.0000 2698.9010
2440.0000 2643.5363
2450.0000 2313.8502
2460.0000 2022.4013
2470.0000 1669.3140
2480.0000 1340.5148
2490.0000 2799.8431
2500.0000 2233.9556
2510.0000 1376.5022
2520.0000 1570.2132
2530.0000 1840.9449
2540.0000 1550.5754
2550.0000 1209.1442
2560.0000 2093.1886
2570.0000 1738.2190
2580.0000 1032.5293
2590.0000 1492.2855
2600.0000 1434.9669
2610.0000 1715.6017
2620.0000 2163.6511
2630.0000 1956.3349
2640.0000 1885.6959
2650.0000 1525.5476
2660.0000 2148.1197
2670.0000 1827.4714
2680.0000 2045.6532
2690.0000 2424.8199
2700.0000 2433.5396
2710.0000 1789.0264
2720.0000 2800.0000
2730.0000 2295.5787
2740.0000 1917.8084
2750.0000 2328.5932
2760.0000 2778.8863
2770.0000 2263.4614
2780.0000 2456.6363
2790.0000 2252.3547
2800.0000 1903.6529
2810.0000 2800.0000
2820.0000 2800.0000
2830.0000 2582.3458
2840.0000 2202.3471
2850.0000 1782.0111
2860.0000 2038.4733
2870.0000 2135.4201
2880.0000 2800.0000
2890.0000 2800.0000
2900.0000 2800.0000
2910.0000 2541.0455
2920.0000 1797.9528
2930.0000 2489.6364
2940.0000 2093.2159
2950.0000 2800.0000
2960.0000 2454.0294
2970.0000 2800.0000
2980.0000 2363.8411
2990.0000 2077.8153
3000.0000 2567.7629
3010.0000 2107.7181
3020.0000 1815.4085
3030.0000 2190.8825
3040.0000 2410.3514
3050.0000 2456.4081
3060.0000 2570.8522
3070.0000 2800.0000
3080.0000 2665.8534
3090.0000 2175.5346
3100.0000 2800.0000
3110.0000 2608.4662
3120.0000 2800.0000
3130.0000 2146.8022
3140.0000 2398.4764
