0.0000 0.0000
10.0000 2295.7673
20.0000 1726.4296
30.0000 1405.5334
40.0000 1266.3845
50.0000 1199.8283
60.0000 1328.0844
70.0000 1704.5006
80.0000 1731.6968
90.0000 1717.4034
100.0000 2058.3929
110.0000 2137.3962
120.0000 2096.5187
130.0000 2004.9002
140.0000 2055.2624
150.0000 1963.7272
160.0000 1862.4136
170.0000 1640.6974
180.0000 1598.8738
190.0000 1384.4242
200.0000 1410.1159
210.0000 1296.7447
220.0000 769.3154
230.0000 775.0261
240.0000 2113.7592
250.0000 1784.3233
260.0000 2315.4795
270.0000 1275.1524
280.0000 1770.1080
290.0000 1284.2384
300.0000 1037.5232
310.0000 862.7801
320.0000 1685.9536
330.0000 1589.1804
340.0000 2246.0043
350.0000 2480.5126
360.0000 2800.0000
370.0000 2644.9581
380.0000 2800.0000
390.0000 2375.1949
400.0000 2400.3922
410.0000 2800.0000
420.0000 2800.0000
430.0000 2800.0000
440.0000 2278.2507
450.0000 2441.4613
460.0000 2431.0567
470.0000 2400.2373
480.0000 2657.1589
490.0000 2200.6594
500.0000 2533.6584
510.0000 1644.8704
520.0000 2248.9102
530.0000 1523.6178
540.0000 2079.7965
550.0000 2168.0946
560.0000 2800.0000
570.0000 2058.2669
580.0000 2800.0000
590.0000 2587.1839
600.0000 2062.8631
610.0000 2245.7383
620.0000 1582.2801
630.0000 2620.4250
640.0000 2800.0000
650.0000 2800.0000
660.0000 2175.7607
670.0000 1479.8997
680.0000 1728.8837
690.0000 1142.6506
700.0000 2325.4117
710.0000 1236.8327
720.0000 1264.7521
730.0000 1820.3336
740.0000 962.3183
750.0000 1924.4477
760.0000 2252.2348
770.0000 1834.8174
780.0000 2644.4713
790.0000 2121.2670
800.0000 1762.5247
810.0000 1920.9711
820.0000 1869.1764
830.0000 1847.8615
840.0000 1617.9085
850.0000 1926.7369
860.0000 2058.5482
870.0000 1762.0022
880.0000 1817.7711
890.0000 1469.5360
900.0000 1546.0432
910.0000 1644.9467
920.0000 1552.8399
930.0000 1389.5517
940.0000 2315.0299
950.0000 2366.1035
960.0000 2153.0819
970.0000 2445.5210
980.0000 1892.1047
990.0000 1786.1055
1000.0000 2486.3839
1010.0000 2206.4943
1020.0000 2308.4693
1030.0000 2748.5711
1040.0000 2523.2629
1050.0000 2320.8699
1060.0000 1485.8662
1070.0000 2015.6498
1080.0000 2134.5844
1090.0000 2622.6707
1100.0000 2389.5166
1110.0000 2406.8666
1120.0000 2593.0631
1130.0000 1851.5469
1140.0000 2422.4821
1150.0000 2372.2156
1160.0000 2272.7789
1170.0000 1855.7337
1180.0000 1969.9021
1190.0000 2273.6571
1200.0000 1910.7967
1210.0000 2488.8129
1220.0000 1512.4225
1230.0000 1872.4451
1240.0000 2772.8744
1250.0000 2800.0000
1260.0000 2800.0000
1270.0000 2554.8428
1280.0000 2371.2311
1290.0000 2472.2521
1300.0000 2213.1486
1310.0000 2333.4114
1320.0000 2525.3175
1330.0000 2231.1153
1340.0000 2365.7253
1350.0000 2340.3687
1360.0000 2502.6844
1370.0000 1991.6502
1380.0000 1918.4693
1390.0000 1340.6195
1400.0000 2800.0000
1410.0000 2800.0000
1420.0000 1227.7550
1430.0000 2689.2908
1440.0000 2563.3347
1450.0000 2800.0000
1460.0000 2397.7226
1470.0000 1222.0664
1480.0000 2800.0000
1490.0000 2800.0000
1500.0000 2800.0000
1510.0000 2800.0000
1520.0000 2763.4446
1530.0000 2800.0000
1540.0000 2619.4347
1550.0000 2014.2587
1560.0000 1882.4627
1570.0000 2040.1008
1580.0000 2044.4976
1590.0000 2515.7300
1600.0000 2565.7557
1610.0000 2370.3423
1620.0000 1767.2269
1630.0000 2474.6903
1640.0000 2759.7617
1650.0000 2698.0710
1660.0000 2423.5560
1670.0000 2800.0000
1680.0000 2800.0000
1690.0000 2800.0000
1700.0000 2800.0000
1710.0000 2420.7641
1720.0000 2623.6204
1730.0000 2445.8220
1740.0000 2518.4193
1750.0000 2358.6794
1760.0000 2800.0000
1770.0000 2800.0000
1780.0000 2727.9332
1790.0000 2800.0000
1800.0000 2666.3438
1810.0000 2800.0000
1820.0000 2563.9639
1830.0000 2800.0000
1840.0000 2800.0000
1850.0000 1976.8933
1860.0000 2800.0000
1870.0000 2556.9417
1880.0000 1801.5315
1890.0000 2673.2840
1900.0000 2277.4009
1910.0000 2766.6106
1920.0000 1816.1333
1930.0000 2800.0000
1940.0000 2800.0000
1950.0000 2492.3130
1960.0000 2800.0000
1970.0000 2677.1572
1980.0000 2800.0000
1990.0000 2800.0000
2000.0000 2799.7246
2010.0000 2800.0000
2020.0000 2431.3142
2030.0000 2571.8310
2040.0000 2800.0000
2050.0000 2631.3062
2060.0000 2535.0068
2070.0000 2708.9573
2080.0000 2800.0000
2090.0000 2067.9883
2100.0000 2303.7809
2110.0000 2432.4989
2120.0000 2800.0000
2130.0000 2660.6817
2140.0000 1733.8064
2150.0000 2235.6926
2160.0000 2397.1082
2170.0000 2279.4049
2180.0000 2057.4977
2190.0000 2208.6194
2200.0000 1776.1356
2210.0000 1084.4062
2220.0000 1853.4773
2230.0000 685.5535
2240.0000 1274.5325
2250.0000 1972.3211
2260.0000 2800.0000
2270.0000 2302.4876
2280.0000 2726.2179
2290.0000 2800.0000
2300.0000 2680.4810
2310.0000 2362.4100
2320.0000 1885.4541
2330.0000 2800.0000
2340.0000 2602.3524
2350.0000 2090.1100
2360.0000 2184.1481
2370.0000 2311.6622
2380.0000 2417.7408
2390.0000 1449.5775
2400.0000 1799.4279
2410.0000 2548.7916
2420.0000 2652.1128
2430.0000 2315.6025
2440.0000 2381.5281
2450.0000 2538.0859
2460.0000 2706.1000
2470.0000 2446.1676
2480.0000 2132.7269
2490.0000 1910.1974
2500.0000 2029.2665
2510.0000 2453.2871
2520.0000 2487.7428
2530.0000 2330.4308
2540.0000 2590.9918
2550.0000 2800.0000
2560.0000 2553.2637
2570.0000 2182.6739
2580.0000 1438.4689
2590.0000 1991.6523
2600.0000 2047.4747
2610.0000 2126.6672
2620.0000 2379.0636
2630.0000 2381.8356
2640.0000 2064.1980
2650.0000 2228.6150
2660.0000 1738.1292
2670.0000 1487.3206
2680.0000 1363.3384
2690.0000 1437.0640
2700.0000 1419.7183
2710.0000 1615.7220
2720.0000 1674.4944
2730.0000 1698.8956
2740.0000 1397.8418
2750.0000 1556.6785
2760.0000 1155.9957
2770.0000 1576.5138
2780.0000 1661.2286
2790.0000 2030.2548
2800.0000 1428.3396
2810.0000 1759.3311
2820.0000 1162.8996
2830.0000 1769.0136
2840.0000 2019.8912
2850.0000 1206.0560
2860.0000 1710.9086
2870.0000 1170.4429
2880.0000 1762.0428
2890.0000 1817.6131
2900.0000 1925.5042
2910.0000 1918.6216
2920.0000 1560.8333
2930.0000 1095.5818
2940.0000 1552.9564
2950.0000 1308.1694
2960.0000 2245.2685
2970.0000 2411.7599
2980.0000 1853.9595
2990.0000 2458.8092
3000.0000 1564.6467
3010.0000 1710.9806
3020.0000 2486.6419
3030.0000 1807.4949
3040.0000 1396.5084
3050.0000 2084.5588
3060.0000 2375.7753
3070.0000 2074.5381
3080.0000 1894.8185
3090.0000 1956.0515
3100.0000 1736.8272
3110.0000 2039.8325
3120.0000 1642.9645
3130.0000 1487.7415
3140.0000 1636.1583
