0.0000 0.0000
10.0000 2745.6823
20.0000 2514.8685
30.0000 2505.3689
40.0000 2618.4813
50.0000 2699.6115
60.0000 2549.3488
70.0000 2309.7055
80.0000 2311.0684
90.0000 2370.7968
100.0000 2287.6051
110.0000 2226.4715
120.0000 2172.8307
130.0000 2333.1656
140.0000 2223.4793
150.0000 2609.8631
160.0000 2629.8244
170.0000 2560.9066
180.0000 2393.9543
190.0000 2035.7112
200.0000 1860.9306
210.0000 1794.6647
220.0000 1754.0182
230.0000 2069.2329
240.0000 2154.7457
250.0000 2379.7446
260.0000 2274.5775
270.0000 2512.7087
280.0000 1959.0562
290.0000 2098.3481
300.0000 2481.8436
310.0000 2419.2920
320.0000 2520.3783
330.0000 2063.9731
340.0000 2386.8424
350.0000 1732.8042
360.0000 2193.8460
370.0000 1980.3214
380.0000 1624.4223
390.0000 2041.3351
400.0000 1760.8518
410.0000 1758.0114
420.0000 2376.6584
430.0000 1569.6259
440.0000 1352.3094
450.0000 1523.0822
460.0000 1513.6776
470.0000 1357.2597
480.0000 1728.1943
490.0000 1705.7746
500.0000 1313.3093
510.0000 2057.1284
520.0000 1762.7957
530.0000 1862.4564
540.0000 2028.3907
550.0000 2800.0000
560.0000 2800.0000
570.0000 2723.7835
580.0000 2308.7652
590.0000 2461.9389
600.0000 2701.5294
610.0000 2225.6320
620.0000 1975.8313
630.0000 2031.0586
640.0000 2500.4153
650.0000 1156.8412
660.0000 2550.2553
670.0000 2305.7062
680.0000 1435.9789
690.0000 1989.0673
700.0000 2492.7918
710.0000 2055.7710
720.0000 2800.0000
730.0000 2800.0000
740.0000 2800.0000
750.0000 2800.0000
760.0000 2748.5274
770.0000 2800.0000
780.0000 2800.0000
790.0000 2647.2329
800.0000 2800.0000
810.0000 2747.1400
820.0000 2767.8585
830.0000 2056.5793
840.0000 2800.0000
850.0000 2519.7471
860.0000 2573.0988
870.0000 2800.0000
880.0000 2045.5210
890.0000 2489.0945
900.0000 2220.6115
910.0000 2593.2592
920.0000 2800.0000
930.0000 1808.3854
940.0000 2800.0000
950.0000 2379.3173
960.0000 2367.6618
970.0000 2754.4316
980.0000 2609.7936
990.0000 2625.5218
1000.0000 1945.1598
1010.0000 2098.9812
1020.0000 1853.5852
1030.0000 2024.4097
1040.0000 2517.7752
1050.0000 2621.6991
1060.0000 2209.8943
1070.0000 1983.5595
1080.0000 2260.5746
1090.0000 2040.7559
1100.0000 2135.2384
1110.0000 2800.0000
1120.0000 2283.4777
1130.0000 1851.1901
1140.0000 2505.2572
1150.0000 2361.4973
1160.0000 1921.8760
1170.0000 1683.1853
1180.0000 2233.7541
1190.0000 2777.3422
1200.0000 2438.0990
1210.0000 2385.9886
1220.0000 2800.0000
1230.0000 2800.0000
1240.0000 2800.0000
1250.0000 2191.5966
1260.0000 2800.0000
1270.0000 2240.1648
1280.0000 1937.1675
1290.0000 2481.4626
1300.0000 2800.0000
1310.0000 2387.9862
1320.0000 2800.0000
1330.0000 2800.0000
1340.0000 2800.0000
1350.0000 2247.6582
1360.0000 2497.6045
1370.0000 2800.0000
1380.0000 2357.1038
1390.0000 2363.1417
1400.0000 2327.6597
1410.0000 2058.3754
1420.0000 2115.7404
1430.0000 1970.1616
1440.0000 1694.4653
1450.0000 1903.8188
1460.0000 1968.9635
1470.0000 2114.9879
1480.0000 1773.0555
1490.0000 2576.6082
1500.0000 2424.6963
1510.0000 2800.0000
1520.0000 2431.5102
1530.0000 2494.3335
1540.0000 2478.1573
1550.0000 2124.5491
1560.0000 2225.5642
1570.0000 2115.1776
1580.0000 2039.1140
1590.0000 1864.9722
1600.0000 1676.2688
1610.0000 2162.0740
1620.0000 2332.4687
1630.0000 2162.0771
1640.0000 2101.9930
1650.0000 1709.7233
1660.0000 2181.8161
1670.0000 1810.8363
1680.0000 2149.5241
1690.0000 2131.4272
1700.0000 2257.9397
1710.0000 2205.7010
1720.0000 2304.8674
1730.0000 2066.3475
1740.0000 2241.6094
1750.0000 2316.4556
1760.0000 2365.4578
1770.0000 2640.4877
1780.0000 1980.0389
1790.0000 2304.2537
1800.0000 1724.9323
1810.0000 1805.0927
1820.0000 1813.7921
1830.0000 1754.4391
1840.0000 1282.8169
1850.0000 1313.9798
1860.0000 1422.1208
1870.0000 1660.6818
1880.0000 2215.4750
1890.0000 2312.9768
1900.0000 2428.9493
1910.0000 2331.6856
1920.0000 2443.1662
1930.0000 2626.2611
1940.0000 2800.0000
1950.0000 2594.1993
1960.0000 1848.0389
1970.0000 2779.0484
1980.0000 2660.5399
1990.0000 2593.7197
2000.0000 2504.4354
2010.0000 2800.0000
2020.0000 2800.0000
2030.0000 2800.0000
2040.0000 2561.9903
2050.0000 2537.0232
2060.0000 2800.0000
2070.0000 2800.0000
2080.0000 2800.0000
2090.0000 1703.8487
2100.0000 2740.4968
2110.0000 2800.0000
2120.0000 2511.7175
2130.0000 2800.0000
2140.0000 2400.3760
2150.0000 2602.8896
2160.0000 2800.0000
2170.0000 2603.8347
2180.0000 2365.2275
2190.0000 2800.0000
2200.0000 2800.0000
2210.0000 2364.9258
2220.0000 2800.0000
2230.0000 2338.0664
2240.0000 2728.4035
2250.0000 2800.0000
2260.0000 2800.0000
2270.0000 2029.9400
2280.0000 1923.2031
2290.0000 2800.0000
2300.0000 2800.0000
2310.0000 2800.0000
2320.0000 2800.0000
2330.0000 2565.5099
2340.0000 2348.5661
2350.0000 2800.0000
2360.0000 2790.3556
2370.0000 2530.7269
2380.0000 2077.1203
2390.0000 2541.0738
2400.0000 2795.1874
2410.0000 2515.7964
2420.0000 2637.0845
2430.0000 2213.2990
2440.0000 2360.7486
2450.0000 2450.8206
2460.0000 2243.5148
2470.0000 2533.0867
2480.0000 2482.3463
2490.0000 2249.8432
2500.0000 2169.6858
2510.0000 2010.8939
2520.0000 1980.0005
2530.0000 2327.3205
2540.0000 2141.3801
2550.0000 1801.3224
2560.0000 1899.6558
2570.0000 1726.6086
2580.0000 1649.3083
2590.0000 2014.7942
2600.0000 2137.9987
2610.0000 2226.0132
2620.0000 2080.7751
2630.0000 1710.4127
2640.0000 1938.3379
2650.0000 1581.8226
2660.0000 763.8930
2670.0000 501.3795
2680.0000 553.9412
2690.0000 913.6894
2700.0000 1085.9316
2710.0000 679.2069
2720.0000 1117.8682
2730.0000 1812.3983
2740.0000 1506.6928
2750.0000 1257.6906
2760.0000 1777.8620
2770.0000 1977.7371
2780.0000 2145.3160
2790.0000 1837.7518
2800.0000 1890.9084
2810.0000 1462.8320
2820.0000 1860.1146
2830.0000 1469.9974
2840.0000 1922.4977
2850.0000 2465.3687
2860.0000 2767.6870
2870.0000 2584.4176
2880.0000 2650.8256
2890.0000 2361.4862
2900.0000 2800.0000
2910.0000 2382.9397
2920.0000 2375.8118
2930.0000 2584.1585
2940.0000 2523.9662
2950.0000 2250.7971
2960.0000 2759.9811
2970.0000 1896.7912
2980.0000 2135.1808
2990.0000 1861.3969
3000.0000 2640.9293
3010.0000 1627.8718
3020.0000 2800.0000
3030.0000 2462.4010
3040.0000 2661.6310
3050.0000 2308.3145
3060.0000 2800.0000
3070.0000 2323.9113
3080.0000 2115.5094
3090.0000 2157.7739
3100.0000 2563.1324
3110.0000 2510.0685
3120.0000 2737.3954
3130.0000 2413.4358
3140.0000 2281.7492
