0.0000 0.0000
10.0000 2483.8121
20.0000 2545.1466
30.0000 2666.4272
40.0000 2698.1175
50.0000 2466.0648
60.0000 2258.4034
70.0000 2174.4166
80.0000 2192.7420
90.0000 2346.6634
100.0000 2705.8032
110.0000 2547.1592
120.0000 2469.4597
130.0000 1787.1293
140.0000 1318.5689
150.0000 1801.1765
160.0000 1706.0620
170.0000 1622.6283
180.0000 1431.9701
190.0000 1247.1275
200.0000 920.4840
210.0000 1310.4382
220.0000 1653.0967
230.0000 1793.6127
240.0000 2194.1955
250.0000 2046.9868
260.0000 1647.9671
270.0000 1556.9311
280.0000 1796.5155
290.0000 1445.2318
300.0000 1268.3748
310.0000 2136.9527
320.0000 2800.0000
330.0000 1982.1493
340.0000 2291.6761
350.0000 1688.4620
360.0000 2028.3479
370.0000 1962.5857
380.0000 2799.4908
390.0000 2800.0000
400.0000 2800.0000
410.0000 2800.0000
420.0000 2781.8587
430.0000 2725.6887
440.0000 2599.7676
450.0000 2163.4033
460.0000 1942.1068
470.0000 2677.0781
480.0000 2800.0000
490.0000 2800.0000
500.0000 2800.0000
510.0000 2800.0000
520.0000 2800.0000
530.0000 2586.2316
540.0000 2569.2551
550.0000 2622.4144
560.0000 2786.2683
570.0000 2714.1377
580.0000 2068.1373
590.0000 2800.0000
600.0000 1942.7796
610.0000 2485.0962
620.0000 2800.0000
630.0000 2327.1915
640.0000 2800.0000
650.0000 2173.3009
660.0000 2107.8258
670.0000 2508.7743
680.0000 2491.4914
690.0000 2444.4579
700.0000 2621.9660
710.0000 2800.0000
720.0000 2794.1415
730.0000 2615.0311
740.0000 2800.0000
750.0000 2649.1163
760.0000 2672.9636
770.0000 2483.8895
780.0000 2634.2455
790.0000 2714.8976
800.0000 2800.0000
810.0000 2800.0000
820.0000 2738.3213
830.0000 2748.7369
840.0000 2430.7392
850.0000 2694.0973
860.0000 2355.7995
870.0000 2199.9508
880.0000 2388.2530
890.0000 1954.4583
900.0000 1881.4322
910.0000 2033.7850
920.0000 2548.8720
930.0000 2210.0361
940.0000 2648.4016
950.0000 2119.6859
960.0000 2734.9010
970.0000 2256.3492
980.0000 2525.6716
990.0000 2800.0000
1000.0000 2800.0000
1010.0000 2695.5543
1020.0000 2269.9749
1030.0000 1970.0870
1040.0000 2086.3684
1050.0000 1756.5267
1060.0000 2113.6448
1070.0000 1791.5676
1080.0000 1337.7733
1090.0000 2096.4817
1100.0000 1849.8030
1110.0000 2792.8294
1120.0000 2514.8447
1130.0000 2406.7784
1140.0000 2800.0000
1150.0000 2428.8202
1160.0000 2602.7395
1170.0000 2410.6570
1180.0000 1963.8721
1190.0000 2025.3815
1200.0000 1710.4241
1210.0000 1616.2070
1220.0000 2440.6596
1230.0000 2562.4262
1240.0000 2178.2502
1250.0000 1857.4306
1260.0000 1769.4430
1270.0000 1990.7184
1280.0000 2800.0000
1290.0000 1999.5301
1300.0000 2466.2956
1310.0000 2501.8524
1320.0000 2336.0637
1330.0000 2363.0205
1340.0000 2025.0565
1350.0000 2090.8823
1360.0000 2588.6037
1370.0000 2527.0871
1380.0000 1920.8381
1390.0000 2174.7573
1400.0000 1818.0960
1410.0000 2720.6604
1420.0000 2641.4939
1430.0000 1640.1764
1440.0000 2485.0920
1450.0000 2611.9760
1460.0000 2800.0000
1470.0000 2347.6502
1480.0000 2066.0971
1490.0000 2007.1899
1500.0000 1697.2632
1510.0000 2019.3488
1520.0000 2025.3817
1530.0000 2172.3277
1540.0000 2548.1222
1550.0000 2425.1910
1560.0000 2544.1712
1570.0000 2038.8220
1580.0000 2800.0000
1590.0000 2697.9439
1600.0000 2057.8039
1610.0000 2800.0000
1620.0000 2800.0000
1630.0000 2800.0000
1640.0000 2800.0000
1650.0000 2638.4360
1660.0000 2108.2644
1670.0000 2507.8652
1680.0000 2592.3919
1690.0000 2415.4417
1700.0000 1950.7674
1710.0000 2314.1205
1720.0000 2123.1490
1730.0000 2728.8536
1740.0000 2800.0000
1750.0000 2207.4192
1760.0000 1917.5219
1770.0000 2455.0516
1780.0000 2800.0000
1790.0000 2430.3460
1800.0000 2104.7232
1810.0000 2694.2232
1820.0000 2789.4213
1830.0000 2352.2003
1840.0000 2463.4326
1850.0000 2307.3312
1860.0000 2593.5863
1870.0000 2030.0366
1880.0000 2438.4834
1890.0000 1930.4804
1900.0000 1771.0006
1910.0000 2477.4974
1920.0000 2680.2005
1930.0000 1864.8002
1940.0000 2800.0000
1950.0000 2371.6887
1960.0000 2760.2416
1970.0000 2093.5027
1980.0000 1963.9215
1990.0000 2291.9491
2000.0000 2023.9012
2010.0000 2063.9397
2020.0000 1811.4421
2030.0000 1328.3163
2040.0000 2368.6191
2050.0000 2394.1554
2060.0000 2800.0000
2070.0000 2800.0000
2080.0000 2115.6618
2090.0000 2413.4655
2100.0000 2788.3621
2110.0000 2760.0061
2120.0000 2622.9675
2130.0000 2292.7668
2140.0000 2733.4175
2150.0000 2415.4131
2160.0000 2272.7350
2170.0000 2747.9440
2180.0000 2616.0228
2190.0000 2006.1434
2200.0000 1457.2302
2210.0000 2000.1904
2220.0000 2136.4137
2230.0000 2464.9724
2240.0000 2800.0000
2250.0000 2800.0000
2260.0000 2705.0483
2270.0000 2588.9538
2280.0000 2378.8115
2290.0000 1989.1681
2300.0000 1824.6931
2310.0000 2500.1822
2320.0000 2264.7181
2330.0000 1714.5953
2340.0000 2800.0000
2350.0000 2219.1423
2360.0000 2366.1675
2370.0000 2549.8580
2380.0000 2447.2284
2390.0000 2364.7230
2400.0000 2276.4306
2410.0000 2372.9370
2420.0000 2154.3491
2430.0000 1487.0735
2440.0000 2765.0803
2450.0000 2305.5912
2460.0000 2632.5338
2470.0000 2591.6556
2480.0000 1794.9639
2490.0000 2200.0501
2500.0000 2800.0000
2510.0000 2526.2553
2520.0000 1076.4647
2530.0000 2095.9213
2540.0000 2266.2728
2550.0000 2363.8220
2560.0000 2295.0533
2570.0000 2066.1942
2580.0000 1708.1546
2590.0000 1055.8208
2600.0000 1118.3818
2610.0000 1584.5389
2620.0000 1240.1668
2630.0000 1826.3971
2640.0000 1550.3729
2650.0000 1554.1438
2660.0000 1301.1573
2670.0000 1850.8768
2680.0000 1744.7101
2690.0000 1500.1059
2700.0000 2239.3472
2710.0000 1918.5720
2720.0000 1801.7993
2730.0000 1609.1874
2740.0000 2082.2515
2750.0000 2304.8753
2760.0000 2480.0520
2770.0000 2275.8940
2780.0000 2238.2789
2790.0000 2187.0464
2800.0000 2385.2051
2810.0000 2263.4936
2820.0000 2649.9880
2830.0000 2800.0000
2840.0000 2580.4448
2850.0000 2612.3340
2860.0000 2800.0000
2870.0000 2425.4052
2880.0000 2753.3789
2890.0000 2800.0000
2900.0000 2587.3023
2910.0000 2128.7839
2920.0000 1279.6237
2930.0000 2599.6464
2940.0000 1864.0180
2950.0000 2438.9139
2960.0000 2800.0000
2970.0000 2309.0399
2980.0000 2474.3888
2990.0000 1830.5692
3000.0000 2800.0000
3010.0000 2618.7250
3020.0000 2438.3956
3030.0000 2665.4812
3040.0000 2800.0000
3050.0000 2800.0000
3060.0000 2789.7525
3070.0000 2618.2905
3080.0000 2428.1633
3090.0000 2460.9819
3100.0000 1857.1480
3110.0000 2002.0128
3120.0000 2247.8497
3130.0000 1853.5877
3140.0000 1993.8214
