0.0000 0.0000
10.0000 2068.7917
20.0000 2247.1845
30.0000 2463.3781
40.0000 2800.0000
50.0000 2715.2015
60.0000 2800.0000
70.0000 2800.0000
80.0000 2722.4958
90.0000 2800.0000
100.0000 2800.0000
110.0000 2679.7266
120.0000 2666.2469
130.0000 2800.0000
140.0000 2521.7595
150.0000 2147.7665
160.0000 2800.0000
170.0000 2093.6387
180.0000 2416.2043
190.0000 1869.3888
200.0000 2029.4370
210.0000 2426.1472
220.0000 2313.0109
230.0000 1575.5165
240.0000 1419.0127
250.0000 2575.3438
260.0000 2169.7748
270.0000 2550.4405
280.0000 2800.0000
290.0000 2800.0000
300.0000 2800.0000
310.0000 2437.8704
320.0000 2800.0000
330.0000 2416.2857
340.0000 2584.9173
350.0000 2800.0000
360.0000 2695.4836
370.0000 2800.0000
380.0000 2800.0000
390.0000 2320.8246
400.0000 2195.0113
410.0000 2071.5067
420.0000 2091.0422
430.0000 1441.6446
440.0000 1957.3164
450.0000 2078.5504
460.0000 2800.0000
470.0000 2770.1447
480.0000 2793.4354
490.0000 2800.0000
500.0000 2715.5922
510.0000 2451.2625
520.0000 2365.1500
530.0000 2021.7411
540.0000 2401.0787
550.0000 2647.7139
560.0000 1993.7644
570.0000 2128.4422
580.0000 2343.7323
590.0000 2202.7428
600.0000 2125.5934
610.0000 1865.3177
620.0000 1982.4196
630.0000 2220.2060
640.0000 1421.5989
650.0000 1883.4396
660.0000 1738.6323
670.0000 1844.7398
680.0000 889.1523
690.0000 1579.4755
700.0000 2550.9168
710.0000 2795.7596
720.0000 2800.0000
730.0000 1899.9031
740.0000 2186.6042
750.0000 2315.7582
760.0000 2616.7970
770.0000 2140.7866
780.0000 2166.4491
790.0000 1891.8391
800.0000 2557.1846
810.0000 2184.4933
820.0000 1765.3716
830.0000 1848.9730
840.0000 1833.7644
850.0000 1523.2814
860.0000 1739.3557
870.0000 1646.5353
880.0000 1747.5117
890.0000 1775.4677
900.0000 1667.2323
910.0000 1837.8221
920.0000 2216.8059
930.0000 2314.4919
940.0000 1598.5336
950.0000 2125.1240
960.0000 2306.6549
970.0000 1920.7889
980.0000 2296.9195
990.0000 2335.1532
1000.0000 1931.2065
1010.0000 2247.1017
1020.0000 1948.5170
1030.0000 2235.9230
1040.0000 1576.2172
1050.0000 2666.6490
1060.0000 1788.4752
1070.0000 1952.8367
1080.0000 2146.1872
1090.0000 1746.8456
1100.0000 2754.7893
1110.0000 2562.4832
1120.0000 2229.2618
1130.0000 1835.7231
1140.0000 2389.0430
1150.0000 1890.0791
1160.0000 1903.6038
1170.0000 2182.7377
1180.0000 2129.4920
1190.0000 2029.1596
1200.0000 1948.8894
1210.0000 1772.8035
1220.0000 1711.9714
1230.0000 1754.6350
1240.0000 1820.6036
1250.0000 1995.4562
1260.0000 2192.6875
1270.0000 1490.8227
1280.0000 2800.0000
1290.0000 2181.5562
1300.0000 2649.4551
1310.0000 2800.0000
1320.0000 2800.0000
1330.0000 2800.0000
1340.0000 2295.6556
1350.0000 2703.6315
1360.0000 2800.0000
1370.0000 2640.6155
1380.0000 2800.0000
1390.0000 2800.0000
1400.0000 2800.0000
1410.0000 2227.1777
1420.0000 2534.6225
1430.0000 2800.0000
1440.0000 2800.0000
1450.0000 2559.0290
1460.0000 2583.2289
1470.0000 2800.0000
1480.0000 1931.6805
1490.0000 2419.3291
1500.0000 2478.9941
1510.0000 2058.0215
1520.0000 2800.0000
1530.0000 2538.4149
1540.0000 2800.0000
1550.0000 2374.2161
1560.0000 2417.6094
1570.0000 2475.7975
1580.0000 2346.8499
1590.0000 1873.7344
1600.0000 1803.1312
1610.0000 1789.9037
1620.0000 2234.0427
1630.0000 2266.4600
1640.0000 2505.0841
1650.0000 2296.8294
1660.0000 2400.8703
1670.0000 1682.2486
1680.0000 2632.5650
1690.0000 2445.2910
1700.0000 2257.6945
1710.0000 2239.5770
1720.0000 2800.0000
1730.0000 2617.5878
1740.0000 2400.8950
1750.0000 2800.0000
1760.0000 2800.0000
1770.0000 2328.0231
1780.0000 2477.5060
1790.0000 2400.5668
1800.0000 2717.6662
1810.0000 2785.4565
1820.0000 2668.2509
1830.0000 2359.6803
1840.0000 2224.2583
1850.0000 1870.9392
1860.0000 2472.9855
1870.0000 1840.6425
1880.0000 1906.5541
1890.0000 1741.6603
1900.0000 2225.4390
1910.0000 1917.5583
1920.0000 1817.2657
1930.0000 1843.4572
1940.0000 1837.7416
1950.0000 1852.8022
1960.0000 2395.3180
1970.0000 2022.2250
1980.0000 2019.9420
1990.0000 1629.3847
2000.0000 2126.4474
2010.0000 2800.0000
2020.0000 2165.0252
2030.0000 2173.7400
2040.0000 2800.0000
2050.0000 2421.5312
2060.0000 2433.3517
2070.0000 2256.7260
2080.0000 2539.8614
2090.0000 2800.0000
2100.0000 2615.1666
2110.0000 2800.0000
2120.0000 2035.9619
2130.0000 2465.2379
2140.0000 1899.5900
2150.0000 1994.2223
2160.0000 1958.4957
2170.0000 2124.8101
2180.0000 1785.5344
2190.0000 1285.4189
2200.0000 2800.0000
2210.0000 2800.0000
2220.0000 2800.0000
2230.0000 2733.4468
2240.0000 2800.0000
2250.0000 2789.7056
2260.0000 2788.7765
2270.0000 2582.4221
2280.0000 2800.0000
2290.0000 2800.0000
2300.0000 2800.0000
2310.0000 2584.5395
2320.0000 2800.0000
2330.0000 2649.3202
2340.0000 2532.3252
2350.0000 2384.8969
2360.0000 2432.6274
2370.0000 2800.0000
2380.0000 2753.2957
2390.0000 2590.8190
2400.0000 1676.0527
2410.0000 2797.0669
2420.0000 2800.0000
2430.0000 2791.8960
2440.0000 2800.0000
2450.0000 2800.0000
2460.0000 2800.0000
2470.0000 2746.0473
2480.0000 1950.8320
2490.0000 2601.4821
2500.0000 2581.3672
2510.0000 2239.2622
2520.0000 2774.3731
2530.0000 2502.3653
2540.0000 1614.4563
2550.0000 2000.1443
2560.0000 2388.3739
2570.0000 1796.4391
2580.0000 2480.1989
2590.0000 1649.0606
2600.0000 2077.6832
2610.0000 2133.1631
2620.0000 2319.3732
2630.0000 1978.4104
2640.0000 1755.4470
2650.0000 1723.0163
2660.0000 1685.4339
2670.0000 1704.0604
2680.0000 1895.7499
2690.0000 1927.1172
2700.0000 1891.5753
2710.0000 2319.9729
2720.0000 2083.6920
2730.0000 1816.5185
2740.0000 2718.8854
2750.0000 2549.9053
2760.0000 2443.3765
2770.0000 2188.7164
2780.0000 2478.7295
2790.0000 2659.4173
2800.0000 2400.3169
2810.0000 2364.5038
2820.0000 1966.4455
2830.0000 1930.3900
2840.0000 1809.7486
2850.0000 1789.3669
2860.0000 1869.4647
2870.0000 1274.6630
2880.0000 1187.5029
2890.0000 1460.0220
2900.0000 1945.0008
2910.0000 1831.8304
2920.0000 1752.7117
2930.0000 1983.0105
2940.0000 1829.0706
2950.0000 2275.2658
2960.0000 1824.1844
2970.0000 2268.5981
2980.0000 1912.9869
2990.0000 1819.2023
3000.0000 2800.0000
3010.0000 2800.0000
3020.0000 2800.0000
3030.0000 2190.8344
3040.0000 2769.0444
3050.0000 2353.1902
3060.0000 2608.2688
3070.0000 2800.0000
3080.0000 2800.0000
3090.0000 2747.8292
3100.0000 2288.1149
3110.0000 2799.9210
3120.0000 2398.2170
3130.0000 2033.2770
3140.0000 2217.4562
