0.0000 0.0000
10.0000 2541.4464
20.0000 2793.8566
30.0000 2613.3258
40.0000 2441.8632
50.0000 2800.0000
60.0000 2377.7141
70.0000 2368.1085
80.0000 2574.8861
90.0000 1908.8268
100.0000 2159.8288
110.0000 2272.7672
120.0000 2381.2573
130.0000 2202.4869
140.0000 2130.7719
150.0000 2150.6734
160.0000 2194.9200
170.0000 2100.9704
180.0000 2269.5679
190.0000 2459.6687
200.0000 2553.0653
210.0000 2800.0000
220.0000 2800.0000
230.0000 2521.8676
240.0000 2445.4755
250.0000 2560.0813
260.0000 2223.8287
270.0000 2693.0557
280.0000 2708.1865
290.0000 2398.3217
300.0000 2262.8771
310.0000 2410.2310
320.0000 2072.3179
330.0000 2345.2210
340.0000 1916.9779
350.0000 2405.1235
360.0000 2277.9412
370.0000 1891.4343
380.0000 2062.5475
390.0000 2259.0891
400.0000 2695.5260
410.0000 1831.0955
420.0000 2036.3509
430.0000 2374.4048
440.0000 1829.4162
450.0000 1933.4902
460.0000 1877.0891
470.0000 1053.3971
480.0000 1451.8633
490.0000 1719.8880
500.0000 1099.8992
510.0000 1807.2166
520.0000 2128.1039
530.0000 2380.4997
540.0000 2054.6686
550.0000 1086.4086
560.0000 1640.6854
570.0000 1773.4299
580.0000 2032.5861
590.0000 2338.9408
600.0000 2203.8282
610.0000 2342.8480
620.0000 2201.0602
630.0000 1957.0440
640.0000 1691.2880
650.0000 1760.0423
660.0000 1843.5425
670.0000 1797.5591
680.0000 1552.3427
690.0000 2800.0000
700.0000 2713.4058
710.0000 2611.5985
720.0000 2125.9866
730.0000 2247.0547
740.0000 2292.8846
750.0000 1793.1475
760.0000 2800.0000
770.0000 2677.0920
780.0000 2770.8315
790.0000 2588.1410
800.0000 2361.5389
810.0000 2800.0000
820.0000 2581.3109
830.0000 2565.8814
840.0000 2514.1345
850.0000 2800.0000
860.0000 2102.4585
870.0000 2306.9889
880.0000 2299.2772
890.0000 2800.0000
900.0000 2232.4025
910.0000 2800.0000
920.0000 2220.8019
930.0000 2563.6776
940.0000 2474.6325
950.0000 2729.8732
960.0000 2800.0000
970.0000 2800.0000
980.0000 2735.0519
990.0000 2601.7041
1000.0000 2800.0000
1010.0000 2389.8524
1020.0000 2800.0000
1030.0000 2628.4870
1040.0000 2471.9196
1050.0000 2433.0015
1060.0000 1960.5266
1070.0000 2800.0000
1080.0000 2638.6147
1090.0000 2667.0054
1100.0000 2552.7830
1110.0000 2132.5387
1120.0000 2590.4843
1130.0000 2325.9740
1140.0000 2800.0000
1150.0000 2781.7002
1160.0000 2800.0000
1170.0000 2715.6360
1180.0000 2652.8180
1190.0000 1844.0745
1200.0000 2800.0000
1210.0000 2800.0000
1220.0000 2800.0000
1230.0000 2452.1890
1240.0000 2800.0000
1250.0000 2739.6889
1260.0000 2032.9545
1270.0000 2059.8634
1280.0000 2428.3151
1290.0000 2646.4562
1300.0000 2658.5468
1310.0000 2018.3626
1320.0000 2800.0000
1330.0000 2800.0000
1340.0000 2499.8945
1350.0000 2086.1821
1360.0000 2126.9924
1370.0000 1655.0233
1380.0000 1417.0091
1390.0000 1394.0164
1400.0000 1851.2053
1410.0000 1558.2756
1420.0000 1634.6819
1430.0000 1762.1860
1440.0000 1642.9205
1450.0000 1604.0668
1460.0000 1630.0857
1470.0000 1706.2193
1480.0000 1786.3231
1490.0000 2602.7852
1500.0000 2302.1047
1510.0000 2275.8700
1520.0000 2418.1419
1530.0000 2361.6916
1540.0000 1919.6676
1550.0000 2110.9699
1560.0000 1950.9045
1570.0000 1921.6293
1580.0000 1837.6126
1590.0000 2145.1776
1600.0000 1631.0147
1610.0000 2433.2135
1620.0000 2149.7494
1630.0000 2530.8896
1640.0000 2800.0000
1650.0000 2317.3999
1660.0000 2197.3485
1670.0000 2481.7575
1680.0000 1737.5547
1690.0000 2364.9495
1700.0000 2111.1851
1710.0000 2800.0000
1720.0000 1782.6212
1730.0000 2299.6784
1740.0000 2800.0000
1750.0000 2800.0000
1760.0000 2313.2811
1770.0000 2431.5988
1780.0000 1943.1364
1790.0000 2800.0000
1800.0000 2593.3499
1810.0000 2335.3606
1820.0000 2338.1292
1830.0000 2005.8333
1840.0000 2800.0000
1850.0000 2380.6422
1860.0000 2286.8684
1870.0000 2092.7486
1880.0000 1954.2447
1890.0000 1973.4114
1900.0000 1652.9529
1910.0000 2494.3357
1920.0000 2689.1927
1930.0000 2800.0000
1940.0000 2800.0000
1950.0000 2370.5339
1960.0000 2800.0000
1970.0000 2800.0000
1980.0000 2800.0000
1990.0000 2800.0000
2000.0000 2800.0000
2010.0000 2800.0000
2020.0000 2800.0000
2030.0000 2512.6448
2040.0000 2800.0000
2050.0000 2633.6987
2060.0000 2800.0000
2070.0000 2612.5996
2080.0000 2784.4844
2090.0000 2800.0000
2100.0000 2692.8152
2110.0000 2699.0492
2120.0000 2800.0000
2130.0000 2511.2395
2140.0000 2323.3637
2150.0000 2800.0000
2160.0000 2800.0000
2170.0000 2408.4454
2180.0000 2546.3622
2190.0000 2016.3795
2200.0000 2472.0612
2210.0000 2659.7271
2220.0000 2623.3465
2230.0000 2800.0000
2240.0000 2490.3808
2250.0000 2735.4189
2260.0000 2308.2184
2270.0000 2254.9435
2280.0000 2395.6661
2290.0000 2442.9205
2300.0000 2499.7478
2310.0000 2369.2067
2320.0000 1622.0362
2330.0000 2570.1822
2340.0000 2281.4889
2350.0000 2156.8689
2360.0000 2076.9814
2370.0000 1980.9055
2380.0000 2533.5104
2390.0000 2343.4507
2400.0000 1975.2111
2410.0000 2146.2991
2420.0000 2242.9258
2430.0000 2220.4624
2440.0000 2285.1216
2450.0000 2067.5602
2460.0000 2357.2942
2470.0000 2152.7003
2480.0000 2414.1405
2490.0000 2304.7387
2500.0000 1427.5804
2510.0000 2351.4040
2520.0000 2647.7423
2530.0000 2147.6024
2540.0000 2208.3917
2550.0000 2068.8882
2560.0000 2094.6267
2570.0000 1864.1072
2580.0000 2616.2099
2590.0000 1769.0758
2600.0000 1908.6865
2610.0000 2381.7487
2620.0000 2340.6364
2630.0000 2546.1161
2640.0000 2281.0615
2650.0000 2248.3757
2660.0000 2378.1661
2670.0000 2271.8800
2680.0000 1897.9794
2690.0000 1824.7816
2700.0000 1640.4603
2710.0000 1498.5862
2720.0000 1394.5084
2730.0000 1179.7501
2740.0000 1400.8675
2750.0000 1360.7688
2760.0000 1326.8468
2770.0000 1368.5054
2780.0000 1385.4645
2790.0000 1421.5032
2800.0000 1716.7928
2810.0000 1752.9162
2820.0000 1934.3815
2830.0000 1470.5968
2840.0000 1756.8341
2850.0000 1074.0798
2860.0000 1386.3617
2870.0000 1320.1421
2880.0000 1624.1492
2890.0000 1579.0951
2900.0000 1342.3477
2910.0000 1435.0037
2920.0000 1612.2378
2930.0000 1343.4630
2940.0000 2800.0000
2950.0000 2633.1124
2960.0000 2649.8361
2970.0000 2800.0000
2980.0000 2720.6984
2990.0000 2355.2993
3000.0000 2194.8289
3010.0000 2800.0000
3020.0000 2800.0000
3030.0000 510.8328
3040.0000 2685.7123
3050.0000 2413.9645
3060.0000 2800.0000
3070.0000 1518.3342
3080.0000 2800.0000
3090.0000 2800.0000
3100.0000 2800.0000
3110.0000 2800.0000
3120.0000 2442.4271
3130.0000 2800.0000
3140.0000 2800.0000
