0.0000 0.0000
10.0000 2629.1336
20.0000 2531.3307
30.0000 2477.1926
40.0000 2468.5758
50.0000 2469.7208
60.0000 2452.3214
70.0000 2431.1422
80.0000 2700.4211
90.0000 2506.0973
100.0000 2280.1170
110.0000 2482.3486
120.0000 2511.4929
130.0000 2363.7589
140.0000 2314.6659
150.0000 2474.2852
160.0000 2404.2867
170.0000 2125.0898
180.0000 1613.9208
190.0000 2800.0000
200.0000 2800.0000
210.0000 2800.0000
220.0000 2357.2608
230.0000 2312.2931
240.0000 2492.7464
250.0000 2436.0420
260.0000 2408.6885
270.0000 2377.0345
280.0000 2144.9060
290.0000 2155.3728
300.0000 2244.7828
310.0000 2409.6978
320.0000 2336.1703
330.0000 2589.5555
340.0000 2700.4451
350.0000 2591.0402
360.0000 2693.5869
370.0000 2800.0000
380.0000 2729.9787
390.0000 2554.0662
400.0000 2232.0505
410.0000 2305.7081
420.0000 2538.2896
430.0000 2358.0998
440.0000 2000.8019
450.0000 2660.5846
460.0000 2292.7526
470.0000 2047.6666
480.0000 2489.7871
490.0000 2800.0000
500.0000 2800.0000
510.0000 2419.5361
520.0000 2800.0000
530.0000 2680.2258
540.0000 2800.0000
550.0000 2800.0000
560.0000 2800.0000
570.0000 2800.0000
580.0000 924.3337
590.0000 2800.0000
600.0000 2800.0000
610.0000 2358.3693
620.0000 2352.9033
630.0000 2267.7309
640.0000 2800.0000
650.0000 2800.0000
660.0000 2678.1366
670.0000 2161.7789
680.0000 2652.9447
690.0000 2392.2209
700.0000 2612.1062
710.0000 2165.8912
720.0000 2166.9414
730.0000 2725.7373
740.0000 2582.3802
750.0000 2800.0000
760.0000 2264.1234
770.0000 2610.6736
780.0000 2718.2157
790.0000 2627.0772
800.0000 2800.0000
810.0000 2700.5728
820.0000 1849.7139
830.0000 2438.2164
840.0000 2800.0000
850.0000 2800.0000
860.0000 2800.0000
870.0000 2398.9635
880.0000 2513.0597
890.0000 2726.1856
900.0000 2800.0000
910.0000 2800.0000
920.0000 2800.0000
930.0000 2800.0000
940.0000 2056.1477
950.0000 2800.0000
960.0000 2800.0000
970.0000 2800.0000
980.0000 2800.0000
990.0000 2800.0000
1000.0000 2800.0000
1010.0000 2694.9743
1020.0000 2348.2095
1030.0000 2800.0000
1040.0000 2800.0000
1050.0000 2601.9031
1060.0000 2740.5050
1070.0000 2800.0000
1080.0000 2413.7210
1090.0000 2395.6893
1100.0000 2491.6665
1110.0000 2800.0000
1120.0000 2584.5411
1130.0000 2800.0000
1140.0000 2800.0000
1150.0000 2800.0000
1160.0000 2800.0000
1170.0000 2800.0000
1180.0000 2484.2799
1190.0000 2652.9748
1200.0000 2148.6189
1210.0000 2281.5918
1220.0000 2056.0557
1230.0000 1906.1017
1240.0000 2378.4024
1250.0000 2800.0000
1260.0000 2731.3419
1270.0000 2545.1032
1280.0000 2582.9325
1290.0000 2800.0000
1300.0000 2362.1283
1310.0000 2385.6252
1320.0000 2800.0000
1330.0000 2673.6622
1340.0000 2800.0000
1350.0000 2348.1453
1360.0000 2409.2735
1370.0000 2319.8026
1380.0000 2643.2091
1390.0000 2073.9567
1400.0000 2016.2440
1410.0000 2210.5895
1420.0000 2735.1041
1430.0000 2800.0000
1440.0000 2079.3320
1450.0000 2334.5019
1460.0000 2366.8884
1470.0000 2435.3586
1480.0000 2684.7426
1490.0000 2627.9122
1500.0000 2119.1926
1510.0000 2412.6379
1520.0000 2800.0000
1530.0000 1592.7938
1540.0000 1991.6390
1550.0000 2659.8166
1560.0000 2717.0016
1570.0000 2438.7867
1580.0000 2800.0000
1590.0000 2800.0000
1600.0000 2800.0000
1610.0000 2800.0000
1620.0000 2800.0000
1630.0000 2403.0457
1640.0000 2762.3027
1650.0000 2800.0000
1660.0000 2800.0000
1670.0000 2439.4655
1680.0000 2800.0000
1690.0000 2166.4186
1700.0000 2142.4501
1710.0000 2800.0000
1720.0000 2743.6779
1730.0000 2800.0000
1740.0000 2800.0000
1750.0000 2800.0000
1760.0000 905.2894
1770.0000 2625.3197
1780.0000 2800.0000
1790.0000 2738.3058
1800.0000 2800.0000
1810.0000 2800.0000
1820.0000 2388.6690
1830.0000 2800.0000
1840.0000 2800.0000
1850.0000 2298.4454
1860.0000 2800.0000
1870.0000 2800.0000
1880.0000 2800.0000
1890.0000 2442.4778
1900.0000 1886.1021
1910.0000 2800.0000
1920.0000 2514.9141
1930.0000 2559.5033
1940.0000 2639.9432
1950.0000 1997.0371
1960.0000 2664.4737
1970.0000 1959.8118
1980.0000 1864.7994
1990.0000 1839.6211
2000.0000 2427.6691
2010.0000 1152.4867
2020.0000 1685.0416
2030.0000 1484.8349
2040.0000 2226.6463
2050.0000 2316.7209
2060.0000 2109.7590
2070.0000 1581.1442
2080.0000 2014.1753
2090.0000 2252.9341
2100.0000 2345.8854
2110.0000 1999.0550
2120.0000 2283.0592
2130.0000 1814.7926
2140.0000 2204.6822
2150.0000 2031.4760
2160.0000 1964.3069
2170.0000 2800.0000
2180.0000 2800.0000
2190.0000 2800.0000
2200.0000 2800.0000
2210.0000 2800.0000
2220.0000 2261.7331
2230.0000 2354.9142
2240.0000 2498.1303
2250.0000 2721.5881
2260.0000 2284.1930
2270.0000 2800.0000
2280.0000 2607.1109
2290.0000 2443.8312
2300.0000 1768.3056
2310.0000 2501.3478
2320.0000 2800.0000
2330.0000 2765.5549
2340.0000 2800.0000
2350.0000 2504.9838
2360.0000 2784.2854
2370.0000 2771.3636
2380.0000 2274.2763
2390.0000 2076.3957
2400.0000 2050.3479
2410.0000 1596.5548
2420.0000 1885.0170
2430.0000 1588.3158
2440.0000 1373.2879
2450.0000 1584.0228
2460.0000 2679.2704
2470.0000 2557.4688
2480.0000 2155.2508
2490.0000 2340.0620
2500.0000 2354.5184
2510.0000 2010.2557
2520.0000 1497.0355
2530.0000 2014.9481
2540.0000 2752.3761
2550.0000 2183.5710
2560.0000 2124.3523
2570.0000 2359.2237
2580.0000 1952.9402
2590.0000 2402.1526
2600.0000 2800.0000
2610.0000 2800.0000
2620.0000 2365.0225
2630.0000 2172.5556
2640.0000 2759.6818
2650.0000 2800.0000
2660.0000 2539.9434
2670.0000 2134.7166
2680.0000 1838.4265
2690.0000 2800.0000
2700.0000 2800.0000
2710.0000 2145.0480
2720.0000 2800.0000
2730.0000 2800.0000
2740.0000 2800.0000
2750.0000 2800.0000
2760.0000 2679.2962
2770.0000 2800.0000
2780.0000 2800.0000
2790.0000 2800.0000
2800.0000 2800.0000
2810.0000 2294.6436
2820.0000 2657.3341
2830.0000 2703.8747
2840.0000 2800.0000
2850.0000 2800.0000
2860.0000 2800.0000
2870.0000 2800.0000
2880.0000 2800.0000
2890.0000 2800.0000
2900.0000 2390.5234
2910.0000 2800.0000
2920.0000 2083.6439
2930.0000 2411.7452
2940.0000 2345.1624
2950.0000 2596.7510
2960.0000 2800.0000
2970.0000 2800.0000
2980.0000 2800.0000
2990.0000 2600.8948
3000.0000 2800.0000
3010.0000 2800.0000
3020.0000 2800.0000
3030.0000 1718.3366
3040.0000 2470.1315
3050.0000 2797.3499
3060.0000 2800.0000
3070.0000 2800.0000
3080.0000 2800.0000
3090.0000 2375.3746
3100.0000 2800.0000
3110.0000 2800.0000
3120.0000 2800.0000
3130.0000 2800.0000
3140.0000 2292.9208
