0.0000 0.0000
10.0000 1893.9903
20.0000 2176.1977
30.0000 2364.0594
40.0000 2473.1413
50.0000 2461.1743
60.0000 2662.3889
70.0000 2788.6198
80.0000 2800.0000
90.0000 2730.8907
100.0000 2630.8298
110.0000 2616.7110
120.0000 2651.4285
130.0000 2670.1414
140.0000 2665.5033
150.0000 2800.0000
160.0000 2800.0000
170.0000 2784.0035
180.0000 2664.4985
190.0000 2445.1584
200.0000 2565.1661
210.0000 2534.8837
220.0000 2615.8935
230.0000 2299.4926
240.0000 2578.4353
250.0000 2365.1197
260.0000 2473.2608
270.0000 2410.2452
280.0000 2542.3379
290.0000 2271.1910
300.0000 2761.4960
310.0000 2623.7163
320.0000 2712.4889
330.0000 2244.3001
340.0000 1835.9106
350.0000 2180.9107
360.0000 2290.2949
370.0000 1342.8222
380.0000 1416.8726
390.0000 1317.6749
400.0000 1630.5938
410.0000 2030.1889
420.0000 1855.4814
430.0000 2583.5863
440.0000 2636.3217
450.0000 2334.1793
460.0000 2533.0286
470.0000 1591.1639
480.0000 1961.5798
490.0000 2175.2626
500.0000 2614.4509
510.0000 2759.2564
520.0000 2800.0000
530.0000 1939.4111
540.0000 2145.4867
550.0000 2628.0323
560.0000 2578.9333
570.0000 2052.4489
580.0000 2406.5763
590.0000 1875.1284
600.0000 2642.6850
610.0000 2405.8791
620.0000 2800.0000
630.0000 2800.0000
640.0000 2727.5550
650.0000 2493.3579
660.0000 2466.3478
670.0000 1941.5860
680.0000 2800.0000
690.0000 2800.0000
700.0000 2074.0945
710.0000 2660.8058
720.0000 2095.0413
730.0000 2561.9409
740.0000 2800.0000
750.0000 2800.0000
760.0000 2384.7024
770.0000 2737.9506
780.0000 2800.0000
790.0000 2552.5887
800.0000 2800.0000
810.0000 2800.0000
820.0000 2645.7123
830.0000 2293.7447
840.0000 1897.2655
850.0000 2078.0585
860.0000 2208.6761
870.0000 2116.1217
880.0000 2097.9255
890.0000 2310.8992
900.0000 2210.0316
910.0000 2493.8462
920.0000 2452.7204
930.0000 2266.8706
940.0000 2119.7191
950.0000 1834.7279
960.0000 1787.7805
970.0000 1890.4986
980.0000 1881.0302
990.0000 1688.0279
1000.0000 1568.0232
1010.0000 1513.2758
1020.0000 1219.9784
1030.0000 1910.9496
1040.0000 1928.6322
1050.0000 1478.2115
1060.0000 1504.4464
1070.0000 1525.3964
1080.0000 2051.2943
1090.0000 2004.5307
1100.0000 1679.8309
1110.0000 1790.3092
1120.0000 1667.0846
1130.0000 1479.4998
1140.0000 1457.8762
1150.0000 1431.6219
1160.0000 1261.9625
1170.0000 1338.5469
1180.0000 1435.2469
1190.0000 1215.8356
1200.0000 1502.5793
1210.0000 1639.5834
1220.0000 1666.2695
1230.0000 1617.7529
1240.0000 1751.4929
1250.0000 2070.5049
1260.0000 2006.9601
1270.0000 1980.1533
1280.0000 1876.4682
1290.0000 1696.3824
1300.0000 1738.5458
1310.0000 1477.2768
1320.0000 1481.2179
1330.0000 1184.9737
1340.0000 1090.2908
1350.0000 1350.8748
1360.0000 1477.8113
1370.0000 1262.6289
1380.0000 1421.5240
1390.0000 1391.0328
1400.0000 1497.8959
1410.0000 1262.4744
1420.0000 1438.5155
1430.0000 1450.6768
1440.0000 1614.6409
1450.0000 1434.3403
1460.0000 634.0339
1470.0000 1283.0127
1480.0000 1381.5336
1490.0000 1637.7380
1500.0000 2248.0212
1510.0000 1835.2995
1520.0000 1764.7754
1530.0000 1799.9618
1540.0000 1441.3227
1550.0000 1982.6286
1560.0000 1533.1335
1570.0000 2191.9539
1580.0000 2503.1307
1590.0000 2125.3683
1600.0000 1759.8064
1610.0000 1958.8774
1620.0000 2185.1198
1630.0000 2179.6079
1640.0000 2264.3084
1650.0000 2074.5309
1660.0000 1855.2549
1670.0000 1288.9566
1680.0000 2192.6934
1690.0000 2329.9844
1700.0000 2442.2268
1710.0000 2684.2048
1720.0000 2680.6088
1730.0000 2466.9839
1740.0000 2800.0000
1750.0000 2655.3541
1760.0000 2224.9471
1770.0000 2409.2051
1780.0000 2642.4750
1790.0000 2109.3537
1800.0000 2800.0000
1810.0000 2672.1349
1820.0000 2549.9127
1830.0000 2190.4133
1840.0000 2171.3608
1850.0000 2009.1530
1860.0000 1566.2579
1870.0000 1738.4518
1880.0000 1864.9232
1890.0000 1995.3112
1900.0000 1974.0337
1910.0000 1894.9797
1920.0000 1860.9583
1930.0000 1887.2203
1940.0000 1978.7110
1950.0000 1728.8752
1960.0000 2015.5033
1970.0000 1744.8972
1980.0000 1530.0639
1990.0000 1767.2118
2000.0000 1610.5169
2010.0000 2065.4414
2020.0000 2271.9134
2030.0000 1855.8485
2040.0000 1903.4692
2050.0000 1621.1499
2060.0000 2134.7602
2070.0000 2800.0000
2080.0000 2532.3490
2090.0000 1540.1904
2100.0000 2056.2174
2110.0000 1821.4725
2120.0000 2159.5567
2130.0000 2066.2555
2140.0000 1725.3045
2150.0000 1532.7668
2160.0000 1536.3518
2170.0000 1963.8003
2180.0000 2180.6310
2190.0000 2790.3881
2200.0000 2445.7733
2210.0000 2343.9217
2220.0000 2634.0891
2230.0000 2233.4902
2240.0000 1175.3183
2250.0000 808.1007
2260.0000 1409.0159
2270.0000 1760.9076
2280.0000 2100.4591
2290.0000 1730.4134
2300.0000 2012.0036
2310.0000 1420.1036
2320.0000 1543.7094
2330.0000 2179.4345
2340.0000 1685.4131
2350.0000 2026.6519
2360.0000 2120.0796
2370.0000 2365.0201
2380.0000 2773.1872
2390.0000 1480.3601
2400.0000 2618.5942
2410.0000 2800.0000
2420.0000 2638.2329
2430.0000 2692.2748
2440.0000 2452.5115
2450.0000 2464.5426
2460.0000 2591.7529
2470.0000 2800.0000
2480.0000 2446.3971
2490.0000 1766.2779
2500.0000 2800.0000
2510.0000 2754.8920
2520.0000 2618.5402
2530.0000 2159.1082
2540.0000 1791.3239
2550.0000 2540.0754
2560.0000 2590.9508
2570.0000 2800.0000
2580.0000 2800.0000
2590.0000 2123.1234
2600.0000 2125.9889
2610.0000 2800.0000
2620.0000 2031.6399
2630.0000 2800.0000
2640.0000 2410.7293
2650.0000 2800.0000
2660.0000 2638.5108
2670.0000 2229.8956
2680.0000 2250.6023
2690.0000 2039.9495
2700.0000 2529.3169
2710.0000 1997.5501
2720.0000 2249.8352
2730.0000 2445.9467
2740.0000 2800.0000
2750.0000 2345.7118
2760.0000 2489.4519
2770.0000 2157.9020
2780.0000 2719.3183
2790.0000 2800.0000
2800.0000 2668.5984
2810.0000 2171.4132
2820.0000 2756.3450
2830.0000 2800.0000
2840.0000 2800.0000
2850.0000 2654.8008
2860.0000 2781.2543
2870.0000 2508.1248
2880.0000 2437.0191
2890.0000 2288.3293
2900.0000 2387.8622
2910.0000 2411.9038
2920.0000 2499.2676
2930.0000 1988.3197
2940.0000 2800.0000
2950.0000 2314.8091
2960.0000 1885.0844
2970.0000 1712.8238
2980.0000 1755.3432
2990.0000 1804.8751
3000.0000 1530.9026
3010.0000 1424.2755
3020.0000 1571.6292
3030.0000 1960.5106
3040.0000 1988.6062
3050.0000 1703.9979
3060.0000 1611.6003
3070.0000 1980.5610
3080.0000 2211.1231
3090.0000 2333.5661
3100.0000 1300.1057
3110.0000 1212.5941
3120.0000 1006.1282
3130.0000 1391.3650
3140.0000 1226.6959
