0.0000 0.0000
10.0000 2095.8648
20.0000 1893.8618
30.0000 2101.6905
40.0000 2332.9284
50.0000 2296.2113
60.0000 2320.0903
70.0000 2084.3404
80.0000 1560.6148
90.0000 1793.0532
100.0000 2343.8329
110.0000 2653.4104
120.0000 2800.0000
130.0000 2800.0000
140.0000 2288.4972
150.0000 2324.1885
160.0000 2800.0000
170.0000 2800.0000
180.0000 2683.1399
190.0000 2467.3031
200.0000 2660.4247
210.0000 2536.3082
220.0000 2184.7396
230.0000 2800.0000
240.0000 2115.3171
250.0000 2049.3701
260.0000 2800.0000
270.0000 2593.6427
280.0000 1862.5192
290.0000 1654.1538
300.0000 2047.6576
310.0000 1732.7466
320.0000 2040.1884
330.0000 1296.7496
340.0000 937.5443
350.0000 1848.2012
360.0000 2237.2279
370.0000 2230.6176
380.0000 2329.7349
390.0000 2051.0435
400.0000 2306.4147
410.0000 2194.0984
420.0000 1595.2290
430.0000 1386.0191
440.0000 1935.4205
450.0000 2139.9275
460.0000 2349.1613
470.0000 2800.0000
480.0000 2344.3447
490.0000 2800.0000
500.0000 2385.5682
510.0000 2505.1188
520.0000 2196.2876
530.0000 2731.8970
540.0000 2549.3551
550.0000 2800.0000
560.0000 2718.7361
570.0000 2800.0000
580.0000 2470.8108
590.0000 2279.9081
600.0000 2135.9207
610.0000 2800.0000
620.0000 2767.4896
630.0000 2086.7702
640.0000 2147.0705
650.0000 1774.7004
660.0000 2449.2528
670.0000 2422.5633
680.0000 2359.0169
690.0000 2148.9349
700.0000 1847.1747
710.0000 1622.1837
720.0000 1592.1835
730.0000 1379.0232
740.0000 1635.0064
750.0000 1469.0634
760.0000 1682.2042
770.0000 1213.0332
780.0000 2096.4147
790.0000 2800.0000
800.0000 2566.7349
810.0000 2721.2285
820.0000 2174.4964
830.0000 2284.4042
840.0000 1259.8993
850.0000 1584.1662
860.0000 1515.7765
870.0000 1202.9368
880.0000 730.9258
890.0000 2089.5081
900.0000 1960.7826
910.0000 1763.7303
920.0000 2115.3343
930.0000 2327.2699
940.0000 2353.5023
950.0000 1687.4573
960.0000 2429.8293
970.0000 2012.3703
980.0000 1697.2419
990.0000 2465.3833
1000.0000 2692.6284
1010.0000 2290.1232
1020.0000 2297.3161
1030.0000 2259.0654
1040.0000 1863.6912
1050.0000 2222.1902
1060.0000 1953.2493
1070.0000 1655.1813
1080.0000 2150.4357
1090.0000 2235.9154
1100.0000 1830.1974
1110.0000 1484.7764
1120.0000 712.5469
1130.0000 1335.3094
1140.0000 1356.7903
1150.0000 1439.8495
1160.0000 1952.8825
1170.0000 1556.3925
1180.0000 2205.0802
1190.0000 2185.1483
1200.0000 2141.4882
1210.0000 1591.5936
1220.0000 1605.1694
1230.0000 1815.6019
1240.0000 1589.3341
1250.0000 1933.0684
1260.0000 1913.6833
1270.0000 1687.2922
1280.0000 1078.8715
1290.0000 1253.0348
1300.0000 1263.3023
1310.0000 2066.4227
1320.0000 2800.0000
1330.0000 2408.5577
1340.0000 2126.4512
1350.0000 1675.0280
1360.0000 2218.9124
1370.0000 2523.8472
1380.0000 2348.2408
1390.0000 2263.9485
1400.0000 2110.5799
1410.0000 2212.7756
1420.0000 2800.0000
1430.0000 2600.4349
1440.0000 2398.4839
1450.0000 1929.5707
1460.0000 2088.5610
1470.0000 2692.3426
1480.0000 2150.9687
1490.0000 1538.7810
1500.0000 2271.9851
1510.0000 2430.4110
1520.0000 1571.5976
1530.0000 1903.5880
1540.0000 1776.4043
1550.0000 1757.2794
1560.0000 1546.0574
1570.0000 1773.4574
1580.0000 1711.3520
1590.0000 1438.9353
1600.0000 1736.1824
1610.0000 2434.8408
1620.0000 2082.7119
1630.0000 972.5000
1640.0000 2532.3880
1650.0000 2293.1589
1660.0000 1872.8589
1670.0000 1458.4470
1680.0000 2086.3792
1690.0000 1728.4151
1700.0000 1850.7047
1710.0000 2238.5916
1720.0000 2351.1777
1730.0000 2250.1471
1740.0000 2295.5613
1750.0000 2244.4784
1760.0000 2800.0000
1770.0000 2139.6254
1780.0000 2483.6269
1790.0000 2331.3784
1800.0000 2551.3956
1810.0000 2306.4884
1820.0000 2327.0184
1830.0000 1894.2055
1840.0000 1864.3837
1850.0000 2687.5888
1860.0000 2713.7134
1870.0000 2138.5478
1880.0000 2436.5453
1890.0000 1524.3542
1900.0000 2800.0000
1910.0000 2441.3461
1920.0000 2800.0000
1930.0000 2800.0000
1940.0000 2454.3292
1950.0000 2610.8080
1960.0000 2100.4281
1970.0000 2636.1925
1980.0000 1999.5686
1990.0000 1260.1969
2000.0000 1471.7274
2010.0000 1897.1458
2020.0000 2035.1059
2030.0000 1877.1694
2040.0000 2472.1459
2050.0000 1871.1303
2060.0000 1917.3112
2070.0000 2473.8410
2080.0000 2561.4861
2090.0000 2296.5105
2100.0000 2562.8315
2110.0000 2659.5928
2120.0000 2069.0169
2130.0000 2128.4482
2140.0000 2002.4023
2150.0000 1832.5207
2160.0000 1879.4614
2170.0000 2274.5703
2180.0000 2245.2281
2190.0000 2204.3770
2200.0000 2128.7070
2210.0000 2297.2095
2220.0000 2300.7831
2230.0000 2420.1845
2240.0000 2283.3093
2250.0000 1883.2442
2260.0000 2656.1611
2270.0000 2130.8848
2280.0000 2327.8122
2290.0000 2508.9341
2300.0000 1742.6376
2310.0000 2325.8972
2320.0000 1736.5629
2330.0000 2800.0000
2340.0000 2215.6585
2350.0000 2430.7578
2360.0000 1965.3010
2370.0000 2003.0983
2380.0000 2526.5942
2390.0000 2151.5323
2400.0000 2656.7346
2410.0000 2695.4634
2420.0000 2263.9564
2430.0000 2238.5959
2440.0000 2568.1260
2450.0000 1616.9825
2460.0000 2483.8942
2470.0000 2176.8936
2480.0000 1708.2081
2490.0000 1828.6987
2500.0000 2201.9854
2510.0000 2800.0000
2520.0000 2800.0000
2530.0000 2394.7028
2540.0000 1985.9483
2550.0000 2475.2374
2560.0000 2349.8820
2570.0000 2045.0115
2580.0000 2533.4461
2590.0000 1737.7902
2600.0000 2800.0000
2610.0000 2800.0000
2620.0000 2800.0000
2630.0000 2800.0000
2640.0000 2800.0000
2650.0000 1822.0282
2660.0000 2576.0852
2670.0000 2554.0064
2680.0000 2800.0000
2690.0000 2084.0022
2700.0000 2800.0000
2710.0000 2713.7142
2720.0000 2206.2313
2730.0000 2800.0000
2740.0000 2519.5389
2750.0000 2540.3533
2760.0000 2177.2572
2770.0000 2800.0000
2780.0000 2800.0000
2790.0000 2792.2891
2800.0000 2503.1177
2810.0000 2613.7778
2820.0000 1840.2447
2830.0000 1789.1609
2840.0000 2421.3865
2850.0000 2515.8352
2860.0000 2329.4755
2870.0000 2800.0000
2880.0000 2468.2944
2890.0000 1452.0332
2900.0000 1607.7850
2910.0000 1846.2159
2920.0000 1913.3165
2930.0000 2112.5146
2940.0000 2213.1552
2950.0000 1872.0014
2960.0000 1549.2489
2970.0000 1916.6132
2980.0000 1566.1389
2990.0000 1439.4700
3000.0000 2542.3560
3010.0000 2388.5463
3020.0000 1937.7891
3030.0000 2224.8512
3040.0000 2110.8816
3050.0000 1935.0332
3060.0000 1398.9930
3070.0000 1658.6001
3080.0000 1443.5095
3090.0000 1512.9621
3100.0000 1695.0323
3110.0000 1447.4737
3120.0000 1996.4229
3130.0000 2346.2643
3140.0000 2686.2192
