0.0000 0.0000
10.0000 2649.3036
20.0000 2488.5034
30.0000 2401.3208
40.0000 2240.2463
50.0000 2312.2515
60.0000 2005.8282
70.0000 2214.5817
80.0000 2343.1126
90.0000 2456.4887
100.0000 2413.9539
110.0000 2555.7984
120.0000 2588.4299
130.0000 2570.2561
140.0000 2000.5861
150.0000 2559.4178
160.0000 2800.0000
170.0000 2800.0000
180.0000 2800.0000
190.0000 2230.8115
200.0000 2463.6551
210.0000 2769.1111
220.0000 2495.2271
230.0000 2664.9826
240.0000 2800.0000
250.0000 2800.0000
260.0000 2800.0000
270.0000 2800.0000
280.0000 2800.0000
290.0000 2265.7809
300.0000 2117.9712
310.0000 2033.5342
320.0000 1713.7316
330.0000 1949.8414
340.0000 2297.7711
350.0000 1940.3604
360.0000 1933.0143
370.0000 2739.7728
380.0000 2344.6906
390.0000 1693.8904
400.0000 2252.8821
410.0000 2486.1767
420.0000 2783.3503
430.0000 1333.0414
440.0000 2665.4035
450.0000 2800.0000
460.0000 2013.1198
470.0000 2800.0000
480.0000 1777.6495
490.0000 2800.0000
500.0000 2703.5530
510.0000 2698.8240
520.0000 2800.0000
530.0000 2281.4745
540.0000 2340.1548
550.0000 1930.5390
560.0000 2501.2515
570.0000 2021.3540
580.0000 2800.0000
590.0000 2800.0000
600.0000 2596.4393
610.0000 2648.6140
620.0000 2439.1679
630.0000 2800.0000
640.0000 2771.3718
650.0000 2623.8499
660.0000 2642.7539
670.0000 2289.3586
680.0000 1871.9675
690.0000 1602.4643
700.0000 1820.3301
710.0000 1902.3115
720.0000 1858.5263
730.0000 2049.1256
740.0000 2293.1106
750.0000 2719.6328
760.0000 1582.8313
770.0000 2303.5113
780.0000 2800.0000
790.0000 2800.0000
800.0000 2573.5126
810.0000 2602.5636
820.0000 2444.8215
830.0000 2370.8934
840.0000 2800.0000
850.0000 2341.4648
860.0000 2117.6348
870.0000 2546.7168
880.0000 2566.7001
890.0000 2319.6318
900.0000 2571.9300
910.0000 2800.0000
920.0000 2800.0000
930.0000 2305.1967
940.0000 2800.0000
950.0000 2800.0000
960.0000 2800.0000
970.0000 2800.0000
980.0000 2384.5063
990.0000 2748.5738
1000.0000 2629.4031
1010.0000 2682.4070
1020.0000 2778.2681
1030.0000 2800.0000
1040.0000 2328.5700
1050.0000 2009.0767
1060.0000 1825.8094
1070.0000 1926.4713
1080.0000 1322.2547
1090.0000 1705.3401
1100.0000 1399.5086
1110.0000 933.9073
1120.0000 1300.0968
1130.0000 1558.2327
1140.0000 1608.8478
1150.0000 1414.7126
1160.0000 1281.1749
1170.0000 1175.0350
1180.0000 1550.8409
1190.0000 1192.8752
1200.0000 1410.6802
1210.0000 1588.1345
1220.0000 1538.0127
1230.0000 1383.5629
1240.0000 1651.1051
1250.0000 1804.3262
1260.0000 1534.7998
1270.0000 1829.1446
1280.0000 2138.6968
1290.0000 1963.4075
1300.0000 2335.5317
1310.0000 2005.8833
1320.0000 2645.7792
1330.0000 2800.0000
1340.0000 2102.9433
1350.0000 2723.6030
1360.0000 1933.6924
1370.0000 2545.8050
1380.0000 2013.9004
1390.0000 1315.0865
1400.0000 2366.9824
1410.0000 1941.1599
1420.0000 2193.2230
1430.0000 2520.1917
1440.0000 2282.4782
1450.0000 2619.5042
1460.0000 2422.3106
1470.0000 2602.4743
1480.0000 2488.6762
1490.0000 1867.7203
1500.0000 2445.9331
1510.0000 2330.2044
1520.0000 2029.4693
1530.0000 2669.5813
1540.0000 2651.2724
1550.0000 2356.6161
1560.0000 2445.9610
1570.0000 2331.2480
1580.0000 2179.9748
1590.0000 2046.1227
1600.0000 2777.7825
1610.0000 2800.0000
1620.0000 2800.0000
1630.0000 2800.0000
1640.0000 2674.0585
1650.0000 2800.0000
1660.0000 2800.0000
1670.0000 2499.6074
1680.0000 2800.0000
1690.0000 2400.2158
1700.0000 2303.8878
1710.0000 2300.1190
1720.0000 2800.0000
1730.0000 2800.0000
1740.0000 2575.0212
1750.0000 2767.4590
1760.0000 2800.0000
1770.0000 2800.0000
1780.0000 2800.0000
1790.0000 2800.0000
1800.0000 2800.0000
1810.0000 2800.0000
1820.0000 2631.3796
1830.0000 2668.6345
1840.0000 2411.4701
1850.0000 1906.3482
1860.0000 2433.4711
1870.0000 2467.8686
1880.0000 2800.0000
1890.0000 2757.0904
1900.0000 2313.0497
1910.0000 2485.3509
1920.0000 1930.6693
1930.0000 2126.0563
1940.0000 1982.5688
1950.0000 2326.8584
1960.0000 2321.9994
1970.0000 2530.9530
1980.0000 2407.2239
1990.0000 2513.0158
2000.0000 2353.1859
2010.0000 2644.0018
2020.0000 2800.0000
2030.0000 2465.4418
2040.0000 2800.0000
2050.0000 2674.0679
2060.0000 2659.8699
2070.0000 2762.6005
2080.0000 2800.0000
2090.0000 2639.7597
2100.0000 2482.4766
2110.0000 2653.1201
2120.0000 2800.0000
2130.0000 2800.0000
2140.0000 2305.6122
2150.0000 2460.8941
2160.0000 2231.5379
2170.0000 2800.0000
2180.0000 2800.0000
2190.0000 2736.7494
2200.0000 1937.6618
2210.0000 2317.7656
2220.0000 2690.8915
2230.0000 2443.3348
2240.0000 1979.0051
2250.0000 2532.5269
2260.0000 2244.0186
2270.0000 2267.5519
2280.0000 2024.4738
2290.0000 1609.7290
2300.0000 2523.6164
2310.0000 2293.2051
2320.0000 2506.8380
2330.0000 2153.0210
2340.0000 2373.3621
2350.0000 2174.9247
2360.0000 1907.9359
2370.0000 1879.4144
2380.0000 1544.5614
2390.0000 1584.0579
2400.0000 1402.8117
2410.0000 1396.7627
2420.0000 1460.4470
2430.0000 1411.5320
2440.0000 1570.1956
2450.0000 1364.0709
2460.0000 1064.1398
2470.0000 1135.4701
2480.0000 1326.2326
2490.0000 1994.3890
2500.0000 2229.3139
2510.0000 2527.3950
2520.0000 2509.6904
2530.0000 2327.0176
2540.0000 2351.1688
2550.0000 2012.3058
2560.0000 1887.4211
2570.0000 2800.0000
2580.0000 2800.0000
2590.0000 2800.0000
2600.0000 2595.3951
2610.0000 1895.0335
2620.0000 2706.3660
2630.0000 2800.0000
2640.0000 2800.0000
2650.0000 1321.0035
2660.0000 2646.9896
2670.0000 2800.0000
2680.0000 2418.1474
2690.0000 2466.3708
2700.0000 1753.7302
2710.0000 1295.2290
2720.0000 2800.0000
2730.0000 2800.0000
2740.0000 2800.0000
2750.0000 2684.9356
2760.0000 2526.7881
2770.0000 2538.2550
2780.0000 2800.0000
2790.0000 2306.3723
2800.0000 2800.0000
2810.0000 2326.4009
2820.0000 2800.0000
2830.0000 2800.0000
2840.0000 2800.0000
2850.0000 2800.0000
2860.0000 2525.6129
2870.0000 2303.6756
2880.0000 2284.0808
2890.0000 2384.6152
2900.0000 2013.7091
2910.0000 2196.4669
2920.0000 2537.0346
2930.0000 2706.7772
2940.0000 2800.0000
2950.0000 2800.0000
2960.0000 2552.2482
2970.0000 2032.6990
2980.0000 2800.0000
2990.0000 2800.0000
3000.0000 2197.0946
3010.0000 2800.0000
3020.0000 2514.1419
3030.0000 2405.7079
3040.0000 2800.0000
3050.0000 2770.3809
3060.0000 2247.3869
3070.0000 2538.8443
3080.0000 2171.7276
3090.0000 2263.2866
3100.0000 2207.8131
3110.0000 1671.2322
3120.0000 2075.2292
3130.0000 1684.1948
3140.0000 1883.8265
