0.0000 0.0000
10.0000 1227.7417
20.0000 1315.4761
30.0000 1395.5227
40.0000 1404.9875
50.0000 1647.4184
60.0000 1785.7969
70.0000 1933.1490
80.0000 1879.2847
90.0000 1891.4136
100.0000 2077.0630
110.0000 2364.6106
120.0000 2400.2856
130.0000 1971.6612
140.0000 2359.5860
150.0000 2198.9116
160.0000 2220.0492
170.0000 2082.6621
180.0000 1942.4078
190.0000 2170.8743
200.0000 2203.6825
210.0000 2108.0731
220.0000 2238.6722
230.0000 2387.0053
240.0000 2127.2821
250.0000 2105.5977
260.0000 1296.5156
270.0000 1156.4285
280.0000 1126.6350
290.0000 482.5967
300.0000 1335.2643
310.0000 1306.1262
320.0000 1152.4881
330.0000 1267.6876
340.0000 465.2046
350.0000 2033.3636
360.0000 2475.4098
370.0000 739.6545
380.0000 2658.2146
390.0000 2409.7388
400.0000 2045.0799
410.0000 1878.2408
420.0000 2248.1560
430.0000 1782.5640
440.0000 1937.4796
450.0000 2472.6767
460.0000 2800.0000
470.0000 2553.0362
480.0000 2309.1329
490.0000 2800.0000
500.0000 2551.6838
510.0000 2084.4019
520.0000 2063.2562
530.0000 1925.9075
540.0000 1511.7422
550.0000 1883.0995
560.0000 2520.3437
570.0000 2181.4376
580.0000 2242.7748
590.0000 1841.7010
600.0000 2249.4095
610.0000 2331.9549
620.0000 2800.0000
630.0000 2309.2714
640.0000 2800.0000
650.0000 2251.4138
660.0000 2504.4595
670.0000 2800.0000
680.0000 2800.0000
690.0000 2800.0000
700.0000 2800.0000
710.0000 2024.5703
720.0000 2164.8475
730.0000 2205.4194
740.0000 2800.0000
750.0000 2755.6068
760.0000 2772.5609
770.0000 2469.1268
780.0000 2800.0000
790.0000 2514.7000
800.0000 2800.0000
810.0000 2696.6462
820.0000 1689.5705
830.0000 2262.9046
840.0000 2068.9009
850.0000 2193.6913
860.0000 1466.9865
870.0000 1849.6211
880.0000 2282.9212
890.0000 2358.2795
900.0000 2349.4826
910.0000 2017.0231
920.0000 1516.5992
930.0000 2256.5274
940.0000 1920.6417
950.0000 2397.7687
960.0000 2385.3371
970.0000 1653.4283
980.0000 1165.2152
990.0000 1456.9151
1000.0000 2058.4023
1010.0000 2339.4634
1020.0000 2083.3903
1030.0000 2097.1522
1040.0000 2107.8509
1050.0000 1961.7624
1060.0000 1653.6664
1070.0000 1736.7836
1080.0000 1942.7562
1090.0000 1817.7838
1100.0000 1160.5593
1110.0000 1535.4604
1120.0000 1686.5435
1130.0000 1384.3376
1140.0000 1826.1019
1150.0000 1818.7729
1160.0000 2117.6250
1170.0000 2028.3771
1180.0000 2548.0657
1190.0000 2167.3749
1200.0000 2200.6913
1210.0000 2800.0000
1220.0000 2800.0000
1230.0000 2313.4859
1240.0000 2467.9065
1250.0000 2800.0000
1260.0000 2529.4702
1270.0000 2290.4186
1280.0000 1980.5922
1290.0000 1787.0497
1300.0000 1885.4846
1310.0000 2506.7622
1320.0000 2800.0000
1330.0000 2800.0000
1340.0000 2515.8180
1350.0000 2770.2805
1360.0000 2160.3920
1370.0000 1173.4587
1380.0000 2358.5083
1390.0000 2800.0000
1400.0000 2800.0000
1410.0000 2043.8672
1420.0000 2146.3309
1430.0000 2643.8234
1440.0000 2445.7638
1450.0000 2800.0000
1460.0000 2800.0000
1470.0000 2800.0000
1480.0000 2620.6901
1490.0000 2077.6053
1500.0000 2800.0000
1510.0000 2800.0000
1520.0000 2640.2866
1530.0000 2230.4295
1540.0000 2008.9555
1550.0000 2026.6683
1560.0000 2641.4804
1570.0000 2800.0000
1580.0000 2800.0000
1590.0000 2724.2166
1600.0000 2561.1914
1610.0000 2800.0000
1620.0000 2750.8779
1630.0000 2447.9858
1640.0000 2647.0722
1650.0000 2631.8080
1660.0000 2791.1551
1670.0000 2435.3851
1680.0000 2336.7472
1690.0000 2359.8306
1700.0000 2486.8148
1710.0000 1497.6780
1720.0000 1802.0961
1730.0000 1581.3047
1740.0000 1054.7498
1750.0000 1544.2848
1760.0000 1479.0484
1770.0000 1595.7286
1780.0000 1879.4353
1790.0000 1803.3684
1800.0000 1677.6963
1810.0000 1683.1842
1820.0000 1390.3927
1830.0000 1831.3537
1840.0000 1865.6794
1850.0000 1932.1792
1860.0000 1381.4960
1870.0000 2800.0000
1880.0000 2544.1761
1890.0000 2800.0000
1900.0000 2800.0000
1910.0000 2800.0000
1920.0000 2066.6565
1930.0000 2715.9902
1940.0000 2032.0320
1950.0000 2238.8525
1960.0000 2289.3662
1970.0000 2800.0000
1980.0000 2800.0000
1990.0000 2257.3711
2000.0000 2800.0000
2010.0000 2528.7613
2020.0000 2800.0000
2030.0000 2092.7233
2040.0000 2392.2016
2050.0000 2800.0000
2060.0000 1962.1821
2070.0000 2192.8844
2080.0000 2004.2460
2090.0000 2250.2737
2100.0000 1781.8920
2110.0000 1838.9261
2120.0000 1811.1223
2130.0000 2175.0237
2140.0000 2499.1096
2150.0000 2084.2177
2160.0000 1803.5904
2170.0000 1733.8346
2180.0000 2471.0257
2190.0000 2171.4221
2200.0000 1998.8484
2210.0000 2800.0000
2220.0000 2192.2379
2230.0000 2212.1458
2240.0000 2111.3298
2250.0000 2214.0014
2260.0000 1217.1367
2270.0000 1763.8519
2280.0000 1404.9074
2290.0000 1787.2826
2300.0000 2035.4873
2310.0000 1593.1736
2320.0000 2042.1661
2330.0000 2025.4617
2340.0000 2537.1414
2350.0000 2011.1003
2360.0000 2191.1433
2370.0000 1637.9542
2380.0000 2500.8135
2390.0000 2682.0434
2400.0000 2800.0000
2410.0000 2724.6541
2420.0000 2800.0000
2430.0000 2596.1338
2440.0000 2517.4301
2450.0000 2682.7378
2460.0000 2730.3375
2470.0000 2537.5679
2480.0000 2135.6530
2490.0000 1957.1885
2500.0000 2032.7502
2510.0000 1779.0835
2520.0000 1759.4559
2530.0000 1533.8589
2540.0000 1936.3948
2550.0000 1582.7003
2560.0000 1105.1698
2570.0000 1977.4192
2580.0000 2082.3062
2590.0000 1781.2747
2600.0000 1812.2555
2610.0000 1866.9762
2620.0000 2110.4231
2630.0000 1777.0540
2640.0000 1774.9117
2650.0000 2048.4753
2660.0000 1954.0015
2670.0000 1563.3753
2680.0000 1691.7421
2690.0000 2004.1697
2700.0000 1816.1248
2710.0000 2040.5524
2720.0000 1454.5721
2730.0000 1492.7076
2740.0000 1871.6731
2750.0000 1933.4269
2760.0000 1725.2006
2770.0000 1352.3371
2780.0000 1090.0925
2790.0000 1138.3631
2800.0000 1304.5861
2810.0000 1507.7734
2820.0000 1850.2866
2830.0000 1816.7310
2840.0000 1616.5346
2850.0000 1672.7404
2860.0000 1404.1179
2870.0000 1151.2158
2880.0000 1123.4182
2890.0000 1640.9280
2900.0000 1710.3467
2910.0000 1930.1799
2920.0000 1983.6956
2930.0000 2492.5033
2940.0000 2401.5046
2950.0000 2161.8828
2960.0000 1937.5190
2970.0000 2595.8956
2980.0000 1690.2704
2990.0000 2800.0000
3000.0000 2247.9499
3010.0000 2677.0459
3020.0000 2800.0000
3030.0000 2406.8868
3040.0000 2173.0501
3050.0000 2146.0501
3060.0000 2039.5388
3070.0000 2422.4684
3080.0000 2800.0000
3090.0000 2536.3878
3100.0000 1719.0871
3110.0000 2800.0000
3120.0000 2709.1289
3130.0000 2771.0026
3140.0000 2505.6393
