0.0000 0.0000
10.0000 2800.0000
20.0000 2800.0000
30.0000 2800.0000
40.0000 2800.0000
50.0000 2778.6504
60.0000 2551.0085
70.0000 2447.7508
80.0000 1987.8846
90.0000 1880.4063
100.0000 2041.4771
110.0000 2029.7175
120.0000 1938.9423
130.0000 1761.2875
140.0000 1843.6252
150.0000 2000.4548
160.0000 1775.1154
170.0000 1871.0271
180.0000 2128.5213
190.0000 1973.0117
200.0000 1433.1134
210.0000 1688.7339
220.0000 2118.9534
230.0000 2299.8766
240.0000 2163.5952
250.0000 2452.8175
260.0000 2274.6676
270.0000 1707.7567
280.0000 2621.4634
290.0000 2800.0000
300.0000 2507.1796
310.0000 2800.0000
320.0000 2800.0000
330.0000 2718.1693
340.0000 2628.9258
350.0000 2595.8245
360.0000 2800.0000
370.0000 2800.0000
380.0000 2800.0000
390.0000 2486.8509
400.0000 2800.0000
410.0000 2686.6820
420.0000 1758.9805
430.0000 2568.1810
440.0000 2310.7457
450.0000 2551.3250
460.0000 2579.4984
470.0000 2168.7923
480.0000 2576.1078
490.0000 2337.6654
500.0000 2416.9081
510.0000 2764.3188
520.0000 2800.0000
530.0000 2215.8831
540.0000 1974.8747
550.0000 2414.0536
560.0000 2313.7150
570.0000 2597.7139
580.0000 2154.8916
590.0000 1647.3717
600.0000 2024.5623
610.0000 2476.6371
620.0000 2027.5617
630.0000 2009.8717
640.0000 2471.2774
650.0000 2711.4134
660.0000 2247.6070
670.0000 2655.6797
680.0000 2348.1533
690.0000 1839.1148
700.0000 1675.5084
710.0000 1868.6961
720.0000 2479.5388
730.0000 2721.7708
740.0000 2163.5540
750.0000 2800.0000
760.0000 2800.0000
770.0000 2800.0000
780.0000 2383.1584
790.0000 1895.4116
800.0000 2434.5629
810.0000 2151.2622
820.0000 1834.4213
830.0000 1633.0439
840.0000 2162.6319
850.0000 2001.6787
860.0000 1647.2577
870.0000 1860.9807
880.0000 2138.2611
890.0000 1588.3941
900.0000 1629.9077
910.0000 1540.7033
920.0000 1789.3954
930.0000 1152.0805
940.0000 2800.0000
950.0000 2527.0659
960.0000 2122.8613
970.0000 2304.9592
980.0000 1641.4001
990.0000 2668.6912
1000.0000 1115.3299
1010.0000 2150.0689
1020.0000 2290.6592
1030.0000 2507.0841
1040.0000 2066.3487
1050.0000 2373.5129
1060.0000 2076.6161
1070.0000 2008.9750
1080.0000 1603.9109
1090.0000 1938.5720
1100.0000 2023.7643
1110.0000 2098.6424
1120.0000 2335.5837
1130.0000 2800.0000
1140.0000 2500.3792
1150.0000 1999.8215
1160.0000 2100.6467
1170.0000 1560.8855
1180.0000 2349.9950
1190.0000 2372.8697
1200.0000 2109.0607
1210.0000 2062.5655
1220.0000 2371.0141
1230.0000 2554.0201
1240.0000 1986.1776
1250.0000 2334.5814
1260.0000 2230.3935
1270.0000 2372.8869
1280.0000 2419.2776
1290.0000 2311.9172
1300.0000 2724.2694
1310.0000 2513.4384
1320.0000 2800.0000
1330.0000 2350.8674
1340.0000 2293.3798
1350.0000 2227.8325
1360.0000 2800.0000
1370.0000 2092.1915
1380.0000 2531.7656
1390.0000 2289.7206
1400.0000 2653.0626
1410.0000 2446.7918
1420.0000 2800.0000
1430.0000 2325.9591
1440.0000 2800.0000
1450.0000 2607.7513
1460.0000 2093.5776
1470.0000 1702.5279
1480.0000 2393.3975
1490.0000 1960.0645
1500.0000 2424.6725
1510.0000 1965.6109
1520.0000 2800.0000
1530.0000 2612.6329
1540.0000 2246.3870
1550.0000 2800.0000
1560.0000 2800.0000
1570.0000 2091.9287
1580.0000 2758.1305
1590.0000 2800.0000
1600.0000 2213.8403
1610.0000 2503.3845
1620.0000 2746.5311
1630.0000 1930.1961
1640.0000 2531.4397
1650.0000 2540.1219
1660.0000 2495.2411
1670.0000 2800.0000
1680.0000 2800.0000
1690.0000 2602.6816
1700.0000 2766.2559
1710.0000 2593.2167
1720.0000 2800.0000
1730.0000 2463.2386
1740.0000 2527.3460
1750.0000 2768.2522
1760.0000 2499.0881
1770.0000 2800.0000
1780.0000 2661.8888
1790.0000 2712.6482
1800.0000 2800.0000
1810.0000 2796.2761
1820.0000 2800.0000
1830.0000 2551.1357
1840.0000 2546.1353
1850.0000 2245.4123
1860.0000 2537.5907
1870.0000 2760.5674
1880.0000 2687.7578
1890.0000 2362.0271
1900.0000 2800.0000
1910.0000 2138.5560
1920.0000 2202.4075
1930.0000 2800.0000
1940.0000 2123.1486
1950.0000 2800.0000
1960.0000 2800.0000
1970.0000 2019.9555
1980.0000 2544.9378
1990.0000 2664.7312
2000.0000 2800.0000
2010.0000 2800.0000
2020.0000 2617.8175
2030.0000 2800.0000
2040.0000 2226.4589
2050.0000 2326.6469
2060.0000 2784.6452
2070.0000 2614.6622
2080.0000 2177.2357
2090.0000 2269.7228
2100.0000 2800.0000
2110.0000 2488.0209
2120.0000 1986.6453
2130.0000 2194.7781
2140.0000 1806.2199
2150.0000 2367.5563
2160.0000 2771.6187
2170.0000 2463.8936
2180.0000 2800.0000
2190.0000 2625.5340
2200.0000 1770.4593
2210.0000 2212.8965
2220.0000 1971.9594
2230.0000 2295.4377
2240.0000 1894.4566
2250.0000 2444.1449
2260.0000 2190.2774
2270.0000 2122.2090
2280.0000 2704.4648
2290.0000 2233.8845
2300.0000 2204.0487
2310.0000 1377.5823
2320.0000 1160.3708
2330.0000 2723.6190
2340.0000 2800.0000
2350.0000 2800.0000
2360.0000 2800.0000
2370.0000 2534.5892
2380.0000 2800.0000
2390.0000 1665.8694
2400.0000 2800.0000
2410.0000 2800.0000
2420.0000 2410.6626
2430.0000 1767.7891
2440.0000 2226.6557
2450.0000 2081.8049
2460.0000 1744.5859
2470.0000 2784.4529
2480.0000 2353.9922
2490.0000 2800.0000
2500.0000 2800.0000
2510.0000 2779.0118
2520.0000 2177.3820
2530.0000 2800.0000
2540.0000 2800.0000
2550.0000 2604.4681
2560.0000 2244.5072
2570.0000 1930.2988
2580.0000 2800.0000
2590.0000 2800.0000
2600.0000 2800.0000
2610.0000 2800.0000
2620.0000 2573.9039
2630.0000 2800.0000
2640.0000 2482.9362
2650.0000 2443.2763
2660.0000 2533.2598
2670.0000 2185.9982
2680.0000 2800.0000
2690.0000 2051.1837
2700.0000 2611.5196
2710.0000 2777.5738
2720.0000 2341.7630
2730.0000 2473.9001
2740.0000 2800.0000
2750.0000 2800.0000
2760.0000 2561.1902
2770.0000 988.7466
2780.0000 1247.8323
2790.0000 1989.8703
2800.0000 1250.0039
2810.0000 1179.4773
2820.0000 1996.5143
2830.0000 1928.6880
2840.0000 2325.8406
2850.0000 1962.2327
2860.0000 1986.8606
2870.0000 2147.9272
2880.0000 1988.4802
2890.0000 2225.3339
2900.0000 1706.6328
2910.0000 1755.9797
2920.0000 1765.0935
2930.0000 1628.7319
2940.0000 1429.0922
2950.0000 1536.3198
2960.0000 1690.4275
2970.0000 2094.5595
2980.0000 1779.4551
2990.0000 1339.5878
3000.0000 1784.4009
3010.0000 1504.1741
3020.0000 1988.8559
3030.0000 2709.9503
3040.0000 2746.0456
3050.0000 2103.0614
3060.0000 1618.0609
3070.0000 2289.9994
3080.0000 2800.0000
3090.0000 2800.0000
3100.0000 1776.7021
3110.0000 2377.1594
3120.0000 2438.0832
3130.0000 2292.0650
3140.0000 2193.9666
