0.0000 0.0000
10.0000 2526.1585
20.0000 2352.6690
30.0000 2286.6512
40.0000 2312.9874
50.0000 2240.1292
60.0000 2537.6005
70.0000 2718.6560
80.0000 2800.0000
90.0000 2560.8860
100.0000 2377.7175
110.0000 2370.7484
120.0000 2328.6657
130.0000 2236.7912
140.0000 2161.9483
150.0000 2078.9235
160.0000 1833.1074
170.0000 2028.6666
180.0000 2027.7054
190.0000 2386.1227
200.0000 2579.8326
210.0000 2618.6325
220.0000 2702.5967
230.0000 2550.1429
240.0000 2469.9659
250.0000 2474.7858
260.0000 2429.1577
270.0000 2137.8395
280.0000 2490.6691
290.0000 2129.2511
300.0000 2370.9833
310.0000 2303.3288
320.0000 2632.9511
330.0000 2099.0743
340.0000 914.9613
350.0000 2689.3779
360.0000 2423.0771
370.0000 1881.0240
380.0000 2794.1452
390.0000 2755.3461
400.0000 2336.1951
410.0000 1182.6350
420.0000 2048.8813
430.0000 2459.2007
440.0000 1698.5314
450.0000 2262.6993
460.0000 2471.2710
470.0000 2800.0000
480.0000 2800.0000
490.0000 2800.0000
500.0000 2323.5084
510.0000 1958.5727
520.0000 1895.2977
530.0000 1780.8005
540.0000 2776.6292
550.0000 2452.5251
560.0000 2245.2971
570.0000 1447.5100
580.0000 2282.1862
590.0000 2618.5006
600.0000 2581.5821
610.0000 2756.3079
620.0000 2792.2188
630.0000 1393.5338
640.0000 2800.0000
650.0000 2060.0208
660.0000 2338.8938
670.0000 2267.0591
680.0000 2363.4654
690.0000 2055.7075
700.0000 2800.0000
710.0000 2800.0000
720.0000 2800.0000
730.0000 2122.0047
740.0000 2452.7909
750.0000 2608.1546
760.0000 2450.3365
770.0000 2800.0000
780.0000 1637.0883
790.0000 2617.3732
800.0000 2267.4928
810.0000 2483.2181
820.0000 2209.9785
830.0000 2800.0000
840.0000 2800.0000
850.0000 2526.3295
860.0000 2760.4404
870.0000 2586.7475
880.0000 2247.4181
890.0000 2800.0000
900.0000 2124.7732
910.0000 2433.5892
920.0000 2539.4053
930.0000 2688.6481
940.0000 2788.0765
950.0000 2522.1492
960.0000 2349.1405
970.0000 1780.7481
980.0000 1301.4931
990.0000 1579.4380
1000.0000 1902.3932
1010.0000 1381.6977
1020.0000 1224.7789
1030.0000 1204.6749
1040.0000 1665.7312
1050.0000 1935.1172
1060.0000 1920.2680
1070.0000 1565.3766
1080.0000 1347.1194
1090.0000 1345.1362
1100.0000 1493.1911
1110.0000 1801.7221
1120.0000 1904.2340
1130.0000 1705.1213
1140.0000 1905.2664
1150.0000 1355.1213
1160.0000 2364.6102
1170.0000 2800.0000
1180.0000 2363.5185
1190.0000 2266.2947
1200.0000 2724.8735
1210.0000 2072.9094
1220.0000 2539.9075
1230.0000 2734.9436
1240.0000 2452.6579
1250.0000 2307.5929
1260.0000 1710.7054
1270.0000 1163.7015
1280.0000 1612.3077
1290.0000 2266.5236
1300.0000 2135.1568
1310.0000 1575.2390
1320.0000 1562.0825
1330.0000 2028.9605
1340.0000 1762.0571
1350.0000 1795.4154
1360.0000 1544.5080
1370.0000 1929.1655
1380.0000 1848.9599
1390.0000 1983.1480
1400.0000 1625.1770
1410.0000 1646.0497
1420.0000 2564.8146
1430.0000 2534.1607
1440.0000 1837.5211
1450.0000 2040.0734
1460.0000 1872.9629
1470.0000 1782.9872
1480.0000 1748.9745
1490.0000 1647.9759
1500.0000 1640.9423
1510.0000 1266.2392
1520.0000 1029.7618
1530.0000 2515.1172
1540.0000 1933.0557
1550.0000 2155.3006
1560.0000 2276.8626
1570.0000 1592.7201
1580.0000 1992.5193
1590.0000 2417.1722
1600.0000 2728.1361
1610.0000 1793.6223
1620.0000 1952.1064
1630.0000 2800.0000
1640.0000 2554.5918
1650.0000 2491.9497
1660.0000 2800.0000
1670.0000 2620.1000
1680.0000 2521.7160
1690.0000 2800.0000
1700.0000 2232.2465
1710.0000 2621.6093
1720.0000 2392.1384
1730.0000 2195.2028
1740.0000 2166.1768
1750.0000 2457.0769
1760.0000 1882.6681
1770.0000 1452.9259
1780.0000 1244.9947
1790.0000 2322.2512
1800.0000 1775.5732
1810.0000 2067.7561
1820.0000 1730.9201
1830.0000 1836.2444
1840.0000 2080.0998
1850.0000 2105.7045
1860.0000 1885.1342
1870.0000 1965.4846
1880.0000 1813.9189
1890.0000 1150.8844
1900.0000 2369.7879
1910.0000 2570.5089
1920.0000 2800.0000
1930.0000 2370.7302
1940.0000 2514.3901
1950.0000 2410.6858
1960.0000 1935.1678
1970.0000 1830.3232
1980.0000 1587.7650
1990.0000 1790.5697
2000.0000 1531.5925
2010.0000 1374.9893
2020.0000 1913.6107
2030.0000 1372.9136
2040.0000 2220.6243
2050.0000 2800.0000
2060.0000 2589.0948
2070.0000 2202.3957
2080.0000 2683.2408
2090.0000 2655.7537
2100.0000 2685.5016
2110.0000 2372.7786
2120.0000 2800.0000
2130.0000 1989.8631
2140.0000 2800.0000
2150.0000 2426.0713
2160.0000 1967.2366
2170.0000 2077.7901
2180.0000 2800.0000
2190.0000 1967.6642
2200.0000 2800.0000
2210.0000 2800.0000
2220.0000 2396.9588
2230.0000 2800.0000
2240.0000 2491.5037
2250.0000 2800.0000
2260.0000 2276.4204
2270.0000 2800.0000
2280.0000 2744.3649
2290.0000 2800.0000
2300.0000 2800.0000
2310.0000 2603.1764
2320.0000 2063.8788
2330.0000 2113.6764
2340.0000 2639.2996
2350.0000 2609.4257
2360.0000 2380.7138
2370.0000 2547.5912
2380.0000 2526.8461
2390.0000 2427.1598
2400.0000 2626.2384
2410.0000 2485.3588
2420.0000 1856.3231
2430.0000 1612.6113
2440.0000 1692.1459
2450.0000 1646.5361
2460.0000 1606.9374
2470.0000 1254.1025
2480.0000 1730.5403
2490.0000 1764.2928
2500.0000 1976.8948
2510.0000 1227.7047
2520.0000 1832.5100
2530.0000 1234.7383
2540.0000 2513.6152
2550.0000 2226.1383
2560.0000 1895.4224
2570.0000 1821.0697
2580.0000 1472.8331
2590.0000 2110.2450
2600.0000 1453.9809
2610.0000 1671.4054
2620.0000 1392.8232
2630.0000 1284.1975
2640.0000 915.2170
2650.0000 1094.5628
2660.0000 793.2783
2670.0000 1041.2318
2680.0000 921.3925
2690.0000 1218.4538
2700.0000 1225.8313
2710.0000 1603.9415
2720.0000 1517.0286
2730.0000 1630.0132
2740.0000 1480.1209
2750.0000 860.5675
2760.0000 1270.2798
2770.0000 802.6150
2780.0000 1141.1744
2790.0000 888.9917
2800.0000 2140.8332
2810.0000 1550.3938
2820.0000 2215.3064
2830.0000 1998.4109
2840.0000 2268.6423
2850.0000 2482.4998
2860.0000 1544.2611
2870.0000 1762.3140
2880.0000 2256.3779
2890.0000 1959.9021
2900.0000 1944.3838
2910.0000 1391.2188
2920.0000 1415.9960
2930.0000 1592.4134
2940.0000 2800.0000
2950.0000 2791.4289
2960.0000 2800.0000
2970.0000 2800.0000
2980.0000 2554.0480
2990.0000 2800.0000
3000.0000 2800.0000
3010.0000 2800.0000
3020.0000 2150.4194
3030.0000 1183.1155
3040.0000 2800.0000
3050.0000 2800.0000
3060.0000 2800.0000
3070.0000 2653.3430
3080.0000 2800.0000
3090.0000 1640.1540
3100.0000 2800.0000
3110.0000 2494.5379
3120.0000 2800.0000
3130.0000 2800.0000
3140.0000 2800.0000
