0.0000 0.0000
10.0000 2206.6519
20.0000 2133.7115
30.0000 2267.3806
40.0000 2635.8728
50.0000 2797.5655
60.0000 2572.2803
70.0000 2342.5788
80.0000 2571.9282
90.0000 2627.7923
100.0000 2458.9074
110.0000 2397.4219
120.0000 2322.5836
130.0000 2191.4727
140.0000 2266.7321
150.0000 2347.6170
160.0000 2328.5449
170.0000 2513.9911
180.0000 2663.3937
190.0000 2744.9625
200.0000 2640.2065
210.0000 2628.0172
220.0000 2629.5449
230.0000 2578.4918
240.0000 2448.8281
250.0000 2225.0311
260.0000 2591.5229
270.0000 2676.3901
280.0000 2514.5073
290.0000 2800.0000
300.0000 2800.0000
310.0000 2800.0000
320.0000 2777.7863
330.0000 2612.4050
340.0000 2351.2270
350.0000 2632.0083
360.0000 2500.9386
370.0000 1869.8698
380.0000 2800.0000
390.0000 2800.0000
400.0000 2800.0000
410.0000 2245.1399
420.0000 2083.6925
430.0000 2499.9301
440.0000 1748.8800
450.0000 2800.0000
460.0000 2800.0000
470.0000 2742.0582
480.0000 2786.5248
490.0000 2635.0429
500.0000 2686.3199
510.0000 2500.6518
520.0000 2225.9423
530.0000 2355.0435
540.0000 2065.3923
550.0000 2599.6270
560.0000 1873.4452
570.0000 2184.7513
580.0000 1873.5592
590.0000 2800.0000
600.0000 2668.6068
610.0000 2083.6589
620.0000 1860.3006
630.0000 1536.1485
640.0000 2094.5833
650.0000 2570.8509
660.0000 2360.9329
670.0000 1581.2188
680.0000 2116.7093
690.0000 1508.6067
700.0000 2800.0000
710.0000 2761.4923
720.0000 2714.6632
730.0000 2800.0000
740.0000 2739.5951
750.0000 2791.9661
760.0000 2800.0000
770.0000 2800.0000
780.0000 2537.9029
790.0000 2350.5711
800.0000 2800.0000
810.0000 2668.8857
820.0000 2800.0000
830.0000 2549.1737
840.0000 2800.0000
850.0000 2764.2849
860.0000 2800.0000
870.0000 2800.0000
880.0000 2743.7879
890.0000 2570.2992
900.0000 2605.5853
910.0000 2800.0000
920.0000 2318.2172
930.0000 1768.0963
940.0000 2260.6012
950.0000 2800.0000
960.0000 2800.0000
970.0000 2739.0657
980.0000 2111.3072
990.0000 2800.0000
1000.0000 2800.0000
1010.0000 2800.0000
1020.0000 1803.5793
1030.0000 2800.0000
1040.0000 2535.4027
1050.0000 2568.3904
1060.0000 2796.6054
1070.0000 2465.6268
1080.0000 2800.0000
1090.0000 2800.0000
1100.0000 2750.2619
1110.0000 2800.0000
1120.0000 2697.6630
1130.0000 2800.0000
1140.0000 2166.7813
1150.0000 2800.0000
1160.0000 2800.0000
1170.0000 2800.0000
1180.0000 2475.4549
1190.0000 2160.2890
1200.0000 2264.0282
1210.0000 2500.6547
1220.0000 2200.3747
1230.0000 1883.7498
1240.0000 2265.9941
1250.0000 2443.6931
1260.0000 2635.2012
1270.0000 2800.0000
1280.0000 2477.4088
1290.0000 2513.6886
1300.0000 2195.0255
1310.0000 2295.6392
1320.0000 2654.9609
1330.0000 2226.6478
1340.0000 2344.5125
1350.0000 2602.4706
1360.0000 2800.0000
1370.0000 2055.3729
1380.0000 2469.6517
1390.0000 2332.3187
1400.0000 1724.1134
1410.0000 1827.1390
1420.0000 2673.7279
1430.0000 2404.7618
1440.0000 1999.2204
1450.0000 1579.1661
1460.0000 2147.7591
1470.0000 2064.9289
1480.0000 2029.4960
1490.0000 1824.4480
1500.0000 2233.2120
1510.0000 1727.4383
1520.0000 1834.3651
1530.0000 1751.2144
1540.0000 1899.3699
1550.0000 1814.6336
1560.0000 1473.8565
1570.0000 2522.3033
1580.0000 2447.9446
1590.0000 2170.8959
1600.0000 1705.9313
1610.0000 2800.0000
1620.0000 2571.0920
1630.0000 1951.2386
1640.0000 2497.5000
1650.0000 2726.8528
1660.0000 2800.0000
1670.0000 2800.0000
1680.0000 2800.0000
1690.0000 1848.3809
1700.0000 2800.0000
1710.0000 2686.4880
1720.0000 2352.9636
1730.0000 2445.6849
1740.0000 2058.0214
1750.0000 2148.4922
1760.0000 1704.4436
1770.0000 2682.0707
1780.0000 2403.3380
1790.0000 1904.3811
1800.0000 2800.0000
1810.0000 2539.9153
1820.0000 1987.6903
1830.0000 2631.2055
1840.0000 2483.6041
1850.0000 2379.4304
1860.0000 1947.8044
1870.0000 2424.4398
1880.0000 2800.0000
1890.0000 2279.2731
1900.0000 2553.8259
1910.0000 2679.5919
1920.0000 2559.9284
1930.0000 1806.0129
1940.0000 2101.1085
1950.0000 2610.0211
1960.0000 2280.7415
1970.0000 2243.4266
1980.0000 2727.0034
1990.0000 2264.0389
2000.0000 2514.0161
2010.0000 2060.1382
2020.0000 2661.9599
2030.0000 2800.0000
2040.0000 2765.2628
2050.0000 2321.0222
2060.0000 2545.0455
2070.0000 2468.5690
2080.0000 2506.1323
2090.0000 2238.7517
2100.0000 2281.1744
2110.0000 2299.6690
2120.0000 1829.4272
2130.0000 1920.9747
2140.0000 2117.5888
2150.0000 1697.8208
2160.0000 2277.0194
2170.0000 2800.0000
2180.0000 2703.6131
2190.0000 2507.3292
2200.0000 2252.2334
2210.0000 2595.8932
2220.0000 2207.2483
2230.0000 1979.1184
2240.0000 2062.5069
2250.0000 2258.8635
2260.0000 2416.0086
2270.0000 2437.3194
2280.0000 2014.5302
2290.0000 1969.3464
2300.0000 2287.2664
2310.0000 2381.0808
2320.0000 2126.0424
2330.0000 1835.4314
2340.0000 2098.6783
2350.0000 2278.0765
2360.0000 2330.3926
2370.0000 2285.7083
2380.0000 1850.9508
2390.0000 2666.7818
2400.0000 2800.0000
2410.0000 2792.5434
2420.0000 2594.0468
2430.0000 1772.4034
2440.0000 2048.5718
2450.0000 2666.2581
2460.0000 2481.8210
2470.0000 2514.4911
2480.0000 2194.5777
2490.0000 2010.4578
2500.0000 1906.0950
2510.0000 1567.1424
2520.0000 1667.1137
2530.0000 1776.3770
2540.0000 2080.2819
2550.0000 1891.1367
2560.0000 1858.0932
2570.0000 2011.8305
2580.0000 1794.8696
2590.0000 1160.0654
2600.0000 2197.7219
2610.0000 2165.5792
2620.0000 2240.8624
2630.0000 2510.7147
2640.0000 2531.8200
2650.0000 2421.3062
2660.0000 1976.6988
2670.0000 2318.5513
2680.0000 2641.9480
2690.0000 2800.0000
2700.0000 2510.8534
2710.0000 1784.5395
2720.0000 2800.0000
2730.0000 2800.0000
2740.0000 2560.1843
2750.0000 1922.3430
2760.0000 1207.8698
2770.0000 2367.0976
2780.0000 2332.9380
2790.0000 1406.1918
2800.0000 2393.0614
2810.0000 2445.0635
2820.0000 1822.1372
2830.0000 2177.1037
2840.0000 1635.1190
2850.0000 1762.5481
2860.0000 1271.7125
2870.0000 2196.0242
2880.0000 1855.7103
2890.0000 1541.9471
2900.0000 1797.7787
2910.0000 1897.4572
2920.0000 1252.3816
2930.0000 688.3733
2940.0000 2280.2294
2950.0000 2438.9736
2960.0000 2779.8332
2970.0000 2800.0000
2980.0000 1909.8019
2990.0000 1501.2551
3000.0000 2800.0000
3010.0000 2800.0000
3020.0000 1909.4859
3030.0000 2800.0000
3040.0000 2800.0000
3050.0000 2618.5899
3060.0000 2300.5207
3070.0000 2148.3309
3080.0000 2800.0000
3090.0000 2594.0034
3100.0000 2647.8424
3110.0000 2507.8155
3120.0000 2131.3717
3130.0000 2800.0000
3140.0000 2567.9008
