0.0000 0.0000
10.0000 1947.7578
20.0000 1698.2946
30.0000 1422.2983
40.0000 1468.6301
50.0000 1693.8338
60.0000 1797.2992
70.0000 1855.5069
80.0000 1920.4429
90.0000 2027.7382
100.0000 2260.7537
110.0000 2232.1636
120.0000 2273.3428
130.0000 2077.1160
140.0000 2448.6330
150.0000 2580.4923
160.0000 1734.1910
170.0000 2326.1649
180.0000 2380.4293
190.0000 2559.2720
200.0000 2644.5297
210.0000 2624.0320
220.0000 2800.0000
230.0000 2527.0412
240.0000 2768.1809
250.0000 2800.0000
260.0000 2800.0000
270.0000 1918.8612
280.0000 2061.9653
290.0000 2594.3979
300.0000 2003.2483
310.0000 2800.0000
320.0000 2047.6949
330.0000 2800.0000
340.0000 2757.0113
350.0000 1847.9445
360.0000 1928.0754
370.0000 2536.6118
380.0000 2800.0000
390.0000 2800.0000
400.0000 2800.0000
410.0000 2450.5179
420.0000 2423.3290
430.0000 2281.3295
440.0000 2286.5277
450.0000 1620.9890
460.0000 1517.4406
470.0000 2646.9901
480.0000 2597.2309
490.0000 2696.2826
500.0000 1838.4171
510.0000 2144.7871
520.0000 2472.8117
530.0000 2800.0000
540.0000 2769.6245
550.0000 2723.5722
560.0000 2800.0000
570.0000 2544.6108
580.0000 2646.9221
590.0000 2581.3488
600.0000 2788.5266
610.0000 2740.3523
620.0000 2386.2962
630.0000 2699.0730
640.0000 2645.9659
650.0000 2602.6040
660.0000 2084.9623
670.0000 1732.4293
680.0000 1994.7541
690.0000 2244.9424
700.0000 2457.7991
710.0000 2587.0267
720.0000 2759.1509
730.0000 2800.0000
740.0000 2778.8442
750.0000 2227.8225
760.0000 1881.0809
770.0000 2168.3746
780.0000 2800.0000
790.0000 2800.0000
800.0000 2733.6459
810.0000 2800.0000
820.0000 2688.1182
830.0000 2415.3619
840.0000 2431.5650
850.0000 2800.0000
860.0000 2338.0226
870.0000 2633.0740
880.0000 2112.3637
890.0000 2162.9903
900.0000 2356.9667
910.0000 2800.0000
920.0000 2030.1469
930.0000 2800.0000
940.0000 2800.0000
950.0000 2573.8155
960.0000 2680.5338
970.0000 2164.3587
980.0000 2389.6559
990.0000 2067.6381
1000.0000 1717.4066
1010.0000 2586.3928
1020.0000 2230.3915
1030.0000 2317.4499
1040.0000 2295.3741
1050.0000 2143.7861
1060.0000 2240.9052
1070.0000 2169.5960
1080.0000 2505.8666
1090.0000 1925.8282
1100.0000 1641.9812
1110.0000 1628.3306
1120.0000 1560.8664
1130.0000 1456.3361
1140.0000 1497.8354
1150.0000 1280.8586
1160.0000 1585.7295
1170.0000 1869.3312
1180.0000 1869.8012
1190.0000 1575.5541
1200.0000 1619.1420
1210.0000 2800.0000
1220.0000 2252.4043
1230.0000 1460.3873
1240.0000 1974.4869
1250.0000 1491.3460
1260.0000 1528.4419
1270.0000 1831.5898
1280.0000 2145.2043
1290.0000 1812.0572
1300.0000 1255.7130
1310.0000 1267.4441
1320.0000 908.9254
1330.0000 2321.7141
1340.0000 2142.0148
1350.0000 2415.9429
1360.0000 2254.7283
1370.0000 1781.3899
1380.0000 1751.2026
1390.0000 1645.0875
1400.0000 1780.4144
1410.0000 1554.8145
1420.0000 1650.9843
1430.0000 1897.2688
1440.0000 2622.1081
1450.0000 2583.6988
1460.0000 2519.9520
1470.0000 2738.1440
1480.0000 2800.0000
1490.0000 1348.8981
1500.0000 2450.6175
1510.0000 2800.0000
1520.0000 2800.0000
1530.0000 2759.3605
1540.0000 2155.6361
1550.0000 2800.0000
1560.0000 2702.3491
1570.0000 2330.7128
1580.0000 2800.0000
1590.0000 2800.0000
1600.0000 2203.8883
1610.0000 2800.0000
1620.0000 2800.0000
1630.0000 2438.0059
1640.0000 2800.0000
1650.0000 2625.8150
1660.0000 2711.4673
1670.0000 2632.4066
1680.0000 2076.5569
1690.0000 2800.0000
1700.0000 1682.9390
1710.0000 2800.0000
1720.0000 2535.4811
1730.0000 2800.0000
1740.0000 2676.1759
1750.0000 2457.0143
1760.0000 1941.7426
1770.0000 2375.0338
1780.0000 2800.0000
1790.0000 2548.7895
1800.0000 1711.6223
1810.0000 2677.1549
1820.0000 2453.5429
1830.0000 2800.0000
1840.0000 2764.8178
1850.0000 2729.7069
1860.0000 2800.0000
1870.0000 2800.0000
1880.0000 2630.3280
1890.0000 2800.0000
1900.0000 2769.6238
1910.0000 2671.0175
1920.0000 2800.0000
1930.0000 2800.0000
1940.0000 2623.6262
1950.0000 2800.0000
1960.0000 2800.0000
1970.0000 2800.0000
1980.0000 2522.5128
1990.0000 2436.1933
2000.0000 2457.4144
2010.0000 1696.8061
2020.0000 1936.1647
2030.0000 2096.0571
2040.0000 2052.7565
2050.0000 1946.3651
2060.0000 1731.2072
2070.0000 1669.2444
2080.0000 1487.4912
2090.0000 898.0740
2100.0000 1457.9970
2110.0000 1279.5148
2120.0000 1683.1372
2130.0000 1858.4072
2140.0000 1682.4982
2150.0000 1497.3478
2160.0000 1317.4362
2170.0000 1209.5015
2180.0000 909.5768
2190.0000 788.5573
2200.0000 669.6916
2210.0000 998.8417
2220.0000 1445.5570
2230.0000 1644.0388
2240.0000 1760.1322
2250.0000 1970.7883
2260.0000 1758.2927
2270.0000 1955.6121
2280.0000 1541.0008
2290.0000 2362.9697
2300.0000 2567.1774
2310.0000 2178.1493
2320.0000 2022.6347
2330.0000 2063.7349
2340.0000 2800.0000
2350.0000 2800.0000
2360.0000 2800.0000
2370.0000 2800.0000
2380.0000 2399.1295
2390.0000 2737.3843
2400.0000 2519.5096
2410.0000 2467.5512
2420.0000 2285.4577
2430.0000 2669.0872
2440.0000 2240.7666
2450.0000 2338.4689
2460.0000 2463.4097
2470.0000 2068.4470
2480.0000 2192.1027
2490.0000 2597.0423
2500.0000 2800.0000
2510.0000 2413.4239
2520.0000 2457.9888
2530.0000 2800.0000
2540.0000 2498.3114
2550.0000 2173.0284
2560.0000 2145.1041
2570.0000 1559.8501
2580.0000 2163.0858
2590.0000 2227.1964
2600.0000 2078.6432
2610.0000 1047.7116
2620.0000 2069.2000
2630.0000 2220.7046
2640.0000 2800.0000
2650.0000 2039.2802
2660.0000 2688.9285
2670.0000 2661.0966
2680.0000 2422.4109
2690.0000 2529.6381
2700.0000 1789.6556
2710.0000 2781.6779
2720.0000 2278.7030
2730.0000 2366.1555
2740.0000 2101.6359
2750.0000 2194.1543
2760.0000 2340.5553
2770.0000 2284.5928
2780.0000 1775.9444
2790.0000 2549.1847
2800.0000 2757.7329
2810.0000 2135.8751
2820.0000 2236.7090
2830.0000 2443.5980
2840.0000 2455.9661
2850.0000 2740.3458
2860.0000 2776.2143
2870.0000 2800.0000
2880.0000 2800.0000
2890.0000 2800.0000
2900.0000 2800.0000
2910.0000 2733.7431
2920.0000 1547.4958
2930.0000 2800.0000
2940.0000 2262.5042
2950.0000 2800.0000
2960.0000 2800.0000
2970.0000 2800.0000
2980.0000 2636.2804
2990.0000 2294.6358
3000.0000 2800.0000
3010.0000 2651.5125
3020.0000 2016.2290
3030.0000 2250.8861
3040.0000 1604.1472
3050.0000 2237.5737
3060.0000 2800.0000
3070.0000 1887.6671
3080.0000 2800.0000
3090.0000 2021.3642
3100.0000 2800.0000
3110.0000 2800.0000
3120.0000 2110.8133
3130.0000 2470.1186
3140.0000 2800.0000
