0.0000 0.0000
10.0000 2414.1518
20.0000 2421.5222
30.0000 2339.0151
40.0000 2287.7855
50.0000 2307.2096
60.0000 2420.1048
70.0000 2421.6943
80.0000 2673.3027
90.0000 2800.0000
100.0000 2590.7105
110.0000 2534.6138
120.0000 2401.3119
130.0000 2293.3035
140.0000 2673.8135
150.0000 2800.0000
160.0000 2764.9507
170.0000 2457.6378
180.0000 2274.2701
190.0000 2409.5580
200.0000 2609.3661
210.0000 2572.0647
220.0000 2499.3352
230.0000 2516.5643
240.0000 2465.3625
250.0000 2644.5039
260.0000 2565.4168
270.0000 2363.9722
280.0000 1855.0073
290.0000 2297.4858
300.0000 2453.8667
310.0000 2564.3211
320.0000 2477.0372
330.0000 2447.0654
340.0000 2462.7425
350.0000 2297.4131
360.0000 2430.8950
370.0000 2635.2130
380.0000 1932.1755
390.0000 2008.4595
400.0000 1984.4690
410.0000 2209.5378
420.0000 1607.5221
430.0000 1721.5204
440.0000 1438.8696
450.0000 1915.8100
460.0000 1435.1690
470.0000 1962.4103
480.0000 1975.2777
490.0000 2513.7197
500.0000 2181.5429
510.0000 2188.8677
520.0000 1891.4013
530.0000 2033.7883
540.0000 1854.6923
550.0000 1223.9728
560.0000 927.2563
570.0000 1767.8330
580.0000 2243.1950
590.0000 1781.1264
600.0000 1890.8916
610.0000 1550.5919
620.0000 1648.8870
630.0000 2056.4404
640.0000 2308.0682
650.0000 2278.8648
660.0000 2718.9835
670.0000 2271.2161
680.0000 2487.9968
690.0000 2139.0327
700.0000 2476.1853
710.0000 2394.7922
720.0000 2800.0000
730.0000 2800.0000
740.0000 1880.5853
750.0000 1830.9047
760.0000 1907.9187
770.0000 1262.7411
780.0000 2338.1782
790.0000 2272.7338
800.0000 1790.9876
810.0000 1781.0969
820.0000 2197.3098
830.0000 2800.0000
840.0000 2800.0000
850.0000 2629.0977
860.0000 1901.8203
870.0000 2023.4694
880.0000 1994.9377
890.0000 2004.0087
900.0000 2286.2160
910.0000 1517.9329
920.0000 2800.0000
930.0000 1924.8316
940.0000 2400.4069
950.0000 2617.0619
960.0000 2242.7894
970.0000 2236.2483
980.0000 2450.2786
990.0000 2251.0488
1000.0000 2800.0000
1010.0000 2671.5494
1020.0000 2144.0485
1030.0000 2048.2483
1040.0000 1952.7490
1050.0000 2167.1054
1060.0000 2566.8366
1070.0000 2275.4582
1080.0000 2416.5642
1090.0000 2379.7760
1100.0000 2461.4672
1110.0000 2636.2560
1120.0000 2490.0441
1130.0000 2037.6679
1140.0000 2391.1464
1150.0000 2329.6388
1160.0000 2439.9594
1170.0000 2211.1564
1180.0000 2461.4258
1190.0000 2140.8093
1200.0000 2351.6605
1210.0000 2442.6440
1220.0000 2800.0000
1230.0000 2413.0991
1240.0000 1947.6517
1250.0000 1576.5002
1260.0000 1798.8699
1270.0000 1477.0725
1280.0000 2024.8243
1290.0000 1551.1138
1300.0000 1937.2960
1310.0000 1878.9373
1320.0000 1859.6066
1330.0000 1770.7552
1340.0000 1734.6355
1350.0000 1800.0996
1360.0000 1274.9604
1370.0000 1683.0806
1380.0000 1723.1255
1390.0000 1753.7792
1400.0000 1539.9508
1410.0000 1575.4091
1420.0000 2332.6331
1430.0000 2484.4521
1440.0000 2498.3431
1450.0000 2680.2586
1460.0000 2563.6010
1470.0000 2181.5469
1480.0000 1900.4331
1490.0000 1780.2003
1500.0000 1773.0895
1510.0000 1703.8609
1520.0000 1033.1856
1530.0000 1934.4081
1540.0000 2800.0000
1550.0000 2267.9368
1560.0000 2154.9172
1570.0000 1732.3724
1580.0000 2167.5921
1590.0000 2263.6161
1600.0000 2800.0000
1610.0000 2791.2099
1620.0000 1636.5986
1630.0000 1676.8575
1640.0000 2800.0000
1650.0000 2225.5151
1660.0000 2800.0000
1670.0000 2529.8622
1680.0000 2338.7383
1690.0000 2644.0527
1700.0000 1996.3948
1710.0000 2479.4945
1720.0000 2378.5984
1730.0000 2679.9747
1740.0000 2467.7861
1750.0000 2800.0000
1760.0000 2354.7126
1770.0000 2140.3972
1780.0000 2648.7214
1790.0000 2707.3319
1800.0000 2593.2172
1810.0000 2726.9413
1820.0000 2584.9615
1830.0000 2252.4468
1840.0000 2480.1219
1850.0000 2594.7450
1860.0000 2104.3339
1870.0000 2125.7704
1880.0000 2064.3299
1890.0000 1776.2898
1900.0000 1943.7680
1910.0000 1783.1779
1920.0000 1794.1323
1930.0000 1255.7677
1940.0000 1221.0930
1950.0000 1080.0974
1960.0000 1267.5848
1970.0000 1521.1720
1980.0000 1553.6173
1990.0000 1460.9769
2000.0000 1783.6651
2010.0000 1842.0984
2020.0000 2306.6328
2030.0000 1847.0939
2040.0000 2021.1910
2050.0000 1688.1187
2060.0000 2309.1675
2070.0000 2250.3551
2080.0000 1884.7987
2090.0000 1869.4811
2100.0000 1739.8031
2110.0000 1805.7018
2120.0000 1363.2931
2130.0000 1655.5868
2140.0000 1741.5729
2150.0000 1768.6355
2160.0000 2603.1352
2170.0000 2273.5551
2180.0000 2341.2368
2190.0000 2460.3332
2200.0000 2339.4170
2210.0000 1803.7815
2220.0000 2088.4711
2230.0000 1864.4845
2240.0000 2151.1194
2250.0000 1920.7270
2260.0000 2141.8129
2270.0000 2587.5365
2280.0000 2374.8184
2290.0000 2180.2765
2300.0000 2243.8100
2310.0000 1434.3460
2320.0000 2175.3541
2330.0000 2040.1411
2340.0000 2486.7499
2350.0000 2467.7670
2360.0000 2131.2123
2370.0000 1584.8533
2380.0000 1435.4969
2390.0000 1530.3717
2400.0000 1359.0641
2410.0000 1426.0856
2420.0000 1275.1101
2430.0000 1470.8342
2440.0000 1169.2049
2450.0000 2800.0000
2460.0000 2297.5071
2470.0000 2800.0000
2480.0000 2348.5979
2490.0000 2800.0000
2500.0000 2569.0993
2510.0000 2706.0607
2520.0000 2606.7205
2530.0000 2581.0610
2540.0000 2165.8154
2550.0000 2576.7136
2560.0000 1946.9826
2570.0000 2137.3394
2580.0000 1809.3373
2590.0000 1835.0037
2600.0000 2755.8556
2610.0000 2800.0000
2620.0000 2442.4752
2630.0000 2800.0000
2640.0000 2800.0000
2650.0000 2453.8094
2660.0000 2354.4514
2670.0000 2638.7284
2680.0000 2482.0848
2690.0000 2388.3029
2700.0000 1520.7711
2710.0000 2544.8960
2720.0000 2733.1261
2730.0000 2571.8816
2740.0000 2326.0677
2750.0000 2185.6085
2760.0000 2333.6457
2770.0000 1623.8313
2780.0000 2505.8612
2790.0000 2468.0864
2800.0000 2800.0000
2810.0000 2292.7895
2820.0000 2698.9715
2830.0000 2065.2572
2840.0000 2229.0866
2850.0000 2457.7919
2860.0000 2320.9845
2870.0000 1962.3123
2880.0000 1098.5334
2890.0000 1803.8184
2900.0000 1786.3030
2910.0000 1830.9223
2920.0000 1629.9561
2930.0000 1637.5460
2940.0000 1757.8752
2950.0000 1590.0239
2960.0000 1927.8807
2970.0000 1777.8985
2980.0000 2071.0807
2990.0000 2078.1442
3000.0000 1512.5157
3010.0000 1672.5265
3020.0000 1521.3876
3030.0000 1453.3245
3040.0000 1382.7507
3050.0000 1508.6371
3060.0000 1577.3088
3070.0000 1395.5054
3080.0000 1586.3741
3090.0000 1611.3468
3100.0000 1457.1409
3110.0000 1373.8574
3120.0000 1462.8113
3130.0000 1693.3302
3140.0000 1699.7566
