0.0000 0.0000
10.0000 2441.5795
20.0000 2297.4182
30.0000 2354.9740
40.0000 2308.2699
50.0000 2122.4961
60.0000 2003.6338
70.0000 2144.0452
80.0000 2239.4185
90.0000 2701.7324
100.0000 2800.0000
110.0000 2520.0848
120.0000 2352.3282
130.0000 2604.2162
140.0000 2767.5226
150.0000 2665.1645
160.0000 2552.8493
170.0000 2454.8341
180.0000 2270.7307
190.0000 2024.0650
200.0000 2382.3833
210.0000 2588.2718
220.0000 2660.2968
230.0000 2510.4878
240.0000 2512.9420
250.0000 2511.4002
260.0000 2347.4195
270.0000 2533.2120
280.0000 2266.5888
290.0000 2646.3057
300.0000 2344.0729
310.0000 2734.8782
320.0000 2428.1223
330.0000 2066.1413
340.0000 2085.0703
350.0000 2256.4558
360.0000 1227.9497
370.0000 2640.2784
380.0000 2127.0864
390.0000 1353.4759
400.0000 1668.1692
410.0000 1892.8576
420.0000 1677.8132
430.0000 2029.8419
440.0000 2158.2494
450.0000 1617.8742
460.0000 1244.7197
470.0000 1106.6871
480.0000 1510.8194
490.0000 1573.4994
500.0000 1410.5734
510.0000 1152.2505
520.0000 773.4471
530.0000 1439.1063
540.0000 2413.0277
550.0000 2800.0000
560.0000 2432.6917
570.0000 2392.7052
580.0000 2052.6640
590.0000 2653.7955
600.0000 2242.0261
610.0000 2469.0942
620.0000 1769.5155
630.0000 1329.4078
640.0000 2166.9779
650.0000 1955.6007
660.0000 1864.4593
670.0000 1997.3548
680.0000 2130.2958
690.0000 1443.0764
700.0000 1984.4021
710.0000 2298.4587
720.0000 2478.6260
730.0000 2002.2877
740.0000 2641.2266
750.0000 2652.2104
760.0000 2597.4919
770.0000 2258.4043
780.0000 2740.3754
790.0000 2682.2798
800.0000 2661.8748
810.0000 2800.0000
820.0000 2506.4629
830.0000 2176.4442
840.0000 1859.1974
850.0000 2582.4804
860.0000 2464.4997
870.0000 1950.7259
880.0000 2412.9657
890.0000 2117.7774
900.0000 2544.5019
910.0000 2290.3085
920.0000 2800.0000
930.0000 2705.6384
940.0000 2274.0175
950.0000 1705.9114
960.0000 2096.1944
970.0000 1988.8449
980.0000 2800.0000
990.0000 2297.0976
1000.0000 1816.8993
1010.0000 2297.0658
1020.0000 2781.5085
1030.0000 2610.6271
1040.0000 2635.1263
1050.0000 2800.0000
1060.0000 2532.5790
1070.0000 1766.7341
1080.0000 2536.3641
1090.0000 2745.7353
1100.0000 2800.0000
1110.0000 1993.3354
1120.0000 1521.0212
1130.0000 2800.0000
1140.0000 2800.0000
1150.0000 2427.9759
1160.0000 2800.0000
1170.0000 2583.2791
1180.0000 2607.5822
1190.0000 2184.6644
1200.0000 2753.3057
1210.0000 2800.0000
1220.0000 2642.9458
1230.0000 2797.6525
1240.0000 2347.0167
1250.0000 2530.0156
1260.0000 2488.9910
1270.0000 2800.0000
1280.0000 2653.0492
1290.0000 2221.4106
1300.0000 2142.0848
1310.0000 2193.1470
1320.0000 2212.8034
1330.0000 2083.8463
1340.0000 2043.4542
1350.0000 1151.9771
1360.0000 2303.9822
1370.0000 2800.0000
1380.0000 2763.9367
1390.0000 2762.9872
1400.0000 2800.0000
1410.0000 2464.4191
1420.0000 1989.4967
1430.0000 2476.9213
1440.0000 2302.6553
1450.0000 2711.0617
1460.0000 1896.9864
1470.0000 2407.5723
1480.0000 1894.3186
1490.0000 1314.7841
1500.0000 1847.8147
1510.0000 1842.3163
1520.0000 2580.3790
1530.0000 2683.8195
1540.0000 2466.6766
1550.0000 2467.5294
1560.0000 2664.4961
1570.0000 2055.2784
1580.0000 1762.0764
1590.0000 2414.7433
1600.0000 2410.0694
1610.0000 2713.1698
1620.0000 2772.3262
1630.0000 1624.9062
1640.0000 1775.5514
1650.0000 2418.1290
1660.0000 2383.5654
1670.0000 2281.4685
1680.0000 2678.3268
1690.0000 1965.7866
1700.0000 1695.3443
1710.0000 2173.9378
1720.0000 1930.9299
1730.0000 2489.8847
1740.0000 1814.1155
1750.0000 2031.8385
1760.0000 2546.9256
1770.0000 1669.4198
1780.0000 1467.7202
1790.0000 2233.1826
1800.0000 2324.4792
1810.0000 1845.4357
1820.0000 2333.0470
1830.0000 2039.3980
1840.0000 2048.2499
1850.0000 2800.0000
1860.0000 2441.0450
1870.0000 1813.2763
1880.0000 2348.1839
1890.0000 2327.2662
1900.0000 2236.8080
1910.0000 2800.0000
1920.0000 2405.7354
1930.0000 2800.0000
1940.0000 2193.1656
1950.0000 2548.7506
1960.0000 2744.0142
1970.0000 2239.0287
1980.0000 2464.8450
1990.0000 2479.1691
2000.0000 1941.7372
2010.0000 1371.7304
2020.0000 2800.0000
2030.0000 2342.0439
2040.0000 2162.5938
2050.0000 2156.7252
2060.0000 2296.6056
2070.0000 2308.7994
2080.0000 2800.0000
2090.0000 2246.6901
2100.0000 2302.8729
2110.0000 2530.2369
2120.0000 2461.6033
2130.0000 2520.9745
2140.0000 2383.7762
2150.0000 2371.9422
2160.0000 1788.1986
2170.0000 1566.4392
2180.0000 1767.4348
2190.0000 2241.6075
2200.0000 1863.6027
2210.0000 2084.2319
2220.0000 1858.7633
2230.0000 2534.6784
2240.0000 1932.8440
2250.0000 1731.5628
2260.0000 1695.4950
2270.0000 1604.2191
2280.0000 1818.4076
2290.0000 2359.7029
2300.0000 1415.9153
2310.0000 2123.9698
2320.0000 1728.2182
2330.0000 2104.6032
2340.0000 2283.4304
2350.0000 2153.4073
2360.0000 1948.0366
2370.0000 1714.9987
2380.0000 1783.9759
2390.0000 1524.3544
2400.0000 1892.2449
2410.0000 1765.6864
2420.0000 2192.6529
2430.0000 2144.9565
2440.0000 2141.2746
2450.0000 2049.5777
2460.0000 1886.1061
2470.0000 2062.6539
2480.0000 1632.7371
2490.0000 1284.7139
2500.0000 1859.5469
2510.0000 1883.1878
2520.0000 1781.7090
2530.0000 2529.7198
2540.0000 2606.3338
2550.0000 1340.2275
2560.0000 1467.4191
2570.0000 2772.4189
2580.0000 2551.2462
2590.0000 2780.0691
2600.0000 2475.5647
2610.0000 2506.2683
2620.0000 2800.0000
2630.0000 2674.6219
2640.0000 1935.7858
2650.0000 2642.7847
2660.0000 1886.9616
2670.0000 2289.0879
2680.0000 2539.3751
2690.0000 2459.7300
2700.0000 2204.4703
2710.0000 2752.9213
2720.0000 2264.3285
2730.0000 2326.3057
2740.0000 1766.8590
2750.0000 2034.9649
2760.0000 2195.2212
2770.0000 2331.2445
2780.0000 1584.7749
2790.0000 2536.9048
2800.0000 1256.4389
2810.0000 1353.4773
2820.0000 2021.5522
2830.0000 1659.1961
2840.0000 2003.7322
2850.0000 2353.8160
2860.0000 2389.3587
2870.0000 2549.7526
2880.0000 2100.1880
2890.0000 1854.3768
2900.0000 1852.8713
2910.0000 2516.2975
2920.0000 2183.8274
2930.0000 1993.9565
2940.0000 1970.8074
2950.0000 2006.4833
2960.0000 1659.0219
2970.0000 2183.7411
2980.0000 1819.1886
2990.0000 2172.9150
3000.0000 2085.1377
3010.0000 1543.1546
3020.0000 1726.8542
3030.0000 1724.9237
3040.0000 1083.9842
3050.0000 1560.9412
3060.0000 1607.4754
3070.0000 1466.0014
3080.0000 1998.1678
3090.0000 1616.5841
3100.0000 1752.6147
3110.0000 1688.9602
3120.0000 2254.9595
3130.0000 2171.8875
3140.0000 2462.0719
