0.0000 0.0000
10.0000 2758.5526
20.0000 2790.0118
30.0000 2745.8154
40.0000 2709.4238
50.0000 2800.0000
60.0000 2682.3692
70.0000 2666.3141
80.0000 2513.7089
90.0000 2256.5713
100.0000 2063.7106
110.0000 2005.5191
120.0000 2174.1890
130.0000 2311.3979
140.0000 2314.1986
150.0000 2483.2216
160.0000 2404.9272
170.0000 2302.4662
180.0000 2376.9433
190.0000 2283.4473
200.0000 2282.3477
210.0000 2386.8758
220.0000 2445.3765
230.0000 2286.8117
240.0000 2334.0260
250.0000 2392.1177
260.0000 2188.1484
270.0000 2509.6143
280.0000 1815.8851
290.0000 1885.4631
300.0000 1652.3865
310.0000 2039.8302
320.0000 2219.4141
330.0000 2492.2151
340.0000 1648.7173
350.0000 1280.0945
360.0000 1083.8839
370.0000 1406.1730
380.0000 1370.8643
390.0000 1111.0934
400.0000 1244.3665
410.0000 1254.4431
420.0000 887.8105
430.0000 1212.6594
440.0000 1833.2601
450.0000 2298.4312
460.0000 1620.1386
470.0000 1651.6083
480.0000 1622.5907
490.0000 1616.6813
500.0000 1888.9599
510.0000 1575.3261
520.0000 1819.8230
530.0000 1711.3987
540.0000 1580.3185
550.0000 1739.1713
560.0000 1536.1657
570.0000 1471.6234
580.0000 1667.1092
590.0000 1778.4727
600.0000 1719.1966
610.0000 1865.3320
620.0000 1647.3549
630.0000 1732.2631
640.0000 1791.8344
650.0000 1830.3050
660.0000 1473.6994
670.0000 2247.9238
680.0000 2440.4023
690.0000 2383.8357
700.0000 1674.3289
710.0000 2233.1051
720.0000 1868.0489
730.0000 1818.3555
740.0000 1444.4203
750.0000 1614.7604
760.0000 632.0938
770.0000 2227.2592
780.0000 2296.0028
790.0000 2475.7297
800.0000 1699.4105
810.0000 1873.4734
820.0000 2549.1279
830.0000 2770.5212
840.0000 2220.3132
850.0000 2800.0000
860.0000 2430.1663
870.0000 2147.5613
880.0000 1654.6085
890.0000 2009.8533
900.0000 2800.0000
910.0000 2305.5579
920.0000 2311.8985
930.0000 1969.0338
940.0000 1899.4629
950.0000 2384.8510
960.0000 2013.7097
970.0000 2370.9812
980.0000 1912.3768
990.0000 2117.1889
1000.0000 1713.7042
1010.0000 2422.1007
1020.0000 1620.6148
1030.0000 2039.9902
1040.0000 2800.0000
1050.0000 2296.2500
1060.0000 1689.9541
1070.0000 2506.4662
1080.0000 1719.7433
1090.0000 1921.1125
1100.0000 2273.1270
1110.0000 2599.5907
1120.0000 2718.0982
1130.0000 2377.1433
1140.0000 2460.0104
1150.0000 2229.4927
1160.0000 2641.2935
1170.0000 2511.5256
1180.0000 2231.4506
1190.0000 2026.9734
1200.0000 1657.3443
1210.0000 1765.0214
1220.0000 1732.5747
1230.0000 1927.4562
1240.0000 1888.0049
1250.0000 2256.2964
1260.0000 2281.7251
1270.0000 2021.7574
1280.0000 1266.7177
1290.0000 1954.1701
1300.0000 1988.3367
1310.0000 1001.7774
1320.0000 2706.7298
1330.0000 2474.0418
1340.0000 2436.2437
1350.0000 2800.0000
1360.0000 2800.0000
1370.0000 1814.6365
1380.0000 1402.1008
1390.0000 2570.1070
1400.0000 2800.0000
1410.0000 2800.0000
1420.0000 2372.1318
1430.0000 2117.5558
1440.0000 2367.7565
1450.0000 2551.9531
1460.0000 2800.0000
1470.0000 2641.2230
1480.0000 2530.7207
1490.0000 2710.7871
1500.0000 2799.5986
1510.0000 2184.8825
1520.0000 1837.1280
1530.0000 1621.8548
1540.0000 1940.6142
1550.0000 1938.5769
1560.0000 1271.5443
1570.0000 1411.7401
1580.0000 2139.1284
1590.0000 2303.7113
1600.0000 2265.5639
1610.0000 1647.6225
1620.0000 1666.5632
1630.0000 2427.1854
1640.0000 2643.5750
1650.0000 2609.7017
1660.0000 2425.0470
1670.0000 2800.0000
1680.0000 2483.2826
1690.0000 2593.4224
1700.0000 2031.3855
1710.0000 2416.8802
1720.0000 2800.0000
1730.0000 2800.0000
1740.0000 2367.2742
1750.0000 2347.9699
1760.0000 2196.0275
1770.0000 2021.7381
1780.0000 1579.0536
1790.0000 2788.6187
1800.0000 2413.8252
1810.0000 2760.3222
1820.0000 2800.0000
1830.0000 2668.1084
1840.0000 1991.1822
1850.0000 2800.0000
1860.0000 2370.8389
1870.0000 2060.5503
1880.0000 2800.0000
1890.0000 2800.0000
1900.0000 2800.0000
1910.0000 2364.9766
1920.0000 2272.3817
1930.0000 1581.0900
1940.0000 1769.5645
1950.0000 1577.6823
1960.0000 1595.9282
1970.0000 2076.3754
1980.0000 2589.3788
1990.0000 1465.6013
2000.0000 1848.7439
2010.0000 1543.4337
2020.0000 1756.3902
2030.0000 1701.9468
2040.0000 891.2587
2050.0000 1411.6800
2060.0000 1522.2203
2070.0000 1583.0747
2080.0000 1383.6319
2090.0000 2189.7114
2100.0000 2800.0000
2110.0000 2565.4161
2120.0000 2763.1055
2130.0000 2486.8598
2140.0000 2328.2786
2150.0000 2014.8466
2160.0000 2083.8558
2170.0000 2397.1157
2180.0000 2282.3081
2190.0000 1664.9681
2200.0000 1942.3311
2210.0000 1618.3549
2220.0000 1502.1354
2230.0000 1805.6666
2240.0000 2289.5823
2250.0000 1278.7611
2260.0000 2592.9120
2270.0000 2123.5623
2280.0000 2792.2579
2290.0000 2275.5989
2300.0000 2045.1450
2310.0000 2060.2757
2320.0000 2495.4643
2330.0000 1853.8809
2340.0000 2395.8372
2350.0000 2226.6485
2360.0000 2800.0000
2370.0000 2583.2525
2380.0000 2800.0000
2390.0000 2800.0000
2400.0000 2274.7729
2410.0000 2800.0000
2420.0000 2800.0000
2430.0000 2800.0000
2440.0000 2295.9159
2450.0000 2269.2202
2460.0000 2547.3010
2470.0000 2268.0726
2480.0000 2759.1853
2490.0000 2346.3565
2500.0000 2800.0000
2510.0000 2800.0000
2520.0000 2378.0620
2530.0000 2694.6702
2540.0000 2800.0000
2550.0000 2254.4025
2560.0000 2698.5096
2570.0000 2605.0776
2580.0000 1564.7682
2590.0000 1516.2743
2600.0000 1250.0468
2610.0000 1038.2430
2620.0000 1234.1998
2630.0000 1098.5413
2640.0000 1446.2233
2650.0000 1475.1351
2660.0000 1544.7790
2670.0000 1247.7058
2680.0000 1270.4066
2690.0000 1686.7561
2700.0000 1476.8052
2710.0000 1580.9349
2720.0000 1758.1451
2730.0000 1474.4407
2740.0000 1042.6634
2750.0000 840.8211
2760.0000 650.6448
2770.0000 1123.8190
2780.0000 1134.1754
2790.0000 1134.0268
2800.0000 811.6781
2810.0000 1064.1652
2820.0000 1254.5286
2830.0000 2457.8070
2840.0000 2341.9892
2850.0000 2232.5844
2860.0000 2526.8233
2870.0000 2345.5393
2880.0000 2179.8247
2890.0000 1609.2356
2900.0000 1594.0580
2910.0000 1646.4225
2920.0000 2066.7773
2930.0000 1187.7505
2940.0000 1761.2789
2950.0000 2800.0000
2960.0000 1350.2354
2970.0000 1567.8274
2980.0000 1407.3927
2990.0000 505.6046
3000.0000 1486.8089
3010.0000 1422.6386
3020.0000 1959.9017
3030.0000 1625.4338
3040.0000 2087.0752
3050.0000 1606.5553
3060.0000 1483.0396
3070.0000 1544.0494
3080.0000 1019.8471
3090.0000 2355.1811
3100.0000 2085.7601
3110.0000 1608.3301
3120.0000 1697.3694
3130.0000 2509.8913
3140.0000 2800.0000
