0.0000 0.0000
10.0000 1640.2074
20.0000 1548.2911
30.0000 1483.4148
40.0000 1548.3838
50.0000 1502.8759
60.0000 1255.5785
70.0000 1797.6191
80.0000 2479.1808
90.0000 2800.0000
100.0000 2800.0000
110.0000 2386.4647
120.0000 2534.0607
130.0000 2800.0000
140.0000 2800.0000
150.0000 2463.8618
160.0000 2450.9597
170.0000 2154.0237
180.0000 2373.6709
190.0000 2800.0000
200.0000 2800.0000
210.0000 2344.5564
220.0000 2800.0000
230.0000 2800.0000
240.0000 2800.0000
250.0000 2800.0000
260.0000 2800.0000
270.0000 2629.8417
280.0000 2348.4259
290.0000 2271.4444
300.0000 2548.4844
310.0000 2772.8318
320.0000 2800.0000
330.0000 2800.0000
340.0000 2581.5910
350.0000 2702.1959
360.0000 2789.6834
370.0000 2611.0792
380.0000 2487.0360
390.0000 2231.8207
400.0000 2365.0029
410.0000 2506.3704
420.0000 2800.0000
430.0000 2760.3246
440.0000 2629.7282
450.0000 2488.7418
460.0000 2410.5598
470.0000 2800.0000
480.0000 2800.0000
490.0000 2800.0000
500.0000 2800.0000
510.0000 2502.5616
520.0000 2800.0000
530.0000 2288.1420
540.0000 2374.2949
550.0000 2665.7365
560.0000 2800.0000
570.0000 2253.8764
580.0000 2477.8335
590.0000 2105.6097
600.0000 2300.8872
610.0000 2094.9799
620.0000 2042.2307
630.0000 2175.6656
640.0000 2242.3732
650.0000 2800.0000
660.0000 2800.0000
670.0000 2734.7402
680.0000 1362.5238
690.0000 2752.8274
700.0000 2740.8748
710.0000 1985.4962
720.0000 2065.8831
730.0000 2800.0000
740.0000 2800.0000
750.0000 2800.0000
760.0000 2306.2479
770.0000 2800.0000
780.0000 2522.9837
790.0000 2800.0000
800.0000 2368.9371
810.0000 2430.6450
820.0000 2448.7449
830.0000 1870.7013
840.0000 1813.0055
850.0000 2341.4410
860.0000 2605.0397
870.0000 2102.2608
880.0000 1578.4125
890.0000 2693.6691
900.0000 2093.3451
910.0000 1699.6447
920.0000 1946.4932
930.0000 2175.4322
940.0000 2408.4556
950.0000 2490.9645
960.0000 2081.1764
970.0000 2720.7809
980.0000 2546.7573
990.0000 2111.9528
1000.0000 2222.2093
1010.0000 2528.1296
1020.0000 2400.6832
1030.0000 2181.2851
1040.0000 2144.5199
1050.0000 1942.2466
1060.0000 2375.4825
1070.0000 2050.7368
1080.0000 2550.6879
1090.0000 2589.1602
1100.0000 2480.6010
1110.0000 2184.2753
1120.0000 2301.6221
1130.0000 2662.2378
1140.0000 2800.0000
1150.0000 2646.2625
1160.0000 1871.6499
1170.0000 2650.0089
1180.0000 2053.5907
1190.0000 2498.1820
1200.0000 2800.0000
1210.0000 1844.0491
1220.0000 1419.0653
1230.0000 2243.1793
1240.0000 2004.2510
1250.0000 2562.8069
1260.0000 2085.2242
1270.0000 2130.1730
1280.0000 2521.3938
1290.0000 2274.4014
1300.0000 2559.8870
1310.0000 2455.5247
1320.0000 1693.8806
1330.0000 2444.8818
1340.0000 2800.0000
1350.0000 2677.1309
1360.0000 2383.9472
1370.0000 2715.2268
1380.0000 2503.1025
1390.0000 2235.4261
1400.0000 2715.1357
1410.0000 2560.8126
1420.0000 2591.8301
1430.0000 2445.4449
1440.0000 2281.5671
1450.0000 2800.0000
1460.0000 2800.0000
1470.0000 2598.1014
1480.0000 2560.3995
1490.0000 2800.0000
1500.0000 2734.3487
1510.0000 2788.5675
1520.0000 1629.0883
1530.0000 2791.8351
1540.0000 2639.4627
1550.0000 2800.0000
1560.0000 2751.5393
1570.0000 2383.4242
1580.0000 2800.0000
1590.0000 2797.6252
1600.0000 2689.1851
1610.0000 2800.0000
1620.0000 2261.9772
1630.0000 2800.0000
1640.0000 2548.6016
1650.0000 1931.1792
1660.0000 2800.0000
1670.0000 2631.8821
1680.0000 2511.2936
1690.0000 1678.8307
1700.0000 2350.7803
1710.0000 2800.0000
1720.0000 2800.0000
1730.0000 2325.1272
1740.0000 1666.1920
1750.0000 2457.7540
1760.0000 2303.1485
1770.0000 2800.0000
1780.0000 2800.0000
1790.0000 2737.0646
1800.0000 2514.9274
1810.0000 2461.6274
1820.0000 1366.5238
1830.0000 2362.4334
1840.0000 2285.8178
1850.0000 1281.6400
1860.0000 2177.6288
1870.0000 2436.1795
1880.0000 2431.0844
1890.0000 2245.7748
1900.0000 2531.6067
1910.0000 2704.1845
1920.0000 2315.5180
1930.0000 2337.5486
1940.0000 1772.3368
1950.0000 2495.0425
1960.0000 2617.0170
1970.0000 2800.0000
1980.0000 1880.1775
1990.0000 1718.5969
2000.0000 1903.4015
2010.0000 2107.4097
2020.0000 2361.6796
2030.0000 2628.2585
2040.0000 2506.4979
2050.0000 2394.4345
2060.0000 2707.5035
2070.0000 2363.8685
2080.0000 2249.8441
2090.0000 2031.2104
2100.0000 2800.0000
2110.0000 2800.0000
2120.0000 2800.0000
2130.0000 2145.0160
2140.0000 2218.4100
2150.0000 2800.0000
2160.0000 2437.4178
2170.0000 2732.4172
2180.0000 2496.8554
2190.0000 2796.7478
2200.0000 2480.9371
2210.0000 1686.7502
2220.0000 2800.0000
2230.0000 2559.7782
2240.0000 2407.5055
2250.0000 1748.2252
2260.0000 2350.7114
2270.0000 1615.8122
2280.0000 2224.4432
2290.0000 2080.5812
2300.0000 2389.6434
2310.0000 2500.9867
2320.0000 2555.2781
2330.0000 2497.1822
2340.0000 2736.4745
2350.0000 2731.8142
2360.0000 2117.3066
2370.0000 2672.9182
2380.0000 2391.1624
2390.0000 2347.0970
2400.0000 2459.1622
2410.0000 2242.5234
2420.0000 1757.5143
2430.0000 1483.3159
2440.0000 1063.1083
2450.0000 1401.4267
2460.0000 1396.6922
2470.0000 1472.0998
2480.0000 1414.5367
2490.0000 1923.1668
2500.0000 1666.8334
2510.0000 1856.9144
2520.0000 1566.4687
2530.0000 1691.0934
2540.0000 1596.5234
2550.0000 1683.8353
2560.0000 1734.0119
2570.0000 1654.6319
2580.0000 1538.2460
2590.0000 1911.7398
2600.0000 1250.6154
2610.0000 1729.1096
2620.0000 1807.5686
2630.0000 1798.7633
2640.0000 1451.1217
2650.0000 1850.5422
2660.0000 1594.8628
2670.0000 1396.5051
2680.0000 1590.0630
2690.0000 1538.8584
2700.0000 1856.8668
2710.0000 2284.2608
2720.0000 2146.2368
2730.0000 1995.5632
2740.0000 1621.0802
2750.0000 699.9090
2760.0000 2481.9317
2770.0000 2197.8776
2780.0000 2800.0000
2790.0000 2401.9153
2800.0000 2070.0744
2810.0000 2800.0000
2820.0000 2589.3309
2830.0000 2728.6058
2840.0000 1930.8610
2850.0000 2178.7268
2860.0000 2076.0229
2870.0000 2446.3436
2880.0000 2535.8994
2890.0000 2243.1157
2900.0000 1970.5743
2910.0000 1736.7364
2920.0000 1638.6989
2930.0000 1055.5368
2940.0000 1467.7852
2950.0000 1747.1942
2960.0000 1775.3626
2970.0000 2211.2605
2980.0000 2213.6013
2990.0000 1672.3731
3000.0000 2800.0000
3010.0000 2697.2018
3020.0000 2303.1262
3030.0000 1954.4390
3040.0000 2177.3298
3050.0000 2194.3397
3060.0000 2021.6639
3070.0000 1534.1482
3080.0000 2461.0931
3090.0000 2800.0000
3100.0000 2800.0000
3110.0000 2217.8733
3120.0000 2692.3016
3130.0000 2734.1468
3140.0000 2800.0000
