0.0000 0.0000
10.0000 2154.9316
20.0000 1802.8379
30.0000 1578.7179
40.0000 1783.6548
50.0000 2698.3079
60.0000 2694.5925
70.0000 2770.2594
80.0000 2800.0000
90.0000 2800.0000
100.0000 2800.0000
110.0000 2281.4699
120.0000 2764.1531
130.0000 2800.0000
140.0000 2436.0104
150.0000 2272.1946
160.0000 2425.0392
170.0000 1363.9028
180.0000 1934.5819
190.0000 2729.2663
200.0000 2800.0000
210.0000 2800.0000
220.0000 2750.3283
230.0000 2639.6076
240.0000 2800.0000
250.0000 2697.3552
260.0000 2632.2834
270.0000 2755.2109
280.0000 2631.3559
290.0000 2670.5744
300.0000 2800.0000
310.0000 2800.0000
320.0000 2800.0000
330.0000 2690.6975
340.0000 2403.7281
350.0000 2242.9190
360.0000 1949.0261
370.0000 2330.5350
380.0000 2433.0848
390.0000 2800.0000
400.0000 2800.0000
410.0000 2492.3020
420.0000 2713.8934
430.0000 2800.0000
440.0000 2761.5009
450.0000 2398.7075
460.0000 2538.8231
470.0000 2737.0900
480.0000 2301.2475
490.0000 2719.9820
500.0000 2052.8967
510.0000 2183.8590
520.0000 2045.5481
530.0000 2211.7900
540.0000 1571.3096
550.0000 1128.2169
560.0000 1563.0434
570.0000 1914.8373
580.0000 1290.7320
590.0000 1403.0102
600.0000 1416.5988
610.0000 1509.9573
620.0000 1664.0746
630.0000 2412.6459
640.0000 2233.8769
650.0000 1852.6218
660.0000 2062.6940
670.0000 2529.4081
680.0000 2800.0000
690.0000 2546.4444
700.0000 2800.0000
710.0000 2800.0000
720.0000 2800.0000
730.0000 2403.2587
740.0000 1980.0790
750.0000 1961.7237
760.0000 2800.0000
770.0000 2599.6653
780.0000 2503.2363
790.0000 2510.5374
800.0000 2107.3869
810.0000 2235.1414
820.0000 2002.7217
830.0000 1721.6733
840.0000 2725.2136
850.0000 1762.9336
860.0000 2758.2351
870.0000 2485.2837
880.0000 2408.7694
890.0000 2304.0586
900.0000 1811.8196
910.0000 1939.4380
920.0000 2800.0000
930.0000 2800.0000
940.0000 2569.7718
950.0000 2341.2722
960.0000 1334.8774
970.0000 2129.4916
980.0000 2350.7526
990.0000 1478.4125
1000.0000 2800.0000
1010.0000 2800.0000
1020.0000 2800.0000
1030.0000 2800.0000
1040.0000 2754.7045
1050.0000 2616.4507
1060.0000 2800.0000
1070.0000 2800.0000
1080.0000 2800.0000
1090.0000 2800.0000
1100.0000 2800.0000
1110.0000 2636.1556
1120.0000 2561.5413
1130.0000 2345.9262
1140.0000 2770.0839
1150.0000 2408.4147
1160.0000 1881.1700
1170.0000 2445.7973
1180.0000 2800.0000
1190.0000 2454.2476
1200.0000 1616.6498
1210.0000 2390.7505
1220.0000 2800.0000
1230.0000 2138.5392
1240.0000 2736.5340
1250.0000 2800.0000
1260.0000 2740.5812
1270.0000 2477.8773
1280.0000 2659.9904
1290.0000 2555.4830
1300.0000 2751.4018
1310.0000 2341.4798
1320.0000 2739.6801
1330.0000 2268.7966
1340.0000 1350.0397
1350.0000 2130.7666
1360.0000 2225.9316
1370.0000 2232.3849
1380.0000 1815.8592
1390.0000 1334.3684
1400.0000 1934.5252
1410.0000 1765.7938
1420.0000 1863.7281
1430.0000 1946.1536
1440.0000 1645.7279
1450.0000 1808.9094
1460.0000 2396.6817
1470.0000 2100.8816
1480.0000 1933.9828
1490.0000 1078.9947
1500.0000 1427.1943
1510.0000 2136.0084
1520.0000 1591.2983
1530.0000 2614.8436
1540.0000 2357.3180
1550.0000 2216.5043
1560.0000 2047.4822
1570.0000 2315.9702
1580.0000 2451.2391
1590.0000 1672.2690
1600.0000 1476.3692
1610.0000 2308.0139
1620.0000 1678.5714
1630.0000 2126.8839
1640.0000 2143.8991
1650.0000 2409.1779
1660.0000 2645.5979
1670.0000 2537.3117
1680.0000 1608.5689
1690.0000 2208.1379
1700.0000 2800.0000
1710.0000 2272.1700
1720.0000 2800.0000
1730.0000 2596.8969
1740.0000 2439.6987
1750.0000 2584.8522
1760.0000 2209.8597
1770.0000 2800.0000
1780.0000 2669.8865
1790.0000 2133.6302
1800.0000 2589.2875
1810.0000 1292.8697
1820.0000 2300.7831
1830.0000 2528.3139
1840.0000 2800.0000
1850.0000 2713.5901
1860.0000 2601.5672
1870.0000 2800.0000
1880.0000 2573.8729
1890.0000 2357.5499
1900.0000 2800.0000
1910.0000 2422.7556
1920.0000 2800.0000
1930.0000 2352.6977
1940.0000 2800.0000
1950.0000 2800.0000
1960.0000 2012.1451
1970.0000 2564.6950
1980.0000 2800.0000
1990.0000 2640.6008
2000.0000 2741.3652
2010.0000 2608.4307
2020.0000 1730.5568
2030.0000 2800.0000
2040.0000 1990.9209
2050.0000 2800.0000
2060.0000 2800.0000
2070.0000 2800.0000
2080.0000 2800.0000
2090.0000 2800.0000
2100.0000 2678.2331
2110.0000 2592.3695
2120.0000 2590.5141
2130.0000 2659.6699
2140.0000 2492.7883
2150.0000 2757.5459
2160.0000 2429.4719
2170.0000 2343.1347
2180.0000 2188.4521
2190.0000 2680.6334
2200.0000 2207.9834
2210.0000 2659.1798
2220.0000 2513.6230
2230.0000 2006.6922
2240.0000 2574.4105
2250.0000 2692.3009
2260.0000 2686.4710
2270.0000 2209.5143
2280.0000 2728.0740
2290.0000 2476.4402
2300.0000 2800.0000
2310.0000 2643.0958
2320.0000 2800.0000
2330.0000 2731.5898
2340.0000 2635.8404
2350.0000 2455.0407
2360.0000 2386.3395
2370.0000 2444.0124
2380.0000 2659.4752
2390.0000 2784.9157
2400.0000 2194.1465
2410.0000 2505.9889
2420.0000 2647.1462
2430.0000 2380.0346
2440.0000 1746.0560
2450.0000 2114.3232
2460.0000 2608.8459
2470.0000 2150.6244
2480.0000 1887.1801
2490.0000 2290.1143
2500.0000 2416.4947
2510.0000 2240.5143
2520.0000 2207.8242
2530.0000 2080.3046
2540.0000 1780.4984
2550.0000 1793.0168
2560.0000 1011.9986
2570.0000 2240.9367
2580.0000 2506.6504
2590.0000 1811.2156
2600.0000 1327.1255
2610.0000 1521.3078
2620.0000 1714.1865
2630.0000 2016.5973
2640.0000 2408.9836
2650.0000 2532.8081
2660.0000 2043.2249
2670.0000 2493.9621
2680.0000 2405.6761
2690.0000 2253.3157
2700.0000 2800.0000
2710.0000 2800.0000
2720.0000 2078.9386
2730.0000 2764.6538
2740.0000 2800.0000
2750.0000 2437.5305
2760.0000 2770.4029
2770.0000 2222.6786
2780.0000 1959.1836
2790.0000 2141.9158
2800.0000 1689.5943
2810.0000 1551.3588
2820.0000 1985.4715
2830.0000 1653.9495
2840.0000 1753.2410
2850.0000 852.5934
2860.0000 2132.9465
2870.0000 2800.0000
2880.0000 1672.3871
2890.0000 1823.3863
2900.0000 2313.2760
2910.0000 2800.0000
2920.0000 1563.4421
2930.0000 2508.6831
2940.0000 2800.0000
2950.0000 2800.0000
2960.0000 2660.7294
2970.0000 2800.0000
2980.0000 2800.0000
2990.0000 2800.0000
3000.0000 2800.0000
3010.0000 2740.9618
3020.0000 2663.6373
3030.0000 2502.2104
3040.0000 2800.0000
3050.0000 2800.0000
3060.0000 2439.3469
3070.0000 2536.5145
3080.0000 2800.0000
3090.0000 2367.8549
3100.0000 2700.4092
3110.0000 1700.7802
3120.0000 2539.1511
3130.0000 2363.2294
3140.0000 2260.1480
