0.0000 0.0000
10.0000 2602.4226
20.0000 2467.3908
30.0000 2487.5287
40.0000 2500.5163
50.0000 2486.5847
60.0000 2487.0700
70.0000 2507.8484
80.0000 2478.8770
90.0000 2467.6472
100.0000 2386.3032
110.0000 2324.2767
120.0000 2305.8128
130.0000 2146.7451
140.0000 2140.1579
150.0000 2076.8961
160.0000 2167.9751
170.0000 1919.5377
180.0000 1924.0495
190.0000 1725.7943
200.0000 1644.0352
210.0000 1595.6756
220.0000 1693.0878
230.0000 1687.4280
240.0000 1700.8709
250.0000 1564.0279
260.0000 1070.7821
270.0000 1444.7697
280.0000 1951.7202
290.0000 2430.1677
300.0000 2188.9283
310.0000 1825.7076
320.0000 1600.6498
330.0000 1462.3017
340.0000 1521.4024
350.0000 1054.5318
360.0000 1970.7100
370.0000 2088.9230
380.0000 1844.3151
390.0000 2000.8590
400.0000 2318.8072
410.0000 2215.3767
420.0000 1719.9117
430.0000 2012.8514
440.0000 2800.0000
450.0000 2726.5519
460.0000 2531.8934
470.0000 1691.2771
480.0000 2467.1150
490.0000 2800.0000
500.0000 2363.6494
510.0000 1996.8029
520.0000 1629.5730
530.0000 2800.0000
540.0000 2594.0880
550.0000 2800.0000
560.0000 2522.9215
570.0000 2800.0000
580.0000 1996.4248
590.0000 2737.3849
600.0000 2742.0023
610.0000 2800.0000
620.0000 2800.0000
630.0000 2800.0000
640.0000 2800.0000
650.0000 2713.0893
660.0000 2800.0000
670.0000 2800.0000
680.0000 2370.1130
690.0000 2633.7579
700.0000 1616.5316
710.0000 2443.7429
720.0000 2626.8743
730.0000 2094.4380
740.0000 1434.9671
750.0000 2550.1098
760.0000 2800.0000
770.0000 2326.6456
780.0000 2800.0000
790.0000 2800.0000
800.0000 2002.3343
810.0000 2776.6542
820.0000 2413.6784
830.0000 2800.0000
840.0000 2800.0000
850.0000 2293.2363
860.0000 2513.3738
870.0000 2710.2434
880.0000 2553.7010
890.0000 2633.7918
900.0000 2688.9363
910.0000 2634.7489
920.0000 2272.3401
930.0000 2325.7742
940.0000 2174.5771
950.0000 2800.0000
960.0000 2669.9262
970.0000 2800.0000
980.0000 2594.3493
990.0000 1971.8787
1000.0000 1857.5112
1010.0000 2680.7603
1020.0000 2178.0592
1030.0000 2233.7887
1040.0000 2800.0000
1050.0000 2596.1520
1060.0000 2283.6075
1070.0000 2635.9424
1080.0000 2024.4617
1090.0000 2037.3551
1100.0000 2100.9937
1110.0000 1687.1816
1120.0000 2369.5962
1130.0000 2490.4983
1140.0000 1983.8220
1150.0000 2330.6530
1160.0000 1932.5353
1170.0000 2478.9428
1180.0000 2462.3416
1190.0000 1693.5274
1200.0000 2716.5419
1210.0000 2399.3869
1220.0000 2126.1113
1230.0000 2295.1513
1240.0000 2020.6331
1250.0000 2180.2022
1260.0000 1876.4658
1270.0000 2170.8626
1280.0000 1773.9995
1290.0000 1314.1443
1300.0000 2078.0205
1310.0000 1797.6956
1320.0000 2342.2143
1330.0000 1910.4499
1340.0000 2103.1536
1350.0000 2586.8021
1360.0000 2356.9853
1370.0000 2331.6612
1380.0000 1919.9561
1390.0000 1803.7042
1400.0000 1735.7886
1410.0000 2108.6960
1420.0000 2186.7232
1430.0000 1975.8590
1440.0000 1980.8752
1450.0000 1593.8392
1460.0000 2219.6145
1470.0000 1943.4796
1480.0000 2500.7946
1490.0000 2257.6114
1500.0000 2035.6436
1510.0000 1681.5342
1520.0000 1996.7350
1530.0000 1319.7914
1540.0000 1309.6726
1550.0000 1313.2775
1560.0000 1533.4879
1570.0000 1372.1678
1580.0000 1533.7912
1590.0000 1051.7835
1600.0000 1624.9954
1610.0000 1167.1170
1620.0000 861.6503
1630.0000 1357.1109
1640.0000 1418.0438
1650.0000 1632.2229
1660.0000 1789.3446
1670.0000 1672.8542
1680.0000 1934.4698
1690.0000 1995.3482
1700.0000 2186.9028
1710.0000 2024.3777
1720.0000 2694.1953
1730.0000 2437.1994
1740.0000 1663.9887
1750.0000 1630.8311
1760.0000 1378.3470
1770.0000 1704.6637
1780.0000 1705.9490
1790.0000 1452.3316
1800.0000 1607.4276
1810.0000 837.2506
1820.0000 1378.8407
1830.0000 948.8311
1840.0000 2070.8252
1850.0000 2090.2615
1860.0000 1754.7628
1870.0000 2600.8745
1880.0000 2563.4988
1890.0000 2702.3672
1900.0000 2274.1981
1910.0000 1808.4378
1920.0000 1744.8330
1930.0000 1819.1957
1940.0000 2119.0654
1950.0000 2060.2826
1960.0000 2002.3539
1970.0000 1567.8650
1980.0000 1632.9829
1990.0000 1855.6817
2000.0000 1764.9662
2010.0000 2208.5755
2020.0000 1912.9701
2030.0000 2753.4405
2040.0000 2272.5953
2050.0000 2175.0016
2060.0000 2229.2859
2070.0000 2054.9482
2080.0000 1876.5360
2090.0000 1671.6326
2100.0000 1067.8667
2110.0000 2361.6230
2120.0000 1956.2840
2130.0000 2800.0000
2140.0000 2521.3235
2150.0000 2282.0374
2160.0000 1814.6370
2170.0000 2800.0000
2180.0000 2584.7158
2190.0000 2800.0000
2200.0000 2231.7144
2210.0000 2408.2909
2220.0000 2653.5552
2230.0000 2459.8979
2240.0000 1763.8306
2250.0000 2311.7356
2260.0000 2521.4339
2270.0000 2645.2251
2280.0000 2189.4392
2290.0000 2320.0470
2300.0000 2335.2512
2310.0000 2337.4900
2320.0000 2497.3776
2330.0000 2225.0693
2340.0000 1558.5457
2350.0000 2311.4376
2360.0000 2137.5799
2370.0000 2756.2217
2380.0000 2394.2994
2390.0000 2051.7685
2400.0000 2187.2161
2410.0000 1647.8682
2420.0000 2800.0000
2430.0000 1605.1716
2440.0000 1845.3706
2450.0000 2137.5885
2460.0000 1773.4912
2470.0000 2126.1736
2480.0000 1915.8934
2490.0000 1746.8789
2500.0000 2008.9343
2510.0000 2208.7169
2520.0000 2162.4251
2530.0000 1823.8198
2540.0000 2130.7190
2550.0000 1647.6605
2560.0000 2241.1276
2570.0000 2653.3521
2580.0000 2471.8748
2590.0000 2489.1797
2600.0000 2441.3969
2610.0000 1782.1119
2620.0000 2800.0000
2630.0000 2800.0000
2640.0000 2233.4532
2650.0000 2800.0000
2660.0000 2442.0197
2670.0000 2620.0108
2680.0000 2800.0000
2690.0000 2708.0022
2700.0000 2540.4234
2710.0000 2800.0000
2720.0000 2792.8150
2730.0000 2392.1951
2740.0000 2135.6688
2750.0000 2800.0000
2760.0000 2564.5012
2770.0000 2366.4131
2780.0000 1875.3684
2790.0000 2800.0000
2800.0000 2800.0000
2810.0000 2800.0000
2820.0000 2551.5687
2830.0000 2365.3447
2840.0000 2800.0000
2850.0000 2763.4889
2860.0000 2800.0000
2870.0000 2426.1699
2880.0000 2311.2583
2890.0000 2151.3961
2900.0000 2595.4341
2910.0000 2652.2543
2920.0000 2090.7338
2930.0000 2798.5989
2940.0000 2693.8332
2950.0000 2800.0000
2960.0000 2454.8153
2970.0000 2800.0000
2980.0000 2662.4224
2990.0000 2800.0000
3000.0000 2800.0000
3010.0000 2706.6206
3020.0000 2800.0000
3030.0000 2451.2819
3040.0000 2674.1517
3050.0000 2800.0000
3060.0000 2800.0000
3070.0000 2800.0000
3080.0000 2471.1529
3090.0000 2213.8364
3100.0000 2123.3001
3110.0000 2539.5333
3120.0000 1982.6818
3130.0000 2183.4761
3140.0000 2235.3815
