0.0000 0.0000
10.0000 2004.9457
20.0000 2154.7715
30.0000 2144.4184
40.0000 2053.6729
50.0000 2245.9894
60.0000 2359.8037
70.0000 2439.7064
80.0000 1729.1512
90.0000 2022.1783
100.0000 1352.1248
110.0000 2475.9380
120.0000 2800.0000
130.0000 2800.0000
140.0000 2800.0000
150.0000 2698.9531
160.0000 2480.0978
170.0000 2573.3281
180.0000 2453.3741
190.0000 2800.0000
200.0000 2800.0000
210.0000 2800.0000
220.0000 2732.2851
230.0000 2630.4490
240.0000 2768.6870
250.0000 2800.0000
260.0000 2289.1319
270.0000 2800.0000
280.0000 2004.2731
290.0000 1975.3157
300.0000 2393.4110
310.0000 2604.8795
320.0000 2187.6537
330.0000 2149.3702
340.0000 2356.9169
350.0000 2436.8713
360.0000 2559.4084
370.0000 2480.2910
380.0000 2780.5018
390.0000 2800.0000
400.0000 2310.4000
410.0000 2347.8937
420.0000 2364.3407
430.0000 1915.3972
440.0000 1691.5868
450.0000 1934.3964
460.0000 1823.9887
470.0000 1722.7654
480.0000 2632.4768
490.0000 2800.0000
500.0000 1500.5409
510.0000 1711.5568
520.0000 2051.4931
530.0000 2052.8199
540.0000 2260.5852
550.0000 1384.5208
560.0000 1757.1359
570.0000 1235.3037
580.0000 2326.4155
590.0000 2599.3333
600.0000 2361.3629
610.0000 2183.7422
620.0000 2290.1160
630.0000 2800.0000
640.0000 2501.3627
650.0000 2259.5687
660.0000 2186.5208
670.0000 2608.7076
680.0000 2800.0000
690.0000 1755.5504
700.0000 1562.6527
710.0000 2608.0542
720.0000 2411.1061
730.0000 2665.8921
740.0000 1976.6933
750.0000 1829.9320
760.0000 1774.0342
770.0000 2104.0350
780.0000 2134.4318
790.0000 1743.7764
800.0000 1793.8437
810.0000 1388.6970
820.0000 816.7325
830.0000 1106.5180
840.0000 1058.3299
850.0000 1226.8225
860.0000 1013.8714
870.0000 1039.6915
880.0000 1098.6064
890.0000 1062.8791
900.0000 914.0459
910.0000 1009.1705
920.0000 999.5292
930.0000 1016.3718
940.0000 881.3846
950.0000 1998.5341
960.0000 1725.3533
970.0000 2791.7759
980.0000 2700.5486
990.0000 2800.0000
1000.0000 2296.6026
1010.0000 1703.8782
1020.0000 1863.1862
1030.0000 2501.6248
1040.0000 2800.0000
1050.0000 2800.0000
1060.0000 2252.7586
1070.0000 1826.7515
1080.0000 2800.0000
1090.0000 2388.1372
1100.0000 2800.0000
1110.0000 2800.0000
1120.0000 2602.9305
1130.0000 2149.7508
1140.0000 2136.0914
1150.0000 2291.1569
1160.0000 2800.0000
1170.0000 2800.0000
1180.0000 2663.2250
1190.0000 2800.0000
1200.0000 2712.3200
1210.0000 2361.3811
1220.0000 2784.0105
1230.0000 2800.0000
1240.0000 2627.4327
1250.0000 1443.0122
1260.0000 2727.8633
1270.0000 2465.6658
1280.0000 1602.5263
1290.0000 1933.3157
1300.0000 2800.0000
1310.0000 2727.6958
1320.0000 1535.2996
1330.0000 1956.7058
1340.0000 2580.5894
1350.0000 2705.7666
1360.0000 2694.5829
1370.0000 2240.4127
1380.0000 2609.6114
1390.0000 2520.5775
1400.0000 2314.1517
1410.0000 2328.0870
1420.0000 1806.4981
1430.0000 2348.9387
1440.0000 2507.5509
1450.0000 2787.4178
1460.0000 2800.0000
1470.0000 2800.0000
1480.0000 2193.2824
1490.0000 2800.0000
1500.0000 2506.1190
1510.0000 1873.8035
1520.0000 1987.2876
1530.0000 2014.7928
1540.0000 2414.6848
1550.0000 2580.8793
1560.0000 2308.5006
1570.0000 2292.7033
1580.0000 2289.7489
1590.0000 1903.3396
1600.0000 2490.7975
1610.0000 2345.7258
1620.0000 2687.3445
1630.0000 1863.7593
1640.0000 2335.9468
1650.0000 2036.1831
1660.0000 1768.9589
1670.0000 1859.5497
1680.0000 2518.1807
1690.0000 2132.7213
1700.0000 2004.0958
1710.0000 2243.7010
1720.0000 2227.3365
1730.0000 2292.8055
1740.0000 2074.5678
1750.0000 1977.0934
1760.0000 2452.3791
1770.0000 2109.3883
1780.0000 2306.5244
1790.0000 2326.5558
1800.0000 2393.1624
1810.0000 1645.4505
1820.0000 2606.0259
1830.0000 1760.7118
1840.0000 2099.0622
1850.0000 1832.3011
1860.0000 2347.6891
1870.0000 2144.9682
1880.0000 894.6542
1890.0000 1559.6234
1900.0000 1101.5669
1910.0000 1105.8138
1920.0000 2800.0000
1930.0000 2800.0000
1940.0000 2794.0302
1950.0000 2570.1504
1960.0000 2210.2264
1970.0000 2401.0521
1980.0000 2051.1115
1990.0000 1462.3187
2000.0000 2112.4310
2010.0000 1199.4421
2020.0000 2055.8411
2030.0000 2800.0000
2040.0000 2800.0000
2050.0000 2800.0000
2060.0000 2611.9950
2070.0000 2461.8412
2080.0000 2800.0000
2090.0000 1768.7019
2100.0000 2276.1584
2110.0000 1988.6230
2120.0000 2800.0000
2130.0000 1611.5039
2140.0000 2586.2430
2150.0000 2042.1177
2160.0000 2800.0000
2170.0000 2317.0576
2180.0000 2424.3000
2190.0000 2640.8389
2200.0000 2800.0000
2210.0000 2800.0000
2220.0000 2773.7450
2230.0000 2800.0000
2240.0000 2800.0000
2250.0000 2662.0595
2260.0000 2800.0000
2270.0000 2800.0000
2280.0000 2800.0000
2290.0000 2601.5155
2300.0000 2553.1666
2310.0000 2269.8646
2320.0000 2800.0000
2330.0000 2546.3354
2340.0000 2432.7061
2350.0000 2417.3194
2360.0000 2229.0132
2370.0000 2372.8947
2380.0000 2008.0002
2390.0000 2125.1575
2400.0000 2208.7636
2410.0000 2695.9919
2420.0000 2705.4616
2430.0000 2486.2693
2440.0000 2311.4932
2450.0000 1654.6375
2460.0000 2787.7736
2470.0000 2800.0000
2480.0000 2662.8775
2490.0000 2348.0980
2500.0000 2026.2130
2510.0000 2113.2977
2520.0000 2155.6847
2530.0000 2288.1011
2540.0000 2143.4148
2550.0000 2449.6983
2560.0000 1813.9618
2570.0000 2793.6470
2580.0000 2800.0000
2590.0000 2299.1962
2600.0000 2800.0000
2610.0000 2305.8411
2620.0000 2800.0000
2630.0000 1906.4824
2640.0000 2800.0000
2650.0000 2800.0000
2660.0000 2800.0000
2670.0000 2373.3576
2680.0000 2587.9551
2690.0000 1771.6707
2700.0000 2215.3474
2710.0000 1944.1386
2720.0000 1987.7315
2730.0000 2195.4108
2740.0000 2040.1561
2750.0000 2076.7467
2760.0000 1716.8585
2770.0000 1641.2006
2780.0000 1971.7713
2790.0000 1648.0633
2800.0000 1970.5692
2810.0000 2497.7083
2820.0000 2603.9667
2830.0000 2332.7773
2840.0000 1881.0085
2850.0000 1959.3558
2860.0000 2090.1526
2870.0000 2770.8135
2880.0000 2461.0647
2890.0000 2800.0000
2900.0000 2591.6783
2910.0000 2580.5248
2920.0000 2214.7519
2930.0000 1405.2115
2940.0000 1735.9041
2950.0000 1486.2877
2960.0000 1759.9560
2970.0000 2009.4028
2980.0000 1916.6212
2990.0000 1287.2006
3000.0000 1910.3737
3010.0000 2423.7497
3020.0000 1155.9696
3030.0000 1720.8745
3040.0000 1055.3304
3050.0000 2379.7108
3060.0000 1553.1474
3070.0000 2027.8466
3080.0000 2737.4360
3090.0000 2499.9168
3100.0000 2303.9365
3110.0000 2309.5219
3120.0000 2319.1205
3130.0000 2800.0000
3140.0000 2640.2391
