0.0000 0.0000
10.0000 2344.1071
20.0000 2189.6972
30.0000 2335.8606
40.0000 2588.4215
50.0000 2701.6129
60.0000 2614.1615
70.0000 2588.2558
80.0000 2599.2343
90.0000 2480.1789
100.0000 2181.5679
110.0000 2305.7616
120.0000 2739.0878
130.0000 2735.9354
140.0000 2667.9315
150.0000 2423.0933
160.0000 2213.8633
170.0000 1844.3442
180.0000 1376.1658
190.0000 2348.4046
200.0000 2800.0000
210.0000 2597.5587
220.0000 2144.8166
230.0000 2800.0000
240.0000 2800.0000
250.0000 2800.0000
260.0000 2763.5204
270.0000 2012.7687
280.0000 2151.8990
290.0000 1810.5437
300.0000 1742.2575
310.0000 2111.0056
320.0000 2163.6908
330.0000 2283.3459
340.0000 2167.3480
350.0000 1625.4852
360.0000 1594.5440
370.0000 1193.4660
380.0000 1018.3406
390.0000 586.8506
400.0000 1159.1197
410.0000 1238.2000
420.0000 2409.1853
430.0000 2248.0624
440.0000 2259.9294
450.0000 2412.5912
460.0000 2800.0000
470.0000 2800.0000
480.0000 2434.9082
490.0000 2800.0000
500.0000 2537.4888
510.0000 2414.8329
520.0000 1961.5327
530.0000 2800.0000
540.0000 2800.0000
550.0000 1461.7858
560.0000 2524.9217
570.0000 2526.4576
580.0000 2800.0000
590.0000 2255.2770
600.0000 2355.9463
610.0000 2618.9723
620.0000 2240.2737
630.0000 2474.6691
640.0000 2378.0832
650.0000 2119.2209
660.0000 1636.8479
670.0000 2230.4447
680.0000 2770.3955
690.0000 2165.7705
700.0000 2058.6407
710.0000 2365.9987
720.0000 2403.8346
730.0000 2136.8905
740.0000 2301.2159
750.0000 2005.4613
760.0000 1887.0776
770.0000 1776.7918
780.0000 2451.2136
790.0000 2338.7454
800.0000 2466.0781
810.0000 1627.3046
820.0000 2644.2725
830.0000 2367.2043
840.0000 2800.0000
850.0000 2608.3867
860.0000 2642.1584
870.0000 2195.1936
880.0000 1842.1112
890.0000 2296.2082
900.0000 2438.4929
910.0000 1799.4876
920.0000 1654.3309
930.0000 1913.9185
940.0000 1905.3353
950.0000 2375.6333
960.0000 2292.9100
970.0000 2354.3383
980.0000 1959.8144
990.0000 1776.9145
1000.0000 2010.7585
1010.0000 1836.7677
1020.0000 2465.9866
1030.0000 2697.4221
1040.0000 2036.4570
1050.0000 2160.1528
1060.0000 1626.8553
1070.0000 1930.8128
1080.0000 1757.5555
1090.0000 1942.4939
1100.0000 2267.8640
1110.0000 2158.1179
1120.0000 1724.8131
1130.0000 1661.1302
1140.0000 1845.1582
1150.0000 1676.0176
1160.0000 1436.2548
1170.0000 1583.0309
1180.0000 1594.2245
1190.0000 1252.5155
1200.0000 972.4793
1210.0000 693.9531
1220.0000 1096.4299
1230.0000 971.9337
1240.0000 1086.5106
1250.0000 1119.7427
1260.0000 1466.3082
1270.0000 1209.5826
1280.0000 1285.7805
1290.0000 2429.2655
1300.0000 2386.5053
1310.0000 1734.9022
1320.0000 2055.4118
1330.0000 2057.3782
1340.0000 2280.7264
1350.0000 2279.8824
1360.0000 1599.9332
1370.0000 1793.4854
1380.0000 1515.7985
1390.0000 1415.9011
1400.0000 1739.1065
1410.0000 2137.0895
1420.0000 2177.6914
1430.0000 1783.5636
1440.0000 1639.9238
1450.0000 1662.6943
1460.0000 1425.4760
1470.0000 2196.7046
1480.0000 2172.3811
1490.0000 2019.8343
1500.0000 1676.0016
1510.0000 1977.7059
1520.0000 2027.2016
1530.0000 2602.7300
1540.0000 2111.1517
1550.0000 2530.6136
1560.0000 2472.1182
1570.0000 2073.3918
1580.0000 2216.4061
1590.0000 2800.0000
1600.0000 2800.0000
1610.0000 2747.8710
1620.0000 2398.9045
1630.0000 2686.9350
1640.0000 2563.4279
1650.0000 2072.8092
1660.0000 2332.5363
1670.0000 2459.8781
1680.0000 2720.0907
1690.0000 2800.0000
1700.0000 2592.2790
1710.0000 2611.0884
1720.0000 2800.0000
1730.0000 2105.4413
1740.0000 2588.7823
1750.0000 2297.5003
1760.0000 2712.7240
1770.0000 2559.3535
1780.0000 2185.2179
1790.0000 2795.1705
1800.0000 2444.2755
1810.0000 2388.4065
1820.0000 2592.3486
1830.0000 2401.1923
1840.0000 2019.4725
1850.0000 2342.5449
1860.0000 1991.8251
1870.0000 2203.5802
1880.0000 2103.3282
1890.0000 2295.2826
1900.0000 2382.8438
1910.0000 2669.9601
1920.0000 2170.7849
1930.0000 1541.2813
1940.0000 2800.0000
1950.0000 2800.0000
1960.0000 2800.0000
1970.0000 2800.0000
1980.0000 2688.8002
1990.0000 2089.0170
2000.0000 2402.4555
2010.0000 1843.2148
2020.0000 2006.4725
2030.0000 1682.5630
2040.0000 2002.0857
2050.0000 2387.5371
2060.0000 2474.6523
2070.0000 2715.3079
2080.0000 2444.2286
2090.0000 2065.8057
2100.0000 1581.6840
2110.0000 2081.8560
2120.0000 1682.4096
2130.0000 1633.3434
2140.0000 1140.5160
2150.0000 1460.5909
2160.0000 1368.4945
2170.0000 1363.1089
2180.0000 1364.1287
2190.0000 1065.7077
2200.0000 1762.5767
2210.0000 2567.8156
2220.0000 2800.0000
2230.0000 2301.6703
2240.0000 1954.2988
2250.0000 1744.2742
2260.0000 1295.1843
2270.0000 1521.9802
2280.0000 2800.0000
2290.0000 2431.7492
2300.0000 2110.4326
2310.0000 2052.7201
2320.0000 2030.6379
2330.0000 1772.1356
2340.0000 1846.6334
2350.0000 2590.4691
2360.0000 1719.1226
2370.0000 2493.9106
2380.0000 2776.0250
2390.0000 2500.1351
2400.0000 1550.7175
2410.0000 2092.2607
2420.0000 2800.0000
2430.0000 2555.9945
2440.0000 2800.0000
2450.0000 2800.0000
2460.0000 2800.0000
2470.0000 2407.0061
2480.0000 2668.5331
2490.0000 2555.3569
2500.0000 2581.2504
2510.0000 2621.6177
2520.0000 2361.3869
2530.0000 2476.3464
2540.0000 2357.9246
2550.0000 2521.0886
2560.0000 2547.9285
2570.0000 2504.3692
2580.0000 2602.8690
2590.0000 2323.9377
2600.0000 1701.8371
2610.0000 2736.2772
2620.0000 2031.5124
2630.0000 2232.2491
2640.0000 2362.9260
2650.0000 2372.0859
2660.0000 1760.8151
2670.0000 1848.8804
2680.0000 1610.5277
2690.0000 2112.6739
2700.0000 1787.4804
2710.0000 1875.4466
2720.0000 1807.8255
2730.0000 2357.5053
2740.0000 2550.7765
2750.0000 2498.9419
2760.0000 2466.7516
2770.0000 2030.9298
2780.0000 2721.8917
2790.0000 2794.6955
2800.0000 2416.4804
2810.0000 2327.8529
2820.0000 2305.6710
2830.0000 2181.3824
2840.0000 2247.7437
2850.0000 2014.9811
2860.0000 1922.0761
2870.0000 2330.3094
2880.0000 2253.3997
2890.0000 2174.0875
2900.0000 2440.6337
2910.0000 2284.2457
2920.0000 2062.6155
2930.0000 1643.1063
2940.0000 1791.2596
2950.0000 2280.6409
2960.0000 2612.4322
2970.0000 2283.4894
2980.0000 2283.3394
2990.0000 2800.0000
3000.0000 2545.6838
3010.0000 1849.7256
3020.0000 1212.3201
3030.0000 1503.9336
3040.0000 1857.9598
3050.0000 1745.4115
3060.0000 1678.3668
3070.0000 1520.5411
3080.0000 1776.8205
3090.0000 1894.7275
3100.0000 1853.8877
3110.0000 1671.3218
3120.0000 1611.8763
3130.0000 1811.6993
3140.0000 1977.6432
