0.0000 0.0000
10.0000 2087.9022
20.0000 1890.4376
30.0000 1702.5366
40.0000 1606.0896
50.0000 1568.1998
60.0000 1633.1877
70.0000 1583.9044
80.0000 1653.8657
90.0000 2087.0703
100.0000 2075.3994
110.0000 1778.9201
120.0000 1610.1195
130.0000 2594.2382
140.0000 2557.2326
150.0000 2621.1564
160.0000 2705.1290
170.0000 2535.0936
180.0000 2316.3280
190.0000 2134.9390
200.0000 2262.7020
210.0000 2280.4402
220.0000 2388.3969
230.0000 2448.8130
240.0000 2766.0132
250.0000 2800.0000
260.0000 2800.0000
270.0000 2800.0000
280.0000 2560.0554
290.0000 2418.2124
300.0000 2237.3310
310.0000 2140.1863
320.0000 1873.4207
330.0000 1840.5812
340.0000 1496.0331
350.0000 1205.5231
360.0000 1225.2261
370.0000 1303.7490
380.0000 1507.2492
390.0000 2364.2157
400.0000 2158.1764
410.0000 1185.0711
420.0000 965.8324
430.0000 1335.5361
440.0000 1665.2189
450.0000 1454.8490
460.0000 1479.1833
470.0000 1865.4527
480.0000 1903.6813
490.0000 1788.8493
500.0000 1836.1836
510.0000 1855.6814
520.0000 1990.0230
530.0000 2216.2397
540.0000 2380.3662
550.0000 2051.7845
560.0000 1798.7332
570.0000 2561.8052
580.0000 1571.9848
590.0000 1957.2729
600.0000 2162.8809
610.0000 2800.0000
620.0000 2800.0000
630.0000 2541.5045
640.0000 2645.2130
650.0000 2483.5958
660.0000 1509.3499
670.0000 1630.7956
680.0000 1385.8548
690.0000 1851.6270
700.0000 2466.1337
710.0000 2157.6056
720.0000 2033.0210
730.0000 1697.3227
740.0000 2499.9552
750.0000 2340.8461
760.0000 2504.9517
770.0000 2553.2067
780.0000 2156.0472
790.0000 1993.9900
800.0000 2258.9543
810.0000 2681.7065
820.0000 2661.3617
830.0000 1765.5538
840.0000 2172.9240
850.0000 2624.4529
860.0000 1993.9728
870.0000 2048.9477
880.0000 1522.3551
890.0000 1542.4109
900.0000 1366.7652
910.0000 1985.3425
920.0000 1512.3636
930.0000 2076.1233
940.0000 2085.2746
950.0000 1971.5876
960.0000 2668.8625
970.0000 2800.0000
980.0000 2498.3521
990.0000 2298.8236
1000.0000 2238.3922
1010.0000 2565.4542
1020.0000 2605.6175
1030.0000 2301.9908
1040.0000 2333.4913
1050.0000 2447.4823
1060.0000 2297.3292
1070.0000 1968.4894
1080.0000 2310.7543
1090.0000 1995.6415
1100.0000 1984.8295
1110.0000 1814.9712
1120.0000 1780.1384
1130.0000 1847.5598
1140.0000 1205.9000
1150.0000 1642.7438
1160.0000 1730.4789
1170.0000 1794.2647
1180.0000 1766.7650
1190.0000 2267.3136
1200.0000 2140.2614
1210.0000 2108.6471
1220.0000 1811.2548
1230.0000 1605.3527
1240.0000 1723.1684
1250.0000 1774.6366
1260.0000 2092.4786
1270.0000 1602.6600
1280.0000 1916.0950
1290.0000 1256.0210
1300.0000 1077.3061
1310.0000 1976.0750
1320.0000 2800.0000
1330.0000 2202.2985
1340.0000 1890.1087
1350.0000 2092.2900
1360.0000 2163.1792
1370.0000 2419.2781
1380.0000 2652.7563
1390.0000 2098.2112
1400.0000 1619.9977
1410.0000 1379.8505
1420.0000 1483.2423
1430.0000 1557.6921
1440.0000 2429.0604
1450.0000 2558.2766
1460.0000 1710.4777
1470.0000 1907.6461
1480.0000 2066.9702
1490.0000 2077.8040
1500.0000 2232.4881
1510.0000 2800.0000
1520.0000 2800.0000
1530.0000 2664.6406
1540.0000 2800.0000
1550.0000 2800.0000
1560.0000 2800.0000
1570.0000 2667.9678
1580.0000 2410.6065
1590.0000 2800.0000
1600.0000 2314.4714
1610.0000 2800.0000
1620.0000 2800.0000
1630.0000 2800.0000
1640.0000 2666.2801
1650.0000 2800.0000
1660.0000 2800.0000
1670.0000 2568.4999
1680.0000 1868.9254
1690.0000 2800.0000
1700.0000 2800.0000
1710.0000 2588.2580
1720.0000 2800.0000
1730.0000 2404.1890
1740.0000 2500.2202
1750.0000 1705.6963
1760.0000 2618.5046
1770.0000 2672.5259
1780.0000 1948.7553
1790.0000 2020.9911
1800.0000 1684.1600
1810.0000 1210.5458
1820.0000 1241.7238
1830.0000 1633.9700
1840.0000 1810.6198
1850.0000 1404.1800
1860.0000 1866.7338
1870.0000 1648.3253
1880.0000 2269.4155
1890.0000 1904.3293
1900.0000 1471.3641
1910.0000 1627.3898
1920.0000 1895.4596
1930.0000 1754.9810
1940.0000 1703.4353
1950.0000 1846.2944
1960.0000 1987.3286
1970.0000 1996.9135
1980.0000 2314.2573
1990.0000 2082.2564
2000.0000 1865.6349
2010.0000 1970.0200
2020.0000 1712.3351
2030.0000 1259.0258
2040.0000 1499.6332
2050.0000 1656.0546
2060.0000 853.5859
2070.0000 2077.9297
2080.0000 2606.2470
2090.0000 2143.1215
2100.0000 1771.7434
2110.0000 2526.7000
2120.0000 2616.6000
2130.0000 2444.1892
2140.0000 2800.0000
2150.0000 2473.1901
2160.0000 2673.2797
2170.0000 2252.3371
2180.0000 2800.0000
2190.0000 2582.8465
2200.0000 2800.0000
2210.0000 2800.0000
2220.0000 2800.0000
2230.0000 2800.0000
2240.0000 2400.4332
2250.0000 1903.0746
2260.0000 2222.7702
2270.0000 2525.5314
2280.0000 2115.4645
2290.0000 2080.2612
2300.0000 2612.0030
2310.0000 2487.2182
2320.0000 2191.3388
2330.0000 1995.0787
2340.0000 2287.8379
2350.0000 2535.9906
2360.0000 2141.8286
2370.0000 2471.2277
2380.0000 1885.2032
2390.0000 2284.2163
2400.0000 2566.4074
2410.0000 2182.6326
2420.0000 2444.4042
2430.0000 2147.1570
2440.0000 2134.3588
2450.0000 1713.8110
2460.0000 1775.2616
2470.0000 1769.2157
2480.0000 1807.3533
2490.0000 2272.0622
2500.0000 2582.9529
2510.0000 2137.6136
2520.0000 2312.5714
2530.0000 2564.0344
2540.0000 2639.2739
2550.0000 2392.9232
2560.0000 1760.7544
2570.0000 2504.3220
2580.0000 2800.0000
2590.0000 2800.0000
2600.0000 2792.4374
2610.0000 2682.3288
2620.0000 2192.7878
2630.0000 2507.9979
2640.0000 2800.0000
2650.0000 2527.5251
2660.0000 2732.1179
2670.0000 2800.0000
2680.0000 2544.2421
2690.0000 2728.4423
2700.0000 2686.3729
2710.0000 2552.2543
2720.0000 2800.0000
2730.0000 2518.7392
2740.0000 2467.0565
2750.0000 2426.8103
2760.0000 2599.4232
2770.0000 2449.0085
2780.0000 2521.1772
2790.0000 2360.7108
2800.0000 1948.1983
2810.0000 1461.7198
2820.0000 2056.6597
2830.0000 2604.6096
2840.0000 2557.7396
2850.0000 2200.7592
2860.0000 1984.1850
2870.0000 1708.3547
2880.0000 2220.3850
2890.0000 2007.2531
2900.0000 2329.7483
2910.0000 2238.0453
2920.0000 2456.5802
2930.0000 2172.7925
2940.0000 2116.5824
2950.0000 2149.8946
2960.0000 1801.1915
2970.0000 1516.1000
2980.0000 2797.1749
2990.0000 2318.8636
3000.0000 2464.1997
3010.0000 2390.3955
3020.0000 2262.3512
3030.0000 2090.0666
3040.0000 1868.6031
3050.0000 1712.4968
3060.0000 2000.7636
3070.0000 2140.2565
3080.0000 1826.4320
3090.0000 2553.8570
3100.0000 2422.2495
3110.0000 1912.4739
3120.0000 1858.8874
3130.0000 1924.1331
3140.0000 1587.9564
