0.0000 0.0000
10.0000 2409.3175
20.0000 2244.4626
30.0000 2186.4915
40.0000 2189.5707
50.0000 2153.3142
60.0000 2070.6716
70.0000 1963.7872
80.0000 1846.5180
90.0000 1889.8359
100.0000 1905.5274
110.0000 1994.5997
120.0000 2161.4714
130.0000 2057.1650
140.0000 1823.4116
150.0000 1773.5845
160.0000 1745.2358
170.0000 1927.3184
180.0000 1732.2426
190.0000 1643.0182
200.0000 1524.6354
210.0000 1382.8091
220.0000 926.0145
230.0000 1451.0284
240.0000 1635.4869
250.0000 1678.5139
260.0000 2052.4859
270.0000 2369.4489
280.0000 2453.8240
290.0000 2114.2134
300.0000 2337.2682
310.0000 1935.9657
320.0000 1972.5717
330.0000 1960.2973
340.0000 2362.2757
350.0000 2800.0000
360.0000 2112.7260
370.0000 2392.6828
380.0000 2648.3351
390.0000 2800.0000
400.0000 2363.7410
410.0000 2800.0000
420.0000 2319.1408
430.0000 1978.6872
440.0000 2800.0000
450.0000 2800.0000
460.0000 2545.1739
470.0000 1874.5076
480.0000 1911.0125
490.0000 2377.3809
500.0000 2380.2837
510.0000 2528.7404
520.0000 2553.3052
530.0000 2221.0663
540.0000 2280.6424
550.0000 2400.6834
560.0000 2515.3245
570.0000 2800.0000
580.0000 2800.0000
590.0000 2445.5259
600.0000 2327.4676
610.0000 2088.4617
620.0000 1550.9035
630.0000 2125.2874
640.0000 2428.8369
650.0000 2404.1193
660.0000 2005.9985
670.0000 2103.0060
680.0000 2202.4404
690.0000 2128.4642
700.0000 1995.6456
710.0000 1672.0181
720.0000 1811.5753
730.0000 2211.4500
740.0000 2456.6267
750.0000 2574.1461
760.0000 2750.4919
770.0000 2414.6308
780.0000 2265.9049
790.0000 1963.4362
800.0000 2002.3413
810.0000 1564.1913
820.0000 2230.8185
830.0000 1672.1252
840.0000 2094.4385
850.0000 2499.7225
860.0000 2420.0576
870.0000 2265.5684
880.0000 2168.3641
890.0000 2106.8175
900.0000 2023.0335
910.0000 1794.6616
920.0000 1730.5676
930.0000 1831.8908
940.0000 1362.6498
950.0000 1449.0505
960.0000 2535.1779
970.0000 2437.9488
980.0000 2283.8232
990.0000 1849.9597
1000.0000 1987.7637
1010.0000 1931.2756
1020.0000 1142.0304
1030.0000 1094.4801
1040.0000 1680.4070
1050.0000 2012.7624
1060.0000 2139.3569
1070.0000 2059.9084
1080.0000 2115.3184
1090.0000 1469.1221
1100.0000 1063.0413
1110.0000 1508.2566
1120.0000 1150.8981
1130.0000 1487.8833
1140.0000 1681.3928
1150.0000 1624.1460
1160.0000 1745.1565
1170.0000 1978.8380
1180.0000 2246.4860
1190.0000 2061.0090
1200.0000 2111.5452
1210.0000 1894.3595
1220.0000 1826.7489
1230.0000 1886.6682
1240.0000 1713.7208
1250.0000 1710.3451
1260.0000 2069.4171
1270.0000 1944.6046
1280.0000 2025.4088
1290.0000 1870.9214
1300.0000 1551.1611
1310.0000 1598.3944
1320.0000 1594.6804
1330.0000 785.4943
1340.0000 2800.0000
1350.0000 2800.0000
1360.0000 2017.6414
1370.0000 1760.3747
1380.0000 1978.7708
1390.0000 1929.8573
1400.0000 1718.9239
1410.0000 1608.7511
1420.0000 1820.9436
1430.0000 1577.4302
1440.0000 1628.9595
1450.0000 1489.4286
1460.0000 1421.0983
1470.0000 1381.0282
1480.0000 627.3553
1490.0000 2738.6925
1500.0000 2004.5104
1510.0000 2799.0674
1520.0000 1645.6731
1530.0000 2800.0000
1540.0000 2800.0000
1550.0000 2341.1244
1560.0000 2800.0000
1570.0000 2800.0000
1580.0000 1638.6741
1590.0000 2800.0000
1600.0000 2482.5566
1610.0000 2800.0000
1620.0000 2800.0000
1630.0000 2795.9798
1640.0000 2182.0967
1650.0000 2511.4258
1660.0000 2255.4084
1670.0000 2800.0000
1680.0000 2800.0000
1690.0000 2800.0000
1700.0000 2434.5816
1710.0000 2800.0000
1720.0000 2753.4265
1730.0000 2487.2344
1740.0000 2196.8114
1750.0000 2441.0173
1760.0000 2435.4775
1770.0000 2438.1646
1780.0000 2800.0000
1790.0000 2682.2263
1800.0000 2800.0000
1810.0000 2745.3292
1820.0000 2623.2204
1830.0000 2506.7591
1840.0000 2290.5398
1850.0000 2037.5947
1860.0000 1895.9461
1870.0000 2032.7092
1880.0000 2054.3305
1890.0000 2228.4719
1900.0000 2158.2314
1910.0000 1981.8572
1920.0000 2386.3923
1930.0000 2340.4924
1940.0000 2309.0308
1950.0000 2386.2814
1960.0000 2047.9672
1970.0000 2120.8928
1980.0000 2217.9816
1990.0000 2084.9664
2000.0000 1905.1825
2010.0000 1491.4644
2020.0000 1799.0611
2030.0000 1833.9825
2040.0000 1826.3086
2050.0000 1808.6374
2060.0000 1987.8047
2070.0000 2074.3581
2080.0000 2187.0440
2090.0000 2210.2633
2100.0000 2171.6771
2110.0000 1991.0969
2120.0000 2459.9448
2130.0000 2597.7513
2140.0000 2800.0000
2150.0000 2112.3717
2160.0000 2446.8656
2170.0000 1949.5770
2180.0000 2073.3768
2190.0000 1708.2325
2200.0000 2211.2211
2210.0000 2297.7687
2220.0000 2420.3483
2230.0000 2555.7391
2240.0000 2502.7480
2250.0000 2071.7496
2260.0000 2331.6108
2270.0000 2071.8292
2280.0000 1766.7511
2290.0000 1672.6132
2300.0000 2125.4646
2310.0000 1917.1460
2320.0000 2757.0824
2330.0000 1612.2302
2340.0000 927.2813
2350.0000 1018.9340
2360.0000 1765.2011
2370.0000 1643.1734
2380.0000 1675.8063
2390.0000 2188.2534
2400.0000 2800.0000
2410.0000 2396.9170
2420.0000 2546.1175
2430.0000 2508.6113
2440.0000 2453.3336
2450.0000 1846.1375
2460.0000 2234.4075
2470.0000 1492.5207
2480.0000 2619.8620
2490.0000 1861.5978
2500.0000 2143.1017
2510.0000 2409.0006
2520.0000 2151.3607
2530.0000 2800.0000
2540.0000 2800.0000
2550.0000 2350.4439
2560.0000 2031.8164
2570.0000 2325.5986
2580.0000 2498.7782
2590.0000 2167.7011
2600.0000 2246.1681
2610.0000 1920.2599
2620.0000 2198.4402
2630.0000 2800.0000
2640.0000 2800.0000
2650.0000 2800.0000
2660.0000 2571.8432
2670.0000 2590.2983
2680.0000 2424.8364
2690.0000 2783.5641
2700.0000 2800.0000
2710.0000 2800.0000
2720.0000 2800.0000
2730.0000 2800.0000
2740.0000 2423.6671
2750.0000 2215.1812
2760.0000 1805.1469
2770.0000 2249.9813
2780.0000 1910.2972
2790.0000 1805.3154
2800.0000 1420.1514
2810.0000 2129.5146
2820.0000 2452.4234
2830.0000 2258.9838
2840.0000 2182.1212
2850.0000 2130.9522
2860.0000 2023.6165
2870.0000 1877.2611
2880.0000 1965.6978
2890.0000 2122.3631
2900.0000 1829.0028
2910.0000 1950.5629
2920.0000 2124.2248
2930.0000 1991.7117
2940.0000 1864.7140
2950.0000 1885.5448
2960.0000 1975.0433
2970.0000 1872.1543
2980.0000 1995.2074
2990.0000 2050.7065
3000.0000 1776.3959
3010.0000 1715.9540
3020.0000 1770.1523
3030.0000 1759.1747
3040.0000 1694.3828
3050.0000 1666.1131
3060.0000 1819.3878
3070.0000 2102.1781
3080.0000 1974.8976
3090.0000 2346.3132
3100.0000 2263.7795
3110.0000 1405.2723
3120.0000 1508.0610
3130.0000 1722.6429
3140.0000 1712.4995
