0.0000 0.0000
10.0000 2604.0381
20.0000 2450.7574
30.0000 2362.1130
40.0000 2379.2833
50.0000 2497.6221
60.0000 2675.0760
70.0000 2682.2277
80.0000 2641.6497
90.0000 2667.6669
100.0000 2800.0000
110.0000 2509.2430
120.0000 2485.8797
130.0000 2331.2031
140.0000 2469.5384
150.0000 2517.2253
160.0000 2800.0000
170.0000 2655.3538
180.0000 2486.0406
190.0000 2354.1518
200.0000 2288.5900
210.0000 2270.7428
220.0000 2218.4097
230.0000 2095.6161
240.0000 886.8749
250.0000 2428.2667
260.0000 2476.9987
270.0000 2800.0000
280.0000 2685.3340
290.0000 2666.3504
300.0000 2730.6940
310.0000 2800.0000
320.0000 2800.0000
330.0000 2800.0000
340.0000 2111.9613
350.0000 2800.0000
360.0000 2800.0000
370.0000 2800.0000
380.0000 2601.4421
390.0000 2672.4323
400.0000 2800.0000
410.0000 2800.0000
420.0000 2800.0000
430.0000 2800.0000
440.0000 2800.0000
450.0000 2469.1698
460.0000 2800.0000
470.0000 2325.2078
480.0000 2163.1223
490.0000 2642.1317
500.0000 1916.0815
510.0000 2588.7399
520.0000 2115.5176
530.0000 2800.0000
540.0000 2442.6421
550.0000 2216.6488
560.0000 1901.8335
570.0000 1953.9938
580.0000 2170.1445
590.0000 2451.4480
600.0000 2025.8585
610.0000 1065.1172
620.0000 1503.1573
630.0000 1599.5296
640.0000 1897.0302
650.0000 1835.0204
660.0000 2094.4975
670.0000 2009.9930
680.0000 2190.5641
690.0000 2352.7795
700.0000 2166.6618
710.0000 1634.6565
720.0000 2540.5668
730.0000 2403.0002
740.0000 2131.7050
750.0000 1777.4444
760.0000 1338.3774
770.0000 1646.2626
780.0000 871.3184
790.0000 1852.6204
800.0000 2203.7439
810.0000 1602.6860
820.0000 2062.7618
830.0000 1355.6431
840.0000 1640.5786
850.0000 1990.1332
860.0000 1738.0122
870.0000 1758.6236
880.0000 1619.9768
890.0000 1697.6184
900.0000 1622.9940
910.0000 1818.9164
920.0000 1265.4360
930.0000 2786.9385
940.0000 2364.4492
950.0000 2800.0000
960.0000 2702.7003
970.0000 2713.6405
980.0000 2267.7955
990.0000 1974.1741
1000.0000 1524.4848
1010.0000 1724.4421
1020.0000 1315.2505
1030.0000 1385.2432
1040.0000 1412.1041
1050.0000 1047.5369
1060.0000 1605.0718
1070.0000 1551.1843
1080.0000 1572.0126
1090.0000 1186.0973
1100.0000 1555.3455
1110.0000 1836.1932
1120.0000 1603.3290
1130.0000 1747.5657
1140.0000 1447.8426
1150.0000 2800.0000
1160.0000 2800.0000
1170.0000 2310.2635
1180.0000 2090.0178
1190.0000 2555.7568
1200.0000 1830.0468
1210.0000 1830.4974
1220.0000 2800.0000
1230.0000 2639.0918
1240.0000 2547.6701
1250.0000 2234.5688
1260.0000 2373.7096
1270.0000 2800.0000
1280.0000 2800.0000
1290.0000 2800.0000
1300.0000 2675.5741
1310.0000 2101.2869
1320.0000 2376.3850
1330.0000 2044.1230
1340.0000 2000.9427
1350.0000 2315.0857
1360.0000 2233.9705
1370.0000 2119.1696
1380.0000 1898.0025
1390.0000 1602.7777
1400.0000 2053.6333
1410.0000 1874.0498
1420.0000 2021.6955
1430.0000 2487.5493
1440.0000 1580.7320
1450.0000 1589.5258
1460.0000 1562.9076
1470.0000 2146.9834
1480.0000 2163.2510
1490.0000 2238.0946
1500.0000 2286.6082
1510.0000 2784.1143
1520.0000 2800.0000
1530.0000 2508.7968
1540.0000 2549.9438
1550.0000 2355.5720
1560.0000 2364.4899
1570.0000 2535.1968
1580.0000 2535.0840
1590.0000 2306.8342
1600.0000 1935.6576
1610.0000 1326.4919
1620.0000 2025.4574
1630.0000 2543.9632
1640.0000 2400.6902
1650.0000 2161.9281
1660.0000 1704.6824
1670.0000 2111.6106
1680.0000 1901.1249
1690.0000 2102.0764
1700.0000 1765.5758
1710.0000 1543.9635
1720.0000 2571.6876
1730.0000 1943.0039
1740.0000 1443.7876
1750.0000 1585.9735
1760.0000 1739.3310
1770.0000 2690.7301
1780.0000 2800.0000
1790.0000 2608.7201
1800.0000 2074.1454
1810.0000 1953.8055
1820.0000 2169.6343
1830.0000 2128.4896
1840.0000 1039.4060
1850.0000 1123.8299
1860.0000 1370.4217
1870.0000 1415.2843
1880.0000 1313.1967
1890.0000 1161.4957
1900.0000 1237.2883
1910.0000 1709.8670
1920.0000 1827.2192
1930.0000 1593.1204
1940.0000 1753.0645
1950.0000 1250.4546
1960.0000 1752.3783
1970.0000 2303.9047
1980.0000 2412.3700
1990.0000 2038.4159
2000.0000 1376.8773
2010.0000 2700.9615
2020.0000 2465.1813
2030.0000 2331.2244
2040.0000 2707.2982
2050.0000 2360.4994
2060.0000 2739.4112
2070.0000 2205.9684
2080.0000 2800.0000
2090.0000 2800.0000
2100.0000 2584.1132
2110.0000 2458.6271
2120.0000 2001.0241
2130.0000 2723.5402
2140.0000 2228.3756
2150.0000 2541.4251
2160.0000 2328.6394
2170.0000 2800.0000
2180.0000 2800.0000
2190.0000 2229.5694
2200.0000 2800.0000
2210.0000 1988.0494
2220.0000 2497.2024
2230.0000 2800.0000
2240.0000 2800.0000
2250.0000 2800.0000
2260.0000 2542.9309
2270.0000 2800.0000
2280.0000 2800.0000
2290.0000 2569.6318
2300.0000 2310.1909
2310.0000 2800.0000
2320.0000 2512.4976
2330.0000 2740.0796
2340.0000 1099.5340
2350.0000 2800.0000
2360.0000 2203.5018
2370.0000 2555.3809
2380.0000 2464.5023
2390.0000 2696.9971
2400.0000 2800.0000
2410.0000 2701.8123
2420.0000 2489.4794
2430.0000 2578.9431
2440.0000 2800.0000
2450.0000 2800.0000
2460.0000 2312.8614
2470.0000 2329.1281
2480.0000 2013.5750
2490.0000 2800.0000
2500.0000 2200.9467
2510.0000 2687.5650
2520.0000 2002.5529
2530.0000 1931.1496
2540.0000 2124.3953
2550.0000 1988.6760
2560.0000 2552.2602
2570.0000 2280.0738
2580.0000 2049.3177
2590.0000 1949.1388
2600.0000 1425.9341
2610.0000 1950.4014
2620.0000 2339.2967
2630.0000 2398.2638
2640.0000 1826.2113
2650.0000 2480.6354
2660.0000 2102.7215
2670.0000 2643.6786
2680.0000 2501.0303
2690.0000 2306.8293
2700.0000 2111.2672
2710.0000 1949.8397
2720.0000 1847.3372
2730.0000 1862.5222
2740.0000 1566.5956
2750.0000 1879.2947
2760.0000 2233.9332
2770.0000 2094.1627
2780.0000 2014.0649
2790.0000 1881.4660
2800.0000 2069.6077
2810.0000 1851.8290
2820.0000 1722.0471
2830.0000 1829.3907
2840.0000 1106.1600
2850.0000 1185.4781
2860.0000 1246.5545
2870.0000 1450.6491
2880.0000 1292.5715
2890.0000 1561.3477
2900.0000 1695.7050
2910.0000 1810.0967
2920.0000 1699.3364
2930.0000 1703.0507
2940.0000 2319.7062
2950.0000 2011.0280
2960.0000 2271.4127
2970.0000 2312.6466
2980.0000 2036.4843
2990.0000 1738.4243
3000.0000 2062.0982
3010.0000 2800.0000
3020.0000 2081.1131
3030.0000 2800.0000
3040.0000 2082.1042
3050.0000 2800.0000
3060.0000 2123.8094
3070.0000 2531.2772
3080.0000 2800.0000
3090.0000 2584.3639
3100.0000 2800.0000
3110.0000 2800.0000
3120.0000 2764.8469
3130.0000 2800.0000
3140.0000 2800.0000
