0.0000 0.0000
10.0000 2219.5727
20.0000 1930.6992
30.0000 2170.8963
40.0000 2644.1279
50.0000 2604.2568
60.0000 2471.1017
70.0000 2300.7558
80.0000 2367.1954
90.0000 2578.1360
100.0000 2161.8389
110.0000 2400.0053
120.0000 2146.5041
130.0000 2091.0570
140.0000 2080.3650
150.0000 1746.3549
160.0000 1937.0990
170.0000 2337.8464
180.0000 2639.8759
190.0000 1678.4315
200.0000 1514.4414
210.0000 1336.0655
220.0000 1888.7012
230.0000 1872.3927
240.0000 1852.6057
250.0000 1477.7478
260.0000 2800.0000
270.0000 2450.2488
280.0000 1877.8910
290.0000 1651.5794
300.0000 1187.9237
310.0000 1620.0424
320.0000 1694.6446
330.0000 1968.5919
340.0000 694.7312
350.0000 1074.6509
360.0000 2467.1756
370.0000 2377.8448
380.0000 2349.1579
390.0000 2254.1433
400.0000 1463.1600
410.0000 1315.0680
420.0000 1664.3002
430.0000 2703.3302
440.0000 2800.0000
450.0000 2800.0000
460.0000 2023.0767
470.0000 1983.8632
480.0000 1872.2314
490.0000 2052.5410
500.0000 2714.6582
510.0000 1218.6001
520.0000 2063.3818
530.0000 1421.2595
540.0000 2215.3839
550.0000 2322.0520
560.0000 1316.9723
570.0000 2515.3032
580.0000 2619.8600
590.0000 2342.0670
600.0000 1892.9488
610.0000 2229.4862
620.0000 2008.3040
630.0000 2052.0370
640.0000 2628.8352
650.0000 2284.3672
660.0000 2328.9437
670.0000 1780.8689
680.0000 2437.7909
690.0000 2585.9632
700.0000 2013.9632
710.0000 1558.7773
720.0000 2800.0000
730.0000 2800.0000
740.0000 2800.0000
750.0000 2800.0000
760.0000 2374.6041
770.0000 2276.1081
780.0000 2590.8942
790.0000 2514.6173
800.0000 2304.5360
810.0000 2000.3709
820.0000 2560.4221
830.0000 2319.8310
840.0000 2519.0579
850.0000 2424.9857
860.0000 1830.4836
870.0000 2462.6593
880.0000 2583.0574
890.0000 2273.3202
900.0000 2715.8135
910.0000 2756.3821
920.0000 2395.1680
930.0000 2263.6884
940.0000 2733.5552
950.0000 2658.6593
960.0000 2739.8924
970.0000 2455.2318
980.0000 2800.0000
990.0000 2729.3319
1000.0000 2800.0000
1010.0000 2357.5222
1020.0000 2435.2189
1030.0000 2533.7146
1040.0000 2800.0000
1050.0000 2324.1906
1060.0000 2023.9692
1070.0000 2099.7708
1080.0000 2029.5622
1090.0000 2057.9670
1100.0000 1914.6007
1110.0000 1787.8948
1120.0000 1530.8144
1130.0000 1736.7165
1140.0000 2173.0066
1150.0000 1251.8518
1160.0000 2558.7493
1170.0000 1795.6791
1180.0000 1897.4748
1190.0000 1733.5199
1200.0000 1343.9363
1210.0000 985.0389
1220.0000 1206.6116
1230.0000 1458.3845
1240.0000 1770.6314
1250.0000 1906.3280
1260.0000 1612.4461
1270.0000 1377.7810
1280.0000 989.8273
1290.0000 934.5390
1300.0000 1133.1464
1310.0000 1412.8875
1320.0000 1275.9309
1330.0000 991.8578
1340.0000 800.9250
1350.0000 1121.7882
1360.0000 917.7669
1370.0000 572.1125
1380.0000 492.4597
1390.0000 1151.9619
1400.0000 1147.4835
1410.0000 1379.6624
1420.0000 1690.7970
1430.0000 1887.4063
1440.0000 2284.6906
1450.0000 2713.1601
1460.0000 2653.2629
1470.0000 2337.4137
1480.0000 1433.4694
1490.0000 2651.3483
1500.0000 2795.3491
1510.0000 2800.0000
1520.0000 2462.8608
1530.0000 2380.1037
1540.0000 1548.3384
1550.0000 2237.8167
1560.0000 1940.8505
1570.0000 1919.5623
1580.0000 2725.5516
1590.0000 2358.4867
1600.0000 1676.6984
1610.0000 1712.9210
1620.0000 1701.6865
1630.0000 1735.3277
1640.0000 1497.1429
1650.0000 1848.9739
1660.0000 2146.6140
1670.0000 1936.6948
1680.0000 2800.0000
1690.0000 2228.2659
1700.0000 2299.6428
1710.0000 2082.9494
1720.0000 2141.2463
1730.0000 2373.6074
1740.0000 2800.0000
1750.0000 2227.7608
1760.0000 2408.1904
1770.0000 2004.1403
1780.0000 2138.0273
1790.0000 1646.2115
1800.0000 2416.0785
1810.0000 2376.5946
1820.0000 2415.9946
1830.0000 2398.2950
1840.0000 2800.0000
1850.0000 2771.6387
1860.0000 2449.2685
1870.0000 917.5459
1880.0000 2800.0000
1890.0000 2519.2309
1900.0000 2800.0000
1910.0000 2775.7428
1920.0000 2231.2666
1930.0000 2800.0000
1940.0000 2513.3498
1950.0000 2079.3601
1960.0000 2800.0000
1970.0000 1904.3578
1980.0000 2800.0000
1990.0000 2800.0000
2000.0000 2800.0000
2010.0000 1736.1148
2020.0000 1970.8947
2030.0000 2800.0000
2040.0000 2419.5645
2050.0000 2327.4654
2060.0000 2783.9444
2070.0000 2800.0000
2080.0000 2800.0000
2090.0000 2537.1928
2100.0000 2034.9280
2110.0000 2747.8882
2120.0000 2472.3735
2130.0000 2697.7105
2140.0000 2383.1156
2150.0000 2721.0025
2160.0000 2800.0000
2170.0000 2800.0000
2180.0000 2800.0000
2190.0000 2706.1722
2200.0000 2143.4857
2210.0000 2322.8941
2220.0000 2279.5397
2230.0000 2496.4705
2240.0000 2366.4479
2250.0000 2228.6820
2260.0000 2157.9507
2270.0000 2017.8179
2280.0000 1848.7548
2290.0000 2063.8742
2300.0000 2003.7443
2310.0000 1692.6158
2320.0000 1280.0209
2330.0000 1523.2493
2340.0000 1470.2108
2350.0000 1664.0893
2360.0000 1607.1449
2370.0000 1519.5203
2380.0000 1408.3521
2390.0000 1353.5443
2400.0000 1416.5672
2410.0000 1241.1007
2420.0000 1241.6733
2430.0000 1826.7320
2440.0000 1735.9068
2450.0000 1575.1957
2460.0000 1710.4051
2470.0000 1769.5635
2480.0000 2138.0531
2490.0000 1819.5292
2500.0000 1822.6559
2510.0000 1741.7280
2520.0000 1677.4569
2530.0000 1472.2911
2540.0000 1181.3153
2550.0000 1358.5413
2560.0000 1390.2029
2570.0000 1135.6775
2580.0000 1264.2554
2590.0000 1116.9018
2600.0000 1072.3649
2610.0000 1123.2117
2620.0000 1409.2687
2630.0000 1501.0193
2640.0000 1656.7853
2650.0000 2188.8208
2660.0000 1351.5822
2670.0000 2639.5839
2680.0000 2746.7858
2690.0000 2442.1722
2700.0000 2600.2981
2710.0000 2773.9387
2720.0000 2632.4781
2730.0000 2282.6803
2740.0000 2800.0000
2750.0000 2800.0000
2760.0000 2552.2955
2770.0000 2800.0000
2780.0000 2800.0000
2790.0000 2800.0000
2800.0000 2579.2393
2810.0000 2129.9592
2820.0000 2800.0000
2830.0000 2800.0000
2840.0000 2463.4432
2850.0000 2463.2217
2860.0000 2652.9493
2870.0000 2076.2483
2880.0000 1605.9138
2890.0000 1925.7445
2900.0000 1330.0412
2910.0000 1786.6685
2920.0000 2280.5700
2930.0000 2715.8322
2940.0000 2083.4488
2950.0000 2403.9438
2960.0000 2800.0000
2970.0000 2800.0000
2980.0000 2520.6042
2990.0000 2800.0000
3000.0000 2800.0000
3010.0000 2527.9894
3020.0000 2716.5973
3030.0000 2798.8981
3040.0000 2800.0000
3050.0000 2760.0028
3060.0000 2800.0000
3070.0000 1603.7524
3080.0000 2771.1479
3090.0000 2667.2296
3100.0000 2800.0000
3110.0000 2622.9499
3120.0000 1852.5063
3130.0000 2800.0000
3140.0000 2651.9283
