0.0000 0.0000
10.0000 2623.2204
20.0000 2540.5930
30.0000 2492.7427
40.0000 2466.4435
50.0000 2361.4092
60.0000 2185.3541
70.0000 2056.3648
80.0000 2065.5270
90.0000 2390.6332
100.0000 2512.6202
110.0000 2512.2280
120.0000 2400.3356
130.0000 2408.3042
140.0000 2501.0373
150.0000 2755.8222
160.0000 2685.2299
170.0000 2683.7236
180.0000 2411.5923
190.0000 2222.2837
200.0000 2364.9924
210.0000 2418.4991
220.0000 2688.8256
230.0000 2795.5934
240.0000 2435.3636
250.0000 1762.4022
260.0000 2165.0004
270.0000 2562.0448
280.0000 2315.3975
290.0000 2428.4771
300.0000 1775.5261
310.0000 2290.6034
320.0000 2693.5798
330.0000 2561.8507
340.0000 2537.1228
350.0000 2228.4483
360.0000 2365.7601
370.0000 2132.4049
380.0000 1940.1875
390.0000 2041.2568
400.0000 1916.6082
410.0000 2784.8833
420.0000 2800.0000
430.0000 2302.4630
440.0000 2106.4683
450.0000 1991.5471
460.0000 1401.4761
470.0000 2538.1254
480.0000 2160.6371
490.0000 2091.7449
500.0000 2087.7560
510.0000 2348.6602
520.0000 2428.8493
530.0000 2048.8452
540.0000 1076.0396
550.0000 2176.3103
560.0000 1868.2145
570.0000 1824.0834
580.0000 1941.1952
590.0000 1770.0396
600.0000 2237.9846
610.0000 2437.4489
620.0000 1680.2118
630.0000 2189.5205
640.0000 2792.9918
650.0000 2800.0000
660.0000 2677.5815
670.0000 2800.0000
680.0000 2673.4367
690.0000 2005.3994
700.0000 2240.6430
710.0000 1263.8462
720.0000 2800.0000
730.0000 2733.7201
740.0000 2755.4326
750.0000 2298.7808
760.0000 1946.9678
770.0000 2502.9002
780.0000 1880.6994
790.0000 2437.6600
800.0000 2800.0000
810.0000 2784.5718
820.0000 2800.0000
830.0000 2800.0000
840.0000 2484.2588
850.0000 2800.0000
860.0000 2745.7765
870.0000 2378.6785
880.0000 1888.4688
890.0000 2239.0463
900.0000 2775.0528
910.0000 2800.0000
920.0000 2236.9702
930.0000 2551.3514
940.0000 2349.0591
950.0000 2800.0000
960.0000 2800.0000
970.0000 2800.0000
980.0000 2218.5704
990.0000 2672.4114
1000.0000 2469.5587
1010.0000 2371.1712
1020.0000 2560.6330
1030.0000 2593.2736
1040.0000 2202.9890
1050.0000 2800.0000
1060.0000 2582.3263
1070.0000 2522.4831
1080.0000 2800.0000
1090.0000 2628.1848
1100.0000 1972.3610
1110.0000 2404.3967
1120.0000 2100.2038
1130.0000 2570.8485
1140.0000 2526.5170
1150.0000 2235.4779
1160.0000 2236.0788
1170.0000 2003.9468
1180.0000 1761.9080
1190.0000 2201.8918
1200.0000 2307.2154
1210.0000 2334.2883
1220.0000 1515.7084
1230.0000 1880.7723
1240.0000 2340.0294
1250.0000 2137.5688
1260.0000 1549.1455
1270.0000 1080.1210
1280.0000 1898.7166
1290.0000 2484.4508
1300.0000 2470.3848
1310.0000 2399.0029
1320.0000 2341.3189
1330.0000 2800.0000
1340.0000 2725.3722
1350.0000 2430.0644
1360.0000 2498.5345
1370.0000 2031.1364
1380.0000 2800.0000
1390.0000 2544.9308
1400.0000 2503.8056
1410.0000 2206.2010
1420.0000 1770.1365
1430.0000 2165.5938
1440.0000 1159.4245
1450.0000 1697.0324
1460.0000 2427.2957
1470.0000 2060.8501
1480.0000 2300.1558
1490.0000 2123.4552
1500.0000 1950.1700
1510.0000 1730.8994
1520.0000 2087.0490
1530.0000 1750.6104
1540.0000 2067.2106
1550.0000 2112.2327
1560.0000 1847.2222
1570.0000 971.4609
1580.0000 735.0051
1590.0000 1374.7071
1600.0000 1208.5339
1610.0000 1682.1719
1620.0000 1935.2002
1630.0000 1222.9599
1640.0000 1718.3428
1650.0000 2065.2327
1660.0000 1915.0470
1670.0000 1779.9591
1680.0000 1843.3710
1690.0000 1681.9666
1700.0000 1912.3013
1710.0000 2000.9245
1720.0000 2068.1764
1730.0000 2284.2334
1740.0000 1750.5347
1750.0000 1642.5230
1760.0000 2071.7654
1770.0000 1727.0418
1780.0000 2274.0932
1790.0000 1846.8662
1800.0000 1812.0235
1810.0000 1925.7341
1820.0000 1405.7084
1830.0000 1636.5774
1840.0000 1393.4975
1850.0000 1183.6587
1860.0000 1417.3750
1870.0000 1487.9501
1880.0000 1454.7030
1890.0000 1067.1718
1900.0000 1420.3320
1910.0000 1242.1034
1920.0000 1219.2288
1930.0000 1523.4953
1940.0000 1581.6989
1950.0000 1624.8581
1960.0000 1616.0122
1970.0000 1617.0597
1980.0000 1555.8013
1990.0000 854.7242
2000.0000 1774.4487
2010.0000 2473.7325
2020.0000 2322.9087
2030.0000 1662.4424
2040.0000 366.0173
2050.0000 2301.1222
2060.0000 2800.0000
2070.0000 2800.0000
2080.0000 2425.5985
2090.0000 1436.3335
2100.0000 2417.3619
2110.0000 2407.3071
2120.0000 2575.3583
2130.0000 2087.3490
2140.0000 1811.3882
2150.0000 1470.6914
2160.0000 1172.3982
2170.0000 2388.4364
2180.0000 2431.9165
2190.0000 2228.5832
2200.0000 2137.1677
2210.0000 2328.6252
2220.0000 2366.9282
2230.0000 1624.5314
2240.0000 2268.6696
2250.0000 2783.8048
2260.0000 2452.6424
2270.0000 2288.7466
2280.0000 2320.1809
2290.0000 2800.0000
2300.0000 2800.0000
2310.0000 2688.0647
2320.0000 2160.8259
2330.0000 2205.1496
2340.0000 1696.2016
2350.0000 2174.2650
2360.0000 2203.1738
2370.0000 1846.3471
2380.0000 1631.5543
2390.0000 2438.0811
2400.0000 2800.0000
2410.0000 2503.7142
2420.0000 2449.8149
2430.0000 2202.5102
2440.0000 2800.0000
2450.0000 1959.7626
2460.0000 2710.4604
2470.0000 2623.3838
2480.0000 2275.3105
2490.0000 2740.2889
2500.0000 2800.0000
2510.0000 2459.9823
2520.0000 2578.6626
2530.0000 2515.1886
2540.0000 2462.5325
2550.0000 2713.6704
2560.0000 2738.3170
2570.0000 2294.9361
2580.0000 2106.6288
2590.0000 2121.9068
2600.0000 1927.5603
2610.0000 1659.4490
2620.0000 1556.7316
2630.0000 2066.0751
2640.0000 1148.8609
2650.0000 2040.6760
2660.0000 1963.4364
2670.0000 1528.5384
2680.0000 1405.2423
2690.0000 1438.7201
2700.0000 1501.7331
2710.0000 1310.2125
2720.0000 989.7242
2730.0000 916.4500
2740.0000 1026.0812
2750.0000 1033.1171
2760.0000 705.2507
2770.0000 1009.6125
2780.0000 855.3467
2790.0000 973.8993
2800.0000 1171.4750
2810.0000 1044.8533
2820.0000 1537.8658
2830.0000 1684.3512
2840.0000 1955.0555
2850.0000 1719.0787
2860.0000 1999.8951
2870.0000 1686.5063
2880.0000 1436.8592
2890.0000 1428.1289
2900.0000 1353.5106
2910.0000 1633.6030
2920.0000 782.5407
2930.0000 2605.9837
2940.0000 2210.0464
2950.0000 1912.1337
2960.0000 2183.0944
2970.0000 1873.9145
2980.0000 1828.7714
2990.0000 1976.8466
3000.0000 1818.1494
3010.0000 1959.8472
3020.0000 2046.3349
3030.0000 1559.5956
3040.0000 1341.0398
3050.0000 1166.1861
3060.0000 1553.8139
3070.0000 1178.7011
3080.0000 1243.4689
3090.0000 1482.6664
3100.0000 2160.7659
3110.0000 1865.6968
3120.0000 2335.0503
3130.0000 2247.5653
3140.0000 2020.4943
