0.0000 0.0000
10.0000 2019.3823
20.0000 2199.9061
30.0000 2222.2187
40.0000 2168.0284
50.0000 2175.4233
60.0000 2204.0100
70.0000 2256.1048
80.0000 2282.5721
90.0000 2208.4444
100.0000 2147.2722
110.0000 2107.1243
120.0000 2035.3672
130.0000 2171.8482
140.0000 2351.3645
150.0000 2237.6847
160.0000 2223.3718
170.0000 2215.0224
180.0000 2386.0163
190.0000 2397.3178
200.0000 2446.9556
210.0000 2184.9802
220.0000 2077.1234
230.0000 2159.7594
240.0000 1866.2942
250.0000 1876.0080
260.0000 1722.1587
270.0000 1676.3341
280.0000 1799.0979
290.0000 1862.6474
300.0000 2232.0648
310.0000 2001.5605
320.0000 2257.8761
330.0000 2467.1747
340.0000 2187.1309
350.0000 1403.3034
360.0000 1475.2865
370.0000 1645.9097
380.0000 1624.7683
390.0000 1619.4768
400.0000 1766.1893
410.0000 1824.0143
420.0000 1102.9523
430.0000 2023.8596
440.0000 1729.9176
450.0000 2000.1748
460.0000 2323.9074
470.0000 2796.5234
480.0000 2504.6209
490.0000 2390.1217
500.0000 2338.4089
510.0000 1476.6640
520.0000 2077.4712
530.0000 2653.9050
540.0000 2468.1989
550.0000 1757.4280
560.0000 2079.1770
570.0000 1802.0516
580.0000 1928.1610
590.0000 1427.6084
600.0000 1079.3196
610.0000 2270.8338
620.0000 1871.5856
630.0000 2065.6632
640.0000 2026.5638
650.0000 1258.7148
660.0000 1589.1850
670.0000 2157.7933
680.0000 2058.6227
690.0000 2602.9930
700.0000 2568.8296
710.0000 2056.5666
720.0000 2350.5967
730.0000 2613.5135
740.0000 2476.9508
750.0000 1882.4414
760.0000 1399.0746
770.0000 2289.8490
780.0000 2637.5235
790.0000 1881.6027
800.0000 2207.3610
810.0000 1524.8812
820.0000 2266.7544
830.0000 2244.7764
840.0000 2346.8511
850.0000 1975.5397
860.0000 1959.3017
870.0000 1842.9391
880.0000 1652.1583
890.0000 756.3112
900.0000 1894.6614
910.0000 2800.0000
920.0000 2425.9492
930.0000 2376.5734
940.0000 2412.9362
950.0000 2514.0349
960.0000 2592.7477
970.0000 2800.0000
980.0000 2702.1758
990.0000 2546.2769
1000.0000 2780.1534
1010.0000 2800.0000
1020.0000 2800.0000
1030.0000 2244.2794
1040.0000 1978.8595
1050.0000 2800.0000
1060.0000 2186.6130
1070.0000 2641.8512
1080.0000 1939.6253
1090.0000 2662.5956
1100.0000 2027.2218
1110.0000 2512.9699
1120.0000 1729.4171
1130.0000 1260.6158
1140.0000 2800.0000
1150.0000 2692.2279
1160.0000 2427.1312
1170.0000 2383.3211
1180.0000 2800.0000
1190.0000 2543.5847
1200.0000 1766.2373
1210.0000 1786.3461
1220.0000 2598.8384
1230.0000 1769.4840
1240.0000 1678.9764
1250.0000 2800.0000
1260.0000 2420.5022
1270.0000 2800.0000
1280.0000 2554.8479
1290.0000 2322.5787
1300.0000 2146.6939
1310.0000 2340.0880
1320.0000 2245.6476
1330.0000 2441.3762
1340.0000 2093.5639
1350.0000 2712.4530
1360.0000 2437.2234
1370.0000 2476.9864
1380.0000 2180.9908
1390.0000 2229.1047
1400.0000 2800.0000
1410.0000 1928.2998
1420.0000 2077.5577
1430.0000 1939.2292
1440.0000 2467.0380
1450.0000 2154.6503
1460.0000 1879.9308
1470.0000 1769.1536
1480.0000 1499.1181
1490.0000 1269.6602
1500.0000 1265.7754
1510.0000 1945.0741
1520.0000 2069.8894
1530.0000 1979.3652
1540.0000 2617.8962
1550.0000 1702.1726
1560.0000 1392.8671
1570.0000 1390.6149
1580.0000 919.0359
1590.0000 1897.3741
1600.0000 1790.0711
1610.0000 1844.4161
1620.0000 1512.7177
1630.0000 1536.3896
1640.0000 1697.3986
1650.0000 1542.6691
1660.0000 1759.8402
1670.0000 1881.0147
1680.0000 2077.2230
1690.0000 2463.2140
1700.0000 2655.3368
1710.0000 2324.7331
1720.0000 2693.7021
1730.0000 2668.9050
1740.0000 1170.3106
1750.0000 815.7998
1760.0000 1529.3973
1770.0000 990.8810
1780.0000 1697.1489
1790.0000 1801.8145
1800.0000 2365.0511
1810.0000 1888.3372
1820.0000 2800.0000
1830.0000 2136.1582
1840.0000 1745.2670
1850.0000 1940.4088
1860.0000 2619.6898
1870.0000 2395.3495
1880.0000 2800.0000
1890.0000 2433.0919
1900.0000 1755.5626
1910.0000 1647.2870
1920.0000 1101.3178
1930.0000 2800.0000
1940.0000 2087.9254
1950.0000 2658.3443
1960.0000 2800.0000
1970.0000 2493.2948
1980.0000 2800.0000
1990.0000 2588.2027
2000.0000 2290.4455
2010.0000 2587.6611
2020.0000 2568.7307
2030.0000 2336.0014
2040.0000 2521.9041
2050.0000 1938.3045
2060.0000 1893.1087
2070.0000 2367.4758
2080.0000 2138.4097
2090.0000 2191.4649
2100.0000 2617.3763
2110.0000 2263.8824
2120.0000 1979.8519
2130.0000 2333.7715
2140.0000 2085.8929
2150.0000 2451.7625
2160.0000 2800.0000
2170.0000 2434.3340
2180.0000 2634.6086
2190.0000 2023.9803
2200.0000 2712.1644
2210.0000 2800.0000
2220.0000 2156.3386
2230.0000 2800.0000
2240.0000 2562.8244
2250.0000 2456.6701
2260.0000 2800.0000
2270.0000 2486.0164
2280.0000 2292.0698
2290.0000 2418.7462
2300.0000 2198.8095
2310.0000 2021.9483
2320.0000 2137.4460
2330.0000 1955.4115
2340.0000 2180.5287
2350.0000 2301.2582
2360.0000 2800.0000
2370.0000 2800.0000
2380.0000 2099.7991
2390.0000 2271.1959
2400.0000 2597.1076
2410.0000 2211.5372
2420.0000 2120.8228
2430.0000 1691.3680
2440.0000 2112.8931
2450.0000 1974.4506
2460.0000 2141.6275
2470.0000 2280.3308
2480.0000 2640.1796
2490.0000 2196.4708
2500.0000 2049.4865
2510.0000 2474.4666
2520.0000 2146.7687
2530.0000 1723.8933
2540.0000 1766.4832
2550.0000 1871.4333
2560.0000 1870.5763
2570.0000 1433.0816
2580.0000 1886.2535
2590.0000 1743.9436
2600.0000 948.8402
2610.0000 1968.6699
2620.0000 2002.6126
2630.0000 2110.2988
2640.0000 1845.8243
2650.0000 1725.0796
2660.0000 2110.6667
2670.0000 1913.6400
2680.0000 1845.6442
2690.0000 1624.1867
2700.0000 1601.3803
2710.0000 1419.5425
2720.0000 1709.8459
2730.0000 1497.4270
2740.0000 1908.6779
2750.0000 1509.2830
2760.0000 2004.3361
2770.0000 935.0017
2780.0000 1697.4371
2790.0000 1301.6219
2800.0000 2047.6999
2810.0000 2020.1147
2820.0000 2306.6971
2830.0000 1601.7103
2840.0000 1962.7636
2850.0000 2390.5529
2860.0000 1479.3126
2870.0000 2065.7101
2880.0000 1952.4539
2890.0000 2298.3675
2900.0000 1892.3592
2910.0000 1722.2206
2920.0000 1234.7157
2930.0000 2414.1391
2940.0000 2183.1389
2950.0000 1916.1409
2960.0000 2170.4234
2970.0000 1866.7082
2980.0000 2171.4914
2990.0000 2356.4184
3000.0000 1917.1964
3010.0000 1939.0991
3020.0000 1758.8550
3030.0000 2014.8833
3040.0000 2113.0482
3050.0000 2334.1732
3060.0000 1786.5098
3070.0000 1870.0615
3080.0000 2729.0906
3090.0000 1652.8987
3100.0000 2139.6324
3110.0000 2660.4930
3120.0000 1827.1843
3130.0000 1670.3709
3140.0000 2070.9842
