0.0000 0.0000
10.0000 2800.0000
20.0000 2800.0000
30.0000 2800.0000
40.0000 2800.0000
50.0000 2800.0000
60.0000 2667.0496
70.0000 2800.0000
80.0000 2800.0000
90.0000 2800.0000
100.0000 2754.8006
110.0000 2571.3609
120.0000 2569.3724
130.0000 2556.5866
140.0000 2538.7343
150.0000 2800.0000
160.0000 2339.7988
170.0000 2686.2017
180.0000 2800.0000
190.0000 2800.0000
200.0000 2800.0000
210.0000 2758.1852
220.0000 2577.4737
230.0000 2716.5595
240.0000 2508.3020
250.0000 2637.9018
260.0000 2709.7240
270.0000 2364.1366
280.0000 2067.5221
290.0000 1812.2506
300.0000 2034.9079
310.0000 2040.8715
320.0000 1466.1870
330.0000 1282.8247
340.0000 1289.9521
350.0000 1328.2267
360.0000 1003.6040
370.0000 1645.1444
380.0000 1597.2228
390.0000 2098.5620
400.0000 2072.0784
410.0000 1803.4688
420.0000 1484.1572
430.0000 1065.1706
440.0000 1261.8756
450.0000 1872.4802
460.0000 2129.6102
470.0000 1998.4847
480.0000 1404.4014
490.0000 1925.0109
500.0000 1780.4330
510.0000 1615.3418
520.0000 2142.1451
530.0000 1717.8395
540.0000 1602.8035
550.0000 1418.3748
560.0000 1018.1497
570.0000 1848.1267
580.0000 1733.8059
590.0000 1626.6943
600.0000 1394.1075
610.0000 1396.9654
620.0000 2144.7156
630.0000 2054.9509
640.0000 2118.6381
650.0000 2626.2946
660.0000 2789.9769
670.0000 756.9145
680.0000 1645.4352
690.0000 1775.9204
700.0000 2608.2864
710.0000 1892.1966
720.0000 2077.2988
730.0000 2134.9213
740.0000 2003.0352
750.0000 2094.6236
760.0000 2350.6354
770.0000 2493.3154
780.0000 2547.8212
790.0000 2296.7504
800.0000 1802.5652
810.0000 2015.6230
820.0000 2148.8661
830.0000 2043.2713
840.0000 1523.1611
850.0000 1075.6757
860.0000 845.4428
870.0000 1604.7753
880.0000 1058.6528
890.0000 1889.7058
900.0000 1874.0847
910.0000 2462.7087
920.0000 2259.7491
930.0000 2413.8439
940.0000 2312.2484
950.0000 1612.4954
960.0000 2312.0043
970.0000 2671.8874
980.0000 2354.2852
990.0000 2279.7115
1000.0000 1852.3437
1010.0000 1929.7670
1020.0000 1677.1915
1030.0000 1936.7135
1040.0000 2311.3101
1050.0000 2381.7528
1060.0000 1966.0394
1070.0000 2395.5410
1080.0000 2651.3466
1090.0000 1943.2692
1100.0000 2734.3092
1110.0000 2497.1260
1120.0000 1959.9144
1130.0000 2071.8961
1140.0000 2206.3522
1150.0000 2194.5969
1160.0000 1326.9414
1170.0000 1471.2087
1180.0000 2800.0000
1190.0000 2571.5738
1200.0000 2005.0769
1210.0000 2121.0031
1220.0000 1590.0699
1230.0000 1554.2764
1240.0000 2416.2350
1250.0000 1904.7474
1260.0000 2565.7080
1270.0000 2323.0159
1280.0000 1943.0351
1290.0000 2202.5604
1300.0000 2019.4082
1310.0000 1673.7276
1320.0000 2230.4285
1330.0000 2402.0099
1340.0000 1790.0441
1350.0000 2488.7131
1360.0000 2289.0501
1370.0000 1836.4980
1380.0000 1586.3124
1390.0000 1913.4150
1400.0000 2277.2997
1410.0000 1903.3275
1420.0000 2172.6599
1430.0000 1648.1112
1440.0000 2360.9022
1450.0000 2087.4142
1460.0000 1737.2605
1470.0000 1691.5750
1480.0000 1688.7512
1490.0000 1345.2120
1500.0000 2132.4821
1510.0000 2214.3272
1520.0000 2179.3144
1530.0000 1549.4586
1540.0000 1592.5617
1550.0000 1874.5846
1560.0000 1844.2977
1570.0000 1301.8564
1580.0000 1585.7602
1590.0000 1524.5484
1600.0000 1589.4174
1610.0000 2188.2808
1620.0000 1623.3327
1630.0000 1673.5768
1640.0000 1035.1063
1650.0000 1243.5599
1660.0000 1554.3940
1670.0000 1520.9711
1680.0000 1713.7312
1690.0000 1937.8489
1700.0000 1908.1710
1710.0000 1215.6541
1720.0000 1742.6355
1730.0000 2800.0000
1740.0000 2398.6280
1750.0000 2163.0659
1760.0000 2005.9212
1770.0000 2800.0000
1780.0000 2602.8565
1790.0000 2800.0000
1800.0000 2800.0000
1810.0000 2800.0000
1820.0000 2058.1646
1830.0000 2375.4911
1840.0000 2800.0000
1850.0000 2800.0000
1860.0000 2691.1233
1870.0000 2464.4611
1880.0000 2728.3767
1890.0000 2800.0000
1900.0000 2800.0000
1910.0000 2061.4373
1920.0000 2800.0000
1930.0000 2677.9655
1940.0000 2322.4598
1950.0000 2189.9407
1960.0000 2593.9681
1970.0000 2800.0000
1980.0000 2800.0000
1990.0000 2626.0681
2000.0000 2202.1496
2010.0000 2280.8012
2020.0000 2441.1784
2030.0000 2335.3438
2040.0000 2180.2596
2050.0000 1902.7287
2060.0000 1747.1360
2070.0000 1609.9429
2080.0000 1603.0653
2090.0000 1944.5119
2100.0000 1769.1600
2110.0000 1647.9823
2120.0000 1892.0373
2130.0000 1753.4472
2140.0000 1368.9610
2150.0000 1558.4487
2160.0000 1292.6758
2170.0000 767.9658
2180.0000 1377.8486
2190.0000 1530.9644
2200.0000 1758.3106
2210.0000 1637.9842
2220.0000 1963.0224
2230.0000 1929.4979
2240.0000 1728.7094
2250.0000 1565.1956
2260.0000 1312.5544
2270.0000 1381.9829
2280.0000 2105.2221
2290.0000 1949.2369
2300.0000 1919.2833
2310.0000 1621.5775
2320.0000 1428.4648
2330.0000 1234.0710
2340.0000 1720.9647
2350.0000 1139.2823
2360.0000 2613.4959
2370.0000 2354.8027
2380.0000 2417.1207
2390.0000 2800.0000
2400.0000 2644.6640
2410.0000 2786.9394
2420.0000 2800.0000
2430.0000 2250.9689
2440.0000 2122.1835
2450.0000 1951.7774
2460.0000 2385.7595
2470.0000 2584.8869
2480.0000 2247.3349
2490.0000 2178.6329
2500.0000 1572.2385
2510.0000 2280.7374
2520.0000 1797.8351
2530.0000 2013.3455
2540.0000 1910.3844
2550.0000 1383.8905
2560.0000 1742.0012
2570.0000 2142.8327
2580.0000 2313.0542
2590.0000 2346.3092
2600.0000 1980.4933
2610.0000 2228.2584
2620.0000 1943.0186
2630.0000 1483.0467
2640.0000 1197.5795
2650.0000 2562.6901
2660.0000 2746.7776
2670.0000 2026.2797
2680.0000 2800.0000
2690.0000 2741.8322
2700.0000 2353.2955
2710.0000 2081.4528
2720.0000 2800.0000
2730.0000 2179.6368
2740.0000 2464.7204
2750.0000 2800.0000
2760.0000 2800.0000
2770.0000 2240.3155
2780.0000 2565.2206
2790.0000 2660.5141
2800.0000 2800.0000
2810.0000 2052.7186
2820.0000 2800.0000
2830.0000 2371.2834
2840.0000 2490.8793
2850.0000 2800.0000
2860.0000 2729.5116
2870.0000 2472.2317
2880.0000 2410.9405
2890.0000 2800.0000
2900.0000 2800.0000
2910.0000 2800.0000
2920.0000 2146.1759
2930.0000 2800.0000
2940.0000 2800.0000
2950.0000 2800.0000
2960.0000 2800.0000
2970.0000 2235.4850
2980.0000 1884.7485
2990.0000 2125.9853
3000.0000 2126.2466
3010.0000 1913.0302
3020.0000 1935.1312
3030.0000 1864.7470
3040.0000 1905.1675
3050.0000 1903.8085
3060.0000 1896.6347
3070.0000 2081.4250
3080.0000 1631.2748
3090.0000 1708.3387
3100.0000 1760.6553
3110.0000 1637.1245
3120.0000 2008.4699
3130.0000 2221.1176
3140.0000 2223.7646
