-1007.7997860109899 9.72727924023197 -0.009531495759009216 0.007569912531198095
-998.1094034531852 9.728471183480805 -0.009471924891221601 0.007538298561217052
-988.4190208953805 9.729654922413676 -0.009413494948435025 0.0075069592607360045
-978.7286383375758 9.730830539261072 -0.009356159715799292 0.00747589034591578
-969.0382557797711 9.731998114756685 -0.009299875930912636 0.007445087679004465
-959.3478732219664 9.733157728181661 -0.009244603028670991 0.0074145472573289494
-949.6574906642782 9.73430945740731 -0.00929485332957793 0.007384265203572733
-939.9671081064735 9.7354533789364 -0.009238824860131502 0.007354237757151744
-930.2767255486688 9.736589567942842 -0.009183832121710808 0.007324461266538499
-920.5863429908641 9.737718098310134 -0.009129833648034758 0.0072949321823974215
-910.8959604330594 9.73883904266841 -0.009076790659385532 0.007265647051427406
-901.2055778752547 9.739952472430174 -0.009024666823557856 0.0072366025108170804
-891.51519531745 9.741058457824842 -0.009032378599752445 0.007207795283234828
-881.8248127596453 9.74215706793202 -0.008980483944527422 0.007179222172286792
-872.1344302018406 9.743248370713674 -0.008929487436542986 0.007150880058385905
-862.4440476440359 9.744332433045171 -0.008879355128567046 0.007122765894983048
-852.7536650862312 9.745409320745244 -0.00896358572533912 0.007094876705118224
-843.0632825284265 9.74647909860491 -0.008911643714933495 0.007067209578255466
-833.3728999706218 9.747541830415399 -0.008860649276694697 0.007039761667370007
-823.6825174128171 9.748597578995147 -0.008810563151356803 0.007012530186260372
-813.9921348550124 9.749646406215804 -0.008761348793613618 0.006985512407061611
-804.3017522972077 9.750688373027403 -0.008712972112523561 0.00695870565793885
-794.611369739403 9.75172353948264 -0.008665401243128005 0.006932107320942938
-784.9209871815983 9.752751964760336 -0.008618606344819972 0.006905714830012188
-775.2306046237936 9.753773707188083 -0.008572559422732043 0.006879525669106106
-765.5402220661053 9.754788824264129 -0.008527234169010692 0.006853537370459
-755.8498395083006 9.75579737267856 -0.008482605821330924 0.006827747512940507
-746.159456950496 9.756799408333668 -0.00843865103642071 0.006802153720518052
-736.4690743926913 9.757794986363718 -0.008395347776680755 0.006776753660806186
-726.7786918348866 9.75878416115402 -0.009211960473976466 0.006876128647531771
-717.0883092770819 9.759766986359372 -0.00914772719008815 0.006847894658827644
-707.3979267192772 9.760743514921838 -0.00908520157162835 0.006820009369078781
-697.7075441614725 9.761713799087998 -0.009024283777205069 0.006792458703902601
-688.0171616036678 9.762677890425584 -0.008964882716228306 0.006765229766729088
-678.3267790458631 9.76363583983956 -0.008906915067223272 0.00673831070440438
-668.6363964880584 9.764587697587698 -0.008850304427772404 0.006711690591130056
-658.9460139302537 9.765533513295605 -0.00879498057577055 0.006685359327874432
-649.255631372449 9.76647333597128 -0.008740878825199949 0.006659307554892777
-639.5652488146443 9.767407214019187 -0.008687939462479699 0.006633526575397212
-629.8748662568396 9.768335195253862 -0.00863610725175872 0.006608008288745151
-620.1844836990349 9.769257326913085 -0.008585330999411327 0.0065827451317826
-610.4941011412302 9.770173655670614 -0.008535563169544541 0.0065577300271975935
-600.8037185834255 9.771084227648522 -0.008486759543603763 0.006532956337919465
-591.1133360256208 9.771989088429125 -0.008438878918219928 0.006508417826748395
-581.4229534678161 9.772888283066516 -0.008391882836319354 0.006484108620523369
-571.7325709101278 9.773781856097765 -0.008345735347249788 0.00646002317823971
-562.0421883523231 9.774669851553751 -0.008300402792285163 0.006436156262611338
-552.3518057945184 9.77555231296961 -0.008255853612397675 0.00641250291465111
-542.6614232367137 9.776429283394892 -0.008212058175600239 0.006389058430893005
-532.971040678909 9.777300805403408 -0.00816898862154851 0.006365818342941465
-523.2806581211044 9.778166921102748 -0.008126618721391178 0.00634277839907033
-513.5902755632997 9.779027672143497 -0.008084923751125813 0.006319934547632777
-503.89989300549496 9.779883099728192 -0.008043880376942978 0.006297282922074776
-494.20951044769026 9.780733244619979 -0.008003466551234642 0.006274819827371349
-484.51912788988557 9.78157814715101 -0.007963661418108888 0.006252541727727972
-474.82874533208087 9.782417847230587 -0.007924445227395669 0.006230445235409164
-465.1383627742762 9.78325238435307 -0.013399029831782833 0.009107045379472488
-455.4479802164715 9.784081797605525 -0.01463319903891659 0.009334343570036097
-445.7575976586668 9.784906125675155 -0.014423314242796146 0.009232991786950955
-436.0672151008621 9.785725406856509 -0.014222485593728788 0.00913575390954673
-426.3768325430574 9.786539679058484 -0.014062761223125645 0.009043387414698399
-416.6864499852527 9.787348979811089 -0.013877360043502008 0.008953512608778547
-406.996067427448 9.788153346272054 -0.013699325049155536 0.008866966132848307
-397.3056848696433 9.788952815233227 -0.013528176905505352 0.008783531727921326
-387.615302311955 9.789747423126775 -0.013363477990368411 0.008703012030703087
-377.9249197541503 9.790537206031235 -0.01322543954020779 0.008625772411990425
-368.2345371963456 9.791322199677358 -0.013071945539666962 0.008550541806932615
-358.54415463854093 9.792102439453808 -0.01295901502093152 0.008478781420884764
-348.85377208073623 9.792877960412712 -0.01281504763759219 0.008408219328247219
-339.16338952293154 9.79364879727502 -0.012675896353917174 0.008339807701006152
-329.47300696512684 9.794414984435756 -0.01254129220465364 0.008273427579558968
-319.78262440732215 9.79517655596909 -0.012410986508407182 0.008208968981763905
-310.09224184951745 9.795933545633313 -0.012284748972061102 0.008146330065317233
-300.40185929171275 9.796685986875607 -0.0121623660048488 0.008085416382358096
-290.71147673390806 9.797433912836778 -0.012049973390494786 0.008026411903517333
-281.02109417610336 9.798177356355795 -0.011934553631003212 0.007968684607594114
-271.33071161829866 9.798916349974226 -0.011824817711800086 0.007912488294429613
-261.64032906049397 9.799650925940567 -0.011715791624803344 0.00785764942496365
-251.94994650268927 9.800381116214469 -0.011654136799339576 0.007805715941327788
-242.25956394488458 9.801106952470803 -0.011549840088410722 0.007753462044206124
-232.56918138707988 9.801828466103705 -0.011461997592529206 0.0077027394974816775
-222.87879882927518 9.802545688230444 -0.01136279379955047 0.007652874426973741
-213.1884162714705 9.80325864969522 -0.011266144060653193 0.007604129796652196
-203.4980337137822 9.803967381072882 -0.011171935077210305 0.007556457655204307
-193.8076511559775 9.804671912672546 -0.011080060486258928 0.007509812929676045
-184.1172685981728 9.805372274541112 -0.010990420325597307 0.007464153209492409
-174.42688604036812 9.806068496466684 -0.010902920548527772 0.0074194385497175445
-164.73650348256342 9.806760607981978 -0.010817472582862435 0.007375631291586724
-155.04612092475872 9.807448638367555 -0.010733992929460279 0.007332695898559568
-145.35573836695403 9.808132616655048 -0.010652402796152103 0.007290598806347411
-135.66535580914933 9.808812571630282 -0.010572627763407562 0.007249308285541536
-125.97497325134464 9.809488531836337 -0.010494597478529528 0.00720879431562132
-116.28459069353994 9.810160525576528 -0.010418245375534173 0.007169028469255018
-106.59420813573524 9.810828580917331 -0.010343508418199388 0.007129983805923251
-96.90382557793055 9.811492725691226 -0.010310910468868529 0.00709319826822548
-87.21344302012585 9.812152987499502 -0.010238196884576696 0.007055480904137956
-77.52306046232115 9.812809393714996 -0.010166979311828061 0.007018413848126315
-67.83267790451646 9.813461971484738 -0.010097202951326545 0.006981975058465909
-58.14229534671176 9.8141107477326 -0.010028815875639896 0.006946143574306679
-48.451912788907066 9.814755749161833 -0.009961768831670848 0.0069108994483211995
-38.76153023110237 9.815397002257574 -0.009749738110609689 0.006891356050225682
-29.071147673297673 9.816034533289336 -0.010360841015177657 0.006857163822386567
-19.380765115609393 9.81666836831336 -0.010284014101443589 0.006823193822853774
-9.690382557804696 9.817298533175038 -0.01020902780051411 0.006789758803028313
0.0 6.91016185038574 -0.012691334099839713 0.04249817690475961
9.690382557804696 7.083298096694915 -0.012576713344685431 0.041541393687915866
19.380765115609393 7.1994848181558995 -0.021909101944246837 0.040631175369576535
29.07114767341409 7.291085941544631 -0.021533815636254654 0.03976464955523187
38.761530231218785 7.368085978839087 -0.021175406002702273 0.03893868841827785
48.45191278902348 7.435145497093951 -0.02083267854994274 0.038150456852894137
58.14229534682818 7.494886782363249 -0.02050455123258344 0.0373973789716848
67.83267790463287 7.54895782840662 -0.020190041420208686 0.036677109103959916
77.52306046243757 7.598473855739471 -0.019888254642403118 0.035987506604568086
87.21344302024227 7.64423080860882 -0.01959837483475749 0.035326613901539454
96.90382557804696 7.686820083118824 -0.019319655856940086 0.03469263730679249
106.59420813585166 7.726695168047358 -0.019051414093012045 0.03408393019239166
116.28459069365636 7.7642127467082975 -0.01879302197589896 0.033498978198893976
125.97497325146105 7.799659287588788 -0.018543902303815387 0.032936386194991854
135.66535580926575 7.83326893118634 -0.018303523237646405 0.03239486675114982
145.35573836707044 7.865235919179719 -0.018071393885743463 0.03187322992598952
155.04612092487514 7.895723471821733 -0.017847060397014232 0.03137037419418392
164.73650348256342 7.924870279724468 -0.01763010249515451 0.030885278369693184
174.42688604036812 7.952795349169136 -0.01775156377023561 0.030441598236829497
184.1172685981728 7.979601683867354 -0.017539633636259874 0.02998860768864515
193.8076511559775 8.005379127204462 -0.017334423724593026 0.029550759338678997
203.4980337137822 8.03020658750444 -0.017135588393643788 0.02912728609361662
213.1884162715869 8.054153802370006 -0.01694280620308214 0.028717472157036066
222.8787988293916 8.077282753571085 -0.01675577778250428 0.02832064880076378
232.5691813871963 8.099648813450296 -0.01657422392589902 0.027936190548449244
242.259563945001 8.121301682550621 -0.01639788388394788 0.02756351172515695
251.9499465028057 8.1422861630981 -0.016226513830161 0.02720206333260822
261.6403290606104 8.162642802125157 -0.016059885480184666 0.026851330214722538
271.3307116184151 8.182408430103726 -0.01589778484642743 0.026510828482432535
281.0210941762198 8.2016166151058 -0.016039093323719725 0.026198566914209638
290.7114767340245 8.220298048132543 -0.015877841551763656 0.02587671965770433
300.40185929182917 8.238480871944004 -0.015750485470094038 0.025565447804032457
310.09224184963387 8.256190963194225 -0.015596952399453665 0.025261113500212148
319.78262440743856 8.273452175728059 -0.015447420120574174 0.02496500719468733
329.47300696524326 8.290286551380868 -0.015301714690397317 0.024676788427128983
339.16338952304795 8.306714503434241 -0.015159672770527275 0.02439613544536765
348.85377208085265 8.322754976942191 -0.015021140787652702 0.02412274393160528
358.54415463854093 8.33842558939551 -0.01488597417665862 0.02385632583176454
368.2345371963456 8.353742754594634 -0.014754036696586497 0.023596608278290663
377.9249197541503 8.36872179211548 -0.014625199811011732 0.02334333259781745
387.615302311955 8.383377024367883 -0.014499342125505655 0.023096253395903696
397.3056848697597 8.397721862920763 -0.014376348875879167 0.02285513771195779
406.9960674275644 8.411768885510478 -0.014256111461694771 0.022619764238108242
416.6864499853691 8.425529904931917 -0.014138527020245366 0.02238992259642636
426.3768325431738 8.43901603083351 -0.014023498036794481 0.02216541266945966
436.0672151009785 8.452237725288809 -0.01391093198738458 0.021946043979528984
445.7575976587832 8.465926790141173 -0.013800741010960765 0.021731635112681533
455.4479802165879 8.491260231688749 -0.013692841607937014 0.02152201318358495
465.1383627743926 8.515663569615425 -0.013587154362661344 0.02131701333799738
474.8287453321973 8.539199976680806 -0.013483603687521958 0.021116478289762305
484.519127890002 8.561926287235954 -0.013382117586685283 0.020920257889557713
494.2095104478067 8.583893827641838 -0.013282627437674492 0.020728208722880972
503.8998930056114 8.605149113569743 -0.013185067789187287 0.020540193734977476
513.5902755634161 8.625734439276693 -0.013089376173719159 0.020356081880624457
523.2806581212208 8.645688378549483 -0.012995492933705536 0.02017574779686502
532.9710406790255 8.665046212905695 -0.012903361060026266 0.01999907149695292
542.6614232367137 8.683840299488546 -0.01281292604183173 0.019825938083920004
552.3518057945184 8.702100388653617 -0.012724135726744348 0.019656237482298937
562.0421883523231 8.719853899335712 -0.012636940190602521 0.019489864186699467
571.7325709101278 8.737126158794014 -0.01255129161595636 0.019326717025974993
581.4229534679325 8.753940612139749 -0.012467144178634825 0.019166698941889028
591.1133360257372 8.770319006110121 -0.012384453941744849 0.01900971678123923
600.8037185835419 8.786281550793046 -0.012303178756528326 0.018855681100493783
610.4941011413466 8.8018470623959 -0.012223278169553159 0.018704505982068697
620.1844836991513 8.817033089655354 -0.01214471333576083 0.0185561088614434
629.874866256956 8.83185602607995 -0.01206744693693456 0.018410410364374363
639.5652488147607 8.846331209884001 -0.011991443105189629 0.018267334153524422
649.2556313725654 8.860473013195795 -0.011916667351121174 0.018126806783877104
658.9460139303701 8.874294921893823 -0.011843086496275437 0.017988757566353646
668.6363964881748 8.887809607232798 -0.01177066860963797 0.01785311843909386
678.3267790459795 8.9010289902597 -0.011699382947857493 0.017719823845902313
688.0171616037842 8.913964299883185 -0.011629199898946629 0.017588810621397895
697.7075441615889 8.926626125343654 -0.011560090929221572 0.01746001788243889
707.3979267193936 8.939024463731949 -0.01149202853326141 0.017333386925426207
717.0883092771983 8.951168763119755 -0.011424986186684952 0.017208861129116522
726.7786918348866 8.963067961791714 -0.011358938301559252 0.01708638586260414
736.4690743926913 8.974730524007493 -0.011293860184262748 0.01696590839814476
746.159456950496 8.986164472664962 -0.011229727995655544 0.01684737782854704
755.8498395083006 8.997377419194036 -0.011166518713393463 0.01673074498882711
765.5402220661053 9.008376590965252 -0.011104210096261207 0.016615962381891503
775.23060462391 9.019168856465472 -0.011042780650393264 0.01650298410800057
784.9209871817147 9.029760748461728 -0.010982209597265782 0.016391765797790756
794.6113697395194 9.040158485348435 -0.010922476843350461 0.016282264548647875
804.3017522973241 9.0503679908503 -0.010863562951329004 0.016174438864236824
813.9921348551288 9.060394912233754 -0.010805449112773926 0.01606824859700647
823.6825174129335 9.070244637162583 -0.010748117122207987 0.015963654893500025
833.3728999707382 9.079922309318484 -0.010691549352460592 0.01586062014231214
843.0632825285429 9.089432842894388 -0.010635728731244992 0.015759107924544383
852.7536650863476 9.098780936056988 -0.0105806387188853 0.015659082966619883
862.4440476441523 9.107971083464996 -0.010526263287127115 0.01556051109532713
872.134430201957 9.117007587920986 -0.010472586898969787 0.015463359194970657
881.8248127597617 9.125894571226926 -0.010419594489462605 0.01536759516651418
891.5151953175664 9.13463598430685 -0.010367271447410793 0.01527318788860881
901.2055778753711 9.143235616654048 -0.010315603597940733 0.015180107180405385
910.8959604330594 9.151697105154804 -0.010264577185877682 0.015088323766057399
920.5863429908641 9.16002394233673 -0.01021417885988796 0.01499780924081885
930.2767255486688 9.168219484083327 -0.010164395657353222 0.014908536038669866
939.9671081064735 9.176286956856242 -0.010115214989925504 0.014820477401369296
949.6574906642782 9.18422946445984 -0.010066624629735725 0.014733607348876823
959.3478732220829 9.19204999438167 -0.010018612696217592 0.01464790065106812
969.0382557798875 9.199751423739036 -0.009971167643515189 0.01456333280067859
978.7286383376922 9.207336524859604 -0.009924278248443974 0.014479879987413643
988.4190208954969 9.214807970521528 -0.00987793359897667 0.014397519073167244
998.1094034533016 9.222168338876838 -0.009832123083227121 0.014316227568293672
