-1007.7997860109899 9.825542176591187 -0.01168580211685786 0.007664211174080238
-998.1094034533016 9.825154533879378 -0.011603329953373386 0.007608419008136021
-988.4190208954969 9.824786472572558 -0.011522085849982325 0.007553447561560373
-978.7286383376922 9.824437461769925 -0.011442040473200531 0.007499278705206997
-969.0382557798875 9.824106983694195 -0.011363165551487147 0.00744589484216054
-959.3478732220829 9.823794533539346 -0.011285433815481753 0.007393278888306365
-949.6574906642782 9.823499619303211 -0.011208818943412949 0.007341414253745793
-939.9671081064735 9.823221761606666 -0.011133295511057992 0.007290284825014812
-930.2767255486688 9.822960493501132 -0.011058838945724304 0.007239874948065963
-920.5863429908641 9.822715360265839 -0.010985425483800337 0.007190169411975444
-910.8959604330594 9.822485919196453 -0.010913032131486911 0.007141153433339565
-901.2055778752547 9.82227173938628 -0.010841636628373513 0.00709281264132679
-891.51519531745 9.822072401501453 -0.010771217413569015 0.007045133063353371
-881.8248127596453 9.821887497551218 -0.010701753594133851 0.0069981011113524364
-872.1344302018406 9.821716630654514 -0.010633224915593006 0.006951703568608031
-862.4440476440359 9.821559414803762 -0.01056561173433621 0.006905927577127116
-852.7536650862312 9.821415474626944 -0.010498894991735177 0.00686076062552408
-843.0632825284265 9.821284445148724 -0.01043305618982748 0.006816190537393591
-833.3728999706218 9.821165971551498 -0.010368077368434007 0.006772205460148988
-823.6825174128171 9.821059708936998 -0.01030394108359159 0.006728793854304597
-813.9921348551288 9.820965322089153 -0.010240630387196015 0.006685944483181976
-804.3017522973241 9.820882485238721 -0.01017812880775649 0.006643646403017628
-794.6113697395194 9.820810881830187 -0.01011642033218823 0.006601888953461482
-784.9209871817147 9.82075020429133 -0.01005548938855174 0.006560661748438419
-775.23060462391 9.820700153805792 -0.009995320829681483 0.006519954667364003
-765.5402220661053 9.820660440088908 -0.009935899917637058 0.006479757846695653
-755.8498395083006 9.820630781167047 -0.00987721230892134 0.006440061671804839
-746.159456950496 9.820610903160553 -0.009819244040414102 0.006400856769156136
-736.4690743926913 9.8206005400705 -0.009761981515974478 0.006362133998779753
-726.7786918348866 9.820599433569242 -0.009705411493669415 0.006323884447024694
-717.0883092770819 9.820607332794872 -0.009649521073589039 0.006286099419580424
-707.3979267192772 9.820623994149592 -0.009594297686212954 0.006248770434755536
-697.7075441614725 9.820649181102 -0.009539729081294522 0.006211889217002375
-688.0171616036678 9.82068266399327 -0.0094858033172326 0.006175447690677222
-678.3267790458631 9.820724219847222 -0.009432508750902738 0.006139437974026063
-668.6363964880584 9.820773632184224 -0.009379834027921767 0.006103852373386492
-658.9460139302537 9.820830690838896 -0.009327768073321802 0.006068683377596708
-649.255631372449 9.820895191781554 -0.009276300082611294 0.0060339236526030715
-639.5652488146443 9.820966936943352 -0.00922541951320235 0.005999566036257975
-629.874866256956 9.821045734045017 -0.009175116076185697 0.005965603533300683
-620.1844836991513 9.821131396429202 -0.009125379728431554 0.005932029310511216
-610.4941011413466 9.821223742896278 -0.009076200665008808 0.0058988366920363616
-600.8037185835419 9.821322597543615 -0.009027569311894594 0.005866019154872832
-591.1133360257372 9.821427789608196 -0.008979476318968668 0.00583357032450726
-581.4229534679325 9.821539153312568 -0.00893191255327527 0.0058014839707044305
-571.7325709101278 9.821656527714067 -0.008884869092540047 0.0057697540034382456
-562.0421883523231 9.82177975655724 -0.008838337218929994 0.0057383744689598485
-552.3518057945184 9.821908688129438 -0.00879830484729275 0.005708100861295185
-542.6614232367137 9.822043175119571 -0.00875261597542476 0.005677385160653955
-532.971040678909 9.822183074479934 -0.008707421496770808 0.0056470038053272565
-523.2806581211044 9.822328247291162 -0.008662712879493452 0.005616951276599597
-513.5902755632997 9.822478558630202 -0.008700574328105896 0.005590816568841071
-503.89989300549496 9.82263387744137 -0.008654715478844813 0.005561313806972651
-494.20951044769026 9.82279407641043 -0.008609422731296347 0.005532128627950993
-484.51912788988557 9.822959031841716 -0.00856468079589392 0.005503255658212412
-474.82874533208087 9.823128623538283 -0.008520475297821897 0.005474689666459044
-465.1383627742762 9.823302734685077 -0.008510490637373113 0.005447771646917252
-455.4479802164715 9.823481251735133 -0.008466443858078244 0.005419769529853209
-445.7575976587832 9.823664064298802 -0.008422939235186576 0.005392061250254807
-436.0672151009785 9.823851065035969 -0.008404288840463387 0.005365786133613907
-426.3768325431738 9.824042149551294 -0.008372450261344038 0.0053390031851374975
-416.6864499853691 9.824237216292438 -0.008329611899419574 0.0053121103065420176
-406.9960674275644 9.824436166451287 -0.008287304170294156 0.005285494401824134
-397.3056848697597 9.824638903868111 -0.008245512252314933 0.005259150952675136
-387.615302311955 9.824845334938692 -0.008204222202621793 0.0052330755578092565
-377.9249197541503 9.825055368524342 -0.008163420874212571 0.005207263927358983
-368.2345371963456 9.82526891586485 -0.008123095843053332 0.005181711877766647
-358.54415463854093 9.825485890494218 -0.008122542313267476 0.0051574122145409676
-348.85377208073623 9.82570620815926 -0.008082125599184463 0.005132341573588329
-339.16338952293154 9.825929786740966 -0.008045504823566512 0.005107617175487405
-329.47300696512684 9.826156546178561 -0.008005976900120058 0.005083037973224716
-319.78262440732215 9.826386408396282 -0.007966919663607129 0.0050587001036257835
-310.09224184951745 9.826619297232757 -0.007928320562599522 0.005034599848555701
-300.40185929171275 9.826855138372952 -0.00789016774950481 0.005010733577886761
-290.71147673390806 9.827093859282643 -0.00785245001752539 0.0049870977458362446
-281.02109417610336 9.827335389145343 -0.007815156744931153 0.0049636888875874245
-271.33071161829866 9.827579658801614 -0.00777827784564085 0.004940503616160418
-261.6403290606104 9.827826600690708 -0.007741803725265038 0.004917538619504753
-251.9499465028057 9.828076148794505 -0.007705725241890393 0.004894790657787653
-242.259563945001 9.828328238583607 -0.007670033671001846 0.00487225656086125
-232.5691813871963 9.828582806965622 -0.007634720674013515 0.004849933225885115
-222.8787988293916 9.828839792235486 -0.007599778269969481 0.004827817615092586
-213.1884162715869 9.829099134027823 -0.007565198810029186 0.004805906753685567
-203.4980337137822 9.82936077327123 -0.007728448926453026 0.0047841977278461865
-193.8076511559775 9.829624652144446 -0.007689531652820085 0.004762687682854824
-184.1172685981728 9.829890714034368 -0.0076512072059432236 0.004741373821305334
-174.42688604036812 9.830158903495779 -0.007656689344728228 0.004720253401409339
-164.73650348256342 9.830429166212793 -0.007618356795678437 0.004699323735382369
-155.04612092475872 9.830701448961948 -0.007588833193804656 0.004678754534187891
-145.35573836695403 9.830975699576818 -0.007549673418977469 0.004658282552186552
-135.66535580914933 9.83125186691421 -0.00752999203997894 0.00463790308939056
-125.97497325134464 9.83152990082175 -0.007493262440636811 0.004617704456114602
-116.28459069353994 9.831809752106917 -0.007457057522443064 0.004597684190097414
-106.59420813573524 9.832091372507396 -0.007421357696753512 0.004577839876931353
-96.90382557793055 9.832374714662727 -0.0073861447512154985 0.0045581691486324205
-87.21344302012585 9.832659732087194 -0.007413439687482056 0.004538669682288696
-77.52306046243757 9.832946379143909 -0.007460460853309258 0.004519339198779728
-67.83267790463287 9.833234611020028 -0.007422985604316984 0.004500175461558733
-58.14229534682818 9.83352438370306 -0.007386114598600179 0.004481176275495405
-48.45191278902348 9.833815653958201 -0.007349821852221517 0.004462339485769628
-38.761530231218785 9.834108379306723 -0.007314083368615292 0.004443662976815249
-29.07114767341409 9.834402518005264 -0.007278876933391589 0.004425144671308665
-19.380765115609393 9.834698029026047 -0.007946569577660578 0.004406782529199098
-9.690382557804696 9.834994872038006 -0.00789410317064476 0.004388574546777549
0.0 6.9741360834717945 -0.001260199616734892 0.03876065355767466
9.690382557804696 7.1299042400344 -0.001380184880032193 0.03785633247587968
19.380765115609393 7.2398372944299085 -0.001492874162708694 0.036996706767813886
29.07114767341409 7.327972185068372 -0.0015988243694332418 0.03617849879806501
38.761530231218785 7.402695645878564 -0.001698538377894821 0.035398744457661356
48.45191278902348 7.4681133727323035 -0.004276632150522236 0.03465475653747261
58.14229534682818 7.526597590549974 -0.004300860921427768 0.03394409311923605
67.83267790463287 7.579664938894355 -0.004323345678802563 0.033264530200151715
77.52306046243757 7.628354208178539 -0.004344188778195141 0.03261403790395223
87.21344302024227 7.673413475065866 -0.0043634859244182905 0.03199075974197521
96.90382557804696 7.715402440845781 -0.004425520348118086 0.03139419202719763
106.59420813585166 7.7547526719626765 -0.004440861822753602 0.030820347246833666
116.28459069353994 7.791805146140918 -0.004454964760181219 0.030269018457466167
125.97497325134464 7.826834749901147 -0.004467898310157123 0.029738882035216168
135.66535580914933 7.860066873674404 -0.005146131186036895 0.029385669965391423
145.35573836695403 7.891689011855672 -0.00513975720059391 0.028890304819568613
155.04612092475872 7.921859089996116 -0.0051332580653614575 0.028412939204581964
164.73650348256342 7.950711580891091 -0.005126624067642307 0.027952589238996465
174.42688604036812 7.978362086890064 -0.00511984828170129 0.027508341849946667
184.1172685981728 8.00491083348273 -0.005112926082732192 0.02707934850022871
193.8076511559775 8.03044537425467 -0.005105854742603947 0.026664819572070904
203.4980337137822 8.055042714230206 -0.005098633093012988 0.02626401932855785
213.1884162715869 8.078770997337987 -0.005091261244361525 0.025876261384400537
222.8787988293916 8.10169086247363 -0.0050837403508341055 0.025500904626848526
232.5691813871963 8.123856544288653 -0.00507607241387353 0.02513734953529661
242.259563945001 8.145316775007569 -0.005068260117650864 0.024785034854766616
251.9499465028057 8.166115529475691 -0.005060306691252279 0.024443434584124752
261.6403290606104 8.186292645463197 -0.005052215793222012 0.024112055244775606
271.3307116184151 8.205884343803607 -0.005043991414847659 0.023790433399778356
281.0210941762198 8.224923667426221 -0.005035637799185315 0.023478133396962957
290.7114767340245 8.243440854204623 -0.005027159373323495 0.023174745312767517
300.40185929171275 8.261463655408084 -0.0050185606917977155 0.022879883076250853
310.09224184951745 8.279017609144741 -0.005009846389407561 0.022593182755082476
319.78262440732215 8.29612627632737 -0.005001021141972498 0.022314300987455495
329.47300696512684 8.312811445256047 -0.004992089633792926 0.022042913545551032
339.16338952293154 8.32909330977009 -0.004983056530781677 0.02177871401788897
348.85377208073623 8.344990625028673 -0.004973926458391209 0.02152141259921264
358.54415463854093 8.360520844262386 -0.004964703983598454 0.021270734977798834
368.2345371963456 8.375700239264471 -0.005162232983290566 0.021539497337064607
377.9249197541503 8.390544006926948 -0.005147454181663636 0.021287943731488047
387.615302311955 8.405066363750526 -0.005132869466773735 0.021042951963087145
397.3056848697597 8.419280629950018 -0.005118462765812782 0.02080424989585485
406.9960674275644 8.433199304524617 -0.005104219859049766 0.020571581360654553
416.6864499853691 8.446834132454347 -0.005090128144888564 0.02034470489377122
426.3768325431738 8.460196165011395 -0.005076176438098148 0.020123392605301684
436.0672151009785 8.47329581403159 -0.0050623547959826555 0.0199074291606041
445.7575976587832 8.487829671859858 -0.0050486543681750136 0.01969661086063759
455.4479802165879 8.512732144317848 -0.005035067266477551 0.019490744809164035
465.1383627743926 8.536722130996276 -0.005021586451773442 0.01928964815654928
474.8287453321973 8.559861285957087 -0.0050082056355224705 0.019093147411365204
484.51912788988557 8.582205149440082 -0.004994919193755779 0.018901077812217237
494.20951044769026 8.603803939481555 -0.004981722091813205 0.01871328275322887
503.89989300549496 8.624703217588527 -0.00496860981834266 0.0185296132575249
513.5902755632997 8.644944451995377 -0.004955578327301705 0.01834992749370327
523.2806581211044 8.664565497029288 -0.004942623986895125 0.01817409033098659
532.971040678909 8.683601003308366 -0.004929743534536394 0.018001972929224144
542.6614232367137 8.702082770557448 -0.004916934037053884 0.017833452360385603
552.3518057945184 8.720040052541556 -0.0049041928554733995 0.017668411258575076
562.0421883523231 8.737499821823013 -0.005195101559477184 0.01752754564974356
571.7325709101278 8.754487000629913 -0.0051745850163238665 0.017368590207000108
581.4229534679325 8.771024662994964 -0.005154531580251454 0.01721281988256477
591.1133360257372 8.787134212419987 -0.0051349097176163995 0.0170601345012946
600.8037185835419 8.802835538594143 -0.005115690942185935 0.01691043824260706
610.4941011413466 8.818147156105551 -0.005308002502764323 0.01677567408130395
620.1844836991513 8.833086327607685 -0.005284089445808562 0.01663137557621604
629.874866256956 8.847669173511356 -0.005260780793045542 0.01648981795723927
639.5652488147607 8.861910769952523 -0.005238037201852471 0.016350919376218808
649.2556313725654 8.875825236521896 -0.005215822912638261 0.016214601372323754
658.9460139303701 8.88942581502337 -0.0051941053503423255 0.01608078868705109
668.6363964880584 8.902724940346143 -0.005172854777920388 0.01594940909239466
678.3267790458631 8.91573430438402 -0.005160252443187153 0.015820575637157712
688.0171616036678 8.928464913804305 -0.005139644597612051 0.01569385216388134
697.7075441614725 8.94092714236643 -0.005119439386454426 0.015569361971740027
707.3979267192772 8.953130778393449 -0.005526719573901758 0.015481133519288561
717.0883092770819 8.965085067925212 -0.005496264856452798 0.015360050103416989
726.7786918348866 8.97679875401464 -0.0054667037536177705 0.015241066014668942
736.4690743926913 8.98828011257175 -0.005423804924689598 0.015124123064598285
746.159456950496 8.999536985111316 -0.005396223762453955 0.015009165383989654
755.8498395083006 9.010576808717664 -0.005369360325048025 0.014896139292207384
765.5402220661053 9.021406643503882 -0.005343172095092336 0.014784993177049158
775.23060462391 9.032033197810767 -0.005317620086389923 0.014675677383927757
784.9209871817147 9.04246285136337 -0.005292668480609028 0.014568144113375264
794.6113697395194 9.052701676578895 -0.006181354180411668 0.014569735738759259
804.3017522973241 9.06275545819865 -0.006134168488104154 0.0144628861619815
813.9921348551288 9.072629711398159 -0.006088655101115744 0.014357822747747715
823.6825174129335 9.082329698513457 -0.006044703168009593 0.014254494248934272
833.3728999707382 9.091860444507068 -0.006002211801420007 0.014152851807223941
843.0632825285429 9.101226751284713 -0.00596108896999186 0.01405284877598546
852.7536650863476 9.110433210962453 -0.005921250536139702 0.013954440562268028
862.4440476440359 9.119484218174023 -0.00587777574641966 0.013857584485248568
872.1344302018406 9.128383981500058 -0.005840404211351335 0.013762239648900854
881.8248127596453 9.137136534090777 -0.005804098056187922 0.013668366827037476
891.51519531745 9.145745743550536 -0.005768797756661549 0.01357592835912749
901.2055778752547 9.15421532114259 -0.005759677781329536 0.013485422061475525
910.8959604330594 9.16254883036918 -0.005725579511510589 0.013395731381154467
920.5863429908641 9.170749694976212 -0.005692366821366409 0.013307371249464933
930.2767255486688 9.178821206427559 -0.005659993666998067 0.013220309349189188
939.9671081064735 9.186766530889864 -0.005628417333034069 0.013134514534138846
949.6574906642782 9.194588715765251 -0.0055840405482537915 0.01304995676703374
959.3478732220829 9.202290695805946 -0.005554291716365765 0.012966607062098635
969.0382557798875 9.209875298842013 -0.005525211050975333 0.012884437431896385
978.7286383376922 9.217345251150698 -0.00549676774960328 0.01280342083797702
988.4190208954969 9.224703182493439 -0.005468932997478772 0.012723531144974199
