-1007.7997860111063 9.787082343578057 -0.006635390638444689 0.004030848681596598
-998.1094034533016 9.787286775381146 -0.006604421503973457 0.004010223554894953
-988.4190208954969 9.787496740269521 -0.00657374005151539 0.0039898100775749065
-978.7286383376922 9.787712127553293 -0.006543342545700897 0.00396960496827652
-969.0382557798875 9.787932827997787 -0.006513225300885068 0.003949605014498454
-959.3478732220829 9.78815873379823 -0.0064833846812783445 0.003929807070740924
-949.6574906642782 9.788389738555711 -0.006453817100984296 0.003910208056711591
-939.9671081064735 9.788625737254408 -0.00642451902395434 0.00389080495559171
-930.2767255486688 9.788866626240074 -0.0063954869638682636 0.0038715948123600363
-920.5863429908641 9.789112303199682 -0.00636671748394861 0.0038525747321720835
-910.8959604330594 9.789362667142212 -0.006338207196716224 0.0038337418787924775
-901.2055778752547 9.789617618380543 -0.0063099527636935075 0.00381509347307823
-891.51519531745 9.789877058514342 -0.0062819508950613685 0.003796626791510907
-881.8248127596453 9.79014089041396 -0.006254198349275315 0.0037783391647757607
-872.1344302018406 9.79040901820524 -0.006226691932645498 0.003760227976385926
-862.4440476440359 9.790681347255157 -0.00619942849888523 0.0037422906613499766
-852.7536650862312 9.790957784158342 -0.006172404948631947 0.0037245247048811373
-843.0632825284265 9.79123823672425 -0.006145618228944249 0.003706927641146554
-833.3728999706218 9.79152261396513 -0.006119065332778347 0.003689497052055113
-823.6825174129335 9.79181082608454 -0.006092743298447175 0.003672230566082556
-813.9921348551288 9.792102784466529 -0.006066649209063002 0.00365512585713127
-804.3017522973241 9.7923984016653 -0.0060407801919707136 0.0036381806434265277
-794.6113697395194 9.792697591395374 -0.0060151334181676565 0.0036213926864437857
-784.9209871817147 9.793000268522203 -0.005989706101716758 0.003604759789868933
-775.23060462391 9.79330634905315 -0.0059644954991528885 0.0035882797985890844
-765.5402220661053 9.793615750128845 -0.005939498908884319 0.003571950597713049
-755.8498395083006 9.793928390014814 -0.00591471367059085 0.003555770111620395
-746.159456950496 9.794244188093405 -0.005890137164619837 0.0035397363030381076
-736.4690743926913 9.79456306485591 -0.005865766811381375 0.0035238471721438748
-726.7786918348866 9.794884941894912 -0.00584160007074366 0.0035081007556950804
-717.0883092770819 9.795209741896763 -0.005817634441429529 0.003492495126182592
-707.3979267192772 9.79553738863422 -0.005793867460415006 0.0034770283910085307
-697.7075441614725 9.795867806959148 -0.005770296702330661 0.0034616986916871668
-688.0171616036678 9.796200922795348 -0.005746919778866431 0.003446504203068192
-678.3267790458631 9.796536663131375 -0.005723734338180527 0.0034314431325815882
-668.6363964880584 9.796874956013445 -0.005700738064313002 0.003416513719503398
-658.9460139302537 9.797215730538294 -0.0056779286766044075 0.0034017142342416796
-649.255631372449 9.797558916846105 -0.0056553039291199906 0.0033870429776419954
-639.5652488147607 9.797904446113307 -0.005632861610080092 0.0033724982803119705
-629.874866256956 9.798252250545453 -0.005610599541295406 0.0033580785019632466
-620.1844836991513 9.798602263369924 -0.005588515577611478 0.003343782030772878
-610.4941011413466 9.798954418828673 -0.005566607606357236 0.003329607282760085
-600.8037185835419 9.799308652170843 -0.005544873546801866 0.0033155527011804555
-591.1133360257372 9.799664899645306 -0.005523311349618534 0.0033016167559360246
-581.4229534679325 9.800023098493133 -0.005501918996355431 0.0032877979430008786
-571.7325709101278 9.800383186939941 -0.005480694498914181 0.003274094783861817
-562.0421883523231 9.800745104188174 -0.005459635899035786 0.003260505824973598
-552.3518057945184 9.801108790409272 -0.005438741267794135 0.003247029637228298
-542.6614232367137 9.801474186735696 -0.00541800870509713 0.0032336648154383816
-532.971040678909 9.80184123525291 -0.005397436339195499 0.003220409977833036
-523.2806581211044 9.802209878991198 -0.005377022326199274 0.003207263765567367
-513.5902755632997 9.80258006191742 -0.0053567648496019625 0.0031942248422440816
-503.89989300549496 9.802951728926612 -0.005336662119812403 0.0031812918934472755
-494.20951044769026 9.80332482583352 -0.005316712373694276 0.0031684636262879384
-484.51912788988557 9.80369929936402 -0.005296913874113239 0.0031557387689608706
-474.82874533208087 9.804075097146399 -0.005277264909491662 0.003143116070312636
-465.1383627742762 9.80445216770259 -0.005257763793370888 0.003130594299420239
-455.4479802165879 9.804830460439279 -0.00523840886398121 0.0031181722451803567
-445.7575976587832 9.805209925638929 -0.005219198483818125 0.003105848715907938
-436.0672151009785 9.805590514450682 -0.0052001310392282285 0.0030936225389460946
-426.3768325431738 9.805972178881238 -0.005181204940000082 0.0030814925602840313
-416.6864499853691 9.806354871785581 -0.005371962146282816 0.0031024621986941335
-406.9960674275644 9.806738546857689 -0.005347965352747397 0.0030896787691253582
-397.3056848697597 9.807123158621117 -0.005324371531126304 0.0030770301218950554
-387.615302311955 9.80750866241956 -0.005301159782066139 0.0030645121184716168
-377.9249197541503 9.80789501440732 -0.005278311067510958 0.003052120926975556
-368.2345371963456 9.80828217153971 -0.005255807997281275 0.0030398529882921517
-358.54415463854093 9.808670091563439 -0.0052336346445966036 0.0030277049867496473
-348.85377208073623 9.809058733006902 -0.005211776386057661 0.0030156738246565422
-339.16338952293154 9.809448055170469 -0.005190219762381246 0.003003756600113926
-329.47300696512684 9.809838018116697 -0.005168952356809414 0.0029919505876177836
-319.78262440732215 9.810228582660534 -0.005147962688625681 0.0029802532210467473
-310.09224184951745 9.810619710359479 -0.005127240119628664 0.002968662078696521
-300.40185929171275 9.811011363503718 -0.005106774771756252 0.002957174870076238
-290.71147673390806 9.811403505106249 -0.005086557454335836 0.0029457894242264503
-281.02109417610336 9.811796098892973 -0.00506657959966987 0.0029345036793553057
-271.3307116184151 9.812189109292799 -0.005046833205860445 0.0029233156736201723
-261.6403290606104 9.812582501427732 -0.005027310785936767 0.002912223536906557
-251.9499465028057 9.81297624110294 -0.005008005322489963 0.0029012254834802956
-242.259563945001 9.813370294796847 -0.004988910227125079 0.002890319805402255
-232.5691813871963 9.813764629651251 -0.004970019304144395 0.002879504866614592
-222.8787988293916 9.814159213461393 -0.004951326717952143 0.0028687790976175275
-213.1884162715869 9.814554014666122 -0.004932826963741188 0.002858140990667415
-203.4980337137822 9.814949002337999 -0.0049145148410804085 0.002847589095435918
-193.8076511559775 9.815344146173505 -0.0067716254208837895 0.0032704546965904367
-184.1172685981728 9.815739416483213 -0.006705881257837307 0.003249027066621091
-174.42688604036812 9.816134784182037 -0.006642686296608853 0.0032282305544647683
-164.73650348256342 9.816530220779498 -0.0065818635134870665 0.0032080239672140467
-155.04612092475872 9.816925698370033 -0.006523252457469973 0.003188369935106673
-145.35573836695403 9.817321189623362 -0.0064667073428683625 0.003169234471683867
-135.66535580914933 9.817716667774894 -0.0064120953999197 0.0031505865934783367
-125.97497325134464 9.818112106616184 -0.006359295443555392 0.0031323979900314113
-116.28459069353994 9.818507480485462 -0.006308196627352928 0.003114642736629437
-106.59420813573524 9.818902764258217 -0.006258697355281326 0.0030972970434372895
-96.90382557793055 9.819297933337833 -0.00621070432838571 0.003080339035754546
-87.21344302012585 9.81969296364631 -0.006164131707265337 0.00306374856097604
-77.52306046243757 9.820087831615059 -0.006118900374244734 0.0030475070185416843
-67.83267790463287 9.820482514175756 -0.006074937281644266 0.003031597209738605
-58.14229534682818 9.8208769887513 -0.006032174874646081 0.003016003204702482
-48.45191278902348 9.821271233246822 -0.005990550578959753 0.0030007102243568423
-38.761530231218785 9.821665226040807 -0.00595000634495192 0.002985704535368522
-29.07114767341409 9.822058945976302 -0.005910488241099271 0.002970973356471797
-19.380765115609393 9.822452372352204 -0.005871946090641583 0.0029565047747490006
-9.690382557804696 9.822845484914641 -0.005834333146165494 0.0029422876706524164
0.0 9.82323826384848 -0.005797605797572076 0.0029283116507189135
9.690382557804696 7.054350940078117 -0.060478289189479756 0.044151903262650186
19.380765115609393 7.18011481047785 -0.05905370982176527 0.04309117643046956
29.07114767341409 7.276734204651422 -0.057698725484653254 0.042082532692102784
38.761530231218785 7.356939291519445 -0.05815494082476655 0.042182469672709694
48.45191278902348 7.426266600120071 -0.056879123391172674 0.04123946617496691
58.14229534682818 7.487716867637827 -0.05566149882897234 0.04033966319166573
67.83267790463287 7.543131967572765 -0.05449813618042026 0.03948013737275133
77.52306046243757 7.5937381038256 -0.05338545159781875 0.038658223705976456
87.21344302024227 7.640399940751604 -0.052320170813206744 0.0378714875791792
96.90382557804696 7.683753994004988 -0.05129929637842937 0.03711770039300096
106.59420813573524 7.724284754056627 -0.0503200789823923 0.03639481820835615
116.28459069353994 7.762370992324131 -0.04937999226507281 0.03570096299680185
125.97497325134464 7.798315387461078 -0.04847671064068837 0.035034406130978996
135.66535580914933 7.832364272735628 -0.04760808971829646 0.03439355380872588
145.35573836695403 7.864721253287611 -0.046772148971625516 0.03377693415171327
155.04612092475872 7.895556868907842 -0.04596705636211036 0.03318318575826367
164.73650348256342 7.925015620583763 -0.045191114662896915 0.03261104752259767
174.42688604036812 7.953221189341601 -0.04444274926814306 0.03205934955995608
184.1172685981728 7.980280384805466 -0.04372049730265539 0.031527005099900744
193.8076511559775 8.006286181769374 -0.043022997872776435 0.03101300322935473
203.4980337137822 8.03132008948962 -0.042348983321309014 0.030516402383221394
213.1884162715869 8.055454024437788 -0.04169727136780896 0.030036324494225494
222.8787988293916 8.078751807939717 -0.04106675803134782 0.029571949725359224
232.5691813871963 8.101270376545921 -0.040456411246297556 0.029122511718329084
242.259563945001 8.123060769676037 -0.03986526509319263 0.028687293299964046
251.9499465028057 8.144168942628092 -0.039292414576590044 0.028265622595889876
261.6403290606104 8.164636441246147 -0.03873701089032901 0.0278568695070898
271.3307116184151 8.18450096595838 -0.03819825711790269 0.027460442510414986
281.0210941762198 8.203796846573686 -0.03767540432197145 0.027075785748812257
290.71147673390806 8.222555444507599 -0.03716774798252307 0.026702376381113977
300.40185929171275 8.240805495552324 -0.03667462474789234 0.02633972216474078
310.09224184951745 8.258573403590509 -0.03619540946711044 0.025987359247837388
319.78262440732215 8.275883493575003 -0.0357295124754438 0.02564485014988751
329.47300696512684 8.292758230471057 -0.03527637710834112 0.025311781912354107
339.16338952293154 8.309218409596165 -0.03483547742163428 0.024987764402847692
348.85377208073623 8.325283322793071 -0.034406316098296204 0.024672428758156353
358.54415463854093 8.340970904079308 -0.03398842252417642 0.024365425953047144
368.2345371963456 8.35629785778298 -0.03358135101700319 0.024066425483140703
377.9249197541503 8.371279771665126 -0.03318467919458977 0.023775114151388072
387.615302311955 8.385931217116541 -0.03279800646963796 0.02349119494876334
397.3056848697597 8.400265838181486 -0.03242095265982137 0.023214386020745263
406.9960674275644 8.414296430886093 -0.03205315670297232 0.022944419712011832
416.6864499853691 8.42803501412369 -0.03169427546821107 0.02268104168252671
426.3768325431738 8.441492893162481 -0.03134398265475745 0.02242401008886852
436.0672151009785 8.454680716686157 -0.031001967770968274 0.022173094825251392
445.7575976587832 8.467608528148649 -0.030667935186860187 0.021928076819219315
455.4479802165879 8.489516403019877 -0.03034160325401727 0.02168874737747271
465.1383627743926 8.513869744005593 -0.030022703487355192 0.021454907577711933
474.82874533208087 8.537344819432086 -0.02971097980372949 0.02122636770276705
484.51912788988557 8.559999701285046 -0.029406187812809945 0.021002946713605985
494.20951044769026 8.581886857906293 -0.029108094156133295 0.02078447175817828
503.89989300549496 8.603053863170942 -0.028816475890487456 0.02057077771323203
513.5902755632997 8.62354399516329 -0.028531119912245582 0.020361706756586596
523.2806581211044 8.643396744671577 -0.028251822419490535 0.02015710796751001
532.971040678909 8.662648249527061 -0.027978388409068796 0.01995683695307198
542.6614232367137 8.681331667531264 -0.027710631205954364 0.019760755498523172
552.3518057945184 8.699477498187377 -0.027448372022525636 0.01956873123991716
562.0421883523231 8.717113861490077 -0.027191439545559346 0.01938063735734098
571.7325709101278 8.734266740495023 -0.026939669548928038 0.019196352287256156
581.4229534679325 8.750960193182094 -0.02669290453015306 0.019015759452575314
591.1133360257372 8.76721653816821 -0.026450993369115286 0.01883874700921103
600.8037185835419 8.783056518059032 -0.026213791007362944 0.0186652076079361
610.4941011413466 8.798499443609797 -0.025981158146579687 0.01849503817048617
620.1844836991513 8.813563321361652 -0.025752960964890274 0.018328139678920812
629.874866256956 8.828264967005994 -0.025529070849783782 0.018164416977335708
639.5652488147607 8.842620106386786 -0.025309364146529553 0.018003778585088916
649.2556313725654 8.856643465765368 -0.02509372192104659 0.0178461365207686
658.9460139302537 8.870348852732699 -0.024882029736269122 0.017691406136189913
668.6363964880584 8.883749228953528 -0.02467417744110513 0.017539505959749742
678.3267790458631 8.896856775753129 -0.02447005897120443 0.017390357548555984
688.0171616036678 8.909682953418514 -0.024269572160724208 0.017243885348728318
697.7075441614725 8.922238554957792 -0.02407261856442515 0.017100016563373923
707.3979267192772 8.934533754960698 -0.023879103289428487 0.0169586810277405
717.0883092770819 8.946578154113604 -0.02368893483602936 0.016819811091096957
726.7786918348866 8.958380819847493 -0.0235020249470025 0.016683341504922473
736.4690743926913 8.969950323533306 -0.02331828846487617 0.016549209317014264
746.159456950496 8.981294774584788 -0.02313764319668662 0.016417353771151586
755.8498395083006 8.992421851782744 -0.02296000978575968 0.016287716211978644
765.5402220661053 9.003338832095192 -0.022785311590096613 0.016160239994792495
775.23060462391 9.014052617234293 -0.022613474566970843 0.016034870399943075
784.9209871817147 9.024569758162261 -0.02244442716336816 0.015911554551572678
794.6113697395194 9.03489647773385 -0.02227810021192813 0.015790241340440155
804.3017522973241 9.04503869164188 -0.02211442683206681 0.01567088135059237
813.9921348551288 9.055002027814023 -0.02195334233598211 0.015553426789660697
823.6825174129335 9.064791844393389 -0.021794784139262755 0.01543783142257543
833.3728999707382 9.074413246421676 -0.02163869167583958 0.015324050508503793
843.0632825284265 9.083871101331699 -0.021485006317036988 0.015212040740831616
852.7536650862312 9.093170053346364 -0.02133367129448461 0.015101760190010643
862.4440476440359 9.102314536869692 -0.02118463162670285 0.014993168249132417
872.1344302018406 9.111308788951272 -0.02103783404912429 0.014886225582052721
881.8248127596453 9.120156860894413 -0.020893226947390806 0.01478089407394697
891.51519531745 9.128862629074238 -0.020750760293738447 0.01467713678415716
901.2055778752547 9.13742980502543 -0.02061038558630624 0.014574917901208705
910.8959604330594 9.145861944854403 -0.02047205579121313 0.01447420269988139
920.5863429908641 9.154162458025985 -0.02033572528725695 0.014374957500225882
930.2767255486688 9.162334615570607 -0.020201349813097732 0.01427714962842361
939.9671081064735 9.170381557754224 -0.020068886416796137 0.014180747379393966
949.6574906642782 9.178306301249783 -0.01993829340758528 0.014085719981058538
959.3478732220829 9.186111745845952 -0.019809530309761462 0.013992037560177164
969.0382557798875 9.193800680726126 -0.019682557818585765 0.013899671109675828
978.7286383376922 9.201375790347925 -0.01955733775809509 0.013808592457390856
988.4190208954969 9.20883965995135 -0.019433833040726586 0.013718774236158224
998.1094034533016 9.216194780721406 -0.019312007628665348 0.01363018985518106
