-1007.7997860109899 11.30688975781736 -0.011128579372876138 0.006755529873105521
-998.1094034531852 11.30686955853332 -0.011036505364372727 0.006698099253809367
-988.4190208953805 11.306847966568473 -0.010945972411380348 0.006641636955853635
-978.7286383375758 11.306824531962743 -0.027694530998852322 0.006586118691602365
-969.0382557797711 11.306798666247783 -0.027379319357521234 0.006531520979031228
-959.3478732220829 11.306769622365668 -0.027071609977224124 0.006477821108595942
-949.6574906642782 11.306736481502332 -0.026771128017999128 0.006424997111719545
-939.9671081064735 11.306698151314665 -0.026486577394998913 0.006373027730816253
-930.2767255486688 11.306653379437252 -0.026199657463653228 0.00632189239075303
-920.5863429908641 11.306600784042542 -0.025919222007592477 0.006271571171678006
-910.8959604330594 11.30653889970723 -0.02564504564667642 0.006222044783136411
-901.2055778752547 11.306466232872067 -0.025376913586060965 0.006173294539404055
-891.51519531745 11.306381318377781 -0.025114620991531163 0.0061253023359719005
-881.8248127596453 11.306282768314627 -0.024857972409046362 0.006078050627119692
-872.1344302018406 11.306169306962175 -0.024606781224862793 0.006031522404520112
-862.4440476440359 11.30603978973358 -0.024360869162937976 0.005985701176818728
-852.7536650862312 11.30589320795064 -0.024120065816625208 0.005940570950138085
-843.0632825284265 11.305728683618158 -0.02388420821193898 0.005896116209457638
-833.3728999706218 11.305545458847687 -0.02365314039991711 0.005852321900823839
-823.6825174128171 11.305342883744606 -0.023426713075825535 0.005809173414347582
-813.9921348550124 11.305120405214181 -0.023204783223150185 0.005766656567948603
-804.3017522972077 11.304877557865225 -0.022987213780499213 0.005724757591808861
-794.611369739403 11.304613957273663 -0.022773873329700284 0.005683463113499045
-784.9209871815983 11.304329295343235 -0.022564635803523754 0.005642760143744451
-775.23060462391 11.304023337277595 -0.02235938021159697 0.005602636062798904
-765.5402220661053 11.303695919643513 -0.022157990383177464 0.005563078607393748
-755.8498395083006 11.303346949066652 -0.021960354725613095 0.005524075858240785
-746.159456950496 11.302976401198466 -0.021766365997329205 0.005485616228052756
-736.4690743926913 11.302584319692423 -0.021575921094359348 0.005447688450063327
-726.7786918348866 11.302170815014291 -0.021388920849465042 0.005410281567019717
-717.0883092770819 11.301736062980174 -0.02120526984298213 0.005373384920625918
-707.3979267192772 11.301280302967818 -0.021024033595581734 0.005337011349800097
-697.7075441614725 11.30080383578389 -0.020846820436973543 0.0053011040301039645
-688.0171616036678 11.300307021195504 -0.02067269070049197 0.005265676675219738
-678.3267790458631 11.299790275151194 -0.02050156228551978 0.005230719725055804
-668.6363964880584 11.299254066726872 -0.020333356042632134 0.0051962238717606175
-658.9460139302537 11.298698914838164 -0.020167995640081347 0.00516218005145724
-649.255631372449 11.298125384762923 -0.020005407437548847 0.00512857943630087
-639.5652488146443 11.297534084518038 -0.019845520366703003 0.0050954134268446334
-629.8748662568396 11.296925661133272 -0.0196882658181351 0.005062673644699844
-620.1844836990349 11.296300796862536 -0.01953357753427635 0.0050303519254775286
-610.4941011412302 11.295660204829378 -0.019381391507926792 0.004998440311998722
-600.8037185834255 11.295004625268314 -0.019231645886053198 0.004966931047761677
-591.1133360257372 11.294334822802282 -0.01908428087853845 0.0049358165706550605
-581.4229534679325 11.29365158130067 -0.01893923867157493 0.004905089506904242
-571.7325709101278 11.292955700462983 -0.018796463345451344 0.0048747426652460445
-562.0421883523231 11.292247992052072 -0.018655900796439872 0.004844769031314806
-552.3518057945184 11.291529276184862 -0.01851749866256942 0.004815161762236219
-542.6614232367137 11.290800377686574 -0.018381206253049783 0.00478591418141785
-532.971040678909 11.29006212251352 -0.018246974481138715 0.004757019773528472
-523.2806581211044 11.289315334249476 -0.018114755800255768 0.004728472179658207
-513.5902755632997 11.288560830681496 -0.018070605254192407 0.004700265192651972
-503.89989300549496 11.287799420462498 -0.01794109865714308 0.004672392752608988
-494.20951044769026 11.28703189987018 -0.017813502920626483 0.0046448489425415474
-484.51912788988557 11.286259049674188 -0.01768777481037844 0.004617627984186446
-474.82874533208087 11.285481632126176 -0.01756387242218197 0.004590724233962913
-465.1383627742762 11.28470038808988 -0.01755667242536529 0.00456413217907104
-455.4479802164715 11.283916034330575 -0.01743474048655482 0.004537846433725076
-445.7575976586668 11.28312926098501 -0.017314557832958478 0.00451186173551617
-436.0672151008621 11.282340729233972 -0.017196085725241835 0.004486172941899403
-426.3768325430574 11.281551069199962 -0.017079286603442347 0.004460775026800187
-416.6864499852527 11.280760878091916 -0.01696412404042776 0.004435663077335305
-406.9960674275644 11.279970718617513 -0.01685056269766057 0.004410832290644415
-397.3056848697597 11.279181117681357 -0.016995870453111666 0.004424098567711394
-387.615302311955 11.278392565384568 -0.016881907227735443 0.004399301300609676
-377.9249197541503 11.277605514337312 -0.016769539399677017 0.004374785245234287
-368.2345371963456 11.27682037929206 -0.01673491188203031 0.004350545459479426
-358.54415463854093 11.276037537100605 -0.016624595361280307 0.004326577125682964
-348.85377208073623 11.275257326993206 -0.016515799854097332 0.004302875546178661
-339.16338952293154 11.274480051173416 -0.016396641159192184 0.004280071889626643
-329.47300696512684 11.273705975717421 -0.016290949492568645 0.004256881599577288
-319.78262440732215 11.272935331762204 -0.016186678349306226 0.004233944878393051
-310.09224184951745 11.27216831696273 -0.016083797753406664 0.004211257459176425
-300.40185929171275 11.271405097194563 -0.015982278620469526 0.004188815176348013
-290.71147673390806 11.270645808475223 -0.015882092722250434 0.004166613962313804
-281.02109417610336 11.269890559074945 -0.01584034565638478 0.00414464984428465
-271.33071161829866 11.269139431785561 -0.015741971191864126 0.004122918941238412
-261.64032906049397 11.26839248631491 -0.015644870756674423 0.0041014174610161545
-251.94994650268927 11.267649761773527 -0.015549018409959701 0.00408014169754438
-242.25956394488458 11.266911279220302 -0.015454388957451482 0.004059088028175887
-232.56918138707988 11.266177044234404 -0.015360957922628546 0.0040382529111424505
-222.87879882927518 11.265447049481796 -0.015268701519323573 0.004017632883112975
-213.1884162715869 11.264721277246418 -0.015119797669958189 0.004004718506311631
-203.4980337137822 11.263999701897912 -0.015030601815087754 0.003984417435700968
-193.8076511559775 11.263282292270514 -0.014942492348686845 0.003964324205043994
-184.1172685981728 11.262569013929983 -0.01485544881684163 0.003944435536079108
-174.42688604036812 11.261859831308731 -0.015274271378000873 0.0039800363739103785
-164.73650348256342 11.261154709692107 -0.015182442038994198 0.0039597961466666855
-155.04612092475872 11.260453617042009 -0.015091804237712112 0.003939771212229824
-145.35573836695403 11.2597565256471 -0.015002332240206997 0.003919957772619552
-135.66535580914933 11.259063413591937 -0.014914001156579204 0.003900352136187294
-125.97497325134464 11.25837426604033 -0.014825275986576587 0.003881004559747321
-116.28459069353994 11.257689076331026 -0.014739175813375785 0.0038618031242169466
-106.59420813573524 11.257007846886447 -0.014654146012943623 0.003842799030021964
-96.90382557793055 11.256330589937582 -0.014570164722087735 0.0038239889668025984
-87.21344302012585 11.255657328070301 -0.014487210745769521 0.003805369710200614
-77.52306046232115 11.254988094600254 -0.014405263528249715 0.0037869381184702476
-67.83267790451646 11.254322933785067 -0.014324303125894878 0.0037686911292794147
-58.14229534671176 11.253661900883989 -0.014244310181524824 0.0037506257566872906
-48.451912788907066 11.253005062076092 -0.014489013472112882 0.0037616900944439507
-38.76153023110237 11.252352494249028 -0.014406502334256567 0.0037435860649577875
-29.07114767341409 11.251704284670868 -0.014325021715889145 0.003725665663449298
-19.380765115609393 11.251060530557783 -0.014244549701231525 0.003707925764360297
-9.690382557804696 11.250421338550657 -0.014165065096330847 0.0036903633274755158
0.0 11.24978682411333 -0.014086547394923161 0.0036729753943209225
9.690382557804696 3.2536389292119914 0.044005802020806215 0.07802668241929132
19.380765115609393 4.000405849715592 0.043294337281402084 0.07699933568813785
29.07114767341409 4.526067455005825 0.04248930512303266 0.07600779723892846
38.761530231218785 4.94542999008276 0.04181899382164716 0.0750337518457436
48.45191278902348 5.298508311345454 0.04116726039124511 0.07408485867894955
58.14229534682818 5.605014903115184 0.040533369989960676 0.07316014919956138
67.83267790463287 5.876434585123965 0.039916625528472575 0.07225870408310812
77.52306046243757 6.120177043735963 0.03931636528860378 0.07137965013036403
87.21344302024227 6.3413650852241545 0.038731960719556584 0.07052215740796369
96.90382557804696 6.543722525482987 0.03816281439652777 0.06968543659918548
106.59420813585166 6.73006121636356 0.037608358127927746 0.06886873654709758
116.28459069365636 6.902568747219238 0.03706805119874727 0.06807134197396357
125.97497325146105 7.062988465241756 0.03654137873879282 0.06729257136232782
135.66535580926575 7.212737427753705 0.03602785020556726 0.06653177498456221
145.35573836707044 7.352986661075354 0.03552699797251763 0.06578833306887756
155.04612092475872 7.48471752233873 0.03503837601422488 0.06506165409090663
164.73650348256342 7.608762353961584 0.034561558680832445 0.06435117318088891
174.42688604036812 7.7258344912452 0.03409613955481717 0.06365635063755548
184.1172685981728 7.836550859140404 0.03364173038361944 0.06297667054030473
193.8076511559775 7.941449289813644 0.03319796008241087 0.062311639452283955
203.4980337137822 8.041002002123268 0.032764473801655904 0.06166078520745806
213.1884162715869 8.13562623981938 0.03234093205462061 0.06102365577539387
222.8787988293916 8.22569277214814 0.03192700990038538 0.06039981819801105
232.5691813871963 8.311532762745436 0.03152239617829079 0.05978885759303219
242.259563945001 8.393443376526177 0.031126792790084075 0.05919037621929946
251.9499465028057 8.471692398800968 0.03073991402633849 0.0586039925995228
261.6403290606104 8.546522072803857 0.03036148593399766 0.05802934069638311
271.3307116184151 8.618152312581135 0.029991245722148875 0.057466069138241885
281.0210941762198 8.686783412077357 0.029628941203360817 0.0569138404910067
290.7114767340245 8.752598344428238 0.029274330268130824 0.05637233057297362
300.40185929182917 8.8157647253092 0.028927180390177883 0.055841227809714934
310.09224184963387 8.876436498873 0.02858726816049383 0.05532023262630796
319.78262440743856 8.934755393058428 0.028254378848223582 0.054809056874406216
329.47300696524326 8.990852181951288 0.027928305986592978 0.05430742329184451
339.16338952293154 9.044847785768521 0.02760885098223906 0.05381506499264805
348.85377208073623 9.096854233441604 0.027295822746395127 0.05333172498543335
358.54415463854093 9.146975508318375 0.02698903734657407 0.052857155718458074
368.2345371963456 9.195308293973527 0.026688317677364345 0.05239111864950418
377.9249197541503 9.25238085491347 0.026393493149180894 0.05193338383910797
387.615302311955 9.316515602092387 0.02610439939382014 0.051483729565639604
397.3056848697597 9.377499964366137 0.025820877985775925 0.051041941960880036
406.9960674275644 9.435552527493448 0.025542776178342257 0.05060781466483235
416.6864499853691 9.490871708495641 0.025269946653597886 0.050181148498593516
426.3768325431738 9.543638111201181 0.02500224728542932 0.04976175115419313
436.0672151009785 9.594016548011044 0.024739540914808105 0.04934943690038093
445.7575976587832 9.64215778331922 0.024481695136590462 0.048944026303414385
455.4479802165879 9.688200043516744 0.02422858209715766 0.04854534596196107
465.1383627743926 9.732270330228472 0.023980078302260524 0.04815322825529021
474.8287453321973 9.7744855668593 0.02373606443447434 0.047767511103982474
484.519127890002 9.814953603273432 0.023496425179709443 0.0473880377424375
494.2095104478067 9.853774099204543 0.023261049062258232 0.04701465650250598
503.8998930056114 9.89103930357472 0.023029828287894513 0.046647220607616544
513.5902755634161 9.92683474411661 0.022802658594570716 0.046285587976807985
523.2806581211044 9.961239839414906 0.022579439110291324 0.04592962103811954
532.971040678909 9.99432844361259 0.02236007221774819 0.04557918655079646
542.6614232367137 10.026169332470296 0.022144463425385254 0.04523415543589044
552.3518057945184 10.056826638195837 0.021932521244489148 0.04489440261471509
562.0421883523231 10.08636023937413 0.02172415707201805 0.044559806854794125
571.7325709101278 10.114826111438681 0.02151928507884469 0.044230250622876464
581.4229534679325 10.14227664236778 0.021317822103127184 0.043905619944646604
591.1133360257372 10.168760917651854 0.021119687548535618 0.04358580427077671
600.8037185835419 10.194324978038754 0.02092480328707955 0.04327069634898866
610.4941011413466 10.219012053104878 0.020733093566295862 0.04296019210181373
620.1844836991513 10.242862773308898 0.020544484920571152 0.042654190509755364
629.874866256956 10.26591536285005 0.020358906086386058 0.04235259349957897
639.5652488147607 10.288205815365702 0.020176287921280962 0.042055305837467784
649.2556313725654 10.30976805425562 0.01999656332635468 0.04176223502679914
658.9460139303701 10.330634079206952 0.019819667172117996 0.041473291210309515
668.6363964881748 10.35083410030917 0.019645536227534375 0.04118838707643044
678.3267790459795 10.370396660987923 0.019474109092089888 0.0409074377695885
688.0171616037842 10.389348750847258 0.019305326130742536 0.04063036080427568
697.7075441615889 10.407715909388003 0.0191391294116104 0.04035707598270572
707.3979267193936 10.425522321463799 0.018975462646265387 0.04008750531588363
717.0883092770819 10.442790905242816 0.018814271132508345 0.03982157294792687
726.7786918348866 10.459543393362893 0.018655501699495508 0.03955920508346473
736.4690743926913 10.475800407891379 0.01849910265513247 0.03930032991801673
746.159456950496 10.491581529644854 0.018345023735590476 0.03904487757114737
755.8498395083006 10.506905362360376 0.018193216056873865 0.03879278002231423
765.5402220661053 10.521789592164732 0.01804363206833113 0.03854397104926548
775.23060462391 10.53625104274259 0.01789622550802168 0.038298386168872496
784.9209871817147 10.550305726565558 0.017750951359852378 0.03805596258028581
794.6113697395194 10.563968892509273 0.01760776581240331 0.03781663911030856
804.3017522973241 10.577255070154624 0.017466626219365265 0.03758035616088731
813.9921348551288 10.590178111041455 0.01732749106151655 0.03734705565862487
823.6825174129335 10.602751227118283 0.017190319910169782 0.037116681006224735
833.3728999707382 10.61498702660931 0.017055073392022904 0.036889177035781734
843.0632825285429 10.626897547500137 0.016921713155352396 0.03666448996383717
852.7536650863476 10.63849428882558 0.016790201837489086 0.03644256734812114
862.4440476441523 10.649788239926893 0.016660503033520825 0.0362233580459088
872.134430201957 10.660789907831212 0.01653258126616809 0.036006812173920405
881.8248127597617 10.671509342892861 0.016406401956782127 0.035792881069698995
891.5151953175664 10.681956162824358 0.016281931397417102 0.03558151725440228
901.2055778752547 10.692139575234096 0.01615913672393186 0.0353726743969514
910.8959604330594 10.70206839877885 0.016037985890068645 0.03516630727946425
920.5863429908641 10.711751083027861 0.015918447642489498 0.03496237176395633
930.2767255486688 10.721195727131569 0.01580049149670096 0.034760824760207344
939.9671081064735 10.730410097376506 0.015684087713851613 0.034561624194781794
949.6574906642782 10.73940164370383 0.015569207278357719 0.03436472898114113
959.3478732220829 10.748177515262078 0.0154558218763239 0.03417009899080562
969.0382557798875 10.756744575059392 0.015343903874726696 0.033977695025522635
978.7286383376922 10.765109413775443 0.01523342630132936 0.03378747879040097
988.4190208954969 10.77327836278866 0.015124362825298507 0.03359941286797205
998.1094034533016 10.78125750647028 0.015016687738494263 0.03341346069314104
