-1007.7997860111063 11.174277499999336 -0.013416166443748916 0.0023248260405591597
-998.1094034533016 11.174098867378394 -0.013383287858965212 0.0023133743749566365
-988.4190208954969 11.173918929824163 -0.013350578883494951 0.0023020447683668385
-978.7286383376922 11.173738461827861 -0.013318038129876511 0.002290835198836538
-969.0382557798875 11.173558210347885 -0.013285664226877464 0.0022797436896885965
-959.3478732220829 11.173378893438116 -0.013253455819228967 0.002268768308250021
-949.6574906642782 11.1732011991431 -0.013221411567366243 0.002257907164622865
-939.9671081064735 11.173025784642906 -0.013189530147175348 0.002247158410496268
-930.2767255486688 11.172853275630008 -0.013157810249745692 0.002236520237998092
-920.5863429908641 11.172684265900203 -0.013126250581128249 0.0022259908785845347
-910.8959604330594 11.172519317139653 -0.013094849862099316 0.002215568601966352
-901.2055778752547 11.172358958890293 -0.013063606827929567 0.00220525171507021
-891.51519531745 11.172203688676369 -0.013032520228158139 0.0021950385610338685
-881.8248127596453 11.172053972275311 -0.015597082615249672 0.0021849275182339
-872.1344302018406 11.171910244116935 -0.016710871541239625 0.0021749169993447327
-862.4440476440359 11.171772907795676 -0.016629950853219208 0.0021650054504278233
-852.7536650862312 11.171642336681415 -0.016550516552816863 0.002155191350049847
-843.0632825284265 11.171518874615348 -0.016472515015601707 0.0021454732084288403
-833.3728999706218 11.17140283667823 -0.01639589534178648 0.002135849566607245
-823.6825174129335 11.171294510019276 -0.016320609183005954 0.0021263189956509795
-813.9921348551288 11.17119415473488 -0.01624661058217692 0.0021168800958729526
-804.3017522973241 11.171102004787217 -0.01617385582531385 0.0021075314960817466
-794.6113697395194 11.171018268953679 -0.016102303304254204 0.002098271852852404
-784.9209871817147 11.170943131798916 -0.016031913389379277 0.0020890998498201115
-775.23060462391 11.170876754662055 -0.01596264831148631 0.0020800141969953656
-765.5402220661053 11.170819276652448 -0.015894472052053507 0.0020710136300999605
-755.8498395083006 11.17077081564802 -0.01582735024120988 0.0020620969099229905
-746.159456950496 11.170731469290919 -0.0157612500627855 0.0020532628216962524
-736.4690743926913 11.170701315975878 -0.015696140165875016 0.002044510174488331
-726.7786918348866 11.170680415827201 -0.015631990582398617 0.0020358378006167053
-717.0883092770819 11.170668811660882 -0.015568772650190752 0.002027244555077264
-707.3979267192772 11.170666529928841 -0.015506458941188472 0.002018729314990632
-697.7075441614725 11.1706735816427 -0.015445023194328892 0.0020102909790647304
-688.0171616036678 11.170689963274976 -0.015384440252798982 0.002001928467073023
-678.3267790458631 11.170715657635919 -0.015324686005311382 0.0019936407193478695
-668.6363964880584 11.17075063472453 -0.015265737331107893 0.0019854266962885574
-658.9460139302537 11.170794852552692 -0.015207572048416884 0.0019772853778834564
-649.255631372449 11.170848257941513 -0.015150168866114058 0.0019692157632458227
-639.5652488147607 11.170910787289314 -0.015093507338356965 0.0019612168701629426
-629.874866256956 11.170982367310858 -0.015037567821977632 0.0019532877346575433
-620.1844836991513 11.171062915747617 -0.014982331436449144 0.0019454274105625284
-610.4941011413466 11.171152342049083 -0.014927780026233703 0.0019376349691067028
-600.8037185835419 11.17125054802521 -0.014873896125357316 0.0019299094985125212
-591.1133360257372 11.17135742847026 -0.01482066292405532 0.001922250103604938
-581.4229534679325 11.17147287175842 -0.01476806423734905 0.001914655905431056
-571.7325709101278 11.17159676041162 -0.014716084475424291 0.0019071260408902585
-562.0421883523231 11.171728971640121 -0.014664708615691985 0.0018996596623744786
-552.3518057945184 11.171869377856444 -0.014613922176420295 0.001892255937418265
-542.6614232367137 11.17201784716334 -0.014563711191835959 0.001884914048358348
-532.971040678909 11.172174243816468 -0.01451406218859992 0.0018776331920024236
-523.2806581211044 11.17233842866253 -0.014464962163569321 0.0018704125793068136
-513.5902755632997 11.172510259553649 -0.014416398562764561 0.0018632514350627948
-503.89989300549496 11.172689591738758 -0.014368359261465461 0.0018561489975912444
-494.20951044769026 11.172876278232797 -0.014320832545366436 0.0018491045184454253
-484.51912788988557 11.173070170164541 -0.014273807092725329 0.001842117262121585
-474.82874533208087 11.17327111710385 -0.014227271957445163 0.0018351865057772026
-465.1383627742762 11.173478967369164 -0.014181216553032144 0.001828311538956574
-455.4479802165879 11.17369356831604 -0.014135630637377997 0.0018214916633236499
-445.7575976587832 11.173914766607519 -0.014090504298314151 0.0018147261924013943
-436.0672151009785 11.174142408467091 -0.014045827939900238 0.001808014451318679
-426.3768325431738 11.174376339915064 -0.014001592269393378 0.0018013557765628855
-416.6864499853691 11.174616406989031 -0.01395778828486647 0.0017947495157392386
-406.9960674275644 11.17486245594921 -0.013914407263435074 0.001788195027336201
-397.3056848697597 11.17511433346932 -0.01387144075005857 0.0017816916804968116
-387.615302311955 11.175371886813714 -0.013828880546883129 0.0017752388547958016
-377.9249197541503 11.175634964001393 -0.013788171728140862 0.0017688986095317672
-368.2345371963456 11.175903413957537 -0.01374638074152374 0.0017625441514553665
-358.54415463854093 11.176177086653128 -0.013704973447362667 0.0017562384366493666
-348.85377208073623 11.176455833233248 -0.013663942558640136 0.0017499808833823546
-339.16338952293154 11.176739506134506 -0.013638495803813365 0.0017441039231363888
-329.47300696512684 11.177027959192115 -0.013597990744258 0.0017379364775068173
-319.78262440732215 11.177321047736982 -0.013557846971723755 0.0017318156245387374
-310.09224184951745 11.1776186286832 -0.01351805778333362 0.0017257408143752915
-300.40185929171275 11.177920560606234 -0.0134786166695935 0.0017197115061036998
-290.71147673390806 11.178226703812005 -0.01344634658228394 0.001713869765216306
-281.02109417610336 11.178536920397105 -0.013407489625550576 0.00170792792675149
-271.3307116184151 11.178851074300217 -0.01336896481250318 0.0017020300716162331
-261.6403290606104 11.179169031344818 -0.013336085101819977 0.001696313784908285
-251.9499465028057 11.179490659273124 -0.013300809604809052 0.0016905515890984534
-242.259563945001 11.17981582777131 -0.013263140349710734 0.001684780152480287
-232.5691813871963 11.180144408485862 -0.013225783380658017 0.0016790507773921754
-222.8787988293916 11.180476275030975 -0.013188733304893068 0.0016733629837215945
-213.1884162715869 11.180811302986896 -0.013151984877175091 0.0016677162989744384
-203.4980337137822 11.181149369889102 -0.013115532994309894 0.0016621102581122072
-193.8076511559775 11.181490355208208 -0.013079372689936856 0.001656544403394128
-184.1172685981728 11.18183414032061 -0.013055248985077459 0.0016512069717128806
-174.42688604036812 11.18218060846984 -0.013019497954324633 0.0016457175830138877
-164.73650348256342 11.182529644718752 -0.0129849668652796 0.001640283626812997
-155.04612092475872 11.18288113589273 -0.012949761974117246 0.0016348714299776758
-145.35573836695403 11.183234970514215 -0.012914829996440367 0.0016294973040968696
-135.66535580914933 11.183591038728949 -0.012880166524439008 0.0016241608294678194
-125.97497325134464 11.183949232224489 -0.012845767265154247 0.001618861592836834
-116.28459069353994 11.184309444141673 -0.012811628036333756 0.0016135991872650499
-106.59420813573524 11.184671568979784 -0.012777744762481226 0.001608373211998173
-96.90382557793055 11.185035502496383 -0.012744113471088336 0.0016031832723400093
-87.21344302024227 11.185401141602812 -0.012710730289038838 0.0015980289795296766
-77.52306046243757 11.18576838425654 -0.012677591439172709 0.001592909950621984
-67.83267790463287 11.186137129351525 -0.012644693237007192 0.001587825808371739
-58.14229534682818 11.186507276607959 -0.012612032087598169 0.0015827761811206358
-48.45191278902348 11.18687872646272 -0.012579604482540004 0.0015777607026874834
-38.761530231218785 11.187251379961916 -0.012547406997093948 0.0015727790122613244
-29.07114767341409 11.187625138656927 -0.014299224004738993 0.0019207427785459606
-19.380765115609393 11.187999904505311 -0.014243337558680572 0.0019110517931220877
-9.690382557804696 11.188375579777945 -0.014188316042355703 0.0019015210766587347
0.0 1.162791123866846 -0.020604375330865544 0.015999862955190736
9.690382557804696 2.353412744768752 -0.02046271965812354 0.01579815205534371
19.380765115609393 3.0802669530647613 -0.020327016988873466 0.015601807438657574
29.07114767341409 3.638500704902527 -0.020190223040490254 0.015410597294133617
38.761530231218785 4.099797300335703 -0.021040469970715438 0.015729422640062676
48.45191278902348 4.495598598082382 -0.020897462159228226 0.015540967755894213
58.14229534682818 4.843162670669522 -0.020757526502693347 0.015357240732997858
67.83267790463287 5.153231894684807 -0.0206205518962636 0.015178063400809986
77.52306046243757 5.4330610633106025 -0.02048643268628159 0.015003266461527765
87.21344302024227 5.687838948599589 -0.020579402466093306 0.014864546342809513
96.90382557793055 5.921438074715853 -0.020506222121828427 0.014702703840877133
106.59420813573524 6.136845059954947 -0.020376340621203696 0.014539624969829527
116.28459069353994 6.33642407379863 -0.020249038972322546 0.014380340557803954
125.97497325134464 6.522086560177641 -0.02012423037033571 0.014224717725664828
135.66535580914933 6.695405192716918 -0.02000183198710145 0.014072629751745915
145.35573836695403 6.857693053322903 -0.019881764743804944 0.013923955718850663
155.04612092475872 7.010060258313657 -0.01998208395612901 0.013794305421110308
164.73650348256342 7.153455466514566 -0.019863475285538973 0.013651903252609888
174.42688604036812 7.288696960580355 -0.01979327364202861 0.013515208599652098
184.1172685981728 7.416496357324774 -0.019678358881971593 0.013378847204567107
193.8076511559775 7.537476993322215 -0.019565520017637717 0.01324537774738085
203.4980337137822 7.652188389740434 -0.019454692936106424 0.013114707701585118
213.1884162715869 7.761117780640386 -0.019345816236430415 0.012986748464500151
222.8787988293916 7.8646994081252455 -0.019271327017966057 0.012863026871757098
232.5691813871963 7.963322095761913 -0.019165733942412305 0.012740216146112027
242.259563945001 8.057335477970323 -0.01906193384505819 0.012619872557397176
251.9499465028057 8.14705516829136 -0.018959874348550423 0.012501921237496081
261.6403290606104 8.232767081199153 -0.01885950517831799 0.012386290332462569
271.3307116184151 8.3147310722767 -0.018773418908743966 0.012273122428995255
281.0210941762198 8.393184024683324 -0.018676116549358388 0.012161925244779869
290.71147673390806 8.468342482206914 -0.018580369840727716 0.01205284961466575
300.40185929171275 8.540404908266348 -0.018486135741365 0.011945834320332404
310.09224184951745 8.609553634187748 -0.01840691538773002 0.01184131605091436
319.78262440732215 8.675956547726841 -0.018315399784681413 0.011738240307662375
329.47300696512684 8.739768563122272 -0.018225282145068425 0.011637055059666064
339.16338952293154 8.801132906391192 -0.018136525344406813 0.011537707819614482
348.85377208073623 8.860182243554796 -0.018049093621367602 0.011440148036427835
358.54415463854093 8.917039674678575 -0.017962952514751288 0.011344327006615883
368.2345371963456 8.971819612750235 -0.017878068803958504 0.011250197790465698
377.9249197541503 9.046926300212046 -0.017794410452731342 0.011157715132754521
387.615302311955 9.120478302386857 -0.017711946555956173 0.01106683538770495
397.3056848697597 9.190310580196492 -0.017630647289333837 0.01097751644792007
406.9960674275644 9.256683209031959 -0.017550483861737545 0.01088971767705412
416.6864499853691 9.319832612365346 -0.017471428470091085 0.010803399845991633
426.3768325431738 9.37997424544017 -0.01739345425661235 0.010718525072323414
436.0672151009785 9.43730491108151 -0.0173165352682777 0.010635056762922344
445.7575976587832 9.492004766920164 -0.017240646418372946 0.010552959559435209
455.4479802165879 9.544239072347859 -0.01716576345000589 0.010472199286519183
465.1383627743926 9.594159714831271 -0.01709186290146387 0.010392742902663052
474.82874533208087 9.641906548283126 -0.01701892207330865 0.010314558453444622
484.51912788988557 9.687608570628438 -0.01694691899710207 0.010237615027079169
494.20951044769026 9.731384963195016 -0.016875832405680878 0.010161882712142451
503.89989300549496 9.773346010920282 -0.016805641704874964 0.010087332557327333
513.5902755632997 9.8135939193551 -0.016736326946599708 0.01001393653313387
523.2806581211044 9.852223541997736 -0.016667868803239564 0.009941667495380155
532.971040678909 9.889323029453632 -0.016600248543251914 0.00987049915043459
542.6614232367137 9.924974410228424 -0.01653173546612015 0.009800406022075395
552.3518057945184 9.959254111552402 -0.016465760461797048 0.009731363419889318
562.0421883523231 9.99223342745344 -0.01640056986398248 0.00966334740912664
571.7325709101278 10.023978940301618 -0.016336147128802016 0.00959633478193476
581.4229534679325 10.054552901208845 -0.016272476201224757 0.009530303029897333
591.1133360257372 10.084013573954858 -0.016209541496792067 0.009465230317810356
600.8037185835419 10.112415546504682 -0.016147327884166233 0.009401095458630535
610.4941011413466 10.139810013665311 -0.016085820668456086 0.009337877889535355
620.1844836991513 10.166245033985787 -0.016025005575279583 0.009275557649037649
629.874866256956 10.191765763623922 -0.01596486873552531 0.009214115355100723
639.5652488147607 10.216414669574421 -0.015905396670777474 0.009153532184203558
649.2556313725654 10.240231724369263 -0.01584657627937052 0.00909378985130813
658.9460139302537 10.26325458411491 -0.015788394823042784 0.009034870590684503
668.6363964880584 10.285518751518904 -0.01573083991415477 0.008976757137547099
678.3267790458631 10.307057725366498 -0.015673899503454648 0.008919432710472432
688.0171616036678 10.327903137754818 -0.015617561868350439 0.008862880994546478
697.7075441614725 10.348084880240044 -0.015561815601673972 0.00880708612521635
707.3979267192772 10.367631219934003 -0.015506649600909247 0.008752032672808434
717.0883092770819 10.386568906474812 -0.015452053057863025 0.008697705627681554
726.7786918348866 10.404923270699772 -0.015398015448756835 0.008644090385985122
736.4690743926913 10.422718315763246 -0.015378636882421092 0.008592083722140941
746.159456950496 10.439976801366857 -0.015325220246699654 0.008539837374616242
755.8498395083006 10.456720321702313 -0.015272345170010835 0.008488261655836337
765.5402220661053 10.47296937764786 -0.01522000167247121 0.008437343440405106
775.23060462391 10.488743443706507 -0.015168180041125247 0.008387069946337786
784.9209871817147 10.504061030127142 -0.015146812324528742 0.008338169922451929
794.6113697395194 10.518939740607696 -0.015095599762563897 0.008289138779228829
804.3017522973241 10.533396325942048 -0.015044892329092091 0.008240716231610165
813.9921348551288 10.547446733938756 -0.01499468085636593 0.008192890752764071
823.6825174129335 10.561106155909666 -0.014944956422817039 0.008145651107971486
833.3728999707382 10.574389069999487 -0.014895710344059853 0.008098986345381556
843.0632825284265 10.587309281602957 -0.014846934164330326 0.00805288578711812
852.7536650862312 10.59987996109552 -0.014801289016749954 0.00800737836425898
862.4440476440359 10.612113679080501 -0.014753391805846389 0.007962374698886086
872.1344302018406 10.624022439343456 -0.014705941394689183 0.007917904778436534
881.8248127596453 10.635617709682878 -0.014698881320765455 0.0078750880049159
891.51519531745 10.646910450775241 -0.014651758834607065 0.007831641470748682
901.2055778752547 10.657911143218117 -0.01460507530519584 0.007788700793614815
910.8959604330594 10.668629812883346 -0.014556577114501888 0.007746256973989065
920.5863429908641 10.67907605470148 -0.014510779008619693 0.007704301226959171
930.2767255486688 10.689259054988804 -0.014465396633730318 0.007662824975817991
939.9671081064735 10.699187612419449 -0.014420422938550465 0.007621819845886036
949.6574906642782 10.708870157736827 -0.014375851052934274 0.00758127765855447
959.3478732220829 10.718314772291347 -0.014331674281381955 0.0075411904255394575
969.0382557798875 10.72752920548447 -0.014338900193374617 0.007503176793722155
978.7286383376922 10.736520891193148 -0.01429480347525267 0.007463954215321251
988.4190208954969 10.745296963242865 -0.014251101228698276 0.007425164302301196
998.1094034533016 10.753864269992512 -0.014207786667905852 0.007386799750874503
