-1007.7997860111063 11.035515226851778 -0.006292544028838453 0.021973262453043905
-998.1094034533016 11.029600298106716 -0.006283854736232562 0.021766684039416766
-988.4190208954969 11.023818720347663 -0.006274946901736359 0.021564119519148023
-978.7286383376922 11.01817856520732 -0.006265831356051072 0.02136545117000216
-969.0382557798875 11.01268679990263 -0.006256518436990672 0.02117056585531165
-959.3478732220829 11.007349360282408 -0.006278459808087221 0.020980579359277735
-949.6574906642782 11.002171222369444 -0.00626835410580958 0.020792921312338754
-939.9671081064735 10.997156471881615 -0.006258090786288197 0.020608732696278217
-930.2767255486688 10.99230837135069 -0.006247678000810568 0.020427916606306558
-920.5863429908641 10.987629424565265 -0.0062371235444557095 0.020250379735396586
-910.8959604330594 10.983121438150977 -0.006226434873374712 0.020076032208464944
-901.2055778753711 10.978785580170626 -0.006443281260700792 0.019904787425651233
-891.5151953175664 10.973040259410048 -0.00642926690904222 0.01973656191410528
-881.8248127597617 10.96655735146195 -0.006415220973745117 0.019571275187777903
-872.134430201957 10.960430902699837 -0.006401146465708966 0.01940884961467657
-862.4440476441523 10.954661710252028 -0.006387046298753993 0.019249210291154634
-852.7536650863476 10.949248605550881 -0.006372923291176414 0.01909228492279184
-843.0632825285429 10.944188704794426 -0.00651073468216077 0.018938003711467973
-833.3728999707382 10.93947763945232 -0.006494515036414488 0.018786299248257147
-823.6825174129335 10.935109767284084 -0.006478335505080105 0.018637106411795522
-813.9921348551288 10.93107836456187 -0.006462196363797465 0.018490362271798698
-804.3017522973241 10.927375800349369 -0.006885425368377917 0.01834600599742681
-794.6113697395194 10.923993693796346 -0.00686339034063035 0.01820397877021539
-784.9209871817147 10.92092305547479 -0.006841557157750532 0.01806422370130858
-775.23060462391 10.918154413816774 -0.006819919800347471 0.01792668575274875
-765.5402220661053 10.91567792772267 -0.0067984725928504335 0.017791311662592124
-755.8498395083006 10.913483486397146 -0.006777210178836474 0.017658049873635236
-746.159456950496 10.91156079744433 -0.006756127498374916 0.01752685046555054
-736.4690743926913 10.909899464216288 -0.006735219767204756 0.0173976650902424
-726.7786918348866 10.908489053363901 -0.006714482457579435 0.017270446910246335
-717.0883092771983 10.907319153488864 -0.00669391128063036 0.017145150540007252
-707.3979267193936 10.906379425741703 -0.006673502170113533 0.017021731989871888
-697.7075441615889 10.905659647155813 -0.00665325126742175 0.01690014861267188
-688.0171616037842 10.9051497474513 -0.006633154907748121 0.016780359052730127
-678.3267790459795 10.904839839988032 -0.006727595328769864 0.016669258138818744
-668.6363964881748 10.904720247493456 -0.0067062412017065655 0.01655284269981633
-658.9460139303701 10.904781523139231 -0.006685073458155292 0.016438106817988116
-649.2556313725654 10.90501446749158 -0.006664087428908013 0.016325013737460415
-639.5652488147607 10.905410141813643 -0.0066432786703995664 0.01621352777650424
-629.874866256956 10.905959878154373 -0.006622642950407353 0.01610361428838386
-620.1844836991513 10.906655286617546 -0.0066021762348069555 0.015995239623912874
-610.4941011413466 10.907488260166456 -0.006581874675295583 0.01588837109563097
-600.8037185835419 10.908450977284568 -0.00656173459800339 0.01578297694351964
-591.1133360257372 10.909535902780002 -0.006541752492920121 0.015679026302180002
-581.4229534679325 10.910735786991793 -0.006521925004071202 0.015576489169400019
-571.7325709101278 10.912043663628634 -0.006502248920383202 0.015475336376042806
-562.0421883523231 10.913452846445788 -0.006482721167184132 0.015375539557191282
-552.3518057945184 10.914956924943251 -0.006463338798288646 0.015277071124488286
-542.6614232367137 10.91654975924752 -0.006444098988622795 0.015179904239614503
-532.971040678909 10.918225474320737 -0.006424999027346793 0.015084012788849714
-523.2806581212208 10.919978453624067 -0.006406036311437898 0.014989371358667104
-513.5902755634161 10.921803332347059 -0.00638720833969763 0.01489595521230516
-503.8998930056114 10.923694990300675 -0.006368512707154525 0.014803740267287983
-494.2095104478067 10.925648544560056 -0.006349947099829031 0.014712703073827842
-484.519127890002 10.927659341931369 -0.0063315092898369625 0.01462282079408571
-474.8287453321973 10.929722951307673 -0.006313197130805677 0.014534071182243811
-465.1383627743926 10.93183515596978 -0.0062950085535806 0.014446432565354182
-455.4479802165879 10.933991945880276 -0.006276941562201311 0.014359883824928343
-445.7575976587832 10.9361895100119 -0.006258994230128024 0.014274404379234457
-436.0672151009785 10.938424228745301 -0.006241164696700906 0.014189974166270582
-426.3768325431738 10.940692666365711 -0.006223451163815975 0.014106573627383883
-416.6864499853691 10.942991563683224 -0.006358780624748384 0.014037284026664505
-406.9960674275644 10.945317830797126 -0.006448810337161296 0.013963525373592047
-397.3056848697597 10.94766854002096 -0.006427912859791588 0.013882820984236613
-387.615302311955 10.95004091898172 -0.006407218729641061 0.013803080238155975
-377.9249197541503 10.952432343903688 -0.006400975332849195 0.013724634849722306
-368.2345371963456 10.95484033308491 -0.006380478728489014 0.013646764389752306
-358.54415463854093 10.957262540572168 -0.00636017564701097 0.013569806297773896
-348.85377208073623 10.959696750038349 -0.0063400613172618905 0.013493744263844842
-339.16338952304795 10.962140868864498 -0.006320131177668667 0.013418562371622929
-329.47300696524326 10.964592922427643 -0.0063101327441038675 0.013344451122766478
-319.78262440743856 10.967051048593632 -0.006290426179324684 0.013270980492710235
-310.09224184963387 10.969513492414293 -0.00628675861715074 0.013198713617524623
-300.40185929182917 10.971978601026274 -0.006267183183279114 0.013126892940005038
-290.7114767340245 10.974444818748854 -0.0062477808845965025 0.013055878522233865
-281.0210941762198 10.976910682377223 -0.0062285478332757506 0.012985656563311512
-271.3307116184151 10.979374816667237 -0.00620948029916917 0.012916213580756418
-261.6403290606104 10.981835930007259 -0.006190574701146053 0.012847536401203745
-251.9499465028057 10.984292810272434 -0.0061718275990068835 0.012779612151437374
-242.259563945001 10.986744320856413 -0.006155517495792576 0.01271249755491024
-232.5691813871963 10.989189396875451 -0.006137046422774871 0.01264604075604485
-222.8787988293916 10.991627041539589 -0.006119913470919386 0.01258032106284068
-213.1884162715869 10.994056322685617 -0.006101722778704093 0.012515284322692733
-203.4980337137822 10.996476369466423 -0.0061022567688498825 0.012451429858137962
-193.8076511559775 10.998886369191347 -0.006084100938352524 0.01238776086802815
-184.1172685981728 11.001285564312129 -0.0060730279297466225 0.012324890499890499
-174.42688604036812 11.00367324954919 -0.006055066831121259 0.012262550490820931
-164.73650348256342 11.00604876915287 -0.006037248217870674 0.012200859962663829
-155.04612092487514 11.008411514294497 -0.006019569339206178 0.012139808605256127
-145.35573836707044 11.010760920582268 -0.0060020275430253765 0.01207938632873682
-135.66535580926575 11.013096465696567 -0.005984620270966201 0.012019583257612014
-125.97497325146105 11.01541766714037 -0.005967345053764421 0.011960389725007771
-116.28459069365636 11.017724080099532 -0.005950199506895551 0.01190179626711392
-106.59420813585166 11.020015295408491 -0.00593318132647962 0.01184379361780719
-96.90382557804696 11.022290937616832 -0.005916288285430275 0.011786372703447394
-87.21344302024227 11.024550663152318 -0.005899518229831188 0.011729524637840046
-77.52306046243757 11.026794158576141 -0.005882869075523861 0.011673240717358976
-67.83267790463287 11.029021138926261 -0.005866338804892446 0.011617512416223035
-58.14229534682818 11.031231346144853 -0.005849925463832166 0.011562331381920955
-48.45191278902348 11.033424547586023 -0.005849847705836879 0.011508146157332604
-38.761530231218785 11.03560053460005 -0.005833443706468284 0.011454029106729264
-29.07114767341409 11.037759121190602 -0.005817156956886705 0.011400435425539368
-19.380765115609393 11.03990014274145 -0.005800985500180974 0.011347357404885256
-9.690382557804696 11.042023454809392 -0.005784927442068918 0.011294787488657105
0.0 11.044128931980142 -0.005768980947975899 0.011242718269697548
9.690382557804696 2.1408363419893153 0.06635471389685091 0.052653997149574486
19.380765115609393 2.9673204029664113 0.06124957347543864 0.053817060176319556
29.071147673297673 3.5627357259341377 0.06036836930202396 0.05319458371556414
38.76153023110237 4.04237013779122 0.059510756548812944 0.05258770300225295
48.451912788907066 4.448345213538817 0.05901741331228231 0.05200928742627741
58.14229534671176 4.801889760555235 0.058188283535095725 0.051431875022253645
67.83267790451646 5.115562306485322 0.056622389447614066 0.050973475480568305
77.52306046232115 5.397560271477143 0.05585663327985273 0.05042166924635933
87.21344302012585 5.6536051743639835 0.05511011593016277 0.04988279591126256
96.90382557793055 5.887889504730489 0.054382129402588124 0.049356390099864374
106.59420813573524 6.103600883342449 0.05367199993980015 0.0488420087908899
116.28459069353994 6.303234100115475 0.0529790859793318 0.04833922998435825
125.97497325134464 6.488787689558976 0.05230277625444223 0.04784765146315603
135.66535580914933 6.661893520529367 0.05164248802781275 0.04736688964131082
145.35573836695403 6.823905471829935 0.050997665447361076 0.04689657849195955
155.04612092475872 6.975962033129791 0.05036777801443846 0.046436368548646544
164.73650348256342 7.119031684126869 0.04975231915555013 0.045985925974160353
174.42688604036812 7.253946547172029 0.049150804889528873 0.04554493169163586
184.1172685981728 7.381427842204204 0.048562772582802734 0.04511308057311305
193.8076511559775 7.502105477784106 0.04798777978603895 0.04469008068116481
203.4980337137822 7.616533361934917 0.047425403146025294 0.04427565255958377
213.1884162714705 7.725201532214445 0.046875237387179726 0.04386952856946702
222.87879882927518 7.828545883859091 0.04625220847416478 0.04347512832239726
232.56918138707988 7.926956057795298 0.04572647079290182 0.043084803760717126
242.25956394488458 8.020781900485119 0.045211796329281524 0.04270204663883007
251.94994650268927 8.110338802134578 0.04470784439097694 0.04232663069024023
261.64032906049397 8.195912144484536 0.04421428808461892 0.041958338721669194
271.33071161829866 8.277761034730725 0.04373081362496166 0.04159696215978867
281.02109417610336 8.35612146191134 0.04325711968511235 0.041242300624932685
290.71147673390806 8.431208982148547 0.042792916785007094 0.040894161529931916
300.40185929171275 8.503221016559023 0.042337926715533505 0.04055235970235773
310.09224184951745 8.572338828455859 0.04189188199590092 0.04021671702859525
319.78262440732215 8.638729233237207 0.0414545253620414 0.03988706211828609
329.47300696512684 8.702546084086462 0.04093841138588354 0.03956661512750219
339.16338952293154 8.763931568564589 0.040518875985199154 0.03924840115511661
348.85377208073623 8.823017344823697 0.04009785894564695 0.03893603606099804
358.54415463854093 8.879925541117844 0.039694115209869714 0.038628694107738996
368.2345371963456 8.948676067108654 0.039297878049507684 0.03832657458413714
377.9249197541503 9.027072981905691 0.038908943508154714 0.03802954032723414
387.615302311955 9.101338500533803 0.03852711491572612 0.03773745901965763
397.3056848697597 9.171778321354914 0.03815220256671501 0.037450202975829495
406.996067427448 9.238668430324253 0.03778402341531686 0.0371676489394385
416.6864499852527 9.302258716140994 0.03742240078637702 0.03688967789147086
426.3768325430574 9.36277605508347 0.03706716410127641 0.03661617486820863
436.0672151008621 9.420426956575625 0.03671814861778143 0.03634702878853295
445.7575976586668 9.475399842646572 0.03637519518309895 0.036082132290027776
455.4479802164715 9.527867020532913 0.03603814999933768 0.03582138157334572
465.1383627742762 9.577986396712243 0.0357068644006607 0.035564676254356345
474.82874533208087 9.625902971974002 0.03538119464145644 0.035311919223625685
484.51912788988557 9.671750150202474 0.035061001694898085 0.03506301651280559
494.20951044769026 9.715650887976448 0.03474615106130396 0.03481787716753886
503.89989300549496 9.757718707585205 0.03443651258574741 0.03457641312651179
513.5902755632997 9.79805859239605 0.03413196028440023 0.03433853910630914
523.2806581211044 9.836767780510785 0.03383237217912722 0.03410417249174891
532.971040678909 9.873936470183391 0.03353763013987789 0.03387323323139393
542.6614232367137 9.909648448433984 0.0332476197344511 0.03364564373795752
552.3518057945184 9.943981652602622 0.032962230085233794 0.03342132879333651
562.0421883523231 9.977008673175717 0.032681353732539414 0.03320021545802261
571.7325709101278 10.008797205036442 0.032404886504194846 0.03298223298465783
581.4229534679325 10.039410453296865 0.032132727391045196 0.03276731273551385
591.1133360256208 10.06890749903062 0.03186477842806923 0.03255538810369109
600.8037185834255 10.097343629516892 0.03160094458079429 0.032346394437828246
610.4941011412302 10.124770636995036 0.03134113363678364 0.03214026897017708
620.1844836990349 10.15123708942641 0.031085256101873588 0.031936950747819944
629.8748662568396 10.176788576306649 0.030833225100964538 0.03173638056690598
639.5652488146443 10.2014679322008 0.030584956283117477 0.031538500909738434
649.255631372449 10.225315440345488 0.030340367730742297 0.031343255884571576
658.9460139302537 10.24836901838157 0.030099379872673814 0.031150591167981762
668.6363964880584 10.27066438803735 0.029861915400943184 0.030960453949684955
678.3267790458631 10.292235230371308 0.029627899191062672 0.030772792879679923
688.0171616036678 10.313113327999664 0.029397258225652104 0.03058755801760322
697.7075441614725 10.333328695573822 0.029169921521244986 0.030404700784188582
707.3979267192772 10.352909699632894 0.028945820058121217 0.03022417391472907
717.0883092770819 10.371883168833769 0.02872488671302105 0.03004593141444582
726.7786918348866 10.390274495453625 0.02850705619460375 0.02986992851567294
736.4690743926913 10.408107728965065 0.028292264981521265 0.029696121636772255
746.159456950496 10.425405662400633 0.028080451262984297 0.029524468342697133
755.8498395083006 10.44218991214971 0.027871554881704053 0.029354927307128
765.5402220661053 10.458480991765667 0.02766551727910078 0.029187458276107088
775.2306046237936 10.474298380303095 0.02746228144267624 0.029022022033105273
784.9209871815983 10.489660585654965 0.027261791855437215 0.028858580365443566
794.611369739403 10.504585203309931 0.027063994447313066 0.028697096032037343
804.3017522972077 10.519088970916021 0.02686883654842932 0.02853753273236453
813.9921348550124 10.533187818993913 0.026676266844189833 0.028379855076631988
823.6825174128171 10.546896918114674 0.026486235332073026 0.028224028557075106
833.3728999706218 10.560230722826391 0.02629869328006822 0.028070019520342496
843.0632825284265 10.573203012588365 0.026113593186680488 0.027917795140917863
852.7536650862312 10.585826929948098 0.025930888742434852 0.027767323395534012
862.4440476440359 10.598115016175408 0.025750534792815395 0.02761857303853567
872.1344302018406 10.61007924454901 0.025572487302576635 0.027471513578150336
881.8248127596453 10.621731051473942 0.025396703321368674 0.027326115253628065
891.51519531745 10.633081365592815 0.025223140950620244 0.027182349013213414
901.2055778752547 10.644140635039946 0.025051759311625718 0.027040186492914065
910.8959604330594 10.654918852974946 0.024882518514786074 0.026899599996032707
920.5863429908641 10.66542558152087 0.02471537962995479 0.02676056247343013
930.2767255486688 10.67566997422179 0.02455030465784331 0.026623047504489444
939.9671081064735 10.685660797125212 0.024387256502441664 0.026487029278751916
949.6574906642782 10.695406448586322 0.024226198944412844 0.026352482578197393
959.3478732219664 10.704914977883114 0.0240670966154227 0.02621938276014405
969.0382557797711 10.714194102725273 0.02390991497335624 0.026087705740733377
978.7286383375758 10.723251225730772 0.02375462027841251 0.025957427978999827
988.4190208953805 10.732093449942372 0.023601179570005293 0.02582852646147075
998.1094034531852 10.740727593446758 0.023449560644465486 0.02570097868729871
