-1007.7997860109899 11.307483656493439 -0.0001230134328101303 3.092211700339879e-08
-998.1094034531852 11.307483656493439 -0.00012190467426492923 3.062577007815516e-08
-988.4190208953805 11.307483656493439 -0.00012081912482391678 3.0335049406714654e-08
-978.7286383375758 11.307483656493439 -0.00011975600029336682 3.004979627093231e-08
-969.0382557797711 11.307483656493439 -0.00011871455309256501 2.976985786731128e-08
-959.3478732219664 11.307483656493439 -0.00011769407007805325 2.9495087033350187e-08
-949.6574906642782 11.307483656493439 -0.00012696317710397304 2.9225341990370395e-08
-939.9671081064735 11.307483656493439 -0.00012584375390321136 2.896048609891998e-08
-930.2767255486688 11.307483656493439 -0.00012474704761773788 2.8700387628597616e-08
-920.5863429908641 11.307483656493439 -0.00012367231769998144 2.8444919538718472e-08
-910.8959604330594 11.307483656493439 -0.00012261885686939576 2.8193959272478433e-08
-901.2055778752547 11.307483656493439 -0.00012158598921368412 2.7947388560279826e-08
-891.51519531745 11.307483656493439 -0.00012552979018279507 2.7705093233519693e-08
-881.8248127596453 11.307483656493439 -0.000124469032527446 2.7466963049328514e-08
-872.1344302018406 11.307483656493439 -0.00012342880732980877 2.7232891522410447e-08
-862.4440476440359 11.307483656493439 -0.00012240847655195958 2.7002775766912443e-08
-852.7536650862312 11.307483656493439 -0.00013086746888248054 2.6776516345232253e-08
-843.0632825284265 11.307483656493439 -0.0001297564050593965 2.65540171246869e-08
-833.3728999706218 11.307483656493439 -0.00012866693540032067 2.6335185141878985e-08
-823.6825174128171 11.307483656493439 -0.00012759838536685193 2.6119930472429803e-08
-813.9921348550124 11.307483656493439 -0.00012655010954249897 2.590816610857291e-08
-804.3017522972077 11.307483656493439 -0.00012552149002915988 2.5699807841084513e-08
-794.611369739403 11.307483656493439 -0.00012451193495079514 2.5494774148206948e-08
-784.9209871815983 11.307483656493439 -0.00012352087705587973 2.5292986089180038e-08
-775.2306046237936 11.307483656493439 -0.00012254777241097804 2.5094367202868183e-08
-765.5402220661053 11.307483656493439 -0.00012159209917847577 2.4898843410886898e-08
-755.8498395083006 11.307483656493439 -0.0001206533564720365 2.4706342925987727e-08
-746.159456950496 11.307483656493439 -0.00011973106328414204 2.451679616391261e-08
-736.4690743926913 11.307483656493439 -0.0001188247574801717 2.4330135659368212e-08
-726.7786918348866 11.307483656493439 -0.00014553764891764428 2.4146295986282856e-08
-717.0883092770819 11.307483656493439 -0.00014428636927886504 2.3965213681207635e-08
-707.3979267192772 11.307483656493439 -0.000143059880744108 2.378682717013277e-08
-697.7075441614725 11.307483656493439 -0.00014185738693681484 2.3611076699044456e-08
-688.0171616036678 11.307483656493439 -0.0001406781271301713 2.3437904266921175e-08
-678.3267790458631 11.307483656493439 -0.00013952137419927338 2.326725356165734e-08
-668.6363964880584 11.307483656493439 -0.00013838643271664303 2.3099069899646133e-08
-658.9460139302537 11.307483656493439 -0.0001372726371792915 2.2933300166961537e-08
-649.255631372449 11.307483656493439 -0.00013617935035664138 2.2769892763386396e-08
-639.5652488146443 11.307483656493439 -0.000135105961749615 2.260879754906967e-08
-629.8748662568396 11.307483656493439 -0.00013405188615208744 2.2449965793162364e-08
-620.1844836990349 11.307483656493439 -0.00013301656230670208 2.229335012445921e-08
-610.4941011412302 11.307483656493439 -0.00013199945164776386 2.213890448466956e-08
-600.8037185834255 11.307483656493439 -0.0001310000371245707 2.1986584083016425e-08
-591.1133360256208 11.307483656493439 -0.00013001782209912468 2.1836345352922596e-08
-581.4229534678161 11.307483656493439 -0.00012905232931268722 2.1688145910675428e-08
-571.7325709101278 11.307483656493439 -0.00012810309991612842 2.154194451514874e-08
-562.0421883523231 11.307483656493439 -0.0001271696925593663 2.1397701030099678e-08
-552.3518057945184 11.307483656493439 -0.00012625168253581912 2.1255376386899267e-08
-542.6614232367137 11.307483656493439 -0.0001253486609777443 2.1114932549621103e-08
-532.971040678909 11.307483656493439 -0.00012446023409905507 2.0976332481078717e-08
-523.2806581211044 11.307483656493439 -0.00012358602248225506 2.0839540109947145e-08
-513.5902755632997 11.307483656493439 -0.0001227256604064727 2.0704520300080008e-08
-503.89989300549496 11.307483656493439 -0.00012187879521380506 2.057123881977238e-08
-494.20951044769026 11.307483656493439 -0.00012104508671139885 2.0439662313246265e-08
-484.51912788988557 11.307483656493439 -0.00012022420660689382 2.0309758272732403e-08
-474.82874533208087 11.307483656493439 -0.00011941583797503582 2.018149501150073e-08
-465.1383627742762 11.307483656493439 -0.00013284227251472556 2.005484163846295e-08
-455.4479802164715 11.307483656493439 -0.0001484931743016936 1.9929768032937722e-08
-445.7575976586668 11.307483656493439 -0.00014730550100840233 1.9806244821123477e-08
-436.0672151008621 11.307483656493439 -0.00014614026332293668 1.9684243352923597e-08
-426.3768325430574 11.307483656493439 -0.0004169721379676005 1.9563735679801585e-08
-416.6864499852527 11.307483656493439 -0.00041215366820432776 1.9444694533503597e-08
-406.996067427448 11.307483656493439 -0.0004074547175032849 1.93270933054586e-08
-397.3056848696433 11.307483656493439 -0.0004028707359500992 1.921090602685616e-08
-387.615302311955 11.307483656493439 -0.00039839740550247707 1.9096107349700006e-08
-377.9249197541503 11.307483656493439 -0.0031402006411155254 1.898267252821396e-08
-368.2345371963456 11.307483656493439 -0.0030987904856556938 1.8870577401223663e-08
-358.54415463854093 11.307483656493439 -0.003625649764416875 1.8759798374863535e-08
-348.85377208073623 11.307483656493439 -0.0035786830142246237 1.8650312405934285e-08
-339.16338952293154 11.307483656493439 -0.0035329295035879094 1.854209698629039e-08
-329.47300696512684 11.307483656493439 -0.003488342638456834 1.8435130126983647e-08
-319.78262440732215 11.307483656493439 -0.0034448781850417304 1.832939034365354e-08
-310.09224184951745 11.307483656493439 -0.0034024941220674736 1.822485664197183e-08
-300.40185929171275 11.307483656493439 -0.0033611505039967925 1.8121508503954505e-08
-290.71147673390806 11.307483656493439 -0.0033295064804142248 1.801932587419241e-08
-281.02109417610336 11.307483656493439 -0.003290012794839412 1.7918289147328707e-08
-271.33071161829866 11.307483656493439 -0.0033480508899911103 1.6128867506318454e-05
-261.64032906049397 11.307483656493439 -0.003309076345643954 1.590894497228808e-05
-251.94994650268927 11.307483656493439 -0.003451535385187406 1.569494145693459e-05
-242.25956394488458 11.307483656493439 -0.0034119020893509304 1.5486621139340368e-05
-232.56918138707988 11.307483656493439 -0.004496003630288344 0.00028659519269939057
-222.87879882927518 11.307483656493439 -0.004443007629643871 0.000282736524166062
-213.1884162714705 11.307483656493439 -0.00439126406161108 0.0002789803909262992
-203.4980337137822 11.307483656493439 -0.004340728607509914 0.0002753227592563719
-193.8076511559775 11.307483656493439 -0.0042913590328977486 0.00027175980429142285
-184.1172685981728 11.307483656493439 -0.004243115065528043 0.0002682878966795866
-174.42688604036812 11.307483656493439 -0.004195958281841616 0.00026490359024623815
-164.73650348256342 11.307483656493439 -0.0041498520013059865 0.00026160361058080674
-155.04612092475872 11.307483656493439 -0.004104761187969494 0.00025838484446647305
-145.35573836695403 11.307483656493439 -0.004060652358658639 0.00025524433008098735
-135.66535580914933 11.307483656493439 -0.004017493497298107 0.0002521792479038079
-125.97497325134464 11.307483656493439 -0.003975253974879266 0.0002491869122708491
-116.28459069353994 11.307483656493439 -0.003933904474644742 0.0002462647635236332
-106.59420813573524 11.307483656493439 -0.003893416922094296 0.00024341036070465026
-96.90382557793055 11.307483656493439 -0.003949691493471696 0.0002406213747550446
-87.21344302012585 11.307483656493439 -0.003909553729762003 0.00023789558217481702
-77.52306046232115 11.307483656493439 -0.003870234982695706 0.00023523085910925025
-67.83267790451646 11.307483656493439 -0.0038317101722934546 0.00023262517582848575
-58.14229534671176 11.307483656493439 -0.0037939552420729553 0.00023007659157011585
-48.451912788907066 11.307483656493439 -0.003756947106870917 0.00022758324971720908
-38.76153023110237 11.307483656493439 -0.0037168471337863294 0.0002252195559645817
-29.071147673297673 11.307483656493439 -0.006801714701808067 0.001618522715403764
-19.380765115609393 11.307483656493439 -0.006724692935034471 0.001597319670706595
-9.690382557804696 11.307483656493439 -0.006649457926135426 0.001576668353761811
0.0 11.307483656493439 -0.006577490524167451 0.0015566764888016618
9.690382557804696 2.5082862765660607 -0.04871808561099092 0.05963255196792137
19.380765115609393 3.3240816839208103 -0.04809839962417546 0.05882609682007409
29.07114767341409 3.9026420649323565 -0.04747259677302878 0.05804116945088027
38.761530231218785 4.365515318146194 -0.046862994921516354 0.05727691901907389
48.45191278902348 4.755798232158999 -0.04626896982578821 0.05653253894513441
58.14229534682818 5.094882256626823 -0.04568992901384905 0.05580726406965919
67.83267790463287 5.3952885072675 -0.04512530978495548 0.055100368027905425
77.52306046243757 5.6651222042077425 -0.044574577358542304 0.054411160821555025
87.21344302024227 5.910001605826155 -0.04403722315978503 0.05373898657062981
96.90382557804696 6.134019441611822 -0.04351276323016174 0.05308322143015356
106.59420813585166 6.340271803836312 -0.04300073675249715 0.05244327165764395
116.28459069365636 6.531171295343755 -0.04250070468097221 0.051818571818845666
125.97497325146105 6.708643341552366 -0.0420122484674763 0.051208583120302194
135.66535580926575 6.874255023656004 -0.04153496887648054 0.05061279185842658
145.35573836707044 7.0293028641183275 -0.04106848488132817 0.05003070797568354
155.04612092487514 7.174874551293197 -0.04061243263548299 0.04946186371535016
164.73650348256342 7.311893512964907 -0.040166464512861565 0.04890581236709702
174.42688604036812 7.441151851459711 -0.03979155339534582 0.04836212709627666
184.1172685981728 7.563335169515129 -0.03936393531428399 0.04783039985056847
193.8076511559775 7.679041614121955 -0.03894546961348594 0.04731024033795772
203.4980337137822 7.788796713058181 -0.03853586426040244 0.04680127507076727
213.1884162715869 7.893065094303217 -0.03813483955563608 0.046303146470779113
222.8787988293916 7.992259858519961 -0.03774212748713843 0.045815512030944396
232.5691813871963 8.086750158705666 -0.037357471124638525 0.045338043529550356
242.259563945001 8.176867392231095 -0.036980624051405085 0.04487042629305389
251.9499465028057 8.262910306036877 -0.03661134983068033 0.04441235850410099
261.6403290606104 8.34514924126293 -0.03624942150433909 0.04396355055153311
271.3307116184151 8.423829689658412 -0.03589462112152175 0.04352372441943794
281.0210941762198 8.49917529453988 -0.03564420129584538 0.0430926131125352
290.7114767340245 8.571390399648438 -0.035301719705479524 0.04266996011540058
300.40185929182917 8.64066222713788 -0.03498098926787987 0.042255518883226026
310.09224184963387 8.707162749114453 -0.034651231028292304 0.04184905236199078
319.78262440743856 8.771050304243758 -0.034327669429380155 0.041450332536080436
329.47300696524326 8.83247100094104 -0.03401013063318611 0.041059140001539256
339.16338952304795 8.891559940846024 -0.03369844726812714 0.040675263563277116
348.85377208085265 8.94844229012593 -0.03339245813011162 0.040298499854676505
358.54415463854093 9.003234221260728 -0.03309200790013728 0.03992865297816424
368.2345371963456 9.056043744060247 -0.03279694687729508 0.03956553416538562
377.9249197541503 9.110469941855445 -0.03250713072625615 0.03920896145580917
387.615302311955 9.181331234670331 -0.032222420238262627 0.03885875939252234
397.3056848697597 9.248679471397132 -0.03194268110483507 0.038514758734216455
406.9960674275644 9.312754362669418 -0.03166778370339191 0.038176796182340274
416.6864499853691 9.37377436717771 -0.031397602894057 0.03784471412250219
426.3768325431738 9.43193905167674 -0.031132017826978085 0.037518360379260395
436.0672151009785 9.487431131980022 -0.030870911759525613 0.03719758798349923
445.7575976587832 9.540418246088603 -0.030614171882784123 0.03688225495164438
455.4479802165879 9.591054501108983 -0.03036168915678841 0.036572224076019746
465.1383627743926 9.63948182811783 -0.030113358153993346 0.0362673627256957
474.8287453321973 9.685831173162246 -0.029869076910499944 0.035967542657220956
484.519127890002 9.73022354779795 -0.02962874678459199 0.03567263983467056
494.2095104478067 9.772770958702614 -0.029392272322166534 0.035382534258479446
503.8998930056114 9.813577232760775 -0.029159561128668483 0.03509710980256482
513.5902755634161 9.852738751448385 -0.02893052374716471 0.03481625405927332
523.2806581212208 9.890345106233315 -0.028705073542216263 0.034539858191717274
532.9710406790255 9.926479684962038 -0.028483126589228656 0.034267816793092945
542.6614232367137 9.961220197751423 -0.02826460156898328 0.03400002775260136
552.3518057945184 9.994639149695988 -0.028049419667052978 0.033736392127594564
562.0421883523231 10.026804266676036 -0.027837504477877237 0.033476814021658675
571.7325709101278 10.057778879710659 -0.027628781913196947 0.03322120046825385
581.4229534679325 10.087622272560816 -0.02742318011465543 0.03296946131966284
591.1133360257372 10.116389996681677 -0.02722062937033149 0.03272150914095002
600.8037185835419 10.144134157096376 -0.02702106203500158 0.03247725910867188
610.4941011413466 10.170903672315594 -0.026824412453937574 0.03223662891409258
620.1844836991513 10.196744511042716 -0.02663061689005855 0.031999538670672435
629.874866256956 10.221699908073234 -0.026439613454265053 0.03176591082561077
639.5652488147607 10.245810561511137 -0.026251342038794576 0.0315356700752375
649.2556313725654 10.26911481317746 -0.0260657442534462 0.031308743284059234
658.9460139303701 10.29164881387114 -0.025882763364531155 0.03108505940727737
668.6363964881748 10.313446674955149 -0.02570234423641388 0.030864549416605346
678.3267790459795 10.334540607577445 -0.025524433275516206 0.030647146229222464
688.0171616037842 10.354961050693307 -0.02534897837666414 0.030432784639710705
697.7075441615889 10.374736788930246 -0.02517592887166349 0.03022140125482928
707.3979267193936 10.39389506122638 -0.025005235479996894 0.03001293443098988
717.0883092771983 10.412461661076145 -0.024836850261540633 0.029807324214303117
726.7786918348866 10.430461029131244 -0.024670726571207342 0.029604512283075948
736.4690743926913 10.447916338830362 -0.024506819015411498 0.029404441892629675
746.159456950496 10.464849575659638 -0.024345083410302004 0.029207057822365455
755.8498395083006 10.48128161059359 -0.024185476741640156 0.029012306324924478
765.5402220661053 10.497232268205737 -0.024027957126276266 0.028820135077381483
775.23060462391 10.512720389895337 -0.0238724837751397 0.02863049313436357
784.9209871817147 10.527763892633045 -0.023719016957675084 0.028443330883008485
794.6113697395194 10.542379823590768 -0.023567517967659293 0.028258599999678963
804.3017522973241 10.55658441098727 -0.02341794909033678 0.028076253408353447
813.9921348551288 10.570393111450803 -0.023270273570814275 0.02789624524061816
823.6825174129335 10.583820654172921 -0.023124455583658922 0.027718530797188973
833.3728999707382 10.596881082103145 -0.022980460203646445 0.02754306651089528
843.0632825285429 10.609587790412224 -0.022838253377609117 0.02736980991106148
852.7536650863476 10.621953562431866 -0.022697801897335175 0.027198719589224842
862.4440476441523 10.63399060326094 -0.022559073373474438 0.027029755166131767
872.134430201957 10.645710571211985 -0.022422036210406417 0.026862877259956865
881.8248127597617 10.657124607257181 -0.022286659582030008 0.02669804745569274
891.5151953175664 10.668243362619759 -0.02215291340843523 0.026535228275660006
901.2055778753711 10.679077024644712 -0.022020768333419947 0.026374383151090405
910.8959604330594 10.689635341071702 -0.021890195702817337 0.02621547639473935
920.5863429908641 10.699927642823944 -0.02176116754359121 0.026058473174473587
930.2767255486688 10.709962865415218 -0.021633656543690108 0.02590333948782133
939.9671081064735 10.719749569073363 -0.021507636032598372 0.025750042137407777
949.6574906642782 10.729295957666587 -0.021383079962578343 0.025598548707267264
959.3478732220829 10.73860989651487 -0.021259962890566413 0.025448827539985196
969.0382557798875 10.7476989291615 -0.02113825996069791 0.02530084771463766
978.7286383376922 10.75657029317421 -0.021017946887435444 0.02515457902549656
988.4190208954969 10.765230935040199 -0.020898999939276464 0.0250099919614694
998.1094034533016 10.773687524214411 -0.02078139592301699 0.024867057686244254
