-1007.7997860111063 8.981855752170846 -0.0005310646107027963 0.0
-998.1094034533016 8.981855752170846 -0.0005288472676419121 0.0
-988.4190208954969 8.981855752170846 -0.0005266484148417466 0.0
-978.7286383376922 8.981855752170846 -0.0005244678213208094 0.0
-969.0382557798875 8.981855752170846 -0.0005223052599402543 0.0
-959.3478732220829 8.981855752170846 -0.0005201605073240555 0.0
-949.6574906642782 8.981855752170846 -0.0005180333437811724 0.0
-939.9671081064735 8.981855752170846 -0.0005159235532296444 0.0
-930.2767255486688 8.981855752170846 -0.000513830923122561 0.0
-920.5863429908641 8.981855752170846 -0.000511755244375851 0.0
-910.8959604330594 8.981855752170846 -0.0005096963112978417 0.0
-901.2055778752547 8.981855752170846 -0.0005076539215205341 0.0
-891.51519531745 8.981855752170846 -0.0005056278759325491 0.0
-881.8248127596453 8.981855752170846 -0.0005036179786136926 0.0
-872.134430201957 8.981855752170846 -0.0005016240367711241 0.0
-862.4440476441523 8.981855752170846 -0.0004996458606769343 0.0
-852.7536650863476 8.981855752170846 -0.0004976832636074532 0.0
-843.0632825285429 8.981855752170846 -0.0004957360617837645 0.0
-833.3728999707382 8.981855752170846 -0.0004938040743137488 0.0
-823.6825174129335 8.981855752170846 -0.0004918871231354695 0.0
-813.9921348551288 8.981855752170846 -0.0004899850329618913 0.0
-804.3017522973241 8.981855752170846 -0.0004880976312268921 0.0
-794.6113697395194 8.981855752170846 -0.00048622474803253327 0.0
-784.9209871817147 8.981855752170846 -0.00048436621609755724 0.0
-775.23060462391 8.981855752170846 -0.0004914416605909553 0.0
-765.5402220661053 8.981855752170846 -0.0004895454515477043 0.0
-755.8498395083006 8.981855752170846 -0.00048766407337787145 0.0
-746.159456950496 8.981855752170846 -0.0004857973476745935 0.0
-736.4690743926913 8.981855752170846 -0.0004839450990173553 0.0
-726.7786918348866 8.981855752170846 -0.0004821071549052916 0.0
-717.0883092770819 8.981855752170846 -0.0004802833456924394 0.0
-707.3979267192772 8.981855752170846 -0.000478473504524861 0.0
-697.7075441614725 8.981855752170846 -0.00047667746727957783 0.0
-688.0171616037842 8.981855752170846 -0.00047489507250526175 0.0
-678.3267790459795 8.981855752170846 -0.000473126161364496 0.0
-668.6363964881748 8.981855752170846 -0.0004713705775778664 0.0
-658.9460139303701 8.981855752170846 -0.0004696281673693951 0.0
-649.2556313725654 8.981855752170846 -0.0004678987794135856 0.0
-639.5652488147607 8.981855752170846 -0.00046618226478389413 0.0
-629.874866256956 8.981855752170846 -0.00046447847690260133 0.0
-620.1844836991513 8.981855752170846 -0.00046278727149203587 0.0
-610.4941011413466 8.981855752170846 -0.0004611085065271016 0.0
-600.8037185835419 8.981855752170846 -0.0004594420421890656 0.0
-591.1133360257372 8.981855752170846 -0.0004577877408205651 0.0
-581.4229534679325 8.981855752170846 -0.0004561454668817914 0.0
-571.7325709101278 8.981855752170846 -0.000454515086907812 0.0
-562.0421883523231 8.981855752170846 -0.00045289646946699614 0.0
-552.3518057945184 8.981855752170846 -0.00045128948512050226 0.0
-542.6614232367137 8.981855752170846 -0.0004496940063828007 0.0
-532.971040678909 8.981855752170846 -0.0004481099076831905 0.0
-523.2806581211044 8.981855752170846 -0.0004465370653282862 0.0
-513.5902755632997 8.981855752170846 -0.00044497535746543677 0.0
-503.8998930056114 8.981855752170846 -0.0004434246640470737 0.0
-494.2095104478067 8.981855752170846 -0.0004418848667958407 0.0
-484.519127890002 8.981855752170846 -0.0004403558491707643 0.0
-474.8287453321973 8.981855752170846 -0.0004388374963340609 0.0
-465.1383627743926 8.981855752170846 -0.00043732969511883833 0.0
-455.4479802165879 8.981855752170846 -0.0004358323339975553 0.0
-445.7575976587832 8.981005902870631 -0.013656350002315317 0.0
-436.0672151009785 8.980983401164718 -0.013557142563828289 0.0
-426.3768325431738 8.980940925729003 -0.013459379394394615 0.0
-416.6864499853691 8.980889672754861 -0.013363029050313138 0.0
-406.9960674275644 8.980832278671905 -0.013268060995828774 0.0
-397.3056848697597 8.98076978497819 -0.013174445570566871 0.0
-387.615302311955 8.980702690650096 -0.013131517086082444 0.0
-377.9249197541503 8.980631257746985 -0.013040157456607249 0.0
-368.2345371963456 8.980555628992505 -0.012950071746251235 0.0
-358.54415463854093 8.98047588131386 -0.012861233381329534 0.0
-348.85377208073623 8.980392053182094 -0.012773616523616792 0.0
-339.16338952293154 8.98030415979601 -0.012687196045054734 0.0
-329.47300696512684 8.980212202075545 -0.012601947503496868 0.0
-319.78262440732215 8.980116172266836 -0.012517847119440964 0.0
-310.09224184963387 8.980016057581881 -0.012467304802793532 0.0
-300.40185929182917 8.979911842642343 -0.012421494693734778 5.363394894499317e-07
-290.7114767340245 8.979803511165342 -0.012340199579861356 5.323777473269433e-07
-281.0210941762198 8.979691047151727 -0.01225997102724609 5.284741039078844e-07
-271.3307116184151 8.979574435737494 -0.012180788092975646 5.246272904748407e-07
-261.6403290606104 8.979453663810755 -0.012182283570853002 5.208360749831229e-07
-251.9499465028057 8.979328720461483 -0.012104542823248526 5.170992607462458e-07
-242.259563945001 8.979199597309123 -0.012027796699553981 5.134156851762147e-07
-232.5691813871963 8.979066288739295 -0.01197607230544412 5.097842185777917e-07
-222.8787988293916 8.978928792071452 -0.011901082071741986 5.062037629928231e-07
-213.1884162715869 8.978787107673147 -0.011827033324515773 5.026732510944974e-07
-203.4980337137822 8.97864123903253 -0.011753908364922738 4.991916451257382e-07
-193.8076511559775 8.978491192797525 -0.011681689936028429 4.957579358824826e-07
-184.1172685981728 8.978209568756114 -0.011610361209081694 4.923711417382897e-07
-174.42688604036812 8.977732545159698 -0.011539905770298538 4.890303077090495e-07
-164.73650348256342 8.977220012029392 -0.011470307608132828 4.85734504554874e-07
-155.04612092475872 8.976672319321407 -0.011401551101013213 4.824828279184305e-07
-145.35573836695403 8.976090012086862 -0.011333621005526255 4.792743974976089e-07
-135.66535580914933 8.975473816493137 -0.011266502445027088 4.7610835625143745e-07
-125.97497325146105 8.97482462398886 -0.011200180898660319 4.7298386963621174e-07
-116.28459069365636 8.974143474358765 -0.011346733015156433 4.699001248721837e-07
-106.59420813585166 8.973431538245299 -0.011280405368276937 4.668563302391773e-07
-96.90382557804696 8.972690099589405 -0.011214855924780371 4.638517143982536e-07
-87.21344302024227 8.971920538346085 -0.01115007099132417 4.6088552574071254e-07
-77.52306046243757 8.971124313750833 -0.011086037195213564 4.579570317605712e-07
-67.83267790463287 8.970302948346896 -0.011022741475040754 4.5506551845219537e-07
-58.14229534682818 8.969458012927388 -0.01096017107165108 4.5221028972923977e-07
-48.45191278902348 8.96859111249937 -0.01089831351942295 4.4939066686663055e-07
-38.761530231218785 8.967703873337479 -0.010837156637848818 4.466059879619337e-07
-29.07114767341409 8.966797931162192 -0.010776688523405076 4.438556074182343e-07
-19.380765115609393 8.965874920450934 -0.010716897541699442 4.4113889544431887e-07
-9.690382557804696 8.96493646486895 -0.010657772319884682 4.384552375744175e-07
0.0 6.030485899655429 -0.03636622909874364 0.042717441659962184
9.690382557804696 6.194487146201453 -0.03611842892337537 0.042402496819791434
19.380765115609393 6.308442720628593 -0.03587404264065715 0.04209216200915958
29.07114767341409 6.399108528293853 -0.035632999241284935 0.04178633674396281
38.761530231218785 6.475575822026185 -0.035395229692034964 0.04148492343934852
48.45191278902348 6.542247431034127 -0.035160666866949256 0.04118782730589964
58.14229534671176 6.6016517725457255 -0.03497074657869643 0.04089495625025146
67.83267790451646 6.655398914314895 -0.03474209795177869 0.04060622077990155
77.52306046232115 6.704588511793814 -0.03451646992425593 0.04032153391205815
87.21344302012585 6.7500107649930445 -0.034293802269650404 0.04004081108626193
96.90382557793055 6.7922558646347495 -0.034074036367889235 0.03976397008064973
106.59420813573524 6.831778215267931 -0.0338571151516843 0.03949093093166464
116.28459069353994 6.8689363651992235 -0.033664020416932526 0.03922161585705134
125.97497325134464 6.904019007869382 -0.03345246845045957 0.03895594918198126
135.66535580914933 6.937262567380518 -0.03324360104348365 0.03869385726815941
145.35573836695403 6.968863474670897 -0.03303736679584684 0.03843526844577439
155.04612092475872 6.998986970609851 -0.03287614250402509 0.03818011294815848
164.73650348256342 7.027773566033155 -0.03267471255609717 0.03792832284903351
174.42688604036812 7.055343878458123 -0.03247577388381758 0.03767983200222325
184.1172685981728 7.081802317744863 -0.03227928000578667 0.03743457598372055
193.8076511559775 7.107239938752854 -0.03208518560055417 0.037192492036002125
203.4980337137822 7.131736680153145 -0.03189344647039185 0.036953519014490226
213.1884162715869 7.155363143524604 -0.03170401950642349 0.03671759733606508
222.8787988293916 7.178182023123082 -0.03151686265505307 0.03648466892953717
232.5691813871963 7.200249266694786 -0.03133193488563453 0.036254677187992565
242.25956394488458 7.221615026726421 -0.031149196159332235 0.03602756692293249
251.94994650268927 7.242324446621401 -0.030968607399107742 0.035803284320112
261.64032906049397 7.288927149245083 -0.03079013046081756 0.035581776897044955
271.33071161829866 7.339640793938356 -0.030613728105331844 0.035362993462050143
281.02109417610336 7.386824476449464 -0.031012521640504793 0.03514688407481217
290.71147673390806 7.4309360499929475 -0.03083593093217644 0.03493340000837709
300.40185929171275 7.4723473179830044 -0.030661370213386187 0.03472249371252478
310.09224184951745 7.511364639298354 -0.030488804254107462 0.03451411877846015
319.78262440732215 7.548243641345957 -0.030318198643178258 0.034308229904768
329.47300696512684 7.5831999729895365 -0.03014951976443694 0.03410478286457942
339.16338952293154 7.616417323235028 -0.02998273477369438 0.03390373447389938
348.85377208073623 7.648053507311304 -0.029817811576508018 0.03370504256104791
358.54415463854093 7.678245158325654 -0.029654718806725395 0.033508665937169856
368.2345371963456 7.7071113942655565 -0.029493425805765933 0.03331456436776935
377.9249197541503 7.734756719689953 -0.029333902602611307 0.03312269854522786
387.615302311955 7.761273347386209 -0.02917611989447615 0.03293303006226679
397.3056848697597 7.786743074574648 -0.02902004902813206 0.03274552138631618
406.9960674275644 7.811238812906324 -0.028865661981858977 0.03256013583475449
416.6864499853691 7.834825846456811 -0.02871293134799963 0.032376837550984416
426.3768325431738 7.8575628738990515 -0.028561830316093207 0.032195591481312444
436.0672151008621 7.879502877888998 -0.028412332656567677 0.03201636335260273
445.7575976586668 7.900693854979134 -0.028264412704958705 0.03183911965066253
455.4479802164715 7.921179432096685 -0.02811804534666123 0.031663827599363
465.1383627742762 7.94099939012922 -0.027973206002158427 0.031490455140424624
474.82874533208087 7.960190110943591 -0.027829870612736177 0.03131897091387378
484.51912788988557 7.978784960921376 -0.027688015626654138 0.031149344239132192
494.20951044769026 7.9968146215620415 -0.02754761798575829 0.030981545096717755
503.89989300549496 8.014307375718472 -0.027408655112518335 0.030815544110533492
513.5902755632997 8.031289356457473 -0.0272711048974742 0.03065131253072291
523.2806581211044 8.047784764285726 -0.027134945687076664 0.030488822217070766
532.971040678909 8.063816057477665 -0.02700015627190761 0.03032804562292888
542.6614232367137 8.079404119432649 -0.027031084081563128 0.030168955779648003
552.3518057945184 8.094568406332804 -0.027144041940222442 0.03001152628149704
562.0421883523231 8.109327077838692 -0.0270102252544382 0.029855731271052014
571.7325709101278 8.123697113122946 -0.02687774178492492 0.029701545425037765
581.4229534679325 8.137694414182835 -0.026900398852263883 0.02955903463610409
591.1133360257372 8.15133389807621 -0.026769387647902897 0.02940791881414184
600.8037185835419 8.164629579479865 -0.02663966714389602 0.029258340345739174
610.4941011413466 8.177594644764978 -0.026511218060610995 0.029110275887388785
620.1844836990349 8.190241518613563 -0.026384021506723587 0.02896370256587145
629.8748662568396 8.202581924057988 -0.02632787111610553 0.0288218122778063
639.5652488146443 8.214626936702102 -0.02620261101876729 0.028678130793506906
649.255631372449 8.226387033786173 -0.02622421792856384 0.02854423067057974
658.9460139302537 8.237872138666416 -0.026100278351188496 0.028403317653092928
668.6363964880584 8.249091661209814 -0.02597752520505073 0.02826378929087385
678.3267790458631 8.26005453454117 -0.02585594123555046 0.02812562527015194
688.0171616036678 8.270769248526003 -0.02573550952739253 0.02798880567270246
697.7075441614725 8.28124388032662 -0.025616213496110693 0.02785331096626131
707.3979267192772 8.291486122329 -0.025498036879850517 0.027719121995217384
717.0883092770819 8.301503307703632 -0.025451808818654845 0.027596470478150066
726.7786918348866 8.311302433833522 -0.025335299667037663 0.027464761180190464
736.4690743926913 8.320890183816568 -0.025225853682397915 0.027334497357361345
746.159456950496 8.330272946226652 -0.025111445454795833 0.027205271969179982
755.8498395083006 8.33945683329798 -0.025260544224234842 0.02709843777067592
765.5402220661053 8.34844769767955 -0.02514629332456654 0.026971472392203343
775.23060462391 8.357251147891327 -0.025070711704456537 0.026847002670907654
784.9209871817147 8.365872562600025 -0.024958269359702537 0.026722380697475824
794.6113697395194 8.374317103820372 -0.024846851679496414 0.026598910909518252
804.3017522972077 8.382589729137013 -0.024736444407921443 0.02647657739035587
813.9921348550124 8.39069520303333 -0.0246270335591041 0.026355364515447323
823.6825174128171 8.398638107403078 -0.02451860541066495 0.026235256945715116
833.3728999706218 8.40642285131658 -0.024411146497352973 0.026116239621040052
843.0632825284265 8.414053680103098 -0.024304643604876223 0.025998297753940126
852.7536650862312 8.42153468380709 -0.02419908376391404 0.025881416823419746
862.4440476440359 8.428869805069969 -0.024094454244305542 0.025765582568984816
872.1344302018406 8.43606284648433 -0.023990742549408202 0.025650780984818947
881.8248127596453 8.443117477463163 -0.023887936410620553 0.025536998314115433
891.51519531745 8.450037240662834 -0.02378602378206318 0.025424221043560274
901.2055778752547 8.456825557995035 -0.023684992835412515 0.025312435897961474
910.8959604330594 8.463485736259736 -0.02389551881415804 0.02523291790126001
920.5863429908641 8.470020972428403 -0.02379393443392736 0.025122848279246428
930.2767255486688 8.476434358604108 -0.023693230789297033 0.02501373568552206
939.9671081064735 8.482728886682908 -0.023593396150561965 0.0249055676736556
949.6574906642782 8.488907452738676 -0.02349441900263728 0.024798332012619217
959.3478732220829 8.494972861151796 -0.02339628803996413 0.024692016682131595
969.0382557798875 8.500927828500284 -0.023276436310277492 0.0245874927009293
978.7286383376922 8.506774987230429 -0.023292321119670983 0.024484459239880206
988.4190208953805 8.512516889122526 -0.023196002051774207 0.024380817506103068
