-1007.7997860111063 9.9770701115666 -0.005273126371880249 6.535879502855324e-07
-998.1094034533016 9.977033444194989 -0.005182189602493395 6.460569295573084e-07
-988.4190208954969 9.976994623968189 -0.00509439325110919 6.386996900297165e-07
-978.7286383376922 9.976953582471198 -0.00500957620728311 6.315102544748897e-07
-969.0382557798875 9.976910251920303 -0.004934251156851214 6.244829174880412e-07
-959.3478732220829 9.97686456531813 -0.004854779468407216 6.176122301692648e-07
-949.6574906642782 9.976816456599193 -0.0047778742378057895 6.108929858315435e-07
-939.9671081064735 9.976765860766973 -0.004703412154661161 6.043202066574037e-07
-930.2767255486688 9.976712714023199 -0.004631277724168376 5.978891312302297e-07
-920.5863429908641 9.976656953889826 -0.00495632253003502 5.915952028736395e-07
-910.8959604330594 9.976598519323979 -0.004878458452653361 5.854340587396255e-07
-901.2055778753711 9.976537350826085 -0.004803116998694993 5.79401519588137e-07
-891.5151953175664 9.97647339054131 -0.004730171944815576 5.734935802082892e-07
-881.8248127597617 9.976406582354391 -0.0046662581971299915 5.67706400434747e-07
-872.134430201957 9.976336871977969 -0.004597587480206514 5.620362967152419e-07
-862.4440476441523 9.97626420703445 -0.0045309924708490405 5.564797341922886e-07
-852.7536650863476 9.976188537131435 -0.004466376812973756 5.510333192600181e-07
-843.0632825285429 9.976109813930858 -0.004403650280453735 5.456937925654317e-07
-833.3728999707382 9.976027991211797 -0.004342728274328551 5.404580224221651e-07
-823.6825174129335 9.97594302492714 -0.004283531371071889 5.353229986092405e-07
-813.9921348551288 9.975854873254109 -0.0042259849156985035 5.302858265277188e-07
-804.3017522973241 9.97576349663881 -0.0041700186543759 5.253437216928613e-07
-794.6113697395194 9.975668857834902 -0.004115566401946961 5.2049400453804e-07
-784.9209871817147 9.975570921936473 -0.004062565740393147 5.157340955111511e-07
-775.23060462391 9.975469656405362 -0.004010957744794849 5.110615104434307e-07
-765.5402220661053 9.975365031092954 -0.003960686733792532 5.06473856173916e-07
-755.8498395083006 9.975257018256707 -0.0039117000419331355 5.019688264127906e-07
-746.159456950496 9.975145592571517 -0.0038639478116117647 4.975441978289605e-07
-736.4690743926913 9.975030731136142 -0.0038173828025979007 4.931978263470138e-07
-726.7786918348866 9.97491241347483 -0.0037719602173758534 4.889276436414264e-07
-717.0883092771983 9.97471333185129 -0.003727637540737154 4.847316538152911e-07
-707.3979267193936 9.97446679008386 -0.003684374392238682 4.806079302526043e-07
-697.7075441615889 9.974207723498582 -0.0036421323903076523 4.7655461263337076e-07
-688.0171616037842 9.97393613593078 -0.0036008750268919074 4.7256990410208846e-07
-678.3267790459795 9.973652062142573 -0.003560567551691529 4.6865206858016377e-07
-668.6363964881748 9.97335556667957 -0.003521176865100511 4.647994282140921e-07
-658.9460139303701 9.973046742611901 -0.0034826714190823653 4.610103609509529e-07
-649.2556313725654 9.972725710179997 -0.0034442810088876367 4.729448021559966e-07
-639.5652488147607 9.972392615364244 -0.003407476421776287 4.6887049040645556e-07
-629.874866256956 9.972047628396409 -0.0033714698763534583 4.6487588949694807e-07
-620.1844836991513 9.971690942229356 -0.0033362352479477057 4.609580425492952e-07
-610.4941011413466 9.971322770980214 -0.003301747557776994 4.5711418641248973e-07
-600.8037185835419 9.970943348360741 -0.003267982909846471 4.5334173237226674e-07
-591.1133360257372 9.970552926107265 -0.0032349184320268174 4.4963824936351954e-07
-581.4229534679325 9.970151772421264 -0.003202532220990867 4.4600144929937497e-07
-571.7325709101278 9.9697401704303 -0.003170803290714231 4.424291741986428e-07
-562.0421883523231 9.96931841667782 -0.003139711524270979 4.389193848491261e-07
-552.3518057945184 9.968886819649168 -0.0031092376286784374 4.3547015078432126e-07
-542.6614232367137 9.96844569834 -0.0030793630925660103 4.320796413919874e-07
-532.9710406790255 9.967995380872356 -0.0030500701464621018 4.287461179993788e-07
-523.2806581212208 9.967536203162563 -0.003021341725507996 4.25467926803564e-07
-513.5902755634161 9.967068507644484 -0.002993161434430382 4.2224349253907656e-07
-503.8998930056114 9.966592642050541 -0.0029655135146061215 4.190713127863125e-07
-494.2095104478067 9.966108958252534 -0.002938382813077982 4.1594995284271525e-07
-484.519127890002 9.965617811163384 -0.0029117547533843895 4.128780410874314e-07
-474.8287453321973 9.965119557700527 -0.002885615308079347 4.0985426478041877e-07
-465.1383627743926 9.96461455581109 -0.0028599509728280455 4.068773662463374e-07
-455.4479802165879 9.964103163558526 -0.0028889202453764 4.039461393980081e-07
-445.7575976587832 9.963585738270078 -0.002862757003123184 4.010594265629469e-07
-436.0672151009785 9.963062635744015 -0.0028371028558987414 3.9821611557893417e-07
-426.3768325431738 9.96253420951538 -0.002811940844618846 3.954151371302285e-07
-416.6864499853691 9.962000810178692 -0.0027872549375884477 3.9265546229947684e-07
-406.9960674275644 9.9614627847659 -0.002828035412178859 3.899361003125977e-07
-397.3056848697597 9.960920476177671 -0.0028025866660904724 3.872560964581266e-07
-387.615302311955 9.960374222666019 -0.0027776544325466895 3.8461453016321575e-07
-377.9249197541503 9.959824357366196 -0.0027532195513251504 3.820105132116243e-07
-368.2345371963456 9.959271207875641 -0.00272926406108139 3.794431880901744e-07
-358.54415463854093 9.958715095877759 -0.002705771087296046 3.769117264516639e-07
-348.85377208085265 9.958156336808374 -0.0026827247439499473 3.744153276841592e-07
-339.16338952304795 9.957595239562522 -0.0035992217175788944 3.7195321757667974e-07
-329.47300696524326 9.957032106239456 -0.003552779161436044 3.695246470732493e-07
-319.78262440743856 9.956467231923565 -0.0035079610837481174 3.6712889110787217e-07
-310.09224184963387 9.955900904499133 -0.0035148293777055198 3.64765247513142e-07
-300.40185929182917 9.955333404496782 -0.003471670840630938 3.624330359971981e-07
-290.7114767340245 9.954765004969525 -0.0034299205148911574 3.601315971826904e-07
-281.0210941762198 9.954195971396507 -0.0033831133960905936 5.733836566954014e-07
-271.3307116184151 9.953626561612401 -0.0033441009697081367 5.656608888254583e-07
-261.6403290606104 9.953057025760689 -0.003306261026967593 5.582388919946159e-07
-251.9499465028057 9.952487606268999 -0.0032695302741692083 5.510973448336381e-07
-242.259563945001 9.951918537844813 -0.003233850354163403 5.442178082854359e-07
-232.5691813871963 9.95135004748986 -0.0031991673544840343 5.375835096335417e-07
-222.8787988293916 9.950782354531755 -0.0032058978178363686 5.311791557123792e-07
-213.1884162715869 9.95021567067125 -0.0031720282405739903 5.249907707946846e-07
-203.4980337137822 9.949650200043846 -0.0031390679866347983 5.190055554308311e-07
-193.8076511559775 9.949086139294334 -0.00310697330101306 5.13211763141671e-07
-184.1172685981728 9.948523677663067 -0.003075703506872061 5.075985923830036e-07
-174.42688604036812 9.947962997082772 -0.003045220725145727 5.021560916143588e-07
-164.73650348256342 9.94740427228479 -0.0030154896250512947 4.968750756526622e-07
-155.04612092487514 9.94684767091369 -0.0029713055805419917 1.3370817591673696e-06
-145.35573836707044 9.946293353649292 -0.0029433663111508054 1.3106275472306037e-06
-135.66535580926575 9.945741474335215 -0.002916066819187955 1.285374879950343e-06
-125.97497325146105 9.945192180113022 -0.002889381347408984 1.2612398417323175e-06
-116.28459069365636 9.944645611561272 -0.014770987545802099 1.2381462700569547e-06
-106.59420813585166 9.944101902838602 -0.014439160914803295 1.2160248747143534e-06
-96.90382557804696 9.943561181830285 -0.014123242097010864 1.1948124748600164e-06
-87.21344302024227 9.943023570297566 -0.013822083255000592 1.1744513358608196e-06
-77.52306046243757 9.942489184029148 -0.013534645360323533 1.1548885909922172e-06
-67.83267790463287 9.941958132994374 -0.0132588630506771 1.1648828014803268e-06
-58.14229534682818 9.94143052149751 -0.012996152726469817 1.1460312249051696e-06
-48.45191278902348 9.940906448332733 -0.012744579629124595 1.127881357754979e-06
-38.761530231218785 9.940386006939358 -0.01250342963826043 1.1103925638454115e-06
-29.07114767341409 9.939869285556938 -0.012272049022956661 1.0935273499242715e-06
-19.380765115609393 9.939356367379855 -0.012049838165176305 1.077251064385878e-06
-9.690382557804696 9.938847330711123 -0.011836246051494083 1.0615316302557223e-06
0.0 9.938342249115054 -0.011630765425495942 1.046339307946851e-06
9.690382557804696 7.046320078989794 -0.07884593639752979 0.04120095995929401
19.380765115609393 7.194475169657727 -0.07692210860236036 0.040141686981057086
29.071147673297673 7.301204863101855 -0.07509198077783517 0.03913551671035092
38.76153023110237 7.387326321569233 -0.07334880855492762 0.0381785536228122
48.451912788907066 7.460542148028275 -0.07168648282673445 0.037267274125122526
58.14229534671176 7.524718364012907 -0.07009945643743064 0.03639848320141067
67.83267790451646 7.582120856548294 -0.06851137795642562 0.0355756427858196
77.52306046232115 7.6342118556733265 -0.0670620819378013 0.034783212419838935
87.21344302012585 7.681999481016038 -0.07064025695486666 0.03653332191837004
96.90382557793055 7.726213248696676 -0.06918275407425208 0.03574358656052046
106.59420813573524 7.7674009926159755 -0.06778555434032564 0.03498735140571051
116.28459069353994 7.805986343794389 -0.06644494819334841 0.03426252364938948
125.97497325134464 7.8423047677605355 -0.06515752660630991 0.033567181743841865
135.66535580914933 7.876627190789027 -0.06392015105635135 0.03289955817777081
145.35573836695403 7.909176068708785 -0.062729927047401 0.032258024299709726
155.04612092475872 7.940136656991409 -0.06158418070077739 0.03164107690673925
164.73650348256342 7.96966512456242 -0.06048043800464509 0.0310473263627005
174.42688604036812 7.997894528265499 -0.05941640637471768 0.03047548604554941
184.1172685981728 8.024939299104739 -0.05838995822984597 0.029924362953042034
193.8076511559775 8.05089866947139 -0.05739911632898775 0.029392849320655546
203.4980337137822 8.075859331571396 -0.05644204065203085 0.028879915126399428
213.1884162714705 8.099897527749542 -0.055517016637259005 0.02838460137465878
222.87879882927518 8.123080714304313 -0.054622444613790684 0.027906014065947837
232.56918138707988 8.145468900489098 -0.053756830289275324 0.027443318772107487
242.25956394488458 8.167115736940872 -0.05291877617122376 0.026995735746932648
251.94994650268927 8.188069408518167 -0.05210697381650663 0.026562535511519055
261.64032906049397 8.208373372824004 -0.051320196816809736 0.026143034861273885
271.33071161829866 8.228066975774599 -0.05055729443949211 0.025736593248253413
281.02109417610336 8.247185968310726 -0.049817185853239535 0.025342609498227343
290.71147673390806 8.26576294295859 -0.049098854876498316 0.02496051882682201
300.40185929171275 8.28382770490344 -0.04840134519410243 0.02458979012337696
310.09224184951745 8.301407589170376 -0.047723755993946265 0.02422992347485942
319.78262440732215 8.318527733154037 -0.04706523798115016 0.023880447905404716
329.47300696512684 8.335211311927582 -0.046424989732037 0.02354091930985637
339.16338952293154 8.351479742340128 -0.04580225435448934 0.02321091856212713
348.85377208073623 8.36735286080024 -0.04519631642497401 0.022890049781342525
358.54415463854093 8.382849078761085 -0.044606499175778906 0.02257793874060272
368.2345371963456 8.397985519219404 -0.044032161908866406 0.022274231404844202
377.9249197541503 8.412778136975792 -0.04347269761526426 0.021978592585729276
387.615302311955 8.42724182494735 -0.04292753078113177 0.02169070470276648
397.3056848696433 8.441390508452507 -0.0423961153636035 0.0214102666409932
406.996067427448 8.455237229085634 -0.04187793292119957 0.021136992696523155
416.6864499852527 8.468794219546004 -0.041372490885259315 0.02087061160221273
426.3768325430574 8.482072970585394 -0.04087932095999302 0.020610865626363804
436.0672151008621 8.495084291061584 -0.040397977640180584 0.02035750973819337
445.7575976586668 8.507838361945481 -0.03992803683648801 0.020110310834346713
455.4479802164715 8.52034473804312 -0.03946909459937855 0.01986904702130556
465.1383627742762 8.541374166692584 -0.03902076593344587 0.019633506949030686
474.82874533208087 8.56432059970421 -0.03858268369476377 0.019403489191617586
484.51912788988557 8.58646424821436 -0.03815449756453356 0.019178801671137335
494.20951044769026 8.60785709829128 -0.037735873092925885 0.018959261121186947
503.89989300549496 8.628546250437296 -0.03732649080756634 0.018744692586990033
513.5902755632997 8.648574518545951 -0.03692604538161166 0.018534928959172713
523.2806581211044 8.667980938480213 -0.036534244856810456 0.018329810538595604
532.971040678909 8.686801202306993 -0.03615080991734561 0.018129184629853152
542.6614232367137 8.705068030959824 -0.03577547321061928 0.017932905161259324
552.3518057945184 8.722811495587612 -0.03540797871147085 0.017740832329326606
562.0421883523231 8.740059295893362 -0.03504808112661433 0.017552832265914753
571.7325709101278 8.756837002234 -0.0346955453363524 0.017368776726379518
581.4229534678161 8.773168267039932 -0.034350145870871186 0.017188542797192792
591.1133360256208 8.789075010146744 -0.034011666418613654 0.017012012621617053
600.8037185834255 8.804577581849742 -0.03367989936451646 0.01683907314217655
610.4941011412302 8.819694906868305 -0.033354645355934194 0.016669615858696765
620.1844836990349 8.83444461188592 -0.033035712894386 0.01650353660085378
629.8748662568396 8.848843138913601 -0.032722917951324516 0.016340735314216547
639.5652488146443 8.862905846374211 -0.0324160836062944 0.016181115858858588
649.255631372449 8.876647099516099 -0.03211503970597027 0.016024585819685532
658.9460139302537 8.890080351523189 -0.03181962254267909 0.015871056327690668
668.6363964880584 8.903218216487106 -0.0315296745511179 0.015720441891410402
678.3267790458631 8.916072535237538 -0.03124504402207442 0.015572660237906748
688.0171616036678 8.92865443488488 -0.030965584832046658 0.015427632162654085
697.7075441614725 8.940974382809047 -0.030691156187739144 0.01528528138775362
707.3979267192772 8.953042235727066 -0.030421622384487534 0.015145534427941186
717.0883092770819 8.964867284386266 -0.030156852577732554 0.015008320463893027
726.7786918348866 8.97645829435698 -0.029896720566726386 0.014873571222369734
736.4690743926913 8.987823543337068 -0.029641104589713356 0.014741220862771383
746.159456950496 8.998970855327716 -0.02938988712987958 0.014611205869707173
755.8498395083006 9.00990763199524 -0.029142954731415694 0.014483464951210667
765.5402220661053 9.020640881495165 -0.028900197825081957 0.014357938942257347
775.2306046237936 9.031177245001759 -0.028661510562709845 0.01423457071326631
784.9209871815983 9.0415230211589 -0.02842679066009283 0.014113305083279588
794.611369739403 9.05168418864112 -0.028195939247814737 0.013994088737563594
804.3017522972077 9.061666426996847 -0.027968860729496985 0.013876870149344096
813.9921348550124 9.071475135923437 -0.027745462647076904 0.013761599505455411
823.6825174128171 9.081115453110069 -0.02752565555269725 0.01364822863566901
833.3728999706218 9.090592270769974 -0.027309352886833442 0.013536710945492202
843.0632825284265 9.099910250971373 -0.027096470862306505 0.013427001352239558
852.7536650862312 9.109073839865774 -0.02688692835385216 0.01331905622419272
862.4440476440359 9.118087280902865 -0.026680646792937555 0.013212833322675638
872.1344302018406 9.126954627112939 -0.026477550067536514 0.013108291746883717
881.8248127596453 9.135679752530251 -0.02627756442659233 0.013005391881315073
891.51519531745 9.144266362824226 -0.026080618388913804 0.012904095345661943
901.2055778752547 9.152718005199448 -0.025886642656266133 0.012804364947028836
910.8959604330594 9.161038077620132 -0.025695570030432595 0.012706164634352358
920.5863429908641 9.16922983740996 -0.02550733533403655 0.01260945945490518
930.2767255486688 9.177296409273959 -0.02532187533492631 0.012514215512773789
939.9671081064735 9.185240792785182 -0.025139128673936584 0.012420399929206348
949.6574906642782 9.193065869375483 -0.024959035795852028 0.01232798080473297
959.3478732219664 9.200774408866371 -0.024781538883409927 0.012236927182967889
969.0382557797711 9.208369075573762 -0.02460658179417478 0.012147209016000428
978.7286383375758 9.215852434015826 -0.024434110000170227 0.012058797131309924
988.4190208953805 9.223226954254 -0.024264070530088413 0.01197166320010602
998.1094034531852 9.230495016891814 -0.024096411913978936 0.011885779707038602
