-1007.7997860109899 11.211088513880988 -0.004844748064134894 0.0024964370974947846
-998.1094034531852 11.211199855302864 -0.0048236560119611456 0.0024869280985622263
-988.4190208953805 11.211316679349126 -0.00480279334164674 0.00247749550134143
-978.7286383375758 11.211438839272232 -0.0047821550992786874 0.002468138259811912
-969.0382557798875 11.21156619103337 -0.004761736508003958 0.0024588553518830854
-959.3478732220829 11.211698593277223 -0.004741532959209799 0.0024496457785082833
-949.6574906642782 11.21183590730556 -0.004721540004255567 0.0024405085628470473
-939.9671081064735 11.211977997049813 -0.004701753346710865 0.002431442749470309
-930.2767255486688 11.212124729042705 -0.004682168835066642 0.0024224474036071645
-920.5863429908641 11.212275972389032 -0.004662782455883964 0.002413521610429864
-910.8959604330594 11.212431598735677 -0.0046942739298690495 0.0024046644743746168
-901.2055778752547 11.212591482240958 -0.004674586415917852 0.002395875118495938
-891.51519531745 11.212755499543368 -0.004655104075539364 0.0023871526838523697
-881.8248127596453 11.21292352972979 -0.004649171620018703 0.002378496328921638
-872.1344302018406 11.213095454303259 -0.004629904903679853 0.0023699052290433887
-862.4440476440359 11.213271157150324 -0.004622041946898582 0.0023616966858332317
-852.7536650862312 11.213450524508085 -0.00460264587669979 0.002353242356128059
-843.0632825284265 11.213633444930952 -0.004588854374968065 0.0023448378583101302
-833.3728999706218 11.213819809257188 -0.004570147881838165 0.0023364955909008426
-823.6825174128171 11.21400951057528 -0.004551629315696418 0.002328214801520296
-813.9921348550124 11.21420244419019 -0.004533294953136216 0.0023199947520331533
-804.3017522972077 11.21439850758952 -0.004515141194377143 0.00231183471812873
-794.611369739403 11.214597600409656 -0.004511558829754383 0.0023037339889192677
-784.9209871817147 11.214799624401895 -0.0045074501911280115 0.0022956918665553746
-775.23060462391 11.215004483398637 -0.004489440158074551 0.002287707665857161
-765.5402220661053 11.215212083279619 -0.004471607474496081 0.0022797807139615612
-755.8498395083006 11.21542233193827 -0.00445394868408786 0.0022719103499831087
-746.159456950496 11.215635139248203 -0.004436460444253034 0.002264095924688805
-736.4690743926913 11.215850417029845 -0.004419139520731153 0.0022563368001857903
-726.7786918348866 11.216068079017282 -0.004492844457028889 0.0022486323496212243
-717.0883092770819 11.216288040825283 -0.004474607386662883 0.0022409819568937413
-707.3979267192772 11.216510219916579 -0.004527911061778004 0.0022333850163758764
-697.7075441614725 11.216734535569362 -0.0045090843761239575 0.00222584093264691
-688.0171616036678 11.21696090884508 -0.004490467118987277 0.0022183491202356046
-678.3267790458631 11.217189262556495 -0.004472054380894123 0.002210909003372344
-668.6363964880584 11.217419521236055 -0.004453841446131273 0.002203520015750219
-658.9460139302537 11.21765161110456 -0.004493284294052993 0.0021961816002946
-649.255631372449 11.217885460040176 -0.004474674079597017 0.0021888932089408333
-639.5652488146443 11.218120997547759 -0.004456271658140647 0.002181654302419643
-629.8748662568396 11.218358154728557 -0.004438072150160825 0.002174464350049885
-620.1844836990349 11.218596864250236 -0.004420070867329637 0.0021673228295383236
-610.4941011412302 11.218837060317291 -0.004477991001632656 0.002163333051346474
-600.8037185834255 11.219078678641825 -0.004459348971177087 0.0021562448962242804
-591.1133360257372 11.219321656414687 -0.0044409194634721875 0.002149204774084199
-581.4229534679325 11.219565932277034 -0.004422697379201031 0.0021422121500968058
-571.7325709101278 11.219811446292224 -0.004562533304367107 0.0021352664992123297
-562.0421883523231 11.22005813991815 -0.004542565800813748 0.002128367305848705
-552.3518057945184 11.220305955979939 -0.004522849144239839 0.002121514063596341
-542.6614232367137 11.220554838643068 -0.004503376695028733 0.0021147062749379436
-532.971040678909 11.220804733386856 -0.0044841420951449605 0.002107943450982362
-523.2806581211044 11.221055586978384 -0.004465139252101006 0.002101225111211495
-513.5902755632997 11.221307347446782 -0.004446362324046562 0.002094550783239307
-503.89989300549496 11.22155996405796 -0.004427805705888 0.002087920002582195
-494.20951044769026 11.221813387289698 -0.004409464016354373 0.0020813323124398934
-484.51912788988557 11.222067568807173 -0.00439133208593412 0.0020747872634862496
-474.82874533208087 11.222322461438855 -0.0043734049456135 0.002068284413669229
-465.1383627742762 11.222578019152829 -0.004355677816354093 0.0020618233280195863
-455.4479802164715 11.222834197033487 -0.004338146099252303 0.002055403578467616
-445.7575976586668 11.223090951258646 -0.00432080536632876 0.002049024743667569
-436.0672151008621 11.223348239077032 -0.0043036513519002185 0.0020426864088291625
-426.3768325430574 11.22360601878616 -0.00428667994449047 0.0020363881655559054
-416.6864499852527 11.223864249710617 -0.004269887179240621 0.0020301296116897113
-406.9960674275644 11.224122892180707 -0.004253269230782577 0.0020239103511616105
-397.3056848697597 11.224381907511498 -0.004236822406541195 0.0020177299938477352
-387.615302311955 11.224641257982219 -0.004220543140437573 0.0020115881554313804
-377.9249197541503 11.224900906816067 -0.004204427986961348 0.0020054844572694026
-368.2345371963456 11.225160818160345 -0.004188473615589219 0.00199941852626375
-358.54415463854093 11.225420957067001 -0.004172676805524737 0.00199338999473747
-348.85377208073623 11.225681289473506 -0.00415703444073765 0.0019873985003150347
-339.16338952293154 11.225941782184092 -0.0041325404215022295 0.00198219322871095
-329.47300696512684 11.226202402851355 -0.004117321087963333 0.0019762644940254665
-319.78262440732215 11.226463119958197 -0.004102244114156695 0.001970372016436039
-310.09224184951745 11.226723902800114 -0.004087306891400248 0.0019645154426174657
-300.40185929171275 11.22698472146782 -0.0040725068878496576 0.001958694424584794
-290.71147673390806 11.227245546830222 -0.004057841645412973 0.0019529086195577627
-281.02109417610336 11.2275063505177 -0.004043308776817408 0.0019471576898312008
-271.33071161829866 11.22776710490573 -0.004028905962819586 0.0019414413026509463
-261.64032906049397 11.228027783098831 -0.004014630949551205 0.0019357591300949726
-251.94994650268927 11.228288358914813 -0.004000481545992456 0.0019301108489593473
-242.25956394488458 11.228548806869346 -0.0039864556215661465 0.0019244961406487439
-232.56918138707988 11.228809102160831 -0.003972551103845795 0.0019189146910712392
-222.8787988293916 11.229069220655575 -0.003958765976371602 0.001913366190537191
-213.1884162715869 11.229329138873272 -0.003945098276567413 0.0019078503336615615
-203.4980337137822 11.229588833972748 -0.003931546093755619 0.0019023668192704806
-193.8076511559775 11.229848283738022 -0.003918107567261501 0.0018969153503105077
-184.1172685981728 11.230107466564634 -0.0039047808846045967 0.001891495633761414
-174.42688604036812 11.230366361446253 -0.0038915642797715208 0.0018861073805519013
-164.73650348256342 11.230624947961562 -0.0038784560315660755 0.0018807503054781801
-155.04612092475872 11.230883206261403 -0.0038654544620326243 0.0018754241271252419
-145.35573836695403 11.231141117056188 -0.012443222246879462 0.0057331475161497315
-135.66535580914933 11.231398661603572 -0.012312963284426905 0.005675060667605068
-125.97497325134464 11.231655821696373 -0.012185975257666626 0.005618428938782094
-116.28459069353994 11.231912579650746 -0.012062130110178404 0.0055631951619830484
-106.59420813573524 11.232168918294605 -0.011941306470055642 0.005509305162472694
-96.90382557793055 11.232424820956265 -0.013658486728127152 0.005816838801764578
-87.21344302012585 11.23268027145335 -0.01351844969470361 0.005760594998214942
-77.52306046232115 11.232935254081912 -0.013381773578821678 0.005705679549771129
-67.83267790451646 11.233189753605767 -0.01324833326795071 0.005652043261929656
-58.14229534671176 11.23344375524609 -0.013118009858409703 0.005599639371316537
-48.451912788907066 11.233697244671184 -0.012990690273428324 0.00554842339686884
-38.761530231218785 11.233950207986494 -0.012866266909110092 0.0054983530018268235
-29.07114767341409 11.234202631724823 -0.012756269174830998 0.005449745941010366
-19.380765115609393 11.23445450283674 -0.012637177377055778 0.005401842766071356
-9.690382557804696 11.234705808681205 -0.012520692908474506 0.005354969920627168
0.0 1.823530466004664 -0.11880510627668571 0.027368751241480374
9.690382557804696 2.7392385192073636 -0.11724773294871638 0.027024068479806998
19.380765115609393 3.3804302152705095 -0.11573148011840206 0.02668835365731872
29.07114767341409 3.8913318137832524 -0.11418337851610166 0.026361257310380762
38.761530231218785 4.321119952025927 -0.11274556576014914 0.02604244797284621
48.45191278902348 4.693870702060016 -0.11134424551946587 0.02573161102955911
58.14229534682818 5.0235882503700084 -0.10997803834432894 0.025428447656545124
67.83267790463287 5.319310623429559 -0.1086456335932696 0.025132673840327337
77.52306046243757 5.587294363220597 -0.10734578519033579 0.024844019469550484
87.21344302024227 5.832095302138696 -0.1089776051019794 0.02456222749276088
96.90382557804696 6.057160187215871 -0.1077000985855121 0.024287053136780694
106.59420813585166 6.265175824950786 -0.10645280895846332 0.024018263180644216
116.28459069365636 6.4582874897678275 -0.10523467030886785 0.023755635280536015
125.97497325146105 6.638242066201082 -0.1040446664045008 0.02349895734159424
135.66535580926575 6.806485511744982 -0.10288182782703045 0.02324802693282202
145.35573836707044 6.9642313656523305 -0.10174522930256778 0.023002650741689955
155.04612092475872 7.112510223793691 -0.1006259534311522 0.02276264406532298
164.73650348256342 7.252206306407097 -0.09953933191041418 0.022527830335419382
174.42688604036812 7.384085035882979 -0.098476412534991 0.022298040674359504
184.1172685981728 7.508814205119231 -0.09743642344022262 0.02207311348008463
193.8076511559775 7.6269804814135025 -0.09645379584623093 0.021853906559254677
203.4980337137822 7.739102453448778 -0.09545700508952351 0.02163823292096765
213.1884162715869 7.84564107431272 -0.09448103428352726 0.0214269772022515
222.8787988293916 7.9470081141830144 -0.09352523381535001 0.021220003241716877
232.5691813871963 8.0435730715024 -0.09258898088815509 0.02101718044123396
242.259563945001 8.135668875872756 -0.09187100546879319 0.020818383484070047
251.9499465028057 8.22359663346624 -0.09096936585255821 0.02062349207001665
261.6403290606104 8.307629606074556 -0.09008562588399471 0.02043239066632178
271.3307116184151 8.388016571112157 -0.08921925421984639 0.020244968273336827
281.0210941762198 8.46498467732389 -0.08836974040406477 0.020061118203872394
290.7114767340245 8.538741886452536 -0.08753659384932268 0.019880737875335647
300.40185929182917 8.609479072496924 -0.08671934287766002 0.019703728613792548
310.09224184963387 8.677371835886484 -0.08591753381628722 0.01952999546916359
319.78262440743856 8.742582078808358 -0.0851607977291832 0.019360264292894704
329.47300696524326 8.80525937925049 -0.08438817088575294 0.019192801464751885
339.16338952293154 8.8655421944855 -0.08362973562062699 0.019028350847873486
348.85377208073623 8.923558919292516 -0.08288510178582494 0.018866830725914673
358.54415463854093 8.979428819851833 -0.08215389344832809 0.018708162326185922
368.2345371963456 9.039582157802492 -0.0814357482471557 0.018552269687989464
377.9249197541503 9.1146460099205 -0.08072023747500802 0.018399079537978952
387.615302311955 9.185859897732467 -0.08002731966638607 0.018248521172097663
397.3056848697597 9.253495730861774 -0.07935979005412264 0.01810086911009683
406.9960674275644 9.317800614091107 -0.07869047361949864 0.017955367280471833
416.6864499853691 9.37899965203791 -0.07803259334828556 0.017812299572506258
426.3768325431738 9.437298372215071 -0.07738585654777339 0.017671604491878455
436.0672151009785 9.492884827513727 -0.07674998045934646 0.017533222609066697
445.7575976587832 9.545931427898335 -0.07612469183975132 0.01739709647321191
455.4479802165879 9.596596542202022 -0.07550972656340302 0.017263170530262842
465.1383627743926 9.645025903808332 -0.07490482924450546 0.017131391045156853
474.8287453321973 9.691353848299062 -0.0743097528778414 0.017001706027805995
484.519127890002 9.735704406530864 -0.07372425849716287 0.016874065162672716
494.2095104478067 9.778192272844484 -0.07314811485018262 0.01674841974173359
503.8998930056114 9.81892366503195 -0.07258109808923102 0.016624722600642114
513.5902755634161 9.857997090151587 -0.07202299147670385 0.01650292805791379
523.2806581211044 9.895504028181202 -0.07147358510448686 0.016382991856969085
532.971040678909 9.93152954375666 -0.07093267562655046 0.01626487111087019
542.6614232367137 9.966152834774006 -0.07040006600409246 0.016148524249627247
552.3518057945184 9.999447725423787 -0.06987556526242146 0.01603391096990842
562.0421883523231 10.031483110177486 -0.06935898825904627 0.015920992187046686
571.7325709101278 10.062323354381581 -0.06885015546233589 0.01580972998921406
581.4229534679325 10.092028656369072 -0.06834889274019784 0.015700087593650883
591.1133360257372 10.120655375366088 -0.0678550311582487 0.015592029304843531
600.8037185835419 10.148256328929971 -0.06736840678698243 0.015485520474549859
610.4941011413466 10.174881063191007 -0.06688886051747167 0.015380527463577869
620.1844836991513 10.200576098770442 -0.06641623788516408 0.015277017605228356
629.874866256956 10.225385154902622 -0.06595038890136135 0.015174959170317604
639.5652488147607 10.24934935399075 -0.06549116789199191 0.015074321333700923
649.2556313725654 10.272507408566835 -0.06503843334331276 0.01497507414222243
658.9460139303701 10.29489579240116 -0.06459204775419321 0.014877188484020474
668.6363964881748 10.316548897310282 -0.06415187749465598 0.01478063605912233
678.3267790459795 10.337499177040874 -0.0637177926703684 0.014685389351265375
688.0171616037842 10.357777279456393 -0.0632896669927927 0.014591421600885302
697.7075441615889 10.377412168121538 -0.06286737765472165 0.014498706779215461
707.3979267192772 10.396431234263165 -0.062450805210945724 0.014407219563445296
717.0883092770819 10.414860399985502 -0.06203983346377635 0.014316935312881241
726.7786918348866 10.432724213522421 -0.061634349353269224 0.014227830046079115
736.4690743926913 10.450045937237489 -0.06123424285182782 0.01413988041888104
746.159456950496 10.466847629003647 -0.0608394068630556 0.014053063703331028
755.8498395083006 10.483150217536219 -0.060449737124629824 0.01396735776742223
765.5402220661053 10.498973572195439 -0.06006513211501644 0.013882741055638843
775.23060462391 10.51433656772496 -0.05968549296384954 0.01379919257025651
784.9209871817147 10.529257144348417 -0.059310723365808615 0.013716691853366889
794.6113697395194 10.543752363606243 -0.05894072949783499 0.013635218969593868
804.3017522973241 10.557838460279502 -0.058575419939537354 0.01355475448947052
813.9921348551288 10.571530890715499 -0.05821470559664385 0.01347527947344756
823.6825174129335 10.584844377841364 -0.0578584996273653 0.013396775456505356
833.3728999707382 10.597792953126115 -0.05750671737154116 0.013319224433343168
843.0632825285429 10.610389995728537 -0.05715927628244633 0.013242608844120422
852.7536650863476 10.62264826904735 -0.05681609586114258 0.013166911560726175
862.4440476441523 10.63457995487141 -0.05647709759326449 0.013092115873554015
872.134430201957 10.646196685310613 -0.05614220488813542 0.013018205478760885
881.8248127597617 10.657509572672883 -0.055811343020113376 0.012945164465989206
891.51519531745 10.668529237438538 -0.055484439072076126 0.01287297730653362
901.2055778752547 10.679265834471721 -0.05516142188093196 0.0128016288419286
910.8959604330594 10.689729077594277 -0.05484222198512892 0.012731104272952128
920.5863429908641 10.699928262641812 -0.054526771574001924 0.012661389149011206
930.2767255486688 10.709872289107512 -0.054215004438939306 0.01259246935790622
939.9671081064735 10.719569680473526 -0.053906855926270626 0.012524331115953441
949.6574906642782 10.729028603320984 -0.05360226289180906 0.012456960958452109
959.3478732220829 10.738256885302633 -0.053301163656980746 0.01239034573048198
969.0382557798875 10.747262032055685 -0.05300349796647705 0.012324472578018093
978.7286383376922 10.756051243126395 -0.052709206947368206 0.012259328939350137
988.4190208954969 10.764631426972489 -0.052418233069619735 0.012194902536794132
