-251.9499465028057 11.307483656493439 0.0 0.0
-242.259563945001 11.307483656493439 0.0 0.0
-232.5691813871963 11.307483656493439 0.0 0.0
-222.8787988293916 11.307483656493439 0.0 0.0
-213.1884162715869 11.307483656493439 0.0 0.0
-203.4980337137822 11.307483656493439 0.0 0.0
-193.8076511559775 11.307483656493439 0.0 0.0
-184.1172685981728 11.307483656493439 0.0 0.0
-174.42688604036812 11.307483656493439 0.0 0.0
-164.73650348256342 11.307483656493439 0.0 0.0
-155.04612092487514 11.307483656493439 0.0 0.0
-145.35573836707044 11.307483656493439 0.0 0.0
-135.66535580926575 11.307483656493439 0.0 0.0
-125.97497325146105 11.307483656493439 0.0 0.0
-116.28459069365636 11.307483656493439 0.0 0.0
-106.59420813585166 11.307483656493439 0.0 0.0
-96.90382557804696 11.307483656493439 0.0 0.0
-87.21344302024227 11.307483656493439 0.0 0.0
-77.52306046243757 11.307483656493439 0.0 0.0
-67.83267790463287 11.307483656493439 0.0 0.0
-58.14229534682818 11.307483656493439 0.0 0.0
-48.45191278902348 11.307483656493439 0.0 0.0
-38.761530231218785 11.307483656493439 0.0 0.0
-29.07114767341409 11.307483656493439 0.0 0.0
-19.380765115609393 11.307483656493439 0.0 0.0
-9.690382557804696 11.307483656493439 0.0 0.0
0.0 11.307483656493439 0.0 0.0
9.690382557804696 3.3836225511768374 -0.024854780801338048 0.07795807537106296
19.380765115609393 4.070153563550024 -0.02451849655167626 0.07690330554264334
29.071147673297673 4.565956781911108 -0.02419119065178972 0.07587669668953388
38.76153023110237 4.96532984348797 -0.023872508273100567 0.07487713587683335
48.451912788907066 5.30350573490209 -0.023562113041257157 0.07390356805210467
58.14229534671176 5.598315561571999 -0.023259685851789752 0.0729549923306286
67.83267790451646 5.860291577463946 -0.022964923775837615 0.07203045856317046
77.52306046232115 6.096281687794217 -0.022677539048035277 0.07112906416144228
87.21344302012585 6.3110420591124345 -0.022397258129453528 0.07024995115897756
96.90382557793055 6.508039680334354 -0.02212382083918102 0.06939230348730002
106.59420813573524 6.689897075038322 -0.021856979548751244 0.06855534444920958
116.28459069353994 6.8586568910144035 -0.0215964984341721 0.06773833437274147
125.97497325134464 7.015948303164133 -0.021342152780809344 0.06694056843090351
135.66535580914933 7.163096437290508 -0.021093728336817302 0.0661613746136841
145.35573836695403 7.301197012989556 -0.020851020711206737 0.06540011184006665
155.04612092475872 7.431168849910758 -0.02061383481299556 0.06465616819890185
164.73650348256342 7.5537917809959065 -0.020381984328207835 0.0639289593084929
174.42688604036812 7.669734652656359 -0.02015529123177444 0.06321792678565114
184.1172685981728 7.779576414109134 -0.01993358533164788 0.0625225368157929
193.8076511559775 7.88382227849619 -0.019716703842677954 0.06184227881638235
203.4980337137822 7.982916298755893 -0.02233737482571134 0.062009104519835094
213.1884162715869 8.077251288563117 -0.02209094236223091 0.061346282020931085
222.87879882927518 8.167176745787344 -0.02184993174069522 0.060697494160893456
232.56918138707988 8.253005251476381 -0.02178376525509104 0.06007922150989923
242.25956394488458 8.335017690180607 -0.02155075419358512 0.05945696525183549
251.94994650268927 8.413467548213646 -0.021322714571015908 0.05884747906046394
261.64032906049397 8.488584482738872 -0.02109948753013843 0.05825037335620275
271.33071161829866 8.560577308502747 -0.02088092097874843 0.05766527426969564
281.02109417610336 8.629636515207729 -0.020666869229385352 0.05709182285639545
290.71147673390806 8.695936403391535 -0.021339868825555018 0.05668246685256238
300.40185929171275 8.75963690779631 -0.021122464586283283 0.05612921815310762
310.09224184951745 8.82088516286865 -0.02090949350128368 0.05558667810646418
319.78262440732215 8.879816854029896 -0.020700819651406046 0.05505453830579037
329.47300696512684 8.936557389839399 -0.02049631269531329 0.05453250209689892
339.16338952293154 8.991222923523656 -0.020295847581888952 0.054020284022380495
348.85377208073623 9.043921247110156 -0.020229558448814716 0.05352805759597357
358.54415463854093 9.09475257725389 -0.020035044755777803 0.05303451907497864
368.2345371963456 9.143810248529427 -0.020272011691999686 0.05260336538973903
377.9249197541503 9.196781424912553 -0.020079100549975738 0.05212691587560289
387.615302311955 9.262634415947964 -0.01995657658815172 0.05166247589194832
397.3056848697597 9.32533726046759 -0.01985225229931017 0.05120850162600541
406.996067427448 9.385098046144378 -0.01966808894063641 0.050756943449018155
416.6864499852527 9.442106845877333 -0.01948735714677973 0.05031328901838329
426.3768325430574 9.496537693879507 -0.0194220661458597 0.04988392331086556
436.0672151008621 9.548550295096026 -0.019246395235324825 0.049455376244804373
445.7575976586668 9.598291510925895 -0.019073917502039277 0.0490341382429167
455.4479802164715 9.645896656194724 -0.018904545247568866 0.04862002361954789
465.1383627742762 9.69149063598148 -0.01873819401616183 0.04821285293789865
474.82874533208087 9.735188945866964 -0.018574782443089036 0.047812452748716865
484.51912788988557 9.77709855514133 -0.018414232111611663 0.0474186553420341
494.20951044769026 9.817318689260011 -0.01825646741799528 0.04703129851118967
503.89989300549496 9.855941525202875 -0.018101415444034857 0.04665022532843636
513.5902755632997 9.893052811241262 -0.017949005836596497 0.046275283931467216
523.2806581211044 9.928732420852473 -0.017799170693719415 0.04590632732024644
532.971040678909 9.963054849064296 -0.017651844456855734 0.045543213163566555
542.6614232367137 9.9960896583033 -0.017506963808857873 0.045185803614791145
552.3518057945184 10.027901879812523 -0.017364467577351158 0.044833965136276764
562.0421883523231 10.058552375859694 -0.01722429664315641 0.044487568331999336
571.7325709101278 10.088098167246464 -0.017086393853451017 0.0441464877879397
581.4229534679325 10.116592730028591 -0.016950703939379388 0.04381060191981095
591.1133360256208 10.144086264847132 -0.016817173437845556 0.0434797928277391
600.8037185834255 10.170625941838997 -0.016685750617228365 0.04315394615750554
610.4941011412302 10.196256123717404 -0.01655638540681056 0.042832950968064304
620.1844836990349 10.221018569305983 -0.01642902932967274 0.04251669960492955
629.8748662568396 10.244952619524955 -0.016398681591401964 0.04220508757918706
639.5652488146443 10.268095367598217 -0.01627391683386079 0.04189801345181771
649.255631372449 10.290481815043194 -0.01615105913760446 0.04159537872306573
658.9460139302537 10.312145014827706 -0.016030064430834743 0.041297087726596536
668.6363964880584 10.33311620292339 -0.01606975864136432 0.041003047528203156
678.3267790458631 10.353424919349871 -0.01595020699583554 0.04071316782883476
688.0171616036678 10.37309911968558 -0.01583245189991914 0.040427360871732654
697.7075441614725 10.392165277917279 -0.015716452175220264 0.040145541353472355
707.3979267192772 10.410648481408938 -0.015602167934619408 0.03986762633872056
717.0883092770819 10.428572518690146 -0.01589042498757889 0.039593535178527255
726.7786918348866 10.44595996069307 -0.015773978818520308 0.0393231894319826
736.4690743926913 10.462832236004038 -0.015659283416098253 0.03905651279107779
746.159456950496 10.479209700639942 -0.015546297664770522 0.03879343100861787
755.8498395083006 10.495111702810071 -0.015434981812521285 0.038533871829042506
765.5402220661053 10.510556643079749 -0.015325297410166059 0.03827776492201859
775.2306046237936 10.525562030312617 -0.015217207254154128 0.038025041818678856
784.9209871815983 10.540144533734418 -0.015110675332609189 0.03777563585036596
794.611369739403 10.554320031425878 -0.015005666774398137 0.03752948208981236
804.3017522972077 10.568103655530372 -0.014902147800991828 0.03728651729458495
813.9921348550124 10.581509834430339 -0.01480008568094503 0.03704667985273675
823.6825174128171 10.594552332127503 -0.014699448686810992 0.036809909730548256
833.3728999706218 10.607244285040114 -0.014600206054329958 0.03657614842226836
843.0632825284265 10.619598236412157 -0.014502327943742274 0.03634533890176567
852.7536650862312 10.63162616851276 -0.014405785403088808 0.036117425576006244
862.4440476440359 10.643339532788946 -0.014310550333371875 0.035892354240277376
872.1344302018406 10.65474927812124 -0.014216595455459797 0.03567007203508173
881.8248127596453 10.66586587731924 -0.014123894278626897 0.03545052740462887
891.51519531745 10.676699351983036 -0.014032421070628954 0.03523367005685624
901.2055778752547 10.687259295846214 -0.013942150829221286 0.03501945092491345
910.8959604330594 10.697554896706837 -0.013853059255033745 0.03480782213004834
920.5863429908641 10.707594957044385 -0.01376512272572254 0.03459873694583484
930.2767255486688 10.71738791341299 -0.013678318271324992 0.03439214976368715
939.9671081064735 10.726941854694212 -0.013592623550748048 0.0341880160596059
949.6574906642782 10.736264539286232 -0.013508016829326466 0.033986292362105486
959.3478732219664 10.745363411300406 -0.013424476957391702 0.033786936221276154
969.0382557797711 10.754245615831438 -0.013341983349789727 0.0335899061789201
978.7286383375758 10.762918013360341 -0.013260515966310666 0.033395161739753335
988.4190208953805 10.77138719334863 -0.013180055292961426 0.03320266334358303
998.1094034531852 10.779659487074184 -0.013100582324050867 0.03301237233845604
