-910.8959604330594 11.307483656493442 0.0 0.0
-901.2055778752547 11.307483656493442 0.0 0.0
-891.51519531745 11.307483656493442 0.0 0.0
-881.8248127596453 11.307483656493442 0.0 0.0
-872.1344302018406 11.307483656493442 0.0 0.0
-862.4440476440359 11.307483656493442 0.0 0.0
-852.7536650862312 11.307483656493442 0.0 0.0
-843.0632825284265 11.307483656493442 0.0 0.0
-833.3728999706218 11.307483656493442 0.0 0.0
-823.6825174128171 11.307483656493442 0.0 0.0
-813.9921348551288 11.307483656493442 0.0 0.0
-804.3017522973241 11.307483656493442 0.0 0.0
-794.6113697395194 11.307483656493442 0.0 0.0
-784.9209871817147 11.307483656493442 0.0 0.0
-775.23060462391 11.307483656493442 0.0 0.0
-765.5402220661053 11.307483656493442 0.0 0.0
-755.8498395083006 11.307483656493442 0.0 0.0
-746.159456950496 11.307483656493442 0.0 0.0
-736.4690743926913 11.307483656493442 0.0 0.0
-726.7786918348866 11.307483656493442 0.0 0.0
-717.0883092770819 11.307483656493442 0.0 0.0
-707.3979267192772 11.307483656493442 0.0 0.0
-697.7075441614725 11.307483656493442 0.0 0.0
-688.0171616036678 11.307483656493442 0.0 0.0
-678.3267790458631 11.307483656493442 0.0 0.0
-668.6363964880584 11.307483656493442 0.0 0.0
-658.9460139302537 11.307483656493442 0.0 0.0
-649.255631372449 11.307483656493442 -0.0001941969925176718 1.809138024470852e-05
-639.5652488146443 11.307483656493442 -0.0001915695145110315 1.7846604550263056e-05
-629.874866256956 11.307483656493442 -0.00018901218673174832 1.760836404681573e-05
-620.1844836991513 11.307483656493442 -0.00018652223681006245 1.7376400460565022e-05
-610.4941011413466 11.307483656493442 -0.00018409703656397655 1.7150468950232647e-05
-600.8037185835419 11.307483656493442 -0.00018173409274565972 1.693033724499962e-05
-591.1133360257372 11.307483656493442 -0.00017943103849160294 1.671578484800232e-05
-581.4229534679325 11.307483656493442 -0.0001771856254147063 1.6506602299632624e-05
-571.7325709101278 11.307483656493442 -0.00017499571628278845 1.6302590495467885e-05
-562.0421883523231 11.307483656493442 -0.00017285927823340347 1.610356005416399e-05
-552.3518057945184 11.307483656493442 -0.000170774376479685 1.5909330731091764e-05
-542.6614232367137 11.307483656493442 -0.00016873916846625538 1.5719730873902015e-05
-532.971040678909 11.307483656493442 -0.00016675189843809527 1.553459691656187e-05
-523.2806581211044 11.307483656493442 -0.00016481089238872652 1.535377290872757e-05
-513.5902755632997 11.307483656493442 -0.0001629145533571572 1.5177110077608357e-05
-503.89989300549496 11.307483656493442 -0.00016106135704581682 1.5004466419733466e-05
-494.20951044769026 11.307483656493442 -0.00015924984773421123 1.4835706320268513e-05
-484.51912788988557 11.307483656493442 -0.00015747863446527287 1.4670700197735822e-05
-474.82874533208087 11.307483656493442 -0.0001557463874834092 1.450932417218391e-05
-465.1383627742762 11.307483656493442 -0.00015405183490508004 1.4351459755017814e-05
-455.4479802164715 11.307483656493442 -0.00032951555024869676 2.683625929695259e-05
-445.7575976586668 11.307483656493442 -0.00032547068303615613 2.6512243415487497e-05
-436.0672151009785 11.307483656493442 -0.0003215253615400162 2.6196076529623714e-05
-426.3768325431738 11.307483656493442 -0.0003577448304275338 2.7823138062284923e-05
-416.6864499853691 11.307483656493442 -0.0003534405651131844 2.749539214228688e-05
-406.9960674275644 11.307483656493442 -0.0003492400837542576 2.717539069634939e-05
-397.3056848697597 11.307483656493442 -0.00034513963040755114 2.6862858680275896e-05
-387.615302311955 11.307483656493442 -0.00034113563020419363 2.6557534083800247e-05
-377.9249197541503 11.307483656493442 -0.00033722467846381617 2.6259167159008153e-05
-368.2345371963456 11.307483656493442 -0.00044484196559249997 3.275348896731079e-05
-358.54415463854093 11.307483656493442 -0.00043959643552781075 3.237631670671396e-05
-348.85377208073623 11.307483656493442 -0.00043447509571770354 3.2007881618748315e-05
-339.16338952293154 11.307483656493442 -0.00042947352674147264 3.164787880540719e-05
-329.47300696512684 11.307483656493442 -0.0004245875189171784 3.129601759181583e-05
-319.78262440732215 11.307483656493442 -0.00041981305987771184 3.0952020696185737e-05
-310.09224184951745 11.307483656493442 -0.0004530998826710038 3.225579922264653e-05
-300.40185929171275 11.307483656493442 -0.00044801945012678385 3.1904373438734164e-05
-290.71147673390806 11.307483656493442 -0.0005226448495354867 3.5822845208855314e-05
-281.02109417610336 11.307483656493442 -0.0005167147256168361 3.54290207481832e-05
-271.33071161829866 11.307483656493442 -0.0005386587421968142 3.5967487644899995e-05
-261.64032906049397 11.307483656493442 -0.0005601658057683338 3.666708105782216e-05
-251.9499465028057 11.307483656493442 -0.0005538900157554202 3.627169883101448e-05
-242.259563945001 11.307483656493442 -0.0005477560142085164 3.588493326617574e-05
-232.5691813871963 11.307483656493442 -0.0005841368147542002 3.703753790886366e-05
-222.8787988293916 11.307483656493442 -0.0005776989380227746 3.664645813820768e-05
-213.1884162715869 11.307483656493442 -0.0005714042942919856 3.626373228380198e-05
-203.4980337137822 11.307483656493442 -0.0005652480699155713 3.588909004330037e-05
-193.8076511559775 11.307483656493442 -0.0005592256679631548 3.552227286717078e-05
-184.1172685981728 11.307483656493442 -0.0005533326959927449 3.516303331623693e-05
-174.42688604036812 11.307483656493442 -0.0005475649546516716 3.48111344615229e-05
-164.73650348256342 11.307483656493442 -0.000541918427040534 3.446634932314316e-05
-155.04612092475872 11.307483656493442 -0.0005363892687806363 3.412846034526872e-05
-145.35573836695403 11.307483656493442 -0.0005309737987306757 3.379725890446036e-05
-135.66535580914933 11.307483656493442 -0.0005256684903032191 3.347254484888716e-05
-125.97497325134464 11.307483656493442 -0.0005204699633358003 3.315412606616639e-05
-116.28459069353994 11.307483656493442 -0.0005153749764753448 3.2841818077744584e-05
-106.59420813573524 11.307483656493442 -0.0005103804200381435 3.2535443657916055e-05
-96.90382557793055 11.307483656493442 -0.0005054833093107574 3.2234832475730376e-05
-87.21344302012585 11.307483656493442 -0.0005006807782601161 3.193982075817956e-05
-77.52306046232115 11.307483656493442 -0.000495970073623676 3.165025097319096e-05
-67.83267790463287 11.307483656493442 -0.0004913485493529258 3.136597153106511e-05
-58.14229534682818 11.307483656493442 -0.0004868136613852871 3.10868365030868e-05
-48.45191278902348 11.307483656493442 -0.0004823629627225823 3.0812705356201875e-05
-38.761530231218785 11.307483656493442 -0.00047799409879407864 3.054344270262683e-05
-29.07114767341409 11.307483656493442 -0.003393464161746183 3.0278918063454364e-05
-19.380765115609393 11.307483656493442 -0.0033496987274778136 3.0019005645323325e-05
-9.690382557804696 11.307483656493442 -0.003307065903697504 2.9763584129311215e-05
0.0 11.307483656493442 -0.0032655218274032258 2.9512536471269997e-05
9.690382557804696 8.737930225302188 -0.01577361176949326 0.026405439622300218
19.380765115609393 8.953015305369695 -0.015563814459815395 0.026047222539312322
29.07114767341409 9.096600112250053 -0.015359548156582841 0.025698596171110866
38.761530231218785 9.207979537842613 -0.015160596392464908 0.02535918040340238
48.45191278902348 9.300040694269562 -0.014966753870615216 0.025028614948167174
58.14229534682818 9.378927056194861 -0.01975010237813779 0.0270509876104317
67.83267790463287 9.448130961049495 -0.01949795339918424 0.026705076391641564
77.52306046243757 9.509859319196146 -0.019252190089864944 0.02636790515692464
87.21344302024227 9.56560996420357 -0.019012572113085893 0.02603914662018049
96.90382557804696 9.61645337306597 -0.018778871074192915 0.025718489643288
106.59420813585166 9.663185184013809 -0.018550869786697233 0.02540563825183584
116.28459069353994 9.706415260200735 -0.018328361591623002 0.02510031072201874
125.97497325134464 9.746622835981151 -0.01811114972594013 0.02480223873274349
135.66535580914933 9.784192296960255 -0.017899046736032376 0.024511166577624758
145.35573836695403 9.819437300176958 -0.01769187393244311 0.024226850431922953
155.04612092475872 9.85261756128785 -0.017489460882579286 0.02394905767005356
164.73650348256342 9.883950858336362 -0.017291644938307295 0.023677566229623023
174.42688604036812 9.91362181671544 -0.01709827079567046 0.023412164018333678
184.1172685981728 9.941788469371465 -0.016909190084204734 0.023152648360422443
193.8076511559775 9.968587243024047 -0.016724260983553327 0.022898825479591444
203.4980337137822 9.99413680775052 -0.0165433478652835 0.022650510015653196
213.1884162715869 10.018541090715626 -0.016366320957990656 0.022407524572352386
222.8787988293916 10.041891665188015 -0.01619305603393995 0.022169699294042156
232.5691813871963 10.064269665803044 -0.016023434115644195 0.02193687146908849
242.259563945001 10.085747339798038 -0.015857341200911854 0.0217088851580537
251.9499465028057 10.106389315174008 -0.015694668005020913 0.021485590844870794
261.6403290606104 10.126253646326097 -0.015535309718785218 0.021266845109366307
271.3307116184151 10.145392682983662 -0.015379165781380561 0.021052510319622405
281.0210941762198 10.16385379756594 -0.01522613966688911 0.02084245434278941
290.7114767340245 10.181679998120142 -0.015076138683604152 0.020636550273070153
300.40185929171275 10.198910448068732 -0.014929073785214573 0.020434676175700314
310.09224184951745 10.215580909501561 -0.014784859393045394 0.020236714845823296
319.78262440732215 10.231724123312379 -0.014643413228630655 0.020042553581293025
329.47300696512684 10.247370136840269 -0.014504656155890845 0.019852083968429086
339.16338952293154 10.262546587611487 -0.014368512032301748 0.019665201679904324
348.85377208073623 10.277278950167775 -0.01423490756845231 0.019481806283957015
358.54415463854093 10.291590751691155 -0.014103772195446097 0.019301801064196728
368.2345371963456 10.305503761121077 -0.013975037939639202 0.019125092849323146
377.9249197541503 10.319274302744594 -0.013848639304244976 0.018951591852127556
387.615302311955 10.33829883403476 -0.013724513157369755 0.018781211517191653
397.3056848697597 10.356616193059116 -0.01360259862607541 0.018613868376740412
406.9960674275644 10.374273842315006 -0.01348283699609298 0.018449481914143792
416.6864499853691 10.391314733851925 -0.01336517161683858 0.01828797443459815
426.3768325431738 10.407777840794175 -0.013249547811406952 0.0181292709425502
436.0672151009785 10.42369861342765 -0.013135912791240652 0.017973299025457
445.7575976587832 10.439109372542761 -0.013024215575193631 0.017819988743502865
455.4479802165879 10.45403965026294 -0.012914406912727158 0.0176692725249202
465.1383627743926 10.46851648666128 -0.012806439210993807 0.017521085066584563
474.8287453321973 10.482564688948434 -0.012700266465581455 0.017375363239576547
484.519127890002 10.496207058808293 -0.012595844194704648 0.017232045999423132
494.20951044769026 10.50946459249312 -0.012493129376645713 0.017091074300752174
503.89989300549496 10.522356657514786 -0.012392080390252561 0.01695239101609845
513.5902755632997 10.534901149137173 -0.012292656958337898 0.016815940858652362
523.2806581211044 10.547114629368803 -0.012194820093792698 0.016681670308697428
532.971040678909 10.55901245073043 -0.012098532048280323 0.016549527543556382
542.6614232367137 10.570608866731165 -0.01200375626336131 0.016419462370842765
552.3518057945184 10.581917130700313 -0.011910457323916582 0.016291426164839026
562.0421883523231 10.592949584385531 -0.011818600913743777 0.016165371805831517
571.7325709101278 10.603717737529745 -0.01172815377320925 0.01604125362224328
581.4229534679325 10.61423233947351 -0.011639083658845452 0.015919027335415233
591.1133360257372 10.624503443689301 -0.011551359304790117 0.015798650006895325
600.8037185835419 10.634540466035958 -0.011464950385969971 0.015680079988103765
610.4941011413466 10.64435223742081 -0.01137982748293748 0.015563276872250353
620.1844836991513 10.653947051471112 -0.011295962048274608 0.015448201448387053
629.874866256956 10.66333270774295 -0.011213326374482661 0.015334815657486145
639.5652488147607 10.672516550932373 -0.011131893563282001 0.015223082550440347
649.2556313725654 10.68150550649918 -0.011051637496249874 0.015112966247887641
658.9460139303701 10.690306113066288 -0.01097253280672877 0.01500443190176884
668.6363964881748 10.698924551916809 -0.010894554852941525 0.014897445658531407
678.3267790458631 10.707366673874839 -0.010817679692254051 0.014791974623899024
688.0171616036678 10.71563802382574 -0.010741884056523385 0.014687986829122352
697.7075441614725 10.723743863101769 -0.010667145328491478 0.014585451198657088
707.3979267192772 10.731689189938738 -0.010593441519155594 0.014484337519175368
717.0883092770819 10.739478758184346 -0.010520751246081563 0.014384616409864477
726.7786918348866 10.747117094422327 -0.010449053712609152 0.014286259293944042
736.4690743926913 10.754608513659173 -0.010378328687907879 0.014189238371344724
746.159456950496 10.761957133705632 -0.010308556487842917 0.014093526592493723
755.8498395083006 10.769166888371961 -0.010239717956612904 0.01399909763315496
765.5402220661053 10.7762415395843 -0.010171794449123603 0.013905925870274834
775.23060462391 10.783184688519134 -0.010104767814063142 0.013813986358786993
784.9209871817147 10.789999785843408 -0.010038620377646506 0.013723254809331918
794.6113697395194 10.79669014113951 -0.00997333492799852 0.013633707566849508
804.3017522973241 10.803258931586988 -0.009908894700146312 0.013545321590005101
813.9921348551288 10.80970920996592 -0.009845283361593573 0.013458074431411116
823.6825174129335 10.816043912040989 -0.009782484998450532 0.013371944218608916
833.3728999707382 10.822265863379792 -0.009720484102094768 0.013286909635776768
843.0632825285429 10.828377785653954 -0.009659265556339284 0.013202949906131885
852.7536650863476 10.834382302467306 -0.009598814625085486 0.01312004477499602
862.4440476440359 10.840281944751203 -0.009539116940440523 0.013038174493496505
872.1344302018406 10.846079155763979 -0.009480158491274458 0.012957319802869353
881.8248127596453 10.851776295726754 -0.00942192561220887 0.012877461919352922
891.51519531745 10.857375646127403 -0.009364404973004243 0.01279858251962751
901.2055778752547 10.86287941371912 -0.009307583568339576 0.012720663726792073
910.8959604330594 10.868289734239356 -0.009251448707963374 0.012643688096849404
920.5863429908641 10.873608675871894 -0.009195988007201013 0.012567638605679448
930.2767255486688 10.87883824247314 -0.00914118937780355 0.01249249863648024
939.9671081064735 10.883980376581702 -0.00908704101912365 0.012418251967656998
949.6574906642782 10.889036962228731 -0.009033531409605165 0.012344882761140834
959.3478732220829 10.89400982756502 -0.009030378800909188 0.012276893998286794
969.0382557798875 10.898900747319448 -0.008977435157424862 0.012205172072987417
978.7286383376922 10.903711445102028 -0.008925115533336076 0.012134283943598008
988.4190208954969 10.90844359556385 -0.008873408717856104 0.012064215131336927
998.1094034533016 10.913098826424987 -0.008822303779064808 0.01199495149185326
