-1007.7997860111063 11.168691419122256 -0.011777177018556968 0.005348498971052719
-998.1094034533016 11.168739279202681 -0.011725563589637247 0.005325579497854071
-988.4190208954969 11.168800372981813 -0.011674491508773999 0.005302873830987523
-978.7286383376922 11.16887436259065 -0.01162395010021453 0.00528037854290834
-969.0382557798875 11.168960914282573 -0.011573929044144738 0.005258090296686558
-959.3478732220829 11.169059698595316 -0.011524418358902088 0.005236005842198707
-949.6574906642782 11.169170390495092 -0.011475408384369425 0.005214122012548754
-939.9671081064735 11.169292669504005 -0.011426889766454137 0.005192435720700814
-930.2767255486688 11.169426219811733 -0.011378853442565845 0.005170943956307482
-920.5863429908641 11.169570730372477 -0.011331290628014244 0.005149643782719308
-910.8959604330594 11.169725894988137 -0.011284192803255337 0.005128532334162042
-901.2055778752547 11.169891412378545 -0.0112375517019214 0.00510760681306954
-891.51519531745 11.17006698623969 -0.01119135929957525 0.005086864487561254
-881.8248127597617 11.170252325290635 -0.01114560780313554 0.005066302689054393
-872.134430201957 11.170447143309996 -0.011157069155057821 0.005047936517686715
-862.4440476441523 11.170651159162599 -0.011111402879420666 0.005027700501558264
-852.7536650863476 11.170864096817109 -0.01106617624462589 0.0050076381043663585
-843.0632825285429 11.171085685355186 -0.011021381459990402 0.00498774685975514
-833.3728999707382 11.17131565897286 -0.010977010965214657 0.0049680243559856166
-823.6825174129335 11.171553756974648 -0.010933057420121954 0.004948468234083632
-813.9921348551288 11.171799723760989 -0.010889513695014166 0.0049290761860786994
-804.3017522973241 11.172053308809534 -0.010846372861597935 0.004909845953327795
-794.6113697395194 11.172314266650732 -0.010803628184439487 0.00489077532491872
-784.9209871817147 11.172582356838221 -0.01076127311290987 0.004871862136148044
-775.23060462391 11.172857343914432 -0.01071930127358549 0.004853104267069015
-765.5402220661053 11.173138997371817 -0.01073846816784095 0.004836468426335801
-755.8498395083006 11.173427091610108 -0.01069642322586469 0.004817988403231824
-746.159456950496 11.17372140588994 -0.010661507031133213 0.00479986204020235
-736.4690743926913 11.174021724283186 -0.010620137611489071 0.004781677106793332
-726.7786918348866 11.174327835620346 -0.010579144661198487 0.004763638247869226
-717.0883092770819 11.174639533435256 -0.010538521856465522 0.004745743556785565
-707.3979267192772 11.174956615907421 -0.010498263052383723 0.004727991164558869
-697.7075441614725 11.175278885802221 -0.010458362275227494 0.004710379238754599
-688.0171616037842 11.175606150409253 -0.010418813715196077 0.004692905982423029
-678.3267790459795 11.175938221479024 -0.010379611719574383 0.00467556963307901
-668.6363964881748 11.176274915158196 -0.010340750786287425 0.004658368461726194
-658.9460139303701 11.176616051923633 -0.010302225557811311 0.004641300771919167
-649.2556313725654 11.176961456515382 -0.01026403081542253 0.004624364898864355
-639.5652488147607 11.1773109578688 -0.010226161473759392 0.004607559208556473
-629.874866256956 11.177664389045958 -0.010188612575674973 0.004590882096948709
-620.1844836991513 11.178021587166512 -0.010151379287361676 0.004574331989154932
-610.4941011413466 11.178382393338143 -0.010114456893729628 0.0045579073386822185
-600.8037185835419 11.178746652586707 -0.01007784079402214 0.004541606626692099
-591.1133360257372 11.179114213786242 -0.01004152649765301 0.004525428361289145
-581.4229534679325 11.179484929588895 -0.010005509620251376 0.004509371076835474
-571.7325709101278 11.179858656354918 -0.009969785879901228 0.00449343333328991
-562.0421883523231 11.18023525408279 -0.0099343510935634 0.004477613715570572
-552.3518057945184 11.180614586339589 -0.009899201173668767 0.0044619108329398425
-542.6614232367137 11.180996520191652 -0.00986433212487247 0.004446323318410565
-532.971040678909 11.181380926135644 -0.009829740040959328 0.004430849828172508
-523.2806581211044 11.18176767803006 -0.009795421101891659 0.004415489041038247
-513.5902755632997 11.18215665302725 -0.009761371570991105 0.004400239657907394
-503.8998930056114 11.182547731506 -0.00972758779224725 0.004385100401248757
-494.2095104478067 11.182940797004775 -0.009694066187743215 0.004370070014598379
-484.519127890002 11.18333573615556 -0.009660803255197869 0.004355147262075516
-474.8287453321973 11.183732438618469 -0.009627795565610069 0.004340330927912234
-465.1383627743926 11.184130797017076 -0.009595039761005312 0.004325619815998666
-455.4479802165879 11.184530706874522 -0.009562532552276843 0.004311012749442239
-445.7575976587832 11.184932066550443 -0.00953027071711664 0.004296508570140426
-436.0672151009785 11.185334777178722 -0.009498251098031357 0.004282106138366522
-426.3768325431738 11.185738742606105 -0.009466470600438892 0.004267804332367856
-416.6864499853691 11.1861438693317 -0.009434926190841408 0.004253602047976003
-406.9960674275644 11.186550066447358 -0.009403614895070732 0.004239498198228445
-397.3056848697597 11.186957245578988 -0.009372533796602682 0.004225491713001315
-387.615302311955 11.187365320828771 -0.009341680034936706 0.0042115815386526995
-377.9249197541503 11.187774208718324 -0.009311050804037685 0.004197766637676188
-368.2345371963456 11.188183828132797 -0.009280643350836754 0.004184045988364237
-358.54415463854093 11.188594100265925 -0.009250454973788447 0.004170418584480934
-348.85377208073623 11.18900494856603 -0.00922048302148125 0.004156883434943925
-339.16338952293154 11.189416298682964 -0.009190724891299207 0.004143439563515058
-329.47300696512684 11.189828078416035 -0.009161178028132103 0.004130086008499483
-319.78262440743856 11.19024021766286 -0.009131839923132273 0.004116821822453057
-310.09224184963387 11.190652648369204 -0.009102708112513956 0.004103646071896813
-300.40185929182917 11.191065304479729 -0.009073780176398228 0.004090557837040555
-290.7114767340245 11.19147812188972 -0.00904505373769483 0.0040775562115122396
-281.0210941762198 11.191891038397758 -0.00901652646102409 0.004064640302095133
-271.3307116184151 11.192303993659301 -0.008988196051675449 0.004051809228471695
-261.6403290606104 11.192716929141215 -0.008960060254601082 0.004039062122973998
-251.9499465028057 11.19312978807723 -0.008932116853443146 0.004026398130340537
-242.259563945001 11.193542515424289 -0.008904363669593312 0.0040138164074791805
-232.5691813871963 11.193955057819828 -0.008876798561283152 0.004001316123236091
-222.8787988293916 11.194367363539927 -0.008849419422704022 0.003988896458170387
-213.1884162715869 11.194779382458362 -0.008822224183155309 0.003976556604334353
-203.4980337137822 11.19519106600653 -0.00879521080621982 0.0039642957650591094
-193.8076511559775 11.195602367134224 -0.008768377288965273 0.003952113154745412
-184.1172685981728 11.196013240271284 -0.008741721661170668 0.003940007998659611
-174.42688604036812 11.196423641290064 -0.00871524198457677 0.003927979532734401
-164.73650348256342 11.196833527468748 -0.008688936352159591 0.003916027003374413
-155.04612092475872 11.197242857455464 -0.008662802887425951 0.0039041496672663507
-145.35573836695403 11.197651591233225 -0.008636839743730425 0.003892346791193611
-135.66535580926575 11.19805969008563 -0.008611045103612937 0.003880617651855365
-125.97497325146105 11.198467116563391 -0.008585417178154553 0.003868961535689146
-116.28459069365636 11.198873834451563 -0.00855995420635524 0.003857377738698899
-106.59420813585166 11.199279808737582 -0.008534654454526763 0.0038458655662855948
-96.90382557804696 11.199685005580015 -0.00850951621570466 0.003834424333082372
-87.21344302024227 11.200089392278045 -0.008484537809076816 0.00382305336279328
-77.52306046243757 11.200492937241668 -0.008459717579428198 0.003811751988035629
-67.83267790463287 11.200895609962584 -0.008435053896601416 0.003800519550185855
-58.14229534682818 11.201297380985798 -0.008410545154972257 0.003789355399228821
-48.45191278902348 11.201698221881854 -0.008386189772939884 0.003778258893610416
-38.761530231218785 11.202098105219774 -0.00836198619243101 0.003767229400093399
-29.07114767341409 11.202497004540621 -0.008337932878417722 0.0037562662936163694
-19.380765115609393 11.2028948943317 -0.008314028318448248 0.003745368957155797
-9.690382557804696 11.203291750001389 -0.008290271022190559 0.0037345367815910233
0.0 11.203687547854564 -0.00950624633215851 0.004289665805382727
9.690382557804696 2.0796736067064447 -0.030183795679372984 0.014495794162075897
19.380765115609393 2.8876317180124254 -0.029864144915494592 0.014339520024139423
29.07114767341409 3.485908616449132 -0.02955253330551652 0.014187190196368517
38.761530231218785 3.972572738052718 -0.02924864788501702 0.014038650969649505
48.45191278902348 4.386425780730337 -0.02895219188637133 0.01389375659314091
58.14229534671176 4.74773082299179 -0.028662883701926115 0.013752368764728417
67.83267790451646 5.068727663146026 -0.028380455925843033 0.013614356160145533
77.52306046232115 5.357517082184179 -0.028104654467782368 0.013479593997403155
87.21344302012585 5.619809300483326 -0.02783523773215541 0.013347963633445722
96.90382557793055 5.859819557505106 -0.027571975857401003 0.013219352190308498
106.59420813573524 6.0807711021555795 -0.027314650010207206 0.013093652208279708
116.28459069353994 6.2851979959005195 -0.027063051730105446 0.012970761323819826
125.97497325134464 6.475137584998297 -0.02681698232029111 0.012850581970200297
135.66535580914933 6.652258320748537 -0.02657625228091012 0.012733021099013345
145.35573836695403 6.817947764148693 -0.02634068078139689 0.012617989920874494
155.04612092475872 6.973375039498789 -0.026110095168758868 0.012505403663791879
164.73650348256342 7.119536311818407 -0.02588433050898218 0.012395181347813516
174.42688604036812 7.257288645448988 -0.02566322915898391 0.012287245574687166
184.1172685981728 7.387375703657402 -0.025446640366762377 0.012181522331378513
193.8076511559775 7.510447588742267 -0.025234419897601508 0.012077940806393819
203.4980337137822 7.627076389954203 -0.02502642968436912 0.011976433217943725
213.1884162715869 7.737768531552043 -0.024822537500116117 0.011876934653066894
222.8787988293916 7.8429746975346655 -0.024622616651334348 0.01177938291690634
232.5691813871963 7.943097895005944 -0.024426545690367545 0.01168371839139849
242.25956394488458 8.038500069420397 -0.024234208145596486 0.011589883902697232
251.94994650268927 8.129507580060855 -0.024045492268115747 0.0114978245967027
261.64032906049397 8.216415768869378 -0.02386029079377057 0.011407487822138407
271.33071161829866 8.299492801077703 -0.023678500719434656 0.011318823020626975
281.02109417610336 8.378982915695989 -0.023500023092575623 0.01123178162329579
290.71147673390806 8.455109193819633 -0.023324762813183686 0.011146316953458253
300.40185929171275 8.528075929956666 -0.023152628447226122 0.011062384134959025
310.09224184951745 8.598070674216665 -0.022983532050852042 0.010979940005802269
319.78262440732215 8.665265999819383 -0.022817389004631473 0.010898943036710788
329.47300696512684 8.729821039971515 -0.02265411785716631 0.010819353254290745
339.16338952293154 8.79188282999337 -0.022493640177460705 0.010741132168500693
348.85377208073623 8.851587484118923 -0.022335880415483185 0.010664242704146145
358.54415463854093 8.909061231247215 -0.022180765770395128 0.010588649136141388
368.2345371963456 8.964421329794524 -0.022028226065957755 0.010514317028298754
377.9249197541503 9.032197235470626 -0.021878193632665518 0.010441213175423215
387.615302311955 9.106719606965648 -0.021730603196185576 0.010369305548505703
397.3056848697597 9.1774512727267 -0.02158539177171311 0.010298563242823387
406.9960674275644 9.24465891883668 -0.02144249856387938 0.01022895642876846
416.6864499853691 9.308584831432063 -0.021301864871874944 0.010160456305239528
426.3768325430574 9.369449682036741 -0.02116343399947499 0.010093035055441731
436.0672151008621 9.427454928751333 -0.021027151169664082 0.01002666580494693
445.7575976586668 9.48278489558749 -0.020892963443611905 0.00996132258189173
455.4479802164715 9.535608580655769 -0.02076081964371214 0.009896980279172034
465.1383627742762 9.586081234718012 -0.020630670280471504 0.009833614618529338
474.82874533208087 9.634345744328225 -0.020502467483017036 0.009771202116414876
484.51912788988557 9.680533847925192 -0.02037616493301552 0.009709720051530316
494.20951044769026 9.724767208514649 -0.020251717801811356 0.00964914643394977
503.89989300549496 9.767158362740224 -0.020130302903059265 0.009589507656868302
513.5902755632997 9.807811563006446 -0.020009421167664885 0.009530687094316767
523.2806581211044 9.8468235267411 -0.01989026916565749 0.009472713128102238
532.971040678909 9.88428410475713 -0.019772807438957082 0.009415566412932987
542.6614232367137 9.920276878909183 -0.01966978911422856 0.009359484892657083
552.3518057945184 9.954879697768337 -0.01955542123594321 0.009303933537047731
562.0421883523231 9.988165157806488 -0.01944263700970132 0.00924915498501254
571.7325709101278 10.02020103654567 -0.019331401395242632 0.00919513214453464
581.4229534679325 10.051050683252985 -0.019221680404802873 0.009141848435433033
591.1133360257372 10.080773372020602 -0.01911922666204765 0.009089398957238778
600.8037185835419 10.109424621439862 -0.01901235801254421 0.00903754420532836
610.4941011412302 10.137056484540397 -0.01890691007720529 0.008986381768717282
620.1844836990349 10.163717812206718 -0.018807372455993683 0.008936005748914597
629.8748662568396 10.18945449288239 -0.01870691181243109 0.008886223390951515
639.5652488146443 10.214309671042678 -0.018605457566891106 0.008837049292495331
649.255631372449 10.23832394661054 -0.018505310588991814 0.008788511175571851
658.9460139302537 10.261535557242873 -0.018406443860707226 0.008740595928090561
668.6363964880584 10.283980545190028 -0.018308831125155262 0.008693290804915332
678.3267790458631 10.305692910239209 -0.01821244685959157 0.008646583415002275
688.0171616036678 10.326704750083865 -0.018117266249559266 0.00860046170907674
697.7075441614725 10.347046389314077 -0.018033595307616276 0.008555069510351076
707.3979267192772 10.366746498093702 -0.017940610041632287 0.008510082221565346
717.0883092770819 10.385832201476568 -0.017849576856921127 0.008465659827448697
726.7786918348866 10.404329180214141 -0.017758832164714678 0.008421764615634864
736.4690743926913 10.422261763818868 -0.01766918060898223 0.008378399628225435
746.159456950496 10.439653016569467 -0.017580600994464873 0.008335554632632424
755.8498395083006 10.45652481707539 -0.01749307268852627 0.008293219664952159
765.5402220661053 10.472897931956497 -0.017406575602246975 0.00825138502111512
775.23060462391 10.488792084139403 -0.01732109017229077 0.008210041248384814
784.9209871817147 10.504226016223637 -0.017236597343505442 0.008169179137189562
794.611369739403 10.519217549327227 -0.017153078552223602 0.0081287897132727
804.3017522972077 10.533783637784017 -0.01707051571022422 0.008088864230143766
813.9921348550124 10.547940420026707 -0.016988891189338464 0.00804939416182439
823.6825174128171 10.561703265964956 -0.01690818780664987 0.008010371195866277
833.3728999706218 10.575086821133795 -0.016828388810276106 0.007971787226636181
843.0632825284265 10.588105047866467 -0.01674947786569948 0.007933634348853432
852.7536650862312 10.600771263722102 -0.01722338121492805 0.007956098003185627
862.4440476440359 10.613098177378555 -0.01713872977405665 0.007917969794464167
872.1344302018406 10.625097922182576 -0.017055119212579097 0.007880271854467347
881.8248127596453 10.63678208753293 -0.01789673028852301 0.008068278188181165
891.51519531745 10.64816174825724 -0.017802524449772834 0.008028343196623645
901.2055778752547 10.659247492129833 -0.01771212538004361 0.00798893113946467
910.8959604330594 10.670049445665635 -0.017619405819942365 0.00794996416985994
920.5863429908641 10.680577298314088 -0.017658533881321423 0.007932065227071882
930.2767255486688 10.69084032516698 -0.017567619736223304 0.00789374706102468
939.9671081064735 10.700847408284924 -0.017477939181350332 0.007855885256613423
949.6574906642782 10.71060705673888 -0.017389461393362438 0.007818470185469934
959.3478732220829 10.720127425455532 -0.01730215674161541 0.0077814925350526715
969.0382557798875 10.729416332948361 -0.017306139796689875 0.007752982347769126
978.7286383375758 10.738481278009903 -0.017251632394423795 0.00771877299315887
988.4190208953805 10.747329455435533 -0.01716606431999616 0.007682921439071192
998.1094034531852 10.75596777084169 -0.017081604289262982 0.007647476448074281
