-1007.7997860111063 9.977538083990334 -6.42848086848208e-05 3.988747769567962e-08
-998.1094034533016 9.977538083990334 -7.439391198565705e-05 3.892898038323524e-08
-988.4190208954969 9.977538083990334 -7.321791849290353e-05 3.8015467532476026e-08
-978.7286383376922 9.977538083990334 -7.208749341402618e-05 3.714384491816788e-08
-969.0382557798875 9.977538083990334 -7.866869871564922e-05 3.6311295732922334e-08
-959.3478732220829 9.977538083990334 -7.742621449408059e-05 3.551525017906612e-08
-949.6574906642782 9.977538083990334 -7.623121571370174e-05 3.475335897334215e-08
-939.9671081064735 9.977538083990334 -7.508082297040765e-05 3.4023470190302704e-08
-930.2767255486688 9.977538083990334 -7.39723930501929e-05 3.332360896506894e-08
-920.5863429908641 9.977538083990334 -7.290349467099105e-05 3.2651959648989475e-08
-910.8959604330594 9.977538083990334 -7.187188720291693e-05 3.2006850081444695e-08
-901.2055778752547 9.977538083990334 -7.087550194334145e-05 3.138673769015809e-08
-891.51519531745 9.977538083990334 -6.991242559140571e-05 3.079019717612324e-08
-881.8248127596453 9.977538083990334 -6.898088562255625e-05 3.021590957709387e-08
-872.1344302018406 9.977538083990334 -6.807923730985029e-05 2.9662652532153055e-08
-862.4440476441523 9.977538083990334 -6.720595217703507e-05 2.9129291596820175e-08
-852.7536650863476 9.977538083990334 -7.244926587690479e-05 2.8614772479133334e-08
-843.0632825285429 9.977538083990334 -7.147386097925074e-05 2.8118114082703507e-08
-833.3728999707382 9.977538083990334 -7.053049644938181e-05 2.7638402264095266e-08
-823.6825174129335 9.977538083990334 -6.961746042880021e-05 2.7174784216388477e-08
-813.9921348551288 9.977538083990334 -6.873316794272683e-05 2.6726463409965703e-08
-804.3017522973241 9.977538083990334 -6.78761488438524e-05 2.6292695026069492e-08
-794.6113697395194 9.977538083990334 -6.704503715483308e-05 2.5872781826479993e-08
-784.9209871817147 9.977538083990334 -6.623856161813169e-05 2.5466070414860605e-08
-775.23060462391 9.977538083990334 -6.545553729188857e-05 2.5071947843747274e-08
-765.5402220661053 9.977538083990334 -6.469485805526915e-05 2.4689838531728042e-08
-755.8498395083006 9.977538083990334 -6.39554899072224e-05 2.4319201459750434e-08
-746.159456950496 9.977538083990334 -6.323646495960827e-05 2.3959527614626948e-08
-736.4690743926913 9.977538083990334 -9.203490801464609e-05 2.361033765680776e-08
-726.7786918348866 9.977538083990334 -9.05950008902106e-05 2.3271179789543985e-08
-717.0883092770819 9.977538083990334 -8.921094815545548e-05 2.294162780797429e-08
-707.3979267192772 9.977538083990334 -8.787920297792217e-05 2.2621279313010233e-08
-697.7075441614725 9.977538083990334 -8.65965294018652e-05 2.2309754071588896e-08
-688.0171616036678 9.977538083990334 -8.535996794582541e-05 2.200669251158343e-08
-678.3267790459795 9.977538083990334 -9.548676210150204e-05 2.1711754337060043e-08
-668.6363964881748 9.977538083990334 -9.404592622813416e-05 2.1424617253744133e-08
-658.9460139303701 9.977538083990334 -9.265805096463633e-05 2.1144975793907766e-08
-649.2556313725654 9.977538083990334 -9.131997595701187e-05 2.087254023298065e-08
-639.5652488147607 9.977538083990334 -9.00288002718442e-05 2.0607035587584706e-08
-629.874866256956 9.977538083990334 -8.878185551953429e-05 2.0348200690221713e-08
-620.1844836991513 9.977538083990334 -9.304320688546881e-05 2.0095787332211502e-08
-610.4941011413466 9.977538083990334 -9.173761460530207e-05 1.9849559469784905e-08
-600.8037185835419 9.977538083990334 -9.047640574799327e-05 1.9609292487747856e-08
-591.1133360257372 9.977538083990334 -8.925712315634977e-05 1.9374772516271392e-08
-581.4229534679325 9.977538083990334 -9.842286118405644e-05 1.9145795795874436e-08
-571.7325709101278 9.977538083990334 -9.701392666738324e-05 1.8922168086858877e-08
-562.0421883523231 9.977538083990334 -9.56540269832229e-05 1.8703704119754595e-08
-552.3518057945184 9.977538083990334 -9.434036846830649e-05 1.8490227083548926e-08
-542.6614232367137 9.977538083990334 -9.307037876361965e-05 1.8281568148393766e-08
-532.971040678909 9.977538083990334 -9.184168444992284e-05 1.8077566020215314e-08
-523.2806581211044 9.977538083990334 -9.065209141767553e-05 1.7878066524841226e-08
-513.5902755632997 9.977538083990334 -8.949956758110147e-05 1.7682922219747817e-08
-503.89989300549496 9.977538083990334 -8.838222760950445e-05 1.7491992030256023e-08
-494.2095104478067 9.977538083990334 -8.729831940084344e-05 1.7305140909634016e-08
-484.519127890002 9.977538083990334 -8.624621206517602e-05 1.7122239520423084e-08
-474.8287453321973 9.977538083990334 -8.522438522113863e-05 1.6943163935983878e-08
-465.1383627743926 9.977538083990334 -8.423141943747394e-05 1.676779536055541e-08
-455.4479802165879 9.977538083990334 -0.00010955916671519265 1.659601986611918e-08
-445.7575976587832 9.977538083990334 -0.00010794159761033528 1.6427728145960042e-08
-436.0672151009785 9.977538083990334 -0.00010638328536140366 1.6262815282511384e-08
-426.3768325431738 9.977538083990334 -0.00010488062480353869 1.6101180529213676e-08
-416.6864499853691 9.977538083990334 -0.00010343031740272347 1.5942727105274987e-08
-406.9960674275644 9.977538083990334 -0.0001020293380284315 1.5787362002872736e-08
-397.3056848697597 9.977538083990334 -0.00010067490606058135 1.5634995804194576e-08
-387.615302311955 9.977538083990334 -9.936446017519269e-05 1.548554251067655e-08
-377.9249197541503 9.977538083990334 -9.809563626517586e-05 1.5338919380887767e-08
-368.2345371963456 9.977538083990334 -9.686624804349784e-05 1.519504677746815e-08
-358.54415463854093 9.977538083990334 -9.567426994994878e-05 1.5053848023309025e-08
-348.85377208073623 9.977538083990334 -9.451782204329355e-05 1.4915249265079174e-08
-339.16338952293154 9.977538083990334 -9.339515661039864e-05 1.4779179344584243e-08
-329.47300696512684 9.977538083990334 -9.230464626506492e-05 1.4645569676577158e-08
-319.78262440732215 9.977538083990334 -9.124477334342476e-05 1.451435413396822e-08
-310.09224184951745 9.977538083990334 -9.021412043118721e-05 1.4385468938402004e-08
-300.40185929182917 9.977538083990334 -8.921136188179272e-05 1.425885255685157e-08
-290.7114767340245 9.977538083990334 -8.823525620440413e-05 1.4134445603877646e-08
-281.0210941762198 9.977538083990334 -8.728463921771051e-05 1.4012190748685389e-08
-271.3307116184151 9.977538083990334 -8.635841787930091e-05 1.3892032626843225e-08
-261.6403290606104 9.977538083990334 -8.545556471282673e-05 1.3773917756799287e-08
-251.9499465028057 9.977538083990334 -8.457511276516066e-05 1.3657794460788858e-08
-242.259563945001 9.977538083990334 -8.371615103458476e-05 1.3543612788994436e-08
-232.5691813871963 9.977538083990334 -8.287782031850792e-05 1.3431324448015492e-08
-222.8787988293916 9.977538083990334 -8.20593094356329e-05 1.3320882733187153e-08
-213.1884162715869 9.977538083990334 -8.125985178301801e-05 1.3212242463175698e-08
-203.4980337137822 9.977538083990334 -8.047872219324557e-05 1.3105359918856672e-08
-193.8076511559775 9.977538083990334 -9.388671124626284e-05 1.3000192784171647e-08
-184.1172685981728 9.977538083990334 -0.00010895207263899005 1.2896700090833917e-08
-174.42688604036812 9.977538083990334 -0.00010745583779769781 1.2794842164687596e-08
-164.73650348256342 9.977538083990334 -0.00010601356850562112 1.2694580575129582e-08
-155.04612092475872 9.977538083990334 -0.00023465801986425944 1.2595878086916774e-08
-145.35573836695403 9.977538083990334 -0.000229967363017251 1.2498698613680904e-08
-135.66535580914933 9.977538083990334 -0.0002254894235905765 1.2403007174370713e-08
-125.97497325134464 9.977538083990334 -0.00022120931194051524 1.2308769850968067e-08
-116.28459069365636 9.977538083990334 -0.0002171135237102451 1.2215953748616424e-08
-106.59420813585166 9.977538083990334 -0.000569214877922203 1.2124526957077442e-08
-96.90382557804696 9.977538083990334 -0.0005563701641536047 1.2034458514328895e-08
-87.21344302024227 9.977538083990334 -0.0007598813962983918 1.1945718371815994e-08
-77.52306046243757 9.977538083990334 -0.0007426643244126151 1.185827736043454e-08
-67.83267790463287 9.977538083990334 -0.0007262459839904776 1.1772107159251696e-08
-58.14229534682818 9.977538083990334 -0.0007105712009662251 1.1687180264389379e-08
-48.45191278902348 9.977538083990334 -0.0006955898039875878 1.1603469960021857e-08
-38.761530231218785 9.977538083990334 -0.0006812560676693047 1.1520950290267807e-08
-29.07114767341409 9.977538083990334 -0.0006675282287911268 1.1439596032410517e-08
-19.380765115609393 9.977538083990334 -0.0006607804523613666 1.135938267131072e-08
-9.690382557804696 9.977538083990334 -0.0006479862654631834 1.1280286374361521e-08
0.0 1.1574836793490064 0.04010947443533573 0.05710514479239957
9.690382557804696 1.7366299739683058 0.0390646402676209 0.05562424252292184
19.380765115609393 2.138728893651126 0.037968261206254905 0.054218206944980196
29.07114767341409 2.462672501642472 0.03702809854856645 0.052881500723881605
38.761530231218785 2.739291112728952 0.031435295891429585 0.05160911946003155
48.45191278902348 2.983111876713905 0.030701962460937236 0.050396529080612276
58.14229534682818 3.202384259472005 0.030001970432832183 0.04923961185479039
67.83267790451646 3.402340455219515 0.029333100836826716 0.048134619677814655
77.52306046232115 3.5865537099878564 0.028693327008703987 0.047078133507135085
87.21344302012585 3.757597665739694 0.028080794232335445 0.0460670280258344
96.90382557793055 3.917402022787785 0.027493801910143674 0.04509844076377406
106.59420813573524 4.067459913275284 0.026930787903750857 0.044169745034063276
116.28459069353994 4.208956289568465 0.026390314743187825 0.043278526145903565
125.97497325134464 4.342851303268166 0.02587105744998531 0.04242256044021807
135.66535580914933 4.46993660950927 0.025371792758318287 0.04159979676483998
145.35573836695403 4.5908746449333515 0.024891389550696932 0.040808340064363686
155.04612092475872 4.706226792818889 0.024428800351682278 0.04004643680828881
164.73650348256342 4.816474062166042 0.023983053745712656 0.039312462021610546
174.42688604036812 4.92203258481605 0.02349085168683781 0.03860490771596783
184.1172685981728 5.023265439575305 0.02307773187535327 0.037922372548016274
193.8076511559775 5.1204918181737025 0.02267885399805342 0.037263552555782925
203.4980337137822 5.213994231709261 0.02229349552997634 0.03662723284414823
213.1884162715869 5.304024248651545 0.021920981909457002 0.03601228010790727
222.8787988293916 5.390807116038376 0.021560682632169707 0.03541763589559838
232.5691813871963 5.4745455198952735 0.021216265837108065 0.03484238596442943
242.259563945001 5.5554226741329416 0.019429234122247004 0.034285451107490095
251.94994650268927 5.633604879752561 0.019138998838775838 0.03374604069445293
261.64032906049397 5.709243661995645 0.018857001581764954 0.03322334040298363
271.33071161829866 5.7824775680470095 0.018581575065700687 0.032716703809748025
281.02109417610336 5.8534336894091155 0.017376413247344357 0.03222517276119337
290.71147673390806 5.922228959151038 0.01711792575473019 0.03174819252313214
300.40185929171275 5.988971263737022 0.016889259157382912 0.031285126395042766
310.09224184951745 6.053760401083066 0.01666620636291603 0.030835374289444585
319.78262440732215 6.116688910271517 0.016448592639742323 0.030398370137411437
329.47300696512684 6.177842793506613 0.01623624745689565 0.029973579511626776
339.16338952293154 6.237302147084902 0.01602900478967671 0.029560497445993174
348.85377208073623 6.295141715138728 0.015826703325339423 0.029158646433090945
358.54415463854093 6.3514313775054045 0.015629186589046114 0.028767574582788176
368.2345371963456 6.406236581143355 0.015436303006418803 0.02838685392707239
377.9249197541503 6.459618722955669 0.015247905915886203 0.028016078857734036
387.615302311955 6.5116354906125595 0.015063853541511886 0.027654864684911414
397.3056848697597 6.562341166926733 0.014884008934961054 0.027302846305727414
406.9960674275644 6.611786902482747 0.01470823989362347 0.026959676973331674
416.6864499853691 6.660020960516796 0.014536418860581497 0.026625027157623438
426.3768325431738 6.707088937458133 0.014368422811032327 0.02629858348978652
436.0672151008621 6.75303396205484 0.014204133128896882 0.025980047783533758
445.7575976586668 6.797896875601483 0.013989315149929344 0.025669136126612303
455.4479802164715 6.854546956070703 0.013833500671167485 0.025365578036809052
465.1383627742762 6.9351308347910745 0.013680991104050126 0.02506911567710564
474.82874533208087 7.012234630695833 0.013531689355413275 0.024779503125254218
484.51912788988557 7.086083665210181 0.01338550156168035 0.02449650569340156
494.20951044769026 7.156882970319771 0.01324233701166831 0.024219899293809286
503.89989300549496 7.224819675562391 0.013102108063419354 0.023949469847067105
513.5902755632997 7.290065046680727 0.012964730056919224 0.023685012729514635
523.2806581211044 7.352776236445891 0.012830121224196375 0.023426332256874034
532.971040678909 7.41309779604097 0.012698202598000044 0.02317324120135513
542.6614232367137 7.471162986005767 0.012568897920013651 0.022925560339728517
552.3518057945184 7.527094918407759 0.012358661792946484 0.022683118030074115
562.0421883523231 7.581007556124098 0.012236492264398208 0.022445749815104908
571.7325709101278 7.633006590529957 0.012104145670311098 0.02221329805013891
581.4229534679325 7.683190215217909 0.011986830139678741 0.021985611553951224
591.1133360257372 7.731649810417446 0.011871677503888301 0.021762545280880903
600.8037185835419 7.778470550388445 0.01175863339056575 0.02154396001269836
610.4941011413466 7.823731944109683 0.011647644842498299 0.02132972206885771
620.1844836991513 7.867508317982303 0.01153866031563682 0.02111970303386689
629.8748662568396 7.909869247947727 0.011431629669596871 0.020913779500609686
639.5652488146443 7.950879947329483 0.011326504152182193 0.02071183282852683
649.255631372449 7.9906016157872175 0.011223236379205269 0.020513748915697513
658.9460139302537 8.029091754027498 0.011121780310609173 0.020319417983851788
668.6363964880584 8.066404448258432 0.01102209122375693 0.020128734375499963
678.3267790458631 8.102590627846341 0.010924125684576416 0.019941596362376208
688.0171616036678 8.137698299172168 0.010827841517134548 0.01975790596446941
697.7075441614725 8.171772758297474 0.010733197772110896 0.019577568778964542
707.3979267192772 8.204856784718519 0.010640154694557117 0.01940049381846726
717.0883092770819 8.236990818203305 0.010548673691258375 0.019226593357929207
726.7786918348866 8.268213120462981 0.0104587172979555 0.019055782789732863
736.4690743926913 8.298559923199063 0.010370249146638434 0.018887980486433104
746.159456950496 8.328065563886753 0.010283233933081564 0.01872310767068749
755.8498395083006 8.356762610497418 0.01019763738475838 0.018561088291939896
765.5402220661053 8.384681976226867 0.010113426229245154 0.01840184890945191
775.23060462391 8.411853025177045 0.01003056816320019 0.018245318581304053
784.9209871817147 8.438303669834918 0.00994903182198619 0.018091428759014278
794.6113697395194 8.46406046110131 0.0098687867499868 0.01794011318744492
804.3017522973241 8.489148671542667 0.009789803371655645 0.01779130780969106
813.9921348550124 8.513592372468098 0.009712052963325446 0.017644950676665144
823.6825174128171 8.537414505374286 0.009635507625789524 0.01750098186109923
833.3728999706218 8.560636948239885 0.00956014025767968 0.01735934337574053
843.0632825284265 8.583280577112955 0.00948592452962554 0.017219979095470163
852.7536650862312 8.605365323381683 0.009412834859208111 0.017082834683152186
862.4440476440359 8.626910227086663 0.009340846386696307 0.01694785751899614
872.1344302018406 8.647933486596951 0.009269934951558274 0.016814996633242246
881.8248127596453 8.668452504942117 0.0092000770697359 0.01668420264198815
891.51519531745 8.688483933065353 0.009131249911668313 0.01655542768598763
901.2055778752547 8.708043710238584 0.009063431281048856 0.01642862537226177
910.8959604330594 8.727147101858659 0.00899659959429825 0.016303750718373075
920.5863429908641 8.745808734824289 0.0089307338607362 0.01618076009922187
930.2767255486688 8.764042630675851 0.008865813663432377 0.0160596111962328
939.9671081064735 8.781862236664319 0.008801819140717778 0.015940262948807037
949.6574906642782 8.799280454901417 0.008738730968336782 0.015822675507923285
959.3478732220829 8.816309669730195 0.008676530342220264 0.0157068101917774
969.0382557798875 8.832961773443587 0.008615198961860245 0.015592629443356815
978.7286383376922 8.849248190468007 0.008554719014266344 0.015480096789852179
988.4190208954969 8.865179900119491 0.00849507315848485 0.015369176803813948
998.1094034531852 8.880767458031015 0.008436244510662105 0.015259835065968296
