-1007.7997860111063 8.981855752170834 -0.006633074282991764 2.7870826059246765e-07
-998.1094034533016 8.981855752170816 -0.006595765646788491 2.7729621948527176e-07
-988.4190208954969 8.981855752170773 -0.006558884657297184 2.7589841411956775e-07
-978.7286383376922 8.981855752170668 -0.006522423873689712 2.7451463029462813e-07
-969.0382557798875 8.981855752170425 -0.00648637602916723 2.731446580862525e-07
-959.3478732220829 8.981855752169876 -0.006450734025841772 2.7178829173932304e-07
-949.6574906642782 8.981855752168684 -0.006415490929799312 2.7044532956578115e-07
-939.9671081064735 8.981855752166188 -0.006380639966336822 2.6911557384412185e-07
-930.2767255486688 8.981855752161133 -0.006346174515366101 2.677988307232251e-07
-920.5863429908641 8.98185575215121 -0.006312088106977569 2.664949101259702e-07
-910.8959604330594 8.981855752132315 -0.006278374417157494 2.6520362566076483e-07
-901.2055778752547 8.981855752097344 -0.0062450272636524005 2.639247945302554e-07
-891.51519531745 8.981855752034331 -0.006212040601974828 2.6265823744643386e-07
-881.8248127596453 8.981855751923652 -0.006179408521544663 2.6140377854650364e-07
-872.134430201957 8.981855751733876 -0.0061471252419611514 2.601612453108056e-07
-862.4440476441523 8.981855751415829 -0.00611518510939806 2.5893046848529753e-07
-852.7536650863476 8.981855750894224 -0.00608358259312287 2.577112820024074e-07
-843.0632825285429 8.981855750056173 -0.006052312282127633 2.5650352290882555e-07
-833.3728999707382 8.981855748735684 -0.0060213688818727355 2.5530703129134514e-07
-823.6825174129335 8.981855746693203 -0.005990747211137006 2.5412165020617227e-07
-813.9921348551288 8.981855743589064 -0.005960442198970483 2.5294722561127175e-07
-804.3017522973241 8.981855738949683 -0.005930448881745862 2.517836062991465e-07
-794.6113697395194 8.98185573212524 -0.00590076240030494 2.5063064383167716e-07
-784.9209871817147 8.981855722237533 -0.005871377997196455 2.4948819247745495e-07
-775.23060462391 8.98185570811677 -0.005842291014001881 2.483561091500908e-07
-765.5402220661053 8.98185568822609 -0.0059326154104296785 2.4723425334815044e-07
-755.8498395083006 8.981855660572716 -0.006071376938963719 2.461224870983422e-07
-746.159456950496 8.981855622604881 -0.0060410474308093725 2.4502067489718705e-07
-736.4690743926913 8.981855571093835 -0.006011028448575439 2.439286836573504e-07
-726.7786918348866 8.981855502000595 -0.00619724558933132 1.702021236570355e-05
-717.0883092770819 8.981855410327386 -0.006166240994998691 1.6895432304075194e-05
-707.3979267192772 8.981855289954135 -0.006135555931064448 1.6772472628379977e-05
-697.7075441614725 8.98185513346074 -0.006105185322228636 1.6651293737895674e-05
-688.0171616037842 8.981854931936285 -0.006075124203599615 1.65318571731883e-05
-678.3267790459795 8.981854674776768 -0.006133516953823471 2.097724952774909e-05
-668.6363964881748 8.981854349473307 -0.00610341205686501 2.082762769979314e-05
-658.9460139303701 8.981853941393183 -0.006269054929202581 3.3662119183025486e-05
-649.2556313725654 8.981853433556376 -0.006238114878975519 3.3421064043860985e-05
-639.5652488147607 8.981852806410604 -0.006207491164498945 3.3183442423914884e-05
-629.874866256956 8.981852037608029 -0.006177178769297087 3.2949181396243945e-05
-620.1844836991513 8.981851101787006 -0.006147172786524946 3.271821008651507e-05
-610.4941011413466 8.98184997036232 -0.00611746841587512 3.2490459601241324e-05
-600.8037185835419 8.981848611327397 -0.006088060960592539 3.226586295900901e-05
-591.1133360257372 8.981846989071872 -0.006219354980972299 6.813095560622296e-05
-581.4229534679325 8.981845064217852 -0.006189341595975283 6.764564762696472e-05
-571.7325709101278 8.981842793477917 -0.006166662460641488 6.741441597184791e-05
-562.0421883523231 8.98184012953774 -0.006137194068879688 6.694089692995081e-05
-552.3518057945184 8.981837020965836 -0.006508945600592752 0.00010644780300674819
-542.6614232367137 8.981833412152612 -0.00647711001143988 0.00010569352986916386
-532.971040678909 8.981829243280536 -0.006490384980118546 0.00010665223625349804
-523.2806581211044 8.98182445032673 -0.006458868000912705 0.00010590650865255238
-513.5902755632997 8.98181896509898 -0.006427671835913455 0.00010517115870490213
-503.8998930056114 8.981812715305603 -0.006396791359270352 0.00010444597088763233
-494.2095104478067 8.981805624659218 -0.006366221559130448 0.00010373073561450574
-484.519127890002 8.981797613014066 -0.00633595753434602 0.00010302524903270849
-474.8287453321973 8.981788596536013 -0.006305994491296676 0.00010232931282779477
-465.1383627743926 8.981778487904089 -0.0062763277408263065 0.00010164273403660655
-455.4479802165879 8.981767196541993 -0.006246952695287846 0.00010096532486772599
-445.7575976587832 8.981754628877653 -0.006217864865691638 0.00010029690252911193
-436.0672151009785 8.981740688628724 -0.006189059858953057 9.963728906260184e-05
-426.3768325431738 8.981725277111552 -0.006160533375235266 9.898631118494036e-05
-416.6864499853691 8.981708293571042 -0.0061322812053831504 9.834380013507222e-05
-406.9960674275644 8.981689635528603 -0.006104299228444703 9.770959152736308e-05
-397.3056848697597 8.981669199145314 -0.0066096658317241755 0.00016749059967467912
-387.615302311955 8.981646879597319 -0.006578296449094736 0.00016635534276022664
-377.9249197541503 8.981622571460477 -0.006547242509467237 0.00016523546246576903
-368.2345371963456 8.981596169101232 -0.00651649898131523 0.0001641306467460291
-358.54415463854093 8.981567567070792 -0.006486060945769659 0.00016304059198682483
-348.85377208073623 8.98153666049968 -0.006455923593323512 0.00016196500272080549
-339.16338952293154 8.981503345489926 -0.006407253139348334 0.00016157675816543676
-329.47300696512684 8.981467519502202 -0.006485205032924966 0.00016248725636127434
-319.78262440743856 8.981429081735394 -0.006455289468178627 0.0001614340484540844
-310.09224184963387 8.981387933496304 -0.0064256659115422 0.00016039448199328503
-300.40185929182917 8.981343978557266 -0.00641579972328239 0.00016086609309712578
-290.7114767340245 8.981297123499738 -0.006474130697006208 0.00016378085132613544
-281.0210941762198 8.981247278042098 -0.006590887000197985 0.00016274077288168268
-271.3307116184151 8.981194355350056 -0.0065605296531028425 0.00016171389898340764
-261.6403290606104 8.981138272328364 -0.006530469835407517 0.00016069997833135672
-251.9499465028057 8.981078949892625 -0.006500702903652368 0.00015969876599676656
-242.259563945001 8.981016313220293 -0.006471224316379725 0.0001587100232203709
-232.5691813871963 8.980950291980086 -0.006442029631202663 0.00015773351721836803
-222.8787988293916 8.980880820539287 -0.006413114501978465 0.00015676902099569841
-213.1884162715869 8.980807838148532 -0.006384474676082426 0.0001558163131663207
-203.4980337137822 8.980731289103907 -0.006356105991777581 0.0001548751777801482
-193.8076511559775 8.980651122886314 -0.006328004375676461 0.0001539454041564227
-184.1172685981728 8.980567294278243 -0.006300165840290876 0.00015302678672318368
-174.42688604036812 8.980479763458188 -0.006272586481666196 0.00015211912486260066
-164.73650348256342 8.980388496073118 -0.006245262477096586 0.0001512222227619222
-155.04612092475872 8.98029346328952 -0.006218190082917835 0.00015033588926980106
-145.35573836695403 8.980194641823601 -0.006191365632374723 0.0001494599377577507
-135.66535580926575 8.980092013951392 -0.006164785533560135 0.00014859418598656582
-125.97497325146105 8.979985567499496 -0.008817760777600176 0.00014773845597740927
-116.28459069365636 8.979875295817397 -0.008771868648521582 0.00014689257388753973
-106.59420813585166 8.979761197732184 -0.0087265007351588 0.0001460563698902752
-96.90382557804696 8.979643277486684 -0.00868164738858356 0.00014522967805919102
-87.21344302024227 8.979521544661988 -0.008637299208558852 0.00014441233625630363
-77.52306046243757 8.97939601408541 -0.008593447035280016 0.00014360418602409302
-67.83267790463287 8.979266705724891 -0.008550081941450707 0.00014280507248121957
-58.14229534682818 8.979133644570922 -0.00850719522467764 0.00014201484422177277
-48.45191278902348 8.978996860507037 -0.008464778400169086 0.0001412333532179237
-38.761530231218785 8.9788563881699 -0.008422823193722853 0.00014046045472585497
-29.07114767341409 8.97871226680006 -0.008381321534990176 0.00013969600719480337
-19.380765115609393 8.978564540084353 -0.02233950650316395 0.00013893987217915803
-9.690382557804696 8.978413255990978 -0.022195978606088726 0.00013819191425341643
0.0 1.5023093762034199 0.005828292680299267 0.11243863923981177
9.690382557804696 1.9987614419233672 0.0057620775662617155 0.11160854487551253
19.380765115609393 2.343392894624425 0.005697027980666295 0.11079061844417025
29.07114767341409 2.6206499261743446 0.005633115779092705 0.10998459432916555
38.761530231218785 2.8570781445374935 0.005570313685224048 0.10919021458933763
48.45191278902348 3.0652182399806494 0.005508595258206243 0.10840722868371873
58.14229534671176 3.2521994448072222 0.005447934861455853 0.1076353932080401
67.83267790451646 3.4225453972794826 0.005388307632838225 0.10687447164237138
77.52306046232115 3.5793456524010328 0.00532968945615666 0.10612423410948331
87.21344302012585 3.7248251234088734 0.00527205693387298 0.10538445714322904
96.90382557793055 3.8606515291218724 0.005215387361008093 0.10465492346659327
106.59420813573524 3.9881147671847588 0.005159658700159973 0.10393542177889047
116.28459069353994 4.10823801498237 0.00510484955758457 0.10322574655168336
125.97497325134464 4.221849902771549 0.005050939160287475 0.10252569783300795
135.66535580914933 4.329633260007507 0.004997907334077352 0.10183508105951276
145.35573836695403 4.432159124478589 0.004945734482534575 0.10115370687614206
155.04612092475872 4.529911130305067 0.0048944015668509235 0.10048139096301165
164.73650348256342 4.6233034136004925 0.004843890086499145 0.09981795386914491
174.42688604036812 4.712694030392457 0.004794182060692834 0.0991632208527538
184.1172685981728 4.7983951933665985 0.004745260010599411 0.09851702172776636
193.8076511559775 4.880681206284011 0.004697106942270997 0.09787919071631752
203.4980337137822 4.959794701186244 0.0046497063302599825 0.09724956630693456
213.1884162715869 5.0359516037527765 0.004603042101887448 0.09662799111816243
222.8787988293916 5.1093451314147345 0.004557098622134513 0.09601431176738696
232.5691813871963 5.180149046018684 0.0045118606791283156 0.09540837874462633
242.25956394488458 5.248520324990913 0.004467313470196205 0.0948100462910798
251.94994650268927 5.314601373873893 0.0044234425884592185 0.09421917228218352
261.64032906049397 5.437347883021626 0.004380234009948764 0.0936356181150837
271.33071161829866 5.593664322086367 0.004337674081212696 0.09305924860019664
281.02109417610336 5.7377853967895724 0.004295749507397018 0.09248993185678486
290.71147673390806 5.871222807970156 0.004254447340779077 0.09192753921233726
300.40185929171275 5.995219367428546 0.004213754969733197 0.09137194510559865
310.09224184951745 6.110811410557961 0.004173660108109833 0.09082302699309548
319.78262440732215 6.218873614691777 0.004134150785010508 0.09028066525901166
329.47300696512684 6.320151961199011 0.004095215334941511 0.08974474312827481
339.16338952293154 6.415288483491333 0.0040568423883301855 0.08921514658272085
348.85377208073623 6.504840185681019 0.004019020862388398 0.08869176428021008
358.54415463854093 6.589293736133964 0.003981739952308699 0.08817448747657423
368.2345371963456 6.669077041087695 0.003944989122778981 0.0876632099502798
377.9249197541503 6.744568475908709 0.00390875809980264 0.08715782792969798
387.615302311955 6.816104331463032 0.0038730368628113777 0.08665824002287612
397.3056848697597 6.883984882084327 0.003837815637058619 0.08616434714971176
406.9960674275644 6.94847937608508 0.0038030848862821327 0.08567605247643297
416.6864499853691 7.009830174725243 0.0037688353056248847 0.08519326135229462
426.3768325430574 7.068256211381043 0.0037350578148037626 0.08471588124840912
436.0672151008621 7.123955902996653 0.003701743551514456 0.08424382169859441
445.7575976586668 7.177109616466151 0.0036688838650680428 0.08377699424224554
455.4479802164715 7.2278817705348875 0.003636470310243233 0.08331531236903919
465.1383627742762 7.276422637026642 0.003604494641350507 0.08285869146548529
474.82874533208087 7.322869892370976 0.0035729488064984403 0.08240704876322101
484.51912788988557 7.367349960458201 0.0035418249420539234 0.0819603032889874
494.20951044769026 7.409979180088364 0.0035111153672891665 0.08151837581622426
503.89989300549496 7.450864824171061 0.0034808125792081188 0.08108118881822343
513.5902755632997 7.490105992986951 0.003450909247545233 0.08064866642278133
523.2806581211044 7.527794399950156 0.003421398209930194 0.0802207343682958
532.971040678909 7.56401506519679 0.0033922724672121145 0.0797973199612536
542.6614232367137 7.598846929804086 0.0033635251789372184 0.07937835203505722
552.3518057945184 7.632363401391944 0.003335149658974121 0.07896376091014246
562.0421883523231 7.664632840177701 0.003307139371281319 0.07855347835533946
571.7325709101278 7.695718993170784 0.003279487925811366 0.0781474375504324
581.4229534679325 7.725681383048597 0.003252189074546819 0.07774557304987456
591.1133360257372 7.75457565730251 0.003225236707663004 0.07734782074761745
600.8037185835419 7.782453902447354 0.0031986248498128943 0.07695411784301437
610.4941011412302 7.809364927419909 0.003172347656530017 0.07656440280776469
620.1844836990349 7.835354519731965 0.0031463994107431836 0.0761786153538346
629.8748662568396 7.86046567746109 0.003120774519403593 0.07579669640238934
639.5652488146443 7.884738819769922 0.0030954675102141498 0.07541858805360917
649.255631372449 7.908211978289341 0.0030704730284618724 0.07504423355742766
658.9460139302537 7.930920971413773 0.0030457858339478887 0.07467357728513267
668.6363964880584 7.95289956330223 0.003021400798011947 0.07430656470180484
678.3267790458631 7.974179609162031 0.002997312900647822 0.0739431423395653
688.0171616036678 7.994791188204841 0.0029735172277068483 0.07358325777160438
697.7075441614725 8.014762725502502 0.0029500089681859295 0.07322685958696568
707.3979267192772 8.034121103829424 0.0029267834115977408 0.072873897366059
717.0883092770819 8.052891766455907 0.002903835945419559 0.07252432165687875
726.7786918348866 8.07109881174979 0.002881162052618671 0.07217808395190323
736.4690743926913 8.088765080350527 0.0028587573092511177 0.07183513666565287
746.159456950496 8.10591223559778 0.002823826131519205 0.07149543311288528
755.8498395083006 8.122560837824626 0.0027726004946771435 0.07115892748740617
765.5402220661053 8.138730413062124 0.0027512869276732103 0.07082557484147588
775.23060462391 8.154439516646033 0.0027302211898377654 0.07049533106579238
784.9209871817147 8.169705792166948 0.00270939938695666 0.07016815287003152
794.6113697395194 8.184546026161385 0.0026888177020963876 0.06984399776392691
804.3017522972077 8.198976198902152 0.002668472393753716 0.06952282403887573
813.9921348550124 8.213011531613013 0.002648359794055485 0.06920459075003071
823.6825174128171 8.226666530398177 0.0026284763070111477 0.06888925769891979
833.3728999706218 8.23995502715566 0.0026088184068112116 0.06857678541650108
843.0632825284265 8.25289021771291 0.0025893826361739506 0.0682671351466958
852.7536650862312 8.26548469740474 0.002570165604737299 0.06796026883036149
862.4440476440359 8.277750494292558 0.0025511639874948346 0.06765614908969604
872.1344302018406 8.289699100206425 0.0025323745232745374 0.06735473921305822
881.8248127596453 8.301341499775422 0.0025137940132587307 0.06705600314019249
891.51519531745 8.312688197597469 0.002495419319544311 0.06675990544784523
901.2055778752547 8.323749243686795 0.002477247363741671 0.06646641133576055
910.8959604330594 8.334534257325513 0.0024592751256114305 0.0661754866130438
920.5863429908641 8.345052449435174 0.0024414996417375695 0.06588709768488187
930.2767255486688 8.355312643574596 0.0024239180042359655 0.06560121153960904
939.9671081064735 8.365323295661554 0.0024065273594973203 0.06531779573610841
949.6574906642782 8.375092512508047 0.0023893249069633156 0.06503681839153846
959.3478732220829 8.384628069251656 0.002372307897935027 0.06475824816937496
969.0382557798875 8.393937425759 0.0023554736344127123 0.06448205426775921
978.7286383376922 8.403027742071352 0.0023388194679658733 0.06420820640814294
988.4190208953805 8.411905892956943 0.002322342798633063 0.06393667482422485
998.1094034531852 8.420578481630285 0.0023060410738493077 0.06366743025115038
