-1007.7997860111063 8.981855752170846 -0.00040708428881467193 1.5751748374877016e-07
-998.1094034533016 8.981855752170846 -0.00040488986403958507 1.5638735163214126e-07
-988.4190208954969 8.981855752170846 -0.0004027213356481409 1.5527332059081754e-07
-978.7286383376922 8.981855752170846 -0.0004154745445340184 1.541750489686541e-07
-969.0382557798875 8.981855752170846 -0.0004132469136394511 1.530922047082948e-07
-959.3478732220829 8.981855752170846 -0.0004110453618408465 1.5202446501575625e-07
-949.6574906642782 8.981855752170846 -0.0004088694067752392 1.5097151604014005e-07
-939.9671081064735 8.981855752170846 -0.00040671857829669035 1.4993305256590732e-07
-930.2767255486688 8.981855752170846 -0.0004045924180848242 1.4890877771785998e-07
-920.5863429908641 8.981855752170846 -0.00040249047926848403 1.4789840267824365e-07
-910.8959604330594 8.981855752170846 -0.00040041232606382346 1.4690164641510423e-07
-901.2055778752547 8.981855752170846 -0.0003983575334261888 1.4591823542204335e-07
-891.51519531745 8.981855752170846 -0.0003963256867151769 1.4494790346750742e-07
-881.8248127596453 8.981855752170846 -0.00039431638137228843 1.439903913547236e-07
-872.134430201957 8.981855752170846 -0.00039232922261064597 1.4304544669115506e-07
-862.4440476441523 8.981855752170846 -0.00041695172448840014 1.4211282366623947e-07
-852.7536650863476 8.981855752170846 -0.0004148124077523209 1.4119228283835782e-07
-843.0632825285429 8.981855752170846 -0.0004126969572704829 1.4028359093006474e-07
-833.3728999707382 8.981855752170846 -0.0004106049526027578 1.393865206307564e-07
-823.6825174129335 8.981855752170846 -0.00040853598347060673 1.3850085040731113e-07
-813.9921348551288 8.981855752170846 -0.000406489649445407 1.3762636432150243e-07
-804.3017522973241 8.981855752170846 -0.00040446555964834244 1.367628518546112e-07
-794.6113697395194 8.981855752170846 -0.000402463332461355 1.3591010773840594e-07
-784.9209871817147 8.981855752170846 -0.0004004825952486793 1.350679317924979e-07
-775.23060462391 8.981855752170846 -0.00039852298408850665 1.3423612876768107e-07
-765.5402220661053 8.981855752170846 -0.00039658414351434517 1.3341450819498243e-07
-755.8498395083006 8.981855752170846 -0.00039466572626566863 1.3260288424037873e-07
-746.159456950496 8.981855752170846 -0.0006041531602665209 1.318010755643201e-07
-736.4690743926913 8.981855752170846 -0.0006007160830439238 1.3100890518722396e-07
-726.7786918348866 8.981855752170846 -0.0005973212468866501 1.3022620035869122e-07
-717.0883092770819 8.981855752170846 -0.0005939678377925677 1.2945279243225936e-07
-707.3979267192772 8.981855752170846 -0.000590655063191936 1.2868851674418138e-07
-697.7075441614725 8.981855752170846 -0.0005873821512324603 1.27933212496433e-07
-688.0171616037842 8.981855752170846 -0.0006081043418036716 1.2718672264397033e-07
-678.3267790459795 8.981855752170846 -0.0006047327609248829 1.2644889378607099e-07
-668.6363964881748 8.981855752170846 -0.0006014014165223049 1.2571957606101468e-07
-658.9460139303701 8.981855752170846 -0.0005981095571081831 1.2499862304452252e-07
-649.2556313725654 8.981855752170846 -0.0005948564503528917 1.242858916522798e-07
-639.5652488147607 8.981855752170846 -0.0005916413824664878 1.2358124204447583e-07
-629.874866256956 8.981855752170846 -0.0006002229692795131 1.2288453753495482e-07
-620.1844836991513 8.981855752170846 -0.0005969953378822927 1.2219564450267286e-07
-610.4941011413466 8.981855752170846 -0.0005938049747362853 1.2151443230613268e-07
-600.8037185835419 8.981855752170846 -0.0005906512069516058 1.2084077320083955e-07
-591.1133360257372 8.981855752170846 -0.0006104111311115868 1.2017454225955478e-07
-581.4229534679325 8.981855752170846 -0.0006071598003399503 1.1951561729488362e-07
-571.7325709101278 8.981855752170846 -0.0006039456164097658 1.1886387878476892e-07
-562.0421883523231 8.981855752170846 -0.0006007679157921126 1.1821920980001575e-07
-552.3518057945184 8.981855752170846 -0.0005976260511409034 1.175814959345628e-07
-542.6614232367137 8.981855752170846 -0.0005945193907926764 1.1695062523745953e-07
-532.971040678909 8.981855752170846 -0.0005914473182850914 1.163264881478791e-07
-523.2806581211044 8.981855752170846 -0.0005884092318933117 1.1570897743109262e-07
-513.5902755632997 8.981855752170846 -0.000585404544183497 1.1509798811754415e-07
-503.8998930056114 8.981855752170846 -0.0005824326815826948 1.1449341744304622e-07
-494.2095104478067 8.981855752170846 -0.0005794930839642214 1.1389516479135316e-07
-484.519127890002 8.981855752170846 -0.0005765852042483947 1.1330313163812957e-07
-474.8287453321973 8.981855752170846 -0.0005737085080172659 1.1271722149713056e-07
-465.1383627743926 8.981855752170846 -0.0006741548936688007 1.1213733986752388e-07
-455.4479802165879 8.981855752170846 -0.0006705768228848055 1.1156339418323611e-07
-445.7575976587832 8.981855752170846 -0.0006670395705051339 1.1099529376359246e-07
-436.0672151009785 8.981855752170846 -0.0006635424055930785 1.104329497657565e-07
-426.3768325431738 8.981855752170846 -0.0006600846151770506 1.0987627513804436e-07
-416.6864499853691 8.981855752170846 -0.0006566655036878065 1.0932518457539298e-07
-406.9960674275644 8.981855752170846 -0.0006532843924171206 1.0877959447550047e-07
-397.3056848697597 8.981855752170846 -0.000649940618996942 1.0823942289682418e-07
-387.615302311955 8.981855752170846 -0.0006466335368981239 1.0770458951709904e-07
-377.9249197541503 8.981855752170846 -0.0006433625149478567 1.0717501559412568e-07
-368.2345371963456 8.981855752170846 -0.0006401269368649823 1.0665062392647163e-07
-358.54415463854093 8.981855752170846 -0.0006369262008124123 1.0613133881661572e-07
-348.85377208073623 8.981855752170846 -0.0006337597189659035 1.0561708603396957e-07
-339.16338952293154 8.981855752170846 -0.0006306269170984924 1.0510779277983611e-07
-329.47300696512684 8.981855752170846 -0.000627527234179911 1.0460338765283806e-07
-319.78262440732215 8.981855752170846 -0.000624460121990357 1.0410380061576298e-07
-310.09224184963387 8.981855752170846 -0.0006214250447480407 1.0360896296295052e-07
-300.40185929182917 8.981855752170846 -0.0006184214787497207 1.0311880728888662e-07
-290.7114767340245 8.981855752170846 -0.0006154489120242201 1.026332674577375e-07
-281.0210941762198 8.981855752170846 -0.0006125068439976797 1.0215227857311484e-07
-271.3307116184151 8.981855752170846 -0.0006095947851705902 1.0167577694989374e-07
-261.6403290606104 8.981855752170846 -0.0006067122568059177 1.0120370008540192e-07
-251.9499465028057 8.981855752170846 -0.0006038587906279034 1.0073598663251695e-07
-242.259563945001 8.981855752170846 -0.0006010339285311077 1.0027257637294437e-07
-232.5691813871963 8.981855752170846 -0.0005982372222992911 9.981341019144978e-08
-222.8787988293916 8.981855752170846 -0.0005954682333337357 9.935843005055353e-08
-213.1884162715869 8.981855752170846 -0.0005927265323906396 9.890757896619408e-08
-203.4980337137822 8.981855752170846 -0.0006360839014592858 9.846080098403446e-08
-193.8076511559775 8.981855752170846 -0.0006905949521714211 9.801804115617373e-08
-184.1172685981728 8.981855752170846 -0.0006871726753934088 9.757924551849426e-08
-174.42688604036812 8.981855752170846 -0.0006837871613153979 9.714436106905006e-08
-164.73650348256342 8.981855752170846 -0.00456698062622422 0.0013921908959186942
-155.04612092475872 8.981855752170846 -0.004535009481423448 0.0013819259108386603
-145.35573836695403 8.981855752170846 -0.004503492774310068 0.0013718111922773578
-135.66535580914933 8.981855752170846 -0.004472420775625753 0.0013618434646183134
-125.97497325146105 8.981855752170846 -0.004441784033583235 0.0013520195467643717
-116.28459069365636 8.981855752170846 -0.004787824241831342 0.0013838252591122835
-106.59420813585166 8.981855752170846 -0.004755263703172571 0.001373974678577948
-96.90382557804696 8.981855752170846 -0.006376869665944542 0.0016915971165928595
-87.21344302024227 8.981855752170846 -0.006333015016985983 0.001679610725296378
-77.52306046243757 8.981855752170846 -0.006289769045537335 0.0016677930745746335
-67.83267790463287 8.981855752170846 -0.006247119062171497 0.001656140624679635
-58.14229534682818 8.981855752170846 -0.006205052729423873 0.0016446499342227083
-48.45191278902348 8.981855752170846 -0.006163558049636981 0.0016333176567802637
-38.761530231218785 8.981855752170846 -0.006122623353306408 0.0016221405376392192
-29.07114767341409 8.981855752170846 -0.006274639488235635 0.0016111154106754086
-19.380765115609393 8.981855752170846 -0.006233368379884108 0.001600239195358681
-9.690382557804696 8.981855752170846 -0.006209241801996437 0.001590408566897439
0.0 8.981855752170846 -0.006168932565555661 0.0015798146132219232
9.690382557804696 6.11488479874727 -0.04747164796578718 0.04382317905455398
19.380765115609393 6.253307554820484 -0.04712846612942988 0.04350224536560688
29.07114767341409 6.3567551235974 -0.04690564089563512 0.043193038146378246
38.761530231218785 6.441459365200867 -0.046571391446206326 0.042881288061556964
48.45191278902348 6.514038087472174 -0.046241888058275275 0.04257400762310816
58.14229534671176 6.577964368408379 -0.04591703015155234 0.04227110135888257
67.83267790451646 6.6353282393246555 -0.04559671997191519 0.04197247649737282
77.52306046232115 6.687502410297608 -0.04528086249275136 0.04167804287288778
87.21344302012585 6.735445318128944 -0.044969365320371074 0.0413877128346606
96.90382557793055 6.779857168570751 -0.04466213860335123 0.04110140115975285
106.59420813573524 6.821267720913942 -0.044359094945598955 0.04081902496955077
116.28459069353994 6.860089096699094 -0.04406014932296169 0.04054050364968524
125.97497325134464 6.896649266277351 -0.04376521900321574 0.04026575877321273
135.66535580914933 6.931214206409853 -0.04347422346927467 0.03999471402690339
145.35573836695403 6.964003086264004 -0.043187084345467364 0.03972729514049067
155.04612092475872 6.9951989874791565 -0.04290372532674331 0.03946342981874422
164.73650348256342 7.024956664781526 -0.047778724079911385 0.0392030476762361
174.42688604036812 7.053408287714934 -0.04746484068300348 0.03894608017467576
184.1172685981728 7.080667770072485 -0.04715507243294602 0.038692460562697054
193.8076511559775 7.106834089397313 -0.04684933866078223 0.03844212381798592
203.4980337137822 7.131993870132194 -0.046547560798396385 0.03819500659164313
213.1884162715869 7.156223420542174 -0.04624966231038353 0.0379510471546821
222.8787988293916 7.179590358135723 -0.04594530163524782 0.03771045652843762
232.5691813871963 7.202154920736636 -0.045821865067949864 0.03748203099373866
242.25956394488458 7.223971034377394 -0.04553401283796405 0.03724711891942234
251.94994650268927 7.245087190904258 -0.04524976971456631 0.037015133954377936
261.64032906049397 7.271686117291536 -0.0449747952283407 0.03678653833620936
271.33071161829866 7.3241713568296 -0.04498287103051489 0.03658351312588985
281.02109417610336 7.372798308222516 -0.04477385580438561 0.036359813402799146
290.71147673390806 7.418094293025167 -0.04450078226710775 0.03613883367714822
300.40185929171275 7.460483715588823 -0.04423103374286857 0.03592052462461703
310.09224184951745 7.5003136073214 -0.043964549664942884 0.035704838106647714
319.78262440732215 7.537871588775311 -0.04370127093313146 0.035491727135015805
329.47300696512684 7.573398828702223 -0.04344113986951482 0.03528114583766436
339.16338952293154 7.6070996031069065 -0.04318410017580407 0.035073049425748924
348.85377208073623 7.639148483927272 -0.04293009689222133 0.034867394161843514
358.54415463854093 7.669695837804168 -0.04267907635784632 0.034664137329260276
368.2345371963456 7.698872096037022 -0.04243098617236799 0.03446323720243736
377.9249197541503 7.7267911151632465 -0.04218577515918349 0.03426465301835204
387.615302311955 7.753552853869815 -0.04194339332978915 0.03406834494891781
397.3056848697597 7.779245528567255 -0.04170379184941112 0.03387427407432618
406.9960674275644 7.803947366257515 -0.04146692300382509 0.03368240235729563
416.6864499853691 7.8277280426610245 -0.04123274016731757 0.03349269261819196
426.3768325430574 7.85064987170082 -0.04100119777174563 0.03330510851098796
436.0672151008621 7.87276879662062 -0.0410806213850103 0.03311961450001641
445.7575976586668 7.89413522140421 -0.040851949531484695 0.03293617583751871
455.4479802164715 7.914794712557583 -0.0406258208671065 0.03275475854191438
465.1383627742762 7.934788594835235 -0.040402193035643186 0.03257532937679664
474.82874533208087 7.95415445958663 -0.04018102461977522 0.03239785583061328
484.51912788988557 7.972926600632014 -0.039962275115121834 0.03222230609700891
494.20951044769026 7.991136389664274 -0.03974590490512798 0.032048649055803645
503.89989300549496 8.008812600900182 -0.0395318752367793 0.03187685425458425
513.5902755632997 8.025981692915831 -0.03932014819711291 0.03170689189088499
523.2806581211044 8.042668054182888 -0.03911068669049399 0.03153873279493605
532.971040678909 8.058894217689728 -0.03890345441662891 0.03137234841295868
542.6614232367137 8.074681049120947 -0.03927578814733212 0.031207710790987088
552.3518057945184 8.090047912331656 -0.03906866418870853 0.03104479255919739
562.0421883523231 8.105012815252966 -0.038980168935882124 0.030883566916725634
571.7325709101278 8.11959253887357 -0.03877652404423176 0.030724007616956813
581.4229534679325 8.133802751537623 -0.03857500999280672 0.030566088953268195
591.1133360257372 8.147658110464103 -0.03837559328401322 0.03040978574521046
600.8037185835419 8.161172352114281 -0.03817824112410263 0.03025507332511113
610.4941011413466 8.17435837280086 -0.037982921404615774 0.030101927525085302
620.1844836990349 8.187228300736857 -0.03778960268441954 0.029950324664441204
629.8748662568396 8.199793560558483 -0.037598254172300234 0.029800241537455592
639.5652488146443 8.212064931213638 -0.037408845710127085 0.02965165540153348
649.255631372449 8.224052597994591 -0.03722134775651935 0.02950454396570256
658.9460139302537 8.2357661993869 -0.03703573137103256 0.02935888537945786
668.6363964880584 8.247214869323695 -0.03685196819883146 0.02921465822193364
678.3267790458631 8.258407275359092 -0.0366700304558341 0.029071841491393323
688.0171616036678 8.269351653210979 -0.03648989091431012 0.028930414595026373
697.7075441614725 8.280055838068309 -0.03631152288891697 0.02879035733904201
707.3979267192772 8.290527293010506 -0.0361349002231585 0.02865164991904939
717.0883092770819 8.300773134845198 -0.035959997276250696 0.02851427291071483
726.7786918348866 8.310800157634587 -0.035786788910380424 0.028378207260687002
736.4690743926913 8.320614854149575 -0.035615250478343366 0.02824343427778061
746.159456950496 8.330223435463221 -0.03544535781154781 0.02810993562441063
755.8498395083006 8.339631848871473 -0.03527708720837161 0.027977693308268374
765.5402220661053 8.34884579430787 -0.03511041542286028 0.027846689674231755
775.23060462391 8.357870739400738 -0.034945319653754324 0.027716907396501882
784.9209871817147 8.366711933305092 -0.03478177753383464 0.027588329470958798
794.6113697395194 8.375374419427159 -0.034619767119575214 0.02746093920772917
804.3017522972077 8.383863047146878 -0.03445926688109455 0.027334720223960562
813.9921348550124 8.392182482633192 -0.034300255692384485 0.02720965643678691
823.6825174128171 8.400337218835029 -0.03414271282183548 0.027085732056501166
833.3728999706218 8.40833158472567 -0.03398661792301077 0.026962931579899044
843.0632825284265 8.416169753866933 -0.03383195102568932 0.02684123978381055
852.7536650862312 8.423855752354818 -0.03367869252715751 0.026720641718804585
862.4440476440359 8.431393466201435 -0.03352682318374345 0.02660112270306261
872.1344302018406 8.438786648202699 -0.03337632410258559 0.026482668316416165
881.8248127596453 8.446038924336381 -0.0332271767336285 0.026365264394543106
891.51519531745 8.453153799730748 -0.03307936286183812 0.02624889702331767
901.2055778752547 8.46013466424021 -0.03293286459962976 0.0261335525333096
910.8959604330594 8.466984797660789 -0.03278766437950165 0.02601921749442785
920.5863429908641 8.473707374615234 -0.03264374494686792 0.025905878710704343
930.2767255486688 8.480305469134699 -0.032501089353084454 0.02579352321521359
939.9671081064735 8.486782058961465 -0.03235968094866156 0.025682138265124037
949.6574906642782 8.493140029594855 -0.032219503376657646 0.0255717113368772
959.3478732220829 8.499382178100529 -0.03208054056624833 0.02546223012149075
969.0382557798875 8.505511216701478 -0.03194277672646536 0.025353682519981786
978.7286383376922 8.51152977616731 -0.03180619634010019 0.025246056638906788
988.4190208953805 8.517440409017 -0.03167078415776894 0.02513934078601612
998.1094034531852 8.52324559254934 -0.03153652519212365 0.02503352346601182
