-1007.7997860109899 9.977538083990334 -0.001207887331173303 4.3159766442120516e-07
-998.1094034531852 9.977538083990334 -0.0014781323277364884 4.27079332113918e-07
-988.4190208953805 9.977538083990334 -0.0014543439595544763 4.2265610764432644e-07
-978.7286383376922 9.977538083990334 -0.0014313951735153703 4.1832500053148685e-07
-969.0382557798875 9.977538083990334 -0.0014092386724731 4.1408314478053645e-07
-959.3478732220829 9.977538083990334 -0.0013939842964823387 4.099277924571624e-07
-949.6574906642782 9.977538083990334 -0.0013731265479125679 4.0585630765426075e-07
-939.9671081064735 9.977538083990334 -0.0013529480256662624 4.0186616082715603e-07
-930.2767255486688 9.977538083990334 -0.001333413654342269 3.9795492346884746e-07
-920.5863429908641 9.977538083990334 -0.0013144908798181267 3.941202631045862e-07
-910.8959604330594 9.977538083990334 -0.0012961494354362581 3.903599385797973e-07
-901.2055778752547 9.977538083990334 -0.0012783611347340531 3.8667179562449315e-07
-891.51519531745 9.977538083990334 -0.0012610996871687788 3.830537626741624e-07
-881.8248127596453 9.977538083990334 -0.0012443405338311553 3.7950384692917577e-07
-872.1344302018406 9.977538083990334 -0.0012280607005913827 3.760201306398015e-07
-862.4440476440359 9.977538083990334 -0.0012122386664958934 3.7260076759781507e-07
-852.7536650862312 9.977538083990334 -0.001196854245546141 3.6924397982419373e-07
-843.0632825284265 9.977538083990334 -0.001181888480253345 3.6594805444117986e-07
-833.3728999706218 9.977538083990334 -0.0011673235455843367 3.627113407113044e-07
-823.6825174128171 9.977538083990334 -0.0011531426621006378 3.59532247241453e-07
-813.9921348550124 9.977538083990334 -0.0011393300172515242 3.564092393329473e-07
-804.3017522972077 9.977538083990334 -0.001125870693916832 3.533408364752151e-07
-794.6113697395194 9.977538083990334 -0.001112750605410698 3.503256099698492e-07
-784.9209871817147 9.977538083990334 -0.0010999564362550707 3.473621806801902e-07
-775.23060462391 9.977538083990334 -0.0010874755881199443 3.4444921689544115e-07
-765.5402220661053 9.977538083990334 -0.0010752961303948424 3.4158543230671987e-07
-755.8498395083006 9.977538083990334 -0.001063406754924761 3.3876958408442275e-07
-746.159456950496 9.977538083990334 -0.001051796734495119 3.360004710530382e-07
-736.4690743926913 9.977538083990334 -0.0010404558846989298 3.3327693195846957e-07
-726.7786918348866 9.977538083990334 -0.0010286967103231908 3.4432559263669594e-07
-717.0883092770819 9.977538083990334 -0.0010178832937220875 3.4133247680976443e-07
-707.3979267192772 9.977538083990334 -0.0010073105186781672 3.3839981134557956e-07
-697.7075441614725 9.977538083990334 -0.00099697011414257 3.355252325554017e-07
-688.0171616036678 9.977538083990334 -0.0009868541952983369 3.327065392538434e-07
-678.3267790458631 9.977538083990334 -0.0009769552407582437 3.299416761390464e-07
-668.6363964880584 9.977538083990334 -0.0009672660713811067 3.272287193556824e-07
-658.9460139302537 9.977538083990334 -0.0009577798305742146 3.245658638981842e-07
-649.255631372449 9.977538083990334 -0.0009484899659614838 3.219514125783854e-07
-639.5652488146443 9.977538083990334 -0.000939390212307705 3.193837663283011e-07
-629.8748662568396 9.977538083990334 -0.0009304745755990686 3.168614156432925e-07
-620.1844836990349 9.977538083990334 -0.0009217373181890007 3.1438293300639397e-07
-610.4941011413466 9.977538083990334 -0.0009131729449264775 3.1194696615896843e-07
-600.8037185835419 9.977538083990334 -0.0009047761901905297 3.0955223210326e-07
-591.1133360257372 9.977538083990334 -0.0008965420057633821 3.071975117414886e-07
-581.4229534679325 9.977538083990334 -0.0008884655494770115 3.0488164506922255e-07
-571.7325709101278 9.977538083990334 -0.0008805421745769211 3.026035268536675e-07
-562.0421883523231 9.977538083990334 -0.0008727674197496363 3.0036210273608823e-07
-552.3518057945184 9.977538083990334 -0.0008651369997655805 2.9815636570935787e-07
-542.6614232367137 9.977538083990334 -0.0008576467966929083 2.95985352925389e-07
-532.971040678909 9.977538083990334 -0.0008983803914871789 2.938481427927788e-07
-523.2806581211044 9.977538083990334 -0.0008899067329912056 2.9174385233545505e-07
-513.5902755632997 9.977538083990334 -0.0008816254171539382 2.8967163477989984e-07
-503.89989300549496 9.977538083990334 -0.0008735281983508684 2.87630677349489e-07
-494.20951044769026 9.977538083990334 -0.000865607417482529 2.856201992400631e-07
-484.51912788988557 9.977538083990334 -0.0009149421963212725 2.8363944976250624e-07
-474.82874533208087 9.977538083990334 -0.0009058865712979529 2.8168770663034357e-07
-465.1383627742762 9.977538083990334 -0.0008970608537753615 2.797642743835349e-07
-455.4479802164715 9.977538083990334 -0.0008884538162015996 2.7786848292876584e-07
-445.7575976586668 9.977538083990334 -0.0008800550991543909 2.7599968619139843e-07
-436.0672151008621 9.977538083990334 -0.0008718551204078257 2.741572608627228e-07
-426.3768325431738 9.977538083990334 -0.0008638449957067078 2.7234060523893247e-07
-416.6864499853691 9.977538083990334 -0.0012669190315195765 2.705491381398362e-07
-406.9960674275644 9.977538083990334 -0.0012486560131978238 2.687822979016339e-07
-397.3056848697597 9.977538083990334 -0.0012310937077578497 2.6703954143744203e-07
-387.615302311955 9.977538083990334 -0.0012590078190495028 2.6532034335969976e-07
-377.9249197541503 9.977538083990334 -0.0012415596066080894 2.6362419515799123e-07
-368.2345371963456 9.977538083990334 -0.0012247439888399979 2.6195060443098323e-07
-358.54415463854093 9.977538083990334 -0.001202965698073084 4.353463034010606e-07
-348.85377208073623 9.977538083990334 -0.0011874427144912742 4.2926478503719736e-07
-339.16338952293154 9.977538083990334 -0.0011724378016835669 4.234252399874615e-07
-329.47300696512684 9.977538083990334 -0.0011579214153413697 4.178112030723253e-07
-319.78262440732215 9.977538083990334 -0.001143866363679486 4.124077371045934e-07
-310.09224184951745 9.977538083990334 -0.0011302475716293344 4.072012574944664e-07
-300.40185929171275 9.977538083990334 -0.001153593383380298 4.021793805545731e-07
-290.71147673390806 9.977538083990334 -0.0011398450620086545 3.973307918469677e-07
-281.02109417610336 9.977538083990334 -0.0011265150873671517 3.9264513154831977e-07
-271.33071161829866 9.977538083990334 -0.0011135816037949665 3.8811289431503454e-07
-261.64032906049397 9.977538083990334 -0.001101024368959818 3.837253415526557e-07
-251.94994650268927 9.977538083990334 -0.001088824602004964 3.7947442432819637e-07
-242.25956394488458 9.977538083990334 -0.0010769648489170488 3.753527154473261e-07
-232.5691813871963 9.977538083990334 -0.0010533027498222098 9.7568757791806e-07
-222.8787988293916 9.977538083990334 -0.0010423833849776518 9.564542423170689e-07
-213.1884162715869 9.977538083990334 -0.0010317432408722387 9.380914527853506e-07
-203.4980337137822 9.977538083990334 -0.0010213702026592743 9.205385883703522e-07
-193.8076511559775 9.977538083990334 -0.004138052792686709 9.03740616036443e-07
-184.1172685981728 9.977538083990332 -0.004047750883277261 8.876474570053205e-07
-174.42688604036812 9.977538083990332 -0.003961717911017013 8.722134377401935e-07
-164.73650348256342 9.977538083990332 -0.0038796483331349878 8.573968126387055e-07
-155.04612092475872 9.97753808399033 -0.0038012654269052766 8.431593477141062e-07
-145.35573836695403 9.977538083990328 -0.0037253085329255102 8.54036554174261e-07
-135.66535580914933 9.977538083990327 -0.0036535939226637827 8.402203721352998e-07
-125.97497325134464 9.977538083990323 -0.003584876254778641 8.269182477460983e-07
-116.28459069353994 9.977538083990318 -0.0035189650162362005 8.141004121410612e-07
-106.59420813573524 9.97753808399031 -0.0034556857158384285 8.017394006692061e-07
-96.90382557793055 9.9775380839903 -0.0033948782250460127 7.898098316397651e-07
-87.21344302012585 9.977538083990284 -0.0033363953214028954 7.78288210305358e-07
-77.52306046232115 9.977538083990265 -0.0032801014062268613 7.671527547471123e-07
-67.83267790451646 9.977538083990234 -0.013402658999852624 7.563832408441541e-07
-58.14229534671176 9.977538083990195 -0.013088729896400064 7.459608639193485e-07
-48.45191278902348 9.97753808399014 -0.012789758822372878 7.358681149792067e-07
-38.761530231218785 9.977538083990066 -0.01250468434582936 7.260886697802376e-07
-29.07114767341409 9.977538083989964 -0.012232544011445747 7.166072891865401e-07
-19.380765115609393 9.977538083989826 -0.0119724630024136 7.074097294867401e-07
-9.690382557804696 9.977538083989643 -0.011673283210936086 4.479171042089687e-06
0.0 9.977538083989396 -0.011436294402794128 4.373269672509401e-06
9.690382557804696 2.2861275592501977 -0.03525850438127673 0.1108700939909495
19.380765115609393 2.705565429703885 -0.03442526457770057 0.10803372858225635
29.07114767341409 3.018300490309744 -0.03363136149598786 0.1053388676120161
38.761530231218785 3.276017660461016 -0.03287404206625043 0.10277517944486082
48.45191278902348 3.4985361415145375 -0.03215080619650651 0.1003333143376873
58.14229534682818 3.6959906679189514 -0.03145937820758482 0.09800479050107387
67.83267790463287 3.8743985852366727 -0.030797682069493595 0.0957818956665332
77.52306046243757 4.0376829160458785 -0.03016381985987059 0.09365760175232428
87.21344302024227 4.188571965729509 -0.02955605296416789 0.09162549063839923
96.90382557804696 4.329055404949475 -0.028972785617576255 0.08967968939904761
106.59420813585166 4.460638071122077 -0.028412550454199777 0.08781481361653369
116.28459069365636 4.584491446922217 -0.027873995782646054 0.08602591762338431
125.97497325146105 4.70154915334465 -0.02735587435133833 0.08430845070503255
135.66535580914933 4.8125698589778025 -0.026857033403331808 0.082658218446169
145.35573836695403 4.9181802531385275 -0.026376405850629364 0.08107134852944183
155.04612092475872 5.018905306089728 -0.025913002423312466 0.07954426039972423
164.73650348256342 5.115190135193623 -0.02546590466965573 0.0780736382933074
174.42688604036812 5.207416161267969 -0.025034258701272898 0.07665640720471975
184.1172685981728 5.295913279870122 -0.02461726959208908 0.07528971142444073
193.8076511559775 5.3809691880638635 -0.024214196352539206 0.07397089533229384
203.4980337137822 5.462836640193109 -0.023824347411030726 0.07269748617469744
213.1884162715869 5.54173916909174 -0.02344707654375478 0.0714671785907528
222.8787988293916 5.617875652192763 -0.02308177920164149 0.07027782068344046
232.5691813871963 5.691423995780088 -0.022727889189846452 0.06912740145887387
242.259563945001 5.762544137318942 -0.022384875660806162 0.06801403947937334
251.9499465028057 5.831380514301424 -0.02205224038675598 0.0669359725956806
261.6403290606104 5.898064111276523 -0.02172951528178898 0.06589154864044648
271.3307116184151 5.962714170095757 -0.02141626014714835 0.06487921697961081
281.0210941762198 6.025439628844873 -0.02111206061657563 0.06389752083080844
290.7114767340245 6.086340340389006 -0.020816526281253325 0.06294509026876947
300.40185929182917 6.145508110522559 -0.020529288976242902 0.06202063584708684
310.09224184963387 6.203027587403703 -0.02025000121237868 0.06112294277390047
319.78262440732215 6.258977027574117 -0.019978334739380377 0.06025086558618748
329.47300696512684 6.313428958928839 -0.01971397922749921 0.05940332327349983
339.16338952293154 6.3664507571282885 -0.019456641056461686 0.058579294807658173
348.85377208073623 6.418105148929449 -0.019206042201575024 0.05777781503932263
358.54415463854093 6.468450653479535 -0.01896191920804103 0.056997970926925066
368.2345371963456 6.51754197070426 -0.018724022245398795 0.05623889806692076
377.9249197541503 6.565430324369814 -0.01849211423487233 0.055499777497648436
387.615302311955 6.6121637661457555 -0.018265970043132813 0.054779832751953354
397.3056848697597 6.6577874459763215 -0.01804537573663869 0.05407832713627461
406.9960674275644 6.702343853233307 -0.01783012789129673 0.05339456121615199
416.6864499853691 6.7458730324371174 -0.017620032952703337 0.05272787049011116
426.3768325431738 6.788412776764932 -0.017414906642684882 0.05207762323566516
436.0672151009785 6.829998802093332 -0.017214573408265783 0.051443218512755254
445.7575976587832 6.870664903929198 -0.017018865909559467 0.050824084311367326
455.4479802165879 6.9104430992527535 -0.016827624543404814 0.05021967583132191
465.1383627743926 6.978714772993197 -0.0166406969998644 0.04962947388336405
474.8287453321973 7.051657572501251 -0.016457937848964092 0.049052983401690335
484.519127890002 7.121677822179133 -0.016279208155290156 0.048489732058955654
494.2095104478067 7.188952442975356 -0.01610437511827279 0.04793926897561628
503.89989300549496 7.253643058745544 -0.015933311736178533 0.04740116351620338
513.5902755632997 7.315897771694086 -0.01576589649199268 0.04687500416573414
523.2806581211044 7.375852678206939 -0.015602013059571412 0.04636039748019641
532.971040678909 7.433633170471795 -0.015441550028512937 0.045856967105351816
542.6614232367137 7.489355060121464 -0.015284400646396003 0.04536435285881254
552.3518057945184 7.5431255530815315 -0.015130462577106683 0.044882209870647324
562.0421883523231 7.595044099275428 -0.014979637674093445 0.04441020777821474
571.7325709101278 7.64520313649375 -0.014831831767483487 0.04394802997127258
581.4229534679325 7.693688744286659 -0.014686954464079846 0.04349537288373907
591.1133360257372 7.740581220984028 -0.014544918959337322 0.043051945328776355
600.8037185835419 7.785955594733437 -0.014405641860486854 0.04261746787413588
610.4941011413466 7.829882077654009 -0.014269043020043264 0.04219167225494987
620.1844836991513 7.872426470745398 -0.01413504537899077 0.04177430082137583
629.874866256956 7.91365052599714 -0.014003574818995005 0.041365106018704356
639.5652488147607 7.953612271160791 -0.01387456002304007 0.04096384989772584
649.2556313725654 7.9923663018344975 -0.01374793234393444 0.04057030365332122
658.9460139303701 8.029964044833909 -0.013623625680171354 0.04018424718939663
668.6363964881748 8.066453996259247 -0.01350157635866726 0.03980546870842393
678.3267790459795 8.101881937195213 -0.013381723023937078 0.03943376432397846
688.0171616037842 8.136291129581883 -0.013264006533296985 0.039068937694784894
697.7075441614725 8.16972249445752 -0.013148369857716443 0.03871079967889525
707.3979267192772 8.202214774490923 -0.013034757987958596 0.03835916800669343
717.0883092770819 8.233804682469003 -0.012923117845702183 0.0380138669716033
726.7786918348866 8.26452703721099 -0.012813398199312613 0.03767472713731095
736.4690743926913 8.29441488818785 -0.012705549583999668 0.03734158506054135
746.159456950496 8.323499629980406 -0.012599524226089566 0.037014283028410096
755.8498395083006 8.351811107573816 -0.012495275971166975 0.03669266880946816
765.5402220661053 8.379377713371834 -0.012392760215857782 0.0363765954176136
775.23060462391 8.406226476714226 -0.012291933843038914 0.036065920888101406
784.9209871817147 8.432383146593997 -0.012192755160275565 0.035760508064933874
794.6113697395194 8.457872268195173 -0.012095183841299657 0.03546022439896306
804.3017522973241 8.482717253805387 -0.011999180870355269 0.03516494175608044
813.9921348551288 8.506940448599412 -0.011904708489248277 0.034874536234911005
823.6825174129335 8.5305631917384 -0.011811730146947946 0.0345888879934666
833.3728999707382 8.553605873184424 -0.011720210451597792 0.034307881084249196
843.0632825285429 8.576087986590078 -0.01163011512480229 0.0340314032973273
852.7536650863476 8.598028178587413 -0.011541410958064213 0.0337593460109393
862.4440476441523 8.619444294769217 -0.011454065771255365 0.033491604049205995
872.134430201957 8.640353422627713 -0.011368048373010593 0.03322807554656064
881.8248127596453 8.660771931690645 -0.011283328522942863 0.03296866181853256
891.51519531745 8.680715511074297 -0.011199876895576298 0.03271326723852135
901.2055778752547 8.700199204647982 -0.011117665045921266 0.03246179912028495
910.8959604330594 8.71923744399539 -0.0110366653765856 0.0322141676057761
920.5863429908641 8.737844079333604 -0.010956851106356665 0.03197028555808874
930.2767255486688 8.756032408541504 -0.010878196240172328 0.03173006845922767
939.9671081064735 8.773815204434579 -0.010800675540410608 0.03149343431245266
949.6574906642782 8.791204740411851 -0.010724264499430782 0.03126030354895997
959.3478732220829 8.808212814590116 -0.010648939313302694 0.031030598938678263
969.0382557798875 8.824850772531121 -0.010574676856664607 0.03080424550496854
978.7286383376922 8.84112952865887 -0.01050145465865337 0.030581170443030565
988.4190208954969 8.857059586456248 -0.01042925087985383 0.030361303041829078
998.1094034533016 8.872651057523278 -0.010358044290217418 0.03014457460936374
