-1007.7997860109899 8.754807590079384 -0.0306244709248723 0.018298672284056326
-998.1094034531852 8.753776106224556 -0.030484210827206676 0.01821411587816594
-988.4190208953805 8.752838722905175 -0.030345231613361306 0.01813033738801148
-978.7286383375758 8.75199239297494 -0.030207515788441643 0.018047326126767467
-969.0382557797711 8.75123408865831 -0.030071046175280697 0.01796507160248161
-959.3478732219664 8.750560808661502 -0.029935805907244793 0.01788356351365282
-949.6574906641617 8.74996958448726 -0.029801778421234014 0.01780279174492896
-939.967108106357 8.749457486012387 -0.02966894745087178 0.017722746362920875
-930.2767255486688 8.749021626383977 -0.02953729701987878 0.017643417612129637
-920.5863429908641 8.74865916628727 -0.029406811435616333 0.01756479591097815
-910.8959604330594 8.748367317635125 -0.02927747528281726 0.017486871847957816
-901.2055778752547 8.748143346726 -0.029149273417467196 0.01740963617786786
-891.51519531745 8.747984576914657 -0.029022190960855225 0.01733307981815876
-881.8248127596453 8.747888390836911 -0.02889621329377917 0.01725719384537068
-872.1344302018406 8.747852232227073 -0.028771326050902355 0.017181969491665196
-862.4440476440359 8.747873607364248 -0.028647515115257313 0.017107398141447284
-852.7536650862312 8.747950086181067 -0.028524766612892005 0.01703347132807495
-843.0632825284265 8.74807930306623 -0.028403066907654068 0.016960180730653918
-833.3728999706218 8.748258957389925 -0.0282824025961092 0.016887518170914575
-823.6825174128171 8.748486813779127 -0.02816276050258945 0.016815475610169047
-813.9921348550124 8.748760702167793 -0.02804412767436767 0.01674404514634572
-804.3017522972077 8.749078517645108 -0.02792649137695437 0.01667321901109918
-794.611369739403 8.749438220123153 -0.02780983908951335 0.01660298956699308
-784.9209871815983 8.749837833843758 -0.027694158500392495 0.016533349304754058
-775.2306046237936 8.750275446742727 -0.027579437502766726 0.016464290840594382
-765.5402220659889 8.750749209688175 -0.027465664190389295 0.016395806913601516
-755.8498395081842 8.7512573356084 -0.02735282685344885 0.016327890383192562
-746.159456950496 8.751798098523391 -0.02724091397453007 0.016260534226632508
-736.4690743926913 8.752369832492999 -0.027129914224667193 0.016193731536609704
-726.7786918348866 8.752970930493525 -0.02701981645950764 0.016127475518878803
-717.0883092770819 8.753599843233697 -0.02691060971555597 0.016061759489953503
-707.3979267192772 8.75425507791987 -0.026802283206515884 0.01599657687485927
-697.7075441614725 8.754935196979474 -0.026694826319719457 0.01593192120493995
-688.0171616036678 8.755638816750924 -0.02658822861264257 0.01586778611571731
-678.3267790458631 8.756364606147471 -0.02648247980950389 0.01580416534480208
-668.6363964880584 8.757111285301706 -0.026377569797945484 0.015741052729855078
-658.9460139302537 8.757877624196842 -0.02627348862579233 0.01567844220659698
-649.255631372449 8.75866244129029 -0.0261702264978888 0.015616327806865456
-639.5652488146443 8.75946460213448 -0.026067773773009995 0.015554703656718296
-629.8748662568396 8.760283017999347 -0.025966120960845718 0.01549356397458125
-620.1844836990349 8.761116644500513 -0.025865258719055245 0.015432903069439476
-610.4941011412302 8.76196448023665 -0.025765177850390873 0.01537271533907123
-600.8037185834255 8.762825565439204 -0.025665869299888434 0.015312995268322799
-591.1133360256208 8.763698980637255 -0.025567324152122897 0.015253737427423444
-581.4229534678161 8.764583845339937 -0.025469533628527337 0.015194936470339393
-571.7325709100114 8.765479316738576 -0.025372489084773613 0.015136587133165708
-562.0421883523231 8.76638458843037 -0.025276182008214142 0.01507868423255581
-552.3518057945184 8.767298889165273 -0.025180604015376376 0.015021222664183433
-542.6614232367137 8.768221481617278 -0.025085746849525616 0.014964197401246522
-532.971040678909 8.769151661181454 -0.024991602378271752 0.014907603492998248
-523.2806581211044 8.770088754797516 -0.024898162591235482 0.014851436063314606
-513.5902755632997 8.77103211980077 -0.024805419597766082 0.014795690309293643
-503.89989300549496 8.77198114280099 -0.02471336562471007 0.014740361499886128
-494.20951044769026 8.772935238589735 -0.024621993014229817 0.014685444974556788
-484.51912788988557 8.77389384907636 -0.02453129422167053 0.014630936141975418
-474.82874533208087 8.77485644225299 -0.02444126181347453 0.01457683047873704
-465.1383627742762 8.7758225111885 -0.02482800840688598 0.014523123528110287
-455.4479802164715 8.776791573051497 -0.02473576993578808 0.014469810898813497
-445.7575976586668 8.777763168162265 -0.024644227771487417 0.014416888263817523
-436.0672151008621 8.778736859073412 -0.024553373778551275 0.01436435135917482
-426.3768325430574 8.77971222967907 -0.024463199955439805 0.014312195982874027
-416.6864499852527 8.78068888435229 -0.02437369843151127 0.014260417993719412
-406.996067427448 8.781666447110293 -0.024284861464116774 0.014209013310234537
-397.3056848696433 8.78264456080718 -0.02419668143578072 0.014157977909589604
-387.6153023118386 8.78362288635366 -0.024109150851464024 0.014107307826551802
-377.9249197541503 8.784601101963297 -0.024022262335907613 0.014056999152458702
-368.2345371963456 8.785578902424835 -0.023936008631047362 0.014007048034210634
-358.54415463854093 8.786555998399924 -0.023850382593512975 0.013957450673290328
-348.85377208073623 8.787532115745874 -0.0237653771921873 0.01390820332479748
-339.16338952293154 8.788506994862747 -0.02368098550583924 0.013859302296506563
-329.47300696512684 8.789480390064218 -0.023597200720821387 0.013810743947943899
-319.78262440732215 8.790452068971652 -0.02351401612883122 0.01376252468948409
-310.09224184951745 8.791421811930743 -0.02343142512473332 0.01371464098146525
-300.40185929171275 8.79238941145015 -0.023349421204440945 0.013667089333322736
-290.71147673390806 8.793354671661497 -0.023267997962854323 0.013619866302740747
-281.02109417610336 8.794317407800117 -0.023187149091854084 0.013572968494821525
-271.33071161829866 8.795277445705974 -0.023106868378347925 0.013526392561271649
-261.64032906049397 8.79623462134411 -0.023027149702368403 0.013480135199605002
-251.94994650268927 8.79718878034405 -0.022947987035220562 0.01343419315236205
-242.25956394488458 8.798139777557534 -0.022869374437677326 0.013388563206345096
-232.56918138707988 8.79908747663406 -0.022791306058221356 0.013343242191868948
-222.87879882927518 8.800031749613565 -0.022713776131331735 0.013298226982026875
-213.1884162714705 8.800972476535751 -0.022636778975814016 0.013253514491971291
-203.4980337136658 8.801909545065467 -0.02256030899317225 0.013209101678208972
-193.8076511559775 8.802842850133578 -0.02248436066602257 0.013164985537910885
-184.1172685981728 8.803772293592878 -0.022408928556541596 0.01312116310823316
-174.42688604036812 8.804697783888331 -0.02233400730496197 0.013077631465656877
-164.73650348256342 8.805619235741359 -0.022259591628095796 0.013034387725335682
-155.04612092475872 8.806536569847506 -0.022185676317898355 0.012991429040458925
-145.35573836695403 8.807449712587056 -0.02211225624006556 0.012948752601626859
-135.66535580914933 8.808358595748134 -0.02209509197643359 0.012908507421226076
-125.97497325134464 8.809263156261787 -0.022022235056046415 0.01286637128792861
-116.28459069353994 8.810163335948642 -0.021949864442772308 0.012824509424274235
-106.59420813573524 8.81105908127667 -0.02187797515172748 0.012782919159399771
-96.90382557793055 8.81195034312964 -0.021806562269063582 0.012741597857054985
-87.21344302012585 8.812837076585863 -0.021735620950615094 0.012700542915042044
-77.52306046232115 8.81371924070681 -0.028706260811236534 0.012659751764665947
-67.83267790451646 8.814596798335211 -0.028584352172549413 0.012619221870195608
-58.14229534671176 8.815469715902305 -0.02846366037015948 0.012578950728335316
-48.451912788907066 8.816337963243798 -0.02834416427834139 0.0125389358677065
-38.76153023110237 8.817201513424267 -0.028225843312070998 0.012499174848339348
-29.071147673297673 8.818060342569595 -0.02810867740877475 0.012459665261174233
-19.380765115492977 8.818914429707169 -0.027992647010835814 0.012420404727572616
-9.690382557688281 8.819763756613472 -0.02787773304881995 0.012381390898837271
0.0 8.820608307668794 -0.02850766269460171 0.012505659912851245
9.690382557804696 0.9947279303574668 -0.07340366056579177 0.04747030965405408
19.380765115609393 1.4748441467745783 -0.07295477949428666 0.04717280536686978
29.07114767341409 1.82282105371742 -0.0725118773748239 0.04687933218926489
38.761530231218785 2.1070303040296405 -0.0720748298355384 0.04658980524605013
48.45191278902348 2.3513975298195176 -0.0721818522899782 0.04637545229723601
58.14229534682818 2.567704358823412 -0.0717521780629396 0.046093046000560245
67.83267790463287 2.7628045097727147 -0.07132806414132492 0.0458143531702873
77.52306046243757 2.9411116354862825 -0.07105950065111526 0.04553929791016313
87.21344302024227 3.105671500078275 -0.07064507039920734 0.04526780641881324
96.90382557804696 3.258694286271009 -0.07023588858470241 0.04499980691732935
106.59420813585166 3.401846414002109 -0.06983185141068828 0.044735229579850766
116.28459069365636 3.536422776628923 -0.06943285786111648 0.04447400646699639
125.97497325146105 3.6634543949110894 -0.06903880960731955 0.04421607146201184
135.66535580926575 3.783778865165681 -0.06864961091829261 0.04396136020950295
145.35573836707044 3.898088228313026 -0.0682651685745632 0.04370981005663395
155.04612092487514 4.006962535886594 -0.06788539178548261 0.04346135999667543
164.73650348267984 4.110894023477218 -0.06751019210978046 0.04321595061479295
174.42688604048453 4.210304924106231 -0.06713948337923376 0.04297352403597295
184.1172685981728 4.305560859446763 -0.06677318162531173 0.04273402387499117
193.8076511559775 4.396981084550261 -0.06643443401035824 0.042498531983350914
203.4980337137822 4.484846447792815 -0.06607653212169963 0.042264712872466415
213.1884162715869 4.569405661634084 -0.06572280029890028 0.042033659612571043
222.8787988293916 4.650880304232873 -0.06537316263941885 0.041805321312235806
232.5691813871963 4.729468853634888 -0.06502754511526866 0.0415796483472298
242.259563945001 4.805349974809585 -0.06468587551484051 0.041356592320930544
251.9499465028057 4.89250319711576 -0.0643480833868904 0.04113610602621625
261.6403290606104 5.093519036507749 -0.06401409998659933 0.04091814340877528
271.3307116184151 5.276973448726183 -0.06368385822361532 0.04070265953177216
281.0210941762198 5.445301824244006 -0.06335729261199317 0.04048961054181101
290.7114767340245 5.600455184393656 -0.06303433922195165 0.04027895363614186
300.40185929182917 5.74402570268985 -0.06271493563337091 0.040070647031056617
310.09224184963387 5.87733286004258 -0.06244054118188964 0.039866159399400664
319.78262440743856 6.001484446078279 -0.06212774963280946 0.03966242084035113
329.47300696524326 6.117420903401229 -0.061818333723220285 0.039460913208682585
339.16338952304795 6.225948300240724 -0.06151223654127903 0.03926159849935226
348.85377208085265 6.327763332920941 -0.061209402478778464 0.03906443958461373
358.54415463865735 6.423472612559886 -0.06090977719356846 0.03886940018857404
368.2345371963456 6.513607769192842 -0.061076136397747526 0.038676444862638173
377.9249197541503 6.598637440043079 -0.0607793671569205 0.03848553896179127
387.615302311955 6.678976899269355 -0.060485700594001685 0.03829664862171892
397.3056848697597 6.754995876748011 -0.06019508600029818 0.03810974073668668
406.9960674275644 6.827024968239668 -0.05990747379486557 0.03792478293818281
416.6864499853691 6.895360937034264 -0.05962281549288308 0.03774174357428002
426.3768325431738 6.960271133906678 -0.05967184621238947 0.03756059168969071
436.0672151009785 7.021997208959832 -0.0593905193016431 0.03738129700648837
445.7575976587832 7.080758249679895 -0.05911204270949657 0.03720382990546924
455.4479802165879 7.13675345023165 -0.05883637126540055 0.0370281614081296
465.1383627743926 7.190164394900633 -0.0596309807128053 0.036854263159234894
474.8287453321973 7.2411570217055115 -0.05935291135642946 0.036682107409958226
484.519127890002 7.289883319189945 -0.059077632765389056 0.03651166700156643
494.2095104478067 7.336482799278298 -0.05880510099813666 0.03634291534963315
503.8998930056114 7.38108378113457 -0.05853527305997801 0.03617582642875906
513.5902755634161 7.423804514679184 -0.05826810687716012 0.03601037475778018
523.2806581212208 7.464754167409243 -0.05800356127182023 0.03584653538544628
532.9710406790255 7.504033694147697 -0.057741595937761646 0.03568428387655196
542.6614232368302 7.541736606098558 -0.05748217141702424 0.03552359629850365
552.3518057945184 7.577949652944229 -0.05722524907722228 0.035364449208308536
562.0421883523231 7.612753429564445 -0.05697079108960147 0.03520681963995873
571.7325709101278 7.646222917171628 -0.05671876040783338 0.03505068509222455
581.4229534679325 7.67842796720479 -0.05646912074745914 0.034896023516804785
591.1133360257372 7.709433735089589 -0.05636225709004319 0.034750476723610944
600.8037185835419 7.739301069963796 -0.05611625741517059 0.03459864015480869
610.4941011413466 7.768086865611365 -0.055872559463154954 0.03444821384635047
620.1844836991513 7.795844377130582 -0.0556311294731741 0.034299177432223965
629.874866256956 7.822623507254955 -0.055391934362458525 0.03415151094584594
639.5652488147607 7.848471065730525 -0.05515494170898256 0.034005194810192894
649.2556313725654 7.873431004714832 -0.054920119734692074 0.03386020982822507
658.9460139303701 7.897544632788197 -0.054687437289249345 0.03371653717359342
668.6363964881748 7.920850809846721 -0.05445686383427607 0.03357415838161985
678.3267790459795 7.943386124870292 -0.05422836942807661 0.033433055340541515
688.0171616037842 7.965185058320604 -0.05400192471082416 0.03329321028300985
697.7075441615889 7.986280130718098 -0.053777500890193466 0.03315460577783613
707.3979267193936 8.006702038767974 -0.053555069727423986 0.03301722472197474
717.0883092771983 8.026479780249897 -0.0533346035237987 0.03288105033273666
726.778691835003 8.045640768750442 -0.053116075107523426 0.032746066140225
736.4690743928077 8.064210939198771 -0.05289945782099314 0.03261225597998555
746.159456950496 8.08221484506204 -0.05268472550843436 0.03247960398586663
755.8498395083006 8.099675747967199 -0.052471852503894814 0.03234809458307198
765.5402220661053 8.11661570043126 -0.052260813619607355 0.032217712481423744
775.23060462391 8.133055622318697 -0.05205158413466418 0.03208844266879764
784.9209871817147 8.149015371574663 -0.05184413978402874 0.031960270404747915
794.6113697395194 8.164513809731753 -0.05163845674785892 0.03183318121430669
804.3017522973241 8.179568862637526 -0.05143451164113362 0.03170716088195366
813.9921348551288 8.194197576806467 -0.05123228150357236 0.03158219544575063
823.6825174129335 8.208416171761213 -0.05103174378983846 0.031458271191635696
833.3728999707382 8.22224008869326 -0.05083287636001605 0.03133537464787193
843.0632825285429 8.235684035742361 -0.050635657470352285 0.0312134925796458
852.7536650863476 8.248762030166144 -0.05061232711169911 0.03110536765017261
862.4440476441523 8.261487437646693 -0.05054679219150848 0.03099356599378538
872.134430201957 8.273873008958516 -0.05035218088104407 0.030874496967066987
881.8248127597617 8.285930914202375 -0.05015916720872794 0.03075639398014439
891.5151953175664 8.297672774791408 -0.04998751126506156 0.03063970879608621
901.2055778753711 8.309109693359762 -0.049797485597391125 0.030523498151915032
910.8959604331758 8.320252281749323 -0.049608999007036844 0.03040821769468872
920.5863429909805 8.331110687216906 -0.049422031925281294 0.030293855861327816
930.2767255486688 8.341694616992157 -0.04923656512632137 0.030180401284361242
939.9671081064735 8.352013361306506 -0.04906629981887099 0.030068121858266093
949.6574906642782 8.362075815000994 -0.04888367633607631 0.029956446400853595
959.3478732220829 8.371890497816349 -0.04872462802148719 0.02984613903153507
969.0382557798875 8.381465573456103 -0.048544715677918224 0.029736197942746134
978.7286383376922 8.390808867508865 -0.04836621616356378 0.029627110146281763
988.4190208954969 8.399927884308257 -0.04818911207311977 0.029518865362360893
998.1094034533016 8.408829822802996 -0.04801338629678168 0.029411453479736307
