-1007.7997860111063 8.521321245482115 -0.025115237518093744 0.028343171764389514
-998.1094034533016 8.526512033487126 -0.024997731010513106 0.02821477769146279
-988.4190208954969 8.531600174949473 -0.024881320553667274 0.02808754178708766
-978.7286383376922 8.536589113460613 -0.024765990860188276 0.027961448448482803
-969.0382557798875 8.541482126136401 -0.024651726926140715 0.02783648235192532
-959.3478732220829 8.546282333120585 -0.024538514024472498 0.027712628446538774
-949.6574906642782 8.550992706508326 -0.024426337698646588 0.027589871948246344
-939.9671081064735 8.555616078726905 -0.024315183756448106 0.027468198333884124
-930.2767255486688 8.560155150408084 -0.02420503826396102 0.02734759333546971
-920.5863429909805 8.564612497784257 -0.024095887539710373 0.027228042934622505
-910.8959604331758 8.568990579638571 -0.02398771814895706 0.02710953335712291
-901.2055778753711 8.573291743836206 -0.02388051689815966 0.02699205106762715
-891.5151953175664 8.577518233463936 -0.023774270829572345 0.02687558276450496
-881.8248127597617 8.58167219260148 -0.023668967215993864 0.026760115374817494
-872.134430201957 8.58575567174784 -0.023564593555655138 0.026645636049422737
-862.4440476441523 8.58977063292381 -0.023461137567242614 0.026532132158206306
-852.7536650863476 8.593718954470637 -0.02335858718505305 0.026419591285433468
-843.0632825285429 8.597602435563537 -0.02325693055427568 0.02630800122521925
-833.3728999707382 8.601422800457563 -0.023156156026397968 0.02619734997711282
-823.6825174129335 8.605181702482247 -0.02305625215473107 0.026087625741792946
-813.9921348551288 8.608880727800374 -0.022957207690051516 0.0259788169168713
-804.3017522973241 8.612521398945368 -0.022859011576355396 0.0258709120928003
-794.6113697395194 8.61610517815078 -0.02276165294672189 0.025763900048882758
-784.9209871817147 8.619633470484588 -0.022665121119282743 0.02565776974938006
-775.23060462391 8.62310762680021 -0.02256940559329447 0.025552510339716318
-765.5402220661053 8.626528946515391 -0.02247449604531045 0.0254481111427755
-755.8498395083006 8.629898680229523 -0.022380382325449748 0.02534456165528926
-746.159456950496 8.63321803218909 -0.022287054453759884 0.025241851544312358
-736.4690743928077 8.63648816261057 -0.02219450261667199 0.025139970643784995
-726.778691835003 8.639710189869637 -0.022102717163538916 0.025038908951171793
-717.0883092771983 8.642885192564163 -0.022011688603270425 0.02493865662419386
-707.3979267193936 8.646014211459528 -0.021921407601040787 0.02483920397762698
-697.7075441615889 8.649098251322702 -0.021831864975082948 0.024740541480182107
-688.0171616037842 8.65213828265217 -0.02174305169356046 0.024642659751458795
-678.3267790459795 8.65513524330983 -0.021654958871515764 0.024545549558970765
-668.6363964881748 8.658090040060927 -0.02156757776789295 0.024449201815241524
-658.9460139303701 8.661003550027463 -0.021480899782632644 0.024353607574968086
-649.2556313725654 8.663876622060366 -0.0213949164538371 0.024258758032251145
-639.5652488147607 8.666710078035253 -0.02130961945500352 0.02416464451788967
-629.874866256956 8.669504714076455 -0.021225000592323653 0.024071258496738294
-620.1844836991513 8.672261301713512 -0.021141051802047894 0.023978591565125794
-610.4941011413466 8.674980588974277 -0.021057765147911925 0.023886635448332964
-600.8037185835419 8.677663301418356 -0.02097513281862446 0.023795381998128386
-591.1133360257372 8.680310143114498 -0.0208931471254141 0.02370482319036045
-581.4229534679325 8.682921797565205 -0.02081180049963385 0.023614951122604238
-571.7325709101278 8.685498928581783 -0.020731085490421755 0.02352575801186167
-562.0421883523231 8.688042181112724 -0.020650994762415924 0.023437236192313738
-552.3518057946349 8.690552182028144 -0.020571521093523695 0.023349378113124247
-542.6614232368302 8.693029540863096 -0.020492657372737526 0.02326217633628764
-532.9710406790255 8.695474850521693 -0.020414396598010764 0.02317562353453528
-523.2806581212208 8.69788868794497 -0.0203367318741726 0.023089712489277978
-513.5902755634161 8.700271614744095 -0.02025965641089555 0.023004436088599294
-503.8998930056114 8.702624177801264 -0.020183163520708123 0.02291978732529205
-494.2095104478067 8.704946909839958 -0.02010724661705265 0.022835759294938276
-484.519127890002 8.707240329966506 -0.020031899212387023 0.022752345194031
-474.8287453321973 8.709504944184472 -0.01995711491632911 0.02266953831813725
-465.1383627743926 8.711741245883566 -0.019882887433842818 0.02258733206010095
-455.4479802165879 8.713949716304386 -0.019921154853475776 0.02250571990828489
-445.7575976587832 8.716130824980528 -0.019847195584339023 0.022424695444850585
-436.0672151009785 8.718285030159251 -0.019773786924805907 0.02234425234407523
-426.3768325431738 8.720412779201927 -0.01970092267906484 0.022264384370704812
-416.6864499853691 8.722514508965464 -0.019628596745822742 0.02218508537834228
-406.9960674275644 8.724590646165701 -0.01955680311644449 0.022106349307870286
-397.3056848697597 8.726641607723852 -0.019485535873138747 0.022028170185907192
-387.615302311955 8.728667801096872 -0.01941478918718869 0.021950542123295867
-377.9249197541503 8.7306696245927 -0.01934455731722635 0.021873459313624288
-368.23453719646204 8.732647467671137 -0.019274834607549862 0.02179691603177815
-358.54415463865735 8.734601711231303 -0.0192056154864775 0.021720906632519247
-348.85377208085265 8.736532727886068 -0.019136894464749647 0.021645425549102485
-339.16338952304795 8.73844088222461 -0.019068666133960917 0.02157046729191275
-329.47300696524326 8.740326531063364 -0.01900092516503362 0.021496026447134352
-319.78262440743856 8.742190023686184 -0.018933666306726726 0.021422097675447224
-310.09224184963387 8.744031702074233 -0.01886688438417976 0.02134867571074975
-300.40185929182917 8.745851901126096 -0.0188005742974909 0.021275755358907925
-290.7114767340245 8.747650948868722 -0.01873473102032814 0.02120333149653005
-281.0210941762198 8.74942916665961 -0.01866934959857251 0.02113139906976628
-271.3307116184151 8.751186869380668 -0.018604425148992576 0.02105995309313269
-261.6403290606104 8.752924365624267 -0.01853995285794926 0.020988988648358978
-251.9499465028057 8.75464195787178 -0.018475927980130043 0.020918500883259503
-242.259563945001 8.75633994266505 -0.0184123458373119 0.020848485010626958
-232.5691813871963 8.758018610771124 -0.018349201817152 0.020778936307148204
-222.8787988293916 8.759678247340583 -0.018286491372005494 0.020709850112341728
-213.1884162715869 8.761319132059782 -0.018224210017769624 0.02064122182751625
-203.4980337137822 8.762941539297332 -0.018162353332753414 0.020573046914750013
-193.8076511559775 8.764545738245026 -0.01810091695657232 0.020505320895890137
-184.11726859828923 8.76613199305356 -0.018039896589067714 0.02043803935157262
-174.42688604048453 8.767700562963311 -0.01797928798924646 0.020371197920257444
-164.73650348267984 8.769251702430205 -0.017919086974250608 0.020304792297290646
-155.04612092487514 8.77078566124721 -0.017859289418342226 0.020238818233976663
-145.35573836707044 8.77230268466145 -0.01779989125191352 0.020173271536672702
-135.66535580926575 8.77380301348718 -0.017740888460517575 0.02010814806589984
-125.97497325146105 8.775286884214841 -0.0177649297882885 0.02004732999296419
-116.28459069365636 8.776754529116374 -0.017706094990937216 0.019983012043804906
-106.59420813585166 8.778206176346911 -0.017647652811964124 0.019919105640621233
-96.90382557804696 8.77964205004306 -0.017589599252375614 0.019855606842827545
-87.21344302024227 8.781062370417914 -0.017531930369457528 0.019792511760074058
-77.52306046243757 8.78246735385291 -0.017474642275718523 0.01972981655144586
-67.83267790463287 8.7838572129867 -0.018322706186474146 0.019667517424677254
-58.14229534682818 8.785232156801134 -0.01825949815016577 0.01960561063538118
-48.45191278902348 8.786592390704534 -0.01819675716525092 0.01954409248629342
-38.761530231218785 8.78793811661225 -0.01813447742828218 0.01948295932653106
-29.07114767341409 8.789269533024795 -0.018072653247475545 0.01942220755086513
-19.380765115609393 8.790586835103475 -0.018011279039603596 0.01936183359900691
-9.690382557804696 8.791890214743743 -0.017950349327003987 0.0193018339549077
0.0 8.793179860646292 -0.017889858734697915 0.019242205146071726
9.690382557688281 5.9688165216250475 -0.018682405530546786 0.058405354508237
19.380765115492977 6.118239215558052 -0.01948676773521495 0.05811544356016906
29.071147673297673 6.22659448571413 -0.019414971842336058 0.057771764697992146
38.76153023110237 6.314364668001173 -0.019343777916889973 0.057432583387719074
48.451912788907066 6.389196972494592 -0.019273177080701965 0.057097806843171076
58.14229534671176 6.454945058590139 -0.022636924382926447 0.058018430720596696
67.83267790451646 6.51387299114915 -0.022542119147754076 0.05768295406585858
77.52306046232115 6.56744424754049 -0.022448253536013665 0.05735175460020088
87.21344302012585 6.616669082438945 -0.022450991892087428 0.05702474645173179
96.90382557793055 6.6622793159934695 -0.022358254192066686 0.05670184609215669
106.59420813573524 6.704825010435266 -0.02226641890040314 0.056382972256437056
116.28459069353994 6.744731873326553 -0.022175470759486633 0.05606804586574902
125.97497325134464 6.782337281323439 -0.022085394891043407 0.05575698995358399
135.66535580914933 6.8179139154366855 -0.02199617678372394 0.05544972959484219
145.35573836695403 6.851685845917769 -0.02190780228118922 0.055146191837778816
155.04612092475872 6.8838398193380375 -0.021820257570671773 0.05484630563866895
164.73650348256342 6.9145333880100575 -0.021733529171989306 0.05455000179906569
174.42688604036812 6.943900897982911 -0.021647603926989913 0.054257212905531316
184.1172685981728 6.9720579866903645 -0.021562468989408796 0.05396787327172859
193.8076511558611 6.999105019659572 -0.021478111815118817 0.05368191888276797
203.4980337136658 7.025129756774077 -0.021433354069699668 0.05340175208245612
213.1884162714705 7.050209449058725 -0.021350230692763223 0.05312236445376755
222.87879882927518 7.074412507834783 -0.02126785332781095 0.05284617979307652
232.56918138707988 7.097799848154337 -0.021186210458652523 0.05257314025056815
242.25956394488458 7.120425980930448 -0.021105290830375475 0.05230318940015826
251.94994650268927 7.15421150027612 -0.02102508344151347 0.05203627219538199
261.64032906049397 7.214143787380299 -0.02094557753650381 0.05177233492692193
271.33071161829866 7.269290669654774 -0.02086676259842155 0.05151132518170567
281.02109417610336 7.320361057762655 -0.02078862834197834 0.05125319180350517
290.71147673390806 7.367913470297259 -0.020711164706774556 0.05099788485497346
300.40185929171275 7.412396585608222 -0.020634361850793873 0.05074535558105824
310.09224184951745 7.454176780926484 -0.020558210144130142 0.05049555637373387
319.78262440732215 7.493557418471638 -0.02054272112832389 0.05025106639798384
329.47300696512684 7.530792709007391 -0.020467401128818872 0.05000656956069741
339.16338952293154 7.566097903857659 -0.02039271107955596 0.049764666797400346
348.85377208073623 7.599656935869353 -0.020318641999462025 0.0495253147538078
358.54415463854093 7.6316282475756285 -0.020245185095438913 0.0492884710644327
368.2345371963456 7.662149305475455 -0.020172331757147947 0.04905409432414931
377.9249197540339 7.6913401451669925 -0.020338462293974416 0.0488221440607421
387.6153023118386 7.719306190246328 -0.020265037993169956 0.048592580708383966
397.3056848696433 7.74614051913065 -0.020192218066517196 0.048365365582047605
406.996067427448 7.771925706659234 -0.020119994029643644 0.04814046085275828
416.6864499852527 7.796735334180173 -0.020048357573416394 0.0479178295236956
426.3768325430574 7.820635238277831 -0.01997730055912651 0.0476974354070949
436.0672151008621 7.843684551304725 -0.020054181711702684 0.047479243101919026
445.7575976586668 7.865936574473481 -0.01998317492220501 0.047263217972271516
455.4479802164715 7.887439515091684 -0.01991273999250626 0.04704932612652168
465.1383627742762 7.908237112665118 -0.019842869075492542 0.046837534397114675
474.82874533208087 7.928369173412134 -0.020155323323506724 0.046627810321040374
484.51912788988557 7.947872028775255 -0.020083740683596193 0.046420122120935874
494.20951044769026 7.96677893046497 -0.0200127407127866 0.046214438686797685
503.89989300549496 7.985120392196186 -0.019942315273295947 0.04601072955828076
513.5902755632997 8.00292448641317 -0.019872456395686633 0.04580896490756249
523.2806581211044 8.020217102822055 -0.01980315627419784 0.045609115522750474
532.971040678909 8.037022174371453 -0.019734407262240117 0.04541115279181408
542.6614232367137 8.053361875373636 -0.019666201868045297 0.045215048687020615
552.3518057945184 8.06925679569114 -0.019598532750465428 0.045020775749857224
562.0421883522067 8.084726094287584 -0.019531392714915285 0.04482830707642387
571.7325709100114 8.099787634929402 -0.01946477470944795 0.04463761630326583
581.4229534678161 8.114458106398 -0.019398671820969906 0.04444867759366457
591.1133360256208 8.128753129227102 -0.019333077271574243 0.04426146562432503
600.8037185834255 8.142687350680838 -0.019519284884734648 0.0440943460741643
610.4941011412302 8.156274529447169 -0.01945283287550225 0.043910377902920766
620.1844836990349 8.16952761131369 -0.019386896813345187 0.04372806544355971
629.8748662568396 8.182458796919224 -0.0193214698342134 0.043547385257966656
639.5652488146443 8.195079602527095 -0.01925654520976343 0.04336831436197835
649.255631372449 8.207400914640582 -0.019192116343740667 0.043190830214258055
658.9460139302537 8.219433039174108 -0.01912817676848335 0.04301491070549935
668.6363964880584 8.231185745801985 -0.019064720141543156 0.04284053414794735
678.3267790458631 8.242668308028037 -0.019001740242417783 0.04266767926522619
688.0171616036678 8.253889539451608 -0.018939230969391086 0.0424963251824626
697.7075441614725 8.264857826647063 -0.018877186336476472 0.04232645141669526
707.3979267192772 8.275581159023314 -0.018815600470459444 0.042158037867560456
717.0883092770819 8.286067155985984 -0.01875446760803538 0.041991064808244744
726.7786918348866 8.29632309168676 -0.0186937820930391 0.04182551287669544
736.4690743926913 8.306355917611178 -0.01863353837376228 0.041661363067080785
746.159456950496 8.316172283227194 -0.018573731000355677 0.04149859672149099
755.8498395081842 8.325778554891297 -0.01851435462231353 0.04133719552187471
765.5402220659889 8.335180833187566 -0.018455403986032702 0.041177141482191155
775.2306046237936 8.344384968853204 -0.018396873932454483 0.04101841694079989
784.9209871815983 8.353396577430882 -0.0183387593947718 0.04086100455304242
794.611369739403 8.362221052769122 -0.018281055396210017 0.04070488728403738
804.3017522972077 8.37086357948116 -0.018223757047874264 0.04055004840167194
813.9921348550124 8.37932914446004 -0.01816685954666181 0.04039647146978436
823.6825174128171 8.38762254753751 -0.0181103581732368 0.040244140341531655
833.3728999706218 8.39574841136506 -0.018054248290065408 0.04009303915293691
843.0632825284265 8.40371119058737 -0.017998525339509016 0.03994315231661004
852.7536650862312 8.411515180371044 -0.01794318484197348 0.03979446451563703
862.4440476440359 8.419164524345316 -0.018286330435761604 0.039692096701675936
872.1344302018406 8.426663222005493 -0.018487443107712446 0.03956856535917739
881.8248127596453 8.434015135624946 -0.018428416702122873 0.03942288599989594
891.51519531745 8.441223996716909 -0.01836982575015332 0.03927835428418432
901.2055778752547 8.448293412083277 -0.018336555940461848 0.03913561105866196
910.8959604330594 8.455226869484015 -0.01827863555002942 0.0389933274145477
920.5863429908641 8.462027742957597 -0.018221136710371944 0.03885214957720008
930.2767255486688 8.46869929781992 -0.01816405404876534 0.03871206404532588
939.967108106357 8.475244695366648 -0.01810738229717347 0.03857305754400527
949.6574906641617 8.481666997301966 -0.018067836134427504 0.03843549254781388
959.3478732219664 8.487969169913226 -0.018011847836479893 0.03829860240244474
969.0382557797711 8.494154088011678 -0.017983776409457822 0.03816343771923267
978.7286383375758 8.500224538655166 -0.017928375470957044 0.03802861122417736
988.4190208953805 8.50618322466881 -0.017873365260700456 0.03789480072816434
998.1094034531852 8.512032767977729 -0.017818740981331644 0.03776199421481814
