-910.8959604330594 8.981855752170846 0.0 0.0
-901.2055778752547 8.981855752170846 0.0 0.0
-891.51519531745 8.981855752170846 0.0 0.0
-881.8248127596453 8.981855752170846 0.0 0.0
-872.1344302018406 8.981855752170846 0.0 0.0
-862.4440476440359 8.981855752170846 0.0 0.0
-852.7536650862312 8.981855752170846 0.0 0.0
-843.0632825284265 8.981855752170846 0.0 0.0
-833.3728999706218 8.981855752170846 0.0 0.0
-823.6825174128171 8.981855752170846 0.0 0.0
-813.9921348551288 8.981855752170846 0.0 0.0
-804.3017522973241 8.981855752170846 0.0 0.0
-794.6113697395194 8.981855752170846 0.0 0.0
-784.9209871817147 8.981855752170846 0.0 0.0
-775.23060462391 8.981855752170846 0.0 0.0
-765.5402220661053 8.981855752170846 0.0 0.0
-755.8498395083006 8.981855752170846 0.0 0.0
-746.159456950496 8.981855752170846 0.0 0.0
-736.4690743926913 8.981855752170846 0.0 0.0
-726.7786918348866 8.981855752170846 0.0 0.0
-717.0883092770819 8.981855752170846 0.0 0.0
-707.3979267192772 8.981855752170846 0.0 0.0
-697.7075441614725 8.981855752170846 0.0 0.0
-688.0171616036678 8.981855752170846 0.0 0.0
-678.3267790458631 8.981855752170846 0.0 0.0
-668.6363964880584 8.981855752170846 0.0 0.0
-658.9460139302537 8.981855752170846 0.0 0.0
-649.255631372449 8.981855752170846 -0.0002948298183195301 2.7466328295039944e-05
-639.5652488146443 8.981855752170846 -0.0002926610817633568 2.7264288926780526e-05
-629.874866256956 8.981855752170846 -0.00029052401821149054 2.7065200213713795e-05
-620.1844836991513 8.981855752170846 -0.00028841793884791436 2.6868997985780737e-05
-610.4941011413466 8.981855752170846 -0.0002863421746865162 2.6675619920274973e-05
-600.8037185835419 8.981855752170846 -0.00028429607586250125 2.6485005475831182e-05
-591.1133360257372 8.981855752170846 -0.0002822790109540937 2.629709582923397e-05
-581.4229534679325 8.981855752170846 -0.000280290366332885 2.6111833814897554e-05
-571.7325709101278 8.981855752170846 -0.00027832954554144997 2.5929163866884006e-05
-562.0421883523231 8.981855752170846 -0.000276395968696907 2.5749031963338453e-05
-552.3518057945184 8.981855752170846 -0.00027448907191916647 2.557138557322527e-05
-542.6614232367137 8.981855752170846 -0.0002726083067826849 2.5396173605253652e-05
-532.971040678909 8.981855752170846 -0.0002707531397906049 2.5223346358888184e-05
-523.2806581211044 8.981855752170846 -0.00026892305187022205 2.5052855477346633e-05
-513.5902755632997 8.981855752170846 -0.00026711753788877474 2.4884653902491085e-05
-503.89989300549496 8.981855752170846 -0.0002653361061886113 2.4718695831524134e-05
-494.20951044769026 8.981855752170846 -0.0002635782781408322 2.455493667540574e-05
-484.51912788988557 8.981855752170846 -0.0002618435877165591 2.4393333018913645e-05
-474.82874533208087 8.981855752170846 -0.00026013158107502277 2.4233842582268723e-05
-465.1383627742762 8.981855752170846 -0.00025844181616770415 2.4076424184257382e-05
-455.4479802164715 8.981855752170846 -0.0005243122254520008 4.301235507667327e-05
-445.7575976586668 8.981855752170846 -0.0005206862821243626 4.2717714430076484e-05
-436.0672151009785 8.981855752170846 -0.0005171103951820345 4.242710320283844e-05
-426.3768325431738 8.981855752170846 -0.0005741524013525796 4.5066423577659884e-05
-416.6864499853691 8.981855752170846 -0.0005702257682800978 4.476199419603797e-05
-406.9960674275644 8.981855752170846 -0.0005663527449422137 4.4461670884271985e-05
-397.3056848697597 8.981855752170846 -0.0005625322356913677 4.416537071613865e-05
-387.615302311955 8.981855752170846 -0.0005587631746685021 4.387301299420891e-05
-377.9249197541503 8.981855752170846 -0.000555044524793256 4.3584519175124985e-05
-368.2345371963456 8.981855752170846 -0.0007203763118920966 5.3591018360547704e-05
-358.54415463854093 8.981855752170846 -0.0007155108367271557 5.323423304795201e-05
-348.85377208073623 8.981855752170846 -0.0007107110235836877 5.2882196441690855e-05
-339.16338952293154 8.981855752170846 -0.0007059755449348714 5.253481379576102e-05
-329.47300696512684 8.981855752170846 -0.0007013031089817448 5.219199288237899e-05
-319.78262440732215 8.981855752170846 -0.00069669245845365 5.1853643908419104e-05
-310.09224184951745 8.981855752170846 -0.00074954190807487 5.400021965155315e-05
-300.40185929171275 8.981855752170846 -0.0007446270687144071 5.365222601852435e-05
-290.71147673390806 8.981855752170846 -0.0008607133168168357 5.9784989925227174e-05
-281.02109417610336 8.981855752170846 -0.0008550373846580686 5.939828996356359e-05
-271.33071161829866 8.981855752170846 -0.0008915836993695024 6.041988315115426e-05
-261.64032906049397 8.981855752170846 -0.0009275008052150696 6.168308718582135e-05
-251.9499465028057 8.981855752170846 -0.0009214322532493722 6.128879966791507e-05
-242.259563945001 8.981855752170846 -0.0009154431895893379 6.089956100058488e-05
-232.5691813871963 8.981855752170846 -0.0009738745540107564 6.283985642054791e-05
-222.8787988293916 8.981855752170846 -0.0009675666136887679 6.244333050518608e-05
-213.1884162715869 8.981855752170846 -0.0009613405052234153 6.205181915885279e-05
-203.4980337137822 8.981855752170846 -0.000955194634748286 6.166522709076844e-05
-193.8076511559775 8.981855752170846 -0.0009491274498063702 6.128346142790461e-05
-184.1172685981728 8.981855752170846 -0.0009431374380054105 6.0906431638226934e-05
-174.42688604036812 8.981855752170846 -0.0009372231257256144 6.0534049456867455e-05
-164.73650348256342 8.981855752170846 -0.000931383076877353 6.016622881509e-05
-155.04612092475872 8.981855752170846 -0.0009256158917065998 5.9802885771928076e-05
-145.35573836695403 8.981855752170846 -0.0009199202056459603 5.944393844837822e-05
-135.66535580914933 8.981855752170846 -0.0009142946882092736 5.908930696403533e-05
-125.97497325134464 8.981855752170846 -0.0009087380419278566 5.87389133760666e-05
-116.28459069353994 8.981855752170846 -0.000903249001326564 5.8392681620423406e-05
-106.59420813573524 8.981855752170846 -0.0008978263319379262 5.805053745519047e-05
-96.90382557793055 8.981855752170846 -0.0008924688293527144 5.7712408405990896e-05
-87.21344302012585 8.981855752170846 -0.0008871753183053693 5.737822371334936e-05
-77.52306046232115 8.981855752170846 -0.000881944651792792 5.7047914281941427e-05
-67.83267790463287 8.981855752170846 -0.0008767757102251526 5.672141263164616e-05
-58.14229534682818 8.981855752170846 -0.0008716674006069833 5.639865285030805e-05
-48.45191278902348 8.981855752170846 -0.0008666186557482104 5.607957054819813e-05
-38.761530231218785 8.981855752170846 -0.0008616284335026548 5.576410281402006e-05
-29.07114767341409 8.981855752170274 -0.005286758873456183 5.545218817246364e-05
-19.380765115609393 8.981855752170018 -0.0052492735037623466 5.514376654321767e-05
-9.690382557804696 8.981855752169645 -0.005212320229677676 5.4838779201384045e-05
0.0 8.981855752169109 -0.005175887731197122 5.45371687392425e-05
9.690382557804696 6.057103369617263 -0.024164038546186612 0.04003997301626056
19.380765115609393 6.214741651404233 -0.023988440446820306 0.039745052408084125
29.07114767341409 6.326521841385285 -0.02381538161727777 0.0394544450150705
38.761530231218785 6.4161435335527495 -0.023644807283854024 0.039168056896545816
48.45191278902348 6.492054497245054 -0.0234766642388714 0.03888579682030857
58.14229534682818 6.558426930981946 -0.030824307529772135 0.04215015295506593
67.83267790463287 6.617683421399391 -0.030605305277233 0.0418496851968779
77.52306046243757 6.671377686997433 -0.03038939945648803 0.041553471790910554
87.21344302024227 6.720576202617372 -0.030176524751411846 0.041261422998741165
96.90382557804696 6.766048152967699 -0.029966617672518757 0.04097345158860264
106.59420813585166 6.808369666338954 -0.029759616493481033 0.04068947274845336
116.28459069353994 6.847985329404749 -0.029555461190281376 0.040409404002643944
125.97497325134464 6.885246605318717 -0.029354093382858163 0.040133165131988176
135.66535580914933 6.920436941104976 -0.029155456279160805 0.039860678097126186
145.35573836695403 6.953788798793608 -0.028959494621452832 0.039591866964957985
155.04612092475872 6.9854955736789295 -0.028766154634792825 0.03932665783805308
164.73650348256342 7.01572015817826 -0.028575383977576804 0.03906497878687702
174.42688604036812 7.044601237002292 -0.028387131694048977 0.03880675978470842
184.1172685981728 7.072258007117724 -0.028201348168689636 0.03855193264512209
193.8076511559775 7.098793778663873 -0.028017985082394486 0.038300430961921275
203.4980337137822 7.124298764694613 -0.027836995370363476 0.0380521900514078
213.1884162715869 7.148852272302095 -0.027658333181622044 0.037807146896884455
222.8787988293916 7.172524444863751 -0.02748195384010115 0.0375652400952896
232.5691813871963 7.1953776628255275 -0.027307813807206552 0.03732640980586926
242.259563945001 7.217467681335114 -0.0271358706458113 0.037090597700796035
251.9499465028057 7.23884456267052 -0.026966082985608465 0.03685774691764974
261.6403290606104 7.259553446917405 -0.026798410489764706 0.03662780201367793
271.3307116184151 7.308310418848271 -0.0266328138228178 0.03640070892175937
281.0210941762198 7.358159013901571 -0.026469254619764508 0.03617641490799661
290.7114767340245 7.404522670803639 -0.026307695456287337 0.03595486853086811
300.40185929171275 7.447854760469769 -0.0261480998200736 0.03573601960187559
310.09224184951745 7.488524183937013 -0.025990432083168872 0.03551981914760822
319.78262440732215 7.526835403615723 -0.025834657475349507 0.035306219373201976
329.47300696512684 7.56304278356672 -0.025680742058433813 0.03509517362708515
339.16338952293154 7.5973610962710705 -0.025528652701520882 0.034886636366994156
348.85377208073623 7.6299733772234966 -0.025378357057107226 0.03468056312719214
358.54415463854093 7.6610369013950335 -0.02522982353804709 0.03447691048684343
368.2345371963456 7.690687802140801 -0.025083021295321705 0.03427563603949641
377.9249197541503 7.719044690805035 -0.02493792019658455 0.0340766983636298
387.615302311955 7.746211528661425 -0.024794490805451253 0.033880056994219594
397.3056848697597 7.772279931208449 -0.024652704361503994 0.033685672395285186
406.9960674275644 7.797331035748604 -0.02451253276098199 0.033493505933375904
416.6864499853691 7.821437028912765 -0.024373948538130498 0.033303519851960506
426.3768325431738 7.84466240647228 -0.02423692484718249 0.033115677246683864
436.0672151009785 7.867065020261128 -0.024101435444947947 0.03292994204145685
445.7575976587832 7.88869695423305 -0.023967454673987032 0.032746278965346855
455.4479802165879 7.909605262211435 -0.02383495744634439 0.032564653530237866
465.1383627743926 7.929832592803635 -0.023703919227822914 0.03238503200923025
474.8287453321973 7.9494177215897235 -0.02357431602277611 0.03220738141575193
484.519127890002 7.968396006597611 -0.023446124359399263 0.03203166948335383
494.20951044769026 7.9867997799142065 -0.023319321275501948 0.031857864646165406
503.89989300549496 8.004658685822697 -0.02319388430473453 0.03168593601997321
513.5902755632997 8.021999973919602 -0.023069791463274092 0.03151585338392964
523.2806581211044 8.038848754145206 -0.02294702123692282 0.03134758716282768
532.971040678909 8.055228219435842 -0.022825552568625528 0.031181108409950732
542.6614232367137 8.071159840734497 -0.0227053648463822 0.031016388790464533
552.3518057945184 8.086663538306114 -0.02258643789154217 0.030853400565332804
562.0421883523231 8.101757832663342 -0.02246875194746621 0.030692116575737848
571.7325709101278 8.116459977884976 -0.022352287668542855 0.030532510227987347
581.4229534679325 8.130786079678916 -0.022237026109546365 0.030374555478890047
591.1133360257372 8.144751200186192 -0.022122948715323717 0.030218226821583132
600.8037185835419 8.158369451227431 -0.022010037310798994 0.030063499271795403
610.4941011413466 8.17165407744714 -0.021898274091283823 0.029910348354530415
620.1844836991513 8.184617530605019 -0.02178764161308288 0.029758750091154893
629.874866256956 8.197271536090039 -0.021678122784384038 0.029608680986877956
639.5652488147607 8.209627152586606 -0.02156970085642331 0.02946011801860751
649.2556313725654 8.221694825697872 -0.021462359414914683 0.029313038623170546
658.9460139303701 8.233484436225607 -0.021356082371735852 0.029167420685884824
668.6363964881748 8.24500534371579 -0.021250853956860893 0.02902324252946947
678.3267790458631 8.256266425801657 -0.021146658710532555 0.028880482903285005
688.0171616036678 8.267276113810498 -0.021043481475658567 0.028739120972880783
697.7075441614725 8.278042425040361 -0.02094130739044285 0.02859913630986508
707.3979267192772 8.288572992068225 -0.020840121881218965 0.028460508882053148
717.0883092770819 8.298875089403467 -0.020739910655497396 0.028323219043908793
726.7786918348866 8.308955657766194 -0.02064065969521217 0.028187247527259908
736.4690743926913 8.318821326236664 -0.020542355250161216 0.028052575432280125
746.159456950496 8.328478432493778 -0.020444983831634237 0.027919184218728018
755.8498395083006 8.337933041336044 -0.02034853220622163 0.027787055697435052
765.5402220661053 8.34719096165665 -0.02025298738979858 0.027656172022034364
775.23060462391 8.356257762025342 -0.020158336641678633 0.027526515680922146
784.9209871817147 8.36513878501299 -0.020064567458931124 0.02739806948944433
794.6113697395194 8.373839160380122 -0.019971667570857055 0.027270816582300978
804.3017522973241 8.382363817237554 -0.0198796249336185 0.02714474040616161
813.9921348551288 8.390717495275888 -0.01978842772501634 0.027019824712484385
823.6825174129335 8.398904755150353 -0.019698064339411774 0.02689605355053277
833.3728999707382 8.4069299880986 -0.0196085233827868 0.0267734112605834
843.0632825285429 8.414797424860883 -0.019519793667939513 0.026651882467318963
852.7536650863476 8.42251114396509 -0.01943186420980961 0.02653145207340023
862.4440476440359 8.430075079432628 -0.019344724220931406 0.02641210525321326
872.1344302018406 8.437493027956114 -0.019258363107003778 0.026293827446777294
881.8248127596453 8.444768655592982 -0.019172770462589212 0.02617660435383014
891.51519531745 8.451905504017779 -0.019087936066917062 0.0260604219280568
901.2055778752547 8.458906996368665 -0.019003849879803376 0.0259452663714783
910.8959604330594 8.465776442722118 -0.018920502037677468 0.02583112412898727
920.5863429908641 8.472517045225835 -0.01883788284971302 0.025717981883027208
930.2767255486688 8.479131902917185 -0.01875598279406047 0.025605826548410992
939.9671081064735 8.485624016251888 -0.018674792514177644 0.02549464526727448
949.6574906642782 8.491996291365357 -0.018594302815255693 0.025384425404160988
959.3478732220829 8.498251544087065 -0.018586856093538932 0.02528173117241331
969.0382557798875 8.504392503726383 -0.01850720616187552 0.025173348525046747
978.7286383376922 8.510421816646758 -0.018428238000396096 0.02506589138893313
988.4190208954969 8.516342049643512 -0.01834994285613605 0.024959347956017022
998.1094034533016 8.522155693139222 -0.018272312126272595 0.02485370661835353
