-969.0382557798875 11.307483656493442 0.0 0.0
-959.3478732220829 11.307483656493442 0.0 0.0
-949.6574906642782 11.307483656493442 0.0 0.0
-939.9671081064735 11.307483656493442 0.0 0.0
-930.2767255486688 11.307483656493442 0.0 0.0
-920.5863429908641 11.307483656493442 0.0 0.0
-910.8959604330594 11.307483656493442 0.0 0.0
-901.2055778752547 11.307483656493442 0.0 0.0
-891.51519531745 11.307483656493442 0.0 0.0
-881.8248127596453 11.307483656493442 0.0 0.0
-872.134430201957 11.307483656493442 0.0 0.0
-862.4440476441523 11.307483656493442 0.0 0.0
-852.7536650863476 11.307483656493442 0.0 0.0
-843.0632825285429 11.307483656493442 0.0 0.0
-833.3728999707382 11.307483656493442 0.0 0.0
-823.6825174129335 11.307483656493442 0.0 0.0
-813.9921348551288 11.307483656493442 0.0 0.0
-804.3017522973241 11.307483656493442 0.0 0.0
-794.6113697395194 11.307483656493442 0.0 0.0
-784.9209871817147 11.307483656493442 0.0 0.0
-775.23060462391 11.307483656493442 0.0 0.0
-765.5402220661053 11.307483656493442 0.0 0.0
-755.8498395083006 11.307483656493442 0.0 0.0
-746.159456950496 11.307483656493442 0.0 0.0
-736.4690743926913 11.307483656493442 0.0 0.0
-726.7786918348866 11.307483656493442 0.0 0.0
-717.0883092770819 11.307483656493442 0.0 0.0
-707.3979267192772 11.307483656493442 -0.000300142845394412 3.4886625044561916e-05
-697.7075441614725 11.307483656493442 -0.0002960819239820864 3.441461031950287e-05
-688.0171616037842 11.307483656493442 -0.00029212942386182636 3.395519777044511e-05
-678.3267790459795 11.307483656493442 -0.0002882810601735144 3.3507889353505204e-05
-668.6363964881748 11.307483656493442 -0.0002845327709076794 3.3072212927489e-05
-658.9460139303701 11.307483656493442 -0.00028088070260352046 3.264772059152511e-05
-649.2556313725654 11.307483656493442 -0.0002773211971346219 3.2233987149122516e-05
-639.5652488147607 11.307483656493442 -0.00027385077948680867 3.183060868754978e-05
-629.874866256956 11.307483656493442 -0.00027046614644235414 3.143720126256126e-05
-620.1844836991513 11.307483656493442 -0.00026716415609308054 3.105339967947017e-05
-610.4941011413466 11.307483656493442 -0.00026394181811237316 3.06788563624302e-05
-600.8037185835419 11.307483656493442 -0.0002607962847227935 3.0313240304572203e-05
-591.1133360257372 11.307483656493442 -0.00025772484230194984 2.9956236092324157e-05
-581.4229534679325 11.307483656493442 -0.00025472490357461726 2.9607542997875843e-05
-571.7325709101278 11.307483656493442 -0.00025179400034388926 2.926687413429546e-05
-562.0421883523231 11.307483656493442 -0.000248929776718441 2.8933955668311294e-05
-552.3518057945184 11.307483656493442 -0.000246129982796842 2.8608526086218444e-05
-542.6614232367137 11.307483656493442 -0.00024339246877333763 2.8290335508772774e-05
-532.971040678909 11.307483656493442 -0.00024071517943264343 2.7979145051302937e-05
-523.2806581211044 11.307483656493442 -0.00023809614900412694 2.7674726225593855e-05
-513.5902755632997 11.307483656493442 -0.0004809281161076725 4.8014807523971565e-05
-503.89989300549496 11.307483656493442 -0.0004750643194667946 4.744106565646239e-05
-494.2095104478067 11.307483656493442 -0.0004693439139417922 4.688108138102636e-05
-484.519127890002 11.307483656493442 -0.0005134656300316399 4.900991778200335e-05
-474.8287453321973 11.307483656493442 -0.0005073377041326227 4.843944666623711e-05
-465.1383627743926 11.307483656493442 -0.0005013564106708244 4.788229923693273e-05
-455.4479802165879 11.307483656493442 -0.0004955164800919764 4.733800752474491e-05
-445.7575976587832 11.307483656493442 -0.000489812895288828 4.6806125509456464e-05
-436.0672151009785 11.307483656493442 -0.00048424087650916314 4.6286227832749266e-05
-426.3768325431738 11.307483656493442 -0.0006255390706608838 5.6040200943912245e-05
-416.6864499853691 11.307483656493442 -0.0006182269043204394 5.5403917130875894e-05
-406.9960674275644 11.307483656493442 -0.0006110864951411651 5.47821773699528e-05
-397.3056848697597 11.307483656493442 -0.0006041117735024255 5.4174480314633776e-05
-387.615302311955 11.307483656493442 -0.0005972969560990535 5.35803477492531e-05
-377.9249197541503 11.307483656493442 -0.0005906365290690225 5.2999323252137445e-05
-368.2345371963456 11.307483656493442 -0.0006301002075716026 5.46183806598046e-05
-358.54415463854093 11.307483656493442 -0.0006231058248671331 5.4032443209096126e-05
-348.85377208073623 11.307483656493442 -0.0007174657451164487 5.9573227985234065e-05
-339.16338952293154 11.307483656493442 -0.0007094118622011605 5.8929631395839385e-05
-329.47300696512684 11.307483656493442 -0.0007336451731247205 5.945021238378898e-05
-319.78262440732215 11.307483656493442 -0.0007583188550580977 6.023389642855762e-05
-310.09224184963387 11.307483656493442 -0.0007499262552833746 5.9596757148313755e-05
-300.40185929182917 11.307483656493442 -0.0007417211683387275 5.8973250551440224e-05
-290.7114767340245 11.307483656493442 -0.0007833832459897822 6.0306922183785384e-05
-281.0210941762198 11.307483656493442 -0.0007748624675333761 5.9683081485571624e-05
-271.3307116184151 11.307483656493442 -0.0007665289915263816 5.907230610661795e-05
-261.6403290606104 11.307483656493442 -0.0007583765910782314 5.8474181063828e-05
-251.9499465028057 11.307483656493442 -0.000750399316961989 5.788830911292315e-05
-242.259563945001 11.307483656493442 -0.0007425914820796719 5.731430979359021e-05
-232.5691813871963 11.307483656493442 -0.000734947646972335 5.675181853663725e-05
-222.8787988293916 11.307483656493442 -0.0007274626062929432 5.6200485828447375e-05
-213.1884162715869 11.307483656493442 -0.0007201313761673998 5.5659976428423945e-05
-203.4980337137822 11.307483656493442 -0.0007129491823757062 5.5129968635493226e-05
-193.8076511559775 11.307483656493442 -0.0007059114492911629 5.461015360006624e-05
-184.1172685981728 11.307483656493442 -0.0006990137895208965 5.410023467816092e-05
-174.42688604036812 11.307483656493442 -0.0006922519941958323 5.359992682466164e-05
-164.73650348256342 11.307483656493442 -0.0006856220238626152 5.310895602294064e-05
-155.04612092475872 11.307483656493442 -0.000679119999933946 5.262705874829182e-05
-145.35573836695403 11.307483656493442 -0.0006727421966573939 5.2153981462829946e-05
-135.66535580914933 11.307483656493442 -0.0006664850335660008 5.168948013969783e-05
-125.97497325146105 11.307483656493442 -0.0006603450683770397 5.123331981459629e-05
-116.28459069365636 11.307483656493442 -0.0006543189903074549 5.0785274162769306e-05
-106.59420813585166 11.307483656493442 -0.00064840361377852 5.0345125099833e-05
-96.90382557804696 11.307483656493442 -0.0006425958724818958 4.991266240477204e-05
-87.21344302024227 11.307483656493442 -0.001462506612524024 4.9487683363742033e-05
-77.52306046243757 11.307483656493442 -0.0014457209309482505 4.90699924333008e-05
-67.83267790463287 11.307483656493442 -0.001429333324991765 4.865940092183852e-05
-58.14229534682818 11.307483656493442 -0.001413329322414573 4.825572668805281e-05
-48.45191278902348 11.307483656493442 -0.005279697762738231 4.78587938554035e-05
-38.761530231218785 11.307483656493442 -0.00521173424725315 4.7468432541558025e-05
-29.07114767341409 11.307483656493442 -0.0051455259583459536 4.708447860190365e-05
-19.380765115609393 11.307483656493442 -0.00508100508508655 4.6706773386276586e-05
-9.690382557804696 11.307483656493442 -0.005018107287475713 4.633516350810545e-05
0.0 8.537013277725004 -0.03540013358560101 0.029914184998022807
9.690382557804696 8.859263791264327 -0.03492426828365476 0.029505651552315573
19.380765115609393 9.030015530995692 -0.03446106931939052 0.02910812942161357
29.07114767341409 9.155278433714473 -0.03401003653669324 0.028721179271908998
38.761530231218785 9.256082953701997 -0.033570695808351876 0.028344384836044404
48.45191278902348 9.341098507628514 -0.03314259736282151 0.027977351419373624
58.14229534671176 9.41489288137001 -0.03272531423852744 0.027619704520113433
67.83267790451646 9.480218434769528 -0.032318440854475314 0.02727108855422108
77.52306046232115 9.538882811139011 -0.03192159168714824 0.026931165675734264
87.21344302012585 9.59214708052325 -0.03153440004448553 0.0265996146842594
96.90382557793055 9.640931316962483 -0.03115651692879551 0.02627613001224608
106.59420813573524 9.685930452601246 -0.03078760998113483 0.025960420785308597
116.28459069353994 9.727684047724905 -0.030427362500425756 0.025652209949524503
125.97497325134464 9.766620560162867 -0.030075472531206068 0.025351233460205663
135.66535580914933 9.803086646222805 -0.029731652014470623 0.025057239527148743
145.35573836695403 9.837367243368515 -0.02939562599656859 0.02476998791183
155.04612092475872 9.869699745001823 -0.029067131891575403 0.024489249272420906
164.73650348256342 9.900284259271022 -0.028745918792966747 0.024214804552870717
174.42688604036812 9.929291196282897 -0.028431746830790274 0.023946444412635593
184.1172685981728 9.95686698654646 -0.028124386570862796 0.023683968693933598
193.8076511559775 9.983138463310206 -0.027823618452820133 0.023427185923675813
203.4980337137822 10.008216270993643 -0.027529232264118204 0.02317591284746869
213.1884162715869 10.032197551415829 -0.027241026647328574 0.022929973993303862
222.8787988293916 10.055168086158453 -0.02695880863829419 0.022689201262751892
232.5691813871963 10.077204023636076 -0.026682393232912393 0.022453433547658372
242.25956394488458 10.09837328503471 -0.02641160298049796 0.022222516370508014
251.94994650268927 10.118736719069057 -0.02614626760182318 0.021996301546753003
261.64032906049397 10.138349058196564 -0.025886223630150553 0.021774646867595792
271.33071161829866 10.15725971638444 -0.02563131407359798 0.02155741580174365
281.02109417610336 10.175513459294391 -0.02538138809741563 0.021344477214862125
290.71147673390806 10.19315097089547 -0.025136300724799783 0.02113570510549932
300.40185929171275 10.210209335353822 -0.02489591255499603 0.020930978356365888
310.09224184951745 10.226722449126731 -0.02466008949753686 0.020730180499939285
319.78262440732215 10.242721375178503 -0.02442870252154577 0.02053319949743876
329.47300696512684 10.258234648901515 -0.024201627419120228 0.020339927530289587
339.16338952293154 10.27328854352478 -0.0239787445818792 0.02015026080326108
348.85377208073623 10.2879073013196 -0.02375993878982807 0.01996409935852277
358.54415463854093 10.302113335821469 -0.023545099011755524 0.019781346899918846
368.2345371963456 10.31592740935076 -0.023334118216434156 0.01960191062681175
377.9249197541503 10.332612114853017 -0.023126893193947805 0.019425701076892267
387.615302311955 10.351408870622777 -0.022923324386517716 0.019252631977396795
397.3056848697597 10.369516224642686 -0.022723315728242908 0.019082620104211655
406.9960674275644 10.386978993862977 -0.02252677449321138 0.01891558514838112
416.6864499853691 10.403837830630426 -0.022333611151476175 0.01875144958956897
426.3768325431738 10.42012971067295 -0.02214373923242506 0.018590138576054835
436.0672151008621 10.435888351912235 -0.02195707519510662 0.018431579810876765
445.7575976586668 10.451144575636695 -0.021773538305089823 0.01827570344374462
455.4479802164715 10.465926619366838 -0.021593050517508348 0.01812244196841357
465.1383627742762 10.480260409022641 -0.02141553636588753 0.017971730125162268
474.82874533208087 10.494169796624906 -0.0212409228564545 0.017823504808108837
484.51912788988557 10.50767676867201 -0.021069139367605814 0.01767770497707616
494.20951044769026 10.520801629452116 -0.020900117554243446 0.01753427157375006
503.89989300549496 10.533563162840245 -0.020733791256705977 0.017393147441888197
513.5902755632997 10.545978775551065 -0.02057009641403949 0.017254277251353305
523.2806581211044 10.55806462434588 -0.0204089709813687 0.017117607425758442
532.971040678909 10.569835729303906 -0.020250354851143727 0.016983086073525742
542.6614232367137 10.581306074947623 -0.020094189778052076 0.016850662922171904
552.3518057945184 10.592488700746209 -0.019940419307398188 0.016720289255645823
562.0421883523231 10.60339578230001 -0.019788988706765116 0.016591917854554206
571.7325709101278 10.61403870432395 -0.019639844900784107 0.01646550293912099
581.4229534679325 10.624428126392683 -0.019492936408848242 0.01634100011473584
591.1133360257372 10.634574042279395 -0.019348213285616412 0.016218366319955668
600.8037185835419 10.644485833609687 -0.01920562706416256 0.016097559776831187
610.4941011413466 10.65417231845796 -0.01906513070163412 0.01597853994343806
620.1844836990349 10.66364179543387 -0.01892667852729284 0.0158612674685008
629.8748662568396 10.672902083738695 -0.01879022619280735 0.015745704147994272
639.5652488146443 10.681960559610655 -0.018655730624708267 0.01563181288364333
649.255631372449 10.690824189531748 -0.018523149978865356 0.015519557643197629
658.9460139302537 10.699499560521245 -0.018392443596910352 0.015408903422413493
668.6363964880584 10.707992907805684 -0.01826357196450001 0.015299816208650126
678.3267790458631 10.716310140121873 -0.01813649667133056 0.015192262946001832
688.0171616036678 10.724456862880855 -0.018011180372818698 0.01508621150189139
697.7075441614725 10.732438399396223 -0.017887586753368313 0.014981630635053485
707.3979267192772 10.740259810358104 -0.01776568049114709 0.01487848996484125
717.0883092770819 10.747925911715328 -0.017645427224300944 0.014776759941792516
726.7786918348866 10.755441291111243 -0.01752679351853824 0.014676411819395937
736.4690743926913 10.762810323003928 -0.017409746836019473 0.014577417627000206
746.159456950496 10.770037182588387 -0.017294255505491365 0.014479750143812802
755.8498395083006 10.777125858626606 -0.017180288693607812 0.01438338287393748
765.5402220661053 10.784080165281118 -0.01706781637738274 0.014288290022402346
775.23060462391 10.790903753038407 -0.01695680931772342 0.014194446472133086
784.9209871817147 10.797600118800233 -0.01684723903399472 0.014101827761827964
794.6113697395194 10.804172615213789 -0.01673907777956808 0.014010410064693897
804.3017522972077 10.81062445930464 -0.016632298518311942 0.013920170168005563
813.9921348550124 10.816958740471314 -0.01652687490197437 0.013831085453444485
823.6825174128171 10.823178427893312 -0.016422781248436918 0.013743133878199166
833.3728999706218 10.829286377402216 -0.016319992520776573 0.013656293956771518
843.0632825284265 10.835285337858693 -0.016218484307118905 0.013570544743474206
852.7536650862312 10.841177957075805 -0.016118232801240695 0.013485865815582558
862.4440476440359 10.846966787324998 -0.01601921478389085 0.013402237257113607
872.1344302018406 10.85265429045813 -0.015921407604798724 0.013319639643205159
881.8248127596453 10.858242842675839 -0.01582478916534054 0.013238054025069189
891.51519531745 10.863734738970178 -0.015729337901835942 0.013157461915495088
901.2055778752547 10.869132197266874 -0.015711042010691182 0.013086440516929006
910.8959604330594 10.874437362290466 -0.015616826110238822 0.01300766454688891
920.5863429908641 10.879652309173727 -0.0155237436267882 0.012929832408818476
930.2767255486688 10.884779046830845 -0.015431773870947473 0.01285292720151605
939.9671081064735 10.88981952111229 -0.015340896671483105 0.012776932426921262
949.6574906642782 10.894775617757846 -0.015251092358121181 0.012701831978039913
959.3478732220829 10.899649165162838 -0.015162341745105364 0.01262761012730988
969.0382557798875 10.904441936971505 -0.01507462611546708 0.012554251515388267
978.7286383376922 10.909155654510158 -0.014987927205966894 0.012481741140341621
988.4190208953805 10.913791989071878 -0.01490222719267041 0.01241006434722253
998.1094034531852 10.918352564063815 -0.014817508677117201 0.012339206818010913
