-969.0382557798875 9.977538083990334 0.0 0.0
-959.3478732220829 9.977538083990334 0.0 0.0
-949.6574906642782 9.977538083990334 0.0 0.0
-939.9671081064735 9.977538083990334 0.0 0.0
-930.2767255486688 9.977538083990334 0.0 0.0
-920.5863429908641 9.977538083990334 0.0 0.0
-910.8959604330594 9.977538083990334 0.0 0.0
-901.2055778752547 9.977538083990334 0.0 0.0
-891.51519531745 9.977538083990334 0.0 0.0
-881.8248127596453 9.977538083990334 0.0 0.0
-872.134430201957 9.977538083990334 0.0 0.0
-862.4440476441523 9.977538083990334 0.0 0.0
-852.7536650863476 9.977538083990334 0.0 0.0
-843.0632825285429 9.977538083990334 0.0 0.0
-833.3728999707382 9.977538083990334 0.0 0.0
-823.6825174129335 9.977538083990334 0.0 0.0
-813.9921348551288 9.977538083990334 0.0 0.0
-804.3017522973241 9.977538083990334 0.0 0.0
-794.6113697395194 9.977538083990334 0.0 0.0
-784.9209871817147 9.977538083990334 0.0 0.0
-775.23060462391 9.977538083990334 0.0 0.0
-765.5402220661053 9.977538083990334 0.0 0.0
-755.8498395083006 9.977538083990334 0.0 0.0
-746.159456950496 9.977538083990334 0.0 0.0
-736.4690743926913 9.977538083990334 0.0 0.0
-726.7786918348866 9.977538083990334 0.0 0.0
-717.0883092770819 9.977538083990334 0.0 0.0
-707.3979267192772 9.977538083990334 -0.00040874096924294214 4.771387200421711e-05
-697.7075441614725 9.977538083990334 -0.0003983086650229477 4.6496069861251803e-05
-688.0171616037842 9.977538083990334 -0.000388395635185424 4.533888457170865e-05
-678.3267790459795 9.977538083990334 -0.0003789640504145112 4.4237900177142384e-05
-668.6363964881748 9.977538083990334 -0.0003699796687852069 4.318911948874779e-05
-658.9460139303701 9.977538083990334 -0.0003614114203663694 4.218891559650299e-05
-649.2556313725654 9.977538083990334 -0.00035323104823811697 4.123398996377925e-05
-639.5652488147607 9.977538083990334 -0.0003454127971824404 4.032133608702611e-05
-629.874866256956 9.977538083990334 -0.00033793314282083947 3.9448207876986545e-05
-620.1844836991513 9.977538083990334 -0.00033077055519798126 3.8612092060925224e-05
-610.4941011413466 9.977538083990334 -0.0003239052918068031 3.781068402167577e-05
-600.8037185835419 9.977538083990334 -0.00031731921586455864 3.70418665843141e-05
-591.1133360257372 9.977538083990334 -0.0003109956363173785 3.630369133928845e-05
-581.4229534679325 9.977538083990334 -0.00030491916660150875 3.559436215509271e-05
-571.7325709101278 9.977538083990334 -0.00029907559964501327 3.4912220586738336e-05
-562.0421883523231 9.977538083990334 -0.00029345179697224706 3.4255732930503144e-05
-552.3518057945184 9.977538083990334 -0.0002880355900890467 3.362347871225819e-05
-542.6614232367137 9.977538083990334 -0.0002828156925907467 3.3014140427500404e-05
-532.971040678909 9.977538083990334 -0.00027778162165696847 3.242649437714415e-05
-523.2806581211044 9.977538083990334 -0.00027292362778405716 3.1859402464926804e-05
-513.5902755632997 9.977538083990334 -0.0006042575747025121 5.969839990128652e-05
-503.89989300549496 9.977538083990334 -0.0005909738978421096 5.843002649285733e-05
-494.2095104478067 9.977538083990334 -0.000578285102327714 5.721676597988381e-05
-484.519127890002 9.977538083990334 -0.0006340823672323202 5.9725233188734e-05
-474.8287453321973 9.977538083990334 -0.0006207013395740668 5.851624024345425e-05
-465.1383627743926 9.977538083990334 -0.00060789398332178 5.7357177951726556e-05
-455.4479802165879 9.977538083990334 -0.0005956231062739936 5.624491013422298e-05
-445.7575976587832 9.977538083990334 -0.0005838547343485018 5.517656506148403e-05
-436.0672151009785 9.977538083990334 -0.0005725577652354966 5.414950757292409e-05
-426.3768325431738 9.977538083990334 -0.0007608424824515209 6.714671191573938e-05
-416.6864499853691 9.977538083990334 -0.0007453011578083626 6.583670993734014e-05
-406.9960674275644 9.977538083990334 -0.0007304074063414882 6.457919468507464e-05
-397.3056848697597 9.977538083990334 -0.0007161202870889676 6.337095121902226e-05
-387.615302311955 9.977538083990334 -0.0007024023243760359 6.220903009387653e-05
-377.9249197541503 9.977538083990334 -0.0006892191418484078 6.10907198423489e-05
-368.2345371963456 9.977538083990334 -0.0007392032563715038 6.300517369782401e-05
-358.54415463854093 9.977538083990334 -0.00072537277367693 6.188922650330318e-05
-348.85377208073623 9.977538083990334 -0.0008487627307273171 6.910490811127103e-05
-339.16338952293154 9.977538083990334 -0.0008324836135651227 6.785702802239077e-05
-329.47300696512684 9.977538083990334 -0.000860081688228094 6.820901677373156e-05
-319.78262440732215 9.977538083990334 -0.0008884570070762176 6.89386430818078e-05
-310.09224184963387 9.977538083990334 -0.0008718037411358828 6.773596702629495e-05
-300.40185929182917 9.977538083990334 -0.0008557935588375645 6.657681096283513e-05
-290.7114767340245 9.977538083990334 -0.0009073580844573063 6.808678043196273e-05
-281.0210941762198 9.977538083990334 -0.0008908148879883609 6.694052045923022e-05
-271.3307116184151 9.977538083990334 -0.0008748944697287489 6.583435474302398e-05
-261.6403290606104 9.977538083990334 -0.0008595608461384538 6.476611195384274e-05
-251.9499465028057 9.977538083990334 -0.0008447808463333314 6.373378133086021e-05
-242.259563945001 9.977538083990334 -0.000830523835241151 6.273549759924118e-05
-232.5691813871963 9.977538083990334 -0.0008167614695110783 6.176952760326103e-05
-222.8787988293916 9.977538083990334 -0.0008034674816679084 6.08342584266894e-05
-213.1884162715869 9.977538083990334 -0.0007906174887074281 5.9928186806672236e-05
-203.4980337137822 9.977538083990334 -0.0007781888219113651 5.904990967617557e-05
-193.8076511559775 9.977538083990334 -0.0007661603751430468 5.8198115694071376e-05
-184.1172685981728 9.977538083990334 -0.0007545124692868408 5.7371577642064135e-05
-174.42688604036812 9.977538083990334 -0.0007432267308305278 5.6569145584529044e-05
-164.73650348256342 9.977538083990334 -0.0007322859828718442 5.578974070159315e-05
-155.04612092475872 9.977538083990334 -0.0007216741470680992 5.503234971781579e-05
-145.35573836695403 9.977538083990334 -0.0007113761552486976 5.4296019859086174e-05
-135.66535580914933 9.977538083990334 -0.0007013778695808678 5.357985427905721e-05
-125.97497325146105 9.977538083990334 -0.0006916660103240889 5.288300790391319e-05
-116.28459069365636 9.977538083990334 -0.0006822280903317793 5.2204683650574116e-05
-106.59420813585166 9.977538083990334 -0.0006730523555673168 5.154412897914729e-05
-96.90382557804696 9.977538083990334 -0.0006641277309884963 5.0900632744856284e-05
-87.21344302024227 9.977538083990334 -0.0016940484834415714 5.027352231907686e-05
-77.52306046243757 9.977538083990334 -0.0016590245367682714 4.966216095247456e-05
-67.83267790463287 9.977538083990334 -0.0016255476932876566 4.906594535642101e-05
-58.14229534682818 9.977538083990334 -0.0015935123536941435 4.8484303481495365e-05
-48.45191278902348 9.977538083990334 -0.006046584496356362 4.791669247426755e-05
-38.761530231218785 9.977538083990334 -0.0059020430262065144 4.7362596795596785e-05
-29.07114767341409 9.977538083990334 -0.005764442443883251 4.682152648549491e-05
-19.380765115609393 9.977538083990334 -0.005633287669880856 4.6293015561168984e-05
-9.690382557804696 9.977538083990334 -0.0055081299472228215 4.577662053628195e-05
0.0 0.9795698976876448 -0.06394828460148502 0.06443426588129825
9.690382557804696 1.6430706601786138 -0.06231074845466339 0.06275896273899888
19.380765115609393 2.0631729273755264 -0.0607553211199503 0.061168588037599995
29.07114767341409 2.3930880031476276 -0.05927596419393312 0.059656842756169004
38.761530231218785 2.6713048210324564 -0.05786721804051368 0.058218035787070514
48.45191278902348 2.9147288619697784 -0.05652413400307991 0.056847012326028394
58.14229534671176 3.1326001668013355 -0.05524221593325133 0.05553909215174782
67.83267790451646 3.330635031479879 -0.054017369574834655 0.05429001623744556
77.52306046232115 3.5126678951677786 -0.05284585859826854 0.05309590041114652
87.21344302012585 3.681422693368721 -0.05172426628710575 0.05195319500211241
96.90382557793055 3.838919270707782 -0.05064946204632004 0.05085864959044029
106.59420813573524 3.986706140052614 -0.04961857203853931 0.04980928212238294
116.28459069353994 4.12600255526203 -0.048628953366263945 0.048802351773352654
125.97497325134464 4.257789710824504 -0.04767817131006982 0.04783533503856971
135.66535580914933 4.382871729445843 -0.04676397920871519 0.046905904612184676
145.35573836695403 4.501917853084519 -0.04588430063000385 0.04601191068269379
155.04612092475872 4.615492477445975 -0.04503721353362698 0.04515136432817713
164.73650348256342 4.724077061984377 -0.04422093617094574 0.04432242274138928
174.42688604036812 4.828086454990252 -0.04343381450334075 0.04352337605368526
184.1172685981728 4.927881284473296 -0.042674310951590945 0.04275263555950644
193.8076511559775 5.023777517607568 -0.04194099431476507 0.04200872317076276
203.4980337137822 5.116053943414079 -0.04123253071913617 0.04129026195380854
213.1884162715869 5.2049581062833035 -0.04054767547633324 0.04059596762153224
222.8787988293916 5.290711066286622 -0.03988526574587041 0.03992464086995237
232.5691813871963 5.373511258787072 -0.03924421391079694 0.039275160463112746
242.25956394488458 5.453537653957428 -0.038623501586867094 0.0386464769824027
251.94994650268927 5.530952365977261 -0.03802217419557736 0.03803760716695222
261.64032906049397 5.605902825143784 -0.03743933604018423 0.037447628781009566
271.33071161829866 5.678523599561462 -0.03687414583098406 0.03687567595179346
281.02109417610336 5.748937933406087 -0.03632581261282395 0.036320934928361776
290.71147673390806 5.8172590541114735 -0.0357935920532268 0.03578264021775951
300.40185929171275 5.883591289740633 -0.03527678305440729 0.03526007105986842
310.09224184951745 5.948031029349347 -0.034774724656664105 0.034752548206818105
319.78262440732215 6.010667552635429 -0.03428679320431274 0.03425943097669572
329.47300696512684 6.071583750103185 -0.033812399748540105 0.03378011455467937
339.16338952293154 6.130856751003133 -0.033350987664381056 0.033314027517688666
348.85377208073623 6.1885584731714065 -0.03290203046149159 0.032860629561249605
358.54415463854093 6.244756106398266 -0.032465029770569295 0.03241940940955992
368.2345371963456 6.299512538955804 -0.03203951348918965 0.03198988289175762
377.9249197541503 6.352886735303002 -0.03162503407251911 0.03157159116917413
387.615302311955 6.404934071678125 -0.031221166955862033 0.03116409909992482
397.3056848697597 6.455706635221251 -0.03082750909732463 0.03076699372858258
406.9960674275644 6.505253491393928 -0.030443677630053925 0.0303798828899131
416.6864499853691 6.553620923740667 -0.030069308614554938 0.03000239391674698
426.3768325431738 6.6008526494384885 -0.02970405588251851 0.029634172443038693
436.0672151008621 6.646990013581682 -0.029347589964424846 0.02927488129403491
445.7575976586668 6.692072164735974 -0.02899959709389752 0.028924199456219563
455.4479802164715 6.743623065068723 -0.02865977828253302 0.028581821120485847
465.1383627742762 6.827118858540704 -0.02832784845937229 0.028247454792452952
474.82874533208087 6.907070753542703 -0.02800353566986153 0.02792082246455251
484.51912788988557 6.9837025162135316 -0.02768658032953424 0.02760165884491559
494.20951044769026 7.057218124897401 -0.027376734528104282 0.027289710638568904
503.89989300549496 7.127804089618294 -0.027073761380040237 0.026984735876846678
513.5902755632997 7.195631430111881 -0.026777434418037194 0.026686503291286637
523.2806581211044 7.260857372629733 -0.026487537026115008 0.02639479172860487
532.971040678909 7.323626813467016 -0.026203861909353938 0.026109389603639333
542.6614232367137 7.384073587709299 -0.02592621059753352 0.025830094387417638
552.3518057945184 7.442321574337642 -0.02565439298017156 0.02555671212774609
562.0421883523231 7.498485663059282 -0.02538822687066891 0.025289056999934702
571.7325709101278 7.552672603666926 -0.025127537597455687 0.025026950885471178
581.4229534679325 7.60498175509324 -0.024872157620206465 0.024770222976636034
591.1133360257372 7.655505748409828 -0.024621926169348614 0.024518709405214473
600.8037185835419 7.7043310756639976 -0.024376688907230378 0.024272252893608837
610.4941011413466 7.751538614532301 -0.024136297609444798 0.024030702426790562
620.1844836990349 7.797204097204416 -0.023900609864926665 0.023793912943656577
629.8748662568396 7.841398530628602 -0.02366948879352792 0.02356174504644748
639.5652488146443 7.884188574175837 -0.023442802779934387 0.023334064727046907
649.255631372449 7.925636879916228 -0.02322042522277804 0.02311074310897577
658.9460139302537 7.965802399945819 -0.023002234297980487 0.02289165620408038
668.6363964880584 8.004740664596131 -0.022788112735379 0.022676684682931953
678.3267790458631 8.04250403483535 -0.02257794760777566 0.022465713658046945
688.0171616036678 8.079141931731407 -0.02237163013161065 0.02225863247910066
697.7075441614725 8.114701045474423 -0.022169055478518856 0.0220553345393671
707.3979267192772 8.149225526138496 -0.021970122597082645 0.02185571709267356
717.0883092770819 8.182757158091384 -0.02177473404414252 0.021659681080209495
726.7786918348866 8.215335519727713 -0.02158279582507299 0.021467130966576327
736.4690743926913 8.246998130001055 -0.02139421724247229 0.02127797458450791
746.159456950496 8.277780583057037 -0.021208910752753333 0.021092122987731412
755.8498395083006 8.307716672119929 -0.021026791830158372 0.020909490311475
765.5402220661053 8.336838503654922 -0.020847778837752837 0.020729993640162682
775.23060462391 8.365176602714978 -0.020671792904983725 0.020553552881867915
784.9209871817147 8.39276001028217 -0.020498757811416034 0.020380090649126593
794.6113697395194 8.419616373326722 -0.02032859987628652 0.020209532145736807
804.3017522972077 8.445772028230564 -0.020161247853539715 0.020041805059199214
813.9921348550124 8.471252078157553 -0.019996632832019648 0.019876839458461356
823.6825174128171 8.496080464886779 -0.019834688140552902 0.019714567696691995
833.3728999706218 8.520280035584324 -0.01967534925760761 0.019554924318761165
843.0632825284265 8.543872604931554 -0.019518553725301032 0.019397845973190542
852.7536650862312 8.566879012993656 -0.019364241067502272 0.019243271328312973
862.4440476440359 8.58931917917346 -0.019212352711806213 0.0190911409924101
872.1344302018406 8.611212152563407 -0.019062831915166695 0.018941397437609652
881.8248127596453 8.632576158979562 -0.01891562369299028 0.018793984927337463
891.51519531745 8.653428644935527 -0.018770674751504044 0.018648849447131934
901.2055778752547 8.673786318791024 -0.018726589005811572 0.018517160363282225
910.8959604330594 8.693665189288948 -0.018583450201188283 0.01837613284053803
920.5863429908641 8.713080601676037 -0.018442549307586587 0.01823724466503688
930.2767255486688 8.732047271585373 -0.018303829648967134 0.018100446996206332
939.9671081064735 8.750579316843787 -0.018167236861235486 0.017965692518336396
949.6574906642782 8.768690287353479 -0.018032718733452566 0.017832935375914818
959.3478732220829 8.786393193184747 -0.017900225066078596 0.017702131112949965
969.0382557798875 8.8037005310055 -0.017769707543816588 0.017573236615900035
978.7286383376922 8.820624308963056 -0.017641119621034814 0.017446210059880382
988.4190208953805 8.83717607012421 -0.017514416418083677 0.017321010857865776
998.1094034531852 8.853366914572636 -0.01738955462708386 0.01719759961263047
