-600.8037185835419 11.307483656493442 0.0 0.0
-591.1133360257372 11.307483656493442 0.0 0.0
-581.4229534679325 11.307483656493442 0.0 0.0
-571.7325709101278 11.307483656493442 0.0 0.0
-562.0421883523231 11.307483656493442 0.0 0.0
-552.3518057945184 11.307483656493442 0.0 0.0
-542.6614232367137 11.307483656493442 0.0 0.0
-532.971040678909 11.307483656493442 0.0 0.0
-523.2806581211044 11.307483656493442 0.0 0.0
-513.5902755632997 11.307483656493442 0.0 0.0
-503.8998930056114 11.307483656493442 0.0 0.0
-494.2095104478067 11.307483656493442 0.0 0.0
-484.519127890002 11.307483656493442 0.0 0.0
-474.8287453321973 11.307483656493442 0.0 0.0
-465.1383627743926 11.307483656493442 0.0 0.0
-455.4479802165879 11.307483656493442 0.0 0.0
-445.7575976587832 11.307483656493442 0.0 0.0
-436.0672151009785 11.307483656493442 0.0 0.0
-426.3768325431738 11.307483656493442 0.0 0.0
-416.6864499853691 11.307483656493442 0.0 0.0
-406.9960674275644 11.307483656493442 0.0 0.0
-397.3056848697597 11.307483656493442 0.0 0.0
-387.615302311955 11.307483656493442 0.0 0.0
-377.9249197541503 11.307483656493442 0.0 0.0
-368.2345371963456 11.307483656493442 0.0 0.0
-358.54415463854093 11.307483656493442 0.0 0.0
-348.85377208073623 11.307483656493442 0.0 0.0
-339.16338952293154 11.307483656493442 -0.00015077227337094808 0.0
-329.47300696512684 11.307483656493442 -0.0001487323301815227 0.0
-319.78262440743856 11.307483656493442 -0.00014674685080803482 0.0
-310.09224184963387 11.307483656493442 -0.00014481368281503293 0.0
-300.40185929182917 11.307483656493442 -0.00014293078571275735 0.0
-290.7114767340245 11.307483656493442 -0.00014109622377275703 0.0
-281.0210941762198 11.307483656493442 -0.00013930815938988978 0.0
-271.3307116184151 11.307483656493442 -0.00013756484694271197 0.0
-261.6403290606104 11.307483656493442 -0.00013586462710915814 0.0
-251.9499465028057 11.307483656493442 -0.00013420592159860467 0.0
-242.259563945001 11.307483656493442 -0.0001325872282651608 0.0
-232.5691813871963 11.307483656493442 -0.00013100711657038452 0.0
-222.8787988293916 11.307483656493442 -0.00012946422336661674 0.0
-213.1884162715869 11.307483656493442 -0.0001279572489748097 0.0
-203.4980337137822 11.307483656493442 -0.0001264849535331295 0.0
-193.8076511559775 11.307483656493442 -0.00012504615359477302 0.0
-184.1172685981728 11.307483656493442 -0.00012363971895537677 0.0
-174.42688604036812 11.307483656493442 -0.0001222645696921444 0.0
-164.73650348256342 11.307483656493442 -0.00012091967339838854 0.0
-155.04612092475872 11.307483656493442 -0.0001196040425986065 0.0
-145.35573836695403 11.307483656493442 -0.0005479561353616058 0.0
-135.66535580914933 11.307483656493442 -0.0005408210108102528 0.0
-125.97497325146105 11.307483656493442 -0.0005338709529180851 0.0
-116.28459069365636 11.307483656493442 -0.0035560300752418565 0.0
-106.59420813585166 11.307483656493442 -0.0035080661231093008 0.0
-96.90382557804696 11.307483656493442 -0.0034613813136607453 0.0
-87.21344302024227 11.307483656493442 -0.0034159250749755134 0.0
-77.52306046243757 11.307483656493442 -0.0033716494693587008 0.0
-67.83267790463287 11.307483656493442 -0.0033285090238775825 0.0
-58.14229534682818 11.307483656493442 -0.003973817312872045 0.0
-48.45191278902348 11.307483656493442 -0.00392349937991002 0.0
-38.761530231218785 11.307483656493442 -0.0038744428568903513 0.0
-29.07114767341409 11.307483656493442 -0.0038266008002842294 0.0
-19.380765115609393 11.307483656493442 -0.003779928571565722 0.0
-9.690382557804696 11.307483656493442 -0.0037343836972256713 0.0
0.0 8.601021678252598 -0.02001832460415605 0.02814127880948414
9.690382557804696 8.88351575460782 -0.019752161358881144 0.027757372620087015
19.380765115609393 9.046572386509293 -0.02093186355950817 0.02738380003324238
29.07114767341409 9.16812390548734 -0.020660010313925937 0.027020149365239457
38.761530231218785 9.266656598474523 -0.02089723849369568 0.026738151805959485
48.45191278902348 9.350108843796061 -0.023693168232828337 0.027897772531855384
58.14229534671176 9.422749238555737 -0.02339335182317168 0.02754024080073617
67.83267790451646 9.48718212450736 -0.023101052255629383 0.02719175901284676
77.52306046232115 9.545132517274535 -0.024263235157399234 0.027166585279628584
87.21344302012585 9.597811306099862 -0.023965568810660417 0.026830946974895135
96.90382557793055 9.646106128009173 -0.023675142306684768 0.026503503285485414
106.59420813573524 9.690689914011585 -0.023391693888310996 0.026183957635877116
116.28459069353994 9.732086718866949 -0.023114974301053637 0.025872027595632452
125.97497325134464 9.770713725724372 -0.022844746053578238 0.025567444045763978
135.66535580914933 9.806909176323105 -0.02258078273017332 0.02526995040338855
145.35573836695403 9.840951587887595 -0.022322868350994153 0.024979301899967773
155.04612092475872 9.873073361105261 -0.022070796776242154 0.024695264908861966
164.73650348256342 9.90347065635287 -0.021824371150792513 0.02441761631830981
174.42688604036812 9.932310715782743 -0.021583403386095695 0.024146142946292328
184.1172685981728 9.959737393779363 -0.021347713676461186 0.02388064099405205
193.8076511559775 9.985875403301517 -0.021117130047085243 0.02362091553531979
203.4980337137822 10.010833624174536 -0.02089148793141401 0.023366780038555326
213.1884162715869 10.034707714417289 -0.020670629775640336 0.023118055919738586
222.8787988293916 10.057582195795336 -0.02045440466831972 0.02287457212345535
232.5691813871963 10.07953213726577 -0.02024266799326028 0.022636164730210448
242.25956394488458 10.100624527042575 -0.020035281103997608 0.022402676588074596
251.94994650268927 10.120919400792134 -0.019832111018287506 0.022173956966906896
261.64032906049397 10.14047077683472 -0.019633030131227972 0.021949861233594808
271.33071161829866 10.159327437157604 -0.019437915945649885 0.02173025054678346
281.02109417610336 10.177533584147366 -0.019271680802111453 0.021514991569781334
290.71147673390806 10.195129396333389 -0.01908381262906974 0.02130395620037686
300.40185929171275 10.212151501445966 -0.01889958091522167 0.021097021316417188
310.09224184951745 10.228633381298213 -0.018718880845299057 0.02089406853608646
319.78262440732215 10.244605720085865 -0.018575804055822702 0.020694983991902078
329.47300696512684 10.2600967054392 -0.01840140457762073 0.02049965811752147
339.16338952293154 10.275132289795238 -0.01823025797118667 0.02030798544652001
348.85377208073623 10.289736418266836 -0.01806227382988349 0.020119864422362986
358.54415463854093 10.30393122808104 -0.01789736507563926 0.019935197218851605
368.2345371963456 10.317737223776822 -0.01780250510470492 0.019753889570375563
377.9249197541503 10.335112550085547 -0.017642582058944888 0.019575850611352686
387.615302311955 10.353875558578109 -0.017485516364914407 0.0194009927242809
397.3056848697597 10.371954184866546 -0.01733123183086676 0.019229231395867956
406.9960674275644 10.389392548051752 -0.017179654962210116 0.019060485080742467
416.6864499853691 10.406230677187725 -0.017030714842553432 0.018894675072284015
426.3768325430574 10.42250499114926 -0.016884343021037924 0.0187317253801441
436.0672151008621 10.43824871054537 -0.01674047340555621 0.018571562614045665
445.7575976586668 10.453492212950557 -0.01659904216152559 0.01841411587351682
455.4479802164715 10.468263340598465 -0.0164599876158455 0.01825931664317125
465.1383627742762 10.4825876679931 -0.016323250165753964 0.018107098693239832
474.82874533208087 10.496488735560908 -0.016188772192282295 0.01795739798503779
484.51912788988557 10.509988254397136 -0.01605649797803916 0.017810152581085925
494.20951044769026 10.523106286300465 -0.01592637362907182 0.01766530255962071
503.89989300549496 10.535861402593435 -0.015798347000568886 0.017522789933245096
513.5902755632997 10.548270824659573 -0.015672367626184753 0.01738255857148798
523.2806581211044 10.560350548663743 -0.015548386650780028 0.01724455412705496
532.971040678909 10.57211545654071 -0.015426356766385787 0.017108723965566616
542.6614232367137 10.583579415021097 -0.015306232151211756 0.016975017098593413
552.3518057945184 10.59475536420205 -0.015187968411529942 0.016843384119808222
562.0421883523231 10.605655396951297 -0.015071522526276034 0.01671377714408826
571.7325709101278 10.616290830250593 -0.01495685279422058 0.0165861497494089
581.4229534679325 10.626672269430715 -0.014843918783571245 0.01646045692138085
591.1133360257372 10.636809666120671 -0.014732681283876059 0.01633665500029175
600.8037185835419 10.646712370623986 -0.014623102260105332 0.016214701630521036
610.4941011412302 10.656389179341824 -0.014515144808798786 0.016094555712206342
620.1844836990349 10.665848377783965 -0.01440877311616221 0.015976177355036973
629.8748662568396 10.675097779638483 -0.014303952418031647 0.015859527834086836
639.5652488146443 10.684144762316896 -0.014200648961583549 0.01574456954755517
649.255631372449 10.69299629933733 -0.014098829968720741 0.015631265976339837
658.9460139302537 10.701658989867683 -0.013998463601041565 0.015519581645343212
668.6363964880584 10.710139085712528 -0.013899518926313905 0.015409482086425914
678.3267790458631 10.718442515995264 -0.013801965886378798 0.015300933802927004
688.0171616036678 10.726574909758861 -0.013705775266412899 0.015193904235674077
697.7075441614725 10.734541616683948 -0.013610918665482752 0.015088361730410565
707.3979267192772 10.742347726101483 -0.013517368468327923 0.014984275506571906
717.0883092770819 10.749998084458484 -0.013425097818313195 0.014881615627345825
726.7786918348866 10.757497311378609 -0.013334080591493694 0.014780352970955533
736.4690743926913 10.764849814444869 -0.01324429137173953 0.014680459203107869
746.159456950496 10.772059802818829 -0.013155705426869817 0.014581906750551774
755.8498395083006 10.779131299799198 -0.013068298685748346 0.01448466877569512
765.5402220661053 10.78606815441269 -0.012982047716295854 0.014388719152230799
775.23060462391 10.79287405212086 -0.01289692970437641 0.014294032441725621
784.9209871817147 10.799552524718761 -0.012812922433517289 0.014200583871127928
794.6113697395194 10.806106959494025 -0.012730004265424364 0.014108349311152006
804.3017522972077 10.812540607708417 -0.012648154121257433 0.014017305255500972
813.9921348550124 10.818856592458904 -0.012567351463625523 0.013927428800883816
823.6825174128171 10.825057915968248 -0.01248757627928406 0.013838697627807369
833.3728999706218 10.831147466353473 -0.012408809062483473 0.013751089982087477
843.0632825284265 10.837128023913403 -0.01233103079895454 0.013664584657063552
852.7536650862312 10.843002266974601 -0.012254222950496765 0.013579160976479489
862.4440476440359 10.848772777330858 -0.012178367440144215 0.013494798778002916
872.1344302018406 10.854442045308582 -0.012103446637883783 0.013411478397355186
881.8248127596453 10.860012474487489 -0.012029443346901881 0.013329180653025905
891.51519531745 10.865486386103612 -0.011956340790336863 0.01324788683154701
901.2055778752547 10.870866023159312 -0.011884122598515574 0.013167578673302632
910.8959604330594 10.87615355426281 -0.011812772796653477 0.013088238358852132
920.5863429908641 10.881351077218035 -0.011742275792998766 0.013009848495744823
930.2767255486688 10.886460622383701 -0.011672616367401845 0.012932392105805855
939.9671081064735 10.891484155819082 -0.011603779660292473 0.012855852612873687
949.6574906642782 10.896423582232444 -0.01153575116204761 0.01278021383097066
959.3478732220829 10.901280747746824 -0.011468516702733956 0.01270545995288882
969.0382557798875 10.906057442496676 -0.011402062442209733 0.012631575539174093
978.7286383376922 10.910755403067753 -0.01133637486057124 0.012558545507492776
988.4190208953805 10.915376314791617 -0.011271440748930812 0.012486355122365678
998.1094034531852 10.919921813905564 -0.011207247200508393 0.012414989985250195
