-1007.7997860111063 9.749733591657249 -0.006283986848778665 0.0014192690112693944
-998.1094034533016 9.750520073123655 -0.006362115417701548 0.0014225968872330276
-988.4190208954969 9.751304685024499 -0.006362606819311757 0.0014175521204910938
-978.7286383376922 9.752087408983815 -0.00631958701917928 0.0014096758745468267
-969.0382557798875 9.752868226775712 -0.006277601923818543 0.001401947115780773
-959.3478732220829 9.75364712034266 -0.006236595923781295 0.001394358915753067
-949.6574906642782 9.754424071812592 -0.006196517908396321 0.0013869048772872324
-939.9671081064735 9.755199063514823 -0.006157320803034404 0.0013795790814748572
-930.2767255486688 9.755972077994906 -0.006118961163038928 0.0013723760410111305
-920.5863429908641 9.756743098028412 -0.006179615071673037 0.001369230214922236
-910.8959604330594 9.757512106633703 -0.0061402901594419315 0.001362156562481003
-901.2055778752547 9.758279087083775 -0.006111889531764806 0.0013557174491471945
-891.51519531745 9.759044022917127 -0.006073970722986185 0.001348853163380664
-881.8248127596453 9.75980689794781 -0.006036836877262368 0.0013420943992091285
-872.1344302018406 9.760567696274597 -0.006000451591822581 0.0013354371863814574
-862.4440476440359 9.761326402289384 -0.005964781080907006 0.0013288778103035261
-852.7536650862312 9.762083000684806 -0.005929793931544699 0.0013224127899321792
-843.0632825284265 9.762837476461131 -0.005895460886871796 0.0013160388579967724
-833.3728999706218 9.763589814932505 -0.005861754653369358 0.0013097529432620385
-823.6825174129335 9.764340001732466 -0.005828649728942944 0.001303552154586274
-813.9921348551288 9.765088022818924 -0.005796122249214406 0.0012974337665621564
-804.3017522973241 9.765833864478441 -0.005764149849782093 0.0012913952065576827
-794.6113697395194 9.766577513330049 -0.005732711542508179 0.001285434042996406
-784.9209871817147 9.76731895632847 -0.005701787604172527 0.0012795479747394448
-775.23060462391 9.768058180766854 -0.005671359476049569 0.0012737348214478196
-765.5402220661053 9.768795174279026 -0.005701601617586905 0.0012679925148193839
-755.8498395083006 9.769529924841285 -0.005670576805913029 0.0012623190906075245
-746.159456950496 9.770262420773765 -0.005640074774132009 0.0012567126813400537
-736.4690743926913 9.770992650741388 -0.00562624620692014 0.0012511715096663997
-726.7786918348866 9.771720603754442 -0.005596310799776882 0.0012456938822696512
-717.0883092770819 9.772446269168777 -0.005583824934118866 0.0012407885271042867
-707.3979267192772 9.773169636685681 -0.005553900975606059 0.0012354371919464605
-697.7075441614725 9.77389069635141 -0.005530816703126162 0.0012301279230496158
-688.0171616036678 9.774609438556423 -0.005502194025339154 0.0012248767892844576
-678.3267790458631 9.775325854034337 -0.005474017269109554 0.001219682397391407
-668.6363964880584 9.776039933860597 -0.005446270421874957 0.001214543414924095
-658.9460139302537 9.776751669450906 -0.005418938448432086 0.001209458566372036
-649.255631372449 9.77746105255942 -0.005408775618051402 0.0012044266296024327
-639.5652488147607 9.778168075276684 -0.005397555217139942 0.0011994464325889007
-629.874866256956 9.778872730027457 -0.00537057685273198 0.0011945168503984063
-620.1844836991513 9.7795750095682 -0.005344001295450007 0.0011896368024123245
-610.4941011413466 9.780274906984507 -0.005317814444428405 0.0011848052497583357
-600.8037185835419 9.780972415688316 -0.0052920030609298835 0.0011800211929344478
-591.1133360257372 9.781667529414964 -0.00526655469372976 0.0011752836696073544
-581.4229534679325 9.782360242220095 -0.005345022892528812 0.0011705917525696304
-571.7325709101278 9.783050548476467 -0.00531757309636727 0.0011659445478418608
-562.0421883523231 9.783738442870584 -0.005364198533216272 0.0011613411929072232
-552.3518057945184 9.784423920399263 -0.005335770178930361 0.0011567808550673347
-542.6614232367137 9.785106976366066 -0.005307864267476522 0.0011522627299092674
-532.971040678909 9.785787606377642 -0.005280456671303966 0.0011477860398746375
-523.2806581211044 9.786465806340004 -0.005253525132717247 0.0011433500329225464
-513.5902755632997 9.787141572454692 -0.005288018601466187 0.0011389539812789273
-503.89989300549496 9.7878149012149 -0.005260399909774457 0.0011345971802655393
-494.20951044769026 9.78848578940151 -0.005233279619897437 0.001130278947202483
-484.51912788988557 9.789154234079096 -0.00520663534783804 0.0011259986203786495
-474.82874533208087 9.78982023259186 -0.005180446386225447 0.0011217555580850178
-465.1383627742762 9.79048378255953 -0.005274431041760709 0.0011228935478488306
-455.4479802164715 9.791144881873219 -0.005246044598371964 0.0011185869468441567
-445.7575976587832 9.791803528691247 -0.005218211524938997 0.0011143225676993403
-436.0672151009785 9.792459721434986 -0.0051909052920405315 0.0011100993475049797
-426.3768325431738 9.79311345878457 -0.005300051669373835 0.0011059162859722127
-416.6864499853691 9.79376473967471 -0.005270226964041884 0.0011017724393621367
-406.9960674275644 9.794413563290435 -0.005241036798834578 0.0010976669151849417
-397.3056848697597 9.795059929062825 -0.005212448805999546 0.0010935988675526225
-387.615302311955 9.795703836664762 -0.005184433210398667 0.0010895674930893463
-377.9249197541503 9.79634528600666 -0.005156962558970106 0.0010855720273195014
-368.2345371963456 9.796984277232225 -0.005130011484281604 0.0010816117414665528
-358.54415463854093 9.79762081071418 -0.005103556497190012 0.001077685939606506
-348.85377208073623 9.79825488705005 -0.005077575804446406 0.0010737939561285936
-339.16338952293154 9.798886507057917 -0.0050520491477592565 0.0010699351534630374
-329.47300696512684 9.799515671772223 -0.005026957661380137 0.0010661089200417835
-319.78262440732215 9.80014238243956 -0.005002283745731467 0.0010623146684631056
-310.09224184951745 9.800766640514528 -0.004978010954972244 0.0010585518338351637
-300.40185929171275 9.801388447655551 -0.004954123896710706 0.0010548198722771344
-290.71147673390806 9.802007805720786 -0.004930608142334001 0.0010511182595594627
-281.02109417610336 9.802624716764006 -0.004907450146643629 0.001047446489867316
-271.33071161829866 9.803239183030552 -0.004884637175669426 0.0010438040746734154
-261.6403290606104 9.80385120695328 -0.004862157241690146 0.0010401905417082805
-251.9499465028057 9.804460791148598 -0.004839999044618304 0.0010366054340171565
-242.259563945001 9.80506793841244 -0.00481815191902404 0.0010330483090951134
-232.5691813871963 9.80567265171639 -0.0047966057861584584 0.0010295187380914197
-222.8787988293916 9.806274934203762 -0.004775351110427488 0.0010260163050767972
-213.1884162715869 9.806874789185741 -0.004754378859831301 0.0010225406063670665
-203.4980337137822 9.807472220137587 -0.004733680469946004 0.0010190912498977463
-193.8076511559775 9.808067230694846 -0.0047032453178012775 0.0010164129608220933
-184.1172685981728 9.808659824649618 -0.004683331072907527 0.0010129957579445967
-174.42688604036812 9.809250005946865 -0.004663654271319719 0.0010096047696590861
-164.73650348256342 9.809837778680762 -0.004644208898505158 0.0010062395719053203
-155.04612092475872 9.810423147091106 -0.004624989174206688 0.001002899756786731
-145.35573836695403 9.811006115559731 -0.004605989542405683 0.0009995849313333555
-135.66535580914933 9.811586688607008 -0.004587204661433837 0.0009962947164060861
-125.97497325134464 9.81216487088837 -0.004568629394317952 0.000993028745721915
-116.28459069353994 9.81274066719089 -0.004550258799416301 0.0009897866649832543
-106.59420813573524 9.813314082429903 -0.004532088121385452 0.0009865681310971838
-96.90382557793055 9.81388512164567 -0.004514112782501807 0.0009833728114727494
-87.21344302012585 9.814453790000089 -0.004496328374350981 0.0009802003833862586
-77.52306046243757 9.81502009277346 -0.004478730649890043 0.000977050533406121
-67.83267790463287 9.815584035361312 -0.0044613155158800665 0.0009739229568697447
-58.14229534682818 9.816145623271213 -0.004444079025686346 0.0009708173574068651
-48.45191278902348 9.816704862119721 -0.004427017372433014 0.0009677334465032294
-38.761530231218785 9.817261757629298 -0.004410126882504016 0.0009646709431006151
-29.07114767341409 9.817816315625322 -0.004393404009376308 0.0009616295732289981
-19.380765115609393 9.818368542033138 -0.004376845327771857 0.000958609069667459
-9.690382557804696 9.818918442875125 -0.004360447528114149 0.0009556091716308361
0.0 6.698075178540042 -0.09099652249416168 0.04792714227274754
9.690382557804696 6.88901403893352 -0.08872407498195929 0.046701001375731584
19.380765115609393 7.015433369592089 -0.08656630488223646 0.045536965169449835
29.07114767341409 7.1147079887576 -0.08451470565375552 0.04443042356168917
38.761530231218785 7.197998334078228 -0.08256159238501923 0.043377211823765464
48.45191278902348 7.270454095909026 -0.08706459140749424 0.044472038259863796
58.14229534682818 7.334954697837255 -0.08512467660321499 0.04346059901986116
67.83267790463287 7.393302534375216 -0.08327241220357294 0.04249487908444423
77.52306046243757 7.446713921013097 -0.08150195409646158 0.041571839051288015
87.21344302024227 7.496055162051921 -0.0798079673342048 0.0406887033277517
96.90382557804696 7.541968897915585 -0.07818557180124368 0.039842932096948114
106.59420813573524 7.584947272464747 -0.07663029470105476 0.039032196786705615
116.28459069353994 7.625376953140919 -0.07515588554745742 0.038254944123671884
125.97497325134464 7.663568201119568 -0.07372239184161519 0.03750801973681243
135.66535580914933 7.6997743957411595 -0.07234467296923633 0.03679021105086595
145.35573836695403 7.734205584292014 -0.08524945177556731 0.03609984323061367
155.04612092475872 7.767038149570261 -0.08360769123239022 0.03543536758579237
164.73650348256342 7.798421873342349 -0.08203114026797369 0.0347953499082139
174.42688604036812 7.8284852045535995 -0.08034341119784358 0.034178460079985575
184.1172685981728 7.857339260089668 -0.0788902753421022 0.03358346279401307
193.8076511559775 7.8850809117967176 -0.07749133244612551 0.03300920925026011
203.4980337137822 7.911795202434261 -0.07614354209440923 0.03245462971006916
213.1884162715869 7.937557260563417 -0.07484409112026415 0.03191872680680564
222.8787988293916 7.962433835705512 -0.07359037239787292 0.03140056952464935
232.5691813871963 7.986484541836111 -0.07421288145756169 0.030899287768919374
242.259563945001 8.009762874111548 -0.072996687614019 0.030414067461199464
251.9499465028057 8.032317047318298 -0.07182179792698933 0.029944146101002912
261.6403290606104 8.054190692738997 -0.0706860900596856 0.02948880874299422
271.3307116184151 8.075423441527072 -0.06958758789958037 0.029047384345057235
281.0210941762198 8.096051416328816 -0.06852444888348973 0.028619242447915062
290.7114767340245 8.116107648143108 -0.06749495265083462 0.028203790151696603
300.40185929171275 8.135622431819769 -0.06648108841267412 0.02780046935891765
310.09224184951745 8.154623630858563 -0.0655145722074458 0.02740875425684903
319.78262440732215 8.173136940052613 -0.06457715345788187 0.02702814901542861
329.47300696512684 8.19118611288374 -0.0636675099420793 0.026658185679397473
339.16338952293154 8.208793159278333 -0.0628368872050002 0.026300025065814463
348.85377208073623 8.225978518316193 -0.06197779231846029 0.025950002441369042
358.54415463854093 8.242761209669125 -0.06114303143670246 0.025609368626896587
368.2345371963456 8.25915896689302 -0.06033156397510653 0.025277749202945628
377.9249197541503 8.275188355169321 -0.05954240879399227 0.024954789421168883
387.615302311955 8.290864875662978 -0.05874098774545293 0.024640152928411978
397.3056848697597 8.30620305831379 -0.05799459974134915 0.024333520588908805
406.9960674275644 8.32121654459044 -0.0572678527490847 0.02403458939588544
416.6864499853691 8.335918161499931 -0.05655996757121802 0.023743071464746097
426.3768325431738 8.35031998794901 -0.05587020618994241 0.023458693100789133
436.0672151009785 8.3644334143919 -0.05519786905205409 0.023181193935090067
445.7575976587832 8.378269454601535 -0.054542292568196336 0.022910326122802308
455.4479802165879 8.40422363025519 -0.05390284680672077 0.02264585359867529
465.1383627743926 8.430141743113214 -0.05332395104483229 0.02238884486227787
474.8287453321973 8.455134957213486 -0.052713843665602125 0.022136465169889003
484.51912788988557 8.479264585860347 -0.05211821668352895 0.021889838232168446
494.20951044769026 8.50258607683288 -0.05153655079252939 0.02164876852347486
503.89989300549496 8.525149744146697 -0.05096835158207537 0.02141306929483816
513.5902755632997 8.547001385540826 -0.05041314803820079 0.02118256208633747
523.2806581211044 8.568182806816939 -0.04985489210181545 0.020957076271706475
532.971040678909 8.588732269780762 -0.04932475476648722 0.020736448632684524
542.6614232367137 8.608684877144999 -0.04882620016587811 0.020521061601703593
552.3518057945184 8.6280729051113 -0.04831854397842744 0.020309674545835207
562.0421883523231 8.646926092273437 -0.04782184211078899 0.02010269729013141
571.7325709101278 8.665271891844588 -0.047335737321425306 0.01989999246183079
581.4229534679325 8.68313569291032 -0.04685988793240196 0.019701428346581236
591.1133360257372 8.700541015372211 -0.046393966978809056 0.01950687859964112
600.8037185835419 8.717509682417957 -0.04593766141447383 0.01931622197463009
610.4941011413466 8.734061973688801 -0.045490671369535884 0.019129342068592337
620.1844836991513 8.750216761779235 -0.045052709455868034 0.01894612708223468
629.874866256956 8.765991634271874 -0.044623500116692284 0.01876646959429253
639.5652488147607 8.781403003158834 -0.044202779017067526 0.018590266349058592
649.2556313725654 8.796466203214893 -0.043790292472218155 0.018417418056184905
658.9460139303701 8.811195580653335 -0.04338579691093478 0.018247829201936433
668.6363964880584 8.825604573202124 -0.04298905837151984 0.018081407871139852
678.3267790458631 8.839705782579387 -0.042599852027929055 0.017918065579113567
688.0171616036678 8.853511040210376 -0.04221796174405263 0.01775771711295976
697.7075441614725 8.867031466922688 -0.041843179654085724 0.017600280381577033
707.3979267192772 8.880277527256238 -0.041475305767263555 0.017445676273866388
717.0883092770819 8.893259078948647 -0.04111414759527719 0.017293828524601422
726.7786918348866 8.905985418087454 -0.040759519800850776 0.017144663587484846
736.4690743926913 8.91846532036264 -0.04041124386607309 0.01699811051494556
746.159456950496 8.930707078802865 -0.04006914777918514 0.01685410084426179
755.8498395083006 8.942718538335466 -0.03973306573862244 0.01671256848962492
765.5402220661053 8.954507127472796 -0.0394028378732016 0.016573449639785104
775.23060462391 8.966079887394502 -0.03907830997742232 0.016436682660944446
784.9209871817147 8.977443498666796 -0.03875933326093129 0.016302208004586292
794.6113697395194 8.988604305814551 -0.03844576411126348 0.01616996811995011
804.3017522973241 8.99956833993978 -0.03813746386903981 0.016039907370880742
813.9921348551288 9.010341339560599 -0.03783429861485809 0.015911971956799015
823.6825174129335 9.020928769827325 -0.037536138967167974 0.015786109837557027
833.3728999707382 9.031335840256991 -0.0372428598904696 0.015662270661957172
843.0632825285429 9.041567521113905 -0.03695434051322126 0.015540405699727797
852.7536650862312 9.05162855855144 -0.03667046395488678 0.01542046777676363
862.4440476440359 9.061523488620391 -0.03639111716156785 0.015302411213440805
872.1344302018406 9.071256650236668 -0.03611619074977383 0.015186191765858436
881.8248127596453 9.080832197196843 -0.03584557885779568 0.01507176656981848
891.51519531745 9.090254109317844 -0.035579179004299945 0.014959094087416311
901.2055778752547 9.099526202772592 -0.03531689195371599 0.014848134056093214
910.8959604330594 9.108652139686253 -0.03505862158803929 0.01473884744002048
920.5863429908641 9.117635437052089 -0.0348042747846949 0.014631196383691656
930.2767255486688 9.12647947502076 -0.0345537613001273 0.014525144167606694
939.9671081064735 9.135187504612315 -0.03430699365880436 0.0144206551659388
949.6574906642782 9.143762654895758 -0.03406388704734216 0.014317694806081119
959.3478732220829 9.152207939677414 -0.03382435921347569 0.0142162295299767
969.0382557798875 9.160526263735676 -0.03358833036961738 0.014116226757140525
978.7286383376922 9.168720428636695 -0.03335572310076095 0.014017654849287886
988.4190208954969 9.176793138162697 -0.03312646227650282 0.013920483076488238
998.1094034533016 9.184747003381892 -0.03290047496696666 0.013824681584768272
