-1007.7997860109899 11.137740344092663 -0.02183893088135439 0.009423335482940613
-998.1094034533016 11.138484388185235 -0.021744906032240163 0.009390180411274035
-988.4190208954969 11.139222914822948 -0.02165173115136484 0.009357281381119475
-978.7286383376922 11.13995604993919 -0.02155939434608556 0.009324635164969421
-969.0382557798875 11.140683916327902 -0.021467883949945834 0.009292238593159897
-959.3478732220829 11.141406633576791 -0.021377188517232627 0.009260088552519497
-949.6574906642782 11.142124318013991 -0.02128729681769099 0.00922818198505684
-939.9671081064735 11.142837082667459 -0.021198197831391936 0.009196515886685493
-930.2767255486688 11.143545037236517 -0.021109880743748602 0.009165087305985146
-920.5863429908641 11.144248288074765 -0.02102942635934568 0.009134712443780064
-910.8959604330594 11.144946938183727 -0.02094254486135663 0.009103739086628941
-901.2055778752547 11.14564108721653 -0.020856416596938116 0.009072994997148181
-891.51519531745 11.146330831490895 -0.020771031422652114 0.009042477410932
-881.8248127596453 11.147016264010825 -0.020760171271861524 0.009015745325906162
-872.1344302018406 11.147697474496221 -0.020675243681677013 0.008985624427769658
-862.4440476440359 11.148374549419874 -0.020591056543657713 0.008955723308884037
-852.7536650862312 11.149047572051055 -0.020507599384107355 0.008926039337929424
-843.0632825284265 11.149716622505236 -0.020424861954764353 0.008896569929677915
-833.3728999706218 11.150381777799142 -0.0203725871509272 0.008868611131345036
-823.6825174128171 11.151043111910694 -0.020290853256943478 0.008839545549433765
-813.9921348551288 11.151700695843235 -0.020209820561157263 0.008810687517135376
-804.3017522973241 11.15235459769349 -0.020151535366109505 0.008783126727099917
-794.6113697395194 11.153004882722666 -0.020081339576780852 0.008755018495883211
-784.9209871817147 11.153651613430391 -0.020001930189570794 0.008726749489248575
-775.23060462391 11.154294849630853 -0.01992319499380272 0.008698679063119824
-765.5402220661053 11.15493464853078 -0.01984512451393601 0.008670804927980277
-755.8498395083006 11.155571064808871 -0.019767709484056692 0.008643124833259802
-746.159456950496 11.15620415069623 -0.01969094084050525 0.008615636566384113
-736.4690743926913 11.15683395605754 -0.019614809714898703 0.008588337951858184
-726.7786918348866 11.157460528472576 -0.019572015853021815 0.008562103516136704
-717.0883092770819 11.1580839133178 -0.01949668988213952 0.008535165922812369
-707.3979267192772 11.158704153847737 -0.01942497098546026 0.008508505766634502
-697.7075441614725 11.159321291275898 -0.019350843924066684 0.008481932175052246
-688.0171616036678 11.15993536485505 -0.0192773247974061 0.008455538212560695
-678.3267790458631 11.160546411956519 -0.019204405314642063 0.008429321895895282
-668.6363964880584 11.161154468148528 -0.019132077364052057 0.008403281273920175
-658.9460139302537 11.161759567273199 -0.019060333006863096 0.008377414426888392
-649.255631372449 11.162361741522249 -0.018989164471408377 0.008351719465726716
-639.5652488146443 11.162961021511139 -0.0189185641475824 0.008326194531344073
-629.874866256956 11.16355743635162 -0.018848524581574648 0.008300837793962606
-620.1844836991513 11.1641510137226 -0.0187790384708581 0.008275647452468515
-610.4941011413466 11.16474177993915 -0.01871009865942763 0.008250621733786266
-600.8037185835419 11.165329760019757 -0.01864169813325574 0.008225758892269168
-591.1133360257372 11.165914977751607 -0.018573830015963688 0.008201057209109954
-581.4229534679325 11.166497455753936 -0.018506487564689353 0.008176514991768831
-571.7325709101278 11.167077215539441 -0.01855690149869154 0.008152130573418443
-562.0421883523231 11.167654277573643 -0.018489004142010223 0.00812790231240509
-552.3518057945184 11.168228661332307 -0.018421655351430803 0.008103828591725516
-542.6614232367137 11.168800385356807 -0.01838166414713919 0.008079907818518613
-532.971040678909 11.169369467307517 -0.01831502303890957 0.008056138423571503
-523.2806581211044 11.16993592401519 -0.01825559958221067 0.008032665333886366
-513.5902755632997 11.17049977153038 -0.01818905732481959 0.008009233023672072
-503.89989300549496 11.171061025170903 -0.018134704902885875 0.00798590609087017
-494.20951044769026 11.171619699567374 -0.01806993905709717 0.007962724552369859
-484.51912788988557 11.172175808706832 -0.01800568451565765 0.007939686947674912
-474.82874533208087 11.172729365974543 -0.017941934063043823 0.007916791837378114
-465.1383627742762 11.173280384193928 -0.017878680662701905 0.007894037802744981
-455.4479802164715 11.173828875664745 -0.017852048047063012 0.007871423445308685
-445.7575976587832 11.174374852199495 -0.0178333542304038 0.007848947386476022
-436.0672151009785 11.1749183251582 -0.01777047862427457 0.007826608267142458
-426.3768325431738 11.175459305481407 -0.017708102066784456 0.0078044047473198154
-416.6864499853691 11.17599780372169 -0.017646217192984 0.007782335505770956
-406.9960674275644 11.176533830073556 -0.017584816836433915 0.007760399239655085
-397.3056848697597 11.177067394401815 -0.017523894020303583 0.00773859466418177
-387.615302311955 11.177598506268533 -0.017803333083288495 0.007716920512273611
-377.9249197541503 11.178127174958517 -0.01773870104488729 0.0076953755342373
-368.2345371963456 11.178653409503472 -0.019726748980598504 0.00767395849744276
-358.54415463854093 11.179177218704826 -0.019635369301833697 0.007652668186010096
-348.85377208073623 11.179698611155265 -0.019545298902301653 0.007631503400504128
-339.16338952293154 11.180217595259078 -0.01945649756974847 0.007610462957636239
-329.47300696512684 11.180734179251287 -0.01936892701574217 0.007589545689973306
-319.78262440732215 11.181248371215663 -0.019863700439253725 0.007568750445653505
-310.09224184951745 11.181760179101671 -0.019770559830490135 0.00754807608810877
-300.40185929171275 11.182269610740336 -0.019678758694713673 0.007527521495793674
-290.71147673390806 11.182776673859134 -0.0195882568360466 0.00750708556192061
-281.02109417610336 11.183281376095923 -0.019499015909559728 0.0074867671942009705
-271.33071161829866 11.183783725011958 -0.01944826319063008 0.007467636615509902
-261.64032906049397 11.184283728104017 -0.019360932139847 0.00744753567586636
-251.9499465028057 11.184781392815712 -0.019274770464822195 0.007427549496432742
-242.259563945001 11.185276726548008 -0.019189745662182685 0.007407677025182211
-232.5691813871963 11.18576973666893 -0.0208550543704822 0.008287591225206248
-222.8787988293916 11.186260430522616 -0.020748433673947058 0.00825571360129076
-213.1884162715869 11.186748815437623 -0.020643498179123906 0.008224274629861878
-203.4980337137822 11.187234898734614 -0.020540195204530484 0.008193260291208197
-193.8076511559775 11.187718687733414 -0.020438474505242485 0.008162657258966751
-184.1172685981728 11.188200189759437 -0.02033828812797234 0.00813245285602431
-174.42688604036812 11.188679412149616 -0.020239590276534457 0.008102635013774942
-164.73650348256342 11.189156362257746 -0.020142337186831265 0.008073192234438746
-155.04612092475872 11.189631047459358 -0.020046487010576312 0.008044113556176164
-145.35573836695403 11.19010347515607 -0.019951999707044164 0.008015388520758133
-135.66535580914933 11.190573652779568 -0.019858836942202328 0.007987007143575633
-125.97497325134464 11.191041587795059 -0.01976696199463935 0.007958959885793001
-116.28459069353994 11.191507287704408 -0.019676339667756136 0.007931237628467664
-106.59420813573524 11.191970760048852 -0.019586936207734964 0.007903831648475709
-96.90382557793055 11.192432012411356 -0.019498719226843684 0.007876733596097472
-87.21344302012585 11.192891052418673 -0.019411657631670718 0.007849935474130616
-77.52306046232115 11.193347887743032 -0.01932572155592185 0.007823429618410175
-67.83267790463287 11.193802526103559 -0.019240882297441846 0.0077972086796261175
-58.14229534682818 11.194254975267462 -0.019157112259145407 0.007771265606336407
-48.45191278902348 11.194705243050846 -0.019074384893589338 0.007745593629089011
-38.761530231218785 11.195153337319413 -0.018992674650905008 0.0077201862455630295
-29.07114767341409 11.195599265988822 -0.01891195692986776 0.007695037206657383
-19.380765115609393 11.196043037024923 -0.018832208031877237 0.007670140503455308
-9.690382557804696 11.196484658443715 -0.018753405117647535 0.0076454903550008954
0.0 8.499409711562269 0.0008530952231362974 0.03104550209485368
9.690382557804696 8.80022610505459 0.0006630702766998633 0.030701062852258987
19.380765115609393 8.968045232758332 0.0004793656695828143 0.03036549349541185
29.07114767341409 9.092562233608673 0.0003017136253578044 0.030038444117102117
38.761530231218785 9.193400699834825 0.00012986079719814355 0.029719583107947693
48.45191278902348 9.278823066465973 -3.643268081423313e-05 0.02940859597343987
58.14229534682818 9.353228982986941 -0.00019739406886606776 0.02910518424166218
67.83267790463287 9.419286978400715 -0.00035323882961875094 0.02880906445367308
77.52306046243757 9.478757652999542 -0.0005041713753298242 0.02851996722934132
87.21344302024227 9.532873416824318 -0.0006503857591942595 0.028237636402133472
96.90382557804696 9.582535779229746 -0.0007920663156904718 0.02796182821698526
106.59420813585166 9.628427055191928 -0.0009293882542536341 0.027692310585952503
116.28459069353994 9.67107789466767 -0.0010625182101843213 0.02742886239684457
125.97497325134464 9.710910271971668 -0.0011916147563422502 0.02717127287047171
135.66535580914933 9.748266024277841 -0.0013168288788113986 0.026919340962607265
145.35573836695403 9.783426464635767 -0.0014383044194821901 0.026672874807017154
155.04612092475872 9.816626258012112 -0.0015561784881745506 0.026431691196345076
164.73650348256342 9.848063482826129 -0.001670581846720698 0.02619561509786689
174.42688604036812 9.877907081412589 -0.0017816392672000548 0.025964479201413506
184.1172685981728 9.906302477759485 -0.0018894698663268423 0.025738123496995172
193.8076511559775 9.933375880646144 -0.0022996202445075965 0.025540892210982616
203.4980337137822 9.959237626007637 -0.0023971570843681887 0.025323309143789077
213.1884162715869 9.983984805674405 -0.0024919062166429322 0.025110075252443666
222.8787988293916 10.007703358577203 -0.002583962565308592 0.02490105566218281
232.5691813871963 10.030469752052015 -0.0026734170082650674 0.024696121078555993
242.259563945001 10.05235234712924 -0.0029647807500259695 0.02450840075592441
251.9499465028057 10.073412517735958 -0.003046513199164243 0.024311089255878555
261.6403290606104 10.093705576457758 -0.0031259684961900676 0.024117510403049488
271.3307116184151 10.113281546864695 -0.0032032203556941405 0.023927554336445223
281.0210941762198 10.132185813051738 -0.003278339527878712 0.02374111551574084
290.7114767340245 10.15045967005719 -0.003351393942523839 0.02355809251017756
300.40185929171275 10.16814079356217 -0.003422448844778837 0.023378387799740198
310.09224184951745 10.185263643290682 -0.0034982446008727662 0.023202063316005994
319.78262440732215 10.201859811488617 -0.0035653952108445825 0.023028715232738733
329.47300696512684 10.217958325541865 -0.0036307296236467077 0.022858414584920814
339.16338952293154 10.23358591199662 -0.004151456557739473 0.02273500733044809
348.85377208073623 10.248767227864949 -0.004207111111267622 0.022569956722031877
358.54415463854093 10.263525064020039 -0.004261276682565537 0.02240772768834169
368.2345371963456 10.277880524642041 -0.004301032631917906 0.022248244752856985
377.9249197541503 10.296989338481021 -0.00435252274265158 0.022091435147299904
387.615302311955 10.31660521107621 -0.00440264373391208 0.021937228690538716
397.3056848697597 10.335500241208768 -0.004451434480975145 0.02178555767395694
406.9960674275644 10.353720795454402 -0.004498932533366456 0.021636356752887477
416.6864499853691 10.37130889206003 -0.004545174167553793 0.02148956284373892
426.3768325431738 10.388302723924 -0.00579062140326298 0.021533341616763027
436.0672151009785 10.404737106497164 -0.005818199810973392 0.021388632360911722
445.7575976587832 10.420643863031614 -0.005845057788380444 0.02124622158093214
455.4479802165879 10.43605215726704 -0.005871209825035806 0.02110605161767469
465.1383627743926 10.450988781775363 -0.005896670262244537 0.02096806677293771
474.8287453321973 10.465478408694008 -0.005921453275937408 0.020832213225246043
484.519127890002 10.479543808396015 -0.005945572862160843 0.020698438950025412
494.20951044769026 10.493206040708966 -0.005965651595692585 0.020566693643901797
503.89989300549496 10.506484622553218 -0.0059885313021406416 0.020436928652863624
513.5902755632997 10.519397675272455 -0.006010787159217229 0.02030909690407564
523.2806581211044 10.531962054453372 -0.006032432388840969 0.020183152841094863
532.971040678909 10.54419346462726 -0.006074317642543137 0.020059514129482155
542.6614232367137 10.556106560914225 -0.006094497281118771 0.01993720825607186
552.3518057945184 10.56771503938186 -0.006114112181784859 0.01981666206501156
562.0421883523231 10.579031717640868 -0.0061331743455011155 0.019697835472532548
571.7325709101278 10.59006860698211 -0.006151695554137259 0.019580689632360152
581.4229534679325 10.600836977169317 -0.006156149222629493 0.019465186887616788
591.1133360257372 10.611347414835917 -0.006173807308232926 0.019351290724984
600.8037185835419 10.621609876291494 -0.006190953508346042 0.01923896573099831
610.4941011413466 10.631633735420676 -0.006207598918922956 0.019128177550364067
620.1844836991513 10.641427827253459 -0.0062237544062816565 0.01901889284617369
629.874866256956 10.651000487698337 -0.006239430609255778 0.018911079261932508
639.5652488147607 10.660359589856828 -0.0062546379416598625 0.018804705385292084
649.2556313725654 10.669512577277343 -0.006269386595022642 0.01869974071340149
658.9460139303701 10.678466494456377 -0.006301967920037468 0.018596543079327323
668.6363964881748 10.687228014853853 -0.0063155806110493685 0.018494303519625985
678.3267790458631 10.695803466655276 -0.006328770549183026 0.01839338693018908
688.0171616036678 10.704198856485915 -0.006341546804207981 0.01829376612356941
697.7075441614725 10.712419891256664 -0.00635391825381168 0.01819541467034422
707.3979267192772 10.720471998305102 -0.006365893586347748 0.018098306872537776
717.0883092770819 10.728360343975178 -0.0063723564988649155 0.018002417738172037
726.7786918348866 10.736089850766575 -0.006383634537921827 0.017907722956882748
736.4690743926913 10.74366521317206 -0.006402849348823434 0.017814367385819894
746.159456950496 10.751090912310243 -0.006413276802171521 0.017721988707404494
755.8498395083006 10.758371229451857 -0.006423350131650169 0.017630735372754613
765.5402220661053 10.765510258528899 -0.006433076900692925 0.017540585571263978
775.23060462391 10.772511917708838 -0.0064424645079991525 0.01745151806640951
784.9209871817147 10.779379960108704 -0.006451520190624558 0.01736351217675541
794.6113697395194 10.786117983718103 -0.006460251027090306 0.017276547757713638
804.3017522973241 10.792729440594307 -0.0064686639405007055 0.017190605184025466
813.9921348551288 10.799217645387351 -0.006476765701660581 0.017105665332930824
823.6825174129335 10.805585783248505 -0.0064845629321844366 0.01702170956799384
833.3728999707382 10.811836917170975 -0.00649206210759073 0.016938719723554596
843.0632825285429 10.817973994807788 -0.006499269560375162 0.01685667808977871
852.7536650863476 10.82399985480808 -0.006506191483057852 0.01677556739827802
862.4440476440359 10.82991723270968 -0.006512833931199817 0.016695370808277595
872.1344302018406 10.835728766423133 -0.006519202826385359 0.016616071893299323
881.8248127596453 10.841437001338068 -0.006525303959165828 0.016537654628353448
891.51519531745 10.847044395082765 -0.00653114299196354 0.016460103377596902
901.2055778752547 10.85255332196264 -0.006536725461932246 0.016383402882452474
910.8959604330594 10.857966077103004 -0.006542056783772718 0.01630753825016292
920.5863429908641 10.863284880318593 -0.006547142252501582 0.01623249494276275
930.2767255486688 10.868511879730875 -0.006551987046172281 0.016158258766449454
939.9671081064735 10.873649155152236 -0.0065565962285469076 0.016084815861337632
949.6574906642782 10.878698721254652 -0.006560974751718322 0.01601215269157966
959.3478732220829 10.883662530539144 -0.006565127458681771 0.015940256035837742
969.0382557798875 10.888542476120751 -0.006569059085855827 0.01586911297809263
978.7286383376922 10.893340394342797 -0.006572774265552316 0.015798710898775208
988.4190208954969 10.898058067233016 -0.006576277528395205 0.015729037466207716
998.1094034533016 10.902697224813044 -0.006579573305688593 0.015660080628341826
