-1007.7997860109899 11.171376158522662 -0.01054556601972899 0.008174810427836826
-998.1094034531852 11.172226975958537 -0.010497709296034075 0.008145141213905764
-988.4190208953805 11.173069778391238 -0.010450394913903734 0.00811568905559992
-978.7286383375758 11.173904643370992 -0.010403611053082235 0.008086451494944979
-969.0382557797711 11.174731648508995 -0.010357346304157864 0.008057426114797756
-959.3478732219664 11.175550871427076 -0.010311589648963875 0.008028610537788496
-949.6574906642782 11.17636238970989 -0.010343984963665124 0.00800000242530921
-939.9671081064735 11.177166280859625 -0.010298162906000937 0.00797159947654286
-930.2767255486688 11.17796262225296 -0.010252846072799852 0.00794339942753575
-920.5863429908641 11.178751491100394 -0.010208023730540552 0.007915400050303868
-910.8959604330594 11.179532964407738 -0.010163685512469812 0.007887599151975911
-901.2055778752547 11.180307118939687 -0.010119821401219399 0.007859994573968875
-891.51519531745 11.181074031185464 -0.010119812672797872 0.007832584191194595
-881.8248127596453 11.181833777326364 -0.010076280076727433 0.007805365911295454
-872.1344302018406 11.182586433205234 -0.010033209194239919 0.00777833767390757
-862.4440476440359 11.183332074297706 -0.009990590629211978 0.007751497449949999
-852.7536650862312 11.184070775685193 -0.01004659931634565 0.007724843240938482
-843.0632825284265 11.184802612029548 -0.010003522503729665 0.007698373078322463
-833.3728999706218 11.185527657549326 -0.009960907484381942 0.007672085022844163
-823.6825174128171 11.186245985997575 -0.009918744591323636 0.007645977163918575
-813.9921348550124 11.186957670641103 -0.009877024489087078 0.007620047619033347
-804.3017522972077 11.187662784241194 -0.00983573815768564 0.007594294533167545
-794.611369739403 11.188361399035635 -0.009794876877576193 0.0075687160782284615
-784.9209871815983 11.18905358672208 -0.009754432215539705 0.007543310452505514
-775.2306046237936 11.189739418442656 -0.009714396011412066 0.007518075880140561
-765.5402220661053 11.190418964769753 -0.0096747603656036 0.0074930106106141
-755.8498395083006 11.19109229569301 -0.009635517627347708 0.007468112918244877
-746.159456950496 11.191759480607306 -0.009596660383633758 0.0074433811017068354
-736.4690743926913 11.192420588301891 -0.009558181448767128 0.007418813483556628
-726.7786918348866 11.19307568695048 -0.010169146180931028 0.0074888264534391
-717.0883092770819 11.19372484410231 -0.010122570532169887 0.007463297443689364
-707.3979267192772 11.194368126674116 -0.010076590066533784 0.0074379622379993834
-697.7075441614725 11.195005600942988 -0.010031188988901494 0.0074128178789096
-688.0171616036678 11.195637332540054 -0.009986352180271574 0.007387861502377686
-678.3267790458631 11.196263386444965 -0.009942065158502853 0.00736309033275134
-668.6363964880584 11.196883826981134 -0.009898314041876414 0.007338501678105147
-658.9460139302537 11.197498717811708 -0.009855085515240038 0.007314092925909868
-649.255631372449 11.198108121936217 -0.00981236679851949 0.007289861539005745
-639.5652488146443 11.198712101687878 -0.009770145617401343 0.007265805051854254
-629.8748662568396 11.199310718731533 -0.009728410176010761 0.0072419210670450485
-620.1844836990349 11.199904034062158 -0.009687149131423803 0.00721820725203714
-610.4941011412302 11.200492108003951 -0.009646351569868901 0.0071946613361154235
-600.8037185834255 11.201075000209938 -0.009606006984485 0.0071712811075451315
-591.1133360256208 11.201652769662086 -0.009566105254516144 0.007148064410908735
-581.4229534678161 11.202225474671893 -0.00952663662583256 0.0071250091446109845
-571.7325709101278 11.202793172881416 -0.009487591692678717 0.007102113258539398
-562.0421883523231 11.203355921264768 -0.009448961380554035 0.0070793747518667904
-552.3518057945184 11.20391377612994 -0.00941073693014962 0.00705679167098916
-542.6614232367137 11.204466793121062 -0.009372909882255084 0.0070343621075835755
-532.971040678909 11.205015027221002 -0.009335472063572423 0.007012084196781242
-523.2806581211044 11.20555853275429 -0.009298415573369604 0.006989956115445811
-513.5902755632997 11.206097363390361 -0.009261732770915439 0.006967976080549686
-503.89989300549496 11.2066315721471 -0.009225416263641225 0.00694614234764139
-494.20951044769026 11.207161211394638 -0.009189458895979372 0.006924453209397646
-484.51912788988557 11.207686332859437 -0.009153853738832787 0.006902906994254297
-474.82874533208087 11.208206987628579 -0.009118594079632817 0.006881502065110767
-465.1383627742762 11.20872322615431 -0.013170565486269676 0.008882641939523966
-455.4479802164715 11.209235098258764 -0.014150929257449103 0.009078326168434618
-445.7575976586668 11.209742653138889 -0.014047822193967824 0.009027148652760655
-436.0672151008621 11.210245939371559 -0.013946869095425082 0.008976909279066567
-426.3768325430574 11.21074500491882 -0.013872404479472899 0.008928358074236612
-416.6864499852527 11.211239897133321 -0.01377519737853216 0.008879886682269219
-406.996067427448 11.211730662763857 -0.013679930547583192 0.008832259286512462
-397.3056848696433 11.212217347961035 -0.013586536630147092 0.008785447458984677
-387.615302311955 11.212699998283062 -0.013494951518401627 0.008739424145530377
-377.9249197541503 11.21317865870165 -0.013420484024813748 0.00869457142074339
-368.2345371963456 11.213653373607968 -0.013332128341417868 0.008650043539062324
-358.54415463854093 11.214124186818704 -0.013271754187054329 0.008607020367272029
-348.85377208073623 11.214591141582211 -0.013186267208747557 0.008563889293161337
-339.16338952293154 11.21505428058468 -0.013102325495052036 0.008521429761281753
-329.47300696512684 11.215513645956394 -0.013019880176505726 0.008479621379836906
-319.78262440732215 11.215969279278012 -0.012938884544500519 0.00843844465662853
-310.09224184951745 11.216421221586902 -0.012859293930719122 0.00839788094863981
-300.40185929171275 11.216869513383497 -0.012781065594621636 0.00835791241499677
-290.71147673390806 11.217314194637659 -0.012708717588420102 0.008318718211408253
-281.02109417610336 11.217755304795105 -0.01263303050512806 0.008279886815144905
-271.33071161829866 11.218192882783782 -0.012560317332713195 0.008241638447773515
-261.64032906049397 11.218626967020299 -0.012487063163918925 0.008203883724642582
-251.94994650268927 11.219057595416329 -0.0124483338248706 0.008167822901816993
-242.25956394488458 11.21948480538501 -0.0123769481846156 0.008131071691525635
-232.56918138707988 11.219908633847334 -0.012316940707743217 0.008095040247459455
-222.87879882927518 11.22032911723853 -0.012247631712654614 0.008059252914713173
-213.1884162714705 11.220746291514413 -0.012179388429486807 0.00802393043748071
-203.4980337137822 11.221160192157706 -0.012112181953519562 0.007989060970434326
-193.8076511559775 11.22157085418437 -0.01204598448893058 0.007954633116008098
-184.1172685981728 11.221978312149835 -0.011980769294707308 0.007920635902644847
-174.42688604036812 11.222382600155253 -0.0119165106337252 0.007887058764309484
-164.73650348256342 11.222783751853703 -0.011853183724787858 0.007853891521188905
-155.04612092475872 11.223181800456324 -0.01179076469742406 0.007821124361496616
-145.35573836695403 11.223576778738442 -0.011729230549258047 0.007788747824309001
-135.66535580914933 11.223968719045626 -0.011668559105782312 0.0077567527833653956
-125.97497325134464 11.224357653299702 -0.011608728982375428 0.007725130431769114
-116.28459069353994 11.224743613004723 -0.011549719548418942 0.007693872267531319
-106.59420813573524 11.225126629252873 -0.011491510893378172 0.007662970079903785
-96.90382557793055 11.225506732730327 -0.01146460576242004 0.007633595273068408
-87.21344302012585 11.22588395372305 -0.011407529763646054 0.0076033655923725945
-77.52306046232115 11.226258322122542 -0.011351209789255953 0.007573469301447481
-67.83267790451646 11.226629867431514 -0.011295628072540366 0.007543899215228879
-58.14229534671176 11.22699861876952 -0.01124076744509135 0.00751464838262731
-48.451912788907066 11.22736460487851 -0.011186611310895374 0.007485710076604943
-38.76153023110237 11.227727854128334 -0.011032542611180585 0.007467319438381446
-29.071147673297673 11.22808839452218 -0.011471468295609006 0.007439089441509957
-19.380765115609393 11.228446253701934 -0.011414036346697418 0.007410911863607282
-9.690382557804696 11.228801458953512 -0.011357389213104908 0.007383025627982297
0.0 1.3711992290384263 -0.004092083473858853 0.028018568138391615
9.690382557804696 2.4825832539700556 -0.004152555045087029 0.027710053123208227
19.380765115609393 3.189202915447897 -0.010286340578209582 0.027408951200913495
29.07114767341409 3.736713526260605 -0.010242163168948909 0.027115390248288452
38.761530231218785 4.190902286020053 -0.010198496313141927 0.026829079407213265
48.45191278902348 4.581424974178791 -0.010155328139471391 0.02654974274186488
58.14229534682818 4.924790044664352 -0.010112647256054083 0.02627711829048502
67.83267790463287 5.231363369704818 -0.010070442720884986 0.026010957188662587
77.52306046243757 5.508187365712388 -0.01002870401472065 0.02575102285791064
87.21344302024227 5.760320770093871 -0.009987421016157676 0.025497090253929152
96.90382557804696 5.9915514437614625 -0.009946583978690537 0.025248945169488876
106.59420813585166 6.204808170523523 -0.009906183509556844 0.025006383587357423
116.28459069365636 6.402414050909769 -0.009866210550199853 0.02476921107912207
125.97497325146105 6.586250414096462 -0.009826656358196312 0.02453724224615219
135.66535580926575 6.757867244230639 -0.009787512490514419 0.02431030019929164
145.35573836707044 6.918560125100754 -0.009748770787981016 0.02408821607418344
155.04612092487514 7.069425401746694 -0.009710423360849705 0.023870828579409118
164.73650348256342 7.211400699283662 -0.009672462575373391 0.023657983574879582
174.42688604036812 7.345295318464741 -0.009884058905722831 0.023468111212895035
184.1172685981728 7.471813459736781 -0.009843452366272955 0.02326366215940542
193.8076511559775 7.591572257082305 -0.009803302363248705 0.023063339086700083
203.4980337137822 7.7051159838040775 -0.009763598531580316 0.022867012499907684
213.1884162715869 7.812927386981862 -0.00972433089796829 0.022674558340268863
222.8787988293916 7.9154368354554085 -0.00968548985960616 0.022485857701490038
232.5691813871963 8.013029780036081 -0.009647066164395516 0.02230079656371294
242.259563945001 8.1060528947513 -0.009609050892527275 0.022119265543834754
251.9499465028057 8.194819175717338 -0.009571435439315636 0.021941159661017028
261.6403290606104 8.279612207754244 -0.009534211499181995 0.02176637811631468
271.3307116184151 8.360689760236358 -0.009497371050695752 0.02159482408544166
281.0210941762198 8.438286837647256 -0.009682851442008627 0.02144016117371992
290.7114767340245 8.512618283292891 -0.009643755663506219 0.02127460072836311
300.40185929182917 8.583881014141674 -0.009626991980978718 0.021113199066137428
310.09224184963387 8.652255949066294 -0.009588469628415294 0.020953467280132695
319.78262440743856 8.717909680622977 -0.009550376319267553 0.020796537078622286
329.47300696524326 8.780995931030443 -0.00951270231318929 0.020642331569847124
339.16338952304795 8.841656825556004 -0.009475438233177078 0.02049077669581636
348.85377208085265 8.900024010603946 -0.009438575046524159 0.02034180110217713
358.54415463854093 8.956219639077426 -0.009402104047043825 0.020195336015212714
368.2345371963456 9.010357241790574 -0.009366016838458266 0.02005131512550656
377.9249197541503 9.084121947097543 -0.009330305318867969 0.019909674477878888
387.615302311955 9.156328584840951 -0.009294961666209217 0.019770352367170986
397.3056848697597 9.224897564267103 -0.009259978324630465 0.019633289239541555
406.9960674275644 9.290082383797342 -0.009225347991715548 0.01949842759892777
416.6864499853691 9.352113572469179 -0.009191063606490905 0.019365711918359344
426.3768325431738 9.411201285342408 -0.009157118338159083 0.01923508855583403
436.0672151009785 9.46753754484316 -0.009123505575505612 0.01910650567448231
445.7575976587832 9.521298184798383 -0.009090218916930806 0.01897991316676821
455.4479802165879 9.572644543470261 -0.009057252161062113 0.018855262582489346
465.1383627743926 9.62172494361985 -0.00902459929790616 0.018732507060355705
474.8287453321973 9.66867599101601 -0.008992254500503333 0.01861160126294082
484.519127890002 9.713623717487625 -0.008960212117050049 0.018492501314812747
494.2095104478067 9.756684590313084 -0.008928466663457407 0.01837516474366442
503.8998930056114 9.797966406236636 -0.008897012816316755 0.018259550424275076
513.5902755634161 9.837569085531703 -0.008865845406245342 0.01814561852514454
523.2806581212208 9.875585379168962 -0.008834959411587292 0.018033330457652836
532.9710406790255 9.91210150019249 -0.008804349952446618 0.017922648827606292
542.6614232367137 9.947197688781866 -0.008774012285031742 0.01781353738904167
552.3518057945184 9.98094871912399 -0.008743941796289519 0.017705961000158543
562.0421883523231 10.013424355071427 -0.00871413399881582 0.017599885581284995
571.7325709101278 10.044689760620146 -0.008684584526018993 0.0174952780747432
581.4229534679325 10.074805870414473 -0.008655289127525343 0.01739210640653336
591.1133360257372 10.103829724808142 -0.008626243664810556 0.0172903394497334
600.8037185835419 10.131814773421917 -0.00859744410704331 0.017189946989526365
610.4941011413466 10.158811150638227 -0.008568886527128937 0.01709089968977147
620.1844836991513 10.18486592604441 -0.008540567097941175 0.016993169061039877
629.874866256956 10.210023332467456 -0.008512482088731173 0.016896727430040708
639.5652488147607 10.23432497392509 -0.008484627861703635 0.016801547910366855
649.2556313725654 10.257810015543118 -0.008457000868750425 0.01670760437449493
658.9460139303701 10.280515357250541 -0.008429597648333124 0.016614871426976513
668.6363964881748 10.302475792856626 -0.008402414822505828 0.01652332437876213
678.3267790459795 10.323724155933549 -0.008375449094070847 0.01643293922260228
688.0171616037842 10.34429145377043 -0.008348697243859837 0.01634369260947313
697.7075441615889 10.36420699052638 -0.008322156128133584 0.016255561825977292
707.3979267193936 10.383498480589012 -0.008295822676094347 0.016168524772672815
717.0883092771983 10.40219215303819 -0.008269693887504436 0.01608255994328626
726.7786918348866 10.420312848020716 -0.008243766830406103 0.015997646404768823
736.4690743926913 10.437884105760142 -0.008218038638935462 0.015913763778149934
746.159456950496 10.454928248848018 -0.008192506511230178 0.015830892220165992
755.8498395083006 10.471466458405471 -0.008167167707420236 0.015749012405608467
765.5402220661053 10.487518844638625 -0.008142019547701966 0.015668105510372933
775.23060462391 10.503104512264624 -0.0081170594104894 0.015588153195171069
784.9209871817147 10.51824162123778 -0.008092284730639542 0.015509137589876463
794.6113697395194 10.532947443164689 -0.008067692997747782 0.015431041278475603
804.3017522973241 10.547238413760825 -0.008043281754510143 0.015353847284596699
813.9921348551288 10.561130181668299 -0.008019048595149125 0.01527753905759085
823.6825174129335 10.574637653925373 -0.00799499116390002 0.015202100459140774
833.3728999707382 10.587775038351937 -0.007971107153555096 0.015127515750374075
843.0632825285429 10.60055588309161 -0.007947394304062558 0.015053769579458828
852.7536650863476 10.612993113529821 -0.007923850401178156 0.014980846969660604
862.4440476441523 10.625099066788142 -0.007900473275166664 0.014908733307840913
872.134430201957 10.636885523977757 -0.00787726079955114 0.014837414333378101
881.8248127597617 10.648363740379466 -0.007854210889907894 0.014766876127492792
891.5151953175664 10.659544473703338 -0.007831321502704802 0.014697105102960531
901.2055778753711 10.67043801056847 -0.007808590634181393 0.014628087994195408
910.8959604330594 10.681054191331489 -0.007786016319268885 0.014559811847689915
920.5863429908641 10.691402433382835 -0.007763596630546961 0.01449226401279132
930.2767255486688 10.701491753017576 -0.007741329677239621 0.014425432132812707
939.9671081064735 10.711330785983314 -0.007719213604243157 0.01435930413644889
949.6574906642782 10.72092780679532 -0.0076972465911888275 0.014293868229496666
959.3478732220829 10.730290746904435 -0.007675426851537153 0.014229112886862239
969.0382557798875 10.739427211795906 -0.0076537526317029154 0.014165026844845125
978.7286383376922 10.74834449709131 -0.007632222210209358 0.01410159909368719
988.4190208954969 10.757049603720274 -0.007610833896870579 0.014038818870376465
998.1094034533016 10.765549252223675 -0.0075895860320008375 0.013976675651695452
