-629.874866256956 8.981855752170846 0.0 0.0
-620.1844836991513 8.981855752170846 0.0 0.0
-610.4941011413466 8.981855752170846 0.0 0.0
-600.8037185835419 8.981855752170846 0.0 0.0
-591.1133360257372 8.981855752170846 0.0 0.0
-581.4229534679325 8.981855752170846 0.0 0.0
-571.7325709101278 8.981855752170846 0.0 0.0
-562.0421883523231 8.981855752170846 0.0 0.0
-552.3518057945184 8.981855752170846 0.0 0.0
-542.6614232367137 8.981855752170846 0.0 0.0
-532.9710406790255 8.981855752170846 0.0 0.0
-523.2806581212208 8.981855752170846 0.0 0.0
-513.5902755634161 8.981855752170846 0.0 0.0
-503.8998930056114 8.981855752170846 0.0 0.0
-494.2095104478067 8.981855752170846 0.0 0.0
-484.519127890002 8.981855752170846 0.0 0.0
-474.8287453321973 8.981855752170846 0.0 0.0
-465.1383627743926 8.981855752170846 0.0 0.0
-455.4479802165879 8.981855752170846 0.0 0.0
-445.7575976587832 8.981855752170846 0.0 0.0
-436.0672151009785 8.981855752170846 0.0 0.0
-426.3768325431738 8.981855752170846 0.0 0.0
-416.6864499853691 8.981855752170846 0.0 0.0
-406.9960674275644 8.981855752170846 0.0 0.0
-397.3056848697597 8.981855752170846 0.0 0.0
-387.615302311955 8.981855752170846 0.0 0.0
-377.9249197541503 8.981855752170846 0.0 0.0
-368.2345371963456 8.981855752170846 -9.345169513514787e-05 0.0
-358.54415463854093 8.981855752170846 -9.276427447793233e-05 0.0
-348.85377208085265 8.981855752170846 -9.208689315784822e-05 0.0
-339.16338952304795 8.981855752170846 -9.141933284207974e-05 0.0
-329.47300696524326 8.981855752170846 -9.076138148326156e-05 0.0
-319.78262440743856 8.981855752170846 -9.011283309487911e-05 0.0
-310.09224184963387 8.981855752170846 -8.947348753626939e-05 0.0
-300.40185929182917 8.981855752170846 -8.88431503067021e-05 0.0
-290.7114767340245 8.981855752170846 -8.822163234810387e-05 0.0
-281.0210941762198 8.981855752170846 -8.760874985600542e-05 0.0
-271.3307116184151 8.981855752170846 -8.70043240983147e-05 0.0
-261.6403290606104 8.981855752170846 -8.640818124154024e-05 0.0
-251.9499465028057 8.981855752170846 -8.582015218411041e-05 0.0
-242.259563945001 8.981855752170846 -8.524007239645204e-05 0.0
-232.5691813871963 8.981855752170846 -8.466778176751167e-05 0.0
-222.8787988293916 8.981855752170846 -8.410312445741785e-05 0.0
-213.1884162715869 8.981855752170846 -8.354594875600003e-05 0.0
-203.4980337137822 8.981855752170846 -8.299610694689466e-05 0.0
-193.8076511559775 8.981855752170846 -8.24534551769817e-05 0.0
-184.1172685981728 8.981855752170846 -8.19178533309104e-05 0.0
-174.42688604036812 8.981855752170846 -0.00028936817001594774 0.0
-164.73650348256342 8.981855752170846 -0.000287307530563821 0.0
-155.04612092487514 8.981855752170846 -0.00028527614330834804 0.0
-145.35573836707044 8.981855752170846 -0.0005883772014397147 0.0
-135.66535580926575 8.981855752170846 -0.000584146849859108 0.0
-125.97497325146105 8.981855752170846 -0.0005799770471374345 0.0
-116.28459069365636 8.981855752170846 -0.0005758664996991435 0.0
-106.59420813585166 8.981855752170846 -0.0005718139506277262 0.0
-96.90382557804696 8.981855752170846 -0.000567818178374026 0.0
-87.21344302024227 8.981855752170846 -0.0008137462062639088 0.0
-77.52306046243757 8.981855752170846 -0.0008080202469269981 0.0
-67.83267790463287 8.981855752170846 -0.0008023745069955983 0.0
-58.14229534682818 8.981855752170846 -0.0007968073086584355 0.0
-48.45191278902348 8.981855752170846 -0.0007913170206628095 0.0
-38.761530231218785 8.981855752170846 -0.000785902056707852 0.0
-29.07114767341409 8.981855752170846 -0.0014421145677562509 0.0
-19.380765115609393 8.981855752170846 -0.0014319575015846382 0.0
-9.690382557804696 8.981855752170846 -0.0017540297620074032 0.0
0.0 8.981855752170846 -0.001741714459907382 0.0
9.690382557804696 6.121219526888342 -0.03876863107077025 0.04188197328755582
19.380765115609393 6.257507204653527 -0.039713553507212375 0.041574194585127525
29.071147673297673 6.359944002269013 -0.039424468722456286 0.041270906439067855
38.76153023110237 6.444029857709852 -0.03913956320837749 0.04097201128386948
48.451912788907066 6.516180609795743 -0.04722838977058589 0.040677414360097496
58.14229534671176 6.579788202494688 -0.04689002086508185 0.04038702361421439
67.83267790451646 6.636902955719716 -0.04655646763892354 0.040100749602682874
77.52306046232115 6.688875561313975 -0.04622762798091151 0.03981850540011509
87.21344302012585 6.736651143316777 -0.045903402647291744 0.039540206511273546
96.90382557793055 6.7809213267822726 -0.045583695161777224 0.039265770786736674
106.59420813573524 6.822210061099201 -0.04526841171972499 0.038995118342052285
116.28459069353994 6.860925376802879 -0.04495746109626794 0.03872817148021158
125.97497325134464 6.897392270046879 -0.044650754558212706 0.03846485461728593
135.66535580914933 6.93187449702007 -0.04434820577952434 0.038205094211076734
145.35573836695403 6.964589531189299 -0.04404973076022864 0.037948818692636874
155.04612092475872 6.995719133957236 -0.043755247748572 0.037695958400530014
164.73650348256342 7.025417014629749 -0.043464677166287095 0.03744644551770062
174.42688604036812 7.053814502515106 -0.04317794153682055 0.037200214010834814
184.1172685981728 7.081024827051038 -0.04289496541638685 0.03695719957209785
193.8076511559775 7.10714640167478 -0.04261567532771912 0.03671733956314059
203.4980337137822 7.132265380754874 -0.0423399996963947 0.036480572961272204
213.1884162714705 7.156457676909294 -0.04206786878962277 0.036246840307705086
222.87879882927518 7.179790571556376 -0.0417992146573641 0.03601608365776261
232.56918138707988 7.202324014556806 -0.041533971075727726 0.03578824653300456
242.25956394488458 7.224111683222897 -0.041272073492479945 0.03556327387513074
251.94994650268927 7.2452018529401725 -0.041036844647727014 0.03534111200162598
261.64032906049397 7.273243603726697 -0.040781279691891284 0.035121708563054695
271.33071161829866 7.325544317086521 -0.04052887910882741 0.034905012501936235
281.02109417610336 7.374012960385005 -0.040279584473115006 0.03469097401313343
290.71147673390806 7.41917184877921 -0.04006390385680392 0.03447954450568954
300.40185929171275 7.461441649078219 -0.039820426303985273 0.03427067656605239
310.09224184951745 7.5011665329122135 -0.039579891123747185 0.03406432392262703
319.78262440732215 7.538631885271845 -0.03934224528375371 0.033860441411601404
329.47300696512684 7.574077094068025 -0.03910743701887614 0.033658984943992006
339.16338952293154 7.607704992855158 -0.038932384338636335 0.0334599114738589
348.85377208073623 7.6396889678152515 -0.038702679478859504 0.03326317896764203
358.54415463854093 7.670178397979971 -0.038475670318781754 0.03306874637457308
368.2345371963456 7.699302882459592 -0.038251309663547665 0.032876573598118894
377.9249197541503 7.7271755693240065 -0.03802955141404612 0.03268662146841487
387.615302311955 7.753895808639211 -0.03781035053527933 0.03249885171564854
397.3056848696433 7.779551289803505 -0.03759366302582446 0.0323132269443575
406.996067427448 7.80421978029986 -0.037379445888328526 0.032129710608592106
416.6864499852527 7.827970552756051 -0.03716765710103409 0.03194826698794172
426.3768325430574 7.850865565652534 -0.036958255590243995 0.03176886116434687
436.0672151008621 7.872960447395388 -0.03675120120372607 0.03159145899969917
445.7575976586668 7.8943053220223645 -0.03654645468500626 0.03141602711418536
455.4479802164715 7.914945506297771 -0.036343977648517795 0.031242532865349077
465.1383627742762 7.934922101557422 -0.03614373255557355 0.031070944327842406
474.82874533208087 7.954272498808861 -0.03594568269112985 0.030901230273841167
484.51912788988557 7.973030811867519 -0.03574979214131143 0.030733360154098513
494.20951044769026 7.99122825042662 -0.035556025771668706 0.030567304079612754
503.89989300549496 8.008893442707711 -0.03536434920613949 0.03040303280388627
513.5902755632997 8.026052715566859 -0.03517472880668895 0.030240517705753475
523.2806581211044 8.042730338526205 -0.03498713165360196 0.030079730772756517
532.971040678909 8.05894873707772 -0.03480152552640412 0.029920644585048603
542.6614232367137 8.074728679702835 -0.034617878885387705 0.029763232299805365
552.3518057945184 8.090089442320393 -0.03443616085372057 0.029607467636125727
562.0421883523231 8.105048953279836 -0.03425634120011647 0.029453324860404497
571.7325709101278 8.119623921528525 -0.034078390322046466 0.029300778772159388
581.4229534678161 8.13382995018008 -0.033902279229473815 0.02914980469029816
591.1133360256208 8.147681637378977 -0.033727979529080986 0.029000378439798982
600.8037185834255 8.161192666076227 -0.033555463409002353 0.02885247633881646
610.4941011412302 8.174375884105443 -0.033384703624002955 0.028706075186162215
620.1844836990349 8.187243375748306 -0.0332156734811187 0.028561152249173716
629.8748662568396 8.199806525818211 -0.03304834682572905 0.02841768525194687
639.5652488146443 8.21207607715102 -0.03288269802804931 0.02827565236392152
649.255631372449 8.224062182274228 -0.032718701970027686 0.028135032188807536
658.9460139302537 8.235774449925419 -0.03255633403263309 0.027995803753839765
668.6363964880584 8.24722198700498 -0.03239557008352009 0.027857946499350347
678.3267790458631 8.258413436474402 -0.03223638646505816 0.027721440268647684
688.0171616036678 8.269357011647976 -0.03207875998271249 0.02758626529819149
697.7075441614725 8.280060527271077 -0.031922667893764654 0.027452402208053926
707.3979267192772 8.29053142773071 -0.03176808789636137 0.027319831992657067
717.0883092770819 8.300776812703067 -0.03161499811888037 0.027188536011777495
726.7786918348866 8.310803460507033 -0.03146337710960266 0.02705849598180908
736.4690743926913 8.320617849401406 -0.03131320382668102 0.026929693967275164
746.159456950496 8.330226177036502 -0.031164457628394673 0.026802112372582173
755.8498395083006 8.339634378246922 -0.031017118263680962 0.026675733934006456
765.5402220661053 8.348848141351475 -0.030871165862934462 0.02655054171190672
775.2306046237936 8.35787292310771 -0.03072658092906697 0.026426519083156318
784.9209871815983 8.366713962453245 -0.030583344328809013 0.026303649733779192
794.611369739403 8.375376293149499 -0.03044143728427122 0.02618191765180503
804.3017522972077 8.383864755434713 -0.030300841364722504 0.026061307120307207
813.9921348550124 8.392184006778267 -0.030161538478604075 0.02594180271063974
823.6825174128171 8.400338531820688 -0.030023510865761088 0.025823389275857707
833.3728999706218 8.408332651574371 -0.0298867410898871 0.02570605194431739
843.0632825284265 8.416170531952268 -0.02975121203117411 0.025589776113449852
852.7536650862312 8.423856191685116 -0.02961690687916211 0.025474547443702835
862.4440476440359 8.431393509681412 -0.029483809125781572 0.025360351852645655
872.1344302018406 8.43878623187917 -0.029351902558582995 0.025247175509231796
881.8248127596453 8.446037977633363 -0.029221171254147492 0.02513500482821459
891.51519531745 8.453152245678847 -0.029091599571672924 0.025023826464711053
901.2055778752547 8.460132419704475 -0.028963172146730214 0.024913627308909343
910.8959604330594 8.466981773570847 -0.028835873885184313 0.0248043944809154
920.5863429908641 8.47370347620086 -0.028709689957275193 0.024696115325734753
930.2767255486688 8.480300596169547 -0.028584605791853478 0.02458877740838493
939.9671081064735 8.486776106017142 -0.028460607070766517 0.024482368509134964
949.6574906642782 8.493132886307142 -0.02833767972338987 0.024376876618867935
959.3478732219664 8.49937372944891 -0.02821580992130176 0.024272289934564064
969.0382557797711 8.505501343303287 -0.028094984073087026 0.024168596854893466
978.7286383375758 8.511518354586247 -0.027975188819288708 0.02406578597593373
988.4190208953805 8.517427312086996 -0.02785641102747404 0.023963846086983993
998.1094034531852 8.523230689712843 -0.02773863778743272 0.023862766166491144
