-629.874866256956 9.977538083990334 0.0 0.0
-620.1844836991513 9.977538083990334 0.0 0.0
-610.4941011413466 9.977538083990334 0.0 0.0
-600.8037185835419 9.977538083990334 0.0 0.0
-591.1133360257372 9.977538083990334 0.0 0.0
-581.4229534679325 9.977538083990334 0.0 0.0
-571.7325709101278 9.977538083990334 0.0 0.0
-562.0421883523231 9.977538083990334 0.0 0.0
-552.3518057945184 9.977538083990334 0.0 0.0
-542.6614232367137 9.977538083990334 0.0 0.0
-532.9710406790255 9.977538083990334 0.0 0.0
-523.2806581212208 9.977538083990334 0.0 0.0
-513.5902755634161 9.977538083990334 0.0 0.0
-503.8998930056114 9.977538083990334 0.0 0.0
-494.2095104478067 9.977538083990334 0.0 0.0
-484.519127890002 9.977538083990334 0.0 0.0
-474.8287453321973 9.977538083990334 0.0 0.0
-465.1383627743926 9.977538083990334 0.0 0.0
-455.4479802165879 9.977538083990334 0.0 0.0
-445.7575976587832 9.977538083990334 0.0 0.0
-436.0672151009785 9.977538083990334 0.0 0.0
-426.3768325431738 9.977538083990334 0.0 0.0
-416.6864499853691 9.977538083990334 0.0 0.0
-406.9960674275644 9.977538083990334 0.0 0.0
-397.3056848697597 9.977538083990334 0.0 0.0
-387.615302311955 9.977538083990334 0.0 0.0
-377.9249197541503 9.977538083990334 0.0 0.0
-368.2345371963456 9.977538083990334 -8.24345938666595e-05 0.0
-358.54415463854093 9.977538083990334 -8.033061402078911e-05 0.0
-348.85377208085265 9.977538083990334 -7.83313610705456e-05 0.0
-339.16338952304795 9.977538083990334 -7.64292056258658e-05 0.0
-329.47300696524326 9.977538083990334 -7.461724179917493e-05 0.0
-319.78262440743856 9.977538083990334 -7.288920342840983e-05 0.0
-310.09224184963387 9.977538083990334 -7.123939167765818e-05 0.0
-300.40185929182917 9.977538083990334 -6.966261225249805e-05 0.0
-290.7114767340245 9.977538083990334 -6.815412077266529e-05 0.0
-281.0210941762198 9.977538083990334 -6.670957509177042e-05 0.0
-271.3307116184151 9.977538083990334 -6.532499355474557e-05 0.0
-261.6403290606104 9.977538083990334 -6.399671834788416e-05 0.0
-251.9499465028057 9.977538083990334 -6.272138323107213e-05 0.0
-242.259563945001 9.977538083990334 -6.149588505285293e-05 0.0
-232.5691813871963 9.977538083990334 -6.0317358540857945e-05 0.0
-222.8787988293916 9.977538083990334 -5.918315393647396e-05 0.0
-213.1884162715869 9.977538083990334 -5.80908171062771e-05 0.0
-203.4980337137822 9.977538083990334 -5.7038071816038784e-05 0.0
-193.8076511559775 9.977538083990334 -5.6022803897849466e-05 0.0
-184.1172685981728 9.977538083990334 -5.5043047078605494e-05 0.0
-174.42688604036812 9.977538083990334 -0.00023992040784492563 0.0
-164.73650348256342 9.977538083990334 -0.00023416684003165357 0.0
-155.04612092487514 9.977538083990334 -0.00022868932453526874 0.0
-145.35573836707044 9.977538083990334 -0.0004952577676088734 0.0
-135.66535580926575 9.977538083990334 -0.00048321526218098195 0.0
-125.97497325146105 9.977538083990334 -0.0004717524376880676 0.0
-116.28459069365636 9.977538083990334 -0.00046082803905495506 0.0
-106.59420813585166 9.977538083990334 -0.0004504046595857562 0.0
-96.90382557804696 9.977538083990334 -0.0004404483005323069 0.0
-87.21344302024227 9.977538083990334 -0.0006514715271802272 0.0
-77.52306046243757 9.977538083990334 -0.0006367065235353966 0.0
-67.83267790463287 9.977538083990334 -0.0006226059255459095 0.0
-58.14229534682818 9.977538083990334 -0.0006091253582181596 0.0
-48.45191278902348 9.977538083990334 -0.0005962243482999189 0.0
-38.761530231218785 9.977538083990334 -0.0005838659014610859 0.0
-29.07114767341409 9.977538083990334 -0.0011571380650922186 0.0
-19.380765115609393 9.977538083990334 -0.0011305965788845004 0.0
-9.690382557804696 9.977538083990334 -0.0013964457425351007 0.0
0.0 9.977538083990334 -0.0013648471169488204 0.0
9.690382557804696 2.2251697484631485 -0.04363323953632732 0.10546911369347403
19.380765115609393 2.621021387475544 -0.04359643125653546 0.10278631499308716
29.071147673297673 2.925682630108904 -0.04251883704509387 0.10023661442678045
38.76153023110237 3.180108472801712 -0.04149328172793454 0.09781034691310633
48.451912788907066 3.401426653405263 -0.04743191472005097 0.09549876104359893
58.14229534671176 3.598761279241738 -0.04632333042360445 0.09329391360958911
67.83267790451646 3.7776637715394283 -0.04526549077826091 0.09118857841024511
77.52306046232115 3.9418132788064035 -0.04425498309667864 0.08917616713550086
87.21344302012585 4.093798917696001 -0.04328869451666237 0.08725066049883835
96.90382557793055 4.235525789275925 -0.04236377972916938 0.08540654810345188
106.59420813573524 4.368444877671812 -0.04147763279324879 0.0836387757764296
116.28459069353994 4.493692113391751 -0.04062786244566129 0.08194269931086638
125.97497325134464 4.612176980531454 -0.03981227040916703 0.08031404372438034
135.66535580914933 4.7246414005967265 -0.03902883228244055 0.07874886728149916
145.35573836695403 4.831700248613207 -0.03827568065965472 0.07724352964246459
155.04612092475872 4.9338700586731505 -0.03755109018163623 0.0757946635966565
164.73650348256342 5.031589875908272 -0.036853464265245175 0.07439914991864294
174.42688604036812 5.12523673375669 -0.03618132329495428 0.07305409495167994
184.1172685981728 5.215137360137952 -0.035533294091844664 0.07175681057962607
193.8076511559775 5.301577179328047 -0.03490810050147916 0.07050479629555932
203.4980337137822 5.384807336827141 -0.034304554964232375 0.06929572311540526
213.1884162714705 5.465050253934845 -0.0337215509503674 0.06812741911884568
222.87879882927518 5.5425040719731555 -0.03315805615796471 0.0669978564285625
232.56918138707988 5.617346246292087 -0.03261310638545107 0.06590513946380619
242.25956394488458 5.689736481074915 -0.0320858000017478 0.06484749432487133
251.94994650268927 5.7598191471635865 -0.031596014848107666 0.06382325918364039
261.64032906049397 5.827725290213165 -0.031100985975631535 0.06283087557061541
271.33071161829866 5.89357431108996 -0.030621249788339494 0.06186888046236819
281.02109417610336 5.957475381733019 -0.03015610748645242 0.060935899084917027
290.71147673390806 6.019528645762271 -0.02973203437658661 0.060030638358579386
300.40185929171275 6.079826242611011 -0.029293451771821927 0.05915188091856917
310.09224184951745 6.138453185958301 -0.02886764132892441 0.058298479653193395
319.78262440732215 6.195488121082679 -0.028454052069766315 0.05746935270811868
329.47300696512684 6.251003980982875 -0.028052164336572823 0.056663478910959145
339.16338952293154 6.305068557374071 -0.027712438183754143 0.05587989357549746
348.85377208073623 6.357744999720701 -0.027331183719438226 0.05511768464929199
358.54415463854093 6.409092253125013 -0.026960305808820202 0.054375989172324043
368.2345371963456 6.459165444016974 -0.026599384826648132 0.053653990017775405
377.9249197541503 6.508016221082545 -0.026248023611835404 0.05295091288905742
387.615302311955 6.555693057644936 -0.025905845969466542 0.052266023549890114
397.3056848696433 6.602241520716906 -0.02557249529293747 0.05159862526660826
406.996067427448 6.64770451112981 -0.025247633294849317 0.0509480564439166
416.6864499852527 6.692122478461197 -0.02493093883661265 0.0503136884373499
426.3768325430574 6.735533613945872 -0.02462210684767046 0.04969492352707198
436.0672151008621 6.777974024072959 -0.024320847326345485 0.049091193039407816
445.7575976586668 6.819477887196777 -0.024026884415070008 0.0485019556036503
455.4479802164715 6.861091235010335 -0.023739955543523435 0.047926695532918694
465.1383627742762 6.938741529121078 -0.02345981063384978 0.04736492131888988
474.82874533208087 7.013208561820308 -0.0231862113627032 0.04681616423116736
484.51912788988557 7.084689072848567 -0.02291893047538139 0.04627997701289925
494.20951044769026 7.153362443165816 -0.022657751147760398 0.045755932665015986
503.89989300549496 7.219392754400239 -0.022402466392149496 0.045243623312142295
513.5902755632997 7.282930539826957 -0.0221528785035462 0.044742659143852906
523.2806581211044 7.3441142821818435 -0.02190879854309409 0.04425266742549619
532.971040678909 7.403071702198452 -0.021670045855836387 0.04377329157331054
542.6614232367137 7.459920872980868 -0.021436447620117264 0.04330419028901047
552.3518057945184 7.514771188519832 -0.02120783842621712 0.04284503674942848
562.0421883523231 7.5677242093365065 -0.020984059882017823 0.04239551784716929
571.7325709101278 7.618874404041836 -0.02076496024368391 0.04195533347856895
581.4229534678161 7.6683098022658385 -0.020550394069519296 0.041524195875561214
591.1133360256208 7.71611257174929 -0.020340221895296006 0.04110182897829413
600.8037185834255 7.762359530231469 -0.02013430992954557 0.040687967845700695
610.4941011412302 7.807122601049256 -0.019932529767340605 0.04028235810127469
620.1844836990349 7.850469219924744 -0.01973475812129993 0.0398847554116938
629.8748662568396 7.8924626992694655 -0.019540876568600818 0.0394949249960133
639.5652488146443 7.933162555371991 -0.019350771312895833 0.03911264116336366
649.255631372449 7.972624803043706 -0.019164332960115563 0.03873768687723935
658.9460139302537 8.01090222163793 -0.01898145630721813 0.03836985334461158
668.6363964880584 8.048044595806315 -0.018802040143018336 0.03800893962823005
678.3267790458631 8.084098933893364 -0.0186259870602956 0.03765475228060169
688.0171616036678 8.11910966647975 -0.018453203278439977 0.03730710499824479
697.7075441614725 8.153118827254591 -0.018283598475951204 0.03696581829492081
707.3979267192772 8.186166218116142 -0.018117085632155902 0.03663071919263907
717.0883092770819 8.218289560160791 -0.01795358087755501 0.03630164092931709
726.7786918348866 8.249524632015415 -0.017793003352255855 0.03597842268205825
736.4690743926913 8.279905396792051 -0.017635275071982592 0.03566090930508204
746.159456950496 8.309464118792164 -0.017480320801194795 0.03534895108140977
755.8498395083006 8.338231470956833 -0.017328067932877004 0.03504240348747053
765.5402220661053 8.366236633945435 -0.01717844637459275 0.03474112696985001
775.2306046237936 8.393507387626446 -0.01703138844042639 0.03444498673346103
784.9209871815983 8.420070195680022 -0.016886828748449795 0.03415385254043905
794.611369739403 8.445950283930042 -0.01674470412341182 0.03386759851918558
804.3017522972077 8.471171712968706 -0.016604953504308958 0.03358610298290004
813.9921348550124 8.495757445567403 -0.01646751785657792 0.033309248257103935
823.6825174128171 8.51972940932345 -0.01633234008863257 0.03303692051562239
833.3728999706218 8.543108554944961 -0.016199364972497694 0.032769009624546146
843.0632825284265 8.565914910536613 -0.016068539068306544 0.032505408993724984
852.7536650862312 8.58816763221376 -0.01593981065244399 0.03224601543537144
862.4440476440359 8.609885051340981 -0.01581312964913143 0.03199072902938107
872.1344302018406 8.63108471866324 -0.01568844756526223 0.03173945299499991
881.8248127596453 8.651783445572912 -0.015565717428308734 0.031492093568492835
891.51519531745 8.671997342733729 -0.01544489372713299 0.03124855988648792
901.2055778752547 8.69174185626273 -0.015325932355543843 0.031008763874692116
910.8959604330594 8.711031801653501 -0.015208790558452603 0.030772620141691628
920.5863429908641 8.729881395607896 -0.015093426880488653 0.03054004587756816
930.2767255486688 8.748304285929065 -0.014979801116944655 0.030310960757078145
939.9671081064735 8.766313579615554 -0.014867874266929022 0.030085286847157132
949.6574906642782 8.783921869284557 -0.014757608488610399 0.029862948518525577
959.3478732219664 8.80114125804153 -0.014648967056447207 0.029643872361187977
969.0382557797711 8.81798338290531 -0.014541914320292497 0.029427987103611435
978.7286383375758 8.834459436884734 -0.014436415666297667 0.029215223535435993
988.4190208953805 8.850580189802205 -0.014332437479498491 0.029005514433488068
998.1094034531852 8.866356007945125 -0.014229947108017893 0.028798794490970468
