-1007.7997860111063 11.307483656493439 -0.00038900108084638144 1.535531266152806e-07
-998.1094034533016 11.307483656493439 -0.0003852420231136378 1.514876946316331e-07
-988.4190208954969 11.307483656493439 -0.00038156276077062516 1.4947708913313432e-07
-978.7286383376922 11.307483656493439 -0.00040611342302901155 1.475191556767107e-07
-969.0382557798875 11.307483656493439 -0.00040220211919573536 1.456118512404691e-07
-959.3478732220829 11.307483656493439 -0.0003983733978715154 1.4375323711263155e-07
-949.6574906642782 11.307483656493439 -0.000406495795058732 1.4194147231823447e-07
-939.9671081064735 11.307483656493439 -0.0004026639351113129 1.4017480753567013e-07
-930.2767255486688 11.307483656493439 -0.0003989111553333831 1.3845157946469015e-07
-920.5863429908641 11.307483656493439 -0.000395234918356921 1.3677020560217724e-07
-910.8959604330594 11.307483656493439 -0.0003916327967259629 1.351291793953279e-07
-901.2055778752547 11.307483656493439 -0.00038810246692295026 1.3352706573874391e-07
-891.51519531745 11.307483656493439 -0.00038464170378494516 1.3196249678908666e-07
-881.8248127596453 11.307483656493439 -0.00038124837528003436 1.304341680701893e-07
-872.1344302018406 11.307483656493439 -0.00037792043761683325 1.2894083484509943e-07
-862.4440476440359 11.307483656493439 -0.00037465593066231766 1.2748130873488622e-07
-852.7536650862312 11.307483656493439 -0.00037145297364532136 1.2605445456643095e-07
-843.0632825285429 11.307483656493439 -0.00036830976112497195 1.2465918742491505e-07
-833.3728999707382 11.307483656493439 -0.0003964223073939185 1.2329446990482548e-07
-823.6825174129335 11.307483656493439 -0.0003929724296986704 1.2195930953790186e-07
-813.9921348551288 11.307483656493439 -0.0003895885076433653 1.2065275638414776e-07
-804.3017522973241 11.307483656493439 -0.0003862685594514765 1.1937390077961744e-07
-794.6113697395194 11.307483656493439 -0.00038301068480897757 1.1812187122319743e-07
-784.9209871817147 11.307483656493439 -0.0003798130606041688 1.1689583239707022e-07
-775.23060462391 11.307483656493439 -0.00037667393693872924 1.1569498330774117e-07
-765.5402220661053 11.307483656493439 -0.0003735916333895965 1.1451855553993098e-07
-755.8498395083006 11.307483656493439 -0.0003705645355030465 1.1336581161899666e-07
-746.159456950496 11.307483656493439 -0.00036759109150394365 1.1223604346746133e-07
-736.4690743926913 11.307483656493439 -0.00036466980920457436 1.1112857095521914e-07
-726.7786918348866 11.307483656493439 -0.00036179925309878097 1.100427405344162e-07
-717.0883092770819 11.307483656493439 -0.0007351847820781759 1.08977923952828e-07
-707.3979267192772 11.307483656493439 -0.0007273000130075406 1.0793351704248017e-07
-697.7075441614725 11.307483656493439 -0.0007195990184030217 1.0690893857586954e-07
-688.0171616036678 11.307483656493439 -0.0007120751254805244 1.0590362918739974e-07
-678.3267790458631 11.307483656493439 -0.0007047219899479263 1.049170503555864e-07
-668.6363964880584 11.307483656493439 -0.000697533575671865 1.0394868344061094e-07
-658.9460139303701 11.307483656493439 -0.0007096818119289048 1.0299802877559647e-07
-649.2556313725654 11.307483656493439 -0.0007025465597902365 1.020646048063476e-07
-639.5652488147607 11.307483656493439 -0.000695566507045563 1.0114794727841565e-07
-629.874866256956 11.307483656493439 -0.0006887364019025935 1.0024760846720666e-07
-620.1844836991513 11.307483656493439 -0.0006820512334906579 9.936315644858444e-08
-610.4941011413466 11.307483656493439 -0.0006755062179566119 9.849417440790844e-08
-600.8037185835419 11.307483656493439 -0.0006786329938754743 9.764025998522993e-08
-591.1133360257372 11.307483656493439 -0.0006722255577283789 9.680102465398988e-08
-581.4229534679325 11.307483656493439 -0.0006659486150683847 9.597609313170092e-08
-571.7325709101278 11.307483656493439 -0.0006597980324693583 9.516510282017374e-08
-562.0421883523231 11.307483656493439 -0.0006725734449944487 9.43677032743122e-08
-552.3518057945184 11.307483656493439 -0.0006664080367537991 9.358355569703781e-08
-542.6614232367137 11.307483656493439 -0.0006603644849490641 9.281233245958444e-08
-532.971040678909 11.307483656493439 -0.0006544390384608028 9.205371664456133e-08
-523.2806581211044 11.307483656493439 -0.0006486281031752399 9.130740161238061e-08
-513.5902755632997 11.307483656493439 -0.0006429282336836504 9.05730905874716e-08
-503.89989300549496 11.307483656493439 -0.0006373361255111253 8.98504962650406e-08
-494.20951044769026 11.307483656493439 -0.0006318486078352516 8.913934043615389e-08
-484.51912788988557 11.307483656493439 -0.0006264626366585931 8.843935363087247e-08
-474.8287453321973 11.307483656493439 -0.0006211752884019738 8.775027477748738e-08
-465.1383627743926 11.307483656493439 -0.0006159837538878753 8.707185087785535e-08
-455.4479802165879 11.307483656493439 -0.0006108853326870718 8.640383669813014e-08
-445.7575976587832 11.307483656493439 -0.0006058774278016944 8.574599447245005e-08
-436.0672151009785 11.307483656493439 -0.000714315701026255 8.509809362164172e-08
-426.3768325431738 11.307483656493439 -0.0007079388386556367 8.445991048325373e-08
-416.6864499853691 11.307483656493439 -0.000701686693318877 8.383122805416705e-08
-406.9960674275644 11.307483656493439 -0.0006955553884056339 8.321183574448113e-08
-397.3056848697597 11.307483656493439 -0.0006895412145374558 8.260152914272992e-08
-387.615302311955 11.307483656493439 -0.0006836406202849711 8.200010979047623e-08
-377.9249197541503 11.307483656493439 -0.0006778502035163373 8.140738496758551e-08
-368.2345371963456 11.307483656493439 -0.0006721667033261644 8.082316748579373e-08
-358.54415463854093 11.307483656493439 -0.0006665869924988383 8.024727549252103e-08
-348.85377208073623 11.307483656493439 -0.0006611080704643777 7.967953228108209e-08
-339.16338952293154 11.307483656493439 -0.0006557270567087473 7.911976611043757e-08
-329.47300696512684 11.307483656493439 -0.0006504411846039378 7.85678100322638e-08
-319.78262440732215 11.307483656493439 -0.0006452477956261776 7.802350172420253e-08
-310.09224184951745 11.307483656493439 -0.0006401443339333949 7.748668333156742e-08
-300.40185929171275 11.307483656493439 -0.0006351283412755188 7.695720131382098e-08
-290.71147673390806 11.307483656493439 -0.0006301974522134538 7.643490629929148e-08
-281.0210941762198 11.307483656493439 -0.0006253493896246417 7.591965294330514e-08
-271.3307116184151 11.307483656493439 -0.0006205819604745508 7.541129979450395e-08
-261.6403290606104 11.307483656493439 -0.0006158930518363124 7.4909709164633e-08
-251.9499465028057 11.307483656493439 -0.0006112806271401966 7.44147470049957e-08
-242.259563945001 11.307483656493439 -0.0006067427226380284 7.392628278589039e-08
-232.5691813871963 11.307483656493439 -0.0006022774440676642 7.344418938287764e-08
-222.8787988293916 11.307483656493439 -0.0005978829635041947 7.296834296613734e-08
-213.1884162715869 11.307483656493439 -0.0005935575163855105 7.249862289416273e-08
-203.4980337137822 11.307483656493439 -0.000589299398700817 7.203491161206221e-08
-193.8076511559775 11.307483656493439 -0.0005851069643315452 7.157709455343905e-08
-184.1172685981728 11.307483656493439 -0.0005809786225348901 7.11250600461742e-08
-174.42688604036812 11.307483656493439 -0.0006228330003220062 7.067869922113652e-08
-164.73650348256342 11.307483656493439 -0.0006778929527866942 7.02379059252297e-08
-155.04612092475872 11.307483656493439 -0.0006725262203819418 6.980257663704139e-08
-145.35573836695403 11.307483656493439 -0.0006672557140473577 6.937261038596166e-08
-135.66535580914933 11.307483656493439 -0.0010495716176025078 4.996539250817794e-05
-125.97497325134464 11.307483656493439 -0.0010392192861213565 4.928690366984252e-05
-116.28459069353994 11.307483656493439 -0.0010290961894664301 4.862660210692472e-05
-106.59420813573524 11.307483656493439 -0.0010191942167724506 4.7983766078879726e-05
-96.90382557804696 11.307483656493439 -0.001009505651987788 4.73577115382401e-05
-87.21344302024227 11.307483656493439 -0.0011072151618323836 5.4326351792901445e-05
-77.52306046243757 11.307483656493439 -0.0010964819667172302 5.362945203313344e-05
-67.83267790463287 11.307483656493439 -0.0013794272488618007 8.243104308758016e-05
-58.14229534682818 11.307483656493439 -0.001365167203336179 8.136885502510596e-05
-48.45191278902348 11.307483656493439 -0.0013512294068415965 8.033374665619654e-05
-38.761530231218785 11.307483656493439 -0.0013376024613964063 7.93246935830491e-05
-29.07114767341409 11.307483656493439 -0.0013242755163159745 7.834072252208468e-05
-19.380765115609393 11.307483656493439 -0.0013112382351938138 7.738090814993264e-05
-9.690382557804696 11.307483656493439 -0.0012984807652691543 7.64443701804874e-05
0.0 1.2804816984000311 0.033345800186992396 0.029221053786772696
9.690382557804696 2.49933405156915 0.032884971090575754 0.028822046602261238
19.380765115609393 3.2325782606211693 0.03242972166901 0.028434086410399167
29.07114767341409 3.7934429393479423 0.031993479372623236 0.02805614737161686
38.761530231218785 4.255760001621419 0.03050745570458137 0.02790324490092905
48.45191278902348 4.651678362189134 0.030108145612150288 0.027541844748810138
58.14229534682818 4.998782492465708 0.029673772024881306 0.027191824945420846
67.83267790463287 5.307995472500994 0.02929520670100716 0.026848530824340373
77.52306046243757 5.586684143019295 0.028926126737879698 0.026513797231537767
87.21344302012585 5.8401122636827365 0.028566180893204007 0.026187307890892113
96.90382557793055 6.072205324990564 0.028215035033982854 0.025868761917544423
106.59420813573524 6.285988859936409 0.02787237110806812 0.025557872892885712
116.28459069353994 6.483856483436592 0.027537886188940573 0.02525436800543074
125.97497325134464 6.667742424629402 0.027211291587766185 0.0249579872522193
135.66535580914933 6.839237295268572 0.0268923120272444 0.024668482695806956
145.35573836695403 6.999668489178875 0.026580684872294702 0.024385617772385793
155.04612092475872 7.150157659850654 0.026276159413072327 0.02410916664697673
164.73650348256342 7.291662840160984 0.025978496196208758 0.023838913611998837
174.42688604036812 7.425009974170367 0.025687466400535833 0.02357465252584907
184.1172685981728 7.550916966399043 0.02540285125388033 0.023316186288420897
193.8076511559775 7.670012327181726 0.022228233386316205 0.024244293032624188
203.4980337137822 7.782849839743154 0.021994912832530245 0.023980921883210708
213.1884162715869 7.889920248144801 0.021766364797454363 0.023723228194485392
222.8787988293916 7.991660679976965 0.021542446620884927 0.023471029702388145
232.5691813871963 8.08846232275089 0.021323021162765018 0.02322415189380095
242.259563945001 8.180676737190886 0.02110795654573634 0.022982427596903707
251.9499465028057 8.268621094426347 0.020905890683361877 0.02274596165825466
261.6403290606104 8.352582554831997 0.020620857565736776 0.022516676097046353
271.33071161829866 8.432821955689136 0.020419074139257535 0.02228943833221304
281.02109417610336 8.50957693742272 0.020221146869520486 0.022066752511170573
290.71147673390806 8.583064610117026 0.020019877418439427 0.021849012892631647
300.40185929171275 8.653483840812871 0.019732318047016254 0.021640695499957785
310.09224184951745 8.721017225804228 0.01948426660234254 0.021430787966045965
319.78262440732215 8.785832799613688 0.019302950116569875 0.021224922545934312
329.47300696512684 8.848085522526699 0.019124928197698808 0.021022983290443838
339.16338952293154 8.90791858086521 0.018950113197788186 0.02082485865659558
348.85377208073623 8.96546452807905 0.018778420493383876 0.020630441299546286
358.54415463854093 9.020846289861364 0.018609768359446603 0.02043962787625099
368.2345371963456 9.074178052578208 0.018444077849301767 0.020252318860084977
377.9249197541503 9.139941770092392 0.018281272680298187 0.020068418365714984
387.615302311955 9.210365828256483 0.01812127912487922 0.019887833983561722
397.3056848697597 9.277236342132616 0.017964025906784514 0.019710476623243725
406.9960674275644 9.34080195354272 0.01780944410211747 0.019536260365437045
416.6864499853691 9.4012886668569 0.017657467045026003 0.019365102321625503
426.3768325431738 9.458902416552709 0.01750803023775894 0.019196922501253613
436.0672151009785 9.513831283983418 0.01736107126487285 0.01903164368582863
445.7575976587832 9.566247419519177 0.017216529711376435 0.018869191309549817
455.4479802164715 9.61630871592525 0.017074347084612897 0.018709493346073938
465.1383627742762 9.664160270668862 0.016491817689377394 0.018552480201039775
474.82874533208087 9.709935668295488 0.016360219492790217 0.01839808461003911
484.51912788988557 9.753758108773162 0.016230653217182568 0.018246241541677748
494.20951044769026 9.795741403419125 0.01610307380944033 0.01809688810545857
503.89989300549496 9.835990856561994 0.01597743745931495 0.01794996346419762
513.5902755632997 9.874604048242205 0.015853701561956337 0.017805408750716095
523.2806581211044 9.91167153090967 0.015731824681372575 0.017663166988565977
532.971040678909 9.947277451137198 0.01561176651483533 0.017523183016562614
542.6614232367137 9.981500105754357 0.015493487858242784 0.017385403416912
552.3518057945184 10.014412440458543 0.01537695057244433 0.017249776446734175
562.0421883523231 10.0460824978291 0.015262117550526894 0.017116251972796332
571.7325709101278 10.076573820718046 0.014088272156341385 0.016984781409281127
581.4229534679325 10.10594581618569 0.013991074112675382 0.016855317658426405
591.1133360257372 10.134254084466303 0.013600021478798343 0.016727815053882347
600.8037185835419 10.161550716867177 0.013509260018678115 0.016602229306642017
610.4941011413466 10.187884566007513 0.013419570694741315 0.016478517453409305
620.1844836991513 10.213301491377667 0.01333093983528796 0.0163566378072768
629.874866256956 10.23784458283319 0.01324335368530896 0.016236549910593902
639.5652488147607 10.261554364322517 0.013156798438548872 0.01611821448991187
649.255631372449 10.284468979874035 0.013071260266096296 0.01600159341290136
658.9460139302537 10.306624363633734 0.012986725341843693 0.01588664964713373
668.6363964880584 10.32805439553333 0.012903179865143954 0.015773347220652992
678.3267790458631 10.348791043999407 0.012820610080922603 0.0156616511842213
688.0171616036678 10.368864496948094 0.012739002297512148 0.015551527575175413
697.7075441614725 10.388303282178814 0.012658342902427622 0.015442943382806454
707.3979267192772 10.407134378158691 0.012578618376287211 0.01533586651518981
717.0883092770819 10.42538331608398 0.012499815305059971 0.01523026576739455
726.7786918348866 10.443074274011975 0.012421920390804963 0.015126110791005915
736.4690743926913 10.46023016377489 0.012344920461049763 0.015023372064897832
746.159456950496 10.476872711314643 0.012268802476941445 0.01492202086719595
755.8498395083006 10.493022531013336 0.012193553540290785 0.01482202924837494
765.5402220661053 10.5086991945371 0.012119160899617782 0.014723370005436753
775.23060462391 10.523921294660475 0.012045611955297152 0.014626016657119498
784.9209871817147 10.538706504493241 0.011972894263892192 0.014529943420089035
794.6113697395194 10.55307163249143 0.01190099554175727 0.014435125186068265
804.3017522973241 10.567032673598364 0.011829903667981593 0.014341537499861093
813.9921348551288 10.580604856829265 0.011759606686739896 0.01424915653823047
823.6825174129335 10.593802689584349 0.011690092809109508 0.014157959089592023
833.3728999706218 10.606639998949182 0.011621350414408524 0.014067922534487796
843.0632825284265 10.61912997021897 0.0115533680510991 0.013979024826798794
852.7536650862312 10.631285182859328 0.01148613443731215 0.013891244475679857
862.4440476440359 10.643117644102666 0.011419638461017562 0.013804560528163683
872.1344302018406 10.654638820356878 0.01135386917988824 0.013718952552420711
881.8248127596453 10.665859666590999 0.011288815820886356 0.013634400621640069
891.51519531745 10.6767906538475 0.011224467779602414 0.013550885298505786
901.2055778752547 10.687441795018495 0.01116081461937439 0.013468387620242822
910.8959604330594 10.697822669011803 0.01109784607021155 0.013386889084208556
920.5863429908641 10.707942443422352 0.011035552027545314 0.013306371634006706
930.2767255486688 10.717809895815206 0.010973922550827507 0.01322681764610163
939.9671081064735 10.727433433717824 0.010912947861994326 0.013148209916912075
949.6574906642782 10.736821113411459 0.010852618343812851 0.013070531650364476
959.3478732220829 10.74598065760449 0.010792924538125167 0.012993766445886788
969.0382557798875 10.754919472064106 0.010733857144003807 0.012917898286824733
978.7286383376922 10.763644661276754 0.01067540701583103 0.012842911529263184
988.4190208954969 10.772163043202443 0.010617565161313198 0.01276879089123629
998.1094034533016 10.780481163183115 0.010560322739440483 0.012695521442310616
