-1007.7997860111063 11.300011757557245 -0.002868405030436847 0.0009239600226198512
-998.1094034533016 11.29980786886157 -0.0028546501004796986 0.0009199090051377632
-988.4190208954969 11.299602678537342 -0.002841029101117535 0.0009158934200990119
-978.7286383376922 11.29939627962292 -0.0028275400422027768 0.0009119128037322839
-969.0382557798875 11.299188764722023 -0.0028141809737638307 0.0009079667003423735
-959.3478732220829 11.298980225895463 -0.002800949984971484 0.0009040546621347367
-949.6574906642782 11.298770754558394 -0.002787845203137803 0.0009001762490446041
-939.9671081064735 11.29856044138304 -0.0027748647927463474 0.0008963310285705235
-930.2767255486688 11.298349376206815 -0.003916152969594914 0.0014978919919886565
-920.5863429908641 11.298137647945781 -0.0038876795889268745 0.0014858578478511566
-910.8959604330594 11.29792534451339 -0.003859748633306362 0.0014740776965211015
-901.2055778752547 11.29771255274437 -0.0038323415499547852 0.001462542292410781
-891.51519531745 11.297499358323687 -0.0038054407020663527 0.001451242859992345
-881.8248127596453 11.297285845720465 -0.0037790293109055506 0.0014401710637062747
-872.1344302018406 11.297072098126737 -0.0037530914023017146 0.0014293189801671221
-862.4440476440359 11.29685819740092 -0.003727611757153983 0.0014186790724640681
-852.7536650862312 11.296644224015878 -0.0037025758655984723 0.0014082441663739649
-843.0632825285429 11.296430257011412 -0.003677969884523926 0.0013980074283226217
-833.3728999707382 11.296216373951086 -0.003653780598150528 0.0013879623449451534
-823.6825174129335 11.296002650883233 -0.00362999538141996 0.0013781027041130658
-813.9921348551288 11.295789162305951 -0.003606602165958643 0.0013684225773041296
-804.3017522973241 11.295575981136025 -0.0035835894084083027 0.0013589163032068645
-794.6113697395194 11.295363178681562 -0.003560946060931086 0.0013495784724589421
-784.9209871817147 11.295150824618219 -0.0035386615437161175 0.0013404039134289397
-775.23060462391 11.29493898696889 -0.003516725719329687 0.001331387678958881
-765.5402220661053 11.294727732086681 -0.0034951288687653575 0.0013225250339924525
-755.8498395083006 11.294517124641036 -0.0034738616690630462 0.0013138114440203585
-746.159456950496 11.294307227606888 -0.0034529151723774873 0.0013052425642803595
-736.4690743926913 11.294098102256676 -0.003432280786386888 0.0012968142296548774
-726.7786918348866 11.293889808155077 -0.0034119502559418866 0.001288522445213976
-717.0883092770819 11.293682403156359 -0.0033919156458633746 0.0012803633773559343
-707.3979267192772 11.293475943404161 -0.003372169324805419 0.0012723333455016603
-697.7075441614725 11.293270483333636 -0.0033527039501064183 0.001264428814302778
-688.0171616036678 11.29306607567575 -0.0033335124535579528 0.0012566463863265627
-678.3267790458631 11.292862771463687 -0.003314588028026509 0.0012489827951838737
-668.6363964880584 11.292660620041195 -0.0032959241148684164 0.0012414348990689443
-658.9460139303701 11.292459669072745 -0.0032775143920833845 0.0012339996746824886
-649.2556313725654 11.292259964555422 -0.003259352763154689 0.0012266742115111856
-639.5652488147607 11.292061550832425 -0.0032414333465327298 0.0012194557064405653
-629.874866256956 11.29186447060804 -0.003223750465714464 0.0012123414586770447
-620.1844836991513 11.291668764964012 -0.003206298639882318 0.0012053288649597378
-610.4941011413466 11.291474473377207 -0.003189072575064477 0.0011984154150423683
-600.8037185835419 11.291281633738462 -0.003195305426683715 0.0011923102284909304
-591.1133360257372 11.291090282372531 -0.003178198483228229 0.0011855781731783727
-581.4229534679325 11.290900454059033 -0.0031613110028903 0.0011789385091413637
-571.7325709101278 11.290712182054326 -0.0031446380193670457 0.0011723890473918368
-562.0421883523231 11.290525498114212 -0.0031281747335881326 0.0011659276733891905
-552.3518057945184 11.29034043251739 -0.0031119165062168438 0.0011595523437782501
-542.6614232367137 11.290157014089612 -0.004442623935418358 0.0014512493442757446
-532.971040678909 11.289975270228421 -0.004408474388079544 0.0014409937718275556
-523.2806581211044 11.289795226928433 -0.004375006896151147 0.0014309269348673319
-513.5902755632997 11.289616908807108 -0.004342197957423628 0.001421042745282171
-503.89989300549496 11.2894403391309 -0.004310025211999014 0.001411335396657883
-494.20951044769026 11.289265539841775 -0.00427846737160413 0.001401799347455776
-484.51912788988557 11.28909253158402 -0.004247504154167447 0.0013924293054111802
-474.82874533208087 11.288921333731277 -0.004217116223204093 0.0013832202130497349
-465.1383627743926 11.288751964413786 -0.004272590887059224 0.0013816645214845427
-455.4479802165879 11.288584440545726 -0.004706362632938395 0.0014504662366942908
-445.7575976587832 11.288418777852709 -0.004670164698687314 0.0014405560082396155
-436.0672151009785 11.288254990899262 -0.004634671669263032 0.0014308195306389616
-426.3768325431738 11.288093093116363 -0.0045998603110939335 0.001421251510263962
-416.6864499853691 11.287933096828926 -0.00466804721766102 0.001419004749219708
-406.9960674275644 11.287775013283238 -0.004633138324479224 0.0014096610735925637
-397.3056848697597 11.287618852674274 -0.004598885125627273 0.0014004739327336652
-387.615302311955 11.287464624172918 -0.004817560800763432 0.001391438776619652
-377.9249197541503 11.287312335952999 -0.00478115079192201 0.0013825512445218805
-368.2345371963456 11.287161995218153 -0.004745427568319543 0.0013738071548374095
-358.54415463854093 11.287013608228484 -0.0047103693666037975 0.0013652024955852376
-348.85377208073623 11.286867180326977 -0.004675955386991488 0.0013567334155167327
-339.16338952293154 11.286722715965668 -0.004642165739012843 0.0013483962157936483
-329.47300696512684 11.286580218731538 -0.004608981390940894 0.001340187342191208
-319.78262440732215 11.286439691372117 -0.004576384122613616 0.0013321033777872824
-310.09224184951745 11.286301135820773 -0.004544356481383354 0.001324141036102196
-300.40185929171275 11.286164553221687 -0.004512881740951665 0.0013162971546563792
-290.71147673390806 11.286029943954487 -0.0044819438628690665 0.0013085686889161125
-281.0210941762198 11.285897307658534 -0.004451527460498686 0.0013009527065998801
-271.3307116184151 11.285766643256839 -0.004430273963479786 0.001293764681313024
-261.6403290606104 11.285637948979623 -0.004400739975898905 0.001286360996013502
-251.9499465028057 11.285511222387498 -0.004371687998789609 0.001279061733155081
-242.259563945001 11.285386460394237 -0.004343104812907699 0.0012718643543870012
-232.5691813871963 11.285263659289189 -0.004314977708032317 0.0012647664099682673
-222.8787988293916 11.28514281475926 -0.004287294457938813 0.0012577655347571692
-213.1884162715869 11.28502392191051 -0.0042600432968599965 0.0012508594444225565
-203.4980337137822 11.284906975289339 -0.004233212897332303 0.0012440459318624575
-193.8076511559775 11.284791968903253 -0.004206792349331617 0.0012373228638166422
-184.1172685981728 11.284678896241228 -0.0041807711406109315 0.0012306881776608135
-174.42688604036812 11.284567750293652 -0.004155139138158938 0.001224139878370922
-164.73650348256342 11.28445852357185 -0.004129886570704774 0.0012176760356470107
-155.04612092475872 11.284351208127193 -0.004122686189544084 0.0012118110424408869
-145.35573836695403 11.284245795569795 -0.00409792429341366 0.0012055035528415652
-135.66535580914933 11.284142277086776 -0.004073520969343958 0.001199275278740614
-125.97497325134464 11.28404064346013 -0.004049467481084095 0.0011931245153691968
-116.28459069353994 11.283940885084156 -0.004025755393444424 0.0011870496107621049
-106.59420813573524 11.283842991982487 -0.004002376558936076 0.0011810489636289601
-96.90382557804696 11.283746953824693 -0.005635277300584424 0.0011751210213307597
-87.21344302024227 11.283652759942475 -0.005590150553590278 0.0011692642779551662
-77.52306046243757 11.28356039934544 -0.005545931665778009 0.0011634772724859106
-67.83267790463287 11.283469860736458 -0.005502589923637077 0.0011577585870594619
-58.14229534682818 11.283381132526605 -0.005460096071055149 0.001152106845305112
-48.45191278902348 11.283294202849675 -0.005418422221002483 0.0011465207107633055
-38.761530231218785 11.283209059576281 -0.008115421649638927 0.0011409988853779704
-29.07114767341409 11.283125690327518 -0.008038209956969794 0.0011355401080587245
-19.380765115609393 11.283044082488184 -0.007962734005936858 0.001130143153309138
-9.690382557804696 11.282964223219574 -0.007888931363243932 0.001124806829917484
0.0 1.769798286197524 -0.06191118785710914 0.04063248958934175
9.690382557804696 2.7705489362054667 -0.06110453404911956 0.040089647889965996
19.380765115609393 3.4330213752354215 -0.06031914401654171 0.039561297124436776
29.07114767341409 3.9515982368839406 -0.05955418127062492 0.03904686266977135
38.761530231218785 4.383950724979669 -0.05880885276685069 0.03854579992316807
48.45191278902348 4.756894045499331 -0.058082406116351036 0.03805759236595627
58.14229534682818 5.085585281412109 -0.05737412700958615 0.0375817497754993
67.83267790463287 5.379626273018189 -0.05668333683365678 0.037117806572024126
77.52306046243757 5.6455767737762175 -0.056009390466472894 0.03666532028864578
87.21344302012585 5.888166336748775 -0.05535167423264905 0.03622387015401156
96.90382557793055 6.110945548073255 -0.0547096040074062 0.03579305577797891
106.59420813573524 6.316664962058421 -0.05408262345623044 0.035372495931767355
116.28459069353994 6.5075095073756595 -0.05347020239893015 0.03496182741465702
125.97497325134464 6.685250718055847 -0.052921456072332895 0.034562683720968795
135.66535580914933 6.851349598258928 -0.05233598533256049 0.034170748236176156
145.35573836695403 7.007028461616944 -0.0517636439041667 0.03378771319193264
155.04612092475872 7.153322522282502 -0.05120399129772661 0.03341327763540952
164.73650348256342 7.291117841048738 -0.05065660657883473 0.033047154049402824
174.42688604036812 7.4211798194734975 -0.05012108729299573 0.032689067610420126
184.1172685981728 7.544174987624292 -0.049597048460745315 0.03233875549540521
193.8076511559775 7.660687932268228 -0.049084121637702996 0.03199596623342035
203.4980337137822 7.771234637489764 -0.04858195403471041 0.03166045909892073
213.1884162715869 7.876273132384684 -0.048090207693618665 0.03133200354354045
222.8787988293916 7.976212086998152 -0.04760855871465806 0.031010378663567772
232.5691813871963 8.071417823831995 -0.04713669653166052 0.03069537270052099
242.259563945001 8.162220090776948 -0.04667432323170985 0.03038678257244881
251.9499465028057 8.248916855004094 -0.046221152916072546 0.0300844134337721
261.6403290606104 8.331778315055036 -0.04577691109951429 0.029788078261659412
271.3307116184151 8.41105028277827 -0.04534133414533686 0.029497597467088445
281.02109417610336 8.486957052956527 -0.044914168733685214 0.02921279852889453
290.71147673390806 8.559703853116122 -0.04449517136082941 0.02893351564921661
300.40185929171275 8.629478946753085 -0.04408410786740843 0.028659589428943515
310.09224184951745 8.696455448500647 -0.043680752993602794 0.028390866561755216
319.78262440732215 8.760792898325757 -0.04328488995952902 0.02812719954557444
329.47300696512684 8.82263863295993 -0.04289631006917396 0.027868446410265167
339.16338952293154 8.882128985758085 -0.042514812336346366 0.027614470460523458
348.85377208073623 8.939390340624188 -0.04214020313122964 0.02736514003298065
358.54415463854093 8.994540061204148 -0.04177229584622329 0.02712032826661058
368.2345371963456 9.047687338541783 -0.04141091057985496 0.026879912885598264
377.9249197541503 9.120322696983301 -0.0410558738376327 0.026643775993887783
387.615302311955 9.190910585745385 -0.04075810536322479 0.026414326741786974
397.3056848697597 9.257989202795383 -0.040456906028437975 0.026188248940946228
406.9960674275644 9.321798439663485 -0.040118679556189155 0.025964222092603274
416.6864499853691 9.38255696089551 -0.03978619973252668 0.025744043781567222
426.3768325431738 9.440464542844621 -0.0394690545979861 0.025527812368074502
436.0672151009785 9.495704100814116 -0.03914750052393187 0.02531503546916884
445.7575976587832 9.548443453543893 -0.03883127114409652 0.02510582077078406
455.4479802165879 9.59883686514782 -0.03852023389802216 0.02490007914637741
465.1383627742762 9.647026397545446 -0.03821426061465112 0.024697724423780498
474.82874533208087 9.693143100779103 -0.03792021840967438 0.02449879830313759
484.51912788988557 9.73730806403455 -0.03762391064240585 0.024302968392246372
494.20951044769026 9.779633346501775 -0.03734333777006502 0.02411049734765368
503.89989300549496 9.820222804169866 -0.03705618103449729 0.023920878962715112
513.5902755632997 9.859172826179968 -0.036773513548682225 0.02373425700169133
523.2806581211044 9.89657299230695 -0.03649522972353355 0.02355056065892059
532.971040678909 9.93250666144026 -0.03622122727576585 0.023369721346607326
542.6614232367137 9.967051499516565 -0.03595140709888787 0.023191672608571922
552.3518057945184 10.000279954168741 -0.035685673140223126 0.023016350037997096
562.0421883523231 10.032259682356807 -0.035425369374653064 0.022843725804351497
571.7325709101278 10.06305393640221 -0.0351675116986145 0.022673669684223404
581.4229534679325 10.092721913131342 -0.034914365452657935 0.022506171827635455
591.1133360257372 10.121319070225072 -0.03466404210903169 0.022341147537678373
600.8037185835419 10.148897413350957 -0.03442973450468934 0.022178821281205758
610.4941011413466 10.175505757209129 -0.03418646129795663 0.022018604290398838
620.1844836991513 10.201189963239742 -0.033951856716284624 0.02186079630021416
629.874866256956 10.225993156409563 -0.03371542879249307 0.02170518093479094
639.5652488147607 10.249955923209741 -0.03348234900791918 0.021551792580474783
649.255631372449 10.273116492748812 -0.03325254594188381 0.021400583536274526
658.9460139302537 10.295510902611726 -0.03302595020469306 0.021251507456747573
668.6363964880584 10.317173150962189 -0.032802494365527395 0.02110451930414581
678.3267790458631 10.338135336211502 -0.03258211288337824 0.02095957530255846
688.0171616036678 10.358427785423626 -0.0323647420409195 0.020816632893981234
697.7075441614725 10.37807917250627 -0.0321503198811533 0.02067565069620765
707.3979267192772 10.397116627124902 -0.03193878614669615 0.020536588462456717
717.0883092770819 10.415565835179235 -0.0317300822215768 0.020399407042653823
726.7786918348866 10.433451131595529 -0.031524151075424306 0.02026406834628647
736.4690743926913 10.450795586111642 -0.031320937209931905 0.020130535306760507
746.159456950496 10.46762108266423 -0.031120386607487845 0.01999877184718655
755.8498395083006 10.48394839292731 -0.030932974836238178 0.019868981640945155
765.5402220661053 10.499797244498009 -0.030737452308645222 0.01974064968397892
775.23060462391 10.515186384177712 -0.030544443175708026 0.01961398477828718
784.9209871817147 10.530133636754272 -0.03035389871962579 0.019488954486629424
794.6113697395194 10.544655959652976 -0.030165771483295137 0.019365527209821026
804.3017522973241 10.558769493789962 -0.02998001522948034 0.019243672159808475
813.9921348551288 10.572489610931239 -0.029672818255077664 0.01912335933377699
823.6825174129335 10.585830957833144 -0.02971859243495435 0.01902487108381648
833.3728999706218 10.598807497415226 -0.029538275818554192 0.01890728132151826
843.0632825284265 10.61143254719554 -0.029360194557677494 0.01879115555663957
852.7536650862312 10.623718815195023 -0.029154137073665348 0.018678465983780507
862.4440476440359 10.635678433505108 -0.028989081685097857 0.018565300345562172
872.1344302018406 10.647322989690927 -0.028982667730378244 0.01846377745891582
881.8248127596453 10.658663556190989 -0.028811138447151018 0.018353070631782153
891.51519531745 10.669710717859815 -0.028641697677625446 0.018243702047880655
901.2055778752547 10.680474597788022 -0.028474306137355868 0.01813564735178203
910.8959604330594 10.690964881523318 -0.028308925574455857 0.018028882782438395
920.5863429908641 10.701190839805971 -0.0281455187329172 0.017923385154801134
930.2767255486688 10.711161349923115 -0.027984049317678394 0.017819131842141647
939.9671081064735 10.720884915778054 -0.027824481961332175 0.017716100759041665
949.6574906642782 10.730369686763142 -0.027666782192370214 0.01761427034502198
959.3478732220829 10.739623475517936 -0.027510916404871483 0.017513619548780363
969.0382557798875 10.748653774648012 -0.0273568518295477 0.017414127813010636
978.7286383376922 10.75746777247413 -0.027204556506066527 0.01731577505977709
988.4190208954969 10.76607236787609 -0.027053999256578296 0.01721854167641937
