-1007.7997860109899 11.168408447122514 -0.009641905296599619 0.002404076056128736
-998.1094034531852 11.168999687202726 -0.009602182898168833 0.002394723575362671
-988.4190208954969 11.169589810301439 -0.009562813760159376 0.0023854442728894415
-978.7286383376922 11.170178747431795 -0.009523792615315543 0.002376237281194573
-969.0382557798875 11.170766432367632 -0.009485114321767756 0.002367101746698044
-959.3478732220829 11.171352801562042 -0.009446773858306012 0.0023580368294673446
-949.6574906642782 11.171937794067675 -0.009408766319919815 0.00234904170293841
-939.9671081064735 11.1725213514588 -0.009371086913582094 0.002340115553643509
-930.2767255486688 11.173103417755089 -0.009333730954259748 0.002331257580945992
-920.5863429908641 11.173683939347175 -0.009296693861134624 0.0023224669967816937
-910.8959604330594 11.174262864923941 -0.009259971154019964 0.0023137430254067675
-901.2055778752547 11.17484014540148 -0.009223558449958914 0.0023050849031517853
-891.51519531745 11.17541573385384 -0.009187451459992528 0.002296491878181887
-881.8248127596453 11.175989585445361 -0.009151645986086032 0.0022879632102628306
-872.1344302018406 11.176561657364797 -0.009116137918202821 0.002279498170532725
-862.4440476440359 11.177131908760964 -0.009080923231516633 0.0022710960412793287
-852.7536650862312 11.177700300680156 -0.009045997983753105 0.002262756115722707
-843.0632825284265 11.178266796005055 -0.009011358312652535 0.0022544776978031143
-833.3728999706218 11.178831359395312 -0.00897700043354641 0.0022462601019739513
-823.6825174128171 11.179393957229667 -0.008942920637040781 0.00223810265299964
-813.9921348550124 11.1799545575496 -0.008909115286800029 0.002230004685758275
-804.3017522973241 11.180513130004533 -0.00887558081742563 0.0022219655450490317
-794.6113697395194 11.181069645798525 -0.008842313732421897 0.00221398458540359
-784.9209871817147 11.181624077638382 -0.008809310602249761 0.0022060611709029216
-775.23060462391 11.182176399683282 -0.008776568062455747 0.002198194674997366
-765.5402220661053 11.182726587495782 -0.008744082811877866 0.002190384480331342
-755.8498395083006 11.183274617994213 -0.008711851610921846 0.0021826299785719853
-746.159456950496 11.183820469406452 -0.008679871279904428 0.002174930570241712
-736.4690743926913 11.184364121225 -0.008648138697460037 0.0021672856645545855
-726.7786918348866 11.184905554163416 -0.008616650799007667 0.002159694679256395
-717.0883092770819 11.185444750113986 -0.0085854045752748 0.0021521570404683366
-707.3979267192772 11.185981692106655 -0.008554397070875495 0.0021446721825342098
-697.7075441614725 11.186516364269217 -0.008523625382939989 0.0021372395478710168
-688.0171616036678 11.187048751788646 -0.008493086659793226 0.002129858586822897
-678.3267790458631 11.187578840873647 -0.008462778099679966 0.002122528757518285
-668.6363964880584 11.188106618718324 -0.008432696949534267 0.002115249525730225
-658.9460139302537 11.188632073466955 -0.008402840503791231 0.00210802036473975
-649.255631372449 11.189155194179902 -0.008373206103239045 0.0021008407552022368
-639.5652488146443 11.189675970800513 -0.008343791133909486 0.002093710185016682
-629.8748662568396 11.19019439412312 -0.008314593026005169 0.0020866281491978018
-620.1844836991513 11.190710455762009 -0.008285609252862192 0.0020795941497509726
-610.4941011413466 11.191224148121412 -0.0082568373299446 0.002072607695549441
-600.8037185835419 11.191735464366387 -0.00822827481387442 0.0020656683022149997
-591.1133360257372 11.192244398394712 -0.008199919301488896 0.002058775492000359
-581.4229534679325 11.192750944809639 -0.008171768428928894 0.0020519287936744406
-571.7325709101278 11.19325509889353 -0.008143819870755123 0.0020451277424099984
-562.0421883523231 11.193756856582384 -0.008116071339091367 0.0020383718796736176
-552.3518057945184 11.194256214441163 -0.008088520582793652 0.0020316607531180005
-542.6614232367137 11.194753169639942 -0.008064621870296622 0.0020252429928919375
-532.971040678909 11.195247719930874 -0.00803741298361683 0.002018616611612278
-523.2806581211044 11.195739863625876 -0.008010396596118526 0.0020120337368107278
-513.5902755632997 11.19622959957511 -0.0079835705454588 0.002005493936219337
-503.89989300549496 11.196716927146124 -0.007992941622313397 0.002000209924465753
-494.20951044769026 11.197201846203763 -0.007966002450884486 0.001993738576706664
-484.51912788988557 11.19768435709072 -0.007939260360044083 0.001987309479821595
-474.82874533208087 11.198164460608757 -0.007912712809796683 0.001980922207046488
-465.1383627742762 11.198642158000574 -0.0078863573192271 0.001974576337977681
-455.4479802164715 11.199117450932272 -0.00787558395761064 0.0019687542709680836
-445.7575976586668 11.19959034147647 -0.007849395303041115 0.001962483383727224
-436.0672151009785 11.200060832095966 -0.00782339725240528 0.0019562528530557076
-426.3768325431738 11.200528925627967 -0.007809323557188483 0.001950500055793634
-416.6864499853691 11.200994625268889 -0.007789085020248988 0.0019444956753989415
-406.9960674275644 11.20145793455965 -0.007763414787045302 0.0019383759893623433
-397.3056848697597 11.201918857371549 -0.007737931594581015 0.0019322952883309538
-387.615302311955 11.202377397892535 -0.007712632937907723 0.0019262531839149453
-377.9249197541503 11.202833560614076 -0.00768751637497817 0.0019202492936067266
-368.2345371963456 11.20328735031841 -0.007662579523882756 0.0019142832406295399
-358.54415463854093 11.203738772066268 -0.007637820060261617 0.0019083546537930764
-348.85377208073623 11.204187831185074 -0.007634509171041537 0.0019029229319804898
-339.16338952293154 11.204634533257497 -0.00760980893544472 0.0018970619441064868
-329.47300696512684 11.205078884110474 -0.007587104371911543 0.0018912820471339265
-319.78262440732215 11.2055208898046 -0.00756273410966112 0.001885493204684239
-310.09224184951745 11.205960556623891 -0.007538538189104874 0.0018797402219120226
-300.40185929171275 11.20639789106594 -0.0075145142835016995 0.0018740227518569445
-290.71147673390806 11.206832899832419 -0.007490660124798949 0.0018683404526301489
-281.02109417610336 11.207265589819906 -0.007466973501074545 0.0018626929872902409
-271.33071161829866 11.207695968111077 -0.007443452254138032 0.0018570800237246606
-261.64032906049397 11.208124041966208 -0.007420094277278295 0.0018515012345361
-251.9499465028057 11.20854981881496 -0.007396897513147085 0.0018459562969336952
-242.259563945001 11.208973306248534 -0.0073738599517664365 0.0018404448926282947
-232.5691813871963 11.209394512012 -0.0073509796286549455 0.0018349667077325214
-222.8787988293916 11.209813443997032 -0.007328254623058791 0.0018295214326640467
-213.1884162715869 11.210230110234823 -0.007305683056283924 0.0018241087620528373
-203.4980337137822 11.210644518889296 -0.007283263090120704 0.0018187283946517674
-193.8076511559775 11.211056678250564 -0.007645279852706144 0.001813380033250451
-184.1172685981728 11.211466596728618 -0.0076179573348392395 0.0018080633845921263
-174.42688604036812 11.211874282847264 -0.007590920001539026 0.0018027781592934032
-164.73650348256342 11.212279745238266 -0.007629443776081851 0.0017975240717667436
-155.04612092475872 11.21268299263574 -0.007602064873642231 0.0017923008401454941
-145.35573836695403 11.213084033870707 -0.007579643957010625 0.0017871937311175602
-135.66535580914933 11.213482877865893 -0.007553455399718509 0.0017820302195365627
-125.97497325134464 11.213879533630687 -0.0075567040476473375 0.0017768967709480934
-116.28459069353994 11.214274010256316 -0.007529964803316773 0.0017717931164348748
-106.59420813573524 11.21466631691119 -0.007503499562487781 0.0017667189905241157
-96.90382557793055 11.215056462836404 -0.007477301750880571 0.0017616741311213126
-87.21344302012585 11.215444457341428 -0.007451365067875238 0.0017566582794461799
-77.52306046232115 11.21583030979995 -0.0075718441885514465 0.0017516711799705756
-67.83267790463287 11.216214029645867 -0.00795975958022261 0.0017467125803583923
-58.14229534682818 11.216595626369463 -0.007927016746355282 0.0017417822314069623
-48.45191278902348 11.21697510951365 -0.007894713561201612 0.0017368798869907723
-38.761530231218785 11.217352488670445 -0.007862836939948421 0.0017320053040062238
-29.07114767341409 11.217727773477504 -0.007831374404780366 0.001727158242318249
-19.380765115609393 11.218100973614833 -0.007800314048241985 0.0017223384647083618
-9.690382557804696 11.218472098801588 -0.01555924923745199 0.0017175457368241232
0.0 11.218841158793017 -0.0154225266552013 0.0017127798271299739
9.690382557804696 8.749106032971582 -0.011540832123131093 0.026884976778402566
19.380765115609393 8.937493307575245 -0.011461158733328584 0.02653965776528934
29.07114767341409 9.07124947361495 -0.011383128694756819 0.02620345765567252
38.761530231218785 9.17752844320965 -0.011306683490723042 0.02587601691649298
48.45191278902348 9.266582463000981 -0.01123176746442243 0.025556994702743915
58.14229534682818 9.343595576022553 -0.01190799685657957 0.02543488834585802
67.83267790463287 9.41161578113667 -0.01182576121738549 0.02512917496660128
77.52306046243757 9.472612265369653 -0.01174517825085589 0.024831027424944568
87.21344302024227 9.527942683327044 -0.011666191166689537 0.02454016575179129
96.90382557804696 9.578588825610554 -0.011588745852283483 0.02425632365079576
106.59420813585166 9.625287143293196 -0.011536360746979439 0.02397978648818413
116.28459069365636 9.668606304391101 -0.011461527897271385 0.023709227982691306
125.97497325134464 9.708995879783465 -0.011388097523116179 0.023444964431516373
135.66535580914933 9.746818287701245 -0.011316024414400699 0.02318677653809906
145.35573836695403 9.78237053151118 -0.011323935520944161 0.022941447662168414
155.04612092475872 9.815899451481112 -0.011253379852083746 0.02269469793690354
164.73650348256342 9.847612708256605 -0.011184086109432207 0.022453426822993155
174.42688604036812 9.877686871992328 -0.011116015334696886 0.022217451997248058
184.1172685981728 9.906273496925508 -0.011049130232340979 0.021986599157591474
193.8076511559775 9.933503761181592 -0.010983395080453921 0.02176070158648088
203.4980337137822 9.95949206374919 -0.010918775647334117 0.021539599742543263
213.1884162715869 9.984338849716382 -0.010855239113359321 0.02132314087831917
222.8787988293916 10.008132855232535 -0.010792753997755885 0.021111178682188467
232.5691813871963 10.030952910020835 -0.010731290089910563 0.020903572942711314
242.259563945001 10.052869398375407 -0.010670818384897958 0.020700189233764307
251.9499465028057 10.07394545369594 -0.010611311022923398 0.020500898618983868
261.6403290606104 10.094237943115287 -0.010552741232405412 0.020305577374149356
271.3307116184151 10.113798285330628 -0.01049508327644398 0.02011410672624837
281.0210941762198 10.13267313483169 -0.010438312402440773 0.0199263726080659
290.7114767340245 10.150904958313468 -0.0103824047946561 0.019742265427230555
300.40185929182917 10.168532523471123 -0.010327337529503804 0.01956167984873366
310.09224184951745 10.185591316116026 -0.010273088533401439 0.019384514590015285
319.78262440732215 10.202113898280393 -0.010219636543002326 0.01921067222776534
329.47300696512684 10.218130217436125 -0.010166961067662602 0.019040059015696352
339.16338952293154 10.233667874976485 -0.010115042353985243 0.01887258471252783
348.85377208073623 10.248752360538475 -0.010063861352316598 0.018708162419549867
358.54415463854093 10.26340725750729 -0.010013399685067044 0.01854670842713808
368.2345371963456 10.277654424053242 -0.009963639616741063 0.018388142069651173
377.9249197541503 10.294569018542331 -0.009903379436496874 0.018232385588181906
387.615302311955 10.314110310364862 -0.009855124706632468 0.018079364000669944
397.3056848697597 10.332920396869063 -0.00980751782040373 0.01792900497891987
406.9960674275644 10.35104792774219 -0.009760543506282755 0.01778123873209984
416.6864499853691 10.36853700035982 -0.009714186998480376 0.017635997896325868
426.3768325431738 10.385427697076288 -0.00966843401579078 0.01749321742996398
436.0672151009785 10.401756545513566 -0.009623270741493377 0.017352834514307816
445.7575976587832 10.417556914211366 -0.009578683804250908 0.017214788459312246
455.4479802165879 10.432859353916673 -0.009534660259946814 0.017079020614085314
465.1383627743926 10.447691893125153 -0.009491187574408467 0.01694547428186059
474.8287453321973 10.462080295108548 -0.009448253606966424 0.016814094639190296
484.519127890002 10.476048282493531 -0.009405846594802838 0.016684828659116954
494.20951044769026 10.489617734454571 -0.009363955138045853 0.01655762503809813
503.89989300549496 10.50280886072385 -0.009322568185565755 0.016432434126463332
513.5902755632997 10.515640355885417 -0.009281675021442058 0.016309207862227327
523.2806581211044 10.528129536810845 -0.00924126525205519 0.016187899708043522
532.971040678909 10.540292465578167 -0.009201328793776518 0.016068464591146314
542.6614232367137 10.552144059803235 -0.009161855861221788 0.0159508588461099
552.3518057945184 10.563698191975748 -0.009122836956038577 0.015835040160272026
562.0421883523231 10.574967779123988 -0.009084262856199567 0.01572096752167907
571.7325709101278 10.585964863919136 -0.009150000445248462 0.015613447533281383
581.4229534679325 10.596700688160325 -0.009110868981011041 0.01550268264250394
591.1133360257372 10.607185759446802 -0.009072194533157156 0.015393549869651947
600.8037185835419 10.617429911734934 -0.009033967357067735 0.015286012859545044
610.4941011413466 10.627442360389802 -0.008996178018018051 0.0151800363345611
620.1844836991513 10.637231752268887 -0.009040832623056277 0.015078948948335752
629.874866256956 10.646806211314624 -0.00900277822659916 0.014975946012767045
639.5652488147607 10.656173380081576 -0.00896516492797531 0.014874405029479506
649.2556313725654 10.665340457579829 -0.008927983222217892 0.014774294602275414
658.9460139303701 10.674314233777922 -0.00889122391606516 0.01467558423300026
668.6363964881748 10.683101121074879 -0.008854878113864411 0.014578244289548466
678.3267790458631 10.691707183020922 -0.008818937204306843 0.014482245975233617
688.0171616036678 10.700138160540495 -0.008787962694330981 0.014387649446107603
697.7075441614725 10.708399495885027 -0.008752744605987762 0.014294249996356489
707.3979267192772 10.716496354525038 -0.008717908831752883 0.014202110543160123
717.0883092770819 10.724433645168027 -0.008816368011384657 0.014118066259157942
726.7786918348866 10.732216038073199 -0.008780467876679908 0.014028277054257162
736.4690743926913 10.739847981817512 -0.00874497619893012 0.013939675210788184
746.159456950496 10.747333718653065 -0.008704141973541014 0.013852236923242464
755.8498395083006 10.754677298583061 -0.008669518317426288 0.013765939023426483
765.5402220661053 10.76188259227149 -0.008635275213538789 0.013680758959131777
775.23060462391 10.76895330289119 -0.00860140470256144 0.013596674773663999
784.9209871817147 10.77589297700508 -0.008567899084748785 0.013513665086190408
794.6113697395194 10.782705014566806 -0.008534750908100035 0.01343170907286718
804.3017522973241 10.789392678118732 -0.008713999801067709 0.01336459958178576
813.9921348551288 10.795959101258392 -0.008678673867233639 0.013284503546572672
823.6825174129335 10.802407296437673 -0.008643761113673052 0.013205406875603542
833.3728999707382 10.808740162153347 -0.008609251940205327 0.013127290600975922
843.0632825285429 10.814960489581903 -0.008575137102743486 0.013050136238191432
852.7536650863476 10.821070968707119 -0.008541407694847004 0.012973925770602496
862.4440476441523 10.82707419398411 -0.008508055130498487 0.012898641634471913
872.1344302018406 10.832972669579723 -0.008473073327594368 0.012824266704616977
881.8248127596453 10.838768814225935 -0.008440476855348747 0.012750784280605028
891.51519531745 10.844464965718167 -0.008408232517269075 0.012678178073488006
901.2055778752547 10.850063385089909 -0.008376332886331427 0.012606432193033453
910.8959604330594 10.855566260489951 -0.008359278924386725 0.012535799377384449
920.5863429908641 10.860975710787375 -0.008327850301775004 0.012465724369170938
930.2767255486688 10.866293788927017 -0.008296750831986915 0.01239646438636693
939.9671081064735 10.871522485055847 -0.008265973803961275 0.012328005011400729
949.6574906642782 10.876663729439157 -0.008235512723372076 0.012260332168607013
959.3478732220829 10.881719395183598 -0.00820165543474642 0.012193432114036753
969.0382557798875 10.886691300782685 -0.008171858040575585 0.012127291425635461
978.7286383376922 10.891581212499005 -0.008142356960800026 0.012061896993774092
988.4190208954969 10.896390846596065 -0.008113146529616717 0.011997236012117274
998.1094034533016 10.901121871431675 -0.008084221251536083 0.011933295968814827
