-1007.7997860111063 11.0507732020756 -0.01509644577567499 0.007811136132907541
-998.1094034533016 11.05255892422334 -0.015041235914391795 0.007785488890132183
-988.4190208954969 11.054328551562191 -0.014986500875428872 0.007760031874224269
-978.7286383376922 11.056082210225918 -0.014932233862871165 0.007734762788212905
-969.0382557798875 11.057820026146167 -0.014925202154317313 0.007709679373868435
-959.3478732220829 11.05954212511858 -0.014958545025168557 0.007684779410865616
-949.6574906642782 11.061248632857728 -0.014903843643507936 0.007660060715968736
-939.9671081064735 11.06293967504171 -0.014849632296787285 0.007635521142238076
-930.2767255486688 11.064615377347423 -0.014795902956720699 0.007611158578256971
-920.5863429908641 11.066275865477285 -0.01474264781321142 0.00758697094737892
-910.8959604331758 11.067921265178144 -0.014689859265059252 0.007562956206994339
-901.2055778753711 11.069551702253275 -0.01463752991123218 0.007539112347814713
-891.5151953175664 11.071167302567801 -0.014585652542666833 0.007515437393177884
-881.8248127597617 11.072768192048587 -0.014534220134544676 0.007491929398368115
-872.134430201957 11.074354496678868 -0.014483225839016688 0.007468586449954803
-862.4440476441523 11.07592634248832 -0.014432662978339271 0.007445406665147539
-852.7536650863476 11.077483855539016 -0.014382525038391682 0.007422388191167338
-843.0632825285429 11.079027161907772 -0.014332805662547292 0.007399529204633551
-833.3728999707382 11.080556387665323 -0.014283498645873404 0.007376827910966013
-823.6825174129335 11.082071658852682 -0.014234597929636562 0.007354282543801982
-813.9921348551288 11.083573101455153 -0.014186097596092241 0.007331891364427392
-804.3017522973241 11.085060841374274 -0.014137991863539553 0.007309652661222093
-794.6113697395194 11.08653500439802 -0.014090275081623293 0.007287564749118608
-784.9209871817147 11.087995716169623 -0.014042941726866914 0.007265625969074008
-775.23060462391 11.089443102155204 -0.013995986398421617 0.00724383468755462
-765.5402220661053 11.090877287610523 -0.013949403814017576 0.0072221892960330865
-755.8498395083006 11.092298397547081 -0.013903188806104753 0.007200688210497508
-746.159456950496 11.093706556697747 -0.01385733631817148 0.007179329870972321
-736.4690743926913 11.095101889482157 -0.013811841401229949 0.007158112741050524
-726.778691835003 11.09648451997201 -0.013766699210459248 0.007137035307437262
-717.0883092771983 11.097854571856544 -0.013721905001993261 0.007116096079502903
-707.3979267193936 11.09921216840806 -0.01367745412985306 0.007095293588849082
-697.7075441615889 11.100557432448028 -0.013633342043004934 0.007074626388882436
-688.0171616037842 11.101890486313517 -0.013589564282544781 0.007054093054399465
-678.3267790459795 11.103211451824341 -0.013546116478998681 0.007033692181180773
-668.6363964881748 11.104520450250812 -0.013502994349733859 0.007013422385594697
-658.9460139303701 11.105817602282295 -0.01346019369647394 0.006993282304210002
-649.2556313725654 11.107103027996649 -0.013417710402913043 0.006973270593417478
-639.5652488147607 11.108376846830508 -0.013375540432423439 0.00695338592906015
-629.874866256956 11.109639177550607 -0.013333679825851905 0.006933627006071874
-620.1844836991513 11.110890138226079 -0.013292124699400321 0.00691399253812411
-610.4941011413466 11.11212984620183 -0.013250871242586107 0.006894481257280644
-600.8037185835419 11.113358418072993 -0.013209915716278659 0.006875091913660064
-591.1133360257372 11.11457596966051 -0.013169254450807966 0.006855823275105761
-581.4229534679325 11.115782615987838 -0.013128883844141924 0.006836674126863269
-571.7325709101278 11.116978471258811 -0.013088800360129037 0.006817643271264776
-562.0421883523231 11.118163648836655 -0.013049000526803467 0.006798729527420563
-552.3518057945184 11.119338261224184 -0.013009480934749441 0.0067799317309172515
-542.6614232368302 11.12050242004512 -0.012970238235522834 0.006761248733522882
-532.9710406790255 11.121656236026661 -0.012931269140124413 0.006742679402897276
-523.2806581212208 11.122799818983037 -0.012892570417529501 0.006724222622310961
-513.5902755634161 11.12393327780038 -0.012854138893262259 0.006705877290367914
-503.8998930056114 11.125056720422613 -0.012815971448019466 0.006687642320735422
-494.2095104478067 11.126170253838495 -0.01277806501633903 0.0066695166418795065
-484.519127890002 11.127273984069724 -0.01274041658531167 0.006651499196805993
-474.8287453321973 11.12836801616014 -0.012703023193333928 0.006633588942807132
-465.1383627743926 11.12945245416594 -0.012668480919893471 0.006615942239951224
-455.4479802165879 11.130527401146953 -0.012631553526214756 0.006598241151090454
-445.7575976587832 11.131592959158866 -0.012594873533800887 0.00658064426611556
-436.0672151009785 11.132649229246471 -0.012558438136744666 0.006563150594740872
-426.3768325431738 11.133696311437792 -0.01254936038585647 0.006546551748277235
-416.6864499853691 11.134734304739178 -0.012513038887322052 0.006529250856702789
-406.9960674275644 11.13576330713125 -0.012476963652580986 0.00651205057285919
-397.3056848697597 11.136783415565677 -0.012441131671687363 0.006494949946634839
-387.615302311955 11.13779472596285 -0.012405539998078814 0.006477948040832785
-377.9249197541503 11.138797333210245 -0.012381990737111437 0.006461368138596786
-368.2345371963456 11.13979133116163 -0.012346709975214223 0.006444556487936953
-358.54415463865735 11.140776812636949 -0.012311665376901204 0.006427840940285248
-348.85377208085265 11.141753869422969 -0.01228592959648901 0.006411521810303087
-339.16338952304795 11.142722592274485 -0.012255610723180294 0.006395098998876269
-329.47300696524326 11.14368307091628 -0.012221078930213044 0.006378661034649624
-319.78262440743856 11.144635394045617 -0.012186776834425312 0.006362315816873563
-310.09224184963387 11.145579649335373 -0.01215270159858572 0.006346062493846578
-300.40185929182917 11.146515923437642 -0.012118850448596395 0.006329900225263802
-290.7114767340245 11.147444301987944 -0.012085220671043223 0.006313828181993775
-281.0210941762198 11.148364869609885 -0.012051809610890111 0.006297845545862349
-271.3307116184151 11.149277709920284 -0.01203626623807342 0.00628229899159093
-261.6403290606104 11.150182905534752 -0.012003045246277379 0.006266488040852976
-251.9499465028057 11.151080538073687 -0.01197151425745659 0.006250796710503702
-242.259563945001 11.151970688168651 -0.01193870567880147 0.006235158824978027
-232.5691813871963 11.152853435469133 -0.01190610979937149 0.00621960654126225
-222.8787988293916 11.153728858649629 -0.011873724023058271 0.006204139097776523
-213.1884162715869 11.154597035417037 -0.01184154581193423 0.006188755742809155
-203.4980337137822 11.155458042518404 -0.01180957268397529 0.006173455734329913
-193.8076511559775 11.156311955748867 -0.011777802210916743 0.006158238339809041
-184.1172685981728 11.15715884995992 -0.011746232016232242 0.00614310283604169
-174.42688604048453 11.157998799067862 -0.011714859773227228 0.0061280485089777025
-164.73650348267984 11.158831876062528 -0.011683683203236124 0.0061130746535553405
-155.04612092487514 11.15965815301613 -0.011652700073921418 0.006098180573541513
-145.35573836707044 11.160477701092331 -0.01162190819766009 0.006083365581374626
-135.66535580926575 11.161290590555497 -0.011591305430016725 0.0060686289980125445
-125.97497325146105 11.162096890780044 -0.011560889668295165 0.006053970152784461
-116.28459069365636 11.162896670259956 -0.012627249083707425 0.006039388383246599
-106.59420813585166 11.163689996618404 -0.012582361492877728 0.006024883035041639
-96.90382557804696 11.164476936617454 -0.012538051112882802 0.006010453461761682
-87.21344302024227 11.165257556167896 -0.012621298541850545 0.005996099024814647
-77.52306046243757 11.166031920339094 -0.012576357839622326 0.005981819093293911
-67.83267790463287 11.166800093368972 -0.012535972357886182 0.005967680400791238
-58.14229534682818 11.167562138673963 -0.012812999133100609 0.0059535467035968835
-48.45191278902348 11.168318118859071 -0.01283317932666479 0.005939485688433129
-38.761530231218785 11.169068095727914 -0.012785249111746142 0.005925496752923184
-29.07114767341409 11.16981213029282 -0.012737965336035313 0.0059115793018194316
-19.380765115609393 11.170550282784895 -0.01269130851207096 0.005897732746887031
-9.690382557804696 11.171282612664118 -0.012645260051216028 0.005883956506790308
0.0 11.17200917862942 -0.013210671727264228 0.005870250006981788
9.690382557688281 8.668488870605634 -0.008530027714360879 0.031453428873427634
19.380765115492977 8.873623379273123 -0.008540420606010533 0.031092745447888353
29.071147673297673 9.014512885163832 -0.008549887649792759 0.030741418464583392
38.76153023110237 9.125121785759076 -0.008558472297983672 0.030399079477703254
48.451912788907066 9.217241657319569 -0.008566215587833763 0.03006537922359483
58.14229534671176 9.296623876400778 -0.008573156303083621 0.029739986387356355
67.83267790451646 9.366580527757305 -0.015039147533044245 0.03220356643838485
77.52306046232115 9.429222401776588 -0.01495632770766173 0.03185586286032302
87.21344302012585 9.485990724076864 -0.01533116939032287 0.031615130662012485
96.90382557793055 9.53792017767866 -0.015245475200720863 0.031282651822323565
106.59420813573524 9.585782542997697 -0.015161502839100397 0.03095803640134715
116.28459069353994 9.630171139949462 -0.015079188509010926 0.030641001476879013
125.97497325134464 9.671553389553038 -0.014998471695462097 0.03033127761525373
135.66535580914933 9.710305060954884 -0.015093510753946536 0.030048840948422185
145.35573836695403 9.74673343514156 -0.015013444121073503 0.029752705071364485
155.04612092475872 9.781093467822963 -0.014934875023149169 0.029463152624954636
164.73650348256342 9.813599368771937 -0.0148577515714169 0.029179960411164278
174.42688604036812 9.84443308765113 -0.01478202438493667 0.028902915271233454
184.1172685981728 9.873750656884916 -0.014727004071837147 0.02863221453438708
193.8076511559775 9.901687016175357 -0.014653668838839716 0.028366856042028762
203.4980337136658 9.928359739710684 -0.014581602293151686 0.028107060117177396
213.1884162714705 9.953871956285415 -0.014510763395987102 0.027852648516081786
222.87879882927518 9.978314666304094 -0.014481299013458154 0.02760599231067947
232.56918138707988 10.001768601541666 -0.014412253387772639 0.0273618100206439
242.25956394488458 10.024305733611403 -0.01434433771019142 0.02712252219209514
251.94994650268927 10.045990509224156 -0.014277517205549777 0.02688797858724247
261.64032906049397 10.066880870560547 -0.014211758608647686 0.026658035099256103
271.33071161829866 10.087029104876985 -0.014147030081675366 0.026432553442010117
281.02109417610336 10.106482557126217 -0.01408330113703061 0.026211400858496072
290.71147673390806 10.125284231748077 -0.014020542565120699 0.02599444984660877
300.40185929171275 10.143473304091698 -0.013958726366776232 0.025781577901107345
310.09224184951745 10.16108555762512 -0.013897825689936102 0.02557266727064893
319.78262440732215 10.178153759793963 -0.013837814770291031 0.02536760472887651
329.47300696512684 10.194707986842474 -0.013778668875599257 0.02516628135862124
339.16338952293154 10.210775905919073 -0.013720364253411227 0.024968592348350187
348.85377208073623 10.226383021220252 -0.013662878081961686 0.02477443680005586
358.54415463854093 10.241552889682595 -0.013606188424006859 0.024583717547843723
368.2345371963456 10.256307310741118 -0.013550274183402093 0.024396340986528573
377.9249197541503 10.27324871049215 -0.01349511506423151 0.02421221690960089
387.6153023118386 10.293585730443757 -0.013440691532316489 0.02403125835597293
397.3056848696433 10.313166028891844 -0.013386984778938748 0.023853381464941165
406.996067427448 10.33203868538799 -0.013333976686639588 0.023678505338886886
416.6864499852527 10.350248114789316 -0.01328164979694545 0.023506551913196155
426.3768325430574 10.367834638363167 -0.01322998727990287 0.023337445832989957
436.0672151008621 10.384834971760318 -0.013178972905301737 0.023171114336240244
445.7575976586668 10.401282643584628 -0.01312859101547888 0.023007487142890706
455.4479802164715 10.417208355767078 -0.01307331240012846 0.022846496349625347
465.1383627742762 10.43264029495106 -0.013024226060286583 0.022688076329951803
474.82874533208087 10.44760440248453 -0.012975726383476799 0.02253216363928863
484.51912788988557 10.462124609305613 -0.012927799839687903 0.022378696924766614
494.20951044769026 10.476223040939754 -0.012880433351632133 0.022227616839472667
503.89989300549496 10.489920196953811 -0.012833614275428276 0.022078865960883324
513.5902755632997 10.503235108500037 -0.012787330382273114 0.021932388713250657
523.2806581211044 10.516185477002434 -0.01274156984104271 0.021788131293718746
532.971040678909 10.52878779656399 -0.012696321201768938 0.021646041601963196
542.6614232367137 10.54105746228591 -0.012651573379940165 0.02150606917315907
552.3518057945184 10.55300886637052 -0.012607315641578597 0.021368165114094846
562.0421883523231 10.564655483613977 -0.012563537589049597 0.021232282042261408
571.7325709100114 10.57600994767151 -0.01252022914756209 0.021098374027757136
581.4229534678161 10.587084119288736 -0.01247738055231774 0.02096639653784889
591.1133360256208 10.597889147526596 -0.012434982336280443 0.02083630638407147
600.8037185834255 10.608435524870629 -0.012393025318521385 0.020708061671700202
610.4941011412302 10.618733136987679 -0.012351500593115695 0.020581621751496113
620.1844836990349 10.62879130778887 -0.012310399518557303 0.02045694717359613
629.8748662568396 10.638618840363845 -0.01226971370766461 0.020333999643439498
639.5652488146443 10.648224054270868 -0.012229435017950437 0.020212741979625914
649.255631372449 10.65761481959817 -0.012260408392165313 0.0200958670493222
658.9460139302537 10.666798588152805 -0.012219951632324111 0.019977844511732464
668.6363964880584 10.675782422082772 -0.012179905081724153 0.019861407587490484
678.3267790458631 10.68457302019581 -0.01214026044516982 0.019746523121543055
688.0171616036678 10.693176742202288 -0.012101009684988161 0.019633158889134736
697.7075441614725 10.701599631079784 -0.012120515507527983 0.01952330209285987
707.3979267192772 10.709847433731651 -0.012081236810422013 0.01941285780546603
717.0883092770819 10.717925620091027 -0.01204235055022781 0.019303843074560158
726.7786918348866 10.725839400804025 -0.012003848774294668 0.019196229055129393
736.4690743926913 10.733593743611062 -0.011965723782619533 0.019089987684145448
746.159456950496 10.741193388532842 -0.011927968116734815 0.018985091654089157
755.8498395081842 10.748642861956643 -0.011890574549233137 0.018881514387549186
765.5402220659889 10.755946489710123 -0.011857401531656521 0.018779298582110367
775.2306046237936 10.763108409200118 -0.01182065873660243 0.018678280976482324
784.9209871815983 10.770132580689976 -0.01178425906117076 0.018578506568866997
794.611369739403 10.777022797779953 -0.01183560786932505 0.01848360838522795
804.3017522972077 10.783782697151427 -0.011798687430597287 0.018386199620780693
813.9921348550124 10.790415767630417 -0.011762123164228866 0.018289965542756147
823.6825174128171 10.796925358621477 -0.011721708862919863 0.018194883999635966
833.3728999706218 10.803314687959073 -0.011685892367743235 0.018100933402676902
843.0632825284265 10.809586849219931 -0.011650409713221977 0.018008092708000946
852.7536650862312 10.815744818536524 -0.011615254458334475 0.01791634139937071
862.4440476440359 10.821791460948784 -0.0115804203623406 0.017825659471619678
872.1344302018406 10.827729536328302 -0.011545901375997824 0.017736027414707648
881.8248127596453 10.833561704906694 -0.011638365328020447 0.01765379763307621
891.51519531745 10.839290532437417 -0.011602743913614698 0.017566122419676655
901.2055778752547 10.844918495018018 -0.01156746635906933 0.017479443672248105
910.8959604330594 10.850447983597913 -0.011532525490289249 0.017393743622210786
920.5863429908641 10.855881308194645 -0.011497914381990377 0.017309004929594116
930.2767255486688 10.861220701840061 -0.011463626345401007 0.01722521067000536
939.9671081064735 10.866468324276054 -0.011429654916753119 0.017142344322080064
949.6574906641617 10.871626265418021 -0.011394394316730068 0.017060389755393975
959.3478732219664 10.876696548603196 -0.011361059145499364 0.01697933121881026
969.0382557797711 10.881681133638503 -0.011328021861567826 0.01689915332925771
978.7286383375758 10.886581919663463 -0.011295276822502849 0.016819841060901983
988.4190208953805 10.891400747840457 -0.01127517247687918 0.016741590501446413
998.1094034531852 10.896139403885023 -0.011242827858474462 0.01666396291165885
