-1007.7997860109899 8.892294712701446 -0.025417971072754612 0.010586155333502427
-998.1094034531852 8.889678036477935 -0.025296428199287922 0.01053534084067986
-988.4190208953805 8.887089481293845 -0.025176046474265745 0.010485012111323183
-978.7286383375758 8.88453129191751 -0.025056809288848375 0.010435162209601933
-969.0382557797711 8.882005555563321 -0.024938700350228743 0.01038578433116121
-959.3478732219664 8.879514206332606 -0.02482170367413509 0.010336871800019758
-949.6574906641617 8.877059029882409 -0.024705803577546443 0.010288418065555546
-939.9671081064735 8.87464166826602 -0.024590984671615378 0.010240416699576446
-930.2767255486688 8.872263624896524 -0.024477231854782757 0.010192861393469891
-920.5863429908641 8.869926269591861 -0.024364530306098985 0.010145745955437411
-910.8959604330594 8.867630843664962 -0.02425286547871759 0.010099064307800101
-901.2055778752547 8.865378465028611 -0.024142223093576012 0.010052810484380986
-891.51519531745 8.863170133288786 -0.024032589133249387 0.01000697862795874
-881.8248127596453 8.861006734804302 -0.023923949835973166 0.009961562987790756
-872.1344302018406 8.858889047694097 -0.02381629168982918 0.009916557917203589
-862.4440476440359 8.856817746776454 -0.023709601427089867 0.009871957871248524
-852.7536650862312 8.854793408427046 -0.02360386601871579 0.009827757404420264
-843.0632825284265 8.852816515344951 -0.023499072669001506 0.009783951168436781
-833.3728999706218 8.850887461217654 -0.02339520881036516 0.009740533910078352
-823.6825174128171 8.849006555277766 -0.02329226209827735 0.009697500469084052
-813.9921348550124 8.847174026745574 -0.02319022040632487 0.00965484577610386
-804.3017522972077 8.84539002915278 -0.023089071821405245 0.009612564850704627
-794.611369739403 8.843654644543829 -0.022988804639047913 0.00957065279942843
-784.9209871815983 8.841967887552146 -0.022889407358858305 0.009529104813901502
-775.2306046237936 8.840329709349387 -0.02279086868008088 0.009487916168992324
-765.5402220659889 8.838740001466485 -0.02269317749727778 0.009447082221017433
-755.8498395083006 8.837198599485902 -0.022596322896120468 0.009406598405993847
-746.159456950496 8.835705286604842 -0.022500294149284162 0.009366460237933995
-736.4690743926913 8.83425979707006 -0.02240508071245926 0.009326663307188917
-726.7786918348866 8.832861819484632 -0.022310672220453305 0.009287203278828931
-717.0883092770819 8.831510999988025 -0.022217058483397847 0.00924807589106756
-707.3979267192772 8.830206945310747 -0.022124229483050407 0.009209276953724838
-697.7075441614725 8.828949225705228 -0.022032175369189774 0.009170802346729175
-688.0171616036678 8.827737377754808 -0.021940886456101916 0.00913264801865667
-678.3267790458631 8.826570907062912 -0.02185035321915386 0.009094809985306837
-668.6363964880584 8.825449290824654 -0.02176056629145301 0.009057284328313632
-658.9460139302537 8.824371980283292 -0.02167151646058934 0.009020067193790792
-649.255631372449 8.823338403074043 -0.021583194665458178 0.0089831547910105
-639.5652488146443 8.822347965457958 -0.021495591993161138 0.008946543391114437
-629.8748662568396 8.821400054448551 -0.021408699675983137 0.008910229325856237
-620.1844836990349 8.820494039834053 -0.021326607407739135 0.008874208986374536
-610.4941011412302 8.819629276098158 -0.02125116969707106 0.008838478821995722
-600.8037185834255 8.818805104242228 -0.0211662532933337 0.008803035339065497
-591.1133360256208 8.8180208535119 -0.02108201508318668 0.008767875099808541
-581.4229534678161 8.817275843031151 -0.02099844694909918 0.008732994721215396
-571.7325709100114 8.816569383346815 -0.020915540903009625 0.008698390873955906
-562.0421883523231 8.815900777886597 -0.020833289083744898 0.008664060281318798
-552.3518057945184 8.81526932433356 -0.020751683754496396 0.00862999971817431
-542.6614232367137 8.814674315920216 -0.02067071730036623 0.008596206009965291
-532.971040678909 8.81411504264506 -0.020590382225961944 0.008562676031717873
-523.2806581211044 8.813590792414615 -0.020510671153053116 0.008529406707077325
-513.5902755632997 8.81310085211388 -0.020431576818282133 0.008496395007365858
-503.89989300549496 8.81264450860808 -0.02035309207092886 0.008463637950662331
-494.20951044769026 8.812221049678547 -0.02027520987072743 0.008431132600903127
-484.51912788988557 8.811829764895522 -0.02019792328573397 0.008398876067003791
-474.82874533208087 8.811469946430632 -0.020121225490243772 0.00836686550200069
-465.1383627742762 8.811140889811695 -0.020045109762756513 0.008335098102212323
-455.4479802164715 8.810841894622484 -0.01996956948398833 0.008303571106419699
-445.7575976586668 8.810572265149991 -0.019894598134929466 0.008272281795065206
-436.0672151008621 8.810331310981672 -0.01982018929494621 0.008241227489469649
-426.3768325430574 8.810118347555091 -0.019746336639925935 0.008210405551066807
-416.6864499852527 8.809932696662305 -0.019673033940464255 0.008179813380655179
-406.996067427448 8.809773686911251 -0.019600275060092945 0.008149448417666384
-397.3056848696433 8.809640654146355 -0.019528053953547758 0.008119308139449848
-387.6153023118386 8.809532941830456 -0.01945636466507492 0.008089390060573316
-377.9249197541503 8.809449901390135 -0.019385201326776295 0.008059691732139173
-368.2345371963456 8.809390892526386 -0.019314558156987034 0.008030210741113979
-358.54415463854093 8.809355283492588 -0.019244429458697504 0.008000944709676263
-348.85377208073623 8.809342451341555 -0.01917480961800167 0.007971891294574991
-339.16338952293154 8.809351782143473 -0.019105693102583626 0.007943048186503774
-329.47300696512684 8.809382671176397 -0.019037074460236475 0.00791441310948825
-319.78262440732215 8.809434523090927 -0.018968948317413397 0.007885983820286692
-310.09224184951745 8.80950675205064 -0.018901309377810236 0.00785775810780354
-300.40185929171275 8.809598781849736 -0.018834152420978672 0.007829733792515442
-290.71147673390806 8.809710046009368 -0.01876747230096933 0.007801908725909626
-281.02109417610336 8.809839987853946 -0.018701263945003918 0.007774280789934147
-271.33071161829866 8.809988060568806 -0.018635522352175898 0.007746847896459838
-261.64032906049397 8.810153727240383 -0.01857024259217871 0.0077196079867536205
-251.94994650268927 8.810336460880158 -0.018505419804061046 0.0076925590309628875
-242.25956394488458 8.810535744433425 -0.01844104919500846 0.007665699027610728
-232.56918138707988 8.810751070774003 -0.01837712603915065 0.007639026003101668
-222.87879882927518 8.810981942685874 -0.018313645676393736 0.007612538011237754
-213.1884162714705 8.811227872832724 -0.01825060351127708 0.007586233132744652
-203.4980337136658 8.81148838371629 -0.018187995011853763 0.007560109474807555
-193.8076511559775 8.811763007624391 -0.018125815708595287 0.0075341651706169865
-184.1172685981728 8.812051286569465 -0.018064061193315006 0.007508398378922362
-174.42688604036812 8.812352772218349 -0.01800272711812136 0.007482807283597813
-164.73650348256342 8.812667025814092 -0.0179418091943851 0.007457390093213756
-155.04612092475872 8.812993618090458 -0.017881303191731455 0.007432145040618741
-145.35573836695403 8.81333212917977 -0.017821204937052044 0.007407070382529459
-135.66535580914933 8.813682148514738 -0.017761510313536958 0.007382164399129013
-125.97497325134464 8.814043274724805 -0.017702215259726393 0.007357425393673316
-116.28459069353994 8.814415115527614 -0.01771461938319142 0.007335097380486437
-106.59420813573524 8.81479728761606 -0.017655585027146488 0.007310670741229054
-96.90382557793055 8.815189416541433 -0.01759694609684377 0.007286406367616483
-87.21344302012585 8.81559113659311 -0.017538698574656748 0.007262302646100956
-77.52306046232115 8.81600209067519 -0.018547006239068305 0.007238357984507849
-67.83267790451646 8.81642193018051 -0.01848168490343147 0.0072145708116813055
-58.14229534671176 8.816850314862384 -0.018416857853430366 0.0071909395771368855
-48.451912788907066 8.817286912704414 -0.01835251879549348 0.007167462750721212
-38.76153023110237 8.817731399788723 -0.01828866155967537 0.00714413882227832
-29.071147673297673 8.818183460162881 -0.019388925644370145 0.0071209663013226746
-19.380765115492977 8.818642785705821 -0.019317414195718734 0.007097943716718598
-9.690382557804696 8.819109075993003 -0.01924649294690543 0.007075069616366275
0.0 8.819582038161101 -0.023127663600309618 0.007052342566892566
9.690382557804696 1.475238510255247 0.007403653427519016 0.10798040801388575
19.380765115609393 1.9035891524872826 0.007277218421823384 0.10721413171802113
29.07114767341409 2.2229358473248944 0.007153092235976086 0.10645887982878255
38.761530231218785 2.486487633935022 0.007031220089753019 0.10571441394104121
48.45191278902348 2.714328863099243 0.00691154884324071 0.10498050250232481
58.14229534682818 2.9166769194684266 0.006794026937033869 0.10425692056792611
67.83267790463287 3.099589059272726 0.006678604335009497 0.10354344956644673
77.52306046243757 3.267015401639278 0.0058776465481359865 0.10290872398394581
87.21344302024227 3.4217066446126774 0.005771345262123962 0.1022143361638288
96.90382557804696 3.5656726472268536 0.005432489389762643 0.10158876284336382
106.59420813585166 3.7004370585046455 0.0053316355684938695 0.1009127410585409
116.28459069365636 3.8271890833631126 0.005232555790845937 0.10024583887636924
125.97497325146105 3.9468790841216217 0.005135210157592126 0.09958787127390087
135.66535580926575 4.060281541408275 0.005039559895416854 0.09893865822094665
145.35573836707044 4.168038063926575 0.004945567318332903 0.09829802451247104
155.04612092487514 4.270687683882464 0.004853195790658808 0.09766579960769989
164.73650348267984 4.368688760411545 0.00476240969148474 0.0970418174756288
174.42688604036812 4.4624351753905716 0.0046731743805579085 0.09642591644664451
184.1172685981728 4.552268545475926 0.004585456165516414 0.09581793906993562
193.8076511559775 4.638487589918258 0.004499222270425134 0.09521773197653746
203.4980337137822 4.721355426874218 0.004414440805534033 0.09462514574761209
213.1884162715869 4.801105334021257 0.004331080738218752 0.09404003478783615
222.8787988293916 4.877945352537336 0.004249111865044354 0.0934622572036251
232.5691813871963 4.952062007437302 0.004136888362555459 0.09289167468598683
242.259563945001 5.02362334406917 0.004057847042290305 0.09232815239780003
251.9499465028057 5.120457614358397 0.003980107620261467 0.09177155886532425
261.6403290606104 5.304887144953846 0.0038944885565207407 0.09122176587375629
271.3307116184151 5.473429760866717 0.0038193400659546706 0.09067864836665912
281.0210941762198 5.6282825498008116 0.003682386924260334 0.0901455356088233
290.7114767340245 5.771205838004304 0.0036104758798459614 0.08961538872367539
300.40185929182917 5.903636046277167 0.0035361412169628765 0.08909155236949105
310.09224184963387 6.02676333484621 0.0034662044082249105 0.08857392133733906
319.78262440743856 6.141586671255026 0.0033973862883037624 0.08806238497045683
329.47300696524326 6.248953906349371 0.0033296644331275867 0.0875568352397744
339.16338952304795 6.34959159322265 0.003263016977926823 0.08705716666620124
348.85377208085265 6.4441276051949 0.003188978078192355 0.08656327624565831
358.54415463854093 6.533108583294744 0.003117426881508354 0.08607506337674795
368.2345371963456 6.617013596943027 0.00305398987679351 0.0855924297909199
377.9249197541503 6.696264982102008 0.002991543432002727 0.08511527948511831
387.615302311955 6.771237042419845 0.00293006827313227 0.0846435186566953
397.3056848697597 6.84226310944726 0.002869545591763395 0.08417705564058611
406.9960674275644 6.909641326757487 0.0028099570314796597 0.0837158008486215
416.6864499853691 6.973639430184752 0.0027083786854272176 0.08325966671089809
426.3768325431738 7.0344987299986546 0.002650922338293587 0.08280856761912661
436.0672151009785 7.092437452517678 0.0025718713705053567 0.08236241987187953
445.7575976587832 7.1476535630328675 0.0025163179703211716 0.0819211416216647
455.4479802165879 7.200327165305994 0.0024616063657526034 0.08148465282375415
465.1383627743926 7.250622552811213 0.0024077208008419513 0.08105287518670101
474.8287453321973 7.298689971550585 0.002354645884374344 0.0806257321244785
484.519127890002 7.3446671424510885 0.00228305943664092 0.08020314871018115
494.2095104478067 7.388680582154313 0.002231703669221299 0.07978505163122729
503.8998930056114 7.4308467537960015 0.002181112373465399 0.07937136914600755
513.5902755634161 7.471273073668297 0.0021312715643417254 0.07896203104192448
523.2806581212208 7.5100587951136095 0.0020821675725854255 0.07855696859477157
532.9710406790255 7.547295787354118 0.000819982565090813 0.0783185738556516
542.6614232368302 7.583069224017958 0.0007812374989989222 0.07792066774794382
552.3518057945184 7.617458193731825 0.000743059758870219 0.07752685710667237
562.0421883523231 7.6505362431989585 0.0007054396878833681 0.07713707840096272
571.7325709101278 7.682371861567673 0.0006441179935602109 0.07675126941457647
581.4229534679325 7.71302891358428 0.0006077638936039697 0.07636936921194573
591.1133360257372 7.7425670279094305 0.0005719370205233913 0.07599131810528079
600.8037185835419 7.77104194606815 0.0005366285245982491 0.07561705762268389
610.4941011413466 7.798505836732435 0.0005018297314835782 0.07524653047723902
620.1844836991513 7.825007579389351 0.00046753213827412896 0.07487968053704154
629.874866256956 7.850593020901763 0.0004337274096616893 0.07451645279613535
639.5652488147607 7.875305208006093 0.0004004073741834184 0.07415679334632558
649.2556313725654 7.899184598397878 0.00036756402055915195 0.07380064934983553
658.9460139303701 7.922269252719769 0.0003351894941159774 0.07344796901277899
668.6363964881748 7.944595009478732 0.0003032760932978977 0.07309870155941958
678.3267790459795 7.966195644671765 0.0002718162662588446 0.07275279720718968
688.0171616037842 7.987103017686224 0.00024080260753734352 0.072410207142443
697.7075441615889 8.007347204856439 0.00021022785481061544 0.07207088349691607
707.3979267193936 8.026956621898513 0.00018008488572661863 0.0717347793248738
717.0883092771983 8.045958136306263 0.00015036671481195643 0.07140184858091683
726.778691835003 8.064377170670113 0.00012106649045411947 0.07107204609842753
736.4690743926913 8.082237797774887 9.217749195653604e-05 0.07074532756863815
746.159456950496 8.09956282824114 6.369312666255007e-05 0.07042164952027583
755.8498395083006 8.116373891389008 3.560692715200566e-05 0.07010096929982473
765.5402220661053 8.132691509939406 7.912548501671567e-06 0.06978324505230663
775.23060462391 8.148535169096899 -1.9396234386664857e-05 0.0694684357026213
784.9209871817147 8.16392338050732 -4.632552939467461e-05 0.06915650093740514
794.6113697395194 8.178873741532442 -7.28813297328439e-05 0.06884740118739496
804.3017522973241 8.193402990240424 -9.660001217331096e-05 0.06854118673639073
813.9921348551288 8.207527056471964 -0.00012244462529321598 0.06823764054080694
823.6825174129335 8.22126110930745 -0.00014793279158665943 0.06793681495780243
833.3728999707382 8.23461960122961 -0.0001730700757058545 0.06763867322748589
843.0632825285429 8.247616309248546 -0.00019786193930438115 0.06734317925291766
852.7536650863476 8.260264373231522 -0.00022231374324447836 0.06705029758518123
862.4440476441523 8.272576331657651 -0.0002464307497518555 0.0667599934088569
872.134430201957 8.284564154997984 -0.00027021812451888806 0.06647223252788585
881.8248127597617 8.296239276903538 -0.00029368093875789455 0.06618698135181166
891.5151953175664 8.307612623367948 -0.0003168241712052561 0.06590420688238763
901.2055778753711 8.318694640016856 -0.00033965271007829127 0.06562387670053899
910.8959604331758 8.329495317663222 -0.0003621713549854791 0.06534595895366874
920.5863429908641 8.340024216255799 -0.00038438481879122166 0.06507042234329985
930.2767255486688 8.350290487338269 -0.00040629772943788565 0.06479723611302407
939.9671081064735 8.360302895124244 -0.0004279146317222068 0.06452637003679688
949.6574906642782 8.370069836288996 -0.00044923998903256487 0.06425779440750307
959.3478732220829 8.379599358566438 -0.0004702781850438759 0.06399148002583338
969.0382557798875 8.38889917823529 -0.0004910335253732595 0.06372739818944372
978.7286383376922 8.397976696570932 -0.0005115102391967195 0.06346552068239103
988.4190208954969 8.406839015333563 -0.0005317124808282245 0.06320581976483891
998.1094034533016 8.415492951357834 -0.000875478196146527 0.06294826816302328
