-1007.7997860109899 11.307483656493442 -0.00041534343199225613 0.0
-998.1094034531852 11.307483656493442 -0.00041215715216683416 0.0
-988.4190208954969 11.307483656493442 -0.00040901986239976596 0.0
-978.7286383376922 11.307483656493442 -0.00040593042925662757 0.0
-969.0382557798875 11.307483656493442 -0.0004028877544223843 0.0
-959.3478732220829 11.307483656493442 -0.0003998907733330825 0.0
-949.6574906642782 11.307483656493442 -0.00039693845387215525 0.0
-939.9671081064735 11.307483656493442 -0.0003940297951275475 0.0
-930.2767255486688 11.307483656493442 -0.0003911638262063549 0.0
-920.5863429908641 11.307483656493442 -0.0003883396051038466 0.0
-910.8959604330594 11.307483656493442 -0.00038555621762393906 0.0
-901.2055778752547 11.307483656493442 -0.0003828127763483706 0.0
-891.51519531745 11.307483656493442 -0.000380108419651992 0.0
-881.8248127596453 11.307483656493442 -0.00037744231076175365 0.0
-872.1344302018406 11.307483656493442 -0.00037481363685710887 0.0
-862.4440476440359 11.307483656493442 -0.0003722216082096926 0.0
-852.7536650862312 11.307483656493442 -0.0003696654573602665 0.0
-843.0632825284265 11.307483656493442 -0.00036714443833103046 0.0
-833.3728999706218 11.307483656493442 -0.00036465782587152205 0.0
-823.6825174128171 11.307483656493442 -0.00036220491473642016 0.0
-813.9921348550124 11.307483656493442 -0.0003597850189936721 0.0
-804.3017522972077 11.307483656493442 -0.00035739747136144897 0.0
-794.6113697395194 11.307483656493442 -0.0003550416225725506 0.0
-784.9209871817147 11.307483656493442 -0.00035271684076476194 0.0
-775.23060462391 11.307483656493442 -0.0003504225108963258 0.0
-765.5402220661053 11.307483656493442 -0.0003481580341847853 0.0
-755.8498395083006 11.307483656493442 -0.00034592282756849623 0.0
-746.159456950496 11.307483656493442 -0.00034371632318958034 0.0
-736.4690743926913 11.307483656493442 -0.0003415379678973472 0.0
-726.7786918348866 11.307483656493442 -0.00033938722277123264 0.0
-717.0883092770819 11.307483656493442 -0.00033726356266235803 0.0
-707.3979267192772 11.307483656493442 -0.0003351664757528589 0.0
-697.7075441614725 11.307483656493442 -0.00033309546313217535 0.0
-688.0171616036678 11.307483656493442 -0.0003310500383895424 0.0
-678.3267790458631 11.307483656493442 -0.00032902972722195306 0.0
-668.6363964880584 11.307483656493442 -0.0003270340670569087 0.0
-658.9460139302537 11.307483656493442 -0.0003250626066893023 0.0
-649.255631372449 11.307483656493442 -0.00032311490593181784 0.0
-639.5652488146443 11.307483656493442 -0.0003211905352782528 0.0
-629.8748662568396 11.307483656493442 -0.0003192890755792108 0.0
-620.1844836990349 11.307483656493442 -0.0003174101177296279 0.0
-610.4941011413466 11.307483656493442 -0.00031555326236765353 0.0
-600.8037185835419 11.307483656493442 -0.0003137181195842683 0.0
-591.1133360257372 11.307483656493442 -0.00031190430864352036 0.0
-581.4229534679325 11.307483656493442 -0.000310111457712495 0.0
-571.7325709101278 11.307483656493442 -0.0003083392036009408 0.0
-562.0421883523231 11.307483656493442 -0.00030658719151002413 0.0
-552.3518057945184 11.307483656493442 -0.0003048550747898555 0.0
-542.6614232367137 11.307483656493442 -0.0003031425147054341 0.0
-532.971040678909 11.307483656493442 -0.00030144918021066585 0.0
-523.2806581211044 11.307483656493442 -0.00029977474773013014 0.0
-513.5902755632997 11.307483656493442 -0.00029811890094828716 0.0
-503.89989300549496 11.307483656493442 -0.00029648133060582594 0.0
-494.20951044769026 11.307483656493442 -0.00029486173430287295 0.0
-484.51912788988557 11.307483656493442 -0.00029325981630879083 0.0
-474.82874533208087 11.307483656493442 -0.00029167528737830933 0.0
-465.1383627742762 11.307483656493442 -0.0002901078645737416 0.0
-455.4479802164715 11.307483656493442 -0.0002885572710930524 0.0
-445.7575976586668 11.307483656493442 -0.00028702323610355133 0.0
-436.0672151008621 11.307483656493442 -0.0002855054945809972 0.0
-426.3768325431738 11.307483656493442 -0.0002840037871539265 0.0
-416.6864499853691 11.307483656493442 -0.0002825178599528998 0.0
-406.9960674275644 11.307483656493442 -0.00028104746446474974 0.0
-397.3056848697597 11.307483656493442 -0.0002795923573912891 0.0
-387.615302311955 11.307483656493442 -0.0002781523005125775 0.0
-377.9249197541503 11.307483656493442 -0.00027672706055447294 0.0
-368.2345371963456 11.307483656493442 -0.00027531640906032956 0.0
-358.54415463854093 11.307483656493442 -0.00027392012226668834 0.0
-348.85377208073623 11.307483656493442 -0.0002725379809828171 0.0
-339.16338952293154 11.307483656493442 -0.0002711697704739597 0.0
-329.47300696512684 11.307483656493442 -0.0002765907980612655 0.0
-319.78262440732215 11.307483656493442 -0.0002751574405016727 0.0
-310.09224184951745 11.307483656493442 -0.00027373988042695113 0.0
-300.40185929171275 11.307483656493442 -0.00027233782086881486 0.0
-290.71147673390806 11.307483656493442 -0.00027095097396738797 0.0
-281.02109417610336 11.307483656493442 -0.00026957906053889837 0.0
-271.33071161829866 11.307483656493442 -0.00026822180967192593 0.0
-261.64032906049397 11.307483656493442 -0.0002668789583498409 0.0
-251.94994650268927 11.307483656493442 -0.00026555025109729674 0.0
-242.259563945001 11.307483656493442 -0.00026423543964886346 0.0
-232.5691813871963 11.307483656493442 -0.0002629342826379564 0.0
-222.8787988293916 11.307483656493442 -0.0002616465453047125 0.0
-213.1884162715869 11.307483656493442 -0.0002603719992210585 0.0
-203.4980337137822 11.307483656493442 -0.00025911042203189625 0.0
-193.8076511559775 11.307483656493442 -0.0002578615972111205 0.0
-184.1172685981728 11.307483656493442 -0.0002566253138313951 0.0
-174.42688604036812 11.307483656493442 -0.0002554013663466963 0.0
-164.73650348256342 11.307483656493442 -0.00025418955438671523 0.0
-155.04612092475872 11.307483656493442 -0.0002529896825622888 0.0
-145.35573836695403 11.307483656493442 -0.00025180156028109844 0.0
-135.66535580914933 11.307483656493442 -0.0002506250015729375 0.0
-125.97497325134464 11.307483656493442 -0.0002494598249239078 0.0
-116.28459069353994 11.307483656493442 -0.0002483058531189538 0.0
-106.59420813573524 11.307483656493442 -0.000247162913092192 0.0
-96.90382557793055 11.307483656493442 -0.00024603083578453723 0.0
-87.21344302012585 11.307483656493442 -0.0002449094560081606 0.0
-77.52306046232115 11.307483656493442 -0.00024379861231735707 0.0
-67.83267790451646 11.307483656493442 -0.00024269814688542552 0.0
-58.14229534682818 11.307483656493442 -0.00024160790538721105 0.0
-48.45191278902348 11.307483656493442 -0.00024052773688689396 0.0
-38.761530231218785 11.307483656493442 -0.00023945749373090647 0.0
-29.07114767341409 11.307483656493442 -0.0002383970314454265 0.0
-19.380765115609393 11.307483656493442 -0.00023734620863837447 0.0
-9.690382557804696 11.307483656493442 -0.00023630488690558265 0.0
0.0 8.577628333849358 -0.02398635909258513 0.02762900744123677
9.690382557804696 8.873779613034094 -0.023661111116443888 0.027251844819594934
19.380765115609393 9.039735432071268 -0.02334460500789114 0.02688484079106629
29.07114767341409 9.162687813807866 -0.023036492512160785 0.026527590388237033
38.761530231218785 9.26206742157654 -0.022736443638312516 0.02617970988652244
48.45191278902348 9.346089293411175 -0.022444145477275475 0.025840835429313532
58.14229534682818 9.419136213150379 -0.02219570346711365 0.025510621758537282
67.83267790463287 9.483869260916654 -0.021917536639502567 0.025188741041319785
77.52306046243757 9.542045204534332 -0.021646287026364393 0.02487488178437031
87.21344302024227 9.594894254862911 -0.02138169939828957 0.024568747828529018
96.90382557804696 9.6433165713726 -0.021123530936058 0.0242700574166564
106.59420813585166 9.687993617324599 -0.0208715504852797 0.023978542328697908
116.28459069365636 9.729455507816462 -0.020625537864121225 0.023693947078342766
125.97497325146105 9.768123888255568 -0.020385283219758576 0.0234160281662197
135.66535580914933 9.80434039342792 -0.020175654345396823 0.023144553385044567
145.35573836695403 9.838386197836412 -0.0199732743610049 0.02287971321938933
155.04612092475872 9.870495841068074 -0.019748427929849287 0.022620466437212803
164.73650348256342 9.90086724970922 -0.01952861062828308 0.022367028813517147
174.42688604036812 9.929669159287846 -0.019313655308745136 0.02211920725555562
184.1172685981728 9.95704671443267 -0.019166406226348395 0.02187681713451876
193.8076511559775 9.983125764578434 -0.018959843286901666 0.021639681826805382
203.4980337137822 10.008016207608147 -0.018757706419422083 0.02140763228480844
213.1884162715869 10.031814626701058 -0.018577112763937052 0.02118050663502365
222.8787988293916 10.054606394409783 -0.018383177849999426 0.020958149801472988
232.5691813871963 10.0764673695886 -0.018193269623901616 0.020740413152602024
242.259563945001 10.097465279278818 -0.018007263706919276 0.020527154169961714
251.9499465028057 10.117660854043775 -0.017825040796315784 0.020318236137122404
261.6403290606104 10.137108768346971 -0.017646486408799563 0.020113527847393266
271.3307116184151 10.155858425297822 -0.017471490639397062 0.019912903329034146
281.0210941762198 10.17395461606458 -0.017299947934670597 0.019716241586750442
290.7114767340245 10.191438077534668 -0.017131756879294177 0.019523426358356376
300.40185929182917 10.208345966743526 -0.01696681999507773 0.01933434588557834
310.09224184963387 10.22471226674484 -0.01680504355159992 0.019148892698048835
319.78262440732215 10.240568135639048 -0.016646337387676145 0.018966963409616046
329.47300696512684 10.255942208187882 -0.01672580878114903 0.01878845852614463
339.16338952293154 10.270860857648929 -0.01656981214185548 0.018613282264089915
348.85377208073623 10.285348424061272 -0.01641671960326114 0.018441342379106402
358.54415463854093 10.299427414088369 -0.016266450356269457 0.01827255000407921
368.2345371963456 10.31311867663509 -0.01611892658042642 0.018106819495967777
377.9249197541503 10.330071844546465 -0.015974073305998697 0.017944068290909252
387.615302311955 10.348686291104363 -0.015831818283692203 0.017784216767066766
397.3056848697597 10.366620492704547 -0.01569209186151561 0.017627188114743567
406.9960674275644 10.383919334617445 -0.015554826868330674 0.017472908213318223
416.6864499853691 10.40062350508691 -0.015419958503664793 0.017321305514586268
426.3768325431738 10.416769981404155 -0.015287424233392152 0.017172310932122833
436.0672151009785 10.43239244820052 -0.015157163690918352 0.017025857736306618
445.7575976587832 10.447521659176461 -0.020951597196008517 0.02108152458103541
455.4479802165879 10.462185751341742 -0.020745241695200294 0.020882901782380614
465.1383627743926 10.476410519157774 -0.020543148302923357 0.020688163159291804
474.8287453321973 10.49021965463998 -0.0203451788215151 0.020497189754087684
484.519127890002 10.50363495841551 -0.020151201268892735 0.020309867685097866
494.2095104478067 10.51667652587921 -0.019961089518351866 0.02012608786508422
503.89989300549496 10.529362911902494 -0.01980430141076819 0.019945745738990425
513.5902755632997 10.541711276992306 -0.019621164709613382 0.019768741039427266
523.2806581211044 10.55373751733821 -0.01944155800295883 0.019594977558495246
532.971040678909 10.565456380816544 -0.019265375042446062 0.019424362934604214
542.6614232367137 10.576881570706636 -0.019092513999566206 0.019256808453144408
552.3518057945184 10.588025838621242 -0.018922877229114773 0.019092228859925363
562.0421883523231 10.598901067939066 -0.01877148573341623 0.018930542186409365
571.7325709101278 10.609518348848987 -0.018607815405096796 0.018771669585850945
581.4229534679325 10.619888045965522 -0.018447104849730986 0.018615535179531115
591.1133360257372 10.630019859348426 -0.01828927086586908 0.018462065912344967
600.8037185835419 10.639922879652024 -0.018164967403610156 0.018311191417064453
610.4941011413466 10.649605638038294 -0.018012231512532655 0.018162843886655105
620.1844836991513 10.659076151409609 -0.017862152515975987 0.01801695795407706
629.874866256956 10.668341963450112 -0.017714658731043626 0.017873470579047437
639.5652488147607 10.677410181906676 -0.017569681134912293 0.017732320941283495
649.2556313725654 10.686287512490704 -0.01742715323812259 0.017593450339784492
658.9460139303701 10.694980289738544 -0.01728701096526331 0.01745680209774515
668.6363964881748 10.703494505130703 -0.01714919254253864 0.017322321472725468
678.3267790459795 10.711835832737016 -0.017013638391748322 0.017189955571730642
688.0171616036678 10.720009652626127 -0.016880291030249506 0.017059653270882737
697.7075441614725 10.728021072252893 -0.01674909497649133 0.016931365139379435
707.3979267192772 10.735874946013023 -0.016619996660777896 0.016805043367489454
717.0883092770819 10.743575893138011 -0.016492944340886898 0.016680641698300185
726.7786918348866 10.751128314082534 -0.016915921638082625 0.016558115363006293
736.4690743926913 10.758536405543124 -0.016785355307112216 0.016437421019512028
746.159456950496 10.765804174232525 -0.01665689017795247 0.016318516694146593
755.8498395083006 10.77293544952189 -0.01653047310317163 0.01620136172630465
765.5402220661053 10.7799338950523 -0.016406052819975644 0.016085916715837298
775.23060462391 10.786803019407069 -0.016283579862353192 0.015972143473030855
784.9209871817147 10.793546185927797 -0.016163006478371718 0.01586000497102193
794.6113697395194 10.80016662174924 -0.016044286552257543 0.01574946530050778
804.3017522973241 10.80666742612101 -0.01592737553092382 0.015640489626620024
813.9921348551288 10.813051578077934 -0.015812230354638218 0.015533044147839119
823.6825174129335 10.819321929961408 -0.015698809391547257 0.01542709605683446
833.3728999707382 10.825481244526253 -0.015587072375797102 0.015322613503123104
843.0632825285429 10.831532176960154 -0.015476980349011476 0.015219565557446486
852.7536650863476 10.837477285853042 -0.015368495604905889 0.015117922177771368
862.4440476441523 10.843319038660987 -0.015261581636834788 0.015017654176826973
872.134430201957 10.84905981630549 -0.015156203088083568 0.014918733191095827
881.8248127596453 10.85470191742761 -0.015052325704732953 0.014821131651182198
891.51519531745 10.86024756233235 -0.014949916290927534 0.014724822753478565
901.2055778752547 10.865698896654695 -0.01484894266641813 0.014629780433079553
910.8959604330594 10.871057994778601 -0.014749373626214934 0.01453597933785592
920.5863429908641 10.876326863035281 -0.014651178902242042 0.014443394803645983
930.2767255486688 10.881507442706088 -0.014554329126866772 0.014352002830501066
939.9671081064735 10.88660161285212 -0.014458795798194325 0.014261780059932656
949.6574906642782 10.891611192990522 -0.014364551247024732 0.014172703753111356
959.3478732220829 10.896537945634753 -0.014271568605376215 0.014084751769970346
969.0382557798875 10.90138357871394 -0.014179821776485477 0.013997902549168892
978.7286383376922 10.906149747884117 -0.014089285406201479 0.013912135088873897
988.4190208954969 10.910838058742202 -0.014138174401292763 0.013827428928319934
998.1094034533016 10.915450068951559 -0.014265142330802965 0.013743764130110463
