-1007.7997860111063 9.830260466153545 -0.006891137936955753 0.0033736007740264727
-998.1094034533016 9.829719677995385 -0.006856008651554088 0.0033565892861309203
-988.4190208954969 9.829196695304066 -0.007036924192948199 0.0033570990371673253
-978.7286383376922 9.828691245345933 -0.006996908039157847 0.003339976026223375
-969.0382557798875 9.82820305533166 -0.006957522820591236 0.003323041443167126
-959.3478732220829 9.827731852694276 -0.006918742246282339 0.003306291144798771
-949.6574906642782 9.827277365350465 -0.0068805421573880365 0.003289721198747581
-939.9671081064735 9.826839321945748 -0.006842900286482632 0.003273327863182294
-930.2767255486688 9.826417452084128 -0.006961811605147466 0.0032571075691899876
-920.5863429908641 9.826011486542834 -0.006921216455332001 0.003241056905408182
-910.8959604330594 9.825621157472717 -0.006881323042066172 0.0032251726045677115
-901.2055778752547 9.825246198584889 -0.006842100108954793 0.003209451531662652
-891.51519531745 9.82488634532416 -0.0068035188960777 0.0031938906735112
-881.8248127596453 9.824541335029844 -0.006765552871030383 0.0031784871295102
-872.1344302018406 9.82421090708447 -0.006728177494871247 0.0031632381034177584
-862.4440476440359 9.823894803050925 -0.006691370017759658 0.0031481408960244805
-852.7536650863476 9.823592766798546 -0.006846005186711767 0.003133192898595584
-843.0632825285429 9.823304544618672 -0.006928756738236052 0.003123517465093523
-833.3728999707382 9.823029885330172 -0.006885718139530722 0.003108727649857114
-823.6825174129335 9.822768540375355 -0.006843556062245699 0.0030940864070084194
-813.9921348551288 9.822520263906826 -0.006802226634117219 0.0030795909413078794
-804.3017522973241 9.822284812865641 -0.007549081041928886 0.003065238571312391
-794.6113697395194 9.82206194705128 -0.007488906016933814 0.003051026720200373
-784.9209871817147 9.821851429183807 -0.007430481802227866 0.003036952907675188
-775.23060462391 9.821653024958648 -0.0074183205924225415 0.0030230147427917787
-765.5402220661053 9.82146650309437 -0.007361950050143401 0.003009209917576914
-755.8498395083006 9.821291635373877 -0.007307091379233837 0.002995536201334474
-746.159456950496 9.82112819667932 -0.007253658617932403 0.0029819914355442498
-736.4690743926913 9.820975965021168 -0.007201572984522662 0.002968573529276906
-726.7786918348866 9.820834721561692 -0.007150762119629458 0.002955280455059391
-717.0883092770819 9.820704250633256 -0.007101159423492513 0.002942110245134812
-707.3979267192772 9.820584339751683 -0.007052703474537563 0.002929060988068859
-697.7075441614725 9.820474779625041 -0.007005337517779813 0.0029161308256616457
-688.0171616036678 9.820375364158092 -0.006959009013412772 0.0029033179501295426
-678.3267790458631 9.820285890452725 -0.006913669237434653 0.002890620601526389
-668.6363964881748 9.820206158804606 -0.006869272927406438 0.002878037065377699
-658.9460139303701 9.820135972696313 -0.007003527588956156 0.0028916178182376504
-649.2556313725654 9.820075138787221 -0.006956379947617033 0.0028785952188333658
-639.5652488147607 9.8200234669003 -0.006910281438188731 0.0028657143224331506
-629.874866256956 9.819980770006145 -0.006865181596938688 0.002852971199095815
-620.1844836991513 9.819946864204349 -0.006821033680398141 0.002840362179421641
-610.4941011413466 9.819921568702503 -0.006777794307754316 0.0028278838271962856
-600.8037185835419 9.819904705792956 -0.006735423145087979 0.002815532915633805
-591.1133360257372 9.819896100827554 -0.00669388262571169 0.00280330640666966
-581.4229534679325 9.819895582190501 -0.006653137701766606 0.002791201432848789
-571.7325709101278 9.819902981269518 -0.00661315562297866 0.0027792152814300718
-562.0421883523231 9.81991813242548 -0.006573905739090392 0.002767345380390846
-552.3518057945184 9.81994087296062 -0.0065353593229959366 0.0027555892860659176
-542.6614232367137 9.819971043085506 -0.006639043433449471 0.0027540428935001874
-532.971040678909 9.820008485884852 -0.00659818289254477 0.0027422477421576697
-523.2806581211044 9.820053047282371 -0.006558132354517075 0.002730572765674291
-513.5902755632997 9.820104576004693 -0.006518855938274542 0.0027190149791021393
-503.89989300549496 9.820162923544538 -0.00648032031556472 0.002707571573222381
-494.20951044769026 9.820227944123202 -0.006442494466203948 0.002696239897659178
-484.519127890002 9.820299494652462 -0.006492942581238338 0.002685017446073656
-474.8287453321973 9.82037743469602 -0.006454218377634166 0.0026739018431355247
-465.1383627743926 9.820461626430511 -0.006416233723876386 0.0026628908330225357
-455.4479802165879 9.820551934606225 -0.006378956830759054 0.0026519822692338143
-445.7575976587832 9.82064822650758 -0.00634235812299545 0.002641174105541102
-436.0672151009785 9.820750371913398 -0.006306410030779493 0.002630464387926572
-426.3768325431738 9.820858243057113 -0.006319480523396161 0.002619851247379516
-416.6864499853691 9.820971714586907 -0.006283519404121589 0.002609332893443022
-406.9960674275644 9.821090663525858 -0.006248198312227003 0.0025989076084174303
-397.3056848697597 9.821214969232168 -0.006213491539132823 0.0025885737421407103
-387.615302311955 9.821344513359488 -0.00628625441143826 0.002578329707276894
-377.9249197541503 9.821479179817413 -0.006249948746263086 0.0025681739750531944
-368.2345371963456 9.821618854732165 -0.006214328531864557 0.0025581050713943477
-358.54415463854093 9.821763426407534 -0.006179363795733929 0.002548121573409481
-348.85377208073623 9.821912785286065 -0.006145026722717351 0.002538222106192609
-339.16338952293154 9.822066823910577 -0.006111291444106604 0.0025284053399027544
-329.47300696512684 9.82222543688601 -0.006078133852316387 0.002518669987093976
-319.78262440732215 9.822388520841622 -0.006045531437483454 0.0025090148002691547
-310.09224184951745 9.822555974393595 -0.00601346314292289 0.0024994385696346334
-300.40185929182917 9.822727698108025 -0.005981909236867543 0.002489940121035516
-290.7114767340245 9.822903594464373 -0.005950851198316508 0.0024805183140531014
-281.0210941762198 9.823083567819324 -0.0059202716151585235 0.00247117204025031
-271.3307116184151 9.823267524371145 -0.00589015409299809 0.0024619002215487498
-261.6403290606104 9.823455372124489 -0.007578846518505891 0.0028062063527507855
-251.9499465028057 9.823647020855706 -0.007505269581243622 0.002787959032561019
-242.259563945001 9.823842382078645 -0.007434341358927846 0.002770241964836704
-232.5691813871963 9.824041369010972 -0.0073658846023425435 0.002753020402514669
-222.8787988293916 9.824243896540986 -0.007299738472131969 0.002736262857980373
-213.1884162715869 9.824449881194967 -0.0072357566502668485 0.0027199407236419126
-203.4980337137822 9.82465924110506 -0.007173805708190465 0.0027040279444579397
-193.8076511559775 9.824871895977665 -0.007113763691714268 0.0026885007342986843
-184.1172685981728 9.825087767062376 -0.0070555188896899 0.002673337329438718
-174.42688604036812 9.825306777121458 -0.006998968759105856 0.002658517773626274
-164.73650348256342 9.825528850399838 -0.006944018983821244 0.0026440237301042354
-155.04612092475872 9.82575391259565 -0.006890582647873364 0.0026298383167164454
-145.35573836695403 9.825981890831311 -0.006838579507347977 0.0026159459608543906
-135.66535580914933 9.826212713625118 -0.00678793534731374 0.0026023322715105373
-125.97497325134464 9.826446310863382 -0.006738581412399318 0.002588983926126944
-116.28459069353994 9.82668261377309 -0.006690453901315325 0.0025758885702781365
-106.59420813585166 9.826921554895083 -0.00664349351706001 0.0025630347285189514
-96.90382557804696 9.827163068057775 -0.006597645065744388 0.002550411724970926
-87.21344302024227 9.827407088351341 -0.00655285709799224 0.0025380096124282773
-77.52306046243757 9.827653552102463 -0.006509081587698817 0.002525819108931247
-67.83267790463287 9.82790239684955 -0.0064662736436690875 0.002513831540905207
-58.14229534682818 9.828153561318468 -0.0064243912502514496 0.002502038792083605
-48.45191278902348 9.828406985398754 -0.006383395033603436 0.00249043325753845
-38.761530231218785 9.828662610120334 -0.006343248050665326 0.0024790078022308487
-29.07114767341409 9.82892037763069 -0.006303915598294024 0.002467755723570147
-19.380765115609393 9.829180231172526 -0.0062653650403319645 0.002456670717535378
-9.690382557804696 9.829442115061886 -0.0062275656506632394 0.0024457468479686622
0.0 0.8291343957006649 -0.03259982679033566 0.034614817584214405
9.690382557804696 1.460297508068507 -0.036316060685328465 0.03565525755433946
19.380765115609393 1.875844150724646 -0.035515210539165 0.034803201090759336
29.07114767341409 2.205737142539447 -0.03475286563448031 0.03399285980491763
38.761530231218785 2.4855070088150386 -0.03406384241434437 0.033222511995724145
48.45191278902348 2.731163747606929 -0.033369504235270867 0.03248681828562838
58.14229534682818 2.9515797466967246 -0.03270617309327226 0.031784625862594715
67.83267790463287 3.1522939646348904 -0.03207177391162565 0.031113680245513312
77.52306046232115 3.3370466839944406 -0.03146441366245643 0.03047192507255717
87.21344302012585 3.508508855162143 -0.0309054864162816 0.02985812945090836
96.90382557793055 3.6686695568888377 -0.030346567935218553 0.02926925819042825
106.59420813573524 3.8190593018178935 -0.029850038593131605 0.02870567748029743
116.28459069353994 3.9608870239869534 -0.02933334747145088 0.028163343325380796
125.97497325134464 4.095128378102473 -0.028836432060681337 0.02764223281017806
135.66535580914933 4.222584994337645 -0.028358150319154164 0.027141112598523795
145.35573836695403 4.343925594804391 -0.02789744703274463 0.02665884326600572
155.04612092475872 4.459715341269831 -0.02745334569735165 0.02619437052427156
164.73650348256342 4.5704372953920975 -0.027024941296556554 0.025746717411536266
174.42688604036812 4.676508443461188 -0.026619047016525753 0.025315338351445914
184.1172685981728 4.778291883644463 -0.02621937697841507 0.02489865944909256
193.8076511559775 4.876106245808163 -0.025835672002938816 0.02449632586913805
203.4980337137822 4.970233077766303 -0.025461976278283366 0.024107489344157414
213.1884162715869 5.060922711988078 -0.02515209907330786 0.02373349625022408
222.8787988293916 5.148398979686544 -0.024800600351582155 0.023369724293814027
232.5691813871963 5.232863038687665 -0.024475136872381783 0.023017952651894203
242.259563945001 5.314496511485363 -0.024144683668076424 0.022676907996941182
251.9499465028057 5.393464080317181 -0.02382421311602992 0.022346431323170584
261.64032906049397 5.469915650439101 -0.023513264984955054 0.022026032896843153
271.33071161829866 5.543988166774075 -0.02321140719654302 0.021715252864935634
281.02109417610336 5.615807149867291 -0.022918233692772787 0.02141365900870991
290.71147673390806 5.685488002736679 -0.022633362495213662 0.021120844696986243
300.40185929171275 5.753137129303707 -0.022356433936374962 0.02083642701875471
310.09224184951745 5.818852896803376 -0.022087109045443018 0.020560045077030607
319.78262440732215 5.882726468160272 -0.02182506807282429 0.020291358427939228
329.47300696512684 5.9448425253341854 -0.02157000913969457 0.020030045650805278
339.16338952293154 6.005279900728052 -0.02132164700030984 0.019775803036592973
348.85377208073623 6.064112130659154 -0.021079711906194672 0.01952834338342107
358.54415463854093 6.121407942431613 -0.020843948562514723 0.019287394889088635
368.2345371963456 6.177231684573655 -0.020662179394695283 0.01905471477821428
377.9249197541503 6.231643708209029 -0.02043682599232033 0.018825978607093483
387.615302311955 6.284700706238033 -0.020217016424424458 0.018603023319125757
397.3056848697597 6.33645601594637 -0.020002539948797804 0.018385629096613152
406.9960674275644 6.3869598897923945 -0.01979319658277223 0.018173587172527844
416.6864499853691 6.436259738406891 -0.01958879641201183 0.017966699143561478
426.3768325431738 6.48440034924532 -0.019290846412810227 0.017773111907950605
436.0672151009785 6.5314240838375905 -0.01950656056512249 0.017576135404446722
445.7575976586668 6.577371056165218 -0.019307951545328546 0.01738340004149871
455.4479802164715 6.661821472113365 -0.019114013165272305 0.017195126960523173
465.1383627742762 6.747802252759776 -0.022116398021945805 0.01705675035501058
474.82874533208087 6.830076276874628 -0.021874434610460014 0.016876441290180365
484.51912788988557 6.908882615396468 -0.0243713417873199 0.016699518444021552
494.20951044769026 6.98443873465887 -0.024047362828562114 0.01652653082465221
503.89989300549496 7.056943073807384 -0.023734518845767008 0.016357345043351786
513.5902755632997 7.126577237982966 -0.02343214905175031 0.016191833811223282
523.2806581211044 7.193507875657844 -0.02313964884053691 0.016029875581991364
532.971040678909 7.257888294475784 -0.022856463645485388 0.015871354221122236
542.6614232367137 7.319859859151602 -0.0225820836059474 0.015716158698822397
552.3518057945184 7.379553206600974 -0.022316038919414992 0.015564182804759387
562.0421883523231 7.43708930690567 -0.02205789577718955 0.015415324882591822
571.7325709101278 7.49258039353569 -0.021807252798693846 0.015269487582606186
581.4229534679325 7.546130782126392 -0.02156373789347067 0.015126577630939473
591.1133360257372 7.597837593805493 -0.02132700549130597 0.014986505614024289
600.8037185835419 7.647791396400966 -0.021096734090282794 0.01484918577703067
610.4941011413466 7.696076774699086 -0.02087262408030844 0.014714535835199646
620.1844836991513 7.742772839157135 -0.020654395806070862 0.014582476797069269
629.8748662568396 7.7879536810260115 -0.02044178783872208 0.014452932798689692
639.5652488146443 7.831688780646088 -0.020698448473704216 0.014366545754127292
649.255631372449 7.874043374676685 -0.020484350590803477 0.014240761756546105
658.9460139302537 7.915078787211839 -0.020275789740906585 0.014117335678428494
668.6363964880584 7.954852729024113 -0.020072518668060025 0.013996198770210036
678.3267790458631 7.993419568607699 -0.01987430633638758 0.013877285097086724
688.0171616036678 8.030830578197012 -0.019680936510345717 0.013760531379901512
697.7075441614725 8.067134157521002 -0.0194922064904858 0.013645876848663578
707.3979267192772 8.102376037699146 -0.019307925984325586 0.01353326310730239
717.0883092770819 8.136599467382485 -0.019127916095038583 0.013422634008461946
726.7786918348866 8.169845382983782 -0.01895200841323952 0.013313935537307201
736.4690743926913 8.202152564618139 -0.018780044199280026 0.013207115703453587
746.159456950496 8.23355777918307 -0.019006277744889073 0.013130068308503226
755.8498395083006 8.264095911840895 -0.018831715615217594 0.013026145774800874
765.5402220661053 8.293800087022074 -0.01869882704635774 0.012926303865087566
775.23060462391 8.322701779942642 -0.01853116149740829 0.012825812470834705
784.9209871817147 8.350830919519534 -0.018367246142111163 0.012727000290362344
794.6113697395194 8.378215983471843 -0.01820693354052955 0.01262982324519424
804.3017522973241 8.404884086312224 -0.018050085028497424 0.012534238909977721
813.9921348551288 8.430861060858955 -0.01789656999757267 0.012440206424534247
823.6825174128171 8.456171533833901 -0.01774626525090772 0.012347686412662637
833.3728999706218 8.480838996056486 -0.017599054425276695 0.012256640906960038
843.0632825284265 8.504885867686722 -0.017454827471001896 0.012167033279050894
852.7536650862312 8.528333558936035 -0.017313480182674826 0.012078828174660345
862.4440476440359 8.551202526614066 -0.017174913774642975 0.011991991453078244
872.1344302018406 8.573512326850533 -0.017039034496042386 0.011906490130596772
881.8248127596453 8.595281664297447 -0.016905753280881224 0.011822292327562437
891.51519531745 8.616528438089 -0.016774985429278258 0.011739367218725559
901.2055778752547 8.637269784811132 -0.01664665031646983 0.011657684986606668
910.8959604330594 8.657522118710153 -0.016520671126631793 0.011577216777630848
920.5863429908641 8.677301169349409 -0.01639697460893266 0.011497934660808121
930.2767255486688 8.696622016904714 -0.016275490853551115 0.011419811588761366
939.9671081064735 8.715499125272759 -0.016156153085663157 0.011342821360923593
949.6574906642782 8.733946373151921 -0.01603889747563918 0.011266938588744238
959.3478732220829 8.75197708324141 -0.015923662963894223 0.011192138662759536
969.0382557798875 8.769604049692573 -0.015810391099010924 0.011118397721395896
978.7286383376922 8.786839563935267 -0.01569902588790818 0.011045692621386926
988.4190208954969 8.803695438992113 -0.015589513656962008 0.01097400090969582
998.1094034533016 8.820183032384545 -0.015481802923102472 0.010903300796843802
