-1007.7997860109899 9.977538083990328 -0.001695506123160057 0.00010899138151541785
-998.1094034531852 9.977538083990327 -0.0016832712607340265 0.00010838883509870943
-988.4190208953805 9.977538083990323 -0.0016712175099387826 0.00010779295567966415
-978.7286383376922 9.97753808399032 -0.0016593407703280687 0.00010720363249805908
-969.0382557798875 9.977538083990314 -0.0016476370669396326 0.00010662075724997196
-959.3478732220829 9.977538083990309 -0.0016361025454544103 0.00010604422401964346
-949.6574906642782 9.9775380839903 -0.00162473346757946 0.00010547392921353969
-939.9671081064735 9.97753808399029 -0.0016135262066445662 0.0001049097714966407
-930.2767255486688 9.977538083990275 -0.001602477243400164 0.0001043516517308168
-920.5863429908641 9.977538083990256 -0.001591583162005969 0.00010379947291522978
-910.8959604330594 9.977538083990233 -0.0015808406462001945 0.00010325314012867378
-901.2055778752547 9.9775380839902 -0.001570246475639863 0.00010271256047378688
-891.51519531745 9.977538083990162 -0.0015597975224032681 0.00010217764302305912
-881.8248127596453 9.97753808399011 -0.0018949727203240994 0.00017802812745020647
-872.1344302018406 9.977538083990044 -0.001875857863295403 0.000175526180980046
-862.4440476440359 9.97753808398996 -0.001857331098110647 0.0001731295060173406
-852.7536650862312 9.977538083989854 -0.0018393562656208182 0.00017083064174695122
-843.0632825284265 9.977538083989721 -0.001821900491314767 0.00016862283820952653
-833.3728999706218 9.977538083989554 -0.0018049338062761258 0.0001664999730509224
-823.6825174128171 9.977538083989343 -0.0017884288200300214 0.00016445647971996525
-813.9921348550124 9.97753808398908 -0.001772360437149977 0.0001624872853184285
-804.3017522972077 9.977538083988751 -0.001756705610920561 0.00016058775662212006
-794.6113697395194 9.977538083988344 -0.0017414431285015732 0.0001587536530461298
-784.9209871817147 9.97753808398784 -0.0017265534229710011 0.00015698108553337926
-775.23060462391 9.977538083987216 -0.0017120184083878503 0.00015526648051392725
-765.5402220661053 9.97753808398645 -0.0016978213346317632 0.0001536065482193708
-755.8498395083006 9.977538083985511 -0.0016839466592943751 0.0001519982547503672
-746.159456950496 9.97753808398436 -0.001670379934315879 0.0001504387973882846
-736.4690743926913 9.977538083982957 -0.001657107705411764 0.00014892558271947418
-726.7786918348866 9.977538083981251 -0.0016441174226259076 0.00014745620720501646
-717.0883092770819 9.97753808397918 -0.0016313973605896182 0.0001460284398825995
-707.3979267192772 9.977538083976675 -0.0016189365472702674 0.00014464020693223748
-697.7075441614725 9.977538083973654 -0.0016067247001647516 0.00014328957787545019
-688.0171616036678 9.977538083970016 -0.0015947521690378638 0.00014197475320950763
-678.3267790458631 9.977538083965651 -0.0015830098844282462 0.00014069405330544666
-668.6363964880584 9.977538083960424 -0.0015714893112487016 0.0001394459084215072
-658.9460139302537 9.97753808395418 -0.0015601824068962932 0.0001382288497032368
-649.255631372449 9.97753808394674 -0.0015490815833633861 0.00013704150105826141
-639.5652488146443 9.9775380839379 -0.0015381796729056307 0.0001358825718079374
-629.8748662568396 9.977538083927413 -0.0015274698968785541 0.0001347508500304989
-620.1844836990349 9.97753808391501 -0.0015169458374023753 0.0001336451965208198
-610.4941011413466 9.977538083900365 -0.0015066014115561399 0.00013256453930105742
-600.8037185835419 9.97753808388312 -0.0014964308478371837 0.00013150786862428388
-591.1133360257372 9.977538083862854 -0.00148642866465558 0.00013047423242027118
-581.4229534679325 9.97753808383909 -0.0014765896506558243 0.00012946273213813696
-571.7325709101278 9.97753808381128 -0.0014669088466858656 0.00012847251894615658
-562.0421883523231 9.97753808377881 -0.0014573815292514601 0.0001275027902532974
-552.3518057945184 9.97753808374097 -0.001475103971194131 0.00012732349020659451
-542.6614232367137 9.977538083696968 -0.0014651668678667548 0.0001263724868260075
-532.971040678909 9.977538083645896 -0.0014554059438186759 0.0001254408192975051
-523.2806581211044 9.977538083586738 -0.001445814642683794 0.00012452776567646424
-513.5902755632997 9.977538083518343 -0.0014363868326288192 0.00012363264392433338
-503.89989300549496 9.97753808343942 -0.0014271167663535771 0.00012275480895962838
-494.20951044769026 9.977538083348517 -0.0021925686077103766 0.0002322995337873602
-484.51912788988557 9.977538083244008 -0.0021636923761049883 0.00022861713475391297
-474.82874533208087 9.977538083124074 -0.0021359561108696907 0.000225092463878914
-465.1383627742762 9.977538082986682 -0.0021092821458770323 0.00022171457365382382
-455.4479802164715 9.977538082829565 -0.0020836000407462286 0.00021847353740018046
-445.7575976586668 9.9775380826502 -0.0020588457480601634 0.00021536033164403767
-436.0672151008621 9.977538082445783 -0.002034960893726688 0.00021236673447048093
-426.3768325430574 9.977538082213204 -0.0020118921529097347 0.00020948523737524772
-416.6864499853691 9.977538081949016 -0.0020657984400221686 0.00021219493278327867
-406.9960674275644 9.977538081649406 -0.0023693076884851233 0.00025055339894658517
-397.3056848697597 9.977538081310167 -0.002338154311387112 0.00024677679020215174
-387.615302311955 9.977538080926657 -0.002308155546678355 0.00024314758718860585
-377.9249197541503 9.977538080493764 -0.0022792391160313874 0.0002396565127861342
-368.2345371963456 9.977538080005871 -0.002351529966251307 0.0002422578482824832
-358.54415463854093 9.977538079456812 -0.0023219905397458955 0.00023886383911539484
-348.85377208073623 9.977538078839826 -0.0022934822120726514 0.00023559233690934083
-339.16338952293154 9.977538078147514 -0.0028167636090853996 0.00023243618443421221
-329.47300696512684 9.977538077371786 -0.002776134116835532 0.00022938879180369568
-319.78262440732215 9.977538076503812 -0.0027370620759527087 0.00022644408024757423
-310.09224184951745 9.977538075533964 -0.0026994495738687256 0.00022359643253252217
-300.40185929171275 9.977538074451763 -0.002663207065092368 0.00022084064912195503
-290.71147673390806 9.977538073245814 -0.0026282524784889227 0.00021817190930631427
-281.02109417610336 9.977538071903743 -0.0025945104379438556 0.00021558573665159095
-271.33071161829866 9.977538070412127 -0.002561911579795947 0.0002130779682108331
-261.64032906049397 9.97753806875643 -0.002530391953171658 0.0002106447270241779
-251.94994650268927 9.97753806692093 -0.002499892491595438 0.00020828239750070142
-242.25956394488458 9.97753806488863 -0.002470358546091171 0.00020598760333234608
-232.5691813871963 9.977538062641193 -0.0024417394715073185 0.0002037571876382801
-222.8787988293916 9.977538060158851 -0.002423805426749514 0.00020191868073211463
-213.1884162715869 9.977538057420317 -0.002396629023967237 0.00019979994713896127
-203.4980337137822 9.977538054402698 -0.0023702484542693896 0.00019773768345604682
-193.8076511559775 9.977538051081405 -0.0023446248950516934 0.00019572941796542728
-184.1172685981728 9.977538047430043 -0.0023197221297860493 0.00019377282737724532
-174.42688604036812 9.977538043420328 -0.002295506327797146 0.00019186572559684855
-164.73650348256342 9.977538039021969 -0.002271945846352235 0.00019000605351386125
-155.04612092475872 9.977538034202565 -0.002249011052435855 0.00018819186970469963
-145.35573836695403 9.977538028927501 -0.0022266741619334793 0.00018642134195323307
-135.66535580914933 9.977538023159825 -0.0022049090942474086 0.000184692739505623
-125.97497325134464 9.977538016860136 -0.0021836913406235114 0.00018300442598523516
-116.28459069353994 9.977538009986459 -0.002162997844685787 0.00018135485290205928
-106.59420813573524 9.977538002494132 -0.002163490390665483 0.00018030528906075175
-96.90382557793055 9.977537994335664 -0.0021432493880932674 0.00017871439601500576
-87.21344302012585 9.977537985460623 -0.00212349784396798 0.00017715879434585611
-77.52306046232115 9.977537975815487 -0.0021042155586738554 0.00017563717887943118
-67.83267790451646 9.977537965343519 -0.002085383517114281 0.00017414831206215197
-58.14229534671176 9.977537953984625 -0.0020669837979677822 0.000172691019423142
-48.45191278902348 9.97753794167522 -0.010122089760435929 0.0001712641854168355
-38.761530231218785 9.977537928348072 -0.009898696835700951 0.00016986674960660383
-29.07114767341409 9.97753791393217 -0.009685920759739055 0.000168497703155468
-19.380765115609393 9.977537898352574 -0.009483002628260595 0.00016715608559348026
-9.690382557804696 9.977537881530255 -0.009289254824420471 0.00016584098183552716
0.0 9.977537863381958 -0.00910405280871862 0.00016455151942598367
9.690382557804696 1.9864080309431422 -0.026573825534006043 0.09996360360416981
19.380765115609393 2.4299232093829515 -0.02595237187883382 0.0974079034476911
29.07114767341409 2.760639126770644 -0.025360447869762954 0.09497972940780912
38.761530231218785 3.0333291042910293 -0.024795972102786737 0.09266976696791043
48.45191278902348 3.2688853619095104 -0.029997504629922934 0.09267003211227148
58.14229534682818 3.477973076411476 -0.02933434860389093 0.09051522656749418
67.83267790463287 3.6669216487312752 -0.028700913528086673 0.0884584602742237
77.52306046243757 3.8398582080113624 -0.028095219452901277 0.08649318799517218
87.21344302024227 3.999654484728411 -0.02751545978060802 0.08461343464272912
96.90382557804696 4.148406286757444 -0.02695998259374751 0.08281373450000785
106.59420813585166 4.287700121208312 -0.026427274357297324 0.08108907805713664
116.28459069365636 4.418772253295925 -0.025915945648386566 0.07943486537201662
125.97497325146105 4.5426089539022945 -0.02542471862407041 0.07784686503980993
135.66535580914933 4.6600125352708455 -0.024952415984148723 0.07632117799948869
145.35573836695403 4.771646461265931 -0.024497951224184078 0.07485420552469078
155.04612092475872 4.878067116597046 -0.024060320005553436 0.07344262084527542
164.73650348256342 4.9797467682063665 -0.02363859249534476 0.07208334392759008
174.42688604036812 5.077090535587051 -0.023287150753925522 0.07077552288944271
184.1172685981728 5.17044917957273 -0.022893280407898047 0.06951244672800387
193.8076511559775 5.260128906108453 -0.0225129784566171 0.06829370836891961
203.4980337137822 5.3463989964299135 -0.022145546586569524 0.06711701256329396
213.1884162715869 5.429497826360213 -0.021790333938418772 0.06598021983998381
222.8787988293916 5.509637672789737 -0.021446733121385227 0.06488133350754081
232.5691813871963 5.587008593997057 -0.021114176624675306 0.06381848793652427
242.259563945001 5.661781593583443 -0.02079213358034026 0.0627899379773886
251.9499465028057 5.734111223780323 -0.020480106837869085 0.06179404938756849
261.6403290606104 5.804137745326263 -0.020177630315888435 0.060829290157210614
271.3307116184151 5.8719889331696375 -0.019884266600689718 0.059894222636630745
281.0210941762198 5.937781596734169 -0.019599604765043528 0.05898749638034214
290.7114767340245 6.001622868228133 -0.01932325838398733 0.058107841632685446
300.40185929182917 6.063611301003736 -0.01905486372706173 0.057254063388923644
310.09224184963387 6.123837811251855 -0.01879407810888826 0.056425035973345715
319.78262440743856 6.182386489622964 -0.018540578382082586 0.05561969808261204
329.47300696512684 6.2393353041787165 -0.018294059558329304 0.05483704824842615
339.16338952293154 6.294756712032157 -0.018054233545020608 0.05407614067866104
348.85377208073623 6.348718193829644 -0.017820827986319412 0.05333608144074391
358.54415463854093 6.401282722720158 -0.01759358519862789 0.05261602495470797
368.2345371963456 6.452509177411012 -0.017372261191621066 0.051915170767110254
377.9249197541503 6.502452707296641 -0.017156624766887913 0.05123276057986612
387.615302311955 6.5511650563256705 -0.01694645668707715 0.05056807551081112
397.3056848697597 6.598694851200333 -0.016741548909177745 0.049920433565172756
406.9960674275644 6.645087858624757 -0.01654170387621545 0.04928918729924611
416.6864499853691 6.690387215596534 -0.016346733862223562 0.04867372165943915
426.3768325431738 6.734633636138706 -0.016156460365858407 0.04807345198151812
436.0672151009785 6.777865597372932 -0.016025494872572033 0.047490229607885195
445.7575976587832 6.820119507420157 -0.015888880958633438 0.046920488107553615
455.4479802165879 6.86142985726784 -0.015709169982067103 0.0463624684596407
465.1383627743926 6.931197265065295 -0.01553364952571511 0.045817580181408565
474.8287453321973 7.0065592782644845 -0.015374042082026779 0.04528559368713422
484.519127890002 7.078842075701212 -0.015206156660137476 0.04476560817450446
494.2095104478067 7.148235077430693 -0.015042050695852516 0.04425744124821029
503.8998930056114 7.2149111989267425 -0.01488159427967224 0.043760694278032225
513.5902755632997 7.279028766300398 -0.014724663601730758 0.043274986371860426
523.2806581211044 7.340733152705744 -0.014579768691581051 0.04280010112037495
532.971040678909 7.400158184403933 -0.014429320546895366 0.04233539103120505
542.6614232367137 7.457427355270851 -0.014295542582853595 0.04188092367825867
552.3518057945184 7.512654880979273 -0.01415104168794761 0.04143587519657837
562.0421883523231 7.565946618217894 -0.014009553591533826 0.04100019582751854
571.7325709101278 7.617400869666874 -0.013870982250023799 0.040573592640006415
581.4229534679325 7.667109091768316 -0.013735235810237317 0.04015578479456609
591.1133360257372 7.715156519385944 -0.01360222637019307 0.03974650292535228
600.8037185835419 7.761622719078324 -0.013471869757530062 0.03934548855974579
610.4941011413466 7.806582080790206 -0.013345874888164818 0.038952534204641655
620.1844836991513 7.850104256202355 -0.01322053881065717 0.03856731925041593
629.874866256956 7.892254550698368 -0.013098772260289653 0.038189673477218404
639.5652488147607 7.933094274851039 -0.012978181223378757 0.037819342445944315
649.2556313725654 7.972681060456411 -0.012874783590636348 0.03745643604417068
658.9460139303701 8.011069145416375 -0.01275831641413465 0.037100134972020984
668.6363964881748 8.04830963116259 -0.012650427081682285 0.036750653579361844
678.3267790459795 8.084450715804243 -0.012538083744668381 0.03640760479670584
688.0171616037842 8.119537905751926 -0.012427800775456571 0.036070907722430205
697.7075441614725 8.153614208205552 -0.012319520125773687 0.03574038747503652
707.3979267192772 8.18672030658771 -0.0122131860097997 0.035415875537812586
717.0883092770819 8.218894720731743 -0.012108744786098132 0.03509720947168442
726.7786918348866 8.25017395342251 -0.012006144847819786 0.03478423264346138
736.4690743926913 8.280592624679825 -0.011905336520412826 0.03447679396857184
746.159456950496 8.310183595016484 -0.011806271966143072 0.034174747667371795
755.8498395083006 8.338978078755817 -0.01170890509482061 0.03387795303419975
765.5402220661053 8.367005748369417 -0.011613191480198131 0.033586274218404925
775.23060462391 8.394294830687205 -0.011519088281566657 0.03329958001662925
784.9209871817147 8.420872195737623 -0.011426554170126021 0.03301774367567275
794.6113697395194 8.446763438893186 -0.011335549259752187 0.0327406427053179
804.3017522973241 8.471992956924478 -0.011258653563163544 0.03246842952049175
813.9921348551288 8.496584018502165 -0.011170272352118043 0.0322004411139941
823.6825174129335 8.520558829630904 -0.011083324583466992 0.03193684479173832
833.3728999707382 8.543938594449768 -0.010997774374935309 0.03167753339853251
843.0632825285429 8.566743571790346 -0.010913587104619621 0.03142240323889519
852.7536650863476 8.588993127845175 -0.010830729349530223 0.031171353938381684
862.4440476441523 8.610705785264965 -0.01064209044388652 0.030924288311546245
872.134430201957 8.631899268972703 -0.010763879660795509 0.030695631112214686
881.8248127596453 8.652590548955384 -0.010682361208203576 0.030455883914792696
891.51519531745 8.672795880271707 -0.0106021735803881 0.030219865080242464
901.2055778752547 8.692530840487223 -0.010496917343412439 0.029989321223011838
910.8959604330594 8.711810364737794 -0.010430162706521192 0.02976062029766431
920.5863429908641 8.730648778596116 -0.010521709265698254 0.02954435437102041
930.2767255486688 8.749059828905708 -0.010442481792684385 0.029322121658225096
939.9671081064735 8.767056712730959 -0.010364619831937627 0.029103223132338533
949.6574906642782 8.784652104559417 -0.010288078345085324 0.028887583412111357
959.3478732220829 8.801858181881062 -0.010212815003885736 0.028675129450226718
969.0382557798875 8.818686649258995 -0.010138789933304268 0.028465790435195832
978.7286383376922 8.83514876099656 -0.01006596548694025 0.028259497699204498
988.4190208954969 8.851255342497506 -0.00999430604992653 0.028056184631358463
998.1094034533016 8.867016810408018 -0.009923777865261477 0.027855786595850352
