-1007.7997860111063 11.23667203261421 -0.0045323420956209495 0.0
-998.1094034533016 11.236719547703132 -0.004749590758329498 2.328408782452162e-05
-988.4190208954969 11.236770583432758 -0.004727074923180835 2.2966237549765726e-05
-978.7286383376922 11.23682507091443 -0.004704810808746238 2.2656948334422426e-05
-969.0382557798875 11.236882942267355 -0.004682792830050482 2.2355878895988338e-05
-959.3478732220829 11.236944130597687 -0.0046610156207058245 2.2062705854155747e-05
-949.6574906642782 11.237008569978524 -0.0046394740203230065 2.177712257216776e-05
-939.9671081064735 11.237076195430818 -0.004707048358788625 2.1498838087009734e-05
-930.2767255486688 11.237146942905083 -0.004684756261876944 2.1227576120590797e-05
-920.5863429908641 11.237220749263969 -0.004662717757516058 2.096307416485127e-05
-910.8959604330594 11.237297552265572 -0.004640927118094813 2.0705082634426702e-05
-901.2055778752547 11.237377290547483 -0.004619378838388614 2.0453364081120743e-05
-891.51519531745 11.23745990361154 -0.004598067623152122 2.020769246498938e-05
-881.8248127596453 11.237545331809262 -0.004576988375586904 1.9967852477331175e-05
-872.1344302018406 11.237633516327868 -0.00455613618661111 1.9733638911327062e-05
-862.4440476441523 11.237724399176937 -0.004627873067727775 1.9504856076457964e-05
-852.7536650863476 11.237817923175612 -0.004676673614160891 2.145788983384301e-05
-843.0632825285429 11.237914031940315 -0.004654299730332715 2.1209740674282337e-05
-833.3728999707382 11.23801266987302 -0.004632192742881754 2.096728534327997e-05
-823.6825174129335 11.238113782149913 -0.004610346271410545 2.0730329331057284e-05
-813.9921348551288 11.23821731471059 -0.004903898398273415 2.0498686925966686e-05
-804.3017522973241 11.238323214247606 -0.004878257794998161 2.02721807202532e-05
-794.6113697395194 11.238431428196428 -0.004852975642556873 2.0050641148931675e-05
-784.9209871817147 11.238541904725775 -0.004857124250203067 1.9833906059208047e-05
-775.23060462391 11.238654592728274 -0.004832136605549909 1.9621820308095485e-05
-765.5402220661053 11.238769441811455 -0.004807489042909721 1.941423538608661e-05
-755.8498395083006 11.238886402289019 -0.00478317235972875 1.9211009064920584e-05
-746.159456950496 11.23900542517243 -0.004759177746206778 1.9012005067658207e-05
-736.4690743926913 11.239126462162703 -0.0047354967628758645 1.8817092759425916e-05
-726.7786918348866 11.239249465642478 -0.004712121319745901 1.8626146857324984e-05
-717.0883092770819 11.239374388668299 -0.00468904365688896 1.8439047158130497e-05
-707.3979267192772 11.239501184963105 -0.004666256326346426 1.8255678282512195e-05
-697.7075441614725 11.239629808908893 -0.004643752175253427 1.8075929434617803e-05
-688.0171616036678 11.23976021553958 -0.004621524330084756 1.7899694175944255e-05
-678.3267790459795 11.239892360534016 -0.004599566181935232 1.7726870212518e-05
-668.6363964881748 11.240026200209142 -0.0048669831134675315 8.303040125332505e-05
-658.9460139303701 11.240161691513297 -0.004841643896714489 8.198053549876717e-05
-649.2556313725654 11.240298792019622 -0.004816659909074475 8.095732755437939e-05
-639.5652488147607 11.240437459919637 -0.004792021374881159 7.995976220157144e-05
-629.874866256956 11.240577654016843 -0.004767718934954574 7.898687559715498e-05
-620.1844836991513 11.240719333720497 -0.004743743623032954 7.803775204258592e-05
-610.4941011413466 11.240862459039429 -0.004720086843838819 7.711152099513205e-05
-600.8037185835419 11.24100699057595 -0.004696740352646308 7.620735430003656e-05
-591.1133360257372 11.241152889519839 -0.004673696236229196 7.532446362476376e-05
-581.4229534679325 11.241300117642401 -0.004650946895080012 7.446209807827327e-05
-571.7325709101278 11.241448637290567 -0.004628485026800664 7.361954199988085e-05
-562.0421883523231 11.241598411381053 -0.004606303610573905 7.279611290372956e-05
-552.3518057945184 11.241749403394618 -0.0047328939467747595 8.462133704376299e-05
-542.6614232367137 11.241901577370266 -0.0047092357635759394 8.366262978643088e-05
-532.971040678909 11.242054897899601 -0.004685892612255982 8.272578343240202e-05
-523.2806581211044 11.242209330121153 -0.004662856315309214 8.181004775813934e-05
-513.5902755632997 11.242364839714746 -0.004640119024821591 8.091470690042362e-05
-503.89989300549496 11.242521392895927 -0.004617673204698414 8.003907739103656e-05
-494.2095104478067 11.242678956410384 -0.004651017728775563 7.918250632603096e-05
-484.519127890002 11.242837497528436 -0.0046283828779097366 7.834436965882103e-05
-474.8287453321973 11.242996984039515 -0.004606038625351385 7.752407060749026e-05
-465.1383627743926 11.243157384246675 -0.0045839777359250366 7.672103816724896e-05
-455.4479802165879 11.243318666961143 -0.004562193254531716 7.593472572010136e-05
-445.7575976587832 11.243480801496865 -0.004540678491598662 7.516460973428479e-05
-436.0672151009785 11.243643757665103 -0.004549330392251317 7.441018854674987e-05
-426.3768325431738 11.243807505769018 -0.004527930790796619 7.3670981222512e-05
-416.6864499853691 11.243972016598295 -0.004506793134797402 7.29465264852357e-05
-406.9960674275644 11.24413726142378 -0.004485911240153438 7.223638171387373e-05
-397.3056848697597 11.244303211992133 -0.004529977163067311 7.154012200061875e-05
-387.615302311955 11.244469840520498 -0.004508708841431145 7.085733926581087e-05
-377.9249197541503 11.244637119691202 -0.004487702684635113 7.018764142579483e-05
-368.2345371963456 11.24480502264646 -0.004466952415484661 6.953065161004395e-05
-358.54415463854093 11.244973522983095 -0.00444645199240398 6.888600742415828e-05
-348.85377208073623 11.245142594747302 -0.004426195597451661 6.825336025561024e-05
-339.16338952293154 11.245312212429393 -0.004406177625097422 6.763237461935692e-05
-329.47300696512684 11.245482350958603 -0.004386392671702241 6.702272754065055e-05
-319.78262440732215 11.245652985697884 -0.004366835525649369 6.642410797259439e-05
-310.09224184963387 11.245824092438733 -0.004347501158078389 6.583621624617239e-05
-300.40185929182917 11.245995647396047 -0.004328384714177084 6.525876355060529e-05
-290.7114767340245 11.246167627202997 -0.004309481504994297 6.469147144219185e-05
-281.0210941762198 11.2463400089059 -0.004290786999732358 6.413407137968353e-05
-271.3307116184151 11.246512769959171 -0.00841291600135034 0.0017202477088803388
-261.6403290606104 11.24668588822024 -0.008338279987001712 0.0016971653261160585
-251.9499465028057 11.24685934194453 -0.008265352895259197 0.0016746974091544132
-242.259563945001 11.247033109780455 -0.008194070631459516 0.001652819667716723
-232.5691813871963 11.24720717076443 -0.008124372371226528 0.0016315090775751021
-222.8787988293916 11.247381504315937 -0.00805620035212276 0.0016107437990317186
-213.1884162715869 11.247556090232585 -0.007989499681107683 0.0015905031016214643
-203.4980337137822 11.247730908685242 -0.007924218156417522 0.001570767294490441
-193.8076511559775 11.247905940213139 -0.007860306102618675 0.001551517661957094
-184.1172685981728 11.24808116571907 -0.007797716217708891 0.0015327364038111952
-174.42688604036812 11.248256566464587 -0.007736403431249168 0.0015144065799489951
-164.73650348256342 11.248432124065205 -0.007676324772606426 0.0014965120589813326
-155.04612092475872 11.248607820485708 -0.007617439248473834 0.001479037470485856
-145.35573836695403 11.248783638035425 -0.007559707728913275 0.0014619681606052649
-135.66535580914933 11.248959559363568 -0.007503092841234138 0.0014452901507210375
-125.97497325134464 11.249135567454609 -0.007447558871085012 0.0014289900989568301
-116.28459069365636 11.249311645623681 -0.007393071670191699 0.001413055264288123
-106.59420813585166 11.249487777512023 -0.007339598570220901 0.0013974734730533526
-96.90382557804696 11.249663947082446 -0.007287108302308096 0.001382233087683742
-87.21344302024227 11.249840138614877 -0.007235570921806336 0.0013673229774785805
-77.52306046243757 11.250016336701883 -0.007184957737872601 0.001352732491274057
-67.83267790463287 11.250192526244286 -0.0071352412475281625 0.0013384514318629504
-58.14229534682818 11.250368692446783 -0.007086395073864202 0.0013244700320357954
-48.45191278902348 11.250544820813623 -0.007038393908090855 0.0013107789321248062
-38.761530231218785 11.250720897144328 -0.006991213455152693 0.0012973691589416717
-29.07114767341409 11.250896907529416 -0.0069448303826562955 0.001284232106009252
-19.380765115609393 11.251072838346216 -0.006899222272876164 0.0012713595149953449
-9.690382557804696 11.251248676254704 -0.010762579231315952 0.001258743458264046
0.0 8.652057223235552 -0.02898859803833791 0.029831421612995748
9.690382557804696 8.887413739688736 -0.02864411177694885 0.02943059355356036
19.380765115609393 9.03828290412762 -0.02830838411342592 0.02904042948790636
29.07114767341409 9.153918710376153 -0.028013789763475013 0.028661723881276958
38.761530231218785 9.248972848085861 -0.027694137353619325 0.02829163032187186
48.45191278902348 9.330184367119967 -0.027382291700070827 0.027931002634475535
58.14229534682818 9.40130984709375 -0.027077962942270065 0.02757948144025918
67.83267790451646 9.464693677801456 -0.02678087553647802 0.027236725353685362
77.52306046232115 9.521913237615896 -0.02651028554307248 0.02690299381910676
87.21344302012585 9.574088701196324 -0.026226643163245633 0.026576802380780577
96.90382557793055 9.622048623900344 -0.02598408168297383 0.026259637802012313
106.59420813573524 9.666425689481038 -0.025712741836215667 0.02594882724587522
116.28459069353994 9.70771553049068 -0.025447470852046288 0.02564530914458909
125.97497325134464 9.746314646534726 -0.025188061971120477 0.02534882929738697
135.66535580914933 9.782545829955248 -0.02493431781815214 0.025059145199969733
145.35573836695403 9.816675785344357 -0.024686049872722042 0.024776025378690607
155.04612092475872 9.848927686428233 -0.02444307797561225 0.024499248769745588
164.73650348256342 9.879490343890472 -0.024212057163209722 0.024228964955056397
174.42688604036812 9.908525041193553 -0.02397907479788243 0.023964245431881966
184.1172685981728 9.936170726341649 -0.02375298555216756 0.023705312031241876
193.8076511559775 9.962548019168983 -0.023529431129586158 0.023451881000007405
203.4980337137822 9.98776234842605 -0.02335652196714928 0.023205742112586837
213.1884162715869 10.011906438192405 -0.023141222509334567 0.02296286601459389
222.8787988293916 10.035062300043112 -0.022942700466737683 0.022725344099866405
232.5691813871963 10.057302844554757 -0.022735610355450016 0.02249239577314675
242.259563945001 10.078693196118417 -0.022532526561037842 0.02226418620513507
251.94994650268927 10.099291774171137 -0.02233333063809751 0.02204057199468423
261.64032906049397 10.119151188989829 -0.022137908818674057 0.02182141547670405
271.33071161829866 10.138318989223063 -0.02194615178225375 0.021606584437917097
281.02109417610336 10.156838290152448 -0.021757954439228108 0.021395951849339408
290.71147673390806 10.174748305430766 -0.021573215726947502 0.021189395614385417
300.40185929171275 10.192084800231227 -0.021391838417503525 0.020986798331527664
310.09224184951745 10.208880479979227 -0.021213728936459994 0.02078804707054103
319.78262440732215 10.225165325887303 -0.02103879719181007 0.020593033161432742
329.47300696512684 10.240966886197192 -0.02086695641249048 0.020401651995226058
339.16338952293154 10.256310530219686 -0.020698122995833883 0.020213802835827962
348.85377208073623 10.27121967085219 -0.020532216363385796 0.02002938864226746
358.54415463854093 10.28571596016232 -0.02041282804347704 0.019850335993595994
368.2345371963456 10.299819461804008 -0.020251955353756432 0.01967248729711998
377.9249197541503 10.319722524031608 -0.020093800224569396 0.019497803704659755
387.615302311955 10.338923082517328 -0.01993829226328739 0.019326201334741073
397.3056848697597 10.357426038544642 -0.01978536352081069 0.019157599247696142
406.9960674275644 10.37527509438047 -0.019634948385591027 0.018991919317688004
416.6864499853691 10.392509961495021 -0.019437619443695087 0.018832624307680085
426.3768325431738 10.409166836180665 -0.019501117682686763 0.018672847707448002
436.0672151008621 10.425278806366583 -0.01935570841070109 0.01851544062681764
445.7575976586668 10.440876201408745 -0.01921262955537175 0.01836067035767886
455.4479802164715 10.45598689429008 -0.019609726564685327 0.01822378686132918
465.1383627742762 10.470636563775445 -0.01948547221335174 0.018074484651141816
474.82874533208087 10.484848922566666 -0.02027816336122612 0.01792702815437612
484.51912788988557 10.498645916366788 -0.020123805230449383 0.017781963486311708
494.20951044769026 10.512047897908465 -0.019972043144319086 0.017639232799982214
503.89989300549496 10.52507377936763 -0.01982280717587997 0.01749878010287689
513.5902755632997 10.53774116610367 -0.01967603005755256 0.017360551183034957
523.2806581211044 10.550066474288583 -0.019531647047593647 0.017224493538657626
532.971040678909 10.562065034670438 -0.019389595805011324 0.017090556311043083
542.6614232367137 10.573751184436146 -0.01924981627228463 0.01695869022066217
552.3518057945184 10.585138348881681 -0.019112250565296644 0.01682884750620379
562.0421883523231 10.596239114359626 -0.01897684286994256 0.016700981866429685
571.7325709101278 10.607065293754392 -0.01884353934492146 0.016575048404688184
581.4229534679325 10.617627985536693 -0.018712288030263202 0.0164510035759456
591.1133360257372 10.627937627273207 -0.018583038761179962 0.016328805136202582
600.8037185835419 10.638004044315746 -0.018455743086866646 0.016208412094170635
610.4941011413466 10.64783649426675 -0.018330354193905572 0.016089784665091582
620.1844836990349 10.657443707712702 -0.01820682683396054 0.015972884226590867
629.8748662568396 10.6668339256332 -0.018617433285624724 0.015915987118470854
639.5652488146443 10.676014933823268 -0.018490241984065552 0.015801634228427966
649.255631372449 10.684994094617632 -0.018364980412559385 0.01568892040843157
658.9460139302537 10.693778376159973 -0.018241601163710056 0.015577810429850257
668.6363964880584 10.702374379430035 -0.01812005849577043 0.015468270077356442
678.3267790458631 10.710788363215212 -0.01800030825437713 0.01536026611210643
688.0171616036678 10.719026267192758 -0.017882307798973523 0.015253766236560686
697.7075441614725 10.727093733272335 -0.01776601593357719 0.015148739060855839
707.3979267192772 10.734996125334913 -0.01765139284157765 0.015045154070645788
717.0883092770819 10.742738547492317 -0.017538400024277187 0.014942981596334544
726.7786918348866 10.750325860981667 -0.01742700024291184 0.014842192783628323
736.4690743926913 10.75776269980005 -0.017725565379472483 0.014777197022042105
746.159456950496 10.765053485176681 -0.017611725589253082 0.014678626710968597
755.8498395083006 10.772202438972403 -0.017536605513902737 0.014584014497465044
765.5402220661053 10.77921359608974 -0.017425492817474776 0.01448801004714203
775.23060462391 10.786090815970333 -0.017315953501726773 0.014393268695049564
784.9209871817147 10.79283779325082 -0.017207951070227375 0.014299765446923216
794.6113697395194 10.799458067642803 -0.01710145025301436 0.014207475973718109
804.3017522973241 10.805955033097483 -0.016996416950857584 0.014116376589059626
813.9921348550124 10.812331946310795 -0.016892818182775913 0.01402644422764403
823.6825174128171 10.81859193462098 -0.01679062203656745 0.013937656424533356
833.3728999706218 10.824738003344994 -0.01668979762215831 0.013849991295314786
843.0632825284265 10.830773042598938 -0.01659031502754947 0.013763427517059723
852.7536650862312 10.836699833641642 -0.01649214527720098 0.013677944310058457
862.4440476440359 10.84252105477884 -0.016395260292681225 0.01359352142028575
872.1344302018406 10.848239286861963 -0.01629963285543096 0.013510139102562917
881.8248127596453 10.853857018412814 -0.01620523657150253 0.013427778104382615
891.51519531745 10.859376650402972 -0.016112045838145676 0.013346419650364785
901.2055778752547 10.864800500714306 -0.0160200358121212 0.01326604542731403
910.8959604330594 10.870130808305019 -0.01592918237963287 0.013186637569850064
920.5863429908641 10.875369737103512 -0.0158394621277762 0.013108178646584952
930.2767255486688 10.880519379650684 -0.01575085231741018 0.013030651646821963
939.9671081064735 10.885581760509513 -0.01566333085736503 0.012954039967752295
949.6574906642782 10.890558839459326 -0.015576876279905357 0.012878327402127453
959.3478732220829 10.895452514490762 -0.015491467717373838 0.012803498126385862
969.0382557798875 10.900264624616028 -0.01540708487994572 0.012729536689213835
978.7286383376922 10.904996952508103 -0.015323708034429666 0.012656428000521792
988.4190208954969 10.909651226981232 -0.015241317984054465 0.012584157320817668
