-1007.7997860109899 9.977538083990334 -0.0007240230110672956 0.0
-998.1094034531852 9.977538083990334 -0.0007183982853350215 0.0
-988.4190208953805 9.977538083990334 -0.0007128607966906037 0.0
-978.7286383375758 9.977538083990334 -0.0007074085178935194 0.0
-969.0382557797711 9.977538083990334 -0.000702039484502399 0.0
-959.3478732219664 9.977538083990334 -0.0006967517924410994 0.0
-949.6574906641617 9.977538083990334 -0.0006915435956782293 0.0
-939.967108106357 9.977538083990334 -0.0006864131040139335 0.0
-930.2767255486688 9.977538083990334 -0.0006813585809681939 0.0
-920.5863429908641 9.977538083990334 -0.0006763783417648386 0.0
-910.8959604330594 9.977538083990334 -0.0006714707514070631 0.0
-901.2055778752547 9.977538083990334 -0.0006666342228384483 0.0
-891.51519531745 9.977538083990334 -0.000661867215185887 0.0
-881.8248127596453 9.977538083990334 -0.0006571682320798144 0.0
-872.1344302018406 9.977538083990334 -0.0006525358200478238 0.0
-862.4440476440359 9.977538083990334 -0.0006479685669779148 0.0
-852.7536650862312 9.977538083990334 -0.0006434651006478506 0.0
-843.0632825284265 9.977538083990334 -0.0006390240873172989 0.0
-833.3728999706218 9.977538083990334 -0.0006346442303796225 0.0
-823.6825174128171 9.977538083990334 -0.0006303242690703706 0.0
-813.9921348550124 9.977538083990334 -0.0006260629772296818 0.0
-804.3017522972077 9.977538083990334 -0.0006218591621159714 0.0
-794.611369739403 9.977538083990334 -0.0006177116632684233 0.0
-784.9209871815983 9.977538083990334 -0.0006136193514159375 0.0
-775.2306046237936 9.977538083990334 -0.0006095811274303228 0.0
-765.5402220659889 9.977538083990334 -0.0006055959213216351 0.0
-755.8498395081842 9.977538083990334 -0.0006016626912736869 0.0
-746.159456950496 9.977538083990334 -0.0005977804227178926 0.0
-736.4690743926913 9.977538083990334 -0.0005939481274434018 0.0
-726.7786918348866 9.977538083990334 -0.0005901648427425378 0.0
-717.0883092770819 9.977538083990334 -0.0005864296305890138 0.0
-707.3979267192772 9.977538083990334 -0.0005827415768481234 0.0
-697.7075441614725 9.977538083990334 -0.0005790997905171891 0.0
-688.0171616036678 9.977538083990334 -0.0005755034029949661 0.0
-678.3267790458631 9.977538083990334 -0.0005719515673787053 0.0
-668.6363964880584 9.977538083990334 -0.0005684434577876642 0.0
-658.9460139302537 9.977538083990334 -0.0005649782687118947 0.0
-649.255631372449 9.977538083990334 -0.0005743720786475126 0.0
-639.5652488146443 9.977538083990334 -0.0005706584607120531 0.0
-629.8748662568396 9.977538083990334 -0.0005670022215784351 0.0
-620.1844836990349 9.977538083990334 -0.0005634013932398735 0.0
-610.4941011412302 9.977538083990334 -0.0005598541441421287 0.0
-600.8037185834255 9.977538083990334 -0.0005563587647003338 0.0
-591.1133360256208 9.977538083990334 -0.0005529136547552944 0.0
-581.4229534678161 9.977538083990334 -0.0005495173126670945 0.0
-571.7325709100114 9.977538083990334 -0.0005461683257967357 0.0
-562.0421883523231 9.977538083990334 -0.0005428653621692719 0.0
-552.3518057945184 9.977538083990334 -0.000539607163146247 0.0
-542.6614232367137 9.977538083990334 -0.0005363925369642873 0.0
-532.971040678909 9.977538083990334 -0.00053322035301843 0.0
-523.2806581211044 9.977538083990334 -0.0005300895367891442 0.0
-513.5902755632997 9.977538083990334 -0.0005269990653268641 0.0
-503.89989300549496 9.977538083990334 -0.0005239479632211395 0.0
-494.20951044769026 9.977538083990334 -0.0005209352989922956 0.0
-484.51912788988557 9.977538083990334 -0.0005179601818525422 0.0
-474.82874533208087 9.977538083990334 -0.0005150217587910586 0.0
-465.1383627742762 9.977538083990334 -0.000512119211943957 0.0
-455.4479802164715 9.977538083990334 -0.00050925175621542 0.0
-445.7575976586668 9.977538083990334 -0.0005064186371208663 0.0
-436.0672151008621 9.977538083990334 -0.0005036191288268722 0.0
-426.3768325430574 9.977538083990334 -0.0005008525323658839 0.0
-416.6864499852527 9.977538083990334 -0.0004981181740065661 0.0
-406.996067427448 9.977538083990334 -0.0004954154037630602 0.0
-397.3056848696433 9.977538083990334 -0.0004927435940284943 0.0
-387.6153023118386 9.977538083990334 -0.0004901021383198765 0.0
-377.9249197541503 9.977538083990334 -0.00048749045012308305 0.0
-368.2345371963456 9.977538083990334 -0.0004849079618277642 0.0
-358.54415463854093 9.977538083990334 -0.0004823541237438128 0.0
-348.85377208073623 9.977538083990334 -0.00047982840319095015 0.0
-339.16338952293154 9.977538083990334 -0.00047733028365496354 0.0
-329.47300696512684 9.977538083990334 -0.0004748592640042336 0.0
-319.78262440732215 9.977538083990334 -0.001547328612306254 0.0001954460574897978
-310.09224184951745 9.977538083990334 -0.0015170087523445866 0.00019037285357570693
-300.40185929171275 9.977538083990334 -0.0014881264133500612 0.0001855563571496995
-290.71147673390806 9.977538083990334 -0.0014605766331913326 0.00018097756465396912
-281.02109417610336 9.977538083990334 -0.0014342645296315775 0.0001766193030885597
-271.33071161829866 9.977538083990334 -0.0014091041160759488 0.00017246601477910375
-261.64032906049397 9.977538083990334 -0.0014603499650682457 0.00016850357181459868
-251.94994650268927 9.977538083990334 -0.001435329600861574 0.00016471911549065764
-242.25956394488458 9.977538083990334 -0.001411343810150496 0.00016110091691338198
-232.56918138707988 9.977538083990334 -0.0013883261381031026 0.00015763825558008822
-222.87879882927518 9.977538083990334 -0.0013662157808113093 0.0001543213132890837
-213.1884162714705 9.977538083990334 -0.0013449569944924968 0.00015114108116721404
-203.4980337136658 9.977538083990334 -0.001324498577467925 0.00014808927796104016
-193.8076511558611 9.977538083990334 -0.0013047934146492115 0.00014515827803119382
-184.1172685981728 9.977538083990334 -0.0013456532441131317 0.00014234104773164138
-174.42688604036812 9.977538083990334 -0.0013825776151635144 0.00014087864853795456
-164.73650348256342 9.977538083990334 -0.0013619701388314824 0.00013823764110678359
-155.04612092475872 9.977538083990334 -0.0013421049177364355 0.00013569395268358186
-145.35573836695403 9.977538083990334 -0.0013229396775441507 0.00013324229281229936
-135.66535580914933 9.977538083990334 -0.00147507914807319 0.00013087774847050362
-125.97497325134464 9.977538083990334 -0.001452780075979115 0.0001285957509112297
-116.28459069353994 9.977538083990334 -0.0014312955758001816 0.00012639204595182515
-106.59420813573524 9.977538083990334 -0.001440625556689651 0.0001242626672970891
-96.90382557793055 9.977538083990334 -0.0014198674274644731 0.0001222039125398193
-87.21344302012585 9.977538083990334 -0.0013998301872320108 0.00012021232152928212
-77.52306046232115 9.977538083990334 -0.0013804738202831941 0.00011828465683854511
-67.83267790451646 9.977538083990334 -0.0013617613423324338 0.00011641788609610486
-58.14229534671176 9.977538083990334 -0.0013436585102473626 0.00011460916597688339
-48.451912788907066 9.977538083990334 -0.0013261335653262589 0.00011285582767307442
-38.76153023110237 9.977538083990334 -0.0013091570055911166 0.00011115536368726253
-29.071147673297673 9.977538083990334 -0.001292701383262893 0.00010950541580918979
-19.380765115492977 9.977538083990334 -0.001276741124163448 0.00010790376415395746
-9.690382557688281 9.977538083990334 -0.001261252366269129 0.00010634831715367944
0.0 9.977538083990334 -0.0012462128150420664 0.00010483710240706936
9.690382557804696 2.2072754563279506 0.026352017438931525 0.09711554346723143
19.380765115609393 2.6007842520175863 0.025665605048497492 0.09465003814906882
29.07114767341409 2.910639068526576 0.02501351133088809 0.09230664465220262
38.761530231218785 3.172266811294657 0.024393236542812263 0.09007650925563473
48.45191278902348 3.4013221900857262 0.023802517519898918 0.08795161400991422
58.14229534682818 3.6063925844823173 0.02323930036173075 0.08592468038895663
67.83267790463287 3.792804715185956 0.02270171681397816 0.08398908597020166
77.52306046243757 3.964139532315601 0.022188063776885456 0.08213879213306065
87.21344302024227 4.122945757729864 0.021696785467868015 0.08036828111238148
96.90382557804696 4.2711165715911985 0.021226457845764327 0.07867250102455241
106.59420813585166 4.4101056843481095 0.020775774969222914 0.0770468177124945
116.28459069365636 4.541059397979453 0.020343537014799847 0.07548697244274533
125.97497325146105 4.664901477164346 0.019381935991039483 0.07406628611348091
135.66535580926575 4.782389964280012 0.018997426528660814 0.07262467324448148
145.35573836707044 4.8941565219900784 0.018627594136360944 0.07123812298400119
155.04612092487514 5.000734465695389 0.018271621263693156 0.06990353903581531
164.73650348267984 5.102579231043294 0.01792874957441852 0.06861805303272592
174.42688604048453 5.200083637239649 0.01759827471783803 0.06737900393733222
184.1172685981728 5.293589481723574 0.017225723109275237 0.066183919637752
193.8076511559775 5.3833964927299425 0.016919493841680903 0.06503050047002384
203.4980337137822 5.469769342651283 0.016623759493811802 0.06391660443603996
213.1884162715869 5.55294321393562 0.016337994230946166 0.06284023391658514
222.8787988293916 5.633128268076011 0.016061706539665762 0.06179952370612262
232.5691813871963 5.71051327195219 0.01579443649187269 0.06079273021832317
242.259563945001 5.785268568791148 0.015507369589608659 0.059818221730819694
251.9499465028057 5.857548533624757 0.015257595711668159 0.05887446955428042
261.6403290606104 5.927493619070427 0.015015589254995092 0.05796004002519253
271.3307116184151 5.995232072441803 0.014780996643090096 0.057073587234073776
281.0210941762198 6.060881386870301 0.014494195383501688 0.05621384641148273
290.7114767340245 6.124549535422228 0.014274981597806543 0.05537962790342632
300.40185929182917 6.186336026846963 0.014062163977004043 0.054569811675773836
310.09224184963387 6.246332813690348 0.013855469929728303 0.05378334229425854
319.78262440743856 6.3046250774170876 0.013654641948396991 0.05301922433272549
329.47300696524326 6.36129191044987 0.013459436597732126 0.0522765181675958
339.16338952304795 6.416406911318935 0.013269623581442156 0.05155433612116667
348.85377208085265 6.4700387061807705 0.013084984880426441 0.05085183892044663
358.54415463865735 6.522251407628131 0.012905313956444939 0.05016823244180861
368.2345371963456 6.573105019840122 0.01273041501573435 0.049502764714909615
377.9249197541503 6.622655797614458 0.012560102327528978 0.048854723162052985
387.615302311955 6.670956565584926 0.012394199592937638 0.04822343205179676
397.3056848697597 6.71805700294718 0.01223253935996483 0.0476082501475098
406.9960674275644 6.764003898172866 0.004532011989804395 0.047008568533787584
416.6864499853691 6.808841377526933 0.004572993894735246 0.046423808605184524
426.3768325431738 6.852611110636408 0.004607972721523068 0.04585342020330097
436.0672151009785 6.895352495891236 0.00463753206269104 0.04529687988961178
445.7575976587832 6.937102828065971 0.004662192963483959 0.044753689342634635
455.4479802165879 6.982039624451758 0.00468242161870382 0.04422337386911798
465.1383627743926 7.057029641161467 0.0046986359881370544 0.043705481019895916
474.8287453321973 7.12884498681362 0.004711211501736005 0.043199579301923904
484.519127890002 7.197690665605979 0.0047204859956132906 0.04270525697878703
494.2095104478067 7.26375301681902 0.004726763995616385 0.0422221209526698
503.8998930056114 7.327201947094382 0.004730320445550752 0.04174979572140552
513.5902755634161 7.388192831738105 0.004731403961070272 0.041287922404787084
523.2806581212208 7.446868143304629 0.004730239677119146 0.040836157834831896
532.9710406790255 7.503358853924681 0.004727031746013291 0.04039417370515269
542.6614232368302 7.557785648729082 0.004721965534340125 0.039961655775001735
552.3518057946349 7.610259980618208 0.00471520955947324 0.03953830312393191
562.0421883523231 7.660884991043618 0.004706917200360197 0.039123827453363416
571.7325709101278 7.709756317050101 0.004697228212116335 0.03871795243161894
581.4229534679325 7.756962801284795 0.004686270069668668 0.03832041307937386
591.1133360257372 7.80258711886582 0.004674159162084022 0.03793095519254918
600.8037185835419 7.846706332688862 0.004661001856178978 0.03754933480008023
610.4941011413466 7.889392386897592 0.004646895445436472 0.037175317654099795
620.1844836991513 7.930712546713421 0.0046319289980746945 0.03680867875030196
629.874866256956 7.970729791565047 0.004616184116259121 0.03644920187642187
639.5652488147607 8.009503167420187 0.004599735616867646 0.036096679186927716
649.2556313725654 8.047088103359204 0.004582652142866088 0.035750910802165976
658.9460139303701 8.083536696710393 0.004564996713192411 0.03541170443033562
668.6363964881748 8.118897970462978 0.003963711908541323 0.03507887501078811
678.3267790459795 8.153218106165738 0.002627138572212623 0.03475224437726332
688.0171616037842 8.186540655089603 0.002656814397478043 0.03443164093977259
697.7075441615889 8.218906730068205 0.0026836885590804235 0.03411689938393601
707.3979267193936 8.25035518012003 0.002643319937540825 0.03381077119535235
717.0883092771983 8.280922749690724 0.002666893172640494 0.03350720624378021
726.778691835003 8.310644224126891 0.0026881813119176865 0.03320904587595888
736.4690743928077 8.33955256279718 0.002707355722485091 0.03291614690924378
746.159456950496 8.367679021107687 0.0027245728397803644 0.032628371185377744
755.8498395083006 8.395053262515113 0.002704341265435506 0.03234682705168125
765.5402220661053 8.421703461507608 0.0027189698586642147 0.03206887067931431
775.23060462391 8.447656398425043 0.0026659038516673797 0.031798361568630765
784.9209871817147 8.472937546882564 0.0026791253122770346 0.03152969214091964
794.6113697395194 8.497571154484662 0.002690872237585767 0.03126552806522521
804.3017522973241 8.521580317440982 0.0027012472334234606 0.03100575674848943
813.9921348551288 8.54498704963097 0.0027103448268333942 0.03075026933660026
823.6825174129335 8.567812346607601 0.0027182522209676877 0.03049896055849334
833.3728999707382 8.590076244980263 0.0027250499668169986 0.030251728578242015
843.0632825285429 8.611797877572629 0.002713914078204309 0.03000966769215329
852.7536650863476 8.632995524712022 0.0027191496639035586 0.029770265845643656
862.4440476441523 8.65368666197203 0.0027198133760932136 0.029534752528612294
872.134430201957 8.673888004659045 0.0027233555880893383 0.029302842836636894
881.8248127597617 8.693615549305926 0.0026307237002073424 0.029079472368457416
891.5151953175664 8.712884612411285 0.002635124134640624 0.02885458513185782
901.2055778753711 8.73170986664094 0.002617209478003064 0.02863375718666571
910.8959604331758 8.750105374688358 0.0026205499468898337 0.0284156885740151
920.5863429909805 8.768084620973237 0.0026231385433507716 0.02820092100890889
930.2767255486688 8.785660541341347 0.002625024248853659 0.02798937981319657
939.9671081064735 8.802845550915883 0.002626252549747346 0.02778099256835522
949.6574906642782 8.81965157023336 0.0026268657354045536 0.0275756890281944
959.3478732220829 8.836090049792837 0.002626903165746028 0.027373401035855865
969.0382557798875 8.852171993129435 0.002626401511885027 0.027174062444857885
978.7286383376922 8.867907978517971 0.0026253949730984916 0.026977609043907495
988.4190208954969 8.883308179402622 0.0026239154728853655 0.026783978485246707
998.1094034533016 8.898382383640806 0.0026219928364971563 0.02659311021631618
