-1007.7997860111063 8.793277424634802 -0.03252353486569198 0.004818460900763738
-998.1094034533016 8.793127905181196 -0.032455532791018 0.004801030564355715
-988.4190208954969 8.792997996977066 -0.03238782452387502 0.004783735214634501
-978.7286383376922 8.792887834660474 -0.03232040810070912 0.004766573223937966
-969.0382557798875 8.792797503073079 -0.032253281575923325 0.004749542991260344
-959.3478732220829 8.792727040556278 -0.03218644302166806 0.0047326429417020935
-949.6574906642782 8.792676442150567 -0.032119890527634275 0.004715871525933432
-939.9671081064735 8.79264566268957 -0.03205362220084976 0.004699227219671077
-930.2767255486688 8.792634619782188 -0.031987636165478485 0.0046827085231679385
-920.5863429908641 8.79264319667806 -0.03192193056262228 0.004666313960715308
-910.8959604330594 8.792671245013077 -0.031856503550126064 0.004650042080157144
-901.2055778752547 8.79271858743297 -0.031791353302385125 0.00463389145241629
-891.51519531745 8.792785020094216 -0.03172647801015541 0.004617860671031992
-881.8248127596453 8.792870315042382 -0.03554189995443808 0.004601948351708739
-872.1344302018406 8.792974222468978 -0.03723158387874018 0.004586153131875842
-862.4440476440359 8.793096472848468 -0.03712621633884836 0.004570473670257538
-852.7536650862312 8.793236778957768 -0.03702171795372863 0.004554908646453412
-843.0632825284265 8.793394837780955 -0.036918073959306255 0.004539456760528666
-833.3728999706218 8.793570332302371 -0.03681526998079619 0.004524116732614173
-823.6825174129335 8.793762933191537 -0.03671329201921243 0.0045088873025160275
-813.9921348551288 8.793972300383572 -0.03661212643843853 0.004493767229333434
-804.3017522973241 8.79419808455895 -0.03651175995285043 0.004478755291087222
-794.6113697395194 8.794439928526575 -0.03641217961544027 0.004463850284355284
-784.9209871817147 8.7946974685142 -0.03631337280643509 0.0044490510239172856
-775.23060462391 8.79497033537024 -0.0362153272223797 0.004434356342407457
-765.5402220661053 8.795258155681081 -0.03611803086566228 0.004419765089975288
-755.8498395083006 8.795560552807869 -0.03602147203446233 0.004405276133954041
-746.159456950496 8.795877147846793 -0.03592563931310062 0.004390888358536789
-736.4690743926913 8.796207560516743 -0.03583052156277286 0.004376600664459847
-726.7786918348866 8.796551409978196 -0.03573610791264876 0.004362411968693299
-717.0883092770819 8.796908315586995 -0.03564238775132008 0.004348321204138571
-707.3979267192772 8.797277897586662 -0.03554935071858144 0.004334327319332724
-697.7075441614725 8.797659777742734 -0.03545698669752893 0.004320429278159418
-688.0171616036678 8.798053579922438 -0.03536528580696206 0.004306626059566249
-678.3267790458631 8.798458930622992 -0.035274238394075445 0.004292916657288419
-668.6363964880584 8.798875459451603 -0.03518383502742744 0.004279300079578458
-658.9460139302537 8.79930279956013 -0.035094066490173235 0.004265775348941948
-649.255631372449 8.79974058803727 -0.03500492377355097 0.004252341501879003
-639.5652488147607 8.800188466260957 -0.03491639807061092 0.004238997588631571
-629.874866256956 8.800646080213586 -0.034828480770170436 0.004225742672935444
-620.1844836991513 8.80111308076244 -0.03474116345100133 0.004212575831779239
-610.4941011413466 8.801589123907755 -0.034654437876218164 0.004199496155166979
-600.8037185835419 8.802073871000555 -0.03456829598787494 0.0041865027458866284
-591.1133360257372 8.802566988932382 -0.034482729901754924 0.004173594719283349
-581.4229534679325 8.803068150298879 -0.03439773190234659 0.004160771203037685
-571.7325709101278 8.80357703353914 -0.034313294437997896 0.00414803133694843
-562.0421883523231 8.80409332305252 -0.03422941011624143 0.0041353742727200885
-552.3518057945184 8.804616709294626 -0.03414607169928341 0.00412279917375489
-542.6614232367137 8.805146888853994 -0.03406327209964972 0.0041103052149490905
-532.971040678909 8.80568356451091 -0.033981004375982796 0.004097891582493624
-523.2806581211044 8.806226445279684 -0.03389926172898285 0.0040855574736788905
-513.5902755632997 8.806775246435599 -0.033818037497488185 0.004073302096703622
-503.89989300549496 8.80732968952756 -0.033737325154688275 0.0040611246704876985
-494.20951044769026 8.807889502377344 -0.03365711830446498 0.004049024424488851
-484.51912788988557 8.808454419066198 -0.033577410677856544 0.0040370005985231406
-474.82874533208087 8.809024179909224 -0.033498196129639446 0.004025052442589129
-465.1383627742762 8.809598531417821 -0.0334194686350237 0.00401317921669561
-455.4479802165879 8.810177226250174 -0.03334122228645793 0.004001380190693064
-445.7575976587832 8.810760023149447 -0.03326345129053451 0.0039896546441077745
-436.0672151009785 8.811346686868971 -0.03318614996500475 0.003978001865980715
-426.3768325431738 8.81193698808355 -0.03310931273588152 0.00396642115470834
-416.6864499853691 8.812530703285498 -0.0330329341346397 0.0039549118178871835
-406.9960674275644 8.813127614663866 -0.03295700879550534 0.003943473172161528
-397.3056848697597 8.813727509965027 -0.03288153145283094 0.003932104543074054
-387.615302311955 8.814330182332643 -0.03280649693855387 0.0039208052649194755
-377.9249197541503 8.814935430124986 -0.0327338424499682 0.0039096664539042
-368.2345371963456 8.81554305670762 -0.03265966412927162 0.003898503237084312
-358.54415463854093 8.816152870219648 -0.03258591390417045 0.0038874074351091035
-348.85377208073623 8.816764683312055 -0.032512586968494676 0.003876378415658002
-339.16338952293154 8.817378312857125 -0.0324626731403292 0.0038659188317855336
-329.47300696512684 8.817993579628508 -0.03239000951504423 0.0038550178094812404
-319.78262440732215 8.818610307952254 -0.03231775774083664 0.0038441817747298162
-310.09224184951745 8.81922832532986 -0.03224591328997288 0.003833410125538068
-300.40185929171275 8.819847462035353 -0.03217447171435863 0.0038227022675098306
-290.71147673390806 8.820467550689266 -0.03211366785849237 0.003812271412353058
-281.02109417610336 8.82108842581328 -0.03204294332604838 0.0038016878031852976
-271.3307116184151 8.821709923370223 -0.03197260989377404 0.0037911662695543566
-261.6403290606104 8.822331880294918 -0.031910616823289314 0.0037809150785938807
-251.9499465028057 8.822954134021925 -0.03184496670530096 0.0037705903343275395
-242.259563945001 8.823576522017062 -0.03177569502318319 0.0037602495894569037
-232.5691813871963 8.824198881319736 -0.031706799433152376 0.003749968729109097
-222.8787988293916 8.824821048103493 -0.03163827601081682 0.003739747214378127
-213.1884162715869 8.825442857262216 -0.03157012089744112 0.0037295845129730358
-203.4980337137822 8.826064142029265 -0.031502330298429054 0.003719480099114682
-193.8076511559775 8.826684733636577 -0.03143490048185059 0.0037094334534344625
-184.1172685981728 8.827304461020184 -0.03138563326047501 0.003699729995914833
-174.42688604036812 8.82792315057809 -0.0313187828434186 0.0036897952465195665
-164.73650348256342 8.82854062598557 -0.03125364405717796 0.0036799407030452757
-155.04612092475872 8.829156708072116 -0.03118748384621167 0.003670117839183518
-145.35573836695403 8.829771214763333 -0.031121668632477437 0.0036603502714735846
-135.66535580914933 8.830383961089938 -0.03105619498876682 0.003650637516298928
-125.97497325134464 8.830994759265096 -0.03099105954255216 0.0036409790958158205
-116.28459069353994 8.83160341883018 -0.03092625897477269 0.003631374537865599
-106.59420813573524 8.832209746867981 -0.030861790018655362 0.003621823375888559
-96.90382557793055 8.832813548281452 -0.030797649458568242 0.003612325148839487
-87.21344302024227 8.83341462613508 -0.030733834128906783 0.0036028794011047994
-77.52306046243757 8.834012782055135 -0.030670340913006855 0.003593485682420698
-67.83267790463287 8.834607816684189 -0.030607166742095272 0.0035841435477939206
-58.14229534682818 8.835199530184806 -0.030544308594261604 0.0035748525574228283
-48.45191278902348 8.835787722786513 -0.030481763493461378 0.003565612276620507
-38.761530231218785 8.8363721953699 -0.030419528508545544 0.003556422275739101
-29.07114767341409 8.836952750081226 -0.03305775185398734 0.004081468177861024
-19.380765115609393 8.83752919097076 -0.03297626437258859 0.004068447639351611
-9.690382557804696 8.838101324647958 -0.032895368606509774 0.00405553351992392
0.0 0.7496588396098769 -0.04238209704416068 0.02526619243918135
9.690382557804696 1.3118192580325596 -0.04223166251012149 0.025096656393950062
19.380765115609393 1.6878896139746429 -0.04208706504088448 0.024929582677791603
29.07114767341409 1.9876515385752267 -0.04193487613539781 0.02476479905956025
38.761530231218785 2.242319051845209 -0.04324529626950148 0.02535453893148694
48.45191278902348 2.466136753871713 -0.04309038914417807 0.02518877741709309
58.14229534682818 2.6670531554315575 -0.04293712113862613 0.02502530046443907
67.83267790463287 2.850052653968774 -0.042785461026139726 0.024864060166687685
77.52306046243757 3.018511855966974 -0.042635378421239566 0.024705009957420185
87.21344302024227 3.1748479286035955 -0.04282395284142289 0.024595984670731673
96.90382557793055 3.3208644923960744 -0.04276174583765127 0.0244484304711959
106.59420813573524 3.457951612145286 -0.042613136885563514 0.02429528105757118
116.28459069353994 3.5872087953688148 -0.042466036527534175 0.02414415380861971
125.97497325134464 3.7095244401520064 -0.04232041720760736 0.02399500807087048
135.66535580914933 3.825629243430428 -0.0421762520827851 0.023847804282049273
145.35573836695403 3.936133316172688 -0.04203351499958118 0.023702503934597757
155.04612092475872 4.041552709679191 -0.04222103258612277 0.02358277667042416
164.73650348256342 4.1423288350570155 -0.0420786438526825 0.023440996409759586
174.42688604036812 4.238842979055117 -0.04200682110093345 0.02330493454616476
184.1172685981728 4.331427354055795 -0.04186667709748377 0.023166683691674853
193.8076511559775 4.420373646170713 -0.04172788156312901 0.02303016126781615
203.4980337137822 4.505939723222214 -0.0415904111399266 0.02289533434396824
213.1884162715869 4.588354966606907 -0.04145424304472586 0.022762170827862315
222.8787988293916 4.667824558539703 -0.04136822566348832 0.022633063315687908
232.5691813871963 4.744532965551273 -0.04123423508878487 0.0225031156550607
242.259563945001 4.818646795956611 -0.041101487058686326 0.022374740157047227
251.9499465028057 4.890317164248689 -0.04096996080010838 0.02224790782090902
261.6403290606104 5.0810178706205535 -0.04083963603453866 0.02212259036107067
271.3307116184151 5.2604749334777825 -0.04072970615620537 0.02199908176689617
281.0210941762198 5.425454321892303 -0.040601584170665714 0.021876709589865824
290.71147673390806 5.577788660784265 -0.04047460772498574 0.02175577154202881
300.40185929171275 5.718979176223117 -0.0403487583293072 0.02163624198573045
310.09224184951745 5.85027398947631 -0.04024419663649591 0.021518834306683863
319.78262440732215 5.972723901642244 -0.04012039875390261 0.02140204180871537
329.47300696512684 6.087223162037963 -0.03999767713702799 0.021286584574487736
339.16338952293154 6.19453992029538 -0.039876014879221044 0.02117243930944287
348.85377208073623 6.2953394084868455 -0.03975539545369057 0.021059583262739122
358.54415463854093 6.390201884906386 -0.03963580270259194 0.02094799421141868
368.2345371963456 6.479636728735126 -0.039517220826492186 0.02083765044512589
377.9249197541503 6.564093656793087 -0.03939963437419867 0.0207285307513544
387.615302311955 6.643971754850583 -0.03928302823293615 0.020620614401201613
397.3056848697597 6.719626826035659 -0.03916738761885878 0.02051388113561048
406.9960674275644 6.791377426888676 -0.039052698067883404 0.020408311152079094
416.6864499853691 6.859509868264739 -0.038938945426831476 0.020303885091819726
426.3768325431738 6.924282391192168 -0.03882611584486765 0.020200584027349495
436.0672151009785 6.985928678863596 -0.038714195765223315 0.020098389450496083
445.7575976587832 7.044660829768046 -0.03860317191719381 0.019997283260802107
455.4479802165879 7.10067188990683 -0.03849303130839931 0.019897247754312973
465.1383627743926 7.154138021550832 -0.038383761217298494 0.01979826561273331
474.82874533208087 7.205220370327394 -0.038275349185947265 0.019700319892939234
484.51912788988557 7.254066680327218 -0.038167783012985144 0.01960339401682586
494.20951044769026 7.300812697476351 -0.03806105074686006 0.01950747176149474
503.89989300549496 7.345583394025675 -0.037955140679257135 0.019412537249745558
513.5902755632997 7.388494041114657 -0.03785004133874261 0.0193185749408777
523.2806581211044 7.42965115169105 -0.03774574148460781 0.019225569621783487
532.971040678909 7.469153312295843 -0.03764223010090659 0.019133506398323424
542.6614232367137 7.507091919175464 -0.03753658244489667 0.01904237068697304
552.3518057945184 7.543551831702327 -0.037434637381257574 0.018952148206731294
562.0421883523231 7.578611954053963 -0.037333448715319614 0.01886282497128133
571.7325709101278 7.6123457544292705 -0.03723300628111479 0.018774387281394016
581.4229534679325 7.644821729697348 -0.037133300110089994 0.01868682171756592
591.1133360257372 7.676103822224456 -0.037034320426174036 0.018600115132883132
600.8037185835419 7.706251794664128 -0.036936057640993794 0.018514254646102783
610.4941011413466 7.735321567689663 -0.036838502349234685 0.018429227634944874
620.1844836991513 7.763365524969371 -0.03674164532413975 0.018345021729586526
629.874866256956 7.7904327891107386 -0.036645477513143156 0.018261624806352034
639.5652488147607 7.816569471812227 -0.03654999003363297 0.018179024981591532
649.2556313725654 7.8418189010460075 -0.03645517416883866 0.018097210605741817
658.9460139302537 7.866221827739575 -0.03636102136384087 0.018016170257564055
668.6363964880584 7.889816614121475 -0.036267523221691474 0.01793589273854649
678.3267790458631 7.91263940562821 -0.036174671499657814 0.017856367067480786
688.0171616036678 7.934724288053315 -0.03608245810556423 0.017777582475187122
697.7075441614725 7.956103431413494 -0.03599087509424411 0.017699528399397174
707.3979267192772 7.976807221842918 -0.03589991466409253 0.01762219447978401
717.0883092770819 7.99686438267679 -0.0358095691537169 0.017545570553134902
726.7786918348866 8.016302085756523 -0.035719831038682384 0.01746964664866223
736.4690743926913 8.03514605387598 -0.03568208023013849 0.017395785384719066
746.159456950496 8.053420655189328 -0.0355931546928802 0.017321222206038184
755.8498395083006 8.071148990314041 -0.03550482035205212 0.017247330395935297
765.5402220661053 8.088352972786135 -0.03541707007817057 0.017174100705776553
775.23060462391 8.10505340345705 -0.0353298968672888 0.017101524057919457
784.9209871817147 8.121270039362017 -0.03528867220931172 0.017030714877082725
794.6113697395194 8.137021657536689 -0.035202298159095355 0.0169594094661553
804.3017522973241 8.15232611421202 -0.03511648577855504 0.016888730972692497
813.9921348551288 8.167200399775462 -0.03503122843131136 0.016818670961912283
823.6825174129335 8.181660689849537 -0.03494651959600428 0.016749221151389153
833.3728999707382 8.195722392805507 -0.03486235286368554 0.016680373407610638
843.0632825284265 8.209400194000155 -0.03477872193528508 0.016612119742627933
852.7536650862312 8.222708096998277 -0.03469966126450446 0.016544511865440176
862.4440476440359 8.23565946201621 -0.03461705365345646 0.016477422520715778
872.1344302018406 8.24826704180616 -0.03453496402100894 0.016410904138590386
881.8248127596453 8.260543015176129 -0.03451376313261115 0.016346655594867882
891.51519531745 8.272499018326338 -0.034432246702063546 0.016281244374183525
901.2055778752547 8.284146174166423 -0.03435123738099173 0.01621638237503654
910.8959604330594 8.29549511976367 -0.03426706689061868 0.016152062537709365
920.5863429908641 8.30655603205986 -0.03418708155977095 0.016088277924390472
930.2767255486688 8.317338651982837 -0.03410758599435949 0.016025021716538555
939.9671081064735 8.327852307068387 -0.034028574739416374 0.015962287212315303
949.6574906642782 8.338105932698628 -0.03395004242980274 0.01590006782408417
959.3478732220829 8.3481080920545 -0.03387198378825593 0.015838357075973596
969.0382557798875 8.357866994872092 -0.03387187958045469 0.015779619036559698
978.7286383376922 8.367390515085457 -0.0337941825657325 0.015718888396378347
988.4190208954969 8.37668620743212 -0.03371695222698681 0.015658647881466068
998.1094034533016 8.385761323091486 -0.033640183438701475 0.015598891434083021
