-1007.7997860111063 5.740917027078628 -0.018556684971255108 1.8131295479806644e-07
-998.1094034533016 5.810871025791265 -0.018785236330836078 1.794555178611149e-07
-988.4190208954969 5.87872517036952 -0.01852252809273031 1.776357515534746e-07
-978.7286383376922 5.944583741590931 -0.018267394965713092 1.7585252138399001e-07
-969.0382557798875 6.008543211015537 -0.01801950030442768 1.741047379638823e-07
-959.3478732220829 6.070693041251689 -0.017778528034366983 1.7239135478749586e-07
-949.6574906642782 6.131116382503344 -0.01754418101983276 1.70711366142824e-07
-939.9671081064735 6.189890681495554 -0.017316179594387915 1.6906380514297714e-07
-930.2767255486688 6.247088215990903 -0.017094260234016837 1.6744774187040824e-07
-920.5863429908641 6.302776565807283 -0.01687817435608198 1.658622816271189e-07
-910.8959604330594 6.357019029397126 -0.016667687229553547 1.6430656328249782e-07
-901.2055778752547 6.409874993551532 -0.01646257698398516 1.6277975771385872e-07
-891.51519531745 6.461400262575421 -0.016262633706384984 1.6128106633311792e-07
-881.8248127596453 6.511647352283325 -0.016067658616547992 1.5980971969375719e-07
-872.1344302018406 6.560665753346214 -0.015877463312615796 1.5836497617378919e-07
-862.4440476440359 6.60850216784201 -0.01569186907965372 1.5694612072903336e-07
-852.7536650862312 6.655200722299746 -0.015510706254910356 1.5555246371334137e-07
-843.0632825285429 6.7008031600569185 -0.015333813644179128 1.5418333976078462e-07
-833.3728999707382 6.745349015359727 -0.01516103798431472 1.5283810672622614e-07
-823.6825174129335 6.812166829061713 -0.014992233447563166 1.5151614468151197e-07
-813.9921348551288 6.893225108381017 -0.01482726118377712 1.502168549625659e-07
-804.3017522973241 6.970848293444334 -0.014665988897086727 1.4893965926543592e-07
-794.6113697395194 7.045253848584642 -0.014508290453922526 1.4768399878825654e-07
-784.9209871817147 7.116639995167166 -0.014354045519626615 1.4644933341576623e-07
-775.23060462391 7.185187954122109 -0.014203139221171734 1.4523514094497017e-07
-765.5402220661053 7.251063862416544 -0.014055461833759334 1.4404091634837067e-07
-755.8498395083006 7.314420420034223 -0.013910908489289912 1.4286617107378942e-07
-746.159456950496 7.375398312713744 -0.013769378904895506 1.4171043237817945e-07
-736.4690743926913 7.4341274469237915 -0.013774226433688693 1.4057324269255373e-07
-726.7786918348866 7.490728026696716 -0.013846158370902644 1.394541590191145e-07
-717.0883092770819 7.54531149653698 -0.01370415802580507 1.3835275235456624e-07
-707.3979267192772 7.597981370328596 -0.013565269471719462 1.3726860714308132e-07
-697.7075441614725 7.648833962732281 -0.01356926135851114 9.408680521374578e-06
-688.0171616036678 7.6979590367981405 -0.013432662147496345 9.168994757280933e-06
-678.3267790458631 7.7454403792790405 -0.01329903340337245 8.941299839966977e-06
-668.6363964880584 7.791356313303048 -0.013168265995673875 8.724716119933853e-06
-658.9460139303701 7.835780156565052 -0.013040257047764557 8.518447987392573e-06
-649.2556313725654 7.8787806319668 -0.012977954034182008 1.1248884223609315e-05
-639.5652488147607 7.92042223660063 -0.012853567845547986 1.0986494196090185e-05
-629.874866256956 7.960765574139318 -0.012863437968774215 1.8361990041579855e-05
-620.1844836991513 7.999867654963652 -0.012740709684567248 1.792725887568488e-05
-610.4941011413466 8.037782167772505 -0.012620540772327833 1.751281052905188e-05
-600.8037185835419 8.074559725911882 -0.012502839532984809 1.711724956968678e-05
-591.1133360257372 8.11024809123283 -0.01238751946001366 1.6739306317452892e-05
-581.4229534679325 8.14489237792489 -0.0122744988096926 1.63778229306682e-05
-571.7325709101278 8.178535238462134 -0.012163700218736704 1.6031741307044188e-05
-562.0421883523231 8.21121703353357 -0.012123638473486627 2.5775662380818668e-05
-552.3518057945184 8.242975987602025 -0.012015285286306398 2.5195712458316022e-05
-542.6614232367137 8.273848331539416 -0.011914572239138152 2.482223256217842e-05
-532.971040678909 8.303868433616717 -0.011810212472797217 2.4287850206619198e-05
-523.2806581211044 8.333068919980056 -0.011945637116180303 4.319933082561425e-05
-513.5902755632997 8.361480785616525 -0.011839107845185737 4.221466256549704e-05
-503.89989300549496 8.389133496702154 -0.011768282787191097 4.245095911349997e-05
-494.20951044769026 8.41605508512705 -0.011665127716583004 4.1522755166918906e-05
-484.51912788988557 8.442272235907673 -0.011564014321341869 4.063494455319765e-05
-474.8287453321973 8.467810368121047 -0.011464869726590955 3.97849120717042e-05
-465.1383627743926 8.492693709932023 -0.011367625326845916 3.8970265902141005e-05
-455.4479802165879 8.516945368220282 -0.011272216418539446 3.818881404820301e-05
-445.7575976587832 8.5405873932731 -0.011178581874052036 3.7438543721214905e-05
-436.0672151009785 8.56364083895378 -0.011086663851586765 3.6717603242064504e-05
-426.3768325431738 8.586125818721742 -0.010996407536097173 3.602428610772335e-05
-416.6864499853691 8.608061557842204 -0.010907760907223663 3.5357016924532976e-05
-406.9960674275644 8.629466442091836 -0.010820674530802698 3.471433895662788e-05
-397.3056848697597 8.650358063238153 -0.010735101371019943 3.409490307602035e-05
-387.615302311955 8.670753261544961 -0.010650996620701321 3.3497457932712754e-05
-377.9249197541503 8.690668165533332 -0.010568317547589879 3.292084118966705e-05
-368.2345371963456 8.710118229207103 -0.010769923540673774 6.126408315859785e-05
-358.54415463854093 8.729118266933494 -0.010682789965432699 5.9991930991806016e-05
-348.85377208073623 8.747682486152826 -0.010597320936865056 5.8773942724773924e-05
-339.16338952293154 8.765824518076506 -0.010513454934079803 5.760660468851923e-05
-329.47300696512684 8.783557446518847 -0.010431134361989733 5.64867092339569e-05
-319.78262440732215 8.800893834996211 -0.010350305181245118 5.541132143265361e-05
-310.09224184951745 8.817845752215929 -0.010250444488776246 5.517247045132349e-05
-300.40185929171275 8.834424796067395 -0.010271873311262189 5.549373029827215e-05
-290.7114767340245 8.85064211621862 -0.010193206838780776 5.448314604748555e-05
-281.0210941762198 8.866508435414476 -0.010115945798573068 5.351016776693727e-05
-271.3307116184151 8.8820340695615 -0.010066182154129482 5.4332570639892145e-05
-261.6403290606104 8.897228946683905 -0.010054953357254372 5.600425898468907e-05
-251.9499465028057 8.912102624822593 -0.010144924354342043 5.502192107805778e-05
-242.259563945001 8.926664308947272 -0.010066347849537976 5.407502668054986e-05
-232.5691813871963 8.940922866945273 -0.009989288077058555 5.3161613551264185e-05
-222.8787988293916 8.95488684474609 -0.009913685236800522 5.227986676758302e-05
-213.1884162715869 8.968564480636369 -0.00983948361474352 5.142810474141634e-05
-203.4980337137822 8.98196371881603 -0.009766631182052102 5.060476683866699e-05
-193.8076511559775 8.995092222242578 -0.009695079243886665 4.980840238700472e-05
-184.1172685981728 9.007957384807348 -0.009624782130644266 4.903766088984636e-05
-174.42688604036812 9.02056634288425 -0.009555696925564043 4.8291283291788684e-05
-164.73650348256342 9.03292598628883 -0.00948778322361969 4.756809416336602e-05
-155.04612092475872 9.045042968682813 -0.00942100291743103 4.686699469198043e-05
-145.35573836695403 9.056923717456868 -0.00935532000659131 4.618695638176619e-05
-135.66535580914933 9.068574443122158 -0.009290700427356706 4.55270153785344e-05
-125.97497325134464 9.080001148239141 -0.009227111900100522 4.488626734728434e-05
-116.28459069353994 9.091209635910216 -0.009164523792314045 4.426386283936675e-05
-106.59420813585166 9.10220551786092 -0.009102906995255025 4.3659003094586365e-05
-96.90382557804696 9.112994222133677 -0.016141203045277802 4.307093623045593e-05
-87.21344302024227 9.123581000413845 -0.015897633530673062 4.2498953776959374e-05
-77.52306046243757 9.133970935010982 -0.015664234794521253 4.1942387520078065e-05
-67.83267790463287 9.144168945512435 -0.015440297536482732 4.1400606622000574e-05
-58.14229534682818 9.1541797951278 -0.01522517937718028 4.087301498963429e-05
-48.45191278902348 9.164008096740885 -0.015018297062959148 4.03590488664064e-05
-38.761530231218785 9.173658318684845 -0.014819119739298697 3.985817462518574e-05
-29.07114767341409 9.183134790255183 -0.014627163125538124 3.936988674272461e-05
-19.380765115609393 9.192441706974455 -0.014441984452889713 3.889370593814035e-05
-9.690382557804696 9.20158313562165 -0.014263178051369488 3.8429177459935047e-05
0.0 9.21056301903846 -0.014090371490464276 3.797586950768795e-05
9.690382557804696 1.4347231284129425 -0.18810148076514985 0.037624314948688155
19.380765115609393 1.7951010474618787 -0.18350413914198122 0.03666671723549092
29.07114767341409 2.087515592353392 -0.18097845561178408 0.036700593166216516
38.761530231218785 2.3386006375407575 -0.17676774219031724 0.0358102092453976
48.45191278902348 2.561062106929496 -0.1727537534563713 0.03496202134451741
58.14229534682818 2.7621480844627593 -0.16892292143582313 0.03415309865010863
67.83267790463287 2.946460219380529 -0.16526290061068957 0.03338077567265588
77.52306046243757 3.1171381183745073 -0.16176243313790703 0.03264262288254058
87.21344302012585 3.2764382290615837 -0.15841123152634198 0.031936421161782254
96.90382557793055 3.426047496104691 -0.15519987618816694 0.0312601395052255
106.59420813573524 3.567266776353623 -0.15211972570964108 0.030611915499066424
116.28459069353994 3.7011246038471137 -0.1491628380348102 0.02999003818116172
125.97497325134464 3.8284511498300366 -0.14632190104429404 0.029392932950916564
135.66535580914933 3.949928188565666 -0.1435901712473003 0.02881914824833083
145.35573836695403 4.066123951681632 -0.14096141950134802 0.028267343764839952
155.04612092475872 4.177518109612941 -0.13842988283707733 0.02773627998429548
164.73650348256342 4.2845200982272225 -0.13599022160145052 0.027224808882212424
174.42688604036812 4.387482837582136 -0.13363748124644428 0.026731865636333986
184.1172685981728 4.4867131846096955 -0.13136705818593888 0.026256461222493345
193.8076511559775 4.582480022705919 -0.12917466922409232 0.025797675787386575
203.4980337137822 4.675020610130687 -0.12705632412663417 0.025354652704776368
213.1884162715869 4.7645456244380755 -0.1250083009643126 0.024926593234284797
222.8787988293916 4.85124321602129 -0.12302712390690343 0.024512751712681094
232.5691813871963 4.935282298704041 -0.12110954318814561 0.024112431216737007
242.259563945001 5.016815245818862 -0.11925251699785984 0.023724979644561925
251.9499465028057 5.09598011795315 -0.11745319508830132 0.02334978616905234
261.6403290606104 5.172902518067544 -0.11570890390827802 0.022986278022870302
271.33071161829866 5.24769714740579 -0.11401713310142053 0.022633917579351077
281.02109417610336 5.320469119118547 -0.11237552322458251 0.022292199698015047
290.71147673390806 5.391315074140063 -0.11078185455987112 0.021960649307174597
300.40185929171275 5.460324134522715 -0.10923403690794074 0.02163881919921421
310.09224184951745 5.527578722238365 -0.10773010026381369 0.021326288017085047
319.78262440732215 5.593155265941944 -0.10626818628732491 0.021022658412918813
329.47300696512684 5.657124813876927 -0.1048465404902743 0.020727555361839484
339.16338952293154 5.719553567719377 -0.1034635050709677 0.02044062461592264
348.85377208073623 5.780503349479535 -0.1021175123343877 0.020161531284897637
358.54415463854093 5.840032011446182 -0.10080707864287942 0.019889958531633313
368.2345371963456 5.898193797446955 -0.09953079884808898 0.019625606371720908
377.9249197541503 5.955039662315868 -0.09828734116005175 0.01936819056758928
387.615302311955 6.010617555336523 -0.0970754424138895 0.019117441608579828
397.3056848697597 6.064925119085151 -0.09589390369861175 0.01887310376928499
406.9960674275644 6.176761930330798 -0.09474158631609463 0.01863493423923203
416.6864499853691 6.288185945163888 -0.09361740804149017 0.01840270231768417
426.3768325431738 6.3939501727652654 -0.0925203396591438 0.01817618866794455
436.0672151009785 6.494491166556542 -0.09144940175061574 0.01795518462609521
445.7575976587832 6.590198099458682 -0.09040366171364837 0.017739491559590682
455.4479802164715 6.6814195764852835 -0.08938223099293831 0.017528920271563466
465.1383627742762 6.768469219151823 -0.08838426250528289 0.01732329044707033
474.82874533208087 6.851630286232864 -0.0874089482435336 0.017122430137910087
484.51912788988557 6.93115952990577 -0.0864555170448027 0.016926175282867516
494.20951044769026 7.007290438901835 -0.08552323251009436 0.01673436926060766
503.89989300549496 7.080235985570676 -0.08461139106343721 0.016546862472643715
513.5902755632997 7.150190967955107 -0.08371932013973046 0.016363511954046686
523.2806581211044 7.2173340185818144 -0.08284637649144934 0.016184181009767446
532.971040678909 7.2818293369343765 -0.08199194460520756 0.01600873887462641
542.6614232367137 7.343828191257605 -0.08115543521994681 0.015837060395193073
552.3518057945184 7.403470226567876 -0.08033628393922013 0.015669025731928674
562.0421883523231 7.460884608880297 -0.07953394993066756 0.01550452008010196
571.7325709101278 7.516191030248722 -0.07874791470635595 0.01534343340811182
581.4229534679325 7.569500594909444 -0.07797768097817312 0.015185660211963325
591.1133360257372 7.6209166033706595 -0.07722277158294057 0.01503109928474541
600.8037185835419 7.670535248508042 -0.07648272847233711 0.014879653500051732
610.4941011413466 7.718446235468176 -0.07575711176311693 0.014731229608370488
620.1844836991513 7.764733335336369 -0.07504549884346232 0.014585738045546094
629.874866256956 7.809474881008963 -0.07434748353163592 0.01444309275248586
639.5652488146443 7.852744212456802 -0.07366267528340228 0.014303211005350567
649.255631372449 7.894610077529263 -0.07299069844490179 0.014166013255514658
658.9460139302537 7.935136993568616 -0.07233119154808137 0.014031422978670577
668.6363964880584 7.974385574393837 -0.07168380664572416 0.01389936653244199
678.3267790458631 8.012412826580967 -0.07104820868361805 0.013769773021974416
688.0171616036678 8.049272418458624 -0.07042407490741898 0.013642574172977599
697.7075441614725 8.085014924792489 -0.06981109430199896 0.013517704211743482
707.3979267192772 8.119688049756888 -0.06920896706122032 0.013395099751696699
717.0883092770819 8.153336830469687 -0.06861740408622595 0.013274699686066309
726.7786918348866 8.186003823090235 -0.06803612651047107 0.013156445086296991
736.4690743926913 8.217729273241874 -0.06746486524984699 0.013040279105844571
746.159456950496 8.248551272314684 -0.0669033605763633 0.012926146889026083
755.8498395083006 8.278505901025596 -0.06635136171396006 0.012813995484617022
765.5402220661053 8.307627361457856 -0.0658086264551208 0.012703773763909933
775.23060462391 8.335948098666515 -0.06528822744270359 0.012595432342967828
784.9209871817147 8.363498912818354 -0.0647930121072564 0.012488923508823992
794.6113697395194 8.390309062731022 -0.06427560454099764 0.012384201149396454
804.3017522973241 8.416406361585137 -0.06376662435143096 0.012281220686900808
813.9921348551288 8.441817265502896 -0.06326586316431987 0.012179939014559264
823.6825174129335 8.466566955616091 -0.06277311961465654 0.012080314436417187
833.3728999706218 8.490679414183477 -0.06228819903608905 0.011982306610091687
843.0632825284265 8.514177495264125 -0.061810913168954776 0.011885876492280078
852.7536650862312 8.53708299039803 -0.061341079885403625 0.011790986286891148
862.4440476440359 8.559416689711668 -0.060878522930091473 0.011697599395630894
872.1344302018406 8.581198438816942 -0.06042307167529237 0.011605680370924734
881.8248127596453 8.602447191843291 -0.059974560889294766 0.011515194871041747
891.51519531745 8.623181060909491 -0.05953283051710768 0.011426109617302881
901.2055778752547 8.643417362314121 -0.059097725472596715 0.011338392353261012
910.8959604330594 8.663172659698533 -0.05866909544125899 0.011252011805747659
920.5863429908641 8.682462804413781 -0.05824679469292005 0.011166937647687562
930.2767255486688 8.701302973302607 -0.057830681903702365 0.011083140462588138
939.9671081064735 8.719707704089393 -0.05742061998667344 0.011000591710616556
949.6574906642782 8.737690928554521 -0.057016475930630806 0.01091926369618214
959.3478732220829 8.755266003654672 -0.05661812064652727 0.010839129536946787
969.0382557798875 8.77244574073712 -0.056225428821079865 0.010760163134190535
978.7286383376922 8.789242432983936 -0.05583827877714031 0.010682339144463662
988.4190208954969 8.805667881210871 -0.055456552340438524 0.010605632952460543
998.1094034533016 8.821733418135683 -0.05508013471233799 0.010530020645054379
