-872.1344302018406 11.307483656493439 0.0 0.0
-862.4440476440359 11.307483656493439 0.0 0.0
-852.7536650862312 11.307483656493439 0.0 0.0
-843.0632825284265 11.307483656493439 0.0 0.0
-833.3728999706218 11.307483656493439 0.0 0.0
-823.6825174128171 11.307483656493439 0.0 0.0
-813.9921348550124 11.307483656493439 0.0 0.0
-804.3017522972077 11.307483656493439 0.0 0.0
-794.611369739403 11.307483656493439 0.0 0.0
-784.9209871815983 11.307483656493439 0.0 0.0
-775.23060462391 11.307483656493439 0.0 0.0
-765.5402220661053 11.307483656493439 0.0 0.0
-755.8498395083006 11.307483656493439 0.0 0.0
-746.159456950496 11.307483656493439 0.0 0.0
-736.4690743926913 11.307483656493439 0.0 0.0
-726.7786918348866 11.307483656493439 0.0 0.0
-717.0883092770819 11.307483656493439 0.0 0.0
-707.3979267192772 11.307483656493439 0.0 0.0
-697.7075441614725 11.307483656493439 0.0 0.0
-688.0171616036678 11.307483656493439 0.0 0.0
-678.3267790458631 11.307483656493439 0.0 0.0
-668.6363964880584 11.307483656493439 0.0 0.0
-658.9460139302537 11.307483656493439 0.0 0.0
-649.255631372449 11.307483656493439 0.0 0.0
-639.5652488146443 11.307483656493439 0.0 0.0
-629.8748662568396 11.307483656493439 0.0 0.0
-620.1844836990349 11.307483656493439 0.0 0.0
-610.4941011412302 11.307483656493439 -0.0001314565164324233 1.0039330234905925e-05
-600.8037185834255 11.307483656493439 -0.00012967791470807214 9.903498474322925e-06
-591.1133360257372 11.307483656493439 -0.00012794679932424436 9.771293244147713e-06
-581.4229534679325 11.307483656493439 -0.0001262612935985765 9.64257122220433e-06
-571.7325709101278 11.307483656493439 -0.0001246196184527964 9.517196540338594e-06
-562.0421883523231 11.307483656493439 -0.00012302008614874593 9.395040306037087e-06
-552.3518057945184 11.307483656493439 -0.00012146109450079019 9.275980160431112e-06
-542.6614232367137 11.307483656493439 -0.0001199411215227649 9.159899869482869e-06
-532.971040678909 11.307483656493439 -0.00011845872047188725 9.046688945488733e-06
-523.2806581211044 11.307483656493439 -0.00011701251525570567 8.936242296310156e-06
-513.5902755632997 11.307483656493439 -0.00011560119617143749 8.828459899983768e-06
-503.89989300549496 11.307483656493439 -0.00011422351594996615 8.723246502604764e-06
-494.20951044769026 11.307483656493439 -0.00011287828607938139 8.620511337554095e-06
-484.51912788988557 11.307483656493439 -0.00011156437338528523 8.52016786433694e-06
-474.82874533208087 11.307483656493439 -0.00011028069684718305 8.422133525450362e-06
-465.1383627742762 11.307483656493439 -0.00010902622463216123 8.326329519845127e-06
-455.4479802164715 11.307483656493439 -0.00010779997132874357 8.23268059167671e-06
-445.7575976586668 11.307483656493439 -0.0001066009953653422 8.141114833150939e-06
-436.0672151008621 11.307483656493439 -0.00010542839659908863 8.051563500383746e-06
-426.3768325430574 11.307483656493439 -0.00010428131406206909 7.963960841281042e-06
-416.6864499852527 11.307483656493439 -0.00023359192551328158 1.5850756089018196e-05
-406.996067427448 11.307483656493439 -0.00023070979446526048 1.5657842236251962e-05
-397.3056848697597 11.307483656493439 -0.00022789893522655964 1.5469637687074963e-05
-387.615302311955 11.307483656493439 -0.000257562006973353 1.6692549071044283e-05
-377.9249197541503 11.307483656493439 -0.0002544433599725056 1.649404514603766e-05
-368.2345371963456 11.307483656493439 -0.00025140035541370214 1.6300274645134343e-05
-358.54415463854093 11.307483656493439 -0.00024843024101701223 1.611106802331839e-05
-348.85377208073623 11.307483656493439 -0.00024553039783035437 1.5926263832942347e-05
-339.16338952293154 11.307483656493439 -0.0002426983321800157 1.5745708241012555e-05
-329.47300696512684 11.307483656493439 -0.00032551060548336445 2.012999118335807e-05
-319.78262440732215 11.307483656493439 -0.00032164663779179223 1.989565648248732e-05
-310.09224184951745 11.307483656493439 -0.0003178746960536076 1.966680497276325e-05
-300.40185929171275 11.307483656493439 -0.0003141914883786164 1.9443243563552746e-05
-290.71147673390806 11.307483656493439 -0.0003105938798052092 1.922478824431756e-05
-281.02109417610336 11.307483656493439 -0.00030707888296920623 1.9011263550991345e-05
-271.33071161829866 11.307483656493439 -0.0003350004169355487 2.0033401794347823e-05
-261.64032906049397 11.307483656493439 -0.0003312144569281817 1.9812451641447243e-05
-251.94994650268927 11.307483656493439 -0.0003904990349884751 2.2593829017903918e-05
-242.25956394488458 11.307483656493439 -0.00038603149020316105 2.2342041422200045e-05
-232.56918138707988 11.307483656493439 -0.00040557366869855573 2.2834601493723107e-05
-222.87879882927518 11.307483656493439 -0.0004241014676876756 2.342046405519663e-05
-213.1884162715869 11.307483656493439 -0.00041930399063837124 2.3164025502563166e-05
-203.4980337137822 11.307483656493439 -0.00041461585432594854 2.2913256527701698e-05
-193.8076511559775 11.307483656493439 -0.0004461154037800337 2.3870326156479266e-05
-184.1172685981728 11.307483656493439 -0.00044114683159110355 2.361407427895444e-05
-174.42688604036812 11.307483656493439 -0.0004362898620836471 2.3363382632687023e-05
-164.73650348256342 11.307483656493439 -0.0004315407124548969 2.3118068680429973e-05
-155.04612092475872 11.307483656493439 -0.0004268957715007861 2.2877957927208616e-05
-145.35573836695403 11.307483656493439 -0.0004223515898694064 2.264288347544538e-05
-135.66535580914933 11.307483656493439 -0.00041790487097867555 2.2412685609687487e-05
-125.97497325134464 11.307483656493439 -0.000413552462545498 2.218721140863746e-05
-116.28459069353994 11.307483656493439 -0.00040929134867846435 2.1966314382396743e-05
-106.59420813573524 11.307483656493439 -0.00040511864249042495 2.174985413299995e-05
-96.90382557793055 11.307483656493439 -0.00040103157919112544 2.1537696036502164e-05
-87.21344302012585 11.307483656493439 -0.00039702750962356784 2.132971094501461e-05
-77.52306046232115 11.307483656493439 -0.0003931038942108947 2.1125774907237646e-05
-67.83267790451646 11.307483656493439 -0.0003892582972834246 2.0925768906138176e-05
-58.14229534671176 11.307483656493439 -0.00038548838175803086 2.072957861255374e-05
-48.451912788907066 11.307483656493439 -0.00038179190414436846 2.0537094153588514e-05
-38.76153023110237 11.307483656493439 -0.00037816670985456465 2.0348209894768452e-05
-29.07114767341409 11.307483656493439 -0.0003746107287949304 2.0162824234999373e-05
-19.380765115609393 11.307483656493439 -0.0003711219712196909 1.9980839413443114e-05
-9.690382557804696 11.307483656493439 -0.00036769852382920355 1.9802161327526937e-05
0.0 11.307483656493439 -0.0003643385460950709 1.962669936130196e-05
9.690382557804696 2.6114888259682765 -0.006186015987249755 0.05914006323217325
19.380765115609393 3.4122362747153856 -0.006103867664520188 0.0583389962853273
29.07114767341409 3.9839937018105145 -0.006023887081177261 0.05755934154550537
38.761530231218785 4.442475055739233 -0.005945989189780126 0.05680025180337821
48.45191278902348 4.829441922823018 -0.008576785931552275 0.05721398159630668
58.14229534682818 5.165789579469946 -0.008466080688067123 0.056478004674951246
67.83267790463287 5.463809759427712 -0.008358212081728003 0.05576072377445455
77.52306046243757 5.731487395994015 -0.008253072075056236 0.05506143536629504
87.21344302024227 5.974372288720815 -0.008150558061913178 0.05437947078567011
96.90382557804696 6.196515900609308 -0.009363742319833526 0.05399957273266721
106.59420813585166 6.400988356210929 -0.00924824699822266 0.05334647882324685
116.28459069365636 6.590185348478485 -0.009135583053707307 0.05270899651122348
125.97497325146105 6.766020964583998 -0.00902564715770287 0.05208657254102997
135.66535580926575 6.930054475671124 -0.00891834096741776 0.05147867949866975
145.35573836707044 7.083576878548719 -0.008813570827786704 0.05088481432009488
155.04612092475872 7.227671840334752 -0.008711247494594742 0.05030449690174992
164.73650348256342 7.3632597711990915 -0.008611285877043563 0.04973726880516826
174.42688604036812 7.491130431856712 -0.008513604798199107 0.04918269204837329
184.1172685981728 7.611967542037603 -0.008418126771861805 0.04864034797724321
193.8076511559775 7.726367678463593 -0.00832477779457431 0.04810983621082773
203.4980337137822 7.8348550127983465 -0.008233487151572617 0.047590773654986845
213.1884162715869 7.937892964137543 -0.008144187235600701 0.04708279357924798
222.8787988293916 8.035893526008138 -0.008056813377602381 0.04658554475220419
232.5691813871963 8.129224815179224 -0.007971303688389959 0.04609869063116634
242.259563945001 8.218217242920682 -0.00788759891046627 0.04562190860213815
251.9499465028057 8.303168606353664 -0.007805642279247066 0.04515488926650502
261.6403290606104 8.384348324018614 -0.007725379392993719 0.044697335771120304
271.3307116184151 8.462000986517907 -0.007646758090823649 0.044248963178739095
281.0210941762198 8.536349353961823 -0.007569728338218174 0.04380949787599253
290.7114767340245 8.607596902842118 -0.007494242119494354 0.043378677016315925
300.40185929182917 8.67593000305579 -0.0074202533367508025 0.04295624799544671
310.09224184963387 8.741519789143098 -0.007347717714836244 0.0425419679572913
319.78262440743856 8.804523777006256 -0.007276592711925404 0.042135603328129025
329.47300696524326 8.865087267452058 -0.0072068374353192535 0.041736929377274884
339.16338952293154 8.92334457014014 -0.007138412562117035 0.04134572980246859
348.85377208073623 8.97942007540415 -0.007071280264429124 0.040961796338353805
358.54415463854093 9.033429196537051 -0.007005404138841303 0.04058492838662823
368.2345371963456 9.085479201266292 -0.006940749139835496 0.040214932666389695
377.9249197541503 9.139652861747507 -0.006877281516921148 0.03985162288346803
387.615302311955 9.209225704493631 -0.006814968755233424 0.03949481941752508
397.3056848697597 9.275345951955293 -0.006753779519377518 0.039144349025823005
406.9960674275644 9.338251195514808 -0.006693683600313652 0.03880004456263382
416.6864499853691 9.39815764801133 -0.0066346518650921 0.03846174471333519
426.3768325431738 9.455262560091567 -0.006576656209261043 0.038129293742303096
436.0672151009785 9.509746304582798 -0.006519669511782722 0.037802541253773525
445.7575976587832 9.561774182741262 -0.006463665592304651 0.037481341964901146
455.4479802165879 9.611497996173878 -0.0064086191706434655 0.037165555490295384
465.1383627743926 9.659057420290868 -0.006354505828348592 0.03685504613736219
474.8287453321973 9.704581208829174 -0.006301301972222104 0.036549682711824606
484.519127890002 9.748188253923965 -0.0062489847996793635 0.03624933833283615
494.2095104478067 9.789988522122032 -0.006197532265842845 0.035953890257139465
503.8998930056114 9.83008388341608 -0.006146923052268676 0.03566321971175818
513.5902755634161 9.868568847672503 -0.006097136537211947 0.035377211734742675
523.2806581212208 9.905531220603176 -0.006048152767343124 0.035095755023520865
532.971040678909 9.941052689597157 -0.005999952430834019 0.03481874179043707
542.6614232367137 9.975209348209901 -0.005952516831733081 0.0345460676250651
552.3518057945184 10.0080721668307 -0.005905827865566766 0.03427763136297548
562.0421883523231 10.039707416002587 -0.005859867996088019 0.03401333496054407
571.7325709101278 10.070177047961538 -0.005814620233117457 0.033753083375526
581.4229534679325 10.099539041217744 -0.005770068111414536 0.03349678445306976
591.1133360257372 10.127847712360252 -0.0057261956705237345 0.03324434881688698
600.8037185835419 10.155153998724062 -0.005682987435543534 0.032995689765308284
610.4941011413466 10.181505715095385 -0.005640428398769314 0.03275072317197082
620.1844836991513 10.206947787234137 -0.005598504002164013 0.03250936739089874
629.874866256956 10.23152246465197 -0.005557200120613328 0.032271543165751315
639.5652488147607 10.25526951479049 -0.0055165030459247465 0.03203717354302689
649.2556313725654 10.278226400490631 -0.005476399471532055 0.031806183789023064
658.9460139303701 10.300428442424208 -0.005436876477869289 0.031578501310364285
668.6363964881748 10.321908967967687 -0.005397921518380135 0.031354055577920044
678.3267790459795 10.342699447831713 -0.005359522406130762 0.03113277805394555
688.0171616037842 10.36282962161461 -0.005321667300995904 0.030914602122286826
697.7075441615889 10.38232761332086 -0.0052843446973897135 0.030699463021501155
707.3979267193936 10.401220037773879 -0.005247543412514544 0.0304872977807515
717.0883092770819 10.419532098754093 -0.005211252575102694 0.030278045158344265
726.7786918348866 10.437287679608337 -0.005175461614624618 0.03007164558276912
736.4690743926913 10.454509426995587 -0.0051401602509474455 0.029868041096159537
746.159456950496 10.471218828374257 -0.005105338484413757 0.029667175300010784
755.8498395083006 10.487436283768606 -0.005070986586326893 0.029468993303086385
765.5402220661053 10.503181172303316 -0.005037095089821118 0.029273441671396897
775.23060462391 10.518471913946431 -0.005003654781098911 0.029080468380157695
784.9209871817147 10.533326026858914 -0.004970656691018306 0.028890022767635
794.6113697395194 10.547760180711496 -0.004938092087014001 0.02870205549079412
804.3017522973241 10.561790246295773 -0.004905952465336934 0.028516518482668434
813.9921348551288 10.575431341726485 -0.004874229543597731 0.028333364911371603
823.6825174129335 10.588697875504868 -0.004842915253600193 0.028152549140679554
833.3728999707382 10.601603586688682 -0.0048120017344517665 0.027974026692112745
843.0632825285429 10.61416158239279 -0.004781481325938571 0.027797754208452284
852.7536650863476 10.626384372824456 -0.004751346562153175 0.027623689418627126
862.4440476441523 10.638283904039856 -0.004721590165363946 0.02745179110391268
872.134430201957 10.649871588592301 -0.004692205040115327 0.027282019065383852
881.8248127597617 10.661158334228206 -0.004663184267548991 0.027114334092568772
891.5151953175664 10.67215457077379 -0.00463452109993619 0.0269486979332516
901.2055778752547 10.682870275343456 -0.004606208955412621 0.02678507326437776
910.8959604330594 10.693314995990992 -0.004578241412905033 0.026623423664003103
920.5863429908641 10.70349787391224 -0.004550612207246406 0.02646371358427242
930.2767255486688 10.713427664303541 -0.004523315224465135 0.026305908325345587
939.9671081064735 10.723112755967561 -0.004496344497245765 0.02614997401026095
949.6574906642782 10.732561189753618 -0.004469694200552142 0.025995877560685676
959.3478732220829 10.741780675911855 -0.0044433586474065985 0.025843586673518687
969.0382557798875 10.750778610434672 -0.00441733228481865 0.02569306979831141
978.7286383376922 10.759562090453212 -0.004391609689857084 0.0255442961154731
988.4190208954969 10.76813792875156 -0.004366185565859569 0.025397235515229218
998.1094034533016 10.776512667456643 -0.00437502545369475 0.02525439565753295
