-484.51912788988557 11.307483656493442 0.0 0.0
-474.82874533208087 11.307483656493442 0.0 0.0
-465.1383627742762 11.307483656493442 0.0 0.0
-455.4479802164715 11.307483656493442 0.0 0.0
-445.7575976586668 11.307483656493442 0.0 0.0
-436.0672151008621 11.307483656493442 0.0 0.0
-426.3768325430574 11.307483656493442 0.0 0.0
-416.6864499852527 11.307483656493442 0.0 0.0
-406.996067427448 11.307483656493442 0.0 0.0
-397.3056848696433 11.307483656493442 0.0 0.0
-387.615302311955 11.307483656493442 0.0 0.0
-377.9249197541503 11.307483656493442 0.0 0.0
-368.2345371963456 11.307483656493442 0.0 0.0
-358.54415463854093 11.307483656493442 0.0 0.0
-348.85377208073623 11.307483656493442 0.0 0.0
-339.16338952293154 11.307483656493442 0.0 0.0
-329.47300696512684 11.307483656493442 0.0 0.0
-319.78262440732215 11.307483656493442 0.0 0.0
-310.09224184951745 11.307483656493442 0.0 0.0
-300.40185929171275 11.307483656493442 0.0 0.0
-290.71147673390806 11.307483656493442 0.0 0.0
-281.02109417610336 11.307483656493442 0.0 0.0
-271.33071161829866 11.307483656493442 0.0 0.0
-261.64032906049397 11.307483656493442 0.0 0.0
-251.94994650268927 11.307483656493442 0.0 0.0
-242.25956394488458 11.307483656493442 0.0 0.0
-232.56918138707988 11.307483656493442 0.0 0.0
-222.87879882927518 11.307483656493442 -0.0002332438704073125 0.0
-213.1884162714705 11.307483656493442 -0.0002300880896110518 0.0
-203.4980337137822 11.307483656493442 -0.00022701656403587649 0.0
-193.8076511559775 11.307483656493442 -0.0002240259638760849 0.0
-184.1172685981728 11.307483656493442 -0.0002211131325053397 0.0
-174.42688604036812 11.307483656493442 -0.00021827507536246657 0.0
-164.73650348256342 11.307483656493442 -0.00021550894968250605 0.0
-155.04612092475872 11.307483656493442 -0.00021281205499876934 0.0
-145.35573836695403 11.307483656493442 -0.0002101818243492275 0.0
-135.66535580914933 11.307483656493442 -0.00020761581612704222 0.0
-125.97497325134464 11.307483656493442 -0.0002051117065208544 0.0
-116.28459069353994 11.307483656493442 -0.00020266728249563107 0.0
-106.59420813573524 11.307483656493442 -0.0002002804352695066 0.0
-96.90382557793055 11.307483656493442 -0.00019794915424620465 0.0
-87.21344302012585 11.307483656493442 -0.0001956715213663471 0.0
-77.52306046232115 11.307483656493442 -0.00019344570584429552 0.0
-67.83267790451646 11.307483656493442 -0.00019126995926016993 0.0
-58.14229534671176 11.307483656493442 -0.00018914261097939585 0.0
-48.451912788907066 11.307483656493442 -0.00018706206387455592 0.0
-38.76153023110237 11.307483656493442 -0.00018502679032652598 0.0
-29.071147673297673 11.307483656493442 -0.0009786987819644984 0.0
-19.380765115492977 11.307483656493442 -0.000965869198845194 0.0
-9.690382557804696 11.307483656493442 -0.0009533742509177983 0.0
0.0 8.566701483733743 -0.012091151129999096 0.027090690140027983
9.690382557804696 8.86983029854459 -0.011927024013515324 0.026720741215992223
19.380765115609393 9.037164448935822 -0.011767297042128335 0.026360760174064087
29.07114767341409 9.16078754694772 -0.01161179548580386 0.026010349508384663
38.761530231218785 9.26058362475847 -0.01146035374998745 0.025669132571827687
48.45191278902348 9.34489821051413 -0.011312814786017008 0.02533675222553843
58.14229534682818 9.418167574800755 -0.012840786220503473 0.02501286959205129
67.83267790463287 9.483079322300165 -0.01267794433122265 0.024697162902834503
77.52306046243757 9.541405077899963 -0.012519186648760996 0.02438932643202316
87.21344302024227 9.594384113272127 -0.012364361234057701 0.024089069508913093
96.90382557804696 9.642922470891014 -0.012213323600655248 0.02379611560251082
106.59420813585166 9.687705619428629 -0.012065936262826144 0.023510201472079106
116.28459069365636 9.729266502141773 -0.014825331744183493 0.02447314815655346
125.97497325146105 9.768028817550022 -0.014645251861125268 0.0241836286580964
135.66535580926575 9.804335721870807 -0.020788225921255985 0.02390088743297019
145.35573836707044 9.838469533201282 -0.020531342414145965 0.023624688874821262
155.04612092487514 9.870665657879742 -0.020560635818752164 0.023384625082347784
164.73650348267984 9.901122680941386 -0.021096126466748782 0.023291965743174988
174.42688604036812 9.930009836004155 -0.02084317690825082 0.023031366296823976
184.1172685981728 9.957472639910147 -0.020596260088353427 0.022776541936893956
193.8076511559775 9.983637213881764 -0.020996156042133878 0.022618486519013565
203.4980337137822 10.008613646420606 -0.020752001464172425 0.022373416810524818
213.1884162715869 10.032498645061926 -0.020513497020717517 0.022133608969611307
222.8787988293916 10.055377652243541 -0.020280447599849878 0.02189889503747357
232.5691813871963 10.077326551748524 -0.020052667024365166 0.021669114142250836
242.259563945001 10.098413058405447 -0.01982997754325417 0.021444112128325084
251.9499465028057 10.118697859943824 -0.01961220935770691 0.021223741208708416
261.6403290606104 10.138235562885757 -0.0193992001789232 0.021007859638849283
271.3307116184151 10.157075482005439 -0.019190794815254947 0.020796331410329685
281.0210941762198 10.175262303807282 -0.01898684478642438 0.02058902596304883
290.7114767340245 10.192836647714886 -0.0187872079627591 0.02038581791460138
300.40185929182917 10.20983554357642 -0.018591748227562925 0.02018658680566101
310.09224184963387 10.226292840223836 -0.018400335160901945 0.019991216860272817
319.78262440743856 10.24223955685355 -0.01821284374323059 0.019799596760044127
329.47300696524326 10.257704186695495 -0.018029154077414174 0.019611619431300107
339.16338952304795 10.272712960640382 -0.017849151127823492 0.019427181844342445
348.85377208085265 10.287290077079772 -0.017672724475285586 0.019246184824014047
358.54415463854093 10.301457903091364 -0.017499768086775003 0.019068532870834192
368.2345371963456 10.315237151206652 -0.01733018009880504 0.018894133992008778
377.9249197541503 10.33215330559705 -0.017163862613603385 0.018722899541714785
387.615302311955 10.35088776547073 -0.017000721507158156 0.01855474407002928
397.3056848697597 10.368938279648379 -0.016871244058038894 0.018389585179990543
406.9960674275644 10.386349416820902 -0.016713773305355725 0.018227343392272808
416.6864499853691 10.403161585972638 -0.01655922851749987 0.01806794201700657
426.3768325431738 10.419411523369716 -0.016407528518832017 0.017911307032307554
436.0672151009785 10.435132710917106 -0.016301275689127575 0.017757366969107426
445.7575976587832 10.450355737259484 -0.016154454305572444 0.017606052801907666
455.4479802165879 10.465108610840122 -0.016010267091216553 0.01745729784510356
465.1383627743926 10.479417032430945 -0.01586864341963385 0.017311037654549402
474.8287453321973 10.49330463329807 -0.015729515180818884 0.01716720993405777
484.519127890002 10.506793184089908 -0.015678593154287 0.0170257544465464
494.2095104478067 10.519902778669008 -0.01554308875798881 0.016886612929565017
503.8998930056114 10.532651996398274 -0.015409921081037474 0.016749729014951874
513.5902755634161 10.545058045850459 -0.015279029757776947 0.016615048152386073
523.2806581212208 10.557136892450325 -0.01515035650226697 0.01648251753661673
532.9710406790255 10.568903372058447 -0.015023845018516486 0.01635208603816418
542.6614232367137 10.580371292383948 -0.014899440915391282 0.01622370413730261
552.3518057945184 10.591553523700291 -0.014777091625900771 0.01609732386113508
562.0421883523231 10.602462080175522 -0.014656746330620451 0.015972898723615285
571.7325709101278 10.613108192940306 -0.014538355884972758 0.015850383668326973
581.4229534679325 10.623502375858203 -0.014421872750158793 0.015729735013895532
591.1133360257372 10.633654484835496 -0.014307250927517574 0.01561091040188295
600.8037185835419 10.643573771396648 -0.01419444589611442 0.015493868747036673
610.4941011413466 10.653268931157987 -0.014083414553372293 0.015378570189768926
620.1844836991513 10.662748147752376 -0.013974115158571969 0.01526497605075074
629.874866256956 10.672019132689092 -0.01386650727905867 0.015153048787511482
639.5652488147607 10.68108916157462 -0.013760551739003176 0.015042751952941255
649.2556313725654 10.689965107069275 -0.01365621057057532 0.014934050155599433
658.9460139303701 10.698653468910974 -0.013553446967396972 0.014826909021738173
668.6363964881748 10.707160401299573 -0.013452225240149792 0.014721295158955011
678.3267790459795 10.715491737902159 -0.013352510774221126 0.014617176121393505
688.0171616037842 10.72365301471097 -0.01325426998927855 0.014514520376415494
697.7075441615889 10.73164949096062 -0.01315747030067029 0.014413297272672815
707.3979267193936 10.739486168289 -0.01306208008255514 0.014313477009510243
717.0883092771983 10.747167808307085 -0.012968068632671251 0.014215030607635494
726.7786918348866 10.754698948725576 -0.012875406138659758 0.014117929880996373
736.4690743926913 10.7620839181718 -0.012784063645856545 0.014022147409800765
746.159456950496 10.769326849815062 -0.012694013026493405 0.013927656514642412
755.8498395083006 10.776431693909858 -0.012605226950215506 0.013834431231657764
765.5402220661053 10.783402229352625 -0.012517678855864961 0.013742446288682621
775.23060462391 10.790242074340101 -0.012431342924461025 0.013651677082355523
784.9209871817147 10.79695469620832 -0.012346194053318514 0.013562099656125206
794.6113697395194 10.803543420523802 -0.012262207831248555 0.013473690679120893
804.3017522973241 10.81001143949163 -0.012179360514788854 0.013386427425845972
813.9921348551288 10.81636181973908 -0.012097629005413562 0.013300287756658015
823.6825174129335 10.822597509527963 -0.012016990827675654 0.013215250098999683
833.3728999707382 10.828721345443862 -0.011937424108237307 0.013131293429347069
843.0632825285429 10.83473605860606 -0.01185890755574617 0.013048397255843672
852.7536650863476 10.840644280437825 -0.011781420441517754 0.012966541601589781
862.4440476441523 10.846448548033266 -0.01170494258098628 0.012885706988558555
872.134430201957 10.85215130915346 -0.011629454315888275 0.012805874422111518
881.8248127597617 10.857754926881855 -0.01155493649714527 0.012727025376087662
891.5151953175664 10.863261683965995 -0.01148137046841352 0.012649141778441324
901.2055778753711 10.868673786870465 -0.011408738050270506 0.012572205997405586
910.8959604331758 10.873993369563514 -0.011337021525009422 0.012496200828158721
920.5863429908641 10.87922249705794 -0.011266203622015329 0.012421109479973503
930.2767255486688 10.884363168725379 -0.01119626750369196 0.012346915563823696
939.9671081064735 10.889417321400227 -0.011127196751927412 0.012273603080441979
949.6574906642782 10.894386832290092 -0.01105897535505839 0.012201156408792966
959.3478732220829 10.899273521706226 -0.010991587695323672 0.0121295602949574
969.0382557798875 10.904079155627413 -0.010925018536780674 0.012058799841405404
978.7286383376922 10.90880544810928 -0.010859253013665885 0.011988860496643865
988.4190208954969 10.913454063550107 -0.010794276619180313 0.011919728045222785
998.1094034533016 10.918026618823212 -0.010730075194681752 0.011851388598086123
