-1007.7997860109899 9.386712769237805 -0.011148042080125816 0.012013459888714053
-998.1094034531852 9.391537058826367 -0.011055929927225282 0.011922037253705534
-988.4190208953805 9.396271711284887 -0.010965346002050355 0.011831995572740827
-978.7286383375758 9.400919993963253 -0.0108762521311509 0.01174330379089283
-969.0382557797711 9.40548502548076 -0.010788611417479032 0.01165593177746302
-959.3478732219664 9.409969782704508 -0.010702388186800976 0.011569850291852674
-949.6574906641617 9.414377107390397 -0.010617547936823037 0.011485030950935279
-939.9671081064735 9.418709712505917 -0.01053405728887122 0.01140144619785473
-930.2767255486688 9.42297018825288 -0.010451883941968226 0.011319069272171207
-920.5863429908641 9.427161007805578 -0.010370996629182673 0.0112378741813019
-910.8959604330594 9.431284532780525 -0.010291365076099715 0.011157835673172321
-901.2055778752547 9.435343018450832 -0.010212959961306133 0.011078929210033011
-891.51519531745 9.439338618718555 -0.01013575287876981 0.011001130943378467
-881.8248127596453 9.443273390856886 -0.010059716302008085 0.01092441768991545
-872.1344302018406 9.447149300033471 -0.009984823549945222 0.010848766908529862
-862.4440476440359 9.450968223625345 -0.009911048754365758 0.01077415667820403
-852.7536650862312 9.454731955335344 -0.009838366828876339 0.010700565676839054
-843.0632825284265 9.45844220911926 -0.009766753439294121 0.010627973160939138
-833.3728999706218 9.462100622932507 -0.00969618497538503 0.01055635894611732
-823.6825174128171 9.465708762304555 -0.009626638523879748 0.01048570338838411
-813.9921348550124 9.469268123748966 -0.009558091842699888 0.010415987366182534
-804.3017522972077 9.472780138016459 -0.009490523336330778 0.010347192263135128
-794.611369739403 9.476246173198046 -0.009423912032281209 0.010279299951470224
-784.9209871815983 9.479667537684977 -0.009358237558573977 0.010212292776096393
-775.2306046237936 9.483045482991857 -0.00929348012221445 0.010146153539295825
-765.5402220659889 9.48638120644905 -0.009229620488587425 0.010080865486008632
-755.8498395083006 9.489675853770146 -0.009166639961736231 0.010016412289682468
-746.159456950496 9.492930521500261 -0.00910452036547549 0.009952778038657743
-736.4690743926913 9.49614625934993 -0.009043244025307212 0.009889947223076099
-726.7786918348866 9.499324072420386 -0.008982793751085969 0.009827904722274135
-717.0883092770819 9.502464923324588 -0.008923152820407476 0.00976663579265241
-707.3979267192772 9.505569734208784 -0.008864304962681079 0.009706126055994668
-697.7075441614725 9.508639388679068 -0.008806234343853993 0.009646361488218637
-688.0171616036678 9.511674733637188 -0.008748925551756093 0.00958732840853982
-678.3267790458631 9.514676581029647 -0.008692363582035774 0.009529013469030826
-668.6363964880584 9.517645709514035 -0.008636533824659086 0.009471403644559423
-658.9460139302537 9.520582866046329 -0.008581422050945735 0.009414486223089345
-649.255631372449 9.523488767392672 -0.008527014401117061 0.00935824879632882
-639.5652488146443 9.52636410156918 -0.008473297372332315 0.009302679250712199
-629.8748662568396 9.529209529212922 -0.008420257807190959 0.009247765758701038
-620.1844836990349 9.532025684887314 -0.008371255319263656 0.009193496770391479
-610.4941011412302 9.534813178324876 -0.008327714488703774 0.009139861005415416
-600.8037185834255 9.537572595610266 -0.00827633860563179 0.00908684744512348
-591.1133360256208 9.540304500306299 -0.008225605294569576 0.009034445325038557
-581.4229534678161 9.543009434525635 -0.008175501917758376 0.008982644127568901
-571.7325709100114 9.54568791995063 -0.008126016221564971 0.008931433574970496
-562.0421883523231 9.54834045880372 -0.008077136316310709 0.008880803622549421
-552.3518057945184 9.550967534770864 -0.008028850657961337 0.008830744452091106
-542.6614232367137 9.553569613879738 -0.007981148031435119 0.008781246465516519
-532.971040678909 9.556147145335467 -0.00793401753530785 0.008732300278744635
-523.2806581211044 9.558700562315398 -0.00788744856774768 0.008683896715761915
-513.5902755632997 9.561230282725024 -0.007841430813527872 0.008636026802887418
-503.89989300549496 9.563736709916927 -0.007795954231992522 0.0085886817632265
-494.20951044769026 9.566220233374418 -0.007751009045868127 0.008541853011306007
-484.51912788988557 9.568681229361617 -0.0077065857308295715 0.008495532147883993
-474.82874533208087 9.571120061541546 -0.007662675005741879 0.008449710954927409
-465.1383627742762 9.573537081563767 -0.007619267823509826 0.008404381390751467
-455.4479802164715 9.575932629623052 -0.007576355362476594 0.008359535585314612
-445.7575976586668 9.578307034990445 -0.007533929018320252 0.00831516583566333
-436.0672151008621 9.580660616518076 -0.007491980396403272 0.008271264601521272
-426.3768325430574 9.58299368311898 -0.007450501304535765 0.008227824501017353
-416.6864499852527 9.585306534223168 -0.007409483746117859 0.008184838306547777
-406.996067427448 9.58759946021104 -0.00736891991363055 0.008142298940767102
-397.3056848696433 9.589872742825328 -0.007328802182447842 0.008100199472703677
-387.6153023118386 9.592126655562545 -0.007289123104945954 0.00805853311399496
-377.9249197541503 9.594361464044967 -0.0072498754048884295 0.00801729321523893
-368.2345371963456 9.596577426374227 -0.007211051972064838 0.00797647326245452
-358.54415463854093 9.598774793467081 -0.007172645857172681 0.007936066873654493
-348.85377208073623 9.600953809374706 -0.00713465026691727 0.007896067795517126
-339.16338952293154 9.603114711585933 -0.007097058559322346 0.00785646990016044
-329.47300696512684 9.605257731315463 -0.007059864239235602 0.007817267182012531
-319.78262440732215 9.607383093777672 -0.007023060954017739 0.007778453754775148
-310.09224184951745 9.609491018446802 -0.006986642489404263 0.007740023848477263
-300.40185929171275 9.611581719304178 -0.006950602765530056 0.007701971806615571
-290.71147673390806 9.613655405073107 -0.006914935833107699 0.007664292083378921
-281.02109417610336 9.615712279442096 -0.006879635869751077 0.007626979240953811
-271.33071161829866 9.61775254127694 -0.0068446971764366225 0.007590027946908251
-261.64032906049397 9.619776384822265 -0.006810114174094959 0.007553432971651235
-251.94994650268927 9.621783999893042 -0.006775881400326413 0.007517189185965449
-242.25956394488458 9.6237755720566 -0.006741993506234138 0.00748129155861058
-232.56918138707988 9.625751282805592 -0.006708445253369212 0.007445735153995044
-222.87879882927518 9.627711309722361 -0.006675231510782317 0.007410515129913759
-213.1884162714705 9.629655826635206 -0.006642347252177 0.007375626735349818
-203.4980337136658 9.631585003766883 -0.006609787553159925 0.007341065308337984
-193.8076511559775 9.63349900787575 -0.00657754758858404 0.007306826273888388
-184.1172685981728 9.635398002390064 -0.006545622629978296 0.007272905141965995
-174.42688604036812 9.637282147535439 -0.006514008043065849 0.007239297505530191
-164.73650348256342 9.63915160045625 -0.006482699285359359 0.0072059990386243895
-155.04612092475872 9.641006515330986 -0.006451691903835803 0.007173005494520172
-145.35573836695403 9.642847043481954 -0.006420981532685222 0.007140312703911744
-135.66535580914933 9.64467333347963 -0.006390563891130766 0.0071079165731595725
-125.97497325134464 9.646485531241941 -0.006360434781317144 0.007075813082581609
-116.28459069353994 9.648283780128688 -0.00636698237309769 0.007045268015327727
-106.59420813573524 9.65006822103142 -0.0063364771252107715 0.007013705139260084
-96.90382557793055 9.651838992458943 -0.00630629572234821 0.006982424932980574
-87.21344302012585 9.65359623061872 -0.006276430780498907 0.006951423533693046
-77.52306046232115 9.65534006949436 -0.006780130053046642 0.006920697156481777
-67.83267790451646 9.657070640919388 -0.006737254050006236 0.006890242091473228
-58.14229534671176 9.658788074647525 -0.006695353404731253 0.006860054701226657
-48.451912788907066 9.660492498419588 -0.00665437265085945 0.006830131418322407
-38.76153023110237 9.662184038027265 -0.006614261293862688 0.006800468743122165
-29.071147673297673 9.663862817373866 -0.007041308542162087 0.006771063241679602
-19.380765115492977 9.665528958532233 -0.0069907032396630125 0.0067419115437833774
-9.690382557804696 9.667182581799917 -0.006941452246363734 0.006713010341117635
0.0 6.889874894012142 0.02766920910294954 0.03789992127473724
9.690382557804696 7.034672064076544 0.024763415045241502 0.03706506499059799
19.380765115609393 7.140286648409178 0.024013603624734602 0.036271068926975354
29.07114767341409 7.226145844758864 0.023301772313320045 0.0355149365107832
38.761530231218785 7.299553058476638 0.022625171074366863 0.034793958316896675
48.45191278902348 7.364200352189328 0.021981307999217038 0.03410567845519277
58.14229534682818 7.422261030729188 0.021367919745375663 0.0334478655717174
67.83267790463287 7.475141788178577 0.02078294594487514 0.032818487741535014
77.52306046243757 7.523814664741901 0.019191996257521843 0.03235122738016558
87.21344302024227 7.5689843692680885 0.018684893477413325 0.03176983413763114
96.90382557804696 7.611180945561714 0.017156360717270846 0.03200921802593542
106.59420813585166 7.650814850109014 0.016718288483298285 0.03145311024988928
116.28459069365636 7.68821154502893 0.016298226808439332 0.030918752629380434
125.97497325146105 7.723634210392176 0.015895128604490997 0.03040485316651879
135.66535580926575 7.757299210292374 0.015508025326066864 0.029910221053894633
145.35573836707044 7.789386951407405 0.015136019812963997 0.029433756920261945
155.04612092487514 7.82004970742621 0.014778279892974682 0.02897444418681466
164.73650348267984 7.849417384762243 0.014434032653758007 0.028531341388786303
174.42688604036812 7.877601854802148 0.014102559304517457 0.028103575338505864
184.1172685981728 7.904700265251155 0.013783190558590197 0.027690335023909076
193.8076511559775 7.930797609780482 0.013475302477048059 0.027290866151643257
203.4980337137822 7.9559687492270115 0.013178312720929748 0.026904466256390744
213.1884162715869 7.980280020779345 0.012891677166456918 0.026530480308925533
222.8787988293916 8.003790533222181 0.012614886843189193 0.026168296764391915
232.5691813871963 8.026553219874392 0.012321898467267415 0.025817344000058657
242.259563945001 8.048615702317539 0.012064051472633059 0.025477087098391745
251.9499465028057 8.070021004797098 0.01181467473164091 0.025147024936931807
261.6403290606104 8.090808149619454 0.011565824670709709 0.024826687551305696
271.3307116184151 8.111012656858518 0.011332433779089879 0.024515633741868003
281.0210941762198 8.130666966481815 0.011032835353885235 0.02421807126427578
290.7114767340245 8.149800797097617 0.010815918371688382 0.023924251133346938
300.40185929182917 8.16844145255806 0.010602810080758925 0.023638544232579658
310.09224184963387 8.186614085379052 0.010398726690823647 0.023360608554926873
319.78262440743856 8.204341924178173 0.010200718786911011 0.023090117306764472
329.47300696524326 8.22164647095883 0.0100085339179889 0.0228267619969404
339.16338952304795 8.238547672988807 0.009821933107493911 0.022570251167377983
348.85377208085265 8.255064073165359 0.009633908589395545 0.02232030922816337
358.54415463854093 8.271212942075623 0.00945234790490592 0.022076675387196484
368.2345371963456 8.287010394413521 0.009281495944552787 0.0218391026655305
377.9249197541503 8.302471491966575 0.00911537526146289 0.021607356990524386
387.615302311955 8.317610335032 0.008953803515206294 0.021381216359658888
397.3056848697597 8.332440143819701 0.0087966073903833 0.021160470068699564
406.9960674275644 8.346973331161411 0.008643622055856262 0.02094491799847655
416.6864499853691 8.36122156764372 0.008460310645591114 0.020734369955144785
426.3768325431738 8.375195840116781 0.008316177811748704 0.020528645059295258
436.0672151009785 8.389530318259109 0.008158242396293125 0.020327571179741218
445.7575976587832 8.416745777607797 0.008021861055621438 0.020130984408206935
455.4479802165879 8.442943208493727 0.00788891572895599 0.019938728571507185
465.1383627743926 8.46819388909413 0.007759287439996086 0.01975065477812736
474.8287453321973 8.492561640292806 0.007632862403604149 0.01956662099640259
484.519127890002 8.516103838948426 0.007494413817703766 0.019386491661752027
494.2095104478067 8.538872263420622 0.007374464927740575 0.01921013731065655
503.8998930056114 8.560913804030637 0.007257386750922542 0.01903743423927613
513.5902755634161 8.582271063845855 0.007143085231287146 0.01886826418479019
523.2806581212208 8.602982869707196 0.007031470180702006 0.018702514027713522
532.9710406790255 8.623084709267955 0.004691644728114462 0.018979107553400907
542.6614232368302 8.642609106632241 0.004642005442678011 0.01880868699706465
552.3518057945184 8.661585946720802 0.004591977087389344 0.01864193138993712
562.0421883523231 8.680042756574341 0.004541688834240959 0.01847870510579786
571.7325709101278 8.69800495028971 0.0044730981393384 0.01831888026955717
581.4229534679325 8.715496043095504 0.004423081441372089 0.018162336113014398
591.1133360257372 8.732537839109884 0.004373078398309578 0.018008958403027728
600.8037185835419 8.749150596559893 0.004323165663703718 0.017858638931911728
610.4941011413466 8.765353173618225 0.004273410117150201 0.017711275061572336
620.1844836991513 8.781163157507402 0.004223870050981421 0.017566769314253435
629.874866256956 8.79659697910679 0.004174596200686504 0.017425029003886667
639.5652488147607 8.811670014956565 0.004125632641848166 0.0172859659029552
649.2556313725654 8.826396678270195 0.004077017572713554 0.017149495940541055
658.9460139303701 8.840790500332048 0.004028783998492426 0.017015538927855758
668.6363964881748 8.854864203460341 0.00398096033097617 0.016884018308079413
678.3267790459795 8.868629766550814 0.003933570914997452 0.01675486092777315
688.0171616037842 8.882098484077684 0.0038866364915229007 0.016627996827499946
697.7075441615889 8.89528101931076 0.0038401746057280793 0.01650335904960131
707.3979267193936 8.908187452407969 0.0037941999671934545 0.016380883461341728
717.0883092771983 8.920827323957292 0.0037487247683420507 0.01626050859185867
726.778691835003 8.933209674469486 0.0037037589663801948 0.016142175481547963
736.4690743926913 8.945343080260365 0.003659310533276033 0.016025827542680844
746.159456950496 8.957235686108739 0.003615385677689689 0.015911410430181166
755.8498395083006 8.968895235026695 0.003571989042254495 0.01579887192164277
765.5402220661053 8.98032909544391 0.0035291238791418772 0.01568816180572421
775.23060462391 8.991544286067729 0.0034867922064774986 0.015579231778198997
784.9209871817147 9.00254749865358 0.0034449949478358843 0.015472035344990235
794.6113697395194 9.013345118892783 0.003403732056761825 0.015366527731598262
804.3017522973241 9.023943245601853 0.0033648565702636937 0.015262727646889513
813.9921348551288 9.034347708377256 0.0033246106732309944 0.01516046819958918
823.6825174129335 9.044564083861605 0.0032848966885528023 0.015059772827166234
833.3728999707382 9.054597710751743 0.0032457115089764696 0.014960602831989474
843.0632825285429 9.064453703665388 0.0032070515256255793 0.014862920862782217
852.7536650863476 9.074136965970629 0.003168912689933253 0.01476669085285764
862.4440476441523 9.083652201671942 0.003131290569254178 0.014671877961971065
872.134430201957 9.093003926436724 0.0030941803968112373 0.014578448521524952
881.8248127597617 9.10219647783783 0.0030575771165606913 0.014486369982885609
891.5151953175664 9.111234024880023 0.0030214754234965694 0.014395610868591997
901.2055778753711 9.120120576871578 0.002985869799858391 0.014306140726255644
910.8959604331758 9.128859991696167 0.0029507545476568616 0.014217930084967823
920.5863429908641 9.137455983534744 0.002916123817888266 0.01413095041404629
930.2767255486688 9.145912130083078 0.0028819716367663012 0.014045174083960549
939.9671081064735 9.154231879304064 0.002848291929274098 0.013960574329308667
949.6574906642782 9.162418555753849 0.002815078540293648 0.013877125213693636
959.3478732220829 9.170475366513562 0.0027823252535571024 0.01379480159639388
969.0382557798875 9.178405406757687 0.0027500258086310776 0.013713579100709796
978.7286383376922 9.186211664986557 0.002718173916126348 0.01363343408388417
988.4190208954969 9.193897027948042 0.0026867632713053983 0.013554343608500578
998.1094034533016 9.201464285271316 0.0024363910642752427 0.01347628541527124
