-1007.7997860111063 11.02333421098088 -0.017148175784170043 0.017413081676962452
-998.1094034533016 11.0260859322721 -0.01703588076995819 0.017299832664062258
-988.4190208954969 11.028786184544277 -0.016925055394521545 0.01718804746563963
-978.7286383376922 11.03143657630302 -0.016815670787769712 0.01707769787741733
-969.0382557798875 11.034038653591965 -0.01670769883777724 0.01696875641521693
-959.3478732220829 11.036593902837039 -0.01660111216576673 0.01686119629211798
-949.6574906642782 11.03910375351626 -0.016495884102090803 0.016754991396481306
-939.9671081064735 11.04156958066939 -0.016391988663165793 0.016650116270798414
-930.2767255486688 11.043992707260664 -0.0162894005293128 0.016546546091331188
-920.5863429908641 11.046374406406398 -0.016188095023463817 0.016444256648507443
-910.8959604330594 11.048715903478362 -0.01608804809069324 0.016343224328039935
-901.2055778752547 11.051018378092667 -0.015989236278536947 0.016243426092737774
-891.51519531745 11.05328296599316 -0.015891636718063366 0.01614483946498082
-881.8248127596453 11.055510760837352 -0.015795227105662522 0.01604744250982905
-872.1344302018406 11.05770281589223 -0.01569998568552118 0.01595121381874017
-862.4440476440359 11.05986014564666 -0.01560589123275349 0.015856132493870117
-852.7536650862312 11.061983727346336 -0.01551292303715843 0.01576217813293217
-843.0632825285429 11.064074502456794 -0.015421060887577673 0.01566933081459283
-833.3728999707382 11.066133378059588 -0.015330285056821269 0.01557757108437568
-823.6825174129335 11.068161228185735 -0.015240576287153038 0.015486879941069148
-813.9921348551288 11.07015889509105 -0.015151915776290064 0.015397238823595673
-804.3017522973241 11.072127190476698 -0.015064285163910568 0.015308629598340178
-794.6113697395194 11.074066896658469 -0.01497766651864235 0.015221034546912798
-784.9209871817147 11.075978767687827 -0.014892042325512667 0.0151344363543297
-775.23060462391 11.077863530427509 -0.014807395473840348 0.015048818097595406
-765.5402220661053 11.079721885584252 -0.014723709245551875 0.014964163234670761
-755.8498395083006 11.081554508700885 -0.014640967303904037 0.014880455593811523
-746.159456950496 11.08336205111001 -0.014559153682596452 0.014797679363262978
-736.4690743926913 11.085145140851095 -0.014478252775258322 0.014715819081296933
-726.7786918348866 11.086904383552826 -0.014398249325294198 0.014634859626577828
-717.0883092770819 11.088640363282348 -0.014319128416074427 0.0145547862088453
-707.3979267192772 11.090353643362844 -0.014240875461456593 0.014475584359901195
-697.7075441614725 11.092044767160896 -0.01416347619662488 0.01439723992488951
-688.0171616036678 11.093714258844887 -0.014086916669234749 0.014319739053858131
-678.3267790458631 11.095362624115625 -0.014011183230851166 0.014243068193591843
-668.6363964880584 11.096990350910325 -0.013936262528668917 0.014167214079706541
-658.9460139303701 11.098597910080958 -0.013862141497504926 0.014092163728995707
-649.2556313725654 11.100185756048026 -0.013788807352047053 0.014017904432014654
-639.5652488147607 11.101754327430427 -0.013716247579362567 0.013944423745906997
-629.874866256956 11.10330404765267 -0.013644449931639081 0.013871709487446883
-620.1844836991513 11.10483532552984 -0.01357340241916222 0.013799749726302315
-610.4941011413466 11.106348555831424 -0.013503093303515968 0.013728532778506356
-600.8037185835419 11.107844119824476 -0.013433511090998237 0.013658047200129551
-591.1133360257372 11.109322385796983 -0.013364644526243695 0.013588281781146416
-581.4229534679325 11.110783709562023 -0.01329648258604626 0.013519225539489066
-571.7325709101278 11.1122284349434 -0.013229014473373905 0.013450867715281357
-562.0421883523231 11.113656894243324 -0.013162229611568795 0.013383197765247146
-552.3518057945184 11.115069408692786 -0.013096117638726035 0.01331620535728666
-542.6614232367137 11.116466288885132 -0.013030668402244625 0.01324988036521498
-532.971040678909 11.117847835193446 -0.012965871953544423 0.013184212863657091
-523.2806581211044 11.119214338172265 -0.012901718542943204 0.013119193123094104
-513.5902755632997 11.12056607894408 -0.01283819861468823 0.013054811605055394
-503.89989300549496 11.12190332957124 -0.012775302802136707 0.01299105895745168
-494.20951044769026 11.123226353413607 -0.012713021923080126 0.012927926010044303
-484.51912788988557 11.124535405472557 -0.012651346975207315 0.012865403770046002
-474.8287453321973 11.125830732721678 -0.01259026913170219 0.012803483417849563
-465.1383627743926 11.127112574424755 -0.0125297797369672 0.012742156302875595
-455.4479802165879 11.128381162441231 -0.012469870302478982 0.01268141393954648
-445.7575976587832 11.12963672151985 -0.012410532502757319 0.012621248003367658
-436.0672151009785 11.130879469580675 -0.012351758171454312 0.01256165032712367
-426.3768325431738 11.132109617986012 -0.012293539297555434 0.012502612897180777
-416.6864499853691 11.133327371800515 -0.012235868021689366 0.012444127849893398
-406.9960674275644 11.134532930040944 -0.01217873663254307 0.012386187468111005
-397.3056848697597 11.135726485915889 -0.012122137563378476 0.0123287841777822
-387.615302311955 11.13690822705584 -0.012066063388647526 0.012271910544652822
-377.9249197541503 11.138078335733919 -0.01355993901777375 0.012215559271055053
-368.2345371963456 11.139236989077647 -0.013483766973318595 0.012159723192784683
-358.54415463854093 11.14038435927205 -0.013408666700625089 0.012104395276063606
-348.85377208073623 11.141520613754421 -0.013334608676736588 0.012049568614584932
-339.16338952293154 11.14264591540106 -0.01326156469004273 0.011995236426638078
-329.47300696512684 11.143760422706261 -0.01318950776076699 0.011941392052311334
-319.78262440732215 11.1448642899539 -0.013118412067402975 0.011888028950769446
-310.09224184951745 11.145957667381806 -0.01304825287857888 0.011835140697603904
-300.40185929171275 11.147040701339302 -0.012979006489881479 0.011782720982253723
-290.7114767340245 11.14811353443805 -0.012910650165217587 0.011730763605495046
-281.0210941762198 11.149176305696663 -0.012843162082326198 0.011679262476993857
-271.3307116184151 11.150229150679001 -0.012776521282108372 0.011628211612929061
-261.6403290606104 11.151272201626764 -0.012710707621445556 0.011577605133671507
-251.9499465028057 11.152305587586357 -0.0126457017292353 0.011527437261526434
-242.259563945001 11.15332943453035 -0.012581484965381983 0.011477702318533808
-232.5691813871963 11.154343865473738 -0.012518039382509538 0.01142839472432533
-222.8787988293916 11.155349000585193 -0.012455347690183192 0.01137950899403651
-213.1884162715869 11.156344957293552 -0.01239339322144662 0.01133103973627209
-203.4980337137822 11.157331850389676 -0.012332159901497474 0.011282981651123302
-193.8076511559775 11.158309792123951 -0.012271632218339986 0.011235329528235334
-184.1172685981728 11.159278892299511 -0.012211795195267224 0.011188078244923634
-174.42688604036812 11.160239258361466 -0.012152634365037917 0.011141222764337539
-164.73650348256342 11.161190995482226 -0.012094135745624419 0.01109475813366987
-155.04612092475872 11.1621342066431 -0.012036285817418401 0.011048679482411172
-145.35573836695403 11.163068992712393 -0.0119790715017905 0.011002982020647289
-135.66535580914933 11.16399545252003 -0.01192248014090828 0.010957661037399032
-125.97497325134464 11.164913682928985 -0.011866499478724915 0.010912711899002708
-116.28459069353994 11.165823778903555 -0.011811117643057723 0.010868130047530407
-106.59420813585166 11.166725833574665 -0.011756323128682886 0.010823910999249314
-96.90382557804696 11.167619938302359 -0.011702104781373911 0.010780050343115962
-87.21344302024227 11.168506182735468 -0.011648451782830338 0.01073654373931212
-77.52306046243757 11.169384654868791 -0.011595353636425214 0.01069338691781083
-67.83267790463287 11.170255441097707 -0.011542800153727243 0.010650575676979487
-58.14229534682818 11.171118626270443 -0.01149078144174372 0.010608105882215824
-48.45191278902348 11.171974293738057 -0.011470405518993003 0.010567076555363548
-38.761530231218785 11.172822525402252 -0.011419003005775991 0.0105252624521705
-29.07114767341409 11.17366340176112 -0.011368118680515212 0.010483778185845527
-19.380765115609393 11.17449700195292 -0.011317743261181725 0.01044261986073631
-9.690382557804696 11.175323403797865 -0.011267867730642941 0.010401783642719147
0.0 11.176142683838233 -0.011218483325825276 0.01036126575796212
9.690382557804696 8.63482374409286 -0.04113777722485783 0.03945716197276997
19.380765115609393 8.856739956099315 -0.040682402726286274 0.039021621928167355
29.07114767341409 9.004021775176163 -0.040238398528177 0.03859699052339471
38.761530231218785 9.118256811441801 -0.039805324323860566 0.038182843759290264
48.45191278902348 9.21277997897626 -0.03938276258517618 0.03777877963522288
58.14229534682818 9.293893904642013 -0.038970317101077456 0.03738441673487058
67.83267790463287 9.365164421040022 -0.038567611627525776 0.036999392919842757
77.52306046243757 9.42883799182947 -0.03817428863890039 0.03662336412166871
87.21344302012585 9.48643603065136 -0.03801871042586396 0.03628944960673563
96.90382557793055 9.53904416534001 -0.04148926338156529 0.037816519838402333
106.59420813573524 9.587468356689865 -0.041066821494723696 0.03743951031358138
116.28459069353994 9.632325845292916 -0.04065397772442351 0.037070977487283656
125.97497325134464 9.674101350814341 -0.04025039371749779 0.0367106247096073
135.66535580914933 9.713183472048472 -0.04007065708589798 0.03638007375350201
145.35573836695403 9.749889188585515 -0.03968171021062823 0.036034947278076164
155.04612092475872 9.784480893052772 -0.03930117907191717 0.035697199204427404
164.73650348256342 9.817178559790623 -0.03906085173341026 0.03536658355536423
174.42688604036812 9.848168646491986 -0.038694532647220746 0.03504286535668847
184.1172685981728 9.87761074111736 -0.038335865556141595 0.034725820024879846
193.8076511559775 9.905642615232178 -0.037984601827556495 0.03441523279533508
203.4980337137822 9.932384126914224 -0.037640503678550825 0.03411089818805693
213.1884162715869 9.95794027724309 -0.03730334358589908 0.03381261950795718
222.8787988293916 9.982403633409813 -0.03697290373430499 0.03352020837718119
232.5691813871963 10.005856270700814 -0.03664897550002267 0.03323348429708127
242.259563945001 10.028371344170543 -0.03633135896723182 0.03295227423766516
251.9499465028057 10.050014372005291 -0.036019862474761265 0.03267641225252667
261.6403290606104 10.070844292154918 -0.03571430219095519 0.032405739117428695
271.33071161829866 10.090914339048233 -0.03541450171466206 0.03214010199086172
281.02109417610336 10.110272776351048 -0.03513265230463578 0.03187989789059825
290.71147673390806 10.128963513608111 -0.03484370330160644 0.031623890872715374
300.40185929171275 10.147026628484157 -0.034560030291569 0.031372496734133885
310.09224184951745 10.164498811633672 -0.03428148289048624 0.031125585149948287
319.78262440732215 10.1814137476508 -0.034007916490541905 0.030883030760732618
329.47300696512684 10.197802442798796 -0.0337391919830314 0.03064471293639793
339.16338952293154 10.213693508105285 -0.03347517549712598 0.030410515553444224
348.85377208073623 10.229113404785089 -0.03321573815345683 0.030180326784727228
358.54415463854093 10.244086657698915 -0.032960755831544175 0.029954038900925944
368.2345371963456 10.258636041583085 -0.03271010895016968 0.029731548082956766
377.9249197541503 10.277835883870036 -0.03246368225985705 0.02951275424463534
387.615302311955 10.297865776332042 -0.03222136464668656 0.029297560864937504
397.3056848697597 10.317129994128855 -0.03200638444625636 0.029086657863978835
406.9960674275644 10.335680575858476 -0.03177165020734241 0.02887837867462851
416.6864499853691 10.353564754967188 -0.03154072321104054 0.02867343051128445
426.3768325431738 10.370825495818035 -0.03131350678909371 0.02847172959665021
436.0672151009785 10.387501954253219 -0.03108990759209942 0.028273195004838023
445.7575976587832 10.403629876849555 -0.03086983544678835 0.028077748539933153
455.4479802164715 10.419241949795536 -0.031127746359937022 0.027885314620739225
465.1383627742762 10.434368105812881 -0.030908053274790556 0.027695820171326272
474.82874533208087 10.449035795656481 -0.030691805667292328 0.027509194517076264
484.51912788988557 10.46327022933409 -0.030478918019867834 0.027325369285862256
494.20951044769026 10.477094591149134 -0.03026930773079784 0.02714427831409937
503.89989300549496 10.490530231911746 -0.03006289498700706 0.026965857557376485
513.5902755632997 10.503596841092424 -0.03025057002355762 0.02679004500541179
523.2806581211044 10.51631260126044 -0.03004502574117069 0.02661678060108928
532.971040678909 10.528694326812337 -0.029842596777775534 0.026446006163349453
542.6614232367137 10.54075758872739 -0.02964320772650311 0.02627766531372105
552.3518057945184 10.552516826867395 -0.03107363356205615 0.026111703406294585
562.0421883523231 10.563985451154537 -0.030857972860221367 0.025948067460950415
571.7325709101278 10.575175932805202 -0.030645734915222878 0.025786706099666042
581.4229534679325 10.586099886663062 -0.030436830218159183 0.025627569485737734
591.1133360257372 10.59676814555761 -0.030231172624519593 0.025470609265761772
600.8037185835419 10.607190827511888 -0.030028679185485335 0.02531577851422979
610.4941011413466 10.617377396532698 -0.029829269989950172 0.02516303168060175
620.1844836991513 10.627336717637016 -0.02963286801643236 0.025012324538727614
629.874866256956 10.63707710669762 -0.029439398994124687 0.024863614138496956
639.5652488146443 10.64660637562844 -0.02924879127239948 0.02471685875960424
649.255631372449 10.655931873375591 -0.029060975698129512 0.024572017867311894
658.9460139302537 10.665060523128243 -0.028875885500288374 0.02442905207013649
668.6363964880584 10.673998856124065 -0.028693456181262785 0.02428792307932743
678.3267790458631 10.68275304238091 -0.028586882177983094 0.024152148202327813
688.0171616036678 10.691328918654468 -0.028408592826441762 0.02401453380620623
697.7075441614725 10.699732013889927 -0.028232810272993628 0.023878648885547152
707.3979267192772 10.707967572408439 -0.02805947708189347 0.02374445913893922
717.0883092770819 10.716040575044785 -0.027888537688674577 0.02361193119201023
726.7786918348866 10.72395575843084 -0.02771993831952859 0.023481032565878256
736.4690743926913 10.731717632599874 -0.027553626915068137 0.023351731646893022
746.159456950496 10.739330497069401 -0.027389553058182352 0.02322399765760585
755.8498395083006 10.746798455544674 -0.0272276679057177 0.0230978006289101
765.5402220661053 10.75412542937093 -0.027067924123737548 0.022973111373296884
775.23060462391 10.761315169850057 -0.026910275826132427 0.022849901459174204
784.9209871817147 10.768371269525993 -0.026754678516370235 0.022728143186200065
794.6113697395194 10.775297172533216 -0.026601089032191137 0.022607809561582773
804.3017522973241 10.782096184093575 -0.02644946549306659 0.02248887427730456
813.9921348551288 10.788771479238504 -0.026299767250254496 0.02237131168822619
823.6825174129335 10.795326110826421 -0.026151954839294986 0.022255096791033064
833.3728999706218 10.801763016918366 -0.026005989934803846 0.022140205203986425
843.0632825284265 10.80808502756956 -0.025861835307418594 0.022026613147435682
852.7536650862312 10.814294871087537 -0.025719454782798135 0.021914297425078465
862.4440476440359 10.820395179805407 -0.02557881320252435 0.02180323540590875
872.1344302018406 10.826388495411695 -0.025439876386823122 0.021693405006843035
881.8248127596453 10.83227727387593 -0.025302611098992737 0.02158478467598707
891.51519531745 10.838063890004936 -0.025166985011446596 0.021477353376517277
901.2055778752547 10.843750641661797 -0.025032966673281733 0.021371090571150022
910.8959604330594 10.849339753676416 -0.024900525479290055 0.02126597620717419
920.5863429908641 10.854833381473963 -0.02476963164033506 0.021161990702022924
930.2767255486688 10.860233614445228 -0.024640256155021027 0.02105911492936215
939.9671081064735 10.865542479080558 -0.02459613449714226 0.020962636868399644
949.6574906642782 10.870761941887283 -0.02453411300763437 0.020865467034537358
959.3478732220829 10.87589391210858 -0.024407122147120108 0.020765690426785496
969.0382557798875 10.880940244260252 -0.024281594469824013 0.02066695453921602
978.7286383376922 10.885902740500393 -0.0241692533322282 0.02056950370645754
988.4190208954969 10.890783152845502 -0.024046410403366088 0.020472794604799515
998.1094034533016 10.89558318524556 -0.02392495448562338 0.020377075984583944
