-1007.7997860111063 8.959998422324796 -0.011202528372308753 0.000104436452920478
-998.1094034533016 8.959321646074185 -0.011150239310159812 0.00010404647943762369
-988.4190208954969 8.958645338160503 -0.011098437961973925 0.00010365941634072683
-978.7286383376922 8.957969970147795 -0.011047117515018249 0.000103275231071052
-969.0382557798875 8.957295993211192 -0.010996271283170784 0.00010289389155519083
-959.3478732220829 8.956623838327781 -0.010945892703986933 0.00010251536619602635
-949.6574906642782 8.955953916532597 -0.010895975335847335 0.00010213962386389722
-939.9671081064735 8.955286619231511 -0.010846512855184383 0.00010176663388795869
-930.2767255486688 8.954622318563404 -0.010797499053784972 0.00010139636604773667
-920.5863429909805 8.9539613678045 -0.010748927836167467 0.00010102879056486983
-910.8959604331758 8.953304101808325 -0.010700793217027242 0.00010066387809501503
-901.2055778753711 8.95265083747535 -0.010653089318757133 0.00010030159971996962
-891.5151953175664 8.95200187424669 -0.01060581036902902 9.994192693992575e-05
-881.8248127597617 8.951357494616888 -0.010558950698443169 9.95848316659128e-05
-872.134430201957 8.950717964661226 -0.010512504738239866 9.923028621240099e-05
-862.4440476441523 8.950083534573377 -0.010466467018071881 9.887826329006127e-05
-852.7536650863476 8.94945443920968 -0.010420832163835953 9.852873599868585e-05
-843.0632825285429 8.948830898636682 -0.010375594895561417 9.818167782025648e-05
-833.3728999707382 8.94821311867898 -0.010330750025354328 9.783706261216257e-05
-823.6825174129335 8.947601291464643 -0.010456519920217929 0.00012163878466602557
-813.9921348551288 8.946995595965962 -0.010411187218016262 0.00012112063403708426
-804.3017522973241 8.94639619853341 -0.0103662503231472 0.00012060746557857399
-794.6113697395194 8.945803253421072 -0.01032170399382497 0.00012009919746970492
-784.9209871817147 8.945216903302008 -0.010277543082475324 0.00011959574988425515
-775.23060462391 8.944637279772259 -0.010233762533561001 0.00011909704492538054
-765.5402220661053 8.944064503842409 -0.010190357381469806 0.00011860300656307117
-755.8498395083006 8.943498686415813 -0.010147322748463077 0.00011811356057414219
-746.159456950496 8.942939928752809 -0.010104653842682372 0.00011762863448462682
-736.4690743928077 8.942388322920296 -0.010062345956212942 0.00011714815751446986
-726.778691835003 8.941843952226346 -0.010020394463198962 0.00011667206052437354
-717.0883092771983 8.941306891639552 -0.009978794818016236 0.00011620027596478178
-707.3979267193936 8.940777208192914 -0.009937542553490544 0.00011573273782679228
-697.7075441615889 8.94025496137227 -0.009896633279167415 0.00011526938159498948
-688.0171616037842 8.939740203489263 -0.009856062679628753 0.00011481014420207554
-678.3267790459795 8.939232980039003 -0.00981582651285514 0.00011435496398522733
-668.6363964881748 8.938733330042584 -0.009775920608632416 0.00011390378064409706
-658.9460139303701 8.938241286374716 -0.009736340867001004 0.00011345653520038502
-649.2556313725654 8.937756876076792 -0.00969708325674661 0.00011301316995891338
-639.5652488147607 8.937280120655707 -0.009658143813930983 0.00011257362847013639
-629.874866256956 8.936811036368864 -0.009619518640461395 0.00011213785549401981
-620.1844836991513 8.936349634495707 -0.009581203902697673 0.00011170579696523566
-610.4941011413466 8.935895921596295 -0.009543195830095516 0.00011127739995960989
-600.8037185835419 8.935449899757336 -0.00950549071388503 0.00011085261266177422
-591.1133360257372 8.935011566826129 -0.009468084905783295 0.00011043138433396262
-581.4229534679325 8.934580916632973 -0.009430974816739995 0.00011001366528591485
-571.7325709101278 8.934157939202384 -0.00939415691571498 0.00010959940684583154
-562.0421883523231 8.933742620953785 -0.00935762772848692 0.00010918856133233941
-552.3518057946349 8.933334944891977 -0.009321383836492366 0.00010878108202743328
-542.6614232368302 8.932934890787958 -0.00928542187569185 0.00010837692315031617
-532.9710406790255 8.932542435350594 -0.009249738535468574 0.00010797603983218627
-523.2806581212208 8.932157552389466 -0.009214330557550167 0.00010757838809182333
-513.5902755634161 8.931780212969482 -0.009179194734959232 0.00010718392481202082
-503.8998930056114 8.931410385557621 -0.009144327910989248 0.00010679260771680294
-494.2095104478067 8.931048036162188 -0.009136153028688209 0.00010710619825089323
-484.519127890002 8.930693128465114 -0.009101619599438027 0.00010671586256661251
-474.8287453321973 8.930345623947554 -0.009067348856805053 0.00010632862719225554
-465.1383627743926 8.930005482009243 -0.009033337772781215 0.00010594445134017414
-455.4479802165879 8.929672660081927 -0.008999583366681965 0.00010556329500887951
-445.7575976587832 8.929347113737261 -0.008966082704196913 0.00010518511896264367
-436.0672151009785 8.929028796789419 -0.009409082603133815 0.00015514297432900684
-426.3768325431738 8.928717661392799 -0.009372570630728518 0.0001543996665418415
-416.6864499853691 8.928413658135106 -0.009336355232676983 0.00015366465426614416
-406.9960674275644 8.928116736126036 -0.009300432531895221 0.000152937782849621
-397.3056848697597 8.927826843081872 -0.009264798725552486 0.00015221890172515025
-387.615302311955 8.927543925406258 -0.009229450083098462 0.0001515078642718802
-377.9249197541503 8.927267928267302 -0.009194382944359572 0.00015080452768206234
-368.2345371963456 8.926998795671304 -0.00915959371770122 0.00015010875283334884
-358.54415463865735 8.926736470533287 -0.009186726680348022 0.00015318578774771595
-348.85377208085265 8.926480894744481 -0.009377438359788128 0.00017527960012161687
-339.16338952304795 8.926232009237026 -0.009341353520544764 0.0001744102895702374
-329.47300696524326 8.925989754045968 -0.009305563673979195 0.0001735508755857659
-319.78262440743856 8.925754068368756 -0.009270064875869732 0.00017270117353924118
-310.09224184963387 8.92552489062237 -0.00931857718056883 0.00017620324049487737
-300.40185929182917 8.925302158498207 -0.009283030499556868 0.00017534035201610513
-290.7114767340245 8.925085809014861 -0.00924777256399326 0.00017448712022770938
-281.0210941762198 8.92487577856891 -0.010391987012273998 0.00017364336854160863
-271.3307116184151 8.924672002983792 -0.01034863055512586 0.0001728089248757195
-261.6403290606104 8.924474417556906 -0.01030567794428739 0.0001719836215071728
-251.9499465028057 8.924282957105014 -0.010263122811899407 0.00017116729493131224
-242.259563945001 8.924097556007988 -0.010220958938772317 0.0001703597857262153
-232.5691813871963 8.923918148251078 -0.0101791802497189 0.00016956093842247723
-222.8787988293916 8.923744667465636 -0.010137780809070565 0.00016877060137802615
-213.1884162715869 8.9235770469685 -0.010096754816368443 0.00016798862665773443
-203.4980337137822 8.92341521979999 -0.010056096602221277 0.0001672148699176184
-193.8076511559775 8.923259118760654 -0.010015800624322306 0.00016644919029341491
-184.1172685981728 8.923108676446734 -0.009975861463617952 0.00016569145029334925
-174.42688604048453 8.922963825284482 -0.0099362738206218 0.00016494151569491184
-164.73650348267984 8.922824497563303 -0.00990641713931842 0.00016449073115772819
-155.04612092487514 8.922690625467835 -0.009867448158107374 0.00016375387621128874
-145.35573836707044 8.922562141108916 -0.009828816484083479 0.0001630244738640967
-135.66535580926575 8.92243897655354 -0.009790517240003021 0.00016230240133431598
-125.97497325146105 8.922321063853834 -0.009752545652339942 0.00016158753866692504
-116.28459069365636 8.922208335075034 -0.009714897048320072 0.00016087976865042757
-106.59420813585166 8.922100722322542 -0.009677566853061904 0.00016017897673653505
-96.90382557804696 8.921998157768074 -0.009640550586819374 0.00015948505096270181
-87.21344302024227 8.921900573674892 -0.00960384386232218 0.00015879788187739478
-77.52306046243757 8.9218079024222 -0.009567442382209645 0.00015811736246798148
-67.83267790463287 8.921720076528693 -0.009531341936554088 0.00015744338809112996
-58.14229534682818 8.92163702867526 -0.009495538400469997 0.0001567758564056193
-48.45191278902348 8.921558691726899 -0.009480430314700871 0.00015663451996304485
-38.761530231218785 8.921484998753868 -0.009445058128466112 0.00015597574277410498
-29.07114767341409 8.921415883052028 -0.009409973166541208 0.00015532317052998872
-19.380765115609393 8.921351278162462 -0.009375171573902857 0.0001546767082480425
-9.690382557804696 8.92129111789037 -0.009340649571168732 0.00015403626297994183
0.0 8.921235336323205 -0.009306403452602769 0.00015340174375579282
9.690382557688281 6.104533204303 -0.08745257045510485 0.048592995888649286
19.380765115492977 6.237844794781321 -0.08684397502668527 0.048236172375045044
29.071147673297673 6.338909108697298 -0.08624403787211257 0.04788455486008584
38.76153023110237 6.422239051057166 -0.08565257309188304 0.04753803020242067
48.451912788907066 6.493953571475354 -0.08506940010235908 0.047196488516085947
58.14229534671176 6.55731735306414 -0.08449434344657898 0.046859823054250564
67.83267790451646 6.614314879774372 -0.08784647355648806 0.04819247130055271
77.52306046232115 6.666258481510084 -0.08725828967520911 0.04785299583598283
87.21344302012585 6.714069002006997 -0.08667814646716214 0.047518273210886176
96.90382557793055 6.758421730732759 -0.0861058780661119 0.047188204269380196
106.59420813573524 6.799829096797046 -0.08742465122113749 0.047240576635625746
116.28459069353994 6.838690696334189 -0.08685375699396183 0.04691674028485829
125.97497325134464 6.87532515929063 -0.08629047026314926 0.046597317059204356
135.66535580914933 6.909991314043897 -0.08573463804407343 0.046282217321927534
145.35573836695403 6.942902738459552 -0.08518611145162298 0.045971353848107244
155.04612092475872 6.974238059386579 -0.0846447455633827 0.04566464174404827
164.73650348256342 7.004148426210788 -0.08411039928826695 0.045361998369900874
174.42688604036812 7.032763051499004 -0.08358293524035271 0.04506334326534314
184.1172685981728 7.0601933963161985 -0.08306221961767445 0.04476859807818543
193.8076511558611 7.086536384309667 -0.08254812208575942 0.04447768649576655
203.4980337136658 7.111876906305088 -0.0820405156656528 0.044190534178995385
213.1884162714705 7.13628979768039 -0.0815392766263213 0.04390706869896959
222.87879882927518 7.15984141793046 -0.08104428438111798 0.04362721947598871
232.56918138707988 7.182590925903019 -0.08060766378592228 0.04335265591192606
242.25956394488458 7.204591319311253 -0.08012442995976472 0.043079821743730894
251.94994650268927 7.225890289589136 -0.07964710470449236 0.042810402801083475
261.64032906049397 7.2577315957902 -0.07917557892897831 0.042544335332189515
271.33071161829866 7.310937385603505 -0.07870974622824632 0.04228155716255517
281.02109417610336 7.360229280525098 -0.07824950280103124 0.04202200764649791
290.71147673390806 7.406138796864422 -0.0777947473703626 0.04176562762043554
300.40185929171275 7.449093788278902 -0.0773453811070425 0.04151235935787746
310.09224184951745 7.489444296164972 -0.07690130755589553 0.04126214652604691
319.78262440732215 7.527480700548057 -0.07646243256467368 0.041014934144064666
329.47300696512684 7.563446791989772 -0.07602866421550598 0.04077066854262994
339.16338952293154 7.597549392193284 -0.07559991275878646 0.04052929732513581
348.85377208073623 7.62996556945095 -0.07517609054939997 0.04029076933015992
358.54415463854093 7.660848141520264 -0.07475711198519025 0.040055034595274326
368.2345371963456 7.690329936242734 -0.07434289344757788 0.03982204432212046
377.9249197541503 7.718527136235839 -0.0739333532442418 0.03959175084269804
387.6153023118386 7.745541938238277 -0.07352841155378512 0.039364107586821476
397.3056848696433 7.771464692586197 -0.07312799037227764 0.03913906905068107
406.996067427448 7.796375643203468 -0.07273201346167106 0.03891659076650502
416.6864499852527 7.820346356803224 -0.07234040629991831 0.0386966292732253
426.3768325430574 7.843440907422195 -0.07195309603280019 0.038479142088147546
436.0672151008621 7.865716866175316 -0.07157001142736442 0.03826408767957008
445.7575976586668 7.887226134304896 -0.07119108282691881 0.03805142544031711
455.4479802164715 7.9080156489211 -0.07081624210751845 0.03784111566215152
465.1383627742762 7.928127984387226 -0.07044542263588907 0.037633119511032535
474.82874533208087 7.947601867467155 -0.07007855922873167 0.03742739900318629
484.51912788988557 7.966472620682189 -0.06971558811335582 0.03722391698195842
494.20951044769026 7.984772545507983 -0.06940592934936933 0.037024597640251254
503.89989300549496 8.002531254857537 -0.06909310803279749 0.03682702563696953
513.5902755632997 8.019775962583278 -0.0687407677679833 0.03663001832113511
523.2806581211044 8.036531736375405 -0.06839208795203931 0.03643510907533347
532.971040678909 8.05282171934996 -0.06805917138346008 0.03624248816646571
542.6614232367137 8.068667324747086 -0.06771755156159079 0.036051674061939966
552.3518057945184 8.084088407450778 -0.06737942464096844 0.0358628600898167
562.0421883523231 8.099103415461478 -0.06704473663465203 0.03567601495366463
571.7325709100114 8.113729523975257 -0.06671343467053309 0.03549110800675862
581.4229534678161 8.127982754329347 -0.0663944064095856 0.03530825598713764
591.1133360256208 8.14187807974093 -0.06606965648418789 0.03512713491469714
600.8037185834255 8.155429519497055 -0.06576203530791472 0.034948109491930585
610.4941011412302 8.168650223015925 -0.06544360390012441 0.034770658394618265
620.1844836990349 8.18155254500838 -0.06512831233640852 0.034595001470598845
629.8748662568396 8.194148112801653 -0.06481611380755965 0.034421111635652
639.5652488146443 8.206447886747084 -0.0645069624370177 0.034248962348097066
649.255631372449 8.218462214513382 -0.06420081325765416 0.03407852759527343
658.9460139302537 8.23020087996435 -0.06389762218924855 0.03390978188042318
668.6363964880584 8.241673147231843 -0.06359907099864853 0.033742737275753464
678.3267790458631 8.252887800518643 -0.06330165459592971 0.033577294872852256
688.0171616036678 8.263853180100538 -0.06300823510584871 0.033413484638556236
697.7075441614725 8.274577214940113 -0.0627164316671209 0.033251249599231106
707.3979267192772 8.285067452275438 -0.06244269443619472 0.03309088062873854
717.0883092770819 8.295331084504205 -0.062156240358620156 0.03293175847998433
726.7786918348866 8.305374973646401 -0.06187920703034147 0.03277425982042391
736.4690743926913 8.315205673636179 -0.061598014760840494 0.03261816318181714
746.159456950496 8.324829450664977 -0.061319422963715765 0.032463547390153016
755.8498395081842 8.334252301772954 -0.06104339526999972 0.03231039146449412
765.5402220659889 8.343479971864577 -0.06076989599087642 0.03215867481847794
775.2306046237936 8.352517969302609 -0.06049889010179903 0.03200837725109376
784.9209871815983 8.361371580221693 -0.06023034322701955 0.03185947893769921
794.611369739403 8.370045881683792 -0.059964221624566466 0.031711960421296016
804.3017522972077 8.378545753786856 -0.05970049217163613 0.03156580260404541
813.9921348550124 8.386875890825632 -0.05943912235038766 0.03142098673901751
823.6825174128171 8.395040811593235 -0.05918008023412854 0.03127749442216725
833.3728999706218 8.403044868902928 -0.05892333447387835 0.031135307584529315
843.0632825284265 8.410892258401365 -0.058668854285298465 0.030994408484625573
852.7536650862312 8.418587026737312 -0.0584166094359764 0.03085477970107785
862.4440476440359 8.426133079143401 -0.05817947853363889 0.030716667088081902
872.1344302018406 8.433534186482673 -0.057931520993540514 0.03057952598616587
881.8248127596453 8.440793991806624 -0.057685712667766585 0.030443604814319448
891.51519531745 8.447916016466754 -0.05744202538112469 0.03030888736097093
901.2055778752547 8.454903665817682 -0.057200431452571476 0.030175357700595477
910.8959604330594 8.461760234546043 -0.05696090368437115 0.030043000187432736
920.5863429908641 8.468488911656298 -0.056645237032129134 0.02991179944936929
930.2767255486688 8.475092785141495 -0.05657149849250194 0.029791586874596054
939.967108106357 8.481574846364364 -0.05633739392077515 0.029662582265987728
949.6574906641617 8.487937994172345 -0.05610526038273016 0.029534690955245333
959.3478732219664 8.494185038766295 -0.05585339653028374 0.029409349869329113
969.0382557797711 8.500318705343535 -0.0556359461092402 0.02928379882447633
978.7286383375758 8.506341637531353 -0.05555366391154544 0.029166061537934176
988.4190208953805 8.512256400627246 -0.055328179319130505 0.029042419518759455
998.1094034531852 8.51806548466019 -0.055104558857802216 0.028919822332147717
