-1007.7997860111063 8.981855752170846 -0.00014367141269924243 5.2591384456988503e-08
-998.1094034533016 8.981855752170846 -0.00015202405727603204 5.221939766043617e-08
-988.4190208954969 8.981855752170846 -0.00015124234205333599 5.185263614218127e-08
-978.7286383376922 8.981855752170846 -0.00015046960592468483 5.1490990571283956e-08
-969.0382557798875 8.981855752170846 -0.0001497056829329369 5.113435464579782e-08
-959.3478732220829 8.981855752170846 -0.00014895041136778894 5.078262498867924e-08
-949.6574906642782 8.981855752170846 -0.0001482036336275031 5.043570104757098e-08
-939.9671081064735 8.981855752170846 -0.0001474651960860743 5.009348499941408e-08
-930.2767255486688 8.981855752170846 -0.00014673494896558754 4.975588165818945e-08
-920.5863429908641 8.981855752170846 -0.0001460127462135293 4.942279838651206e-08
-910.8959604330594 8.981855752170846 -0.00014529844538482646 4.909414501144624e-08
-901.2055778752547 8.981855752170846 -0.00014459190752840162 4.876983374241713e-08
-891.5151953175664 8.981855752170846 -0.00014389299707804994 4.844977909361069e-08
-881.8248127597617 8.981855752170846 -0.00015096581352444554 4.813389780847713e-08
-872.134430201957 8.981855752170846 -0.00015022473117562866 4.7822108787638644e-08
-862.4440476441523 8.981855752170846 -0.0001494917205879241 4.751433301955835e-08
-852.7536650863476 8.981855752170846 -0.00014876664065871967 4.721049351376061e-08
-843.0632825285429 8.981855752170846 -0.0001480493537022613 4.691051523645837e-08
-833.3728999707382 8.981855752170846 -0.00014733972534416897 4.661432504893433e-08
-823.6825174129335 8.981855752170846 -0.00014663762441989792 4.6321851648126654e-08
-813.9921348551288 8.981855752170846 -0.00014594292287697217 4.6033025509216856e-08
-804.3017522973241 8.981855752170846 -0.00014525549568082644 4.574777883077641e-08
-794.6113697395194 8.981855752170846 -0.00014457522072410008 4.5466045481460114e-08
-784.9209871817147 8.981855752170846 -0.00014390197873923464 4.518776094905585e-08
-775.23060462391 8.981855752170846 -0.00014323565321423432 4.491286229118228e-08
-765.5402220661053 8.981855752170846 -0.00018138866774609455 4.4641288087822475e-08
-755.8498395083006 8.981855752170846 -0.00018044968071066728 4.437297839559225e-08
-746.159456950496 8.981855752170846 -0.00017952146496470062 4.410787470361319e-08
-736.4690743926913 8.981855752170846 -0.0001786038229357153 4.3845919890982944e-08
-726.7786918348866 8.981855752170846 -0.00017769656206280353 4.358705818579243e-08
-717.0883092770819 8.981855752170846 -0.00017679949463443917 4.333123512534285e-08
-707.3979267193936 8.981855752170846 -0.00018971947805190351 4.307839751828529e-08
-697.7075441615889 8.981855752170846 -0.00018874072424125 4.2828493407338673e-08
-688.0171616037842 8.981855752170846 -0.00018777311057333341 4.258147203419054e-08
-678.3267790459795 8.981855752170846 -0.00018681643501025307 4.2337283804578436e-08
-668.6363964881748 8.981855752170846 -0.00018587050056988224 4.209588025546757e-08
-658.9460139303701 8.981855752170846 -0.0001849351151646792 4.1857214023008986e-08
-649.2556313725654 8.981855752170846 -0.00019062600739411456 4.16212388112242e-08
-639.5652488147607 8.981855752170846 -0.00018966245677508008 4.138790936238842e-08
-629.874866256956 8.981855752170846 -0.00018870961867178577 4.1157181428010054e-08
-620.1844836991513 8.981855752170846 -0.00018776730358904158 4.092901174074266e-08
-610.4941011413466 8.981855752170846 -0.00019937318060607816 4.070335798750033e-08
-600.8037185835419 8.981855752170846 -0.00019835885232494287 4.048017878315856e-08
-591.1133360257372 8.981855752170846 -0.00019735586088476118 4.0259433645368265e-08
-581.4229534679325 8.981855752170846 -0.00019636400488204941 4.004108296994073e-08
-571.7325709101278 8.981855752170846 -0.00019538308784669594 3.9825088007327685e-08
-562.0421883523231 8.981855752170846 -0.00019441291808795221 3.961141083959283e-08
-552.3518057945184 8.981855752170846 -0.00019345330854626027 3.940001435813149e-08
-542.6614232367137 8.981855752170846 -0.0001925040766506565 3.919086224244917e-08
-532.971040678909 8.981855752170846 -0.00019156504418150618 3.8983918939091877e-08
-523.2806581212208 8.981855752170846 -0.00019063603713834372 3.8779149641620923e-08
-513.5902755634161 8.981855752170846 -0.0001897168856125319 3.857652027111534e-08
-503.8998930056114 8.981855752170846 -0.00018880742366469416 3.837599745719113e-08
-494.2095104478067 8.981855752170846 -0.00018790748920649792 3.817754851975413e-08
-484.519127890002 8.981855752170846 -0.00022033264457218472 3.7981141451193794e-08
-474.8287453321973 8.981855752170846 -0.0002192054594474295 3.7786744899202227e-08
-465.1383627743926 8.981855752170846 -0.0002180909389451352 3.759432815007022e-08
-455.4479802165879 8.981855752170846 -0.0002169888567180412 3.7403861112453134e-08
-445.7575976587832 8.981855752170846 -0.00021589899200830296 3.721531430190296e-08
-436.0672151009785 8.981855752170846 -0.0002148211294710929 3.7028658825346135e-08
-426.3768325431738 8.981855752170846 -0.00021375505900497925 3.684386636655165e-08
-416.6864499853691 8.981855752170846 -0.00021270057558877545 3.6660909171703915e-08
-406.9960674275644 8.981855752170846 -0.00021165747912456963 3.647976003556472e-08
-397.3056848697597 8.981855752170846 -0.00021062557428665828 3.630039228793517e-08
-387.615302311955 8.981855752170846 -0.0002096046703761225 3.6122779780544075e-08
-377.9249197541503 8.981855752170846 -0.00020859458118079876 3.594689687450011e-08
-368.2345371963456 8.981855752170846 -0.000207595124840408 3.5772718427769275e-08
-358.54415463854093 8.981855752170846 -0.00020660612371661984 3.560021978327036e-08
-348.85377208073623 8.981855752170846 -0.00020562740426783885 3.5429376757216154e-08
-339.16338952293154 8.981855752170846 -0.00020465879692851046 3.526016562784137e-08
-329.47300696524326 8.981855752170846 -0.00020370013599276646 3.509256312443773e-08
-319.78262440743856 8.981855752170846 -0.00020275125950215814 3.4926546416627594e-08
-310.09224184963387 8.981855752170846 -0.00020181200913747517 3.476209310398816e-08
-300.40185929182917 8.981855752170846 -0.00020088223011425523 3.459918120612378e-08
-290.7114767340245 8.981855752170846 -0.00019996177108199913 3.443778915261898e-08
-281.0210941762198 8.981855752170846 -0.00019905048402687212 3.4277895773786694e-08
-271.3307116184151 8.981855752170846 -0.00019814822417776073 3.4119480291184996e-08
-261.6403290606104 8.981855752170846 -0.00019725484991554783 3.3962522308773716e-08
-251.9499465028057 8.981855752170846 -0.0001963702226854768 3.380700180411429e-08
-242.259563945001 8.981855752170846 -0.00019549420691248012 3.3652899119743117e-08
-232.5691813871963 8.981855752170846 -0.0001946266699193558 3.3500194955130416e-08
-222.8787988293916 8.981855752170846 -0.00021128940866144561 3.334887035836079e-08
-213.1884162715869 8.981855752170846 -0.00023063434648225067 3.3198906718482325e-08
-203.4980337137822 8.981855752170846 -0.00022951394677189833 3.3050285757783504e-08
-193.8076511559775 8.981855752170846 -0.00022840557695109288 3.290298952436279e-08
-184.1172685981728 8.981855752170846 -0.00042905371797189205 3.2757000384940357e-08
-174.42688604036812 8.981855752170846 -0.0004264812329409217 3.261230101787224e-08
-164.73650348256342 8.981855752170846 -0.00042394194641270715 3.246887440609937e-08
-155.04612092475872 8.981855752170846 -0.0004214351907038352 3.2326703830721915e-08
-145.35573836707044 8.981855752170846 -0.00041896031638022965 3.21857728643603e-08
-135.66535580926575 8.981855752170846 -0.0011453755608665192 3.204606536481265e-08
-125.97497325146105 8.981855752170846 -0.001137601978662243 3.1907565469015795e-08
-116.28459069365636 8.981855752170846 -0.0014853412807204472 3.177025758694842e-08
-106.59420813585166 8.981855752170846 -0.0014751638598493456 3.163412639567157e-08
-96.90382557804696 8.981855752170846 -0.00146512853972533 3.1499156833904016e-08
-87.21344302024227 8.981855752170846 -0.0014552323282355168 3.136533409624351e-08
-77.52306046243757 8.981855752170846 -0.0014454723172299085 3.123264362786855e-08
-67.83267790463287 8.981855752170846 -0.0014358456795856996 3.110107111911027e-08
-58.14229534682818 8.981855752170846 -0.0014263496663941917 3.0970602500555337e-08
-48.45191278902348 8.981855752170846 -0.0014255078379797998 3.0841223937773184e-08
-38.761530231218785 8.981855752170846 -0.0014162020832267626 3.0712921826635874e-08
-29.07114767341409 8.981855752170837 -0.00270827776697552 0.0008672742938082824
-19.380765115609393 8.981855752170832 -0.0026896013075182424 0.0008608656229809372
-9.690382557804696 8.981855752170825 -0.00282622819970504 0.0008545509710203149
0.0 8.981855752170814 -0.002806926381838411 0.0008483282840187925
9.690382557804696 6.1326981579455175 -0.02810019175826658 0.04185728796393262
19.380765115609393 6.2659185978529415 -0.0278954915023807 0.04154997809349397
29.07114767341409 6.366898160661591 -0.02769375764009144 0.041247147826022096
38.76153023110237 6.450105873084923 -0.027494926088375077 0.04094869992167865
48.451912788907066 6.521663874612629 -0.027298934598061046 0.04065453993483523
58.14229534671176 6.584844184047339 -0.02710572268868178 0.04036457611444362
67.83267790451646 6.641637782579745 -0.026915231586058897 0.04007871930860471
77.52306046232115 6.69336218653333 -0.02672740416252584 0.03979688287318163
87.21344302012585 6.740942319719151 -0.026542184879644905 0.03951898258423825
96.90382557793055 6.785056703499311 -0.02635951973330002 0.039244936554121264
106.59420813573524 6.826220359750511 -0.026179356201051197 0.03897466515100981
116.28459069353994 6.864834993299713 -0.026001643191642627 0.03870809092176692
125.97497325134464 6.90122097139812 -0.025826330996562293 0.03844513851793548
135.66535580914933 6.93563857027085 -0.025653371243556523 0.03818573462473041
145.35573836695403 6.968302586215503 -0.02557234195948288 0.037929807892886386
155.04612092475872 6.9993926795777535 -0.02540328875421197 0.03767728887322805
164.73650348256342 7.029060881662818 -0.025236460055614085 0.03742810995383652
174.42688604036812 7.057437160731919 -0.025071812199096644 0.03718220529969321
184.1172685981728 7.0846336268678245 -0.02490930265617941 0.036939510794687096
193.8076511559775 7.110747761371916 -0.024748889997764326 0.03669996398587882
203.4980337137822 7.1358649335584365 -0.02458551193399306 0.036463596807830075
213.1884162715869 7.160060387874473 -0.03209764291973056 0.036230163735685925
222.87879882927518 7.183400832181235 -0.031886942993919073 0.03599970046434518
232.56918138707988 7.205945719060036 -0.03167900689145592 0.03577215067764712
242.25956394488458 7.22774829164973 -0.03147526644068512 0.03554761526790679
251.94994650268927 7.24885644339845 -0.03389044493453736 0.035325727969744126
261.64032906049397 7.279044052684854 -0.033699725586230585 0.03510659353930986
271.33071161829866 7.331223241593396 -0.033483102231237266 0.034890161061454185
281.02109417610336 7.379602525344954 -0.03326926375496863 0.034676380868931864
290.71147673390806 7.424696163029963 -0.033058156478882286 0.03446520450440282
300.40185929171275 7.466918746356421 -0.03284972810313326 0.03425658468381298
310.09224184951745 7.506609777986523 -0.03264392766234062 0.034050475261097085
319.78262440732215 7.544051003075206 -0.03244070548305569 0.033846831194148094
329.47300696512684 7.579478942885738 -0.032240013142855885 0.033645608512000616
339.16338952293154 7.613094158293993 -0.03204180343099132 0.03344676428317792
348.85377208073623 7.645068227716497 -0.03184603031051583 0.033250256585154986
358.54415463854093 7.67554909200574 -0.0316526488818369 0.03305604447489153
368.2345371963456 7.704665209624618 -0.031461615347622755 0.032864087960391974
377.9249197541503 7.732528829921929 -0.0312728869790075 0.03267434797325053
387.615302311955 7.759238602457168 -0.031086422083038467 0.03248678634214192
397.3056848697597 7.784881679413742 -0.030902179971312612 0.032301365767219974
406.996067427448 7.8095354260546435 -0.030720120929753306 0.032118049795390166
416.6864499852527 7.833268824587206 -0.030610495958590455 0.031936802796408585
426.3768325430574 7.85614363566009 -0.0304321684857646 0.031757589939807256
436.0672151008621 7.878215366406692 -0.030255918114083256 0.031580377172570576
445.7575976586668 7.899534082686995 -0.030081708579391707 0.03140513119756562
455.4479802164715 7.920145094821007 -0.029909504461007312 0.031231819452684724
465.1383627742762 7.940089538225905 -0.02973927115721783 0.031060410090674794
474.82874533208087 7.959404862688739 -0.02957097486163315 0.030890871959627263
484.51912788988557 7.978125281374703 -0.029404582540355755 0.03072317458410351
494.20951044769026 7.996282117133232 -0.029240061909936728 0.030557288146871857
503.89989300549496 8.013904125877408 -0.02907738141608602 0.030393183471232984
513.5902755632997 8.03101777209789 -0.028916510213106657 0.03023083200391182
523.2806581211044 8.047647468932489 -0.028863002515549428 0.030070205798494985
532.971040678909 8.063815788057648 -0.02870488393098937 0.029911277499393256
542.6614232367137 8.079543643779944 -0.028564907836073898 0.029754020326310134
552.3518057945184 8.094850454986753 -0.028410103884688963 0.029598408059197737
562.0421883523231 8.10975428802943 -0.028256977571605217 0.029444415023682297
571.7325709101278 8.124271983131967 -0.028105501636810425 0.02929201607694231
581.4229534679325 8.138419266522034 -0.02795564941065336 0.029141186594022976
591.1133360257372 8.152210850152752 -0.027807394797866362 0.028991902454571308
600.8037185834255 8.165660520609373 -0.027660712262108724 0.02884414002997871
610.4941011412302 8.178781218566714 -0.027515576811000263 0.028697876170905835
620.1844836990349 8.191585109966525 -0.02737196398165306 0.028553088195202716
629.8748662568396 8.204083649926389 -0.027229849826647834 0.028409753876175316
639.5652488146443 8.216287640247467 -0.02708921090046437 0.028267851431212257
649.255631372449 8.22820728127412 -0.026950024246338813 0.02812735951074923
658.9460139302537 8.239852218756564 -0.026812267383533806 0.027988257187560584
668.6363964880584 8.251231586282053 -0.026675918295006425 0.027850523946367393
678.3267790458631 8.26235404376628 -0.026540955415459314 0.027714139673750596
688.0171616036678 8.273227812433607 -0.026407357619761162 0.027579084648359307
697.7075441614725 8.283860706660242 -0.026275104211723212 0.027445339531403847
707.3979267192772 8.294260163007959 -0.026144174913219086 0.027312885357424262
717.0883092770819 8.304433266735517 -0.02601454985363551 0.02718170352532467
726.7786918348866 8.314386776040394 -0.025886209559642468 0.02705177578966491
736.4690743926913 8.324127144253474 -0.0257591349452712 0.026923084252200722
746.159456950496 8.333660540183466 -0.02563330730228951 0.026795611353664192
755.8498395083006 8.342992866785517 -0.025508708290863765 0.026669339865776697
765.5402220661053 8.352129778309092 -0.0253853199304979 0.02654425288348657
775.23060462391 8.36107669606344 -0.025263124591239472 0.026420333817424202
784.9209871815983 8.369838822924228 -0.025142104985145432 0.02629756638656899
794.611369739403 8.37842115669292 -0.025022244157989794 0.02617593461111247
804.3017522972077 8.386828502407242 -0.02490352548122659 0.026055422805533177
813.9921348550124 8.39506548369493 -0.024785932644170894 0.025936015571847368
823.6825174128171 8.403136553250716 -0.024669449646411896 0.025817697793051764
833.3728999706218 8.411046002511192 -0.024554060790441725 0.02570045462674352
843.0632825284265 8.418797970594733 -0.024439750674494286 0.02558427149891327
852.7536650862312 8.426396452567781 -0.024326504185586996 0.025469134097905664
862.4440476440359 8.433845307093431 -0.02421430649275891 0.02535502836854242
872.1344302018406 8.441148263513588 -0.024103143040498674 0.02524194050640251
881.8248127596453 8.448308928411466 -0.023992999542356033 0.025129856952254812
891.51519531745 8.455330791697433 -0.02388386197473101 0.02501876438663844
901.2055778752547 8.462217232257617 -0.023775716570834993 0.024908649724586177
910.8959604330594 8.468971523201352 -0.023668549814818165 0.024799500110486594
920.5863429908641 8.475596836740767 -0.023562348436057867 0.02469130291308078
930.2767255486688 8.482096248732898 -0.023457099403602848 0.024584045720589344
939.9671081064735 8.488472742912354 -0.02335278992076843 0.024477716335966054
949.6574906642782 8.49472921484021 -0.023249407419877768 0.02437230277227386
959.3478732220829 8.500868475592656 -0.023146939557144627 0.024267793248180198
969.0382557797711 8.506893255210953 -0.02304537420769442 0.02416417618356865
978.7286383375758 8.51280620593293 -0.02294469946071203 0.02406144019525661
988.4190208953805 8.51860990522301 -0.022844903614730364 0.02395957409283382
998.1094034531852 8.52430685861887 -0.022745975173031542 0.023858566874594152
