-1007.7997860109899 11.157722306482325 -0.008698940674467295 0.004206936459016956
-998.1094034531852 11.15694354998955 -0.008669359819273444 0.004185342815337182
-988.4190208953805 11.156194974335415 -0.008640017976688669 0.004163988543005536
-978.7286383376922 11.155476841272952 -0.008610911798952238 0.004142869512527272
-969.0382557798875 11.154789328290963 -0.008582038007404159 0.004121981690884125
-959.3478732220829 11.154132534379926 -0.008553393390591671 0.004101321138704027
-949.6574906642782 11.153506485619921 -0.00852497480243686 0.004080884007528005
-939.9671081064735 11.152911140574304 -0.008496779160468109 0.004060666537173984
-930.2767255486688 11.152346395477016 -0.008468803444110693 0.004040665053192121
-920.5863429908641 11.151812089205103 -0.00844104469303455 0.0040208759644081455
-910.8959604330594 11.151308008031217 -0.00841350000555687 0.004001295760551213
-901.2055778752547 11.150833890153391 -0.008386166537097462 0.003981921009962834
-891.51519531745 11.150389430001738 -0.008359041498684642 0.003962748357383745
-881.8248127596453 11.149974282323361 -0.008332122155509863 0.003943774521815491
-872.1344302018406 11.149588066048482 -0.008305405825529065 0.003924996294453971
-862.4440476440359 11.1492303679418 -0.00827888987810899 0.003906410536691933
-852.7536650862312 11.148900746044253 -0.008252571732716719 0.0038880141781878924
-843.0632825284265 11.148598732910976 -0.008413185385818154 0.0038698042149988036
-833.3728999706218 11.14832383865194 -0.008641794487903243 0.003851777707774114
-823.6825174128171 11.14807555378213 -0.008610109647721152 0.003833931780008777
-813.9921348550124 11.147853351888436 -0.008578770826973985 0.003816263616353024
-804.3017522972077 11.147656692120657 -0.00854776945632578 0.0037987704609767367
-794.611369739403 11.147485021514086 -0.008517097331738535 0.0037814496159863887
-784.9209871817147 11.147337777151192 -0.008486746592824716 0.0037642984398927482
-775.23060462391 11.147214388169889 -0.008456709702789817 0.0037473143461262677
-765.5402220661053 11.147114277625793 -0.008426979429833318 0.0037304948016014254
-755.8498395083006 11.147036864215723 -0.008397548829876707 0.0037138373253241762
-746.159456950496 11.146981563869588 -0.008368411230512397 0.003697339487043961
-736.4690743926913 11.146947791217595 -0.008339560216070048 0.0036809989059474113
-726.7786918348866 11.146934960939493 -0.00831098961370918 0.0036648132493925217
-717.0883092770819 11.146942489002386 -0.008282693480454949 0.0036487802316817136
-707.3979267192772 11.146969793793401 -0.008254666091101712 0.003632897612872498
-697.7075441614725 11.147016297153266 -0.008226901926915942 0.0036171631976243523
-688.0171616036678 11.147081425316616 -0.008199395665076005 0.0036015748340805227
-678.3267790458631 11.14716460976459 -0.00817214216879209 0.0035861304127835334
-668.6363964880584 11.147265287995085 -0.00814513647805447 0.0035708278656232024
-658.9460139302537 11.147382904215737 -0.00811837380096282 0.00355566516481606
-649.255631372449 11.147516909964528 -0.00809184950559328 0.0035406403219150275
-639.5652488146443 11.14766676466262 -0.008065559112363806 0.0035257513868483716
-629.8748662568396 11.147831936103866 -0.008039498286861587 0.0035109964469868553
-620.1844836990349 11.148011900885182 -0.008013662833099141 0.003496373626238197
-610.4941011412302 11.148206144781753 -0.007988048687168951 0.0034818810841678407
-600.8037185835419 11.14841416307089 -0.007962651911268583 0.0034675170151453535
-591.1133360257372 11.148635460808103 -0.00793746868806896 0.003453279647514549
-581.4229534679325 11.148869553058752 -0.007912495315406597 0.00343916724278911
-571.7325709101278 11.14911596508858 -0.007887728201271853 0.003425178094869424
-562.0421883523231 11.149374232516076 -0.007863163859077748 0.0034113105292825205
-552.3518057945184 11.14964390142959 -0.007838798903188808 0.0033975629024432714
-542.6614232367137 11.149924528471894 -0.00781463004469328 0.0033839336009363844
-532.971040678909 11.150215680894755 -0.00779065408740267 0.003370421040818468
-523.2806581211044 11.150516936585904 -0.007766867924064166 0.003357023666939505
-513.5902755632997 11.150827884070718 -0.007743268532772169 0.0033437399522831548
-503.89989300549496 11.151148122490696 -0.007719852973566489 0.003330568397325219
-494.20951044769026 11.151477261560773 -0.007696618385205515 0.003317507529409727
-484.51912788988557 11.15181492150735 -0.007673561982103516 0.00330455590214205
-474.82874533208087 11.15216073298881 -0.007650681051422055 0.0032917120947985245
-465.1383627742762 11.152514337000163 -0.007627972950306166 0.0032789747117520445
-455.4479802164715 11.152875384763417 -0.007605435103256602 0.003266342381913119
-445.7575976586668 11.153243537605091 -0.007583064999630081 0.003253813758185927
-436.0672151008621 11.153618466822245 -0.007560860191260029 0.003241387516938871
-426.3768325430574 11.15399985353832 -0.007538818290190713 0.003229062357489211
-416.6864499853691 11.154387388549948 -0.007516936966518649 0.003216837001601468
-406.9960674275644 11.154780772165864 -0.0074952139463333855 0.003204710192998288
-397.3056848697597 11.15517971403892 -0.007473647009756142 0.0031926806968856003
-387.615302311955 11.155583932992199 -0.007452233989065487 0.003180747299488687
-377.9249197541503 11.155993156840095 -0.007430972766909225 0.003168908807601056
-368.2345371963456 11.1564071222052 -0.0074098612745960675 0.0031571640481447873
-358.54415463854093 11.156825574331748 -0.007388897490463146 0.003145511867742257
-348.85377208073623 11.157248266896348 -0.007368079438315199 0.003133951132298772
-339.16338952293154 11.15767496181663 -0.007349231913707665 0.003122570575328271
-329.47300696512684 11.158105429058448 -0.007328674693530696 0.0031111881782231758
-319.78262440732215 11.158539446442148 -0.007308258203456803 0.0030998939683974237
-310.09224184951745 11.158976799448457 -0.00728798060826868 0.0030886868836127825
-300.40185929171275 11.159417281024417 -0.0072869398615682274 0.0030780342751549053
-290.71147673390806 11.159860691389838 -0.007266676157995559 0.003066991982421728
-281.02109417610336 11.160306837844603 -0.00724655298503324 0.0030560339004569526
-271.33071161829866 11.160755534577238 -0.007226568386860372 0.0030451590278610715
-261.64032906049397 11.161206602475024 -0.007206720457022176 0.0030343663796060403
-251.94994650268927 11.161659868935955 -0.007195486347245365 0.0030238522733918426
-242.25956394488458 11.162115167682805 -0.007175790507365795 0.0030132184900671065
-232.5691813871963 11.162572338579539 -0.007156229009084575 0.003002664143279993
-222.8787988293916 11.16303122745028 -0.007143373709144178 0.0029923764986389276
-213.1884162715869 11.16349168590097 -0.007127243358843733 0.002982044363895558
-203.4980337137822 11.163953571143978 -0.00710794349939937 0.0029717194242764988
-193.8076511559775 11.164416745825694 -0.007088774295742088 0.002961470395919804
-184.1172685981728 11.164881077857311 -0.007069733937567043 0.0029512964071015087
-174.42688604036812 11.16534644024886 -0.0070508206614072555 0.002941196599945866
-164.73650348256342 11.165812710946579 -0.007032032748665946 0.0029311701301333237
-155.04612092475872 11.166279772673715 -0.007013368523764696 0.002921216166616939
-145.35573836695403 11.166747512774812 -0.007008674666577655 0.002911575324337368
-135.66535580914933 11.167215823063493 -0.0069900649600204 0.0029017606544844365
-125.97497325134464 11.167684599673834 -0.006972703322188778 0.002892037817016139
-116.28459069353994 11.168153742915289 -0.006954324587151838 0.0028823624262699033
-106.59420813573524 11.168623157131211 -0.006936066801231185 0.002872755665104352
-96.90382557793055 11.169092750560983 -0.006917928318090265 0.002863216773143945
-87.21344302012585 11.169562435205705 -0.006899907534011474 0.0028537450016836814
-77.52306046232115 11.170032126697475 -0.006882002886090025 0.002844339613450561
-67.83267790451646 11.170501744172213 -0.006864212850534721 0.0028349998823717698
-58.14229534671176 11.17097121014602 -0.006846535941067611 0.0028257250933492605
-48.45191278902348 11.171440450394996 -0.00682897070741555 0.002816514542040583
-38.761530231218785 11.171909393838577 -0.006811515733885769 0.0028073675346451115
-29.07114767341409 11.172377972426192 -0.0067941696380225776 0.0027982833876970094
-19.380765115609393 11.17284612102736 -0.0067769310693354306 0.002789261427862574
-9.690382557804696 11.173313777325067 -0.006759798708096479 0.002780300991743384
0.0 11.173780881712402 -0.006742771264201663 0.002771401425684396
9.690382557804696 3.1588525605130844 -0.09929338496080552 0.08067215203381597
19.380765115609393 3.835121815559985 -0.09802388616086533 0.07960905467168491
29.07114767341409 4.330530311324636 -0.0967879398042976 0.07857417054634588
38.761530231218785 4.732144327611334 -0.09625729173857545 0.07756638616192776
48.45191278902348 5.0736300786746025 -0.09507536544214401 0.07658464592170619
58.14229534682818 5.372272366727992 -0.09392669717659392 0.07562799754403994
67.83267790463287 5.638359924795351 -0.09282239521873528 0.07470767773345921
77.52306046243757 5.878613390443814 -0.09264481688223158 0.07379809476121488
87.21344302024227 6.097714451824401 -0.0915637105547497 0.07291084674503592
96.90382557804696 6.299082726305023 -0.090508743229111 0.0720451169632688
106.59420813585166 6.485308696062758 -0.08947896983799858 0.07120012808509571
116.28459069365636 6.65841234722131 -0.08847349041782139 0.07037513982321718
125.97497325146105 6.820006317590072 -0.08959507484178779 0.07061562266790927
135.66535580914933 6.971403415320005 -0.08878407112041165 0.06984160312329685
145.35573836695403 7.113690079351409 -0.08781642377322266 0.06905838700256851
155.04612092475872 7.247778112906541 -0.08687066311288742 0.0682929112168774
164.73650348256342 7.374442068331858 -0.08594604739818218 0.06754457635370736
174.42688604036812 7.494346871426561 -0.08504186812664558 0.06681280975505292
184.1172685981728 7.608068634222766 -0.08415744819061455 0.06609706403977592
193.8076511559775 7.716110606669391 -0.08381118869321467 0.06545468674833681
203.4980337137822 7.818915590031894 -0.08295728118426654 0.06476864423129301
213.1884162715869 7.916875729256466 -0.08221085916918182 0.0641044201948394
222.8787988293916 8.010340333003276 -0.08139134711287305 0.06344689573099195
232.5691813871963 8.099622188320549 -0.08058883195735264 0.06280301136587486
242.259563945001 8.185002711517388 -0.07980278430778202 0.062172344428478736
251.9499465028057 8.266736188703494 -0.07903269661063235 0.061554489569395486
261.6403290606104 8.345053296590306 -0.07833479284524875 0.06095277852651007
271.3307116184151 8.420164048611978 -0.07759441099898824 0.060359345988882776
281.0210941762198 8.49226027800032 -0.07686860745608413 0.05977760624488782
290.7114767340245 8.561517744610072 -0.07615695068274683 0.059207214897116056
300.40185929182917 8.628097933622879 -0.0754590260772539 0.05864784097140262
310.09224184963387 8.692149600078935 -0.07478944196692394 0.05809943994952471
319.78262440743856 8.753810102309583 -0.07411759865280611 0.05756115473372859
329.47300696512684 8.813206558925206 -0.0734583426998411 0.05703296835598082
339.16338952293154 8.870456857446097 -0.07281131924008928 0.05651459740799437
348.85377208073623 8.925670537477792 -0.0721963046149342 0.05600666680066144
358.54415463854093 8.97894956725755 -0.07157246052955316 0.055507105919849094
368.2345371963456 9.03383310714031 -0.07095986885210652 0.05501657183963953
377.9249197541503 9.107329970029655 -0.07035822393784665 0.054534820454301365
387.615302311955 9.17720239682279 -0.06976723115855578 0.0540616164016903
397.3056848697597 9.24369331242253 -0.06918660640949141 0.0535967326748317
406.9960674275644 9.307024644204734 -0.06861607564263066 0.053139950254040204
416.6864499853691 9.367399598262859 -0.06805537442458816 0.0526910577583197
426.3768325431738 9.425004631820698 -0.06750424751769596 0.05224985111487483
436.0672151009785 9.480011170807913 -0.06696244848283846 0.05181613324564451
445.7575976587832 9.53257711227268 -0.0664297393027339 0.05138971376984321
455.4479802165879 9.582848144022298 -0.06590589002444142 0.05097040872156324
465.1383627743926 9.630958908136778 -0.06539067841995737 0.05055804028155615
474.8287453321973 9.67703403042852 -0.06488388966383923 0.050152436522368386
484.519127890002 9.721189034252893 -0.06438531602686756 0.04975343116606179
494.2095104478067 9.763531154108957 -0.06389475658482084 0.04936086335379974
503.8998930056114 9.804160062054688 -0.06341201694149892 0.04897457742662564
513.5902755632997 9.84316851798088 -0.06293690896519312 0.04859442271680918
523.2806581211044 9.880642953158068 -0.06246925053781232 0.048220253349143524
532.971040678909 9.916663995105608 -0.06200886531604257 0.04785192805170984
542.6614232367137 9.95130694071765 -0.06155558250376415 0.04748930997550023
552.3518057945184 9.984642183615584 -0.06110923663518951 0.047132266522482834
562.0421883523231 10.01673560090692 -0.060669667368105994 0.046780669181626294
571.7325709101278 10.047648903850238 -0.06023671928668224 0.046434393372460823
581.4229534679325 10.077439956350581 -0.05980762519475694 0.04609331829577468
591.1133360257372 10.106163064718015 -0.05938750778436751 0.04575732679106928
600.8037185835419 10.133869241700864 -0.05897357206637239 0.04542630520041809
610.4941011413466 10.16060644744261 -0.058565680571025375 0.04510014323839652
620.1844836991513 10.186419809698723 -0.05816369989352582 0.044778733867768636
629.874866256956 10.211351825378827 -0.057767500544590775 0.044461973180635994
639.5652488147607 10.235442545244414 -0.05737695680757755 0.04414976028477018
649.2556313725654 10.258729743387455 -0.056991946601824016 0.043841997194867026
658.9460139303701 10.281249072936385 -0.056612351351892846 0.04353858872847602
668.6363964881748 10.303034209279224 -0.056238055862424065 0.04323944240637143
678.3267790459795 10.324116981956216 -0.055868948198317066 0.042944468357145806
688.0171616037842 10.344527496253301 -0.05550491956997922 0.042653579225818306
697.7075441614725 10.364294245420904 -0.05514586422339616 0.042366690086265466
707.3979267192772 10.383444214349932 -0.054791679334764844 0.04208371835726914
717.0883092770819 10.402002975448411 -0.05444226490953082 0.04180458372205769
726.7786918348866 10.419994777396592 -0.05409752368553529 0.0415292080511071
736.4690743926913 10.437442627384057 -0.05375736104013792 0.041257515328096885
746.159456950496 10.454368367378981 -0.05342168490110266 0.04098943157885248
755.8498395083006 10.470792744925653 -0.05309040566107375 0.040724884803137525
765.5402220661053 10.486735478919964 -0.052763436095473494 0.04046380490916347
775.23060462391 10.502215320770873 -0.05248587253708041 0.040207512497047654
784.9209871817147 10.517250111318285 -0.05216665199323061 0.03995314442233912
794.6113697395194 10.531856833844403 -0.05185150964088546 0.039702044300297105
804.3017522973241 10.546051663485182 -0.051540366363118234 0.03945414904765372
813.9921348551288 10.55985001332159 -0.051233145096293835 0.039209397199802
823.6825174129335 10.573266577405699 -0.05096857075895108 0.0389688223081149
833.3728999707382 10.586315370954672 -0.0506684433791909 0.03873016424744803
843.0632825285429 10.599009767925688 -0.05037203259816315 0.03849447480051501
852.7536650863476 10.611362536166796 -0.05007926836253549 0.03826169846410127
862.4440476441523 10.623385870322394 -0.04979008239223678 0.038031781114952104
872.134430201957 10.635091422657128 -0.04950440812372203 0.03780466996706475
881.8248127596453 10.646490331948474 -0.04922218065546985 0.03758031353056255
891.51519531745 10.65759325058699 -0.04894643900329241 0.03735871086668895
901.2055778752547 10.66841037000919 -0.048670874589872445 0.03713971370015607
910.8959604330594 10.67895144458274 -0.04839857286466539 0.036923324181131215
920.5863429908641 10.68922581404958 -0.0481833328073645 0.036711263035049305
930.2767255486688 10.699242424627064 -0.04791664960253381 0.03649992584138507
939.9671081064735 10.709009848858583 -0.04765307652400932 0.03629106017774667
949.6574906642782 10.718536304298228 -0.04738968997763382 0.036084622568552834
959.3478732220829 10.72782967110762 -0.04713221088701646 0.035880570556044857
969.0382557798875 10.736897508637174 -0.046877678527346645 0.03567886267059231
978.7286383376922 10.745747071058627 -0.046626041384141864 0.03547945840203531
988.4190208954969 10.754385322110792 -0.046377249158810474 0.03528231817202201
998.1094034533016 10.762818949015866 -0.04613125273205049 0.03508740330730024
