-1007.7997860109899 11.35 0 0
-998.1094034531852 11.35 0 0
-988.4190208953805 11.35 0 0
-978.7286383376922 11.35 0 0
-969.0382557798875 11.35 0 0
-959.3478732220829 11.35 0 0
-949.6574906642782 11.35 0 0
-939.9671081064735 11.35 0 0
-930.2767255486688 11.35 0 0
-920.5863429908641 11.35 0 0
-910.8959604330594 11.35 0 0
-901.2055778752547 11.35 0 0
-891.51519531745 11.35 0 0
-881.8248127596453 11.35 0 0
-872.1344302018406 11.35 0 0
-862.4440476440359 11.35 0 0
-852.7536650862312 11.35 0 0
-843.0632825284265 11.35 0 0
-833.3728999706218 11.35 0 0
-823.6825174128171 11.35 0 0
-813.9921348550124 11.35 0 0
-804.3017522972077 11.35 0 0
-794.611369739403 11.35 0 0
-784.9209871817147 11.35 0 0
-775.23060462391 11.35 0 0
-765.5402220661053 11.35 0 0
-755.8498395083006 11.35 0 0
-746.159456950496 11.35 0 0
-736.4690743926913 11.35 0 0
-726.7786918348866 11.35 0 0
-717.0883092770819 11.35 0 0
-707.3979267192772 11.35 0 0
-697.7075441614725 11.35 0 0
-688.0171616036678 11.35 0 0
-678.3267790458631 11.35 0 0
-668.6363964880584 11.35 0 0
-658.9460139302537 11.35 0 0
-649.255631372449 11.35 0 0
-639.5652488146443 11.35 0 0
-629.8748662568396 11.35 0 0
-620.1844836990349 11.35 0 0
-610.4941011412302 11.35 0 0
-600.8037185835419 11.35 0 0
-591.1133360257372 11.35 0 0
-581.4229534679325 11.35 0 0
-571.7325709101278 11.35 0 0
-562.0421883523231 11.35 0 0
-552.3518057945184 11.35 0 0
-542.6614232367137 11.35 0 0
-532.971040678909 11.35 0 0
-523.2806581211044 11.35 0 0
-513.5902755632997 11.35 0 0
-503.89989300549496 11.35 0 0
-494.20951044769026 11.35 0 0
-484.51912788988557 11.35 0 0
-474.82874533208087 11.35 0 0
-465.1383627742762 11.35 0 0
-455.4479802164715 11.35 0 0
-445.7575976586668 11.35 0 0
-436.0672151008621 11.35 0 0
-426.3768325430574 11.35 0 0
-416.6864499853691 11.35 0 0
-406.9960674275644 11.35 0 0
-397.3056848697597 11.35 0 0
-387.615302311955 11.35 0 0
-377.9249197541503 11.35 0 0
-368.2345371963456 11.35 0 0
-358.54415463854093 11.35 0 0
-348.85377208073623 11.35 0 0
-339.16338952293154 11.35 0 0
-329.47300696512684 11.35 0 0
-319.78262440732215 11.35 0 0
-310.09224184951745 11.35 0 0
-300.40185929171275 11.35 0 0
-290.71147673390806 11.35 0 0
-281.02109417610336 11.35 0 0
-271.33071161829866 11.35 0 0
-261.64032906049397 11.35 0 0
-251.94994650268927 11.35 0 0
-242.25956394488458 11.35 0 0
-232.5691813871963 11.35 0 0
-222.8787988293916 11.35 0 0
-213.1884162715869 11.35 0 0
-203.4980337137822 11.35 0 0
-193.8076511559775 11.35 0 0
-184.1172685981728 11.35 0 0
-174.42688604036812 11.35 0 0
-164.73650348256342 11.35 0 0
-155.04612092475872 11.35 0 0
-145.35573836695403 11.35 0 0
-135.66535580914933 11.35 0 0
-125.97497325134464 11.35 0 0
-116.28459069353994 11.35 0 0
-106.59420813573524 11.35 0 0
-96.90382557793055 11.35 0 0
-87.21344302012585 11.35 0 0
-77.52306046232115 11.35 0 0
-67.83267790451646 11.35 0 0
-58.14229534671176 11.35 0 0
-48.45191278902348 11.35 0 0
-38.761530231218785 11.35 0 0
-29.07114767341409 11.35 0 0
-19.380765115609393 11.35 0 0
-9.690382557804696 11.35 0 0
0.0 11.35 0 0
9.690382557804696 11.35 0 0
19.380765115609393 11.35 0 0
29.07114767341409 11.35 0 0
38.761530231218785 11.35 0 0
48.45191278902348 11.35 0 0
58.14229534682818 11.35 0 0
67.83267790463287 11.35 0 0
77.52306046243757 11.35 0 0
87.21344302024227 11.35 0 0
96.90382557804696 11.35 0 0
106.59420813585166 11.35 0 0
116.28459069365636 11.35 0 0
125.97497325146105 11.35 0 0
135.66535580914933 11.35 0 0
145.35573836695403 11.35 0 0
155.04612092475872 11.35 0 0
164.73650348256342 11.35 0 0
174.42688604036812 11.35 0 0
184.1172685981728 11.35 0 0
193.8076511559775 11.35 0 0
203.4980337137822 11.35 0 0
213.1884162715869 11.35 0 0
222.8787988293916 11.35 0 0
232.5691813871963 11.35 0 0
242.259563945001 11.35 0 0
251.9499465028057 11.35 0 0
261.6403290606104 11.35 0 0
271.3307116184151 11.35 0 0
281.0210941762198 11.35 0 0
290.7114767340245 11.35 0 0
300.40185929182917 11.35 0 0
310.09224184963387 11.35 0 0
319.78262440743856 11.35 0 0
329.47300696512684 11.35 0 0
339.16338952293154 11.35 0 0
348.85377208073623 11.35 0 0
358.54415463854093 11.35 0 0
368.2345371963456 11.35 0 0
377.9249197541503 11.35 0 0
387.615302311955 11.35 0 0
397.3056848697597 11.35 0 0
406.9960674275644 11.35 0 0
416.6864499853691 11.35 0 0
426.3768325431738 11.35 0 0
436.0672151009785 11.35 0 0
445.7575976587832 11.35 0 0
455.4479802165879 11.35 0 0
465.1383627743926 11.35 0 0
474.8287453321973 11.35 0 0
484.519127890002 11.35 0 0
494.2095104478067 11.35 0 0
503.8998930056114 11.35 0 0
513.5902755632997 11.35 0 0
523.2806581211044 11.35 0 0
532.971040678909 11.35 0 0
542.6614232367137 11.35 0 0
552.3518057945184 11.35 0 0
562.0421883523231 11.35 0 0
571.7325709101278 11.35 0 0
581.4229534679325 11.35 0 0
591.1133360257372 11.35 0 0
600.8037185835419 11.35 0 0
610.4941011413466 11.35 0 0
620.1844836991513 11.35 0 0
629.874866256956 11.35 0 0
639.5652488147607 11.35 0 0
649.2556313725654 11.35 0 0
658.9460139303701 11.35 0 0
668.6363964881748 11.35 0 0
678.3267790459795 11.35 0 0
688.0171616037842 11.35 0 0
697.7075441614725 11.35 0 0
707.3979267192772 11.35 0 0
717.0883092770819 11.35 0 0
726.7786918348866 11.35 0 0
736.4690743926913 11.35 0 0
746.159456950496 11.35 0 0
755.8498395083006 11.35 0 0
765.5402220661053 11.35 0 0
775.23060462391 11.35 0 0
784.9209871817147 11.35 0 0
794.6113697395194 11.35 0 0
804.3017522973241 11.35 0 0
813.9921348551288 11.35 0 0
823.6825174129335 11.35 0 0
833.3728999707382 11.35 0 0
843.0632825285429 11.35 0 0
852.7536650863476 11.35 0 0
862.4440476441523 11.35 0 0
872.134430201957 11.35 0 0
881.8248127596453 11.35 0 0
891.51519531745 11.35 0 0
901.2055778752547 11.35 0 0
910.8959604330594 11.35 0 0
920.5863429908641 11.35 0 0
930.2767255486688 11.35 0 0
939.9671081064735 11.35 0 0
949.6574906642782 11.35 0 0
959.3478732220829 11.35 0 0
969.0382557798875 11.35 0 0
978.7286383376922 11.35 0 0
988.4190208954969 11.35 0 0
998.1094034533016 11.35 0 0
