-1007.7997860111063 9.767671835250193 -0.010181066321037295 0.0018846872378327016
-998.1094034533016 9.767975809626654 -0.010153938180007129 0.0018731203872190895
-988.4190208954969 9.768269996816354 -0.01012696087924135 0.00186170879812503
-978.7286383376922 9.768554463701168 -0.010100133112333239 0.0018504492349297147
-969.0382557798875 9.768829296987994 -0.010073453589223277 0.0018393385528594503
-959.3478732220829 9.769094602554315 -0.010046921035861214 0.001828373694797085
-949.6574906642782 9.769350504734502 -0.010020534193881986 0.001817551688225427
-939.9671081064735 9.769597145553153 -0.009994291820294767 0.0018068696422981951
-930.2767255486688 9.76983468391185 -0.009968192687184022 0.0017963247450322724
-920.5863429908641 9.770063294735667 -0.009942235581422069 0.001785914260615419
-910.8959604330594 9.77028316808572 -0.009916419304392143 0.0017756355268239831
-901.2055778752547 9.770494508243912 -0.009890742671721492 0.0017654859525453558
-891.51519531745 9.770697532775893 -0.009865204513023841 0.0017554630154002267
-881.8248127596453 9.770892471578033 -0.01331377992731073 0.0017455642594600019
-872.1344302018406 9.771079565914004 -0.01478173971971741 0.0017357872930549407
-862.4440476440359 9.771259067446266 -0.014631267336174487 0.0017261297866688163
-852.7536650862312 9.771431237267526 -0.01448709921369826 0.0017165894709161738
-843.0632825284265 9.771596344936867 -0.014348789552162703 0.0017071641345983678
-833.3728999706218 9.771754667524984 -0.014215934295215272 0.0016978516228348256
-823.6825174129335 9.771906488672592 -0.014088166346969978 0.0016886498352663294
-813.9921348551288 9.772052097665767 -0.013965151431844817 0.001679556724326334
-804.3017522973241 9.77219178853159 -0.01384658449888272 0.0016705702935790247
-794.6113697395194 9.772325859157174 -0.013732186588776306 0.001661688596118956
-784.9209871817147 9.772454610434815 -0.013621702095603705 0.001652909733031217
-775.23060462391 9.772578345435585 -0.01351489636644173 0.0016442318519088051
-765.5402220661053 9.772697368613507 -0.013411553591195145 0.0016356531454249038
-755.8498395083006 9.772811985042004 -0.013311474942511245 0.0016271718499576255
-746.159456950496 9.772922499684084 -0.013214476931868831 0.0016187862442650297
-736.4690743926913 9.77302921669742 -0.01312038995308555 0.001610494648208287
-726.7786918348866 9.773132438775198 -0.013029056988778313 0.001602295421520892
-717.0883092770819 9.773232466523345 -0.012940332458894255 0.0015941869626220854
-707.3979267192772 9.773329597874561 -0.012854081193433398 0.001586167707472547
-697.7075441614725 9.773424127539254 -0.01277017751401047 0.001578236128470687
-688.0171616036678 9.773516346493372 -0.012688504411034156 0.0015703907333878054
-678.3267790458631 9.773606541502879 -0.012608952805087078 0.0015626300643405682
-668.6363964880584 9.773694994684474 -0.012531420882621231 0.0015549526967992369
-658.9460139302537 9.773781983101976 -0.012455813497388092 0.0015473572386302484
-649.255631372449 9.773867778397685 -0.012382041630136896 0.0015398423291717394
-639.5652488147607 9.773952646457895 -0.012310021900068826 0.001532406638340778
-629.874866256956 9.774036847111638 -0.012239676122348175 0.0015250488657705355
-620.1844836991513 9.774120633861616 -0.012170930906694325 0.0015177677399775022
-610.4941011413466 9.774204253646245 -0.012103717292656196 0.0015105620175558498
-600.8037185835419 9.774287946631677 -0.01203797041772763 0.0015034304823991524
-591.1133360257372 9.77437194603252 -0.011973629214899376 0.0014963719449479036
-581.4229534679325 9.774456477960086 -0.011910636136646177 0.001489385241461902
-571.7325709101278 9.774541761296828 -0.011848936902691292 0.0014824692333165767
-562.0421883523231 9.774628007595705 -0.011788480269191881 0.0014756228063222876
-552.3518057945184 9.774715421003178 -0.01172921781725195 0.0014688448700657906
-542.6614232367137 9.774804198204473 -0.011671103758900046 0.0014621343572729672
-532.971040678909 9.774894528389881 -0.01161409475887145 0.0014554902231920617
-523.2806581211044 9.774986593240769 -0.011558149770712414 0.0014489114449966433
-513.5902755632997 9.775080566934019 -0.01150322988588091 0.001442397021207545
-503.89989300549496 9.775176616163694 -0.011449298194656806 0.0014359459711331206
-494.20951044769026 9.775274900178667 -0.011396319657796557 0.001429557334327073
-484.51912788988557 9.775375570835044 -0.011344260987975963 0.0014232301700632952
-474.82874533208087 9.77547877266224 -0.011293090540160727 0.0014169635568270363
-465.1383627742762 9.775584642941574 -0.011242778210129593 0.0014107565918218274
-455.4479802165879 9.775693311796324 -0.011193295340451806 0.0014046083904916858
-445.7575976587832 9.775804902292192 -0.011144614633283848 0.0013985180860575865
-436.0672151009785 9.77591953054721 -0.011096710069423442 0.0013924848290687956
-426.3768325431738 9.776037305850116 -0.011049556833091858 0.0013865077869670824
-416.6864499853691 9.77615833078632 -0.011003131241984876 0.0013805861436644517
-406.9960674275644 9.776282701370585 -0.010957410682163275 0.0013747190991334752
-397.3056848697597 9.776410507185608 -0.010912373547396983 0.0013689058690098612
-387.615302311955 9.776541831525746 -0.010867999182611105 0.001363145684206829
-377.9249197541503 9.776676751545143 -0.010825833656086133 0.0013575185639771643
-368.2345371963456 9.776815338409579 -0.010782685966464516 0.0013518601320369793
-358.54415463854093 9.776957657451392 -0.010740146314627557 0.0013462526315403608
-348.85377208073623 9.777103768326892 -0.010698197205924475 0.0013406953430979403
-339.16338952293154 9.777253725175665 -0.010677379679031056 0.0013356375063150253
-329.47300696512684 9.777407576781288 -0.010636036865021141 0.001330167045393451
-319.78262440732215 9.77756536673292 -0.01059526252613377 0.0013247452950090723
-310.09224184951745 9.777727133587357 -0.01055503996925008 0.001319371548671908
-300.40185929171275 9.777892911031097 -0.010515353273336822 0.0013140451165934296
-290.71147673390806 9.778062728042071 -0.010485416172389996 0.0013089580286420469
-281.02109417610336 9.778236609050632 -0.01044651684126338 0.0013037192192022955
-271.3307116184151 9.77841457409951 -0.010408121860613061 0.0012985260001181452
-261.6403290606104 9.778596639002451 -0.010377123925495089 0.0012935621471592998
-251.9499465028057 9.778782815501202 -0.01034309550750704 0.001288521758690844
-242.259563945001 9.778973111420663 -0.010305872845520498 0.0012834552622206807
-232.5691813871963 9.779167530821951 -0.010269114059951076 0.0012784321526102915
-222.8787988293916 9.779366074153154 -0.010232806387556111 0.001273451815868723
-213.1884162715869 9.779568738397627 -0.010196937644575384 0.001268513652726629
-203.4980337137822 9.779775517219633 -0.010161496187667386 0.0012636170779075592
-193.8076511559775 9.779986401107184 -0.01012647087853859 0.001258761519468639
-184.1172685981728 9.78020137751196 -0.010107619859155809 0.0012541996449023766
-174.42688604036812 9.78042043098616 -0.010072990277784686 0.0012494179497622394
-164.73650348256342 9.780643543316195 -0.010039947776872893 0.0012446967438010494
-155.04612092475872 9.7808706936531 -0.010006088716882725 0.001239993372812471
-145.35573836695403 9.781101858639591 -0.009972615602010683 0.0012353286457372477
-135.66535580914933 9.781337012533685 -0.009939518410637053 0.001230702038174988
-125.97497325134464 9.781576127328778 -0.009906787572278447 0.0012261130377246208
-116.28459069353994 9.781819172870163 -0.009874413936314226 0.0012215611434225355
-106.59420813573524 9.782066116967874 -0.009842388743780526 0.00121704586523154
-96.90382557793055 9.78231692550583 -0.009810703601843461 0.0012125667235740635
-87.21344302024227 9.782571562547204 -0.009779350460621837 0.0012081232489041377
-77.52306046243757 9.782829990436026 -0.009748321592076474 0.001203714981313115
-67.83267790463287 9.783092169894875 -0.00971760957073134 0.0011993414701659154
-58.14229534682818 9.783358060118735 -0.00968720725601239 0.0011950022737633157
-48.45191278902348 9.783627618864921 -0.009657107776031727 0.0011906969590281063
-38.761530231218785 9.783900802539073 -0.009627304512660284 0.0011864251012122734
-29.07114767341409 9.784177566277188 -0.011999237383964637 0.001657277577301208
-19.380765115609393 9.7844578640237 -0.011908693126183399 0.0016409412031282548
-9.690382557804696 9.784741648605602 -0.011821479674163488 0.001625241061295152
0.0 0.8303516494405052 -0.020346611724067584 0.020696154075650293
9.690382557804696 1.4379653885176271 -0.020042144528909848 0.020186665081644496
19.380765115609393 1.8464108840271294 -0.019755437029462516 0.019702764528455718
29.07114767341409 2.172556021503935 -0.019475415979853153 0.01924246439858386
38.761530231218785 2.4499608713802825 -0.020499530589505884 0.019470784109251203
48.45191278902348 2.69398793269153 -0.020212507456207982 0.019035859551587805
58.14229534682818 2.913222604187384 -0.019937614181984527 0.018620782302650334
67.83267790463287 3.1130533917663765 -0.019674046517526512 0.01822421520983184
77.52306046243757 3.297132627924249 -0.019421070621872333 0.017844938756239367
87.21344302024227 3.4680757529754773 -0.01947707027598004 0.017524313658005275
96.90382557793055 3.627834757426875 -0.01931356423659849 0.017182068464955208
106.59420813573524 3.777914261064021 -0.01907932645591859 0.016847141242056274
116.28459069353994 3.919504479247058 -0.01885376155188493 0.01652563080842806
125.97497325134464 4.0535671454189135 -0.018636359223620738 0.01621674048068822
135.66535580914933 4.180893290693359 -0.018426649062447634 0.015919735535399285
145.35573836695403 4.302143406908076 -0.018224196703742996 0.01563393729635941
155.04612092475872 4.417876156827967 -0.018324620346888826 0.015380058150401988
164.73650348256342 4.528569395553423 -0.018127810818609327 0.015114280928061743
174.42688604036812 4.634635885542625 -0.01799937750949276 0.01486149306870819
184.1172685981728 4.736435260443934 -0.017813692942558614 0.014614093459261221
193.8076511559775 4.834283280643691 -0.017633942170740075 0.014375211634265684
203.4980337137822 4.928459096660938 -0.01745981782570055 0.01414441087350627
213.1884162715869 5.019211022578731 -0.017291033966019023 0.013921283886053784
222.8787988293916 5.106761178348716 -0.017171275033829352 0.013707630242687622
232.5691813871963 5.191309261738581 -0.017011252629619462 0.013498678224457725
242.259563945001 5.273035642339546 -0.016855881211905583 0.013296334291724367
251.9499465028057 5.352103921597578 -0.016704939476571003 0.013100286511044112
261.6403290606104 5.428663067951427 -0.01655822035179248 0.012910242333133605
271.3307116184151 5.50284921069523 -0.016432402459547663 0.012726209514356109
281.0210941762198 5.574787157350628 -0.016293128598542164 0.01254735794386178
290.71147673390806 5.644591685237763 -0.016157551979175334 0.012373734802814174
300.40185929171275 5.712368647275761 -0.01602551048554547 0.012205111482638167
310.09224184951745 5.778215923873416 -0.015914874561055725 0.012041932079747105
319.78262440732215 5.84222424650926 -0.01578899073299847 0.011882657362116545
329.47300696512684 5.904477913673328 -0.015666234001587627 0.0117277728816726
339.16338952293154 5.965055416016283 -0.015546475030367749 0.011577097358740896
348.85377208073623 6.024029984504709 -0.015429591769704404 0.011430459391639877
358.54415463854093 6.081470072959163 -0.015315468939269753 0.0112876967919437
368.2345371963456 6.137439784407847 -0.015203997555036219 0.0111486559727755
377.9249197541503 6.191999249119295 -0.01509507449625307 0.011013191385253173
387.615302311955 6.245204960902663 -0.01498860210841597 0.010881164998716868
397.3056848697597 6.297110077222714 -0.01488448783870241 0.010752445820815847
406.9960674275644 6.347764687821149 -0.014782643900746871 0.010626909453929499
416.6864499853691 6.397216055829587 -0.014682986965978083 0.010504437684749695
426.3768325431738 6.445508834773529 -0.014585437879045258 0.010384918104164847
436.0672151009785 6.492685264378157 -0.014489921395125815 0.01026824375486486
445.7575976587832 6.546029566619348 -0.014396365937140953 0.01015431280433446
455.4479802165879 6.636648357383625 -0.014304703371110231 0.0100430282411246
465.1383627743926 6.72325281770658 -0.014214868798057724 0.009934297592489644
474.82874533208087 6.806110805415127 -0.014126800361042887 0.009828032661657072
484.51912788988557 6.885465018262401 -0.014040439066023782 0.00972414928314694
494.20951044769026 6.961536118207064 -0.013955728615407758 0.009622567094727585
503.89989300549496 7.034525371233543 -0.013872615253219978 0.009523209324678468
513.5902755632997 7.104616892258555 -0.013791047620956197 0.009426002593191048
523.2806581211044 7.1719795656284955 -0.013710976623253194 0.009330876726816064
532.971040678909 7.236768697197061 -0.013632355302596872 0.00923776458496871
542.6614232367137 7.299127442820621 -0.013552572819962921 0.009146601897586759
552.3518057945184 7.359188049455578 -0.013476784756595833 0.0090573271131135
562.0421883523231 7.41707293826962 -0.013402313803006924 0.008969881256047129
571.7325709101278 7.472895653835699 -0.013329120709033214 0.008884207793361068
581.4229534679325 7.526761699229898 -0.013257167824418716 0.008800252509156926
591.1133360257372 7.578769273453554 -0.013186419017731116 0.008717963386964041
600.8037185835419 7.6290099248588525 -0.013116839600088989 0.008637290499146378
610.4941011413466 7.6775691320337325 -0.013048396253385493 0.00855818590292099
620.1844836991513 7.724526821787773 -0.012981056962714841 0.008480603542531124
629.874866256956 7.769957832392095 -0.012914790952726936 0.008404499157152953
639.5652488147607 7.813932328998225 -0.012849568627654 0.008329830194147441
649.2556313725654 7.856516177142728 -0.012785361514770758 0.008256555727298826
658.9460139302537 7.897771279395559 -0.01272214221106632 0.008184636379708954
668.6363964880584 7.93775587950371 -0.012659884332916599 0.008114034251036111
678.3267790458631 7.97652483777451 -0.01259856246857591 0.008044712848807471
688.0171616036678 8.014129880956698 -0.012538152133293512 0.007976637023525399
697.7075441614725 8.050619829433153 -0.01247862972689969 0.007909772907337013
707.3979267192772 8.086040804186649 -0.012419972493701895 0.007844087856036188
717.0883092770819 8.120436415686617 -0.012362158484547154 0.007779550394189189
726.7786918348866 8.153847936579991 -0.012305166520916467 0.007716130163189424
736.4690743926913 8.186314459841093 -0.012295304884535603 0.007655035174009283
746.159456950496 8.217873043838846 -0.012238690025143653 0.007593730334362803
755.8498395083006 8.248558845609642 -0.01218289919968893 0.007533459506784867
765.5402220661053 8.278405243476593 -0.012127909443087788 0.00747419621161166
775.23060462391 8.307443950027793 -0.012073698846985257 0.007415914876039149
784.9209871817147 8.335705116354273 -0.012060217965736367 0.00735958028437376
794.6113697395194 8.363217428350676 -0.0120064767682418 0.007303164159066561
804.3017522973241 8.390008195795907 -0.01195350606557111 0.007247659608781367
813.9921348551288 8.416103434855842 -0.01190128370410757 0.0071930442235334895
823.6825174129335 8.441527944583843 -0.011849788631353065 0.00713929633293675
833.3728999707382 8.466305377936374 -0.01179900080830973 0.00708639497517772
843.0632825284265 8.490458307769025 -0.011748901131728282 0.007034319867629762
852.7536650862312 8.514008288234402 -0.011703084844205755 0.006983104637634045
862.4440476440359 8.536975911956626 -0.011654214264332902 0.006932622386496303
872.1344302018406 8.559380863331082 -0.011605984174176359 0.006882909410439047
881.8248127596453 8.581241968255672 -0.011612299094449502 0.0068354717388818395
891.51519531745 8.60257724057708 -0.011563914095801686 0.006787205144633475
901.2055778752547 8.623403925507796 -0.011516192233201298 0.006739657925236234
910.8959604330594 8.643738540246813 -0.011466041525039855 0.006692813697688325
920.5863429908641 8.663596912016228 -0.011419666581407847 0.006646656584627314
930.2767255486688 8.682994213707307 -0.011373895422790634 0.006601171194009019
939.9671081064735 8.701944997312886 -0.01132871171182499 0.006556342599874779
949.6574906642782 8.72046322530776 -0.011284099895053988 0.006512156324123708
959.3478732220829 8.738562300125194 -0.011240045142972143 0.00646859831921596
969.0382557798875 8.756255091865228 -0.01126467222569266 0.006427827383941672
978.7286383376922 8.773553964359389 -0.011219948080636234 0.006385429890470104
988.4190208954969 8.790470799706208 -0.011175827163423977 0.006343623716175605
998.1094034533016 8.80701702138283 -0.011132290722963872 0.006302396177316845
