-1007.7997860111063 9.401609699378374 -0.014724089039880654 0.013027174073828605
-998.1094034533016 9.406898951263013 -0.01461002534209102 0.012928352091175356
-988.4190208954969 9.412089738389358 -0.01449775272890473 0.01283101886632628
-978.7286383376922 9.417185057406646 -0.014387227988328624 0.012735140985668867
-969.0382557798875 9.422187788138991 -0.014278409354679262 0.012640686028992657
-959.3478732220829 9.427100698965765 -0.014171256444434023 0.012547622532798234
-949.6574906642782 9.431926451901022 -0.014065730195760684 0.012455919955223207
-939.9671081064735 9.436667607393215 -0.013961792811458611 0.01236554864250245
-930.2767255486688 9.441326628864479 -0.013859407705068792 0.012276479796884674
-920.5863429908641 9.445905887007298 -0.013758539449930945 0.012188685445931987
-910.8959604330594 9.450407663854755 -0.0136591537309851 0.012102138413133158
-901.2055778752547 9.454834156639217 -0.013561217299132077 0.012016812289765482
-891.51519531745 9.459187481453172 -0.013464697927982699 0.01193268140794352
-881.8248127596453 9.463469676724754 -0.013369564372839387 0.011849720814796702
-872.1344302018406 9.46768270651953 -0.013275786331766369 0.011767906247720934
-862.4440476440359 9.471828463679222 -0.013183334408615958 0.011687214110652279
-852.7536650862312 9.475908772807195 -0.013092180077888678 0.011607621451313808
-843.0632825284265 9.479925393109855 -0.013002295651314373 0.011529105939389245
-833.3728999706218 9.483880021102328 -0.012913654246049778 0.011451645845579618
-823.6825174129335 9.487774293186227 -0.012826229754396882 0.011375220021502352
-813.9921348551288 9.49160978810701 -0.012739996814946142 0.01129980788038812
-804.3017522973241 9.495388029296972 -0.012654930785076964 0.011225389378551944
-794.6113697395194 9.49911048711109 -0.012571007714717003 0.01115194499758508
-784.9209871817147 9.502778580960804 -0.012488204321304186 0.011079455727248047
-775.23060462391 9.506393681351529 -0.012406497965877904 0.011007903049027688
-765.5402220661053 9.509957111828873 -0.012325866630238037 0.010937268920329165
-755.8498395083006 9.513470150838371 -0.012246288895113332 0.010867535759274457
-746.159456950496 9.516934033503116 -0.01216774391928478 0.010798686430080324
-736.4690743926913 9.520349953323525 -0.01209021141961283 0.010730704228990121
-726.7786918348866 9.523719063803123 -0.012013671651920856 0.010663572870735117
-717.0883092770819 9.527042480003992 -0.01193810539269024 0.01059727647550218
-707.3979267192772 9.530321280035386 -0.01186349392152505 0.010531799556385816
-697.7075441614725 9.533556506478703 -0.01178981900434715 0.010467127007303765
-688.0171616036678 9.53674916775196 -0.011717062877284804 0.010403244091356153
-678.3267790458631 9.539900239416536 -0.01164520823122005 0.010340136429609376
-668.6363964880584 9.543010665429028 -0.011574238196962407 0.010277789990286727
-658.9460139302537 9.546081359340711 -0.01150413633101804 0.010216191078348645
-649.255631372449 9.549113205447037 -0.011434886601925659 0.010155326325446233
-639.5652488147607 9.552107059889497 -0.011366473377132697 0.01009518268023332
-629.874866256956 9.555063751712146 -0.01129888141038118 0.010035747399017905
-620.1844836991513 9.5579840838744 -0.011232095829591395 0.009977008036749713
-610.4941011413466 9.560868834222704 -0.011166102125204054 0.009918952438315986
-600.8037185835419 9.563718756422466 -0.011100886138971764 0.009861568730143567
-591.1133360257372 9.566534580852124 -0.011036434053174334 0.00980484531209065
-581.4229534679325 9.569317015461108 -0.01097273238023958 0.009748770849617377
-571.7325709101278 9.572066746593158 -0.010909767952751224 0.009693334266223985
-562.0421883523231 9.574784439776632 -0.010847527913826696 0.00963852473614607
-552.3518057945184 9.577470740483117 -0.01078599970784843 0.009584331677296666
-542.6614232367137 9.580126274855811 -0.01072517107153309 0.009530744744445586
-532.971040678909 9.582751650408927 -0.010665030025324046 0.009477753822626639
-523.2806581211044 9.58534745669935 -0.010605564865093125 0.009425349020763989
-513.5902755632997 9.587914265971792 -0.010546764154138352 0.009373520665509165
-503.89989300549496 9.590452633778444 -0.01049389130364078 0.00932225929528059
-494.20951044769026 9.592963099574376 -0.010448909769412174 0.00927155565449799
-484.51912788988557 9.595446187289555 -0.010391584954577418 0.00922140068800421
-474.82874533208087 9.597902405878516 -0.010334903696630123 0.009171785535667434
-465.1383627742762 9.60033224984865 -0.010278854168376846 0.009122701527156921
-455.4479802164715 9.602736199767946 -0.010223424920054307 0.00907414017688596
-445.7575976587832 9.605114722753058 -0.010168604855525037 0.0090260931791162
-436.0672151009785 9.607468272938627 -0.010114383211051802 0.00897855240321412
-426.3768325431738 9.60979729192825 -0.010060749536286839 0.008931509889062534
-416.6864499853691 9.612102209228418 -0.010007693677152228 0.00888495784261009
-406.9960674275644 9.614383442665645 -0.009955205760362153 0.008838888631562273
-397.3056848697597 9.616641398787714 -0.009903276179365985 0.008793294781205366
-387.615302311955 9.618876473249589 -0.009851895581529824 0.008748168970359207
-377.9249197541503 9.621089051184676 -0.009801054856401946 0.00870350402745407
-368.2345371963456 9.623279507561993 -0.009750745124930732 0.00865929292672726
-358.54415463854093 9.625448207529805 -0.00970095772952312 0.008615528784535226
-348.85377208073623 9.627595506746319 -0.00965168422484771 0.008572204855777048
-339.16338952293154 9.629721751697904 -0.009602916369300163 0.00852931453042546
-329.47300696512684 9.631827280005382 -0.009554646117059869 0.008486851330161584
-319.78262440732215 9.633912420718827 -0.009506865610676353 0.008444808905109857
-310.09224184951745 9.635977494601358 -0.009459567174132056 0.008403181030669605
-300.40185929171275 9.63802281440234 -0.009412743306334915 0.00836196160443998
-290.71147673390806 9.640048685120457 -0.009366386675000015 0.008321144643235093
-281.02109417610336 9.64205540425701 -0.009320490110884613 0.008280724280186193
-271.33071161829866 9.644043262059842 -0.009275046602345077 0.00824069476192803
-261.6403290606104 9.646012541758243 -0.009230049290188502 0.008201050445866992
-251.9499465028057 9.647963519789334 -0.009185491462791144 0.0081617857975254
-242.259563945001 9.649896466015912 -0.00914136655146998 0.008122895387966575
-232.5691813871963 9.651811643936515 -0.009097668126077034 0.008084373891288518
-222.8787988293916 9.653709310887754 -0.00905438989080721 0.008046216082190995
-213.1884162715869 9.65558971823925 -0.009011525680200826 0.0080084168336108
-203.4980337137822 9.657453111581525 -0.008969069455327267 0.007970971114423419
-193.8076511559775 9.65929973090704 -0.00892701530013725 0.00793387398720896
-184.1172685981728 9.661129810784745 -0.008885357417972192 0.007897120606080199
-174.42688604036812 9.662943580528287 -0.008844090128220372 0.007860706214570811
-164.73650348256342 9.66474126435821 -0.008803207863110538 0.007824626143581797
-155.04612092475872 9.666523081558301 -0.008762705164634345 0.007788875809384259
-145.35573836695403 9.668289246626383 -0.008722576681589886 0.007753450711676742
-135.66535580914933 9.670039969419701 -0.008682817166739125 0.0077183464316953705
-125.97497325134464 9.67177545529516 -0.00864342147407276 0.007683558630375159
-116.28459069353994 9.673495905244568 -0.008604384556176441 0.007649083046560861
-106.59420813573524 9.675201516025112 -0.008565701461692884 0.0076149154952658135
-96.90382557793055 9.676892480285227 -0.008527367332874704 0.007581051865977278
-87.21344302012585 9.678568986686043 -0.008489377403223313 0.007547488121006831
-77.52306046243757 9.68023122001855 -0.008451726995209937 0.007514220293884812
-67.83267790463287 9.681879361316764 -0.008414411518071983 0.007481244487795127
-58.14229534682818 9.683513587966736 -0.008377426465687798 0.007448556874055032
-48.45191278902348 9.685134073812034 -0.008340767414517227 0.0074161536906307175
-38.761530231218785 9.686740989255362 -0.008304430021611513 0.007384031240693448
-29.07114767341409 9.688334501356803 -0.008268410022686766 0.007352185891212712
-19.380765115609393 9.6899147739286 -0.008232703230258565 0.0073206140715856415
-9.690382557804696 9.69148196762671 -0.008197305531835028 0.007289312272301621
0.0 6.857054508651555 0.005078206193031176 0.04168062186055047
9.690382557804696 7.01863911931399 0.0047704401573743 0.040759275928832196
19.380765115609393 7.130697850001109 0.004479655281348028 0.039883109485037836
29.07114767341409 7.22010456794564 0.004204580291568104 0.039048804300972885
38.761530231218785 7.295775528551149 -0.0029983216460162648 0.04138733887367785
48.45191278902348 7.361988441210207 -0.0030679535169037776 0.04054797191190686
58.14229534682818 7.421187080786299 -0.0031338470615272533 0.03974626687782874
67.83267790463287 7.474922445484065 -0.003196218200141548 0.03897968407372957
77.52306046243757 7.524251439376174 -0.0032552683832928835 0.03824590823357066
87.21344302024227 7.569932322418858 -0.004324211716969303 0.037774557733244514
96.90382557804696 7.612530786531126 -0.004350890056378931 0.03709421740646131
106.59420813573524 7.652482036363391 -0.004376104093522488 0.03644116099166194
116.28459069353994 7.6901293065682506 -0.00485217490136269 0.035889588725875506
125.97497325134464 7.725748900527562 -0.004984549075193813 0.0352980842830862
135.66535580914933 7.7595671005720135 -0.004991655582588542 0.03471528094411535
145.35573836695403 7.791771958133164 -0.0049981973604996755 0.03415399252961384
155.04612092475872 7.822521739024606 -0.005004176551571573 0.033613013116909424
164.73650348256342 7.851951114672262 -0.005009598335503905 0.033091225910772945
174.42688604036812 7.880175793193534 -0.005014470314532276 0.03258759513788442
184.1172685981728 7.9072960451471195 -0.00501880200570497 0.03210115881152002
193.8076511559775 7.9333994299704775 -0.005193156299957462 0.03164004403646663
203.4980337137822 7.958562933804979 -0.00519206104554014 0.03118514237759838
213.1884162715869 7.98285466678393 -0.005211918177407366 0.03074654988134913
222.8787988293916 8.00633522577258 -0.005209710698601214 0.030320283936267876
232.5691813871963 8.02905879968707 -0.0052072424313333405 0.02990731665446021
242.259563945001 8.051074074360887 -0.005204512580533681 0.029507012895456562
251.9499465028057 8.07242497961307 -0.005201521872193064 0.029118777708317185
261.6403290606104 8.093151310853242 -0.005198272290306625 0.02874205319259946
271.3307116184151 8.11328925001621 -0.005194766854176777 0.02837631564950894
281.0210941762198 8.13287180503558 -0.005191009429729874 0.02802107299236432
290.71147673390806 8.15192918288432 -0.005187004569559978 0.027675862389214677
300.40185929171275 8.17048910804595 -0.0051827573772829615 0.02734024811362746
310.09224184951745 8.188577095854516 -0.005178273392501857 0.027013819582541437
319.78262440732215 8.206216688280925 -0.0051735584932748584 0.026696189562361472
329.47300696512684 8.22342965828045 -0.005168618813470612 0.026386992526736375
339.16338952293154 8.240236187678915 -0.005163460672802574 0.02608588315122562
348.85377208073623 8.256655022670465 -0.00520088099794181 0.025792534931713476
358.54415463854093 8.272703610280368 -0.005194212810844885 0.02550663891484949
368.2345371963456 8.288398218569585 -0.0051874000915939815 0.025227902530047523
377.9249197541503 8.30375404289196 -0.005192436365481445 0.02495604851368004
387.615302311955 8.318785300137229 -0.005185031761560985 0.024690813917078745
397.3056848697597 8.333505312584228 -0.005202796869887634 0.024432878660904222
406.9960674275644 8.347926582735653 -0.005194153913693881 0.024180132873696056
416.6864499853691 8.362060860296804 -0.005190039283062189 0.023933285760735837
426.3768325431738 8.375919202287655 -0.005181483036006833 0.023692133233347786
436.0672151009785 8.389512027133552 -0.005172850206410881 0.023456471404495912
445.7575976587832 8.413266503265879 -0.0051641415855890735 0.023226106144898218
455.4479802165879 8.439597641465586 -0.005155358282141472 0.0230008525033629
465.1383627743926 8.464960643163462 -0.005158159763792719 0.022780534168056817
474.82874533208087 8.489421556828791 -0.005159277741137762 0.02256498296536927
484.51912788988557 8.513039727235814 -0.005149732309823673 0.022354038393324435
494.20951044769026 8.535868682639803 -0.00514014576343237 0.0221475471868271
503.89989300549496 8.55795687857749 -0.0051305181968342725 0.021945362912184307
513.5902755632997 8.579348325543547 -0.005120849978408181 0.021747345588659525
523.2806581211044 8.60008312187122 -0.005111141707619068 0.021553361334963165
532.971040678909 8.620197908656962 -0.005167038358324436 0.021363282038782568
542.6614232367137 8.639726260140826 -0.005155545629213099 0.021176985047615914
552.3518057945184 8.65869902030886 -0.005183312032875928 0.020994352879322584
562.0421883523231 8.677144594424073 -0.005170905855136588 0.02081527295093648
571.7325709101278 8.695089202575597 -0.005158589687739018 0.020639637324410074
581.4229534679325 8.712557101056245 -0.005146355954659555 0.0204673424680671
591.1133360257372 8.729570776358655 -0.005134197973389762 0.020298289032641696
600.8037185835419 8.746151115761915 -0.005155515693117996 0.020132381640872554
610.4941011413466 8.762317557819268 -0.005142627047768988 0.019969528689703284
620.1844836991513 8.778088225520342 -0.005129842132745426 0.0198096421642155
629.874866256956 8.793480044462461 -0.005117153660387915 0.01965263746248951
639.5652488147607 8.808508848004818 -0.005104555128511132 0.019498433230650276
649.2556313725654 8.823189471081756 -0.005315635856849763 0.019360604336451277
658.9460139303701 8.837535834104349 -0.005297501412890537 0.019211421215995596
668.6363964880584 8.851561018173514 -0.005279724554666258 0.01906482977952793
678.3267790458631 8.865277332656916 -0.005262280511304564 0.018920758938058387
688.0171616036678 8.878696376033405 -0.005297947921879881 0.018779140275605025
697.7075441614725 8.891829090792593 -0.005279744884104197 0.018639907918849927
707.3979267192772 8.9046858130676 -0.005261881860173078 0.018502998415017527
717.0883092770819 8.917276317594325 -0.005244337106789731 0.018368350617275576
726.7786918348866 8.92960985851421 -0.005227090850337904 0.01823590557704986
736.4690743926913 8.941695206473034 -0.005210125073662768 0.018105606442709348
746.159456950496 8.953540682412665 -0.005193423329695145 0.017977398364134974
755.8498395083006 8.965154188404851 -0.005176970578057269 0.017851228402735075
765.5402220661053 8.976543235834443 -0.005160753041412664 0.017727045446512716
775.23060462391 8.987714971203456 -0.005144758078835325 0.017604800129827815
784.9209871817147 8.998676199795959 -0.005128974073896058 0.017484444757529093
794.6113697395194 9.00943340741627 -0.005113390335513923 0.017365933233160134
804.3017522973241 9.019992780388996 -0.005097997009911666 0.017249220990968903
813.9921348551288 9.030360223988412 -0.005082785002257093 0.017134264931472975
823.6825174129335 9.040541379446127 -0.005067745906775815 0.017021023360352692
833.3728999707382 9.05054163966983 -0.005052871944291981 0.01690945593046279
843.0632825285429 9.060366163791523 -0.005038155906298012 0.0167995235867693
852.7536650862312 9.070019890650922 -0.00502359110477677 0.016691188514034297
862.4440476440359 9.079507551309414 -0.005009171327102204 0.01658441408707561
872.1344302018406 9.088833680677613 -0.004994890795436563 0.01647916482346781
881.8248127596453 9.098002628334958 -0.0049807441301117136 0.01637540633851606
891.51519531745 9.107018568607993 -0.004966726316552927 0.016273105302390487
901.2055778752547 9.115885509969559 -0.004952832675355355 0.01617222939929001
910.8959604330594 9.124607303814303 -0.004939058835172595 0.016072747288522368
920.5863429908641 9.133187652660501 -0.004920673128976529 0.015974877543708903
930.2767255486688 9.141630117823631 -0.004907249967497711 0.015878086230196587
939.9671081064735 9.149938126602551 -0.004893928860413691 0.015782600503880907
949.6574906642782 9.158114979015663 -0.004880706907659161 0.015688392545611406
959.3478732220829 9.166163854120763 -0.004867581369737448 0.015595435344341872
969.0382557798875 9.174087815949445 -0.004854549657572324 0.015503702667412939
978.7286383376922 9.181889819084091 -0.004841609322952929 0.015413169032171496
988.4190208954969 9.189572713903098 -0.004828758049558871 0.015323809678853405
998.1094034533016 9.19713925151779 -0.0048159936445462005 0.015235600544661061
