-1007.7997860109899 9.977538083990334 -0.00010340036257248532 0.0
-998.1094034531852 9.977538083990334 -0.00010164799187504637 0.0
-988.4190208953805 9.977538083990334 -9.99689072495135e-05 0.0
-978.7286383375758 9.977538083990334 -9.8358308846938e-05 0.0
-969.0382557797711 9.977538083990334 -9.681181429533833e-05 0.0
-959.3478732219664 9.977538083990334 -9.532541397424362e-05 0.0
-949.6574906641617 9.977538083990334 -9.389543194246808e-05 0.0
-939.967108106357 9.977538083990334 -9.251849169974128e-05 0.0
-930.2767255486688 9.977538083990334 -9.866863486116761e-05 0.0
-920.5863429908641 9.977538083990334 -0.0001074744653234211 7.306699960460579e-08
-910.8959604330594 9.977538083990334 -0.00010579311995270168 7.117478762765604e-08
-901.2055778752547 9.977538083990334 -0.00010417583136068442 6.937810670263386e-08
-891.51519531745 9.977538083990334 -0.00010261873296056372 6.76699004213471e-08
-881.8248127596453 9.977538083990334 -0.00011746413501337514 6.604379063882178e-08
-872.1344302018406 9.977538083990334 -0.00011559369013024404 6.449399789156159e-08
-862.4440476440359 9.977538083990334 -0.00011379497640613947 6.301527276451457e-08
-852.7536650862312 9.977538083990334 -0.00012192979831900699 6.160283648839505e-08
-843.0632825284265 9.977538083990334 -0.00012001094749263308 6.025232935009169e-08
-833.3728999706218 9.977538083990334 -0.0001181642204052863 5.8959765743380084e-08
-823.6825174128171 9.977538083990334 -0.00011638532245457047 5.77214948845918e-08
-813.9921348550124 9.977538083990334 -0.00011467030561114477 5.6534166375534455e-08
-804.3017522972077 9.977538083990334 -0.00011301553331154299 5.539469993245862e-08
-794.611369739403 9.977538083990334 -0.00011141764961269993 5.43002587012403e-08
-784.9209871815983 9.977538083990334 -0.00010987355200768741 5.3248225677555733e-08
-775.2306046237936 9.977538083990334 -0.00010838036739809394 5.223618281316716e-08
-765.5402220659889 9.977538083990334 -0.00010693543079735415 5.126189246224206e-08
-755.8498395081842 9.977538083990334 -0.00010553626640446679 5.0323280865267796e-08
-746.159456950496 9.977538083990334 -0.00010418057074158502 4.9418423414635676e-08
-736.4690743926913 9.977538083990334 -0.00011340399981468178 4.854553148283137e-08
-726.7786918348866 9.977538083990334 -0.0001118612900660205 4.77029406205148e-08
-717.0883092770819 9.977538083990334 -0.00011036928963424852 4.6889099965003334e-08
-707.3979267192772 9.977538083990334 -0.0001089252870310963 4.610256271224888e-08
-697.7075441614725 9.977538083990334 -0.0001075267725564943 4.5341977534185066e-08
-688.0171616036678 9.977538083990334 -0.00010617141898880295 4.460608083063904e-08
-678.3267790458631 9.977538083990334 -0.00010485706453550615 4.389368972343389e-08
-668.6363964880584 9.977538083990334 -0.00010358169773206352 4.320369571255908e-08
-658.9460139302537 9.977538083990334 -0.00010234344402616545 4.253505892003271e-08
-649.255631372449 9.977538083990334 -0.00010114055382534483 4.1886802861065484e-08
-639.5652488146443 9.977538083990334 -9.997139181951716e-05 4.1258009685822637e-08
-629.8748662568396 9.977538083990334 -9.883442741791208e-05 4.0647815843319977e-08
-620.1844836990349 9.977538083990334 -0.00015689291996393722 4.0055408124465425e-08
-610.4941011412302 9.977538083990334 -0.00015429399159490472 3.94800200469495e-08
-600.8037185834255 9.977538083990334 -0.00015179957239737672 3.8920928545935034e-08
-591.1133360256208 9.977538083990334 -0.00014940286795604046 3.83774509432242e-08
-581.4229534678161 9.977538083990334 -0.0001470976887596535 3.784894216595468e-08
-571.7325709100114 9.977538083990334 -0.0001448783825703581 3.7334792192815665e-08
-562.0421883523231 9.977538083990334 -0.00015767852118304905 3.683442370501543e-08
-552.3518057945184 9.977538083990334 -0.00015523503306557094 3.6347289923677455e-08
-542.6614232367137 9.977538083990334 -0.00015288207031400862 3.587287261702264e-08
-532.971040678909 9.977538083990334 -0.00015061423650637458 3.541068026123714e-08
-523.2806581211044 9.977538083990334 -0.00014842657569936587 3.4960246341798635e-08
-513.5902755632997 9.977538083990334 -0.0001463145271729113 3.4521127782738414e-08
-503.89989300549496 9.977538083990334 -0.00015156692313534267 3.409290349305153e-08
-494.20951044769026 9.977538083990334 -0.000149407133766987 3.367517301990086e-08
-484.51912788988557 9.977538083990334 -0.00014732058954880728 3.32675552990741e-08
-474.82874533208087 9.977538083990334 -0.00014530327759609246 3.28696874962427e-08
-465.1383627742762 9.977538083990334 -0.00015731645237542185 3.248122392904805e-08
-455.4479802164715 9.977538083990334 -0.0001550665112615596 3.210183506627447e-08
-445.7575976586668 9.977538083990334 -0.00015289358721251386 3.173120659451375e-08
-436.0672151008621 9.977538083990334 -0.00015079338499670555 3.136903855042398e-08
-426.3768325430574 9.977538083990334 -0.00014876194238521071 3.101504451061363e-08
-416.6864499852527 9.977538083990334 -0.00014679559716127883 3.066895083665743e-08
-406.996067427448 9.977538083990334 -0.00014489095809379896 3.033049596906385e-08
-397.3056848696433 9.977538083990334 -0.00014304487931725092 2.9999429768405497e-08
-387.6153023118386 9.977538083990334 -0.00014125443765010564 2.9675512898841728e-08
-377.9249197541503 9.977538083990334 -0.0001395169124570358 2.935851625083521e-08
-368.2345371963456 9.977538083990334 -0.00013782976772066087 2.9048220400839774e-08
-358.54415463854093 9.977538083990334 -0.00013619063603910068 2.8744415104923777e-08
-348.85377208073623 9.977538083990334 -0.00013459730430658625 2.8446898823564302e-08
-339.16338952293154 9.977538083990334 -0.00017698011431562747 2.81554782757148e-08
-329.47300696512684 9.977538083990334 -0.0001743387325119682 2.786996802030305e-08
-319.78262440732215 9.977538083990334 -0.00017179434115641265 2.7590190062557352e-08
-310.09224184951745 9.977538083990334 -0.00016934103049188513 2.7315973483914117e-08
-300.40185929171275 9.977538083990334 -0.0001669733944894975 2.7047154094260017e-08
-290.71147673390806 9.977538083990334 -0.0001646864761248361 2.6783574103147675e-08
-281.02109417610336 9.977538083990334 -0.00016247571981056278 2.652508181218041e-08
-271.33071161829866 9.977538083990334 -0.00016033692990042204 2.627153132290106e-08
-261.64032906049397 9.977538083990334 -0.0001582662343655031 2.6022782262597258e-08
-251.94994650268927 9.977538083990334 -0.0001562600528941162 2.577869952504158e-08
-242.25956394488458 9.977538083990334 -0.00015431506878921177 2.553915302613949e-08
-232.56918138707988 9.977538083990334 -0.00015242820413757118 2.5304017472154014e-08
-222.87879882927518 9.977538083990334 -0.00015059659780745167 2.5073172141591368e-08
-213.1884162714705 9.977538083990334 -0.00014881758589945903 2.484650067849782e-08
-203.4980337136658 9.977538083990334 -0.00014708868433187643 2.4623890896815397e-08
-193.8076511558611 9.977538083990334 -0.00014540757328869225 2.4405234595281482e-08
-184.1172685981728 9.977538083990334 -0.00014377208329787675 2.4190427381977787e-08
-174.42688604036812 9.977538083990334 -0.0001421801827402896 2.397936850825769e-08
-164.73650348256342 9.977538083990334 -0.00014062996661776472 2.3771960711184556e-08
-155.04612092475872 9.977538083990334 -0.00013911964643168367 2.356811006402025e-08
-145.35573836695403 9.977538083990334 -0.00013764754104391805 2.33677258343844e-08
-135.66535580914933 9.977538083990334 -0.00013621206840850906 2.317072034959647e-08
-125.97497325134464 9.977538083990334 -0.00013481173807701477 2.297700886898387e-08
-116.28459069353994 9.977538083990334 -0.0001334451443927707 2.278650946201761e-08
-106.59420813573524 9.977538083990334 -0.00013211096029989644 2.2599142892953212e-08
-96.90382557793055 9.977538083990334 -0.00013080793170198762 2.2414832510838376e-08
-87.21344302012585 9.977538083990334 -0.00012953487231329004 2.2233504145321168e-08
-77.52306046232115 9.977538083990334 -0.000150552774108558 2.2055086006551048e-08
-67.83267790451646 9.977538083990334 -0.00017490052518027115 2.1879508590880387e-08
-58.14229534671176 9.977538083990334 -0.00017248868861915767 2.1706704590333586e-08
-48.451912788907066 9.977538083990334 -0.0001701635784011802 2.1536608806575633e-08
-38.76153023110237 9.977538083990334 -0.0008867605996846845 2.136915806921747e-08
-29.071147673297673 9.977538083990334 -0.0008660933840043416 2.1204291157238438e-08
-19.380765115492977 9.977538083990334 -0.0008464265140936546 2.1041948724393172e-08
-9.690382557688281 9.977538083990334 -0.0008276877223662104 2.0882073228142145e-08
0.0 9.977538083990334 -0.0008098115865264104 2.072460886164509e-08
9.690382557804696 2.337042777948949 -0.02709686418760763 0.11057711567619068
19.380765115609393 2.7408387825485 -0.02640951014732924 0.10775592986966114
29.07114767341409 3.046806884021648 -0.027667145577180675 0.10507511812466398
38.761530231218785 3.300617615009692 -0.02699646264886803 0.10252445785208406
48.45191278902348 3.5205613765554347 -0.026357599422864107 0.10009469553752681
58.14229534682818 3.7161814529636583 -0.02574834181029915 0.09777743456757507
67.83267790463287 3.8932124948275266 -0.025166676596231487 0.09556503828488526
77.52306046243757 4.0554235621000245 -0.02461076915470825 0.09345054591342683
87.21344302024227 4.2054512786294005 -0.02407894406725964 0.0914275994036429
96.90382557804696 4.345227052791569 -0.023586938500968692 0.08949037957788969
106.59420813585166 4.476216819689858 -0.02309835743446142 0.08763355022535854
116.28459069365636 4.599565057574189 -0.022694271811367503 0.08585955344499403
125.97497325146105 4.716186046698147 -0.022242575701269616 0.0841489982452553
135.66535580926575 4.826824243701736 -0.022206170401457722 0.08250526998402961
145.35573836707044 4.932095668928182 -0.021778676882824734 0.08092452752494987
155.04612092487514 5.032517137418989 -0.021938461710572142 0.07948669283575988
164.73650348267984 5.12852743590224 -0.021527989901083216 0.07801940747799059
174.42688604048453 5.220503005169735 -0.021132702364160084 0.07660531889653754
184.1172685981728 5.308769777705956 -0.02075176611471988 0.07524158505905373
193.8076511559775 5.3936122647578335 -0.020384408471594728 0.07392556288791462
203.4980337137822 5.475280636778185 -0.020029911648557837 0.07265479114459118
213.1884162715869 5.55399631434248 -0.019687607923258924 0.07142697505161523
222.8787988293916 5.629956436033539 -0.01935687531250686 0.07023997244986255
232.5691813871963 5.70333746769586 -0.019037133692342466 0.06909178131508233
242.259563945001 5.774298146838432 -0.01872784130988016 0.06798052848041264
251.9499465028057 5.842981906267689 -0.018428491641079632 0.0669044594310553
261.6403290606104 5.909518885492595 -0.01813861055470434 0.06586192905400101
271.3307116184151 5.974027612656064 -0.017857753747910862 0.06485139324009487
281.0210941762198 6.03661642078417 -0.017585504423343203 0.0638714012481725
290.7114767340245 6.0973846480282194 -0.017514365849747682 0.06292058875176387
300.40185929182917 6.1564236609467216 -0.01725328151477942 0.06199767149820556
310.09224184963387 6.2138177317881755 -0.016999941870230528 0.061101439518127
319.78262440743856 6.269644794523403 -0.016754003286390838 0.060230751830359336
329.47300696524326 6.323977099560173 -0.01651514249192071 0.05938453159349724
339.16338952304795 6.376881783307553 -0.01628305505513545 0.05856176166075854
348.85377208085265 6.428421365790359 -0.01605141410882337 0.05776160792563559
358.54415463865735 6.478654187158417 -0.01683835104004246 0.05718288545880054
368.2345371963456 6.527634792051668 -0.016599443124989215 0.05641980395861177
377.9249197541503 6.575414269270894 -0.016367519469824055 0.055676877518901394
387.615302311955 6.6220405529645685 -0.016144739257722678 0.05495352454532603
397.3056848697597 6.667558690563689 -0.020326312809199477 0.055820883769947836
406.9960674275644 6.712011081857476 -0.02003589157499636 0.05509357124666673
416.6864499853691 6.755437692941637 -0.0197208818358954 0.054385492836016514
426.3768325431738 6.797876248209411 -0.01941670776014202 0.05369585950981279
436.0672151009785 6.839362403092902 -0.019122761125897406 0.053023927945369496
445.7575976587832 6.879929899875483 -0.018838482172979364 0.05236899694558212
455.4479802165879 6.919610708571674 -0.018563354598007523 0.051730404225600844
465.1383627743926 6.9913471569803685 -0.01829690117883596 0.05110752351894197
474.8287453321973 7.063851378434579 -0.018038679935976944 0.05049976196317367
484.519127890002 7.133453727609474 -0.017788280754053393 0.04990655773129891
494.2095104478067 7.2003297213350645 -0.0175453223988251 0.04932737787990437
503.8998930056114 7.264639725295305 -0.017309449875583197 0.04876171638925374
513.5902755634161 7.326530707603479 -0.017080332083145706 0.04820909237393378
523.2806581212208 7.386137736916048 -0.016857659724664062 0.04766904844554053
532.9710406790255 7.443585269562093 -0.01664114344224358 0.047141149211319774
542.6614232368302 7.498988261250199 -0.01643051214721006 0.046624979894731286
552.3518057945184 7.552453132003599 -0.016225511521898595 0.04612014506566117
562.0421883523231 7.604078607576358 -0.016127606394642176 0.045626267469457034
571.7325709101278 7.653956456333186 -0.015930531221792634 0.045142986945368634
581.4229534679325 7.7021721372181595 -0.015738544498504495 0.04466995942586723
591.1133360257372 7.748805371713218 -0.015551436953251422 0.04420685600948182
600.8037185835419 7.793930650526454 -0.01536901147655125 0.04375336210048778
610.4941011413466 7.837617683984598 -0.01519108219199169 0.04330917660954601
620.1844836991513 7.879931803670386 -0.015017473615870844 0.042874011210010055
629.874866256956 7.920934321670247 -0.01484801989528553 0.04244758964516873
639.5652488147607 7.960682852830114 -0.014682564115864945 0.04202964708217323
649.2556313725654 7.999231604616041 -0.01452095767150194 0.041619929508822165
658.9460139303701 8.036631638510231 -0.014363059689415692 0.04121819316975304
668.6363964881748 8.072931106316414 -0.014376387650626822 0.04082420403891965
678.3267790459795 8.108175464281562 -0.014221243007470893 0.0404377373255301
688.0171616037842 8.142407667547365 -0.014096501652645683 0.04005857701088132
697.7075441615889 8.175668347111955 -0.013947610107734989 0.03968651541375979
707.3979267193936 8.207995971199729 -0.013802039479849138 0.03932135278228657
717.0883092771983 8.239426992696114 -0.013659670414557318 0.03896289691027163
726.778691835003 8.26999598409809 -0.01352038979779332 0.03861096277631022
736.4690743928077 8.299735761254455 -0.013384090307465825 0.038265372204004215
746.159456950496 8.328677497017198 -0.013250670007377934 0.03792595354183164
755.8498395083006 8.35685082579638 -0.013120031978430214 0.0375925413612814
765.5402220661053 8.384283939889727 -0.01299208398283184 0.0372649761720663
775.23060462391 8.411003678371422 -0.01286673815758599 0.036943104153184816
784.9209871817147 8.437035609226303 -0.012743910734072833 0.0366267768988364
794.6113697395194 8.462404105347675 -0.012623521780941687 0.036315851178191014
804.3017522973241 8.487132414948809 -0.012505494967892127 0.036010188708118
813.9921348551288 8.511242726880566 -0.012389757348226126 0.03570965593804291
823.6825174129335 8.534756231296898 -0.0122762391583118 0.0354141238461641
833.3728999707382 8.557693176065019 -0.012164873632321892 0.035123467746317014
843.0632825285429 8.580072919277487 -0.012055596830800904 0.034837567104826786
852.7536650863476 8.601913978188346 -0.011948347481779642 0.03455630536673718
862.4440476441523 8.623234074864252 -0.011843066833299118 0.03427956979084752
872.134430201957 8.644050178813957 -0.011739698516329626 0.034007251293029714
881.8248127597617 8.66437854683471 -0.01163818841717962 0.03373924429733378
891.5151953175664 8.684234760292204 -0.01153848455858337 0.03347544659442482
901.2055778753711 8.703633760030966 -0.011440536988740022 0.03321575920692511
910.8959604331758 8.722589879094457 -0.01134429767764939 0.03296008626126396
920.5863429909805 8.741116873418317 -0.011249720420154838 0.03270833486566438
930.2767255486688 8.759227950645721 -0.011156760745161554 0.0324604149939234
939.9671081064735 8.776935797202581 -0.0110653758305414 0.0322162393746443
949.6574906642782 8.794252603754135 -0.010975524423304198 0.031975723385662645
959.3478732220829 8.811190089161734 -0.010887166764615817 0.03173878495332332
969.0382557798875 8.827759523041493 -0.010800264519319045 0.03150534445638804
978.7286383376922 8.843971747022612 -0.010714780709621122 0.0312753246343063
988.4190208954969 8.85983719479378 -0.010630679652648753 0.03104865049962011
998.1094034533016 8.87536591101939 -0.010547926901595962 0.030825249254283343
