-1007.7997860111063 11.232018534169107 -0.01638364708768219 0.0025884089419791435
-998.1094034533016 11.231264288245267 -0.016305081588811526 0.00257550460185537
-988.4190208954969 11.230504263046397 -0.016227354842341293 0.002562740018734091
-978.7286383376922 11.229739742740675 -0.01615045275287867 0.0025501128448399525
-969.0382557798875 11.228971966844739 -0.016074361546842636 0.002537620785579731
-959.3478732220829 11.22820212794475 -0.015999067763225565 0.002525261598033209
-949.6574906642782 11.227431369987062 -0.015924558244673138 0.0025130330894953604
-939.9671081064735 11.226660787081165 -0.015850820128869982 0.0025009331160678197
-930.2767255486688 11.225891422759126 -0.015777840840218684 0.002488959581297699
-920.5863429908641 11.22512426963808 -0.0157056080818006 0.0024771104348618915
-910.8959604330594 11.224360269435298 -0.015634109827607316 0.0024653836712951
-901.2055778752547 11.223600313288701 -0.015630899570932742 0.0024537773287599133
-891.51519531745 11.22284524233919 -0.015678145049589188 0.002442289487857281
-881.8248127596453 11.222095848534982 -0.015606289046461788 0.0024309182704758707
-872.1344302018406 11.221352875621626 -0.015535188278877026 0.002419661838678827
-862.4440476440359 11.220617020285134 -0.015464829358261597 0.0024085183936264965
-852.7536650862312 11.219888933418966 -0.015395199260673004 0.002397486174533796
-843.0632825285429 11.219169221488956 -0.015326285312008529 0.002386563457661038
-833.3728999707382 11.218458447973232 -0.01525807517406283 0.0023757485553361785
-823.6825174129335 11.217757134857155 -0.015190556831382212 0.0023650398150093215
-813.9921348551288 11.217065764165671 -0.015123718578840081 0.0023544356183356364
-804.3017522973241 11.216384779518005 -0.01505754900989292 0.0023439343802876323
-794.6113697395194 11.215714587691723 -0.014992037005463161 0.002333534548294939
-784.9209871817147 11.215055560185046 -0.014927171723405425 0.0023232346014107025
-775.23060462391 11.214408034768054 -0.014862942588515804 0.0023130330495036737
-765.5402220661053 11.21377231701497 -0.01479933928304702 0.0023029284324750433
-755.8498395083006 11.213148681810978 -0.01473635173769571 0.002292919319499138
-746.159456950496 11.212537374828294 -0.014673970123030625 0.002283004308287157
-736.4690743926913 11.211938613967197 -0.014612184841333233 0.002273182024373105
-726.7786918348866 11.211352590758642 -0.014550986518824404 0.00226345112042117
-717.0883092770819 11.210779471725871 -0.014490365998253037 0.002253810275553768
-707.3979267192772 11.210219399703105 -0.014430314331824288 0.0022442581946995714
-697.7075441614725 11.209672495109954 -0.014370822774446767 0.0022347936079607864
-688.0171616036678 11.20913885718076 -0.014311882777279693 0.002225415269999061
-678.3267790458631 11.208618565148386 -0.014253485981562376 0.002216121959439361
-668.6363964880584 11.208111679382451 -0.014195624212709689 0.0022069124782911932
-658.9460139303701 11.20761824248219 -0.014138289474659048 0.0021977856513867213
-649.2556313725654 11.207138280324443 -0.014081473944450721 0.0021887403258345536
-639.5652488147607 11.206671803067481 -0.014025169967038733 0.0021797753704902527
-629.874866256956 11.206218806111467 -0.013969370050306303 0.0021708896754409172
-620.1844836991513 11.205779271016556 -0.013914066860284978 0.002162082151504943
-610.4941011413466 11.205353166379727 -0.013859253216562624 0.0021533517297458032
-600.8037185835419 11.204940448671486 -0.013804922087871069 0.0021446973609995507
-591.1133360257372 11.20454106303369 -0.01375106658784428 0.0021361180154155206
-581.4229534679325 11.20415494403971 -0.013697679970938332 0.0021276126820098567
-571.7325709101278 11.203782016418272 -0.013644755628505133 0.002119180368231429
-562.0421883523231 11.203422195742226 -0.013592287085012356 0.0021108200995397196
-552.3518057945184 11.203075389083573 -0.013540267994402347 0.002102530918994335
-542.6614232367137 11.202741495636038 -0.01348869213658352 0.002094311886855744
-532.971040678909 11.202420407306471 -0.013437553414047817 0.0020861620801968677
-523.2806581211044 11.202112009276318 -0.01338684584860841 0.0020780805925252306
-513.5902755632997 11.20181618053445 -0.013336563578252091 0.0020700665334152856
-503.89989300549496 11.201532794382485 -0.013286700854101085 0.00206211902815062
-494.20951044769026 11.201261718913843 -0.013237252037479403 0.0020542372173757333
-484.51912788988557 11.201002817467653 -0.013188211597079091 0.0020464202567570754
-474.8287453321973 11.200755949058607 -0.013139574106222497 0.0020386673166531656
-465.1383627743926 11.20052096878386 -0.013091334240213021 0.0020309775817929435
-455.4479802165879 11.200297728208001 -0.013043486773779053 0.0020233502509635027
-445.7575976587832 11.200086075727093 -0.012996026578595866 0.00201578453670505
-436.0672151009785 11.19988585691273 -0.012948948620890527 0.002008279665014269
-426.3768325431738 11.199696914837057 -0.0129022479591232 0.002000834875055291
-416.6864499853691 11.19951909037966 -0.012855919741742083 0.0019934494188781097
-406.9960674275644 11.199352222517096 -0.01280995920500912 0.0019861225611442213
-397.3056848697597 11.199196148596004 -0.012766651735552548 0.001978982153196863
-387.615302311955 11.199050704590455 -0.012721381422234328 0.001971768583316775
-377.9249197541503 11.1989157253444 -0.012676465842536408 0.001964611526006058
-368.2345371963456 11.198791044799849 -0.012631900530219588 0.0019575102918910417
-358.54415463854093 11.198676496211533 -0.012611591660555541 0.0019511203239907433
-348.85377208073623 11.198571912348651 -0.012567390126295121 0.0019441198318228005
-339.16338952293154 11.19847712568438 -0.012523534577064952 0.0019371733996574874
-329.47300696512684 11.19839196857372 -0.01248002051211144 0.0019302803730721649
-319.78262440732215 11.198316273420229 -0.012436843520814653 0.0019234401086423106
-310.09224184951745 11.19824987283226 -0.012404486077576868 0.001916923355288251
-300.40185929171275 11.198192599769142 -0.012361827232628186 0.001910183024047703
-290.7114767340245 11.198144287677858 -0.012319496596363931 0.0019034936879561472
-281.0210941762198 11.198104770620686 -0.012285578246455322 0.0018971093922405804
-271.3307116184151 11.198073883394242 -0.01224772657261817 0.0018906083030949456
-261.6403290606104 11.198051461640365 -0.012206195845053468 0.001884063766546307
-251.9499465028057 11.198037341949265 -0.012164981125334975 0.0018775679825908
-242.259563945001 11.19803136195532 -0.012124078343198215 0.0018711203794851913
-232.5691813871963 11.198033360425896 -0.012083483512052266 0.001864720394906975
-222.8787988293916 11.198043177343552 -0.012043192726192661 0.0018583674757397476
-213.1884162715869 11.198060653981978 -0.012003202158158739 0.0018520610778657576
-203.4980337137822 11.198085632975971 -0.011979712497218502 0.0018461062707299113
-193.8076511559775 11.198117958385781 -0.011940091203996934 0.0018398871694320041
-184.1172685981728 11.198157475756117 -0.011902103224663736 0.0018337412522117051
-174.42688604036812 11.198204032170079 -0.011863050228303283 0.001827611360604817
-164.73650348256342 11.198257476298311 -0.011824285321838235 0.0018215255105555844
-155.04612092475872 11.19831765844361 -0.011785804869618076 0.0018154832035791523
-145.35573836695403 11.198384430581243 -0.011747605310686499 0.001809483949132256
-135.66535580914933 11.198457646395207 -0.01170968315625508 0.0018035272644378645
-125.97497325134464 11.198537161310641 -0.011672034987309232 0.001797612674315527
-116.28459069353994 11.198622832522629 -0.011634657452337232 0.0017917397110171031
-106.59420813585166 11.198714519021546 -0.011597547265173811 0.0017859079140677132
-96.90382557804696 11.198812081615207 -0.011560701202948196 0.0017801168301112254
-87.21344302024227 11.198915382947916 -0.011524116104135618 0.0017743660127611178
-77.52306046243757 11.199024287516684 -0.011487788866697202 0.0017686550224550739
-67.83267790463287 11.199138661684694 -0.011451716446308555 0.001762983426314188
-58.14229534682818 11.199258373692226 -0.011415895854668939 0.0017573507980061809
-48.45191278902348 11.199383293665177 -0.01379313107406048 0.001751756717612493
-38.761530231218785 11.19951329362131 -0.013725153892995477 0.001746200771499098
-29.07114767341409 11.199648247474373 -0.01365829181471386 0.0017406825521909266
-19.380765115609393 11.199788031036224 -0.013786384640410211 0.0017352016582496857
-9.690382557804696 11.199932522017074 -0.013718997628146911 0.0017297576941549993
0.0 11.200081600023976 -0.013656389366686205 0.0017244105712983094
9.690382557804696 2.4427941684164463 0.029279203084204654 0.036936427767088574
19.380765115609393 3.1866218270650535 0.028645769669632084 0.03645567962674124
29.07114767341409 3.748998260176787 0.028147390985615597 0.035987631450814225
38.761530231218785 4.210439839445912 0.02766282685182445 0.03553178346507404
48.45191278902348 4.60474296456208 0.027191531441943063 0.035087661817622164
58.14229534682818 4.950054646357277 0.026732987066170853 0.03465481691909771
67.83267790463287 5.257518946714713 0.024032536189042907 0.034232821908811724
77.52306046232115 5.534592760693262 0.022237760573496763 0.034515244204721504
87.21344302012585 5.786573593117417 0.02186312200256957 0.034104341447116035
96.90382557793055 6.017394828480658 0.021498126685042876 0.0337033825181933
106.59420813573524 6.230077724658919 0.021142423715325844 0.03331200831431372
116.28459069353994 6.427006015078956 0.020795678807256458 0.032929876850374316
125.97497325134464 6.610101726453864 0.020457573325817307 0.032556662251059965
135.66535580914933 6.780942629193065 0.01825128515808753 0.03259456543369824
145.35573836695403 6.940843498011472 0.0179552005203279 0.032232767048009384
155.04612092475872 7.0909140165668125 0.01744866771081524 0.03190872312258225
164.73650348256342 7.232101089866629 0.017169446901230373 0.031562598446329894
174.42688604036812 7.365220441206871 0.016896761395568546 0.031224119668474923
184.1172685981728 7.490980657698012 0.01663039741565487 0.03089303423018167
193.8076511559775 7.610001795798836 0.0163701502301973 0.03056910060478926
203.4980337137822 7.722829991072041 0.016005494237340066 0.030262213434184518
213.1884162715869 7.8299490818429245 0.015758404638357128 0.02995176197590329
222.8787988293916 7.93178996654977 0.015516826906046832 0.02964780187962264
232.5691813871963 8.028738216972098 0.015280589698199358 0.029350130001903545
242.259563945001 8.121140332199076 0.015049528558645425 0.029058551611921293
251.9499465028057 8.209308921083398 0.014805792662238752 0.028773230324084027
261.6403290606104 8.293527031143114 0.014584855370976122 0.02849328149878048
271.33071161829866 8.374051790998582 0.01436863242316899 0.02821888838431846
281.02109417610336 8.4511174958516 0.014156983961251882 0.02794988583322787
290.71147673390806 8.524938237382724 0.013918879350554535 0.027687825474422965
300.40185929171275 8.595710158213173 0.01371640146557399 0.02742911104323807
310.09224184951745 8.663613394791119 0.013518098413028087 0.027175330107731502
319.78262440732215 8.728813760038394 0.013323850777748983 0.02692634166610794
329.47300696512684 8.791464207317064 0.013133543556752595 0.02668201005512324
339.16338952293154 8.851706109602722 0.01294706595957471 0.02644220469944397
348.85377208073623 8.909670381676344 0.012764311219256709 0.026206799875009897
358.54415463854093 8.96547846830176 0.012585176413330379 0.025975674485494284
368.2345371963456 9.019243217464448 0.012409562294195526 0.025748711851023245
377.9249197541503 9.088903213102448 0.012237373128325778 0.025525799508376246
387.615302311955 9.160807236312632 0.012068516543775398 0.025306829021945868
397.3056848697597 9.229071698081862 0.011902903385495664 0.025091695804786353
406.9960674275644 9.293952692135218 0.011740447578001982 0.02488029894912768
416.6864499853691 9.35568278814748 0.01158106599496299 0.02467254106577598
426.3768325431738 9.41447373069302 0.011424678335310962 0.024468328131860725
436.0672151009785 9.47051876460791 0.01127120700549938 0.0242675693464268
445.7575976587832 9.523994647403557 0.011120577007556798 0.024070176993403417
455.4479802164715 9.575063398097063 0.010972715832611361 0.023876066311515995
465.1383627742762 9.623873822908681 0.01082755335956789 0.023685155370720044
474.82874533208087 9.670562851155633 0.010685021758676824 0.023497364954812167
484.51912788988557 9.715256708988875 0.010545055399689666 0.023312618449816466
494.20951044769026 9.758071953990681 0.010407590764374992 0.02313084173784997
503.89989300549496 9.799116389920638 0.010272566363146881 0.022951963096142704
513.5902755632997 9.838489877833938 0.010139922655585238 0.02277591310092475
523.2806581211044 9.876285057283143 0.010013755574625553 0.02260262453590843
532.971040678909 9.91258798923897 0.00988564526503477 0.02243203230511146
542.6614232367137 9.947478730643383 0.009759749514056313 0.022264073349782226
552.3518057945184 9.98103184907274 0.009636015792751236 0.022098686569203888
562.0421883523231 10.013316884786873 0.00951439317864578 0.021935812745167406
571.7325709101278 10.04439876642973 0.009394832295418204 0.021775394469916633
581.4229534679325 10.074338185794744 0.00927728525526812 0.02161737607738044
591.1133360257372 10.10319193634582 0.009161705603830688 0.02146170357751838
600.8037185835419 10.13101321957113 0.009048048267505755 0.021308324593616337
610.4941011413466 10.157851922723243 0.008936269503080083 0.021157188302378647
620.1844836991513 10.183754871051155 0.008826326849527041 0.02100824537667234
629.874866256956 10.208766057245237 0.008718179081875497 0.02086144793078716
639.5652488146443 10.232926850484777 0.008611786167046356 0.020716749468085223
649.255631372449 10.256276187194006 0.008507109221552506 0.020574104830909136
658.9460139302537 10.278850745358987 0.008404110470989908 0.02043347015266077
668.6363964880584 10.300685104053226 0.008302753211207844 0.020294802811908683
678.3267790458631 10.321811889622685 0.008203001771096145 0.020158061388449063
688.0171616036678 10.342261909824146 0.00810482147690432 0.02002320562121413
697.7075441614725 10.362064277066223 0.008008178618021139 0.01989019636793972
707.3979267192772 10.381246521777845 0.00791304041414563 0.019758995566506496
717.0883092770819 10.399834696819262 0.007759252054478332 0.019631698375856366
726.7786918348866 10.417853473754253 0.00766785048561106 0.019503975273825885
736.4690743926913 10.43532623171707 0.007577838324942519 0.019377953341555905
746.159456950496 10.45227513953249 0.0074891870963208875 0.019253598450262095
755.8498395083006 10.46872123168086 0.007401869061932617 0.019130877382099
765.5402220661053 10.484684478640958 0.0072655180001466955 0.019011373815050362
775.23060462391 10.50018385209117 0.007181469485538818 0.018891802291016453
784.9209871817147 10.515237385402774 0.007098656845796946 0.018773770693354397
794.6113697395194 10.529862229817615 0.007017055803026841 0.018657249133716483
804.3017522973241 10.544074706665354 0.006936642673608004 0.01854220849604474
813.9921348551288 10.557890355942261 0.00685739435151418 0.018428620411706734
823.6825174128171 10.571323981543692 0.006779288292098505 0.018316457235590538
833.3728999706218 10.584389693416904 0.0066987243345483765 0.018205753085654492
843.0632825284265 10.59710094687349 0.006622886040438366 0.018096358739435082
852.7536650862312 10.60947057928492 0.006548124279789655 0.017988310503954115
862.4440476440359 10.62151084435964 0.006401242949875039 0.017884382851206415
872.1344302018406 10.633233444186065 0.006329567919626229 0.017778914492825877
881.8248127596453 10.644649559208972 0.006258882998742557 0.017674720177267206
891.51519531745 10.655769876292673 0.006192829821787587 0.017571776685398156
901.2055778752547 10.666604615011472 0.006124022303490413 0.017470061362264633
910.8959604330594 10.677163552296195 0.006056153585484412 0.01736955209997178
920.5863429908641 10.68745604555501 0.005989206830572639 0.01727022732118909
930.2767255486688 10.697491054377156 0.0059231655683649334 0.017172065963252915
939.9671081064735 10.70727716091938 0.005858013686715947 0.017075047462840935
949.6574906642782 10.716822589066982 0.005691250157000186 0.016983784564293957
959.3478732220829 10.7261352224541 0.00562921779243377 0.016888929282240596
969.0382557798875 10.73522262142124 0.005567991459735194 0.016795159694732262
978.7286383376922 10.744092038982027 0.0055075578635133465 0.01670245702688394
988.4190208954969 10.752750435865655 0.005447903949732459 0.016610802937748855
998.1094034533016 10.761204494696438 0.005389016902980991 0.01652017950773535
