-1007.7997860109899 9.966135511795644 -0.010630792839632905 0.006352374870300177
-998.1094034531852 9.9652642821651 -0.010537131064016837 0.0062921159043008235
-988.4190208953805 9.964356499262959 -0.010445137012575186 0.006232989908652498
-978.7286383375758 9.963412567414352 -0.010354765833164024 0.006174965217505168
-969.0382557797711 9.962432983500593 -0.010265974289200758 0.006118011334499013
-959.3478732219664 9.961418332715377 -0.010178720686718781 0.006062098879256181
-949.6574906641617 9.960369284015764 -0.01009296480538183 0.006007199536784272
-939.967108106357 9.959286585322802 -0.010008667833206843 0.005953286009608374
-930.2767255486688 9.9581710585243 -0.009925792304763415 0.005900331972462055
-920.5863429908641 9.957023594329259 -0.009844302042627769 0.005848312029375427
-910.8959604330594 9.955845147020813 -0.009764162101905291 0.005797201673022711
-901.2055778752547 9.954636729150694 -0.00968533871761519 0.005746977246179726
-891.51519531745 9.953399406215418 -0.009607799254778511 0.005697615905173445
-881.8248127596453 9.952134291350585 -0.009531512161042064 0.0056490955852010255
-872.1344302018406 9.950842540076426 -0.00945644692168862 0.005601394967408264
-862.4440476440359 9.949525345124183 -0.009382574016893077 0.005554493447624198
-852.7536650862312 9.948183931369682 -0.009309864881093791 0.005508371106655444
-843.0632825284265 9.946819550897116 -0.009238291864356806 0.005463008682050224
-833.3728999706218 9.945433478213026 -0.009167828195618965 0.005418387541247939
-823.6825174128171 9.944027005627449 -0.00909844794770324 0.005374489656035608
-813.9921348550124 9.942601438816416 -0.009030126004006546 0.005331297578237513
-804.3017522972077 9.941158092577407 -0.008962838026766817 0.005288794416569184
-794.611369739403 9.939698286786843 -0.008896560426821866 0.005246963814591133
-784.9209871815983 9.938223342566513 -0.008831270334778355 0.0052057899297018664
-775.2306046237936 9.936734578663739 -0.008766945573513993 0.005165257413113436
-765.5402220659889 9.935233308048169 -0.008703564631941206 0.0051253513907563554
-755.8498395081842 9.93372083472644 -0.008641106639964632 0.005086057445063878
-746.159456950496 9.932198450774385 -0.008579551344569877 0.005047361597589284
-736.4690743926913 9.930667433584981 -0.008518879086979554 0.005009250292409276
-726.7786918348866 9.929129043329462 -0.008459070780831766 0.004971710380279045
-717.0883092770819 9.927584520627255 -0.008400107891313542 0.004934729103490786
-707.3979267192772 9.926035084420198 -0.00834197241521094 0.004898294081405966
-697.7075441614725 9.924481930045296 -0.008284646861824708 0.004862393296624095
-688.0171616036678 9.922926227499785 -0.008228114234708414 0.0048270150817559514
-678.3267790458631 9.92136911989168 -0.008172358014187645 0.004792148106770691
-668.6363964880584 9.919811722068603 -0.008117362140621415 0.004757781366887972
-658.9460139302537 9.918255119417324 -0.008063110998368912 0.004723904170987902
-649.255631372449 9.916700366826193 -0.008009589400427015 0.004690506130513177
-639.5652488146443 9.91514848780251 -0.007956782573705818 0.004657577148839145
-629.8748662568396 9.913600473736752 -0.007904676144911254 0.004625107411088977
-620.1844836990349 9.912057283305561 -0.007853256127005666 0.004593087374372347
-610.4941011412302 9.91051984200541 -0.007806496892735006 0.004561507758427171
-600.8037185834255 9.90898904180893 -0.007766011860675609 0.00453035953664518
-591.1133360256208 9.907465740936026 -0.007716226129695913 0.004499633927463036
-581.4229534678161 9.905950763732006 -0.007667091524729742 0.00446932238610175
-571.7325709100114 9.904444900645183 -0.007618594570360387 0.0044394165966380765
-562.0421883522067 9.902948908296569 -0.007570722223320285 0.004409908464392418
-552.3518057945184 9.901463509634585 -0.007523461848895862 0.004380790108618934
-542.6614232367137 9.89998939416774 -0.007476801199535069 0.0043520538554818935
-532.971040678909 9.898527218268994 -0.007430728395369137 0.00432369223131036
-523.2806581211044 9.897077605545016 -0.007385231906389374 0.004295697956111745
-513.5902755632997 9.895641147264604 -0.00734030053607941 0.004268063937337643
-503.89989300549496 9.894218402840286 -0.007295923406324028 0.0042407832638886485
-494.20951044769026 9.892809900357694 -0.00725208994344631 0.004213849200347828
-484.51912788988557 9.891416137147386 -0.007208789865246357 0.004187255181432751
-474.82874533208087 9.890037580394267 -0.007166013168933113 0.004160994806656472
-465.1383627742762 9.888674667779858 -0.007123750119856003 0.004135061835188342
-455.4479802164715 9.887327808153081 -0.007081991240955822 0.004109450180905963
-445.7575976586668 9.885997382225405 -0.0070407273028650665 0.004084153907630056
-436.0672151008621 9.884683743286491 -0.006999949314596771 0.004059167224534412
-426.3768325430574 9.883387217936754 -0.006959648514768705 0.004034484481723417
-416.6864499852527 9.882108106833448 -0.00691981636331614 0.00401010016597012
-406.996067427448 9.880846685447167 -0.006880444533652031 0.003986008896608044
-397.3056848696433 9.879603204825885 -0.0068415249052381395 0.003962205421570305
-387.6153023118386 9.87837789236381 -0.006803049556534723 0.003938684613569952
-377.9249197540339 9.877170952572648 -0.0067650107582999264 0.003915441466415636
-368.2345371963456 9.875982567852983 -0.006727400967213574 0.0038924710914573528
-358.54415463854093 9.874812899263633 -0.006690212819799424 0.0038697687141553147
-348.85377208073623 9.873662087287295 -0.006653439126631857 0.0038473296707709813
-339.16338952293154 9.872530252590481 -0.006617072866799143 0.0038251494051699587
-329.47300696512684 9.871417496776399 -0.006581107182612967 0.003803223465736269
-319.78262440732215 9.87032390312928 -0.0065455353745460555 0.0037815475023919663
-310.09224184951745 9.869249537348926 -0.006510350896384225 0.003760117263718165
-300.40185929171275 9.868194448274325 -0.006475547350579955 0.0037389285941734776
-290.71147673390806 9.867158668595371 -0.006441118483795683 0.0037179774314060553
-281.02109417610336 9.866142215551788 -0.0064070581826259874 0.0036972598036555493
-271.33071161829866 9.865145091618492 -0.006373360469488674 0.0036767718272415293
-261.64032906049397 9.864167285176745 -0.006340019498675582 0.0036565097041349978
-251.94994650268927 9.86320877117053 -0.006307029552554562 0.003636469719609833
-242.25956394488458 9.86226951174766 -0.0062743850379148045 0.0036166482399710856
-232.56918138707988 9.861349456885254 -0.006242080482448169 0.00359704171035722
-222.87879882927518 9.860448544999228 -0.006210110531359721 0.003577646652613522
-213.1884162714705 9.859566703537606 -0.00617846994410113 0.003558459663233963
-203.4980337136658 9.858703849557433 -0.006147153591221055 0.0035394774113690014
-193.8076511558611 9.857859890285184 -0.006116156451326927 0.003520696636896845
-184.1172685981728 9.857034723660627 -0.006085473608153406 0.00350211414855606
-174.42688604036812 9.856228238864057 -0.00605510024773036 0.003483726822135938
-164.73650348256342 9.855440316827076 -0.006025031655651408 0.0034655315987258207
-155.04612092475872 9.854670830726809 -0.00599526321443133 0.003447525483016834
-145.35573836695403 9.853919646463817 -0.00596579040095388 0.003429705541657427
-135.66535580914933 9.853186623123777 -0.005936608784003934 0.003412068901659465
-125.97497325134464 9.852471613423132 -0.005907714021880824 0.0033946127488532767
-116.28459069353994 9.8517744641389 -0.0058791018600893976 0.003377334326389916
-106.59420813573524 9.851095016522887 -0.005967753310527793 0.003364133076738739
-96.90382557793055 9.850433106700532 -0.0059366686015054175 0.00334710097535812
-87.21344302012585 9.84978856605466 -0.005906006760010856 0.003330243768972848
-77.52306046232115 9.849161221594438 -0.0058757526071267505 0.00331355853866943
-67.83267790451646 9.848550896309803 -0.007930927321190983 0.0032970424522927888
-58.14229534671176 9.8479574095117 -0.007848179675823023 0.0032806927589413477
-48.451912788907066 9.847380577158422 -0.0077684545648574205 0.00326450678408482
-38.76153023110237 9.846820212168405 -0.007691547214817695 0.003248481925211485
-29.071147673297673 9.846276124719791 -0.007617271957400411 0.003232615647927912
-19.380765115492977 9.845748122537096 -0.011324347922040793 0.0032169054824471616
-9.690382557688281 9.845236011165346 -0.011156807904211115 0.0032013490204121035
0.0 9.844739594232006 -0.010996395280013959 0.0031859439120092816
9.690382557804696 1.336384549063471 -0.02272601044504791 0.02457914420531118
19.380765115609393 1.7992040789753112 -0.02410583300186972 0.024968165885412168
29.07114767341409 2.156477677805273 -0.023629616020721306 0.024410879962188707
38.761530231218785 2.4555391902890005 -0.02317507279685202 0.023880050746046613
48.45191278902348 2.716086568303454 -0.022740703384280112 0.02337380621778555
58.14229534682818 2.9486079034666712 -0.022325144289295513 0.022890447484788783
67.83267790463287 3.1594925703370205 -0.02192715325302729 0.022428429205898166
77.52306046243757 3.352984292575101 -0.021545596029587652 0.02198634261400239
87.21344302024227 3.5320776162420557 -0.02158861369421196 0.02159644750680083
96.90382557804696 3.6989826917296718 -0.0212263876417711 0.02118961066034153
106.59420813585166 3.855388327617197 -0.020966080690235218 0.020813183200606843
116.28459069365636 4.002621110395558 -0.02062897198164558 0.02043785344809112
125.97497325146105 4.141746826227398 -0.020304452960426798 0.020077058165149382
135.66535580926575 4.273637901863502 -0.01999179976694182 0.019729950959164057
145.35573836707044 4.399019846931476 -0.019690343691083776 0.019395750235784267
155.04612092487514 4.518504191248602 -0.019399465989256993 0.019073733106129222
164.73650348267984 4.6326124385516545 -0.019118593277457033 0.018763229969108522
174.42688604048453 4.74179386907423 -0.018847193426818013 0.018463619683138862
184.1172685981728 4.846439023543919 -0.018584771898602602 0.01817432525376083
193.8076511559775 4.9468900880044275 -0.01833086846449798 0.017894809973930656
203.4980337137822 5.043449011056269 -0.018085054265658682 0.01762457396253384
213.1884162715869 5.136383933181693 -0.017846929170181967 0.01736315105392162
222.8787988293916 5.2259343400744145 -0.0176161193942043 0.017110105997663865
232.5691813871963 5.312315237887387 -0.017392275356332216 0.01686503193298567
242.259563945001 5.395720569252841 -0.01720601749560032 0.01662754810695213
251.9499465028057 5.476326033167543 -0.016994353322386652 0.01639729780938263
261.6403290606104 5.55429143187331 -0.016788772217092286 0.016173946500846047
271.3307116184151 5.629762638805949 -0.01659797849086008 0.01595718011299282
281.0210941762198 5.702873260276658 -0.016403527301760718 0.015746703502988863
290.7114767340245 5.773746047582436 -0.016259005551749726 0.015544417100431304
300.40185929182917 5.8424941041984555 -0.016073579584367087 0.015345653426209187
310.09224184963387 5.90922192352578 -0.015896476227433818 0.01515239092390146
319.78262440743856 5.9740262856036495 -0.01572089034864492 0.01496440311594057
329.47300696524326 6.036997035709893 -0.015549841962810848 0.014781470485996899
339.16338952304795 6.098217763476918 -0.015383146187271868 0.014603385642988473
348.85377208085265 6.157766397760106 -0.015220628309717153 0.014429952492745172
358.54415463865735 6.215715729799193 -0.015070406648168654 0.014260985476761405
368.2345371963456 6.272133875053754 -0.014922580762607942 0.014096308871776377
377.9249197541503 6.3270846823586755 -0.014771259126411097 0.013935756144567822
387.615302311955 6.380628097620603 -0.014623523763208125 0.01377916935696928
397.3056848697597 6.432820488149011 -0.014479240019645236 0.013626398616567427
406.9960674275644 6.483714932748059 -0.01433828009805024 0.013477301569061788
416.6864499853691 6.533361481931502 -0.014200522616476323 0.013331742928632498
426.3768325431738 6.581807391973266 -0.01410933648425762 0.0131895940430355
436.0672151009785 6.664386085664264 -0.013976512712035332 0.01305073249046319
445.7575976587832 6.754960123549341 -0.013869889344200503 0.012915041705493823
455.4479802165879 6.841418055537455 -0.013742224874131974 0.012782410631707902
465.1383627743926 6.924039060887838 -0.013617318125516276 0.01265273339877797
474.8287453321973 7.003075862699281 -0.013495073018056768 0.012525909022041776
484.519127890002 7.078758027718031 -0.013375398140006501 0.01240184112275216
494.2095104478067 7.151294753126796 -0.01327823607597995 0.0122804376673607
503.8998930056114 7.220877235359239 -0.01316292588875275 0.012161610724340301
513.5902755634161 7.287680695710078 -0.013049963034149554 0.01204527623718416
523.2806581212208 7.351866122091243 -0.012939270088963775 0.011931353812338617
532.9710406790255 7.413581774439228 -0.012830773214011888 0.01181976652093516
542.6614232368302 7.472964492093739 -0.013362852817331464 0.011776411695997701
552.3518057946349 7.530140834283303 -0.013242267001924178 0.01166759536148325
562.0421883523231 7.585228079187374 -0.013124484033755338 0.011560985949000093
571.7325709101278 7.638335102547204 -0.013009383524261882 0.011456512566054209
581.4229534679325 7.689563153181056 -0.012922937517506708 0.011354107543052739
591.1133360257372 7.739006539879474 -0.01281220118867446 0.011253706232250235
600.8037185835419 7.786753241779342 -0.012703866099286074 0.01115524682386338
610.4941011413466 7.832885452409386 -0.012597837870950314 0.011058670177380568
620.1844836991513 7.877480066020035 -0.012494027940350856 0.010963919666388162
629.874866256956 7.920609113512246 -0.012392353053325894 0.010870941035471123
639.5652488147607 7.962340154203064 -0.012292734815744577 0.010779682267942221
649.2556313725654 8.002736628768854 -0.012195099293495625 0.01069009346331837
658.9460139303701 8.041858177956621 -0.012099376655100793 0.010602126723600782
668.6363964881748 8.0797609310232 -0.01200550085145469 0.010515736047532228
678.3267790459795 8.116497767329825 -0.011913409328012117 0.010430877232103833
688.0171616037842 8.152118554068677 -0.011823042765427174 0.010347507780668395
697.7075441615889 8.186670362714544 -0.011734344845218911 0.01026558681708975
707.3979267193936 8.220197666467433 -0.011647262037517628 0.010185075005420272
717.0883092771983 8.25274252067164 -0.011561743408349501 0.01010593447465263
726.778691835003 8.284344727955963 -0.011477740444258545 0.010028128748139034
736.4690743928077 8.315041989632068 -0.011395206892354506 0.0099516226773122
746.159456950496 8.344870044708257 -0.011314098614122548 0.009876382379379128
755.8498395083006 8.37386279772259 -0.011234373451534722 0.009802375178684146
765.5402220661053 8.402052436456602 -0.01115599110420347 0.00972956955148437
775.23060462391 8.429469540485341 -0.011078913016438686 0.00965793507387406
784.9209871817147 8.45614318140369 -0.011003102273237446 0.009587442372647697
794.6113697395194 8.482101015486213 -0.010928523504330222 0.009518063078892282
804.3017522973241 8.507369369455814 -0.010855142795514633 0.009449769784123145
813.9921348551288 8.531973319966895 -0.010780359559740996 0.009382636522952095
823.6825174129335 8.555936767347202 -0.010709345505764935 0.009316434020095134
833.3728999707382 8.579282504087844 -0.010639432321661264 0.00925124078216604
843.0632825285429 8.602032278522783 -0.010570591406069566 0.009187032839061538
852.7536650863476 8.624206854096162 -0.010502795233892843 0.009123786995368385
862.4440476441523 8.64582606457769 -0.01043601730221812 0.009061480798502624
872.134430201957 8.666908865552317 -0.010370232079643145 0.009000092508462242
881.8248127597617 8.687473382480057 -0.010305414958757904 0.008939601069093686
891.5151953175664 8.707536955594744 -0.010241542211549258 0.008879986080780352
901.2055778753711 8.727116181886103 -0.010178590947515786 0.008821227774467897
910.8959604331758 8.746226954387794 -0.010116539074296596 0.008763306986947363
920.5863429909805 8.7648844989744 -0.010055365260634037 0.008706205137322806
930.2767255486688 8.783103408852565 -0.009995048901505137 0.00864990420459578
939.9671081064735 8.800897676917007 -0.009935570085265123 0.00859438670629927
949.6574906642782 8.818280726123302 -0.009876909562673543 0.008539635678131869
959.3478732220829 8.835265438023901 -0.009819048717659455 0.008485634654523486
969.0382557798875 8.85186417959456 -0.009761969539717768 0.008432367650091192
978.7286383376922 8.868088828472185 -0.009705654597822676 0.008379819141932832
988.4190208954969 8.883950796714032 -0.00965008701575809 0.008327974052714012
998.1094034533016 8.89946105317955 -0.009595250448771821 0.00827681773450617
