-1007.7997860109899 9.950440390317304 -0.012343371292068585 0.008762037406110408
-998.1094034531852 9.94962892910333 -0.0121972655662248 0.008656343279501906
-988.4190208953805 9.948809430514162 -0.012054649096641234 0.008553169130624887
-978.7286383375758 9.939223600285436 -0.03751945234858948 0.00845242587842127
-969.0382557797711 9.937840517044831 -0.03673085031754598 0.00835402859281035
-959.3478732220829 9.936379249649118 -0.035977820246824534 0.008257896255603553
-949.6574906642782 9.934874185466716 -0.03525789391078568 0.008163951537757877
-939.9671081064735 9.93334062826656 -0.03458076812645603 0.008072120591695679
-930.2767255486688 9.93178733145368 -0.03392022506021732 0.007982332857493023
-920.5863429908641 9.930220101009645 -0.03328666641697654 0.0078945208818832
-910.8959604330594 9.928643182875726 -0.03267839354964883 0.007808620149090969
-901.2055778752547 9.927059897799928 -0.0320938509415371 0.007724568922605507
-891.51519531745 9.925472967889256 -0.031531611255348604 0.0076423080970754445
-881.8248127596453 9.923884699722013 -0.030990362229572258 0.00756178105957803
-872.1344302018406 9.922297094239637 -0.030468895160454108 0.007482933559577241
-862.4440476440359 9.920711916524786 -0.029966094749424285 0.007405713586942179
-852.7536650862312 9.919130742334032 -0.02948093013013844 0.007330071257448693
-843.0632825284265 9.917554990510068 -0.029012446917703136 0.007255958705233783
-833.3728999706218 9.915985946442067 -0.028559760146260747 0.007183329981715077
-823.6825174128171 9.914424779613876 -0.028122047980804844 0.007112140960526233
-813.9921348550124 9.912872557094357 -0.02769854610558577 0.007042349248054537
-804.3017522972077 9.911330254152443 -0.027288542705319958 0.006973914099199184
-794.611369739403 9.909798762791306 -0.026891373967095063 0.0069067963379980815
-784.9209871815983 9.908278898762275 -0.02650642004073903 0.00684095828279801
-775.23060462391 9.90677140746737 -0.026133101403803982 0.006776363675668226
-765.5402220661053 9.905276969052029 -0.025770875584413083 0.006712977615774837
-755.8498395083006 9.903796202909268 -0.025419234201395143 0.006650766496470091
-746.159456950496 9.902329671754243 -0.025077700286179668 0.006589697945842536
-736.4690743926913 9.900877885380412 -0.024745825855548343 0.006529740770518612
-726.7786918348866 9.89944130417069 -0.024423189708085206 0.0064708649025058355
-717.0883092770819 9.898020342407731 -0.024109395420512533 0.006413041348887875
-707.3979267192772 9.896615371404835 -0.023802807774697735 0.006356276942801527
-697.7075441614725 9.89522672246361 -0.023505630935157045 0.006300474197931783
-688.0171616036678 9.893854689655429 -0.02321623622616425 0.006245642821238839
-678.3267790458631 9.892499532420993 -0.02293430973829742 0.006191757664747386
-668.6363964880584 9.891161477984799 -0.02265955465520712 0.006138794441363602
-658.9460139302537 9.889840723586506 -0.02239169008700342 0.006086729688329574
-649.255631372449 9.888537438537462 -0.02213044999884234 0.006035540732526126
-639.5652488146443 9.887251766115735 -0.02187558222571815 0.005985205657515607
-629.8748662568396 9.885983825316186 -0.021626847565429097 0.005935703272223374
-620.1844836990349 9.884733712472974 -0.02138401894253076 0.005887013081163439
-610.4941011412302 9.883501502770953 -0.021146880636838797 0.005839115256120022
-600.8037185834255 9.882287251660303 -0.02091522757070426 0.005791990609202429
-591.1133360257372 9.881090996186163 -0.020688864649872452 0.005745620567196615
-581.4229534679325 9.879912756242303 -0.02046760615323732 0.005699987147137843
-571.7325709101278 9.878752535756105 -0.02025127516732166 0.0056550729330450515
-562.0421883523231 9.877610323809689 -0.02003970306162921 0.005610861053742412
-552.3518057945184 9.876486095701303 -0.019832729001476364 0.0055673351617169485
-542.6614232367137 9.875379813949957 -0.019630199495180592 0.005524479412953056
-532.971040678909 9.874217822357725 -0.01943196797279397 0.0054822784476921535
-523.2806581211044 9.872705871608265 -0.0192378943938294 0.005440717372068269
-513.5902755632997 9.87120364734242 -0.0191648965697004 0.005399781740573336
-503.89989300549496 9.869711708771538 -0.018975695131431457 0.0053594575393087944
-494.20951044769026 9.86823059874889 -0.01879042186057829 0.005319731169982583
-484.51912788988557 9.86676084351996 -0.01860894792784749 0.00528058943461317
-474.82874533208087 9.865302952489394 -0.018431150542469132 0.00524201952090433
-465.1383627742762 9.863857418012145 -0.018410512315763263 0.0052040089882566445
-455.4479802164715 9.862424715213185 -0.018235775231426245 0.0051665457543836
-445.7575976586668 9.86100530183798 -0.01806457654352665 0.005129618082501954
-436.0672151008621 9.85959961813502 -0.017896799532846192 0.005093214569067888
-426.3768325430574 9.858208086770803 -0.017732333254319877 0.005057324132031921
-416.6864499852527 9.856831112777238 -0.01757107212253933 0.005021935999587225
-406.9960674275644 9.85546908353091 -0.017412915538605744 0.004987039699387683
-397.3056848697597 9.85412236876321 -0.017609812535824533 0.005004955587457869
-387.615302311955 9.852791320600376 -0.017448492684604303 0.00496966164701532
-377.9249197541503 9.851476273631663 -0.017290459774339788 0.00493489782176403
-368.2345371963456 9.850177545004357 -0.017238495299515964 0.004900649729524119
-358.54415463854093 9.84889543454386 -0.01708404284572028 0.004866903719993239
-348.85377208073623 9.84763022489717 -0.01693267776959867 0.004833646810178274
-339.16338952293154 9.84638218169818 -0.016768051693050918 0.004801739326306937
-329.47300696512684 9.845151553753087 -0.016622955180094073 0.004769401866760583
-319.78262440732215 9.843938573244547 -0.016480618182519047 0.004737519130421978
-310.09224184951745 9.842743455953057 -0.016340950732005647 0.004706080221641524
-300.40185929171275 9.84156640149431 -0.016203867492624858 0.004675074695905421
-290.71147673390806 9.840407593571292 -0.01606928740969656 0.00464449252799056
-281.02109417610336 9.839267200240005 -0.016013490336048562 0.004614324083429313
-271.33071161829866 9.838145374187759 -0.015881737257787333 0.0045845600928493
-261.64032906049397 9.837042253023116 -0.015752364146697777 0.004555191628819579
-251.94994650268927 9.835957959576433 -0.015625297117191943 0.00452621008488983
-242.25956394488458 9.834892602210314 -0.01550046593960518 0.004497607156554947
-232.56918138707988 9.833846275138926 -0.015377803769813849 0.004469374823915829
-222.87879882927518 9.832819058755495 -0.015257246906221175 0.004441505335839315
-213.1884162715869 9.831811019967127 -0.015040980348738457 0.004427140297499499
-203.4980337137822 9.830822212536079 -0.01492693742374159 0.004399640264559176
-193.8076511559775 9.82985267742688 -0.014814702458489027 0.004372497842040858
-184.1172685981728 9.828902443158267 -0.014704231247206849 0.004345705020123889
-174.42688604036812 9.827971526159338 -0.015269490759901994 0.004393526484457362
-164.73650348256342 9.827059931129059 -0.015145082632117564 0.004365499608254533
-155.04612092475872 9.826167651398377 -0.015023183382950882 0.004337895955875814
-145.35573836695403 9.825294669294191 -0.014903690308107918 0.004310701638209413
-135.66535580914933 9.824440956504395 -0.014786508025190472 0.004283903680282963
-125.97497325134464 9.823606474443332 -0.014669360326271653 0.004257568014530826
-116.28459069353994 9.822791174616887 -0.014556595595941824 0.004231525037389485
-106.59420813573524 9.821994998986566 -0.014445889540528093 0.004205844208862027
-96.90382557793055 9.82121788033195 -0.014337169650049223 0.004180515383907758
-87.21344302012585 9.820459742610804 -0.014230367791866894 0.004155528970828263
-77.52306046232115 9.81972050131636 -0.014125419822986875 0.00413087588302031
-67.83267790451646 9.819000063831144 -0.01402226524654355 0.004106547496253854
-58.14229534671176 9.818298329776887 -0.013920846906476802 0.00408253561072367
-48.451912788907066 9.817615191359975 -0.014256844296803536 0.004097959125197323
-38.76153023110237 9.816950533712099 -0.014147536191025874 0.004073551219140082
-29.07114767341409 9.81630423522558 -0.014040371930336035 0.004049487870986469
-19.380765115609393 9.815676167883108 -0.013935264071341468 0.004025758574811398
-9.690382557804696 9.815066197581555 -0.01383213133830748 0.0040023534649987055
0.0 9.81447418444953 -0.01373089800490027 0.00397926325527662
9.690382557804696 7.024533475473786 0.024477219316411405 0.03353188007765897
19.380765115609393 7.162071585993451 0.02359477593161008 0.03274876930971667
29.07114767341409 7.264661559238695 0.022606481830302734 0.0320156593567237
38.761530231218785 7.348692104609439 0.021819307181759343 0.03130631181117132
48.45191278902348 7.420762859434945 0.0210726291046064 0.030630066747989137
58.14229534682818 7.484317156613936 0.020363555876913388 0.02998462088329022
67.83267790463287 7.541419944412506 0.01968946115279667 0.0293678805830958
77.52306046243757 7.593424335705294 0.019047954317422195 0.028777938519108887
87.21344302024227 7.641273535133069 0.018436854724059915 0.028213053376507882
96.90382557804696 7.685655775237633 0.017854169233080253 0.027671632158125393
106.59420813585166 7.727091261177626 0.01729807256975819 0.027152214705496256
116.28459069365636 7.765984374366004 0.016766890096864 0.026653460119363374
125.97497325146105 7.802656725627628 0.016259082662854214 0.02617413481313047
135.66535580926575 7.837368999624948 0.015773233239837956 0.0257131019746486
145.35573836707044 7.870335911475182 0.015308035109595245 0.025269312246354057
155.04612092475872 7.901736756318567 0.014862281392521054 0.02484179546251719
164.73650348256342 7.93172304134977 0.014434855744809726 0.024429653306264107
174.42688604036812 7.960424129221227 0.014024724074782523 0.024032052769152372
184.1172685981728 7.987951491309086 0.013630927150446316 0.023648220312692692
193.8076511559775 8.014401967490071 0.013252573988547846 0.02327743664552193
203.4980337137822 8.03986030192339 0.012888835930464493 0.022919032041760122
213.1884162715869 8.064401141995388 0.012538941323177687 0.022572382136232826
222.8787988293916 8.088090632972655 0.012202170734501517 0.0222369041408268
232.5691813871963 8.110987703893958 0.011877852641053973 0.02191205343356923
242.259563945001 8.133145114652377 0.011565359535417968 0.021597320478278437
251.9499465028057 8.154610316230164 0.011264104405758518 0.021292228037995554
261.6403290606104 8.175426163195407 0.0109735375470206 0.020996328650013434
271.3307116184151 8.195631508250905 0.01069314366787719 0.020709202334286612
281.0210941762198 8.215261701779285 0.010422439261952372 0.020430454510431937
290.7114767340245 8.234349014236438 0.010160970215613024 0.020159714101494274
300.40185929182917 8.252922995415103 0.009908309627891495 0.01989663180522326
310.09224184963387 8.27101078168877 0.009664055820942935 0.019640878515843077
319.78262440743856 8.288637360111132 0.009427830521916166 0.01939214388124502
329.47300696524326 8.305825796515036 0.009199277199277541 0.019150134982233013
339.16338952293154 8.32259743340189 0.008978059538519729 0.01891457512194313
348.85377208073623 8.338972062348727 0.00876386004382521 0.018685202714841927
358.54415463854093 8.354968074810378 0.008556378753764264 0.018461770265913398
368.2345371963456 8.370602594525796 0.008355332060293553 0.01824404343155232
377.9249197541503 8.385891594186807 0.00816045162154241 0.018031800154669604
387.615302311955 8.40084999859186 0.007971483359813064 0.017824829867239465
397.3056848697597 8.415491776147304 0.007788186537120106 0.017622932754231466
406.9960674275644 8.429830020285573 0.007610332901371587 0.017425919073482517
416.6864499853691 8.443877022127685 0.007437705896986 0.017233608526608803
426.3768325431738 8.457644335517548 0.00727009993435398 0.01704582967654206
436.0672151009785 8.471142835389188 0.007107319713100934 0.01686241940770629
445.7575976587832 8.486101511512382 0.006949179594594204 0.01668322242523507
455.4479802165879 8.51122178503358 0.006795503019573713 0.016508090789973076
465.1383627743926 8.53543164447277 0.006646121967174206 0.0163368834863122
474.8287453321973 8.55879265850462 0.0065008764519553 0.016169466020187297
484.519127890002 8.581360224997903 0.006359614055867733 0.016005710044802952
494.2095104478067 8.603184369164163 0.0062221894923643545 0.015845493011883448
503.8998930056114 8.624310415864311 0.0060884642001161025 0.01568869784643711
513.5902755634161 8.644779559530507 0.005958305964019683 0.015535212643204541
523.2806581211044 8.664629350128882 0.005831588561389256 0.0153849303831236
532.971040678909 8.683894109769346 0.0057081914313977765 0.015237748668276157
542.6614232367137 8.702605291633175 0.005587999366031793 0.015093569473951218
552.3518057945184 8.720791790629438 0.005470902220920315 0.014952298916513975
562.0421883523231 8.738480213412094 0.005356794644587839 0.014813847035941512
571.7325709101278 8.755695114000812 0.005245575824772611 0.014678127591944725
581.4229534679325 8.772459200140895 0.005137149250573582 0.014545057872697303
591.1133360257372 8.78879351465414 0.0050314224892895575 0.014414558515270725
600.8037185835419 8.804717595320978 0.0049283069769060365 0.01428655333694731
610.4941011413466 8.820249616257863 0.004827717821269238 0.01416096917664948
620.1844836991513 8.835406513283802 0.004729573617063087 0.014037735745783786
629.874866256956 8.85020409538449 0.0046337962717745845 0.01391678548785349
639.5652488147607 8.864657144064413 0.004540310841896492 0.013798053446243503
649.2556313725654 8.878779502113698 0.004449045378674251 0.013681477139627507
658.9460139303701 8.892584153096609 0.004359930782757024 0.013566996444488921
668.6363964881748 8.90608329268471 0.004272900667161376 0.013454553484285946
678.3267790459795 8.919288392802864 0.004187891228000326 0.013344092524825858
688.0171616037842 8.932210259425558 0.004104841122471404 0.013235559875446128
697.7075441615889 8.944859084750323 0.004023691353634489 0.013128903795629287
707.3979267193936 8.957244494380527 0.003944385161544581 0.013024074406705919
717.0883092770819 8.969375590069404 0.003866867920337046 0.012921023608325945
726.7786918348866 8.981260988508867 0.0037910870408852733 0.012819704999393026
736.4690743926913 8.992908856584569 0.003716991878696839 0.012720073803203625
746.159456950496 9.004326943472465 0.003644533646706269 0.012622086796508721
755.8498395083006 9.015522609902796 0.0035736653326776326 0.01252570224227714
765.5402220661053 9.026502854882198 0.0035043416209314796 0.01243087982593022
775.23060462391 9.037274340130239 0.0034365188181363867 0.012337580594841267
784.9209871817147 9.04784341245776 0.0033701547829222043 0.012245766900906147
794.6113697395194 9.058216124289004 0.0033052088590885043 0.012155402346004516
804.3017522973241 9.06839825250728 0.003241641812196868 0.012066451730183024
813.9921348551288 9.078395315784425 0.0031794157693497776 0.01197888100240314
823.6825174129335 9.088212590537047 0.0031184941619717835 0.011892657213706496
833.3728999707382 9.097855125637526 0.0030588416714207125 0.011807748472660194
843.0632825285429 9.107327755994246 0.0030004241772678625 0.01172412390295352
852.7536650863476 9.116635115103822 0.002943208708096446 0.011641753603025553
862.4440476441523 9.12578164666749 0.0028871633946772374 0.01156060860761097
872.134430201957 9.134771615354618 0.0028322574253892294 0.01148066085109842
881.8248127597617 9.143609116787879 0.0027784610037614632 0.01140188313260224
891.5151953175664 9.15229808681741 0.0027257453080198977 0.011324249082654893
901.2055778752547 9.160842310144494 0.0026740824525310343 0.01124773313143352
910.8959604330594 9.169245428350132 0.002623445451036283 0.011172310478433535
920.5863429908641 9.177510947376561 0.002573808181590386 0.011097957063525893
930.2767255486688 9.185642244508609 0.0025251453531012656 0.01102464953930753
939.9671081064735 9.193642574893895 0.002477432473395814 0.010952365244690692
949.6574906642782 9.201515077639437 0.00243064581872823 0.010881082179661807
959.3478732220829 9.209262781517927 0.0023847624046563895 0.010810778981150519
969.0382557798875 9.21688861031414 0.002339759958215747 0.010741434899952327
978.7286383376922 9.224395387839083 0.002295616891324267 0.010673029778651366
988.4190208954969 9.231785842637105 0.0022523122753556743 0.0106055440304931
998.1094034533016 9.239062612408908 0.002209825816822081 0.010538958619159404
