-1007.7997860111063 11.307483656493442 -6.323152595038241e-05 2.971915276703292e-08
-998.1094034533016 11.307483656493442 -7.091416520901766e-05 2.932987489282886e-08
-988.4190208954969 11.307483656493442 -7.029183780450933e-05 2.8950663120374682e-08
-978.7286383376922 11.307483656493442 -6.968250754538437e-05 2.8581131993463502e-08
-969.0382557798875 11.307483656493442 -7.481890670534801e-05 2.8220915487895803e-08
-959.3478732220829 11.307483656493442 -7.415685762923397e-05 2.786966580229404e-08
-949.6574906642782 11.307483656493442 -7.350860977648953e-05 2.752705223797363e-08
-939.9671081064735 11.307483656493442 -7.287369984191048e-05 2.719276016041822e-08
-930.2767255486688 11.307483656493442 -7.225168578373898e-05 2.686649003551068e-08
-920.5863429908641 11.307483656493442 -7.164214559535493e-05 2.6547956534578424e-08
-910.8959604330594 11.307483656493442 -7.104467616211596e-05 2.623688770191047e-08
-901.2055778752547 11.307483656493442 -7.045889219647911e-05 2.5933024180496123e-08
-891.51519531745 11.307483656493442 -6.988442524516742e-05 2.563611849073057e-08
-881.8248127596453 11.307483656493442 -6.932092276270901e-05 2.5345934358303516e-08
-872.1344302018406 11.307483656493442 -6.876804724618673e-05 2.506224608700627e-08
-862.4440476441523 11.307483656493442 -6.82254754264976e-05 2.4784837973349337e-08
-852.7536650863476 11.307483656493442 -7.222064824309426e-05 2.4513503759564322e-08
-843.0632825285429 11.307483656493442 -7.163666421967433e-05 2.4248046122229162e-08
-833.3728999707382 11.307483656493442 -7.106371939773121e-05 2.3988276193625367e-08
-823.6825174129335 11.307483656493442 -7.050147619489464e-05 2.3734013113572232e-08
-813.9921348551288 11.307483656493442 -6.994961125644809e-05 2.348508360959121e-08
-804.3017522973241 11.307483656493442 -6.940781469418543e-05 2.324132160312732e-08
-794.6113697395194 11.307483656493442 -6.887578937454156e-05 2.300256783993376e-08
-784.9209871817147 11.307483656493442 -6.835325025225505e-05 2.2768669543221192e-08
-775.23060462391 11.307483656493442 -6.783992374614801e-05 2.2539480087580317e-08
-765.5402220661053 11.307483656493442 -6.733554715390058e-05 2.2314858692535755e-08
-755.8498395083006 11.307483656493442 -6.683986810296426e-05 2.2094670134101268e-08
-746.159456950496 11.307483656493442 -6.635264403499762e-05 2.1878784473324467e-08
-736.4690743926913 11.307483656493442 -8.792367444475786e-05 2.1667076800675293e-08
-726.7786918348866 11.307483656493442 -8.71530727434037e-05 2.1459426994948373e-08
-717.0883092770819 11.307483656493442 -8.63982847233999e-05 2.1255719496039542e-08
-707.3979267192772 11.307483656493442 -8.565878377627946e-05 2.1055843090465355e-08
-697.7075441614725 11.307483656493442 -8.49340676000342e-05 2.08596907089064e-08
-688.0171616036678 11.307483656493442 -8.42236567681107e-05 2.0667159235062456e-08
-678.3267790459795 11.307483656493442 -9.203805577118242e-05 2.047814932467024e-08
-668.6363964881748 11.307483656493442 -9.123982091095385e-05 2.029256523483191e-08
-658.9460139303701 11.307483656493442 -9.04576481772908e-05 2.011031466208586e-08
-649.2556313725654 11.307483656493442 -8.969101597564357e-05 1.993130858946194e-08
-639.5652488147607 11.307483656493442 -8.893942610891638e-05 1.975546114147663e-08
-629.874866256956 11.307483656493442 -8.820240244199312e-05 1.958268944670319e-08
-620.1844836991513 11.307483656493442 -9.155801859063327e-05 1.9412913507620435e-08
-610.4941011413466 11.307483656493442 -9.079351549687179e-05 1.924605607710039e-08
-600.8037185835419 11.307483656493442 -9.004374826695757e-05 1.9082042541144636e-08
-591.1133360257372 11.307483656493442 -8.930825891075718e-05 1.8920800807692112e-08
-581.4229534679325 11.307483656493442 -9.631048002177216e-05 1.876226120101785e-08
-571.7325709101278 11.307483656493442 -9.549715715109929e-05 1.86063563611949e-08
-562.0421883523231 11.307483656493442 -9.469967345215077e-05 1.845302114879114e-08
-552.3518057945184 11.307483656493442 -9.391753133876543e-05 1.8302192554054722e-08
-542.6614232367137 11.307483656493442 -9.315025486255017e-05 1.815380961066214e-08
-532.971040678909 11.307483656493442 -9.239738851215457e-05 1.8007813313479722e-08
-523.2806581211044 11.307483656493442 -9.165849609344656e-05 1.7864146540316732e-08
-513.5902755632997 11.307483656493442 -9.093315968419087e-05 1.772275397748407e-08
-503.89989300549496 11.307483656493442 -9.022097865741009e-05 1.758358204870493e-08
-494.2095104478067 11.307483656493442 -8.952156876813864e-05 1.7446578847534674e-08
-484.519127890002 11.307483656493442 -8.883456129868948e-05 1.731169407267191e-08
-474.8287453321973 11.307483656493442 -8.81596022581503e-05 1.7178878966529406e-08
-465.1383627743926 11.307483656493442 -8.749635163191406e-05 1.7048086256336614e-08
-455.4479802165879 11.307483656493442 -0.00010647105670118784 1.6919270098137003e-08
-445.7575976587832 11.307483656493442 -0.00010556317508916774 1.679238602317248e-08
-436.0672151009785 11.307483656493442 -0.00010467323019291018 1.666739088671443e-08
-426.3768325431738 11.307483656493442 -0.00010380064627150135 1.6544242819135524e-08
-416.6864499853691 11.307483656493442 -0.00010294487334635446 1.6422901179167915e-08
-406.9960674275644 11.307483656493442 -0.00010210538572220903 1.6303326509156436e-08
-397.3056848697597 11.307483656493442 -0.00010128168061157356 1.6185480492331988e-08
-387.615302311955 11.307483656493442 -0.00010047327685410477 1.6069325911797977e-08
-377.9249197541503 11.307483656493442 -9.96797137232163e-05 1.5954826611433986e-08
-368.2345371963456 11.307483656493442 -9.890054981292932e-05 1.5841947458302876e-08
-358.54415463854093 11.307483656493442 -9.813536199861657e-05 1.5730654306734773e-08
-348.85377208073623 11.307483656493442 -9.738374446587032e-05 1.562091396388198e-08
-339.16338952293154 11.307483656493442 -9.664530780223852e-05 1.5512694156726678e-08
-329.47300696512684 11.307483656493442 -9.591967814704052e-05 1.5405963500467436e-08
-319.78262440732215 11.307483656493442 -9.520649639489129e-05 1.5300691468074774e-08
-310.09224184951745 11.307483656493442 -9.450541744894053e-05 1.5196848361296016e-08
-300.40185929182917 11.307483656493442 -9.381610952018263e-05 1.5094405282614183e-08
-290.7114767340245 11.307483656493442 -9.313825346944266e-05 1.499333410858567e-08
-281.0210941762198 11.307483656493442 -9.247154218909722e-05 1.4893607463933231e-08
-271.3307116184151 11.307483656493442 -9.181568002155022e-05 1.4795198696914707e-08
-261.6403290606104 11.307483656493442 -9.117038221200485e-05 1.4698081855582625e-08
-251.9499465028057 11.307483656493442 -9.053537439310538e-05 1.4602231664925585e-08
-242.259563945001 11.307483656493442 -8.991039209927e-05 1.4507623505010761e-08
-232.5691813871963 11.307483656493442 -8.929518030870108e-05 1.4414233389789546e-08
-222.8787988293916 11.307483656493442 -8.868949301121444e-05 1.4322037946913323e-08
-213.1884162715869 11.307483656493442 -8.809309280017392e-05 1.4231014398205178e-08
-203.4980337137822 11.307483656493442 -8.750575048694736e-05 1.4141140540905007e-08
-193.8076511559775 11.307483656493442 -9.744694244007345e-05 1.405239472957419e-08
-184.1172685981728 11.307483656493442 -0.00010881317358578547 1.3964755858793514e-08
-174.42688604036812 11.307483656493442 -0.00010794771375100177 1.3878203346343607e-08
-164.73650348256342 11.307483656493442 -0.0001070985910280041 1.379271711714969e-08
-155.04612092475872 11.307483656493442 -0.0002042554398640378 1.3708277587728708e-08
-145.35573836695403 11.307483656493442 -0.00020210583122666224 1.3624865651256246e-08
-135.66535580914933 11.307483656493442 -0.00020000679195201088 1.3542462663124965e-08
-125.97497325134464 11.307483656493442 -0.00019795645562932114 1.3461050427066804e-08
-116.28459069365636 11.307483656493442 -0.00019595304914964533 1.3380611181775736e-08
-106.59420813585166 11.307483656493442 -0.00046613777670899105 1.3301127587933487e-08
-96.90382557804696 11.307483656493442 -0.00046054222812599307 1.3222582715829743e-08
-87.21344302024227 11.307483656493442 -0.0006185016904955283 1.3144960033257046e-08
-77.52306046243757 11.307483656493442 -0.0006109645274656746 1.3068243393942348e-08
-67.83267790463287 11.307483656493442 -0.0006036166772843755 1.2992417026406833e-08
-58.14229534682818 11.307483656493442 -0.0005964509751095764 1.2917465523075115e-08
-48.45191278902348 11.307483656493442 -0.000589460616023251 1.2843373829857851e-08
-38.761530231218785 11.307483656493442 -0.0005826391326128561 1.2770127236097582e-08
-29.07114767341409 11.307483656493442 -0.0005759803742122988 1.2697711364830783e-08
-19.380765115609393 11.307483656493442 -0.0005741029337975826 1.2626112163342662e-08
-9.690382557804696 11.307483656493442 -0.00056768917773544 1.2555315894106838e-08
0.0 8.628759041935123 0.010486296324843578 0.02483404463562043
9.690382557804696 8.898988024497159 0.010341681607836991 0.02449520197547366
19.380765115609393 9.059106617914285 0.01012198108736582 0.024165481381218
29.07114767341409 9.179174570586163 0.009986117840217908 0.02384451937936608
38.761530231218785 9.27677236500973 0.005786867290838523 0.023531971553703703
48.45191278902348 9.359565555034408 0.005712915847291356 0.023227511312460026
58.14229534682818 9.4317084688108 0.005640816554123173 0.022930828749958377
67.83267790451646 9.495748146896748 0.005570501011248788 0.022641629594410597
77.52306046232115 9.55337736099258 0.005501904133025982 0.02235963423432388
87.21344302012585 9.605787337272668 0.005434963950605461 0.02208457681680142
96.90382557793055 9.653852989285603 0.005369621428200924 0.021816204411554473
106.59420813573524 9.6982386317758 0.0053058202921641975 0.021554276235153016
116.28459069353994 9.739462270639486 0.005243506871835422 0.021298562930492457
125.97497325134464 9.7779367163028 0.005182629951236541 0.021048845896948262
135.66535580914933 9.813996971183848 0.005123140630758717 0.020804916667106495
145.35573836695403 9.847919101910337 0.00506499219806917 0.020566576326335226
155.04612092475872 9.87993362054389 0.005008140007530623 0.020333634971800293
164.73650348256342 9.910235207094102 0.004952541367487522 0.020105911207833227
174.42688604036812 9.938989924700042 0.0048510529260811204 0.019883231674832857
184.1172685981728 9.966340674082245 0.004798476252285249 0.019665430609129526
193.8076511559775 9.99241138481995 0.004747018829196864 0.019452349431463324
203.4980337137822 10.017310283102479 0.004696645458928848 0.019243836361929348
213.1884162715869 10.041132472800786 0.004647322398373675 0.019039746059425215
222.8787988293916 10.06396199818626 0.0045990172850992606 0.018839939283800674
232.5691813871963 10.085873509985648 0.004554715289146022 0.018644336111174824
242.259563945001 10.106933624111086 0.003344797594060651 0.018452700781408038
251.94994650268927 10.127202039578343 0.003315050998699818 0.018264964811567495
261.64032906049397 10.146732465770432 0.0032857869993618404 0.018081010385078353
271.33071161829866 10.165573397309025 0.0032559679776495583 0.017900812014177484
281.02109417610336 10.183768766049509 0.0024976224023351003 0.017724084599388436
290.71147673390806 10.201358493182479 0.0024624024518113525 0.017550812589928574
300.40185929171275 10.218378959513448 0.0024448499118747964 0.017380895625760357
310.09224184951745 10.234863408248405 0.002427471277078289 0.0172142371961103
319.78262440732215 10.250842291737026 0.002410267695629489 0.017050744456675336
329.47300696512684 10.266343571395346 0.002393239972374911 0.016890328057147828
339.16338952293154 10.281392978286181 0.0023763886030302933 0.01673290197838589
348.85377208073623 10.296014240461933 0.0023597138051999985 0.016578383378605725
358.54415463854093 10.31022928208407 0.0023432155465005623 0.016426692448017834
368.2345371963456 10.324058398462247 0.0023268935700703304 0.016277752271371508
377.9249197541503 10.341741728059011 0.0023107474177177004 0.01613148869790988
387.615302311955 10.360468705905028 0.002294776450934398 0.015987830218273765
397.3056848697597 10.37851681784363 0.0022789798699770747 0.015846707847924822
406.9960674275644 10.3959293007448 0.002263356731199747 0.015708055016688795
416.6864499853691 10.412745381555235 0.002247905962801384 0.015571807464047259
426.3768325431738 10.429000751832001 0.0022326263791364 0.015437903139831758
436.0672151008621 10.444727974794858 0.0022175166937214497 0.01530628210999959
445.7575976586668 10.459956836049296 0.0021620974010237736 0.015176886467181077
455.4479802164715 10.474714647033364 0.002147875154868792 0.015049660245741614
465.1383627742762 10.489026508594325 0.002133803610888919 0.014924549341064982
474.82874533208087 10.50291554077894 0.0021198817782254907 0.014801501432837217
484.51912788988557 10.51640308387116 0.0021061085835114733 0.014680465912092943
494.20951044769026 10.529508874859593 0.002092482880208699 0.01456139381181208
503.89989300549496 10.542251202827625 0.0020790034571211455 0.014444237740866858
513.5902755632997 10.554647046196196 0.0020656690461573236 0.014328951821132165
523.2806581211044 10.566712194287387 0.0020524783294079752 0.014215491627583636
532.971040678909 10.578461355296225 0.0020394299455992106 0.01410381413121939
542.6614232367137 10.589908252442735 0.002026522495975433 0.013993877644651254
552.3518057945184 10.60106570981368 0.0019520024693055452 0.013885641770220876
562.0421883523231 10.611945729184516 0.0019402070720357363 0.013779067350505287
571.7325709101278 10.622559558927959 0.0019193026422532117 0.013674116421084242
581.4229534679325 10.632917755961095 0.001907860952559754 0.013570752165449852
591.1133360257372 10.643030241552225 0.001896528889784526 0.013468938871945956
600.8037185835419 10.652906351698073 0.001885305852268792 0.013368641892631403
610.4941011413466 10.662554882687836 0.001874191182675495 0.013269827603967681
620.1844836991513 10.671984132390604 0.0018631841737196725 0.013172463369237256
629.8748662568396 10.681201937733896 0.0018522840734235399 0.013076517502605524
639.5652488146443 10.690215708783262 0.0018414900899357022 0.01298195923473624
649.255631372449 10.699032459780133 0.0018308013959531864 0.012888758679899434
658.9460139302537 10.707658837455499 0.0018202171327769518 0.01279688680447485
668.6363964880584 10.716101146895602 0.0018097364140332247 0.012706315396798477
678.3267790458631 10.724365375205766 0.0017993583290874997 0.012617017038279449
688.0171616036678 10.73245721318934 0.0017890819461765842 0.012528965075726381
697.7075441614725 10.740382075234484 0.001778906315281717 0.012442133594824519
707.3979267192772 10.748145117580094 0.0017688304707637306 0.012356497394708033
717.0883092770819 10.755751255113374 0.0017588534337795475 0.0122720319635754
726.7786918348866 10.76320517683531 0.0017489742144975616 0.012188713455297989
736.4690743926913 10.77051136011586 0.0017391918141279827 0.012106518666975171
746.159456950496 10.777674083847987 0.0017295052267829 0.012025425017391409
755.8498395083006 10.784697440598572 0.0017199134411795998 0.011945410526333477
765.5402220661053 10.791585347844267 0.0017104154421994726 0.011866453794727906
775.23060462391 10.798341558371748 0.001701010212313941 0.011788533985560963
784.9209871817147 10.80496966991387 0.0016916967328878083 0.011711630805545497
794.6113697395194 10.811473134086556 0.0016824739853696221 0.01163572448750068
804.3017522973241 10.81785526468484 0.0016733409523779152 0.011560795773412569
813.9921348550124 10.824119245391172 0.001664296618691472 0.011486825898145819
823.6825174128171 10.830268136944431 0.001655339972150495 0.011413796573772438
833.3728999706218 10.836304883812385 0.0016464700044771237 0.011341689974503149
843.0632825284265 10.842232320408716 0.0016376857120194896 0.011270488722177794
852.7536650862312 10.84805317688984 0.0016289860964267449 0.01120017587230311
862.4440476440359 10.853770084564843 0.0016203701652598252 0.011130734900609039
872.1344302018406 10.859385580948631 0.0016118369325429365 0.0110621496901021
881.8248127596453 10.864902114485776 0.0016033854192604305 0.010994404518594424
891.51519531745 10.87032204897015 0.0015950146538032293 0.010927484046688323
901.2055778752547 10.875647667683392 0.0015867236723686889 0.010861373306196912
910.8959604330594 10.880881177273192 0.0015785115193175559 0.010796057688982598
920.5863429908641 10.88602471139072 0.0015703772474912813 0.01073152293619589
930.2767255486688 10.891080334104855 0.0015623199184927946 0.01066775512789783
939.9671081064735 10.896050043109478 0.0015543386029335789 0.01060474067305025
949.6574906642782 10.90093577273867 0.0015464323806496638 0.010542466299858754
959.3478732220829 10.90573939680357 0.001538600340888959 0.010480919046453853
969.0382557798875 10.910462731263456 0.0015308415824722018 0.0104200862518968
978.7286383376922 10.915107536742626 0.00152315521392957 0.010359955547496656
988.4190208954969 10.919675520903816 0.001515540353614902 0.0103005148484264
998.1094034531852 10.924168340687824 0.0015079961297993873 0.010241752345626659
