-1007.7997860111063 8.738173615206517 -0.03018837861104768 0.03171202789756368
-998.1094034533016 8.730718357386209 -0.030060059333655513 0.03153523034425985
-988.4190208954969 8.723201440110849 -0.029932978119939974 0.031360485277889205
-978.7286383376922 8.715673349743005 -0.02980711527135118 0.031187756320577607
-969.0382557798875 8.708180232687088 -0.02973950019606166 0.0310194396860984
-959.3478732220829 8.700763748327837 -0.029615596133161008 0.030850619316734967
-949.6574906642782 8.693461058412305 -0.029492860100641234 0.030683711269983736
-939.9671081064735 8.686304920330272 -0.029371273960758396 0.03051868246953831
-930.2767255486688 8.679323855988418 -0.029250819973590827 0.030355500606339892
-920.5863429908641 8.672542372863283 -0.029131480785798674 0.030194134116335078
-910.8959604331758 8.665981218533725 -0.029268951604500472 0.030034552159006984
-901.2055778753711 8.659657654163341 -0.02914991109258572 0.029876724596637053
-891.5151953175664 8.653585735909688 -0.029031962984976515 0.029720621974296653
-881.8248127597617 8.647776596083606 -0.02891509077292918 0.029566215500501904
-872.134430201957 8.642238718147802 -0.028799278300748896 0.02941347702853332
-862.4440476441523 8.636978201409296 -0.02868450975603382 0.029262379038383142
-852.7536650863476 8.63199901262198 -0.028730814545023377 0.02911289461930753
-843.0632825285429 8.627303222751864 -0.028616909507060345 0.028964997452960054
-833.3728999707382 8.622891227937878 -0.028504020147805 0.02881866179708409
-823.6825174129335 8.618761954261721 -0.028392131562028966 0.028673862469742448
-813.9921348551288 8.614913046366267 -0.02870304460334444 0.0285305748340638
-804.3017522973241 8.611341040268833 -0.028590001764058993 0.028388774783486212
-794.6113697395194 8.60804152093136 -0.028477962400754588 0.02824843872747879
-784.9209871817147 8.605009265295338 -0.028366911804671102 0.028109543577723745
-775.23060462391 8.602238371582368 -0.028256835573962445 0.027972066734741254
-765.5402220661053 8.59972237571413 -0.02814771960535486 0.027835986074940988
-755.8498395083006 8.597454355728567 -0.028039550086084764 0.027701279938084168
-746.159456950496 8.5954270250698 -0.027932313486104567 0.027567927115141368
-736.4690743926913 8.593632815613725 -0.027825996550546305 0.027435906836531056
-726.778691835003 8.592063951264215 -0.027720586292433808 0.027305198760727088
-717.0883092771983 8.590712512919362 -0.027616069985626494 0.02717578296321212
-707.3979267193936 8.589570495567227 -0.0275124351580044 0.027047639925787684
-697.7075441615889 8.588629858226057 -0.027409669584860286 0.02692075052619742
-688.0171616037842 8.587882567399319 -0.027538594530152862 0.026811260876231893
-678.3267790459795 8.587320634669789 -0.027435828448416872 0.026686703640144364
-668.6363964881748 8.586936149011771 -0.027333921321557382 0.02656334669917815
-658.9460139303701 8.58672130435655 -0.027232861308260164 0.026441172379201662
-649.2556313725654 8.58666842290359 -0.027132636800345028 0.026320163355812175
-639.5652488147607 8.586769974629659 -0.02703323641675421 0.02620030264566803
-629.874866256956 8.587018593409496 -0.026934648997733058 0.026081573598078174
-620.1844836991513 8.587407090125728 -0.026836863599195508 0.02596395988684058
-610.4941011413466 8.587928463111751 -0.02673986948726732 0.025847445502320508
-600.8037185835419 8.588575906239932 -0.026643656133000456 0.025732014743760856
-591.1133360257372 8.58934281493808 -0.026548213207252206 0.025617652211816312
-581.4229534679325 8.590222790390149 -0.02645353057572266 0.025504342801304022
-571.7325709101278 8.591209642152092 -0.02635959829414518 0.02539207169416318
-562.0421883523231 8.592297389390787 -0.026266406603623595 0.025280824352616804
-552.3518057945184 8.593480260932829 -0.026173945926111344 0.025170586512528827
-542.6614232367137 8.594752694290648 -0.026082206860027077 0.025061344176949787
-532.9710406790255 8.596109333815651 -0.02599118017600296 0.024953083609846688
-523.2806581212208 8.597545028112117 -0.025900856812754437 0.024845791330002684
-513.5902755634161 8.599054826830436 -0.025811227873083306 0.024739454105100655
-503.8998930056114 8.60063397694556 -0.02572228461998792 0.024634058945958888
-494.2095104478067 8.602277918613737 -0.02563401847289274 0.024529593100933136
-484.519127890002 8.603982280690019 -0.025546421003986665 0.024426044050472065
-474.8287453321973 8.605742875978907 -0.025459483934667505 0.024323399501822388
-465.1383627743926 8.607555696281558 -0.025373199132088815 0.024221647383878803
-455.4479802165879 8.609416907294923 -0.025287558605805692 0.024120775842174404
-445.7575976587832 8.611322843410836 -0.025202554504515987 0.024020773234006733
-436.0672151009785 8.613270002456648 -0.025118179112893903 0.023921628123695502
-426.3768325431738 8.615255040413105 -0.025383624983812986 0.023860255421973772
-416.6864499853691 8.617274766139966 -0.02553106334619529 0.02378227303737328
-406.9960674275644 8.61932613613527 -0.025444266123951252 0.023685219171680184
-397.3056848697597 8.62140624934999 -0.025358130281840665 0.023588985092211967
-387.615302311955 8.623512342076241 -0.025296790474748407 0.02349418582317506
-377.9249197541503 8.625641782923896 -0.02521177423401497 0.023399555091353597
-368.2345371963456 8.62779206789779 -0.025127397150114722 0.023305712967215043
-358.54415463854093 8.629960815585097 -0.02504365119464898 0.02321264939298508
-348.85377208085265 8.63214576246034 -0.024960528486947842 0.02312035448395319
-339.16338952304795 8.634344758313826 -0.024894311381210864 0.023029179613202343
-329.47300696524326 8.636555761807115 -0.024812292293310192 0.022938390398383458
-319.78262440743856 8.638776836158645 -0.024757611893332622 0.022848997011802822
-310.09224184963387 8.641006144960604 -0.024676592891449068 0.022759673838547916
-300.40185929182917 8.643241948127606 -0.02459616438031841 0.022671072482705744
-290.7114767340245 8.64548259797678 -0.024516319193743374 0.02258318402015444
-281.0210941762198 8.64772653543816 -0.024437050292652904 0.02249599967560098
-271.3307116184151 8.649972286393716 -0.02435835076205598 0.022409510819455063
-261.6403290606104 8.652218458142862 -0.024280213808089143 0.02232370896478241
-251.9499465028057 8.654463735991984 -0.02420658460609251 0.022238714499509243
-242.259563945001 8.656706879965121 -0.024129523673975407 0.022154260790958096
-232.5691813871963 8.658946721632827 -0.02405494952549777 0.02207050530505046
-222.8787988293916 8.661182161056017 -0.02397895453065289 0.02198736814857392
-213.1884162715869 8.663412163841496 -0.02393531827418916 0.021905768040734925
-203.4980337137822 8.66563575830584 -0.02386014506452911 0.02182390989237711
-193.8076511559775 8.667852032744207 -0.023796956187140256 0.021742903501475005
-184.1172685981728 8.670060132800744 -0.023722737158966747 0.021662299204009344
-174.42688604036812 8.672259258937185 -0.023649029634187673 0.02158231160962988
-164.73650348267984 8.674448663996333 -0.02357582777737662 0.021502933503444045
-155.04612092487514 8.676627650857323 -0.023503125850101978 0.02142415778438983
-145.35573836707044 8.678795570179085 -0.023430918208756948 0.021345977462980392
-135.66535580926575 8.680951818229467 -0.023359199302443297 0.02126838565909323
-125.97497325146105 8.683095834796594 -0.023287963670919704 0.021191375599816854
-116.28459069365636 8.685227101179724 -0.023217205942607445 0.021114940617347682
-106.59420813585166 8.687345138256765 -0.023146920832652115 0.021039074146936784
-96.90382557804696 8.689449504625737 -0.023077103141039598 0.02096376972488487
-87.21344302024227 8.691539794817565 -0.023007747750764244 0.020889020986584513
-77.52306046243757 8.693615637577695 -0.022938849626047687 0.020814821664607987
-67.83267790463287 8.695676694214079 -0.022870403810606333 0.020741165586839673
-58.14229534682818 8.697722657009255 -0.022830448603993435 0.02066888883835806
-48.45191278902348 8.699753247694233 -0.02276268685602055 0.020596294918694923
-38.761530231218785 8.701768215982058 -0.02269536601298296 0.02052422637095027
-29.07114767341409 8.703767338158979 -0.022628481354928537 0.02045267738447005
-19.380765115609393 8.705750415731229 -0.022562028235290094 0.020381642235256934
-9.690382557804696 8.707717274125512 -0.022496002079346513 0.02031111528434363
0.0 8.70966776144135 -0.020564222427438675 0.020656930130070663
9.690382557804696 1.7568164762989582 -0.06945536566563301 0.14386546829167204
19.380765115492977 2.111352523599071 -0.06904443048025347 0.14288732889365485
29.071147673297673 2.384776544440892 -0.0686389568470303 0.14192294161116661
38.76153023110237 2.613491939555866 -0.06654176959172373 0.14101623220855244
48.451912788907066 2.8127330078977195 -0.06617821198636412 0.14007854330993083
58.14229534671176 2.9906174998386055 -0.06814366413820334 0.13961249795089004
67.83267790451646 3.1520852297462696 -0.06775359533237599 0.13869654974341994
77.52306046232115 3.300410240403126 -0.06736853062604901 0.1377930214639141
87.21344302012585 3.4378966342299098 -0.06698836914179168 0.13690165741581173
96.90382557793055 3.5662398044870933 -0.06661301275599234 0.13602220893770672
106.59420813573524 3.6867310009300907 -0.06624236600462789 0.13515443416195747
116.28459069353994 3.800381080618771 -0.06587633599289215 0.13429809778319082
125.97497325134464 3.9079993636257635 -0.0655148323085012 0.13345297083622956
135.66535580914933 4.010246039068544 -0.06515776693850113 0.13261883048299772
145.35573836695403 4.1076682253536525 -0.06480505418941412 0.1317954598079836
155.04612092475872 4.200725519424616 -0.06445661061056726 0.13098264762186101
164.73650348256342 4.289808556310638 -0.06411235492045665 0.13018018827289138
174.42688604036812 4.3752527850168 -0.0637722079360074 0.12938788146574914
184.1172685981728 4.457348887933863 -0.06343609250459678 0.128605532087431
193.8076511559775 4.536350793219784 -0.06310393343871583 0.1278329500399276
203.4980337136658 4.612481927466128 -0.06277565745315351 0.1270699500793625
213.1884162714705 4.685940159659144 -0.06260802338965833 0.12632388329875502
222.87879882927518 4.756901756789301 -0.062286142621386334 0.12557945479825094
232.56918138707988 4.825524582683244 -0.061967952885897404 0.12484408107573897
242.25956394488458 4.926242032293078 -0.06165338755457127 0.12411759479664167
251.94994650268927 5.122882256178676 -0.0613423816317363 0.12339983276390647
261.64032906049397 5.302128963906547 -0.06103487170440005 0.12269063579027509
271.33071161829866 5.466504463249365 -0.06073079589383511 0.1219898485752681
281.02109417610336 5.617996577209674 -0.060430093808940794 0.12129731958668272
290.71147673390806 5.758206472960765 -0.06013270650130511 0.12061290094641146
300.40185929171275 5.888447288154469 -0.05983857642189463 0.11993644832039826
310.09224184951745 6.009812284366873 -0.05954764737930372 0.11926782081255899
319.78262440732215 6.123223358052281 -0.059413413270881336 0.11861340245357532
329.47300696512684 6.229466454585893 -0.05912759420505808 0.11795996779704002
339.16338952293154 6.329217992586475 -0.05886162733189194 0.11731460793152834
348.85377208073623 6.423064960228993 -0.0585817460950202 0.11667588581836527
358.54415463854093 6.511520457652841 -0.05830482152919536 0.11604433319727116
368.2345371963456 6.595035897529209 -0.0580308044139765 0.1154198277584601
377.9249197541503 6.674010710198456 -0.05775964664357477 0.11480224998600866
387.615302311955 6.748800156118142 -0.05749130119509042 0.11419148307811289
397.3056848696433 6.81972168245257 -0.05722572209783986 0.11358741287007637
406.996067427448 6.887060145470314 -0.056962864403710484 0.11298992775987747
416.6864499852527 6.951072139037312 -0.05670268415854934 0.1123989186363215
426.3768325430574 7.011989611121848 -0.05644513837448284 0.11181427880953416
436.0672151008621 7.070022907662491 -0.05619018500317738 0.1112359039438106
445.7575976586668 7.125363351770891 -0.0559377829099858 0.11066369199268701
455.4479802164715 7.178185442772246 -0.0556878918489485 0.11009754313615565
465.1383627742762 7.228648741852272 -0.05544047243861608 0.10953735971994137
474.82874533208087 7.276899497532178 -0.05519548613866268 0.10898304619676048
484.51912788988557 7.323072053742342 -0.054952895227258866 0.10843450906948708
494.20951044769026 7.367290075129222 -0.054712662779176365 0.10789165683615519
503.89989300549496 7.409667617841561 -0.05447475264459649 0.10735439993672673
513.5902755632997 7.450310068985325 -0.05423912942859596 0.10682265070156063
523.2806581211044 7.489314973904316 -0.05400575847128522 0.10629632330151889
532.971040678909 7.526772767204827 -0.05377460582857454 0.10577533369964985
542.6614232367137 7.562767420824448 -0.05354563825354536 0.10525959960439023
552.3518057945184 7.597377020315041 -0.05331882317840422 0.10474904042423064
562.0421883523231 7.630674278766806 -0.05309412869699838 0.1042435772237915
571.7325709101278 7.662726996365883 -0.05287152354787237 0.1037431326812578
581.4229534678161 7.693598472390844 -0.05265097709784924 0.10324763104713036
591.1133360256208 7.723347875469349 -0.052432459326101064 0.10275699810421082
600.8037185834255 7.752030577084309 -0.052215940808731404 0.1022711611288644
610.4941011412302 7.779698452640177 -0.05200139270379853 0.10179004885339825
620.1844836990349 7.8064001538041 -0.051788786736803594 0.10131359142960364
629.8748662568396 7.832181355351337 -0.051578095186611245 0.1008417203933861
639.5652488146443 7.857084979322743 -0.051369290871790575 0.10037436863045139
649.255631372449 7.881151398945323 -0.05116234713736145 0.09991147034301075
658.9460139302537 7.904418624461217 -0.05095723784193262 0.09945296101746998
668.6363964880584 7.926922472748154 -0.05075393734521755 0.09899877739306895
678.3267790458631 7.948696722388432 -0.05055242049591549 0.0985488574314385
688.0171616036678 7.969773255648322 -0.050352662619945206 0.09810314028704373
697.7075441614725 7.990182188660644 -0.05015463950901929 0.0976615662784841
707.3979267192772 8.009951990956363 -0.04995832740954772 0.09722407686062044
717.0883092770819 8.029109595363032 -0.04976370301185938 0.09679061459750223
726.7786918348866 8.047680499176087 -0.049570743439731196 0.09636112313606773
736.4690743926913 8.065688857411178 -0.04937942624021453 0.0959355471805914
746.159456950496 8.0831575688597 -0.049189729373748804 0.09551383246785412
755.8498395083006 8.100108355594207 -0.04900163120455331 0.09509592574301234
765.5402220659889 8.116561836503495 -0.04881511049128982 0.094681774736148
775.2306046237936 8.13253759537974 -0.04863014637797421 0.0942713281394477
784.9209871815983 8.148054244023701 -0.048446718385162166 0.09386453558506436
794.611369739403 8.16312948079487 -0.04826480640135565 0.09346134762354119
804.3017522972077 8.177780144985284 -0.04808439067465654 0.09306171570285356
813.9921348550124 8.192022267363441 -0.04790545180464595 0.09266559214801916
823.6825174128171 8.205871117200697 -0.047727970734484336 0.09227293014126374
833.3728999706218 8.21934124606365 -0.047551928743225634 0.09188368370272468
843.0632825284265 8.232446528629882 -0.04737730743833812 0.09149780767167523
852.7536650862312 8.245200200761195 -0.047204088748426194 0.09111525768825324
862.4440476440359 8.25761489504732 -0.04703225491614621 0.09073599017567868
872.1344302018406 8.269702674014503 -0.04686178849131054 0.09035996232294435
881.8248127596453 8.281475061176124 -0.04669267232417414 0.08998713206796564
891.51519531745 8.292943070087423 -0.04652488955889787 0.08961745808117484
901.2055778752547 8.304117231552508 -0.04635842362718307 0.08925089974954625
910.8959604330594 8.315007619119324 -0.04619325824207212 0.08888741716103932
920.5863429908641 8.32562387298706 -0.04602937739191048 0.08852697108944665
930.2767255486688 8.33597522244008 -0.045866765334464245 0.0881695229796351
939.9671081064735 8.346070506913332 -0.04570540659118968 0.08781503493316728
949.6574906641617 8.355918195785524 -0.04554528594165123 0.08746346969429723
959.3478732219664 8.365526406989513 -0.04538638841807263 0.0871147906363034
969.0382557797711 8.374902924519931 -0.0452286993000453 0.08676896174821115
978.7286383375758 8.384055214915763 -0.0450722041093518 0.086425947621811
988.4190208953805 8.392990442785674 -0.044916888604928915 0.08608571343902509
998.1094034531852 8.401715485441018 -0.044762738777955426 0.08574822495958742
