-1007.7997860111063 8.980002010119618 -0.007901011081584326 1.1848091815238747e-06
-998.1094034533016 8.97988507487118 -0.007851010799859113 1.1784363599470625e-06
-988.4190208954969 8.979763065863866 -0.007801648698205514 1.1721324419720165e-06
-978.7286383376922 8.979635920037873 -0.007752912555678555 1.1658963102259965e-06
-969.0382557798875 8.979503578525248 -0.007712199232683231 1.1597268714330952e-06
-959.3478732220829 8.979365986871816 -0.007664624853196686 1.1536230557664519e-06
-949.6574906642782 8.979223095209802 -0.007617642400041954 1.1475838162234039e-06
-939.9671081064735 8.979074858389938 -0.007571240821431294 1.141608128018152e-06
-930.2767255486688 8.978921236079549 -0.007525409339921149 1.1356949879941087e-06
-920.5863429908641 8.97876219283168 -0.00792988361987794 1.1298434140569224e-06
-910.8959604330594 8.978350743747407 -0.00788185408154331 1.124052444622339e-06
-901.2055778753711 8.97786939825881 -0.007834412148063583 1.1183211380831716e-06
-891.5151953175664 8.977350730871787 -0.007787547008154183 1.1126485722928813e-06
-881.8248127597617 8.97679506539933 -0.007748808260741958 1.1070338440633876e-06
-872.134430201957 8.976202945525399 -0.007703009573962095 1.1014760686812946e-06
-862.4440476441523 8.975575118025953 -0.007657757621962285 1.0959743794356927e-06
-852.7536650863476 8.974912514256264 -0.007613042588763672 1.0905279271625375e-06
-843.0632825285429 8.97421623062141 -0.0075688548933208035 1.0851358798020464e-06
-833.3728999707382 8.973487508610484 -0.007525185182501715 1.079797421969522e-06
-823.6825174129335 8.972727714863888 -0.007482024324319312 1.0745117545388943e-06
-813.9921348551288 8.971938321648857 -0.007439363401403623 1.0692780942392087e-06
-804.3017522973241 8.971120888037024 -0.007397193704704924 1.0640956732618244e-06
-794.6113697395194 8.970277042007336 -0.007355506727418185 1.0589637388816634e-06
-784.9209871817147 8.96940846363708 -0.007314294159119852 1.0538815530864595e-06
-775.23060462391 8.968516869491888 -0.007273547880108226 1.0488483922195965e-06
-765.5402220661053 8.96760399828204 -0.0072332599559393 1.0438635466313885e-06
-755.8498395083006 8.96667159781617 -0.007193422632150107 1.0389263203417654e-06
-746.159456950496 8.96572141325389 -0.007154028329162159 1.0340360307120307e-06
-736.4690743926913 8.96475517663534 -0.007115069637357744 1.0291920081264144e-06
-726.7786918348866 8.963774597647188 -0.007076539312322333 1.024393595681746e-06
-717.0883092771983 8.962781355570803 -0.007038430270246943 1.0196401488878552e-06
-707.3979267193936 8.96177709234815 -0.007000735583481555 1.014931035374197e-06
-697.7075441615889 8.960763406694461 -0.006963448476240463 1.0102656346064455e-06
-688.0171616037842 8.9597418491822 -0.0069265623204446975 1.005643337610264e-06
-678.3267790459795 8.958713918219386 -0.006890070631702976 1.0010635467030707e-06
-668.6363964881748 8.957681056844937 -0.006853967065423241 9.965256752325817e-07
-658.9460139303701 8.956644650265089 -0.006818245413050225 9.920291473238173e-07
-649.2556313725654 8.955606024057227 -0.006782059353410243 1.0053559037040033e-06
-639.5652488147607 8.954566442970652 -0.00674708964517777 1.0008088263851493e-06
-629.874866256956 8.953527110257447 -0.006712483914282425 9.963033593008082e-07
-620.1844836991513 8.952489167470695 -0.00667823646304725 9.918389250290348e-07
-610.4941011413466 8.951453694671603 -0.006644341712693404 9.87414956979679e-07
-600.8037185835419 8.950421710991424 -0.006610794200243079 9.830308991350957e-07
-591.1133360257372 8.949394175498451 -0.006577588575518992 9.78686205799828e-07
-581.4229534679325 8.94837198832464 -0.006544719598237053 9.743803413552383e-07
-571.7325709101278 8.947355992010536 -0.006512182135188731 9.701127800238688e-07
-562.0421883523231 8.94634697303118 -0.006479971157509988 9.658830056386696e-07
-552.3518057945184 8.94534566346932 -0.006448081738033632 9.616905114199624e-07
-542.6614232367137 8.944352742805888 -0.006416509048722148 9.575347997580516e-07
-532.9710406790255 8.943368839800858 -0.006385248358178495 9.53415382002821e-07
-523.2806581212208 8.942394534440627 -0.006354295029229958 9.493317782582884e-07
-513.5902755634161 8.9414303599311 -0.006323644516587983 9.452835171838786e-07
-503.8998930056114 8.940476804717711 -0.006293292364574008 9.412701358008131e-07
-494.2095104478067 8.939534314516475 -0.00626323420491453 9.372911793035194e-07
-484.519127890002 8.938603294341952 -0.006233465754600741 9.333462008768839e-07
-474.8287453321973 8.937684110520005 -0.006203982813811027 9.294347615181753e-07
-465.1383627743926 8.936777092675033 -0.006174781263894005 9.255564298638927e-07
-455.4479802165879 8.935882535682774 -0.006205943489263692 9.217107820213653e-07
-445.7575976587832 8.935000701581348 -0.006176848150841989 9.178974014048736e-07
-436.0672151009785 8.934131821434269 -0.0061480288441554285 9.141158785755377e-07
-426.3768325431738 8.933276097140427 -0.006119481613409502 9.103658110868623e-07
-416.6864499853691 8.93243370318697 -0.006091202578869445 9.066468033335244e-07
-406.9960674275644 8.931604788341877 -0.006136986556158705 9.029584664033764e-07
-397.3056848697597 8.93078947728384 -0.0061086886695909575 8.993004179351075e-07
-387.615302311955 8.929987872167741 -0.0060806557367316825 8.956722819782648e-07
-377.9249197541503 8.929200054124628 -0.00605288399078678 8.920736888574264e-07
-368.2345371963456 8.928426084695639 -0.0060253697373350385 8.885042750397124e-07
-358.54415463854093 8.927666007199738 -0.005998109352559434 8.849636830057113e-07
-348.85377208085265 8.926919848035642 -0.005971099281531804 8.814515611240608e-07
-339.16338952304795 8.9261876179185 -0.006994689979169871 8.779675635288611e-07
-329.47300696524326 8.925469313052472 -0.006960418379834479 8.745113499998921e-07
-319.78262440743856 8.92476491624021 -0.0069265004062677715 8.710825858469473e-07
-310.09224184963387 8.924074397930877 -0.006949100830533311 8.676809417955003e-07
-300.40185929182917 8.92339771720825 -0.006915458758422241 8.643060938771137e-07
-290.7114767340245 8.922734822720733 -0.006882159447698418 8.609577233203481e-07
-281.0210941762198 8.92208565355514 -0.006841588524534956 1.114620316165143e-06
-271.3307116184151 8.921450140056313 -0.00680901421357717 1.109435580865954e-06
-261.6403290606104 8.920828204594617 -0.006776765659721061 1.1043039468682487e-06
-251.9499465028057 8.92021976228346 -0.006744837724500378 1.0992245166278018e-06
-242.259563945001 8.91962472164898 -0.0067132253831046155 1.094196414509831e-06
-232.5691813871963 8.919042985254121 -0.0066819237210865344 1.089218786082434e-06
-222.8787988293916 8.918474450279247 -0.006696945421840362 1.0842907974373931e-06
-213.1884162715869 8.917919009061473 -0.006665912157973618 1.0794116345377855e-06
-203.4980337137822 8.917376549594872 -0.0066351804088928285 1.0745805025919554e-06
-193.8076511559775 8.916846955993682 -0.006604745563336763 1.0697966254519942e-06
-184.1172685981728 8.916330108920562 -0.006574603108731215 1.065059245035418e-06
-174.42688604036812 8.915825885981938 -0.006544748628427347 1.0603676207682133e-06
-164.73650348256342 8.91533416209243 -0.00651517779903637 1.0557210290517364e-06
-155.04612092487514 8.914854809810235 -0.006470824041509509 1.8890056873286367e-06
-145.35573836707044 8.914387699645316 -0.006441918546325148 1.8782922557044685e-06
-135.66535580926575 8.913932700342242 -0.006413282652537023 1.867711544917554e-06
-125.97497325146105 8.913489679139294 -0.00638491241997759 1.857260944871708e-06
-116.28459069365636 8.913058502005493 -0.019673616716754726 1.8469379161032293e-06
-106.59420813585166 8.9126390338572 -0.019547589643434112 1.8367399873541161e-06
-96.90382557804696 8.912231138755635 -0.01942325388187288 1.8266647532485603e-06
-87.21344302024227 8.911834680086846 -0.019300574479859188 1.8167098720630126e-06
-77.52306046243757 8.9114495207254 -0.019179517460951714 1.806873063587722e-06
-67.83267790463287 8.911075523183097 -0.019058814159151193 1.8288595535306944e-06
-58.14229534682818 8.91071254974388 -0.018940912830744228 1.8190182531325002e-06
-48.45191278902348 8.910360462586057 -0.01882453734202588 1.8092919632686623e-06
-38.761530231218785 8.91001912389293 -0.018709657294405425 1.7996785552428684e-06
-29.07114767341409 8.90968839595277 -0.018596243107594404 1.7901759545647758e-06
-19.380765115609393 8.909368141249093 -0.01848426599192366 1.7807821391964924e-06
-9.690382557804696 8.90905822254208 -0.018373697921784733 1.7714951378696997e-06
0.0 8.90875850294196 -0.018264511610142645 1.7623130284644848e-06
9.690382557804696 6.033060594915629 -0.09465044559742723 0.04656354068750084
19.380765115609393 6.185959949682011 -0.09398008065705872 0.04622030798942415
29.071147673297673 6.295905240454014 -0.09331927185347809 0.04588209841576583
38.76153023110237 6.384589734677728 -0.09266781478357868 0.04554880249901619
48.451912788907066 6.459986934556989 -0.09202551085761089 0.04522031392953389
58.14229534671176 6.52608704478454 -0.09139216709339378 0.04489652944247487
67.83267790451646 6.585224647186835 -0.09068259493742266 0.044584944640690204
77.52306046232115 6.6389045053555735 -0.09006724063176277 0.04427021416927014
87.21344302012585 6.688163143938036 -0.09506977191262507 0.04679304148422191
96.90382557793055 6.733750110944234 -0.09442976228251614 0.0464661891222993
106.59420813573524 6.7762279621714 -0.09379842005011875 0.04614387211160735
116.28459069353994 6.816031505006418 -0.0931755690727563 0.045825996686768865
125.97497325134464 6.853504916261101 -0.09256103796908781 0.04551247164994062
135.66535580914933 6.888926063019495 -0.0919546599588609 0.04520320828351132
145.35573836695403 6.922523036038197 -0.09135627270910592 0.04489812026633788
155.04612092475872 6.95448574094743 -0.09076571818647049 0.04459712359335482
164.73650348256342 6.984974240175859 -0.09018284251541019 0.04430013649839848
174.42688604036812 7.014124893261951 -0.08960749584196588 0.04400707938009751
184.1172685981728 7.042054966071566 -0.08903953220287184 0.04371787473068836
193.8076511559775 7.068866150760246 -0.08847880939975303 0.04343244706762177
203.4980337137822 7.094647295156695 -0.08792518887818132 0.04315072286783343
213.1884162714705 7.1194765480709625 -0.08737853561138001 0.042872630504562005
222.87879882927518 7.143423066198056 -0.08683871798832964 0.04259810018658014
232.56918138707988 7.166548387230496 -0.0863056077061783 0.04232706389978033
242.25956394488458 7.1889075455468205 -0.08577907966663742 0.04205945535094593
251.94994650268927 7.210549987029453 -0.08525901187628573 0.04179520991365966
261.64032906049397 7.231795454810427 -0.08474528535057278 0.041534264576237066
271.33071161829866 7.286338171147518 -0.08423778402136912 0.04127655789159982
281.02109417610336 7.336777229227897 -0.08373639464791074 0.04102202992900508
290.71147673390806 7.38368404305906 -0.08324100673099297 0.04077062222755143
300.40185929171275 7.4275161535284155 -0.08275151243027654 0.04052227775138517
310.09224184951745 7.468646199750623 -0.08226780648457455 0.040276940846535325
319.78262440732215 7.507382082608024 -0.08178978613499507 0.04003455719930815
329.47300696512684 7.543981379361514 -0.08131735105082159 0.039795073796176375
339.16338952293154 7.578661888370487 -0.08085040325801697 0.03955843888510023
348.85377208073623 7.6116094992551 -0.08038884707024384 0.03932460193822172
358.54415463854093 7.642984172083277 -0.07993258902229809 0.039093513615874764
368.2345371963456 7.672924552714589 -0.0794815378058577 0.038865125731858165
377.9249197541503 7.701551586938098 -0.0790356042074532 0.03863939121991943
387.615302311955 7.72897138778691 -0.07859470104857044 0.038416264101400664
397.3056848696433 7.755277537566268 -0.07815874312780621 0.0381956994540026
406.996067427448 7.780552956162525 -0.07772764716496343 0.03797765338160584
416.6864499852527 7.804871432333721 -0.07730133174708705 0.03776208298514704
426.3768325430574 7.828298890013353 -0.07687971727626196 0.037548946334455775
436.0672151008621 7.850894443939598 -0.0764627259191807 0.0373382024410535
445.7575976586668 7.8727112860655035 -0.0760502815583811 0.03712981123186148
455.4479802164715 7.893797434748956 -0.07564230974509577 0.03692373352378458
465.1383627742762 7.914196371694027 -0.07523873765365013 0.0367199309991376
474.82874533208087 7.933947586333679 -0.07483949403735098 0.03651836618188129
484.51912788988557 7.953087043331666 -0.07444450918580842 0.03631900241463732
494.20951044769026 7.971647585801483 -0.074053714883637 0.036121803836452436
503.89989300549496 7.989659284451856 -0.0736670443704849 0.035926735361283636
513.5902755632997 8.007149740997964 -0.07328443230234041 0.03573376265717707
523.2806581211044 8.024144352699514 -0.0729058147140696 0.035542852126114764
532.971040678909 8.040666543708264 -0.07253112898313861 0.03535397088450432
542.6614232367137 8.056737967960235 -0.07216031379447752 0.035167086744287826
552.3518057945184 8.072378687580537 -0.0717933091064438 0.03498216819464698
562.0421883523231 8.08760733014259 -0.07143005611784589 0.03479918438428287
571.7325709101278 8.102441227609535 -0.07107049723598768 0.0346181051042492
581.4229534678161 8.11689653936064 -0.07071457604570212 0.034438900771321196
591.1133360256208 8.13098836135387 -0.07036223727931283 0.03426154241186808
600.8037185834255 8.144730823177433 -0.07001342678755379 0.03408600164624262
610.4941011412302 8.158137174501945 -0.06966809151132965 0.03391225067362753
620.1844836990349 8.17121986223023 -0.06932617945434907 0.03374026225735345
629.8748662568396 8.183990599469265 -0.06898763965657581 0.03357000971065993
639.5652488146443 8.196460427297515 -0.06865242216847359 0.033401466882885096
649.255631372449 8.208639770173495 -0.0683204780260161 0.033234608146069926
658.9460139302537 8.220538485722136 -0.06799175922643684 0.03306940838196201
668.6363964880584 8.23216590954185 -0.06766621870469253 0.032905842969405165
678.3267790458631 8.243530895594505 -0.06734381031061622 0.03274388777210182
688.0171616036678 8.25464185267107 -0.06702448878673604 0.03258351912673489
697.7075441614725 8.265506777365523 -0.06670820974673779 0.03242471383143754
707.3979267192772 8.276133283937462 -0.06639492965454889 0.03226744913459831
717.0883092770819 8.286528631398577 -0.06608460580402332 0.032111702723990776
726.7786918348866 8.296699748118789 -0.06577719629920725 0.0319574527162167
736.4690743926913 8.30665325421328 -0.06547266003516634 0.03180467764645191
746.159456950496 8.3163954819418 -0.06517095667935562 0.031653356458485334
755.8498395083006 8.325932494325096 -0.06487204665351474 0.0315034684950409
765.5402220661053 8.335270102160376 -0.06457589111607075 0.0313549934883734
775.2306046237936 8.344413879597194 -0.06428245194503579 0.03120791155113089
784.9209871815983 8.35336917841815 -0.06399169172136251 0.031062203167464334
794.611369739403 8.362141141150683 -0.06370357371279459 0.030917849184402803
804.3017522972077 8.370734713126252 -0.0634180618581272 0.030774830803450746
813.9921348550124 8.379154653587017 -0.063135120751916 0.03063312957242608
823.6825174128171 8.38740554593163 -0.06285471562959985 0.03049272737752128
833.3728999706218 8.39549180718136 -0.06257681235302727 0.03035360643558162
843.0632825284265 8.403417696739272 -0.06230137739637441 0.030215749286594238
852.7536650862312 8.411187324507713 -0.062028377832441486 0.030079138786380733
862.4440476440359 8.41880465842255 -0.0617577813193167 0.029943758099487402
872.1344302018406 8.426273531456621 -0.06148955608739543 0.029809590692266567
881.8248127596453 8.43359764813956 -0.06122367092674415 0.029676620326143165
891.51519531745 8.440780590636367 -0.06096009517479819 0.029544831051060934
901.2055778752547 8.44782582442285 -0.06069879870438335 0.0294142071991023
910.8959604330594 8.454736703592307 -0.060439751912051 0.029284733378277066
920.5863429908641 8.461516475824425 -0.06018292570671761 0.02915639446647432
930.2767255486688 8.468168287044309 -0.05992829149859923 0.029029175605572843
939.9671081064735 8.474695185796904 -0.05967582118843192 0.028903062195705057
949.6574906642782 8.481100127359635 -0.05942548715696969 0.02877803988966982
959.3478732219664 8.487385977613805 -0.05917726225475477 0.028654094587491363
969.0382557797711 8.493555516693926 -0.05893111979213379 0.02853121243111063
978.7286383375758 8.499611442430815 -0.058687033529557425 0.02840937979922758
988.4190208953805 8.505556373605332 -0.05844497766809588 0.02828858330226032
998.1094034531852 8.511392853025638 -0.05820492684020828 0.028168809777439872
