-1007.7997860111063 11.044432544260603 -0.0031598352762242875 0.01133699920063112
-998.1094034533016 11.046632046233375 -0.0031392390081581055 0.011270911189771252
-988.4190208954969 11.048795566055325 -0.003118917100629347 0.011205589895346502
-978.7286383376922 11.05092425601023 -0.003098863955754555 0.011141022036980957
-969.0382557798875 11.053019217720825 -0.003079074131284137 0.01107719463967566
-959.3478732220829 11.055081504510623 -0.003059542335069616 0.01101409502506579
-949.6574906642782 11.057112123657781 -0.003040263419772371 0.010951710802977114
-939.9671081064735 11.059112038545942 -0.0030212323778013345 0.010890029863269857
-930.2767255486688 11.06108217071671 -0.0030024443364678115 0.010829040367958615
-920.5863429908641 11.063023401828183 -0.0029838945533463297 0.01076873074359739
-910.8959604330594 11.064936575523642 -0.002965578411831068 0.010709089673919418
-901.2055778752547 11.066822499214545 -0.0029474914168780572 0.010650106092721857
-891.51519531745 11.068681945781389 -0.002929629190923851 0.010591769176985875
-881.8248127596453 11.07051565519621 -0.002911987469972059 0.01053406834022302
-872.1344302018406 11.072324336070105 -0.0028945620998394113 0.010476993226039344
-862.4440476440359 11.074108667129066 -0.002877349032553697 0.010420533701908827
-852.7536650863476 11.075869298621244 -0.002860344322896417 0.010364679853149003
-843.0632825285429 11.07760685365878 -0.0028435441250821004 0.010309421977087084
-833.3728999707382 11.079321929496835 -0.0028269446895707482 0.01025475057741944
-823.6825174129335 11.081015098752884 -0.0028105423600032235 0.010200656358744035
-813.9921348551288 11.082686910568722 -0.002794333570256819 0.010147130221269264
-804.3017522973241 11.084337891717768 -0.002778314841614275 0.010094163255688767
-794.6113697395194 11.085968547660137 -0.0027624827800412127 0.010041746738216811
-784.9209871817147 11.087579363547787 -0.002746834073567114 0.00998987212577838
-775.23060462391 11.08917080518199 -0.0027313654897651125 0.009938531051348348
-765.5402220661053 11.090743319925236 -0.002716073873326218 0.009887715319434403
-755.8498395083006 11.09229733756974 -0.0027009561437237547 0.009837416901698526
-746.159456950496 11.093833271164367 -0.0026860092929640272 0.009787627932712116
-736.4690743926913 11.09535151780204 -0.0026712303834194842 0.009738340705839989
-726.7786918348866 11.096852459369286 -0.002656616545740723 0.009689547669248713
-717.0883092770819 11.098336463259791 -0.0026421649768440148 0.009641241422034926
-707.3979267192772 11.099803883053529 -0.0026278729379710457 0.009593414710469412
-697.7075441614725 11.101255059163147 -0.0026137377528178537 0.00954606042435297
-688.0171616036678 11.102690319449055 -0.00259975680573002 0.009499171593480089
-678.3267790458631 11.104109979804738 -0.0025859275399613153 0.009452741384206891
-668.6363964881748 11.105514344713663 -0.0025722474559933834 0.009406763096120145
-658.9460139303701 11.106903707779187 -0.0025587141099128992 0.009361230158800752
-649.2556313725654 11.108278352228547 -0.0025453251118463015 0.009316136128686618
-639.5652488147607 11.109638551392452 -0.002532078124446537 0.009271474686020676
-629.874866256956 11.110984569161214 -0.0025189708614320903 0.009227239631889384
-620.1844836991513 11.112316660418625 -0.002506001086175255 0.009183424885345395
-610.4941011413466 11.113635071454649 -0.002493166610337841 0.009140024480612099
-600.8037185835419 11.114940040357945 -0.0024804652925524084 0.009097032564367441
-591.1133360257372 11.116231797389155 -0.002467895037147279 0.009054443393104275
-581.4229534679325 11.117510565335973 -0.0024554537929135597 0.009012251330564804
-571.7325709101278 11.118776559850799 -0.0024431395519125616 0.008970450845246742
-562.0421883523231 11.120029989771844 -0.0024309503483220768 0.008929036507978749
-552.3518057945184 11.121271057428547 -0.0024188842573199783 0.008888002989562986
-542.6614232367137 11.122499958931996 -0.0024069393940037292 0.008847345058482631
-532.971040678909 11.123716884451138 -0.0023987046066708 0.008807057578672207
-523.2806581211044 11.124922018475479 -0.002395562376393316 0.008767135507348813
-513.5902755632997 11.126115540064866 -0.002383806352164161 0.00872757389290223
-503.89989300549496 11.127297623087136 -0.002372168756600018 0.008688367872842134
-494.20951044769026 11.128468436444056 -0.0023606477175380967 0.00864951267180053
-484.51912788988557 11.129628144286265 -0.0023492414058412982 0.008611003599587767
-474.8287453321973 11.130776906217703 -0.0023379480339644396 0.008572836049300843
-465.1383627743926 11.131914877490123 -0.002326765854589509 0.008535005495479713
-455.4479802165879 11.133042209187987 -0.0023156931593272794 0.008497507492316848
-445.7575976587832 11.13415904840449 -0.002304728277478201 0.008460337671909452
-436.0672151009785 11.135265538408982 -0.0022938695748507113 0.008423491742559722
-426.3768325431738 11.13636181880623 -0.0022831154526324966 0.008386965487119017
-416.6864499853691 11.13744802568802 -0.002272464346311529 0.008350754761375055
-406.9960674275644 11.138524291777324 -0.002261914724643821 0.008314855492480839
-397.3056848697597 11.139590746565618 -0.002251465088665124 0.00827926367742402
-387.615302311955 11.140647516443472 -0.0022411139707439087 0.008243975381535576
-377.9249197541503 11.14169472482492 -0.002230859933673311 0.00820898673703652
-368.2345371963456 11.142732492265804 -0.0022207015697998014 0.008174293941621573
-358.54415463854093 11.143760936576507 -0.0022106375001865203 0.008139893257078732
-348.85377208073623 11.144780172929222 -0.002200666373809403 0.008105781007943616
-339.16338952293154 11.145790313960156 -0.002190786866784323 0.008071953580187578
-329.47300696512684 11.14679146986683 -0.0021809976816236027 0.008038407419938684
-319.78262440732215 11.147783748500823 -0.0021712975465204105 0.008005139032234451
-310.09224184951745 11.14876725545603 -0.0021616852146595627 0.00797214497980558
-300.40185929171275 11.149742094152849 -0.002152159463553444 0.007939421881889687
-290.7114767340245 11.150708365918327 -0.002142719094401917 0.007906966413074588
-281.0210941762198 11.15166617006264 -0.0021333629314743787 0.007874775302168006
-271.3307116184151 11.152615603951874 -0.0021240898215145565 0.007842845331098653
-261.6403290606104 11.153556763077516 -0.0021148986331648045 0.007811173333840216
-251.9499465028057 11.15448974112267 -0.0021057882564105975 0.007779756195363239
-242.259563945001 11.155414630025232 -0.002096757602043686 0.007748590850611915
-232.5691813871963 11.156331520038115 -0.0020878056011431547 0.0077176742835053875
-222.8787988293916 11.157240499786745 -0.002078931204573603 0.0076870035259629784
-213.1884162715869 11.158141656323922 -0.0020701333824996873 0.007656575656952564
-203.4980337137822 11.159035075182148 -0.002061411123916356 0.007626387801561548
-193.8076511559775 11.159920840423615 -0.0020527634361940466 0.0075964371300897655
-184.1172685981728 11.160799034687928 -0.002044189344638275 0.007566720857163729
-174.42688604036812 11.161669739237663 -0.002035687892063012 0.007537236240871612
-164.73650348256342 11.162533034001894 -0.0020272581383772342 0.007507980581918447
-155.04612092475872 11.163388997617798 -0.002018899160184194 0.007478951222800954
-145.35573836695403 11.16423770747037 -0.002010610050392839 0.00745014554700146
-135.66535580914933 11.165079239730444 -0.002002389917840929 0.0074215609782004475
-125.97497325134464 11.165913669390983 -0.0019942378869294017 0.007393194979507176
-116.28459069353994 11.166741070301814 -0.0019861530972675357 0.007365045052707913
-106.59420813585166 11.167561515202857 -0.001978134703328602 0.007337108737531672
-96.90382557804696 11.168375075755923 -0.001970181874115056 0.007309383610930922
-87.21344302024227 11.169181822575085 -0.0019622937928343 0.007281867286381947
-77.52306046243757 11.169981825255825 -0.00195446965658278 0.007254557413197622
-67.83267790463287 11.170775152402904 -0.001946708676039496 0.0072274516758573
-58.14229534682818 11.17156187165706 -0.0019390100751680336 0.007200547793351384
-48.45191278902348 11.17234204972058 -0.0019313730909269005 0.007173843518540459
-38.761530231218785 11.173115752381808 -0.0019237969729878962 0.0071473366375287145
-29.07114767341409 11.173883044538634 -0.003196618126892481 0.007127920667090813
-19.380765115609393 11.174643990221007 -0.0031717145698206242 0.007101708025366444
-9.690382557804696 11.175398652612557 -0.0031473388039526978 0.007075688859400719
0.0 11.176147094071275 -0.003123471458762637 0.007049860981511728
9.690382557804696 8.697206568687005 -0.038084905275509874 0.03722070253937062
19.380765115609393 8.89209827873987 -0.0375884149594669 0.0367864843377261
29.07114767341409 9.028868253017263 -0.03710503114294363 0.036363370116170586
38.761530231218785 9.13710214624924 -0.03663423784683997 0.03595092608327618
48.45191278902348 9.227623851883699 -0.03617554588261755 0.03554874094525093
58.14229534682818 9.305831308874128 -0.038428100025026654 0.03649565746755685
67.83267790463287 9.374873125158341 -0.037955399704909694 0.036094562313605444
77.52306046232115 9.43677300079495 -0.03749446940679921 0.03570310540505685
87.21344302012585 9.492921142610381 -0.03781930285903855 0.035509766137545924
96.90382557793055 9.544320200958323 -0.0375307122371573 0.035158470842271534
106.59420813573524 9.59172071672103 -0.03709019325597527 0.034791055396964116
116.28459069353994 9.63570126234106 -0.036660144104495286 0.03443203502640701
125.97497325134464 9.676718588707372 -0.03624019299534247 0.03408111580494251
135.66535580914933 9.7151404486685 -0.03582998558912734 0.0337380175069433
145.35573836695403 9.751267892592066 -0.035429183981337174 0.03340247281526
155.04612092475872 9.785350889844715 -0.03503746575907552 0.033074226583987516
164.73650348256342 9.817599565512815 -0.034817464547841896 0.03276279952817229
174.42688604036812 9.848192466691918 -0.03444079152144828 0.032448297521334366
184.1172685981728 9.877282762177911 -0.034096633993871146 0.03214261216745642
193.8076511559775 9.905002970583018 -0.03373588200394151 0.031841073138575204
203.4980337137822 9.931468619123097 -0.033382868333796875 0.03154572097088212
213.1884162715869 9.956781111571821 -0.03303734452520601 0.03125636045124858
222.8787988293916 9.981030002390217 -0.03269907267997348 0.030972804588800987
232.5691813871963 10.004294819094293 -0.03236782490380574 0.03069487418486126
242.259563945001 10.0266465370329 -0.032043382785002426 0.030422397429639498
251.9499465028057 10.048148784059096 -0.031725536905452156 0.030155209523756252
261.64032906049397 10.068858833408546 -0.03141408638162201 0.029893152322830418
271.33071161829866 10.088828429093114 -0.031108838433391912 0.029636074003490373
281.02109417610336 10.108104477729693 -0.03080960797883412 0.02938382874936018
290.71147673390806 10.126729632951704 -0.030516217253062715 0.0291362764555815
300.40185929171275 10.144742792663953 -0.030228495449550984 0.028893282450649142
310.09224184951745 10.16217952494497 -0.02994627838236474 0.028654717234370537
319.78262440732215 10.179072435002308 -0.02969781655652364 0.02842045623087096
329.47300696512684 10.195451482996702 -0.029425756874731854 0.028190379555645555
339.16338952293154 10.21134426057364 -0.02915875626822769 0.02796437179573417
348.85377208073623 10.226776232428334 -0.02890471256623674 0.02774232180216387
358.54415463854093 10.241770948067565 -0.028647302300833743 0.02752412249386723
368.2345371963456 10.256350228031824 -0.0284167702706413 0.027310559990381414
377.9249197541503 10.274065273193553 -0.028168042211423956 0.027099749338854832
387.615302311955 10.294212252374674 -0.02792686400596211 0.026892485744489523
397.3056848697597 10.31360184915758 -0.027687007703549614 0.026688681942687732
406.9960674275644 10.332283853847118 -0.027451335310599352 0.026488248591602457
416.6864499853691 10.350303392020553 -0.02721973723142639 0.026291099444807047
426.3768325431738 10.367701482228954 -0.026992107682577135 0.026097151217648665
436.0672151009785 10.384515513348132 -0.026776111848961715 0.025906323460481648
445.7575976586668 10.400779655136455 -0.026562809664751056 0.025718538438372976
455.4479802164715 10.416525212818193 -0.026346292372185606 0.02553372101688395
465.1383627742762 10.431780934403525 -0.02613336058107074 0.02535179855360515
474.82874533208087 10.446573277860207 -0.02592392505708508 0.025172700795066488
484.51912788988557 10.46092664402274 -0.02571789951754693 0.024996359778745238
494.20951044769026 10.4748635801852 -0.025515200509956867 0.02482270973986767
503.89989300549496 10.48840495857618 -0.025357601182095728 0.02465168702273462
513.5902755632997 10.501570133305512 -0.02516074376080507 0.024483229996316698
523.2806581211044 10.51437707885913 -0.024991254398019414 0.024317278973880804
532.971040678909 10.5268425127754 -0.024800208742061014 0.02415377613642496
542.6614232367137 10.538982004747963 -0.02461213399403717 0.023992665459712296
552.3518057945184 10.550810074058942 -0.024426960541283998 0.02383389264470815
562.0421883523231 10.562340276948001 -0.02424462094712185 0.023677405051236264
571.7325709101278 10.573585285264821 -0.02408562550486808 0.023523151634681518
581.4229534679325 10.584556957532179 -0.02390847905601805 0.023371082885576988
591.1133360257372 10.59526640336162 -0.023733983928084436 0.023221150771922834
600.8037185835419 10.605724042009843 -0.023562080275987725 0.02307330868409405
610.4941011413466 10.615939655737717 -0.023392710058895694 0.022927511382202156
620.1844836991513 10.6259224385311 -0.023449577389059218 0.02279951813184601
629.874866256956 10.635681040659817 -0.023282081534212126 0.022657466251007338
639.5652488146443 10.645223609483905 -0.023117035863760453 0.022517336863040773
649.255631372449 10.654557826863151 -0.02295438571504233 0.022379089500293308
658.9460139302537 10.663690943479534 -0.022824676269897374 0.022242684845986287
668.6363964880584 10.672629810350221 -0.02266624381829625 0.02210808469312621
678.3267790458631 10.681380907775106 -0.02251006375191507 0.02197525190518792
688.0171616036678 10.689950371940077 -0.022356087223215255 0.021844150378471306
697.7075441614725 10.698344019375153 -0.022204266825437156 0.021714745006049477
707.3979267192772 10.706567369448333 -0.02205455653789941 0.021587001643229766
717.0883092770819 10.714625665059689 -0.021906911673898948 0.021460887074453167
726.7786918348866 10.722523891686043 -0.021761288831059142 0.021336368981561948
736.4690743926913 10.730266794913545 -0.021617645843984398 0.021213415913369518
746.159456950496 10.737858896583989 -0.021475941739089628 0.021091997256469975
755.8498395083006 10.745304509670085 -0.02133613669148187 0.020972083207228192
765.5402220661053 10.752607751985249 -0.021198191983779986 0.020853644744894713
775.23060462391 10.759772558824723 -0.021062069966766028 0.020736653605792812
784.9209871817147 10.766802694626739 -0.020927734021768618 0.020621082258527473
794.6113697395194 10.773701763734952 -0.020795148524685645 0.020506903880169344
804.3017522973241 10.780473220336676 -0.02066427881155931 0.020394092333368745
813.9921348551288 10.787120377645088 -0.020535091145622117 0.020282622144357276
823.6825174128171 10.793646416387787 -0.020407552685739083 0.020172468481798374
833.3728999706218 10.80005439265943 -0.020281631456165627 0.020063607136440544
843.0632825284265 10.806347245189478 -0.020157296317576807 0.019956014501557137
852.7536650862312 10.812527802074728 -0.02003451693927434 0.019849667554111848
862.4440476440359 10.818598787019145 -0.019913263772535043 0.019744543836637204
872.1344302018406 10.824562825121635 -0.01979350802503589 0.01964062143978727
881.8248127596453 10.830422448248472 -0.019675221636304575 0.01953787898553651
891.51519531745 10.836180100023856 -0.01955584926961326 0.019436414941153786
901.2055778752547 10.84183814046944 -0.019440454790830054 0.01933596865146568
910.8959604330594 10.847398850320907 -0.019326448716998797 0.019236641243338026
920.5863429908641 10.852864435047426 -0.019213805725619794 0.019138413306232702
930.2767255486688 10.858237028597456 -0.01910250111508934 0.019041265885780596
939.9671081064735 10.863518696892589 -0.018992510785484924 0.018945180470311025
949.6574906642782 10.868711441089134 -0.018883811220073203 0.01885013897785881
959.3478732220829 10.87381720062557 -0.01877637946750884 0.018756123743629238
969.0382557798875 10.878837856072483 -0.01867019312469338 0.01866311750790218
978.7286383376922 10.883775231800149 -0.01856523032026519 0.01857110340435739
988.4190208954969 10.888631098477736 -0.01846146969869294 0.01848006494880384
998.1094034533016 10.893407175416904 -0.01835889040494649 0.018389986028296893
