-1007.7997860109899 8.725852222803775 -0.015013950507965326 0.04019914674498466
-998.1094034531852 8.722480690466119 -0.01490992732083203 0.03991351581320701
-988.4190208953805 8.71884051693339 -0.014811707186561893 0.03963191529370179
-978.7286383376922 8.715001682616034 -0.014713937423145917 0.03935426047695853
-969.0382557798875 8.711014064674403 -0.01461410698680014 0.03908046901079579
-959.3478732220829 8.70691471325594 -0.014515635883700122 0.03881046081894614
-949.6574906642782 8.702732078210053 -0.0144184964118358 0.038544158022960476
-939.9671081064735 8.698488606864618 -0.014322661618583634 0.03828148486732168
-930.2767255486688 8.694202414771565 -0.014228105275501604 0.03802236764759649
-920.5863429908641 8.689888401195823 -0.014154914652190358 0.03776673464148579
-910.8959604330594 8.685559017687357 -0.0140626905631581 0.037514516042637454
-901.2055778752547 8.681224812077978 -0.013980990725811302 0.03726564389709397
-891.51519531745 8.676894822635653 -0.013891086489963204 0.03702005204225297
-881.8248127596453 8.672576869594181 -0.01380234270456225 0.03677767604822554
-872.1344302018406 8.668277774776382 -0.013714736943535094 0.03653845316148324
-862.4440476440359 8.664003529811875 -0.01362824735632081 0.03630232225069023
-852.7536650862312 8.659759426943687 -0.013550873250213572 0.03606922375462217
-843.0632825284265 8.65555016216926 -0.013466493423533638 0.035839099632079055
-833.3728999706218 8.651379917625343 -0.013383168360687809 0.035611893313702944
-823.6825174128171 8.64725242819489 -0.01330087831733819 0.035387549655617245
-813.9921348550124 8.643171035975156 -0.01321960404005553 0.035166014894807064
-804.3017522972077 8.639138735302787 -0.01377869317826677 0.03494723660616534
-794.611369739403 8.628173889882492 -0.013694693313455946 0.03473116366113234
-784.9209871817147 8.61662380176958 -0.013611722882510566 0.03451774618786269
-775.23060462391 8.605523940365961 -0.013529762957275992 0.03430693553283925
-765.5402220661053 8.594905747429477 -0.013457086678658746 0.0340986842239105
-755.8498395083006 8.584792370222244 -0.013377031672548449 0.033892945934640754
-746.159456950496 8.575200016717986 -0.013297934006660342 0.03368967544995584
-736.4690743926913 8.566139032606904 -0.013219776503686014 0.03348882863301501
-726.7786918348866 8.557614786247177 -0.013142542396616053 0.03329036239326101
-717.0883092770819 8.54962841400441 -0.013066215316516482 0.03309423465559943
-707.3979267192772 8.542177459107446 -0.0129907792807412 0.032900404330661076
-697.7075441614725 8.535256425777336 -0.012916218681562295 0.03270883128610348
-688.0171616036678 8.528857263527412 -0.012842518275200972 0.032519476318909064
-678.3267790458631 8.522969792301076 -0.0127696631712427 0.032332301128640065
-668.6363964880584 8.517582076442421 -0.012697638822420868 0.03214726829161185
-658.9460139302537 8.512680753764638 -0.01262643101475408 0.03196434123594788
-649.255631372449 8.508251324826016 -0.01255602585802275 0.03178348421748164
-639.5652488146443 8.504278406723829 -0.012486409776571526 0.03160466229647203
-629.8748662568396 8.500745955138877 -0.012417569500424426 0.03142784131510038
-620.1844836990349 8.49763745792635 -0.01234949205670047 0.031252987875718626
-610.4941011412302 8.494936103201708 -0.01228216476131783 0.031080069319819683
-600.8037185835419 8.492624924582447 -0.012215575210976128 0.03090905370770405
-591.1133360257372 8.490686925998759 -0.012149711275401242 0.030739909798803932
-581.4229534679325 8.489105188267331 -0.01208456108985426 0.03057260703267011
-571.7325709101278 8.487862959423603 -0.012020113047878858 0.030407115510556183
-562.0421883523231 8.486943730627615 -0.011956355794289523 0.03024340597760771
-552.3518057945184 8.486331299291168 -0.011893278218386955 0.03008144980562166
-542.6614232367137 8.486009820919943 -0.011830869447392716 0.029921218976356852
-532.971040678909 8.485963851021463 -0.01176820202528414 0.02976270632610685
-523.2806581211044 8.486178378297813 -0.011707105948266327 0.029605844337240332
-513.5902755632997 8.486638850220242 -0.01164664732320001 0.02945062713929023
-503.89989300549496 8.48733119197066 -0.011586816169619808 0.029297028997241605
-494.20951044769026 8.488241819632192 -0.011527602715104163 0.029145024710174012
-484.51912788988557 8.489357648416698 -0.011468997389866578 0.028994589597477586
-474.82874533208087 8.490666096631337 -0.011410990821515246 0.028845699485493665
-465.1383627742762 8.492155086007983 -0.011353573829974779 0.028698330694565077
-455.4479802164715 8.493813038948504 -0.01129673742256446 0.028552460026481232
-445.7575976586668 8.495628873174649 -0.011240472789227123 0.028408064752304295
-436.0672151008621 8.497591994213535 -0.011184771297903521 0.028265122600562822
-426.3768325430574 8.499692286097524 -0.011129624490046949 0.028123611745800033
-416.6864499853691 8.501920100610638 -0.011075024076273728 0.027983510797466103
-406.9960674275644 8.504266245371834 -0.011020961932141063 0.02784479878913243
-397.3056848697597 8.506721971007629 -0.010967430094057372 0.027707455168041798
-387.615302311955 8.509278957634017 -0.010914420755307696 0.02757145978494961
-377.9249197541503 8.511929300837151 -0.010861926262199796 0.027436792884271203
-368.2345371963456 8.514665497316344 -0.010809939110322936 0.02730343509451477
-358.54415463854093 8.51748043032957 -0.010758451940916193 0.027171367418991964
-348.85377208073623 8.520367355060944 -0.010707457537342495 0.027040571226796848
-339.16338952293154 8.523319884011524 -0.010724685132580654 0.026911028244044077
-329.47300696512684 8.526331972498792 -0.010674154037873194 0.026782720545357772
-319.78262440732215 8.529397904336086 -0.010624102238431087 0.026655630545602754
-310.09224184951745 8.532512277750957 -0.010574522891868459 0.026529740991849998
-300.40185929171275 8.535669991590703 -0.010525409286419542 0.026405034955568746
-290.71147673390806 8.538866231853916 -0.010560909467845166 0.026281495825037842
-281.02109417610336 8.542096458578792 -0.01051208749151879 0.026159107297969022
-271.33071161829866 8.545356393111835 -0.01046372094918674 0.026037853374335392
-261.64032906049397 8.548642005774575 -0.010415803423417396 0.025917718349398492
-251.94994650268927 8.551949503940616 -0.010368328618330517 0.0257986868069274
-242.25956394488458 8.555275320530894 -0.01032129035668675 0.02568074361260395
-232.5691813871963 8.558616102931126 -0.01027468257706259 0.02556387390760931
-222.8787988293916 8.561968702332486 -0.013680569102980255 0.025448063102378047
-213.1884162715869 8.565330163492982 -0.013609327797324208 0.025333296870534986
-203.4980337137822 8.568697714916105 -0.013538872746341774 0.025219561142981545
-193.8076511559775 8.572068759440013 -0.013532077363937623 0.02510684210214767
-184.1172685981728 8.575440865229844 -0.013462690166827428 0.02499512617639573
-174.42688604036812 8.578811757164173 -0.013394055707432974 0.024884400034573262
-164.73650348256342 8.58217930860566 -0.013317402874568065 0.02477496776539617
-155.04612092475872 8.585541533545218 -0.013250299753693271 0.024666179802793575
-145.35573836695403 8.588896579108324 -0.013183910550274782 0.024558343055240343
-135.66535580914933 8.592242718411832 -0.013118223254414106 0.02445144510113009
-125.97497325134464 8.595578343759197 -0.013053226138729501 0.0243454737342022
-116.28459069353994 8.598901960161975 -0.01298890774971814 0.024240416958895134
-106.59420813573524 8.602212179175364 -0.012976193379839143 0.024136262985819664
-96.90382557793055 8.60550771303555 -0.012912824296100682 0.02403300022734818
-87.21344302012585 8.608787369086766 -0.012850106616851788 0.023930617293316928
-77.52306046232115 8.612050044486086 -0.012788029784882143 0.02382910298683746
-67.83267790451646 8.615294721174221 -0.012726583481714147 0.023728446300214402
-58.14229534671176 8.618520461100795 -0.012665757620594508 0.02362863641096618
-48.451912788907066 8.621726401692875 -0.012605542339739841 0.02352966267794573
-38.761530231218785 8.624911751555803 -0.012526861995620892 0.023432704606754708
-29.07114767341409 8.628075786395927 -0.012467979209108556 0.023335363228208082
-19.380765115609393 8.631217845154426 -0.01240967666084373 0.023238827260583243
-9.690382557804696 8.634337326343047 -0.012351945370447768 0.02314308674841047
0.0 1.1475794935679078 -0.13197569295080783 0.09952872388164671
9.690382557804696 1.561073087612927 -0.13103674428996415 0.09887070074613322
19.380765115609393 1.8680232185281396 -0.13011125567979648 0.0982216970773084
29.07114767341409 2.1210943006517597 -0.12919893739809452 0.09758152367504992
38.761530231218785 2.339969270715571 -0.1282995080167214 0.09694999667952942
48.45191278902348 2.5345975482293364 -0.12741132010826642 0.0963269745399879
58.14229534682818 2.7108460172049673 -0.12653686609604717 0.09571220892911643
67.83267790463287 2.872521823446948 -0.12567450342291958 0.09510556834237278
77.52306046243757 3.0222636257444746 -0.12482398100799968 0.09450688847055722
87.21344302024227 3.1619906048792457 -0.12398505470656473 0.0939160094766825
96.90382557804696 3.2931511746856463 -0.12315748707152885 0.09333277584339944
106.59420813585166 3.4168708932186 -0.12234104712471039 0.09275703622666062
116.28459069365636 3.534045440897292 -0.12153551013742467 0.09218864331532597
125.97497325146105 3.6454017289811755 -0.1317250457828667 0.09656839466120043
135.66535580926575 3.751539559706276 -0.13085969459609784 0.0959778472336249
145.35573836695403 3.852960911715024 -0.1300057925980298 0.0953947604771609
155.04612092475872 3.9500910699801617 -0.12916311221137572 0.09481899030162363
164.73650348256342 4.043294217185743 -0.12833143188154766 0.0942503963626978
174.42688604036812 4.132885165078041 -0.12751053587801114 0.09368884193977577
184.1172685981728 4.219138334031972 -0.12657489217589665 0.09314770967361959
193.8076511559775 4.302294731433155 -0.12577586385805603 0.09259973839445707
203.4980337137822 4.38256744876425 -0.12660890762008228 0.09244232663772473
213.1884162715869 4.460146044753722 -0.1258180600109917 0.09190470888636562
222.8787988293916 4.535200078849148 -0.12503716054634445 0.09137354014521727
232.5691813871963 4.629851174305573 -0.12426602116461383 0.09084870219532987
242.259563945001 4.85213682316016 -0.12350445853991765 0.09033007973560406
251.9499465028057 5.0537391122747 -0.12275229393334008 0.08981756029241604
261.6403290606104 5.237779369848921 -0.12200935304983443 0.08931103413260237
271.3307116184151 5.4066960904075705 -0.12127546590046528 0.08881039417965914
281.0210941762198 5.562439481206889 -0.12055046666975697 0.08831553593301762
290.7114767340245 5.706599316823958 -0.11983419358792924 0.08782635739026406
300.40185929182917 5.840492240928956 -0.11912648880781074 0.08734275897217961
310.09224184963387 5.96522331354543 -0.11842719828623108 0.08686464345048019
319.78262440743856 6.081730593219552 -0.11773617166970222 0.08639191587814417
329.47300696512684 6.190818190043656 -0.11705326218421723 0.08592448352222441
339.16338952293154 6.293181269935321 -0.11637832652894534 0.08546225579900937
348.85377208073623 6.389425306376166 -0.11571122477378286 0.08500514421151853
358.54415463854093 6.480081134927475 -0.11505182026044031 0.08455306228912715
368.2345371963456 6.565616888678309 -0.11439997950704009 0.08410592552931571
377.9249197541503 6.646447577659552 -0.11375557211603425 0.08366365134142478
387.615302311955 6.7229428623023395 -0.11311847068531557 0.08322615899234105
397.3056848697597 6.7954334241714776 -0.11248855072239271 0.08279336955403649
406.9960674275644 6.864216234054067 -0.11186569056150772 0.08236520585288694
416.6864499853691 6.9295589438071925 -0.11124977128357746 0.08194159242070086
426.3768325431738 6.991703574935853 -0.11064067663884783 0.08152245544738929
436.0672151009785 7.05086963757653 -0.11003829297215394 0.08110772273521462
445.7575976587832 7.107256784289323 -0.1094425091506835 0.08069732365455552
455.4479802165879 7.161047080996637 -0.10885321649414702 0.08029118910113034
465.1383627743926 7.212406960591172 -0.10827030870726041 0.07988925145462236
474.8287453321973 7.261488911791002 -0.10769368181445198 0.07949144453865346
484.519127890002 7.308432945759758 -0.10712323409670799 0.07909770358205552
494.2095104478067 7.353367875123158 -0.1065588660304755 0.07870796518138953
503.8998930056114 7.396412433779406 -0.10600048022854482 0.07832216726466663
513.5902755632997 7.437676260935212 -0.10544798138284314 0.07794024905622975
523.2806581211044 7.477260768819395 -0.10490127620902873 0.07756215104272605
532.971040678909 7.515259910298532 -0.1043602733929164 0.07718781494019773
542.6614232367137 7.551760860021687 -0.10382488353853661 0.0768171836621595
552.3518057945184 7.586844620565872 -0.10329501911786457 0.0764502012886945
562.0421883523231 7.620586563306507 -0.10277059442211983 0.07608681303650441
571.7325709101278 7.653056912280547 -0.10225152551458543 0.07572696522988404
581.4229534679325 7.684321178103307 -0.10173773018489143 0.07537060527258654
591.1133360257372 7.7144405479924005 -0.10122912790471013 0.07501768162054827
600.8037185835419 7.743472237107422 -0.10072563978481167 0.07466814375544184
610.4941011413466 7.771469805702615 -0.10022718853343221 0.07432194215902814
620.1844836991513 7.798483445988362 -0.09973369841590797 0.07397902828828007
629.874866256956 7.824560242086968 -0.09924509521552953 0.07363935455124943
639.5652488147607 7.849744406033386 -0.09876130619557433 0.07330287428365254
649.2556313725654 7.874077492399977 -0.09828226006247616 0.07296954172614838
658.9460139303701 7.89759859380564 -0.09780788693009118 0.0726393120022864
668.6363964881748 7.920344519295524 -0.09733811828502348 0.07231214109710027
678.3267790459795 7.942349957340846 -0.09687288695297301 0.07198798583632562
688.0171616037842 7.963647625003631 -0.09641212706607126 0.07166680386622101
697.7075441614725 7.984268404633235 -0.09595577403117586 0.07134855363397487
707.3979267192772 8.004241469308544 -0.09550376449905947 0.07103319436865634
717.0883092770819 8.02359439809975 -0.09505603633454382 0.07072068606274834
726.7786918348866 8.042353282114215 -0.09461252858743888 0.07041098945416815
736.4690743926913 8.060542822178908 -0.09417318146434134 0.07010406600881575
746.159456950496 8.07818641892626 -0.09373793630123126 0.06979987790360956
755.8498395083006 8.095306255968504 -0.09330673553684593 0.06949838800999825
765.5402220661053 8.111923376775362 -0.09287952268680522 0.06919955987793168
775.23060462391 8.128057755807395 -0.092456242318464 0.0689033577202777
784.9209871817147 8.14372836440223 -0.09203684002646736 0.06860974639766854
794.6113697395194 8.158953231861709 -0.09162126240898627 0.0683186914037646
804.3017522973241 8.173749502144462 -0.09120945704461143 0.06803015885092123
813.9921348551288 8.188133486529566 -0.09080137246988416 0.0677441154562457
823.6825174129335 8.202120712582314 -0.09039695815744365 0.0674605285280327
833.3728999707382 8.215725969722103 -0.0899961644947714 0.06717936595256525
843.0632825285429 8.228963351664868 -0.08959894276351339 0.06690059618127071
852.7536650863476 8.24184629598751 -0.08920524511936184 0.0666241882182196
862.4440476441523 8.254387621039584 -0.08881502457247929 0.06635011160795766
872.134430201957 8.266599560407423 -0.08842823496844732 0.06607833642365986
881.8248127597617 8.278493795117885 -0.08804483096972401 0.06580883325559692
891.51519531745 8.290081483752427 -0.08766476803759916 0.06554157319990771
901.2055778752547 8.301373290628598 -0.0872880024146037 0.0652765278476494
910.8959604330594 8.312379412189866 -0.08691449110742815 0.06501366927416377
920.5863429908641 8.323109601737457 -0.0865441918702437 0.06475297002868771
930.2767255486688 8.333573192622334 -0.08617706318848163 0.06449440312424704
939.9671081064735 8.343779120008321 -0.08581306426302932 0.0642379420278067
949.6574906642782 8.353735941307619 -0.08545215499483595 0.06398356065067286
959.3478732220829 8.36345185538187 -0.08509429596991443 0.06373123333913887
969.0382557798875 8.37293472059461 -0.08473944844472826 0.06348093486536847
978.7286383376922 8.38219207179413 -0.08438757433195207 0.06323264041850883
988.4190208954969 8.391231136299716 -0.08403863618659363 0.06298632559602667
