-455.4479802165879 11.307483656493439 0.0 0.0
-445.7575976587832 11.307483656493439 0.0 0.0
-436.0672151009785 11.307483656493439 0.0 0.0
-426.3768325431738 11.307483656493439 0.0 0.0
-416.6864499853691 11.307483656493439 0.0 0.0
-406.9960674275644 11.307483656493439 0.0 0.0
-397.3056848697597 11.307483656493439 0.0 0.0
-387.615302311955 11.307483656493439 0.0 0.0
-377.9249197541503 11.307483656493439 0.0 0.0
-368.2345371963456 11.307483656493439 0.0 0.0
-358.54415463865735 11.307483656493439 0.0 0.0
-348.85377208085265 11.307483656493439 0.0 0.0
-339.16338952304795 11.307483656493439 0.0 0.0
-329.47300696524326 11.307483656493439 0.0 0.0
-319.78262440743856 11.307483656493439 0.0 0.0
-310.09224184963387 11.307483656493439 0.0 0.0
-300.40185929182917 11.307483656493439 0.0 0.0
-290.7114767340245 11.307483656493439 0.0 0.0
-281.0210941762198 11.307483656493439 0.0 0.0
-271.3307116184151 11.307483656493439 0.0 0.0
-261.6403290606104 11.307483656493439 0.0 0.0
-251.9499465028057 11.307483656493439 0.0 0.0
-242.259563945001 11.307483656493439 0.0 0.0
-232.5691813871963 11.307483656493439 0.0 0.0
-222.8787988293916 11.307483656493439 0.0 0.0
-213.1884162715869 11.307483656493439 0.0 0.0
-203.4980337137822 11.307483656493439 0.0 0.0
-193.8076511559775 11.307483656493439 -0.0020317853065247053 0.0
-184.1172685981728 11.307483656493439 -0.0020042953277258696 0.0
-174.42688604048453 11.307483656493439 -0.001977539295417891 0.0
-164.73650348267984 11.307483656493439 -0.0019514882036925476 0.0
-155.04612092487514 11.307483656493439 -0.0019261145552055402 0.0
-145.35573836707044 11.307483656493439 -0.00190139226436078 0.0
-135.66535580926575 11.307483656493439 -0.0018772965678576744 0.0
-125.97497325146105 11.307483656493439 -0.0018538039419546141 0.0
-116.28459069365636 11.307483656493439 -0.0018308920258679113 0.0
-106.59420813585166 11.307483656493439 -0.0018085395507818427 0.0
-96.90382557804696 11.307483656493439 -0.0017867262739960693 0.0
-87.21344302024227 11.307483656493439 -0.001765432917781856 0.0
-77.52306046243757 11.307483656493439 -0.0017446411125588927 0.0
-67.83267790463287 11.307483656493439 -0.0017243333440406753 0.0
-58.14229534682818 11.307483656493439 -0.0017044929040288084 0.0
-48.45191278902348 11.307483656493439 -0.0016851038445656733 0.0
-38.761530231218785 11.307483656493439 -0.0016661509351810543 0.0
-29.07114767341409 11.307483656493439 -0.0016476196229918449 0.0
-19.380765115609393 11.307483656493439 -0.0016294959954351407 0.0
-9.690382557804696 11.307483656493439 -0.001611766745434168 0.0
0.0 11.307483656493439 -0.06190325721291251 0.0655854320540977
9.690382557804696 3.01354909778866 -0.06106156815292403 0.06468856481623315
19.380765115492977 3.6964748378796894 -0.06024248808832918 0.06381589562360065
29.071147673297673 4.20936267055999 -0.05981509870823072 0.06302136684198309
38.76153023110237 4.629115873929962 -0.059033532141437445 0.06219349583520207
48.451912788907066 4.987549940297956 -0.05827214990304052 0.061387093254276597
58.14229534671176 5.301569289994 -0.057530179362417444 0.06060133470546774
67.83267790451646 5.58146347420734 -0.05680688685317441 0.05983543747091494
77.52306046232115 5.834064487486669 -0.056101575246162855 0.05908865790793103
87.21344302012585 6.06419279954131 -0.05957802735838098 0.06000479355385234
96.90382557793055 6.275406089164765 -0.05885025184598344 0.05927186355169614
106.59420813573524 6.47042268075063 -0.05814007434920642 0.058556628186356846
116.28459069353994 6.651377565845673 -0.057446863140792635 0.057858454088077806
125.97497325134464 6.819985554650732 -0.05677001641932107 0.0571767377704086
135.66535580914933 6.977649759667095 -0.05610896055530979 0.05651090388760542
145.35573836695403 7.125536308410405 -0.05570151308215551 0.05588634331296616
155.04612092475872 7.264627341496609 -0.05506717089121279 0.05525029895436088
164.73650348256342 7.395759567805635 -0.05563538428466832 0.054878697166303975
174.42688604036812 7.519652930868503 -0.05501313720918877 0.05426743486586312
184.1172685981728 7.636932332407807 -0.054501208558778984 0.05367564655050057
193.8076511559775 7.748144372970798 -0.0540409304258942 0.05310280839304329
203.4980337136658 7.853770446165608 -0.05345562168678223 0.05253042143944228
213.1884162714705 7.954237118005988 -0.052882888905464255 0.05197024798449702
222.87879882927518 8.049924453322308 -0.05249396478373355 0.051434396209054024
232.56918138707988 8.141172767993112 -0.05194287329050654 0.05089733596673322
242.25956394488458 8.228288158688905 -0.05140326360663685 0.05037138048670908
251.94994650268927 8.311547072255104 -0.05087477960528639 0.04985618870068079
261.64032906049397 8.391200112648892 -0.050357079779734866 0.04935143337397837
271.33071161829866 8.46747523666651 -0.0498498364984134 0.0488568004107998
281.02109417610336 8.540580455305104 -0.049352735305182874 0.04837198820093304
290.71147673390806 8.610706131952647 -0.04886547426167152 0.04789670700509867
300.40185929171275 8.678026949251711 -0.04838776332874124 0.04743067837627405
310.09224184951745 8.742703601735911 -0.04791932378438418 0.04697363461456289
319.78262440732215 8.80488425998792 -0.04745988767556181 0.04652531825336198
329.47300696512684 8.8647058432534 -0.04700919730169269 0.046085481574747234
339.16338952293154 8.92229513054113 -0.046567004727670766 0.04565388615215705
348.85377208073623 8.977769734789355 -0.046133071324456425 0.04523030241859498
358.54415463854093 9.03123896034338 -0.04570716733543132 0.04481450925870441
368.2345371963456 9.0828045605176 -0.04528907146684156 0.044406293623188715
377.9249197541503 9.144100618887958 -0.04487857050077819 0.04400545016416075
387.6153023118386 9.213072776007085 -0.04447545892926226 0.04361178089011225
397.3056848696433 9.27868057813739 -0.04407953860807166 0.04322509483925403
406.996067427448 9.341148814505027 -0.04369061842914471 0.042845207770163186
416.6864499852527 9.400682829508776 -0.04330851401031368 0.04247194186858725
426.3768325430574 9.457470627368178 -0.04299367925043757 0.04210512546949462
436.0672151008621 9.51168469894275 -0.04262385728432663 0.04174459279342765
445.7575976586668 9.563483614403514 -0.04226035737998889 0.04139018369631117
455.4479802164715 9.613013417450281 -0.04190301839928898 0.04104174343192144
465.1383627742762 9.66040885044081 -0.04164470396616643 0.040699122426274076
474.82874533208087 9.70579443474676 -0.04129796252446639 0.04036217606323869
484.51912788988557 9.749285426589196 -0.040956964170630494 0.04003076448073341
494.20951044769026 9.790988665317144 -0.04062156688091687 0.03970475237689505
503.89989300549496 9.831003328411795 -0.040291633297886174 0.03938400882565943
513.5902755632997 9.869421605300706 -0.040176530579539946 0.03906840710122313
523.2806581211044 9.90632930025338 -0.039854267066500484 0.038757824510891076
532.971040678909 9.941806373126292 -0.0395371585147373 0.03845214223584669
542.6614232367137 9.975927425472726 -0.0392250813301811 0.03815124517940896
552.3518057945184 10.0087621384835 -0.03891791587935961 0.037855021822369585
562.0421883523231 10.040375668342161 -0.038615546329628596 0.03756336408502706
571.7325709100114 10.070829003832218 -0.03831786049724479 0.03727616719556229
581.4229534678161 10.1001792904039 -0.038024749702800724 0.0369933295643978
591.1133360256208 10.128480124361753 -0.03773610863364844 0.03671475266427551
600.8037185834255 10.155781820386704 -0.0374518352128426 0.03644034091568576
610.4941011412302 10.182131655198603 -0.03717183047428634 0.03617000157741982
620.1844836990349 10.20757408983318 -0.036895998443710915 0.035903644641961024
629.8748662568396 10.232150972711523 -0.03662424602517031 0.03564118273547004
639.5652488146443 10.255901725426636 -0.03635648289274714 0.03538253102213036
649.255631372449 10.278863512951185 -0.03609262138718736 0.03512760711263408
658.9460139302537 10.301071399778586 -0.03583257641719787 0.03487633097659996
668.6363964880584 10.322558493342129 -0.035576265365159156 0.03462862485872816
678.3267790458631 10.34335607591014 -0.03532360799701892 0.034384413198507026
688.0171616036678 10.363493726026734 -0.03507452637614865 0.034143622553297226
697.7075441614725 10.382999430454563 -0.03482894478095716 0.03390618152462899
707.3979267192772 10.401899687476476 -0.034586789626067996 0.03367202068755663
717.0883092770819 10.420219602325043 -0.0343479893868795 0.0334410725229234
726.7786918348866 10.437982975431108 -0.034112474527335915 0.03321327135239782
736.4690743926913 10.45521238411367 -0.033880177430749496 0.03298855327614998
746.159456950496 10.4719292582721 -0.03365103233352149 0.032766856113043474
755.8498395081842 10.488153950587115 -0.033424975261622136 0.03254811934322786
765.5402220659889 10.503905801689708 -0.03320194396967878 0.0323322840530045
775.2306046237936 10.51920320070991 -0.03298187788258547 0.03211929288189956
784.9209871815983 10.534063641585286 -0.0327647180394601 0.03190908997179163
794.611369739403 10.54850377546759 -0.032550407039876356 0.03170162091803851
804.3017522972077 10.562539459539053 -0.03233888899224707 0.031496832722497585
813.9921348550124 10.576185802520392 -0.03213010946426075 0.031294673748356996
823.6825174128171 10.58945720712784 -0.03192401543527512 0.031095093676696682
833.3728999706218 10.602367409713754 -0.031720555250577695 0.030898043464702752
843.0632825284265 10.614929517305056 -0.03151967857742691 0.030703475305461723
852.7536650862312 10.627156042235328 -0.03132133636279321 0.03051134258926581
862.4440476440359 10.639058934549686 -0.031125480792722867 0.030321599866363198
872.1344302018406 10.650649612346609 -0.03093206525325153 0.030134202811090686
881.8248127596453 10.661938990207103 -0.03074104429279842 0.029949108187329397
891.51519531745 10.67293750584934 -0.03055237358597566 0.029766273815226667
901.2055778752547 10.683655145135543 -0.030366009898750178 0.02958565853913069
910.8959604330594 10.694101465547753 -0.030181911054899258 0.029407222196686116
920.5863429908641 10.704285618239775 -0.03000003590370358 0.029230925589042413
930.2767255486688 10.714216368764092 -0.029820344288824248 0.029056730452128122
939.9671081064735 10.72390211656488 -0.02964279701831322 0.028884599428946937
949.6574906641617 10.733350913320983 -0.0294673558357109 0.0287144960428554
959.3478732219664 10.742570480217184 -0.029293983392172467 0.028546384671769932
969.0382557797711 10.751568224213678 -0.02912264321961094 0.028380230523295386
978.7286383375758 10.760351253382368 -0.028953299704773082 0.028215999610697675
988.4190208953805 10.768926391369584 -0.028785918064240332 0.02805365872971648
998.1094034531852 10.777300191042745 -0.028620464320304594 0.027893175436172347
