-1007.7997860109899 11.20232469940555 -0.013384229206411608 0.00872642329678327
-998.1094034533016 11.202226061545668 -0.013309820484888298 0.008676062016770942
-988.4190208954969 11.202140010740136 -0.013236267677307467 0.0086262877354947
-978.7286383376922 11.202066143364375 -0.013163555668166021 0.008577090164599666
-969.0382557798875 11.202004069278846 -0.013091669706354446 0.00852845925582871
-959.3478732220829 11.201953411434705 -0.013020595393788 0.0084803851940428
-949.6574906642782 11.201913805482437 -0.012950318674487923 0.008432858390483213
-939.9671081064735 11.201884899384709 -0.012880825824090813 0.008385869476266416
-930.2767255486688 11.201866353034251 -0.012812103439764808 0.008339409296102277
-920.5863429908641 11.201857837877686 -0.012744138430512674 0.008293468902226743
-910.8959604330594 11.201859036545857 -0.012676918007843022 0.00824803954854043
-901.2055778752547 11.201869642491205 -0.012610429676792195 0.008203112684945073
-891.51519531745 11.201889359632593 -0.012544661227280157 0.008158679951870014
-881.8248127596453 11.201917902007825 -0.012479600725785031 0.008114733174981388
-872.1344302018406 11.201954993434102 -0.012415236507321499 0.008071264360066872
-862.4440476440359 11.202000367176472 -0.012351557167709385 0.008028265688089268
-852.7536650862312 11.202053765624386 -0.012288551556119376 0.007985729510402412
-843.0632825284265 11.202114939976264 -0.012226208767883596 0.007943648344123286
-833.3728999706218 11.202183649932076 -0.012164518137559427 0.007902014867654331
-823.6825174128171 11.202259663393873 -0.012103469232235625 0.007860821916350352
-813.9921348551288 11.202342756174039 -0.012043051845071012 0.007820062478325061
-804.3017522973241 11.202432711711278 -0.011983255989051617 0.007779729690389159
-794.6113697395194 11.20252932079408 -0.011924071890967742 0.007739816834122256
-784.9209871817147 11.20263238129156 -0.01186548998558767 0.007700317332064192
-775.23060462391 11.202741697891584 -0.011807500910030405 0.007661224744028424
-765.5402220661053 11.202857081845934 -0.01175009549832523 0.0076225327635302455
-755.8498395083006 11.202978350722471 -0.011693264776151093 0.00758423521432614
-746.159456950496 11.203105328164146 -0.0116369999557487 0.007546326047060179
-736.4690743926913 11.203237843654769 -0.011581292430998428 0.007508799336013725
-726.7786918348866 11.20337573229141 -0.011526133772657546 0.00747164927595465
-717.0883092770819 11.203518834563402 -0.011471515723750424 0.007434870179082584
-707.3979267192772 11.203666996137837 -0.011417430195105938 0.0073984564720667575
-697.7075441614725 11.203820067651518 -0.011363869261036361 0.007362402693173213
-688.0171616036678 11.203977904509296 -0.011310825155152257 0.007326703489478225
-678.3267790458631 11.204140366688808 -0.011258290266308393 0.007291353614164929
-668.6363964880584 11.204307318551493 -0.011206257134675619 0.007256347923900287
-658.9460139302537 11.204478628659936 -0.01115471844793409 0.007221681376289574
-649.255631372449 11.20465416960143 -0.011103667037583328 0.0071873490274057955
-639.5652488146443 11.20483381781779 -0.011053095875364793 0.0071533460293913866
-629.874866256956 11.20501745344135 -0.011002998069793546 0.0071196676281302185
-620.1844836991513 11.205204960137083 -0.010953366862791391 0.007086309160985044
-610.4941011413466 11.205396224950816 -0.0109041956264268 0.007053266054604263
-600.8037185835419 11.205591138163498 -0.010855477859745964 0.007020533822787629
-591.1133360257372 11.205789593151415 -0.010807207185700614 0.006988108064414947
-581.4229534679325 11.205991486252318 -0.0107593773481656 0.006955984461433279
-571.7325709101278 11.206196716637338 -0.010711982209043742 0.006924158776901085
-562.0421883523231 11.206405186188624 -0.010665015745454904 0.006892626853087499
-552.3518057945184 11.206616799382607 -0.010624311977926825 0.006861974987771971
-542.6614232367137 11.206831463178686 -0.010578105721150227 0.006831010374542836
-532.971040678909 11.207049086913367 -0.010532312872307381 0.006800327722210636
-523.2806581211044 11.20726958219955 -0.010486927757891368 0.006769923163310527
-513.5902755632997 11.207492862830927 -0.010502701483591373 0.006742453114117177
-503.89989300549496 11.207718844691339 -0.010457292785471282 0.00671255741073263
-494.20951044769026 11.20794744566883 -0.010412297400999521 0.006682929579364393
-484.51912788988557 11.2081785855744 -0.010367709199532874 0.006653565988578559
-474.82874533208087 11.20841218606511 -0.01032352219231639 0.006624463073573634
-465.1383627742762 11.208648170571506 -0.010304666383793641 0.006596613409003696
-455.4479802164715 11.208886464229124 -0.010260924035401481 0.006568007816151966
-445.7575976587832 11.209126993813907 -0.010217574878921368 0.006539652954881495
-436.0672151009785 11.209369687681354 -0.010193261306910704 0.006512402241527091
-426.3768325431738 11.209614475709229 -0.010158839777018456 0.006484812536548357
-416.6864499853691 11.20986128924369 -0.010116276803111933 0.006457175000823946
-406.9960674275644 11.210110061048589 -0.01007409396841233 0.006429775637865955
-397.3056848697597 11.210360725257862 -0.010032285586563057 0.006402611335244683
-387.615302311955 11.210613217330774 -0.009990846108858956 0.006375679035896873
-377.9249197541503 11.210867474009893 -0.009949770118888581 0.006348975736830603
-368.2345371963456 11.21112343328163 -0.009909052327485192 0.0063224984878709626
-358.54415463854093 11.211381034339162 -0.009897976472867366 0.0062969872034783735
-348.85377208073623 11.211640217547687 -0.009857562092901813 0.0062709433255777654
-339.16338952293154 11.21190092441172 -0.009820123894319719 0.006245194493638881
-329.47300696512684 11.212163097544437 -0.009780376239523896 0.00621958235980152
-319.78262440732215 11.21242668063882 -0.00974097286055306 0.006194182553259657
-310.09224184951745 11.212691618440628 -0.009701908723386521 0.006168992405740004
-300.40185929171275 11.212957856722852 -0.009663178914072913 0.00614400929455409
-290.71147673390806 11.213225342261804 -0.009624778634129257 0.006119230641578622
-281.02109417610336 11.2134940228145 -0.009586703196198969 0.0060946539122662124
-271.33071161829866 11.2137638470974 -0.00954894801994977 0.006070276614685252
-261.6403290606104 11.21403476476633 -0.009511508628194696 0.0060460962985879494
-251.9499465028057 11.21430672639752 -0.009474380643217699 0.006022110554503758
-242.259563945001 11.214579683469626 -0.009437559783296051 0.005998317012861384
-232.5691813871963 11.214853588346786 -0.009401041859397408 0.005974713343132651
-222.8787988293916 11.215128394262452 -0.009364822772046031 0.00595129725300158
-213.1884162715869 11.215404055304097 -0.009328898508344417 0.0059280664875560555
-203.4980337137822 11.215680526398618 -0.009439942843669204 0.005905018828501546
-193.8076511559775 11.215957763298453 -0.009402611593362444 0.005882152093396041
-184.1172685981728 11.216235722568262 -0.009365616624903157 0.005859464134905457
-174.42688604036812 11.21651436157225 -0.009360979513493661 0.005836952840078779
-164.73650348256342 11.216793638461938 -0.009324202945675446 0.005814616129642293
-155.04612092475872 11.217073512164461 -0.009293860123536371 0.00579257977955291
-145.35573836695403 11.217353942371266 -0.009256593909996013 0.005770632212621172
-135.66535580914933 11.217634889527217 -0.009233872953814828 0.00574880477291206
-125.97497325134464 11.217916314820059 -0.009198145445913169 0.0057271439855743796
-116.28459069353994 11.21819818017021 -0.00916273367770767 0.005705647927334273
-106.59420813573524 11.218480448220816 -0.009127632334599057 0.005684314704850779
-96.90382557793055 11.218763082328122 -0.009092836263543697 0.005663142454118668
-87.21344302012585 11.21904604655206 -0.009104883736371689 0.005642129339886475
-77.52306046243757 11.219329305647024 -0.009132395536981048 0.005621273555089381
-67.83267790463287 11.219612825052916 -0.009097028392343172 0.00560057332029507
-58.14229534682818 11.21989657088629 -0.009061986101581333 0.00558002688316578
-48.45191278902348 11.220180509931708 -0.009027262689321507 0.005559632517931098
-38.761530231218785 11.220464609633218 -0.008992852380895837 0.005539388524874892
-29.07114767341409 11.220748838085974 -0.00895874959203311 0.005519293229834404
-19.380765115609393 11.221033164027956 -0.009442525588365709 0.005499344983711413
-9.690382557804696 11.22131755683181 -0.009401949910385681 0.0054795421619950845
0.0 8.647823863033278 -0.004514685783677279 0.031003460394693632
9.690382557804696 8.879043929822696 -0.004540999602286193 0.030636537587536435
19.380765115609393 9.02881383366895 -0.004566001558566196 0.03027907848573606
29.07114767341409 9.144029519964148 -0.004589750508484531 0.029930711238134948
38.761530231218785 9.238938851842606 -0.004612302116542179 0.029591083372377154
48.45191278902348 9.320144512823871 -0.006469786563363432 0.02925986054611993
58.14229534682818 9.391342237798586 -0.0064650642240500125 0.028936725393639808
67.83267790463287 9.454844489673599 -0.006459967895698552 0.028621376459436774
77.52306046243757 9.512209909947638 -0.006454515594878625 0.02831352721127463
87.21344302024227 9.564546687388098 -0.006448724449184327 0.02801290512583757
96.90382557804696 9.612675160752925 -0.006475720414910113 0.027720148036762024
106.59420813585166 9.657222073052292 -0.006468852009444392 0.027433202433782593
116.28459069353994 9.698678606391274 -0.006461703240006128 0.027152742621271504
125.97497325134464 9.73743787249569 -0.006454287680110092 0.026878544204089815
135.66535580914933 9.773820095893445 -0.006946969841446834 0.02672813963591308
145.35573836695403 9.808090085581691 -0.006932257495612879 0.02646423100363949
155.04612092475872 9.840469690040448 -0.006917497787681896 0.026206013178905512
164.73650348256342 9.87114688361861 -0.006902694678795002 0.0259532980059849
174.42688604036812 9.900282529108845 -0.006887851992549715 0.02570590561878783
184.1172685981728 9.928015499841234 -0.006872973417587188 0.025463663987772747
193.8076511559775 9.954466620381108 -0.0068580625104271 0.025226408496292447
203.4980337137822 9.979741741482863 -0.006843122698495096 0.024993981544165957
213.1884162715869 10.00393417068546 -0.0068281572832959905 0.0247662321764552
222.8787988293916 10.027126616495996 -0.006813169443692905 0.024543015735595097
232.5691813871963 10.049392760535708 -0.006798162239258529 0.02432419353517995
242.259563945001 10.070798541581132 -0.006783138613670076 0.024109632553848095
251.9499465028057 10.0914032138642 -0.006768101398123751 0.023899205147833884
261.6403290606104 10.11126022653488 -0.006753053314748584 0.023692788780871568
271.3307116184151 10.130417959996425 -0.006737996980002754 0.023490265770240104
281.0210941762198 10.148920346639121 -0.0067229349080382955 0.023291523047834137
290.7114767340245 10.166807397449315 -0.006707869514022672 0.023096451935233162
300.40185929171275 10.184115651441207 -0.006692803117407851 0.02290494793182282
310.09224184951745 10.200878561418005 -0.00667773794513818 0.02271691051507945
319.78262440732215 10.217126826905458 -0.006662676134793574 0.022532242952243042
329.47300696512684 10.23288868302081 -0.006647619737659703 0.022350852122584565
339.16338952293154 10.248190152373724 -0.006632570721724092 0.02217264834961009
348.85377208073623 10.263055265768998 -0.006617530974594505 0.021997545242546483
358.54415463854093 10.27750625640761 -0.006602502306337751 0.021825459546516886
368.2345371963456 10.29227994378914 -0.006758732597435267 0.022042578043668448
377.9249197541503 10.3122217147308 -0.0067413898919549435 0.021871008088867983
387.615302311955 10.331410270787895 -0.006724126416645287 0.021702365680029298
397.3056848697597 10.349895575372642 -0.00670694117653885 0.021536573075055153
406.9960674275644 10.367722855534494 -0.006689833244579888 0.02137355532980794
416.6864499853691 10.38493317976179 -0.006672801755392916 0.021213240170762256
426.3768325431738 10.401563949295443 -0.0066558458996325166 0.021055557874706376
436.0672151009785 10.41764931725563 -0.006638964918857449 0.020900441155029214
445.7575976587832 10.433220547635823 -0.006622158100878104 0.020747825054165277
455.4479802165879 10.44830632430843 -0.006605424775531759 0.02059764684180231
465.1383627743926 10.462933018502591 -0.006588764310844644 0.020449845918486063
474.8287453321973 10.477124921726057 -0.006572176109544104 0.020304363724283497
484.51912788988557 10.490904449809362 -0.006555659605887988 0.020161143652192258
494.20951044769026 10.504292322659374 -0.006539214262780464 0.020020130965994924
503.89989300549496 10.517307723409315 -0.006522839569150356 0.01988127272231323
513.5902755632997 10.529968439941415 -0.006506535037564033 0.019744517696576543
523.2806581211044 10.542290991190374 -0.0064903002020540185 0.019609816312696517
532.971040678909 10.554290740203905 -0.006474134616142489 0.019477120576219895
542.6614232367137 10.565981995598909 -0.006458037851042142 0.019346384010758198
552.3518057945184 10.577378102791242 -0.006442009494018407 0.019217561597505196
562.0421883523231 10.588491526172497 -0.006649568690806105 0.019105930155023942
571.7325709101278 10.599333923244037 -0.006630619636841559 0.018980597048432083
581.4229534679325 10.6099162115862 -0.006611820289874149 0.0188570568726089
591.1133360257372 10.620248629430879 -0.006593166995395584 0.018735269664403396
600.8037185835419 10.630340790513541 -0.006574656281696071 0.01861519666821834
610.4941011413466 10.640201733801693 -0.006714453763104453 0.018505815154940774
620.1844836991513 10.649839968628934 -0.006694070854139543 0.01838893651449959
629.874866256956 10.659263515704117 -0.006673878630008729 0.018273665894061764
639.5652488147607 10.668479944413312 -0.006653871955962053 0.01815996879836854
649.2556313725654 10.677496406786299 -0.006634045947062247 0.018047811736390383
658.9460139303701 10.686319668459028 -0.00661439595234103 0.017937162184385458
668.6363964880584 10.694956136927539 -0.00659491754014227 0.0178279885506082
678.3267790458631 10.703411887357937 -0.00658167028015155 0.017720394890078598
688.0171616036678 10.711692686186856 -0.006562440006693266 0.01761408004409081
697.7075441614725 10.719804012725511 -0.006543371422794445 0.01750915165233664
707.3979267192772 10.727751078954899 -0.0068409129829171385 0.01743083975401599
717.0883092770819 10.735538847682115 -0.006817856388167143 0.017328257249942296
726.7786918348866 10.743172049209791 -0.006795065967436424 0.017226988142948173
736.4690743926913 10.750655196655243 -0.006762174869666949 0.0171270061316031
746.159456950496 10.757992600042108 -0.006740033429289461 0.017028285633228644
755.8498395083006 10.765188379275058 -0.006718131910414334 0.016930801758860668
765.5402220661053 10.772246476097239 -0.0066964636460165655 0.016834530289284957
775.23060462391 10.779170665120256 -0.0066750222739553194 0.016739447652090456
784.9209871817147 10.785964564007951 -0.006653801718941371 0.016645530899687913
794.6113697395194 10.792631642887336 -0.007316385250975875 0.016633155504957843
804.3017522973241 10.799175233053028 -0.007286333033588466 0.01654041544786117
813.9921348551288 10.805598535025435 -0.007256732283176968 0.016448805062605112
823.6825174129335 10.811904626017167 -0.007227568133999805 0.01635830254831596
833.3728999707382 10.818096466857217 -0.007198826443252859 0.016268886691777205
843.0632825285429 10.824176908417854 -0.007170493746595418 0.01618053684646311
852.7536650863476 10.830148697585136 -0.007142557216939896 0.016093232912542988
862.4440476440359 10.83601448281017 -0.0071120514633972965 0.016006955317799276
872.1344302018406 10.841776819275456 -0.0070849110007863295 0.015921684999399978
881.8248127596453 10.847438173706099 -0.007058130617303754 0.015837403386491436
891.51519531745 10.853000928855515 -0.007031699720728545 0.015754092383544825
901.2055778752547 10.858467387690313 -0.007024619083528866 0.01567213673953629
910.8959604330594 10.863839777298157 -0.006998598954913293 0.015590709025524951
920.5863429908641 10.869120252540208 -0.00697290617126945 0.015510200477487837
930.2767255486688 10.874310899467604 -0.0069475315904897845 0.015430594742742273
939.9671081064735 10.879413738520045 -0.006922466458265261 0.015351875871057331
949.6574906642782 10.88443072752301 -0.006888392047764282 0.015274028301770447
959.3478732220829 10.889363764498574 -0.006864047758651038 0.015197036851425838
969.0382557798875 10.894214690303722 -0.006839985372875404 0.015120886701908256
978.7286383376922 10.898985291108906 -0.006816197625469363 0.015045563389047294
988.4190208954969 10.903677300728425 -0.006792677539650321 0.014971052791669125
