-1007.7997860111063 8.755487434390332 -0.035906946509538525 0.008055175892552363
-998.1094034533016 8.75539227923313 -0.03580417845010678 0.008028587745083889
-988.4190208954969 8.755337124133584 -0.035702073031203596 0.008002179142673347
-978.7286383376922 8.755320836583124 -0.03560062326684968 0.007975948245265338
-969.0382557798875 8.755342290871198 -0.0355683517790598 0.007949893238088007
-959.3478732220829 8.755400369941263 -0.03559774583992594 0.007924012331217783
-949.6574906642782 8.755493967060316 -0.03549676804802297 0.007898303759153066
-939.9671081064735 8.755621987314436 -0.03539644017674617 0.007872765780396692
-930.2767255486688 8.75578334894229 -0.03529675527892019 0.007847396677047005
-920.5863429908641 8.755976984517929 -0.03519770651475504 0.007822194754397301
-910.8959604331758 8.756201841993636 -0.03509928714961264 0.007797158340543711
-901.2055778753711 8.756456885613055 -0.0350014905518283 0.007772285785999529
-891.5151953175664 8.756741096704186 -0.03490431019060208 0.007747575463320441
-881.8248127597617 8.757053474361415 -0.0348077396339345 0.007723025766734206
-872.134430201957 8.757393036025123 -0.034711772546622784 0.007698635111779375
-862.4440476441523 8.757758817966918 -0.034616402688308345 0.007674401934950883
-852.7536650863476 8.75814987568812 -0.034521623911575226 0.007650324693352778
-843.0632825285429 8.758565284238559 -0.0344274301600975 0.0076264018643578
-833.3728999707382 8.759004138462355 -0.03433381546683442 0.007602631945273776
-823.6825174129335 8.759465553176938 -0.03424077395227149 0.007579013453016554
-813.9921348551288 8.759948663291082 -0.03414829982270601 0.007555544923789424
-804.3017522973241 8.760452623867412 -0.034056387368575934 0.0075322249127688125
-794.6113697395194 8.760976610134447 -0.033965030962830205 0.007509051993796126
-784.9209871817147 8.76151981745287 -0.03387422505933985 0.00748602475907563
-775.23060462391 8.762081461240436 -0.033783964191347896 0.007463141818878161
-765.5402220661053 8.762660776859578 -0.033694242969957634 0.0074404018012506285
-755.8498395083006 8.76325701947148 -0.03360505608265739 0.007417803351731079
-746.159456950496 8.763869463860146 -0.03351639829188119 0.007395345133069278
-736.4690743926913 8.764497404229685 -0.033428264433603916 0.007373025824952647
-726.778691835003 8.765140153977812 -0.03334064941597112 0.007350844123737705
-717.0883092771983 8.765797045448398 -0.03325354821795615 0.0073287987421852855
-707.3979267193936 8.766467429665486 -0.03316695588805946 0.007306888409203458
-697.7075441615889 8.7671506760513 -0.03308086754302803 0.0072851118695926725
-688.0171616037842 8.767846172130305 -0.032995278366609725 0.007263467883797019
-678.3267790459795 8.768553323221361 -0.03291018360833576 0.007241955227659905
-668.6363964881748 8.769271552119763 -0.032825578582331046 0.007220572692184354
-658.9460139303701 8.770000298770912 -0.03274145866615191 0.007199319083297694
-649.2556313725654 8.770739019937082 -0.032657819299650385 0.007178193221620759
-639.5652488147607 8.771487188858753 -0.032574655983864095 0.007157193942241278
-629.874866256956 8.77224429491175 -0.032491964279931326 0.007136320094491496
-620.1844836991513 8.773009843261375 -0.03240973980803037 0.007115570541729895
-610.4941011413466 8.773783354514608 -0.032327978246342634 0.007094944161126954
-600.8037185835419 8.77456436437131 -0.03224667533003854 0.007074439843454799
-591.1133360257372 8.775352423275336 -0.03216582685028611 0.007054056492880749
-581.4229534679325 8.776147096066332 -0.03208542865328106 0.00703379302676457
-571.7325709101278 8.776947961632917 -0.03200547663929828 0.007013648375459472
-562.0421883523231 8.777754612567932 -0.031925966761763805 0.006993621482116658
-552.3518057945184 8.778566654826262 -0.03184689502634692 0.006973711302493449
-542.6614232368302 8.7793837073858 -0.03176825749007269 0.006953916804765072
-532.9710406790255 8.780205401912024 -0.03169005026044893 0.006934236969338657
-523.2806581212208 8.781031382426454 -0.031612269494620836 0.00691467078867292
-513.5902755634161 8.781861304979547 -0.031534911398534614 0.006895217267098711
-503.8998930056114 8.782694837328185 -0.03145797222612307 0.0068758754206439164
-494.2095104478067 8.783531658618072 -0.03138144827850746 0.006856644276861262
-484.519127890002 8.784371459071295 -0.03130533590321612 0.006837522874659136
-474.8287453321973 8.78521393967921 -0.031229631493419223 0.006818510264135384
-465.1383627743926 8.786058811900846 -0.031157799701430917 0.006799837861691424
-455.4479802165879 8.786905797366938 -0.031082874980667703 0.006781038312912037
-445.7575976587832 8.787754627589743 -0.031008348046506748 0.006762344796778966
-436.0672151009785 8.788605043678674 -0.03093421545915752 0.006743756405994421
-426.3768325431738 8.789456796061845 -0.030901667878947114 0.0067264791979329466
-416.6864499853691 8.790309644213602 -0.03082801073086641 0.006708089496772551
-406.9960674275644 8.791163356387992 -0.03075474228904817 0.006689802390704491
-397.3056848697597 8.792017709358266 -0.03068185918245655 0.0066716170103867534
-387.615302311955 8.79287248816235 -0.030609358082456156 0.006653532496390648
-377.9249197541503 8.793727485854317 -0.030555022044737763 0.006636037581004544
-368.2345371963456 8.79458250326178 -0.030483143689515668 0.006618148642092881
-358.54415463865735 8.795437348749214 -0.03041163953083197 0.006600358102368503
-348.85377208085265 8.79629183798717 -0.030354151878313744 0.006583123743964639
-339.16338952304795 8.79714579372722 -0.030289826957020975 0.006565684525713577
-329.47300696524326 8.797999045582722 -0.030219279388947595 0.006548179783118527
-319.78262440743856 8.798851429815231 -0.03014909555567278 0.006530770270780753
-310.09224184963387 8.799702789126503 -0.030079272359187958 0.006513455201191835
-300.40185929182917 8.800552972456025 -0.03000980674025803 0.00649623379562665
-290.7114767340245 8.801401834783977 -0.029940695677742636 0.006479105284018936
-281.0210941762198 8.802249236939534 -0.029871936187933434 0.006462068904838974
-271.3307116184151 8.803095045414427 -0.029830370421962557 0.006445653264696653
-261.6403290606104 8.80393913218165 -0.029762107444638364 0.006428794998345113
-251.9499465028057 8.80478137451924 -0.029696332929836887 0.006412074040488453
-242.259563945001 8.805621654839005 -0.029628742769631053 0.006395394606190013
-232.5691813871963 8.806459860520125 -0.029561492802815035 0.006378803680287691
-222.8787988293916 8.807295883747509 -0.0294945801927324 0.006362300548736424
-213.1884162715869 8.80812962135481 -0.029428002137771966 0.006345884505265596
-203.4980337137822 8.808960974671997 -0.029361755870753948 0.006329554851271355
-193.8076511559775 8.809789849377387 -0.029295838658330933 0.006313310895710777
-184.1172685981728 8.810616155354023 -0.029230247800403703 0.0062971519549978195
-174.42688604048453 8.811439806550297 -0.02916498062955158 0.006281077352901261
-164.73650348267984 8.812260720844773 -0.029100034510472484 0.0062650864204434
-155.04612092487514 8.813078819914963 -0.02903540683944416 0.0062491784958024375
-145.35573836707044 8.813894029110145 -0.02897109504378998 0.006233352924214503
-135.66535580926575 8.814706277327991 -0.02890709658136119 0.006217609057878352
-125.97497325146105 8.815515496894955 -0.028843408940030225 0.006201946255861442
-116.28459069365636 8.816321623450321 -0.03037439894349468 0.006186363884007544
-106.59420813585166 8.817124595833807 -0.030299596283197693 0.00617086131484594
-96.90382557804696 8.817924355976652 -0.030225268398769826 0.006155437927502084
-87.21344302024227 8.818720848796064 -0.03033816802638914 0.006140093107609728
-77.52306046243757 8.819514022092966 -0.030263391413749827 0.006124826247224515
-67.83267790463287 8.820303826452932 -0.030195147280035275 0.006109739333980593
-58.14229534682818 8.821090215150235 -0.03044728942464971 0.0060946258382457395
-48.45191278902348 8.821873144054921 -0.030468722682439518 0.006079588526927755
-38.761530231218785 8.822652571542816 -0.03039269944841631 0.006064626816692611
-29.07114767341409 8.823428458408392 -0.030317174605397453 0.006049740130223608
-19.380765115609393 8.82420076778041 -0.030242141519908866 0.0060349278961427414
-9.690382557804696 8.824969465040253 -0.030167593705846187 0.006020189548933386
0.0 8.825734517742891 -0.030950529951910888 0.006005524528864145
9.690382557688281 1.1102340745567716 -0.0010533757725641434 0.04109845438634611
19.380765115492977 1.5470940303639251 -0.001193643524491049 0.040825366951051836
29.071147673297673 1.8764474897673056 -0.0013312507846629518 0.04055613205713457
38.76153023110237 2.1495653197652356 -0.001466259718225893 0.04029066684166963
48.451912788907066 2.3863464864280983 -0.001598730652721099 0.04002889082004251
58.14229534671176 2.5970426723685147 -0.0017287221445767692 0.03977072580099865
67.83267790451646 2.7877771574032666 -0.01167026447584144 0.04359698002611954
77.52306046232115 2.9625633092746195 -0.011722889919286637 0.04331563235054944
87.21344302012585 3.1242061442350115 -0.012469597779672563 0.043187909762923866
96.90382557793055 3.274760988262492 -0.012514639229247981 0.04291304559220306
106.59420813573524 3.4157894619863773 -0.012558563959285497 0.04264187321952597
116.28459069353994 3.5485126606971242 -0.012601397548505854 0.042374317134368025
125.97497325134464 3.6739079522676814 -0.01264316487104418 0.042110303887594853
135.66535580914933 3.792772891288453 -0.012949941265447698 0.04188079418256588
145.35573836695403 3.9057689746316386 -0.012987682716717292 0.04162342493586521
155.04612092475872 4.013452519004806 -0.013024457346153605 0.041369393223528464
164.73650348256342 4.116297020737743 -0.01306028680482304 0.04111863309562957
174.42688604036812 4.214709711983542 -0.013095192165471859 0.040871080342524395
184.1172685981728 4.309044059785596 -0.013158727290982036 0.04062728532955543
193.8076511559775 4.39960936454309 -0.013191628294455526 0.04038595686788333
203.4980337136658 4.4866782432858825 -0.013223668300362756 0.04014765309865058
213.1884162714705 4.5704925431511105 -0.01325486617781069 0.039912316221817304
222.87879882927518 4.651268071340901 -0.013345727723213081 0.03968373134056765
232.56918138707988 4.7291984200979105 -0.013374849937428879 0.03945413237571453
242.25956394488458 4.80445809073365 -0.013403190279972714 0.039227335986454795
251.94994650268927 4.877205068397722 -0.013430765605634477 0.03900328999208969
261.64032906049397 5.004818315068226 -0.013457592340791722 0.03878194351052292
271.33071161829866 5.191430405716675 -0.013483686496432216 0.03856324691797756
281.02109417610336 5.362516604584384 -0.013509063680712034 0.03834715181020537
290.71147673390806 5.520120396207918 -0.013533739111068435 0.03813361096512426
300.40185929171275 5.6659002451432565 -0.0135577276259052 0.037922578306823045
310.09224184951745 5.801224208804557 -0.01358104369586838 0.037714008870875206
319.78262440732215 5.927236334861954 -0.013603701434728294 0.03750785877090665
329.47300696512684 6.044904561482374 -0.01362571460988422 0.03730408516636481
339.16338952293154 6.155056098417848 -0.013647096652506253 0.03710264623143869
348.85377208073623 6.258404099338737 -0.013667860667329071 0.03690350112508271
358.54415463854093 6.355568129913454 -0.013688019442111118 0.03670660996209825
368.2345371963456 6.44709012249964 -0.013707585456772642 0.03651193378523018
377.9249197541503 6.533446986249249 -0.013726570892224716 0.03631943453823642
387.6153023118386 6.615060697643213 -0.013744987638901293 0.03612907503989384
397.3056848696433 6.692306464801476 -0.013762847305007079 0.035940818958889134
406.996067427448 6.76551939950485 -0.013780161224488687 0.0357546307895929
416.6864499852527 6.835000019180793 -0.013796940464744108 0.03557047582863713
426.3768325430574 6.901018821432668 -0.013813195834077483 0.03538832015229761
436.0672151008621 6.963820116065031 -0.013828937888909439 0.03520813059463634
445.7575976586668 7.0236252572311075 -0.013844176940752519 0.035029874726376406
455.4479802164715 7.080635386860777 -0.013849380771070098 0.0348535208344809
465.1383627742762 7.135033776847893 -0.013863714396996088 0.03467903790240843
474.82874533208087 7.1869878394620414 -0.013877573514663434 0.034506395591019444
484.51912788988557 7.236650861606393 -0.013890967543980375 0.03433556422010829
494.20951044769026 7.284163507804395 -0.013903905690937822 0.03416651475053719
503.89989300549496 7.329655128394107 -0.013916396953370084 0.0339992187669495
513.5902755632997 7.373244902778488 -0.01392845012653476 0.033833648461040325
523.2806581211044 7.4150428423084485 -0.01394007380851667 0.03366977661536347
532.971040678909 7.455150673154351 -0.013951276405463833 0.03350757658765525
542.6614232367137 7.493662616119031 -0.013962066136660007 0.03334702229565535
552.3518057945184 7.530666077584894 -0.013972451039440972 0.033188088202406915
562.0421883523231 7.566242263534983 -0.01398243897395886 0.0330307493020181
571.7325709100114 7.600466726738804 -0.013992037627801 0.03287498110587017
581.4229534678161 7.633409855671321 -0.014001254520468005 0.0327207596292447
591.1133360256208 7.665137312460278 -0.014010097007715133 0.03256806137838266
600.8037185834255 7.695710426117813 -0.014018572285763559 0.03241686333792297
610.4941011412302 7.725186546416106 -0.014026687395384381 0.0322671429587344
620.1844836990349 7.7536193630345185 -0.014034449225860605 0.032118878146115956
629.8748662568396 7.781059193977355 -0.0140418645188311 0.03197204724835464
639.5652488146443 7.807553246732078 -0.014048939872020494 0.03182662904562771
649.255631372449 7.833145855187306 -0.014163133862660186 0.031686753574423444
658.9460139302537 7.857878694945582 -0.014168753623350011 0.031544068067793564
668.6363964880584 7.881790979336863 -0.014174064085555625 0.03140273453305331
678.3267790458631 7.904919638155992 -0.01417907105113428 0.031262733363582096
688.0171616036678 7.9272994809039865 -0.01418378020249259 0.03112404533421169
697.7075441614725 7.948963346102497 -0.014277197625716113 0.030989737705221284
707.3979267192772 7.96994223806857 -0.014280671793020743 0.03085359701540031
717.0883092770819 7.990265452378376 -0.01428387410268785 0.030718714320269867
726.7786918348866 8.009960691110615 -0.014286809577990753 0.03058507182310502
736.4690743926913 8.029054168839854 -0.014289483142308747 0.03045265206506833
746.159456950496 8.047570710244456 -0.01429189962139941 0.030321437917187746
755.8498395081842 8.065533840101175 -0.014294063745613315 0.030191412572564115
765.5402220659889 8.08296586635847 -0.014301850408531288 0.030062663832348027
775.2306046237936 8.099887956904432 -0.014303480319841026 0.02993496615446111
784.9209871815983 8.116320210589485 -0.014304872150971615 0.029808408728156658
794.611369739403 8.132281723000332 -0.01443908021487809 0.029688559594954565
804.3017522972077 8.147790647436613 -0.014439027852759865 0.029564195010840514
813.9921348550124 8.16286425149606 -0.01443876458658049 0.02944092535572951
823.6825174128171 8.177518969634935 -0.014431407142569677 0.029318735863265284
833.3728999706218 8.191770452035554 -0.014430783988509948 0.029197612034557615
843.0632825284265 8.205633610081495 -0.014429960365556629 0.029077539632119325
852.7536650862312 8.219122658713212 -0.014428939877606602 0.028958504673967895
862.4440476440359 8.232251155911683 -0.014427726062072696 0.02884049342788684
872.1344302018406 8.245032039535426 -0.014426322391235822 0.02872349240584116
881.8248127596453 8.25747766171598 -0.014618756230615286 0.028617281961770418
891.51519531745 8.269599820998925 -0.01461555518872998 0.028502189802209463
901.2055778752547 8.281409792401105 -0.014612195191889285 0.028388069867037242
910.8959604330594 8.29291835554009 -0.014608679010928424 0.02827490956911553
920.5863429908641 8.304135820978614 -0.014605009370962336 0.028162696540379343
930.2767255486688 8.31507205491464 -0.01460118895210573 0.028051418627060096
939.9671081064735 8.32573650233695 -0.014597220390187555 0.02794106388503348
949.6574906641617 8.33613820875604 -0.014590488489921507 0.02783162057529022
959.3478732219664 8.346285840612166 -0.014586250605033074 0.027723077159517412
969.0382557797711 8.356187704451505 -0.014581871945462685 0.02761542229580718
978.7286383375758 8.365851764958492 -0.014577354983001545 0.027508644834462588
988.4190208953805 8.37528566192121 -0.014591093484796095 0.027403048052154617
998.1094034531852 8.384496726203233 -0.014586171580649548 0.027297990378310395
