-1007.7997860111063 11.307483656493442 -0.0002555348228392416 0.0
-998.1094034533016 11.307483656493442 -0.0002540910068753507 0.0
-988.4190208954969 11.307483656493442 -0.0002526635012997218 0.0
-978.7286383376922 11.307483656493442 -0.00025125202973434654 0.0
-969.0382557798875 11.307483656493442 -0.0002498563220477764 0.0
-959.3478732220829 11.307483656493442 -0.0002484761141785038 0.0
-949.6574906642782 11.307483656493442 -0.00024711114796434477 0.0
-939.9671081064735 11.307483656493442 -0.00024576117097758137 0.0
-930.2767255486688 11.307483656493442 -0.0002444259363656409 0.0
-920.5863429908641 11.307483656493442 -0.00024310520269709123 0.0
-910.8959604330594 11.307483656493442 -0.0002417987338127465 0.0
-901.2055778752547 11.307483656493442 -0.000240506298681685 0.0
-891.51519531745 11.307483656493442 -0.0002392276712619895 0.0
-881.8248127596453 11.307483656493442 -0.00023796263036602916 0.0
-872.134430201957 11.307483656493442 -0.00023671095953012563 0.0
-862.4440476441523 11.307483656493442 -0.0002354724468883464 0.0
-852.7536650863476 11.307483656493442 -0.00023424688505049458 0.0
-843.0632825285429 11.307483656493442 -0.0002330340709838403 0.0
-833.3728999707382 11.307483656493442 -0.0002318338058986767 0.0
-823.6825174129335 11.307483656493442 -0.00023064589513747038 0.0
-813.9921348551288 11.307483656493442 -0.00022947014806748805 0.0
-804.3017522973241 11.307483656493442 -0.00022830637797677345 0.0
-794.6113697395194 11.307483656493442 -0.00022715440197335068 0.0
-784.9209871817147 11.307483656493442 -0.00022601404088753882 0.0
-775.23060462391 11.307483656493442 -0.0002310182376191762 0.0
-765.5402220661053 11.307483656493442 -0.00022981696049476257 0.0
-755.8498395083006 11.307483656493442 -0.00022862903183787253 0.0
-746.159456950496 11.307483656493442 -0.00022745419687249726 0.0
-736.4690743926913 11.307483656493442 -0.00022629220879280554 0.0
-726.7786918348866 11.307483656493442 -0.0002251428283785051 0.0
-717.0883092770819 11.307483656493442 -0.0002240058236358573 0.0
-707.3979267192772 11.307483656493442 -0.0002228809694622117 0.0
-697.7075441614725 11.307483656493442 -0.0002217680473321335 0.0
-688.0171616037842 11.307483656493442 -0.0002206668450033957 0.0
-678.3267790459795 11.307483656493442 -0.00021957715624117954 0.0
-668.6363964881748 11.307483656493442 -0.00021849878055925056 0.0
-658.9460139303701 11.307483656493442 -0.00021743152297654935 0.0
-649.2556313725654 11.307483656493442 -0.00021637519378821433 0.0
-639.5652488147607 11.307483656493442 -0.00021532960834988102 0.0
-629.874866256956 11.307483656493442 -0.0002142945868742947 0.0
-620.1844836991513 11.307483656493442 -0.00021326995423933925 0.0
-610.4941011413466 11.307483656493442 -0.0002122555398066671 0.0
-600.8037185835419 11.307483656493442 -0.00021125117725018269 0.0
-591.1133360257372 11.307483656493442 -0.00021025670439369328 0.0
-581.4229534679325 11.307483656493442 -0.00020927196305710083 0.0
-571.7325709101278 11.307483656493442 -0.00020829679891055708 0.0
-562.0421883523231 11.307483656493442 -0.00020733106133605234 0.0
-552.3518057945184 11.307483656493442 -0.00020637460329595014 0.0
-542.6614232367137 11.307483656493442 -0.00020542728120801843 0.0
-532.971040678909 11.307483656493442 -0.00020448895482654214 0.0
-523.2806581211044 11.307483656493442 -0.00020355948712913623 0.0
-513.5902755632997 11.307483656493442 -0.00020263874420890375 0.0
-503.8998930056114 11.307483656493442 -0.00020172659517162393 0.0
-494.2095104478067 11.307483656493442 -0.0002008229120376019 0.0
-484.519127890002 11.307483656493442 -0.0001999275696480625 0.0
-474.8287453321973 11.307483656493442 -0.00019904044557560974 0.0
-465.1383627743926 11.307483656493442 -0.00019816142003867396 0.0
-455.4479802165879 11.307483656493442 -0.00019729037581965602 0.0
-445.7575976587832 11.30748131986927 -0.008941812117026217 0.0
-436.0672151009785 11.307480524243989 -0.008821573747662495 0.0
-426.3768325431738 11.307479355975795 -0.008704558512937782 0.0
-416.6864499853691 11.307477775785406 -0.00859063812116704 0.0
-406.9960674275644 11.30747569015423 -0.008479691006842323 0.0
-397.3056848697597 11.307472983564281 -0.008371601895388157 0.0
-387.615302311955 11.307469521222394 -0.008298974823941135 0.0
-377.9249197541503 11.307465149354181 -0.00819583485400206 0.0
-368.2345371963456 11.307459695211707 -0.008095252842401356 0.0
-358.54415463854093 11.307452967222796 -0.007997134478670969 0.0
-348.85377208073623 11.307444755403207 -0.007901390037497114 0.0
-339.16338952293154 11.307434832067901 -0.007807934103306106 0.0
-329.47300696512684 11.307422952844327 -0.007716685314469483 0.0
-319.78262440732215 11.307408857973344 -0.007627566125516858 0.0
-310.09224184963387 11.307392273872546 -0.007562276188509445 0.0
-300.40185929182917 11.307372914929328 -0.007501292553102801 3.4101108052595585e-07
-290.7114767340245 11.307350485486136 -0.007417513495060068 3.3636162570268963e-07
-281.0210941762198 11.307324681977274 -0.0073356042625730014 3.3183724983955387e-07
-271.3307116184151 11.307295195175383 -0.007255502711391534 3.274329726419287e-07
-261.6403290606104 11.307261712505715 -0.007230735786156832 3.231440747539473e-07
-251.9499465028057 11.3072239203877 -0.007153343272503301 3.189660808897126e-07
-242.259563945001 11.307181506565495 -0.0070776074491650815 3.1489474425638384e-07
-232.5691813871963 11.307134162392357 -0.007019586205246007 3.109260321555599e-07
-222.8787988293916 11.307081585037254 -0.006946789850255404 3.0705611265974266e-07
-213.1884162715869 11.307023479586125 -0.006875503958047026 3.0328134227129015e-07
-203.4980337137822 11.306959561014457 -0.006805681783121689 2.9959825448104084e-07
-193.8076511559775 11.30688955601207 -0.006737278494014491 2.9600354915046133e-07
-184.1172685981728 11.306813204645204 -0.006670251076139024 2.9249408264874595e-07
-174.42688604036812 11.306730261845084 -0.006604558240500756 2.8906685868398664e-07
-164.73650348256342 11.306640498715847 -0.006540160337869227 2.8571901977084115e-07
-155.04612092475872 11.306543703658242 -0.006477019278031245 2.824478392848351e-07
-145.35573836695403 11.30643968330863 -0.006415098453776958 2.7925071405579333e-07
-135.66535580914933 11.306328263295544 -0.006354362669297681 2.7612515745909443e-07
-125.97497325146105 11.306209288818525 -0.006294778072699808 2.730687929657878e-07
-116.28459069365636 11.306082625055812 -0.006375941959320496 2.7007934811555754e-07
-106.59420813585166 11.305948157409325 -0.006316678908088422 2.6715464888271615e-07
-96.90382557804696 11.305805791596452 -0.006258523115630752 2.6429261440281875e-07
-87.21344302024227 11.305655453599313 -0.006201443525738432 2.614912520360014e-07
-77.52306046243757 11.305497089482735 -0.006145410244150786 2.587486527398161e-07
-67.83267790463287 11.305282139664401 -0.006090394484106104 2.560629867309905e-07
-58.14229534682818 11.305020619699132 -0.006036368514967727 2.534324994144443e-07
-48.45191278902348 11.304741635525945 -0.005983305613721379 2.508555075604428e-07
-38.761530231218785 11.30444527280697 -0.005931180019155294 2.483303957127797e-07
-29.07114767341409 11.304131694450046 -0.005879966888548889 2.458556128117764e-07
-19.380765115609393 11.303801135768117 -0.0058296422567087995 2.4342966901722285e-07
-9.690382557804696 11.303453899246593 -0.0057801829972030545 2.41051132717425e-07
0.0 8.707836050094665 -0.022736690648447508 0.028192059332268357
9.690382557804696 8.933794622926095 -0.022457845001437774 0.02780901095082938
19.380765115609393 9.080952725177939 -0.022185994497935974 0.0274362320787412
29.07114767341409 9.194142048737042 -0.02192087320255063 0.027073315191056414
38.761530231218785 9.287271074397685 -0.02166222868977796 0.026719874043755098
48.45191278902348 9.366833633075034 -0.021409821188740175 0.02637554230253477
58.14229534671176 9.436479400715076 -0.02119070941064654 0.02603997227627795
67.83267790451646 9.49849810081143 -0.02094973438699472 0.025712833745968555
77.52306046232115 9.55443606546644 -0.020714355217247234 0.02539381288082571
87.21344302012585 9.605394463080552 -0.020484375017380055 0.02508261123409582
96.90382557793055 9.652189535387175 -0.02025960616546524 0.024778944811809613
106.59420813573524 9.695445632554879 -0.02003986975815502 0.024482543208371607
116.28459069353994 9.73565255829857 -0.019838861315740662 0.02419314880345609
125.97497325134464 9.773202640556944 -0.019628497577515544 0.02391051601519596
135.66535580914933 9.808415646292184 -0.019422682026913073 0.023634410605114328
145.35573836695403 9.841556077928448 -0.019221265717657563 0.0233646090306639
155.04612092475872 9.872845514948471 -0.01905212335895552 0.023100897841613108
164.73650348256342 9.902471629895109 -0.01885870322758932 0.02284307311685304
174.42688604036812 9.930594911008106 -0.018669283477523984 0.02259093993850244
184.1172685981728 9.957353765619958 -0.018483738805275676 0.02234431190046027
193.8076511559775 9.982868456369946 -0.018301949159042943 0.022103010648801814
203.4980337137822 10.007244180524891 -0.018123799463768003 0.02186686545163693
213.1884162715869 10.03057350983128 -0.017949179363407553 0.021635712796250213
222.8787988293916 10.052938346088586 -0.01777798297916352 0.02140939601152555
232.5691813871963 10.074411505063978 -0.017610108682526958 0.021187764913822734
242.25956394488458 10.095058011708666 -0.017445458882083983 0.020970675474626815
251.94994650268927 10.11493616862556 -0.017283939823103635 0.020757989508408927
261.64032906049397 10.134098444619948 -0.017125461399046624 0.02054957437931636
271.33071161829866 10.152592219152018 -0.016969936974134767 0.020345302725331083
281.02109417610336 10.170460410362075 -0.017195820763558904 0.020145052198730924
290.71147673390806 10.187742008262576 -0.01704080631352573 0.019948705221726003
300.40185929171275 10.204472530096883 -0.016888643469480165 0.019756148756247656
310.09224184951745 10.22068441136162 -0.01673925240388761 0.0195672740869427
319.78262440732215 10.23640734329352 -0.016592556302030104 0.01938197661649769
329.47300696512684 10.251668565528151 -0.016448481218521396 0.01920015567248341
339.16338952293154 10.266493121000275 -0.01630695594209656 0.019021714324970376
348.85377208073623 10.280904078863797 -0.01616791186811427 0.01884655921422066
358.54415463854093 10.294922730184084 -0.016031282878253714 0.018674600387813007
368.2345371963456 10.308568760335525 -0.015897005226928333 0.01850575114660367
377.9249197541503 10.327618813643294 -0.015765017433975164 0.018339927898969162
387.615302311955 10.346247263392106 -0.01563526018321214 0.018177050022815746
397.3056848697597 10.364213524241414 -0.015507676226485963 0.01801703973487737
406.9960674275644 10.381559413780368 -0.015382210292861426 0.017859821966856513
416.6864499853691 10.398322844808442 -0.015258809002628385 0.01770532424799392
426.3768325431738 10.414538290077651 -0.015137420785826266 0.01755347659368103
436.0672151008621 10.430237181084872 -0.015017995805008798 0.017404211399757254
445.7575976586668 10.445448251745592 -0.01490048588198154 0.017257463342146045
455.4479802164715 10.460197835773767 -0.014784844428292969 0.01711316928154344
465.1383627742762 10.47451012500128 -0.014671026379226442 0.01697126817283117
474.82874533208087 10.488407394582476 -0.014558988131106187 0.016831700978968158
484.51912788988557 10.50191020000056 -0.014448687481714177 0.016694410589094426
494.20951044769026 10.515037549955963 -0.01434008357363832 0.01655934174061064
503.89989300549496 10.527807058539402 -0.014233136840382797 0.01642644094500978
513.5902755632997 10.540235079540905 -0.014127808955082706 0.016295656417251978
523.2806581211044 10.55233682529573 -0.01402406278167548 0.01616693800848652
532.971040678909 10.56412647209942 -0.013921862328391233 0.01604023714193743
542.6614232367137 10.575617253920152 -0.013930419861286063 0.015915506751780342
552.3518057945184 10.586821545885634 -0.013992696173938165 0.015792701224849295
562.0421883523231 10.597750938812668 -0.01389126038352938 0.015671776345021527
571.7325709101278 10.60841630587248 -0.013791334961408715 0.015552689240137977
581.4229534679325 10.61882786233775 -0.013794415730126519 0.015442058484928033
591.1133360257372 10.628995219232204 -0.013696028078301455 0.015326432929830965
600.8037185835419 10.638927431597272 -0.013599086751333337 0.015212526528419146
610.4941011413466 10.648633041998957 -0.013503558697497968 0.015100301203460785
620.1844836990349 10.65812011981931 -0.013409411918910673 0.014989719994942008
629.8748662568396 10.667396296809681 -0.013362613380890996 0.014882864956021558
639.5652488146443 10.676468799321514 -0.013270515023757761 0.014775436722356998
649.255631372449 10.685344477583016 -0.013275794601862734 0.014675059810023611
658.9460139302537 10.694029832341396 -0.013184979576408195 0.014570604509453957
668.6363964880584 10.702531039153621 -0.013095450387449158 0.014467626625102389
678.3267790458631 10.710853970573789 -0.013007178532915144 0.014366094997338026
688.0171616036678 10.719004216455609 -0.012920136400643229 0.01426597933837994
697.7075441614725 10.72698710256241 -0.01283429723125207 0.014167250201909636
707.3979267192772 10.73480770765442 -0.012749635083014335 0.014069878953953363
717.0883092770819 10.74247087920325 -0.012713131146327345 0.013980637625124102
726.7786918348866 10.749981247866208 -0.012630106235712476 0.013885806479952984
736.4690743926913 10.757343240837931 -0.012552165677815688 0.01379238288379614
746.159456950496 10.76456109418367 -0.012471305179387196 0.01370008241466574
755.8498395083006 10.771638864246963 -0.012564304765024497 0.013622950383349184
765.5402220661053 10.778580438214483 -0.012483238648655741 0.013532893769705009
775.23060462391 10.785389543911823 -0.012428014796768437 0.013444884717247694
784.9209871817147 10.792069758896478 -0.012348779397417903 0.013357163518914132
794.6113697395194 10.79862451890735 -0.01227060065366813 0.013270581772815482
804.3017522972077 10.805057125724122 -0.012193456111158232 0.013185117340935576
813.9921348550124 10.811370754485099 -0.012117324003908735 0.013100748658886663
823.6825174128171 10.817568460505953 -0.012042183225421658 0.013017454717227771
833.3728999706218 10.823653185640268 -0.011968013301365401 0.01293521504351471
843.0632825284265 10.829627764216578 -0.011894794363747711 0.012854009685061502
852.7536650862312 10.835494928584911 -0.011822507126469971 0.012773819192373914
862.4440476440359 10.841257314302366 -0.011751132862170742 0.012694624603224403
872.1344302018406 10.846917464984946 -0.011680653380273142 0.012616407427338971
881.8248127596453 10.852477836850278 -0.011611051006157502 0.012539149631667728
891.51519531745 10.857940802974026 -0.01154230856138687 0.012462833626212635
901.2055778752547 10.863308657280799 -0.011474409344918628 0.012387442250387348
910.8959604330594 10.868583618288586 -0.011611731083110815 0.012333542483217382
920.5863429908641 10.873767832624491 -0.011542711760301238 0.01225967276159598
930.2767255486688 10.878863378327795 -0.01147456170699681 0.012186686032704157
939.9671081064735 10.883872267955343 -0.011407263065878465 0.012114566435428744
949.6574906642782 10.888796451503067 -0.011340798526090894 0.012043298492187538
959.3478732220829 10.893637819156288 -0.011275151299608238 0.011972867097055308
969.0382557798875 10.8983982038806 -0.011195627512065388 0.01190383192725557
978.7286383376922 10.903079383864172 -0.011206635689760524 0.011835998255156
988.4190208953805 10.907683084821487 -0.011142526909479849 0.011767968631056743
