-1007.7997860111063 9.149343275029988 0.001977089055629767 0.023064170813320305
-998.1094034533016 9.153048449895746 0.0019049898941347935 0.022835432581847705
-988.4190208954969 9.156828402581597 0.0018348359595871991 0.02261129257143898
-978.7286383376922 9.160680046218832 0.0017665616043590214 0.02239161219900315
-969.0382557798875 9.16460017412511 0.0017001039369222578 0.022176258416038982
-959.3478732220829 9.168585493747951 0.001635402682122465 0.021965103434651703
-949.6574906642782 9.172632655861465 0.0015724000497764168 0.021758024469696144
-939.9671081064735 9.176738279643875 0.0015110406110241319 0.021554903495949452
-930.2767255486688 9.180898974173228 0.0014512711819092616 0.021355627019300695
-920.5863429908641 9.18511135680343 0.0013930407137023395 0.02116008586102251
-910.8959604330594 9.1893720688192 0.0013363001895179344 0.0209681749542597
-901.2055778752547 9.193677788715043 0.0012810025268107843 0.020779793151935358
-891.51519531745 9.198025243397723 0.0012271024853667577 0.0205948430453337
-881.8248127596453 9.202411217572894 0.0011745565804326642 0.020413230792673296
-872.1344302018406 9.206832561543363 0.0011233230006552708 0.02023486595703488
-862.4440476441523 9.21128619761774 0.0010733615305242327 0.020059661353055026
-852.7536650863476 9.215769125304016 0.001024633477031225 0.019887532901825305
-843.0632825285429 9.22027842544017 0.0009771016002907233 0.01971839949351902
-833.3728999707382 9.224811263397209 0.0009307300478652656 0.019552182857229827
-823.6825174129335 9.229364891472118 0.0008854842925762036 0.019388807437613464
-813.9921348551288 9.233936650575254 0.0008413310735842749 0.019228200277909682
-804.3017522973241 9.238523971304023 0.0007982383405429317 0.019070290908964345
-794.6113697395194 9.243124374483946 0.0007561752006404679 0.018915011243895684
-784.9209871817147 9.247735471248799 0.0007151118683592168 0.018762295478072417
-775.23060462391 9.2523549627231 0.0006750196177917174 0.0186120799940937
-765.5402220661053 9.25698063936292 0.0006358707373645 0.018464303271481373
-755.8498395083006 9.26161038000447 0.0005976384868296991 0.018318905800814106
-746.159456950496 9.266242150664207 0.0005602970563942305 0.01817583000205032
-736.4690743926913 9.27087400312906 0.0005238215278644095 0.018035020146803485
-726.7786918348866 9.275504073370966 0.0004881878376919367 0.01789642228434826
-717.0883092770819 9.280130579815776 0.0004533727418144552 0.017759984171150114
-707.3979267192772 9.284751821493188 0.0004193537821905748 0.017625655203724208
-697.7075441614725 9.28936617609108 0.000386109254935627 0.01749338635464127
-688.0171616036678 9.2939720979349 0.0003536181799702416 0.01736313011150977
-678.3267790459795 9.298568115910152 0.00032186027209975135 0.017234840418775446
-668.6363964881748 9.303152831344248 0.0002908159134446447 0.017108472622178593
-658.9460139303701 9.30772491586079 0.00026046612715522276 0.016983983415750702
-649.2556313725654 9.312283109219567 0.0002307925523345712 0.016861330791186804
-639.5652488147607 9.316826217152045 0.00020177742011134867 0.01674047398949157
-629.874866256956 9.32135310920184 0.00017340353080001823 0.01662137345477268
-620.1844836991513 9.325862716578152 0.00014565423209185615 0.016503990790071952
-610.4941011413466 9.330354030028904 0.00011851339822358195 0.01638828871513049
-600.8037185835419 9.334826097739557 9.196541007329865e-05 0.016274231025989423
-591.1133360257372 9.339278023262539 6.599513613630951e-05 0.01616178255633391
-581.4229534679325 9.343708963481498 4.058791433625121e-05 0.016050909140493275
-571.7325709101278 9.348118126613935 1.5729534629517514e-05 0.0159415775780149
-562.0421883523231 9.352504770255106 -8.593777636863733e-06 0.01583375559973437
-552.3518057945184 9.356868199465579 -3.2395377651103644e-05 0.015727411835268646
-542.6614232367137 9.361207764904337 -5.568821638185037e-05 0.015622515781862944
-532.971040678909 9.36552286100888 -7.848485517586922e-05 0.015519037774526146
-523.2806581211044 9.36981292422344 -0.00010079747973993107 0.015416948957392825
-513.5902755632997 9.37407743127608 -0.0001226379135365099 0.015316221256253489
-503.89989300549496 9.378315897505134 -0.00014401763062162618 0.015216827352197825
-494.2095104478067 9.382527875235187 -0.0001649477679510599 0.01511874065631982
-484.519127890002 9.386712952202885 -0.00018543913718179785 0.01502193528542816
-474.8287453321973 9.39087075003165 -0.00020550223598867298 0.014926386038732732
-465.1383627743926 9.395000922755953 -0.00022514725892392226 0.014832068375439262
-455.4479802165879 9.399103155393872 -0.0007137368987357436 0.014852273728461356
-445.7575976587832 9.403177162567681 -0.0007205947217044481 0.014757455710664093
-436.0672151009785 9.407222687171608 -0.0007276597279928539 0.014663943389098716
-426.3768325431738 9.411239499086042 -0.0007348975483712531 0.014571704165496066
-416.6864499853691 9.415227393937258 -0.0007422776795083813 0.014480706996887624
-406.9960674275644 9.41918619190171 -0.0007497730152669349 0.014390922262698723
-397.3056848697597 9.423115736553946 -0.0007573594424827969 0.014302321648156983
-387.615302311955 9.427015893757057 -0.0007650154911998928 0.014214878041562264
-377.9249197541503 9.43088655059463 -0.000772722031071513 0.014128565443385706
-368.2345371963456 9.434727614343132 -0.0007804620070465856 0.014043358885506887
-358.54415463854093 9.438539011483577 -0.0007882202086033027 0.013959234359175829
-348.85377208073623 9.44232068675143 -0.000795983067727593 0.013876168750513498
-339.16338952293154 9.446072602223575 -0.000803738481600866 0.013794139782551215
-329.47300696512684 9.449794736441284 -0.0008114756565934633 0.01371312596296291
-319.78262440732215 9.453487083568039 -0.0008191849706833802 0.013633106536771734
-310.09224184963387 9.457149652581105 -0.000826857851854037 0.013554061443419576
-300.40185929182917 9.460782466495989 -0.000834486670387725 0.013475971277669644
-290.7114767340245 9.464385561622079 -0.0008420646432725034 0.013398817253906481
-281.0210941762198 9.46795898684929 -0.0008495857491980386 0.013322581173426926
-271.3307116184151 9.471502802963995 -0.0008570446528268909 0.013247245394401431
-261.6403290606104 9.4750170819935 -0.0008644366372109433 0.013172792804209653
-251.9499465028057 9.478501906578025 -0.0008717575433756365 0.013099206793898912
-242.259563945001 9.48195736936921 -0.0008790037162251772 0.013026471234545282
-232.5691813871963 9.485383572454198 -0.007253679944879361 0.01579079447136568
-222.8787988293916 9.488780626804354 -0.0070984836734495444 0.015647428573925763
-213.1884162715869 9.492148651747735 -0.006951270687935719 0.015508460365781015
-203.4980337137822 9.495487774464412 -0.006811452074719254 0.015373614044381782
-193.8076511559775 9.498798129503797 -0.006678494801400349 0.015242638946169104
-184.1172685981728 9.502079858323155 -0.0065519152611982 0.015115306668358492
-174.42688604036812 9.50533310884647 -0.006431273691815164 0.014991408579949706
-164.73650348256342 9.508558035042906 -0.006316169333585468 0.014870753661799197
-155.04612092475872 9.511754796524095 -0.006206236215101737 0.014753166625996158
-145.35573836695403 9.514923558159513 -0.006101139473434098 0.014638486273205664
-135.66535580914933 9.518064489709262 -0.006000572131449513 0.01452656405349383
-125.97497325134464 9.521177765473531 -0.005904252267320101 0.014417262801749426
-116.28459069365636 9.524263563958078 -0.005811920521638017 0.014310455623414464
-106.59420813585166 9.527322067555277 -0.005723337896062317 0.014206024910016895
-96.90382557804696 9.530353462239592 -0.005638283804494852 0.014103861467162354
-87.21344302024227 9.53335793727759 -0.005556554343601735 0.014003863740203883
-77.52306046243757 9.536335684951393 -0.005477960754422374 0.013905937125028063
-67.83267790463287 9.539286900295197 -0.005402328050875544 0.013809993353189198
-58.14229534682818 9.542211780844346 -0.005329493794416473 0.013715949942161514
-48.45191278902348 9.545110526396366 -0.005259306996994735 0.0136237297027668
-38.761530231218785 9.547983338783549 -0.005191627136911959 0.013533260296924766
-29.07114767341409 9.550830421656537 -0.013666225652169055 0.013444473839797744
-19.380765115609393 9.553651980278495 -0.013386308486572152 0.013357306541187578
-9.690382557804696 9.556448221329394 -0.013119272790183541 0.013271698381713465
0.0 1.956966898694656 0.017529213458963033 0.1308195294610512
9.690382557804696 2.476760183172032 0.016982588277480157 0.12767749701993247
19.380765115609393 2.824432500441679 0.016465581084891514 0.12469196632518595
29.07114767341409 3.1015105787418946 0.01597588993183636 0.12185138637098367
38.761530231218785 3.3369409789364166 0.015511442974170767 0.11914531881275478
48.45191278902348 3.5439329353852225 0.015070370625351992 0.11656430702933074
58.14229534682818 3.7298519867860147 0.014650981637836237 0.11409976325704749
67.83267790451646 3.8993123308885655 0.014251742483790554 0.11174387095072935
77.52306046232115 4.055436172051888 0.013871259517867551 0.10948950002697792
87.21344302012585 4.200455779402297 0.013508263495304904 0.1073301330494705
96.90382557793055 4.336034652811412 0.013161596091487319 0.10525980074211623
106.59420813573524 4.463453176729603 0.012830198128579101 0.10327302548328524
116.28459069353994 4.5837227658897906 0.012513099263101178 0.10136477165162475
125.97497325134464 4.69765956719899 0.012209408927986934 0.09953040187321145
135.66535580914933 4.805933983977332 0.011918308355250193 0.09776563836748034
145.35573836695403 4.909105075566286 0.011639043532332307 0.09606652871174823
155.04612092475872 5.007645130097302 0.011370918967534588 0.09442941544592462
164.73650348256342 5.101957643898862 0.011113292158538284 0.0928509090239592
174.42688604036812 5.192390753069839 0.010865568673551505 0.09132786368974419
184.1172685981728 5.279247451849351 0.010627197767648696 0.08985735591501524
193.8076511559775 5.362793492357634 0.010397668467825591 0.08843666508725055
203.4980337137822 5.443263579706133 0.010176506069539477 0.08706325617825465
213.1884162715869 5.520866292854915 0.009963268995331894 0.08573476416034197
222.8787988293916 5.595788038608503 0.009757545972777195 0.08444897996786857
232.5691813871963 5.668196262038586 0.009558953494658462 0.08320383782818225
242.259563945001 5.738242078024881 0.009367133529104243 0.08199740380858776
251.94994650268927 5.806062447081348 0.009181751451558343 0.08082786544527183
261.64032906049397 5.871781988759739 0.009002494173989985 0.07969352233666938
271.33071161829866 5.9355145040980855 0.008829068449853254 0.07859277759839385
281.02109417610336 5.997364262487915 0.008661199335862776 0.07752413008876798
290.71147673390806 6.057427096243984 0.008498628794009273 0.0764861673252357
300.40185929171275 6.115791337053996 0.008341114419166094 0.07547755902097503
310.09224184951745 6.172538621508499 0.00818842827936888 0.07449705117926007
319.78262440732215 6.22774458753405 0.008040355857340805 0.07354346069019499
329.47300696512684 6.281479479367372 0.007896695083137563 0.07261567038064037
339.16338952293154 6.333808675424013 0.007757255448924472 0.07171262447357978
348.85377208073623 6.38479315081816 0.007621857197893527 0.0708333244179371
358.54415463854093 6.434489884221584 0.007490330580203049 0.06997682505404237
368.2345371963456 6.4829522170909435 0.007362515169589876 0.06914223108363203
377.9249197541503 6.530230171953766 0.007238259234981172 0.06832869381652304
387.615302311955 6.576370735356257 0.007117419162028772 0.06753540816897734
397.3056848697597 6.621418110188183 0.0069998589200164895 0.06676160989131766
406.9960674275644 6.66541394137116 0.0068854495700569176 0.06600657300461545
416.6864499853691 6.725173823606809 0.006774068810908023 0.06526960742827592
426.3768325431738 6.811268237687933 0.006665600559106396 0.06455005678212947
436.0672151008621 6.893352063559796 0.006559934560442094 0.06384729634823653
445.7575976586668 6.971719780304024 0.006456966030081519 0.06316073117897225
455.4479802164715 7.046634718345004 0.00635659531893038 0.0624897943394005
465.1383627742762 7.118333418667889 0.006258727604016171 0.06183394527278565
474.82874533208087 7.187029236773814 0.006163272600920529 0.061192668279401945
484.51912788988557 7.252915345987321 0.006070144296450919 0.06056547109953321
494.20951044769026 7.316167258524682 0.005979260699915608 0.05995188359243395
503.89989300549496 7.37694495600252 0.00589054361151431 0.059351456503750274
513.5902755632997 7.435394701085606 0.005803918406490522 0.058763760314562374
523.2806581211044 7.49165058686876 0.005719313833812431 0.05818838416580758
532.971040678909 7.54583586905061 0.0056366618282580215 0.0576249348523831
542.6614232367137 7.598064117058955 0.005555897334878063 0.05707303588171489
552.3518057945184 7.648440213362776 0.005476958144899171 0.056532326592020635
562.0421883523231 7.697061224771854 0.005399784742209291 0.05600246132589397
571.7325709101278 7.744017165226872 0.0053243201596405365 0.05548310865519996
581.4229534679325 7.7893916661585205 0.005250509844329756 0.05497395065360069
591.1133360257372 7.833262567746802 0.005178301531497179 0.054474682213328206
600.8037185835419 7.875702442193573 0.005107645126037127 0.0539850104030947
610.4941011413466 7.916779058319171 0.005038492591364361 0.05350465386427666
620.1844836990349 7.956555795321161 0.004970797845004961 0.053033342242741185
629.8748662568396 7.995092012326819 0.004904516660455749 0.05257081565384916
639.5652488146443 8.032443379362224 0.004839606574890484 0.05211682417847586
649.255631372449 8.068662174548574 0.004776026802296478 0.05167112738786388
658.9460139302537 8.103797551628693 0.004713738151684632 0.05123349389547845
668.6363964880584 8.137895781358173 0.0046527029500273535 0.0508037009340596
678.3267790458631 8.171000469805817 0.004592884969609853 0.05038153395623738
688.0171616036678 8.20315275619781 0.004534249359503874 0.04996678625719145
697.7075441614725 8.234391492592074 0.004476762580894002 0.049559258617947306
707.3979267192772 8.264753407373304 0.00442039234600706 0.04915875896800295
717.0883092770819 8.294273254306578 0.004365107560413032 0.048765102066074054
726.7786918348866 8.322983948671137 0.004310878268483109 0.04837810919783112
736.4690743926913 8.350916691810156 0.004257675601805434 0.047997607889582065
746.159456950496 8.37810108527224 0.0042054717303737325 0.047623431636926394
755.8498395083006 8.40456523558199 0.00415423981637692 0.0472554196474747
765.5402220661053 8.430335850557164 0.004103953970429647 0.04689341659678925
775.23060462391 8.45543832798575 0.004054589210095275 0.04653727239675921
784.9209871817147 8.479896837385464 0.004006121420562508 0.04618684197567657
794.6113697395194 8.503734395489001 0.003958527317346855 0.04584198506932838
804.3017522972077 8.526972936028622 0.0039117844108969855 0.04550256602247035
813.9921348550124 8.54963337433474 0.0038658709729905046 0.04516845360006019
823.6825174128171 8.57173566720369 0.003820766004822772 0.04483952080775362
833.3728999706218 8.593298868452555 0.0037764492066796485 0.044515644721059545
843.0632825284265 8.614341180527234 0.0037329009491113355 0.044196706322727305
852.7536650862312 8.634880002499086 0.003690102245518292 0.04388259034788394
862.4440476440359 8.654931974750694 0.0036480347260699052 0.04357318513649713
872.1344302018406 8.674513020622491 0.0036066806128811947 0.04326838249276228
881.8248127596453 8.693638385266144 0.0035660226963772105 0.04296807755103709
891.51519531745 8.712322671927453 0.003526044312779742 0.04267216864797009
901.2055778752547 8.730579875860933 0.0034867293226545793 0.042380557200491775
910.8959604330594 8.748423416059806 0.003448062090461711 0.04209314758935634
920.5863429908641 8.765866164968545 0.0034100274650541475 0.04180984704794152
930.2767255486688 8.782920476330297 0.003372610761074729 0.04153056555603128
939.9671081064735 8.799598211308192 0.0033357977412028514 0.04125521573832216
949.6574906642782 8.815910763007473 0.003299574599206441 0.040983712767410155
959.3478732220829 8.831869079514583 0.0032639279437568676 0.04071597427102833
969.0382557798875 8.847483685559554 0.003228844782967065 0.040451920243319305
978.7286383376922 8.862764702899229 0.003194312509615547 0.040191472959939155
988.4190208954969 8.877721869510742 0.003160318887021075 0.03993455689680065
998.1094034531852 8.892364557677379 0.003126852035535337 0.0396810986522779
