-1007.7997860111063 8.65376436940774 -0.00631248936509157 0.02334859487071887
-998.1094034533016 8.656573596403026 -0.006283543258254405 0.023248666046886576
-988.4190208954969 8.659341885801178 -0.006254865329829338 0.02314958926634304
-978.7286383376922 8.662070389338943 -0.00622645182117107 0.023051353673024664
-969.0382557798875 8.664760205074453 -0.006198299044437536 0.022953948594611886
-959.3478732220829 8.66741238038839 -0.0061704033809092205 0.022857363538655674
-949.6574906642782 8.670027914809374 -0.0061427612793567895 0.022761588188801633
-939.9671081064735 8.672607762673964 -0.006115369254455312 0.022666612401108992
-930.2767255486688 8.675152835631135 -0.006088223885243575 0.022572426200461515
-920.5863429908641 8.677664005000453 -0.006061321813626967 0.02247901977706782
-910.8959604330594 8.68014210399261 -0.006034659742922494 0.022386383483048427
-901.2055778752547 8.682587929800471 -0.006008234436444478 0.02229450782910707
-891.51519531745 8.685002245568295 -0.005982042716129665 0.02220338348128387
-881.8248127596453 8.687385782246325 -0.005956081461200412 0.02211300125778799
-872.1344302018406 8.689739240337541 -0.005930347606864767 0.022023352125907454
-862.4440476440359 8.692063291542938 -0.005904838143052152 0.021934427198994227
-852.7536650863476 8.694358580311262 -0.005879550113183861 0.02184621773352297
-843.0632825285429 8.69662572529906 -0.005854480612975493 0.0217587151262157
-833.3728999707382 8.698865320745936 -0.0058296267892747385 0.02167191091124566
-823.6825174129335 8.70107793777047 -0.005804985838927359 0.021585796757497718
-813.9921348551288 8.703264125591216 -0.005780555007675131 0.021500364465899164
-804.3017522973241 8.705424412677246 -0.005756331589082771 0.021415605966812638
-794.6113697395194 8.70755930783244 -0.005732312923493307 0.0213315133174908
-784.9209871817147 8.709669301217408 -0.005708496397011051 0.021248078699590663
-775.23060462391 8.711754865312724 -0.005684879440511231 0.021165294416746364
-765.5402220661053 8.713816455826967 -0.0056614595286755675 0.021083152892198375
-755.8498395083006 8.715854512552768 -0.005638234179052861 0.021001646666478024
-746.159456950496 8.717869460173985 -0.005615200951143974 0.020920768395145464
-736.4690743926913 8.719861709026876 -0.005592357445510342 0.02084051084657992
-726.7786918348866 8.721831655817947 -0.00556970130290538 0.020760866899820662
-717.0883092770819 8.723779684301102 -0.0055472302034280975 0.020681829542457446
-707.3979267192772 8.725706165916412 -0.0055249418656981375 0.020603391868568965
-697.7075441614725 8.727611460392819 -0.0055028340460518054 0.020525547076708235
-688.0171616036678 8.729495916316882 -0.005480904537758257 0.020448288467933548
-678.3267790458631 8.731359871669557 -0.0054591511702554146 0.02037160944388366
-668.6363964881748 8.733203654332888 -0.0054375718084051505 0.020295503504897415
-658.9460139303701 8.735027582568454 -0.005416164351765751 0.02021996424817061
-649.2556313725654 8.736831965469005 -0.0053949267338849185 0.02014498536596317
-639.5652488147607 8.738617103385163 -0.005373856921607637 0.020070560643837068
-629.874866256956 8.740383288328442 -0.005352952914402317 0.019996683958937726
-620.1844836991513 8.742130804352012 -0.00533221274370309 0.01992334927831239
-610.4941011413466 8.743859927910567 -0.005311634472268153 0.019850550657265455
-600.8037185835419 8.745570928200411 -0.005291216193553602 0.019778282237749873
-591.1133360257372 8.747264067481044 -0.005270956031102402 0.019706538246793394
-581.4229534679325 8.748939601379208 -0.005250852137947992 0.019635312994959273
-571.7325709101278 8.750597779176466 -0.005230902696032153 0.019564600874840108
-562.0421883523231 8.752238844081283 -0.005211105915636755 0.019494396359584235
-552.3518057945184 8.753863033486457 -0.005191460034828928 0.01942469400145378
-542.6614232367137 8.75547057921279 -0.005171963318919382 0.019355488430413594
-532.971040678909 8.75706170773976 -0.005157968305031196 0.01928677435275027
-523.2806581211044 8.758636640423964 -0.00515174064313719 0.01921854654972054
-513.5902755632997 8.760195593706017 -0.005132546692602725 0.01915079987622831
-503.89989300549496 8.76173877930658 -0.0051134971922008445 0.019083529259529622
-494.20951044769026 8.76326640441213 -0.005094590493177263 0.01901672969796484
-484.51912788988557 8.764778671851047 -0.005075824972250425 0.018950396259717412
-474.8287453321973 8.766275780260587 -0.0050571990311085 0.018884524081599404
-465.1383627743926 8.767757924245295 -0.005038711095917616 0.018819108367858293
-455.4479802165879 8.769225294527168 -0.005020359616844316 0.018754144389016448
-445.7575976587832 8.770678078088288 -0.005002143067587395 0.0186896274807267
-436.0672151009785 8.772116458306167 -0.0049840599449221205 0.018625553042655417
-426.3768325431738 8.77354061508226 -0.004966108768255171 0.018561916537387813
-416.6864499853691 8.774950724964041 -0.004948288079190233 0.01849871348935546
-406.9960674275644 8.776346961260991 -0.004930596441103857 0.018435939483785913
-397.3056848697597 8.777729494154816 -0.004913032438731353 0.018373590165673463
-387.615302311955 8.779098490804278 -0.00489559467776243 0.018311661238770878
-377.9249197541503 8.78045411544483 -0.0048782817844462405 0.01825014846460145
-368.2345371963456 8.781796529483453 -0.004861092405205655 0.01818904766149085
-358.54415463854093 8.783125891588885 -0.004844025206260392 0.01812835470361856
-348.85377208073623 8.784442357777497 -0.004827078873258903 0.01806806552008803
-339.16338952293154 8.785746081495125 -0.0048102521109186 0.018008176094015584
-329.47300696512684 8.78703721369494 -0.004793543642674331 0.017948682461637253
-319.78262440732215 8.788315902911744 -0.004776952210334828 0.01788958071143332
-310.09224184951745 8.789582295332716 -0.0047604765737468465 0.017830866983270164
-300.40185929171275 8.79083653486491 -0.0047441155104669215 0.017772537467558927
-290.7114767340245 8.79207876319964 -0.004727867815440595 0.017714588404431388
-281.0210941762198 8.79330911987397 -0.004711732300687849 0.017657016082928412
-271.3307116184151 8.794527742329278 -0.00469570779499738 0.017599816840211186
-261.6403290606104 8.795734765967335 -0.004679793143625751 0.017542987060780814
-251.9499465028057 8.796930324203801 -0.004663987208004041 0.017486523175716376
-242.259563945001 8.798114548519376 -0.004648288865450743 0.01743042166192715
-232.5691813871963 8.799287568508685 -0.0046326970088908835 0.01737467904141905
-222.8787988293916 8.80044951192707 -0.004617210546581238 0.017319291880575165
-213.1884162715869 8.801600504735328 -0.004601828401841448 0.017264256789450056
-203.4980337137822 8.80274067114256 -0.004586549512790883 0.017209570421077465
-193.8076511559775 8.803870133647202 -0.004571372832091205 0.017155229470791105
-184.1172685981728 8.804989013076321 -0.004556297326694286 0.01710123067555839
-174.42688604036812 8.806097428623309 -0.004541321977595565 0.01704757081332664
-164.73650348256342 8.807195497883994 -0.004526445779592542 0.016994246702381626
-155.04612092475872 8.808283336891295 -0.004511667741048368 0.016941255200718087
-145.35573836695403 8.809361060148502 -0.004496986883660363 0.016888593205422013
-135.66535580914933 8.810428780661198 -0.0044824022422333696 0.016836257652064493
-125.97497325134464 8.81148660996794 -0.004467912864457779 0.016784245514106656
-116.28459069353994 8.81253465816975 -0.00445351781069216 0.01673255380231581
-106.59420813585166 8.813573033958459 -0.004439216153750524 0.016681179564192804
-96.90382557804696 8.814601844644029 -0.004425006978693075 0.01663011988340696
-87.21344302024227 8.81562119618072 -0.004410889382622962 0.01657937187924742
-77.52306046243757 8.816631193192427 -0.00439686247448542 0.016528932706078442
-67.83267790463287 8.817631938997033 -0.004382925374871877 0.016478799552807646
-58.14229534682818 8.818623535629872 -0.004369077215827779 0.01642896964236333
-48.45191278902348 8.819606083866375 -0.004355317140664296 0.016379440231181246
-38.761530231218785 8.820579683243931 -0.004341644303773832 0.01633020860870062
-29.07114767341409 8.821544432082957 -0.006203485330937091 0.016294237341979614
-19.380765115609393 8.822500427507299 -0.00617613553623436 0.01624549751513811
-9.690382557804696 8.823447765463914 -0.006149073541140039 0.016197048943182017
0.0 8.824386540741926 -0.006122294110207613 0.016148889012024343
9.690382557804696 6.010343294534193 -0.059011794434176465 0.06167959690910251
19.380765115609393 6.150438677255824 -0.05859621217690445 0.061296642049706036
29.07114767341409 6.254322531714176 -0.058186585407205456 0.06091886731236045
38.761530231218785 6.339226519174847 -0.05778278568398068 0.06054616363179496
48.45191278902348 6.411969039993664 -0.05738468824953307 0.060178425041287724
58.14229534682818 6.476078254787745 -0.0610410897298105 0.06182511448214161
67.83267790463287 6.533659586772143 -0.06062411349601507 0.061452148492140375
77.52306046232115 6.586088158252616 -0.0602129251373336 0.061084065112745146
87.21344302012585 6.634320289123876 -0.06097544524816202 0.06100637813407549
96.90382557793055 6.6790525821434095 -0.06080550709770769 0.060682077204286075
106.59420813573524 6.720810880820634 -0.0604007544350056 0.06032571909829831
116.28459069353994 6.760003536004861 -0.06000147404893378 0.05997389595304395
125.97497325134464 6.796955058560384 -0.059607554613542696 0.059626518020065175
135.66535580914933 6.831928320341999 -0.05921888781558218 0.059283497949002714
145.35573836695403 6.865139732305028 -0.05883536825306499 0.05894475070736673
155.04612092475872 6.8967699367697515 -0.0584568933379054 0.05861019350351889
164.73650348256342 6.926971534261531 -0.05833028115053902 0.05829454243686693
174.42688604036812 6.95587479159657 -0.05795977895700112 0.0579680164894256
184.1172685981728 6.983591940292711 -0.057629258849624734 0.05764866374501669
193.8076511559775 7.0102204684978835 -0.05726796407031938 0.057329951535274634
203.4980337137822 7.03584568008343 -0.05691126931484433 0.0570150484007335
213.1884162715869 7.060542710772221 -0.05655908641026532 0.05670388349917365
222.8787988293916 7.0843781356590485 -0.05621132943328755 0.05639638776956145
232.5691813871963 7.107411264890302 -0.05586791463880179 0.05609249387591481
242.259563945001 7.129695198315153 -0.055528760391140033 0.05579213615328681
251.9499465028057 7.151277691677594 -0.05519378709792165 0.055495250555774554
261.64032906049397 7.195861367793517 -0.05486291714638019 0.05520177460646868
271.33071161829866 7.25164191293917 -0.05453607484204005 0.05491164734923849
281.02109417610336 7.303232004288039 -0.054213186349699925 0.054624809302325904
290.71147673390806 7.3512145443314525 -0.05389417963654632 0.05434120241360176
300.40185929171275 7.396055818987458 -0.053578984417364243 0.054060770017465454
310.09224184951745 7.438135296276773 -0.05326753210173331 0.05378345679329788
319.78262440732215 7.477766337129308 -0.05300275970784322 0.05350920872540607
329.47300696512684 7.51521098421858 -0.05269827758876148 0.05323797306439723
339.16338952293154 7.550690769022742 -0.052397346891605565 0.052969698289922706
348.85377208073623 7.584394769053631 -0.0521119725963867 0.052704334074735654
358.54415463854093 7.616485721823282 -0.05181786982388096 0.05244183125000849
368.2345371963456 7.647104737811987 -0.051560830637679946 0.05218349005568447
377.9249197541503 7.676374985458674 -0.0512726660451615 0.0519265703510404
387.615302311955 7.704404609908973 -0.050992581625726244 0.05167235788814344
397.3056848697597 7.731289072368256 -0.05071134531990603 0.051420821215769914
406.9960674275644 7.757113045497081 -0.050433257936162594 0.05117191647447477
416.6864499853691 7.781951964385162 -0.050158266342939815 0.050925600778966434
426.3768325431738 7.805873307195264 -0.0498863186034548 0.05068183219092735
436.0672151009785 7.828937661297707 -0.04962903417981617 0.050440569692743895
445.7575976586668 7.85119961743962 -0.0493730693915703 0.050201773162113335
455.4479802164715 7.872708524739145 -0.04910979389328508 0.04996540334747664
465.1383627742762 7.893509132042577 -0.04884936811193265 0.04973142184428799
474.82874533208087 7.913642135751483 -0.04859174555390033 0.049499791072032416
484.51912788988557 7.933144650090382 -0.048336880736847276 0.04927047425200534
494.20951044769026 7.952050612627953 -0.0480847291622793 0.04904343538580835
503.89989300549496 7.97039113541383 -0.04789834602974884 0.04881863923453704
513.5902755632997 7.988194810178959 -0.04765102462192138 0.048596051298634965
523.2806581211044 8.00548797453701 -0.04744255603854894 0.04837563779838896
532.971040678909 8.022294944922177 -0.04720011095736275 0.04815736565504207
542.6614232367137 8.038638221034011 -0.04696018094875383 0.04794120247250125
552.3518057945184 8.05453866577985 -0.046722726662501456 0.04772711651961806
562.0421883523231 8.070015664070228 -0.04648770956986018 0.04751507671302172
571.7325709101278 8.085087263301848 -0.04628603558173342 0.04730505260048394
581.4229534679325 8.099770297933413 -0.046055551896169625 0.047097014344796885
591.1133360257372 8.114080500203437 -0.04582739788818308 0.046890932708145636
600.8037185835419 8.128032598742385 -0.04560153803424409 0.046686779036957504
610.4941011413466 8.14164040658284 -0.04537793753383321 0.046484525247211035
620.1844836991513 8.154916899862336 -0.04549666163058304 0.04630816344811423
629.874866256956 8.167874288336757 -0.04527497749323773 0.04610945076070147
639.5652488146443 8.180524078672201 -0.04505548897234266 0.04591255955797768
649.255631372449 8.192877131356981 -0.04483816318752207 0.045717463839805655
658.9460139302537 8.204943711963068 -0.04466856081304131 0.04552413811011777
668.6363964880584 8.216733537398648 -0.044455128253022266 0.045332557364598056
678.3267790458631 8.228255817707801 -0.04424376860113552 0.04514269707873753
688.0171616036678 8.239519293907636 -0.044034451409675435 0.044954533196236234
697.7075441614725 8.250532272292414 -0.0438271468300178 0.044768042117742234
707.3979267192772 8.261302655582794 -0.043621825597830885 0.04458320068991633
717.0883092770819 8.271837971253495 -0.04341845901872622 0.04439998619481157
726.7786918348866 8.282145397333645 -0.043217018954334344 0.04421837633955675
736.4690743926913 8.292231785940176 -0.04301747780879024 0.04403834924633394
746.159456950496 8.302103684774867 -0.04281980851561469 0.043859883442640274
755.8498395083006 8.311767356789666 -0.042623984524977794 0.04368295785182461
765.5402220661053 8.321228798202194 -0.04242997979133145 0.04350755178388972
775.23060462391 8.330493755023193 -0.04223776876139862 0.043333644926551826
784.9209871817147 8.339567738240236 -0.04204732636250689 0.04316121733654877
794.6113697395194 8.348456037786331 -0.04185862799125507 0.04299024943118863
804.3017522973241 8.357163735408495 -0.041671649502501566 0.04282072198013142
813.9921348551288 8.365695716539117 -0.04148636719866382 0.042652616097396116
823.6825174128171 8.37405668126227 -0.041302757819320655 0.04248591323358767
833.3728999706218 8.382251154458158 -0.04112079853109463 0.042320595168325564
843.0632825284265 8.390283495198496 -0.040940466917837634 0.042156644002896614
852.7536650862312 8.398157905461497 -0.040761740971066614 0.04199404215308597
862.4440476440359 8.405878438225027 -0.0405845990806738 0.04183277234221002
872.1344302018406 8.41344900499267 -0.04040902002588936 0.04167281759433309
881.8248127596453 8.420873382801302 -0.04023498296649094 0.04151416122766423
891.51519531745 8.428155220754311 -0.040058160824999446 0.04135699091128839
901.2055778752547 8.43529804612021 -0.03988717857464789 0.041200880896656314
910.8959604330594 8.442305270032655 -0.03971767753001671 0.041046020941452994
920.5863429908641 8.449180192824503 -0.039549638300063764 0.04089239547736017
930.2767255486688 8.455926009025427 -0.039383041833478925 0.04073998919971522
939.9671081064735 8.462545812049914 -0.03921786941122849 0.040588787061877483
949.6574906642782 8.469042598599984 -0.03905410263929585 0.040438774269739394
959.3478732220829 8.47541927280477 -0.03889172344161325 0.04028993627637852
969.0382557798875 8.481678650117075 -0.03873071405317789 0.04014225877684571
978.7286383376922 8.487823460985265 -0.038571057013347496 0.03999572770308559
988.4190208954969 8.493856354317172 -0.038412735159309354 0.03985032921898574
998.1094034533016 8.499779900751278 -0.038255731619717966 0.039706049715550126
