-484.51912788988557 8.981855752170846 0.0 0.0
-474.82874533208087 8.981855752170846 0.0 0.0
-465.1383627742762 8.981855752170846 0.0 0.0
-455.4479802164715 8.981855752170846 0.0 0.0
-445.7575976586668 8.981855752170846 0.0 0.0
-436.0672151008621 8.981855752170846 0.0 0.0
-426.3768325430574 8.981855752170846 0.0 0.0
-416.6864499852527 8.981855752170846 0.0 0.0
-406.996067427448 8.981855752170846 0.0 0.0
-397.3056848696433 8.981855752170846 0.0 0.0
-387.615302311955 8.981855752170846 0.0 0.0
-377.9249197541503 8.981855752170846 0.0 0.0
-368.2345371963456 8.981855752170846 0.0 0.0
-358.54415463854093 8.981855752170846 0.0 0.0
-348.85377208073623 8.981855752170846 0.0 0.0
-339.16338952293154 8.981855752170846 0.0 0.0
-329.47300696512684 8.981855752170846 0.0 0.0
-319.78262440732215 8.981855752170846 0.0 0.0
-310.09224184951745 8.981855752170846 0.0 0.0
-300.40185929171275 8.981855752170846 0.0 0.0
-290.71147673390806 8.981855752170846 0.0 0.0
-281.02109417610336 8.981855752170846 0.0 0.0
-271.33071161829866 8.981855752170846 0.0 0.0
-261.64032906049397 8.981855752170846 0.0 0.0
-251.94994650268927 8.981855752170846 0.0 0.0
-242.25956394488458 8.981855752170846 0.0 0.0
-232.56918138707988 8.981855752170846 0.0 0.0
-222.87879882927518 8.981855752170846 -0.00035411077712403286 0.0
-213.1884162714705 8.981855752170846 -0.0003515059761861186 0.0
-203.4980337137822 8.981855752170846 -0.00034893921669269893 0.0
-193.8076511559775 8.981855752170846 -0.0003464096713286253 0.0
-184.1172685981728 8.981855752170846 -0.0003439165365958206 0.0
-174.42688604036812 8.981855752170846 -0.00034145903196221793 0.0
-164.73650348256342 8.981855752170846 -0.00033903639904707736 0.0
-155.04612092475872 8.981855752170846 -0.0003366479008407101 0.0
-145.35573836695403 8.981855752170846 -0.0003342928209569532 0.0
-135.66535580914933 8.981855752170846 -0.0003319704629168039 0.0
-125.97497325134464 8.981855752170846 -0.0003296801494617069 0.0
-116.28459069353994 8.981855752170846 -0.00032742122189507425 0.0
-106.59420813573524 8.981855752170846 -0.000325193039450691 0.0
-96.90382557793055 8.981855752170846 -0.0003229949786867361 0.0
-87.21344302012585 8.981855752170846 -0.0003208264329042139 0.0
-77.52306046232115 8.981855752170846 -0.00031868681158865684 0.0
-67.83267790451646 8.981855752170846 -0.0003165755398740203 0.0
-58.14229534671176 8.981855752170846 -0.00031449205802774655 0.0
-48.451912788907066 8.981855752170846 -0.00031243582095603033 0.0
-38.76153023110237 8.981855752170846 -0.00031040629772836605 0.0
-29.071147673297673 8.981855752170846 -0.001510234012775384 0.0
-19.380765115492977 8.981855752170846 -0.0014993646388542414 0.0
-9.690382557804696 8.981855752170846 -0.0014886510711772535 0.0
0.0 5.948819913513012 -0.01833298271116047 0.040950154782568804
9.690382557804696 6.15451885408706 -0.01819796307947686 0.04064741139732145
19.380765115609393 6.282010541813154 -0.018064918451705457 0.0403491115087195
29.07114767341409 6.380154284253513 -0.017933805794453292 0.04005515800076379
38.761530231218785 6.461610323069703 -0.017804583315862297 0.03976545656704531
48.45191278902348 6.531960524592662 -0.017677210421145766 0.039479915609872046
58.14229534682818 6.594251325118748 -0.02008693676744579 0.039198446143710895
67.83267790463287 6.6503606192695015 -0.019944474118800595 0.038920961702730836
77.52306046243757 6.701542162601045 -0.019804019048897538 0.03864737825224524
87.21344302024227 6.748681835042253 -0.019665529398724544 0.03837761410386341
96.90382557804696 6.792432734107299 -0.019528964182020214 0.038111589834170664
106.59420813585166 6.833292518601386 -0.019394283544760627 0.03784922820676752
116.28459069365636 6.871650574587379 -0.02365223215824808 0.039468913514803146
125.97497325146105 6.907818252003832 -0.02348876233153923 0.03919977406438257
135.66535580926575 6.942049051725556 -0.032928644528918846 0.03893428154510371
145.35573836707044 6.974552564955843 -0.03269907071832418 0.03867236230313789
155.04612092487514 7.005504376022448 -0.03289792380101713 0.03845924991478729
164.73650348267984 7.035053270648077 -0.03385959068785524 0.03846392958715316
174.42688604036812 7.0633265944550585 -0.0336275436139813 0.0382100635982505
184.1172685981728 7.090434310355991 -0.03339866238551248 0.037959528121161865
193.8076511559775 7.116472121010143 -0.03414610787570496 0.03785070317323869
203.4980337137822 7.1415239066866425 -0.03391620903902423 0.037605616786721856
213.1884162715869 7.165663653341 -0.03368939227084517 0.03736368536354099
222.8787988293916 7.188956995318621 -0.033465595868110466 0.03712484834286354
232.5691813871963 7.211462462749405 -0.03324475976746389 0.03688904670481549
242.259563945001 7.233232499845114 -0.03302682549102849 0.036656222921751594
251.9499465028057 7.254314303460926 -0.032811736094326555 0.036426320911364156
261.6403290606104 7.288600399469741 -0.03259943611624331 0.036199285991550055
271.3307116184151 7.340386989792773 -0.03238987153094102 0.03597506483695947
281.0210941762198 7.388441121834318 -0.03218298970163526 0.03575360543715369
290.7114767340245 7.433262194720646 -0.031978739336149614 0.03553485705630271
300.40185929182917 7.475253639356585 -0.03177707044416939 0.03531877019435703
310.09224184963387 7.514746402978371 -0.031577934296118784 0.035105296549631036
319.78262440743856 7.5520155632702055 -0.03138128338358994 0.03489438898273837
329.47300696524326 7.587292375997492 -0.031187071381255958 0.03468600148182258
339.16338952304795 7.620773199834949 -0.030995253110203107 0.034480089129029376
348.85377208085265 7.6526262322411975 -0.030805784502620857 0.034276608068168415
358.54415463854093 7.682996677394221 -0.030618622567793564 0.03407551547351873
368.2345371963456 7.712010769327961 -0.030433725359324867 0.03387676951971621
377.9249197541503 7.739778944850837 -0.030251051943575448 0.033680329352714845
387.615302311955 7.766398375303393 -0.030070562369219164 0.03348615506173101
397.3056848697597 7.791955008089514 -0.029938612510784387 0.033294207652166535
406.9960674275644 7.8165252289186204 -0.02976203304174828 0.03310444901945734
416.6864499853691 7.840177226634442 -0.0295875281566401 0.032916841923813125
426.3768325431738 7.862972123127471 -0.02941506144162041 0.03273134996581296
436.0672151009785 7.884964915435971 -0.029309301076063447 0.032547937562823044
445.7575976587832 7.906205266540641 -0.029140328075705744 0.032366569926204417
455.4479802165879 7.926738173245898 -0.028973295973262078 0.03218721303928016
465.1383627743926 7.946604533460908 -0.028808171453688792 0.0320098336360324
474.8287453321973 7.965841630567799 -0.028644921961568624 0.031834399180501224
484.519127890002 7.984483549011215 -0.028613128986437468 0.0316608778468587
494.2095104478067 8.002561532489342 -0.028452576211697868 0.03148923850013215
503.8998930056114 8.02010429397403 -0.028293819219130826 0.031319450677552256
513.5902755634161 8.037138285091864 -0.028136827975546005 0.031151484570502614
523.2806581212208 8.053687931052332 -0.0279815731154704 0.0309853110070477
532.9710406790255 8.069775836233864 -0.027828025922642784 0.03082090143501841
542.6614232367137 8.085422964673148 -0.027676158312123885 0.03065822790563604
552.3518057945184 8.100648799004174 -0.027525942812987775 0.030497263057643276
562.0421883523231 8.115471480819288 -0.027377352551598986 0.030337980101952742
571.7325709101278 8.129907934964173 -0.027230361235417215 0.030180352806755573
581.4229534679325 8.143973979887596 -0.02708494313733645 0.03002435548310243
591.1133360257372 8.157684425852645 -0.02694107308052747 0.029869962970927852
600.8037185835419 8.171053162550242 -0.026798726423766732 0.02971715062550462
610.4941011413466 8.184093237434887 -0.026657879047233483 0.02956589430431232
620.1844836991513 8.196816925917174 -0.026518507338757588 0.029416170354305517
629.874866256956 8.209235794391187 -0.026380588180501527 0.029267955599567574
639.5652488147607 8.22136075694278 -0.026244098936060598 0.029121227329336218
649.2556313725654 8.233202126472266 -0.02610901743796596 0.02897596328638826
658.9460139303701 8.244769660869498 -0.02597532197557602 0.028832141655770607
668.6363964881748 8.25607260479723 -0.02584299128334189 0.028689741053865785
678.3267790459795 8.267119727568645 -0.025712004529433796 0.028548740517780342
688.0171616037842 8.277919357544278 -0.025582341304715102 0.0284091194950452
697.7075441615889 8.288479413421662 -0.025453981612052003 0.028270857833616995
707.3979267193936 8.298807432745697 -0.02532690585594668 0.02813393577217066
717.0883092771983 8.30891059792882 -0.025201094832482677 0.027998333930672893
726.7786918348866 8.318795760035863 -0.025076529719573006 0.02786403330122907
736.4690743926913 8.32846946055976 -0.024953192067491536 0.02773101523918463
746.159456950496 8.337937951385983 -0.024831063789699997 0.027599261454496468
755.8498395083006 8.34720721312516 -0.02471012715393094 0.027468754003333463
765.5402220661053 8.35628297196941 -0.024590364773539885 0.027339475279922674
775.23060462391 8.365170715213184 -0.024471759599108706 0.027211408008623133
784.9209871817147 8.373875705563275 -0.024354294910293048 0.027084535236221903
794.6113697395194 8.38240299434946 -0.024237954307905787 0.026958840324444844
804.3017522973241 8.390757433735457 -0.024122721706228204 0.026834306942675155
813.9921348551288 8.398943688019463 -0.02400858132554159 0.02671091906087321
823.6825174129335 8.406966244104412 -0.02389551768487179 0.026588660942690964
833.3728999707382 8.414829421209932 -0.023783515594939506 0.026467517138774814
843.0632825285429 8.422537379890814 -0.023672560151309856 0.02634747248025106
852.7536650863476 8.430094130420468 -0.02356263672773433 0.026228512072387952
862.4440476441523 8.437503540592074 -0.023453730969679013 0.026110621288428885
872.134430201957 8.444769342985271 -0.023345828788033072 0.025993785763591393
881.8248127597617 8.451895141741547 -0.02323891635299148 0.02587799138922671
891.5151953175664 8.458884418887662 -0.023132980088106492 0.025763224307134947
901.2055778753711 8.465740540242745 -0.0230280066645025 0.025649470904030993
910.8959604331758 8.472466760941524 -0.022923982995248816 0.02553671780615663
920.5863429908641 8.479066230603287 -0.0228208962298869 0.02542495187403551
930.2767255486688 8.485541998173993 -0.022718733749099575 0.02531416019735892
939.9671081064735 8.491897016465092 -0.02261748315953615 0.02520433009001796
949.6574906642782 8.498134146413266 -0.022517132288764185 0.025095449085251482
959.3478732220829 8.504256161080573 -0.02241766918036218 0.02498750493092599
969.0382557798875 8.510265749414513 -0.022319082089141573 0.024880485584935514
978.7286383376922 8.516165519785442 -0.022221359476495162 0.024774379210719573
988.4190208954969 8.521958003317271 -0.022124490005868115 0.024669174172895155
998.1094034533016 8.527645657026351 -0.02202846253834784 0.024564859032999927
