-1007.7997860109899 8.981855752170848 -0.0016506665668805688 0.0
-998.1094034531852 8.981855752170848 -0.0016433663620142912 0.0
-988.4190208953805 8.981855752170848 -0.0016361305548694867 0.0
-978.7286383375758 8.981855752170848 -0.0016289582955835028 0.0
-969.0382557797711 8.981855752170848 -0.0016218487492095398 0.0
-959.3478732219664 8.981855752170848 -0.0016148010953902247 0.0
-949.6574906641617 8.981855752170848 -0.0016078145280397434 0.0
-939.967108106357 8.981855752170848 -0.001600888255034263 0.0
-930.2767255486688 8.981855752170848 -0.0015940214979104713 0.0
-920.5863429908641 8.981855752170848 -0.0015872134915715054 0.0
-910.8959604330594 8.981855752170848 -0.0015804634840012664 0.0
-901.2055778752547 8.981855752170848 -0.001573770735985242 0.0
-891.51519531745 8.981855752170848 -0.0015671345208388566 0.0
-881.8248127596453 8.981855752170848 -0.0015605541241426493 0.0
-872.1344302018406 8.981855752170848 -0.0015540288434841467 0.0
-862.4440476440359 8.981855752170848 -0.0015475579882062427 0.0
-852.7536650862312 8.981855752170848 -0.001541140879161891 0.0
-843.0632825284265 8.981855752170848 -0.0015347768484749197 0.0
-833.3728999706218 8.981855752170848 -0.0015284652393068073 0.0
-823.6825174128171 8.981855752170848 -0.0015222054056292236 0.0
-813.9921348550124 8.981855752170848 -0.0015159967120021917 0.0
-804.3017522972077 8.981855752170848 -0.001509838533357695 0.0
-794.611369739403 8.981855752170848 -0.0015037302547885798 0.0
-784.9209871815983 8.981855752170848 -0.0014976712713426002 0.0
-775.2306046237936 8.981855752170848 -0.0014916609878214628 0.0
-765.5402220659889 8.981855752170848 -0.0014856988185847247 0.0
-755.8498395081842 8.981855752170848 -0.001479784187358414 0.0
-746.159456950496 8.981855752170848 -0.0014739165270483078 0.0
-736.4690743926913 8.981855752170848 -0.0014680952795573137 0.0
-726.7786918348866 8.981855752170848 -0.0014623198956078994 0.0
-717.0883092770819 8.981855752170848 -0.0014565898345680229 0.0
-707.3979267192772 8.981855752170848 -0.0014509045642815263 0.0
-697.7075441614725 8.981855752170848 -0.001445263560902433 0.0
-688.0171616036678 8.981855752170848 -0.0014396663087331346 0.0
-678.3267790458631 8.981855752170848 -0.0014341123000663433 0.0
-668.6363964880584 8.981855752170848 -0.0014286010350307125 0.0
-658.9460139302537 8.981855752170848 -0.0014231320214400363 0.0
-649.255631372449 8.981855752170848 -0.0014323040232708708 0.0
-639.5652488146443 8.981855752170848 -0.0014268102254418158 0.0
-629.8748662568396 8.981855752170848 -0.001421358828647884 0.0
-620.1844836990349 8.981855752170848 -0.0014159493354675143 0.0
-610.4941011412302 8.981855752170848 -0.0014105812564588567 0.0
-600.8037185834255 8.981855752170846 -0.0014052541099926592 0.0
-591.1133360256208 8.981855752170846 -0.001399967422089644 0.0
-581.4229534678161 8.981855752170844 -0.0013947207262622113 0.0
-571.7325709100114 8.981855752170844 -0.0013895135633603358 0.0
-562.0421883523231 8.981855752170842 -0.001384345481421566 0.0
-552.3518057945184 8.981855752170839 -0.0013792160355246316 0.0
-542.6614232367137 8.981855752170835 -0.0013741247876474497 0.0
-532.971040678909 8.981855752170832 -0.0013690713065281715 0.0
-523.2806581211044 8.981855752170825 -0.0013640551675300817 0.0
-513.5902755632997 8.981855752170814 -0.0013590759525098587 0.0
-503.89989300549496 8.981855752170802 -0.0013541332496891571 0.0
-494.20951044769026 8.981855752170784 -0.0013492266535294001 0.0
-484.51912788988557 8.981855752170759 -0.0013443557646096865 0.0
-474.82874533208087 8.981855752170727 -0.0013395201895077097 0.0
-465.1383627742762 8.981855752170683 -0.001334719540683601 0.0
-455.4479802164715 8.981855752170624 -0.001329953436366606 0.0
-445.7575976586668 8.981855752170544 -0.0013252215004445067 0.0
-436.0672151008621 8.981855752170441 -0.0013205233623557065 0.0
-426.3768325430574 8.981855752170302 -0.0013158586569838988 0.0
-416.6864499852527 8.981855752170123 -0.0013112270245552453 0.0
-406.996067427448 8.981855752169889 -0.0013066281105379837 0.0
-397.3056848696433 8.981855752169583 -0.001302061565544399 0.0
-387.6153023118386 8.98185575216919 -0.0012975270452350864 0.0
-377.9249197541503 8.981855752168682 -0.0012930242102254961 0.0
-368.2345371963456 8.981855752168032 -0.0012885527259943674 0.0
-358.54415463854093 8.981855752167204 -0.0012841122627948104 0.0
-348.85377208073623 8.981855752166151 -0.0012797024955668798 0.0
-339.16338952293154 8.981855752164817 -0.0012753231038524085 0.0
-329.47300696512684 8.981855752163137 -0.001270973771711716 0.0
-319.78262440732215 8.981855752161026 -0.002468872925780825 0.00021859192097178556
-310.09224184951745 8.981855752158387 -0.002455696566318581 0.00021697619578496183
-300.40185929171275 8.981855752155099 -0.002442679746233723 0.0002153841806547584
-290.71147673390806 8.981855752151015 -0.0024298193173986544 0.00021381535748064145
-281.02109417610336 8.981855752145963 -0.002417112218234741 0.00021226922314796382
-271.33071161829866 8.981855752139735 -0.0024045554706809595 0.00021074528899001944
-261.64032906049397 8.981855752132082 -0.002476207731594063 0.00020924308027312367
-251.94994650268927 8.981855752122712 -0.002463323501189686 0.00020776213570354064
-242.25956394488458 8.981855752111278 -0.002450590227110345 0.00020630200695521787
-232.56918138707988 8.981855752097369 -0.0024380050399675137 0.00020486225821728706
-222.87879882927518 8.9818557520805 -0.002425565146232554 0.00020344246576037717
-213.1884162714705 8.98185575206011 -0.0024132678256822034 0.000202042217520855
-203.4980337136658 8.981855752035534 -0.002401110428947899 0.0002006611127020972
-193.8076511558611 8.981855752006004 -0.00238909037516402 0.00019929876139201594
-184.1172685981728 8.981855751970624 -0.0024444265801119793 0.00019795478419607892
-174.42688604036812 8.981855751928357 -0.0024957871719411776 0.00019803095963802364
-164.73650348256342 8.981855751878001 -0.0024832078556799495 0.00019671227566097791
-155.04612092475872 8.981855751818177 -0.0024707701358668357 0.00019541103915371992
-145.35573836695403 8.981855751747295 -0.0024584714396540777 0.00019412690608993743
-135.66535580914933 8.981855751663531 -0.002634164197241562 0.0001928595414297698
-125.97497325134464 8.981855751564805 -0.002620748428499774 0.00019160861882824322
-116.28459069353994 8.981855751448736 -0.002607484696577362 0.0001903738203550137
-106.59420813573524 8.981855751312619 -0.002627810351136312 0.00018915483622485387
-96.90382557793055 8.981855751153383 -0.002614596738388184 0.00018795136453845476
-87.21344302012585 8.981855750967549 -0.0026015306450515477 0.00018676311103305748
-77.52306046232115 8.981855750751185 -0.0025886094264383234 0.00018558978884248276
-67.83267790451646 8.981855750499859 -0.002575830503507833 0.00018443111826615976
-58.14229534671176 8.981855750208581 -0.002563191360792254 0.0001832868265467637
-48.451912788907066 8.981855749871755 -0.00255068954440135 0.00018215664765606652
-38.76153023110237 8.98185574948311 -0.0025383226601029315 0.00018104032208868161
-29.071147673297673 8.981855749035635 -0.0025260883714756867 0.0001799375966633457
-19.380765115492977 8.981855748521511 -0.002513984398131177 0.0001788482243314125
-9.690382557688281 8.98185574793203 -0.0025020085140019985 0.0001777719639922766
0.0 8.981855747257525 -0.002490158545693349 0.0001767085803154355
9.690382557804696 1.8747215777595336 0.029169147129596753 0.11036021301359589
19.380765115609393 2.2488246685483437 0.028948280759447487 0.10954980176296601
29.07114767341409 2.542781626629335 0.0287306850695569 0.10875120668687108
38.761530231218785 2.7906685932360675 0.02851628840651681 0.10796417121543317
48.45191278902348 3.007468277431296 0.028305021188454894 0.10718844615369988
58.14229534682818 3.2013816163444133 0.028096815830828965 0.10642378941854297
67.83267790463287 3.3774903890768986 0.02789160667538549 0.10566996578674105
77.52306046243757 3.539209363665556 0.02768932992212575 0.10492674665369495
87.21344302024227 3.6889687254460366 0.02748992356413289 0.10419390980225686
96.90382557804696 3.8285737923996352 0.027293327325119944 0.10347123918118112
106.59420813585166 3.9594111365966604 0.027099482599567574 0.10275852469273314
116.28459069365636 4.082574471542646 0.02690833239532711 0.10205556198901768
125.97497325146105 4.1989455142998855 0.02610479937648223 0.10144904661444681
135.66535580926575 4.309248097972341 0.02592340782761009 0.10076435581586965
145.35573836707044 4.4140856346294495 0.02574448259155335 0.10008884572048853
155.04612092487514 4.513967805226975 0.025567974047720418 0.09942233289897764
164.73650348267984 4.60933004609735 0.025393833893243428 0.0987646387764189
174.42688604048453 4.7005480810571365 0.02522201509960888 0.09811558947276341
184.1172685981728 4.787948961523101 0.02499110535315598 0.09747501564955131
193.8076511559775 4.87181959197626 0.02482424433921986 0.09684275236256037
203.4980337137822 4.952413409861053 0.024659564250004585 0.0962186389202294
213.1884162715869 5.029955687915623 0.024497022896803444 0.09560251874744669
222.8787988293916 5.104647792524922 0.02433657916830334 0.09499423925457716
232.5691813871963 5.1766706400327935 0.02417819299647922 0.09439365171145155
242.259563945001 5.246187529194476 0.02398979187761793 0.0938006111261063
251.9499465028057 5.313346482858913 0.023835640452957014 0.0932149761280673
261.6403290606104 5.408697896999524 0.023683428871607258 0.0926366088559794
271.3307116184151 5.5681758222156486 0.02353312099754958 0.09206537484939432
281.0210941762198 5.7149805731607835 0.023317855592219897 0.09150114294453862
290.7114767340245 5.850716260670768 0.02317174332062685 0.09094378517389168
300.40185929182917 5.976696038582567 0.023027424350855887 0.09039317666941263
310.09224184963387 6.094010821241459 0.022884866100926268 0.08984919556926199
319.78262440743856 6.203578320489335 0.022744036770440942 0.0893117229278721
329.47300696524326 6.306178916752422 0.022604905317343802 0.08878064262922641
339.16338952304795 6.4024824652753365 0.022467441435499884 0.08825584130321547
348.85377208085265 6.493068703761685 0.022331615533065067 0.08773720824494245
358.54415463865735 6.578443044102234 0.02219739871161307 0.08722463533685781
368.2345371963456 6.659048969740132 0.022064762745990493 0.08671801697361409
377.9249197541503 6.735277894100626 0.021933680064861207 0.08621724998949476
387.615302311955 6.807477090799328 0.021804123731935895 0.08572223358840343
397.3056848697597 6.8759561393010635 0.02167606742782821 0.0852328692761918
406.9960674275644 6.940992213372528 0.013068644723656219 0.08474906079532267
416.6864499853691 7.002834457324582 0.013006091391079246 0.08427071406173997
426.3768325431738 7.061707635767014 0.01294404588432797 0.08379773710386518
436.0672151009785 7.117815199337743 0.012882504181519153 0.083330040003637
445.7575976587832 7.171341876870323 0.012821462218264978 0.08286753483951466
455.4479802165879 7.222455880508377 0.012760915893590505 0.08241013563136942
465.1383627743926 7.271310792140372 0.012700861075453927 0.08195775828719137
474.8287453321973 7.318047185656251 0.012641293605894666 0.08151032055154221
484.519127890002 7.362794028814832 0.012582209305832929 0.08106774195568736
494.2095104478067 7.405669900163634 0.012523603979542669 0.08062994376934476
503.8998930056114 7.4467840498946725 0.01246547341881838 0.08019684895398851
513.5902755634161 7.486237328326972 0.012407813406855062 0.07976838211764979
523.2806581212208 7.524123001564789 0.012350619721859364 0.07934446947115947
532.9710406790255 7.56052747055455 0.012293888140408564 0.07892503878577828
542.6614232368302 7.595530907075373 0.012237614440573138 0.07851001935216456
552.3518057946349 7.629207818012122 0.012181794404817991 0.07809934194062974
562.0421883523231 7.66162754747208 0.012126423822696287 0.07769293876263976
571.7325709101278 7.692854724839219 0.012071498493345182 0.07729074343348828
581.4229534679325 7.722949665637252 0.012017014227805586 0.07689269093617189
591.1133360257372 7.751968731077601 0.011962966851163655 0.07649871758632779
600.8037185835419 7.779964651313133 0.01190935220453499 0.076108760998268
610.4941011413466 7.8069868167216665 0.011856166146897489 0.0757227600520426
620.1844836991513 7.833081540947097 0.011803404556782561 0.07534065486150042
629.874866256956 7.858292298925214 0.011751063333833897 0.0749623867433118
639.5652488147607 7.8826599426961605 0.0116991384002418 0.07458789818692022
649.2556313725654 7.906222897443866 0.011647625702060804 0.07421713282539022
658.9460139303701 7.929017339893781 0.011596521210417935 0.07385003540712047
668.6363964881748 7.951077360935624 0.010897533542725943 0.07348655176839256
678.3267790459795 7.9724351141103424 0.009355277364942164 0.0731266288067264
688.0171616037842 7.993120951404334 0.009321135006357643 0.07277021445501498
697.7075441615889 8.013163547624433 0.009287154561990519 0.0724172576564121
707.3979267193936 8.032590014480066 0.009180571145160521 0.07207098402549955
717.0883092771983 8.051426005371214 0.009147454338696598 0.07172476892924283
726.778691835003 8.0696958117693 0.00911449464119967 0.07138186439033928
736.4690743928077 8.087422451980864 0.009081693026939138 0.07104222314834052
746.159456950496 8.104627752998319 0.009049050367524777 0.07070579883815895
755.8498395083006 8.12133242606865 0.008976434500424346 0.07037394389952689
765.5402220661053 8.1375561365408 0.00894440713883511 0.07004380755315441
775.23060462391 8.153317568501544 0.008837932559577918 0.06971981240149697
784.9209871817147 8.16863448465111 0.008806768778951432 0.06939577683652395
794.6113697395194 8.183523781828777 0.008775754779759313 0.06907473956315281
804.3017522973241 8.198001542556849 0.008744891180906812 0.06875665915510709
813.9921348551288 8.212083082935843 0.008714178522285582 0.0684414949458506
823.6825174129335 8.22578299719187 0.008683617268684605 0.06812920701124801
833.3728999707382 8.239115199148662 0.008653207813515622 0.0678197561526978
843.0632825285429 8.252092960871394 0.008604746716818636 0.06751439000930368
852.7536650863476 8.264728948706676 0.008574776370007526 0.0672104890179162
862.4440476441523 8.27703525692268 0.008540968000939831 0.06690941729278055
872.134430201957 8.289023439135207 0.0085113285317478 0.0666109266852143
881.8248127597617 8.30070453768889 0.00837363642409699 0.06632067383316588
891.5151953175664 8.312089111148103 0.008345093445683007 0.06602741008605219
901.2055778753711 8.323187260038676 0.008292288782021791 0.06573741315674371
910.8959604331758 8.334008650969572 0.00826420326564583 0.06544927524668237
920.5863429909805 8.344562539252736 0.008236254554093726 0.06516365248696056
930.2767255486688 8.354857790129385 0.008208442836778542 0.0648805120839499
939.9671081064735 8.364902898702926 0.008180768253198299 0.06459982181176578
949.6574906642782 8.37470600866804 0.008153230895379197 0.06432155000005017
959.3478732220829 8.384274929922384 0.008125830810204656 0.06404566552203557
969.0382557798875 8.393617155136367 0.00809856800164062 0.06377213778293193
978.7286383376922 8.402739875353 0.008071442432860022 0.0635009367086069
988.4190208954969 8.41164999468333 0.008044454028271404 0.06323203273455408
998.1094034533016 8.420354144158114 0.008017602675456578 0.06296539679514077
