-1007.7997860109899 10.976658723868184 -0.03489848013054348 0.005652476603577068
-998.1094034531852 10.979872492705631 -0.034708560019207656 0.005621674150065547
-988.4190208953805 10.983025749570112 -0.03452075307577545 0.005591214779687558
-978.7286383375758 10.986120351119585 -0.034335023629332016 0.005561092696687133
-969.0382557797711 10.989158084926316 -0.0341513368162709 0.0055313022364075325
-959.3478732219664 10.992140671977989 -0.033969658557380183 0.005501837861584031
-949.6574906642782 10.995069769090273 -0.03378995553571418 0.005472694158762553
-939.9671081064735 10.997946971238353 -0.03361219517520648 0.005443865834837148
-930.2767255486688 11.000773813812762 -0.03343634562002651 0.005415347713706806
-920.5863429908641 11.003551774804995 -0.03326237571460771 0.005387134733040116
-910.8959604330594 11.006282276925985 -0.033090254984352745 0.005359221941148712
-901.2055778752547 11.00896668966067 -0.03291995361697637 0.005331604493963282
-891.51519531745 11.011606331260834 -0.03275144244446337 0.005304277652108575
-881.8248127596453 11.014202470678072 -0.03258469292561793 0.005277236778073587
-872.1344302018406 11.016756329438268 -0.03241967712918137 0.005250477333473393
-862.4440476440359 11.019269083458745 -0.03225636771749686 0.00522399487639911
-852.7536650862312 11.021741864809078 -0.0320947379307003 0.005197785058852724
-843.0632825284265 11.024175763416318 -0.03193476157141736 0.005171843624263639
-833.3728999706218 11.026571828715515 -0.03177641298994786 0.005146166405083871
-823.6825174128171 11.028931071246172 -0.03161966706991933 0.005120749320459031
-813.9921348550124 11.031254464195412 -0.03146449921439221 0.00509558837397231
-804.3017522972077 11.033542944888662 -0.03131088533240024 0.005070679651458782
-794.611369739403 11.035797416228542 -0.031158801825909976 0.005046019318887517
-784.9209871815983 11.038018748082926 -0.03100822557718416 0.005021603620309017
-775.2306046237936 11.040207778623058 -0.030859133936534475 0.004997428875865664
-765.5402220661053 11.042365315612578 -0.030711504710451188 0.004973491479863176
-755.8498395083006 11.044492137648733 -0.030565316150085845 0.004949787898899245
-746.159456950496 11.046588995356428 -0.030420546940100556 0.004926314670051557
-736.4690743926913 11.048656612536686 -0.030277176187836083 0.004903068399117452
-726.7786918348866 11.050695687270371 -0.030135183412813595 0.0048800457589076775
-717.0883092770819 11.052706892978465 -0.029994548536547906 0.004857243487590615
-707.3979267192772 11.054690879440118 -0.029855251872663063 0.004834658387085565
-697.7075441614725 11.056648273769685 -0.029717274117299953 0.004812287321503354
-688.0171616036678 11.058579681354024 -0.029589567804045418 0.004791353819895278
-678.3267790458631 11.060485686751308 -0.02945404928297908 0.004769384942310705
-668.6363964880584 11.06236685455262 -0.02931979724402473 0.004747621499663897
-658.9460139302537 11.064223730207589 -0.02918679369245921 0.004726060572242352
-649.255631372449 11.066056840815296 -0.029148458902634244 0.004709776365150815
-639.5652488146443 11.067866695881783 -0.029016634855852604 0.004688543203891854
-629.8748662568396 11.069653788045235 -0.028886041138318688 0.004667505965080072
-620.1844836990349 11.0714185937702 -0.028756659751213758 0.004646661872318742
-610.4941011412302 11.073161574011937 -0.028628473078273528 0.004626008203748582
-600.8037185834255 11.074883174852081 -0.02853825445382261 0.004607328609654597
-591.1133360256208 11.076583828106752 -0.028411903742265297 0.004587023456540094
-581.4229534679325 11.078263951908193 -0.028286710594393506 0.004566901531441054
-571.7325709101278 11.079923951261156 -0.028189606790987642 0.004548418872181192
-562.0421883523231 11.08156421857473 -0.02807795880953913 0.004529100976964512
-552.3518057945184 11.08318513417107 -0.027955627529323308 0.004509488176488414
-542.6614232367137 11.084787066771684 -0.027834402474165625 0.0044900493920803355
-532.971040678909 11.08637037396236 -0.027714267735535335 0.004470782242564089
-523.2806581211044 11.087935402637616 -0.027595207746312463 0.004451684392372594
-513.5902755632997 11.08948248942556 -0.02747720726970296 0.0044327535503426805
-503.89989300549496 11.091011961094024 -0.027360251388697184 0.004413987468555355
-494.20951044769026 11.092524134938765 -0.027281494641493948 0.0043964459894422665
-484.51912788988557 11.094019319154564 -0.027166079850399746 0.004377988434267844
-474.82874533208087 11.095497813189924 -0.027055148888243723 0.004359807160132373
-465.1383627742762 11.096959908086161 -0.026941703335449985 0.004341663217345987
-455.4479802164715 11.09840588680152 -0.02682924597584182 0.004323673804893227
-445.7575976586668 11.099836024521048 -0.02671776308479984 0.004305836896783135
-436.0672151008621 11.101250588952812 -0.026607241223210176 0.004288150504022955
-426.3768325430574 11.102649840611127 -0.026497667228461426 0.004270612673696689
-416.6864499852527 11.104034033087324 -0.02638902820586932 0.004253221488075826
-406.996067427448 11.105403413308704 -0.026281311520500762 0.004235975063760674
-397.3056848697597 11.106758221786118 -0.02617450478937253 0.004218871550850958
-387.615302311955 11.108098692850826 -0.026068595873993284 0.004201909132143084
-377.9249197541503 11.109425054880905 -0.02596357287324599 0.0041850860223558006
-368.2345371963456 11.11073753051795 -0.025859424116565156 0.004168400467378953
-358.54415463854093 11.112036336874324 -0.025756138157409517 0.004151850743547247
-348.85377208073623 11.113321685731455 -0.02565370376700509 0.00413543515693674
-339.16338952293154 11.114593783729585 -0.025646304098851862 0.004119152042683218
-329.47300696512684 11.115852832549358 -0.0255442653109628 0.004102999764321555
-319.78262440732215 11.117099029085628 -0.025443079692339537 0.004086976713145137
-310.09224184951745 11.118332565613857 -0.025365196266833576 0.0040710813075845245
-300.40185929171275 11.119553629949404 -0.025265375510619487 0.004055311992604549
-290.71147673390806 11.120762405600042 -0.02517379618700503 0.00403983843988652
-281.02109417610336 11.121959071912082 -0.025074811785201028 0.004024346233516559
-271.33071161829866 11.123143804210269 -0.02498621436027489 0.004008943426587431
-261.64032906049397 11.124316773931879 -0.02488942836331249 0.00399366081515478
-251.94994650268927 11.12547814875514 -0.024793430828568056 0.003978496965619772
-242.25956394488458 11.126628092722365 -0.02469821115610771 0.003963450467792451
-232.56918138707988 11.127766766357935 -0.024603758974087498 0.003948519934390034
-222.87879882927518 11.128894326781454 -0.02453837273180804 0.0039337040005494005
-213.1884162715869 11.130010927816214 -0.024477045001695764 0.0039190013233533685
-203.4980337137822 11.131116720093273 -0.024384028969071627 0.00390441058136921
-193.8076511559775 11.13221185115123 -0.024291762474899517 0.003889930474201549
-184.1172685981728 11.133296465532002 -0.02420023533479422 0.0038755597220556386
-174.42688604036812 11.134370704872758 -0.02410943759398193 0.0038612970653132336
-164.73650348256342 11.135434707994115 -0.024019359518690837 0.003847141264119607
-155.04612092475872 11.136488610984838 -0.02416324423926486 0.0038330910979814388
-145.35573836695403 11.137532547283199 -0.024071390098623004 0.0038191453653752235
-135.66535580914933 11.138566647755095 -0.02446713091525621 0.003805302883365847
-125.97497325134464 11.139591040769119 -0.02437020343275701 0.0037915624872349664
-116.28459069353994 11.140605852268687 -0.024274206664070107 0.0037779230301188734
-106.59420813573524 11.141611205841377 -0.024179121922880204 0.0037643833826555154
-96.90382557793055 11.142607222785598 -0.024084931220863758 0.003750942432640418
-87.21344302012585 11.14359402217469 -0.024255865230396318 0.0037375990846911394
-77.52306046232115 11.14457172091859 -0.02415980827600389 0.0037243522599200744
-67.83267790451646 11.145540433823173 -0.02406469213506461 0.003711200895615267
-58.14229534671176 11.146500273647325 -0.023970497386448696 0.0036981439449290526
-48.451912788907066 11.147451351157953 -0.023877205339082126 0.00368518037657419
-38.76153023110237 11.148393775182862 -0.023827552139102155 0.0036736258503304526
-29.071147673297673 11.149327652661775 -0.02373543410166427 0.003660828211946163
-19.380765115609393 11.150253088695404 -0.023644182104776305 0.003648121427402147
-9.690382557804696 11.151170186592838 -0.023553779392134065 0.003635504506000865
0.0 8.592697500841554 -0.022468034251331807 0.02913682878158649
9.690382557804696 8.820306294879613 -0.022392823387872244 0.0287775731994498
19.380765115609393 8.96945626282919 -0.022318051735336884 0.02842770683042483
29.07114767341409 9.084741547843802 -0.022243719126356122 0.02808685944043904
38.761530231218785 9.18000253281519 -0.022169825116268072 0.027754680102544182
48.45191278902348 9.261702694286866 -0.022096369008467984 0.02743083595296565
58.14229534682818 9.333475240808708 -0.022023349877508307 0.027115011042137836
67.83267790463287 9.397599865477165 -0.02195076659016663 0.026806905272369237
77.52306046243757 9.455616292570733 -0.02187861782467531 0.026506233414610853
87.21344302024227 9.508621072947841 -0.021806902088286215 0.026212724197539373
96.90382557804696 9.557427062981665 -0.021735617733326502 0.025926119462824804
106.59420813585166 9.60265602898165 -0.021664762971884695 0.025646173381038487
116.28459069365636 9.64479573766368 -0.021594335889252702 0.025372651723182656
125.97497325146105 9.684236874364485 -0.021524334456236586 0.025105331183291075
135.66535580926575 9.721297867677363 -0.021454756540437582 0.024843998747971566
145.35573836707044 9.756242134413986 -0.02138559991659519 0.024588451109137936
155.04612092487514 9.789290393338218 -0.02131686227607495 0.024338494116518106
164.73650348256342 9.820629666822185 -0.021248541235576356 0.024093942266832816
174.42688604036812 9.850419995798614 -0.021180634345123805 0.023854618226793516
184.1172685981728 9.878799537576201 -0.021113139095414003 0.023620352387377006
193.8076511559775 9.905888495765161 -0.021046052924558786 0.023390982446955384
203.4980337137822 9.931792191088313 -0.02097937322428633 0.0231663530211647
213.1884162715869 9.956603489961891 -0.020913097345641143 0.02294631527751641
222.8787988293916 9.980404746158687 -0.020847222604225592 0.022730726592942577
232.5691813871963 10.003269368708153 -0.020956295572834793 0.022519450232612117
242.259563945001 10.025263099734104 -0.02088882844436056 0.022312355048492393
251.9499465028057 10.04644506496934 -0.020821818611011875 0.022109315196253997
261.6403290606104 10.066868644517578 -0.020755260720840007 0.021910209869229116
271.3307116184151 10.0865822002919 -0.02068914954202228 0.02171492304823675
281.0210941762198 10.105629688268957 -0.020623479957286372 0.021523343266181265
290.7114767340245 10.124051177461384 -0.020558246958752316 0.02133536338641622
300.40185929182917 10.141883292774574 -0.020493445643152555 0.021150880393943115
310.09224184963387 10.159159595289099 -0.02042907120739485 0.020969795198586043
319.78262440743856 10.175910910717997 -0.02036511894443676 0.020792012449348276
329.47300696524326 10.192165614626179 -0.020301584239443282 0.020617440359216258
339.16338952304795 10.207949881316717 -0.020238462566202695 0.020445990539731392
348.85377208073623 10.223287901974716 -0.020175749483778524 0.020277577844701838
358.54415463854093 10.238202076629465 -0.020113440633372875 0.02011212022245855
368.2345371963456 10.25457655140264 -0.020051531735394087 0.0199495385761444
377.9249197541503 10.275242588611325 -0.019990018586697206 0.01978975663149319
387.615302311955 10.29512938006256 -0.019928897057993597 0.019632700811662036
397.3056848697597 10.314288429634335 -0.019868163091411872 0.019478300118671018
406.9960674275644 10.332766332379391 -0.019807812698198594 0.0193264860210482
416.6864499853691 10.350605371450765 -0.019747841956547846 0.019177192347304382
426.3768325431738 10.367844028144065 -0.020147114322752256 0.019075552552215158
436.0672151009785 10.384517419596076 -0.020081616977678133 0.01893049213787447
445.7575976587832 10.400657675951296 -0.020016657173946528 0.018787783480895222
455.4479802165879 10.416294266639058 -0.019952224479153968 0.018647368223558527
465.1383627743926 10.4314542836682 -0.01988830887371602 0.018509189946471105
474.8287453321973 10.446162688452299 -0.02010732380792205 0.018394736301354474
484.519127890002 10.460442527557348 -0.020040579119866266 0.018260577582358477
494.2095104478067 10.474315121861034 -0.01997442644318213 0.01812850526791355
503.8998930056114 10.487800232883618 -0.019908853106836356 0.017998469616048045
513.5902755634161 10.500916209459318 -0.019843846959147638 0.017870422475091574
523.2806581212208 10.513680117433937 -0.019779396337248782 0.01774431722004778
532.971040678909 10.526107854675862 -0.01971549003877322 0.017620108692027923
542.6614232367137 10.538214253356603 -0.019659577342627556 0.01749793703544826
552.3518057945184 10.550013171173843 -0.019596626248563596 0.01737738956032924
562.0421883523231 10.561517572957289 -0.01953419110764247 0.017258611636100995
571.7325709101278 10.572739603888579 -0.02022346477353493 0.0172344196504188
581.4229534679325 10.583690655394092 -0.020151824706241224 0.01711780067188967
591.1133360257372 10.594381424617783 -0.020080946201463903 0.01700286910113435
600.8037185835419 10.604821968251235 -0.019993713438542282 0.016889587224467255
610.4941011413466 10.615021751386793 -0.01992453106619196 0.01677791847161851
620.1844836991513 10.624989691964522 -0.01985604792444121 0.01666782737160273
629.874866256956 10.634734201302706 -0.019788247128475822 0.016559279510686503
639.5652488147607 10.644263221133095 -0.019721112503146114 0.016452241492333517
649.2556313725654 10.653584257504434 -0.019654628542338858 0.016346680899014702
658.9460139303701 10.662704411868912 -0.022444655565148533 0.01694659613972362
668.6363964881748 10.671630409625703 -0.02234075893725555 0.01683436396536064
678.3267790459795 10.680368626361242 -0.02223850333539657 0.01672377219326203
688.0171616037842 10.688925111997273 -0.02213783471210114 0.016614781899840607
697.7075441615889 10.697305613033402 -0.022038701651013418 0.01650735549843337
707.3979267193936 10.705515593050254 -0.021941055203638548 0.016401456676652923
717.0883092771983 10.713560251622125 -0.021844848738215794 0.01629705033756227
726.7786918348866 10.721444541772588 -0.021746047886098352 0.016194102544383773
736.4690743926913 10.729173186094476 -0.02165264391104833 0.016092580468471167
746.159456950496 10.736750691642415 -0.02156055113856124 0.015992452340322375
755.8498395083006 10.744181363699255 -0.02146973095717082 0.01589368740338924
765.5402220661053 10.751469318505933 -0.021403294198348022 0.015796796534505074
775.23060462391 10.758618495038393 -0.021314595613568854 0.015700662201336833
784.9209871817147 10.765632665907455 -0.021227072076472 0.015605804640577807
794.6113697395194 10.772515447451358 -0.021140690913291866 0.015512196727352849
804.3017522973241 10.779270309084996 -0.02105542082468258 0.015419812154912754
813.9921348551288 10.785900581964585 -0.02095027978344853 0.01532862540161306
823.6825174129335 10.792409467021775 -0.02086742834056763 0.015238611699607326
833.3728999707382 10.798800042416845 -0.020785593935738773 0.015149747005144591
843.0632825285429 10.805075270456618 -0.020704750373396197 0.01506200797036877
852.7536650863476 10.81123800401908 -0.0206248724888364 0.01497537191652604
862.4440476441523 10.817290992523299 -0.02054593609564053 0.014889816808492886
872.134430201957 10.823236887480132 -0.020467917936327962 0.014805321230544314
881.8248127597617 10.829078247656375 -0.020390795636010654 0.01472186436328738
891.5151953175664 10.834817543882375 -0.02033476059047953 0.014639876435749035
901.2055778753711 10.840457163530735 -0.020259091658862603 0.014558430689692375
910.8959604330594 10.845999414691427 -0.02018426369222851 0.014477964723516312
920.5863429908641 10.851446530067076 -0.020110257143662935 0.014398459886965764
930.2767255486688 10.856800670608918 -0.02003705317051445 0.014319898026346015
939.9671081064735 10.862063928914523 -0.019964633601162865 0.014242261467126118
949.6574906642782 10.867238332404526 -0.01988713314682132 0.014165532997319421
959.3478732220829 10.872325846295409 -0.019816309838906757 0.014089695851593372
969.0382557798875 10.877328376383785 -0.019755365075744744 0.014014928310508408
978.7286383376922 10.882247771656326 -0.019685865117995617 0.013940822591821308
988.4190208954969 10.887085826738382 -0.019617069082212505 0.013867560502855421
