-1007.7997860111063 9.977538083990336 -7.924678266010206e-05 3.1664733184357605e-08
-998.1094034533016 9.977538083990336 -7.832177847678238e-05 3.1182146450948166e-08
-988.4190208954969 9.977538083990336 -7.742270133297514e-05 3.071404863638474e-08
-978.7286383376922 9.977538083990336 -7.654837379740008e-05 3.0259796880169884e-08
-969.0382557798875 9.977538083990336 -0.00011524056310218763 2.981878579826875e-08
-959.3478732220829 9.977538083990336 -0.00011339516334805381 2.9390444791716587e-08
-949.6574906642782 9.977538083990336 -0.00011162243445978401 2.8974235583276566e-08
-939.9671081064735 9.977538083990336 -0.00010991771527765247 2.8569649960947868e-08
-930.2767255486688 9.977538083990336 -0.00010827675594564109 2.8176207707852017e-08
-920.5863429908641 9.977538083990336 -0.00010669567219279669 2.779345470057711e-08
-910.8959604331758 9.977538083990336 -0.00011798157286283243 2.7420961160812777e-08
-901.2055778753711 9.977538083990336 -0.00011618327313081624 2.705832004539511e-08
-891.5151953175664 9.977538083990336 -0.00011445125542608053 2.67051455626612e-08
-881.8248127597617 9.977538083990336 -0.00011278156743655729 2.636107180334187e-08
-872.134430201957 9.977538083990336 -0.00011117058045131883 2.602575147608763e-08
-862.4440476441523 9.977538083990336 -0.00010961495595482108 2.5698854738160547e-08
-852.7536650863476 9.977538083990336 -0.0001143269515304722 2.5380068113230062e-08
-843.0632825285429 9.977538083990336 -0.00011271396851259613 2.5069093488679616e-08
-833.3728999707382 9.977538083990336 -0.00011115573862617723 2.4765647185814215e-08
-823.6825174129335 9.977538083990336 -0.0001096492443168824 2.4469459096746442e-08
-813.9921348551288 9.977538083990336 -0.00012001331792825134 2.418027188232306e-08
-804.3017522973241 9.977538083990336 -0.00011829719018781153 2.3897840226674042e-08
-794.6113697395194 9.977538083990336 -0.00011664037491480163 2.3621930142924384e-08
-784.9209871817147 9.977538083990336 -0.00011503952166928083 2.3352318326792738e-08
-775.23060462391 9.977538083990336 -0.00011349154319788424 2.308879155377888e-08
-765.5402220661053 9.977538083990336 -0.00011199358903842925 2.2831146116776453e-08
-755.8498395083006 9.977538083990336 -0.00011054302233065253 2.257918730092025e-08
-746.159456950496 9.977538083990336 -0.00010913739937799123 2.233272889283374e-08
-736.4690743926913 9.977538083990336 -0.00010777445157889086 2.209159272164562e-08
-726.778691835003 9.977538083990336 -0.00010645206940641896 2.185560822944054e-08
-717.0883092771983 9.977538083990336 -0.00010516828816449404 2.162461206893296e-08
-707.3979267193936 9.977538083990336 -0.00010392127529043008 2.1398447726408753e-08
-697.7075441615889 9.977538083990336 -0.00010270931900706199 2.1176965168077807e-08
-688.0171616037842 9.977538083990336 -0.00013434969475590127 2.096002050815715e-08
-678.3267790459795 9.977538083990336 -0.00013235634149145063 2.0747475697160896e-08
-668.6363964881748 9.977538083990336 -0.00013043613790123833 2.053919822891396e-08
-658.9460139303701 9.977538083990336 -0.0001285846277052596 2.0335060865153085e-08
-649.2556313725654 9.977538083990336 -0.00012679773418649082 2.013494137624572e-08
-639.5652488147607 9.977538083990336 -0.00012507171900142048 1.9938722297196112e-08
-629.874866256956 9.977538083990336 -0.0001234031463705259 1.974629069766279e-08
-620.1844836991513 9.977538083990336 -0.00012178885183401689 1.9557537965290463e-08
-610.4941011413466 9.977538083990336 -0.00012022591489751393 1.937235960126238e-08
-600.8037185835419 9.977538083990336 -0.00011871163500526249 1.9190655027349138e-08
-591.1133360257372 9.977538083990336 -0.00011724351037046655 1.9012327403814997e-08
-581.4229534679325 9.977538083990336 -0.00011581921926761261 1.8837283457281413e-08
-571.7325709101278 9.977538083990336 -0.00011443660345355668 1.866543331800766e-08
-562.0421883523231 9.977538083990336 -0.00011309365343527686 1.849669036616838e-08
-552.3518057945184 9.977538083990336 -0.00011178849534459299 1.8330971086131023e-08
-542.6614232367137 9.977538083990336 -0.00011051937921547111 1.8168194928684693e-08
-532.9710406790255 9.977538083990336 -0.00010928466848906294 1.8008284180508047e-08
-523.2806581212208 9.977538083990336 -0.0001080828305963001 1.785116384044632e-08
-513.5902755634161 9.977538083990336 -0.00010691242848903312 1.7696761502214215e-08
-503.8998930056114 9.977538083990336 -0.00010577211300781567 1.7545007243096727e-08
-494.2095104478067 9.977538083990336 -0.00010466061598989897 1.73958335184679e-08
-484.519127890002 9.977538083990336 -0.00010357674403340148 1.7249175061451784e-08
-474.8287453321973 9.977538083990336 -0.00010251937284456784 1.710496878773723e-08
-465.1383627743926 9.977538083990336 -0.00010148744210429698 1.6963153705136062e-08
-455.4479802165879 9.977538083990336 -0.00010047995079808233 1.6823670827507114e-08
-445.7575976587832 9.977538083990336 -9.949595296036051e-05 1.6686463093030618e-08
-436.0672151009785 9.977538083990336 -9.853455379017595e-05 1.655147528629859e-08
-426.3768325431738 9.977538083990336 -0.00011484714317835821 1.641865396425414e-08
-416.6864499853691 9.977538083990336 -0.00013340445285005942 1.6287947385662197e-08
-406.9960674275644 9.977538083990336 -0.00013156744031797557 1.6159305443921888e-08
-397.3056848697597 9.977538083990336 -0.00012979666306805102 1.6032679602937893e-08
-387.615302311955 9.977538083990336 -0.00037059993635261924 1.5908022836165074e-08
-377.9249197541503 9.977538083990336 -0.00036270844743877375 1.57852895683113e-08
-368.2345371963456 9.977538083990336 -0.0003551851198282369 1.5664435619793394e-08
-358.54415463854093 9.977538083990336 -0.0003480038180204385 1.5545418153756407e-08
-348.85377208085265 9.977538083990336 -0.00034114085786446363 1.5428195625385257e-08
-339.16338952304795 9.977538083990336 -0.0015677410771503858 1.5312727733597708e-08
-329.47300696524326 9.977538083990336 -0.001529994394450125 1.519897537482056e-08
-319.78262440743856 9.977538083990336 -0.0019479147786596758 1.508690059889554e-08
-310.09224184963387 9.977538083990336 -0.0019020435637110624 1.4976466566783816e-08
-300.40185929182917 9.977538083990336 -0.0018583307435617428 1.4867637510233643e-08
-290.7114767340245 9.977538083990336 -0.0018166263185188586 1.4760378693192482e-08
-281.0210941762198 9.977538083990336 -0.0017767939250276663 1.465465637479115e-08
-271.3307116184151 9.977538083990336 -0.0017387093169229147 1.4550437773944638e-08
-261.6403290606104 9.977538083990336 -0.001702259045597726 1.4447691035517242e-08
-251.9499465028057 9.977538083990336 -0.001676900918840555 1.4346385197835229e-08
-242.259563945001 9.977538083990336 -0.0016431680681485733 1.4246490161593466e-08
-232.5691813871963 9.977538083990336 -0.0019363058977955765 9.049404935140507e-05
-222.8787988293916 9.977538083990336 -0.00189677138483907 8.814754520611452e-05
-213.1884162715869 9.977538083990336 -0.0020335930319283777 8.591966448453216e-05
-203.4980337137822 9.977538083990336 -0.001992770015529807 8.380163356156338e-05
-193.8076511559775 9.977538083984465 -0.007926348644856538 0.0034743817715629233
-184.1172685981728 9.977538083982244 -0.007737063680388913 0.0033863051500447636
-174.42688604036812 9.97753808397917 -0.0075567563274408795 0.0033025842066684115
-164.73650348267984 9.977538083974961 -0.0073847962995126646 0.00322290359949298
-155.04612092487514 9.977538083969254 -0.00722061137033489 0.0031469777122962684
-145.35573836707044 9.977538083961562 -0.007063680805380783 0.003074547232307216
-135.66535580926575 9.977538083951268 -0.006913529668654937 0.0030053761901237324
-125.97497325146105 9.97753808393757 -0.0067697238712937985 0.002939249390603267
-116.28459069365636 9.977538083919457 -0.0066318658512897035 0.0028759701757682912
-106.59420813585166 9.977538083895642 -0.006499590792181603 0.0028153584707210355
-96.90382557804696 9.977538083864506 -0.006372563303651049 0.0027572490716574563
-87.21344302024227 9.977538083824031 -0.006250474499328453 0.0027014901416926055
-77.52306046243757 9.977538083771694 -0.006133039417288885 0.002647941885649579
-67.83267790463287 9.977538083704383 -0.0060199947371226805 0.0025964753794521793
-58.14229534682818 9.97753808361826 -0.006008668455079052 0.0025469715334787446
-48.45191278902348 9.977538083508621 -0.005901213093668651 0.0024993201723257606
-38.761530231218785 9.977538083369739 -0.005797591625961567 0.0024534192160097596
-29.07114767341409 9.97753808319466 -0.005697600243176075 0.002409173949796941
-19.380765115609393 9.977538082974986 -0.0056010494668326544 0.00236649637166629
-9.690382557804696 9.977538082700631 -0.005507762899670807 0.0023253046079434953
0.0 9.97753808235952 -0.005412607134258632 0.0022856174861740353
9.690382557804696 6.906687635154218 -0.024338427224996535 0.040574863411174576
19.380765115492977 7.051006357305217 -0.02376979322416924 0.039561364881842476
29.071147673297673 7.159037732519309 -0.02322788316583268 0.03859758076106786
38.76153023110237 7.247597684705214 -0.02271257949650902 0.03768007829814209
48.451912788907066 7.323551753531904 -0.029572936605721085 0.03680530125107442
58.14229534671176 7.390505651116683 -0.028940234461513854 0.035970457152635034
67.83267790451646 7.4506302676580045 -0.028308447971662536 0.035172862078885626
77.52306046232115 7.505351931539715 -0.02770431366691284 0.03441006797005204
87.21344302012585 7.555666803717111 -0.02712602633935009 0.03367983723363764
96.90382557793055 7.602302828091095 -0.026571936260593124 0.03298012056364186
106.59420813573524 7.645810868245598 -0.02604053266866491 0.03230903751019813
116.28459069353994 7.6866195464697 -0.02553042932730821 0.03166485940948572
125.97497325134464 7.725070025036628 -0.02504035185924353 0.031045994345795396
135.66535580914933 7.76143902463429 -0.024569126603175378 0.030450973868772213
145.35573836695403 7.795954602834414 -0.0241156707840171 0.02987844123120245
155.04612092475872 7.828807293973549 -0.02367898381851258 0.029327140947906675
164.73650348256342 7.860158174729891 -0.02325813960551845 0.028795909505663596
174.42688604036812 7.8901448321979535 -0.02285227967272852 0.02828366707867461
184.1172685981728 7.918885864498244 -0.022460607070416062 0.02778941012473576
193.8076511559775 7.946484331896057 -0.022082380918511054 0.027312204754696756
203.4980337136658 7.973030442650342 -0.02171691152656721 0.026851180782518712
213.1884162714705 7.998603671133268 -0.02143431427537622 0.02640552637569618
222.87879882927518 8.023274448208069 -0.02109064050892693 0.025974483236553856
232.56918138707988 8.047105524830101 -0.02075801245596599 0.02555734225380357
242.25956394488458 8.07015308283145 -0.02043589877494151 0.02515343957170225
251.94994650268927 8.092467647860259 -0.02012380204055066 0.024762153030691483
261.64032906049397 8.114094845861883 -0.019821256054208414 0.024382898939164836
271.33071161829866 8.135076034638088 -0.01952782340877762 0.02401512914094147
281.02109417610336 8.155448834775685 -0.019243093279688452 0.023658328347292513
290.71147673390806 8.175247578849818 -0.01896667941804957 0.02331201170606442
300.40185929171275 8.194503693749429 -0.01869821832434221 0.022975722583654434
310.09224184951745 8.213246027889047 -0.018437367583866677 0.022649030538388255
319.78262440732215 8.231501132702878 -0.018295760892223373 0.02233152946628611
329.47300696512684 8.249293505982342 -0.01804632945911801 0.02202283590233414
339.16338952293154 8.266645803184607 -0.01782090695125348 0.021722587462242322
348.85377208073623 8.283579021710674 -0.017584422124151008 0.02143044141130657
358.54415463854093 8.30011266225582 -0.017354247382285082 0.021146073348431115
368.2345371963456 8.31626487061971 -0.01713012894178522 0.02086917599463357
377.9249197541503 8.332052562787949 -0.016911826724449287 0.02059945807647263
387.615302311955 8.347491535631436 -0.016699113421424782 0.020336643295825917
397.3056848696433 8.36259656519071 -0.01649177363514846 0.020080469378322346
406.996067427448 8.3773814942038 -0.016289603091678647 0.019830687193487507
416.6864499852527 8.391859310277134 -0.016092407916541145 0.019587059940412772
426.3768325430574 8.406042215894725 -0.015900003967926315 0.019349362393263857
436.0672151008621 8.419941691279282 -0.01571221622185649 0.01911738020159764
445.7575976586668 8.433568550976654 -0.015528878204492422 0.018890909240877825
455.4479802164715 8.446932994911334 -0.015349831467289344 0.018669755009036282
465.1383627742762 8.47186895504388 -0.015174925101168238 0.018453732065312888
474.82874533208087 8.496389895295932 -0.015004015286269263 0.01824266350795491
484.51912788988557 8.520070037662265 -0.014836964874206637 0.018036380487669704
494.20951044769026 8.542963299677941 -0.0146736430000552 0.017834721754005186
503.89989300549496 8.56511851713841 -0.01451392472157303 0.017637533232085053
513.5902755632997 8.58658006401848 -0.014357690683408161 0.017444667627353135
523.2806581211044 8.607388379683773 -0.014204826804253128 0.01725598405618636
532.971040678909 8.627580419756487 -0.01405522398510328 0.017071347700420677
542.6614232367137 8.647190043692769 -0.01390877783694639 0.01689062948400177
552.3518057945184 8.666248349570758 -0.013765388426364095 0.01671370577012362
562.0421883523231 8.68478396459122 -0.013624960037662882 0.01654045807735492
571.7325709101278 8.702823298221034 -0.013487400950275511 0.016370772813377857
581.4229534678161 8.720390763663746 -0.013352623230285627 0.016204541025078335
591.1133360256208 8.73750897234842 -0.013220542535016882 0.016041658163815455
600.8037185834255 8.7541989053244 -0.013091077929751107 0.015882023864833016
610.4941011412302 8.770480064810945 -0.012964151715664748 0.015725541739790936
620.1844836990349 8.78637060861794 -0.012839689268202503 0.015572119181541633
629.8748662568396 8.801887469728607 -0.012717618885139453 0.015421667180305307
639.5652488146443 8.81704646298066 -0.012597871643654305 0.015274100150475955
649.255631372449 8.831862380490614 -0.01248038126578946 0.015129335767347384
658.9460139302537 8.84634907722399 -0.012365083991723137 0.01498729481310201
668.6363964880584 8.860519547912066 -0.01225191846032391 0.014847901031454612
678.3267790458631 8.874385996346968 -0.012140825596499238 0.014711080990388547
688.0171616036678 8.887959897944539 -0.012031748504886966 0.014576763952463111
697.7075441614725 8.901252056344587 -0.011924632369473196 0.01444488175220897
707.3979267192772 8.914272654716298 -0.011819424358751105 0.01431536868016349
717.0883092770819 8.927031302350354 -0.011716073536064006 0.014188161373129787
726.7786918348866 8.939537077045326 -0.011614530774802323 0.014063198710273095
736.4690743926913 8.951798563732842 -0.011514748678148003 0.013940421714694982
746.159456950496 8.963823889731852 -0.01141668150308224 0.013819773460151319
755.8498395083006 8.97562075697546 -0.011320285088392492 0.013701198982602738
765.5402220659889 8.9871964715134 -0.011225516786434709 0.013584645196309331
775.2306046237936 8.998557970559117 -0.011132335398415877 0.01347006081419096
784.9209871815983 9.009711847317208 -0.011040701113001618 0.013357396272222407
794.611369739403 9.020664373805223 -0.010950575448028547 0.013246603657600291
804.3017522972077 9.031421521856007 -0.010861921195154134 0.013137636640483232
813.9921348550124 9.041988982469231 -0.010774702367265576 0.01303045040909195
823.6825174128171 9.052372183662163 -0.010688884148488492 0.01292500160797897
833.3728999706218 9.062576306954183 -0.010604432846645797 0.012821248279288627
843.0632825284265 9.072606302605704 -0.010521315848026928 0.012719149806839738
852.7536650862312 9.082466903720086 -0.010439501574336704 0.012618666862873676
862.4440476440359 9.092162639306201 -0.010358959441701555 0.012519761357320835
872.1344302018406 9.10169784638991 -0.010279659821618653 0.012422396389447485
881.8248127596453 9.111076681253994 -0.01020157400374076 0.012326536201753589
891.51519531745 9.120303129878709 -0.010124674160396332 0.012232146136000266
901.2055778752547 9.129381017648234 -0.010048933312750771 0.01213919259125286
910.8959604330594 9.138314018382248 -0.00997432529852038 0.012047642983832632
920.5863429908641 9.147105662746572 -0.009900824741156163 0.011957465709076465
930.2767255486688 9.155759346091772 -0.009828407020419618 0.011868630104809944
939.9671081064735 9.164278335764422 -0.009757048244277287 0.011781106416444965
949.6574906641617 9.172665777931632 -0.009686725222046154 0.011694865763619056
959.3478732219664 9.18092470395658 -0.009617415438720186 0.011609880108291474
969.0382557797711 9.189058036357563 -0.009549097030429722 0.011526122224237392
978.7286383375758 9.19706859438364 -0.009481748760959568 0.011443565667849325
988.4190208953805 9.204959099233879 -0.009415349999284452 0.011362184750195594
998.1094034531852 9.212732178946911 -0.009349880698065931 0.011281954510267266
