-1007.7997860109899 8.981855752170846 -0.0007895524330010872 0.0
-998.1094034531852 8.981855752170846 -0.0007854653259081593 0.0
-988.4190208954969 8.981855752170846 -0.0007814204839900826 0.0
-978.7286383376922 8.981855752170846 -0.0007774172522693963 0.0
-969.0382557798875 8.981855752170846 -0.0007734549892926162 0.0
-959.3478732220829 8.981855752170846 -0.0007695330667811442 0.0
-949.6574906642782 8.981855752170846 -0.0007656508692932163 0.0
-939.9671081064735 8.981855752170846 -0.000761807793896216 0.0
-930.2767255486688 8.981855752170846 -0.000758003249849023 0.0
-920.5863429908641 8.981855752170846 -0.0007542366582940372 0.0
-910.8959604330594 8.981855752170846 -0.0007505074519585387 0.0
-901.2055778752547 8.981855752170846 -0.0007468150748650511 0.0
-891.51519531745 8.981855752170846 -0.0007431589820503898 0.0
-881.8248127596453 8.981855752170846 -0.000739538639293094 0.0
-872.1344302018406 8.981855752170846 -0.0007359535228489508 0.0
-862.4440476440359 8.981855752170846 -0.0007324031191943273 0.0
-852.7536650862312 8.981855752170846 -0.0007288869247770483 0.0
-843.0632825284265 8.981855752170846 -0.0007254044457745544 0.0
-833.3728999706218 8.981855752170846 -0.0007219551978590951 0.0
-823.6825174128171 8.981855752170846 -0.0007185387059697195 0.0
-813.9921348550124 8.981855752170846 -0.0007151545040908332 0.0
-804.3017522972077 8.981855752170846 -0.0007118021350371007 0.0
-794.6113697395194 8.981855752170846 -0.0007084811502445225 0.0
-784.9209871817147 8.981855752170846 -0.0007051911095672422 0.0
-775.23060462391 8.981855752170846 -0.0007019315810804882 0.0
-765.5402220661053 8.981855752170846 -0.0006987021408886584 0.0
-755.8498395083006 8.981855752170846 -0.0006955023729389697 0.0
-746.159456950496 8.981855752170846 -0.000692331868840256 0.0
-736.4690743926913 8.981855752170846 -0.0006891902276867844 0.0
-726.7786918348866 8.981855752170846 -0.0006860770558869315 0.0
-717.0883092770819 8.981855752170846 -0.0006829919669965604 0.0
-707.3979267192772 8.981855752170846 -0.0006799345815569472 0.0
-697.7075441614725 8.981855752170846 -0.0006769045269371158 0.0
-688.0171616036678 8.981855752170846 -0.0006739014371804394 0.0
-678.3267790458631 8.981855752170846 -0.0006709249528553719 0.0
-668.6363964880584 8.981855752170846 -0.0006679747209101838 0.0
-658.9460139302537 8.981855752170846 -0.0006650503945315732 0.0
-649.255631372449 8.981855752170846 -0.0006621516330070352 0.0
-639.5652488146443 8.981855752170846 -0.0006592781015908693 0.0
-629.8748662568396 8.981855752170846 -0.0006564294713737163 0.0
-620.1844836990349 8.981855752170846 -0.0006536054191555153 0.0
-610.4941011413466 8.981855752170846 -0.0006508056273218063 0.0
-600.8037185835419 8.981855752170846 -0.0006480297837230825 0.0
-591.1133360257372 8.981855752170846 -0.0006452775815575945 0.0
-581.4229534679325 8.981855752170846 -0.0006425487192568407 0.0
-571.7325709101278 8.981855752170846 -0.000639842900374158 0.0
-562.0421883523231 8.981855752170846 -0.0006371598334761246 0.0
-552.3518057945184 8.981855752170846 -0.0006344992320367222 0.0
-542.6614232367137 8.981855752170846 -0.0006318608143341761 0.0
-532.971040678909 8.981855752170846 -0.0006292443033503948 0.0
-523.2806581211044 8.981855752170846 -0.0006266494266729329 0.0
-513.5902755632997 8.981855752170846 -0.0006240759163994023 0.0
-503.89989300549496 8.981855752170846 -0.0006215235090442623 0.0
-494.20951044769026 8.981855752170846 -0.0006189919454479173 0.0
-484.51912788988557 8.981855752170846 -0.0006164809706880584 0.0
-474.82874533208087 8.981855752170846 -0.0006139903339931813 0.0
-465.1383627742762 8.981855752170846 -0.0006115197886582196 0.0
-455.4479802164715 8.981855752170846 -0.0006090690919622351 0.0
-445.7575976586668 8.981855752170846 -0.0006066380050881027 0.0
-436.0672151008621 8.981855752170846 -0.0006042262930441368 0.0
-426.3768325431738 8.981855752170846 -0.0006018337245876323 0.0
-416.6864499853691 8.981855752170846 -0.0005994600721500932 0.0
-406.9960674275644 8.981855752170846 -0.0005971051117645339 0.0
-397.3056848697597 8.981855752170846 -0.0005947686229942194 0.0
-387.615302311955 8.981855752170846 -0.0005924503888632398 0.0
-377.9249197541503 8.981855752170846 -0.0005901501957886884 0.0
-368.2345371963456 8.981855752170846 -0.0005878678335144359 0.0
-358.54415463854093 8.981855752170846 -0.0005856030950464524 0.0
-348.85377208073623 8.981855752170846 -0.0005833557765896357 0.0
-339.16338952293154 8.981855752170846 -0.0005811256774861078 0.0
-329.47300696512684 8.981855752170846 -0.0005887667277181542 0.0
-319.78262440732215 8.981855752170846 -0.0005864976879050808 0.0
-310.09224184951745 8.981855752170846 -0.0005842463511683075 0.0
-300.40185929171275 8.981855752170846 -0.0005820125054988464 0.0
-290.71147673390806 8.981855752170846 -0.0005797959424108857 0.0
-281.02109417610336 8.981855752170846 -0.0005775964568639142 0.0
-271.33071161829866 8.981855752170846 -0.0005754138471870963 0.0
-261.64032906049397 8.981855752170846 -0.0005732479150058058 0.0
-251.94994650268927 8.981855752170846 -0.0005710984651702471 0.0
-242.259563945001 8.981855752170846 -0.0005689653056861071 0.0
-232.5691813871963 8.981855752170846 -0.000566848247647016 0.0
-222.8787988293916 8.981855752170846 -0.0005647471051691322 0.0
-213.1884162715869 8.981855752170846 -0.0005626616953272695 0.0
-203.4980337137822 8.981855752170846 -0.000560591838092893 0.0
-193.8076511559775 8.981855752170846 -0.0005585373562737652 0.0
-184.1172685981728 8.981855752170846 -0.0005564980754552128 0.0
-174.42688604036812 8.981855752170846 -0.0005544738239429594 0.0
-164.73650348256342 8.981855752170846 -0.0005524644327074679 0.0
-155.04612092475872 8.981855752170846 -0.0005504697353297464 0.0
-145.35573836695403 8.981855752170846 -0.0005484895679485661 0.0
-135.66535580914933 8.981855752170846 -0.0005465237692090452 0.0
-125.97497325134464 8.981855752170846 -0.0005445721802125547 0.0
-116.28459069353994 8.981855752170846 -0.0005426346444679039 0.0
-106.59420813573524 8.981855752170846 -0.0005407110078437612 0.0
-96.90382557793055 8.981855752170846 -0.0005388011185222763 0.0
-87.21344302012585 8.981855752170846 -0.0005369048269538604 0.0
-77.52306046232115 8.981855752170846 -0.000535021985813091 0.0
-67.83267790451646 8.981855752170846 -0.0005331524499557059 0.0
-58.14229534682818 8.981855752170846 -0.0005312960763766739 0.0
-48.45191278902348 8.981855752170846 -0.0005294527241691774 0.0
-38.761530231218785 8.981855752170846 -0.0005276222544848108 0.0
-29.07114767341409 8.981855752170846 -0.0005258045304945138 0.0
-19.380765115609393 8.981855752170846 -0.0005239994173505528 0.0
-9.690382557804696 8.981855752170846 -0.0005222067821493842 0.0
0.0 5.951551968555007 -0.03642912873751955 0.041772039357475164
9.690382557804696 6.154742958011741 -0.03616194100115116 0.041463280754710605
19.380765115609393 6.281541027134016 -0.035898660272204154 0.041159053048668626
29.07114767341409 6.3792973848008785 -0.03563920131538338 0.04085925723241536
38.761530231218785 6.460480744660396 -0.03538348135893755 0.040563797162759194
48.45191278902348 6.530614656894672 -0.035131420006258685 0.04027257945745318
58.14229534682818 6.592721153528426 -0.03493786871525138 0.039985513396793855
67.83267790463287 6.648665948278446 -0.03469248760568781 0.0397025108293988
77.52306046243757 6.699695986327102 -0.03445054325678186 0.039423486081957365
87.21344302024227 6.746693026491672 -0.03421196383225704 0.03914835587276022
96.90382557804696 6.790307524165519 -0.03397667948581081 0.03887703922882479
106.59420813585166 6.831035369188232 -0.033744622292653244 0.03860945740644299
116.28459069365636 6.869264723665912 -0.033515726183853296 0.038345533814987766
125.97497325146105 6.905306069418132 -0.03328992688335931 0.0380851939438233
135.66535580914933 6.939412280313131 -0.033104502072754935 0.037828365292175765
145.35573836695403 6.971792489088482 -0.03292504423214309 0.0375756253973918
155.04612092475872 7.002621942568216 -0.03270759657106889 0.0373256046007487
164.73650348256342 7.032049177770246 -0.0324930136797122 0.03707888899082099
174.42688604036812 7.060201358075596 -0.03228123920650299 0.036835413457854606
184.1172685981728 7.087188314735986 -0.032165870396563136 0.03659511459109202
193.8076511559775 7.113105657798495 -0.0319588577407479 0.03635793062371387
203.4980337137822 7.13803720543045 -0.03175450322349334 0.036123801379907436
213.1884162715869 7.162056905567676 -0.03157851460380193 0.035892668223967555
222.8787988293916 7.185230373700197 -0.03137913546907628 0.03566447401133899
232.5691813871963 7.207616136450123 -0.031182268164012546 0.03543916304151448
242.259563945001 7.229266646867263 -0.030987865423534714 0.03521668101270711
251.9499465028057 7.250229120600806 -0.03079588116227388 0.03499697497821941
261.6403290606104 7.285322728350354 -0.030606270437968607 0.03477999330443529
271.3307116184151 7.336801526113715 -0.030418989416220073 0.03456568563036541
281.0210941762198 7.384567186555083 -0.030233995336543574 0.034354002828678704
290.7114767340245 7.429117779217311 -0.030051246479661366 0.034144896968157305
300.40185929182917 7.470855867532866 -0.02987070213598411 0.03393832127751425
310.09224184963387 7.510111807865935 -0.029692322575230624 0.0337342301105166
319.78262440732215 7.54716024616925 -0.02951606901714069 0.03353257891236208
329.47300696512684 7.582232090391483 -0.0296991558400195 0.03333332418724238
339.16338952293154 7.615523387127942 -0.0295244173701784 0.033136423467079845
348.85377208073623 7.647202027084016 -0.02935173225695967 0.032941835281342154
358.54415463854093 7.677412894468735 -0.029181064416367163 0.032749519127925994
368.2345371963456 7.70628187960919 -0.029012378606716675 0.032559435445052465
377.9249197541503 7.733919046789641 -0.02884564040415595 0.032371545584135505
387.615302311955 7.76042116461403 -0.02868081617903507 0.03218581178358439
397.3056848697597 7.7858737486168526 -0.028517873073092902 0.032002197143502845
406.9960674275644 7.810352725964224 -0.028356778977426868 0.031820665601249486
416.6864499853691 7.833925803979587 -0.028197502511214705 0.03164118190782506
426.3768325431738 7.856653604107494 -0.02804001300115851 0.03146371160505462
436.0672151009785 7.878590608317697 -0.027884280461622397 0.03128822100353312
445.7575976587832 7.899785953696943 -0.03670421739811098 0.03747810919409815
455.4479802165879 7.92028410637398 -0.03648574878106947 0.037259563840565606
465.1383627743926 7.940125430007838 -0.03626991957821564 0.037043588261435494
474.8287453321973 7.959346675487987 -0.03605668125941233 0.03683013666734967
484.519127890002 7.977981399353057 -0.03584598650143634 0.036619164369800436
494.2095104478067 7.996060324886942 -0.03563778914993797 0.03641062774761379
503.89989300549496 8.01361165468661 -0.035477030995096595 0.03620448421467626
513.5902755632997 8.030661342246272 -0.03527336368121981 0.03600069218883643
523.2806581211044 8.047233328757516 -0.03507206679466639 0.035799211061966374
532.971040678909 8.063349750260706 -0.03487309839935628 0.035600001171084465
542.6614232367137 8.079031119412766 -0.034676417561494303 0.035403023770530694
552.3518057945184 8.094296485441621 -0.03448198431924296 0.035208241005134526
562.0421883523231 8.109163575285818 -0.03431269116052354 0.035015615884336694
571.7325709101278 8.123648918450595 -0.03412246814693825 0.03482511225722398
581.4229534679325 8.137767957726137 -0.03393438085586407 0.034636694788439566
591.1133360257372 8.151535147594315 -0.033748392877893434 0.034450328934932495
600.8037185835419 8.164964041884277 -0.03361100962110351 0.03426598092351172
610.4941011413466 8.178067372014738 -0.03342877097013144 0.03408361772917186
620.1844836991513 8.190857116973872 -0.033248532363644466 0.0339032070541595
629.874866256956 8.203344566030072 -0.0330702604902831 0.03372471730775003
639.5652488147607 8.21554037503326 -0.032893922787034305 0.03354811758670658
649.2556313725654 8.227454617052933 -0.03271948741797788 0.03337337765639412
658.9460139303701 8.239096828002305 -0.03254692325376492 0.033200467932522494
668.6363964881748 8.250476047815031 -0.0323761998517987 0.03302935946349401
678.3267790459795 8.261600857669917 -0.03220728743708981 0.03286002391333171
688.0171616036678 8.272479413697555 -0.03204015688376017 0.03269243354516806
697.7075441614725 8.283119477550928 -0.03187477969715863 0.03252656120526038
707.3979267192772 8.293528394746646 -0.03171112799659321 0.03236238030754242
717.0883092770819 8.30371321734604 -0.031549174498616696 0.03219986481865254
726.7786918348866 8.313680674456965 -0.032218690384683966 0.032038989243449736
736.4690743926913 8.323437181984296 -0.032053930733549535 0.03187972861098734
746.159456950496 8.332988871908855 -0.031890880559888556 0.03172205846092941
755.8498395083006 8.342341609060458 -0.031729512856074324 0.03156595483039331
765.5402220661053 8.35150100646799 -0.031569801192550435 0.031411394241202664
775.23060462391 8.360472439461997 -0.03141171970210255 0.03125835368753569
784.9209871817147 8.369261058688213 -0.0312552430646525 0.03110681062395447
794.6113697395194 8.377871802173539 -0.031100346492554363 0.030956742953801273
804.3017522973241 8.38630940656965 -0.03094700571637271 0.03080812901794875
813.9921348551288 8.394578417683153 -0.03079519697112428 0.03066094758389132
823.6825174129335 8.40268320038565 -0.030644896982965235 0.030515177835165434
833.3728999707382 8.410627947982347 -0.030496082956306837 0.030370799361087244
843.0632825285429 8.418416691103996 -0.03034873256134322 0.03022779214679635
852.7536650863476 8.42605330617442 -0.030202823921975566 0.030086136563594875
862.4440476441523 8.43354152349457 -0.030058335604117865 0.02994581335957173
872.134430201957 8.440884934974127 -0.029915246604369908 0.029806803650501933
881.8248127596453 8.448087001533404 -0.029773536339045514 0.029669088911013306
891.51519531745 8.45515106019166 -0.02963318463353286 0.02953265096600154
901.2055778752547 8.462080330850847 -0.02949417171199973 0.0293974719823095
910.8959604330594 8.46887792278246 -0.029356478187397735 0.02926353446062944
920.5863429908641 8.475546840819097 -0.029220085051779754 0.029130821227644817
930.2767255486688 8.482089991252291 -0.02908497366690903 0.028999315428393933
939.9671081064735 8.488510187436336 -0.028951125755151446 0.02886900051884967
949.6574906642782 8.494810155097763 -0.028818523390640654 0.028739860258708203
959.3478732220829 8.50099253735038 -0.028687148990706478 0.028611878704379503
969.0382557798875 8.507059899416578 -0.028556985307557365 0.028485040202173403
978.7286383376922 8.51301473305684 -0.028428015420207793 0.02835932938167437
988.4190208954969 8.518859460710594 -0.028508211622683 0.028234731149299284
998.1094034533016 8.524596439353289 -0.028708024029862042 0.028111230682031953
