-1007.7997860111063 8.88045878331998 -0.014815119724838038 0.015782167390134473
-998.1094034533016 8.880535358783586 -0.014764953465802538 0.0156909824758968
-988.4190208954969 8.880613647605246 -0.014715175766578192 0.015600925919431782
-978.7286383376922 8.880693339037506 -0.014665781258484965 0.015511976130790191
-969.0382557798875 8.880774120781657 -0.014616764689042753 0.015424112076515329
-959.3478732220829 8.88085567943954 -0.014711689435860893 0.015343864098774994
-949.6574906642782 8.880937700965807 -0.014662355440994765 0.01525806227502085
-939.9671081064735 8.881019871124588 -0.014629666954082878 0.01517428539398998
-930.2767255486688 8.881101875952757 -0.014580964892462705 0.015090510243139312
-920.5863429908641 8.881183402230826 -0.014532632690875682 0.015007724185266394
-910.8959604330594 8.881264137961631 -0.014484665368877951 0.014925909155333672
-901.2055778752547 8.881329654954033 -0.014437058050438868 0.014845047533158183
-891.51519531745 8.88114953988734 -0.014389805960899395 0.014765122129695489
-881.8248127596453 8.88089299651195 -0.014342904424043039 0.01468611617382965
-872.1344302018406 8.880548859809204 -0.014296348859274338 0.014608013299647702
-862.4440476441523 8.880106040998472 -0.014250134778900634 0.014530797534178947
-852.7536650863476 8.87955384825087 -0.014204257785509667 0.014454453285573684
-843.0632825285429 8.878882316010424 -0.014158713569446464 0.01437896533171681
-833.3728999707382 8.878082525752273 -0.01411349790637491 0.01430431880923978
-823.6825174129335 8.877146900594019 -0.01406860665492824 0.01423049920292798
-813.9921348551288 8.87606945729659 -0.014024035754441447 0.014157492335501783
-804.3017522973241 8.87484600184154 -0.014036332791365834 0.014085284357756763
-794.6113697395194 8.873474258729464 -0.01399197469174448 0.01401386173904856
-784.9209871817147 8.871953928979911 -0.013947931300288402 0.01394321125810813
-775.23060462391 8.87028667695745 -0.013919572738496092 0.01387331999417434
-765.5402220661053 8.868476050992848 -0.013876033558616994 0.013804175318430962
-755.8498395083006 8.866527346777445 -0.013855881957604784 0.013736528818517633
-746.159456950496 8.864447425311727 -0.013812110611512886 0.013668855695012992
-736.4690743926913 8.862244498627188 -0.013774901076184797 0.013601872109738226
-726.7786918348866 8.859927896625516 -0.013732358221507146 0.013535587438321145
-717.0883092770819 8.857507827408485 -0.013690108767301007 0.01346999039127182
-707.3979267192772 8.854995141720641 -0.013648149208159786 0.013405069925469137
-697.7075441614725 8.852401109936725 -0.013606476103151988 0.01334081523741612
-688.0171616036678 8.849737217707034 -0.013580688025460733 0.013277215756716509
-678.3267790459795 8.847014984169876 -0.01355358349859025 0.013214261139765097
-668.6363964881748 8.844245804712635 -0.013512532728695787 0.013151941263638956
-658.9460139303701 8.841440818697462 -0.013471758419531838 0.0130902462201934
-649.2556313725654 8.83861080138334 -0.013431257360359411 0.013029166310340002
-639.5652488147607 8.835766078454451 -0.013391026397730054 0.012968692038511021
-629.874866256956 8.83291646105245 -0.013351062434058229 0.012908814107298869
-620.1844836991513 8.830071198949817 -0.013401556010688303 0.012849523412264866
-610.4941011413466 8.827238949430406 -0.013361449971306144 0.01279081103691122
-600.8037185835419 8.824427759506627 -0.013379729909327112 0.012732668247809945
-591.1133360257372 8.821645059253566 -0.013339728131263131 0.01267508648988341
-581.4229534679325 8.818897664242298 -0.013299994291917732 0.012618057381830671
-571.7325709101278 8.816191785280234 -0.013260525262915842 0.012561572711694623
-562.0421883523231 8.813533043896372 -0.013221317972636822 0.012505624432564732
-552.3518057945184 8.81092649223112 -0.013231258672811028 0.012450204658410633
-542.6614232367137 8.808376636196083 -0.013192204731288936 0.012395305660041942
-532.971040678909 8.805887460955073 -0.013153408935975403 0.012340919861189755
-523.2806581211044 8.803462457941745 -0.013114868312568233 0.012287039834705712
-513.5902755632997 8.80110465277212 -0.013076579940067152 0.012233658298874343
-503.89989300549496 8.798816633532937 -0.013220617486774215 0.012190157382352447
-494.20951044769026 8.796600579030805 -0.013181486254710028 0.012137682507536286
-484.519127890002 8.794458286674974 -0.013142618361785876 0.012085686123442697
-474.8287453321973 8.792391199739502 -0.013104010662263691 0.012034161473433244
-465.1383627743926 8.790400433811996 -0.013154814254506141 0.011983101930064995
-455.4479802165879 8.788486802285274 -0.013116060267693706 0.011932500991980812
-445.7575976587832 8.786650840790301 -0.013077567012194187 0.011882352280892426
-436.0672151009785 8.784892830501699 -0.013039331359968417 0.011832649538649815
-426.3768325431738 8.783212820274324 -0.013001350242239237 0.0117833866243944
-416.6864499853691 8.781610647591268 -0.012963620647899533 0.011734557511793357
-406.9960674275644 8.780085958320884 -0.012926139621975748 0.011686156286352285
-397.3056848697597 8.778638225294191 -0.01288890426414453 0.0116381771428037
-387.615302311955 8.77726676572468 -0.012851911727300143 0.011590614382568849
-377.9249197541503 8.775970757500716 -0.012815159216170833 0.011543462411290414
-368.2345371963456 8.77474925438686 -0.01277864398598173 0.01149671573643376
-358.54415463854093 8.77360120017496 -0.012742363341162648 0.011450368964954705
-348.85377208073623 8.772525441828902 -0.012706314634098794 0.011404416801031334
-339.16338952293154 8.771520741668976 -0.012670495263922756 0.011358854043858132
-329.47300696512684 8.770585788642869 -0.012634902675345984 0.01131367558550023
-319.78262440732215 8.769719208730727 -0.012599534357528268 0.011268876408805917
-310.09224184951745 8.768919574531527 -0.012564387842983724 0.011224451585375586
-300.40185929182917 8.768185414077355 -0.012529460706522125 0.011180396273585877
-290.7114767340245 8.767515218921185 -0.012494750564221902 0.011136705716664051
-281.0210941762198 8.766907451542641 -0.012460255072439601 0.01109337524081896
-271.3307116184151 8.766360552114449 -0.012425971926846269 0.011050400253416429
-261.6403290606104 8.765872944671026 -0.012391898861495838 0.011007776241205386
-251.9499465028057 8.76544304271873 -0.01235803364792186 0.010965498768590116
-242.259563945001 8.765069254325573 -0.012324374094261951 0.010923563475947824
-232.5691813871963 8.764749986726429 -0.012283386812322217 0.010882431748653077
-222.8787988293916 8.764483650477894 -0.012250187859380271 0.01084116458790732
-213.1884162715869 8.764268663195192 -0.012217187383758241 0.010800227018523427
-203.4980337137822 8.764103452901733 -0.012184383349667373 0.010759614967695928
-193.8076511559775 8.763986461020169 -0.012151773753407308 0.010719324430843587
-184.1172685981728 8.763916145032129 -0.012119356622654827 0.010679351470169676
-174.42688604036812 8.76389098083215 -0.01208713001577321 0.010639692213258958
-164.73650348256342 8.763909464799754 -0.012055092021141182 0.010600342851709991
-155.04612092475872 8.763970115612116 -0.012023240756501165 0.010561299639802
-145.35573836695403 8.764071475818305 -0.011991574368325732 0.01052255889319505
-135.66535580914933 8.764212113194693 -0.011960091031201953 0.010484116987662755
-125.97497325134464 8.764390621899846 -0.011928788947232882 0.010445970357856427
-116.28459069365636 8.764605623445926 -0.011897666345456026 0.010408115496100243
-106.59420813585166 8.764855767502489 -0.011866721481275848 0.010370548951213891
-96.90382557804696 8.765139732547409 -0.011835952635915675 0.010333267327368577
-87.21344302024227 8.765456226378651 -0.011805358115880593 0.010296267282966488
-77.52306046243757 8.765803986499606 -0.011774936252436887 0.010259545529549767
-67.83267790463287 8.766181780389749 -0.011744685401104913 0.010223098830735515
-58.14229534682818 8.766588405671566 -0.011714603941165615 0.010186924001176366
-48.45191278902348 8.767022690183804 -0.01168469027518002 0.010151017905546213
-38.761530231218785 8.76748349197039 -0.018965735168540075 0.01011537745755005
-29.07114767341409 8.767969699193626 -0.018882065945321595 0.010079999618957492
-19.380765115609393 8.768480229979595 -0.018799354262477475 0.010044881398659234
-9.690382557804696 8.769014032203065 -0.018717581236820532 0.010010019851745763
0.0 8.769570083218678 -0.018636728509211622 0.009975412078607826
9.690382557804696 1.1431741363251877 -0.1735638401298904 0.05003536474530742
19.380765115609393 1.5629908600436568 -0.17234236347106258 0.049705758503005126
29.07114767341409 1.8820150555441684 -0.17113847108117558 0.04938072140102703
38.761530231218785 2.147511880846019 -0.169951782293182 0.049060156501014224
48.45191278902348 2.3782745049202854 -0.16878192738436407 0.04874396962300937
58.14229534682818 2.5840783240379404 -0.167628547185371 0.048432069247409795
67.83267790451646 2.770787744355447 -0.1664912927059179 0.0481243664210902
77.52306046232115 2.9422533554392247 -0.16539442904498533 0.047821670276271426
87.21344302012585 3.101167240593763 -0.16428823638957277 0.04752209889945711
96.90382557793055 3.249500780427419 -0.16319718270733694 0.04722647282767041
106.59420813573524 3.388750028036303 -0.1650064689055813 0.0469347125091251
116.28459069353994 3.520082974065068 -0.1639234906700594 0.046646740544855535
125.97497325134464 3.6444327983837796 -0.16285505284990384 0.046362481615895006
135.66535580914933 3.7625595281223543 -0.16122466527317933 0.04616996925518853
145.35573836695403 3.8750922851578533 -0.16018866872966897 0.045892270984033603
155.04612092475872 3.9825591125613666 -0.1591662927727014 0.04561808103194864
164.73650348256342 4.085408575140271 -0.15815726781615536 0.04534733152343342
174.42688604036812 4.184025750101355 -0.157161331367361 0.04507995634631534
184.1172685981728 4.278744293525076 -0.156178227794994 0.04481589109446038
193.8076511559775 4.369855700217084 -0.15613223105517632 0.044555073012711416
203.4980337137822 4.45761651656717 -0.15516724911112378 0.04429744094395338
213.1884162715869 4.542254034263199 -0.1542144715335027 0.04404293527820966
222.8787988293916 4.623970838922447 -0.1532736658277891 0.0437914979036792
232.5691813871963 4.702948483430592 -0.15234460539057143 0.043543072159628514
242.259563945001 4.779350483686584 -0.15142706932383146 0.043297602791056836
251.9499465028057 4.957561783466269 -0.1505208422562132 0.0430550359050569
261.64032906049397 5.1558138061814205 -0.1496018761796556 0.04281531892880055
271.33071161829866 5.336820434279731 -0.14871781735385403 0.04257840056906177
281.02109417610336 5.502935297070456 -0.14784445033053228 0.04234423077325403
290.71147673390806 5.6560539737153634 -0.14698158024252114 0.042112760691860415
300.40185929171275 5.797730236230816 -0.14620026232698038 0.04188633931325575
310.09224184951745 5.929256480614889 -0.1453572950213712 0.04166010907557191
319.78262440732215 6.051721081055942 -0.14452427552845845 0.04143643912530989
329.47300696512684 6.166050348779505 -0.14370102688218991 0.0412152850704133
339.16338952293154 6.273039910697243 -0.14288737630679335 0.04099660355358768
348.85377208073623 6.3733786277519275 -0.14205431905133517 0.04078320402474023
358.54415463854093 6.467667133428588 -0.14125957527702884 0.040569320452118404
368.2345371963456 6.55643241525228 -0.1404739320554743 0.04035778556592525
377.9249197541503 6.640139434320357 -0.13969723224753203 0.040148559849512606
387.615302311955 6.7192004927514315 -0.13892932232654565 0.03994160468032034
397.3056848697597 6.79398286461357 -0.1381700522749386 0.03973688230453795
406.9960674275644 6.864815070839061 -0.1374192754843471 0.03953435581262654
416.6864499853691 6.931992083076448 -0.13667684865914595 0.039333989115667475
426.3768325431738 6.995779672715145 -0.13600382351267246 0.03913767223360628
436.0672151009785 7.056418071167475 -0.13527722845265863 0.03894150583659161
445.7575976586668 7.114125070391843 -0.13455857903229942 0.03874739587441046
455.4479802164715 7.1690986648553885 -0.13384774416163478 0.03855530931500558
465.1383627742762 7.2215193150636905 -0.13314459563168377 0.03836521384013235
474.82874533208087 7.271551896684987 -0.13244900803554216 0.038177077826019354
484.51912788988557 7.319347386802738 -0.13173649765442416 0.037990870324668344
494.20951044769026 7.365044329113959 -0.1310558461244541 0.03780656104575568
503.89989300549496 7.408770112226847 -0.13040905098145236 0.03762490649040585
513.5902755632997 7.450642089136017 -0.12974248463720559 0.037444299542321896
523.2806581211044 7.490768561097774 -0.12908289199045417 0.03726550380392483
532.971040678909 7.529249645220104 -0.1284301629200335 0.03708849144406757
542.6614232367137 7.566178041916912 -0.1277841896220727 0.03691323520713537
552.3518057945184 7.601639715796445 -0.12714486654923296 0.036739708398124585
562.0421883523231 7.635714501439823 -0.1265120903518496 0.03656788486818563
571.7325709101278 7.668476643783245 -0.1258857598209085 0.03639773900061294
581.4229534679325 7.699995281374478 -0.12526577583279122 0.036229245697266196
591.1133360257372 7.730334879573245 -0.1246520412957247 0.03606238036540711
600.8037185835419 7.759555619760954 -0.12404446109787408 0.03589711890493714
610.4941011413466 7.787713749782122 -0.12344294205702086 0.03573343769602166
620.1844836991513 7.8148619001289115 -0.12284739287176949 0.03557131358708741
629.8748662568396 7.841049369778206 -0.12225772407423609 0.0354107238831815
639.5652488146443 7.866322385081582 -0.12167384798412419 0.035251646334668374
649.255631372449 7.890724334666203 -0.12109567866424549 0.03509405912628117
658.9460139302537 7.914295982942801 -0.1205231318772943 0.0349379408664775
668.6363964880584 7.937075664485905 -0.1199561250439377 0.034783270577117546
678.3267790458631 7.959099461282776 -0.11939457720213398 0.034630027683441984
688.0171616036678 7.980401364607448 -0.11883840896764501 0.03447819200434153
697.7075441614725 8.001013423070795 -0.11828754249570032 0.03432774374290825
707.3979267192772 8.020965878218796 -0.1177419014437754 0.034178663477258994
717.0883092770819 8.040287288895707 -0.11720141093544596 0.03403093215162194
726.7786918348866 8.05900464545309 -0.11666599752528185 0.033884531067677526
736.4690743926913 8.077143474767043 -0.11613558916474588 0.033739441876145006
746.159456950496 8.094727936921918 -0.11561011516906505 0.033595646568606995
755.8498395083006 8.111780914327444 -0.11508950618504032 0.03345312746956366
765.5402220661053 8.128324093955726 -0.11457369415976563 0.03331186722870942
775.23060462391 8.14437804331365 -0.11406261231022517 0.03317184881342476
784.9209871817147 8.159962280703457 -0.11355619509374108 0.03303305550147606
794.6113697395194 8.175095340268745 -0.11305437817924333 0.032895470873916914
804.3017522973241 8.189794832273844 -0.11255709841933549 0.03275907880818448
813.9921348550124 8.204077499020576 -0.11206429382313664 0.03262386347138591
823.6825174128171 8.21795926676859 -0.11157590352983922 0.03248980931375961
833.3728999706218 8.231455293987088 -0.11109186778304798 0.0323569010623295
843.0632825284265 8.244580016240727 -0.1106121279057582 0.03222512371471435
852.7536650862312 8.257347187978679 -0.11013662627604047 0.03209446253311124
862.4440476440359 8.26976992147451 -0.10966530630337533 0.03196490303843809
872.1344302018406 8.281860723141044 -0.10919811240562204 0.03183643100463193
881.8248127596453 8.293631527424488 -0.10873498998660337 0.03170903245309816
891.51519531745 8.305093728463941 -0.10827588541428569 0.031582693647306
901.2055778752547 8.316258209686282 -0.10782074599953727 0.03145740108752575
910.8959604330594 8.327135371491647 -0.1073695199754457 0.03133314150570348
920.5863429908641 8.337735157171446 -0.10692215647717891 0.03120990186046893
930.2767255486688 8.348067077189008 -0.1064786055223715 0.031087669332272735
939.9671081064735 8.358140231941878 -0.10603881799202151 0.030966431318648853
949.6574906642782 8.367963333115169 -0.10560274561188226 0.03084617542959864
959.3478732220829 8.37754472372627 -0.10517034093433353 0.030726889483092736
969.0382557798875 8.386892396953206 -0.10474155732071827 0.03060856150068753
978.7286383376922 8.396014013831518 -0.1043163489241312 0.030491179703252384
988.4190208954969 8.404916919897829 -0.10389467067264521 0.0303747325068049
998.1094034531852 8.413608160852053 -0.10347647825296828 0.03025920851845186
