-1007.7997860111063 11.154569259166403 -0.015926045054273738 0.006298798551586918
-998.1094034533016 11.154735995977463 -0.015861139940726042 0.006269265348265934
-988.4190208954969 11.154915116604826 -0.01579688052088856 0.006240043983180655
-978.7286383376922 11.155106229424208 -0.015733254279762462 0.006211128531853067
-969.0382557798875 11.15530895124731 -0.015670249126829048 0.006182513257752138
-959.3478732220829 11.155522907316284 -0.01560785337417855 0.0061541926032774325
-949.6574906642782 11.15574773127997 -0.015546055716131907 0.006126161181322466
-939.9671081064735 11.155983065153768 -0.015484845210232094 0.006098413767372183
-930.2767255486688 11.156228559264886 -0.015424211259493304 0.006070945292093158
-920.5863429908641 11.156483872184515 -0.015364143595806588 0.006043750834378806
-910.8959604330594 11.15674867064844 -0.01530463226441039 0.006016825614815226
-901.2055778752547 11.157022629467392 -0.015245667609342482 0.005990164989536351
-891.51519531745 11.157305431428409 -0.015187240259797471 0.005963764444439787
-881.8248127597617 11.157596767188334 -0.015129341117321636 0.005937619589737473
-872.134430201957 11.157896335160503 -0.015139849701409481 0.005914364316487372
-862.4440476441523 11.158203841395531 -0.015082055170294631 0.005888682178400588
-852.7536650863476 11.158518999457176 -0.015024787964897337 0.005863244224751952
-843.0632825285429 11.158841530293946 -0.01496803897151074 0.0058380464758855735
-833.3728999707382 11.159171162107292 -0.01491179934720927 0.0058130850554750715
-823.6825174129335 11.159507630216982 -0.014856060507559013 0.005788356186511456
-813.9921348551288 11.159850676924284 -0.014800814115079669 0.005763856187503949
-804.3017522973241 11.160200051373506 -0.014746052068401629 0.00573958146887955
-794.6113697395194 11.16055550941237 -0.014691766492066428 0.005715528529568366
-784.9209871817147 11.160916813451696 -0.014637949726923496 0.005691693953762554
-775.23060462391 11.161283732324774 -0.01458459432107995 0.005668074407837889
-765.5402220661053 11.161656041146806 -0.014603162465205011 0.005647178292565879
-755.8498395083006 11.162033521174711 -0.014549742386982907 0.005623945177829722
-746.159456950496 11.162415959667646 -0.014504628776039084 0.005601174026440019
-736.4690743926913 11.162803149748413 -0.014452025956046895 0.005578347157414857
-726.7786918348866 11.163194890266073 -0.01439987671091824 0.005555720714506823
-717.0883092770819 11.163590985659901 -0.014348173639816976 0.005533291764581141
-707.3979267192772 11.163991245824903 -0.014296909550658285 0.005511057440737664
-697.7075441614725 11.164395485979018 -0.014246077451023392 0.0054890149401057705
-688.0171616037842 11.164803526532172 -0.014195670539613254 0.00546716152174103
-678.3267790459795 11.165215192957294 -0.014145682198197757 0.00544549450461604
-668.6363964881748 11.165630315663346 -0.014096105984033455 0.005424011265703846
-658.9460139303701 11.166048729870539 -0.014046935622704562 0.005402709238143425
-649.2556313725654 11.16647027548772 -0.013998165001366114 0.005381585909486507
-639.5652488147607 11.166894796992048 -0.013949788162357729 0.005360638820019549
-629.874866256956 11.167322143310964 -0.013901799297163214 0.005339865561156994
-620.1844836991513 11.167752167706507 -0.01385419274069253 0.005319263773901944
-610.4941011413466 11.16818472766201 -0.013806962965864589 0.005298831147370536
-600.8037185835419 11.168619684771175 -0.013760104578471016 0.005278565417376712
-591.1133360257372 11.169056904629532 -0.013713612312302541 0.0052584643650741125
-581.4229534679325 11.169496256728317 -0.013667481024521248 0.005238525815652187
-571.7325709101278 11.169937614350735 -0.013621705691263029 0.005218747637083684
-562.0421883523231 11.170380854470592 -0.013576281403455674 0.005199127738920945
-552.3518057945184 11.170825857653316 -0.013531203362839571 0.005179664071138514
-542.6614232367137 11.171272507959323 -0.013486466878178272 0.005160354623019794
-532.971040678909 11.171720692849695 -0.013442067361647814 0.005141197422085565
-523.2806581211044 11.17217030309418 -0.013398000325393804 0.005122190533062334
-513.5902755632997 11.172621232681465 -0.013354261378246704 0.005103332056888626
-503.8998930056114 11.173073378731655 -0.013310846222586367 0.005084620129757604
-494.2095104478067 11.17352664141102 -0.013267750651344352 0.005066052922193005
-484.519127890002 11.173980923848847 -0.013224970545143728 0.005047628638160144
-474.8287453321973 11.174436132056476 -0.013182501869558601 0.005029345514206016
-465.1383627743926 11.174892174848413 -0.013140340672494167 0.005011201818630374
-455.4479802165879 11.17534896376551 -0.013098483081677818 0.004993195850685195
-445.7575976587832 11.175806413000137 -0.01305692530225564 0.004975325939801395
-436.0672151009785 11.176264439323367 -0.013015663614488769 0.004957590444841613
-426.3768325431738 11.176722962014077 -0.012974694371544249 0.004939987753378017
-416.6864499853691 11.177181902789933 -0.012934013997375423 0.004922516280993893
-406.9960674275644 11.177641185740248 -0.012893618984687376 0.00490517447060816
-397.3056848697597 11.178100737260637 -0.012853505892982793 0.00488796079182174
-387.615302311955 11.178560485989452 -0.01281367134668447 0.004870873740284918
-377.9249197541503 11.179020362745929 -0.012774112033330395 0.004853911837084823
-368.2345371963456 11.179480300470031 -0.012734824701837922 0.0048370736281521534
-358.54415463854093 11.179940234163942 -0.01269580616083365 0.004820357683686474
-348.85377208073623 11.18040010083516 -0.0126570532770458 0.004803762597599193
-339.16338952293154 11.180859839441148 -0.012618562973756006 0.0047872869869736686
-329.47300696512684 11.181319390835528 -0.012580332229307918 0.004770929491541646
-319.78262440743856 11.181778697715746 -0.012542358075670133 0.004754688773175655
-310.09224184963387 11.182237704572213 -0.012504637597048432 0.004738563515395574
-300.40185929182917 11.182696357638813 -0.0124671679285517 0.004722552422891674
-290.7114767340245 11.183154604844825 -0.012429946254900135 0.004706654221059744
-281.0210941762198 11.18361239576817 -0.012392969809180535 0.004690867655550656
-271.3307116184151 11.184069681589968 -0.012356235871643943 0.004675191491832705
-261.6403290606104 11.18452641505034 -0.012319741768544112 0.00465962451476646
-251.9499465028057 11.18498255040549 -0.012283484871015195 0.0046441655281916445
-242.259563945001 11.18543804338593 -0.012247462593986649 0.0046288133545256205
-232.5691813871963 11.18589285115593 -0.012211672395134175 0.00461356683437305
-222.8787988293916 11.186346932274065 -0.012176111773864719 0.004598424826146392
-213.1884162715869 11.18680024665488 -0.012140778270334527 0.0045833862056967
-203.4980337137822 11.187252755531645 -0.0121056694644985 0.004568449865954608
-193.8076511559775 11.187704421420133 -0.012070782975189832 0.004553614716580871
-184.1172685981728 11.188155208083424 -0.012036116459228564 0.004538879683626367
-174.42688604036812 11.188605080497705 -0.012001667610557864 0.004524243709201067
-164.73650348256342 11.18905400481902 -0.011967434159407094 0.004509705751151798
-155.04612092475872 11.189501948350953 -0.01193341387148028 0.004495264782748401
-145.35573836695403 11.189948879513235 -0.011899604547169403 0.004480919792378071
-135.66535580926575 11.190394767811206 -0.011866004020791517 0.004466669783247774
-125.97497325146105 11.190839583806179 -0.011832610159846723 0.004452513773093382
-116.28459069365636 11.191283299086571 -0.011799420864301935 0.004438450793897982
-106.59420813585166 11.19172588623991 -0.011766434065891698 0.00442447989161555
-96.90382557804696 11.192167318825588 -0.011733647727441173 0.004410600125902427
-87.21344302024227 11.192607571348391 -0.011701059842208315 0.004396810569855348
-77.52306046243757 11.193046619232774 -0.011668668433244642 0.004383110309755867
-67.83267790463287 11.19348443879785 -0.011636471552774233 0.004369498444821172
-58.14229534682818 11.193921007233081 -0.011604467281590036 0.0043559740869609336
-48.45191278902348 11.194356302574656 -0.01157265372846702 0.0043425363605400285
-38.761530231218785 11.19479030368252 -0.01154102902959144 0.004329184402147029
-29.07114767341409 11.195222990218046 -0.011509591348005804 0.0043159173603682256
-19.380765115609393 11.19565434262234 -0.011478338873068815 0.004302734395567
-9.690382557804696 11.196084342095137 -0.011447269819929938 0.004289634679668452
0.0 3.2319453061649774 0.005509471666373911 0.08563975131388898
9.690382557804696 4.020018021836022 0.002141792596126232 0.08452016555070076
19.380765115609393 4.5464042214227955 0.0019910905968609986 0.08343036057496883
29.07114767341409 4.959422530324772 0.0018450038171130678 0.08236915581597568
38.761530231218785 5.304498044258248 0.0017033463615726847 0.08133543238402319
48.45191278902348 5.602884718585528 0.0015659419743756543 0.08032812909263545
58.14229534671176 5.866597470361542 0.001432623425247049 0.07934623878471338
67.83267790451646 6.103229870887694 0.0013032319419026247 0.07838880493581643
77.52306046232115 6.317952065263384 0.0011776166847146958 0.0774549185106518
87.21344302012585 6.514477537273264 0.001055634259988428 0.07654371505080312
96.90382557793055 6.695583349760249 0.0009371482686000984 0.07565437197425146
106.59420813573524 6.863412878772752 0.000822028887028915 0.07478610606887244
116.28459069353994 7.01966292019622 0.0007101524781043317 0.07393817116385527
125.97497325134464 7.165705014491842 0.0006014012290397153 0.0731098559644813
135.66535580914933 7.302667258424937 0.0004956628145478146 0.07230048203704578
145.35573836695403 7.431491301111012 0.0003928300830340712 0.07150940193191427
155.04612092475872 7.552973163099959 0.00029280076404515415 0.07073599743379118
164.73650348256342 7.667793170746284 0.0001954771953127563 0.0699796779292529
174.42688604036812 7.776538364455242 0.00010076606787892683 0.06923987888247815
184.1172685981728 7.879719578176257 8.578187921535942e-06 0.06851606041090037
193.8076511559775 7.977784666505951 -8.117174598224483e-05 0.06780770595322178
203.4980337137822 8.071128894823746 -0.00016856535130873023 0.06711432102287694
213.1884162715869 8.160103205516283 -0.00025368075681362614 0.06643543204061723
222.8787988293916 8.245020870404623 -0.00033659278549908475 0.06577058524041852
232.5691813871963 8.326162900453767 -0.0004173731262106131 0.06511934564339461
242.25956394488458 8.40378248681534 -0.0004960904946776502 0.06448129609484253
251.94994650268927 8.478108678404297 -0.0005728107847532858 0.06385603635988962
261.64032906049397 8.549349451576708 -0.000647597210527694 0.06324318227373199
271.33071161829866 8.617694291256726 -0.000720510439968684 0.06264236494251559
281.02109417610336 8.683316375999532 -0.0007916087206595846 0.06205322999147748
290.71147673390806 8.746374439406225 -0.0008609479981787609 0.06147543685707769
300.40185929171275 8.807014365090454 -0.0009285820276173575 0.06090865812015383
310.09224184951745 8.865370560766085 -0.0009945624786942553 0.06035257887735127
319.78262440732215 8.921567148045916 -0.0010589390348927936 0.05980689614829035
329.47300696512684 8.97571899754879 -0.001121759487011847 0.059271318316121556
339.16338952293154 9.027932633421623 -0.0011830698214945665 0.05874556459929568
348.85377208073623 9.078307027038512 -0.001242914303871659 0.05822936455253538
358.54415463854093 9.126934296176435 -0.0013013355576309694 0.05772245759514165
368.2345371963456 9.177104092751525 -0.0013583746388031686 0.05722459256490438
377.9249197541503 9.243114711644319 -0.00141407110653216 0.05673552729600967
387.615302311955 9.305940886913667 -0.00146846308987992 0.05625502821945111
397.3056848697597 9.365798179416974 -0.001521587351097765 0.05578286998455774
406.9960674275644 9.422882741561212 -0.0015734793455801487 0.05531883510034773
416.6864499853691 9.477373547430041 -0.0016241732787017058 0.054862713595506596
426.3768325430574 9.52943430825564 -0.001673702159724268 0.05441430269587665
436.0672151008621 9.579215125852905 -0.0017220978529518286 0.05397340651838262
445.7575976586668 9.626853926502218 -0.001769391126287127 0.053539835780502025
455.4479802164715 9.672477709856263 -0.0018156116973536297 0.053113407524265105
465.1383627742762 9.716203641156683 -0.0018607882773157352 0.052693944854018696
474.82874533208087 9.75814001007091 -0.0019049486125329688 0.05228127668712995
484.51912788988557 9.798387075456954 -0.001948119524171631 0.05187523751689612
494.20951044769026 9.837037812139522 -0.0019903269458894464 0.051475667186968395
503.89989300549496 9.87417857316338 -0.0020329440622064827 0.05108246640037707
513.5902755632997 9.909889678853188 -0.0020732805727124047 0.05069537286077771
523.2806581211044 9.944245942255316 -0.0021127269127586014 0.05031429771862754
532.971040678909 9.977317139090134 -0.002151305788301873 0.0499391001708985
542.6614232367137 10.009168429143518 -0.0022031621578229425 0.04956994159403608
552.3518057945184 10.039860735026876 -0.002239880175531386 0.049206090121807725
562.0421883523231 10.06945108339864 -0.00227579972418784 0.04884771951916457
571.7325709101278 10.097992913037436 -0.002310940577745315 0.04849470549283467
581.4229534679325 10.125536353564112 -0.0023453219022000304 0.04814692749367511
591.1133360257372 10.152128478107578 -0.002385322824293653 0.04780439674575047
600.8037185835419 10.177813532782398 -0.0024181534652196047 0.04746674168655562
610.4941011412302 10.202633145481453 -0.002450280986314056 0.04713398214878122
620.1844836990349 10.226626516177225 -0.0024866827718174125 0.04680613591546444
629.8748662568396 10.24983059065115 -0.0025198928880650418 0.04648289441603831
639.5652488146443 10.272280219350181 -0.002549911123788579 0.04616418998561839
649.255631372449 10.294008302859796 -0.002579293366090232 0.04584997165289047
658.9460139302537 10.315045925316284 -0.0026080544777006905 0.04554014426031681
668.6363964880584 10.335422476928837 -0.002636208894498421 0.0452346153337382
678.3267790458631 10.355165766651476 -0.002663770640249674 0.04493329498830789
688.0171616036678 10.37430212593061 -0.002690753340758094 0.04463609583835779
697.7075441614725 10.392856504353968 -0.002728292216184806 0.044343106677216394
707.3979267192772 10.410852557938894 -0.002754005195738146 0.04405389497061868
717.0883092770819 10.428312730720641 -0.002780065295683062 0.043768571599515374
726.7786918348866 10.4452583302334 -0.0028047055889290815 0.04348702796942406
736.4690743926913 10.461709597416496 -0.002828833503791164 0.043209203255285024
746.159456950496 10.47768577142502 -0.002852460388836361 0.04293502336866994
755.8498395083006 10.493205149776943 -0.0028755972872329706 0.04266441618484984
765.5402220661053 10.508285144226784 -0.002898254946526274 0.04239731147805474
775.23060462391 10.522942332718511 -0.002920443828058209 0.04213364085927967
784.9209871817147 10.537192507737158 -0.002942174116044634 0.04187333771652073
794.611369739403 10.551050721348552 -0.0029634557263233273 0.04161633715733433
804.3017522972077 10.564531327191213 -0.002984298314787115 0.0413625759535968
813.9921348550124 10.577648019657065 -0.00300471128551073 0.04111199248841127
823.6825174128171 10.590413870482015 -0.0030247037985881744 0.040864526705006
833.3728999706218 10.602841362942353 -0.0030442847776885333 0.04062012005758162
843.0632825284265 10.614942423839135 -0.0030634629173423513 0.04037871546400325
852.7536650862312 10.626728453435817 -0.0040871313517037025 0.04028862296222559
862.4440476440359 10.638210353500586 -0.0040919303341921025 0.04005104908812998
872.1344302018406 10.64939855359199 -0.004096714391271794 0.03981636797151669
881.8248127596453 10.660303035714914 -0.008377868475434948 0.04218025318572413
891.51519531745 10.670933357463593 -0.008324256881838278 0.0419157816430898
901.2055778752547 10.681298673758697 -0.008274844085863516 0.04165503575395811
910.8959604330594 10.691407757277052 -0.008222910634075887 0.041397853613897445
920.5863429908641 10.701269017664599 -0.00850343768069397 0.04123152588494659
930.2767255486688 10.710890519616125 -0.008451113899856387 0.040980114938740105
939.9671081064735 10.720279999898759 -0.008400198339542458 0.04073209174680012
949.6574906642782 10.729444883390258 -0.008350632193998016 0.04048737918268574
959.3478732220829 10.738392298197772 -0.008302359744511116 0.040245902801607475
969.0382557798875 10.747129089917676 -0.008400859291789981 0.040024145291395405
978.7286383375758 10.755661835092589 -0.008397340081535209 0.03979205191902075
988.4190208953805 10.763996853918048 -0.008350128029800114 0.03955959920664501
