-1007.7997860111063 10.49001850205964 -0.01234389114522188 0.025008628741534547
-998.1094034533016 10.503868784865114 -0.012273681597656383 0.024785091160356973
-988.4190208954969 10.517230396224365 -0.012204489269766023 0.024565757906840145
-978.7286383376922 10.530131492836473 -0.012136288166373722 0.024350508781292902
-969.0382557798875 10.542597926032812 -0.012106738723511276 0.024140836038600275
-959.3478732220829 10.554653489044124 -0.012039933820855941 0.023933390811182145
-949.6574906642782 10.566320131391334 -0.011974061437340327 0.023729696301263002
-939.9671081064735 10.577618145529167 -0.0119090985929581 0.023529649339805038
-930.2767255486688 10.588566329976253 -0.011845023125762218 0.023333150539543913
-920.5863429908641 10.59918213244374 -0.011781813654286263 0.023140104122731372
-910.8959604331758 10.613707283004702 -0.011887930849566642 0.022950417758222055
-901.2055778753711 10.62801034358673 -0.011824114043460348 0.022764002407304883
-891.5151953175664 10.641708597765534 -0.011761164212103133 0.02258077217776876
-881.8248127597617 10.65484276786952 -0.011699060359241033 0.022400644185650746
-872.134430201957 10.667449786062033 -0.011637782234829749 0.022223538424230378
-862.4440476441523 10.679563245119661 -0.011577310300160737 0.02204937763981821
-852.7536650863476 10.691213781157359 -0.01162342637780836 0.02187808721393274
-843.0632825285429 10.70242940323701 -0.011563077252046082 0.02170959505148551
-833.3728999707382 10.71323577841276 -0.011503517981821625 0.021543831474619725
-823.6825174129335 10.723656479178759 -0.011444730046221551 0.02138072912187137
-813.9921348551288 10.733713199054645 -0.011666475668035943 0.021220222852344112
-804.3017522973241 10.743425941073076 -0.011605370625889577 0.021062249654609084
-794.6113697395194 10.752813183152737 -0.011545087301147684 0.02090674856006004
-784.9209871817147 10.761892023700208 -0.01148560551468974 0.02075366056047139
-775.23060462391 10.770678310253533 -0.011426905834341696 0.020602928529523137
-765.5402220661053 10.779186753535813 -0.011368969537639209 0.0204544971480715
-755.8498395083006 10.787431028914714 -0.011311778576931749 0.020308312832958326
-746.159456950496 10.795423866951598 -0.011255315546649764 0.020164323669165016
-736.4690743926913 10.803177134463175 -0.011199563652572997 0.020022479345129053
-726.778691835003 10.810701907301514 -0.011144506682952676 0.019882731091053943
-717.0883092771983 10.818008535878771 -0.011090128981348821 0.019745031620042278
-707.3979267193936 10.825106704311459 -0.011036415421068858 0.01960933507192642
-697.7075441615889 10.83200548393796 -0.010983351381081417 0.019475596959621706
-688.0171616037842 10.838713381855714 -0.011083759735854149 0.019354504247047925
-678.3267790459795 10.84523838503892 -0.011029872963835714 0.019224408766993044
-668.6363964881748 10.851588000522646 -0.010976650507073141 0.01909614991961651
-658.9460139303701 10.857769292076021 -0.01092407733310533 0.01896968806424955
-649.2556313725654 10.863788913732428 -0.010872138929662985 0.018844984706958032
-639.5652488147607 10.86965314049792 -0.010820821280079445 0.01872200245907873
-629.874866256956 10.875367896517988 -0.010770110840183277 0.018600704997553015
-620.1844836991513 10.88093878094791 -0.010719994516563984 0.018481057026966948
-610.4941011413466 10.886371091741317 -0.010670459646111408 0.01836302424321212
-600.8037185835419 10.891669847545318 -0.010621493976738009 0.018246573298686456
-591.1133360257372 10.896839807868067 -0.010573085649200748 0.018131671768958857
-581.4229534679325 10.90188549166498 -0.010525223179946249 0.01801828812082586
-571.7325709101278 10.906811194473429 -0.010477895444909109 0.01790639168169255
-562.0421883523231 10.911621004211158 -0.010431091664198965 0.01779595261021362
-552.3518057945184 10.916318815741779 -0.010384801387616946 0.017686941868134347
-542.6614232367137 10.920908344299962 -0.01033901448094689 0.017579331193274074
-532.9710406790255 10.925393137860196 -0.010293721112971456 0.01747309307359964
-523.2806581212208 10.929776588525552 -0.010248911743163367 0.017368200722329974
-513.5902755634161 10.934061943005362 -0.010204577110016844 0.017264628054042552
-503.8998930056114 10.938252312246906 -0.010160708219968584 0.017162349661710454
-494.2095104478067 10.942350680279587 -0.010117296336879624 0.017061340794645878
-484.519127890002 10.946359912327058 -0.010074332972040575 0.016961577337301238
-474.8287453321973 10.950282762238848 -0.01003180987466912 0.016863035788890306
-465.1383627743926 10.954121879289998 -0.009989719022870287 0.01676569324379238
-455.4479802165879 10.957879814394516 -0.009948052615032172 0.0166695273727045
-445.7575976587832 10.961559025776161 -0.00990680306163161 0.016574516404508473
-436.0672151009785 10.965161884137823 -0.009865962977426071 0.016480639108821134
-426.3768325431738 10.968690677368885 -0.01005894206436448 0.016412700696688782
-416.6864499853691 10.97214761482821 -0.01017057647402034 0.016333859723288276
-406.9960674275644 10.975534831238564 -0.010125716128996194 0.01624275238283344
-397.3056848697597 10.978854390226703 -0.010081376509696522 0.0161527124424574
-387.615302311955 10.98210828754169 -0.010053486358878394 0.016064133817596287
-377.9249197541503 10.985298453982411 -0.010009936150835548 0.015976165632148022
-368.2345371963456 10.988426758063534 -0.009966877938773657 0.01588920850560676
-358.54415463854093 10.991495008447538 -0.009924300816127087 0.01580324451472707
-348.85377208085265 10.994504956168667 -0.009882194270848292 0.015718256169391136
-339.16338952304795 10.997458296673178 -0.009851283723960647 0.015634464430115846
-329.47300696524326 11.000356671697693 -0.00980994307268967 0.015551373351720464
-319.78262440743856 11.003201671007039 -0.009786686911440474 0.015469640785389666
-310.09224184963387 11.00599483400981 -0.009745987851000896 0.015388379400387548
-300.40185929182917 11.008737651268966 -0.009705722046548461 0.015308012490064724
-290.7114767340245 11.011431565922695 -0.009665880580472448 0.015228524888423356
-281.0210941762198 11.014077975029243 -0.00962645483304268 0.015149901778985588
-271.3307116184151 11.016678230847655 -0.009587436468313965 0.015072128684491565
-261.6403290606104 11.019233642064904 -0.009548817420890162 0.014995191456975547
-251.9499465028057 11.021745474978367 -0.009513213995743909 0.014919161797280521
-242.259563945001 11.024214954641309 -0.00947533456328487 0.014843853961240522
-232.5691813871963 11.026643265977635 -0.009439120345678401 0.0147693652122111
-222.8787988293916 11.029031554871233 -0.009401971384852709 0.01469563480062535
-213.1884162715869 11.031380929233979 -0.009386148287637638 0.014623260845738407
-203.4980337137822 11.033692460055654 -0.00934943731522527 0.014551049705486489
-193.8076511559775 11.035967182438293 -0.009320626508142268 0.014479729081345642
-184.1172685981728 11.038206096616532 -0.009284523708869109 0.014408995216404437
-174.42688604036812 11.040410168965268 -0.009248768830969529 0.014338983513684083
-164.73650348267984 11.042580332995092 -0.009213355517988549 0.014269682633612564
-155.04612092487514 11.044717490335938 -0.00917827760155624 0.014201081477944523
-145.35573836707044 11.04682251170844 -0.009143529093428221 0.0141331691832402
-135.66535580926575 11.0488962378831 -0.009109104177962438 0.014065935114553067
-125.97497325146105 11.050939480626386 -0.00907499720500867 0.01399936885932984
-116.28459069365636 11.05295302363317 -0.009041202683180594 0.013933460221509554
-106.59420813585166 11.05493762344472 -0.00900771527348555 0.013868199215814626
-96.90382557804696 11.056894010351394 -0.008974529783288509 0.013803576062226314
-87.21344302024227 11.058822889279226 -0.008941641160588749 0.013739581180637402
-77.52306046243757 11.060724940659611 -0.008909044488589223 0.013676205185675284
-67.83267790463287 11.062600821281219 -0.00887673498054025 0.013613438881688868
-58.14229534682818 11.064451165123526 -0.008863165589535182 0.013551827817672057
-48.45191278902348 11.066276584171264 -0.008831167460976943 0.013490246559702417
-38.761530231218785 11.068077669209192 -0.008799449501832661 0.013429248695577801
-29.07114767341409 11.069854990596786 -0.00876800713740596 0.013368825733610583
-19.380765115609393 11.071609099022373 -0.008736835914390902 0.013308969349425954
-9.690382557804696 11.073340526236434 -0.00870593149617502 0.01324967138178438
0.0 11.075049785763891 -0.007425471016289571 0.013378514002517775
9.690382557804696 8.630539511068937 -0.0328437752825778 0.04243313878664908
19.380765115492977 8.815518338140176 -0.03248659931179209 0.041979665699149335
29.071147673297673 8.949099596000217 -0.03213839603183674 0.041537270776320766
38.76153023110237 9.0561643277262 -0.030678027124314722 0.04113554830223084
48.451912788907066 9.146410957973949 -0.030374359925567328 0.04071391021849442
58.14229534671176 9.224816307765165 -0.031648492562291575 0.040618111091253836
67.83267790451646 9.294332583356045 -0.031325469268270574 0.040211287554222035
77.52306046232115 9.356878621534985 -0.031010059493768394 0.03981375463450595
87.21344302012585 9.413783218852606 -0.030701985343422986 0.039425179466621295
96.90382557793055 9.466010568953326 -0.030400982450847554 0.039045245231722515
106.59420813573524 9.51428589407891 -0.030106799161852753 0.03867365019467028
116.28459069353994 9.559170459238567 -0.02981919577623853 0.038310106809821456
125.97497325134464 9.601108849500486 -0.02953794384330902 0.03795434088988023
135.66535580914933 9.640460091166782 -0.02926282550671687 0.03760609083267562
145.35573836695403 9.677518884524591 -0.028993632894649825 0.037265106901204124
155.04612092475872 9.712530530874465 -0.028730167551736564 0.03693115055269915
164.73650348256342 9.74570169717543 -0.02847223990937627 0.03660399381287125
174.42688604036812 9.777208351018094 -0.02821966879149072 0.03628341869180532
184.1172685981728 9.807201722530506 -0.027972280952962895 0.035969216638310667
193.8076511559775 9.835812859860543 -0.027729910648264928 0.0356611880297981
203.4980337136658 9.863156162591759 -0.02749239922799724 0.03535914169501399
213.1884162714705 9.8893321596002 -0.027363342674234115 0.035067882844681424
222.87879882927518 9.9144297197424 -0.027133685175997003 0.03477719113507453
232.56918138707988 9.938527830851156 -0.026908487579602687 0.034491956392962174
242.25956394488458 9.961697045936377 -0.0266876145594268 0.03421201698253395
251.94994650268927 9.98400066979089 -0.026470936299459624 0.03393721775078838
261.64032906049397 10.005495740855089 -0.026258328213980976 0.03366740970234589
271.33071161829866 10.026233849928591 -0.026049670685112943 0.033402449693727826
281.02109417610336 10.046261827609436 -0.025844848816069965 0.03314220014575303
290.71147673390806 10.06562232516145 -0.025643752199018897 0.03288652877280885
300.40185929171275 10.084354308147397 -0.025446274696547606 0.0326353083278506
310.09224184951745 10.102493478120813 -0.02525231423581806 0.032388416362071334
319.78262440732215 10.120072634589729 -0.025166221681273533 0.03215017537364575
329.47300696512684 10.137121987097336 -0.024977592883386846 0.031911531086114595
339.16338952293154 10.153669425424374 -0.024803355025162312 0.03167730815745245
348.85377208073623 10.16974075447259 -0.02462102746753852 0.03144653115813354
358.54415463854093 10.1853598992408 -0.02444179995914748 0.031219536501214062
368.2345371963456 10.205338399808396 -0.024265589603813437 0.03099622612444421
377.9249197541503 10.227286716934536 -0.024092316496251577 0.03077650542193684
387.615302311955 10.248377656827284 -0.023921903587048154 0.030560283091296287
397.3056848696433 10.268669429428169 -0.023754276554943252 0.030347470988839016
406.996067427448 10.288214713464262 -0.023589363685944435 0.03013798399239431
416.6864499852527 10.30706132225023 -0.023427095758874934 0.029931739871261423
426.3768325430574 10.32525277070113 -0.023267405936919842 0.029728659162842175
436.0672151008621 10.342828761201917 -0.023110229664832185 0.029528665055586763
445.7575976586668 10.35982560225027 -0.022955504571444362 0.029331683277864163
455.4479802164715 10.376276570957032 -0.022803170377167947 0.029137641992411277
465.1383627742762 10.392212228333872 -0.022653168806184867 0.02894647169603598
474.82874533208087 10.407660694643086 -0.022505443503053193 0.02875810512427035
484.51912788988557 10.422647890797785 -0.022359939953469157 0.02857247716069058
494.20951044769026 10.437197750784163 -0.022216605408944563 0.02838952475063845
503.89989300549496 10.45133240926099 -0.022075388815174533 0.028209186819096104
513.5902755632997 10.46507236782479 -0.02193624074388499 0.028031404192482148
523.2806581211044 10.478436642878398 -0.021799113327963728 0.027856119524151575
532.971040678909 10.49144289758068 -0.021663960199690545 0.02768327722339566
542.6614232367137 10.504107559970256 -0.021530736431894577 0.027512823387750983
552.3518057945184 10.51644592903243 -0.021399398481877392 0.0273447057384383
562.0421883523231 10.528472270207462 -0.02126990413795053 0.027178873558763156
571.7325709101278 10.540199901611288 -0.02114221246844591 0.027015277635320287
581.4229534678161 10.551641272050363 -0.021016283773067485 0.02685387020185557
591.1133360256208 10.562808031755702 -0.02089207953645018 0.026694604885634344
600.8037185834255 10.573711096627532 -0.02076956238383156 0.02653743665621422
610.4941011412302 10.584360706677979 -0.02064869603869588 0.02638232177646008
620.1844836990349 10.594766479264283 -0.020529445282309284 0.02622921775571458
629.8748662568396 10.60493745763247 -0.0204117759150401 0.026078083305002976
639.5652488146443 10.614882155227612 -0.020295654719373536 0.02592887829417124
649.255631372449 10.624608596173788 -0.020181049424534792 0.02578156371086064
658.9460139302537 10.634124352281848 -0.02006792867263909 0.025636101621227078
668.6363964880584 10.643436576904804 -0.01995626198629198 0.025492455132318806
678.3267790458631 10.65255203592734 -0.019846019737567652 0.025350588356031278
688.0171616036678 10.661477136147353 -0.019737173118297133 0.025210466374562115
697.7075441614725 10.670217951282158 -0.01962969411160203 0.025072055207293373
707.3979267192772 10.678780245809813 -0.019523555464612978 0.024935321779032744
717.0883092770819 10.687169496836324 -0.019418730662315656 0.024800233889548693
726.7786918348866 10.695390914161829 -0.01931519390246992 0.02466676018433801
736.4690743926913 10.70344945870324 -0.019212920071551016 0.02453487012656799
746.159456950496 10.711349859416424 -0.019111884721664384 0.024404533970138118
755.8498395083006 10.719096628848265 -0.01901206404838812 0.02427572273380927
765.5402220659889 10.72669407743731 -0.018913434869501065 0.024148408176352807
775.2306046237936 10.734146326671608 -0.01881597460454824 0.024022562772663465
784.9209871815983 10.74145732120106 -0.01871966125522261 0.023898159690815143
794.611369739403 10.748630839995894 -0.018624473386502426 0.023775172769986506
804.3017522972077 10.755670506631917 -0.018530390108527268 0.0236535764992401
813.9921348550124 10.762579798777695 -0.018437391059172362 0.02353334599710765
823.6825174128171 10.769362056951794 -0.01834545638729099 0.023414456991947507
833.3728999706218 10.776020492612128 -0.01825456673659529 0.023296885803040027
843.0632825284265 10.782558195634067 -0.01816470323014696 0.02318060932238864
852.7536650862312 10.788978141229 -0.018075847455431202 0.023065604997196034
862.4440476440359 10.795283196350423 -0.01798798144998823 0.02295185081298596
872.1344302018406 10.801476125630492 -0.017901087687578254 0.022839325277343246
881.8248127596453 10.807559596886318 -0.017815149064856744 0.022728007404245486
891.51519531745 10.81353618623164 -0.01773014888853814 0.022617876698961197
901.2055778752547 10.819408382826557 -0.017646070863027212 0.02250891314349075
910.8959604330594 10.825178593295027 -0.017562899078498118 0.02240109718252725
920.5863429908641 10.830849145837322 -0.017480617999402464 0.02229440970991563
930.2767255486688 10.836422294062144 -0.017399212453388206 0.022188832055589504
939.9671081064735 10.841900220561103 -0.01731866762061249 0.022084345972965894
949.6574906641617 10.847285040246051 -0.01723896902343289 0.02198093362678061
959.3478732219664 10.852578803468601 -0.017160102516456 0.02187857758133873
969.0382557797711 10.857783498937978 -0.01708205427694269 0.021777260789181928
978.7286383375758 10.862901056454355 -0.017004810795536996 0.021676966580131504
988.4190208953805 10.86793334947098 -0.016928358867319394 0.02157767865071021
998.1094034531852 10.872882197498695 -0.016852685583165945 0.021479381053920762
