-639.5652488147607 9.977538083990334 0.0 0.0
-629.874866256956 9.977538083990334 0.0 0.0
-620.1844836991513 9.977538083990334 0.0 0.0
-610.4941011413466 9.977538083990334 0.0 0.0
-600.8037185835419 9.977538083990334 0.0 0.0
-591.1133360257372 9.977538083990334 0.0 0.0
-581.4229534679325 9.977538083990334 0.0 0.0
-571.7325709101278 9.977538083990334 0.0 0.0
-562.0421883523231 9.977538083990334 0.0 0.0
-552.3518057945184 9.977538083990334 0.0 0.0
-542.6614232368302 9.977538083990334 0.0 0.0
-532.9710406790255 9.977538083990334 0.0 0.0
-523.2806581212208 9.977538083990334 0.0 0.0
-513.5902755634161 9.977538083990334 0.0 0.0
-503.8998930056114 9.977538083990334 0.0 0.0
-494.2095104478067 9.977538083990334 0.0 0.0
-484.519127890002 9.977538083990334 0.0 0.0
-474.8287453321973 9.977538083990334 0.0 0.0
-465.1383627743926 9.977538083990334 0.0 0.0
-455.4479802165879 9.977538083990334 0.0 0.0
-445.7575976587832 9.977538083990334 0.0 0.0
-436.0672151009785 9.977538083990334 0.0 0.0
-426.3768325431738 9.977538083990334 0.0 0.0
-416.6864499853691 9.977538083990334 0.0 0.0
-406.9960674275644 9.977538083990334 0.0 0.0
-397.3056848697597 9.977538083990334 0.0 0.0
-387.615302311955 9.977538083990334 0.0 0.0
-377.9249197541503 9.977538083990334 -0.00014475171552537 0.0
-368.2345371963456 9.977538083990334 -0.00014105721449327697 0.0
-358.54415463865735 9.977538083990334 -0.00013754660953069282 0.0
-348.85377208085265 9.977538083990334 -0.00013420650374623664 0.0
-339.16338952304795 9.977538083990334 -0.00013102477068878177 0.0
-329.47300696524326 9.977538083990334 -0.00012799040723857156 0.0
-319.78262440743856 9.977538083990334 -0.00012509340647695559 0.0
-310.09224184963387 9.977538083990334 -0.0001223246474391392 0.0
-300.40185929182917 9.977538083990334 -0.00011967579919086137 0.0
-290.7114767340245 9.977538083990334 -0.0001171392371038021 0.0
-281.0210941762198 9.977538083990334 -0.00011470796955739696 0.0
-271.3307116184151 9.977538083990334 -0.00011237557358303202 0.0
-261.6403290606104 9.977538083990334 -0.00011013613820318534 0.0
-251.9499465028057 9.977538083990334 -0.00010798421441306653 0.0
-242.259563945001 9.977538083990334 -0.00010591477091366208 0.0
-232.5691813871963 9.977538083990334 -0.00010392315483914223 0.0
-222.8787988293916 9.977538083990334 -0.00010200505683336687 0.0
-213.1884162715869 9.977538083990334 -0.00010015647992377792 0.0
-203.4980337137822 9.977538083990334 -9.837371171952754e-05 0.0
-193.8076511559775 9.977538083990334 -9.665329952689096e-05 0.0
-184.1172685981728 9.977538083990334 -0.00046856481508874464 0.0
-174.42688604036812 9.977538083990334 -0.0004572306017312629 0.0
-164.73650348267984 9.977538083990334 -0.0004464436255156616 0.0
-155.04612092487514 9.977538083990334 -0.0015420256034940193 0.0
-145.35573836707044 9.977538083990334 -0.0015034941299971257 0.0
-135.66535580926575 9.977538083990334 -0.0014668571961079417 0.0
-125.97497325146105 9.977538083990334 -0.0014319776673620754 0.0
-116.28459069365636 9.977538083990334 -0.0013987313808206808 0.0
-106.59420813585166 9.977538083990334 -0.0013670056429473704 0.0
-96.90382557804696 9.977538083990334 -0.0018530888768411027 0.0
-87.21344302024227 9.977538083990334 -0.0018108707701567466 0.0
-77.52306046243757 9.977538083990334 -0.001770553269841847 0.0
-67.83267790463287 9.977538083990334 -0.0017320098026229595 0.0
-58.14229534682818 9.977538083990334 -0.001695124866844169 0.0
-48.45191278902348 9.977538083990334 -0.0016597928407179946 0.0
-38.761530231218785 9.977538083990334 -0.006873528826024524 0.0
-29.07114767341409 9.977538083990334 -0.006704975728171622 0.0
-19.380765115609393 9.977538083990334 -0.007392822196694685 0.0
-9.690382557804696 9.977538083990334 -0.007218434716713184 0.0
0.0 9.977538083990334 -0.008438464493099485 0.0002874652624698208
9.690382557804696 2.013263718931948 -0.022742658182841248 0.10433740069113469
19.380765115492977 2.474383650083605 -0.022185131292309174 0.10165794183591503
29.071147673297673 2.810349930606187 -0.02165446374933673 0.09911265849524455
38.76153023110237 3.0849221214533555 -0.027229274587680482 0.09910301964160578
48.451912788907066 3.320974701722535 -0.026591696604191587 0.0967360252350685
58.14229534671176 3.529875996349922 -0.02598348800678235 0.09447947311880722
67.83267790451646 3.7182681606303944 -0.025402654660271407 0.09232580891745082
77.52306046232115 3.8904375798742272 -0.024847379728939196 0.090268151944641
87.21344302012585 4.0493446817733165 -0.0243160043307172 0.08830022173392404
96.90382557793055 4.197137873893894 -0.023807010677962204 0.08641627398012314
106.59420813573524 4.335436297304198 -0.023319007338789 0.08461104451416135
116.28459069353994 4.465497133911883 -0.022850716313383306 0.0828797001599017
125.97497325134464 4.588320369062569 -0.022400961669138977 0.08121779550641965
135.66535580914933 4.704717436331349 -0.021968659519053944 0.07962123478123849
145.35573836695403 4.8153579034490965 -0.021552809161300077 0.07808623813576084
155.04612092475872 4.920802228459536 -0.021152485225613332 0.07660931175841498
164.73650348256342 5.021525358458241 -0.020766830695210577 0.07518722131788738
174.42688604036812 5.117934122315299 -0.020395050692187118 0.07381696831140744
184.1172685981728 5.210380305658937 -0.020036406930474874 0.07249576895394486
193.8076511559775 5.29917065225684 -0.01969021275399619 0.07122103529543095
203.4980337136658 5.384574632872945 -0.01935582868908756 0.06999035829640464
213.1884162714705 5.4668305632534295 -0.019032658449915255 0.06880149262903888
222.87879882927518 5.546150481663988 -0.01872014534390253 0.06765234300195232
232.56918138707988 5.622724080902739 -0.018417769031040716 0.0665409518332318
242.25956394488458 5.696721910141351 -0.018153484308399925 0.06546548811928324
251.94994650268927 5.768298006218914 -0.017869223987995717 0.06442423736624109
261.64032906049397 5.837592074284176 -0.017593765953133913 0.06341559246746073
271.33071161829866 5.904731308956622 -0.01732670599509368 0.0624380454249724
281.02109417610336 5.969831926117295 -0.01710592246096524 0.06149017982518418
290.71147673390806 6.03300045980631 -0.016853559900238665 0.060570663989856985
300.40185929171275 6.094334866963308 -0.01660857162381313 0.05967824473268661
310.09224184951745 6.15392547383539 -0.016370637350728603 0.05881174165992328
319.78262440732215 6.21185579104511 -0.016139455199497013 0.057970041960510595
329.47300696512684 6.268203219025326 -0.015988726034634082 0.0571520956373814
339.16338952293154 6.323039661402582 -0.0157682851996522 0.05635691113693368
348.85377208073623 6.3764320606656355 -0.015553886229649934 0.055583551338427815
358.54415463854093 6.428442867883319 -0.015345281537726487 0.05483112986919248
368.2345371963456 6.4791304561828165 -0.015142237084379789 0.05409880771517078
377.9249197541503 6.528549486049057 -0.014944531442804202 0.053385790099553
387.6153023118386 6.576751229171279 -0.014751954943046264 0.0526913236050867
397.3056848696433 6.623783856481149 -0.014564308886998742 0.052014693518106475
406.996067427448 6.669692695126951 -0.014381404827231254 0.05135522137472265
416.6864499852527 6.7145204584182245 -0.0142030639034056 0.05071226269128844
426.3768325430574 6.758307452151465 -0.014029116230820093 0.050085204863311014
436.0672151008621 6.801091760238375 -0.013859400336196358 0.049473465218354835
445.7575976586668 6.842909412135972 -0.013693762636375133 0.048876489209935654
455.4479802164715 6.88379453422788 -0.013532056956052311 0.04829374874063581
465.1383627742762 6.947799733426367 -0.013374144081095607 0.0477247406037816
474.82874533208087 7.0224853085333425 -0.013219891344340238 0.047168985034016245
484.51912788988557 7.09412285499544 -0.013069172241077722 0.04662602435799258
494.20951044769026 7.162900346015151 -0.012921866071729836 0.046095421737208576
503.89989300549496 7.228989287226684 -0.012777857609446254 0.04557675999572713
513.5902755632997 7.292546639902495 -0.012637036790582376 0.04506964052616756
523.2806581211044 7.353716462493111 -0.012499298426208226 0.044573682267938855
532.971040678909 7.412631319734807 -0.01236454193297193 0.04408852075220933
542.6614232367137 7.469413498651448 -0.012232671081795932 0.04361380720858227
552.3518057945184 7.524176063106644 -0.012103593763021982 0.04314920772887545
562.0421883523231 7.577023772572987 -0.011977221766744933 0.042694402483790694
571.7325709100114 7.628053886069962 -0.011853470577187806 0.0422490849886167
581.4229534678161 7.677356868486749 -0.011732259180060463 0.04181296141439002
591.1133360256208 7.725017013506093 -0.011613509881965177 0.041385749941340574
600.8037185834255 7.771112994964458 -0.011497148140941882 0.04096718015152477
610.4941011412302 7.815718356517863 -0.011383102407371367 0.040556992457975644
620.1844836990349 7.858901947912869 -0.011271303974489852 0.040154937567805596
629.8748662568396 7.900728314861867 -0.011161686837839052 0.03976077597693331
639.5652488146443 7.94125804845554 -0.011054187563029186 0.039374277494282836
649.255631372449 7.980548099162819 -0.010948745161241752 0.03899522079346855
658.9460139302537 8.01865205973487 -0.01084530097194451 0.038623392990131
668.6363964880584 8.055620420716853 -0.010743798552331856 0.03825858924322781
678.3267790458631 8.091500801757121 -0.010644183573041723 0.03790061237871031
688.0171616036678 8.126338161470576 -0.010546403719734029 0.037549272534133045
697.7075441614725 8.160174988246686 -0.010450408600147313 0.03720438682285039
707.3979267192772 8.1930514740818 -0.010356149656278773 0.036865779016552025
717.0883092770819 8.225005673250587 -0.010263580081359004 0.03653327924497956
726.7786918348866 8.256073647404879 -0.010172654741317066 0.036206723711749
736.4690743926913 8.286289598494044 -0.010083330100453381 0.035885954425280336
746.159456950496 8.315685990733703 -0.009995564151058234 0.03557081894390519
755.8498395083006 8.344293662705393 -0.009909316346732453 0.03526117013428894
765.5402220659889 8.372141930544364 -0.009824547539184802 0.03495686594236623
775.2306046237936 8.399258683066595 -0.009741219918289435 0.03465776917601864
784.9209871815983 8.425670469584631 -0.009659296955222602 0.03436374729885123
794.611369739403 8.451402581091 -0.009578743348475544 0.03407467223434282
804.3017522972077 8.476479125404145 -0.009499524972588758 0.033790420179817426
813.9921348550124 8.500923096815473 -0.009421608829442558 0.03351087142964687
823.6825174128171 8.524756440718079 -0.009344963001956802 0.03323591020715779
833.3728999706218 8.548000113648982 -0.009269556610061349 0.032965424504747404
843.0632825284265 8.570674139133317 -0.00919535976880784 0.03269930593174355
852.7536650862312 8.592797659680564 -0.009122343548501843 0.03243744956957563
862.4440476440359 8.614388985248805 -0.009050479936742151 0.0321797538338491
872.1344302018406 8.635465638462797 -0.008979741802261285 0.031926120342943204
881.8248127596453 8.656044396844624 -0.008910102860467898 0.03167645379277433
891.51519531745 8.676141332291717 -0.008841537640598092 0.031430661837390614
901.2055778752547 8.695771848015468 -0.008774021454388334 0.031188654975082834
910.8959604330594 8.714950713134504 -0.008707530366188184 0.030950346439717242
920.5863429908641 8.733692095099311 -0.008642041164435925 0.03071565209701243
930.2767255486688 8.752009590109541 -0.008577531334424938 0.030484490345500333
939.9671081064735 8.76991625167124 -0.008513979032293029 0.030256782021926054
949.6574906641617 8.78742461742858 -0.008451363060171625 0.030032450310858973
959.3478732219664 8.804546734394682 -0.00838966284243038 0.029811420658282236
969.0382557797711 8.821294182691572 -0.008328858402972065 0.029593620688996604
978.7286383375758 8.837678097907304 -0.0082689303435094 0.029378980127592685
988.4190208953805 8.853709192162526 -0.008209859822785206 0.029167430722850714
998.1094034531852 8.869397773975578 -0.008151628536684113 0.02895890617538077
