-1007.7997860109899 8.981855752170846 -0.000204802158619568 0.0
-998.1094034531852 8.981855752170846 -0.00020374359597999218 0.0
-988.4190208953805 8.981855752170846 -0.00020269739358071126 0.0
-978.7286383375758 8.981855752170846 -0.00020166331659034198 0.0
-969.0382557797711 8.981855752170846 -0.00020064113639556554 0.0
-959.3478732219664 8.981855752170846 -0.00019963063039114522 0.0
-949.6574906641617 8.981855752170846 -0.00019863158177851192 0.0
-939.967108106357 8.981855752170846 -0.00019764377937250773 0.0
-930.2767255486688 8.981855752170846 -0.0002059695685245304 0.0
-920.5863429908641 8.981855752170846 -0.0002175444841688448 9.495817905189168e-08
-910.8959604330594 8.981855752170846 -0.00021642879480354864 9.425675798321789e-08
-901.2055778752547 8.981855752170846 -0.0002153258983306816 9.356562321126444e-08
-891.51519531745 8.981855752170846 -0.00021423555820913341 9.288455011116983e-08
-881.8248127596453 8.981855752170846 -0.00023323563535800014 9.221332055122198e-08
-872.1344302018406 8.981855752170846 -0.00023202140826072165 9.155172265965366e-08
-862.4440476440359 8.981855752170846 -0.00023082123858065635 9.089955060187505e-08
-852.7536650862312 8.981855752170846 -0.00024137497067077212 9.02566043667052e-08
-843.0632825284265 8.981855752170846 -0.0002401158744971435 8.96226895624264e-08
-833.3728999706218 8.981855752170846 -0.00023887133127128163 8.899761721997979e-08
-823.6825174128171 8.981855752170846 -0.00023764107214322376 8.83812036060995e-08
-813.9921348550124 8.981855752170846 -0.0002364248351118392 8.777327004243883e-08
-804.3017522972077 8.981855752170846 -0.0002352223648032941 8.717364273348565e-08
-794.611369739403 8.981855752170846 -0.00023403341225816882 8.658215260049154e-08
-784.9209871815983 8.981855752170846 -0.00023285773472683097 8.599863512288198e-08
-775.2306046237936 8.981855752170846 -0.0002316950954726926 8.542293018541994e-08
-765.5402220659889 8.981855752170846 -0.0002305452635829955 8.48548819316434e-08
-755.8498395081842 8.981855752170846 -0.0002294080137867868 8.429433862385157e-08
-746.159456950496 8.981855752170846 -0.00022828312627978187 8.374115250708078e-08
-736.4690743926913 8.981855752170846 -0.00024107972359001768 8.319517967975201e-08
-726.7786918348866 8.981855752170846 -0.0002398767496922783 8.265627996892258e-08
-717.0883092770819 8.981855752170846 -0.00023868699991066428 8.212431681008421e-08
-707.3979267192772 8.981855752170846 -0.0002375102423215913 8.159915713202807e-08
-697.7075441614725 8.981855752170846 -0.00023634625061571987 8.108067124539593e-08
-688.0171616036678 8.981855752170846 -0.00023519480392497993 8.05687327365224e-08
-678.3267790458631 8.981855752170846 -0.00023405568665605024 8.006321836431998e-08
-668.6363964880584 8.981855752170846 -0.00023292868833000742 7.956400796132763e-08
-658.9460139302537 8.981855752170846 -0.00023181360342787962 7.907098433876351e-08
-649.255631372449 8.981855752170846 -0.00023071023124184755 7.858403319439677e-08
-639.5652488146443 8.981855752170846 -0.00022961837573185287 7.810304302473432e-08
-629.8748662568396 8.981855752170846 -0.0002285378453873821 7.762790503928942e-08
-620.1844836990349 8.981855752170846 -0.00031008101150677847 7.715851307907134e-08
-610.4941011412302 8.981855752170846 -0.00030841349187406053 7.669476353730844e-08
-600.8037185834255 8.981855752170846 -0.00030676566425018624 7.623655528296146e-08
-591.1133360256208 8.981855752170846 -0.00030513715962657604 7.578378958778548e-08
-581.4229534678161 8.981855752170846 -0.0003035276185104364 7.53363700547654e-08
-571.7325709100114 8.981855752170846 -0.00030193669061257997 7.489420255020878e-08
-562.0421883523231 8.981855752170846 -0.0003187119697439301 7.44571951374071e-08
-552.3518057945184 8.981855752170846 -0.0003170223329424022 7.402525801291355e-08
-542.6614232367137 8.981855752170846 -0.00031535228052967195 7.359830344529287e-08
-532.971040678909 8.981855752170846 -0.00031370145332550663 7.31762457154324e-08
-523.2806581211044 8.981855752170846 -0.00031206950119985386 7.275900105928178e-08
-513.5902755632997 8.981855752170846 -0.0003104560827830281 7.234648761234898e-08
-503.89989300549496 8.981855752170846 -0.00031775505318277423 7.193862535650932e-08
-494.20951044769026 8.981855752170846 -0.0003161122334506983 7.15353360676169e-08
-484.51912788988557 8.981855752170846 -0.00031448793019384454 7.113654326603604e-08
-474.82874533208087 8.981855752170846 -0.0003128818135727863 7.074217216801113e-08
-465.1383627742762 8.981855752170846 -0.00032836134629013724 7.03521496392195e-08
-455.4479802164715 8.981855752170846 -0.00032666471278211816 6.996640414896749e-08
-445.7575976586668 8.981855752170846 -0.0003249871685664452 6.958486572724148e-08
-436.0672151008621 8.981855752170846 -0.0003233283743761108 6.92074659216652e-08
-426.3768325430574 8.981855752170846 -0.0003216879992273787 6.883413775706614e-08
-416.6864499852527 8.981855752170846 -0.0003200657201625636 6.846481569556968e-08
-406.996067427448 8.981855752170846 -0.00031846122200249687 6.809943559844967e-08
-397.3056848696433 8.981855752170846 -0.0003168741971082488 6.773793468875955e-08
-387.6153023118386 8.981855752170846 -0.0003153043451517012 6.738025151553928e-08
-377.9249197541503 8.981855752170846 -0.00031375137289460297 6.702632591898348e-08
-368.2345371963456 8.981855752170846 -0.00031221499397563114 6.667609899667215e-08
-358.54415463854093 8.981855752170846 -0.00031069492870538693 6.632951307090733e-08
-348.85377208073623 8.981855752170846 -0.0003091909038686228 6.598651165692423e-08
-339.16338952293154 8.981855752170846 -0.0003650488342151638 6.564703943251193e-08
-329.47300696512684 8.981855752170846 -0.00036315294234998233 6.531104220793034e-08
-319.78262440732215 8.981855752170846 -0.00036127850733457765 6.497846689724392e-08
-310.09224184951745 8.981855752170846 -0.00035942514477894493 6.464926149032038e-08
-300.40185929171275 8.981855752170846 -0.00035759247978455453 6.432337502572557e-08
-290.71147673390806 8.981855752170846 -0.0003557801466451124 6.400075756450025e-08
-281.02109417610336 8.981855752170846 -0.00035398778855880365 6.368136016450792e-08
-271.33071161829866 8.981855752170846 -0.00035221505735150084 6.336513485566438e-08
-261.64032906049397 8.981855752170846 -0.00035046161321044167 6.305203461621535e-08
-251.94994650268927 8.981855752170846 -0.00034872712442791503 6.274201334899974e-08
-242.25956394488458 8.981855752170846 -0.00034701126715450543 6.24350258591512e-08
-232.56918138707988 8.981855752170846 -0.00034531372516148276 6.213102783206709e-08
-222.87879882927518 8.981855752170846 -0.0003436341896119326 6.18299758119124e-08
-213.1884162714705 8.981855752170846 -0.0003419723588402517 6.153182718117174e-08
-203.4980337136658 8.981855752170846 -0.0003403279381396465 6.123654014028069e-08
-193.8076511558611 8.981855752170846 -0.000338700639557295 6.094407368831268e-08
-184.1172685981728 8.981855752170846 -0.00033709018169686167 6.06543876038535e-08
-174.42688604036812 8.981855752170846 -0.0003354962895279453 6.036744242665316e-08
-164.73650348256342 8.981855752170846 -0.0003339186942024503 6.008319943960269e-08
-155.04612092475872 8.981855752170846 -0.000332357132877218 5.980162065139062e-08
-145.35573836695403 8.981855752170846 -0.0003308113485429393 5.952266877958937e-08
-135.66535580914933 8.981855752170846 -0.00032928108985897926 5.9246307234269344e-08
-125.97497325134464 8.981855752170846 -0.0003277661109938906 5.897250010168534e-08
-116.28459069353994 8.981855752170846 -0.0003262661714713855 5.870121212911576e-08
-106.59420813573524 8.981855752170846 -0.000324781036021545 5.8432408709481375e-08
-96.90382557793055 8.981855752170846 -0.0003233104744370574 5.816605586672673e-08
-87.21344302012585 8.981855752170846 -0.0003218542614342849 5.790212024149053e-08
-77.52306046232115 8.981855752170846 -0.0003485545581240182 5.764056907713395e-08
-67.83267790451646 8.981855752170846 -0.00038060610619664747 5.738137020621697e-08
-58.14229534671176 8.981855752170846 -0.0003787381954801289 5.712449203733259e-08
-48.451912788907066 8.981855752170846 -0.0003768904032828871 5.686990354224093e-08
-38.76153023110237 8.981855752170846 -0.0022023030431305617 5.6617574243397314e-08
-29.071147673297673 8.981855752170846 -0.002187021360947025 5.6367474201787524e-08
-19.380765115492977 8.981855752170846 -0.002171956014397042 5.61195740050449e-08
-9.690382557688281 8.981855752170846 -0.0021571023815431492 5.587384475598678e-08
0.0 8.981855752170846 -0.0021424559720969872 5.563025806129898e-08
9.690382557804696 6.16212639983364 0.015591346718703344 0.038050634573466
19.380765115609393 6.288895104884614 0.015475457990709129 0.037771067972767476
29.07114767341409 6.386651166398806 0.007348401169451629 0.0374955794883942
38.761530231218785 6.467849365472274 0.0072949101463394795 0.03722408053350893
48.45191278902348 6.538007904898452 0.007242185477843443 0.03695648506859891
58.14229534682818 6.600146253854131 0.007190210883755315 0.03669270951056854
67.83267790463287 6.656128752495789 0.007138970540569975 0.03643267264569776
77.52306046243757 6.707201564714712 0.007088449065610752 0.03617629554627524
87.21344302024227 6.754245993017318 0.007038631501811434 0.035923501490727185
96.90382557804696 6.797912226603384 0.006963181418206451 0.035674215887071356
106.59420813585166 6.838696005084091 0.0069149230604034755 0.03542836619953649
116.28459069365636 6.876985412805666 0.006821747369414629 0.03519002078347006
125.97497325146105 6.913090899468845 0.006775129652415831 0.034950802612074686
135.66535580926575 6.947265335250475 0.005958009581385007 0.03471481484599264
145.35573836707044 6.979717866225869 0.0059183027813316524 0.03448199248885138
155.04612092487514 7.010623761855969 0.0055033729029809455 0.034294012353792994
164.73650348267984 7.04013158574888 0.0054674557300023845 0.03406702610588854
174.42688604048453 7.068368528088224 0.005431998307394144 0.0338430249141569
184.1172685981728 7.095444444502851 0.005396991940509032 0.033621950278346024
193.8076511559775 7.1214549651326475 0.005362428150954129 0.03340374521693057
203.4980337137822 7.1464839226497805 0.005328298669960342 0.03318835421815953
213.1884162715869 7.1706052730148135 0.005294595431988297 0.03297572319295971
222.8787988293916 7.193884632671729 0.00526131056856722 0.032765799429651445
232.5691813871963 7.216380521763443 0.00522843640235439 0.03255853155038035
242.259563945001 7.238145379238487 0.0051959654414065895 0.03235386946919264
251.9499465028057 7.259226398966875 0.005163890373654964 0.03215176435168192
261.6403290606104 7.289575386106983 0.005132204061574763 0.03195216857613895
271.3307116184151 7.341337387620147 0.005100899537042225 0.03175503569614003
281.0210941762198 7.389354401915025 0.00506996999637098 0.03156032040451149
290.7114767340245 7.434131524176504 0.004707719253108058 0.0313679784986124
300.40185929182917 7.476076157394336 0.0046799563364620135 0.031177966846878836
310.09224184963387 7.515522024330014 0.004652513399398188 0.030990243356577088
319.78262440743856 7.552746127871867 0.004625385021371852 0.030804766942714813
329.47300696524326 7.5879810336703075 0.004598565901724464 0.030621497498062124
339.16338952304795 7.621423959110066 0.004572050856448222 0.030440395864236476
348.85377208085265 7.65324362668645 0.004553045255152243 0.03026158341520304
358.54415463865735 7.683585517820687 0.0039547074514009175 0.030162363458264767
368.2345371963456 7.712575959856511 0.00393323010187139 0.02998696727965983
377.9249197541503 7.7403253471411695 0.0039119765391238065 0.029813599573791157
387.615302311955 7.766930709513296 0.003888028245743358 0.029642509246681402
397.3056848697597 7.7924777821054025 0.0021592903048483474 0.029821913038303345
406.9960674275644 7.817042689246415 0.0021076868636241805 0.029651853697864394
416.6864499853691 7.840693326318374 0.002100030364029978 0.029483725133529492
426.3768325431738 7.863490502723388 0.0020923967610006248 0.029317494601266626
436.0672151009785 7.885488894100717 0.00208478701757199 0.029153130094640763
445.7575976587832 7.906737840892784 0.0020772020377627753 0.0289906003241139
455.4479802165879 7.927282022140817 0.0020696426695052668 0.028829874697040295
465.1383627743926 7.947162027204597 0.002062109707425895 0.028670923298329747
474.8287453321973 7.966414843395013 0.0020546038954838853 0.028513716871752796
484.519127890002 7.985074273893607 0.0020471259294758425 0.028358226801863336
494.2095104478067 8.003171297531635 0.0020396764594135526 0.0282044250965145
503.8998930056114 8.02073437981108 0.002032256091781972 0.028052284369945456
513.5902755634161 8.037789742824566 0.0020248653916838505 0.027901777826417482
523.2806581212208 8.054361600361371 0.0020175048848770733 0.027752879244378057
532.9710406790255 8.070472363391762 0.0020101750597105767 0.027605562961133832
542.6614232368302 8.086142820241042 0.0020028763689641264 0.02745980385801287
552.3518057945184 8.101392295051088 0.001995609231597261 0.027315577346000087
562.0421883523231 8.11623878754773 0.0018498568548365546 0.027172859351817784
571.7325709101278 8.130699096652735 0.0018436770848825343 0.02703162630446082
581.4229534679325 8.144788930094064 0.0018375149349849449 0.026891855122135665
591.1133360257372 8.158523001837725 0.0018313710322752446 0.026753523199613882
600.8037185835419 8.17191511889924 0.0018252459681333802 0.026616608395975287
610.4941011413466 8.184978258866629 0.0018191402998224333 0.026481089022728055
620.1844836991513 8.19772463927865 0.001813054552046184 0.026346943832292545
629.874866256956 8.210165779843347 0.0018069892184335728 0.026214152006835807
639.5652488147607 8.222312558347962 0.0018009447629537185 0.026082693147444266
649.2556313725654 8.234175260997661 0.0017949216212650207 0.02595254726362282
658.9460139303701 8.245763627823623 0.0017889202020016138 0.02582369476310874
668.6363964881748 8.257086893718682 0.0015578459061623075 0.02569611644198955
678.3267790459795 8.268153825587765 0.0015535437527347921 0.025569793475114174
688.0171616037842 8.278972756039698 0.0015111630462454416 0.02544470740678736
697.7075441615889 8.289551613994586 0.001507140232203412 0.02532084014173758
707.3979267193936 8.299897952535696 0.001503113580830265 0.02519817393634904
717.0883092771983 8.310018974295625 0.0014990839477285192 0.025076691390148835
726.778691835003 8.319921554632451 0.001495052152324005 0.024956375437540628
736.4690743928077 8.329612262822058 0.0014910189793385662 0.024837209339776588
746.159456950496 8.339097381466733 0.0014869851801982803 0.024719176677160854
755.8498395083006 8.34838292429844 0.0014829514743799838 0.02460226134146854
765.5402220661053 8.357474652532972 0.0014789185506997417 0.024486447528594024
775.23060462391 8.366378089917744 0.0014748870685452327 0.02437171973139314
784.9209871817147 8.375098536596804 0.0014708576590551816 0.024258062732733565
794.6113697395194 8.383641081905488 0.0014668309262483624 0.02414546159873857
804.3017522973241 8.39201061619452 0.0014628074481042998 0.024033901672218916
813.9921348551288 8.40021184177296 0.0014587877775981185 0.02392336856628691
823.6825174129335 8.408249283050038 0.0014547724436916145 0.02381384815814692
833.3728999707382 8.416127295947822 0.00145076195228256 0.023705326583056328
843.0632825285429 8.423850076649156 0.0014467567871141933 0.023597790228451775
852.7536650863476 8.431421669738915 0.001442757410646714 0.02349122572823536
862.4440476441523 8.438845975790837 0.0014387642648925442 0.023385619957215577
872.134430201957 8.446126758446955 0.0014347777722169058 0.023280960025698356
881.8248127597617 8.453267651032114 0.0014307983361054185 0.023177233274223292
891.5151953175664 8.460272162741907 0.00142682634190013 0.023074427268440643
901.2055778753711 8.467143684438678 0.0014228621575053655 0.02297252979412468
910.8959604331758 8.47388549408702 0.0014189061340648074 0.02287152885231917
920.5863429909805 8.480500761857126 0.00141495860661105 0.022771412654610905
930.2767255486688 8.486992554921759 0.0014110198946888951 0.022672169618528585
939.9671081064735 8.493363841970663 0.0014070903029532432 0.02257378836305606
949.6574906642782 8.49961749746257 0.0014031701217434795 0.022476257704274156
959.3478732220829 8.505756305635687 0.0013992596276342923 0.02237956665110379
969.0382557798875 8.511782964293184 0.0013953590839648187 0.02228370440116467
978.7286383376922 8.517700088380144 0.0013914687413466656 0.02218866033673938
988.4190208954969 8.5235102133667 0.0013875888381517784 0.02209442402084062
998.1094034533016 8.529215798450714 0.0013837196009810462 0.02200098519337866
