-1007.7997860109899 9.684501002034528 -0.01811558404114959 0.0075909564327522935
-998.1094034533016 9.685669418274772 -0.018021829232608803 0.007559425637430793
-988.4190208954969 9.686827881756718 -0.01792910312490876 0.007528190887765413
-978.7286383376922 9.687976538687375 -0.017837388171268863 0.0074972475710662935
-969.0382557798875 9.689115534746472 -0.01774666723337193 0.007466591177115601
-959.3478732220829 9.690245014972866 -0.017656923569232142 0.007436217295214263
-949.6574906642782 9.69136512365761 -0.017568140821506314 0.0074061216113322954
-939.9671081064735 9.69247600424367 -0.017480303006229804 0.00737629990535879
-930.2767255486688 9.693577799231893 -0.01739339450195832 0.007346748048447499
-920.5863429908641 9.69467065009306 -0.01731459016374405 0.007318518429201077
-910.8959604330594 9.695754697185764 -0.01722930921522615 0.0072894669043152265
-901.2055778752547 9.696830079679845 -0.017144922126310976 0.007260674742942609
-891.51519531745 9.697896935485165 -0.017061413936752156 0.007232138054793758
-881.8248127596453 9.698955401185463 -0.017078475296017602 0.007208665499615342
-872.1344302018406 9.700005611977002 -0.016994134288268174 0.007180505492749493
-862.4440476440359 9.701047701611873 -0.01691075642228777 0.00715259593519935
-852.7536650862312 9.702081802345608 -0.016828318908864808 0.007124932827357941
-843.0632825284265 9.703108044888985 -0.016746800158334886 0.00709751228914057
-833.3728999706218 9.704126558363761 -0.016706387392079074 0.00707208546241481
-823.6825174128171 9.705137470262123 -0.01662560251229903 0.007045093336320069
-813.9921348551288 9.70614090640972 -0.01654573051292961 0.007018335088801368
-804.3017522973241 9.707136990932081 -0.016495542820129317 0.006993265610915427
-794.6113697395194 9.708125846224165 -0.01642975075996126 0.006967404003045726
-784.9209871817147 9.709107592923031 -0.016351462702387475 0.006941278442723355
-775.23060462391 9.710082349883377 -0.01627405738775161 0.006915375135977732
-765.5402220661053 9.711050234155856 -0.01619751347968628 0.006889690664807965
-755.8498395083006 9.712011360967999 -0.01612181076402823 0.006864221710733409
-746.159456950496 9.71296584370768 -0.016046930048031018 0.006838965048841332
-736.4690743926913 9.71391379390895 -0.015972853071605037 0.006813917542440351
-726.7786918348866 9.714855321240233 -0.01594345854408688 0.006790252661962662
-717.0883092770819 9.715790533494618 -0.015869810160323884 0.006765584167173628
-707.3979267192772 9.716719536582367 -0.01580072903155659 0.006741235554528395
-697.7075441614725 9.717642434525391 -0.01572858624173973 0.006716964599292918
-688.0171616036678 9.71855932945368 -0.015657220751392274 0.0066928897367689606
-678.3267790458631 9.719470321603602 -0.015586614782652504 0.006669008170577476
-668.6363964880584 9.720375509318025 -0.015516751433454415 0.006645317175920918
-658.9460139302537 9.721274989048116 -0.015447614603408098 0.006621814095948835
-649.255631372449 9.722168855356864 -0.015379188928115437 0.006598496338449258
-639.5652488146443 9.723057200924165 -0.01531145972077063 0.006575361372825594
-629.874866256956 9.723940116553468 -0.015244412920075444 0.006552406727324833
-620.1844836991513 9.72481769117992 -0.015178035043641493 0.006529629986486031
-610.4941011413466 9.725690011879887 -0.015112313146191785 0.006507028788788022
-600.8037185835419 9.726557163881873 -0.015047234781947774 0.006484600824469095
-591.1133360257372 9.727419230578786 -0.014982787970702245 0.006462343833503987
-581.4229534679325 9.72827629354141 -0.014918961167133057 0.0064402556037202975
-571.7325709101278 9.729128432533125 -0.015013581384049842 0.0064183339690403315
-562.0421883523231 9.72997572552574 -0.014946931586985962 0.006396576807836099
-552.3518057945184 9.730818248716469 -0.014881070170968725 0.006374982041386512
-542.6614232367137 9.731656076545901 -0.014852176679130306 0.006353547632427331
-532.971040678909 9.732489281717026 -0.014786880843929522 0.00633227158378541
-523.2806581211044 9.733317935215126 -0.014731361813823738 0.00631134943072766
-513.5902755632997 9.734142106328614 -0.014665928689306737 0.006290449792357904
-503.89989300549496 9.734961862670675 -0.014616734243891769 0.006269630615460909
-494.20951044769026 9.735777270201707 -0.01455383738117448 0.006248962510266796
-484.51912788988557 9.73658839325245 -0.01449164779938678 0.006228443638797138
-474.82874533208087 9.737395294547863 -0.014430145466404596 0.006208072198550404
-465.1383627742762 9.738198035231528 -0.01436931157442297 0.006187846421310416
-455.4479802164715 9.738996674890751 -0.014357286872209904 0.00616776457203122
-445.7575976587832 9.739791271582048 -0.014355110344118188 0.006147824947790518
-436.0672151009785 9.740581881857247 -0.014293512442865348 0.00612802587680322
-426.3768325431738 9.74136856078988 -0.01423264941787863 0.006108365717492747
-416.6864499853691 9.74215136200205 -0.014172497613994183 0.006088842857610006
-406.9960674275644 9.742930337691572 -0.014113034975894194 0.00606945571339918
-397.3056848697597 9.743705538659436 -0.014054240889194086 0.006050202728804858
-387.615302311955 9.744477014337459 -0.014457353069967153 0.006031082374717331
-377.9249197541503 9.74524481281618 -0.014387845593535202 0.006012093148252895
-368.2345371963456 9.74600898087286 -0.017075432136764903 0.00599323357206653
-358.54415463854093 9.74676956399963 -0.016937309964497615 0.00597450219369445
-348.85377208073623 9.747526606431673 -0.016803858916815392 0.005955897584924429
-339.16338952293154 9.748280151175447 -0.016674765600153327 0.005937418341191925
-329.47300696512684 9.749030240036923 -0.016549745837911016 0.005919063081000292
-319.78262440732215 9.749776913649729 -0.01721464738599725 0.005900830445363459
-310.09224184951745 9.750520211503265 -0.017076663621110964 0.005882719097269727
-300.40185929171275 9.751260171970673 -0.016943072617478492 0.005864727721165349
-290.71147673390806 9.751996832336676 -0.01681360166464998 0.005846855022456724
-281.02109417610336 9.752730228825245 -0.016688001642043874 0.005829099727030136
-271.33071161829866 9.753460396627068 -0.016615783145921294 0.005812890520636994
-261.64032906049397 9.754187369926765 -0.016495991882988066 0.00579532984278652
-251.9499465028057 9.754911181929893 -0.016379504944230835 0.005777884675903058
-242.259563945001 9.755631864889668 -0.01626614061427293 0.0057605536914969524
-232.5691813871963 9.756349450133325 -0.018488515029575724 0.006946199891731075
-222.8787988293916 9.757063968088243 -0.018320838911997813 0.006898120769609361
-213.1884162715869 9.7577754483077 -0.018158835400589924 0.006851707015831521
-203.4980337137822 9.758483919496255 -0.018002150131519623 0.0068068431788751976
-193.8076511559775 9.759189409534791 -0.01785045942779021 0.00676342475396976
-184.1172685981728 9.759891945505144 -0.017703466972367205 0.00672135690705411
-174.42688604036812 9.76059155371437 -0.01756090091098442 0.006680553373342083
-164.73650348256342 9.761288259718556 -0.017422511320568726 0.006640935503237665
-155.04612092475872 9.761982088346246 -0.017288067990001054 0.006602431433099463
-145.35573836695403 9.762673063721417 -0.01715735846869754 0.006564975362196817
-135.66535580914933 9.763361209286044 -0.01703018634566087 0.006528506920320087
-125.97497325134464 9.764046547822174 -0.016906369727537045 0.006492970613052659
-116.28459069353994 9.764729101473591 -0.016785739889068094 0.0064583153337976805
-106.59420813573524 9.765408891767018 -0.016668140073354116 0.006424493933368973
-96.90382557793055 9.76608593963283 -0.01655342442268478 0.006391462839373658
-87.21344302012585 9.766760265425335 -0.016441457023495906 0.006359181718790958
-77.52306046232115 9.76743188894258 -0.016332111051350368 0.006327613178131599
-67.83267790463287 9.768100829445697 -0.016225268003815973 0.006296722496381719
-58.14229534682818 9.768767105677787 -0.01612081701076896 0.00626647738661994
-48.45191278902348 9.769430735882297 -0.01601865421308947 0.006236847782782142
-38.761530231218785 9.770091737820993 -0.015918682201869257 0.006207805648524078
-29.07114767341409 9.77075012879143 -0.01582080951131879 0.006179324805558492
-19.380765115609393 9.77140592564399 -0.015724950159408026 0.006151380779187062
-9.690382557804696 9.77205914479842 -0.01563102323103331 0.0061239506590496035
0.0 6.873531173777513 0.011194900380570432 0.03783015632002511
9.690382557804696 7.05076501580747 0.010589189588579236 0.0369775406705262
19.380765115609393 7.168391324099016 0.01001708240968653 0.03616730338610633
29.07114767341409 7.260871279823127 0.009476020885181798 0.03539631426374057
38.761530231218785 7.338529883950058 0.008963696851413617 0.034661744780204354
48.45191278902348 7.4061369862471675 0.008478022320738713 0.033961032571289546
58.14229534682818 7.466361369237072 0.008017103969527808 0.03329185081663317
67.83267790463287 7.5208742941819375 0.007579221084654658 0.03265208175732394
77.52306046243757 7.57080394011693 0.007162806434281621 0.032039793709557104
87.21344302024227 7.616954041272931 0.006766429620945561 0.03145322104732836
96.90382557804696 7.659920954059328 0.006388782549624672 0.030890746716051454
106.59420813585166 7.700161471705159 0.006028666704249691 0.030350886911357348
116.28459069353994 7.738034561283479 0.005684981975829268 0.02983227761653206
125.97497325134464 7.77382831918942 0.0053567168261515015 0.029333662740635345
135.66535580914933 7.807778077974888 0.005042939604777338 0.028853883639589954
145.35573836695403 7.840078973633288 0.004742790864778068 0.0283918698355442
155.04612092475872 7.8708949126735535 0.004455476545991499 0.0279466307776619
164.73650348256342 7.900365123824203 0.004180261913823068 0.027517248510425564
174.42688604036812 7.928609044352033 0.0039164661578420966 0.02710287113490132
184.1172685981728 7.955730030470573 0.003663457568026571 0.026702706964645963
193.8076511559775 7.981818219932205 0.0030058110759736798 0.026349291412754265
203.4980337137822 8.006952771952752 0.002783459029533704 0.025974527428904947
213.1884162715869 8.031203642228476 0.00256970435170417 0.02561195712158524
222.8787988293916 8.05463300566572 0.0023641134797839523 0.025260979110383105
232.5691813871963 8.077296408577734 0.002166280401081254 0.024921031150625716
242.259563945001 8.09924371060264 0.001702921586915933 0.024609279846184974
251.9499465028057 8.12051986136556 0.0015264980875235822 0.024289391785247198
261.6403290606104 8.141165545952031 0.0013564083506429126 0.023979074683850597
271.3307116184151 8.161217725268164 0.0011923631727982131 0.023677892587023106
281.0210941762198 8.180710091458165 0.001034089645938408 0.023385435807910047
290.7114767340245 8.19967345413514 0.0008813301021056111 0.02310131897154867
300.40185929171275 8.218136069843919 0.0007338411294199741 0.02282517923153277
310.09224184951745 8.236123924628405 0.0005823532074114482 0.02255688544782828
319.78262440732215 8.253660977607558 0.0004449610200154877 0.022295688032160414
329.47300696512684 8.27076937194497 0.00031217410357913547 0.022041499022188868
339.16338952293154 8.287469618392437 -0.0004332047011279301 0.021853320724935565
348.85377208073623 8.303780755647063 -0.0005414753523110841 0.021610775316940525
358.54415463854093 8.319720491007876 -0.0006464897262985255 0.02137449766978838
368.2345371963456 8.335305324215438 -0.0007306161291329651 0.021144238347113473
377.9249197541503 8.350550656872679 -0.0008298868603096326 0.020919761188445248
387.615302311955 8.36547088945107 -0.0009261909350891311 0.020700842422808167
397.3056848697597 8.380079507565448 -0.0010196279868178104 0.02048726985413955
406.9960674275644 8.39438915893731 -0.0011102943867710188 0.020278842111580084
416.6864499853691 8.408411722249713 -0.001198283250366677 0.02007536795848831
426.3768325431738 8.422158368917126 -0.0028871060485778158 0.020128086146113357
436.0672151009785 8.435639618644283 -0.0029290220244112606 0.019927556417185154
445.7575976587832 8.448865358757564 -0.002970563610645703 0.019731781572050692
455.4479802165879 8.4741913924496 -0.0030116623312158044 0.01954058162706867
465.1383627743926 8.498982252115942 -0.0030522609048725113 0.019353786206179096
474.8287453321973 8.522898282960837 -0.0030923116911128357 0.01917123384874148
484.519127890002 8.545996757813743 -0.0031317753627799995 0.018992771383091585
494.20951044769026 8.568329344976947 -0.0031650567886763966 0.018818253357842953
503.89989300549496 8.58994282200945 -0.0032033972782215436 0.018647541524131294
513.5902755632997 8.610879678788299 -0.0032410649626215984 0.018480504363022298
523.2806581211044 8.631178630047291 -0.0032780443959343594 0.018317016653043815
532.971040678909 8.650875053362212 -0.0033419778080957707 0.018157571885348868
542.6614232367137 8.670001365325515 -0.0033768383863663656 0.01800081488883483
552.3518057945184 8.688587346153144 -0.0034110217509688828 0.01784726644522948
562.0421883523231 8.706660421018949 -0.003444522742303219 0.017696822803433168
571.7325709101278 8.724245904880972 -0.0034773386556994643 0.017549384822290907
581.4229534679325 8.74136721635073 -0.0034896563591186873 0.017404857704826592
591.1133360257372 8.758046065188733 -0.0035216139039463035 0.01726315075183463
600.8037185835419 8.774302617231449 -0.0035528640755561045 0.01712417713307686
610.4941011413466 8.79015563992572 -0.0035834129373774532 0.01698785367452658
620.1844836991513 8.805622631134717 -0.003613267526288197 0.016854100660269038
629.874866256956 8.820719933460419 -0.003642435703725811 0.016722841647814426
639.5652488147607 8.835462835982806 -0.0036709260250701184 0.016594003295707455
649.2556313725654 8.849865665030922 -0.003698747625042986 0.016467515202429887
658.9460139303701 8.86394186536386 -0.0037504146854397302 0.016343829111046145
668.6363964881748 8.877704072942231 -0.003776298056250561 0.016221827993912575
678.3267790458631 8.891164180304562 -0.003801574224416319 0.016101982780096735
688.0171616036678 8.904333395424905 -0.0038262514357969226 0.015984233363711766
697.7075441614725 8.917222294806633 -0.003850338343508798 0.015868521918605338
707.3979267192772 8.929840871473209 -0.00387384393015304 0.01575479278820613
717.0883092770819 8.942198578426018 -0.003890016265673064 0.015642992381940404
726.7786918348866 8.9543043680701 -0.003912561030972422 0.015533069077735358
736.4690743926913 8.966166728045357 -0.003945707182556865 0.015425199500551547
746.159456950496 8.97779371384732 -0.003966853206192493 0.015318877163092808
755.8498395083006 8.989192978575494 -0.003987472423805647 0.015214288268917098
765.5402220661053 9.000371800107285 -0.004007574126891354 0.01511138818124712
775.23060462391 9.011337105960775 -0.00402716766252175 0.01501013382370805
784.9209871817147 9.022095496079467 -0.004046262401722064 0.014910483611202513
794.6113697395194 9.032653263745624 -0.00406486771214554 0.014812397384532543
804.3017522973241 9.043016414805802 -0.004082992934495013 0.014715836348524377
813.9921348551288 9.053190685371877 -0.00410064736221554 0.01462076301343069
823.6825174129335 9.063181558142942 -0.004117840224047372 0.014527141139402153
833.3728999707382 9.072994277477855 -0.00413458066908325 0.014434935683836098
843.0632825285429 9.082633863334282 -0.004150877754021011 0.014344112751424281
852.7536650863476 9.092105124177715 -0.004166740432342188 0.01425463954673478
862.4440476440359 9.101412668953214 -0.004182177545181581 0.014166484329175834
872.1344302018406 9.110560918203449 -0.00419719781368344 0.01407961637019345
881.8248127596453 9.119554114406021 -0.0042118098326614705 0.01399400591258609
891.51519531745 9.128396331599223 -0.0042260220654084385 0.013909624131792519
901.2055778752547 9.137091484354718 -0.00423984283951365 0.013826443099053898
910.8959604330594 9.14564333615206 -0.004253280343567282 0.013744435746337096
920.5863429908641 9.154055507203855 -0.004266342624643493 0.013663575832920365
930.2767255486688 9.162331481775603 -0.004279037586467364 0.013583837913548434
939.9671081064735 9.17047461504017 -0.004291372988181544 0.013505197308069768
949.6574906642782 9.178488139502981 -0.004303356443638399 0.01342763007247482
959.3478732220829 9.186375171030704 -0.004314995421151849 0.013351112971258764
969.0382557798875 9.194138714513105 -0.004326297243650743 0.013275623451037537
978.7286383376922 9.201781669185149 -0.004337269089182102 0.013201139615350122
988.4190208954969 9.209306833633981 -0.004347917991718532 0.013127640200584292
998.1094034533016 9.216716910513234 -0.004358250842229145 0.013055104552966941
