-1007.7997860109899 11.111285487296929 -0.013810900791901996 0.008674277959936862
-998.1094034531852 11.1107282795527 -0.013716486603272864 0.008614792310773547
-988.4190208953805 11.110216732886235 -0.013623362030333786 0.0085561175406311
-978.7286383375758 11.109749854483107 -0.013531500707961578 0.00849823717149189
-969.0382557797711 11.109326652543393 -0.013440876987661055 0.00844113516903911
-959.3478732219664 11.108946137071579 -0.013351465913296768 0.008384795927815498
-949.6574906641617 11.10860732064994 -0.013263243197807424 0.008329204256974048
-939.9671081064735 11.108309219195679 -0.013176185200857846 0.00827434536659395
-930.2767255486688 11.108050852701473 -0.01309026890737833 0.008220204854531992
-920.5863429908641 11.107831245958918 -0.013005471906965741 0.00816676869379455
-910.8959604330594 11.107649429263793 -0.01292177237408606 0.008114023220393809
-901.2055778752547 11.107504439102026 -0.01283914904905704 0.008061955121675951
-891.51519531745 11.107395318815167 -0.012757581219769245 0.00801055142509634
-881.8248127596453 11.10732111924393 -0.012677048704113247 0.007959799487422519
-872.1344302018406 11.107280899348602 -0.012597531833081212 0.007909686984346057
-862.4440476440359 11.107273726804978 -0.012519011434512796 0.007860201900485307
-852.7536650862312 11.107298678574683 -0.012441468817456764 0.00781133251976204
-843.0632825284265 11.107354841448778 -0.012364885757121285 0.007763067416135671
-833.3728999706218 11.107441312563754 -0.012289244480387068 0.007715395444679777
-823.6825174128171 11.107557199889124 -0.012214527651858934 0.007668305732986097
-813.9921348550124 11.107701622685905 -0.012140718360432508 0.0076217876728822175
-804.3017522972077 11.107873711935618 -0.012067800106353967 0.0075758309124495495
-794.611369739403 11.108072610739425 -0.011995756788751732 0.007530425348329038
-784.9209871815983 11.108297474687213 -0.011924572693620192 0.007485561118302541
-775.2306046237936 11.108547472196696 -0.011854232482236314 0.0074412285941384436
-765.5402220659889 11.10882178482256 -0.011784721179991067 0.007397418374690535
-755.8498395083006 11.10911960753598 -0.011716024165619204 0.007354121279240354
-746.159456950496 11.109440148974896 -0.011648127160805983 0.007311328341069864
-736.4690743926913 11.10978263166543 -0.011581016220167559 0.007269030801262894
-726.7786918348866 11.11014629221519 -0.011514677721573571 0.00722722010271583
-717.0883092770819 11.110530381479066 -0.011449098356810067 0.007185887884356837
-707.3979267192772 11.110934164698259 -0.01138426512256426 0.007145025975562202
-697.7075441614725 11.111356921613451 -0.011320165311718951 0.007104626390762533
-688.0171616036678 11.111797946552905 -0.011256786504944218 0.0070646813242312735
-678.3267790458631 11.112256548496555 -0.01119411656257467 0.007025183145048447
-668.6363964880584 11.112732051116962 -0.011132143616760879 0.006986124392232699
-658.9460139302537 11.113223792798175 -0.01107085606388428 0.006947497770035211
-649.255631372449 11.113731126633544 -0.011010242557225297 0.006909296143389166
-639.5652488146443 11.114253420403525 -0.010950291999874743 0.006871512533508833
-629.8748662568396 11.114790056534503 -0.01089099353787928 0.006834140113632554
-620.1844836990349 11.115340432039682 -0.010835085487898612 0.006797172204904171
-610.4941011412302 11.11590395844315 -0.010783701524793382 0.0067606022723876585
-600.8037185834255 11.116480061688062 -0.010726169926512983 0.0067244239212099766
-591.1133360256208 11.117068182030048 -0.010669252677587634 0.006688630892827361
-581.4229534678161 11.117667773916798 -0.01061293991087014 0.006653217061410416
-571.7325709100114 11.118278305854835 -0.010557221972359676 0.006618176430343707
-562.0421883523231 11.118899260264413 -0.010502089415314653 0.00658350312883597
-552.3518057945184 11.119530133323527 -0.010447532994567769 0.006549191408634479
-542.6614232367137 11.120170434801814 -0.010393543661043921 0.006515235640845914
-532.971040678909 11.120819687885392 -0.010340112556459027 0.006481630312851716
-523.2806581211044 11.121477428993353 -0.010287231008201569 0.006448370025320611
-513.5902755632997 11.122143207586731 -0.010234890524385148 0.0064154494893124215
-503.89989300549496 11.122816585970792 -0.010183082789065408 0.006382863523470293
-494.20951044769026 11.123497139091308 -0.010131799657614496 0.0063506070512982064
-484.51912788988557 11.124184454325576 -0.010081033152246554 0.006318675098520779
-474.82874533208087 11.124878131268837 -0.010030775457688025 0.00628706279052245
-465.1383627742762 11.125577781516707 -0.00998101891698704 0.0062557653498633
-455.4479802164715 11.126283028444323 -0.00993175602745623 0.006224778093868808
-445.7575976586668 11.126993506982645 -0.009882979436743818 0.006194096432291033
-436.0672151008621 11.127708863392566 -0.009834681939027904 0.006163715865038738
-426.3768325430574 11.128428755037287 -0.009786856471329243 0.006133631979974077
-416.6864499852527 11.129152850153465 -0.009739496109937995 0.006103840450773632
-406.996067427448 11.129880827621541 -0.009692594066950094 0.006074337034851563
-397.3056848696433 11.130612376735739 -0.009646143686909197 0.006045117571342808
-387.6153023118386 11.131347196974058 -0.00960013844355023 0.006016177979144316
-377.9249197541503 11.132084997768663 -0.009554571936641403 0.005987514255012689
-368.2345371963456 11.132825498277068 -0.009509437888917789 0.005959122471714345
-358.54415463854093 11.133568427154227 -0.009464730143111336 0.005930998776231543
-348.85377208073623 11.13431352232614 -0.009420442659063005 0.005903139388015655
-339.16338952293154 11.135060530764937 -0.009376569510922252 0.005875540597291213
-329.47300696512684 11.135809208265904 -0.009333104884427476 0.005848198763407036
-319.78262440732215 11.136559319226539 -0.009290043074265205 0.005821110313233263
-310.09224184951745 11.137310636427948 -0.00924737848150525 0.005794271739602783
-300.40185929171275 11.138062940818687 -0.009205105611109215 0.0057676795997956675
-290.71147673390806 11.138816021301276 -0.009163219069509836 0.005741330514065198
-281.02109417610336 11.139569674521512 -0.00912171356225878 0.00571522116420417
-271.33071161829866 11.140323704660737 -0.009080583891740554 0.005689348292150202
-261.64032906049397 11.141077923231164 -0.00903982495495033 0.005663708698628815
-251.94994650268927 11.141832148874366 -0.008999431741333545 0.005638299241833095
-242.25956394488458 11.142586207163086 -0.00895939933068524 0.0056131168361387655
-232.56918138707988 11.143339930406318 -0.008919722891107167 0.0055881584508536255
-222.87879882927518 11.144093157457911 -0.008880397677020783 0.00556342110900023
-213.1884162714705 11.144845733528575 -0.00884141902723432 0.0055389018861308065
-203.4980337136658 11.145597510001474 -0.00880278236306217 0.005514597909173428
-193.8076511559775 11.14634834425136 -0.008764483186495363 0.005490506355308746
-184.1172685981728 11.147098099467364 -0.008726517078418804 0.005466624450874659
-174.42688604036812 11.147846644479323 -0.008688879696880581 0.005442949470302326
-164.73650348256342 11.14859385358785 -0.00865156677540262 0.0054194787350769266
-155.04612092475872 11.149339606397998 -0.008614574121338212 0.005396209612726606
-145.35573836695403 11.15008378765658 -0.008577897614272216 0.005373139515837156
-135.66535580914933 11.150826287093151 -0.008541533204463075 0.0053502659010918555
-125.97497325134464 11.151566999264606 -0.008505476911325336 0.0053275862683357916
-116.28459069353994 11.152305823403408 -0.008520463495906256 0.005306491394605073
-106.59420813573524 11.153042663269405 -0.008484320485227743 0.005284173393945791
-96.90382557793055 11.153777427005213 -0.00844849263297654 0.005262042635997862
-87.21344302012585 11.154510026995162 -0.008412975481385372 0.005240096764001698
-77.52306046232115 11.155240379727713 -0.009091175131710963 0.005218333461090287
-67.83267790451646 11.155968405661376 -0.009046609047740956 0.0051967504494168605
-58.14229534671176 11.156694029094018 -0.009002598850407394 0.005175345489307731
-48.451912788907066 11.157417178035612 -0.008959130263267088 0.005154116378439224
-38.76153023110237 11.158137784084277 -0.008916189627558514 0.005133060951037755
-29.071147673297673 11.158855782305638 -0.00966916006519586 0.005112177077102155
-19.380765115492977 11.159571111115408 -0.009616381696539248 0.005091462661647348
-9.690382557804696 11.160283712165176 -0.009564385942605417 0.005070915643968837
0.0 11.160993530231378 -0.012377662833180765 0.0051139762718855585
9.690382557804696 8.646559173713005 -0.006786734982508763 0.030261277363519423
19.380765115609393 8.859532561484468 -0.006773991709597063 0.02989879081212278
29.07114767341409 9.003732569016542 -0.0067609338109400115 0.02954563406712592
38.761530231218785 9.116369403474902 -0.006747582790259134 0.029201441722065742
48.45191278902348 9.209930771384629 -0.006733958823084943 0.028865867362488563
58.14229534682818 9.290424281150354 -0.00672008085018171 0.0285385823448679
67.83267790463287 9.36128259021273 -0.006705966663385831 0.028219274668606124
77.52306046243757 9.424682090830368 -0.007147691010638656 0.02795354868394072
87.21344302024227 9.482103314316682 -0.007126962471751428 0.027648698009153375
96.90382557804696 9.534606160576411 -0.007271612774160066 0.02739407671069294
106.59420813585166 9.5829794242056 -0.007248611052914046 0.027102683984598617
116.28459069365636 9.627828347315445 -0.007225659987743062 0.026817955226176228
125.97497325146105 9.669628945944435 -0.007202763673236157 0.026539657674871618
135.66535580926575 9.708763317584447 -0.007179925916863262 0.026267569390389035
145.35573836707044 9.745543474224055 -0.007157150257515199 0.02600147862916898
155.04612092487514 9.780227946657932 -0.007134439982735134 0.025741183263537977
164.73650348267984 9.813033666983834 -0.007111798144744243 0.025486490240160056
174.42688604036812 9.84414467051198 -0.007089227575355532 0.025237215074723977
184.1172685981728 9.873718597787287 -0.007066730899860018 0.024993181380049963
193.8076511559775 9.901891639519171 -0.00704431054996773 0.024754220425107134
203.4980337137822 9.928782356748165 -0.007021968775869932 0.024520170722548126
213.1884162715869 9.954494673653608 -0.006999707657492536 0.024290877642672282
222.8787988293916 9.979120251742218 -0.0069775291149993725 0.024066193051845673
232.5691813871963 10.002740394571484 -0.006976325543921542 0.02384597497359105
242.259563945001 10.02542759133666 -0.006954034619021128 0.023630087270705594
251.9499465028057 10.047246779188129 -0.00693183871610847 0.023418399346899422
261.6403290606104 10.068256383992525 -0.006915838514359102 0.023210785866569432
271.3307116184151 10.088509184776365 -0.006893752555379506 0.023007126491435007
281.0210941762198 10.108053036555646 -0.006913403006167564 0.022809589145746805
290.7114767340245 10.126931478487101 -0.006890810590670788 0.022613467968457975
300.40185929182917 10.145184248476374 -0.006870674052815984 0.02242096502677714
310.09224184963387 10.162847720991783 -0.006848429669157885 0.022231980867923825
319.78262440743856 10.179955281473534 -0.006826302512589604 0.02204641667158274
329.47300696524326 10.19653764812484 -0.006804292423448108 0.02186417733063886
339.16338952304795 10.212623149831208 -0.006782399208643919 0.021685171277553445
348.85377208085265 10.228237967338856 -0.006766244475170119 0.021509310320409872
358.54415463854093 10.243406343533051 -0.006749240809201136 0.021336509488008592
368.2345371963456 10.258150767620386 -0.006727558644933952 0.02116668688342097
377.9249197541503 10.277816337391197 -0.006705995946987197 0.020999763545497603
387.615302311955 10.29799022633681 -0.0066845522377803526 0.02083566331779192
397.3056848697597 10.317403487621375 -0.00666322702378463 0.020674312724468437
406.9960674275644 10.336106402870799 -0.006642019796471052 0.020515640852753602
416.6864499853691 10.354144558179105 -0.006649399886440702 0.020359579241531665
426.3768325431738 10.371559391844658 -0.006628038054681288 0.020206061775713918
436.0672151009785 10.388388665749217 -0.006621843935161082 0.020055024586034677
445.7575976587832 10.404666873000007 -0.006600530745565842 0.0199064059539514
455.4479802165879 10.420425591918422 -0.0065793479437155356 0.019760146221347773
465.1383627743926 10.435693794530414 -0.006558294356705105 0.01961618770475887
474.8287453321973 10.450498116238911 -0.006537368832928505 0.019474474613856103
484.519127890002 10.46486309221913 -0.0065294147909473995 0.01933495297394703
494.2095104478067 10.478811365185067 -0.006508566885260537 0.019197570552260724
503.8998930056114 10.49236386846297 -0.006487848415492411 0.019062276787804817
513.5902755634161 10.50553998772734 -0.006467258116320579 0.01892902272459342
523.2806581212208 10.518357704272455 -0.0064467947483978156 0.018797760948058358
532.9710406790255 10.530833722284536 -0.007232238594944466 0.018777286546852633
542.6614232368302 10.54298358222997 -0.007201131217051676 0.018648401423389784
552.3518057945184 10.554821762173246 -0.007170437847990436 0.01852141425966598
562.0421883523231 10.566361768578352 -0.00714014586081366 0.01839628167815721
571.7325709101278 10.577616217918932 -0.007126531561375743 0.018272961647364486
581.4229534679325 10.588596910233589 -0.007096785473659292 0.01815141342881782
591.1133360257372 10.599314895591947 -0.007067412371528909 0.018031597526639367
600.8037185835419 10.609780534299098 -0.007038401635282524 0.017913475639509093
610.4941011413466 10.620003551546024 -0.007009743134287421 0.017797010614897187
620.1844836991513 10.629993087113583 -0.006981427197458924 0.017682166405435414
629.874866256956 10.639757740653895 -0.006953444585878159 0.01756890802730782
639.5652488147607 10.649305613002864 -0.006925786467369906 0.017457201520549373
649.2556313725654 10.65864434391914 -0.006898444392878715 0.017347013911148266
658.9460139303701 10.667781146595685 -0.006871410274496299 0.017238313174854216
668.6363964881748 10.676722839249313 -0.006844676365006893 0.017131068202601643
678.3267790459795 10.685475874058511 -0.006818235238829446 0.017025248767461785
688.0171616037842 10.694046363690626 -0.006792079774246363 0.016920825493043853
697.7075441615889 10.702440105634217 -0.006766203136818302 0.016817769823269556
707.3979267193936 10.710662604530523 -0.006740598763893597 0.016716053993450497
717.0883092771983 10.71871909267918 -0.006715260350128566 0.016615651002601744
726.778691835003 10.726614548876585 -0.006690181833942405 0.016516534586929192
736.4690743926913 10.734353715730629 -0.006665357384837119 0.016418679194432982
746.159456950496 10.741941115583087 -0.0066407813915167 0.016322059960564517
755.8498395083006 10.749381065157188 -0.006616448450751455 0.016226652684902584
765.5402220661053 10.756677689040863 -0.006592353356927715 0.01613243380877573
775.23060462391 10.763834932103164 -0.006568491092238125 0.016039380393802226
784.9209871817147 10.770856570934802 -0.00654485681746525 0.015947470101296782
794.6113697395194 10.777746224395305 -0.006521445863317232 0.015856681172503717
804.3017522973241 10.784507363342156 -0.006496800871809594 0.0157670447700003
813.9921348551288 10.791143319610898 -0.006473843054269862 0.015678434802050202
823.6825174129335 10.797657294309069 -0.006451094954041283 0.015590884234358733
833.3728999707382 10.804052365481713 -0.006428552526041095 0.015504373444656409
843.0632825285429 10.810331495200865 -0.006406211857702368 0.015418883302912252
852.7536650863476 10.81649753612726 -0.006384069162984962 0.015334395155773346
862.4440476441523 10.822553237588128 -0.006362120776719189 0.015250890811598136
872.134430201957 10.828501251211213 -0.006340363149260582 0.015168352526056993
881.8248127597617 10.834344136151786 -0.006318792841435912 0.015086762988274582
891.5151953175664 10.840084363946113 -0.00629740651976188 0.015006105307490272
901.2055778753711 10.845724323022072 -0.006276200951919456 0.014926363000213716
910.8959604331758 10.851266322894904 -0.0062551730024677935 0.014847519977854199
920.5863429908641 10.856712598073646 -0.006234319628783262 0.014769560534803968
930.2767255486688 10.86206531170201 -0.006213637877208263 0.014692469336950714
939.9671081064735 10.867326558954135 -0.006193124879400798 0.01461623141061454
949.6574906642782 10.872498370206053 -0.006172777848867824 0.014540832131873125
959.3478732220829 10.87758271399979 -0.006152594077675063 0.014466257216272517
969.0382557798875 10.882581499816764 -0.006132570933321347 0.01439249270890185
978.7286383376922 10.887496580675485 -0.006112705855768127 0.014319524974817855
988.4190208954969 10.892329755567095 -0.0060929963546151 0.01424734068980469
998.1094034533016 10.897082771741374 -0.006288897202519096 0.014175926831455297
