-1007.7997860111063 9.530216829476888 -0.009456782642599847 0.012278681511337274
-998.1094034533016 9.53199049295868 -0.009412826916919257 0.012209809741587894
-988.4190208954969 9.533759793792223 -0.009369392151040712 0.012141822710579175
-978.7286383376922 9.535524657782252 -0.009326467971222505 0.012074702443389894
-969.0382557798875 9.537285013149615 -0.009284044290151002 0.012008431459815432
-959.3478732220829 9.539040790559035 -0.009242111296950233 0.011942992757317396
-949.6574906642782 9.540791923127307 -0.009200659447610173 0.01187836979467594
-939.9671081064735 9.542538346413734 -0.00915967945581317 0.01181454647631133
-930.2767255486688 9.544279998394838 -0.009119162284139316 0.011751507137242852
-920.5863429908641 9.546016819425093 -0.009079099135632467 0.011689236528655054
-910.8959604330594 9.54774875218559 -0.009746436813915198 0.011627719804042843
-901.2055778752547 9.549475741622297 -0.010368971394259636 0.01156694250590844
-891.51519531745 9.551197734875608 -0.010295603412295073 0.01150689055298477
-881.8248127596453 9.552914681202818 -0.01022436442158219 0.011447550227961014
-872.1344302018406 9.554626531894964 -0.01015512335340125 0.011388908165687451
-862.4440476440359 9.55633324018944 -0.01008776093667179 0.011330951341837862
-852.7536650863476 9.558034761179727 -0.01002216835913181 0.011273667062009529
-843.0632825285429 9.559731051723503 -0.009958246108295732 0.011217042951237235
-833.3728999707382 9.561422070349938 -0.00989590296458851 0.011161066943912926
-823.6825174129335 9.563107777167605 -0.009835055123772384 0.011105727274079684
-813.9921348551288 9.564788133773531 -0.00977562542965831 0.01105101246609367
-804.3017522973241 9.566463103164336 -0.009717542701211758 0.010996911325633877
-794.6113697395194 9.568132649650098 -0.009660741140732957 0.010943412931045358
-784.9209871817147 9.569796738771512 -0.009605159811898913 0.01089050662500155
-775.23060462391 9.571455337220852 -0.009550742178194408 0.010838182006472012
-765.5402220661053 9.573108412767139 -0.00949743569370096 0.010786428922982557
-755.8498395083006 9.574755934185736 -0.00944519143941226 0.010735237463155465
-746.159456950496 9.576397871192762 -0.009393963799246067 0.01068459794951798
-736.4690743926913 9.578034194384314 -0.009343710170761766 0.010634500931567816
-726.7786918348866 9.57966487518072 -0.009294390706298549 0.010584937179085114
-717.0883092770819 9.58128988577576 -0.009245968080844307 0.010535897675680557
-707.3979267192772 9.582909199090903 -0.00919840728344929 0.010487373612570045
-697.7075441614725 9.584522788734438 -0.009151675429426085 0.010439356382566583
-688.0171616036678 9.58613062896542 -0.0091057415909417 0.010391837574280692
-678.3267790458631 9.58773269466226 -0.009060576643918237 0.010344808966520798
-668.6363964881748 9.589328961295774 -0.009016153129425499 0.01029826252288627
-658.9460139303701 9.590919404906582 -0.008972445127973398 0.010252190386541966
-649.2556313725654 9.592504002086384 -0.008929428145320066 0.010206584875175503
-639.5652488147607 9.594082729963207 -0.008887079008562263 0.01016143847611894
-629.874866256956 9.595655566190082 -0.008845375771440369 0.010116743841636721
-620.1844836991513 9.597222488937097 -0.008804297627905907 0.01007249378437011
-610.4941011413466 9.59878347688639 -0.008763824833113915 0.01002868127293252
-600.8037185835419 9.600338509229944 -0.00872393863109819 0.009985299427650078
-591.1133360257372 9.601887565669841 -0.008684621188471152 0.00994234151644167
-581.4229534679325 9.603430626420783 -0.008645855533563694 0.009899800950833327
-571.7325709101278 9.604967672214531 -0.008607625500484505 0.00985767128210172
-562.0421883523231 9.6064986843061 -0.008569915677634876 0.00981594619754198
-552.3518057945184 9.608023644481431 -0.00853271136026452 0.00977461951685515
-542.6614232367137 9.609542535066314 -0.008495998506697817 0.009733685188650804
-532.971040678909 9.611055338936328 -0.008459763697898304 0.009693137287060592
-523.2806581211044 9.612562039527653 -0.008423994100073478 0.00965297000845855
-513.5902755632997 9.614062620848465 -0.008388677430052111 0.009613177668284354
-503.89989300549496 9.615557067490831 -0.008353801923193111 0.009573754697965668
-494.20951044769026 9.617045364642864 -0.00831935630360882 0.009534695641936033
-484.519127890002 9.618527498101008 -0.008285329756507092 0.009495995154745316
-474.8287453321973 9.620003454282372 -0.008251711902472727 0.009457647998256598
-465.1383627743926 9.621473220236794 -0.008218492773534047 0.009419649038933303
-455.4479802165879 9.62293678365877 -0.008185662790861374 0.009381993245204232
-445.7575976587832 9.624394132898978 -0.008153212743971787 0.009344675684910573
-436.0672151009785 9.625845256975346 -0.008121133771318132 0.009307691522829238
-426.3768325431738 9.627290145583553 -0.008089417342153977 0.00927103601827038
-416.6864499853691 9.628728789106967 -0.00805805523957543 0.009234704522746419
-406.9960674275644 9.63016117862588 -0.00802877461448803 0.009198787720728376
-397.3056848697597 9.631587305925997 -0.007998052877077225 0.009163088191253294
-387.615302311955 9.633007163506218 -0.007967664801505505 0.009127699380564284
-377.9249197541503 9.634420744585537 -0.007937603110929132 0.009092616977847438
-368.2345371963456 9.635828043109159 -0.007930673568800471 0.009058362809587812
-358.54415463854093 9.637229053753735 -0.007900661029447965 0.009023867178505616
-348.85377208073623 9.638623771931739 -0.00787098358764094 0.008989666178907204
-339.16338952293154 9.64001219379498 -0.007841632811465035 0.008955755768781215
-329.47300696512684 9.641394316237184 -0.007812600681413547 0.008922131985359552
-319.78262440732215 9.642770136895756 -0.007794070607120499 0.008889014587384765
-310.09224184951745 9.644139654152635 -0.007765388805462272 0.008855946672379317
-300.40185929182917 9.645502867134287 -0.007737017121820591 0.008823154241983756
-290.7114767340245 9.646859775710913 -0.00771656181508067 0.008790846201139233
-281.0210941762198 9.648210380494694 -0.00769250826806188 0.00875866654492893
-271.3307116184151 9.649554682837369 -0.007664738639475353 0.008726671560465629
-261.6403290606104 9.650892684826944 -0.0076372644923587245 0.008694938068827113
-251.9499465028057 9.65222438928368 -0.007610078503002449 0.008663462626828182
-242.259563945001 9.653549799755305 -0.007583173711824196 0.008632241856874138
-232.5691813871963 9.65486892051158 -0.007556543493672083 0.00860127244502599
-222.8787988293916 9.656181756538128 -0.007530181531443411 0.008570551139175497
-213.1884162715869 9.657488313529633 -0.007521092253848172 0.008540358486826011
-203.4980337137822 9.658788597882475 -0.0074948120625757345 0.008510116587691187
-193.8076511559775 9.660082616686697 -0.007470088546603095 0.008480137313849577
-184.1172685981728 9.661370377717486 -0.007444314409052006 0.00845036990497234
-174.42688604036812 9.662651889426103 -0.0074188012681888574 0.008420835555277988
-164.73650348256342 9.663927160930326 -0.007393542804426679 0.008391531326086317
-155.04612092475872 9.665196202004475 -0.00736853301481378 0.008362454332253624
-145.35573836695403 9.666459023068938 -0.007343766186925457 0.008333601740673864
-135.66535580914933 9.66771563517938 -0.007319236875673645 0.008304970768859856
-125.97497325134464 9.668966050015547 -0.007294939882637488 0.00827655868359643
-116.28459069365636 9.670210279869734 -0.007270870237580165 0.008248362799658866
-106.59420813585166 9.671448337635033 -0.0072470231818670735 0.0082203804785887
-96.90382557804696 9.672680236793129 -0.007223394153548714 0.008192609127526762
-87.21344302024227 9.673905991402053 -0.00719997877389719 0.008165046198092213
-77.52306046243757 9.675125616083575 -0.007176772835224652 0.008137689185308704
-67.83267790463287 9.676339126010477 -0.007153772289830855 0.00811053562657227
-58.14229534682818 9.677546536893631 -0.01497189673365965 0.011061037841245226
-48.45191278902348 9.678747864968924 -0.014749098372423879 0.010958262608940958
-38.761530231218785 9.679943126984117 -0.014536462601140979 0.01085946904328728
-29.07114767341409 9.681132340185533 -0.018284656887077234 0.010764378981419716
-19.380765115609393 9.682315522304727 -0.017987759146113405 0.010672740467170153
-9.690382557804696 9.683492691545089 -0.01770823911771054 0.010584383692598365
0.0 9.684663866568405 -0.017436028355484245 0.010500001293017945
9.690382557804696 6.954376294549117 -0.005299825318039022 0.04334742167511904
19.380765115609393 7.080898907552419 -0.005353428102591018 0.04242899449094884
29.07114767341409 7.178074802855198 -0.005402126225708789 0.04155469933446869
38.761530231218785 7.2588169602391615 -0.005446369855570403 0.04072136358184197
48.45191278902348 7.328695644455312 -0.005486559581393043 0.03992611273620544
58.14229534682818 7.390717489125106 -0.006185793550626575 0.03931094085735194
67.83267790451646 7.446723402470235 -0.00632438558707431 0.03859404289521225
77.52306046232115 7.497936926284898 -0.006335243122518016 0.03789445093256712
87.21344302012585 7.5452198546222755 -0.006344201661531395 0.0372239938930052
96.90382557793055 7.589206065023364 -0.0063514267028135975 0.03658084322570589
106.59420813573524 7.630377748902697 -0.0063570673340181 0.03596332098087655
116.28459069353994 7.669111714814025 -0.006361258113156532 0.03536988459561722
125.97497325134464 7.705708978405587 -0.00679103996931253 0.03483617645327576
135.66535580914933 7.740414466922744 -0.0067815836990421765 0.03428579646363602
145.35573836695403 7.773430596316596 -0.0068537021111013206 0.03376104524800684
155.04612092475872 7.804926899293038 -0.006841082362737458 0.0332497879779821
164.73650348256342 7.835047022808584 -0.006828106301244805 0.03275656481136404
174.42688604036812 7.863913922968523 -0.006814807488947747 0.032280408558374045
184.1172685981728 7.891633793957657 -0.006801216785923919 0.03182042041446242
193.8076511559775 7.918299088526802 -0.00684349030756985 0.031378914050345603
203.4980337137822 7.943990874065171 -0.006827945054494536 0.03094872852655804
213.1884162715869 7.968780694432734 -0.006812259801411038 0.030532372603853
222.8787988293916 7.992732058515426 -0.006796451226615093 0.03012916696824196
232.5691813871963 8.01590164297629 -0.006780534772832217 0.029738476405397618
242.259563945001 8.03834027344696 -0.0067827855773162785 0.0293600242660247
251.9499465028057 8.060093732013415 -0.006766229735691675 0.02899260918657659
261.64032906049397 8.081203427101768 -0.0067496288861472456 0.02863603487797508
271.33071161829866 8.101706953330389 -0.006732992645275436 0.028289810364589742
281.02109417610336 8.121638562597424 -0.00673785086252504 0.027954335256804422
290.71147673390806 8.141029562990758 -0.006720615797765127 0.027627430868531744
300.40185929171275 8.159908658561713 -0.006703398000600475 0.027309572651882243
310.09224184951745 8.178302240315183 -0.006686202510400167 0.027000375023008602
319.78262440732215 8.196234636695047 -0.006669034029595907 0.026699474206874917
329.47300696512684 8.21372833023606 -0.006651896937133155 0.026406526712692318
339.16338952293154 8.230804145795293 -0.006634795302913515 0.026121207935647407
348.85377208073623 8.247481414783788 -0.006617732902775752 0.02584321087287169
358.54415463854093 8.263778119030896 -0.00660071323367328 0.025572244942897664
368.2345371963456 8.279711017282958 -0.006583739528791907 0.025308034898990587
377.9249197541503 8.295295756830393 -0.006566814772418466 0.02505031982775263
387.615302311955 8.31054697234575 -0.00654994171442312 0.024798852225286296
397.3056848697597 8.325478373680207 -0.006533122884258378 0.024553397143992167
406.9960674275644 8.340102824091442 -0.006516360604409221 0.024313731403773926
416.6864499853691 8.354432410149595 -0.006499657003252818 0.024079642862044313
426.3768325431738 8.368478504381061 -0.00648301402730481 0.023850929737476476
436.0672151009785 8.382251821554197 -0.006466433452843249 0.02362739998293652
445.7575976586668 8.397350032251758 -0.00644991689691213 0.023408870703473646
455.4479802164715 8.423933375058487 -0.006433465827712878 0.02319516761561721
465.1383627742762 8.449531183685888 -0.006417081574402223 0.02298612454463482
474.82874533208087 8.474211227723707 -0.006400765336311976 0.022781582956627595
484.51912788988557 8.498034366952764 -0.006384518191616012 0.022581391522711405
494.20951044769026 8.521055469933417 -0.006368341105467415 0.02238540571273059
503.89989300549496 8.5433241830282 -0.006352234937631135 0.022193487416195902
513.5902755632997 8.564885578580345 -0.006333097431151567 0.02200550458834023
523.2806581211044 8.585780704652523 -0.006317216077919631 0.02182133091937042
532.971040678909 8.60604705396603 -0.006301403559635401 0.02164084552515898
542.6614232367137 8.625718966050837 -0.0062856606859875465 0.021463932657770916
552.3518057945184 8.64482797382505 -0.006269988163363843 0.02129048143435598
562.0421883523231 8.663403103655423 -0.006254386603449556 0.02112038558306025
571.7325709101278 8.681471136254496 -0.00623885653101207 0.020953543204722595
581.4229534679325 8.699056834431872 -0.006223398390968064 0.020789856549222687
591.1133360257372 8.716183142653389 -0.006208012554815318 0.020629231805439702
600.8037185835419 8.73287136251037 -0.006192699326499394 0.020471578903864054
610.4941011413466 8.749141307514813 -0.006177458947775672 0.020316811330981285
620.1844836991513 8.76501144007963 -0.006162291603119203 0.020164845954616317
629.8748662568396 8.78049899308871 -0.006147197424228142 0.020015602859491548
639.5652488146443 8.795620078090034 -0.006132176494159671 0.019869005192297742
649.255631372449 8.810389781833894 -0.006117228851136156 0.019724979015666878
658.9460139302537 8.824822252629685 -0.0061023544920489345 0.019583453170421865
668.6363964880584 8.838930777776056 -0.0060875533756898585 0.019444359145585163
678.3267790458631 8.852727853145327 -0.006072825425733994 0.019307630955631146
688.0171616036678 8.866225245852569 -0.006058170533495318 0.01917320502451666
697.7075441614725 8.879434050813881 -0.006043588560475035 0.019041020076056847
707.3979267192772 8.892364741891738 -0.006081723636054031 0.01891251613860926
717.0883092770819 8.905027218234489 -0.00606591615995486 0.018784598977834816
726.7786918348866 8.917430846339746 -0.006050250609844907 0.01865875374233674
736.4690743926913 8.929584498304932 -0.006034721583626218 0.01853492722543886
746.159456950496 8.941496586671496 -0.0060193241586866085 0.018413068068494378
755.8498395083006 8.953175096219992 -0.00604903852175161 0.018294308284148332
765.5402220661053 8.96462761303085 -0.006032735316610815 0.018176206403309077
775.23060462391 8.975861351088856 -0.006016609198329878 0.018059929629642684
784.9209871817147 8.986883176677253 -0.006000652418234757 0.017945433119359686
794.6113697395194 8.997699630779511 -0.005984857894643172 0.017832673523963765
804.3017522973241 9.008316949682328 -0.005969219137838905 0.017721608927190147
813.9921348550124 9.018741083952044 -0.005953730185004697 0.017612198785223084
823.6825174128171 9.02897771593853 -0.005942258890477435 0.01750446298021164
833.3728999706218 9.039032275941688 -0.0059269534894056146 0.017398243799403194
843.0632825284265 9.048909957165343 -0.005911787667510508 0.017293565200438937
852.7536650862312 9.058615729566137 -0.005958502260307629 0.017192259425838928
862.4440476440359 9.068154352696302 -0.005942012821634969 0.017090508243365905
872.1344302018406 9.07753038762819 -0.005925729505056796 0.01699019656248913
881.8248127596453 9.086748208039669 -0.005906207092428803 0.016891291826127513
891.51519531745 9.095812010531601 -0.005890395248798812 0.01679376248449059
901.2055778752547 9.10472582424144 -0.00587475858674243 0.01669757795500972
910.8959604330594 9.11349351981091 -0.0058592899500696715 0.01660270858431212
920.5863429908641 9.122118817759944 -0.005843982731401068 0.016509125612097452
930.2767255486688 9.130605296314211 -0.005828830816707307 0.0164168011367901
939.9671081064735 9.138956398729103 -0.005893279209885269 0.01632844434472974
949.6574906642782 9.147175440148969 -0.005876390494933987 0.016238486491223968
959.3478732220829 9.155265614037 -0.005859742471654736 0.016149711749381453
969.0382557798875 9.16322999820784 -0.005843323180756877 0.016062095086425882
978.7286383376922 9.171071560492209 -0.005827121664151597 0.01597561220367907
988.4190208954969 9.178793164060286 -0.005811127856960865 0.01589023950798062
998.1094034533016 9.186397572428227 -0.005795332493440625 0.01580595408463961
