-1007.7997860111063 8.637496748210546 -0.026747077163285487 0.032272952122659154
-998.1094034533016 8.639659073991064 -0.026671988831689742 0.032165788341565686
-988.4190208954969 8.641810015685413 -0.026597394847447234 0.03205941323401007
-978.7286383376922 8.643949376483919 -0.026523289742731316 0.031953817561198264
-969.0382557798875 8.646076969212523 -0.02644966813562922 0.031848992232970774
-959.3478732220829 8.648192616399033 -0.0263765247284034 0.03174492830477466
-949.6574906642782 8.650296150302056 -0.026303854305795613 0.031641616974709894
-939.9671081064735 8.65238741290539 -0.02623165173337255 0.031539049580648036
-930.2767255486688 8.654466255880736 -0.02615991195591162 0.031437217597420845
-920.5863429908641 8.656532540521393 -0.026088629995826156 0.031336112634077394
-910.8959604330594 8.658586137649642 -0.02680769461145883 0.031235726431207044
-901.2055778752547 8.660626927500333 -0.0274972831977015 0.03113605085832718
-891.51519531745 8.662654799583171 -0.02741597509482335 0.031037077911333137
-881.8248127596453 8.66466965252601 -0.027335271268427178 0.03093879971000924
-872.1344302018406 8.666671393901355 -0.027255163514208054 0.030841208495598803
-862.4440476440359 8.668659940038218 -0.027175643799967324 0.030744296628431637
-852.7536650863476 8.670635215821202 -0.027096704260607354 0.030648056585608683
-843.0632825285429 8.672597154478844 -0.027018337193308945 0.03055248095873512
-833.3728999707382 8.67454569736254 -0.026940535052896796 0.030457562451717934
-823.6825174129335 8.676480793718136 -0.026863290447366333 0.030363293878603457
-813.9921348551288 8.678402400451288 -0.02678659613357826 0.03026966816147052
-804.3017522973241 8.68031048188812 -0.026710445013107858 0.03017667832837129
-794.6113697395194 8.682205009532323 -0.026634830128243376 0.030084317511319392
-784.9209871817147 8.68408596181996 -0.02655974465812665 0.029992578944324125
-775.23060462391 8.685953323872862 -0.02648518191502997 0.02990145596146957
-765.5402220661053 8.687807087251725 -0.02641113534076335 0.029810941995037296
-755.8498395083006 8.689647249709601 -0.026337598503206525 0.029721030573671647
-746.159456950496 8.691473814946688 -0.026264565092960355 0.029631715320586335
-736.4690743926913 8.693286792367003 -0.02619202892011284 0.029542989951811323
-726.7786918348866 8.695086196837616 -0.02611998391111466 0.029454848274479025
-717.0883092770819 8.696872048450981 -0.026048424105759905 0.029367284185148588
-707.3979267192772 8.698644372290818 -0.02597734365426762 0.029280291668167497
-697.7075441614725 8.700403198202002 -0.025906736814460037 0.029193864794069314
-688.0171616036678 8.702148560564789 -0.02583659794903351 0.02910799771800682
-678.3267790458631 8.703880498073733 -0.02576692152291861 0.02902268467821952
-668.6363964881748 8.705599053521498 -0.025697702100726433 0.02893791999453562
-658.9460139303701 8.707304273587964 -0.02562893434427296 0.0288536980669017
-649.2556313725654 8.70899620863445 -0.025560613010190504 0.02877001337395428
-639.5652488147607 8.710674912503645 -0.025492732947606712 0.028686860471612285
-629.874866256956 8.712340442325063 -0.02542528909590055 0.028604233991704833
-620.1844836991513 8.713992858326181 -0.025358276482527524 0.028522128640627413
-610.4941011413466 8.715632223649374 -0.025291690220912273 0.02844053919802693
-600.8037185835419 8.717258604174605 -0.02522552550840599 0.028359460515514648
-591.1133360257372 8.718872068347927 -0.02515977762430626 0.028278887515406477
-581.4229534679325 8.720472687015777 -0.025094441927936886 0.028198815189489954
-571.7325709101278 8.722060533265033 -0.025029513856785573 0.02811923859781714
-562.0421883523231 8.723635682268787 -0.024964988924697302 0.028040152867522934
-552.3518057945184 8.725198211137787 -0.024900862720121368 0.02796155319166802
-542.6614232367137 8.726748198777491 -0.024837130904410067 0.027883434828105968
-532.971040678909 8.728285725750588 -0.024773789210167253 0.027805793098373922
-523.2806581211044 8.729810874145006 -0.024710833439644957 0.027728623386606133
-513.5902755632997 8.731323727447206 -0.024648259463186252 0.02765192113847
-503.89989300549496 8.732824370420714 -0.024586063217712947 0.02757568186012386
-494.20951044769026 8.734312888989763 -0.024524240705256266 0.02749990111719625
-484.519127890002 8.735789370127907 -0.02446278799152992 0.027424574533786775
-474.8287453321973 8.737253901751613 -0.02440170120453977 0.02734969779148285
-465.1383627743926 8.738706572618408 -0.024340976533239446 0.02727526662840529
-455.4479802165879 8.740147472229838 -0.02428061022621625 0.027201276838264305
-445.7575976587832 8.741576690738851 -0.024220598590416777 0.027127724269438835
-436.0672151009785 8.74299431886154 -0.024160937989906876 0.027054604824073496
-426.3768325431738 8.744400447793115 -0.02410162484466529 0.026981914457193598
-416.6864499853691 8.745795169128037 -0.02404265562941008 0.02690964917583773
-406.9960674275644 8.747178574784064 -0.02398618141685205 0.026837913250586952
-397.3056848697597 8.748550756930175 -0.023927873795010362 0.026766485566108996
-387.615302311955 8.749911807918215 -0.02386990007754906 0.026695471303647942
-377.9249197541503 8.751261820218122 -0.02381225694193666 0.026624866669704022
-368.2345371963456 8.7526008863566 -0.02378045792057535 0.026555256327636046
-358.54415463854093 8.75392909885918 -0.023723278426810945 0.02648545543171489
-348.85377208073623 8.755246550195425 -0.02366642258288065 0.026416053131596264
-339.16338952293154 8.75655333272731 -0.0236098871985516 0.026347045819578762
-329.47300696512684 8.757849538660514 -0.0235536691309168 0.02627842993294229
-319.78262440732215 8.759135259998606 -0.023509071935017462 0.026210450079697238
-310.09224184951745 8.760410588499985 -0.023453395695692287 0.026142604698274927
-300.40185929182917 8.761675615637406 -0.02339802884480047 0.026075140343798407
-290.7114767340245 8.762930432560163 -0.023351734381190783 0.02600829435680125
-281.0210941762198 8.764175130058494 -0.023301261216362952 0.025941667063633687
-271.3307116184151 8.765409798530493 -0.023246709315016774 0.02587532322927117
-261.6403290606104 8.766634527951144 -0.023192456486731693 0.025809347141745893
-251.9499465028057 8.767849407843528 -0.02313849988064697 0.025743735572335953
-242.259563945001 8.769054527252008 -0.023084836686916434 0.025678485331382325
-232.5691813871963 8.770249974717418 -0.023031464135891095 0.025613593267686884
-222.8787988293916 8.771435838254035 -0.02297837949732317 0.025549056267921644
-213.1884162715869 8.772612205328377 -0.02294478758692459 0.025485191642869606
-203.4980337137822 8.773779162839634 -0.022892129191299578 0.02542135321856213
-193.8076511559775 8.774936797101741 -0.022841230583056857 0.025357887887373698
-184.1172685981728 8.776085193826942 -0.022789122744116694 0.025294738255442928
-174.42688604036812 8.777224438110828 -0.022737291871401166 0.025231928704903712
-164.73650348256342 8.778354614418737 -0.022685735409457737 0.02516945633707037
-155.04612092475872 8.779475806573485 -0.022634450838514068 0.025107318287309457
-145.35573836695403 8.780588097744303 -0.022583435673783427 0.025045511724529835
-135.66535580914933 8.781691570436983 -0.022532687464788027 0.024984033850682093
-125.97497325134464 8.782786306485134 -0.02248220379469964 0.02492288190026709
-116.28459069365636 8.783872387042468 -0.02243198227969754 0.024862053139853995
-106.59420813585166 8.784949892576147 -0.022382020568339645 0.024801544867603456
-96.90382557804696 8.78601890286098 -0.022332316340955345 0.02474135441280655
-87.21344302024227 8.787079496974593 -0.022282867309047508 0.024681479135424747
-77.52306046243757 8.788131753293412 -0.022233671214712123 0.024621916425641703
-67.83267790463287 8.789175749489424 -0.02218472583007172 0.024562663703422267
-58.14229534682818 8.790211562527704 -0.030952259607363176 0.027851538404725897
-48.45191278902348 8.791239268664642 -0.030838951011934478 0.02776826924116741
-38.761530231218785 8.792258943446814 -0.030726833926449277 0.02768566222469334
-29.07114767341409 8.793270661710483 -0.0350094770908841 0.027603707066119712
-19.380765115609393 8.794274497581686 -0.03486720925541783 0.027522393729216124
-9.690382557804696 8.795270524476848 -0.03473106979280827 0.027441778733256737
0.0 8.796258815103922 -0.03458705793666613 0.02736233726786308
9.690382557804696 6.032409671870808 -0.021123856667092607 0.06437056420322934
19.380765115609393 6.161090604891628 -0.021085767991132095 0.06401909187772274
29.07114767341409 6.2595682421672185 -0.02104773091213243 0.06367219358588776
38.761530231218785 6.341199287958955 -0.021009748438233278 0.0633297741703946
48.45191278902348 6.411717999637889 -0.02097182343058474 0.06299174116226532
58.14229534682818 6.474212022212134 -0.02168103089046396 0.06282100928598296
67.83267790451646 6.530569026534378 -0.021774903598238252 0.06250537623766203
77.52306046232115 6.582042343038901 -0.021730745514650575 0.062178681320765435
87.21344302012585 6.629514082062773 -0.021686748165405376 0.0618560467050521
96.90382557793055 6.6736326886877855 -0.021642911757597295 0.0615373916092922
106.59420813573524 6.714891206844729 -0.021599236444370836 0.0612226374378883
116.28459069353994 6.75367477635042 -0.021555722327818917 0.060911707706723196
125.97497325134464 6.790290964286271 -0.02198663899048155 0.06064570157737046
135.66535580914933 6.824989951419497 -0.021939940076181386 0.06034189488134056
145.35573836695403 6.857978434540171 -0.021985336047975125 0.06004778557765778
155.04612092475872 6.889429481040504 -0.021938384966736994 0.05975108812977451
164.73650348256342 6.9194896885211215 -0.021891654078744407 0.05945786691368275
174.42688604036812 6.9482844984589915 -0.021845141955819915 0.05916805660958555
184.1172685981728 6.975922213976088 -0.02179884717172167 0.058881593569990225
193.8076511559775 7.0024970880152475 -0.02181517883319219 0.058601918398588054
203.4980337137822 7.028091731855551 -0.021768853446704324 0.0583219394949009
213.1884162715869 7.052779018197722 -0.021722747898626996 0.058045126799206134
222.8787988293916 7.07662360262645 -0.02167686062848201 0.057771422827630786
232.5691813871963 7.099683152952016 -0.021631190084636393 0.05750077151986298
242.259563945001 7.1220093521470025 -0.021606528732866188 0.057233480302004126
251.9499465028057 7.1436487238139685 -0.021561134125527417 0.056968768952762885
261.64032906049397 7.196015864956863 -0.02151595387733572 0.05670695023185367
271.33071161829866 7.251534565039259 -0.021470986425977414 0.05644797334555305
281.02109417610336 7.302951296184811 -0.021450325313639187 0.056192752840688795
290.71147673390806 7.350829583471447 -0.021405601124075354 0.05593930496744575
300.40185929171275 7.395620975427439 -0.021361087714626803 0.05568855381372166
310.09224184951745 7.437693419484415 -0.021316783512344232 0.05544045324013484
319.78262440732215 7.477351062636884 -0.02127268695764901 0.055194958186147135
329.47300696512684 7.5148484411111705 -0.021228796504333614 0.054952024638325166
339.16338952293154 7.550400883651985 -0.021185110619552784 0.054711609599721725
348.85377208073623 7.584192290913431 -0.021141627783806426 0.05447367106033029
358.54415463854093 7.616381053984501 -0.02109834649091442 0.054238167968570124
368.2345371963456 7.647104626158071 -0.02105526524798432 0.05400506020375934
377.9249197541503 7.676483102453369 -0.021012382575372145 0.05377430854953648
387.615302311955 7.70462205643932 -0.02096969700663697 0.053545874668192564
397.3056848697597 7.73161481327693 -0.020927207088489715 0.05331972107587728
406.9960674275644 7.757544289375308 -0.020884911380736525 0.05309581111864472
416.6864499853691 7.782484495085634 -0.02084280845621723 0.052874108949305706
426.3768325431738 7.806501772666621 -0.020800896900739243 0.05265457950505486
436.0672151009785 7.829655824264531 -0.020759175313007232 0.05243718848584255
445.7575976586668 7.852000571830672 -0.020717642304549387 0.052221902333465145
455.4479802164715 7.873584881391957 -0.02067629649963781 0.05200868821133095
465.1383627742762 7.894453176955164 -0.020635136535210423 0.05179751398491369
474.82874533208087 7.914645963938983 -0.020594161060785137 0.05158834820281707
484.51912788988557 7.934200277899273 -0.020553368738373632 0.05138116007846478
494.20951044769026 7.953150071148913 -0.020512758242392397 0.051175919472377575
503.89989300549496 7.9715265474142605 -0.02047232825957133 0.05097259687501783
513.5902755632997 7.98935845275137 -0.020428553234445743 0.050771163390180375
523.2806581211044 8.00667232943579 -0.02038850645852388 0.05057159071890945
532.971040678909 8.023492738344364 -0.020348635945980468 0.05037385114392226
542.6614232367137 8.039842454394131 -0.020308940440223442 0.05017791751452083
552.3518057945184 8.055742638837879 -0.02026941869624925 0.049983763231973975
562.0421883523231 8.071212991597237 -0.020230069480551078 0.04979136223535257
571.7325709101278 8.086271886310419 -0.020190891571025726 0.04960068898780168
581.4229534679325 8.100936490359588 -0.020151883756879437 0.04941171846323394
591.1133360257372 8.115222871802954 -0.020113044838532577 0.049224426133429
600.8037185835419 8.129146094855098 -0.020074373627523488 0.049038787955524694
610.4941011413466 8.142720305324438 -0.020035868946411597 0.0488547803598861
620.1844836991513 8.155958807220124 -0.0199975296286799 0.048672380238339155
629.8748662568396 8.168874131574931 -0.019959354518637302 0.04849156493275819
639.5652488146443 8.181478098391999 -0.01992134247131835 0.04831231222398217
649.255631372449 8.193781872500962 -0.01988349235238719 0.04813460032108063
658.9460139302537 8.20579601401317 -0.019845803038036687 0.04795840785091398
668.6363964880584 8.217530523973524 -0.019808273414889707 0.04778371384801072
678.3267790458631 8.228994885735144 -0.019770902379899934 0.047610497744737426
688.0171616036678 8.240198102517843 -0.019733688840252655 0.04743873936175398
697.7075441614725 8.251148731556041 -0.019696631713265567 0.047268418898744266
707.3979267192772 8.261854915193721 -0.019718122388372103 0.047101179719319965
717.0883092770819 8.272324409242165 -0.019680942881659554 0.04693366486502559
726.7786918348866 8.282564608879943 -0.01964392294439495 0.04676753089583163
736.4690743926913 8.292582572342813 -0.019607061394666985 0.04660275943606772
746.159456950496 8.302385042623346 -0.01957035706422194 0.046439332446676355
755.8498395083006 8.311978467375857 -0.01958487849641446 0.04627857365395216
765.5402220661053 8.321369017200675 -0.019548108766427003 0.046117772909319954
775.23060462391 8.330562602463113 -0.019511498337919157 0.04595826460528008
784.9209871817147 8.339564888785723 -0.01947504597491427 0.04580003197018853
794.6113697395194 8.348381311337938 -0.019438750457409275 0.04564305853219895
804.3017522973241 8.35701708803407 -0.019402610581039648 0.04548732811247713
813.9921348550124 8.365477231739183 -0.019366625156755524 0.04533282481860231
823.6825174128171 8.373766561572786 -0.01933512424377383 0.045179599136140336
833.3728999706218 8.381889713389187 -0.019299412251100042 0.045027503042586535
843.0632825284265 8.38985114950876 -0.019263851700510273 0.04487658805987504
852.7536650862312 8.39765516776376 -0.019297579649342932 0.0447289308514932
862.4440476440359 8.40530590991796 -0.019261808797913678 0.044580318497104546
872.1344302018406 8.41280736951306 -0.01922619346994342 0.04443284381334834
881.8248127596453 8.420163399189702 -0.019186636996406884 0.04428649273716216
891.51519531745 8.427377717526491 -0.01915135904088093 0.044141251445234043
901.2055778752547 8.434453915436237 -0.019116232436900575 0.043997106348821
910.8959604330594 8.441395462154976 -0.019081255984625504 0.04385404408870244
920.5863429908641 8.448205710856115 -0.0190464285007255 0.04371205153026471
930.2767255486688 8.454887903918976 -0.019011748818008226 0.04357111575871231
939.9671081064735 8.461445177878415 -0.019067565169417364 0.04343433568116894
949.6574906642782 8.467880568079831 -0.019032512768646228 0.043295452696734744
959.3478732220829 8.474197013061632 -0.018997614475016755 0.04315758936220348
969.0382557798875 8.480397358685355 -0.018962868971055032 0.043020733589295514
978.7286383376922 8.486484362031874 -0.018928274959825984 0.04288487348759089
988.4190208954969 8.492460695080464 -0.018893831164410214 0.042749997360419054
998.1094034533016 8.498328948186197 -0.018859536327399406 0.04261609370085154
