-1007.7997860111063 8.210386374440656 -0.027652270786038963 0.0018501838949927369
-998.1094034533016 8.220695622414928 -0.027507369952972666 0.0018396005712409574
-988.4190208954969 8.230876313451581 -0.027498076947162234 0.0018291377348010642
-978.7286383376922 8.240926582915755 -0.027355199570753958 0.0018187933379857214
-969.0382557798875 8.250844934135655 -0.027213806638826166 0.001808565379288953
-959.3478732220829 8.260630207612706 -0.02707387500798027 0.0017984519020902677
-949.6574906642782 8.270281552299695 -0.02715589068130312 0.001788450993402272
-939.9671081064735 8.279798398849753 -0.02701718936947686 0.0017785607826600104
-930.2767255486688 8.289180434736151 -0.026879906536669124 0.0017687794405504052
-920.5863429908641 8.298427581141919 -0.02674402037440096 0.0017591051778803124
-910.8959604330594 8.307539971518962 -0.026609509522832378 0.0017495362444816778
-901.2055778752547 8.316517931718009 -0.02701927032478449 0.0017400709281523649
-891.51519531745 8.325361961593389 -0.026883432408673816 0.0017307075536313438
-881.8248127596453 8.33407271798979 -0.026748967259263942 0.0017214444816069107
-872.1344302018406 8.342650999021847 -0.026615853909811242 0.0017122801077567315
-862.4440476440359 8.351097729561355 -0.026484071825034098 0.0017032128618185115
-852.7536650862312 8.359413947850927 -0.026353600889860752 0.0016942412066901372
-843.0632825285429 8.367600793167151 -0.026224421398536958 0.0016853636375583382
-833.3728999707382 8.375659494461061 -0.026096514044070422 0.001676578681054188
-823.6825174129335 8.383591359905889 -0.025969859908022704 0.001667884894436011
-813.9921348551288 8.391397767289565 -0.025844440450604567 0.0016592808647966503
-804.3017522973241 8.39908015518992 -0.025720237501086724 0.0016507652082957533
-794.6113697395194 8.406640014876439 -0.025597233248504964 0.001642336569415545
-784.9209871817147 8.41407888288534 -0.025475410232650597 0.0016339936202394
-775.23060462391 8.421398334218381 -0.02535475133533554 0.0016257350597523458
-765.5402220661053 8.428599976119049 -0.02523523977192242 0.0016175596131627553
-755.8498395083006 8.435685442382994 -0.02511685908310989 0.0016094660312444852
-746.159456950496 8.442656388162467 -0.02499959312696414 0.0016014530896987177
-736.4690743926913 8.449514485227336 -0.024883426071187896 0.0015935195885348507
-726.7786918348866 8.456261417647928 -0.02476834238561834 0.001585664351469764
-717.0883092770819 8.462898877867302 -0.024654326834946186 0.0015778862253448046
-707.3979267192772 8.469428563132999 -0.02454136447164787 0.0015701840795599436
-697.7075441614725 8.475852172260355 -0.024429440629123767 0.001562556805524438
-688.0171616036678 8.482171402701573 -0.024318540915035033 0.0015550033161235044
-678.3267790458631 8.48838794789657 -0.024208651204832534 0.0015475225452004277
-668.6363964880584 8.494503494883405 -0.024099757635471074 0.0015401134470536036
-658.9460139303701 8.500519722147665 -0.023991846599304124 0.0015327749959480848
-649.2556313725654 8.506438297692172 -0.023884904738145116 0.0015255061856406208
-639.5652488147607 8.51226087730833 -0.023778918937508928 0.0015183060289191024
-629.874866256956 8.517989103034207 -0.02367387632100226 0.0015111735571541125
-620.1844836991513 8.523624601783244 -0.023569764244876595 0.0015041078198635525
-610.4941011413466 8.529168984129987 -0.023466570292731283 0.0014971078842893732
-600.8037185835419 8.534623843239956 -0.023364282270362687 0.001490172834986107
-591.1133360257372 8.539990753931663 -0.02326288820075494 0.0014833017734208137
-581.4229534679325 8.545271271859798 -0.02316237631920737 0.0014764938175840696
-571.7325709101278 8.550466932809394 -0.023062735068594596 0.0014697481016116682
-562.0421883523231 8.555579252091576 -0.02296395309475467 0.0014630637754166553
-552.3518057945184 8.560609724032219 -0.022866019242001403 0.0014564400043314027
-542.6614232367137 8.565559821545488 -0.022768922548756863 0.0014498759687593661
-532.971040678909 8.570430995784896 -0.02267265224330015 0.0014433708638362833
-523.2806581211044 8.575224675865027 -0.02257719773962909 0.0014369238991004266
-513.5902755632997 8.579942268647665 -0.0224825486334309 0.0014305342981717243
-503.89989300549496 8.5845851585865 -0.02238869469815872 0.0014242012984393875
-494.20951044769026 8.589154707625076 -0.02229562588121079 0.0014179241507578542
-484.51912788988557 8.593652255143061 -0.022203332300208767 0.0014117021191507395
-474.82874533208087 8.598079117946272 -0.02211180423937254 0.0014055344805225668
-465.1383627743926 8.602436590296247 -0.022021032145989463 0.0013994205243781314
-455.4479802165879 8.606725943975803 -0.0219310066269686 0.0013933595525487906
-445.7575976587832 8.610948428386267 -0.02184171844549383 0.0013873508789265967
-436.0672151009785 8.615105270674166 -0.02175315851775109 0.001381393829204556
-426.3768325431738 8.619197675883555 -0.0216653179097438 0.0013754877406239518
-416.6864499853691 8.623226827131592 -0.021578187834187315 0.0013696319617280456
-406.9960674275644 8.627193885804738 -0.02149175964748111 0.0013638258521220558
-397.3056848697597 8.631099991773242 -0.021406024846756633 0.0013580687822392584
-387.615302311955 8.634946263621819 -0.021320975066998277 0.0013523601331129644
-377.9249197541503 8.6387337988945 -0.021236602078235547 0.0013466992961542663
-368.2345371963456 8.642463674351896 -0.021152897782804377 0.0013410856729353363
-358.54415463854093 8.646136946239224 -0.021069854212675404 0.001335518674978151
-348.85377208073623 8.649754650563539 -0.020987463526847532 0.001329997723548461
-339.16338952293154 8.653317803378851 -0.020905718008804544 0.001324522249454851
-329.47300696512684 8.656827401077818 -0.020824610064033498 0.0013190916928527792
-319.78262440732215 8.660284420688875 -0.0207441322176026 0.0013137055030534028
-310.09224184951745 8.663689820177737 -0.020664277111797177 0.0013083631383370954
-300.40185929171275 8.667044538752315 -0.020585037503812152 0.0013030640657714964
-290.71147673390806 8.670349497170168 -0.02050640626349918 0.0012978077610339813
-281.0210941762198 8.673605598047669 -0.020428376371168153 0.0012925937082384784
-271.3307116184151 8.676813726170344 -0.02035094091543573 0.0012874213997661403
-261.6403290606104 8.679974748803215 -0.020274093091133705 0.0012822903361006976
-251.9499465028057 8.683089516001264 -0.020197826197256873 0.001277200025667123
-242.259563945001 8.68615886091894 -0.020122133634963353 0.001272149984674437
-232.5691813871963 8.689183600118426 -0.020047008905620264 0.0012671397369621706
-222.8787988293916 8.692164533876216 -0.019972445608894437 0.0012621688138504665
-213.1884162715869 8.69510244648759 -0.019898437440887075 0.0012572367539936766
-203.4980337137822 8.697998106568656 -0.019824978192311053 0.0012523431032374092
-193.8076511559775 8.700852267355629 -0.019752061746709706 0.0012474874144788922
-184.1172685981728 8.70366566700108 -0.019679682078716176 0.001242669247530584
-174.42688604036812 8.706439028866914 -0.019607833252351922 0.0012378881689869452
-164.73650348256342 8.709173061813859 -0.0195365094193637 0.0012331437520942698
-155.04612092475872 8.711868460487269 -0.019465704817597698 0.0012284355766235037
-145.35573836695403 8.714525905599116 -0.019395413769410133 0.0012237632287459923
-135.66535580914933 8.717146064205979 -0.019325630680113042 0.0012191263009120224
-125.97497325134464 8.719729589982968 -0.019256350036454626 0.0012145243917321556
-116.28459069353994 8.722277123493456 -0.019187566405133083 0.0012099571058612204
-106.59420813573524 8.724789292454536 -0.019119274431343185 0.0012054240538849261
-96.90382557804696 8.72726671199815 -0.019051468837355368 0.0012009248522090715
-87.21344302024227 8.729709984927966 -0.018984144421121906 0.0011964591229509706
-77.52306046243757 8.732119701971591 -0.01891729605492135 0.0011920264938338175
-67.83267790463287 8.734496442028615 -0.018850918684024377 0.0011876265980828708
-58.14229534682818 8.736840772414123 -0.01878500732539224 0.0011832590743241927
-48.45191278902348 8.739153249097773 -0.018719557066402638 0.0011789235664855743
-38.761530231218785 8.74143441693848 -0.018654563063602584 0.001174619723699622
-29.07114767341409 8.743684809914683 -0.01859002054148809 0.0011703472002089765
-19.380765115609393 8.74590495135027 -0.018525924791309604 0.001166105655273583
-9.690382557804696 8.74809535413614 -0.018462271169902896 0.0011618947530799882
0.0 0.8993107905112101 0.020108817794578248 0.0434040080484214
9.690382557804696 1.4093960365574736 0.019887153916495648 0.04308779585574729
19.380765115609393 1.7669772438307332 0.01966923290365409 0.04277618974611608
29.07114767341409 2.0560497520760856 0.019454968053919677 0.04246908946478409
38.761530231218785 2.303402419954919 0.019244275238258057 0.0421663976503418
48.45191278902348 2.5217605487223453 0.0190370728073021 0.041868019731001196
58.14229534682818 2.718381108283908 0.018833281501935868 0.041573863825314306
67.83267790463287 2.897878627435647 0.01863282436769541 0.04128384064710352
77.52306046243757 3.0634097937846096 0.0184356266727981 0.04099786341439654
87.21344302012585 3.217250802218742 0.018241615829625565 0.040715847762174184
96.90382557793055 3.36110967899066 0.018050721319477967 0.04043771165872571
106.59420813573524 3.4963087725664304 0.01786287462047627 0.04016337532548827
116.28459069353994 3.623897920256514 0.017678009138416037 0.03989276116013755
125.97497325134464 3.7447280352258456 0.017496060140465845 0.03962579366282452
135.66535580914933 3.8595008486892315 0.017316964691562294 0.03936239936539053
145.35573836695403 3.968803638357529 0.017140661593377297 0.03910250676342413
155.04612092475872 4.073134147609285 0.016967091325737024 0.03884604625102767
164.73650348256342 4.172918891128466 0.016796195990379313 0.03859295005816807
174.42688604036812 4.268526879274823 0.016627919256941227 0.03834315219049349
184.1172685981728 4.360280093280217 0.016462206311075037 0.03809658837150306
193.8076511559775 4.448461607802304 0.016299003804595622 0.037853195986963066
203.4980337137822 4.533321978437306 0.01613825980756718 0.03761291403146853
213.1884162715869 4.615084328533886 0.01597992376224268 0.0373756830570541
222.8787988293916 4.693948446469362 0.015823946438772624 0.03714144512376302
232.5691813871963 4.770094120043137 0.015670279892605533 0.036910143752087954
242.259563945001 4.860278354198226 0.015518877423504267 0.036681723877201006
251.9499465028057 5.064946830776465 0.015369693536108835 0.036456131804895445
261.6403290606104 5.251321449275114 0.015222683901977164 0.03623331516916435
271.33071161829866 5.422014585829737 0.015077805323042332 0.03601322289134869
281.02109417610336 5.579103862325743 0.014935015696414415 0.03579580514077161
290.71147673390806 5.724274347865169 0.014794273980495563 0.035581013296834926
300.40185929171275 5.858915116797853 0.014655540162318265 0.03536879991246402
310.09224184951745 5.98418699802934 0.014518775226080357 0.03515911867888308
319.78262440732215 6.101071442893024 0.014383941122816709 0.034951924391649826
329.47300696512684 6.210406615861347 0.014210315862745257 0.03474851356744245
339.16338952293154 6.312914597965384 0.014079533723577078 0.034546151904862876
348.85377208073623 6.409222259213822 0.013950569371340805 0.03434614802491437
358.54415463854093 6.499877525652271 0.0138233884387125 0.03414846082111372
368.2345371963456 6.585362233830589 0.013697957386259804 0.03395305013875512
377.9249197541503 6.6661024145877175 0.013574243478119577 0.03375987674749473
387.615302311955 6.742476611639566 0.00605366345682187 0.036886028844306556
397.3056848697597 6.814822677806903 0.0059878193869829805 0.03667276719177519
406.9960674275644 6.883443377717779 0.005922800894668833 0.03646198818455572
416.6864499853691 6.9486110445516065 0.005858595618903886 0.036253648238268474
426.3768325431738 7.010571479563094 0.0057951913911586965 0.03604770479408852
436.0672151009785 7.06954723993598 0.0057325762335694915 0.03584411628840585
445.7575976587832 7.125740428400269 0.005670738357054835 0.035642842123569864
455.4479802165879 7.179335073879015 0.005609666159341777 0.03544384263967244
465.1383627742762 7.230499174044254 0.005350012502549517 0.03526910154236863
474.82874533208087 7.279386456536117 0.003678008421539867 0.03547440857818484
484.51912788988557 7.326137904625154 0.003632506642712562 0.035278895452970624
494.20951044769026 7.370883084541257 0.0035875309161976523 0.03508555269358708
503.89989300549496 7.4137413049033025 0.0035430747879074843 0.034894343948323074
513.5902755632997 7.454822633315986 0.0032831014356451563 0.03472325983948636
523.2806581211044 7.494228790887912 0.0032412611357767883 0.034536080153635046
532.971040678909 7.532053941952734 0.0031998979844941934 0.03435093218727391
542.6614232367137 7.568385393458172 0.0028975103839316875 0.03416778267687094
552.3518057945184 7.603304216188989 0.002859005840798269 0.03398659908897383
562.0421883523231 7.636885798103783 0.002820933367226255 0.033807349600060974
571.7325709101278 7.6692003385094445 0.002783287981070259 0.0336300030770641
581.4229534679325 7.700313290507089 0.002746064730988648 0.033454529058536436
591.1133360257372 7.7302857580688045 0.002709258698374591 0.03328089773644123
600.8037185835419 7.75917485320537 0.002672864999115532 0.0331090799385365
610.4941011413466 7.78703401792961 0.0026368787851922502 0.03293904711133314
620.1844836991513 7.813913315082688 0.002601295246128524 0.032770771303604604
629.874866256956 7.8398596915506245 0.0025661096103008346 0.03260422515042686
639.5652488147607 7.864917216939505 0.002531317146117667 0.032439381857728974
649.255631372449 7.889127300385951 0.002496913163077536 0.03227621518733683
658.9460139302537 7.912528887846387 0.0024471919166653105 0.032115330565548016
668.6363964880584 7.935158641914781 0.0024136663275271314 0.031955435940856765
678.3267790458631 7.957051105980909 0.002380513721433918 0.0317971424843291
688.0171616036678 7.978238854316814 0.0023477296171847822 0.03164042603951765
697.7075441614725 7.99875262949995 0.002315309577345783 0.03148526293787498
707.3979267192772 8.018621468418228 0.0022832492087674844 0.0313316299863826
717.0883092770819 8.037872817962311 0.0022515441630265964 0.031179504455558272
726.7786918348866 8.056532641387943 0.0022201901367964213 0.031028864067827892
736.4690743926913 8.074625516224028 0.0021891828721511486 0.030879686986249107
746.159456950496 8.092174724508103 0.002158518156808582 0.030731951803574034
755.8498395083006 8.109202336048261 0.0021281918243155496 0.03058563753163926
765.5402220661053 8.125729285337796 0.002098199754180004 0.03044072359107158
775.23060462391 8.141775442684578 0.0020377296510545144 0.030298154418746424
784.9209871817147 8.157359680060345 0.002008621069980247 0.030155973876407758
794.6113697395194 8.17249993212475 0.0019798313413461606 0.030015134385723827
804.3017522973241 8.187213252834258 0.0019513566013584344 0.029875616903208724
813.9921348551288 8.2015158680063 0.0019231930300791541 0.029737402747126416
823.6825174129335 8.215423224173557 0.0018953368513851788 0.02960047358887205
833.3728999706218 8.22895003403157 0.0006764005769580765 0.02946481144460211
843.0632825284265 8.242110318755671 0.0006579087572918369 0.029330398667095598
852.7536650862312 8.254917447434599 0.0006395853619755769 0.029197217937862424
862.4440476440359 8.267384173851067 0.0006214295697285338 0.02906525225945889
872.1344302018406 8.279522670813595 0.0006034405223863957 0.028934484948027243
881.8248127596453 8.29134456222892 0.0005856173275465345 0.028804899626042445
891.51519531745 8.302860953086743 -0.0006378353604970684 0.028676480215260907
901.2055778752547 8.314082457513816 -0.0006464526923964037 0.028549210929864663
910.8959604330594 8.325019225040958 -0.0006550367777865078 0.028423076269794515
920.5863429908641 8.335680965214435 -0.0006635857983221633 0.028298061014266237
930.2767255486688 8.346076970672188 -0.008469530931789718 0.02817415021546383
939.9671081064735 8.35621613879539 -0.008420472325115707 0.028051329192404065
949.6574906642782 8.366106992036801 -0.008372216580589766 0.02792958352496719
959.3478732220829 8.375757697019186 -0.00832474388576294 0.02780889904808821
969.0382557798875 8.385176082489568 -0.008278035045474749 0.027689261846103798
978.7286383376922 8.394369656208358 -0.008232071458867668 0.027570658247250072
988.4190208954969 8.403345620846109 -0.008186835097397895 0.027453074818306302
998.1094034533016 8.412110888955118 -0.008142308483793126 0.027336498359380228
