-1007.7997860111063 8.851878417925626 -0.035532288038716456 0.00556153340546838
-998.1094034533016 8.850659978798708 -0.03540727005917835 0.005541192817658947
-988.4190208954969 8.849466642343605 -0.035283214316243296 0.005521012117484882
-978.7286383376922 8.84829902431117 -0.035160109138839185 0.005500989350263377
-969.0382557798875 8.847157663717152 -0.035037943049240725 0.0054811225936884445
-959.3478732220829 8.846043027191504 -0.0349167047590231 0.0054614099571566
-949.6574906642782 8.84495551318104 -0.034796383165117545 0.0054418495811093094
-939.9671081064735 8.843895455998927 -0.03467696734596601 0.005422439636391944
-930.2767255486688 8.842863129717028 -0.03455844655777192 0.005403178323628548
-920.5863429908641 8.84185875189908 -0.03444081023084411 0.005384063872612123
-910.8959604330594 8.840882487174357 -0.034324047966031584 0.0053650945417098375
-901.2055778752547 8.839934450652802 -0.034308912969634474 0.005346268617282903
-891.51519531745 8.839014711183696 -0.03437175215216012 0.00532758441312052
-881.8248127596453 8.83812329446076 -0.034255505932613124 0.005309040269887629
-872.1344302018406 8.837260185977277 -0.03414012362533695 0.005290634554585994
-862.4440476440359 8.836425333835304 -0.03402559498643681 0.005272365660028319
-852.7536650862312 8.835618651413421 -0.033911909941513975 0.005254232004324932
-843.0632825285429 8.83484001989776 -0.03379905858200451 0.005236232030382972
-833.3728999707382 8.834089290681124 -0.03368703116161119 0.005218364205416453
-823.6825174129335 8.833366287635357 -0.03357581809284552 0.005200627020470045
-813.9921348551288 8.832670809261794 -0.033465409943649736 0.00518301898995198
-804.3017522973241 8.832002630724968 -0.0333557974341158 0.00516553865117903
-794.6113697395194 8.83136150577451 -0.03324697143329014 0.005148184563931891
-784.9209871817147 8.830747168560123 -0.03313892295606311 0.005130955310020965
-775.23060462391 8.8301593353445 -0.033031643160139824 0.005113849492862241
-765.5402220661053 8.829597706118797 -0.032925123343090085 0.005096865737062974
-755.8498395083006 8.829061966125263 -0.032819354939474805 0.005080002688016908
-746.159456950496 8.828551787291438 -0.03271432951804628 0.005063259011508847
-736.4690743926913 8.828066829580155 -0.032610038779020425 0.005046633393328206
-726.7786918348866 8.827606742259464 -0.03250647455141816 0.005030124538891402
-717.0883092770819 8.827171165096445 -0.032403628790474016 0.0050137311728728345
-707.3979267192772 8.826759729478674 -0.0323014935751102 0.004997452038844153
-697.7075441614725 8.826372059467015 -0.03220006110547347 0.00498128589892173
-688.0171616036678 8.826007772783198 -0.032099323700533394 0.004965231533421943
-678.3267790458631 8.825666481735528 -0.03199927379573996 0.004949287740524265
-668.6363964880584 8.825347794085916 -0.03189990394073863 0.004933453335941795
-658.9460139303701 8.825051313861286 -0.03180120679714259 0.004917727152599296
-649.2556313725654 8.824776642112218 -0.03170317513635301 0.004902108040317408
-639.5652488147607 8.824523377621688 -0.03160580183744394 0.004886594865505704
-629.874866256956 8.824291117566453 -0.031509079885086215 0.0048711865108606025
-620.1844836991513 8.824079458133662 -0.031413002367526845 0.004855881875070784
-610.4941011413466 8.823887995095067 -0.031317562474615306 0.004840679872528895
-600.8037185835419 8.823716324341126 -0.03122275349587649 0.004825579433049435
-591.1133360257372 8.823564042377168 -0.031128568818629087 0.004810579501592799
-581.4229534679325 8.823430746783693 -0.031035001926147835 0.004795679037995223
-571.7325709101278 8.823316036642767 -0.030942046395868786 0.004780877016704545
-562.0421883523231 8.823219512932392 -0.030849695897636024 0.004766172426521605
-552.3518057945184 8.823140778890624 -0.030757944191988778 0.004751564270347141
-542.6614232367137 8.823079440351137 -0.030666785128487976 0.0047370515649340856
-532.971040678909 8.823035106051826 -0.030576212644080843 0.004722633340645056
-523.2806581211044 8.823007387917993 -0.030486220761502755 0.004708308641214998
-513.5902755632997 8.822995901321555 -0.03039680358771516 0.004694076523518784
-503.89989300549496 8.823000265317653 -0.03030795531237868 0.004679936057343679
-494.20951044769026 8.823020102859985 -0.030219670206360308 0.004665886325166533
-484.51912788988557 8.82305504099608 -0.03013194262027406 0.004651926421935645
-474.8287453321973 8.823104711043701 -0.03004476698305482 0.004638055454857244
-465.1383627743926 8.823168748749529 -0.029958137800558608 0.004624272543185598
-455.4479802165879 8.823246794431126 -0.029872049654203918 0.004610576818019061
-445.7575976587832 8.823338493103245 -0.02978649719963246 0.004596967422098653
-436.0672151009785 8.823443494589409 -0.029701475165404185 0.004583443509611578
-426.3768325431738 8.823561453619675 -0.02961697835171963 0.00457000424599855
-416.6864499853691 8.823692029915447 -0.02953300162916975 0.004556648807765055
-406.9960674275644 8.823834888262146 -0.029449539937512665 0.004543376382296423
-397.3056848697597 8.82398969857051 -0.029369633876619908 0.004530374460218304
-387.615302311955 8.824156135927263 -0.029287164855791758 0.0045172642745873945
-377.9249197541503 8.82433388063583 -0.029205196417742177 0.004504234747747643
-368.2345371963456 8.824522618247787 -0.02912372375998916 0.004491285108382345
-358.54415463854093 8.824722039585623 -0.029078878806640576 0.004479406207579496
-348.85377208073623 8.824931840757442 -0.028998117664086207 0.004466606772912075
-339.16338952293154 8.825151723164137 -0.02891784215614458 0.00445388507783352
-329.47300696512684 8.825381393499582 -0.028838047643977998 0.004441240387823729
-319.78262440732215 8.825620563744323 -0.028758729550620258 0.0044286719778132855
-310.09224184951745 8.82586895115325 -0.0286956063519667 0.004416586018703381
-300.40185929171275 8.82612627823769 -0.028617111407975394 0.0044041650234567225
-290.7114767340245 8.826392272742345 -0.028539081217341077 0.0043918182322998925
-281.0210941762198 8.826666667617483 -0.02847361262091716 0.0043799300516494145
-271.3307116184151 8.826949200986721 -0.028402268125032486 0.004367862687229467
-261.6403290606104 8.827239616110798 -0.028325475454191874 0.004355730613940446
-251.9499465028057 8.827537661347652 -0.02824913226820717 0.0043436700927010526
-242.259563945001 8.82784309010911 -0.028173234373838698 0.004331680466696462
-232.5691813871963 8.828155660814492 -0.028097777632898318 0.004319761087337659
-222.8787988293916 8.828475136841428 -0.028022757961287732 0.00430791131413036
-213.1884162715869 8.828801286474109 -0.027948171328058574 0.004296130514546423
-203.4980337137822 8.829133882849264 -0.027898569622758107 0.0042848811709044485
-193.8076511559775 8.82947270390007 -0.02782465622307448 0.004273233039467141
-184.1172685981728 8.82981753229822 -0.02775310629422107 0.004261692856863318
-174.42688604036812 8.83016815539435 -0.027680022560614626 0.004250178167793129
-164.73650348256342 8.83052436515704 -0.02760735521830463 0.004238729457030391
-155.04612092475872 8.830885958110517 -0.02753510047772225 0.004227346136159373
-145.35573836695403 8.831252735271319 -0.02746325459810934 0.0042160276239294955
-135.66535580914933 8.83162450208396 -0.027391813886673534 0.004204773346144087
-125.97497325134464 8.832001068355865 -0.027320774697762545 0.00419358273555133
-116.28459069353994 8.832382248191625 -0.027250133432057393 0.0041824552317372326
-106.59420813585166 8.83276785992674 -0.02717988653578452 0.004171390281020763
-96.90382557804696 8.833157726060984 -0.027110030499941564 0.004160387336350335
-87.21344302024227 8.833551673191446 -0.027040561859548663 0.004149445857203509
-77.52306046243757 8.833949531945436 -0.026971477192907867 0.004138565309487279
-67.83267790463287 8.834351136913273 -0.02690277312088319 0.004127745165440887
-58.14229534682818 8.834756326581106 -0.02683444630619523 0.004116984903540254
-48.45191278902348 8.835164943263813 -0.030418753411956743 0.004106284008404262
-38.761530231218785 8.835576833038072 -0.03032430280758611 0.00409564197070268
-29.07114767341409 8.835991845675673 -0.0302306121305156 0.004085058287065811
-19.380765115609393 8.836409834577143 -0.030428707454869128 0.004074532459995825
-9.690382557804696 8.836830656705729 -0.03033435117021104 0.004064063997779621
0.0 8.837254172521815 -0.03024635971813142 0.004053743836153288
9.690382557804696 1.3975034609878838 0.035526794757090224 0.05735925394525427
19.380765115609393 1.7742889912669186 0.034960904784500306 0.05695725115226892
29.07114767341409 2.074484944472637 0.03457812750914908 0.0565610173990303
38.761530231218785 2.3295330226595397 0.03420150403353227 0.05617042811477016
48.45191278902348 2.553719529790958 0.033830896807714346 0.05578536230252915
58.14229534682818 2.7549998149201587 0.033466172265593924 0.055405702411735945
67.83267790463287 2.938357031853651 0.02971673644641762 0.05503133421620231
77.52306046232115 3.1071648925831132 0.02731051822303058 0.055701439203957794
87.21344302012585 3.263837745675123 0.027002538179689783 0.055329670034037756
96.90382557793055 3.4101768991670776 0.02669936410252178 0.054962980608072906
106.59420813573524 3.547570657013355 0.026400892877096592 0.05460126643955194
116.28459069353994 3.6771172533045746 0.02610702424512586 0.0542444258989727
125.97497325134464 3.7997042139092247 0.02581766070716241 0.05389236011670911
135.66535580914933 3.9160616840341715 0.022703766263237772 0.054151756738153936
145.35573836695403 4.026799475308491 0.022444051505819813 0.05380446716741271
155.04612092475872 4.132433536957079 0.021862364434012602 0.053506083833003544
164.73650348256342 4.2334053314284175 0.021612809567634707 0.053167497166988216
174.42688604036812 4.330096315593166 0.021366981582649287 0.05283329698369601
184.1172685981728 4.4228389634214205 0.021124804793160774 0.0525033976789823
193.8076511559775 4.511925292520136 0.020886205488926016 0.05217771587095587
203.4980337137822 4.597613555063139 0.020485185705480018 0.05187139880868339
213.1884162715869 4.680133556133933 0.02025475348756902 0.05155379789203698
222.8787988293916 4.75969093022136 0.020027670882665972 0.051240178605583955
232.5691813871963 4.836470616153459 0.019803871866352296 0.05093046572974565
242.259563945001 4.910639707731332 0.019583292085108946 0.05062458593583169
251.9499465028057 4.982349812662358 0.019338976835290955 0.0503230002554518
261.6403290606104 5.146502095163084 0.01912484662589481 0.050024569993634034
271.33071161829866 5.3234131977381765 0.01891374922056641 0.049729763649570234
281.02109417610336 5.485876357978643 0.018705626512180776 0.0494385148869438
290.71147673390806 5.63574894205486 0.01845438494774531 0.049153307471730134
300.40185929171275 5.774548115766228 0.018252382482428366 0.04886896248532117
310.09224184951745 5.903531973944805 0.018053183819822634 0.04858798585011652
319.78262440732215 6.023757171238275 0.017856736421339447 0.04831031740192682
329.47300696512684 6.136120929747392 0.017662989010172755 0.048035898407309124
339.16338952293154 6.241392343842957 0.017471891534158193 0.04776467152120519
348.85377208073623 6.34023616091252 0.017283395129927475 0.047496580746077606
358.54415463854093 6.433231152153992 0.01709745208830626 0.04723157139248196
368.2345371963456 6.520884515667072 0.016914015820905466 0.04696959004101684
377.9249197541503 6.603643318073786 0.016733040827858668 0.04671058450559542
387.615302311955 6.681903690845507 0.016554482666659723 0.04645450379798568
397.3056848697597 6.756018300254402 0.01637829792205793 0.04620129809356807
406.9960674275644 6.8263024730312996 0.016204444176968803 0.04595091869826262
416.6864499853691 6.893039263178829 0.016032879984360697 0.045703318016578405
426.3768325431738 6.956483676031054 0.015863564840080155 0.04545844952074188
436.0672151009785 7.016866215129391 0.015696459156578954 0.045216267720861306
445.7575976587832 7.074395880183128 0.015531524237508823 0.04497672813608721
455.4479802164715 7.12926271649784 0.015368722253152521 0.0447397872667328
465.1383627742762 7.181639995175266 0.015208016216647743 0.04450540256730076
474.82874533208087 7.231686087262946 0.0150493699610031 0.04427353242042354
484.51912788988557 7.279546082622135 0.014892748116837863 0.04404413611162659
494.20951044769026 7.325353194577984 0.014738116090847086 0.04381717380492501
503.89989300549496 7.369229983826861 0.014585440044953919 0.04359260651920554
513.5902755632997 7.411289429052892 0.014434686876125407 0.04337039610536727
523.2806581211044 7.451635866907468 0.014292918038557659 0.04315050522419274
532.971040678909 7.490365820152081 0.014145861679256154 0.04293289732492233
542.6614232367137 7.527568729650666 0.01400063387653573 0.042717536624505975
552.3518057945184 7.563327603365158 0.01385720426127864 0.04250438808750736
562.0421883523231 7.5977195934370245 0.01371554310811163 0.042293417406636745
571.7325709101278 7.630816510734333 0.013575621318706828 0.042084590983889586
581.4229534679325 7.66268528483636 0.013437410405596083 0.04187787591226919
591.1133360257372 7.693388376258481 0.013300882476480196 0.04167323995807205
600.8037185835419 7.722984146744581 0.0131660102190156 0.04147065154371616
610.4941011413466 7.751527192636553 0.013032766886062022 0.04127007973109279
620.1844836991513 7.779068645642404 0.01290112628137432 0.04107149420542303
629.874866256956 7.805656444743114 0.01277106274572368 0.0408748652596017
639.5652488146443 7.831335582485041 0.012642551143434528 0.0406801637790134
649.255631372449 7.8561483284871105 0.012515566849313563 0.04048736122679088
658.9460139302537 7.880134432627205 0.01239008573598054 0.040296429629534426
668.6363964880584 7.903331310075766 0.01226608416155654 0.04010734156343085
678.3267790458631 7.925774210069793 0.012143538957720195 0.039920070140792324
688.0171616036678 7.94749637009939 0.012022427418110637 0.039734588996987286
697.7075441614725 7.968529156979914 0.011902727287066652 0.0395508722777523
707.3979267192772 7.988902196112541 0.011784416748691157 0.03936889462687175
717.0883092770819 8.008643490087684 0.011576899170887578 0.039191843299558424
726.7786918348866 8.027779527656378 0.011461974166966484 0.0390132458856207
736.4690743926913 8.046335383981841 0.011348365999835306 0.038836314690774025
746.159456950496 8.064334812984445 0.011236054724682414 0.03866102622709445
755.8498395083006 8.081800332506523 0.011125020780061291 0.03848735744842816
765.5402220661053 8.098753302947037 0.010938952578497106 0.038317734913935655
775.23060462391 8.115213999948852 0.01083097837905348 0.03814722003182278
784.9209871817147 8.131201681661771 0.010724216810037554 0.037978258508802584
794.6113697395194 8.146734651052018 0.01061864993541606 0.03781082895926252
804.3017522973241 8.161830313681993 0.01051426015487351 0.03764491039051871
813.9921348551288 8.176505231342848 0.010411030196184497 0.037480482193808125
823.6825174128171 8.190775171885178 0.010308943107790404 0.037317524135529995
833.3728999706218 8.204655155561625 0.010202565958062352 0.03715610877960602
843.0632825284265 8.218159498162041 0.01010275497529167 0.03699603107349106
852.7536650862312 8.231301851201739 0.010004037275114593 0.03683736498189063
862.4440476440359 8.24409523939376 0.009795809637498045 0.03668432237376622
872.1344302018406 8.256552095618584 0.009700047002620516 0.03652839220358579
881.8248127596453 8.268684293584617 0.00960531938627536 0.03637381865318817
891.51519531745 8.280503178355811 0.00951758043909962 0.0362205838788078
901.2055778752547 8.292019594907535 0.009424835382420355 0.03606867035005264
910.8959604330594 8.303243914857822 0.009333082877510971 0.035918060843034096
920.5863429908641 8.314186061508739 0.009242309046991594 0.03576873843367706
930.2767255486688 8.324855533321204 0.009152500257634278 0.03562068649120492
939.9671081064735 8.335261425936404 0.009063643115182752 0.03547388867179386
949.6574906642782 8.345412452847626 0.008820058355484491 0.03533536575728996
959.3478732220829 8.355316964817947 0.008734210802521023 0.03519097648541433
969.0382557798875 8.364982968131493 0.008649259360598597 0.03504779472241727
978.7286383376922 8.374418141759106 0.008565191906188208 0.034905805195582805
988.4190208954969 8.383629853512835 0.008481996520188908 0.034764992890262726
998.1094034533016 8.392625175257916 0.008399661483837091 0.034625343044428825
