-1007.7997860109899 9.057698621008312 -0.011738455610149483 0.013013785137642925
-998.1094034531852 9.067875292550704 -0.01163951183558334 0.012903708566193437
-988.4190208953805 9.077868150441626 -0.011542226951688103 0.012795478765431054
-978.7286383376922 9.087682779083696 -0.011446559452601089 0.012689049640696578
-969.0382557798875 9.097324499719555 -0.011352469210727382 0.012584376618877294
-959.3478732220829 9.106798386798776 -0.011259917419759069 0.01248141658613846
-949.6574906642782 9.116109283120858 -0.011168866540502328 0.01238012782867632
-939.9671081064735 9.125261813859696 -0.011079280249367137 0.012280469976340722
-930.2767255486688 9.134260399566635 -0.010991123389360988 0.012182403948959426
-920.5863429908641 9.143109268238758 -0.010904361923445795 0.012085891905215434
-910.8959604330594 9.151812466530647 -0.010818962890125407 0.011990897193936756
-901.2055778752547 9.16037387018039 -0.010734894361139509 0.011897384307666774
-891.51519531745 9.168797193713713 -0.010652125401147582 0.011805318838391638
-881.8248127596453 9.177085999484309 -0.010570626029294082 0.011714667435308579
-872.1344302018406 9.18524370610294 -0.010490367182552583 0.011625397764526353
-862.4440476440359 9.193273596303138 -0.010411320680753124 0.011537478470595258
-852.7536650862312 9.201178824287073 -0.010333459193202872 0.011450879139770694
-843.0632825284265 9.208962422591243 -0.010256756206815513 0.011365570264919692
-833.3728999706218 9.216627308508206 -0.010181185995670231 0.011281523211985412
-823.6825174128171 9.224176290097413 -0.010106723591925543 0.011198710187929386
-813.9921348550124 9.231612071815489 -0.01003334475801791 0.01111710421007616
-804.3017522972077 9.238937259793627 -0.009961025960079141 0.01103667907678929
-794.6113697395194 9.246154366787428 -0.009889744342511218 0.010957409339412532
-784.9209871817147 9.253265816823138 -0.009819477703655044 0.010879270275407577
-775.23060462391 9.260273949560355 -0.009750204472510649 0.010802237862642833
-765.5402220661053 9.267181024392709 -0.009681903686439817 0.010726288754758105
-755.8498395083006 9.273989224303422 -0.009614554969814941 0.010651400257566359
-746.159456950496 9.280700659492974 -0.009548138513562707 0.010577550306436747
-736.4690743926913 9.287317370794312 -0.009482635055559725 0.010504717444612389
-726.7786918348866 9.293841332889832 -0.009418025861838921 0.010432880802418248
-717.0883092770819 9.300274457343376 -0.00935429270856769 0.010362020077316727
-707.3979267192772 9.306618595459422 -0.009291417864760964 0.010292115514770871
-697.7075441614725 9.312875540980821 -0.009229384075694343 0.010223147889877332
-688.0171616036678 9.319047032635499 -0.009168174546984384 0.010155098489733227
-678.3267790458631 9.325134756541917 -0.009107772929304803 0.010087949096502829
-668.6363964880584 9.331140348482219 -0.00904816330370909 0.010021681971151986
-658.9460139302537 9.337065396051544 -0.008989330167531572 0.00995627983781964
-649.255631372449 9.342911440691198 -0.008931258420840436 0.009891725868797635
-639.5652488146443 9.348679979612957 -0.008873933353417563 0.009828003670091286
-629.8748662568396 9.354372467621278 -0.008817340632241405 0.0097650972675347
-620.1844836990349 9.35999031883961 -0.008761466289450287 0.009702991093436163
-610.4941011413466 9.365534908346655 -0.008706296710765376 0.0096416699737308
-600.8037185835419 9.371007573728377 -0.008651818624349012 0.009581119115613938
-591.1133360257372 9.376409616549886 -0.008598019090088992 0.009521324095644886
-581.4229534679325 9.38174230375321 -0.008544885489277261 0.009462270848286462
-571.7325709101278 9.38700686898447 -0.00849240551467544 0.009403945654871976
-562.0421883523231 9.39220451385492 -0.008440567160946702 0.00934633513297733
-552.3518057945184 9.397336409139667 -0.008389358715438932 0.009289426226181431
-542.6614232367137 9.40240369591776 -0.00833876874930409 0.009233206194198578
-532.971040678909 9.40740748665689 -0.00828878610893961 0.009177662603367182
-523.2806581211044 9.41234886624604 -0.008239399907738209 0.009122783317479732
-513.5902755632997 9.417228892978896 -0.008247588766603087 0.00906855648894006
-503.89989300549496 9.422048599490926 -0.00819788790225732 0.0090149705502341
-494.20951044769026 9.4268089936526 -0.008148826857624901 0.008962014205701422
-484.51912788988557 9.431511059421345 -0.008100390232914848 0.008909676423595152
-474.82874533208087 9.436155757654381 -0.008052563387379641 0.008857946428418629
-465.1383627742762 9.440744026884698 -0.008005332370582334 0.008806813693527512
-455.4479802164715 9.44527678406211 -0.007958683862434434 0.008756267933986744
-445.7575976586668 9.44975492526134 -0.007912605120655277 0.008706299099672169
-436.0672151008621 9.454179326358881 -0.007867083934538914 0.008656897368607096
-426.3768325431738 9.458550843680285 -0.007822108584105274 0.008608053140525044
-416.6864499853691 9.462870314619689 -0.007777667803862765 0.008559757030646403
-406.9960674275644 9.467138558232403 -0.007733750750546395 0.008511999863669222
-397.3056848697597 9.47135637580286 -0.0076903469742796585 0.008464772667954378
-387.615302311955 9.475524551388535 -0.007647446392711964 0.00841806666990615
-377.9249197541503 9.47964385234137 -0.007605039267742011 0.008371873288537295
-368.2345371963456 9.483715029807763 -0.007563116184499269 0.008326184130212142
-358.54415463854093 9.487738819208277 -0.007521668032303582 0.00828099098356095
-348.85377208073623 9.491715940698043 -0.007480685987363235 0.008236285814558994
-339.16338952293154 9.495647099608881 -0.007440161497005768 0.008192060761764288
-329.47300696512684 9.499532986873984 -0.0074000862652642534 0.008148308131707907
-319.78262440732215 9.503374279436086 -0.007360452239665975 0.008105020394431332
-310.09224184951745 9.507171640639912 -0.007321251599090725 0.008062190179165261
-300.40185929171275 9.510925720609661 -0.00728247674258342 0.008019810270144815
-290.71147673390806 9.514637156612237 -0.007244120279020457 0.007977873602556008
-281.02109417610336 9.51830657340695 -0.007206175017541911 0.007936373258608824
-271.33071161829866 9.521934583582311 -0.007168633958672567 0.007895302463732207
-261.64032906049397 9.525521787880491 -0.007131490286064048 0.007854654582886653
-251.94994650268927 9.529068775510131 -0.007094737358798447 0.007814423116990132
-242.259563945001 9.532576124447843 -0.00705836870420116 0.007774601699453782
-232.5691813871963 9.536044401729308 -0.00702237801111374 0.0077351840928206765
-222.8787988293916 9.539474163729786 -0.006986759123591852 0.007696164185511028
-213.1884162715869 9.542865956435282 -0.006951506034982791 0.007657535988660767
-203.4980337137822 9.546220315704256 -0.0069166128823563286 0.007619293633057195
-193.8076511559775 9.549537767520482 -0.006882073941256852 0.007581431366165554
-184.1172685981728 9.552818828237445 -0.006945756417803863 0.007549242307065712
-174.42688604036812 9.556064004814614 -0.006909368766299018 0.007511985872220546
-164.73650348256342 9.559273795045938 -0.006873447486073205 0.007475099899744545
-155.04612092475872 9.562448687780956 -0.006837977843319761 0.007438578560592954
-145.35573836695403 9.565589163138748 -0.006802946137143749 0.007402416178424761
-135.66535580914933 9.568695692715087 -0.0067683395879957805 0.007366607221280233
-125.97497325134464 9.571768739783058 -0.007146755024149703 0.0073311462941344895
-116.28459069353994 9.574808759487416 -0.0071023599717868514 0.007296028132198293
-106.59420813573524 9.57781619903292 -0.007058887718564224 0.007261247594859526
-96.90382557793055 9.580791497866919 -0.007016289359099145 0.007226799660176743
-87.21344302012585 9.583735087856363 -0.00697452025452234 0.007192679419850995
-77.52306046232115 9.586647393459563 -0.006933539549784081 0.007158882074613796
-67.83267790451646 9.589528831892746 -0.00689330975592657 0.007125402929979091
-58.14229534671176 9.592379813291801 -0.0068537963873060905 0.007092237392314936
-48.45191278902348 9.595200740869169 -0.008804195292628898 0.007059380965197747
-38.761530231218785 9.597992011066442 -0.009063001403612648 0.007070405669005902
-29.07114767341409 9.60075401370218 -0.008968076706992621 0.007037025849609865
-19.380765115609393 9.603487132115891 -0.008876564602132089 0.007003999175623061
-9.690382557804696 9.606191743307786 -0.008788240121098407 0.006971317299233718
0.0 6.755959044870819 -0.03116323193702316 0.04654438950967221
9.690382557804696 6.936978705081931 -0.030498969165253204 0.04548660194780676
19.380765115609393 7.056512809835615 -0.02986670475130416 0.04448093000908757
29.07114767341409 7.150466706625681 -0.0293323809993653 0.04352354091415351
38.761530231218785 7.229408327471318 -0.02875562182125052 0.04261097000976951
48.45191278902348 7.2981897230300925 -0.028204608604919145 0.041740077581087776
58.14229534682818 7.359516644899106 -0.027677599938166608 0.0409080116052699
67.83267790463287 7.415079933575826 -0.027173009100771757 0.04011217551423652
77.52306046243757 7.4660193214686865 -0.026689387224645183 0.03935020019781632
87.21344302024227 7.513145909837418 -0.026225408609188858 0.038619919610501964
96.90382557804696 7.557061036107874 -0.025779857876557802 0.03791934945201583
106.59420813585166 7.598225019367906 -0.02535161870318516 0.03724666847907548
116.28459069365636 7.6369994160638806 -0.024939663906263548 0.036600202077119594
125.97497325146105 7.6736742821605874 -0.024543046698707 0.03597840777943393
135.66535580914933 7.708486470334077 -0.02416089295490329 0.035379862469571595
145.35573836695403 7.741632320316166 -0.02384339319496389 0.03480719304872715
155.04612092475872 7.77327670834851 -0.023486505770609963 0.03425119821806199
164.73650348256342 7.803559655751856 -0.02314189472006534 0.03371479688656563
174.42688604036812 7.832601255579533 -0.022808910494832173 0.03319694149483586
184.1172685981728 7.860505412352799 -0.022486949085359385 0.03269665835139766
193.8076511559775 7.887362726463413 -0.022175448083802566 0.032213041224262
203.4980337137822 7.9132527506595425 -0.02187388314922103 0.03174524558854135
213.1884162715869 7.9382457778811615 -0.021581764827932618 0.03129248345306759
222.8787988293916 7.962404274086428 -0.021298635688003175 0.030854018699131736
232.5691813871963 7.985784038528676 -0.021024067732185753 0.03042916287315122
242.259563945001 8.008435152233252 -0.020757660058191914 0.030017271382507968
251.9499465028057 8.030402760050409 -0.020499036739096407 0.029617740050185377
261.6403290606104 8.051727720607408 -0.020317051979634564 0.029233451616934723
271.3307116184151 8.07244715042329 -0.02007117954288079 0.02885688564179821
281.0210941762198 8.092594882497375 -0.019832184475226843 0.028491084384046152
290.7114767340245 8.112201855233772 -0.019599766625996058 0.028135576459105225
300.40185929182917 8.131296444202688 -0.01937364341017309 0.02778991787684091
310.09224184963387 8.149904746673684 -0.01915354852530998 0.027453690074337022
319.78262440732215 8.168050826878908 -0.019091561638500187 0.0271264981159936
329.47300696512684 8.185756928429104 -0.018878900501177888 0.026807969044535553
339.16338952293154 8.203043659096439 -0.018671748347810192 0.026497750368416693
348.85377208073623 8.219930152234609 -0.018469879209240436 0.0261955086725544
358.54415463854093 8.236434208342517 -0.01827307978967598 0.02590092834086383
368.2345371963456 8.252572419676378 -0.018081148555912082 0.025613710380206652
377.9249197541503 8.268360280325266 -0.01798423193567088 0.025333571336480894
387.615302311955 8.283812283769135 -0.01779916320918875 0.025060242294532777
397.3056848697597 8.29894200961541 -0.017618536116571566 0.024793467954419453
406.9960674275644 8.313762200945346 -0.01744218013607247 0.02453300577730329
416.6864499853691 8.331584044051732 -0.01748830861395123 0.024278625194926403
426.3768325431738 8.361390217934709 -0.01731438577456495 0.024030106877207878
436.0672151009785 8.389990548999158 -0.01714455775298058 0.023787242053035524
445.7575976587832 8.417475301439021 -0.016978665897878133 0.023549831879795716
455.4479802165879 8.44392471658318 -0.016816560417811047 0.023317686857607173
465.1383627743926 8.469410470311768 -0.01665809970689915 0.023090626284601384
474.8287453321973 8.493996871400228 -0.01650314973790615 0.022868477749930855
484.519127890002 8.517741854805237 -0.0163515835142139 0.022651076661489526
494.2095104478067 8.540697811071764 -0.01620328057349462 0.022438265805602077
503.89989300549496 8.562912283603474 -0.016058126536946205 0.02222989493618681
513.5902755632997 8.584428558517251 -0.015916012698823714 0.022025820391099484
523.2806581211044 8.605286166510757 -0.015776835651770224 0.021825904733617344
532.971040678909 8.625521312160162 -0.015640496944003327 0.02163001641711458
542.6614232367137 8.645167242967018 -0.01585897918419426 0.02147043570237276
552.3518057945184 8.664254568084301 -0.015718955633522512 0.02128139327816009
562.0421883523231 8.682811534777176 -0.015581958792210448 0.02109605791996453
571.7325709101278 8.700864269198588 -0.015447873490203512 0.02091431559862718
581.4229534679325 8.718436986887442 -0.015316591394892906 0.02073605708746266
591.1133360257372 8.73555217745999 -0.0151880104246783 0.02056117769977899
600.8037185835419 8.752230767210358 -0.01506203422955971 0.02038957704486328
610.4941011413466 8.76849226272508 -0.014938571729288325 0.020221158800735335
620.1844836991513 8.7843548781186 -0.014817536701170279 0.020055830502176773
629.874866256956 8.799835648088818 -0.014698847410890706 0.019893503342716733
639.5652488147607 8.814950528655743 -0.014582426280766503 0.01973409198940291
649.2556313725654 8.829714487168266 -0.014468199590692765 0.01957751440931361
658.9460139303701 8.844141582932519 -0.014356097207755365 0.019423691706875433
668.6363964881748 8.85824503962179 -0.014246052341069525 0.01927254797114626
678.3267790459795 8.87203731046541 -0.014138001318894037 0.019124010132305407
688.0171616037842 8.88553013707684 -0.014031883385481218 0.018978007826665644
697.7075441614725 8.898734602664756 -0.01392764051546879 0.018834473269586503
707.3979267192772 8.911661180273247 -0.013825217243902625 0.018693341135713294
717.0883092770819 8.924319776609398 -0.01372456051025251 0.018554548446051443
726.7786918348866 8.936719771949873 -0.013625619514949514 0.018418034461370872
736.4690743926913 8.948870056550469 -0.013528345587196684 0.018283740581534234
746.159456950496 8.960779063932417 -0.013432692062932506 0.01815161025034311
755.8498395083006 8.972454801372066 -0.013338614171967368 0.018021588865539638
765.5402220661053 8.983904877880795 -0.013246068933426133 0.017893623693628773
775.23060462391 8.99513652992749 -0.013155015058728696 0.017767663789211872
784.9209871817147 9.006156645126008 -0.013065412861425936 0.01764365991854671
794.6113697395194 9.01697178408393 -0.012977224173283102 0.017521564487069586
804.3017522973241 9.027588200586438 -0.013647461150997874 0.01752755925119642
813.9921348551288 9.03801186026938 -0.013949440052911091 0.017454510727853995
823.6825174129335 9.048248457918419 -0.01383613206000235 0.017333506542678564
833.3728999707382 9.058303433516235 -0.013725546201335785 0.017214451954953847
843.0632825285429 9.068181987146609 -0.013643311159961886 0.01709802277603869
852.7536650863476 9.07788909285281 -0.013537106857029267 0.016982683064473245
862.4440476441523 9.087429511537588 -0.013433279306108313 0.016869133712160197
872.134430201957 9.096807802983358 -0.013331718955008747 0.016757326210025538
881.8248127596453 9.106028337063146 -0.013232324407065047 0.016647214223085058
891.51519531745 9.115095304206923 -0.013151896738158675 0.01653915843981426
901.2055778752547 9.124012725179478 -0.013056127283546017 0.016432296078100404
910.8959604330594 9.132784460224533 -0.012990436316644628 0.016327755380824104
920.5863429908641 9.141414217621179 -0.01289771547532765 0.016223971775735167
930.2767255486688 9.149905561696745 -0.012806804863972976 0.01612168108039463
939.9671081064735 9.158261920335692 -0.012717633914375547 0.016020847117704618
949.6574906642782 9.166486592020826 -0.012630136522889659 0.015921435075977944
959.3478732220829 9.174582752440115 -0.012544250660326129 0.015823411429980717
969.0382557798875 9.182553460689567 -0.012459918024350218 0.01572674386862753
978.7286383376922 9.190401665100321 -0.012381718752067004 0.015631571042015405
988.4190208954969 9.198130208715737 -0.012300210593832385 0.015537518833456524
998.1094034533016 9.205741834442229 -0.012222127324606757 0.01544477239990127
