-455.4479802165879 9.977538083990334 0.0 0.0
-445.7575976587832 9.977538083990334 0.0 0.0
-436.0672151009785 9.977538083990334 0.0 0.0
-426.3768325431738 9.977538083990334 0.0 0.0
-416.6864499853691 9.977538083990334 0.0 0.0
-406.9960674275644 9.977538083990334 0.0 0.0
-397.3056848697597 9.977538083990334 0.0 0.0
-387.615302311955 9.977538083990334 0.0 0.0
-377.9249197541503 9.977538083990334 0.0 0.0
-368.2345371963456 9.977538083990334 0.0 0.0
-358.54415463865735 9.977538083990334 0.0 0.0
-348.85377208085265 9.977538083990334 0.0 0.0
-339.16338952304795 9.977538083990334 0.0 0.0
-329.47300696524326 9.977538083990334 0.0 0.0
-319.78262440743856 9.977538083990334 0.0 0.0
-310.09224184963387 9.977538083990334 0.0 0.0
-300.40185929182917 9.977538083990334 0.0 0.0
-290.7114767340245 9.977538083990334 0.0 0.0
-281.0210941762198 9.977538083990334 0.0 0.0
-271.3307116184151 9.977538083990334 0.0 0.0
-261.6403290606104 9.977538083990334 0.0 0.0
-251.9499465028057 9.977538083990334 0.0 0.0
-242.259563945001 9.977538083990334 0.0 0.0
-232.5691813871963 9.977538083990334 0.0 0.0
-222.8787988293916 9.977538083990334 0.0 0.0
-213.1884162715869 9.977538083990334 0.0 0.0
-203.4980337137822 9.977538083990334 0.0 0.0
-193.8076511559775 9.977538083990334 -0.0027248287222604475 0.0
-184.1172685981728 9.977538083990334 -0.0026552828623711148 0.0
-174.42688604048453 9.977538083990334 -0.002589198690588827 0.0
-164.73650348267984 9.977538083990334 -0.0025263240217543886 0.0
-155.04612092487514 9.977538083990334 -0.002466430585672803 0.0
-145.35573836707044 9.977538083990334 -0.0024093112579128433 0.0
-135.66535580926575 9.977538083990334 -0.002354777666687266 0.0
-125.97497325146105 9.977538083990334 -0.0023026581175414874 0.0
-116.28459069365636 9.977538083990334 -0.0022527957876781034 0.0
-106.59420813585166 9.977538083990334 -0.0022050471499121863 0.0
-96.90382557804696 9.977538083990334 -0.002159280592894882 0.0
-87.21344302024227 9.977538083990334 -0.002115375209669767 0.0
-77.52306046243757 9.977538083990334 -0.0020732197310800644 0.0
-67.83267790463287 9.977538083990334 -0.002032711584215279 0.0
-58.14229534682818 9.977538083990334 -0.001993756059123184 0.0
-48.45191278902348 9.977538083990334 -0.001956265569536439 0.0
-38.761530231218785 9.977538083990334 -0.0019201589954673313 0.0
-29.07114767341409 9.977538083990334 -0.001885361097285098 0.0
-19.380765115609393 9.977538083990334 -0.0018518019923691863 0.0
-9.690382557804696 9.977538083990334 -0.0018194166866779275 0.0
0.0 9.977538083990334 -0.0832603534821801 0.0888185487394083
9.690382557804696 1.8978952946749441 -0.08110832953596646 0.0865054167295049
19.380765115492977 2.2981150342845718 -0.07906502253404535 0.0843097099586055
29.071147673297673 2.611453463723839 -0.07762357529388193 0.08229708771590637
38.76153023110237 2.8752296880166606 -0.07576131516536332 0.08030898130592966
48.451912788907066 3.105782685595753 -0.07398652334216407 0.07841466565948554
58.14229534671176 3.312019591304284 -0.07229316940003586 0.07660765669052295
67.83267790451646 3.499437471695555 -0.07067576537135584 0.07488205454303651
77.52306046232115 3.6717151141737974 -0.06912930605048 0.07323247923979748
87.21344302012585 3.8314598952452243 -0.07323955300174388 0.07386176051069086
96.90382557793055 3.9806008577473957 -0.0716783665589631 0.07229332155562401
106.59420813573524 4.120613602677756 -0.07018267878384084 0.07079019091313492
116.28459069353994 4.252657425522508 -0.06874843316538025 0.06934836696284659
125.97497325134464 4.377663262461042 -0.06737190292754006 0.06796416898294422
135.66535580914933 4.496392445835703 -0.06604965803807934 0.06663420555768747
145.35573836695403 4.609477311626011 -0.06510084220299261 0.06539042101547775
155.04612092475872 4.7174500781788895 -0.06386956702188551 0.06415886392852221
164.73650348256342 4.820763891896517 -0.06427368652427128 0.0633074721241772
174.42688604036812 4.919808492177873 -0.06309130001144267 0.0621560751503605
184.1172685981728 5.014922088693791 -0.06208112921387615 0.06105391283664297
193.8076511559775 5.106400514669906 -0.061162570083402604 0.05999870396249793
203.4980337136658 5.194504383693274 -0.060094670418856584 0.05896392930746049
213.1884162714705 5.279464758381277 -0.0590637037043827 0.057964297205792374
222.87879882927518 5.361487692910998 -0.05829755559947494 0.05701477258428698
232.56918138707988 5.44075791169037 -0.05732902492098354 0.05607982418042339
242.25956394488458 5.517441817106856 -0.05639239743708517 0.055175088051366256
251.94994650268927 5.591689970325095 -0.05548610865722746 0.05429912051167306
261.64032906049397 5.663639153929557 -0.054608695765003414 0.053450568608575395
271.33071161829866 5.733414099601257 -0.05375878939458635 0.05262816308608105
281.02109417610336 5.801128945125021 -0.05293510620333408 0.051830711995830274
290.71147673390806 5.866888470917871 -0.05213644215068725 0.05105709488613205
300.40185929171275 5.930789155619313 -0.051361666405094514 0.050306257508829985
310.09224184951745 5.99292008216107 -0.050609715810615984 0.04957720699077103
319.78262440732215 6.053363719478192 -0.04987958985335634 0.04886900742283798
329.47300696512684 6.112196600163104 -0.04917034607518888 0.04818077582489149
339.16338952293154 6.169489910556542 -0.04848109588853641 0.04751167844966682
348.85377208073623 6.225310006762818 -0.047811000751428245 0.046860927392778105
358.54415463854093 6.27971886768607 -0.047159268666782043 0.046227777479582816
368.2345371963456 6.332774494269353 -0.0465251509739728 0.04561152340281895
377.9249197541503 6.384531262575378 -0.045907939404336504 0.04501149708770731
387.6153023118386 6.435040237095938 -0.0453069633753973 0.044427065263667805
397.3056848696433 6.484349449660671 -0.04472158750130105 0.04385762722391346
406.996067427448 6.532504148466475 -0.044151209299498784 0.04330261275624495
416.6864499852527 6.579547021080421 -0.043595257075590574 0.04276148022981895
426.3768325430574 6.625518394676437 -0.04313474463240763 0.0422337148244135
436.0672151008621 6.670456416303595 -0.042603956339411796 0.0417188268899031
445.7575976586668 6.71439721558219 -0.04208614896032214 0.04121635042489615
455.4479802164715 6.764411356819824 -0.04158084823711296 0.04072584166454186
465.1383627742762 6.846501989026373 -0.04121285409658171 0.040246877768462024
474.82874533208087 6.925168868140112 -0.04072801937017316 0.039779055600610576
484.51912788988557 7.000623841377408 -0.04025456253607077 0.039321990593623506
494.20951044769026 7.07306031462725 -0.03979208186319078 0.03887531569090223
503.89989300549496 7.142655399865037 -0.03934019478032089 0.0384386803602854
513.5902755632997 7.209571745913892 -0.03918185459030943 0.03801174967371353
523.2806581211044 7.273959108749999 -0.038742708496695505 0.037594203447786
532.971040678909 7.335955706015806 -0.03831348557007289 0.03718573544055651
542.6614232367137 7.395689391531775 -0.03789384127167635 0.03678605260031488
552.3518057945184 7.453278678708004 -0.037483447845437445 0.036394874362467806
562.0421883523231 7.5088336363628345 -0.03708199320401656 0.036011931990960144
571.7325709100114 7.562456676197209 -0.03668917991444147 0.03563696796098015
581.4229534678161 7.614243247792311 -0.03630472427163317 0.035269735379932124
591.1133360256208 7.6642824542732395 -0.03592835544991616 0.03490999744399862
600.8037185834255 7.712657599617961 -0.03555981472386278 0.034557526927679855
610.4941011412302 7.759446676794742 -0.035198854751165444 0.03421210570405889
620.1844836990349 7.8047228044774855 -0.034845238911114414 0.0338735242936304
629.8748662568396 7.848554618895758 -0.034498740693120256 0.0335415814397306
639.5652488146443 7.891006626396505 -0.03415914313041278 0.03321608370875517
649.255631372449 7.932139521481226 -0.0338262382746422 0.03289684511349162
658.9460139302537 7.972010474404534 -0.03349982670761436 0.03258368675802085
668.6363964880584 8.010673391852361 -0.03317971708682497 0.03227643650275921
678.3267790458631 8.048179153740564 -0.032865725721831975 0.03197492864832055
688.0171616036678 8.08457582877149 -0.03255767617882762 0.03167900363697457
697.7075441614725 8.119908871043812 -0.0322553989110522 0.031388507770568994
707.3979267192772 8.15422129971991 -0.03195873091293615 0.0311032929438653
717.0883092770819 8.187553863506027 -0.031667515396069955 0.03082321639231334
726.7786918348866 8.219945191487087 -0.031381601485289894 0.03054814045336082
736.4690743926913 8.251431931674368 -0.031100843933332265 0.030277932340456976
746.159456950496 8.282048878465654 -0.030825102852654728 0.030012463928969394
755.8498395081842 8.31182909007982 -0.03055424346315633 0.029751611553290515
765.5402220659889 8.340803996911013 -0.030288135854619612 0.029495255814438546
775.2306046237936 8.369003501636225 -0.030026654762869268 0.029243281397569685
784.9209871815983 8.396456071831782 -0.029769679358619273 0.0289955768987518
794.611369739403 8.423188825762224 -0.029517093048176526 0.028752034660498967
804.3017522972077 8.449227611942838 -0.029268783285174495 0.028512550615536952
813.9921348550124 8.474597083013105 -0.029024641392598863 0.028277024138325623
823.6825174128171 8.499320764404498 -0.028784562394424534 0.028045357903892378
833.3728999706218 8.5234211182381 -0.02854844485623662 0.027817457753559965
843.0632825284265 8.546919602845067 -0.028316190734257726 0.02759323256717878
852.7536650862312 8.56983672826519 -0.02808770523224757 0.02737259414149879
862.4440476440359 8.592192108045234 -0.02786289666578183 0.027155457074339567
872.1344302018406 8.614004507628797 -0.02764167633345385 0.026941738654238333
881.8248127596453 8.635291889602712 -0.027423958394575974 0.026731358755275988
891.51519531745 8.656071456040987 -0.02720965975298841 0.02652423973679984
901.2055778752547 8.676359688165913 -0.02699869994661109 0.02632030634777885
910.8959604330594 8.696172383526614 -0.026791001042400193 0.026119485635543685
920.5863429908641 8.715524690878006 -0.026586487536393772 0.025921706858678697
930.2767255486688 8.734431142927514 -0.02638508625855351 0.025726901403847008
939.9671081064735 8.752905687102752 -0.026186726282128703 0.025535002706343003
949.6574906641617 8.770961714480451 -0.025991338837289643 0.025345946174181032
959.3478732219664 8.788612087006891 -0.025798857228778095 0.025159669115524554
969.0382557797711 8.805869163125067 -0.025609216757387174 0.02497611066931839
978.7286383375758 8.822744821921951 -0.0254223546450153 0.024795211738917043
988.4190208953805 8.839250485892991 -0.025238209963134587 0.024616914928591048
998.1094034531852 8.855397142417665 -0.025056723564476767 0.02444116448275443
