-1007.7997860109899 8.523153588561915 -0.024831379289730476 0.03274947985904208
-998.1094034531852 8.527989955478462 -0.02471873663197571 0.032605946004191304
-988.4190208953805 8.532773945055464 -0.024607115336177883 0.032463664816448676
-978.7286383375758 8.537504986056662 -0.024496501523741783 0.032322619968381865
-969.0382557797711 8.542182589493004 -0.024386881567257226 0.03218279541508339
-959.3478732219664 8.546806343318295 -0.02427824208482252 0.03204417538808603
-949.6574906641617 8.551375907532348 -0.024170569934521713 0.031906744389434805
-939.9671081064735 8.555891009658321 -0.024063852209052015 0.03177048718591248
-930.2767255486688 8.560351440562979 -0.023958076230489078 0.03163538880340434
-920.5863429908641 8.564757050589241 -0.023853229545204784 0.03150143452142219
-910.8959604330594 8.569107745974021 -0.023749299918907677 0.03136860986775087
-901.2055778752547 8.573403485524246 -0.023646275331820878 0.03123690061323761
-891.51519531745 8.577644277526954 -0.023544143973985947 0.03110629276671059
-881.8248127596453 8.581830176870724 -0.023442894240689925 0.030976772570024354
-872.1344302018406 8.58596128235753 -0.02334251472801187 0.030848326493228526
-862.4440476440359 8.590037734185897 -0.023242994228485178 0.030720941229856268
-852.7536650862312 8.594059711587823 -0.023144321726872273 0.030594603692328963
-843.0632825284265 8.598027430603654 -0.02304648639604815 0.03046930100747376
-833.3728999706218 8.601941141980566 -0.02294947759298965 0.030345020512150933
-823.6825174128171 8.60580112918179 -0.022853284854867192 0.030221749748987767
-813.9921348550124 8.609607706495172 -0.022757897895235912 0.03009947646221597
-804.3017522972077 8.613361217230826 -0.022663306600323358 0.029978188593609793
-794.611369739403 8.617062031998993 -0.022569501025410773 0.02985787427852188
-784.9209871815983 8.62071054706019 -0.022476471391305347 0.029738521842014306
-775.2306046237936 8.624307182740901 -0.02238420808090058 0.02962011979508194
-765.5402220659889 8.627852381908871 -0.02229270163582245 0.029502656830965725
-755.8498395083006 8.631346608502966 -0.022201942753159676 0.029386121821554673
-746.159456950496 8.634790346113551 -0.02211192228226952 0.029270503813865947
-736.4690743926913 8.63818409660922 -0.022022631221672695 0.029155792026621434
-726.7786918348866 8.641528378807685 -0.021934060716013754 0.029041975846890833
-717.0883092770819 8.644823727187806 -0.021846202053100876 0.028929044826819815
-707.3979267192772 8.648070690640992 -0.02175904666101649 0.028816988680432948
-697.7075441614725 8.651269831260404 -0.021672586105297764 0.028705797280510603
-688.0171616036678 8.654421723166704 -0.021586812086185084 0.028595460655537863
-678.3267790458631 8.657526951369432 -0.021501716435936482 0.0284859689867236
-668.6363964880584 8.660586110663312 -0.02141729111620622 0.028377312605087676
-658.9460139302537 8.66359980455898 -0.021333528215485783 0.02826948198861463
-649.255631372449 8.666568644247851 -0.021250419946605512 0.02816246775947197
-639.5652488146443 8.669493247600823 -0.021167958644295232 0.028056260681291485
-629.8748662568396 8.672374238200783 -0.021086136762802188 0.0279508516565117
-620.1844836990349 8.67521224440881 -0.021008702376718116 0.027846231723780174
-610.4941011412302 8.678007898464058 -0.020937390629872852 0.0277423920554138
-600.8037185834255 8.680761835617322 -0.02085734737933081 0.02763932395491575
-591.1133360256208 8.683474693298303 -0.020777915908493948 0.027537018854547648
-581.4229534678161 8.686147110316528 -0.02069908920513803 0.027435468312955336
-571.7325709100114 8.688779726095904 -0.020620860364252414 0.027334664012847055
-562.0421883523231 8.691373179942799 -0.020543222585988116 0.027234597758723784
-552.3518057945184 8.693928110347706 -0.02046616917364857 0.027135261474653345
-542.6614232367137 8.696445154319866 -0.02038969353173575 0.0270366472021049
-532.971040678909 8.698924946755227 -0.02031378916403186 0.026938747097818575
-523.2806581211044 8.70136811983704 -0.02023844967172938 0.02684155343172724
-513.5902755632997 8.703775302468877 -0.020163668751602522 0.02674505858492184
-503.89989300549496 8.706147119739708 -0.020089440194220178 0.026649255047660508
-494.20951044769026 8.708484192420542 -0.02001575788219898 0.02655413541742027
-484.51912788988557 8.710787136492158 -0.01994261578849557 0.02645969239699041
-474.82874533208087 8.713056562703331 -0.019870007974737116 0.026365918792606212
-465.1383627742762 8.715293076158988 -0.019797928589588752 0.026272807512122468
-455.4479802164715 8.717497275937596 -0.01972637186715744 0.02618035156322538
-445.7575976586668 8.719669754737112 -0.019655332125430823 0.02608854405168216
-436.0672151008621 8.721811098548732 -0.019584803764750643 0.025997378179627297
-426.3768325430574 8.7239218863577 -0.01951478126631934 0.02590684724388465
-416.6864499852527 8.726002689870324 -0.019445259190739427 0.02581694463432451
-406.996067427448 8.728054073266401 -0.019376232176584476 0.02572766383225466
-397.3056848696433 8.7300765929762 -0.019307694939001113 0.02563899840884479
-387.6153023118386 8.732070797481088 -0.019239642268341114 0.025550942023583382
-377.9249197541503 8.734037227136938 -0.019172069028823763 0.02546348842276722
-368.2345371963456 8.735976414019524 -0.019104970157222647 0.025376631438016762
-358.54415463854093 8.737888881790651 -0.01903834066158869 0.02529036498483207
-348.85377208073623 8.739775145584595 -0.01897217561999216 0.025204683061167747
-339.16338952293154 8.741635711913576 -0.018906470179295323 0.02511957974604199
-329.47300696512684 8.743471078591494 -0.0188412195539502 0.02503504919817259
-319.78262440732215 8.745281734675014 -0.01877641902482156 0.024951085654640454
-310.09224184951745 8.747068160421112 -0.01871206393803453 0.024867683429579873
-300.40185929171275 8.74883082726017 -0.018648149703846265 0.024784836912895042
-290.71147673390806 8.750570197783794 -0.018584671795541068 0.024702540569002108
-281.02109417610336 8.75228672574648 -0.018521625748348286 0.024620788935596168
-271.33071161829866 8.753980856080277 -0.018459007158382706 0.024539576622442737
-261.64032906049397 8.755653024921674 -0.018396811681606527 0.02445889831019302
-251.94994650268927 8.75730365964988 -0.018335035032812735 0.024378748749222447
-242.25956394488458 8.758933178935727 -0.01827367298462917 0.02429912275849202
-232.56918138707988 8.760541992800478 -0.01821272136654282 0.024220015224431905
-222.87879882927518 8.762130502683762 -0.018152176063943957 0.02414142109984669
-213.1884162714705 8.763699101519983 -0.018092033017189493 0.024063335402841994
-203.4980337136658 8.765248173822492 -0.018032288220685234 0.023985753215771732
-193.8076511559775 8.766778095774871 -0.017972937721987235 0.0239086696842067
-184.1172685981728 8.768289235328805 -0.017913977620917544 0.02383208001591828
-174.42688604036812 8.769781952307659 -0.017855404068704665 0.02375597947989093
-164.73650348256342 8.771256598515588 -0.01779721326713399 0.023680363405344212
-155.04612092475872 8.772713517851303 -0.017739401467718578 0.023605227180778173
-145.35573836695403 8.774153046426127 -0.017681964970885526 0.023530566253035786
-135.66535580914933 8.775575512685798 -0.017624900125178415 0.02345637612638326
-125.97497325134464 8.77698123753557 -0.017568203326475264 0.023382652361607543
-116.28459069353994 8.77837053446813 -0.017553685302411977 0.023310688775290165
-106.59420813573524 8.77974370969396 -0.017497405240545362 0.02323787504795981
-96.90382557793055 8.781101062273683 -0.017441487215256426 0.023165514835876564
-87.21344302012585 8.782442884252063 -0.017385927705458798 0.023093603914148338
-77.52306046232115 8.783769460793303 -0.0179110370118337 0.023022138110227717
-67.83267790451646 8.785081070317268 -0.017851914240729898 0.02295111330310283
-58.14229534671176 8.786377984636376 -0.017793202074275077 0.022880525422503115
-48.451912788907066 8.787660469092831 -0.01773489581574722 0.022810370448119857
-38.76153023110237 8.788928782695935 -0.017676990850911692 0.022740644408841017
-29.071147673297673 8.790183178259237 -0.018116989020228805 0.02267134338200019
-19.380765115492977 8.791423902537288 -0.01805619634050345 0.02260246349263923
-9.690382557804696 8.792651196361735 -0.017995845532956904 0.022534000912785228
0.0 1.0327117776775925 0.06824480063909487 0.042894328397229876
9.690382557804696 1.4888863778186732 0.06570737386724765 0.04267589578854264
19.380765115609393 1.8280599223405796 0.06515401709515918 0.04246007914921757
29.07114767341409 2.1079286176128775 0.06460914873178339 0.04224682660732974
38.761530231218785 2.349986050601081 0.06407258085326041 0.042036087727563495
48.45191278902348 2.565103136161399 0.06354413097512125 0.04182781346062353
58.14229534682818 2.7597025749007056 0.06302362185788682 0.04162195609479068
67.83267790463287 2.9379632049814033 0.06251088132092743 0.04141846920951664
77.52306046243757 3.102790157888414 0.0608206998934823 0.041373470704158734
87.21344302024227 3.2563034465320673 0.06033173220190073 0.04117343965739671
96.90382557804696 3.4001086303344206 0.05866701853501242 0.041780948940892786
106.59420813585166 3.535457852356247 0.058200899353739885 0.041579468198190556
116.28459069365636 3.6633511363716593 0.05774150861132675 0.041380246179998234
125.97497325146105 3.7846030199977907 0.05728870636778054 0.04118324111802632
135.66535580926575 3.8998880273466856 0.056842356484891506 0.04098841232349083
145.35573836707044 4.009772671310172 0.05640232649875336 0.04079572015157693
155.04612092487514 4.114738573113115 0.055968487497365806 0.04060512596731282
164.73650348267984 4.215199545398779 0.055540714003084045 0.04041659211278929
174.42688604036812 4.311514465035064 0.05511888385969862 0.04023008187566503
184.1172685981728 4.403997141950615 0.05470287812390441 0.040045559458885764
193.8076511559775 4.492924001376289 0.05429258096103473 0.0398629899515953
203.4980337137822 4.57854014598466 0.053887879544770326 0.03968233930114099
213.1884162715869 4.661064198423057 0.05348866396071834 0.0395035742861573
222.8787988293916 4.740692212547407 0.05309482711366167 0.0393266624906666
232.5691813871963 4.817600864263086 0.05267763509370884 0.03915157227915436
242.259563945001 4.891950078538517 0.05229445588685584 0.03897827277257614
251.9499465028057 5.072365996618119 0.05191634709439949 0.03880673382525554
261.6403290606104 5.258476002416494 0.051534845737992684 0.03863692600263464
271.3307116184151 5.42892730441163 0.05116665216703067 0.03846882055984027
281.0210941762198 5.585786384916808 0.05071969472788709 0.03830766062869676
290.7114767340245 5.730732049807877 0.050361919281975163 0.03814284443429894
300.40185929182917 5.865150039678634 0.05000548256365288 0.037979641936560796
310.09224184963387 5.990199612639438 0.049656524358989575 0.0378180338903523
319.78262440743856 6.106861699130944 0.04931199853836416 0.03765799469188882
329.47300696524326 6.215974551077368 0.048971824063101084 0.03749949931410346
339.16338952304795 6.318260670179239 0.04863592182815968 0.03734252329002339
348.85377208085265 6.414347509092087 0.04829660293864909 0.03718704269672612
358.54415463854093 6.5047836329547435 0.047962785566932925 0.03703303413985403
368.2345371963456 6.590051510255017 0.047639345342647625 0.03688047473865319
377.9249197541503 6.670577759856794 0.04731987769017477 0.03672934211154314
387.615302311955 6.746741450023119 0.047004312389436156 0.03657961436215985
397.3056848697597 6.81888088598571 0.04669258083985815 0.03643127006588008
406.9960674275644 6.8872992108109 0.04638461601429521 0.036284288256797484
416.6864499853691 6.952269064449993 0.046042350781950084 0.03613864841513445
426.3768325431738 7.0140364879599435 0.04574200542437114 0.03599433045507238
436.0672151009785 7.072824217303627 0.045425802270969866 0.03585131471298463
445.7575976587832 7.128834479428646 0.045132680020514224 0.03570958193605598
455.4479802165879 7.182251379426413 0.04484300541079684 0.035569113271274225
465.1383627743926 7.233242949367568 0.04455672010146715 0.03542989025477945
474.8287453321973 7.281962915399612 0.04427376703972642 0.035291894801557505
484.519127890002 7.3285522288103735 0.043977381090258345 0.035155109195464405
494.2095104478067 7.373140398234234 0.04370104976939495 0.03501951607956974
503.8998930056114 7.41584665344312 0.04342788510814314 0.034885098446806456
513.5902755634161 7.456780965803908 0.04315783490414395 0.034751839630916395
523.2806581212208 7.49604494618758 0.04289084807715705 0.03461972329768001
532.9710406790255 7.533732637648864 0.04003975786408279 0.03499778545037175
542.6614232368302 7.569931217380488 0.03979777190535414 0.03486416331716417
552.3518057945184 7.60472162014727 0.039558424813236036 0.03473169121585387
562.0421883523231 7.638179093520436 0.039321675744946404 0.03460035287009849
571.7325709101278 7.670373693665649 0.03906731470446437 0.034470132329848226
581.4229534679325 7.701370729160099 0.038835791115618544 0.03434101396285004
591.1133360257372 7.7312311592218155 0.038606745620580814 0.03421298244643163
600.8037185835419 7.760011951841285 0.03838014054588755 0.034086022759545295
610.4941011413466 7.78776640654403 0.038155938951736273 0.033960120175062974
620.1844836991513 7.814544445873202 0.037934104614829614 0.03383526025231374
629.874866256956 7.840392879138839 0.03771460201167703 0.03371142882985386
639.5652488147607 7.8653556415192085 0.037497396302339774 0.03358861201846165
649.2556313725654 7.889474011206139 0.03728245331460718 0.033466796194348065
658.9460139303701 7.912786806949201 0.037069739528591904 0.033345967992575526
668.6363964881748 7.935330568064312 0.03685922206173145 0.033226114300677526
678.3267790459795 7.95713971872292 0.0366508686541855 0.03310722225247127
688.0171616037842 7.978246718122644 0.036444647654616295 0.03298927922205694
697.7075441615889 7.998682197953563 0.03624052800634259 0.032872272817996435
707.3979267193936 8.018475088412302 0.03603847923385516 0.03275619087766555
717.0883092771983 8.037652733874891 0.03583847142968419 0.03264102146177336
726.778691835003 8.056240999216136 0.035640475241608495 0.032526752849042787
736.4690743926913 8.074264367655157 0.03544446186019907 0.03241337353104832
746.159456950496 8.091746030913708 0.03525040300667301 0.03230087220719719
755.8498395083006 8.108707972386181 0.035058270921084336 0.03218923777986917
765.5402220661053 8.12517104395458 0.03486803835079583 0.03207845934968291
775.23060462391 8.141155037009437 0.0346796785392579 0.031968526210904416
784.9209871817147 8.156678748185113 0.034493165215072494 0.03185942784698481
794.6113697395194 8.171760040265726 0.03430847258133622 0.031751153926224525
804.3017522973241 8.186415898673154 0.034127665811002156 0.031643763800930876
813.9921348551288 8.200662483908651 0.03394652354869774 0.03153710797566696
823.6825174129335 8.214515180283914 0.03376712755768507 0.03143124667355878
833.3728999707382 8.227988641245698 0.03358945383281153 0.03132617026116121
843.0632825285429 8.241096831569688 0.03341347879419527 0.031221869269955644
852.7536650863476 8.253853066673841 0.03323917927807966 0.031118334392688296
862.4440476441523 8.266270049278704 0.03306653252791617 0.03101555647980845
872.134430201957 8.2783599036217 0.032895516185669424 0.03091352653600313
881.8248127597617 8.290134207413978 0.03272610828333862 0.030812235716825453
891.5151953175664 8.301604021711885 0.032558287234688704 0.030711675325413478
901.2055778753711 8.312779918860208 0.03239203182718582 0.030611836809296626
910.8959604331758 8.323672008650792 0.03222732121413135 0.030512711757287064
920.5863429908641 8.3342899628279 0.03206413490699082 0.03041429189645447
930.2767255486688 8.344643038061573 0.03190245276790083 0.030316569089174412
939.9671081064735 8.354740097497483 0.03174225500237808 0.030219535330265834
949.6574906642782 8.36458963098735 0.03158352215218614 0.030123182744191308
959.3478732220829 8.374199774091139 0.03142623508838496 0.030027503582335878
969.0382557798875 8.383578325937611 0.03127037500454601 0.02993249022035459
978.7286383376922 8.392732766022023 0.031115923410131113 0.0298381351555885
988.4190208954969 8.40167027001376 0.030962862124029832 0.029744431004546313
998.1094034533016 8.410397724640996 0.030570933690928618 0.029651370500450254
