-1007.7997860109899 11.307483656493439 -0.0011592067588768113 4.152244780367671e-07
-998.1094034531852 11.307483656493439 -0.0013638353640189312 4.120661693777998e-07
-988.4190208953805 11.307483656493439 -0.001350579114838739 4.089562765222492e-07
-978.7286383376922 11.307483656493439 -0.0013375948892076544 4.0589368728103904e-07
-969.0382557798875 11.307483656493439 -0.0013248740765557825 4.0287732337647734e-07
-959.3478732220829 11.307483656493439 -0.0013170322236254726 3.9990613915939435e-07
-949.6574906642782 11.307483656493439 -0.0013047510151163676 3.9697912038211714e-07
-939.9671081064735 11.307483656493439 -0.001292711217472681 3.940952830251934e-07
-930.2767255486688 11.307483656493439 -0.001280905519242487 3.912536721782238e-07
-920.5863429908641 11.307483656493439 -0.0012693269096838637 3.884533609707031e-07
-910.8959604330594 11.307483656493439 -0.0012579686630726035 3.8569344954591763e-07
-901.2055778752547 11.307483656493439 -0.001246824324005104 3.8297306408483807e-07
-891.51519531745 11.307483656493439 -0.0012358876936220606 3.8029135586771544e-07
-881.8248127596453 11.307483656493439 -0.0012251528166849427 3.776475003790315e-07
-872.1344302018406 11.307483656493439 -0.00121461396944306 3.7504069644794325e-07
-862.4440476440359 11.307483656493439 -0.0012042656482342219 3.7247016542761645e-07
-852.7536650862312 11.307483656493439 -0.0011941025587667371 3.699351504073698e-07
-843.0632825284265 11.307483656493439 -0.001184119606034803 3.6743491545775163e-07
-833.3728999706218 11.307483656493439 -0.0011743118848231713 3.6496874490815655e-07
-823.6825174128171 11.307483656493439 -0.001164674670760586 3.6253594265230564e-07
-813.9921348550124 11.307483656493439 -0.0011552034118846202 3.6013583148382036e-07
-804.3017522972077 11.307483656493439 -0.0011458937206835244 3.57767752458095e-07
-794.6113697395194 11.307483656493439 -0.001136741366583441 3.554310642783808e-07
-784.9209871817147 11.307483656493439 -0.0011277422688510186 3.5312514270997115e-07
-775.23060462391 11.307483656493439 -0.001118892489885973 3.5084938001349585e-07
-765.5402220661053 11.307483656493439 -0.001110188228876335 3.486031844044803e-07
-755.8498395083006 11.307483656493439 -0.0011016258157948435 3.4638597953071934e-07
-746.159456950496 11.307483656493439 -0.0010932017057143023 3.4419720397280563e-07
-736.4690743926913 11.307483656493439 -0.0010849124734220916 3.420363107617275e-07
-726.7786918348866 11.307483656493439 -0.0010763017685863625 3.4907351528751213e-07
-717.0883092770819 11.307483656493439 -0.0010682786639256354 3.4684141614658255e-07
-707.3979267192772 11.307483656493439 -0.001060380662865011 3.4463902297599577e-07
-697.7075441614725 11.307483656493439 -0.0010526047772284643 3.424657071143087e-07
-688.0171616036678 11.307483656493439 -0.0010449481151600059 3.4032085930039887e-07
-678.3267790458631 11.307483656493439 -0.001037407877209715 3.3820388883244886e-07
-668.6363964880584 11.307483656493439 -0.0010299813526118916 3.361142227743306e-07
-658.9460139302537 11.307483656493439 -0.0010226659157442635 3.34051305211531e-07
-649.255631372449 11.307483656493439 -0.0010154590227579206 3.32014596544225e-07
-639.5652488146443 11.307483656493439 -0.0010083582083683358 3.300035728246925e-07
-629.8748662568396 11.307483656493439 -0.001001361082798427 3.2801772512776296e-07
-620.1844836990349 11.307483656493439 -0.0009944653288652325 3.260565589554323e-07
-610.4941011413466 11.307483656493439 -0.0009876686992023587 3.241195936764255e-07
-600.8037185835419 11.307483656493439 -0.000980969013610317 3.222063619893334e-07
-591.1133360257372 11.307483656493439 -0.0009743641565290119 3.203164094186213e-07
-581.4229534679325 11.307483656493439 -0.0009678520746242452 3.1844929383314857e-07
-571.7325709101278 11.307483656493439 -0.0009614307744833492 3.166045849891771e-07
-562.0421883523231 11.307483656493439 -0.0009550983204137104 3.1478186409654164e-07
-552.3518057945184 11.307483656493439 -0.0009488528323388823 3.1298072340531105e-07
-542.6614232367137 11.307483656493439 -0.0009426924837872119 3.1120076581137604e-07
-532.971040678909 11.307483656493439 -0.0009720208182455925 3.094416044826433e-07
-523.2806581211044 11.307483656493439 -0.0009655413536824975 3.077028625000561e-07
-513.5902755632997 11.307483656493439 -0.0009591549128486192 3.0598417251736506e-07
-503.89989300549496 11.307483656493439 -0.0009528593437610943 3.042851764338615e-07
-494.20951044769026 11.307483656493439 -0.0009466525666150206 3.026055250846888e-07
-484.51912788988557 11.307483656493439 -0.0009832942676514503 3.009448779408571e-07
-474.82874533208087 11.307483656493439 -0.0009766784901410388 2.9930290282640217e-07
-465.1383627742762 11.307483656493439 -0.0009701612219690282 2.9767927564466494e-07
-455.4479802164715 11.307483656493439 -0.0009637400238398066 2.9607368011769675e-07
-445.7575976586668 11.307483656493439 -0.0009574125460763358 2.9448580753609326e-07
-436.0672151008621 11.307483656493437 -0.0009511765240890735 2.9291535651859973e-07
-426.3768325431738 11.307483656493437 -0.0009450297741403508 2.9136203278333077e-07
-416.6864499853691 11.307483656493435 -0.0012425437890519811 2.898255489259494e-07
-406.9960674275644 11.307483656493433 -0.001232437025436421 2.883056242083086e-07
-397.3056848697597 11.30748365649343 -0.001222524418374333 2.868019843553396e-07
-387.615302311955 11.307483656493423 -0.0012460091091195202 2.8531436135875694e-07
-377.9249197541503 11.307483656493414 -0.0012360148986695066 2.838424932897086e-07
-368.2345371963456 11.307483656493396 -0.0012262088803637842 2.823861241181544e-07
-358.54415463854093 11.30748365649337 -0.0012125237300377504 4.088861978548657e-07
-348.85377208073623 11.307483656493329 -0.0012031313317440468 4.0573235549973074e-07
-339.16338952293154 11.307483656493265 -0.0011939085784999468 4.026393185200874e-07
-329.47300696512684 11.307483656493165 -0.0011848503311709003 3.9960503663976103e-07
-319.78262440732215 11.307483656493014 -0.0011759516732160133 3.966275589568414e-07
-310.09224184951745 11.307483656492787 -0.0011672078981837806 3.9370502776057276e-07
-300.40185929171275 11.30748365649245 -0.0011859798074481385 3.908356728099104e-07
-290.71147673390806 11.30748365649195 -0.0011771619219392256 3.880178060370576e-07
-281.02109417610336 11.307483656491222 -0.0011684958484575274 3.8524981663828634e-07
-271.33071161829866 11.307483656490168 -0.0011599772204259299 3.825301665157411e-07
-261.64032906049397 11.307483656488658 -0.0011516018507751562 3.798573860484136e-07
-251.94994650268927 11.307483656486514 -0.0011433657223541738 3.772300701562043e-07
-242.25956394488458 11.307483656483493 -0.0011352649789668568 3.7464687464053666e-07
-232.5691813871963 11.30748365647927 -0.0011199136620019168 7.390896582113506e-07
-222.8787988293916 11.30748365647342 -0.0011121723479044646 7.316383679723988e-07
-213.1884162715869 11.307483656465374 -0.001104553081628193 7.243593891933338e-07
-203.4980337137822 11.307483656454394 -0.0010970526766838902 7.172463899387523e-07
-193.8076511559775 11.30748365643952 -0.003446101785689202 7.102933539925241e-07
-184.1172685981728 11.30748365641951 -0.0034068158318265648 7.034945611661796e-07
-174.42688604036812 11.307483656392785 -0.0033684980893552282 6.96844569073038e-07
-164.73650348256342 11.307483656357322 -0.0033311117592686196 6.903381962440624e-07
-155.04612092475872 11.307483656310573 -0.003294621918256341 6.839705064631577e-07
-145.35573836695403 11.307483656249339 -0.0032582973169212447 6.947211889507255e-07
-135.66535580914933 11.307483656169621 -0.0032235121050454194 6.883857210444373e-07
-125.97497325134464 11.307483656066463 -0.0031895284646497953 6.821816710160785e-07
-116.28459069353994 11.307483655933742 -0.00315631788078852 6.761047011320941e-07
-106.59420813573524 11.307483655763956 -0.003123853200839989 6.701506686278684e-07
-96.90382557793055 11.307483655547943 -0.003092108553343813 6.643156147090765e-07
-87.21344302012585 11.307483655274583 -0.0030610592726012234 6.585957542951728e-07
-77.52306046232115 11.307483654930445 -0.0030306818285656223 6.529874664503373e-07
-67.83267790451646 11.307483654499398 -0.010592410948386885 6.474872854423254e-07
-58.14229534671176 11.307483653962144 -0.010460200719210557 6.420918923842641e-07
-48.45191278902348 11.307483653295717 -0.010331361347816028 6.367981074156649e-07
-38.761530231218785 11.30748365247291 -0.010205763613338414 6.316028823839838e-07
-29.07114767341409 11.307483651461633 -0.010083284868282492 6.265032939825504e-07
-19.380765115609393 11.3074836502242 -0.009963808623771813 6.214965373223735e-07
-9.690382557804696 11.307483648716547 -0.009809045596779834 3.4832516510978486e-06
0.0 11.307483646887357 -0.009695766272074902 3.439479998503447e-06
9.690382557804696 3.5950878560022206 -0.027466493542951803 0.08257490589173933
19.380765115609393 4.275545111466377 -0.027116229781221503 0.08145628699079425
29.07114767341409 4.757754611238986 -0.02677492841284737 0.08036757029201638
38.761530231218785 5.143433955199461 -0.026442247039489622 0.07930757261887603
48.45191278902348 5.4688686307770835 -0.02611786057155044 0.07827517240384228
58.14229534682818 5.752037759302141 -0.025801460144186918 0.07726930572987244
67.83267790463287 6.003422367519296 -0.025492752114008102 0.07628896267324048
77.52306046243757 6.229773610421589 -0.025191457129519475 0.07533318392127761
87.21344302024227 6.435746883476975 -0.024897309269052537 0.07440105764121328
96.90382557804696 6.624716155181001 -0.024610055240519207 0.07349171657863411
106.59420813585166 6.799221399432245 -0.02432945363786765 0.07260433536615254
116.28459069365636 6.961233006646787 -0.024055274249596532 0.07173812802473
125.97497325146105 7.11231713876071 -0.02378729741511544 0.07089234564175488
135.66535580914933 7.2537439378791895 -0.023525313425127557 0.07006627421146774
145.35573836695403 7.3865610257024015 -0.023269121962535753 0.06925923262458543
155.04612092475872 7.511645007621824 -0.02301853158075033 0.06847057079537625
164.73650348256342 7.629738532726503 -0.022773359216447277 0.06769966791516233
174.42688604036812 7.74147757595466 -0.022533429734188842 0.06694593082253789
184.1172685981728 7.847411925334464 -0.02229857550048009 0.06620879248125106
193.8076511559775 7.94802083794483 -0.02206863598506339 0.06548771055755079
203.4980337137822 8.04372519082922 -0.021843457387436028 0.06478216608949715
213.1884162715869 8.134897043106818 -0.021622892286744973 0.06409166224137391
222.8787988293916 8.221867255152361 -0.021406799313365955 0.06341572313692029
232.5691813871963 8.304931628408646 -0.021195042840612792 0.06275389276562394
242.259563945001 8.384355903996004 -0.020987492695149254 0.06210573395679296
251.9499465028057 8.46037987046242 -0.020784023884790424 0.061470827416556136
261.6403290606104 8.53322076850473 -0.020584516342484944 0.06084877082333437
271.3307116184151 8.603076135326447 -0.020388854685364954 0.060239177977682315
281.0210941762198 8.67012619822015 -0.020196927987837083 0.05964167800272558
290.7114767340245 8.734535902432889 -0.020008629567767354 0.05905591459171476
300.40185929182917 8.796456639971394 -0.019823856784885203 0.05848154529948893
310.09224184963387 8.856027732051603 -0.019642510850598094 0.05791824087488744
319.78262440732215 8.91337770721203 -0.01946449664847107 0.05736568463138252
329.47300696512684 8.968625408857891 -0.019289722564666087 0.05682357185336483
339.16338952293154 9.021880959551519 -0.01911810032773201 0.056291609235842796
348.85377208073623 9.073246604330109 -0.018949544857107793 0.055769514355257864
358.54415463854093 9.12281745130222 -0.018783974119819687 0.05525701516950984
368.2345371963456 9.170682124594869 -0.018621308994847333 0.054753849545292124
377.9249197541503 9.220525032621795 -0.018461473144685367 0.05425976481101846
387.615302311955 9.284924170447887 -0.01830439289365828 0.053774517333738725
397.3056848697597 9.346281181505477 -0.018149997112577056 0.05329787211855572
406.9960674275644 9.404794683382576 -0.01799821710935484 0.05282960242915885
416.6864499853691 9.460646238154188 -0.017848986525224656 0.05236948942818725
426.3768325431738 9.514002217926013 -0.01770224123622699 0.05191732183622411
436.0672151009785 9.565015418030208 -0.0175579192596569 0.05147289560830572
445.7575976587832 9.613826458787372 -0.017415960665181432 0.05103601362690427
455.4479802165879 9.660565009038041 -0.017276307490357138 0.050606485410414466
465.1383627743926 9.705350858580807 -0.01713890366029508 0.05018412683623782
474.8287453321973 9.748294861843975 -0.01700369491123746 0.04976875987761874
484.519127890002 9.789499771275018 -0.016870628717825038 0.04936021235344273
494.2095104478067 9.82906097584071 -0.016739654223848717 0.048958317690257366
503.89989300549496 9.867067157526863 -0.01661072217629328 0.04856291469582996
513.5902755632997 9.903600876689719 -0.016483784862482868 0.04817384734356709
523.2806581211044 9.938739095429126 -0.016358796050181285 0.047790964567260966
532.971040678909 9.972553646791066 -0.016235710930456827 0.04741412006550055
542.6614232367137 10.005111656448587 -0.016114486063185367 0.04704317211528702
552.3518057945184 10.036475922568238 -0.01599507932504177 0.046677983394325655
562.0421883523231 10.066705258769638 -0.01587744985984945 0.046318420811531445
571.7325709101278 10.095854804416593 -0.01576155803116393 0.04596435534530832
581.4229534679325 10.123976305913008 -0.01564736537697394 0.04561566188918958
591.1133360257372 10.151118372197482 -0.015534834566410242 0.04527221910445129
600.8037185835419 10.17732670722258 -0.015423929358359106 0.044933909279334334
610.4941011413466 10.202644321856251 -0.015314614561883124 0.04460061819453125
620.1844836991513 10.227111727344079 -0.015206855998357891 0.04427223499461584
629.874866256956 10.250767112213962 -0.015100620465238173 0.043948652065110776
639.5652488147607 10.273646504283064 -0.014995875701372317 0.043629764914907235
649.2556313725654 10.295783919234708 -0.014892590353788034 0.043315472063766604
658.9460139303701 10.317211497066218 -0.014790733945877247 0.043005674934649796
668.6363964881748 10.33795962756345 -0.01469027684691154 0.04270027775063415
678.3267790459795 10.358057065831034 -0.014591190242823697 0.04239918743619159
688.0171616037842 10.37753103879629 -0.014493446108194285 0.04210231352261422
697.7075441614725 10.396407343507304 -0.014397017179386785 0.04180956805738894
707.3979267192772 10.41471043796142 -0.014301876928769768 0.04152086551730942
717.0883092770819 10.432463525120276 -0.014207999539991939 0.04123612272519792
726.7786918348866 10.449688630708664 -0.01411535988423799 0.0409552587699959
736.4690743926913 10.466406675327432 -0.014023933497436497 0.04067819493011533
746.159456950496 10.482637541363133 -0.013933696558369074 0.040404854599876944
755.8498395083006 10.49840013512878 -0.013844625867640539 0.04013516321889447
765.5402220661053 10.513712444629007 -0.013756698827470725 0.03986904820426819
775.23060462391 10.528591593305721 -0.013669893422270676 0.039606438885458194
784.9209871817147 10.543053890087402 -0.013584188199967945 0.0393472664417148
794.6113697395194 10.557114876035508 -0.013499562254047387 0.03909146384194955
804.3017522973241 10.57078936785495 -0.013415995206275677 0.03883896578693646
813.9921348551288 10.584091498511702 -0.01333346719007926 0.03858970865373891
823.6825174129335 10.597034755179202 -0.013251958834547176 0.038343630442262966
833.3728999707382 10.609632014715878 -0.01317145124903131 0.03810067072384241
843.0632825285429 10.621895576858702 -0.013091926008318308 0.03786077059176634
852.7536650863476 10.633837195301957 -0.01301336513834845 0.037623872613664
862.4440476441523 10.64546810681615 -0.012935751102458055 0.03738992078566621
872.134430201957 10.65679905854912 -0.012859066788123173 0.0371588604882663
881.8248127596453 10.667840333639623 -0.012783295494184187 0.036930638443810344
891.51519531745 10.67860177526392 -0.012708420918525802 0.03670520267553097
901.2055778752547 10.689092809223533 -0.01263442714620672 0.03648250246809917
910.8959604330594 10.699322465178213 -0.012561298638002556 0.03626248832957696
920.5863429908641 10.709299396615448 -0.012489020219358212 0.03604511195475164
930.2767255486688 10.719031899643515 -0.012417577069727608 0.035830326189778425
939.9671081064735 10.728527930687296 -0.012346954712285817 0.035618084998079655
949.6574906642782 10.737795123160327 -0.012277139003998539 0.035408343427448925
959.3478732220829 10.74684080318088 -0.012208116126034431 0.03520105757831054
969.0382557798875 10.755672004394864 -0.012139872574506619 0.034996184573087535
978.7286383376922 10.764295481963611 -0.01207239515153021 0.03479368252663308
988.4190208954969 10.772717725770438 -0.012005670956583298 0.034593510517682606
998.1094034533016 10.780944972895863 -0.01193968737815948 0.03439562856128572
