-668.6363964880584 9.977538083990334 0.0 0.0
-658.9460139302537 9.977538083990334 0.0 0.0
-649.255631372449 9.977538083990334 0.0 0.0
-639.5652488146443 9.977538083990334 0.0 0.0
-629.8748662568396 9.977538083990334 0.0 0.0
-620.1844836990349 9.977538083990334 0.0 0.0
-610.4941011412302 9.977538083990334 0.0 0.0
-600.8037185834255 9.977538083990334 0.0 0.0
-591.1133360256208 9.977538083990334 0.0 0.0
-581.4229534678161 9.977538083990334 0.0 0.0
-571.7325709101278 9.977538083990334 0.0 0.0
-562.0421883523231 9.977538083990334 0.0 0.0
-552.3518057945184 9.977538083990334 0.0 0.0
-542.6614232367137 9.977538083990334 0.0 0.0
-532.971040678909 9.977538083990334 0.0 0.0
-523.2806581211044 9.977538083990334 0.0 0.0
-513.5902755632997 9.977538083990334 0.0 0.0
-503.89989300549496 9.977538083990334 0.0 0.0
-494.20951044769026 9.977538083990334 0.0 0.0
-484.51912788988557 9.977538083990334 0.0 0.0
-474.82874533208087 9.977538083990334 0.0 0.0
-465.1383627742762 9.977538083990334 0.0 0.0
-455.4479802164715 9.977538083990334 0.0 0.0
-445.7575976586668 9.977538083990334 0.0 0.0
-436.0672151008621 9.977538083990334 0.0 0.0
-426.3768325430574 9.977538083990334 0.0 0.0
-416.6864499852527 9.977538083990334 0.0 0.0
-406.996067427448 9.977538083990334 -0.00010649915345284887 0.0
-397.3056848696433 9.977538083990334 -0.00010378097335446087 0.0
-387.615302311955 9.977538083990334 -0.0001011980923484181 0.0
-377.9249197541503 9.977538083990334 -9.874065384969991e-05 0.0
-368.2345371963456 9.977538083990334 -9.639973598284049e-05 0.0
-358.54415463854093 9.977538083990334 -9.416724334851996e-05 0.0
-348.85377208073623 9.977538083990334 -9.203581348915994e-05 0.0
-339.16338952293154 9.977538083990334 -8.999873577597258e-05 0.0
-329.47300696512684 9.977538083990334 -8.804988083464921e-05 0.0
-319.78262440732215 9.977538083990334 -8.618363894610277e-05 0.0
-310.09224184951745 9.977538083990334 -8.43948661183006e-05 0.0
-300.40185929171275 9.977538083990334 -8.267883673733507e-05 0.0
-290.71147673390806 9.977538083990334 -8.1031201879949e-05 0.0
-281.02109417610336 9.977538083990334 -7.944795251319085e-05 0.0
-271.33071161829866 9.977538083990334 -7.792538692559029e-05 0.0
-261.64032906049397 9.977538083990334 -7.646008183286912e-05 0.0
-251.94994650268927 9.977538083990334 -7.504886668344402e-05 0.0
-242.25956394488458 9.977538083990334 -7.368880075780599e-05 0.0
-232.56918138707988 9.977538083990334 -7.237715271366213e-05 0.0
-222.87879882927518 9.977538083990334 -7.111138227743097e-05 0.0
-213.1884162714705 9.977538083990334 -0.0003237505818347487 0.0
-203.4980337136658 9.977538083990334 -0.0003159582283762379 0.0
-193.8076511559775 9.977538083990334 -0.0003085407472344844 0.0
-184.1172685981728 9.977538083990334 -0.0007818814526914975 0.0
-174.42688604036812 9.977538083990334 -0.0007626570202639661 0.0
-164.73650348256342 9.977538083990334 -0.0007443660729935434 0.0
-155.04612092475872 9.977538083990334 -0.0007269417112355193 0.0
-145.35573836695403 9.977538083990334 -0.0007103233118383753 0.0
-135.66535580914933 9.977538083990334 -0.0006944558063231997 0.0
-125.97497325134464 9.977538083990334 -0.0009993342108224443 0.0
-116.28459069353994 9.977538083990334 -0.0009766198053181067 0.0
-106.59420813573524 9.977538083990334 -0.0009549285310834224 0.0
-96.90382557793055 9.977538083990334 -0.0009341920771896751 0.0
-87.21344302012585 9.977538083990334 -0.0009143481315701264 0.0
-77.52306046232115 9.977538083990334 -0.0008953397321493958 0.0
-67.83267790451646 9.977538083990334 -0.0021876162346731332 0.0
-58.14229534671176 9.977538083990334 -0.00213615189645526 0.0
-48.451912788907066 9.977538083990334 -0.0025457531826428375 0.0
-38.76153023110237 9.977538083990334 -0.002487273413662592 0.0
-29.071147673297673 9.977538083990334 -0.007351398770544343 0.0020291092823447997
-19.380765115492977 9.977538083990334 -0.010981698647609565 0.0019774951978514133
-9.690382557804696 9.977538083990334 -0.01071393584825793 0.0019284417744830414
0.0 9.977538083990334 -0.01045900206892643 0.0018817630667453816
9.690382557804696 1.4969185161488383 -0.08294150749611158 0.06112325039917809
19.380765115609393 1.948553116034116 -0.08085464878159206 0.05956867125075994
29.07114767341409 2.294330710099981 -0.0788704180596638 0.058091226987311215
38.761530231218785 2.582678134534085 -0.07698141602189126 0.05668531446023596
48.45191278902348 2.833377800282104 -0.07518093872897098 0.05534586048262721
58.14229534682818 3.0568579977533012 -0.0734628977299866 0.05406826060978639
67.83267790463287 3.259428129716314 -0.0718217509535764 0.05284832621557795
77.52306046243757 3.4452564402777712 -0.07025244271260009 0.051682238581893664
87.21344302024227 3.6172710824603698 -0.06875035144955197 0.050566508940299244
96.90382557804696 3.7776247671717895 -0.06731124408141774 0.049497943584499084
106.59420813585166 3.927956638285587 -0.06593123599110866 0.04847361331833161
116.28459069365636 4.069550134200069 -0.06460675586673671 0.04749082662339826
125.97497325146105 4.203433312359102 -0.06333451471662094 0.04654710602844277
135.66535580926575 4.330445388305937 -0.06211147849238829 0.045640167243403466
145.35573836707044 4.451282450159444 -0.06093484383907694 0.044767900687953686
155.04612092487514 4.566529810170679 -0.059802016563123325 0.043928355099935805
164.73650348267984 4.676685485150151 -0.05871059246918998 0.043119722955464866
174.42688604036812 4.782177613952456 -0.05765834026713281 0.04234032747130783
184.1172685981728 4.883377625606716 -0.05664318629262338 0.04158861099269024
193.8076511559775 4.980610362831789 -0.055663200820885744 0.04086312459736404
203.4980337137822 5.074161981332103 -0.05471658578275358 0.04016251876968446
213.1884162715869 5.164286195843814 -0.05382571159078133 0.03948553501848488
222.8787988293916 5.251209278184667 -0.052940300476851214 0.03883099832910919
232.5691813871963 5.335134099996975 -0.052083581099999755 0.038197810354333464
242.259563945001 5.416243434945159 -0.05125417964640363 0.0375849432611379
251.9499465028057 5.494702680221652 -0.050482679139195984 0.0369914341607873
261.6403290606104 5.57066211790761 -0.049703312850889664 0.03641638005870653
271.3307116184151 5.644258808185065 -0.04894767631436946 0.035858933268420545
281.0210941762198 5.71561818538293 -0.04821470058485534 0.035318297240554464
290.7114767340245 5.784855412181747 -0.04750338006554596 0.03479372276371641
300.40185929182917 5.852076535503328 -0.046873404781813996 0.03428450449914361
310.09224184963387 5.91737947862722 -0.0462010313080213 0.03378997781539394
319.78262440743856 5.980854897168085 -0.045547711952864924 0.03330951589320306
329.47300696524326 6.04258692118877 -0.044912646073631046 0.03284252707398022
339.16338952304795 6.1026538015305425 -0.04429507742171348 0.03238845242835139
348.85377208085265 6.161128475135081 -0.04369429109167043 0.031946763523734045
358.54415463854093 6.2180790615050725 -0.043109610720485636 0.03151696037219565
368.2345371963456 6.273569300353231 -0.04254039591308704 0.031098569541805027
377.9249197541503 6.327658938782949 -0.04198603987294581 0.03069114241655092
387.615302311955 6.38040407499642 -0.0414459672186275 0.03029425359127487
397.3056848697597 6.431857464384715 -0.0409196319694269 0.02990749938962043
406.9960674275644 6.48206879295291 -0.04040651568484105 0.029530496494110627
416.6864499853691 6.5310849222743155 -0.039906125744246346 0.029162880678583178
426.3768325431738 6.578950109543994 -0.03941799375451953 0.028804305634170402
436.0672151009785 6.625706205782498 -0.03894167407456431 0.028454441880866987
445.7575976587832 6.671392834806635 -0.038476742446791404 0.028112975757493268
455.4479802165879 6.716048448513097 -0.038022794726564765 0.027779608483544303
465.1383627743926 6.799816437090348 -0.03757944570148567 0.027454055287025315
474.8287453321973 6.881103939310612 -0.03714632799315503 0.027136044592921345
484.519127890002 6.958990312688615 -0.036723091034738885 0.026825317267439176
494.2095104478067 7.0336856612624725 -0.03630940011827694 0.026521625913600147
503.8998930056114 7.105382031907938 -0.03590493550622454 0.026224734214158774
513.5902755634161 7.174255465664952 -0.03550939160221289 0.025934416318178388
523.2806581212208 7.240467756157463 -0.03512247617645751 0.02565045626791681
532.9710406790255 7.304167965335418 -0.03474390964164498 0.025372647462964866
542.6614232367137 7.365493736795607 -0.03437342437549461 0.025100792158846228
552.3518057945184 7.424572439201135 -0.034010764086485706 0.024834700997501263
562.0421883523231 7.481522166241172 -0.03365568321963047 0.024574192567360632
571.7325709101278 7.5364526148123065 -0.03330794639928285 0.0243190929907949
581.4229534679325 7.5894658592700335 -0.03296732790637232 0.024069235537017588
591.1133360257372 7.640657036564935 -0.03263361118757725 0.023824460258610583
600.8037185835419 7.690114954613427 -0.03230658839418241 0.023584613650009825
610.4941011413466 7.73792263425767 -0.03198605994854342 0.023349548326418758
620.1844836991513 7.784157793539584 -0.03167183413624471 0.023119122721737946
629.874866256956 7.828893281675797 -0.03136372672218876 0.02289320080420986
639.5652488147607 7.872197469015714 -0.031061560588991018 0.022671651808578264
649.2556313725654 7.914134598348317 -0.030765165396180637 0.0224543499836541
658.9460139303701 7.954765102159149 -0.03047437725882126 0.022241174354263583
668.6363964881748 7.994145889798761 -0.0301890384442709 0.022032008496631603
678.3267790459795 8.032330607985406 -0.029908997085895797 0.02182674032632396
688.0171616037842 8.069369877609732 -0.029634106912641088 0.02162526189793671
697.7075441615889 8.105311509423334 -0.029364226993441506 0.021427469215780377
707.3979267193936 8.140200700864373 -0.029099221495529397 0.021233262054861337
717.0883092771983 8.174080215992682 -0.028838959455765183 0.021042543791512727
726.778691835003 8.206990550265887 -0.028583314564178175 0.02085522124307351
736.4690743926913 8.23897008168052 -0.02833216495896551 0.020671204516058826
746.159456950496 8.270055209625877 -0.02808539303222973 0.020490406862288733
755.8498395083006 8.300280482635465 -0.027842885245846702 0.020312744542524422
765.5402220661053 8.329678716099798 -0.027604531956795634 0.020138136697117323
775.23060462391 8.358281100873718 -0.027370227251429916 0.01996650522328455
784.9209871817147 8.386117303617295 -0.02713986878814241 0.019797774658605913
794.6113697395194 8.41321555961697 -0.02691335764793552 0.01963187207037954
804.3017522973241 8.439602758755601 -0.026690598192436167 0.019468726950495344
813.9921348551288 8.465304525230755 -0.026471497928925884 0.019308271115507827
823.6825174129335 8.490345291559702 -0.026255967381984987 0.019150438611610743
833.3728999707382 8.514748367355704 -0.0260439199713751 0.018995165624235286
843.0632825285429 8.538536003312368 -0.025835271895809028 0.018842390392011486
852.7536650863476 8.561729450790594 -0.02562994202227908 0.018692053124849114
862.4440476441523 8.58434901736486 -0.02542785178063625 0.018544095925909696
872.134430201957 8.606414118652129 -0.02522892506313116 0.018398462717255825
881.8248127597617 8.627943326716615 -0.025033088128646724 0.01825509916897702
891.5151953175664 8.648954415316883 -0.02484026951136844 0.0181139526316041
901.2055778753711 8.669464402237802 -0.024650399933654067 0.017974972071635228
910.8959604331758 8.689489588928204 -0.024463412222879156 0.017838108010007937
920.5863429908641 8.709045597645664 -0.024279241232050164 0.01770331246336272
930.2767255486688 8.728147406293914 -0.024097823763974707 0.017570538887942203
939.9671081064735 8.746809381117796 -0.02391909849883596 0.01743974212601219
949.6574906642782 8.765045307414743 -0.02374300592495224 0.017310878354642595
959.3478732220829 8.782868418400641 -0.023569488272590592 0.01718390503675076
969.0382557798875 8.800291422361294 -0.02339848945066585 0.017058780874282205
978.7286383376922 8.817326528208566 -0.023229954986181522 0.016935465763422405
988.4190208954969 8.83398546955088 -0.023063831966274855 0.016813920751737474
998.1094034533016 8.850279527379131 -0.02290006898273627 0.016694107997147472
