-1007.7997860111063 9.805082623918228 -0.012725321214948748 0.002991899692364583
-998.1094034533016 9.803937904674195 -0.012667373014847704 0.002976958411275612
-988.4190208954969 9.802793437454033 -0.012610061303931957 0.002962170754003619
-978.7286383376922 9.801650464095681 -0.012553374445632648 0.002947534319590018
-969.0382557798875 9.800510184690177 -0.012558621658172144 0.002933046757492606
-959.3478732220829 9.799373756391589 -0.01261704708443328 0.002918705766252418
-949.6574906642782 9.798242292494757 -0.012557727075465125 0.002904509092203338
-939.9671081064735 9.797116861761525 -0.012499207809024306 0.002890454528222797
-930.2767255486688 9.795998487976185 -0.012441463158183914 0.0028765399125220536
-920.5863429908641 9.794888149711218 -0.012384468746321967 0.0028627631274745604
-910.8959604331758 9.793786780284886 -0.012328201766808218 0.0028491220984811377
-901.2055778753711 9.792695267892713 -0.012272640826253288 0.0028356147928696555
-891.5151953175664 9.791614455895962 -0.01221776580773435 0.0028222392188303504
-881.8248127597617 9.790545143250496 -0.012163557751005576 0.0028089934243822673
-872.134430201957 9.789488085060743 -0.012109998747225802 0.002795875496372118
-862.4440476441523 9.788443993244115 -0.01205707184612936 0.0027828835595033784
-852.7536650863476 9.787413537292208 -0.01200476097390433 0.002770015775394771
-843.0632825285429 9.78639734511603 -0.011953050860315994 0.0027572703416670133
-833.3728999707382 9.785396003963399 -0.011901926973839289 0.002744645491056889
-823.6825174129335 9.78441006139754 -0.01185137546375192 0.0027321394905576316
-813.9921348551288 9.783440026326799 -0.011801383108295276 0.0027197506405847414
-804.3017522973241 9.782486370076159 -0.01175193726814104 0.002707477274166321
-794.6113697395194 9.781549527492132 -0.011703025844510113 0.002695317756157078
-784.9209871817147 9.780629898073293 -0.011654637241382541 0.002683270482475223
-775.23060462391 9.779727847119435 -0.011606760331314405 0.0026713338793614167
-765.5402220661053 9.778843706893074 -0.011559384424443408 0.0026595064026590613
-755.8498395083006 9.777977777787568 -0.011512499240320273 0.0026477865371152005
-746.159456950496 9.777130329496796 -0.011466094882250812 0.0026361727957013377
-736.4690743926913 9.776301602181825 -0.011420161813873732 0.002624663718953475
-726.778691835003 9.775491807630582 -0.011374690837734746 0.002613257874330938
-717.0883092771983 9.774701130406864 -0.011329673075643322 0.0026019538555924673
-707.3979267193936 9.77392972898578 -0.011285099950635676 0.0025907502821910975
-697.7075441615889 9.77317773687263 -0.01124096317037055 0.002579645798684491
-688.0171616037842 9.772445263703101 -0.011197254711822691 0.002568639074162224
-678.3267790459795 9.771732396322637 -0.01115396680714417 0.0025577288016887046
-668.6363964881748 9.771039199843312 -0.011111091930581601 0.0025469136977613145
-658.9460139303701 9.770365718676771 -0.0110686227863501 0.002536192501783318
-649.2556313725654 9.769711977542062 -0.011026552297374974 0.002525563975551035
-639.5652488147607 9.769077982447392 -0.010984873594822444 0.0025150269027548696
-629.874866256956 9.768463721645077 -0.010943580008348898 0.0025045800884936995
-620.1844836991513 9.767869166559102 -0.010902665057005514 0.002494222358802252
-610.4941011413466 9.76729427268493 -0.010862122440741893 0.0024839525601910405
-600.8037185835419 9.766738980461264 -0.01082194603245783 0.002473769559198467
-591.1133360257372 9.766203216113691 -0.01078212987055772 0.0024636722419547237
-581.4229534679325 9.765686892470171 -0.01074266815196641 0.002453659513757126
-571.7325709101278 9.765189909748493 -0.010703555225569499 0.0024437302986565212
-562.0421883523231 9.7647121563159 -0.010664785586044466 0.0024338835390544412
-552.3518057945184 9.764253509421128 -0.010626353868052364 0.0024241181953106607
-542.6614232368302 9.763813835899231 -0.010588254840762992 0.002414433245360984
-532.9710406790255 9.763392992849562 -0.010550483402685818 0.002404827684344233
-523.2806581212208 9.762990828287428 -0.010513034576790755 0.0023953005242399092
-513.5902755634161 9.76260718176982 -0.010475903505889082 0.002385850793513896
-503.8998930056114 9.762241884995836 -0.010439085448262284 0.002376477536773697
-494.2095104478067 9.761894762382326 -0.010402575773519074 0.002367179814432235
-484.519127890002 9.761565631615348 -0.01036636995866507 0.0023579567023800695
-474.8287453321973 9.761254304178054 -0.010330463584370843 0.002348807291665783
-465.1383627743926 9.760960585855624 -0.010297628038418312 0.002339935207388467
-455.4479802165879 9.76068427721789 -0.01026223600059558 0.0023309252402624377
-445.7575976587832 9.760425174080286 -0.010227134342011395 0.002321986602378431
-436.0672151009785 9.760183067943773 -0.01019231875830383 0.002313118422680779
-426.3768325431738 9.759957746414404 -0.010194613761017634 0.002305398897918833
-416.6864499853691 9.759748993603145 -0.01015941697212348 0.0022966415159024834
-406.9960674275644 9.75955659050663 -0.010124540878177803 0.0022879534438228514
-397.3056848697597 9.759380315369476 -0.010089978176271986 0.002279333769899905
-387.615302311955 9.75921994402878 -0.01005572198083873 0.0022707816056412064
-377.9249197541503 9.759075250241448 -0.010037797195447881 0.00226273736125776
-368.2345371963456 9.75894600599495 -0.010003718911684528 0.0022543061885129953
-358.54415463865735 9.75883198180211 -0.009969949626546416 0.002245940564741138
-348.85377208085265 9.758732946980537 -0.009948344967483806 0.002238044641505646
-339.16338952304795 9.758648669917262 -0.009920758607123952 0.0022299415863111793
-329.47300696524326 9.758578918319154 -0.00988743820904071 0.002221754082379228
-319.78262440743856 9.758523459449675 -0.00985442188477709 0.002213629506107237
-310.09224184963387 9.758482060352502 -0.009821702375214524 0.0022055670375355344
-300.40185929182917 9.758454488062569 -0.009789272839510761 0.0021975658781364406
-290.7114767340245 9.758440509804995 -0.009757126815472304 0.0021896252494643235
-281.0210941762198 9.75843989318245 -0.009725258184743974 0.002181744391953714
-271.3307116184151 9.758452406351402 -0.009717435572028105 0.00217439137304981
-261.6403290606104 9.75847781818773 -0.009685493961966971 0.0021666158082533213
-251.9499465028057 9.758515898442159 -0.009655705353558499 0.0021589395852659645
-242.259563945001 9.75856641788594 -0.00962429190463574 0.00215127863279145
-232.5691813871963 9.758629148447229 -0.009593158120072226 0.002143674473633874
-222.8787988293916 9.758703863338553 -0.009562297399765107 0.0021361264022937737
-213.1884162715869 9.758790337175759 -0.009531703516279045 0.0021286337301558295
-203.4980337137822 9.758888346088845 -0.009501370580591813 0.002121195784534766
-193.8076511559775 9.758997667825042 -0.009471293011884537 0.002113811907818301
-184.1172685981728 9.75911808184448 -0.009441465510813679 0.0021064814566942843
-174.42688604048453 9.759249369408815 -0.00941188303579138 0.0020992038014511208
-164.73650348267984 9.759391313663127 -0.009382540781871692 0.002091978325341782
-155.04612092487514 9.759543699711404 -0.009353434161908388 0.0020848044240047415
-145.35573836707044 9.759706314685943 -0.00932455878968774 0.0020776815049333977
-135.66535580926575 9.759878947810934 -0.009295910464794666 0.00207060898698947
-125.97497325146105 9.760061390460535 -0.009267485158998062 0.00206358629995488
-116.28459069365636 9.760253436211688 -0.0106572711935966 0.002056612884117873
-106.59420813585166 9.760454880891954 -0.010593075824632089 0.0020496881898896596
-96.90382557804696 9.760665522622624 -0.010530895055698377 0.002042811677448352
-87.21344302024227 9.760885161857308 -0.01063855802128423 0.0020359828164073094
-77.52306046243757 9.761113601416293 -0.010575658968831333 0.002029201085505492
-67.83267790463287 9.76135064651684 -0.010520011903629767 0.002022557209832951
-58.14229534682818 9.76159610479965 -0.010772800004454927 0.0020158658693812583
-48.45191278902348 9.761849786351727 -0.010793136750987118 0.0020092202643667463
-38.761530231218785 9.762111503725768 -0.010727182282973214 0.0020026198987258322
-29.07114767341409 9.762381071956362 -0.010663161640639683 0.0019960642850517
-19.380765115609393 9.76265830857308 -0.010600958347730983 0.0019895529442838177
-9.690382557804696 9.762943033610684 -0.010540465723124476 0.001983085405421631
0.0 9.763235069616618 -0.011241850172459024 0.0019766612052595023
9.690382557688281 1.2295010203427363 0.015417873357369868 0.03327790687885178
19.380765115492977 1.7027688187593846 0.014810775642034335 0.03246905409990425
29.071147673297673 2.0605952280162656 0.014235483904432583 0.03170035703154804
38.76153023110237 2.3577735630329695 0.013689640656170163 0.030968880944210374
48.451912788907066 2.6156954718327707 0.013171114551351256 0.030271970492272537
58.14229534671176 2.8454098949663678 0.012677973954069128 0.029607217237185773
67.83267790451646 3.053525632234823 0.0033740668058417373 0.03264613427713028
77.52306046232115 3.244378006971301 0.0031563045968125113 0.031943796581914416
87.21344302012585 3.4209987333460408 0.002327056658493369 0.03140597153916192
96.90382557793055 3.5856100570364147 0.002142541136135021 0.030760184808832067
106.59420813573524 3.7399008332759305 0.0019652578987836766 0.03014168267685147
116.28459069353994 3.885191860430486 0.0017948508107929933 0.02954875577903929
125.97497325134464 4.022540420772593 0.0016309835585311618 0.028979835170425697
135.66535580914933 4.152809339278971 0.0012340671849196262 0.0284613872692704
145.35573836695403 4.276714278510829 0.0010885419484819722 0.02793554208904928
155.04612092475872 4.3948571234132885 0.0009483440230812453 0.02742974183826722
164.73650348256342 4.5077501621878495 0.0008132298366609034 0.026942850573238385
174.42688604036812 4.615833994080874 0.0006829686279015754 0.026473816903586984
184.1172685981728 4.71949105067704 0.0005314062660396 0.026022204475776238
193.8076511559775 4.819055980438754 0.0004108678662481902 0.02558601843332546
203.4980337136658 4.91482374543646 0.0002945278858827862 0.025164970453067377
213.1884162714705 5.007056019920473 0.0001822029695279504 0.024758277733614366
222.87879882927518 5.095986308444511 1.9693045442552867e-05 0.0243686419080942
232.56918138707988 5.181824084794702 -8.372303969674829e-05 0.023988431469527245
242.25956394488458 5.264758172432236 -0.00018368879209065692 0.023620534381408
251.94994650268927 5.344959530554418 -0.00028034732387057176 0.023264355440062
261.64032906049397 5.42258356939274 -0.00037383465579102183 0.02291933732828335
271.33071161829866 5.497772089006404 -0.00046428009121274663 0.0225849576414451
281.02109417610336 5.570654914243665 -0.0005518065744718048 0.022260726189980984
290.71147673390806 5.641351282476602 -0.0006365310329996126 0.021946182548665698
300.40185929171275 5.7099710286190435 -0.0007185647029502661 0.021640893826691984
310.09224184951745 5.776615602734274 -0.0007980134383822398 0.02134445263563374
319.78262440732215 5.841378948468554 -0.000874978004254462 0.021056475235067342
329.47300696512684 5.904348265063845 -0.0009495543536506313 0.020776599837957307
339.16338952293154 5.965604671416109 -0.0010218338897523833 0.020504485059947102
348.85377208073623 6.025223787266302 -0.0010919037131540117 0.020239808498472883
358.54415463854093 6.083276243927516 -0.001159846855156434 0.01998226542917422
368.2345371963456 6.139828134805662 -0.001225742497701765 0.019731567608440668
377.9249197541503 6.194941414243514 -0.001289666180619288 0.019487442172132247
387.6153023118386 6.2486742518176115 -0.001351689996849309 0.01924963062157116
397.3056848696433 6.301081348082009 -0.0014118827763054567 0.019017887888813596
406.996067427448 6.3522142168047235 -0.001470310259002959 0.018791981474093392
416.6864499852527 6.4021214379960085 -0.0015270352580839999 0.018571690648958358
426.3768325430574 6.450848885367678 -0.001582117813321244 0.01835680571936593
436.0672151008621 6.498439931346505 -0.0016356153356687447 0.01814712734351867
445.7575976586668 6.544935632317481 -0.001687582743397518 0.017942465899750324
455.4479802164715 6.62098102932679 -0.001729679445212204 0.01774264090022499
465.1383627742762 6.708729833338296 -0.0017789605511893739 0.01754748044661756
474.82874533208087 6.792620260892439 -0.001826851498095677 0.01735682072430598
484.51912788988557 6.872907499528955 -0.0018733992669888481 0.017170505531930003
494.20951044769026 6.949823071269554 -0.0019186488380619048 0.016988385843461806
503.89989300549496 7.023577723304013 -0.001962643295420588 0.0168103194001942
513.5902755632997 7.094363878575532 -0.00200542392516226 0.016636170330286595
523.2806581211044 7.162357726134199 -0.002047030307293242 0.01646580879371919
532.971040678909 7.227721014426917 -0.0020875004019653967 0.016299110650695694
542.6614232367137 7.290602597914993 -0.002126870630463238 0.016135957151705956
552.3518057945184 7.3511397775406095 -0.0021651759513311567 0.015976234647614083
562.0421883523231 7.409459467870365 -0.0022024499319934906 0.015819834318277284
571.7325709100114 7.465679217696694 -0.002238724816187601 0.015666651918328934
581.4229534678161 7.519908106092714 -0.002274031587504935 0.015516587538860583
591.1133360256208 7.572247532079339 -0.002308400029300838 0.015369545383880278
600.8037185834255 7.622791913015618 -0.002341858781226854 0.01522543356045399
610.4941011412302 7.671629304315223 -0.0023744353926037952 0.015084163881587457
620.1844836990349 7.718841951084743 -0.0024061563728454342 0.014945651680944375
629.8748662568396 7.764506780620066 -0.002437047239123365 0.014809815638581086
639.5652488146443 7.808695843336089 -0.002467132561449181 0.014676577616940396
649.255631372449 7.851476708578517 -0.0025933105286923596 0.014549604734167101
658.9460139302537 7.892912820830136 -0.002619332354851402 0.014421242862702039
668.6363964880584 7.933063821041714 -0.0026447451157665097 0.014295267139133334
678.3267790458631 7.971985837161627 -0.0026695604906390724 0.01417161032998552
688.0171616036678 8.009731747385478 -0.0026937903219438814 0.014050207730855637
697.7075441614725 8.046351419179416 -0.0027958426035988066 0.013933715452602009
707.3979267192772 8.081891926733823 -0.0028169228231179123 0.01381656683786804
717.0883092770819 8.116397749165692 -0.00283755423510377 0.01370149583234555
726.7786918348866 8.149910951498645 -0.002857741301471271 0.013588446462567056
736.4690743926913 8.182471350201238 -0.0028774890875248437 0.013477364775366244
746.159456950496 8.21411666485043 -0.002896803151668542 0.013368198745586845
755.8498395081842 8.244882657302202 -0.0029156894517230235 0.01326089818903741
765.5402220659889 8.274803259593996 -0.0029394039320604064 0.013155507948070511
775.2306046237936 8.30391069165714 -0.0029573182560957622 0.013051792334960323
784.9209871815983 8.332235569809399 -0.0029748311684180827 0.012949802010014907
794.611369739403 8.359807006879347 -0.0031107725830730906 0.012854479970480538
804.3017522972077 8.386652704729633 -0.0031244441507865964 0.012755682549371964
813.9921348550124 8.412799039862536 -0.003137887241421307 0.012658490390421273
823.6825174128171 8.438271142720335 -0.0031453202242759017 0.012562863648959385
833.3728999706218 8.463092971230125 -0.003158440700196803 0.012468763820722397
843.0632825284265 8.487287379087244 -0.003171314923220335 0.01237615368319209
852.7536650862312 8.510876179222361 -0.003183941783308257 0.012284997240326426
862.4440476440359 8.533880202853624 -0.003196320845959828 0.012195259670407285
872.1344302018406 8.556319354486636 -0.0032084522605035433 0.012106907276764051
881.8248127596453 8.578212663190472 -0.0033909560722223276 0.012028519693710531
891.51519531745 8.599578330447274 -0.0033982334638492533 0.011942620698431947
901.2055778752547 8.620433774845377 -0.0034054838014657336 0.011858023058713973
910.8959604330594 8.640795673861428 -0.0034126930114715907 0.011774696335254289
920.5863429908641 8.66068000295487 -0.0034198488023204315 0.011692611079773452
930.2767255486688 8.680102072178325 -0.003426940449639576 0.011611738790354355
939.9671081064735 8.699076560489708 -0.00343395861007448 0.011532051869730477
949.6574906641617 8.717617547935493 -0.0034382617937013696 0.011453523586229815
959.3478732219664 8.735738545861821 -0.0034451765732598566 0.011376128037115914
969.0382557797711 8.753452525292234 -0.0034519932916369424 0.011299840114120824
978.7286383375758 8.770771943606938 -0.0034587069455787388 0.011224635470960285
988.4190208953805 8.787708769639874 -0.0034817597026632415 0.011150771499990202
998.1094034531852 8.804274507304942 -0.0034878320096744606 0.011077656045719992
