-969.0382557798875 8.981855752170846 0.0 0.0
-959.3478732220829 8.981855752170846 0.0 0.0
-949.6574906642782 8.981855752170846 0.0 0.0
-939.9671081064735 8.981855752170846 0.0 0.0
-930.2767255486688 8.981855752170846 0.0 0.0
-920.5863429908641 8.981855752170846 0.0 0.0
-910.8959604330594 8.981855752170846 0.0 0.0
-901.2055778752547 8.981855752170846 0.0 0.0
-891.51519531745 8.981855752170846 0.0 0.0
-881.8248127596453 8.981855752170846 0.0 0.0
-872.134430201957 8.981855752170846 0.0 0.0
-862.4440476441523 8.981855752170846 0.0 0.0
-852.7536650863476 8.981855752170846 0.0 0.0
-843.0632825285429 8.981855752170846 0.0 0.0
-833.3728999707382 8.981855752170846 0.0 0.0
-823.6825174129335 8.981855752170846 0.0 0.0
-813.9921348551288 8.981855752170846 0.0 0.0
-804.3017522973241 8.981855752170846 0.0 0.0
-794.6113697395194 8.981855752170846 0.0 0.0
-784.9209871817147 8.981855752170846 0.0 0.0
-775.23060462391 8.981855752170846 0.0 0.0
-765.5402220661053 8.981855752170846 0.0 0.0
-755.8498395083006 8.981855752170846 0.0 0.0
-746.159456950496 8.981855752170846 0.0 0.0
-736.4690743926913 8.981855752170846 0.0 0.0
-726.7786918348866 8.981855752170846 0.0 0.0
-717.0883092770819 8.981855752170846 0.0 0.0
-707.3979267192772 8.981855752170846 -0.0004556767817445961 5.296486412650663e-05
-697.7075441614725 8.981855752170846 -0.0004523248721582397 5.257526026052516e-05
-688.0171616037842 8.981855752170846 -0.0004490219150582808 5.2191346308742807e-05
-678.3267790459795 8.981855752170846 -0.0004457668458391524 5.181299852842928e-05
-668.6363964881748 8.981855752170846 -0.0004425586305435694 5.1440096739208016e-05
-658.9460139303701 8.981855752170846 -0.0004393962647673641 5.107252419576227e-05
-649.2556313725654 8.981855752170846 -0.0004362787726111367 5.071016746598138e-05
-639.5652488147607 8.981855752170846 -0.0004332052056761802 5.0352916314253995e-05
-629.874866256956 8.981855752170846 -0.0004301746421025507 5.000066358965951e-05
-620.1844836991513 8.981855752170846 -0.00042718618564723275 4.965330511881987e-05
-610.4941011413466 8.981855752170846 -0.00042423896480046544 4.931073960318787e-05
-600.8037185835419 8.981855752170846 -0.0004213321319383953 4.897286852055662e-05
-591.1133360257372 8.981855752170846 -0.00041846486251032944 4.863959603059092e-05
-581.4229534679325 8.981855752170846 -0.00041563635425894904 4.831082888419053e-05
-571.7325709101278 8.981855752170846 -0.00041284582647193566 4.798647633650413e-05
-562.0421883523231 8.981855752170846 -0.0004100925192635429 4.766645006342356e-05
-552.3518057945184 8.981855752170846 -0.00040737569288472585 4.735066408139826e-05
-542.6614232367137 8.981855752170846 -0.00040469462706051136 4.7039034670415113e-05
-532.971040678909 8.981855752170846 -0.0004020486203533633 4.6731480300000845e-05
-523.2806581211044 8.981855752170846 -0.0003994369895513614 4.642792155810689e-05
-513.5902755632997 8.981855752170846 -0.0007675219533824064 7.730141990692192e-05
-503.89989300549496 8.981855752170846 -0.0007622347475444645 7.677498803406805e-05
-494.2095104478067 8.981855752170846 -0.0007570202520252688 7.625571322307529e-05
-484.519127890002 8.981855752170846 -0.0008270103851300812 7.978787083419752e-05
-474.8287453321973 8.981855752170846 -0.0008213814010189897 7.925257672870565e-05
-465.1383627743926 8.981855752170846 -0.0008158289106346954 7.872445318222048e-05
-455.4479802165879 8.981855752170846 -0.0008103513576934878 7.820335635909106e-05
-445.7575976587832 8.981855752170846 -0.0008049472280405057 7.768914626380353e-05
-436.0672151009785 8.981855752170846 -0.0007996150482275068 7.71816866130671e-05
-426.3768325431738 8.981855752170846 -0.0010168955738167668 9.22440393960419e-05
-416.6864499853691 8.981855752170846 -0.0010100640667033021 9.163506732875916e-05
-406.9960674275644 8.981855752170846 -0.001003324284484983 9.103413385377797e-05
-397.3056848697597 8.981855752170846 -0.000996674381636234 9.04410798653708e-05
-387.615302311955 8.981855752170846 -0.0009901125620761712 8.985575045419423e-05
-377.9249197541503 8.981855752170846 -0.0009836370775154692 8.927799476905537e-05
-368.2345371963456 8.981855752170846 -0.0010467770521263016 9.201582214446613e-05
-358.54415463854093 8.981855752170846 -0.0010399554186730946 9.142833324859443e-05
-348.85377208073623 8.981855752170846 -0.0011869902304731835 0.00010013848391051522
-339.16338952293154 8.981855752170846 -0.0011792147128842647 9.949758939179862e-05
-329.47300696512684 8.981855752170846 -0.001220322839034394 0.00010061246502305162
-319.78262440732215 8.981855752170846 -0.0012621145300830787 0.000102120179189345
-310.09224184963387 8.981855752170846 -0.0012539192364851763 0.00010147499629495616
-300.40185929182917 8.981855752170846 -0.0012458305125302124 0.00010083798061131861
-290.7114767340245 8.981855752170846 -0.0013132847565052591 0.0001031605429169079
-281.0210941762198 8.981855752170846 -0.0013048481723567163 0.00010251769231830408
-271.3307116184151 8.981855752170846 -0.0012965201781147827 0.0001018828716001786
-261.6403290606104 8.981855752170846 -0.0012882986743978106 0.00010125592999960717
-251.9499465028057 8.981855752170846 -0.001280181615987704 0.00010063672053461106
-242.259563945001 8.981855752170846 -0.0012721670100825336 0.00010002509988545771
-232.5691813871963 8.981855752170846 -0.0012642529146167961 9.942092828043305e-05
-222.8787988293916 8.981855752170846 -0.0012564374366462504 9.882406938590002e-05
-213.1884162715869 8.981855752170846 -0.0012487187307944512 9.823439020044468e-05
-203.4980337137822 8.981855752170846 -0.0012410949977582173 9.765176095293875e-05
-193.8076511559775 8.981855752170846 -0.0012335644828694408 9.707605500434788e-05
-184.1172685981728 8.981855752170846 -0.0012261254747107505 9.650714875312454e-05
-174.42688604036812 8.981855752170846 -0.0012187763037826873 9.594492154403222e-05
-164.73650348256342 8.981855752170846 -0.0012115153412201507 9.538925558025931e-05
-155.04612092475872 8.981855752170846 -0.0012043409975559958 9.48400358386775e-05
-145.35573836695403 8.981855752170846 -0.0011972517215297583 9.429714998812052e-05
-135.66535580914933 8.981855752170846 -0.0011902459989395948 9.376048831055303e-05
-125.97497325146105 8.981855752170846 -0.0011833223515356857 9.322994362501684e-05
-116.28459069365636 8.981855752170846 -0.0011764793359528643 9.27054112142064e-05
-106.59420813585166 8.981855752170846 -0.0011697155426820727 9.218678875365525e-05
-96.90382557804696 8.981855752170846 -0.00116302959507739 9.16739762433063e-05
-87.21344302024227 8.981855752170846 -0.002409100577022545 9.116687594146346e-05
-77.52306046243757 8.981855752170846 -0.002393345487345902 9.066539230098705e-05
-67.83267790463287 8.981855752170846 -0.0023777990560973146 9.016943190765764e-05
-58.14229534682818 8.981855752170846 -0.0023624570962625445 8.967890342061496e-05
-48.45191278902348 8.981855751422422 -0.00823242175244723 8.919371751479564e-05
-38.761530231218785 8.98185575120613 -0.00817411358533406 8.871378682528878e-05
-29.07114767341409 8.981855750918474 -0.00811663233757696 8.823902589353513e-05
-19.380765115609393 8.981855750544979 -0.008059960432863271 8.77693511152996e-05
-9.690382557804696 8.981855750065051 -0.008004080791832579 8.730468069034829e-05
0.0 5.93489271352672 -0.05395043190874309 0.04521982449335782
9.690382557804696 6.149242506311704 -0.053555866858696004 0.044885572122594676
19.380765115609393 6.278869341069845 -0.0531670411504429 0.044556225715305195
29.07114767341409 6.378087990537012 -0.052783830301909716 0.04423167803579856
38.761530231218785 6.460215730163104 -0.05240611340852615 0.04391182495133059
48.45191278902348 6.531033463664704 -0.052033773015530534 0.043596565320670994
58.14229534671176 6.593671090606622 -0.0516666949957131 0.04328580088744262
67.83267790451646 6.650048377670417 -0.05130476843230288 0.0429794361779736
77.52306046232115 6.701442665430296 -0.05094788550681189 0.04267737840349542
87.21344302012585 6.748754247983964 -0.05059594139150893 0.042379537366401925
96.90382557793055 6.79264558567726 -0.05024883414636374 0.042085825370425926
106.59420813573524 6.833620714613763 -0.04990646462022184 0.041796157134523414
116.28459069353994 6.872073533825909 -0.04956873635601226 0.04151044971029134
125.97497325134464 6.908318689557055 -0.04923555549979782 0.041228622402750846
135.66535580914933 6.942612155809897 -0.04890683071348709 0.040950596694337114
145.35573836695403 6.975165422986847 -0.04858247309103729 0.0406762961719455
155.04612092475872 7.006155564205437 -0.04826239607798603 0.04040564645689123
164.73650348256342 7.035732554097774 -0.04794651539415889 0.04013857513764807
174.42688604036812 7.064024703974479 -0.047634748959407114 0.03987501170523824
184.1172685981728 7.091142773582841 -0.047327016822238006 0.03961488749115204
193.8076511559775 7.117183132886137 -0.047023241091207126 0.03935813560768282
203.4980337137822 7.142230228855809 -0.04672334586894851 0.03910469089056807
213.1884162715869 7.166358535147937 -0.046427257188725174 0.03885448984383357
222.8787988293916 7.189634111181893 -0.04613490295338823 0.03860747058674214
232.5691813871963 7.212115862055953 -0.04584621287663867 0.03836357280275422
242.25956394488458 7.233856566541671 -0.04556111842649432 0.03812273769041458
251.94994650268927 7.254903723220893 -0.0452795527708459 0.037884907916063824
261.64032906049397 7.287717823607841 -0.045001450725062446 0.037650027568338164
271.33071161829866 7.3396542615579525 -0.044726748701490814 0.03741804211432364
281.02109417610336 7.387827143718948 -0.044455384660818914 0.037188898357336256
290.71147673390806 7.4327415308391105 -0.04418729806520313 0.036962544396241664
300.40185929171275 7.474805231273071 -0.043922429833089256 0.03673892958625212
310.09224184951745 7.514352666481167 -0.043660722295655936 0.03651800450113843
319.78262440732215 7.551661732454134 -0.043402119154812645 0.03629972089679778
329.47300696512684 7.586966012863683 -0.04314656544268832 0.03608403167612078
339.16338952293154 7.6204638177231745 -0.04289400748254895 0.03587089085510434
348.85377208073623 7.652324999530274 -0.04264439285108568 0.035660253530158684
358.54415463854093 7.682696179151541 -0.04239767034201778 0.03545207584656026
368.2345371963456 7.711704811750916 -0.04215378993095712 0.03524631496800326
377.9249197541503 7.73946239201627 -0.041912702741483635 0.035042929047206246
387.615302311955 7.766067010852729 -0.04167436101238302 0.03484187719753044
397.3056848697597 7.791605416595135 -0.041438718066000794 0.03464311946557027
406.9960674275644 7.816154692887008 -0.041205728277668316 0.03444661680467691
416.6864499853691 7.8397836365755085 -0.0409753470461588 0.03425233104937811
426.3768325431738 7.862553898376867 -0.0407475307651329 0.034060224890659234
436.0672151008621 7.884520934124791 -0.0405222367955383 0.0338702618520741
445.7575976586668 7.90573480343261 -0.04029942343890996 0.03368240626663965
455.4479802164715 7.926240844422109 -0.04007904991157693 0.03349662325451825
465.1383627742762 7.946080247032265 -0.03986107631968745 0.03331287870141224
474.82874533208087 7.965290542736991 -0.039645463635061225 0.033131139237677194
484.51912788988557 7.983906024918066 -0.03943217367182165 0.032951372218113145
494.20951044769026 8.00195811135797 -0.03922116906378113 0.032773545702410464
503.89989300549496 8.019475658146327 -0.039012413242551676 0.03259762843622564
513.5902755632997 8.036485232584235 -0.0388058704163534 0.03242358983286353
523.2806581211044 8.053011351314554 -0.038601505549495346 0.032251399955543575
532.971040678909 8.06907668882313 -0.03839928434250363 0.032081029500228155
542.6614232367137 8.084702260584734 -0.03819917321287352 0.03191244977899262
552.3518057945184 8.099907584422551 -0.03800113927642244 0.031745632703917094
562.0421883523231 8.11471082307627 -0.03780515032922209 0.031580550771481024
571.7325709101278 8.129128910503889 -0.037611174830089134 0.03141717704744223
581.4229534679325 8.143177664055806 -0.037419181883614 0.03125548515218319
591.1133360257372 8.156871884339632 -0.037229141223708774 0.031095449246507482
600.8037185835419 8.17022544432834 -0.037041023197655946 0.03093704401787068
610.4941011413466 8.183251369042068 -0.036854798750639815 0.030780244667029992
620.1844836990349 8.195961906947547 -0.036670439410746276 0.030625026895099872
629.8748662568396 8.208368594062971 -0.03648791727440116 0.030471366890988186
639.5652488146443 8.220482311620364 -0.03630720499226485 0.03031924131922735
649.255631372449 8.232313338029899 -0.03612827575552345 0.030168627308149773
658.9460139302537 8.243871395789393 -0.035951103282595924 0.03001950243842346
668.6363964880584 8.255165693903145 -0.0357756618062295 0.02987184473192411
678.3267790458631 8.266204966302858 -0.035601926060972386 0.029725632640934092
688.0171616036678 8.276997506702905 -0.03542987127101119 0.029580845037657382
697.7075441614725 8.287551200269833 -0.03525947313836042 0.029437461204039277
707.3979267192772 8.297873552440864 -0.03509070783139228 0.029295460821881055
717.0883092770819 8.307971715186735 -0.03492355197369567 0.02915482396323941
726.7786918348866 8.317852510980144 -0.03475798263325294 0.029015531081101074
736.4690743926913 8.3275224547013 -0.034593977311924276 0.028877563000323743
746.159456950496 8.33698777368596 -0.03443151393522932 0.028740900908834233
755.8498395083006 8.346254426098614 -0.03427057084241641 0.02860552634907546
765.5402220661053 8.355328117793444 -0.03411112677680991 0.028471421209694082
775.23060462391 8.364214317808111 -0.0339531608764267 0.028338567717460978
784.9209871817147 8.372918272619877 -0.033796652664852996 0.028206948429416904
794.6113697395194 8.381445019279939 -0.03364158204237331 0.028076546225236098
804.3017522972077 8.38979939752967 -0.03348792927734486 0.02794734429980237
813.9921348550124 8.39798606099238 -0.03333567499779926 0.027819326155981542
823.6825174128171 8.406009487522706 -0.03318480018329101 0.027692475597607066
833.3728999706218 8.413873988790735 -0.03303528615694891 0.027566776722641448
843.0632825284265 8.421583719167002 -0.032887114577751266 0.027442213916530747
852.7536650862312 8.429142683969916 -0.03274026743300677 0.027318771845736944
862.4440476440359 8.436554747130472 -0.032594727031036684 0.02719643545144418
872.1344302018406 8.443823638323957 -0.032450475994051806 0.027075189943433352
881.8248127596453 8.450952959613511 -0.03230749725121847 0.026955020794119933
891.51519531745 8.457946191646203 -0.032165774031907624 0.026835913732749826
901.2055778752547 8.464806699438475 -0.032135899086026244 0.02673037041089342
910.8959604330594 8.471537737784303 -0.03199582073049277 0.02661325326259262
920.5863429908641 8.478142456316428 -0.031856961304920293 0.026497158230972016
930.2767255486688 8.484623904248213 -0.03171930491380052 0.02638207198794688
939.9671081064735 8.490985034821179 -0.03158283593819471 0.026267981436305453
949.6574906642782 8.497228709481032 -0.03144753902969868 0.02615487370472641
959.3478732220829 8.503357701802997 -0.03131339910456664 0.02604273614292478
969.0382557798875 8.509374701185411 -0.031180401337989758 0.02593155631692303
978.7286383376922 8.515282316328896 -0.031048531158523685 0.02582132200444295
988.4190208953805 8.521083078516865 -0.03091777424266294 0.025712021190416424
998.1094034531852 8.52677944471224 -0.03078811650954755 0.025603642062603706
