-1007.7997860111063 8.465345152187377 -0.017796356623046575 1.8329258426417073e-07
-998.1094034533016 8.539840182950174 -0.017993313024147035 1.8190761669775821e-07
-988.4190208954969 8.61122525463809 -0.01782752133922792 1.8054342193420288e-07
-978.7286383376922 8.67968630285905 -0.017664828149056497 1.7919953610215887e-07
-969.0382557798875 8.745394269482802 -0.017505145813633716 1.778755090404505e-07
-959.3478732220829 8.808506660512464 -0.017348390019035525 1.7657090379418925e-07
-949.6574906642782 8.869168903719618 -0.017194479618786725 1.7528529613425542e-07
-939.9671081064735 8.927515536746021 -0.01704333648436244 1.7401827409754215e-07
-930.2767255486688 8.983671250927193 -0.01689488536420053 1.7276943754671514e-07
-920.5863429908641 9.037751811736978 -0.016749053750656225 1.715383977488375e-07
-910.8959604330594 9.089864873245514 -0.01660577175437419 1.7032477697188388e-07
-901.2055778752547 9.161257246648441 -0.016464971985592818 1.6912820809860188e-07
-891.51519531745 9.230050799195471 -0.01632658944193241 1.679483342561486e-07
-881.8248127596453 9.295435969611766 -0.016190561402251922 1.6678480846079756e-07
-872.1344302018406 9.357646215411506 -0.01605682732618983 1.6563729327847502e-07
-862.4440476440359 9.416894191147536 -0.01592532875903239 1.6450546049803566e-07
-852.7536650862312 9.47337406338232 -0.015796009241578465 1.6338899081852444e-07
-843.0632825285429 9.527263514086465 -0.015668814224695175 1.622875735482021e-07
-833.3728999707382 9.578725481816015 -0.015543690988269535 1.612009063173942e-07
-823.6825174129335 9.627909681024436 -0.015420588564313414 1.6012869480077274e-07
-813.9921348551288 9.674953932747263 -0.015299457663943965 1.5907065245226873e-07
-804.3017522973241 9.719985334157005 -0.015180250608032193 1.5802650024909206e-07
-794.6113697395194 9.763121289891135 -0.015062921261295773 1.569959664471897e-07
-784.9209871817147 9.804470424313072 -0.014947424969637463 1.5597878634472694e-07
-775.23060462391 9.844133390816642 -0.014833718500542135 1.5497470205592294e-07
-765.5402220661053 9.882203591781886 -0.014721759986357948 1.5398346229280073e-07
-755.8498395083006 9.91876782072588 -0.014611508870298436 1.5300482215577357e-07
-746.159456950496 9.953906836481154 -0.014502925855013027 1.520385429314413e-07
-736.4690743926913 9.987695877809301 -0.0145019722092318 1.510843918991144e-07
-726.7786918348866 10.020205125665129 -0.01455225081904518 1.5014214214362654e-07
-717.0883092770819 10.051500119325272 -0.014444904155241257 1.492115723750317e-07
-707.3979267192772 10.081642131750279 -0.014339174781869668 1.482924667562161e-07
-697.7075441614725 10.110688508833894 -0.014338924923158669 7.034658325091056e-06
-688.0171616036678 10.13869297658535 -0.014234907057224697 6.9401666982823866e-06
-678.3267790458631 10.165705919771954 -0.014132435552565412 6.848195632940131e-06
-668.6363964880584 10.191774635105766 -0.014031474898811137 6.758645323236788e-06
-658.9460139303701 10.216943561676993 -0.013931990715715187 6.671421170545248e-06
-649.2556313725654 10.241254491011043 -0.01388072076101099 8.756929241167096e-06
-639.5652488147607 10.264746758836788 -0.013783458078069081 8.644737016313899e-06
-629.874866256956 10.287457420419017 -0.013785644405628886 1.4213188886360987e-05
-620.1844836991513 10.309421411084653 -0.013689813560173654 1.4029567280117938e-05
-610.4941011413466 10.330671693393507 -0.013595353861715948 1.3850651333600103e-05
-600.8037185835419 10.351239392240494 -0.013502234789708096 1.3676261921772095e-05
-591.1133360257372 10.371153919035306 -0.01341042677432368 1.3506228916455062e-05
-581.4229534679325 10.390443085981476 -0.013319901157108634 1.3340390627488666e-05
-571.7325709101278 10.40913321136804 -0.013230630153726561 1.317859328510407e-05
-562.0421883523231 10.427249216691033 -0.013191726457958014 2.0258614862841897e-05
-552.3518057945184 10.444814716337602 -0.013104213425689152 2.000560063445371e-05
-542.6614232367137 10.461852100490717 -0.013021905617236387 1.9889625493976423e-05
-532.971040678909 10.478382611846321 -0.012936701016788546 1.9647168575746214e-05
-523.2806581211044 10.494426416675987 -0.013030281052627291 3.3919111757992765e-05
-513.5902755632997 10.510002670716055 -0.012944943455243732 3.349213301996455e-05
-503.89989300549496 10.525129580317657 -0.01288583596615581 3.3954691585944376e-05
-494.20951044769026 10.539824459250655 -0.012802460324750908 3.353684375278956e-05
-484.51912788988557 10.554103781517574 -0.012720206944486235 3.312922750302587e-05
-474.8287453321973 10.567983230500209 -0.012639051903896581 3.273146937521804e-05
-465.1383627743926 10.581477744733224 -0.012558972012613846 3.2343213957070646e-05
-455.4479802165879 10.594601560568872 -0.012479944780903304 3.196412280324668e-05
-445.7575976587832 10.607368251978967 -0.0124019483908554 3.159387343037019e-05
-436.0672151009785 10.619790767712804 -0.01232496166913316 3.1232158382949295e-05
-426.3768325431738 10.631881466013944 -0.012248964061164358 3.0878684364357744e-05
-416.6864499853691 10.643652147080086 -0.012173935606682859 3.0533171427672636e-05
-406.9960674275644 10.65511408343463 -0.012099856916530576 3.0195352221570003e-05
-397.3056848697597 10.666278048364289 -0.012026709150638281 2.986497128696291e-05
-387.615302311955 10.677154342564178 -0.011954473997110217 2.95417844004135e-05
-377.9249197541503 10.687752819120067 -0.011883133652342885 2.922555796073357e-05
-368.2345371963456 10.698082906946894 -0.012024023319088585 5.050718502901396e-05
-358.54415463854093 10.708153632792976 -0.011951568934526209 4.991284787262849e-05
-348.85377208073623 10.71797364191055 -0.011880034768112445 4.93325878722155e-05
-339.16338952293154 10.727551217485303 -0.011809401874929666 4.8765902656656924e-05
-329.47300696512684 10.736894298910284 -0.011739651887713119 4.821231382088904e-05
-319.78262440732215 10.746010498982914 -0.011670766992038267 4.767136549566216e-05
-310.09224184951745 10.754907120097755 -0.011588282128150872 4.770339440949607e-05
-300.40185929171275 10.763591169502181 -0.011595660112334505 4.8175024352778764e-05
-290.7114767340245 10.7720693736769 -0.011528454595175666 4.764859423744567e-05
-281.0210941762198 10.780348191899304 -0.011462069743919645 4.7133736314570985e-05
-271.3307116184151 10.788433829041372 -0.011416017152287154 4.792679086364129e-05
-261.6403290606104 10.796332247653295 -0.011398685293768102 4.936943916386408e-05
-251.9499465028057 10.804049179377072 -0.011455408014318698 4.884346775856454e-05
-242.259563945001 10.811590135733008 -0.011389601764100032 4.8328794400457026e-05
-232.5691813871963 10.818960418318378 -0.011324607723222415 4.782505262934867e-05
-222.8787988293916 10.826165128454832 -0.011260409145995185 4.733189191664217e-05
-213.1884162715869 10.833209176318565 -0.011196989815079758 4.684897679628746e-05
-203.4980337137822 10.840097289584827 -0.011134334017543311 4.637598605275646e-05
-193.8076511559775 10.846834021616317 -0.011072426522364634 4.59126119616683e-05
-184.1172685981728 10.853423759222848 -0.011011252559282095 4.545855957907666e-05
-174.42688604036812 10.859870730017876 -0.010950797798883569 4.5013546075785716e-05
-164.73650348256342 10.86617900939581 -0.010891048333846996 4.457730011335129e-05
-155.04612092475872 10.872352527152293 -0.010831990661248448 4.414956125873041e-05
-145.35573836695403 10.878395073768374 -0.010773611665861264 4.3730079434778975e-05
-135.66535580914933 10.884310306377893 -0.010715898604376882 4.331861440403501e-05
-125.97497325134464 10.890101754436376 -0.010658839090483251 4.2914935283436e-05
-116.28459069353994 10.895772825108343 -0.010602421080742523 4.251882008779944e-05
-106.59420813585166 10.901326808388962 -0.010546632861214648 4.213005530009098e-05
-96.90382557804696 10.906766881975308 -0.01576791204125979 4.174843546661289e-05
-87.21344302024227 10.91209611590023 -0.015641414489974036 4.1373762815489525e-05
-77.52306046243757 10.917317476943222 -0.01551744847275177 4.100584689680181e-05
-67.83267790463287 10.922433832829626 -0.015395926431574081 4.064450424300434e-05
-58.14229534682818 10.927447956230049 -0.015276765116832592 4.0289558048254464e-05
-48.45191278902348 10.932362528570788 -0.015159885316605677 3.99408378654454e-05
-38.761530231218785 10.937180143665412 -0.015045211606384775 3.959817931977638e-05
-29.07114767341409 10.941903311177052 -0.014932672117459753 3.926142383784499e-05
-19.380765115609393 10.946534459920402 -0.014822198322350206 3.8930418391236704e-05
-9.690382557804696 10.951075941011855 -0.0147137248358269 3.860501525373977e-05
0.0 10.955530030875755 -0.014607189230208987 3.828507177132515e-05
9.690382557804696 2.236145471798725 -0.14146899753328052 0.028233873182392403
19.380765115609393 2.9585350460752142 -0.13965036489035798 0.027852530608372658
29.07114767341409 3.5069092982381136 -0.13923695586204007 0.028176707171683357
38.761530231218785 3.95844905343815 -0.13749300459022123 0.027805818464825417
48.45191278902348 4.345608722305278 -0.13579345238510532 0.027444569145048427
58.14229534682818 4.685803080618854 -0.1341366070135781 0.027092588186916716
67.83267790463287 4.989711202060641 -0.1325208615132299 0.026749523366970673
77.52306046243757 5.264467140629369 -0.1309446888790118 0.02641504008753749
87.21344302012585 5.51513099657054 -0.1294066371426466 0.02608882028775383
96.90382557793055 5.745454579668975 -0.1279053248112132 0.02577056143432516
106.59420813573524 5.958316316439834 -0.12643943663493162 0.025459975585347353
116.28459069353994 6.155985224981074 -0.1250077196764069 0.025156788521021083
125.97497325134464 6.340289729632771 -0.12360897965681028 0.024860738935800885
135.66535580914933 6.5127302809629235 -0.12224207755639133 0.02457157768695155
145.35573836695403 6.674557159877578 -0.12090592644890878 0.024289067094972968
155.04612092475872 6.826825833644555 -0.1195994885514057 0.02401298029176372
164.73650348256342 6.970437342037871 -0.11832177247242125 0.023743100612765425
174.42688604036812 7.106168408049789 -0.11707183064323141 0.023479221029664182
184.1172685981728 7.234694316631208 -0.1158487569180654 0.023221143620526526
193.8076511559775 7.356606590638393 -0.11465168433046277 0.022968679074519445
203.4980337137822 7.4724268506027025 -0.11347978299404037 0.022721646228608932
213.1884162715869 7.582617826716075 -0.11233225813693401 0.022479871633853957
222.8787988293916 7.687592212609614 -0.1112083482600838 0.022243189149113274
232.5691813871963 7.7877198606005855 -0.11010732341034814 0.022011439560164645
242.259563945001 7.8833336862240175 -0.10902848356017622 0.021784470222401126
251.9499465028057 7.9747345566992465 -0.10797115708624105 0.02156213472541917
261.6403290606104 8.062195371104268 -0.10693469934004877 0.021344292577949276
271.33071161829866 8.145964491323738 -0.10591849130411046 0.021130808911706774
281.02109417610336 8.226268646898095 -0.10492193832768545 0.020921554202835382
290.71147673390806 8.303315410026974 -0.1039444689368235 0.020716404009772746
300.40185929171275 8.377295316726684 -0.10298553371343128 0.020515238726371517
310.09224184951745 8.448383694616988 -0.1020446042389005 0.020317943349285328
319.78262440732215 8.516742245892992 -0.10112117209793296 0.02012440725865341
329.47300696512684 8.582520424742498 -0.1002147479386064 0.019934524011207322
339.16338952293154 8.645856641183414 -0.09932486058500871 0.019748191144986757
348.85377208073623 8.706879317534346 -0.09845105619904021 0.019565309994911233
358.54415463854093 8.767031663446048 -0.09759289748823283 0.019385785518510393
368.2345371963456 8.853704676726679 -0.09674996295666322 0.019209526131165576
377.9249197541503 8.935734396034333 -0.09592184619624805 0.019036443550262912
387.615302311955 9.013465826610524 -0.0951081552159023 0.018866452647700246
397.3056848697597 9.087210638851346 -0.09430851180622 0.018699471310230344
406.9960674275644 9.157251187723855 -0.09352255093750077 0.0185354203071587
416.6864499853691 9.22384394531418 -0.09274992018909625 0.01837422316494812
426.3768325431738 9.287222447722957 -0.09199027920819053 0.018215806048313007
436.0672151009785 9.347599837357114 -0.09124329919625732 0.018060097647414806
445.7575976587832 9.405171066048862 -0.09050866242155502 0.017907029070796533
455.4479802164715 9.460114812222226 -0.08978606175614047 0.01775653374372026
465.1383627742762 9.512595155702487 -0.08907520023592241 0.01760854731158172
474.82874533208087 9.562763046094133 -0.08837579064255194 0.017463007548134443
484.51912788988557 9.610757594542394 -0.08768755510573147 0.017319854268212323
494.20951044769026 9.656707213721997 -0.08701022472490767 0.017179029244720638
503.89989300549496 9.70073062689228 -0.08634353920920732 0.017040476129643947
513.5902755632997 9.742937763569497 -0.08568724653460416 0.01690414037884753
523.2806581211044 9.783430556669416 -0.08504110261736224 0.016769969180461627
532.971040678909 9.822303653743562 -0.0844048710028602 0.016637911386650737
542.6614232367137 9.859645053080875 -0.0837783225689572 0.01650791744858279
552.3518057945184 9.895536673901297 -0.08316123524311367 0.016379939354424562
562.0421883523231 9.930054868572835 -0.08255339373252701 0.016253930570200224
571.7325709101278 9.963270883693333 -0.08195458926658937 0.01612984598335989
581.4229534679325 9.995251275956885 -0.08136461935101462 0.016007641848914525
591.1133360257372 10.02605828794316 -0.0807832875330224 0.01588727573800196
600.8037185835419 10.055750188302309 -0.08021040317700268 0.015768706488757
610.4941011413466 10.084381580239672 -0.07964578125011863 0.015651894159366072
620.1844836991513 10.112003681717042 -0.07908924211733764 0.015536799983193964
629.874866256956 10.138664580368316 -0.07854061134540961 0.01542338632587662
639.5652488146443 10.164409465765702 -0.07799971951534673 0.015311616644281769
649.255631372449 10.18928084136241 -0.07746640204293812 0.015201455447235002
658.9460139302537 10.2133187181603 -0.07694049900699533 0.01509286825794309
668.6363964880584 10.236560791926385 -0.0764218549848185 0.014985821578003794
678.3267790458631 10.259042605565892 -0.07591031889462252 0.014880282852943596
688.0171616036678 10.280797698086928 -0.07540574384454575 0.014776220439200686
697.7075441614725 10.301857741432642 -0.07490798698792879 0.01467360357248422
707.3979267192772 10.322252666319361 -0.07441690938456072 0.014572402337443453
717.0883092770819 10.342010778098132 -0.07393237586760765 0.01447258763858374
726.7786918348866 10.361158863550383 -0.07345425491595402 0.014374131172370245
736.4690743926913 10.3797222894343 -0.07298241853170065 0.014277005400462922
746.159456950496 10.397725093515184 -0.07251674212257823 0.014181183524029785
755.8498395083006 10.415190068739323 -0.07205710438904765 0.014086639459087986
765.5402220661053 10.432138841145333 -0.07160338721586992 0.013993347812825144
775.23060462391 10.448591942048814 -0.0711654484950778 0.013901283860855698
784.9209871817147 10.464568874984199 -0.07074548049802366 0.01381042352536949
794.6113697395194 10.480088177841509 -0.07030841215958551 0.013720743354132033
804.3017522973241 10.495167480594365 -0.06987683329996144 0.013632220500297994
813.9921348551288 10.50982355897865 -0.0694506397863133 0.013544832703001317
823.6825174129335 10.524072384448147 -0.06902973012621076 0.013458558268687429
833.3728999706218 10.537929170703507 -0.06861400538379522 0.01337337605315563
843.0632825284265 10.55140841706548 -0.06820336909912846 0.013289265444274279
852.7536650862312 10.564523948935738 -0.0677977272106552 0.013206206345354462
862.4440476440359 10.577288955572895 -0.06739698798054305 0.0131241791591335
872.1344302018406 10.589716025385908 -0.06700106192284432 0.013043164772356813
881.8248127596453 10.601817178933022 -0.06660986173432594 0.01296314454092657
891.51519531745 10.613603899797214 -0.06622330222785631 0.012884100275593799
901.2055778752547 10.625087163494968 -0.0658413002682373 0.012806014228171028
910.8959604330594 10.636277464562012 -0.0654637747103761 0.01272886907824337
920.5863429908641 10.647184841947944 -0.06509064633969673 0.01265264792035727
930.2767255486688 10.657818902840768 -0.06472183781469644 0.012577334251666874
939.9671081064735 10.668188845032692 -0.06435727361155556 0.01250291196001921
949.6574906642782 10.678303477929582 -0.0639968799707157 0.012429365312459945
959.3478732220829 10.68817124229835 -0.06364058484534355 0.012356678944142642
969.0382557798875 10.697800228839192 -0.06328831785160298 0.012284837847624996
978.7286383376922 10.70719819566281 -0.06294001022066072 0.012213827362536407
988.4190208954969 10.716372584746637 -0.06259559475235485 0.012143633165601955
998.1094034533016 10.725330537438353 -0.06225500577045923 0.012074241261008542
