-484.51912788988557 9.977538083990336 0.0 0.0
-474.82874533208087 9.977538083990336 0.0 0.0
-465.1383627742762 9.977538083990336 0.0 0.0
-455.4479802164715 9.977538083990336 0.0 0.0
-445.7575976586668 9.977538083990336 0.0 0.0
-436.0672151008621 9.977538083990336 0.0 0.0
-426.3768325430574 9.977538083990336 0.0 0.0
-416.6864499852527 9.977538083990336 0.0 0.0
-406.996067427448 9.977538083990336 0.0 0.0
-397.3056848696433 9.977538083990336 0.0 0.0
-387.615302311955 9.977538083990336 0.0 0.0
-377.9249197541503 9.977538083990336 0.0 0.0
-368.2345371963456 9.977538083990336 0.0 0.0
-358.54415463854093 9.977538083990336 0.0 0.0
-348.85377208073623 9.977538083990336 0.0 0.0
-339.16338952293154 9.977538083990336 0.0 0.0
-329.47300696512684 9.977538083990336 0.0 0.0
-319.78262440732215 9.977538083990336 0.0 0.0
-310.09224184951745 9.977538083990336 0.0 0.0
-300.40185929171275 9.977538083990336 0.0 0.0
-290.71147673390806 9.977538083990336 0.0 0.0
-281.02109417610336 9.977538083990336 0.0 0.0
-271.33071161829866 9.977538083990336 0.0 0.0
-261.64032906049397 9.977538083990336 0.0 0.0
-251.94994650268927 9.977538083990336 0.0 0.0
-242.25956394488458 9.977538083990336 0.0 0.0
-232.56918138707988 9.977538083990336 0.0 0.0
-222.87879882927518 9.977538083990336 -0.00031280352825798554 0.0
-213.1884162714705 9.977538083990336 -0.000304819837330406 0.0
-203.4980337137822 9.977538083990336 -0.0002972335395471244 0.0
-193.8076511559775 9.977538083990336 -0.00029001568468204903 0.0
-184.1172685981728 9.977538083990336 -0.0002831400678872172 0.0
-174.42688604036812 9.977538083990336 -0.00027658291179550606 0.0
-164.73650348256342 9.977538083990336 -0.0002703225917964611 0.0
-155.04612092475872 9.977538083990336 -0.0002643393977957423 0.0
-145.35573836695403 9.977538083990336 -0.0002586153269280911 0.0
-135.66535580914933 9.977538083990336 -0.0002531339026313372 0.0
-125.97497325134464 9.977538083990336 -0.0002478800162515148 0.0
-116.28459069353994 9.977538083990336 -0.00024283978797216013 0.0
-106.59420813573524 9.977538083990336 -0.00023800044437212502 0.0
-96.90382557793055 9.977538083990336 -0.00023335021033760343 0.0
-87.21344302012585 9.977538083990336 -0.00022887821340274978 0.0
-77.52306046232115 9.977538083990336 -0.00022457439888294228 0.0
-67.83267790451646 9.977538083990336 -0.0002204294544063017 0.0
-58.14229534671176 9.977538083990336 -0.0002164347426512322 0.0
-48.451912788907066 9.977538083990336 -0.00021258224126752365 0.0
-38.76153023110237 9.977538083990336 -0.00020886448910160577 0.0
-29.071147673297673 9.977538083990336 -0.0012812698756515361 0.0
-19.380765115492977 9.977538083990336 -0.0012497787303725903 0.0
-9.690382557804696 9.977538083990336 -0.001219825411682037 0.0
0.0 6.950432817559498 -0.016330230216318995 0.03665188434208001
9.690382557804696 7.14843122777344 -0.01590979461073642 0.03569984951339688
19.380765115609393 7.272046537498812 -0.015510504815804228 0.03479602084699752
29.07114767341409 7.367414174301164 -0.015130802749174813 0.033936827381147824
38.761530231218785 7.446662996934517 -0.014769279854115669 0.03311904235588589
48.45191278902348 7.515163718384313 -0.0144246595727409 0.0323397427172381
58.14229534682818 7.575854232622458 -0.01633987276896615 0.03159627420725698
67.83267790463287 7.630548179682033 -0.015968167107459033 0.030886221161182153
77.52306046243757 7.680457684394582 -0.015613059587559092 0.030207380287527088
87.21344302024227 7.726439901826764 -0.015273459046976757 0.029557737831491862
96.90382557804696 7.76912716762155 -0.014948368210681426 0.028935449623090373
106.59420813585166 7.809001589567365 -0.014636873775891433 0.02833882359362826
116.28459069365636 7.846440572465321 -0.018263648987113728 0.02944561088831963
125.97497325146105 7.881746021981029 -0.01787513200908976 0.028852230356469
135.66535580926575 7.915163852850748 -0.02595575940050909 0.02828240394642144
145.35573836707044 7.946897465719357 -0.025384075134642897 0.027734748711288407
155.04612092487514 7.977117325101274 -0.025212038541810065 0.02724789276962786
164.73650348267984 8.005967933579576 -0.02573500466729395 0.026970837216504666
174.42688604036812 8.033573017853994 -0.025197670178890134 0.02647551927572579
184.1172685981728 8.060039456584315 -0.024682712139207856 0.02599815699356872
193.8076511559775 8.085460303859465 -0.025046911106214723 0.025659865346432293
203.4980337137822 8.109917150271786 -0.024550757338901677 0.025212474507604724
213.1884162715869 8.133481990615222 -0.024074226546267948 0.024780498931121046
222.8787988293916 8.15621871853447 -0.023616158192755445 0.024363150321698914
232.5691813871963 8.178184335252206 -0.02317548283771742 0.023959693642044526
242.259563945001 8.199429936441241 -0.02275121325184373 0.023569442649211614
251.9499465028057 8.220001525013908 -0.022342436565368034 0.02319175587720846
261.6403290606104 8.239940685907278 -0.021948307309477985 0.022826033014031508
271.3307116184151 8.25928515043142 -0.02156804123341032 0.022471711628162576
281.0210941762198 8.278069271471562 -0.021200909797211467 0.02212826420540439
290.7114767340245 8.296324426151333 -0.02084623525474307 0.02179519546191662
300.40185929182917 8.31407935902995 -0.020503386253738175 0.021472039903588536
310.09224184963387 8.331360476212222 -0.020171773889991727 0.021158359605558046
319.78262440743856 8.348192098676684 -0.01985084816143936 0.020853742188853896
329.47300696524326 8.364596681517309 -0.019540094775218047 0.020557798973875774
339.16338952304795 8.380595004533786 -0.01923903226703505 0.02027016329279988
348.85377208085265 8.396206338610904 -0.018947209397481884 0.019990488945059514
358.54415463854093 8.411448591536978 -0.018664202794470706 0.01971844878185008
368.2345371963456 8.426338436280155 -0.0183896148148355 0.01945373340715315
377.9249197541503 8.440891424228147 -0.01812307160155305 0.019196049984214984
387.615302311955 8.455122085490698 -0.017864221315799327 0.018945121137504708
397.3056848697597 8.46904401802127 -0.017653863243542366 0.018700683941349258
406.9960674275644 8.482669967042689 -0.01740837119954718 0.01846248898730478
416.6864499853691 8.496011896033298 -0.017169685748477336 0.018230299523169353
426.3768325431738 8.509081050342392 -0.01693752451470855 0.01800389065726468
436.0672151009785 8.521888014347525 -0.016769090509147024 0.017783048622257876
445.7575976587832 8.534442762935875 -0.016547716495853085 0.017567570093365358
455.4479802165879 8.549085162473235 -0.016332182796803364 0.017357261556287588
465.1383627743926 8.572386251896717 -0.01612225790088236 0.01715193872067529
474.8287453321973 8.594859968786848 -0.015917722604183084 0.016951425975329903
484.519127890002 8.61656087138568 -0.015834369002690345 0.01675555588170034
494.2095104478067 8.637538266638616 -0.01563698320188915 0.016564168702559723
503.8998930056114 8.657836866440334 -0.015444548271400689 0.016377111963033257
513.5902755634161 8.677497343196482 -0.015256875260271785 0.016194240041406526
523.2806581212208 8.696556802912491 -0.015073785099465161 0.016015413787375483
532.9710406790255 8.71504919025554 -0.014895107925955806 0.01584050016560744
542.6614232367137 8.733005637140277 -0.014720682465992646 0.015669371922672405
552.3518057945184 8.750454764144301 -0.014550355470988072 0.01550190727555881
562.0421883523231 8.767422942297621 -0.014383981200428645 0.015337989620183502
571.7325709101278 8.783934521412602 -0.014221420946870093 0.015177507258371942
581.4229534679325 8.80001203001131 -0.014062542598779058 0.015020353141981678
591.1133360257372 8.81567635100163 -0.013907220237469759 0.014866424632911804
600.8037185835419 8.830946876737253 -0.013755333764850202 0.014715623277858218
610.4941011413466 8.845841646062919 -0.0136067685590765 0.0145678545967658
620.1844836991513 8.860377466053311 -0.013461415155546 0.014423027884012946
629.874866256956 8.874570020370985 -0.013319168950946687 0.014281056021441302
639.5652488147607 8.88843396600306 -0.013179929928328733 0.014141855302413426
649.2556313725654 8.901983019852926 -0.01304360240138067 0.014005345266145212
658.9460139303701 8.915230036446784 -0.012910094776281411 0.013871448541618269
668.6363964881748 8.928187077834282 -0.012779319329665284 0.013740090700430667
678.3267790459795 8.940865476611096 -0.012651192001382733 0.013611200117993386
688.0171616037842 8.953275892863859 -0.012525632200868109 0.013484707842524266
697.7075441615889 8.965428365730235 -0.012402562626039589 0.01336054747133204
707.3979267193936 8.977332360175582 -0.012281909093757225 0.013238655033920818
717.0883092771983 8.988996809510024 -0.012163600380954931 0.013118968881479339
726.7786918348866 9.000430154103176 -0.012047568075643672 0.013001429582352599
736.4690743926913 9.011640376698042 -0.011933746437044887 0.012885979823112377
746.159456950496 9.022635034673756 -0.011822072264206668 0.01277256431489964
755.8498395083006 9.033421289569679 -0.011712484772463809 0.012661129704686806
765.5402220661053 9.044005934142032 -0.01160492547720369 0.012551624491180064
775.23060462391 9.054395417195789 -0.011499338084417166 0.012443998945072993
784.9209871817147 9.06459586640603 -0.011395668387565505 0.012338205033391883
794.6113697395194 9.074613109319303 -0.01129386417033138 0.012234196347689585
804.3017522973241 9.08445269270465 -0.011193875114856235 0.012131928035861035
813.9921348551288 9.09411990040577 -0.011095652715097786 0.012031356737368836
823.6825174129335 9.103619769829635 -0.01099915019496996 0.011932440521681237
833.3728999707382 9.11295710719289 -0.010904322430953453 0.011835138829738011
843.0632825285429 9.122136501634966 -0.010811125878888732 0.011739412418271578
852.7536650863476 9.13116233829568 -0.010719518504684911 0.01164522330682201
862.4440476441523 9.140038810445606 -0.010629459718697654 0.011552534727294889
872.134430201957 9.148769930748722 -0.010540910313547284 0.011461311075920603
881.8248127597617 9.157359541729258 -0.010453832405164818 0.011371517867482538
891.5151953175664 9.16581132550778 -0.010368189376868843 0.011283121691690033
901.2055778753711 9.174128812865547 -0.01028394582629 0.011196090171579593
910.8959604331758 9.18231539169065 -0.010201067514972743 0.01111039192383506
920.5863429908641 9.19037431485456 -0.010119521320496695 0.011025996520925183
930.2767255486688 9.198308707563914 -0.010039275190964017 0.010942874454956094
939.9671081064735 9.206121574226557 -0.00996029810172968 0.010860997103163381
949.6574906642782 9.213815804870569 -0.009882560014226497 0.01078033669493822
959.3478732220829 9.221394181148552 -0.009806031836779699 0.010700866280322827
969.0382557798875 9.228859381958548 -0.009730685387292982 0.010622559699893664
978.7286383376922 9.236213988709691 -0.009656493357702167 0.010545391555962451
988.4190208954969 9.24346049025851 -0.009583429280098466 0.010469337185028182
998.1094034533016 9.25060128753958 -0.009511467494429476 0.010394372631417076
