-1007.7997860109899 11.307483656493442 -0.0001111990332613279 0.0
-998.1094034531852 11.307483656493442 -0.0001101838559378772 0.0
-988.4190208953805 11.307483656493442 -0.00010919097545508887 0.0
-978.7286383375758 11.307483656493442 -0.00010821959849083145 0.0
-969.0382557797711 11.307483656493442 -0.00010726897018522199 0.0
-959.3478732219664 11.307483656493442 -0.00010633837180868559 0.0
-949.6574906641617 11.307483656493442 -0.00010542711859849269 0.0
-939.967108106357 11.307483656493442 -0.00010453455774970753 0.0
-930.2767255486688 11.307483656493442 -0.00010990532393658156 0.0
-920.5863429908641 11.307483656493442 -0.00011742378100109097 6.03903350936217e-08
-910.8959604330594 11.307483656493442 -0.00011638644091009756 5.956695382883902e-08
-901.2055778752547 11.307483656493442 -0.00011537071672577198 5.8765723047594284e-08
-891.51519531745 11.307483656493442 -0.00011437588294712202 5.798576077953715e-08
-881.8248127596453 11.307483656493442 -0.00012690871714664126 5.7226231264437787e-08
-872.1344302018406 11.307483656493442 -0.0001257694428701707 5.648634196494607e-08
-862.4440476440359 11.307483656493442 -0.00012465402938315306 5.57653408080885e-08
-852.7536650862312 11.307483656493442 -0.00013142746172927923 5.506251363517414e-08
-843.0632825284265 11.307483656493442 -0.0001302511926325257 5.4377181842473064e-08
-833.3728999706218 11.307483656493442 -0.00012909931997445967 5.3708700195764764e-08
-823.6825174128171 11.307483656493442 -0.00012797103516416056 5.30564548039462e-08
-813.9921348550124 11.307483656493442 -0.00012686556616898684 5.241986123887711e-08
-804.3017522972077 11.307483656493442 -0.00012578217543417786 5.179836278870854e-08
-794.611369739403 11.307483656493442 -0.00012472015794463937 5.1191428834109483e-08
-784.9209871815983 11.307483656493442 -0.00012367883941759498 5.0598553337232306e-08
-775.2306046237936 11.307483656493442 -0.00012265757461581224 5.001925343472557e-08
-765.5402220659889 11.307483656493442 -0.00012165574577203412 4.94530681259578e-08
-755.8498395081842 11.307483656493442 -0.00012067276111607601 4.889955704963627e-08
-746.159456950496 11.307483656493442 -0.00011970805349680867 4.8358299341419355e-08
-736.4690743926913 11.307483656493442 -0.00012791844897291167 4.782889256679049e-08
-726.7786918348866 11.307483656493442 -0.00012686510536116734 4.7310951723209125e-08
-717.0883092770819 11.307483656493442 -0.00012583176362845983 4.6804108306211484e-08
-707.3979267192772 11.307483656493442 -0.00012481781324027123 4.630800943518582e-08
-697.7075441614725 11.307483656493442 -0.00012382266931603074 4.582231703403362e-08
-688.0171616036678 11.307483656493442 -0.0001228457712593078 4.534670706272687e-08
-678.3267790458631 11.307483656493442 -0.00012188658147667926 4.4880868796530415e-08
-668.6363964880584 11.307483656493442 -0.00012094458417852264 4.4424504148924945e-08
-658.9460139302537 11.307483656493442 -0.00012001928425558105 4.397732703551284e-08
-649.255631372449 11.307483656493442 -0.00011911020622567306 4.353906277605532e-08
-639.5652488146443 11.307483656493442 -0.00011821689324540387 4.3109447531742653e-08
-629.8748662568396 11.307483656493442 -0.00011733890618216522 4.2688227775608344e-08
-620.1844836990349 11.307483656493442 -0.00017099710222137778 4.227515979356485e-08
-610.4941011412302 11.307483656493442 -0.00016940772810397357 4.187000921422485e-08
-600.8037185834255 11.307483656493442 -0.00016785232083382255 4.14725505654662e-08
-591.1133360256208 11.307483656493442 -0.00016632971577702248 4.1082566855951515e-08
-581.4229534678161 11.307483656493442 -0.00016483880329132793 4.069984918021119e-08
-571.7325709100114 11.307483656493442 -0.0001633785254286979 4.0324196345388736e-08
-562.0421883523231 11.307483656493442 -0.00017401148196823332 3.995541451858953e-08
-552.3518057945184 11.307483656493442 -0.0001724463725377955 3.959331689344893e-08
-542.6614232367137 11.307483656493442 -0.00017091335692427252 3.9237723374481245e-08
-532.971040678909 11.307483656493442 -0.00016941138356417598 3.888846027853022e-08
-523.2806581211044 11.307483656493442 -0.0001679394482433565 3.854536005177059e-08
-513.5902755632997 11.307483656493442 -0.0001664965913926015 3.820826100187037e-08
-503.89989300549496 11.307483656493442 -0.00017094426004369255 3.7877007043622595e-08
-494.20951044769026 11.307483656493442 -0.00016947741043479083 3.7551447458288556e-08
-484.51912788988557 11.307483656493442 -0.00016803912814611013 3.723143666474442e-08
-474.82874533208087 11.307483656493442 -0.00016662852459211922 3.691683400241311e-08
-465.1383627742762 11.307483656493442 -0.00017651567633766307 3.6607503525211676e-08
-455.4479802164715 11.307483656493442 -0.00017500455945607888 3.6303313805614275e-08
-445.7575976586668 11.307483656493442 -0.00017352279269086633 3.600413774850191e-08
-436.0672151008621 11.307483656493442 -0.00017206946406131754 3.570985241403629e-08
-426.3768325430574 11.307483656493442 -0.00017064370066926797 3.5420338849286866e-08
-416.6864499852527 11.307483656493442 -0.00016924466656508932 3.5135481927870094e-08
-406.996067427448 11.307483656493442 -0.0001678715607550887 3.4855170197369666e-08
-397.3056848696433 11.307483656493442 -0.00016652361533931175 3.457929573391248e-08
-387.6153023118386 11.307483656493442 -0.00016520009376972997 3.430775400350639e-08
-377.9249197541503 11.307483656493442 -0.00016390028921969122 3.404044373017595e-08
-368.2345371963456 11.307483656493442 -0.0001626235230561965 3.377726676986967e-08
-358.54415463854093 11.307483656493442 -0.0001613691434076129 3.351812799048948e-08
-348.85377208073623 11.307483656493442 -0.00016013652381953095 3.3262935156939926e-08
-339.16338952293154 11.307483656493442 -0.00019679890051729448 3.301159882201053e-08
-329.47300696512684 11.307483656493442 -0.00019509262649245279 3.276403222159845e-08
-319.78262440732215 11.307483656493442 -0.00019342021206874646 3.2520151174961876e-08
-310.09224184951745 11.307483656493442 -0.00019178057058883506 3.227987398931748e-08
-300.40185929171275 11.307483656493442 -0.00019017266397332915 3.2043121368438567e-08
-290.71147673390806 11.307483656493442 -0.00018859549993323178 3.18098163255647e-08
-281.02109417610336 11.307483656493442 -0.00018704812937739873 3.157988409988926e-08
-271.33071161829866 11.307483656493442 -0.0001855296439989638 3.135325207667177e-08
-261.64032906049397 11.307483656493442 -0.00018403917402619145 3.112984971077277e-08
-251.94994650268927 11.307483656493442 -0.00018257588612457108 3.0909608453499075e-08
-242.25956394488458 11.307483656493442 -0.00018113898143818277 3.069246168239442e-08
-232.56918138707988 11.307483656493442 -0.00017972769375944973 3.0478344634087634e-08
-222.87879882927518 11.307483656493442 -0.00017834128781736789 3.026719433994523e-08
-213.1884162714705 11.307483656493442 -0.00017697905767518422 3.005894956423574e-08
-203.4980337136658 11.307483656493442 -0.0001756403252292804 2.985355074497925e-08
-193.8076511558611 11.307483656493442 -0.00017432443880173522 2.9650939937218324e-08
-184.1172685981728 11.307483656493442 -0.00017303077181969446 2.945106075831642e-08
-174.42688604036812 11.307483656493442 -0.00017175872157515246 2.925385833585471e-08
-164.73650348256342 11.307483656493442 -0.0001705077080595969 2.9059279257296222e-08
-155.04612092475872 11.307483656493442 -0.0001692771728679074 2.8867271521825553e-08
-145.35573836695403 11.307483656493442 -0.00016806657816686787 2.867778449394502e-08
-135.66535580914933 11.307483656493442 -0.00016687540572372548 2.8490768858966377e-08
-125.97497325134464 11.307483656493442 -0.0001657031559906882 2.8306176580313094e-08
-116.28459069353994 11.307483656493442 -0.00016454934724156704 2.8123960858253836e-08
-106.59420813573524 11.307483656493442 -0.00016341351475706288 2.7944076090426653e-08
-96.90382557793055 11.307483656493442 -0.00016229521005546818 2.7766477833785304e-08
-87.21344302012585 11.307483656493442 -0.00016119400016579964 2.7591122767944162e-08
-77.52306046232115 11.307483656493442 -0.0001788142965204003 2.74179686600248e-08
-67.83267790451646 11.307483656493442 -0.00019978377729231017 2.724697433066441e-08
-58.14229534671176 11.307483656493442 -0.0001981798018133577 2.7078099621453632e-08
-48.451912788907066 11.307483656493442 -0.00019660606770020617 2.6911305363382633e-08
-38.76153023110237 11.307483656493442 -0.0014010937120089654 2.674655334667861e-08
-29.071147673297673 11.307483656493442 -0.0013831882484648403 2.6583806291517873e-08
-19.380765115492977 11.307483656493442 -0.0013657497836861597 2.6423027819982963e-08
-9.690382557688281 11.307483656493442 -0.0013487600466398678 2.6264182428888927e-08
0.0 11.307483656493442 -0.0013322017127106575 2.6107235463691986e-08
9.690382557804696 8.861748815906367 0.010332873831123364 0.025049918625850577
19.380765115609393 9.033801459597495 0.010191470645663033 0.02471172772736056
29.07114767341409 9.159623332471787 0.00476902606982704 0.02438254680665168
38.761530231218785 9.260727878639063 0.004706768210336267 0.024062020535274457
48.45191278902348 9.345916324234773 0.004646096261867968 0.023749812026574592
58.14229534682818 9.419808835714223 0.004586950745231504 0.023445601654589997
67.83267790463287 9.485183181116621 0.004529275106639753 0.0231490859625723
77.52306046243757 9.543861012424248 0.004473015540671107 0.022859976653297386
87.21344302024227 9.597111868834991 0.0044181208258914605 0.02257799965410301
96.90382557804696 9.645861328127856 0.004347074948813072 0.0223028942502798
106.59420813585166 9.690808122972623 0.004295004449347275 0.022034412281055602
116.28459069365636 9.732494582893882 0.004213963192903855 0.021775058906434767
125.97497325146105 9.771351284675433 0.004164700124917416 0.021519088453343365
135.66535580926575 9.807726580177695 0.0036089008610210925 0.02126906607585316
145.35573836707044 9.841906819322775 0.003568711508753082 0.021024786828057782
155.04612092487514 9.874130614135309 0.0032822061241610683 0.02081351399705134
164.73650348267984 9.904599155473301 0.003247061625151852 0.02057977235401979
174.42688604048453 9.933483838275528 0.0032126429783470626 0.0203512226656013
184.1172685981728 9.960932005074728 0.003178928453899262 0.02012769383247293
193.8076511559775 9.987071344774114 0.0031458971561381505 0.019909022192212966
203.4980337137822 10.012013311682542 0.0031135289854938067 0.019695051119564735
213.1884162715869 10.03585581837588 0.0030818046023576838 0.019485630652187138
222.8787988293916 10.058685381979908 0.0030507053927850596 0.019280617140052147
232.5691813871963 10.080578853325084 0.003020213435938641 0.01907987291674997
242.259563945001 10.101604823750524 0.002990311473180836 0.018883265991123225
251.9499465028057 10.12182477994528 0.0029609828787261487 0.01869066975777833
261.6403290606104 10.14129405978358 0.002932211631769766 0.018501962725139123
271.3307116184151 10.16006264947103 0.0029039822900127393 0.018317028259815012
281.0210941762198 10.178175853031588 0.002876279964508393 0.018135754346152878
290.7114767340245 10.19567485825756 0.0026308791294579145 0.017958033359930844
300.40185929182917 10.212597218049542 0.0026071330076691676 0.017783761855232793
310.09224184963387 10.228977262124486 0.00258379390232502 0.01761284036361666
319.78262440743856 10.244846451040313 0.002560852001733291 0.017445173204756734
329.47300696524326 10.26023368213953 0.002538297778859269 0.017280668307802685
339.16338952304795 10.275165555182832 0.0025161219829971824 0.01711923704275393
348.85377208085265 10.289666604002642 0.002499007930302915 0.016960897927447052
358.54415463865735 10.303759499364302 0.002100383568730336 0.01685648829885316
368.2345371963456 10.317465227311024 0.002084325148332447 0.01670308579760347
377.9249197541503 10.333865788675945 0.002068476452242295 0.016552452227280752
387.615302311955 10.352448239257887 0.0020506097679506403 0.016404695355032858
397.3056848697597 10.370352815018123 0.0009093047003507863 0.016489323813196236
406.9960674275644 10.38762428191173 0.0008804425577718142 0.016343442493942803
416.6864499853691 10.404303186974078 0.0008806805212071633 0.01620013140499105
426.3768325431738 10.42042635075229 0.0008807110768618624 0.016059322768690702
436.0672151009785 10.436027290969557 0.0008805471686084465 0.015920951192014133
445.7575976587832 10.45113658876293 0.0008802009249055597 0.01578495356122618
455.4479802165879 10.465782206675247 0.0008796837161062281 0.015651268942187203
465.1383627743926 10.479989765884387 0.0008790062072226418 0.015519838485932795
474.8287453321973 10.493782788809797 0.0008781784065515754 0.015390605339200012
484.519127890002 10.507182912165014 0.0008772097105246468 0.015263514559593874
494.2095104478067 10.520210074665261 0.0008761089451119538 0.01513851303511005
503.8998930056114 10.53288268290473 0.0008748844040758031 0.015015549407749828
513.5902755634161 10.545217758353804 0.0008735438843430366 0.014894574000982048
523.2806581212208 10.557231067964858 0.0008720947187388063 0.014775538750823663
532.9710406790255 10.568937240496334 0.0008705438063020849 0.014658397140326433
542.6614232368302 10.580349870351032 0.0008688976403827336 0.014543104137271662
552.3518057945184 10.59148161046432 0.0008671623347016102 0.014429616134889496
562.0421883523231 10.602344255561496 0.0007738196431416597 0.014317890895422236
571.7325709101278 10.612948816918637 0.0007731707673046672 0.014207887496390995
581.4229534679325 10.623305589612338 0.0007724154839028092 0.014099566279387854
591.1133360257372 10.633424213109516 0.0007715599498205436 0.013992888801273204
600.8037185835419 10.643313725940741 0.0007706099773340414 0.013887817787638193
610.4941011413466 10.652982615105804 0.000769571055469445 0.01378431708841026
620.1844836991513 10.662438860779842 0.000768448369867384 0.013682351635485986
629.874866256956 10.67168997681924 0.0007672468212714361 0.01358188740228281
639.5652488147607 10.680743047506922 0.0007659710427477607 0.013482891365107687
649.2556313725654 10.689604760925242 0.000764625415733871 0.01338533146624728
658.9460139303701 10.698281439299796 0.0007632140850060049 0.013289176578689619
668.6363964881748 10.706779066618815 0.0006087664265915678 0.01319439647239303
678.3267790459795 10.7151033137987 0.0006093025089317971 0.013100961782022821
688.0171616037842 10.723259561636658 0.0005845385147852082 0.013008843976081005
697.7075441615889 10.73125292176531 0.0005852040653014118 0.012918015327358746
707.3979267193936 10.739088255801278 0.0005857614223272095 0.012828448884645264
717.0883092771983 10.746770192859492 0.0005862158987135178 0.012740118445630728
726.778691835003 10.754303145587278 0.0005865725328691166 0.0126529985309442
736.4690743928077 10.761691324856267 0.0005868361049542854 0.012567064359271182
746.159456950496 10.76893875323636 0.0005870111519734822 0.012482291823499223
755.8498395083006 10.776049277363848 0.0005871019818528514 0.012398657467836065
765.5402220661053 10.783026579303149 0.0005871126865806389 0.012316138465868726
775.23060462391 10.789874186994636 0.000587047154481919 0.012234712599498989
784.9209871817147 10.796595483869142 0.000586909081692778 0.01215435823872874
794.6113697395194 10.803193717703815 0.0005867019828935523 0.012075054322249564
804.3017522973241 10.809672008786176 0.0005864292013557679 0.01199678033880008
813.9921348551288 10.816033357446994 0.0005860939183527956 0.01191951630925562
823.6825174129335 10.822280651017023 0.0005856991619801356 0.011843242769416777
833.3728999707382 10.828416670257319 0.0005852478154275202 0.011767940753464838
843.0632825285429 10.834444095308452 0.0005847426247415961 0.011693591778054123
852.7536650863476 10.840365511199646 0.0005841862061148622 0.011620177827012586
862.4440476441523 10.84618341295513 0.0005835810527337055 0.011547681336623468
872.134430201957 10.851900210331706 0.0005829295412158527 0.011476085181462444
881.8248127597617 10.85751823221837 0.0005822339376651383 0.011405372660765677
891.5151953175664 10.863039730726086 0.0005814964033694037 0.011335527485305622
901.2055778753711 10.868466884993314 0.0005807190001653755 0.011266533764752597
910.8959604331758 10.873801804730688 0.0005799036954925603 0.011198375995501062
920.5863429909805 10.87904653352603 0.0005790523671565573 0.011131039048940793
930.2767255486688 10.884203051929054 0.0005781668078206838 0.0110645081601547
939.9671081064735 10.88927328033396 0.0005772487292434201 0.010998768917020625
949.6574906642782 10.894259081674955 0.0005762997662780154 0.010933807249711797
959.3478732220829 10.899162263950883 0.0005753214806491526 0.01086960942056371
969.0382557798875 10.903984582591423 0.0005743153645208623 0.01080616201430389
978.7286383376922 10.908727742677593 0.0005732828438686067 0.01074345192862493
988.4190208954969 10.913393401027776 0.0005722252816676548 0.010681466365087423
998.1094034533016 10.917983168159566 0.0005711439809090609 0.010620192820339427
