-1007.7997860111063 9.977538083990334 -0.00042342593904811765 2.1219720988110632e-07
-998.1094034533016 9.977538083990334 -0.00041642878489774954 2.0684066872299345e-07
-988.4190208954969 9.977538083990334 -0.00040968659991999035 2.0174790176365285e-07
-978.7286383376922 9.977538083990334 -0.0004411983363052386 1.9689989349668414e-07
-969.0382557798875 9.977538083990334 -0.0004339398851095181 1.9227941329804168e-07
-959.3478732220829 9.977538083990334 -0.0004269464705538755 1.878708108055344e-07
-949.6574906642782 9.977538083990334 -0.000436123907992309 1.8365983881787028e-07
-939.9671081064735 9.977538083990334 -0.000429211855930046 1.7963349948865205e-07
-930.2767255486688 9.977538083990334 -0.00042254321760034735 1.757799103167118e-07
-920.5863429908641 9.977538083990334 -0.0004161046536810756 1.7208818702430396e-07
-910.8959604330594 9.977538083990334 -0.00040988381663175386 1.6854834089020682e-07
-901.2055778752547 9.977538083990334 -0.00040386925743875505 1.651511884986738e-07
-891.51519531745 9.977538083990334 -0.00039805034297258685 1.618882721856653e-07
-881.8248127596453 9.977538083990334 -0.00039241718254083503 1.5875178973473458e-07
-872.1344302018406 9.977538083990334 -0.00038696056243679955 1.557345320897215e-07
-862.4440476440359 9.977538083990334 -0.000381671887463178 1.528298280370228e-07
-852.7536650862312 9.977538083990334 -0.00037654312855935724 1.5003149496589999e-07
-843.0632825285429 9.977538083990334 -0.00037156677578562485 1.47333794941161e-07
-833.3728999707382 9.977538083990334 -0.00040892206203631135 1.4473139543075535e-07
-823.6825174129335 9.977538083990334 -0.0004031583436718952 1.4221933412384737e-07
-813.9921348551288 9.977538083990334 -0.0003975802977013758 1.3979298734898265e-07
-804.3017522973241 9.977538083990334 -0.00039217825752720613 1.3744804167276168e-07
-794.6113697395194 9.977538083990334 -0.0003869432646911928 1.351804683082233e-07
-784.9209871817147 9.977538083990334 -0.0003818670012752254 1.3298650001602585e-07
-775.23060462391 9.977538083990334 -0.0003769417302771182 1.3086261021848494e-07
-765.5402220661053 9.977538083990334 -0.00037216024284460685 1.2880549408458234e-07
-755.8498395083006 9.977538083990334 -0.00036751581143057053 1.2681205137094875e-07
-746.159456950496 9.977538083990334 -0.00036300214807998097 1.2487937083081966e-07
-736.4690743926913 9.977538083990334 -0.0003586133671804108 1.2300471602930997e-07
-726.7786918348866 9.977538083990334 -0.0003543439521082743 1.211855124151704e-07
-717.0883092770819 9.977538083990334 -0.0008569089054094485 1.1941933552542684e-07
-707.3979267192772 9.977538083990334 -0.0008398264902452818 1.1770390020450754e-07
-697.7075441614725 9.977538083990334 -0.000823502782399865 1.1603705074103923e-07
-688.0171616036678 9.977538083990334 -0.0008078854660987196 1.1441675182928719e-07
-678.3267790458631 9.977538083990334 -0.0007929270575506575 1.128410802794539e-07
-668.6363964880584 9.977538083990334 -0.0007785843519850304 1.1130821740202614e-07
-658.9460139303701 9.977538083990334 -0.000790398265234106 1.0981644200561786e-07
-649.2556313725654 9.977538083990334 -0.0007765200182182056 1.0836412394911151e-07
-639.5652488147607 9.977538083990334 -0.0007631814813492273 1.0694971820039267e-07
-629.874866256956 9.977538083990334 -0.0007503500106197044 1.0557175935299763e-07
-620.1844836991513 9.977538083990334 -0.000737995617767695 1.042288565621303e-07
-610.4941011413466 9.977538083990334 -0.0007260907013079701 1.0291968886183035e-07
-600.8037185835419 9.977538083990334 -0.0007274294071412487 1.0164300083103772e-07
-591.1133360257372 9.977538083990334 -0.0007160209042394207 1.0039759857749086e-07
-581.4229534679325 9.977538083990334 -0.0007050075413388877 9.918234601484759e-08
-571.7325709101278 9.977538083990334 -0.0006943679618402899 9.799616140538118e-08
-562.0421883523231 9.977538083990334 -0.00070934585885156 9.683801414813982e-08
-552.3518057945184 9.977538083990334 -0.0006987441845602103 9.570692179316229e-08
-542.6614232367137 9.977538083990334 -0.0006884938108242926 9.460194726174619e-08
-532.971040678909 9.977538083990334 -0.0006785764162751387 9.352219625677685e-08
-523.2806581211044 9.977538083990334 -0.0006689749860532603 9.246681484929332e-08
-513.5902755632997 9.977538083990334 -0.0006596736936249271 9.143498722562465e-08
-503.89989300549496 9.977538083990334 -0.0006506577955491826 9.042593358501343e-08
-494.20951044769026 9.977538083990334 -0.0006419135375287883 8.943890817336101e-08
-484.51912788988557 9.977538083990334 -0.0006334280703247935 8.847319744561318e-08
-474.8287453321973 9.977538083990334 -0.00062518937431973 8.752811834534819e-08
-465.1383627743926 9.977538083990334 -0.0006171861916854694 8.660301669343546e-08
-455.4479802165879 9.977538083990334 -0.0006094079652582345 8.569726567844672e-08
-445.7575976587832 9.977538083990334 -0.000601844783341633 8.481026443954952e-08
-436.0672151009785 9.977538083990334 -0.000747134365980923 8.39414367378717e-08
-426.3768325431738 9.977538083990334 -0.0007360352037817574 8.309022970771733e-08
-416.6864499853691 9.977538083990334 -0.0007253228895728313 8.225611268400206e-08
-406.9960674275644 9.977538083990334 -0.0007149750532826136 8.143857609821002e-08
-397.3056848697597 9.977538083990334 -0.00070497115965651 8.063713044059555e-08
-387.615302311955 9.977538083990334 -0.0006952923137565086 7.98513052833712e-08
-377.9249197541503 9.977538083990334 -0.0006859210915355813 7.908064835913595e-08
-368.2345371963456 9.977538083990334 -0.0006768413917145175 7.832472469302548e-08
-358.54415463854093 9.977538083990334 -0.000668038305832338 7.758311578462754e-08
-348.85377208073623 9.977538083990334 -0.0006594980038630232 7.685541883456623e-08
-339.16338952293154 9.977538083990334 -0.0006512076332161978 7.614124601570136e-08
-329.47300696512684 9.977538083990334 -0.0006431552292872981 7.544022378341321e-08
-319.78262440732215 9.977538083990334 -0.0006353296360088784 7.475199222432231e-08
-310.09224184951745 9.977538083990334 -0.0006277204350911171 7.40762044400831e-08
-300.40185929171275 9.977538083990334 -0.0006203178828357377 7.341252596440844e-08
-290.71147673390806 9.977538083990334 -0.0006131128535709901 7.276063421088547e-08
-281.0210941762198 9.977538083990334 -0.0006060967888921121 7.212021795049853e-08
-271.3307116184151 9.977538083990334 -0.0005992616520058875 7.149097681598618e-08
-261.6403290606104 9.977538083990334 -0.0005925998865763844 7.087262083183953e-08
-251.9499465028057 9.977538083990334 -0.0005861043795477986 7.026486996945412e-08
-242.259563945001 9.977538083990334 -0.0005797684274926762 6.966745372336946e-08
-232.5691813871963 9.977538083990334 -0.0005735857060910645 6.908011071060215e-08
-222.8787988293916 9.977538083990334 -0.0005675502423971783 6.850258828900672e-08
-213.1884162715869 9.977538083990334 -0.0005616563895932745 6.793464219466416e-08
-203.4980337137822 9.977538083990334 -0.0005558988039675187 6.737603619786465e-08
-193.8076511559775 9.977538083990334 -0.0005502724238845948 6.682654177540739e-08
-184.1172685981728 9.977538083990334 -0.0005447724505453966 6.628593779862144e-08
-174.42688604036812 9.977538083990334 -0.0006015382167052061 6.575401023694487e-08
-164.73650348256342 9.977538083990334 -0.0006750033758021865 6.523055187521902e-08
-155.04612092475872 9.977538083990334 -0.0006662547877543137 6.471536204458953e-08
-145.35573836695403 9.977538083990334 -0.0006577952760621404 6.420824636620094e-08
-135.66535580914933 9.977538083990334 -0.0011712983087835557 6.724049385759814e-05
-125.97497325134464 9.977538083990334 -0.0011499417590242296 6.551115203140377e-05
-116.28459069353994 9.977538083990334 -0.0011295016409118715 6.386857183673331e-05
-106.59420813573524 9.977538083990334 -0.001109915475882054 6.230638291926317e-05
-96.90382557804696 9.977538083990334 -0.0010911265268497736 6.081882369629062e-05
-87.21344302024227 9.977538083990334 -0.0012176461742271414 6.962956480390333e-05
-77.52306046243757 9.977538083990334 -0.001196614234899689 6.801520859863949e-05
-67.83267790463287 9.977538083990334 -0.0015705503435139148 0.0001060700550138073
-58.14229534682818 9.977538083990334 -0.0015410319037263683 0.00010358161991627635
-48.45191278902348 9.977538083990334 -0.001512756798828671 0.00010120795315571139
-38.761530231218785 9.977538083990334 -0.0014856436598767533 9.894125060883811e-05
-29.07114767341409 9.977538083990334 -0.0014596182479888436 9.677440365277813e-05
-19.380765115609393 9.977538083990334 -0.001434612679550239 9.470092300418038e-05
-9.690382557804696 9.977538083990334 -0.0014105647511548402 9.271487239647069e-05
0.0 0.9836439871418978 0.0451130463898189 0.03952404746494789
9.690382557804696 1.591822476461985 0.04392688665364926 0.03849742511616058
19.380765115609393 2.006727120268125 0.04279160005629808 0.03752320022128968
29.07114767341409 2.3392920252298817 0.04172203661411083 0.03659669179714472
38.761530231218785 2.6225787694007536 0.03928352573840179 0.03600283468963046
48.45191278902348 2.8719203497866337 0.03835018614872229 0.035155151906704034
58.14229534682818 3.095949128192112 0.03739923155599083 0.034349335555460804
67.83267790463287 3.300110142507819 0.03655062863599674 0.033576958179258924
77.52306046243757 3.4881077683260377 0.03573944618696837 0.03283855713777802
87.21344302012585 3.6626025424444917 0.034963268398964874 0.03213193851938471
96.90382557793055 3.825584968292868 0.03421988276630985 0.03145509333831495
106.59420813573524 3.9785925582829993 0.03350725915959863 0.030806178450683272
116.28459069353994 4.1228437679517835 0.03282353142899955 0.03018349978614115
125.97497325134464 4.259324746210617 0.03216698118902278 0.02958549757395229
135.66535580914933 4.388847788038355 0.031536023488928776 0.0290107332920522
145.35573836695403 4.512092036149657 0.030929194117954837 0.0284578781091213
155.04612092475872 4.629632621166026 0.03034513833193238 0.02792570262412015
164.73650348256342 4.741962027520311 0.02978260081911402 0.027413067736471588
174.42688604036812 4.849506086272999 0.029240416749224646 0.026918916504145404
184.1172685981728 4.952636164662683 0.02871750377178429 0.026442266867133545
193.8076511559775 5.051678606532546 0.024336337175066246 0.027562836262678997
203.4980337137822 5.146922148368115 0.023947472340832696 0.027078365402610563
213.1884162715869 5.238623819738484 0.023570180811962733 0.0266108261357512
222.8787988293916 5.32701369206963 0.023203999083596678 0.026159332858509972
232.5691813871963 5.412298740471845 0.022848483439585433 0.025723061832382762
242.259563945001 5.4946660141285735 0.02250320954850853 0.025301245751777036
251.9499465028057 5.5742852616440315 0.022180190627566092 0.024893544485536052
261.6403290606104 5.651311122363837 0.021749519589304628 0.024502027853023953
271.33071161829866 5.725884968829121 0.021434965019851985 0.02411936895199199
281.02109417610336 5.798136466396861 0.0211290200207064 0.023748575098454103
290.71147673390806 5.868184901710489 0.02082190519830309 0.023389816585622485
300.40185929171275 5.9361403208858965 0.020402130276396622 0.02304873459735231
310.09224184951745 6.00210450994711 0.020038644689450033 0.02271016144911293
319.78262440732215 6.066171843656653 0.019769610396908954 0.022381460199955915
329.47300696512684 6.128430023887342 0.019507408760247768 0.02206220151152798
339.16338952293154 6.188960724762634 0.01925179926239147 0.021751980856946122
348.85377208073623 6.247840158689564 0.019002551169229973 0.02145041673034523
358.54415463854093 6.305139574934632 0.018759443191276468 0.021157149011683415
368.2345371963456 6.360925700407459 0.018522263135845443 0.020871837471040832
377.9249197541503 6.415261130713191 0.01829080755542819 0.02059416039848696
387.615302311955 6.468204678231057 0.018064881396635712 0.020323813347187684
397.3056848697597 6.5198116829113175 0.017844297653041512 0.020060507978813272
406.9960674275644 6.57013429060707 0.0176288770244343 0.019803971001519635
416.6864499853691 6.619221703034492 0.017418447584338297 0.019553943191836315
426.3768325431738 6.667120402854644 0.017212844457142513 0.01931017849272384
436.0672151009785 6.71387435686949 0.01701190950577169 0.019072443180880333
445.7575976587832 6.759525199905571 0.01681549103050868 0.018840515097096822
455.4479802164715 6.8143598503180325 0.016623443479328148 0.018614182934098646
465.1383627742762 6.896657373599885 0.015840093095247827 0.018393245576853446
474.82874533208087 6.975381272548625 0.01567179410828518 0.01817751149088055
484.51912788988557 7.050763335802525 0.015506685160446789 0.017966798154444137
494.20951044769026 7.123014491492688 0.015344700114256473 0.01776093153100065
503.89989300549496 7.192327259449344 0.015185772180142816 0.017559745578564212
513.5902755632997 7.258877845507552 0.015029834343033795 0.01736308179298557
523.2806581211044 7.322827940158932 0.014876819710209085 0.01717078878241692
532.971040678909 7.384326271302893 0.01472666179401878 0.016982721870485447
542.6614232367137 7.4435099511806575 0.01457929474061094 0.016798742725922664
552.3518057945184 7.500505650023676 0.01443465351382392 0.01661871901659861
562.0421883523231 7.555430623001138 0.01429267404179337 0.016442524086090902
571.7325709101278 7.608393612332033 0.012709863150503865 0.016270036651082398
581.4229534679325 7.659495642654422 0.012609777031706716 0.016101140518028155
591.1133360257372 7.70883072470798 0.012108586714961615 0.01593572431766564
600.8037185835419 7.756486479925849 0.012020272464815403 0.01577368125606232
610.4941011413466 7.802544696526894 0.011932220001821568 0.015614908881003675
620.1844836991513 7.847081826055932 0.011844520463423911 0.015459308862623344
629.874866256956 7.890169427965008 0.011757252773155997 0.015306786787266711
639.5652488147607 7.931874568706707 0.011670485168946587 0.015157251963660625
649.255631372449 7.972260180875974 0.011584276523273315 0.015010617240537587
658.9460139302537 8.011385387159088 0.011498677486714565 0.014866798834918048
668.6363964880584 8.04930579318232 0.01141373148116275 0.01472571617035249
678.3267790458631 8.086073752816226 0.01132947556459867 0.014587291724419676
688.0171616036678 8.121738609005979 0.011245941185821333 0.01445145088489009
697.7075441614725 8.156346912810049 0.011163154844592276 0.014318121813973444
707.3979267192772 8.189942622986266 0.011081138670256022 0.014187235320124295
717.0883092770819 8.222567288173963 0.010999910929902646 0.014058724736917069
726.7786918348866 8.254260213471031 0.010919486475479344 0.013932525808538047
736.4690743926913 8.285058612989515 0.010839877137871603 0.013808576581474507
746.159456950496 8.314997749787318 0.010761092074812887 0.013686817302011826
755.8498395083006 8.344111064412497 0.010683138078504637 0.013567190319176786
765.5402220661053 8.372430293156395 0.010606019848004517 0.013449639992791442
775.23060462391 8.39998557698993 0.010529740230742544 0.013334112606324935
784.9209871817147 8.426805562050601 0.010454300436933555 0.013220556284252814
794.6113697395194 8.452917492454434 0.010379700230149757 0.013108920913653137
804.3017522973241 8.478347296125099 0.010305938096887608 0.01299915806978729
813.9921348551288 8.50311966426031 0.010233011397594558 0.012891220945430461
823.6825174129335 8.527258124991956 0.010160916501306055 0.012785064283732458
833.3728999706218 8.550785111740007 0.010089648905771947 0.012680644314405437
843.0632825284265 8.573722026712389 0.010019203344711677 0.01257791869303984
852.7536650862312 8.59608929995298 0.009949573883653352 0.01247684644338864
862.4440476440359 8.617906444310508 0.009880754005606415 0.01237738790242771
872.1344302018406 8.639192106656287 0.009812736687696014 0.012279504668054712
881.8248127596453 8.659964115653512 0.009745514469736904 0.012183159549272692
891.51519531745 8.68023952635097 0.009679079515615703 0.012088316518722449
901.2055778752547 8.70003466184941 0.009613423668248952 0.011994940667435127
910.8959604330594 8.719365152266384 0.009548538498796675 0.011902998161684514
920.5863429908641 8.738245971205417 0.009484415350734274 0.011812456201826022
930.2767255486688 8.75669146991717 0.009421045379317938 0.011723282983016071
939.9671081064735 8.774715409324118 0.009358419586919735 0.011635447657712301
949.6574906642782 8.792330990065532 0.009296528854655945 0.011548920299860769
959.3478732220829 8.809550880706318 0.009235363970686564 0.011463671870682193
969.0382557798875 8.826387244241353 0.009174915655523131 0.011379674185974263
978.7286383376922 8.842851763015982 0.009115174584645974 0.011296899884852123
988.4190208954969 8.858955662173635 0.009056131408700338 0.01121532239985353
998.1094034533016 8.874709731732546 0.008997776771512672 0.011134915928339654
