-1007.7997860111063 11.174593253292404 -0.0074460340237071316 0.0017184669365915997
-998.1094034533016 11.175252024251112 -0.007502928825862621 0.001719748294649891
-988.4190208954969 11.175907191705132 -0.007500937565870613 0.0017148201656078871
-978.7286383376922 11.17655875849206 -0.00746642497555975 0.0017077586547457769
-969.0382557798875 11.177206728046626 -0.007432323886517056 0.001700767809138243
-959.3478732220829 11.177851104383036 -0.007398624174862292 0.001693846169689783
-949.6574906642782 11.178491892077627 -0.007365316131224537 0.0016869923310554697
-939.9671081064735 11.179129096251732 -0.007332390437394959 0.0016802049387599498
-930.2767255486688 11.17976272255486 -0.0072998381446033 0.0016734826865117019
-920.5863429908641 11.180392777148095 -0.007340834743472578 0.0016697598004910294
-910.8959604330594 11.181019266687796 -0.007308010293552725 0.0016631242399245984
-901.2055778752547 11.181642198309577 -0.007283554868325817 0.0016569643743170024
-891.51519531745 11.182261579612568 -0.0072513640980741605 0.0016504471606090768
-881.8248127596453 11.182877418643935 -0.007219534299818721 0.0016439903298378158
-872.1344302018406 11.183489723883744 -0.007188057298770109 0.0016375927736302618
-862.4440476440359 11.184098504230054 -0.007156925227403023 0.0016312534195549366
-852.7536650862312 11.18470376898435 -0.0071261305094443604 0.001624971229398344
-843.0632825284265 11.185305527837228 -0.007095665844899679 0.0016187451975476102
-833.3728999706218 11.185903790854397 -0.007065524196038768 0.0016125743494714813
-823.6825174129335 11.186498568462964 -0.007035698774268291 0.0016064577402926227
-813.9921348551288 11.18708987143803 -0.007006183027823235 0.0016003944534442435
-804.3017522973241 11.187677710889515 -0.00697697063022206 0.0015943835994061506
-794.6113697395194 11.188262098249357 -0.006948055469422933 0.0015884243145132516
-784.9209871817147 11.188843045258919 -0.006919431637635714 0.0015825157598325366
-775.23060462391 11.189420563956736 -0.006891093421740908 0.0015766571201034447
-765.5402220661053 11.189994666666527 -0.006907743946595666 0.0015708476027373745
-755.8498395083006 11.190565365985464 -0.006879355533921548 0.001565086436872388
-746.159456950496 11.191132674772756 -0.006851252834642768 0.0015593728724794457
-736.4690743926913 11.191696606138489 -0.006835408271278648 0.0015537061795167955
-726.7786918348866 11.192257173432722 -0.006807696783824404 0.001548085647129382
-717.0883092770819 11.192814390234888 -0.006792839492545162 0.0015428890844101336
-707.3979267192772 11.193368270343436 -0.0067651769245668176 0.0015373643733045054
-697.7075441614725 11.193918827765714 -0.006742593428360315 0.0015318730957542344
-688.0171616036678 11.194466076708178 -0.006715727517177038 0.00152642544852805
-678.3267790458631 11.195010031566758 -0.006689120835027992 0.0015210208007643887
-668.6363964880584 11.195550706917572 -0.00666276850489256 0.0015156585370563781
-658.9460139302537 11.196088117507822 -0.0066366658038398835 0.001510338056878944
-649.255631372449 11.196622278246936 -0.006623388780815726 0.0015050587740442207
-639.5652488147607 11.197153204197987 -0.0066094492035060695 0.0014998201161836374
-629.874866256956 11.19768091056933 -0.0065837423854368 0.0014946215242546983
-620.1844836991513 11.198205412706429 -0.006558276363902526 0.001489462452071918
-610.4941011413466 11.19872672608396 -0.006533046749495453 0.0014843423658592969
-600.8037185835419 11.199244866298125 -0.006508049288111072 0.001479260743823974
-591.1133360257372 11.199759849059175 -0.006483279854896279 0.0014742170757494936
-581.4229534679325 11.200271690184138 -0.006535049385463614 0.0014692108626076425
-571.7325709101278 11.20078040558978 -0.006509681396554934 0.0014642416161877918
-562.0421883523231 11.201286011285747 -0.006539473486140329 0.0014593088587427957
-552.3518057945184 11.201788523367934 -0.00651384410840789 0.0014544121226505158
-542.6614232367137 11.20228795801202 -0.006488469784715181 0.0014495509500901324
-532.971040678909 11.202784331467218 -0.006463345256977377 0.001444724892732436
-523.2806581211044 11.203277660050215 -0.006438465455455953 0.0014399335114433638
-513.5902755632997 11.203767960139269 -0.006458904408286268 0.0014351763760000638
-503.89989300549496 11.204255248168534 -0.0064338849139368645 0.0014304530648188447
-494.20951044769026 11.204739540622503 -0.006409112507890671 0.0014257631646943914
-484.51912788988557 11.205220854030685 -0.006384582124087894 0.0014211062705496574
-474.82874533208087 11.205699204962377 -0.006360288876540864 0.0014164819851959069
-465.1383627742762 11.206174610021693 -0.006425934529529423 0.001415893907148013
-455.4479802164715 11.206647085842665 -0.006400888730214885 0.001411279543877073
-445.7575976587832 11.207116649084549 -0.006376098758436184 0.0014066980871801304
-436.0672151009785 11.207583316427291 -0.006351559084238738 0.0014021491121694479
-426.3768325431738 11.208047104567113 -0.006429402453110412 0.0013976322037455794
-416.6864499853691 11.208508030212228 -0.006403959211748851 0.0013931469562181685
-406.9960674275644 11.208966110078782 -0.006378788110252613 0.0013886929729485954
-397.3056848697597 11.209421360886852 -0.006353882901710648 0.0013842698660125493
-387.615302311955 11.20987379935659 -0.006329237583008724 0.0013798772558811167
-377.9249197541503 11.210323442204542 -0.006304846381545312 0.00137551477111905
-368.2345371963456 11.210770306140045 -0.006280703742853927 0.0013711820480990164
-358.54415463854093 11.211214407861803 -0.006256804319058639 0.001366878730730714
-348.85377208073623 11.211655764054512 -0.006233142958096284 0.0013626044702038272
-339.16338952293154 11.212094391385687 -0.006209714693644965 0.0013583589247439108
-329.47300696512684 11.212530306502527 -0.0061865147357039315 0.0013541417593803287
-319.78262440732215 11.212963526028958 -0.006163538461774796 0.0013499526457254726
-310.09224184951745 11.213394066562723 -0.006140781408598518 0.0013457912617645376
-300.40185929171275 11.213821944672645 -0.0061182392644064726 0.001341657291655178
-290.71147673390806 11.214247176895936 -0.006095907861647599 0.0013375504255364423
-281.02109417610336 11.214669779735633 -0.0060737831701567924 0.0013334703593464062
-271.33071161829866 11.215089769658137 -0.006051861290732705 0.00132941679464799
-261.6403290606104 11.21550716309082 -0.006030138449095918 0.001325389438462509
-251.9499465028057 11.215921976419773 -0.00600861099019919 0.0013213880031102345
-242.259563945001 11.216334225987579 -0.005987275372868945 0.0013174122060582514
-232.5691813871963 11.216743928091235 -0.00596612816475021 0.0013134617697742681
-222.8787988293916 11.217151098980114 -0.005945166037537995 0.0013095364215867482
-213.1884162715869 11.217555754854036 -0.005924385762474351 0.0013056358935507226
-203.4980337137822 11.217957911861408 -0.005903784206093649 0.0013017599223190308
-193.8076511559775 11.218357586097444 -0.005876726387470217 0.0012983971571168449
-184.1172685981728 11.21875479360246 -0.005856563903187599 0.0012945628427319669
-174.42688604036812 11.21914955036024 -0.005836568823787581 0.001290752501804091
-164.73650348256342 11.219541872296478 -0.005816738456500073 0.0012869658809890436
-155.04612092475872 11.219931775277288 -0.005797070180635023 0.0012832027313466458
-145.35573836695403 11.220319275107773 -0.005777561444845849 0.0012794628082144805
-135.66535580914933 11.220704387530668 -0.005758209764523732 0.001275745871087275
-125.97497325134464 11.221087128225049 -0.005739012719315463 0.0012720516835015559
-116.28459069353994 11.221467512805091 -0.00571996795075798 0.001268380012925256
-106.59420813573524 11.221845556818883 -0.005701073160023167 0.0012647306306519668
-96.90382557793055 11.222221275747332 -0.0056823261057668455 0.0012611033116995726
-87.21344302012585 11.222594685003074 -0.0056637246020763395 0.0012574978347130086
-77.52306046243757 11.222965799929474 -0.005645266516511445 0.0012539139818709476
-67.83267790463287 11.22333463579969 -0.00562694976823251 0.0012503515387959454
-58.14229534682818 11.22370120781572 -0.005608772326214259 0.0012468102944684872
-48.45191278902348 11.224065531107584 -0.005590732207536462 0.0012432900411438815
-38.761530231218785 11.224427620732497 -0.0055728274757506704 0.001239790574272478
-29.07114767341409 11.224787491674103 -0.005555056239317753 0.0012363116924227894
-19.380765115609393 11.225145158841773 -0.005537416650112781 0.0012328531972074029
-9.690382557804696 11.225500637069905 -0.0055199069019938015 0.0012294148932115415
0.0 8.327052514140094 -0.06927323754760299 0.03585074295378006
9.690382557804696 8.650775959628232 -0.06838400274884644 0.035373897210686366
19.380765115609393 8.830606987403382 -0.06751841725677102 0.03490984395764173
29.07114767341409 8.963847136653552 -0.06667554010333084 0.03445807300200533
38.761530231218785 9.071645500130495 -0.06585447970733684 0.03401810094934907
48.45191278902348 9.16289264013678 -0.06982209270769073 0.035161514685710986
58.14229534682818 9.242318410149755 -0.06897743715027159 0.03472244371081717
67.83267790463287 9.312789770012012 -0.06815392354268655 0.034294437413455586
77.52306046243757 9.376197347187384 -0.06735075941832692 0.033877080818679836
87.21344302024227 9.433864195690997 -0.06656719153626524 0.033469979469814296
96.90382557804696 9.486758071783354 -0.06580250348165877 0.03307275817530443
106.59420813573524 9.535611555529231 -0.0650560134402698 0.03268505984632699
116.28459069353994 9.58099460001529 -0.06434026334865327 0.03230697700592567
125.97497325134464 9.62336065384393 -0.0636280725481978 0.03193731454416374
135.66535580914933 9.663077227918418 -0.0629322268049092 0.03157620213914067
145.35573836695403 9.700446865909276 -0.07279606244870236 0.031223345047073588
155.04612092475872 9.735721960557864 -0.07198796350595756 0.030878461934863103
164.73650348256342 9.769115491673288 -0.07119843834109484 0.030541284125636902
174.42688604036812 9.800808983674992 -0.07030119903408234 0.03021155489467031
184.1172685981728 9.830958519283852 -0.06954861965335747 0.02988902881180199
193.8076511559775 9.85969936304838 -0.06881272774212516 0.029573471126801077
203.4980337137822 9.887149569818819 -0.06809296608499932 0.029264657194447423
213.1884162715869 9.913412837822019 -0.06738880218738451 0.0289623719363627
222.8787988293916 9.938580789801888 -0.06669972691157548 0.028666409336880107
232.5691813871963 9.962734814512249 -0.06739749122525122 0.028376571970466728
242.259563945001 9.985947565883155 -0.0667185721361119 0.028092670558418055
251.9499465028057 10.00828419285538 -0.06605383852837894 0.027814523552730622
261.6403290606104 10.029803355592348 -0.06540284311445667 0.027541956745228077
271.3307116184151 10.050558071191196 -0.06476515738469223 0.027274802900170533
281.0210941762198 10.070596422602138 -0.06414037062487501 0.02701290140871723
290.7114767340245 10.0899621572508 -0.06352808899523786 0.02675609796374053
300.40185929171275 10.108695196220223 -0.06291795798255688 0.026504244253609418
310.09224184951745 10.126832070396604 -0.06232970296263805 0.026257197673645916
319.78262440732215 10.144406296451649 -0.06175286083574734 0.026014821054119036
329.47300696512684 10.161448702766634 -0.06118709727208648 0.025776982403624166
339.16338952293154 10.177987713236737 -0.06067164146660887 0.02554476243734577
348.85377208073623 10.194049595246797 -0.060126546239664964 0.025315606857875216
358.54415463854093 10.209658676865468 -0.05959161673407974 0.025090622427535975
368.2345371963456 10.224837583148455 -0.05906656655181553 0.02486969555920317
377.9249197541503 10.244855090834346 -0.058551120041234674 0.024652716760338023
387.615302311955 10.265583885238263 -0.05802490247698682 0.024439580450025117
397.3056848697597 10.285552368618665 -0.057528150647226835 0.024230184785736044
406.9960674275644 10.304810369751255 -0.057040227771008194 0.024024431499221306
416.6864499853691 10.323403144390216 -0.05656089672174047 0.023822225740974236
426.3768325431738 10.341371892511278 -0.056089928854828844 0.023623475932748623
436.0672151009785 10.358754200571626 -0.05562710362969543 0.02342809362764803
445.7575976587832 10.37558442314332 -0.05517220825193591 0.023235993377336818
455.4479802165879 10.391894015119892 -0.05472503733436483 0.023047092605953334
465.1383627743926 10.407711823151788 -0.05431897753892746 0.02286227647469447
474.8287453321973 10.423064342984384 -0.05388621125570419 0.022679524723755253
484.51912788988557 10.437975947872422 -0.05346060680997711 0.022499741141903506
494.20951044769026 10.452469092134125 -0.053041984907772545 0.022322853489243937
503.89989300549496 10.466564493090507 -0.0526301722383729 0.022148791856357503
513.5902755632997 10.480281294046062 -0.05222500122533121 0.0219774885709959
523.2806581211044 10.493637210520783 -0.051814485714109 0.021808878109234982
532.971040678909 10.506648661616408 -0.05142227767572911 0.021642897010828725
542.6614232367137 10.519330888140312 -0.05105104481975913 0.02147988476088129
552.3518057945184 10.53169805890759 -0.05067082289211703 0.021318974431801467
562.0421883523231 10.5437633664721 -0.05029648425754092 0.02116051482444822
571.7325709101278 10.55553911339523 -0.04992789110489326 0.021004449957370774
581.4229534679325 10.567036790038552 -0.04956490992782501 0.02085072554532813
591.1133360257372 10.578267144759296 -0.04920741135708183 0.02069928893547292
600.8037185835419 10.58924024729315 -0.04885527000062852 0.02055008904639632
610.4941011413466 10.59996554602495 -0.04850836429116717 0.02040307630988521
620.1844836991513 10.610451919773144 -0.04816657634065131 0.020258202615251988
629.874866256956 10.620707724647447 -0.047829791801422016 0.020115421256105128
639.5652488147607 10.630740836479713 -0.04749789973361577 0.019974686879436706
649.2556313725654 10.64055868927502 -0.04717079247851391 0.01983595543690996
658.9460139303701 10.650168310082913 -0.046848365537524174 0.01969918413823663
668.6363964880584 10.65957635064638 -0.04653051745650655 0.01956433140654201
678.3267790458631 10.668789116149492 -0.046217149715146566 0.01943135683560978
688.0171616036678 10.677812591348772 -0.045908166621174744 0.01930022114893846
697.7075441614725 10.68665246434759 -0.04560347520911303 0.019170886160489654
707.3979267192772 10.695314148242177 -0.045302985143376114 0.01904331473706982
717.0883092770819 10.703802800846692 -0.04500660862548901 0.01891747076225794
726.7786918348866 10.712123342682778 -0.04471426030522053 0.018793319101806715
736.4690743926913 10.720280473400221 -0.04442585719544073 0.018670825570447754
746.159456950496 10.728278686778554 -0.044141318590520714 0.018549956900034446
755.8498395083006 10.736122284444374 -0.04386056598810335 0.01843068070896032
765.5402220661053 10.743815388425627 -0.043583523014083005 0.018312965472793423
775.23060462391 10.751361952652049 -0.043310115350640964 0.018196780496070826
784.9209871817147 10.758765773500304 -0.04304027066719225 0.01808209588520014
794.6113697395194 10.766030499472432 -0.04277391855410633 0.01796888252241746
804.3017522973241 10.773159640087794 -0.04251099045907246 0.017857112040754238
813.9921348551288 10.780156574060758 -0.04225141962598684 0.017746756799967654
823.6825174129335 10.787024556829438 -0.041995141036245395 0.017637789863391404
833.3728999707382 10.793766727494441 -0.04174209135233193 0.017530184975666253
843.0632825285429 10.800386115221068 -0.04149220886359755 0.01742391654131144
852.7536650862312 10.80688564515304 -0.041245433434134934 0.01731895960410147
862.4440476440359 10.813268143881913 -0.04100170645263628 0.017215289827205688
872.1344302018406 10.819536344510608 -0.04076097078419005 0.01711288347407631
881.8248127596453 10.825692891348272 -0.040523170723872425 0.01701171739002799
891.51519531745 10.83174034426786 -0.04028825195209835 0.01691176898449794
901.2055778752547 10.837681182756201 -0.040056161491637265 0.01681301621395014
910.8959604330594 10.843517809683133 -0.03982684766622479 0.0167154375653979
920.5863429908641 10.849252554813846 -0.03960026006070096 0.01661901204051877
930.2767255486688 10.854887678086333 -0.039376349482609804 0.016523719140336988
939.9671081064735 10.860425372673829 -0.03915506792519783 0.01642953885045002
949.6574906642782 10.8658677678502 -0.038936368531752176 0.016336451626776927
959.3478732220829 10.871216931674729 -0.038720205561222194 0.016244438381806798
969.0382557798875 10.876474873511066 -0.03850653435507047 0.016153480471327312
978.7286383376922 10.881643546393857 -0.038295311305302414 0.01606355968161366
988.4190208954969 10.886724849255291 -0.038086493823625465 0.0159746582170595
998.1094034533016 10.891720629022696 -0.03788004031169172 0.015886758688232135
