-1007.7997860109899 9.755700614004391 -0.007927825212209964 0.0019528170547184625
-998.1094034531852 9.756192354814795 -0.007887912156814994 0.0019439973281209018
-988.4190208954969 9.75668828280263 -0.007848487588507157 0.0019352582202216847
-978.7286383376922 9.7571882586746 -0.007809538272470109 0.001926598602001431
-969.0382557798875 9.757692145486848 -0.007771051734216843 0.0019180173662531339
-959.3478732220829 9.75819980863401 -0.007733016188595052 0.0019095134270283574
-949.6574906642782 9.75871111583712 -0.007695420477406721 0.0019010857191019022
-939.9671081064735 9.759225937130434 -0.007658254014409695 0.0018927331974535916
-930.2767255486688 9.759744144847305 -0.007621506736670538 0.0018844548367665762
-920.5863429908641 9.760265613605052 -0.00758516906140037 0.001876249630941511
-910.8959604330594 9.76079022028895 -0.0075492318475397875 0.0018681165926259671
-901.2055778752547 9.761317844035368 -0.0075136863614703115 0.0018600547527584978
-891.51519531745 9.76184836621409 -0.007478524246322552 0.0018520631601267772
-881.8248127596453 9.762381670409907 -0.007443737494428516 0.0018441408809392727
-872.1344302018406 9.762917642403442 -0.007409318422530411 0.0018362869984099464
-862.4440476440359 9.763456170151363 -0.00737525964941279 0.0018285006123554767
-852.7536650862312 9.76399714376594 -0.007341554075670861 0.001820780838804551
-843.0632825284265 9.76454045549401 -0.007308194865366759 0.0018131268096187602
-833.3728999706218 9.765085999695454 -0.007275175429358588 0.0018055376721246884
-823.6825174128171 9.765633672821085 -0.007242489410115267 0.0017980125887567732
-813.9921348550124 9.766183373390156 -0.007210130667854199 0.0017905507367105536
-804.3017522973241 9.766735001967367 -0.007178093267859787 0.0017831513076060235
-794.6113697395194 9.767288461139577 -0.007146371468855868 0.001775813507160195
-784.9209871817147 9.76784365549202 -0.007114959712328286 0.0017685365548698688
-775.23060462391 9.768400491584334 -0.007083852612693802 0.0017613196837024966
-765.5402220661053 9.768958877926217 -0.0070530449482360215 0.0017541621397961715
-755.8498395083006 9.76951872495284 -0.007022531652731141 0.0017470631821679048
-746.159456950496 9.770079945000072 -0.006992307807697382 0.0017400220824299846
-736.4690743926913 9.770642452279423 -0.006962368635209154 0.0017330381245141545
-726.7786918348866 9.77120616285289 -0.006932709491223529 0.0017261106044033404
-717.0883092770819 9.771770994607609 -0.006903325859372305 0.001719238829870664
-707.3979267192772 9.772336867230418 -0.006874213345177956 0.0017124221202255282
-697.7075441614725 9.772903702182298 -0.006845367670656173 0.0017056598060664998
-688.0171616036678 9.773471422672749 -0.006816784669271617 0.0016989512290408037
-678.3267790458631 9.774039953634126 -0.006788460281216821 0.0016922957416101937
-668.6363964880584 9.774609221695941 -0.006760390548987393 0.001685692706822991
-658.9460139302537 9.775179155159142 -0.0067325716132291226 0.0016791414980921059
-649.255631372449 9.77574968397043 -0.0067049997088351855 0.0016726414989788408
-639.5652488146443 9.77632073969659 -0.006677671161273573 0.0016661921029822895
-629.8748662568396 9.776892255498872 -0.00665058238312692 0.0016597927133341684
-620.1844836991513 9.777464166107428 -0.006623729870828738 0.0016534427427989703
-610.4941011413466 9.778036407795893 -0.006597110201579437 0.0016471416134788337
-600.8037185835419 9.77860891835593 -0.006570720030433569 0.0016408887566241011
-591.1133360257372 9.779181637072044 -0.0065445560875396205 0.0016346836124479043
-581.4229534679325 9.779754504696397 -0.0065186151755260964 0.0016285256299457544
-571.7325709101278 9.780327463423848 -0.0064928941670218 0.0016224142667195635
-562.0421883523231 9.780900456867084 -0.006467390002301343 0.0016163489888060129
-552.3518057945184 9.781473430031951 -0.006442099687047392 0.0016103292705091595
-542.6614232367137 9.782046329292934 -0.006420658313395211 0.0016046756958176304
-532.971040678909 9.782619102368836 -0.00639569302065647 0.0015987372443927797
-523.2806581211044 9.783191698298653 -0.006370937695786418 0.0015928432425112635
-513.5902755632997 9.783764067417637 -0.0063463892373913505 0.0015869931650300756
-503.89989300549496 9.784336161333574 -0.006370698795623052 0.0015828256545532486
-494.20951044769026 9.784907932903304 -0.0063453121154496035 0.0015770200151064783
-484.51912788988557 9.78547933620942 -0.006320185440007664 0.0015712588718689675
-474.82874533208087 9.786050326537248 -0.006295311477462087 0.001565541586641212
-465.1383627742762 9.786620860352054 -0.006270683434677167 0.0015598675444309538
-455.4479802164715 9.787190895276447 -0.006267096097025674 0.0015548886183997996
-445.7575976586668 9.787760390068124 -0.006242401595167615 0.001549282373035231
-436.0672151009785 9.788329304597774 -0.006217962420249503 0.001543718502272948
-426.3768325431738 9.788897599827338 -0.0062090530475053885 0.0015387810583797146
-416.6864499853691 9.789465237788413 -0.006192126608162445 0.0015334891915701118
-406.9960674275644 9.790032181561052 -0.0061678531990176635 0.0015280295292671
-397.3056848697597 9.790598395252738 -0.00614383599139058 0.0015226108984452435
-387.615302311955 9.791163843977673 -0.006120067422994404 0.001517232704301296
-377.9249197541503 9.791728493836338 -0.006096540435943547 0.0015118943739392285
-368.2345371963456 9.792292311895325 -0.006073248426486716 0.001506595354570888
-358.54415463854093 9.79285526616744 -0.006050185200935553 0.0015013351119300454
-348.85377208073623 9.793417325592115 -0.006055894826384578 0.0014967301528752996
-339.16338952293154 9.79397846001606 -0.00603253874648879 0.0014915300801155982
-329.47300696512684 9.794538640174235 -0.006011719991261084 0.001486424168741451
-319.78262440732215 9.795097837671081 -0.0059887961410729 0.001481298268722787
-310.09224184951745 9.795656024962053 -0.005966109536567103 0.00147620946167954
-300.40185929171275 9.796213175335408 -0.00594365335238309 0.0014711572469872569
-290.71147673390806 9.796769262894312 -0.00592142119981156 0.0014661411402209306
-281.02109417610336 9.797324262539208 -0.005899407085061199 0.0014611606719645395
-271.33071161829866 9.79787814995046 -0.005877605372492223 0.001456215386752023
-261.64032906049397 9.79843090157129 -0.0058560107521258035 0.0014513048421219874
-251.9499465028057 9.798982494591012 -0.005834618210847828 0.0014464286077712173
-242.259563945001 9.799532906928516 -0.005813423006813476 0.0014415862647939378
-232.5691813871963 9.800082117216027 -0.005792420646638971 0.001436777404996869
-222.8787988293916 9.800630104783172 -0.005771606865019703 0.0014320016302796384
-213.1884162715869 9.801176849641301 -0.005750977606474616 0.0014272585520734835
-203.4980337137822 9.801722332468078 -0.0057305290089545635 0.00142254779083105
-193.8076511559775 9.802266534592361 -0.006227624664345981 0.0014178689755614342
-184.1172685981728 9.802809437979331 -0.006194316911895555 0.0014132217434053504
-174.42688604036812 9.803351025215894 -0.006161837003934297 0.0014086057392459805
-164.73650348256342 9.803891279496357 -0.006218269641902418 0.0014040206153516223
-155.04612092475872 9.804430184608362 -0.006185011125046114 0.0013994660310467717
-145.35573836695403 9.804967724919075 -0.006158851948176678 0.00139505699505049
-135.66535580914933 9.80550388536163 -0.006126569958277749 0.001390559534984927
-125.97497325134464 9.806038651421837 -0.006134363534601875 0.001386091779983407
-116.28459069353994 9.806572009125144 -0.006102924624105233 0.0013816534039348576
-106.59420813573524 9.807103945023831 -0.006072178899019254 0.0013772440875074142
-96.90382557793055 9.807634446184482 -0.006042089078990725 0.001372863517818626
-87.21344302012585 9.80816350017565 -0.00601262088948293 0.0013685113881358453
-77.52306046232115 9.808691095055838 -0.006178575935829471 0.0013641873976029842
-67.83267790463287 9.809217219361624 -0.006697980589694854 0.0013598912509904873
-58.14229534682818 9.809741862096125 -0.00665131703533707 0.0013556226584654411
-48.45191278902348 9.810265012717588 -0.006606098949613157 0.001351381335380266
-38.761530231218785 9.810786661128299 -0.006562235166190464 0.0013471670020769205
-29.07114767341409 9.81130679766365 -0.0065196425811333055 0.0013429793837056645
-19.380765115609393 9.811825413081488 -0.006478245263504728 0.001338818210056554
-9.690382557804696 9.812342498551637 -0.01700821605996482 0.0013346832154024061
0.0 9.81285804564565 -0.01669415602945307 0.0013305741383520878
9.690382557804696 7.017672913855582 -0.011297711808923031 0.03509555903118022
19.380765115609393 7.150713435168509 -0.011142449914238878 0.03422978866473261
29.07114767341409 7.250934255488928 -0.010993584620773492 0.0334069271708097
38.761530231218785 7.33340731669587 -0.010850695265304949 0.03262385081823026
48.45191278902348 7.404344573246931 -0.01071339777555831 0.03187773202651952
58.14229534682818 7.467023637019681 -0.011595434535211023 0.031421474066451315
67.83267790463287 7.523423492018549 -0.011442032278730075 0.030735189193151914
77.52306046243757 7.5748469447873275 -0.011294578603538 0.03007916979683847
87.21344302024227 7.622205226719605 -0.011152703370418472 0.02945144843993732
96.90382557804696 7.666164993176438 -0.011016067177584937 0.028850224722404814
106.59420813585166 7.707231212573736 -0.010915818737265656 0.028274567111337877
116.28459069365636 7.745797120537493 -0.010787948091356732 0.027721502595649806
125.97497325134464 7.78217594277186 -0.010664492840863904 0.02719037433378122
135.66535580914933 7.8166219111280535 -0.010545205628033329 0.02667989615924953
145.35573836695403 7.849344682004103 -0.010534566863905774 0.026198188943520304
155.04612092475872 7.88051952350311 -0.010420250026782773 0.025725298296077653
164.73650348256342 7.910294695876522 -0.010309599194727261 0.025269767366416788
174.42688604036812 7.938796915613754 -0.010202421703954197 0.0248306521623327
184.1172685981728 7.9661354779217595 -0.010098538548230762 0.024407075988762444
193.8076511559775 7.992405419157788 -0.009997783171216008 0.02399822355355519
203.4980337137822 8.017689978842746 -0.009900000386448527 0.023603335682256466
213.1884162715869 8.04206254180505 -0.0098050454092968 0.023221704569712277
222.8787988293916 8.065588188475832 -0.00971278298738313 0.02285266950592082
232.5691813871963 8.088324945706196 -0.009623086617843547 0.022495613021760973
242.259563945001 8.11032480581169 -0.00953583784135205 0.02214995740723824
251.9499465028057 8.131634564183118 -0.009450925604167411 0.021815161560898785
261.6403290606104 8.152296513381106 -0.009368245680593771 0.02149071813422732
271.3307116184151 8.172349022617233 -0.00928770014921445 0.02117615093929472
281.0210941762198 8.191827024895135 -0.009209196917088804 0.020871012591764625
290.7114767340245 8.210762429149911 -0.009132649286815824 0.02057488236469627
300.40185929182917 8.22918447100876 -0.009057975561983934 0.020287364231467493
310.09224184951745 8.247120012969003 -0.008985098687059682 0.020008085078656798
319.78262440732215 8.264593802620011 -0.008913945918223561 0.01973669307188764
329.47300696512684 8.28162869584813 -0.008844448522080611 0.01947285615962023
339.16338952293154 8.298245850655725 -0.008776541499492427 0.019216260701430003
348.85377208073623 8.314464896181683 -0.008710163332113057 0.018966610208897453
358.54415463854093 8.330304080692743 -0.008645255749459964 0.018723624188449826
368.2345371963456 8.345780401656246 -0.008581763514591586 0.018487037076653594
377.9249197541503 8.360909720476451 -0.008502624573894469 0.0182565972594522
387.615302311955 8.375706864048801 -0.008442251320524665 0.018032066167726575
397.3056848697597 8.390185714938267 -0.008383121533582042 0.01781321744233693
406.9960674275644 8.404359291702859 -0.008325191950856431 0.01759983616249633
416.6864499853691 8.418239820649138 -0.008268421335616253 0.017391718131940997
426.3768325431738 8.431838800112553 -0.008212770362387796 0.017188669217908355
436.0672151009785 8.445167058194711 -0.008158201509801606 0.016990504738420082
445.7575976587832 8.458234804755255 -0.008104678960102172 0.016797048893800914
455.4479802165879 8.477465868962977 -0.008052168504922437 0.016608134238751217
465.1383627743926 8.502094121351522 -0.008000637456935947 0.016423601191637376
474.8287453321973 8.525833883051273 -0.00795005456701429 0.016243297577974235
484.519127890002 8.548744515489403 -0.007900389946534766 0.01606707820535158
494.20951044769026 8.570879578090107 -0.007851614994502395 0.01589480446730834
503.89989300549496 8.59228756657967 -0.007803702329165286 0.015726343973868226
513.5902755632997 8.61301253596959 -0.00775662572383372 0.015561570206695565
523.2806581211044 8.633094629479215 -0.007710360046611741 0.015400362196939821
532.971040678909 8.652570530158755 -0.007664881203788406 0.015242604224074054
542.6614232367137 8.671473848548947 -0.0076201660866412006 0.015088185534137143
552.3518057945184 8.68983545706783 -0.007576192521424535 0.01493700007593839
562.0421883523231 8.707683779759899 -0.007532939222331429 0.014788946253902447
571.7325709101278 8.725045044432166 -0.007631469930022432 0.014650509022180493
581.4229534679325 8.74194350292966 -0.007585922911361614 0.014508258965007407
591.1133360257372 8.758401624291386 -0.007541223666016993 0.014368868943921238
600.8037185835419 8.774440264717388 -0.007497340197066479 0.014232252360719035
610.4941011413466 8.79007881762439 -0.007454242536089776 0.014098326109937283
620.1844836991513 8.80533534653723 -0.0075213916975613365 0.013971499812177135
629.874866256956 8.8202267031303 -0.007476969673582204 0.013842602654410206
639.5652488147607 8.83476863237737 -0.007433394880317452 0.013716171533207248
649.2556313725654 8.848975866474085 -0.007390633442887871 0.013592135226736064
658.9460139303701 8.862862208952983 -0.007348653751857887 0.013470425263506985
668.6363964881748 8.87644061020662 -0.0073074262460376075 0.013350975788019461
678.3267790458631 8.889723235462792 -0.007266923221932603 0.013233723434560767
688.0171616036678 8.902721526112357 -0.007233304786552419 0.0131187265309204
697.7075441614725 8.915446255164325 -0.00719401451765723 0.013005684616538725
707.3979267192772 8.92790757750456 -0.007155383222044452 0.012894663668435011
717.0883092770819 8.94011507554003 -0.007296786697153818 0.012794869085352423
726.7786918348866 8.952077800738131 -0.007254790934244402 0.01268749012730431
736.4690743926913 8.963804311504624 -0.00721362234114018 0.012581986278169439
746.159456950496 8.975302707787902 -0.007165389165255354 0.012478307748830974
755.8498395083006 8.986580662749438 -0.007125969529599176 0.01237640654498983
765.5402220661053 8.997645451798775 -0.007087266929948587 0.012276236382464235
775.23060462391 9.00850397925572 -0.007049253213162492 0.012177752607802541
784.9209871817147 9.019162802871346 -0.007011902066779538 0.012080912123747881
794.6113697395194 9.029628156412748 -0.00697518884996153 0.01198567331914902
804.3017522973241 9.039905970493091 -0.007222319552598733 0.011910446138390648
813.9921348551288 9.050001891808273 -0.007179574741720611 0.011817819882156695
823.6825174129335 9.059921300923927 -0.007137763421417992 0.011726702254687891
833.3728999707382 9.069669328740982 -0.007096839974583462 0.011637055250602003
843.0632825285429 9.079250871754631 -0.00705676235627478 0.011548842218445715
852.7536650863476 9.088670606209641 -0.007017491719395976 0.011462027792078602
862.4440476441523 9.097933001244591 -0.0069789920882957985 0.011376577827224843
872.1344302018406 9.107042331108383 -0.006937954386897986 0.011292459342622758
881.8248127596453 9.116002686524995 -0.006900982134617853 0.011209640465279442
891.51519531745 9.12481798527303 -0.006864683380952697 0.011128090379427951
901.2055778752547 9.133491982044095 -0.006829031403150871 0.011047779278806298
910.8959604330594 9.142028277634557 -0.006813255000782955 0.010969034306459508
920.5863429908641 9.150430327522441 -0.006778327868058016 0.010891106417921502
930.2767255486688 9.158701449876025 -0.006744001904243111 0.01081433417864167
939.9671081064735 9.16684483303674 -0.006710254595348732 0.010738691365991088
949.6574906642782 9.174863542515267 -0.006677064807445939 0.010664152571783877
959.3478732220829 9.182760527536633 -0.006639042625237208 0.0105906931688055
969.0382557798875 9.190538627166939 -0.006607048122745196 0.010518289279187408
978.7286383376922 9.19820057605185 -0.006575547928109725 0.010446917744487253
988.4190208954969 9.205749009794514 -0.006544525890563666 0.01037655609734864
998.1094034533016 9.21318646999835 -0.006513966715496677 0.010307182534626909
