-1007.7997860111063 11.307483656493439 -0.00022583851213568284 3.4955832041045905e-08
-998.1094034533016 11.307483656493439 -0.00022465162064190498 3.4761628710559215e-08
-988.4190208954969 11.307483656493439 -0.00022347766523211714 3.456961627672011e-08
-978.7286383376922 11.307483656493439 -0.00022231642923915533 3.4379757413049885e-08
-969.0382557798875 11.307483656493439 -0.00022116770092328825 3.419201564248801e-08
-959.3478732220829 11.307483656493439 -0.00022003127333003358 3.4006355312970506e-08
-949.6574906642782 11.307483656493439 -0.00021890694415296376 3.3822741574417734e-08
-939.9671081064735 11.307483656493439 -0.00021779451560129 3.364114035595261e-08
-930.2767255486688 11.307483656493439 -0.0002166937942720323 3.346151834413523e-08
-920.5863429908641 11.307483656493439 -0.00021560459102658514 3.3283842962607e-08
-910.8959604330594 11.307483656493439 -0.0002145267208715019 3.310808235052853e-08
-901.2055778752547 11.307483656493439 -0.00021346000284332855 3.293420534409403e-08
-891.51519531745 11.307483656493439 -0.0002139406090218163 3.276218145693431e-08
-881.8248127596453 11.307483656493439 -0.00021669309849571574 3.259198086159052e-08
-872.1344302018406 11.307483656493439 -0.0002155868647176988 3.242357437230239e-08
-862.4440476440359 11.307483656493439 -0.00021449301134013224 3.2256933427254474e-08
-852.7536650862312 11.307483656493439 -0.00021341130055512896 3.209203007215045e-08
-843.0632825284265 11.307483656493439 -0.0002123415018791039 3.192883694382812e-08
-833.3728999707382 11.307483656493439 -0.0002112833918117409 3.176732725522968e-08
-823.6825174129335 11.307483656493439 -0.00021023675351679267 3.160747477950457e-08
-813.9921348551288 11.307483656493439 -0.0002092013765231372 3.1449253835941974e-08
-804.3017522973241 11.307483656493439 -0.00020817705644423593 3.1292639275442517e-08
-794.6113697395194 11.307483656493439 -0.00020716359471473707 3.113760646708769e-08
-784.9209871817147 11.307483656493439 -0.0002061607983428307 3.098413128439759e-08
-775.23060462391 11.307483656493439 -0.00020516847967717375 3.083219009265934e-08
-765.5402220661053 11.307483656493439 -0.00020418645618729654 3.068175973651292e-08
-755.8498395083006 11.307483656493439 -0.00020321455025650026 3.053281752768617e-08
-746.159456950496 11.307483656493439 -0.00020225258898633988 3.0385341233027906e-08
-736.4690743926913 11.307483656493439 -0.00020130040401186708 3.023930906347614e-08
-726.7786918348866 11.307483656493439 -0.00020035783132687525 3.0094699662673976e-08
-717.0883092770819 11.307483656493439 -0.00019942471111845635 2.99514920964935e-08
-707.3979267192772 11.307483656493439 -0.00019850088761023276 2.980966584228864e-08
-697.7075441614725 11.307483656493439 -0.00019758620891368093 2.966920077913731e-08
-688.0171616036678 11.307483656493439 -0.0001966805268870122 2.953007717773127e-08
-678.3267790458631 11.307483656493439 -0.00019578369700111532 2.9392275690943537e-08
-668.6363964880584 11.307483656493439 -0.00019489557821210843 2.9255777344626226e-08
-658.9460139302537 11.307483656493439 -0.0001940160328400787 2.9120563528733652e-08
-649.2556313725654 11.307483656493439 -0.0001931449264536353 2.898661598830989e-08
-639.5652488147607 11.307483656493439 -0.0001922821277598535 2.8853916815181082e-08
-629.874866256956 11.307483656493439 -0.00019142750849943663 2.872244843967484e-08
-620.1844836991513 11.307483656493439 -0.00019058094334657914 2.8592193622773332e-08
-610.4941011413466 11.307483656493439 -0.00018974230981340408 2.846313544813085e-08
-600.8037185835419 11.307483656493439 -0.00018891148815864848 2.8335257314674117e-08
-591.1133360257372 11.307483656493439 -0.00018808836130036063 2.8208542929161967e-08
-581.4229534679325 11.307483656493439 -0.00018727281473238317 2.8082976299083806e-08
-571.7325709101278 11.307483656493439 -0.00018646473644440812 2.7958541725707172e-08
-562.0421883523231 11.307483656493439 -0.00018566401684540744 2.7835223797423444e-08
-552.3518057945184 11.307483656493439 -0.00018487054869025446 2.7713007383025788e-08
-542.6614232367137 11.307483656493439 -0.00018408422700936386 2.759187762551565e-08
-532.971040678909 11.307483656493439 -0.00018330494904118978 2.747181993570597e-08
-523.2806581211044 11.307483656493439 -0.00018253261416743268 2.735281998632582e-08
-513.5902755632997 11.307483656493439 -0.00018176712385081304 2.723486370607086e-08
-503.89989300549496 11.307483656493439 -0.0001810083815752819 2.7117937273857056e-08
-494.20951044769026 11.307483656493439 -0.00018025629278854339 2.7002027113386118e-08
-484.51912788988557 11.307483656493439 -0.00017951076484677556 2.688711988765673e-08
-474.82874533208087 11.307483656493439 -0.00017877170696143925 2.6773202493584193e-08
-465.1383627743926 11.307483656493439 -0.0001780390301480829 2.666026205708086e-08
-455.4479802165879 11.307483656493439 -0.00017731264717699472 2.6548285927770654e-08
-445.7575976587832 11.307483656493439 -0.00017659247252574362 2.6437261674530275e-08
-436.0672151009785 11.307483656493439 -0.00017587842233334896 2.6327177080271488e-08
-426.3768325431738 11.307483656493439 -0.00017517041435612934 2.621802013776694e-08
-416.6864499853691 11.307483656493439 -0.00017446836792510593 2.6109779044784808e-08
-406.9960674275644 11.307483656493439 -0.00017377220390489383 2.6002442199928163e-08
-397.3056848697597 11.307483656493439 -0.00017308184465401758 2.5895998198365933e-08
-387.615302311955 11.307483656493439 -0.00017694463154562873 1.1002481242516947e-07
-377.9249197541503 11.307483656493439 -0.00017620370912307045 1.087714175230061e-07
-368.2345371963456 11.307483656493439 -0.00017547003211359805 1.0754979059299317e-07
-358.54415463854093 11.307483656493439 -0.00017474346224363697 1.0635869006328969e-07
-348.85377208073623 11.307483656493439 -0.00022545752340598905 1.0519693904319813e-07
-339.16338952293154 11.307483656493439 -0.00022404852002589568 1.0406342114947396e-07
-329.47300696512684 11.307483656493439 -0.00022266483505732247 1.029570766509976e-07
-319.78262440732215 11.307483656493439 -0.000221305612504485 1.0187689890543553e-07
-310.09224184951745 11.307483656493439 -0.0002199700384968068 1.0082193106161232e-07
-300.40185929171275 11.307483656493439 -0.0002492474773387427 9.979126300558412e-08
-290.71147673390806 11.307483656493439 -0.00024753944388570116 9.878402852786235e-08
-281.0210941762198 11.307483656493439 -0.0002458640858156534 9.779940269666288e-08
-271.3307116184151 11.307483656493439 -0.00026694841615469895 1.278168343164858e-06
-261.6403290606104 11.307483656493439 -0.0002873578462845444 1.2611403433361958e-06
-251.9499465028057 11.307483656493439 -0.00028517396575644357 1.2445649115282311e-06
-242.259563945001 11.307483656493439 -0.00028303448160752116 1.2284241769586359e-06
-232.5691813871963 11.307483656493439 -0.0002809378514258924 1.212701198963017e-06
-222.8787988293916 11.307483656493439 -0.0002788826071692779 1.1973799072082674e-06
-213.1884162715869 11.307483656493439 -0.00027686735065463047 1.1824450464610587e-06
-203.4980337137822 11.307483656493439 -0.00027489074937443465 1.1678821255111163e-06
-193.8076511559775 11.307483656493439 -0.0009297998367427983 1.1536773698926872e-06
-184.1172685981728 11.307483656493439 -0.0009189799251330421 1.1398176780707235e-06
-174.42688604036812 11.307483656493439 -0.0009250619143808802 1.1262905808128186e-06
-164.73650348256342 11.307483656493439 -0.0009145545508985116 1.113084203461167e-06
-155.04612092475872 11.307483656493439 -0.0009043064336348534 1.1001872308833983e-06
-145.35573836695403 11.307483656493439 -0.0008943078012308678 1.087588874870143e-06
-135.66535580914933 11.307483656493439 -0.000884549381057308 1.0752788437927001e-06
-125.97497325134464 11.307483656493439 -0.0008750223588877234 1.063247314329023e-06
-116.28459069353994 11.307483656493439 -0.0008657183508066081 1.0514849051036876e-06
-106.59420813573524 11.307483656493439 -0.000856629377162574 1.0399826520918188e-06
-96.90382557804696 11.307483656493439 -0.0008477478383948128 1.028731985642595e-06
-87.21344302024227 11.307483656493439 -0.0008390664925767023 1.0177247090098986e-06
-77.52306046243757 11.307483656493439 -0.0008305784345372248 1.006952978271054e-06
-67.83267790463287 11.307483656493439 -0.0008222770764302319 9.964092835270004e-07
-58.14229534682818 11.307483656493439 -0.0008141561296370291 9.860864312951658e-07
-48.45191278902348 11.307483656493439 -0.0008062095878960465 9.759775280041906e-07
-38.761530231218785 11.307483656493439 -0.0008093259891552718 9.660759645111543e-07
-29.07114767341409 11.307483656493439 -0.0008015638628469242 9.56375401571776e-07
-19.380765115609393 11.307483656493439 -0.0007939636015701218 9.46869756186134e-07
-9.690382557804696 11.307483656493439 -0.0007898758159013214 9.37553188774317e-07
0.0 11.307483656493439 -0.0007825381805108801 9.284200911065292e-07
9.690382557804696 2.8235374543598812 -0.0007341755315836597 0.06854197139417617
19.380765115609393 3.627736501258462 -0.000727616937460527 0.06761198226874195
29.07114767341409 4.1878072405826785 -0.0007224326077688501 0.06670689074094673
38.761530231218785 4.632993014598449 -0.0007161753263114159 0.06582571125769358
48.45191278902348 5.007114466310581 -0.000710035562414071 0.06496750855726316
58.14229534682818 5.331519457492633 -0.0007040099406167073 0.06413139552424924
67.83267790463287 5.618567139326032 -0.0006980952140822541 0.06331653013076993
77.52306046243757 5.876198436404835 -0.0006951440710905914 0.06252211260794716
87.21344302012585 6.109887488542076 -0.0006916625120264608 0.0617473828276898
96.90382557793055 6.323604962675716 -0.0006859939951601357 0.060991617876708364
106.59420813573524 6.520344213692771 -0.0006804263646086106 0.06025412980662461
116.28459069353994 6.70243109043554 -0.0006749568615553099 0.05953426354527165
125.97497325134464 6.871717281806335 -0.0006695828278701979 0.058831394955995084
135.66535580914933 7.029706728854048 -0.0006643017015523589 0.058144929032814596
145.35573836695403 7.1776414852758545 -0.0006722262298854473 0.057474298220485505
155.04612092475872 7.31656192050437 -0.0006669443961958718 0.05681896084949137
164.73650348256342 7.447350087454671 -0.0006678673065410612 0.05617839967689747
174.42688604036812 7.570761695957824 -0.0006626812794244626 0.055552120524804655
184.1172685981728 7.687450165560826 -0.0006575833249539421 0.05493965100887044
193.8076511559775 7.7979850426153625 -0.0006525711137126224 0.05434053935002278
203.4980337137822 7.902866324389913 -0.0006476424000339753 0.05375435326308406
213.1884162715869 8.0025357560896 -0.0006480266770073503 0.05318067891656002
222.8787988293916 8.097385852435748 -0.0006431872050094342 0.0526191199583331
232.5691813871963 8.187767183661347 -0.0006384268779274969 0.05206929660243996
242.259563945001 8.273994320110116 -0.0006337436725035577 0.05153084477251117
251.9499465028057 8.356350727594648 -0.0006291356361096172 0.051003415297813645
261.6403290606104 8.43509283301009 -0.0010089007192707847 0.050486673158165
271.3307116184151 8.510453427172195 -0.0009992416554110845 0.04998029677428867
281.02109417610336 8.582644533346718 -0.0009897909165350774 0.04948397734045697
290.71147673390806 8.65185984136318 -0.0009805413282588742 0.04899741819647637
300.40185929171275 8.718276785723537 -0.000976927349769063 0.04852033423642052
310.09224184951745 8.782058329850914 -0.0009679859183167095 0.04805245135151527
319.78262440732215 8.843354506096848 -0.0009592280633138077 0.047593505904978246
329.47300696512684 8.90230375147131 -0.0009506477778166308 0.04714324423666278
339.16338952293154 8.959034071501389 -0.0009422393260322563 0.046701422195556265
348.85377208073623 9.013664058680188 -0.000933997227731493 0.046267804698323034
358.54415463854093 9.066303787251961 -0.0009259162437462127 0.045842165312214196
368.2345371963456 9.117055602311794 -0.0009179913624629288 0.04542428586078973
377.9249197541503 9.167494954952325 -0.0009102177872325792 0.0450139560510104
387.615302311955 9.235448430936904 -0.0009025909246240013 0.04461097312036018
397.3056848697597 9.300064196020537 -0.0008951063734547363 0.04421514150275521
406.9960674275644 9.36157022375131 -0.0008877599145392415 0.043826272512082605
416.6864499853691 9.42017403722898 -0.0008805475010994349 0.043444184042293214
426.3768325431738 9.476065024036942 -0.0008734652497875451 0.04306870028304688
436.0672151009785 9.52941643156785 -0.0008665094322755586 0.042699651449977186
445.7575976587832 9.580387094933444 -0.0008596764673693259 0.042336873528706465
455.4479802165879 9.629122939836652 -0.0008529629136089985 0.0419802080317999
465.1383627742762 9.67575829504799 -0.0008463654623208145 0.04162950176790648
474.82874533208087 9.72041704298762 -0.0008398809310874656 0.04128460662235504
484.51912788988557 9.763213631986991 -0.0008335062576085995 0.040945379348608354
494.20951044769026 9.804253969864316 -0.0008272384939227865 0.04061168136987392
503.89989300549496 9.84363621521957 -0.0008210748009669364 0.040283378590357834
513.5902755632997 9.881451480250142 -0.0008150124434497657 0.03996034121559596
523.2806581211044 9.917784456739055 -0.0008090487850180558 0.03964244358136122
532.971040678909 9.952713975099831 -0.000802652879902688 0.03932957553734239
542.6614232367137 9.986313504897074 -0.0007968863082822945 0.03902159594726413
552.3518057945184 10.018651604042256 -0.0007912108810831717 0.038718402298679934
562.0421883523231 10.049792322844402 -0.0007856243223484972 0.038419883892757994
571.7325709101278 10.079795568238863 -0.0007801244342378677 0.03812593341850126
581.4229534679325 10.108717432795181 -0.000774709093613442 0.03783644682412933
591.1133360257372 10.13661049249353 -0.0007693762488070115 0.037551323194275975
600.8037185835419 10.16352407673977 -0.0007641239165567218 0.037270464632697335
610.4941011413466 10.189504513645991 -0.0007589501791030897 0.036993776150204855
620.1844836991513 10.2145953532244 -0.0007538531814345465 0.03672116555755303
629.874866256956 10.238837570816917 -0.0007488311286734841 0.03645254336302859
639.5652488147607 10.262269752802663 -0.0007438822835944307 0.036187822674502
649.255631372449 10.284928266383199 -0.0007390049642665352 0.035926919105719005
658.9460139302537 10.306847415037637 -0.0007341975418127307 0.0356697506866016
668.6363964880584 10.32805958105207 -0.0007294584382796655 0.03541623777740464
678.3267790458631 10.348595356378626 -0.0007247861246108578 0.0351663029864768
688.0171616036678 10.368483662931698 -0.0007201791187179846 0.03491987109149454
697.7075441614725 10.387751863313355 -0.0007156359836444739 0.0346768689639818
707.3979267192772 10.40642586285199 -0.0007111553258162096 0.03443722549695932
717.0883092770819 10.424530203745023 -0.0007067357933745257 0.03420087153557367
726.7786918348866 10.442088152014307 -0.0007460405331078812 0.033967739810563134
736.4690743926913 10.459121777910237 -0.0007411423015929924 0.03373776487442671
746.159456950496 10.475652030336363 -0.000736317482217434 0.033510883040168436
755.8498395083006 10.491698805809321 -0.000731564231647098 0.033287032322496926
765.5402220661053 10.507281012418437 -0.000726880774804414 0.03306615238136589
775.23060462391 10.52241662920433 -0.0007760335903085443 0.0328481844677479
784.9209871817147 10.537122761335807 -0.0007707545887243078 0.032633071371538515
794.6113697395194 10.551415691428598 -0.0007655599917433054 0.03242075737149437
804.3017522973241 10.565310927317467 -0.0007604474892801498 0.03221118818711274
813.9921348551288 10.578823246564685 -0.0007554148648081078 0.03200431093236536
823.6825174129335 10.59196673796209 -0.0007504599902607822 0.03180007407120397
833.3728999706218 10.604754840260838 -0.0007455808212828211 0.031598427374760873
843.0632825284265 10.617200378343231 -0.0023403906598479327 0.03139932188015584
852.7536650862312 10.62931559702913 -0.002313882768352369 0.031202709850874387
862.4440476440359 10.641112192698023 -0.002288029741372367 0.031008544738601596
872.1344302018406 10.652601342887149 -0.002303287312481567 0.03081678114648403
881.8248127596453 10.66379373401568 -0.002278120203108595 0.03062737479374406
891.51519531745 10.674699587371316 -0.0022535514661676612 0.03044028248159113
901.2055778752547 10.6853286834846 -0.0022243717028323086 0.030255646663613585
910.8959604330594 10.695690385005985 -0.0022010048963816862 0.03007305450827293
920.5863429908641 10.7057936581914 -0.0021781718317340757 0.02989265303292934
930.2767255486688 10.715647093093596 -0.0021558536567299644 0.029714403047297572
939.9671081064735 10.725258922548836 -0.0021340324138765195 0.029538266290387163
949.6574906642782 10.734637040041507 -0.002112690987399649 0.029364205403117467
959.3478732220829 10.743789016522806 -0.0021245287546682802 0.029192183901895586
969.0382557798875 10.752722116253791 -0.002103655751033643 0.02902216615311799
978.7286383376922 10.761443311737786 -0.0020832276277552384 0.0288541173485582
988.4190208954969 10.769959297802178 -0.0020632297086087756 0.028688003481604975
998.1094034533016 10.778276504885227 -0.0020436479690423576 0.028523791324316764
