-1007.7997860109899 8.981853994002424 -0.004081104740434702 0.0002942916344982577
-998.1094034531852 8.981853795681287 -0.004064057892715095 0.0002932355665593161
-988.4190208953805 8.98185357876484 -0.004047154765784871 0.0002921870695123026
-978.7286383376922 8.981853341895967 -0.004030393527539412 0.0002911460620290367
-969.0382557798875 8.981853083651515 -0.004013772377222115 0.00029011246394503607
-959.3478732220829 8.981852802541344 -0.00399728954475151 0.0002890861962387967
-949.6574906642782 8.981852497007516 -0.003980943290063827 0.00028806718101138994
-939.9671081064735 8.98185216542357 -0.003964731902473517 0.00028705534146656014
-930.2767255486688 8.98185180609395 -0.003948653700049981 0.0002860506018912324
-920.5863429908641 8.981851417253539 -0.003932707029010237 0.00028505288763643153
-910.8959604330594 8.981850997067317 -0.003916890263127047 0.00028406212509860597
-901.2055778752547 8.981850543630168 -0.003901201803152023 0.0002830782417013455
-891.51519531745 8.981850054966788 -0.0038856400762532993 0.00028210116587747917
-881.8248127596453 8.981849529031733 -0.004271854378494537 0.00037207714776694084
-872.1344302018406 8.981848963709599 -0.004253574619459734 0.0003704416812375635
-862.4440476440359 8.981848356815282 -0.004235460537767059 0.0003688226654144411
-852.7536650862312 8.981847706094412 -0.004217509710759016 0.0003672198174532298
-843.0632825284265 8.981847009223845 -0.004199719767051852 0.00036563286165373216
-833.3728999706218 8.98184626381228 -0.004182088385066706 0.00036406152922101407
-823.6825174128171 8.981845467400985 -0.004164613291614725 0.00036250555803637476
-813.9921348550124 8.981844617464594 -0.0041472922605336705 0.00036096469243770046
-804.3017522972077 8.981843711411988 -0.004130123111373779 0.000359438683008745
-794.6113697395194 8.981842746587263 -0.004113103708130854 0.0003579272863769172
-784.9209871817147 8.981841720270769 -0.004096231958023326 0.0003564302650190827
-775.23060462391 8.981840629680212 -0.004079505810314406 0.00035494738707524766
-765.5402220661053 8.981839471971808 -0.0040629232551733455 0.00035347842616941557
-755.8498395083006 8.981838244241516 -0.004046482322577156 0.00035202316123754044
-746.159456950496 8.981836943526291 -0.004030181081249853 0.00035058137636214364
-736.4690743926913 8.981835566805405 -0.004014017637637876 0.00034915286061330554
-726.7786918348866 8.981834111001787 -0.003997990134920127 0.00034773740789574364
-717.0883092770819 8.981832572983402 -0.003982096752051254 0.0003463348168017012
-707.3979267192772 8.981830949564634 -0.003966335702836751 0.0003449448904693835
-697.7075441614725 8.981829237507688 -0.003950705235038631 0.0003435674364466901
-688.0171616036678 8.981827433523977 -0.003935203629510396 0.0003422022665600232
-678.3267790458631 8.981825534275512 -0.003919829199360156 0.00034084919678792726
-668.6363964880584 8.981823536376263 -0.003904580289140746 0.00033950804713936866
-658.9460139302537 8.981821436393515 -0.0038894552740658126 0.0003381786415364385
-649.255631372449 8.981819230849156 -0.003874452559250812 0.0003368608077012997
-639.5652488146443 8.98181691622099 -0.0038595705789779672 0.0003355543770471846
-629.8748662568396 8.98181448894398 -0.003844807795984272 0.0003342591845732849
-620.1844836990349 8.981811945411486 -0.003830162700771622 0.00033297506876335536
-610.4941011413466 8.98180928197647 -0.0038156338109384376 0.0003317018714878991
-600.8037185835419 8.981806494952684 -0.003801219670530915 0.00033043943790969193
-591.1133360257372 8.981803580615823 -0.0037869188494157376 0.0003291876163927338
-581.4229534679325 8.98180053520469 -0.00377272994267005 0.0003279462584141831
-571.7325709101278 8.981797354922325 -0.0037586515699905886 0.0003267152184793833
-562.0421883523231 8.981794035937128 -0.0037446823751202517 0.00032549435403975613
-552.3518057945184 8.981790574383986 -0.00376114431392108 0.0003251462345738495
-542.6614232367137 8.98178696636538 -0.003747165364311999 0.000323938928142543
-532.971040678909 8.9817832079525 -0.0037332949516170966 0.00032274148003268567
-523.2806581211044 8.981779295186369 -0.0037195317384887084 0.0003215537566680044
-513.5902755632997 8.98177522407895 -0.0037058744110797944 0.0003203756271063529
-503.89989300549496 8.981770990614299 -0.00369232167848902 0.0003192069629705474
-494.20951044769026 8.981766590749695 -0.004551983262809044 0.0004438050166239439
-484.51912788988557 8.981762020416832 -0.004532200714517645 0.00044172801954618705
-474.82874533208087 8.981757275523012 -0.004512613187634354 0.0004396736807011332
-465.1383627742762 8.981752351952384 -0.00449321742590819 0.0004376415857795356
-455.4479802164715 8.981747245567238 -0.004474010252685163 0.00043563133124824825
-445.7575976586668 8.981741952209331 -0.00445498856832684 0.0004336425239882478
-436.0672151008621 8.981736467701298 -0.0044361493477327344 0.00043167478094746913
-426.3768325430574 8.981730787848091 -0.0044174896379615474 0.0004297277288077298
-416.6864499853691 8.98172490843852 -0.0044848205718383185 0.00043399486426475925
-406.9960674275644 8.981718825246881 -0.004834723033310667 0.00047876307038040685
-397.3056848697597 8.981712534034616 -0.004813243926131889 0.0004764865837925586
-387.615302311955 8.98170603055211 -0.0047919820037911525 0.0004742350790673392
-377.9249197541503 8.981699310540554 -0.004770933579760606 0.000472008103049569
-368.2345371963456 8.981692369733908 -0.004860593524806587 0.0004763934896748289
-358.54415463854093 8.981685203860941 -0.0048391451590387895 0.0004741655908132127
-348.85377208073623 8.981677808647389 -0.004817911732746766 0.00047196164282293504
-339.16338952293154 8.981670179818188 -0.005413773528845637 0.0004697812210240556
-329.47300696512684 8.981662313099811 -0.0053884264518720545 0.00046762391132757056
-319.78262440732215 8.981654204222703 -0.005363349888750378 0.0004654893098964007
-310.09224184951745 8.981645848923792 -0.005338539051887212 0.000463377022819555
-300.40185929171275 8.981637242949104 -0.005313989274019193 0.00046128666579887457
-290.71147673390806 8.981628382056467 -0.005289696004300945 0.0004592178638477788
-281.02109417610336 8.981619262018292 -0.005265654804548208 0.00045717025100148437
-271.33071161829866 8.981609878624438 -0.005241861345628843 0.0004551434700381754
-261.64032906049397 8.981600227685162 -0.005218311403994963 0.0004531371722106485
-251.94994650268927 8.981590305034132 -0.005195000858349621 0.00045115101698796746
-242.25956394488458 8.981580106531528 -0.005171925686441986 0.0004491846718066856
-232.5691813871963 8.981569628067184 -0.005149081961985422 0.0004472378118312537
-222.8787988293916 8.981558865563803 -0.005137498838869217 0.00044568176410271406
-213.1884162715869 8.98154781498023 -0.0051150255555579855 0.0004437701998425559
-203.4980337137822 8.98153647231476 -0.005092773669478199 0.0004418772301956691
-193.8076511559775 8.98152483360849 -0.005070739583973079 0.00044000255814681977
-184.1172685981728 8.981512894948706 -0.005048919785333039 0.0004381458933595883
-174.42688604036812 8.981500652472304 -0.0050273108403165925 0.0004363069519831498
-164.73650348256342 8.981488102369203 -0.005005909393761841 0.0004344854564658576
-155.04612092475872 8.981475240885816 -0.00498471216628465 0.00043268113537534453
-145.35573836695403 8.981462064328468 -0.004963715952059808 0.00043089372322487984
-135.66535580914933 8.981448569066853 -0.004942917616681657 0.00042912296030572436
-125.97497325134464 8.98143475153747 -0.004922314095100821 0.0004273685925252395
-116.28459069353994 8.981420608247019 -0.004901902389633876 0.0004256303712505171
-106.59420813573524 8.981406135775794 -0.004904956572461593 0.00042454159376373427
-96.90382557793055 8.98139133078104 -0.004884748150339792 0.00042283026974783156
-87.21344302012585 8.981376190000228 -0.004864725448648011 0.00042113444598334274
-77.52306046232115 8.981360710254359 -0.0048448856658639145 0.0004194538927252538
-67.83267790451646 8.981344888451124 -0.004825226060451876 0.0004177883850248838
-58.14229534671176 8.981328721588062 -0.004805743949194719 0.00041613770260081376
-48.45191278902348 8.981312206755621 -0.014564949565347768 0.0004145016297140572
-38.761530231218785 8.981295341140157 -0.014473909251763254 0.00041287995504721455
-29.07114767341409 8.981278122026824 -0.014384088495871358 0.0004112724715877374
-19.380765115609393 8.981260546802416 -0.014295462009445743 0.00040967897651476105
-9.690382557804696 8.98124261295808 -0.014208005211855267 0.0004080992710896631
0.0 8.98122431809195 -0.014121694205245753 0.0004065331605500845
9.690382557804696 6.078871610112844 -0.03440648264646962 0.04069380008300529
19.380765115609393 6.228603476034682 -0.03417243204081786 0.04039565760474861
29.07114767341409 6.337105922865262 -0.03394165127735096 0.04010186337820928
38.761530231218785 6.424822704770658 -0.03371407125433782 0.03981232286627149
48.45191278902348 6.499451292478031 -0.04033350411991898 0.04233726324745038
58.14229534682818 6.564884848943225 -0.040061629225144675 0.042035221731212914
67.83267790463287 6.623415308749992 -0.039793498893216296 0.04173747001498153
77.52306046243757 6.676526024570434 -0.039529035279135774 0.041443917256699714
87.21344302024227 6.725241792758955 -0.039268162694659416 0.041154475162561314
96.90382557804696 6.77030534347113 -0.03901080753385766 0.04086905789825491
106.59420813585166 6.8122751051045745 -0.038756898201743266 0.04058758200389289
116.28459069365636 6.851583319883492 -0.038506365045821486 0.04030996631244776
125.97497325146105 6.888572547591408 -0.03825914029042335 0.040036131871528505
135.66535580914933 6.923519633287211 -0.03801515797369344 0.03976600186834122
145.35573836695403 6.956652028356137 -0.03777435388709068 0.03949950155766523
155.04612092475872 6.988159249185931 -0.03753666551732814 0.03923655819275094
164.73650348256342 7.018201133814633 -0.03730203199058187 0.038977100958940206
174.42688604036812 7.046913925955652 -0.03713255430105564 0.03872331719547029
184.1172685981728 7.074414846294209 -0.03690339545480443 0.03847061054312177
193.8076511559775 7.100805586485181 -0.03667712486088604 0.03822118878940793
203.4980337137822 7.126175020543501 -0.03645368754134692 0.03797498822984737
213.1884162715869 7.150601337581557 -0.036233029914001694 0.037731946797470974
222.8787988293916 7.174153739889222 -0.03601509974825725 0.037492004010527845
232.5691813871963 7.196893809850436 -0.03579984612260781 0.03725510092218285
242.259563945001 7.218876621286611 -0.03558721938372745 0.03702118007211784
251.9499465028057 7.2401516512470625 -0.035377171107090745 0.03679018543995322
261.6403290606104 7.260763534317846 -0.03516965405905481 0.03656206240041008
271.3307116184151 7.313214415684349 -0.03496462216034002 0.03633675768013787
281.0210941762198 7.362587271814681 -0.03476203045084944 0.03611421931613561
290.7114767340245 7.408534354798041 -0.03456183505576999 0.03589439661569866
300.40185929182917 7.451498241157694 -0.034363993152900965 0.0356772401178258
310.09224184963387 7.491839691944966 -0.03416846294115854 0.03546270155602517
319.78262440743856 7.529856900107372 -0.033975203610206874 0.03525073382246018
329.47300696512684 7.5657993099581455 -0.03378417531117144 0.03504129093338182
339.16338952293154 7.599877768318934 -0.03359533912837616 0.03483432799577903
348.85377208073623 7.632272130482792 -0.03340865705209617 0.034629801175234204
358.54415463854093 7.6631370592708805 -0.033224091952240055 0.03442766766488456
368.2345371963456 7.692606515070112 -0.03304160755295694 0.03422788565548172
377.9249197541503 7.720797280341132 -0.03286116840811817 0.03403041430648958
387.615302311955 7.747811760393911 -0.03268273987764059 0.03383521371818173
397.3056848697597 7.773740233753929 -0.03250628810461773 0.03364224490469761
406.9960674275644 7.798662678404477 -0.03233177999322712 0.033451469768019805
416.6864499853691 7.822650267292653 -0.03215918318738275 0.033262851072835505
426.3768325431738 7.8457666030985225 -0.03198846605010402 0.03307635242224765
436.0672151009785 7.868068745390188 -0.031880562420965076 0.03289462013916702
445.7575976587832 7.88960807094181 -0.03176496488939891 0.03271430544930653
455.4479802165879 7.91043099884601 -0.03159887699422092 0.032533921790069587
465.1383627743926 7.930579605198053 -0.03143456109584389 0.03235552102220743
474.8287453321973 7.950092146936746 -0.03128535108049163 0.03217932818514315
484.519127890002 7.969003510453706 -0.031124395493484225 0.03200479435159851
494.2095104478067 7.987345597513454 -0.030965129407412854 0.03183214788708614
503.8998930056114 8.0051476586355 -0.03080752600055973 0.03166135830849634
513.5902755632997 8.022436582210382 -0.03065155902032515 0.031492395786027305
523.2806581211044 8.039237146135385 -0.030506925103020843 0.03132539757843153
532.971040678909 8.055572237565004 -0.030354082916148217 0.031160000981307875
542.6614232367137 8.071463045425544 -0.030218013648909026 0.030996627117163045
552.3518057945184 8.086929229565866 -0.03006815921984258 0.0308346837274082
562.0421883523231 8.101989069794318 -0.029919820617634214 0.03067442750123674
571.7325709101278 8.116659597538122 -0.02977297464656371 0.030515832180648204
581.4229534679325 8.130956712440229 -0.029627598585509885 0.03035887205002755
591.1133360257372 8.144895285860235 -0.029483670175811067 0.03020352192220791
600.8037185835419 8.158489252956487 -0.02934116760949782 0.03004975712496102
610.4941011413466 8.171751694784753 -0.02920199623289903 0.029897597249930134
620.1844836991513 8.184694911646256 -0.029062267429333495 0.029746930768233114
629.874866256956 8.197330488747193 -0.02892515566605582 0.029597797135022887
639.5652488147607 8.209669355087685 -0.028788123917650486 0.02945013633501497
649.2556313725654 8.221721836375632 -0.028669335507221054 0.02930428989986045
658.9460139303701 8.23349770265684 -0.028534807063405974 0.02915954322914599
668.6363964881748 8.245006211263604 -0.028408839027699063 0.029016333948953775
678.3267790459795 8.256256145607816 -0.028276812583095022 0.028874417536486303
688.0171616037842 8.267255850278785 -0.028146037042568624 0.028733885594184036
697.7075441614725 8.278013262849552 -0.028016494470277157 0.028594717938978484
707.3979267192772 8.288535942747274 -0.027888167274469765 0.028456894778438373
717.0883092770819 8.298831097498256 -0.027761038199237018 0.028320396701370834
726.7786918348866 8.308905606625931 -0.02763509031648279 0.028185204668676557
736.4690743926913 8.318766043443437 -0.02751030701813392 0.02805130000447488
746.159456950496 8.328418694957287 -0.027386672008570537 0.027918664387480304
755.8498395083006 8.337869580073157 -0.02726416929727119 0.02778727984262351
765.5402220661053 8.347124466273588 -0.027142783191665718 0.02765712873290893
775.23060462391 8.356188884918614 -0.027022498290189087 0.02752819375150105
784.9209871817147 8.365068145303697 -0.026903299475529392 0.027400457914032138
794.6113697395194 8.373767347594866 -0.026785171908063975 0.027273904551123922
804.3017522973241 8.382291394748131 -0.026682434116670022 0.027148824993158942
813.9921348551288 8.390645003508764 -0.026566300319641963 0.027024585534881594
823.6825174129335 8.398832714576196 -0.02645119638958376 0.026901480394215155
833.3728999707382 8.40685890201115 -0.02633710850219408 0.026779494090286644
843.0632825285429 8.414727781953975 -0.02622402308161326 0.02665861142282029
852.7536650863476 8.422443420715926 -0.026111926794832367 0.02653881746580637
862.4440476441523 8.43000974229906 -0.02588424364919874 0.026420097561340963
872.134430201957 8.437430535394713 -0.025999715551685745 0.026318854152115687
881.8248127596453 8.444709459905656 -0.025889703473776768 0.026202118761928052
891.51519531745 8.45185005303305 -0.02578064133090946 0.02608641676075345
901.2055778752547 8.458855734963654 -0.025640764854554902 0.02597377897847649
910.8959604330594 8.46572981419221 -0.025545345083258775 0.025860276438763544
920.5863429908641 8.472475492507723 -0.025625128795248597 0.025757719840762045
930.2767255486688 8.479095869671351 -0.02551851129397014 0.02564592589120972
939.9671081064735 8.485593947810466 -0.025412801761606176 0.025535100609608143
949.6574906642782 8.49197263555123 -0.025307988395612508 0.025425231437225377
959.3478732220829 8.498234751910031 -0.025204059601591774 0.025316306031891802
969.0382557798875 8.504383029962197 -0.025101003988603692 0.02520831226334126
978.7286383376922 8.510420120304806 -0.02499881036460589 0.02510123820867204
988.4190208954969 8.51634859432886 -0.024897467732021006 0.024995072147924725
998.1094034533016 8.522170947314834 -0.02479696528342571 0.024889802559772925
