-1007.7997860111063 8.981855752170846 -0.00047830243347396853 7.487521461168873e-08
-998.1094034533016 8.981855752170846 -0.00047644044532575887 7.456894266598793e-08
-988.4190208954969 8.981855752170846 -0.0004745933304208357 7.426520601236429e-08
-978.7286383376922 8.981855752170846 -0.0004727609075482639 7.396397296142427e-08
-969.0382557798875 8.981855752170846 -0.00047094299847579387 7.366521235354616e-08
-959.3478732220829 8.981855752170846 -0.0004691394278881032 7.336889354763701e-08
-949.6574906642782 8.981855752170846 -0.00046735002332658443 7.307498641052005e-08
-939.9671081064735 8.981855752170846 -0.00046557461513063747 7.278346130628059e-08
-930.2767255486688 8.981855752170846 -0.00046381303638041885 7.249428908595532e-08
-920.5863429908641 8.981855752170846 -0.0004620651228410075 7.220744107781958e-08
-910.8959604330594 8.981855752170846 -0.0004603307129079456 7.192288907722484e-08
-901.2055778752547 8.981855752170846 -0.00045860964755411397 7.164060533737931e-08
-891.51519531745 8.981855752170846 -0.0004591929075370356 7.136056255985401e-08
-881.8248127596453 8.981855752170846 -0.0004632506542178371 7.108273388566877e-08
-872.1344302018406 8.981855752170846 -0.0004615096319992336 7.080709288635658e-08
-862.4440476440359 8.981855752170846 -0.0004597822040101651 7.053361355527019e-08
-852.7536650862312 8.981855752170846 -0.00045806820466595937 7.026227029943059e-08
-843.0632825284265 8.981855752170846 -0.00045636747120365265 6.999303793094387e-08
-833.3728999707382 8.981855752170846 -0.00045467984361806526 6.972589165920025e-08
-823.6825174129335 8.981855752170846 -0.0004530051645996517 6.946080708298667e-08
-813.9921348551288 8.981855752170846 -0.000451343279474358 6.919776018286646e-08
-804.3017522973241 8.981855752170846 -0.00044969403614501466 6.893672731359555e-08
-794.6113697395194 8.981855752170846 -0.0004480572850345082 6.867768519693043e-08
-784.9209871817147 8.981855752170846 -0.00044643287903054646 6.842061091453036e-08
-775.23060462391 8.981855752170846 -0.0004448206734319808 6.816548190085938e-08
-765.5402220661053 8.981855752170846 -0.0004432205258966306 6.791227593656545e-08
-755.8498395083006 8.981855752170846 -0.00044163229639055724 6.766097114166273e-08
-746.159456950496 8.981855752170846 -0.0004400558471387364 6.741154596911295e-08
-736.4690743926913 8.981855752170846 -0.00043849104257707907 6.716397919867447e-08
-726.7786918348866 8.981855752170846 -0.00043693774930575794 6.691824993031214e-08
-717.0883092770819 8.981855752170846 -0.00043539583604379294 6.667433757847805e-08
-707.3979267192772 8.981855752170846 -0.00043386517358485213 6.643222186612142e-08
-697.7075441614725 8.981855752170846 -0.0004323456347542295 6.619188281875251e-08
-688.0171616036678 8.981855752170846 -0.0004308370943669601 6.595330075899999e-08
-678.3267790458631 8.981855752170846 -0.00042933942918703296 6.571645630093145e-08
-668.6363964880584 8.981855752170846 -0.000427852517887669 6.548133034482402e-08
-658.9460139302537 8.981855752170846 -0.0004263762410126266 6.524790407154994e-08
-649.2556313725654 8.981855752170846 -0.0004249104809385203 6.501615893781697e-08
-639.5652488147607 8.981855752170846 -0.0004234551218380161 6.478607667081775e-08
-629.874866256956 8.981855752170846 -0.0004220100496441348 6.45576392635191e-08
-620.1844836991513 8.981855752170846 -0.00042057515201528373 6.433082896955709e-08
-610.4941011413466 8.981855752170846 -0.00041915031830125083 6.41056282987431e-08
-600.8037185835419 8.981855752170846 -0.0004177354395100303 6.388202001233307e-08
-591.1133360257372 8.981855752170846 -0.00041633040827546906 6.365998711860934e-08
-581.4229534679325 8.981855752170846 -0.00041493511882571127 6.343951286821504e-08
-571.7325709101278 8.981855752170846 -0.00041354946695241324 6.32205807500991e-08
-562.0421883523231 8.981855752170846 -0.0004121733499807094 6.300317448710899e-08
-552.3518057945184 8.981855752170846 -0.0004108066667399031 6.278727803190874e-08
-542.6614232367137 8.981855752170846 -0.00040944931753486374 6.257287556293302e-08
-532.971040678909 8.981855752170846 -0.00040810120411810617 6.235995148026534e-08
-523.2806581211044 8.981855752170846 -0.00040676222966253516 6.214849040202412e-08
-513.5902755632997 8.981855752170846 -0.0004054322987348337 6.193847716026069e-08
-503.89989300549496 8.981855752170846 -0.00040411131726947693 6.172989679745201e-08
-494.20951044769026 8.981855752170846 -0.00040279919254335324 6.152273456270224e-08
-484.51912788988557 8.981855752170846 -0.00040149583315097603 6.131697590829145e-08
-474.82874533208087 8.981855752170846 -0.0004002011489802679 6.111260648603627e-08
-465.1383627743926 8.981855752170846 -0.00039891505118891813 6.090961214403364e-08
-455.4479802165879 8.981855752170846 -0.0003976374521812032 6.070797892310654e-08
-445.7575976587832 8.981855752170846 -0.0003963682655854888 6.050769305372112e-08
-436.0672151009785 8.981855752170846 -0.00039510740623208775 6.030874095259863e-08
-426.3768325431738 8.981855752170846 -0.0003938547901316934 6.011110921959112e-08
-416.6864499853691 8.981855752170846 -0.0003926103344542797 5.991478463475405e-08
-406.9960674275644 8.981855752170846 -0.0003913739575084738 5.971975415505218e-08
-397.3056848697597 8.981855752170846 -0.000390145578721384 5.952600491158213e-08
-387.615302311955 8.981855752170846 -0.0003952244279508804 1.952639278301571e-07
-377.9249197541503 8.981855752170846 -0.00039396530157437693 1.9406852900303323e-07
-368.2345371963456 8.981855752170846 -0.0003927146198186516 1.928891015208211e-07
-358.54415463854093 8.981855752170846 -0.00039147229151364354 1.9172531153631304e-07
-348.85377208073623 8.981855752170846 -0.0004680365069364182 1.905768346600282e-07
-339.16338952293154 8.981855752170846 -0.000466238182689425 1.8944335562552475e-07
-329.47300696512684 8.981855752170846 -0.0004644563093324825 1.8832456796625538e-07
-319.78262440732215 8.981855752170846 -0.0004626906194046035 1.8722017370821565e-07
-310.09224184951745 8.981855752170846 -0.0004609408520107967 1.861298830738214e-07
-300.40185929171275 8.981855752170846 -0.0005051175850931359 1.850534141993602e-07
-290.71147673390806 8.981855752170846 -0.0005030596051322336 1.839904928633391e-07
-281.0210941762198 8.981855752170846 -0.0005010217806425432 1.8294085222634114e-07
-271.3307116184151 8.981855752170846 -0.0005323151399013881 2.0440817839660023e-06
-261.6403290606104 8.981855752170846 -0.000563290419655722 2.0293121515932665e-06
-251.9499465028057 8.981855752170846 -0.0005608258803652617 2.0147564849739916e-06
-242.259563945001 8.981855752170846 -0.0005583872159383888 2.000410148390164e-06
-232.5691813871963 8.981855752170846 -0.0005559739614894422 1.9862686393399704e-06
-222.8787988293916 8.981855752170846 -0.0005535856641300828 1.9723275837821815e-06
-213.1884162715869 8.981855752170846 -0.0005512218825685718 1.958582731582389e-06
-203.4980337137822 8.981855752170846 -0.0005488821867253255 1.945029952152021e-06
-193.8076511559775 8.981855752170846 -0.0015492629295337781 1.9316652302699646e-06
-184.1172685981728 8.981855752170846 -0.0015395810319572222 1.9184846620795965e-06
-174.42688604036812 8.981855752170846 -0.0015542224035256396 1.905484451249467e-06
-164.73650348256342 8.981855752170846 -0.0015446218966174326 1.8926609052937335e-06
-155.04612092475872 8.981855752170846 -0.0015351495404835934 1.8800104320411238e-06
-145.35573836695403 8.981855752170846 -0.0015258026867990338 1.8675295362483826e-06
-135.66535580914933 8.981855752170846 -0.00151657876094416 1.855214816349083e-06
-125.97497325134464 8.981855752170846 -0.0015074752594392002 1.8430629613336744e-06
-116.28459069353994 8.981855752170846 -0.0014984897474853561 1.8310707477520511e-06
-106.59420813573524 8.981855752170846 -0.0014896198566075895 1.8192350368353425e-06
-96.90382557804696 8.981855752170846 -0.0014808632823942952 1.8075527717307543e-06
-87.21344302024227 8.981855752170846 -0.0014722177823286045 1.7960209748429044e-06
-77.52306046243757 8.981855752170846 -0.0014636811737085366 1.7846367452800103e-06
-67.83267790463287 8.981855752170846 -0.001455251331649768 1.7733972563969347e-06
-58.14229534682818 8.981855752170846 -0.0014469261871686869 1.7622997534312763e-06
-48.45191278902348 8.981855752170846 -0.0014387037253414106 1.7513415512320205e-06
-38.761530231218785 8.981855752170846 -0.0014470754919219246 1.7405200320710427e-06
-29.07114767341409 8.981855752170846 -0.0014389312208649484 1.7298326435385712e-06
-19.380765115609393 8.981855752170846 -0.0014308856669444535 1.7192768965153673e-06
-9.690382557804696 8.981855752170846 -0.0014279749278318908 1.7088503632218097e-06
0.0 8.981855752170846 -0.0014200840647470377 1.6985506753378713e-06
9.690382557804696 6.0654606381425396 -0.010201972426517348 0.03919981312945916
19.380765115609393 6.220169829455601 -0.010129335516660365 0.03891102580086102
29.07114767341409 6.330756056815712 -0.01005964893932476 0.03862645958994756
38.761530231218785 6.419685654506012 -0.009989230125003285 0.03834602537808263
48.45191278902348 6.495129994150189 -0.00991980514005729 0.03806963381677298
58.14229534682818 6.561159681278496 -0.009851352954174471 0.03779719811513522
67.83267790463287 6.6201500729239875 -0.00978385312822585 0.03752863394903109
77.52306046243757 6.673629584770229 -0.009721577131422125 0.03726385937404944
87.21344302012585 6.722649770962195 -0.009659259103590537 0.03700279474214899
96.90382557793055 6.767970384523753 -0.009594443444468624 0.03674536262176508
106.59420813573524 6.8101612688932445 -0.009530504712871266 0.036491487721259465
116.28459069353994 6.849662645677447 -0.009467425114562188 0.0362410968154907
125.97497325134464 6.886822843323467 -0.009405187335109528 0.035994118675402406
135.66535580914933 6.921922994872797 -0.009343774523790286 0.0357504840004682
145.35573836695403 6.9551938142852725 -0.00930294593250264 0.035510125353861555
155.04612092475872 6.986827350017359 -0.009242988039025941 0.03527297710022366
164.73650348256342 7.016985438941727 -0.009192952344121423 0.035038975345908135
174.42688604036812 7.045805926050787 -0.009134470289971148 0.03480805788158879
184.1172685981728 7.073407331348716 -0.009076738425905671 0.03458016412712183
193.8076511559775 7.099892412649331 -0.009019742313799066 0.034355235078559976
203.4980337137822 7.12535092742316 -0.008963467884921604 0.034133213257221226
213.1884162715869 7.1498618031672665 -0.00891577090014595 0.03391404266071954
222.8787988293916 7.173494863981711 -0.008860840920800802 0.033697668715870516
232.5691813871963 7.19631221936305 -0.008806593371951983 0.03348403823338799
242.259563945001 7.218369392554558 -0.008753015530587964 0.03327309936429345
251.9499465028057 7.2397162457102295 -0.00870009498909901 0.0330648015579624
261.6403290606104 7.260397744832054 -0.00923448426282115 0.032859095521737054
271.3307116184151 7.309785144035863 -0.009178528579184863 0.03265593318203714
281.02109417610336 7.359469066914821 -0.00912325774396431 0.03245526764690696
290.71147673390806 7.405687324516857 -0.009068659148315845 0.03225705316992297
300.40185929171275 7.448890308845983 -0.009022830345795235 0.03206124511543957
310.09224184951745 7.489444625639138 -0.008969479825021064 0.03186779992506949
319.78262440732215 7.5276529227334095 -0.008916766412720932 0.031676675085382154
329.47300696512684 7.563768096407644 -0.008864678663662548 0.031487829096755064
339.16338952293154 7.598003707409244 -0.008813205406797059 0.03130122144333286
348.85377208073623 7.630541772677494 -0.00876233573705542 0.03111681256404818
358.54415463854093 7.66153869738747 -0.008712059007439021 0.03093456382466101
368.2345371963456 7.691129861920668 -0.00866236482139223 0.030754437490774833
377.9249197541503 7.719433218134687 -0.008613243025445127 0.030576396701790052
387.615302311955 7.74655214399223 -0.008564683702115309 0.03040040544575696
397.3056848697597 7.7725777348234155 -0.008516677163058121 0.03022642853509218
406.9960674275644 7.797590660948348 -0.008469213942455181 0.030054431583124163
416.6864499853691 7.821662687481904 -0.008422284790631519 0.029884380981434984
426.3768325431738 7.844857928069785 -0.008375880667892178 0.029716243877966987
436.0672151009785 7.867233886954261 -0.008329992738569398 0.029549988155864362
445.7575976587832 7.888842331088719 -0.008284612365272094 0.02938558241302108
455.4479802165879 7.909730024636506 -0.008239731103329534 0.02922299594230771
465.1383627742762 7.929939351162919 -0.008195340695422167 0.029062198712453045
474.82874533208087 7.949508843511932 -0.008151433066389083 0.028903161349543835
484.51912788988557 7.968473637287235 -0.00810800031821311 0.02874585511914767
494.20951044769026 7.986865860726227 -0.008065034725166235 0.028590251908997655
503.89989300549496 8.004714971302489 -0.008022528729116999 0.028436324212245713
513.5902755632997 8.022048047477929 -0.007980474934990508 0.02828404511125217
523.2806581211044 8.038890042505091 -0.007938866106375864 0.02813338826189348
532.971040678909 8.055264005969839 -0.00789679732647038 0.027984347516757022
542.6614232367137 8.071191277792792 -0.007856063975155406 0.02783685821159451
552.3518057945184 8.086691658623016 -0.007815754692722868 0.02769091541937613
562.0421883523231 8.101783559919399 -0.007775862838382523 0.027546494942778336
571.7325709101278 8.116484136493606 -0.007736381910007023 0.027403573086659423
581.4229534679325 8.130809403859619 -0.007697305540516752 0.027262126645099274
591.1133360257372 8.144774342380755 -0.007658627494377587 0.02712213288883824
600.8037185835419 8.158392989910642 -0.007620341664207466 0.02698356955310112
610.4941011413466 8.171678524379344 -0.007582442067487853 0.026846414825792485
620.1844836991513 8.184643337570106 -0.0075449228433763 0.02671064733605022
629.874866256956 8.197299101159096 -0.007507778249616493 0.026576246143144525
639.5652488147607 8.209656825944363 -0.007471002659542332 0.026443190725710563
649.255631372449 8.221726915066103 -0.00743459055917309 0.026311460971304386
658.9460139302537 8.23351921191586 -0.007398536544393912 0.026181037166261648
668.6363964880584 8.245043043339098 -0.007362835318225089 0.02605189998587215
678.3267790458631 8.25630725866361 -0.007327481688168426 0.025924030484828105
688.0171616036678 8.267320265014755 -0.007292470563634432 0.025797410087960135
697.7075441614725 8.278090059324562 -0.007257796953445022 0.02567202058124181
707.3979267192772 8.288624257391259 -0.007223455963409535 0.025547844103055346
717.0883092770819 8.298930120303334 -0.0071894427939715325 0.02542486313570956
726.7786918348866 8.309014578505009 -0.0072215644609767695 0.025303060497201532
736.4690743926913 8.318884253747807 -0.0071877060152970955 0.025182419333214086
746.159456950496 8.328545479144701 -0.007154168688050153 0.025062923109341075
755.8498395083006 8.338004317518694 -0.007120947879615051 0.02494455560353284
765.5402220661053 8.347266578216216 -0.007088039078748183 0.02482730089875498
775.23060462391 8.356337832536726 -0.007136973634023656 0.024711143375852958
784.9209871817147 8.365223427913342 -0.00710407473384204 0.02459606770661631
794.6113697395194 8.37392850096472 -0.007071483609571448 0.024482058847035516
804.3017522973241 8.382457989525406 -0.0070391958911214195 0.024369102030745753
813.9921348551288 8.390816643750659 -0.007007207292218498 0.02425718276265111
823.6825174129335 8.399009036381493 -0.006975513608362771 0.024146286812723985
833.3728999706218 8.407039572246791 -0.006944110714845897 0.0240364002099747
843.0632825284265 8.414912497072057 -0.009481194664646005 0.023927509236578843
852.7536650862312 8.422631905655331 -0.009431407613072167 0.023819600422176426
862.4440476440359 8.430201749467923 -0.009382177149460604 0.02371266053831155
872.1344302018406 8.437625843728648 -0.009394696009883123 0.023606676593027766
881.8248127596453 8.444907873997419 -0.009346098052942347 0.02350163582560638
891.51519531745 8.452051402328749 -0.009298034368766854 0.023397525701444623
901.2055778752547 8.459059873022147 -0.009242029302742306 0.023294635488630953
910.8959604330594 8.465936618002585 -0.009195068662453905 0.0231923477107531
920.5863429908641 8.472684861861191 -0.009148614119881115 0.02309095431214315
930.2767255486688 8.479307726583517 -0.009102657040771667 0.02299044361339044
939.9671081064735 8.485808235990078 -0.009057188996613421 0.022890804137563166
949.6574906642782 8.492189319911644 -0.009012201758277794 0.022792024605839366
959.3478732220829 8.498453818119739 -0.009017396398948203 0.022694093933250573
969.0382557798875 8.504604484030905 -0.008972981042462495 0.022597001224534778
978.7286383376922 8.510643988201611 -0.008929028285371864 0.02250073577009527
988.4190208954969 8.516574921629292 -0.008885530520911988 0.02240528704206254
998.1094034533016 8.522399798873547 -0.008842480316687145 0.022310644690455815
