-1007.7997860111063 11.1950004894581 -0.0029094433494266667 0.004101285921342677
-998.1094034533016 11.195742906508801 -0.002893802170906416 0.004086964229185756
-988.4190208954969 11.196478037037098 -0.0028783379516434267 0.004072746989245102
-978.7286383376922 11.197205967532689 -0.0028630475194661763 0.0040586329863168446
-969.0382557798875 11.197926783244464 -0.0028479277840944605 0.0040446210255337504
-959.3478732220829 11.198640568204029 -0.002832975734204932 0.0040307099319045565
-949.6574906642782 11.199347405248654 -0.0028181884346388866 0.00401689854986676
-939.9671081064735 11.200047376043704 -0.0028035630237433335 0.00400318574285235
-930.2767255486688 11.200740561104503 -0.002789096710837046 0.003989570392866018
-920.5863429908641 11.201427039817663 -0.0027747867737939894 0.003976051400075449
-910.8959604330594 11.20210689046194 -0.0027606305567370476 0.003962627682413213
-901.2055778752547 11.20278019022855 -0.002746625467835523 0.003949298175189877
-891.51519531745 11.203447015241021 -0.00273276897720036 0.0039360618307179625
-881.8248127596453 11.204107440574584 -0.002719058614871471 0.003922917617946351
-872.1344302018406 11.204761540275042 -0.002705491968891955 0.003909864522104791
-862.4440476441523 11.20540938737726 -0.002692066683464527 0.0038969015443582936
-852.7536650863476 11.206051053923208 -0.0026787804571846707 0.0038840277014702334
-843.0632825285429 11.2066866109795 -0.002665631041348736 0.00387124202547605
-833.3728999707382 11.207316128654627 -0.0026526162383298303 0.003858543563364243
-823.6825174129335 11.207939676115704 -0.0026397339000202727 0.003845931376766642
-813.9921348551288 11.208557321604848 -0.0026269819263362165 0.0038334045416567467
-804.3017522973241 11.209169132455203 -0.0026143582637813993 0.003820962148056058
-794.6113697395194 11.209775175106534 -0.002601860904067031 0.0038086032997480964
-784.9209871817147 11.210375515120502 -0.0025894878827850184 0.0037963271139998724
-775.23060462391 11.210970217195573 -0.002577237278131877 0.003784132721290588
-765.5402220661053 11.211559345181568 -0.0025651072096808786 0.0037720192650473197
-755.8498395083006 11.212142962093898 -0.0025530958372000975 0.0037599859013874672
-746.159456950496 11.21272113012747 -0.0025412013595141783 0.0037480317988677543
-736.4690743926913 11.213293910670256 -0.0025294220134077804 0.0037361561382395774
-726.7786918348866 11.213861364316593 -0.00251775607256874 0.003724358112210508
-717.0883092770819 11.214423550880124 -0.0025062018465691503 0.0037126369252117515
-707.3979267192772 11.214980529406509 -0.002494757679882629 0.0037009917931713765
-697.7075441614725 11.215532358185818 -0.0024834219509361497 0.003689421943293161
-688.0171616036678 11.21607909476465 -0.0024721930711949047 0.0036779266138408525
-678.3267790459795 11.216620795957976 -0.002461069484278883 0.0036665050539278327
-668.6363964881748 11.217157517860766 -0.0024500496651089915 0.003655156523311219
-658.9460139303701 11.217689315859285 -0.0024391321190834286 0.0036438802921922747
-649.2556313725654 11.218216244642212 -0.0024283153812803956 0.003632675641020269
-639.5652488147607 11.218738358211478 -0.0024175980156880116 0.0036215418603016856
-629.874866256956 11.21925570989289 -0.00240697861445949 0.003610478250413809
-620.1844836991513 11.219768352346513 -0.002396455797192701 0.003599484121422743
-610.4941011413466 11.220276337576845 -0.0023860282102330954 0.003588558792905671
-600.8037185835419 11.220779716942765 -0.0023803312767362605 0.0035781040936573643
-591.1133360257372 11.221278541167267 -0.0023700270517865453 0.0035673088769748148
-581.4229534679325 11.221772860347018 -0.002359815846583081 0.0035565806223318685
-571.7325709101278 11.222262723961679 -0.0023496963404549946 0.003545918679784412
-562.0421883523231 11.222748180883075 -0.0023879212652517254 0.0035372047997256446
-552.3518057945184 11.223229279384123 -0.0023773280933997573 0.0035266480855936826
-542.6614232367137 11.22370606714764 -0.0023668402667583665 0.0035161564676429195
-532.971040678909 11.224178591274933 -0.002356455878502153 0.003505729303947413
-523.2806581211044 11.224646898294218 -0.002346173081807014 0.003495365962302864
-513.5902755632997 11.225111034168874 -0.002356176891217651 0.003485791152450709
-503.89989300549496 11.225571044305557 -0.0023458164687015334 0.0034755436971923514
-494.2095104478067 11.226026973562119 -0.0023355598466857906 0.0034653584898441977
-484.519127890002 11.226478866255393 -0.0023406419961104563 0.0034558743203921094
-474.8287453321973 11.22692676616881 -0.002337400698990356 0.0034460205441548663
-465.1383627743926 11.227370716559895 -0.0023271488922009783 0.0034360071198617
-455.4479802165879 11.227810760167584 -0.002317001329969652 0.00342605387258671
-445.7575976587832 11.228246939219433 -0.002306956008619901 0.0034161602195422565
-436.0672151009785 11.228679295438667 -0.002297010991361609 0.0034063255868256107
-426.3768325431738 11.229107870051122 -0.002287164404909271 0.0033965494091849385
-416.6864499853691 11.229532703792017 -0.002277414436325664 0.003386831129796181
-406.9960674275644 11.22995383691264 -0.002293302756641394 0.0033777751534119836
-397.3056848697597 11.230371309186895 -0.002283394053930646 0.0033681628203294216
-387.615302311955 11.230785159917705 -0.0022758252269322776 0.0033586679236088848
-377.9249197541503 11.231195427943355 -0.0022660859133770365 0.0033491672259608673
-368.2345371963456 11.231602151643635 -0.0022564443388091112 0.0033397219866611316
-358.54415463854093 11.232005368945975 -0.0022468986337323854 0.0033303316865816433
-348.85377208073623 11.232405117331373 -0.00223744699037194 0.0033209958141527133
-339.16338952293154 11.232801433840285 -0.0022280876596270666 0.0033117138651766226
-329.47300696512684 11.233194355078354 -0.0022188189482211657 0.003302485342649241
-319.78262440732215 11.233583917222104 -0.0022096392160331785 0.0032933097565892304
-310.09224184963387 11.233970156024467 -0.0022005468735967013 0.003284186623874368
-300.40185929182917 11.234353106820263 -0.002191540379753429 0.003275115468083925
-290.7114767340245 11.234732804531541 -0.0021826182394509334 0.0032660958193483575
-281.0210941762198 11.235109283672875 -0.0021737790016720135 0.003257127214203699
-271.3307116184151 11.235482578356526 -0.0021650212574875565 0.0032482091954519764
-261.6403290606104 11.23585272229753 -0.0021563436382233702 0.0032393413120266955
-251.9499465028057 11.236219748818725 -0.002353749332473638 0.003230523118863161
-242.259563945001 11.236583690855639 -0.002342440237264053 0.003221754176773398
-232.5691813871963 11.236944580961335 -0.002331281829766615 0.003213034052325412
-222.8787988293916 11.237302451311182 -0.0023618513868210083 0.0032043623177265552
-213.1884162715869 11.237657333707485 -0.002350414705885864 0.0031957385507107683
-203.4980337137822 11.238009259584134 -0.002344578754268242 0.003187270111224007
-193.8076511559775 11.238358260011061 -0.0023320661033726328 0.0031787631634101108
-184.1172685981728 11.238704365698743 -0.0023386885934241503 0.003170279077536655
-174.42688604036812 11.23904760700253 -0.002327551611623775 0.003161841369401948
-164.73650348256342 11.239388013926945 -0.0023165604487675106 0.0031534496409991743
-155.04612092475872 11.23972561612994 -0.0023057112333419514 0.0031451034993359465
-145.35573836695403 11.240060442927025 -0.002295000256778154 0.003136802556337926
-135.66535580914933 11.240392523295377 -0.0023532984533817694 0.003128546428755478
-125.97497325146105 11.240721885877852 -0.0024526945941901793 0.0031203347380733405
-116.28459069365636 11.241048558986966 -0.002439969671912347 0.0031121671104225464
-106.59420813585166 11.24137257060878 -0.0024274336363312075 0.0031040431764959736
-96.90382557804696 11.241693948406736 -0.002415080947450113 0.003095962571465378
-87.21344302024227 11.242012719725437 -0.0024029063122722122 0.0030879249349013236
-77.52306046243757 11.242328911594377 -0.002390904670391955 0.0030799299106952778
-67.83267790463287 11.242642550731592 -0.003458329205932607 0.003071977146983867
-58.14229534682818 11.242953663547258 -0.0034319128319038467 0.0030640662960752197
-48.45191278902348 11.243262276147254 -0.004875252909902691 0.003445597083658327
-38.761530231218785 11.24356841433666 -0.004829986061702161 0.003432472986292195
-29.07114767341409 11.243872103623202 -0.004785770806414356 0.00341953190799186
-19.380765115609393 11.244173369220631 -0.004742567798282008 0.003406767871688645
-9.690382557804696 11.244472236052076 -0.00470033968170627 0.003394175199225187
0.0 8.583035641897446 -0.009048410099795992 0.0304089488169031
9.690382557804696 8.85222784973417 -0.008948179079155617 0.030028172901996723
19.380765115609393 9.012686330251459 -0.008850431691621021 0.029657466861260084
29.07114767341409 9.13332175981125 -0.008755073267554921 0.02929643127696695
38.761530231218785 9.231565395967696 -0.00866201394592625 0.028944687631888795
48.45191278902348 9.31503503000641 -0.008599784655374998 0.02860259781535973
58.14229534682818 9.387864137092633 -0.008510684802733762 0.028268369705612747
67.83267790451646 9.452589156722466 -0.008423650725278349 0.027942410652607556
77.52306046232115 9.510897077804167 -0.008338608576522556 0.027624413218186848
87.21344302012585 9.563975930119614 -0.00844572177589051 0.027340716409571655
96.90382557793055 9.612698932438015 -0.00836186993959069 0.02703741736419788
106.59420813573524 9.657729606589681 -0.008279878170031582 0.0267412543167407
116.28459069353994 9.69958570409605 -0.008199682765426923 0.026451974593808002
125.97497325134464 9.738680087504937 -0.00812122293978944 0.026169337349202633
135.66535580914933 9.77534796731596 -0.008044440657014615 0.025893112879425487
145.35573836695403 9.809865678475303 -0.00796928047620497 0.025623081986182017
155.04612092475872 9.842464004321752 -0.00789568940735399 0.025359035382169232
164.73650348256342 9.873337868934831 -0.007823616776587041 0.02510077313675263
174.42688604036812 9.902653540723684 -0.007753014100227127 0.02484810415844367
184.1172685981728 9.93055408716241 -0.007683834967016841 0.024600845711358087
193.8076511559775 9.957163572973633 -0.0076160349278852684 0.02435882296308017
203.4980337137822 9.982590337432903 -0.007549571392700561 0.02412186856157828
213.1884162715869 10.006929584844288 -0.00748440353349578 0.023889822239016967
222.8787988293916 10.030265454794607 -0.007420492193698352 0.023662530440491332
232.5691813871963 10.05267269308454 -0.007357799802931953 0.023439845975873494
242.259563945001 10.074218012618116 -0.007296290296994833 0.023221627693109873
251.94994650268927 10.094961211212935 -0.007235929042651219 0.023007740171444982
261.64032906049397 10.114956097215963 -0.00717668276689633 0.02279805343315348
271.33071161829866 10.134251261991373 -0.007118519490397283 0.0225924426725268
281.02109417610336 10.152890729523055 -0.0070614084648108555 0.022390788000873643
290.71147673390806 10.17091450666695 -0.00700532011372655 0.022192974206476104
300.40185929171275 10.18835905246161 -0.006950225976988206 0.0219988905284741
310.09224184951745 10.205257680948428 -0.006896098658170925 0.021808430443746418
319.78262440732215 10.221640908898612 -0.00682159451721662 0.021622350676826198
329.47300696512684 10.237536757486598 -0.006769614110722991 0.02143882241925645
339.16338952293154 10.252971015134325 -0.006718516370867586 0.021258621975004995
348.85377208073623 10.267967467356952 -0.006668278000993 0.021081657859106605
358.54415463854093 10.282548098371384 -0.006618876529660746 0.020907841926299253
368.2345371963456 10.296733268406882 -0.006570290274276438 0.02073708921980406
377.9249197541503 10.315809971167086 -0.006522498306621163 0.020569317828251242
387.615302311955 10.335180771474597 -0.006475480420173948 0.020404448750244813
397.3056848697597 10.353843993576605 -0.006429217099118023 0.020242405766094183
406.9960674275644 10.371844233956125 -0.006383689488930846 0.0200831153162741
416.6864499853691 10.389221981873108 -0.006338879368464516 0.019926506386204572
426.3768325431738 10.406014112538676 -0.00629476912342945 0.01977251039697065
436.0672151008621 10.422254309058925 -0.006251341721200397 0.01962106110162958
445.7575976586668 10.437973425286863 -0.006208580686865637 0.019472094486764218
455.4479802164715 10.45319979918142 -0.006166470080456013 0.01932554867900165
465.1383627742762 10.467959524313894 -0.006124994475276793 0.019181363856172935
474.82874533208087 10.482276685677897 -0.006084138937287952 0.01903948216287271
484.51912788988557 10.496173564875987 -0.006043889005471357 0.018899847630156473
494.20951044769026 10.509670818958021 -0.0060042306731307215 0.018762406099142388
503.89989300549496 10.522787636587791 -0.005965150370073116 0.018627105148298056
513.5902755632997 10.535541874741217 -0.006084304643399107 0.018502963047691758
523.2806581211044 10.547950178738205 -0.0060441854272844904 0.018371668592297365
532.971040678909 10.560028088051741 -0.006004664146379676 0.018242370545992356
542.6614232367137 10.571790130005335 -0.0059657264919189806 0.01811502264269004
552.3518057945184 10.58324990316182 -0.005927358636206252 0.01798958004561444
562.0421883523231 10.59442015192342 -0.006007347957444594 0.01787179070130112
571.7325709101278 10.605312833609771 -0.005968480539631583 0.01774995101575642
581.4229534679325 10.61593917905971 -0.005930186970272995 0.017629892271730358
591.1133360257372 10.6263097476153 -0.005892453444645246 0.01751157474116423
600.8037185835419 10.63643447719158 -0.005855266632294928 0.017394959878825455
610.4941011413466 10.646322730010018 -0.00581861365523763 0.017280010278421618
620.1844836990349 10.655983334473666 -0.005782482067442056 0.017166689630664016
629.8748662568396 10.665424623584382 -0.0057522357685345455 0.017055075160032202
639.5652488146443 10.674654470238744 -0.005717038075078629 0.0169449061479411
649.255631372449 10.683680319695611 -0.005682328802191146 0.01683626339152685
658.9460139302537 10.69250921946665 -0.005860125304194598 0.016742950040712502
668.6363964880584 10.701147846853845 -0.005823479045958434 0.016637075779594432
678.3267790458631 10.709602534333094 -0.0057873665620118715 0.01653263860282032
688.0171616036678 10.717879292963326 -0.005743804577668073 0.01642960864827999
697.7075441614725 10.72598383398366 -0.005708828622339076 0.016327956885076808
707.3979267192772 10.733921588746828 -0.0056743458354840915 0.01622765508454904
717.0883092770819 10.741697727124293 -0.005640344627205251 0.016128675792509668
726.7786918348866 10.749317174507159 -0.0056068138051929405 0.016030992302644105
736.4690743926913 10.756784627516707 -0.005573742556225673 0.015934578631008882
746.159456950496 10.764104568529172 -0.00593075825065509 0.015873887638125975
755.8498395083006 10.771281279110557 -0.005893299249017067 0.015779471568114416
765.5402220661053 10.778318852449765 -0.005856410453948268 0.01568626393301549
775.23060462391 10.785221204870762 -0.005820076829192176 0.015594240910211285
784.9209871817147 10.791992086498079 -0.005784283930328941 0.01550337931236334
794.6113697395194 10.798635091143638 -0.005749017873187421 0.01541365656584029
804.3017522973241 10.80515366547737 -0.005714265304387184 0.015325050690053577
813.9921348550124 10.811551117538754 -0.005677519175853113 0.015237540277655247
823.6825174128171 10.817830624642149 -0.005643789170883562 0.015151104475547492
833.3728999706218 10.82399524072295 -0.005610534616320762 0.015065722966678387
843.0632825284265 10.830047903170032 -0.005577744059598736 0.014981375952564038
852.7536650862312 10.835991439183855 -0.005562354657428742 0.014898382832595486
862.4440476440359 10.841828571697631 -0.005530229095577502 0.014816042802139292
872.1344302018406 10.847561924895444 -0.005498541717666676 0.014734680941325485
881.8248127596453 10.853194029358473 -0.005467282345354752 0.014654279359827944
891.51519531745 10.858727326867852 -0.0054364411493779815 0.014574820608632688
901.2055778752547 10.864164174890371 -0.005399908787150294 0.014496287666277403
910.8959604330594 10.869506850771085 -0.005369958822615013 0.014418663925615492
920.5863429908641 10.874757555654867 -0.005340397252748813 0.014341933181080553
930.2767255486688 10.879918418157242 -0.005311215580575835 0.014266079616428553
939.9671081064735 10.884991497803068 -0.005282405581467619 0.01419108779293617
949.6574906642782 10.889978788250271 -0.005253959291389558 0.014116942638034934
959.3478732220829 10.894882220314335 -0.005225868995789667 0.014043629434361977
969.0382557798875 10.899703664807994 -0.005198127219087285 0.01397113380920902
978.7286383376922 10.904444935209638 -0.005185723717903701 0.01389972959525135
988.4190208954969 10.909107790172488 -0.005158453763850627 0.013828823427173212
998.1094034531852 10.913693935885952 -0.005131516698046682 0.013758693792316019
