-1007.7997860109899 9.975810035974314 -0.008130479235625016 0.005245514666505106
-998.1094034531852 9.97561100066877 -0.008032118429454506 0.00518797495029806
-988.4190208953805 9.975396017421703 -0.007936338156966247 0.005131765084790035
-978.7286383375758 9.97516450065047 -0.00784302936746083 0.005076835886518512
-969.0382557797711 9.97491589455172 -0.007752089507668118 0.005023140765314601
-959.3478732219664 9.974649675849356 -0.007663422018839383 0.004970635543264151
-949.6574906641617 9.974365356288748 -0.00757693588167118 0.004919278289469914
-939.9671081064735 9.97406248486607 -0.007492545203683096 0.004869029168967524
-930.2767255486688 9.97374064978524 -0.007410168844360833 0.004819850304342162
-920.5863429908641 9.97339948013824 -0.007329730073991547 0.00477170564877703
-910.8959604330594 9.973038647307643 -0.007251156262592223 0.00472456086939218
-901.2055778752547 9.97265786609308 -0.008159184262356275 0.004678383239882661
-891.51519531745 9.972256895565966 -0.008058727059817358 0.0046331415415646945
-881.8248127596453 9.971835539659084 -0.007961217121816102 0.004588805972040987
-872.1344302018406 9.971393647499664 -0.007866501510681438 0.004545348060781728
-862.4440476440359 9.970931113496368 -0.007774439200778428 0.004502740590993106
-852.7536650862312 9.970447877192084 -0.007684899839553687 0.004460957527211436
-843.0632825284265 9.969943922895581 -0.007597762667615125 0.004419973948119336
-833.3728999706218 9.969419279106148 -0.007512915573894213 0.004379765984131803
-823.6825174128171 9.968874017745987 -0.007430254266035348 0.00434031075934564
-813.9921348550124 9.968308253215698 -0.007349681539474995 0.004301586337485898
-804.3017522972077 9.967722141288444 -0.007271106631374978 0.004263571671518889
-794.611369739403 9.967115877858609 -0.007194444647784695 0.00422624655663302
-784.9209871815983 9.966489697560599 -0.00711961605422421 0.0041895915863171575
-775.2306046237936 9.965843872273348 -0.007046546221380483 0.004153588111291389
-765.5402220659889 9.96517870952574 -0.006975165018853457 0.004118218201067773
-755.8498395081842 9.964494550817722 -0.006905406450924658 0.004083464607938765
-746.159456950496 9.963791769871388 -0.006837208329188264 0.0040493107332096575
-736.4690743926913 9.96307077082567 -0.006770511977605642 0.004015740595504729
-726.7786918348866 9.962331986387737 -0.006705261966173939 0.003982738801000059
-717.0883092770819 9.961575875953276 -0.006641405869888172 0.0039502905154348055
-707.3979267192772 9.960802923707314 -0.006578894050143929 0.003918381437778992
-697.7075441614725 9.960013636716315 -0.006517679456084057 0.0038869977754380073
-688.0171616036678 9.959208543021566 -0.00645771744371723 0.003856126220886535
-678.3267790458631 9.958388189743053 -0.006398965610908536 0.0038257539296331065
-668.6363964880584 9.957553141202272 -0.0063413836465765145 0.0037958684994243885
-658.9460139302537 9.956703977071578 -0.006284933192632944 0.0037664579506055725
-649.255631372449 9.955841290556995 -0.006229577717376026 0.003737510707559854
-639.5652488146443 9.9549656866206 -0.006398241173257349 0.0037090155811559168
-629.8748662568396 9.954077780247927 -0.006702201017912411 0.0036809617521378684
-620.1844836990349 9.953178194765114 -0.006635080011369066 0.003653338755396993
-610.4941011412302 9.952267560209894 -0.006569664978454573 0.0036261364650692807
-600.8037185834255 9.951346511759883 -0.006605581512105447 0.003604921884270002
-591.1133360256208 9.950415688221065 -0.0065407694332707 0.0035783883925633204
-581.4229534678161 9.949475730578763 -0.006477561315937834 0.003552254329495375
-571.7325709100114 9.948527280612966 -0.006415881877471855 0.003526510263100676
-562.0421883523231 9.947570979579323 -0.006355661375480973 0.0035011470873811666
-552.3518057945184 9.946607466956658 -0.006346260685402018 0.0034781860620781407
-542.6614232367137 9.945637379261669 -0.006287507656233829 0.0034535067943326737
-532.971040678909 9.944661348930708 -0.0063277503452820695 0.0034340531254271286
-523.2806581211044 9.94368000326862 -0.006269115932445583 0.003409956720932979
-513.5902755632997 9.942693963464038 -0.00621183703840018 0.003386208487148658
-503.89989300549496 9.9417038436704 -0.00615585470731586 0.0033628003513555007
-494.20951044769026 9.940710250151646 -0.006101114006348872 0.0033397245300168426
-484.51912788988557 9.939713780491358 -0.006047563651324987 0.0033169735121405513
-474.82874533208087 9.938715022863942 -0.0059951556758023414 0.003294540044153497
-465.1383627742762 9.937714555366268 -0.005978864265785298 0.003276020419814958
-455.4479802164715 9.936712945408038 -0.005927698904901739 0.003254107609638066
-445.7575976586668 9.935710749159071 -0.005882247300601561 0.003232635693772524
-436.0672151008621 9.934708511051568 -0.0058330439831907055 0.003211316468006709
-426.3768325430574 9.933706763335353 -0.0059428338336189965 0.0032007945899732125
-416.6864499852527 9.932706025684046 -0.005891547735752575 0.003179779392710241
-406.996067427448 9.931706804850043 -0.005869217782082461 0.003159943037835433
-397.3056848696433 9.930709594366192 -0.00581941344328628 0.0031394782971427837
-387.6153023118386 9.92971487429201 -0.0057706712400127855 0.0031192912325139857
-377.9249197541503 9.9287231110023 -0.005722947734595825 0.003099375476501063
-368.2345371963456 9.927734757015973 -0.005676202338637594 0.0030797249104863064
-358.54415463854093 9.926750250863098 -0.005630397053782847 0.003060333647905277
-348.85377208073623 9.92577001698788 -0.005585496242203762 0.0030411960191935074
-339.16338952293154 9.924794465685629 -0.005541466422752409 0.003022306558229635
-329.47300696512684 9.923823993071686 -0.005498276089359697 0.003003659990079104
-319.78262440732215 9.922858981080253 -0.005455895548786556 0.002985251219874187
-310.09224184951745 9.921899797491266 -0.005414296775265824 0.0029670753226905514
-300.40185929171275 9.920946795983385 -0.005373453279933456 0.0029491275343011825
-290.71147673390806 9.920000316211285 -0.005333339993249038 0.002931403242705559
-281.02109417610336 9.919060683905492 -0.005293933158857992 0.0029138979803462915
-271.33071161829866 9.918128210993045 -0.005427138101200342 0.002910269897207734
-261.64032906049397 9.917203195737354 -0.005384710953584801 0.002892842824979919
-251.94994650268927 9.916285922895666 -0.005343142275281531 0.0028756393673739023
-242.25956394488458 9.915376663892628 -0.005302397000865413 0.002858654321552218
-232.56918138707988 9.914475677008499 -0.0052624424588636805 0.002841882715863131
-222.87879882927518 9.91358320758063 -0.0052232481409593716 0.002825319791332345
-213.1884162714705 9.912699488216884 -0.0051590410008309625 0.002810081472073494
-203.4980337136658 9.911824739019751 -0.005232685236181145 0.0027948843236897582
-193.8076511559775 9.910959167819957 -0.005193416592720132 0.0027788682005538087
-184.1172685981728 9.910102970418404 -0.005154913308432453 0.002763046138721127
-174.42688604036812 9.909256330835484 -0.005160420368725307 0.0027501087428363734
-164.73650348256342 9.908419421566604 -0.005173824201405159 0.0027364882726429434
-155.04612092475872 9.90759240384306 -0.00536463933958159 0.002721110202528524
-145.35573836695403 9.906775427897356 -0.005320661691241133 0.002705916338993909
-135.66535580914933 9.90596863323211 -0.005277730222130434 0.002690902743304399
-125.97497325134464 9.90517214889175 -0.005235792632231349 0.002676065634163844
-116.28459069353994 9.904386093736292 -0.005194800786839109 0.0026614013763696137
-106.59420813573524 9.903610576716462 -0.005154710274311967 0.0026469064706801594
-96.90382557793055 9.902845697149584 -0.005115480021026206 0.0026325775447317962
-87.21344302012585 9.902091544995564 -0.005077071954936708 0.0026184113448668705
-77.52306046232115 9.90134820113248 -0.005039450710603931 0.0026044047287567713
-67.83267790451646 9.900615737631231 -0.0050025833697338725 0.0025905546587206203
-58.14229534671176 9.89989421802877 -0.004966439232244754 0.0025768581956550473
-48.451912788907066 9.899183697599511 -0.004930989613667207 0.0025633124935025764
-38.76153023110237 9.898484223624491 -0.0048962076653373396 0.002549914794196333
-29.071147673297673 9.89779583565793 -0.004862068214382325 0.002536662423027291
-19.380765115492977 9.897118565790851 -0.00482854762094611 0.002523552784387517
-9.690382557804696 9.896452438911483 -0.00479562365047751 0.002510583357849168
0.0 2.0684865109141795 -0.12049859158133645 0.12003214500091189
9.690382557804696 2.535372840801446 -0.11747006546273865 0.11697613147891033
19.380765115609393 2.8617485426789093 -0.11459334853664382 0.1140738744388753
29.07114767341409 3.124126319289183 -0.11185725106241182 0.1113140258686687
38.761530231218785 3.347703544452269 -0.10925165794594766 0.10868632821702424
48.45191278902348 3.544539708075793 -0.10676740270926544 0.10618148647117392
58.14229534682818 3.7215153941012353 -0.10439615879240763 0.10379105783002039
67.83267790463287 3.882993574860585 -0.10213034546894864 0.10150735621250181
77.52306046243757 4.031944989458319 -0.09996304613303814 0.0993233693248493
87.21344302024227 4.17049932740498 -0.09788793710064274 0.09723268640104626
96.90382557804696 4.300244210192397 -0.09589922537964235 0.09522943504758388
106.59420813585166 4.422400113320963 -0.1025119227056476 0.09620427867075892
116.28459069365636 4.53792887166412 -0.10046350892999803 0.09428640726318585
125.97497325146105 4.6476042033320555 -0.0988876582581467 0.09252467455698654
135.66535580926575 4.752059331137909 -0.0969891422316292 0.09075263055004376
145.35573836707044 4.851820179107815 -0.09516411524942142 0.08904826981105059
155.04612092487514 4.947329145708675 -0.09340834331198988 0.0874077658360492
164.73650348267984 5.038962527061159 -0.09171791406424959 0.08582757618476793
174.42688604048453 5.127043545112117 -0.09008920659949923 0.08430441652019617
184.1172685981728 5.2118522621944425 -0.0885188646281295 0.08283523745360225
193.8076511559775 5.293633244190577 -0.08700377257806355 0.08141720384612228
203.4980337137822 5.372601565956639 -0.08554103425732316 0.08004767626731238
213.1884162715869 5.448947576256937 -0.08412795376126658 0.07872419435172089
222.8787988293916 5.522840720839273 -0.08276201835211261 0.07744446183012535
232.5691813871963 5.594432640974126 -0.08144088307544342 0.0762063330414183
242.259563945001 5.663859707966745 -0.08016235691024819 0.07500780075658246
251.9499465028057 5.731245113811716 -0.07892439027601497 0.07384698516782628
261.6403290606104 5.796700609076982 -0.07772506374336124 0.07272212391451653
271.3307116184151 5.860327957847208 -0.07656257781434048 0.07163156303349934
281.0210941762198 5.922220163821074 -0.07543524365540859 0.07057374873515401
290.7114767340245 5.982462509872885 -0.07434147468051752 0.06954721991840672
300.40185929182917 6.041133444467821 -0.0732797788942893 0.06855060134822223
310.09224184963387 6.098305341499149 -0.07224875191601636 0.0675825974280286
319.78262440743856 6.154045154851375 -0.07124707061458416 0.06664198650730216
329.47300696524326 6.208414984895469 -0.07027348729253409 0.0657276156713224
339.16338952304795 6.261472570906252 -0.06932682436455485 0.06483839596602936
348.85377208085265 6.3132717208491 -0.06840596948185854 0.06397329801610571
358.54415463865735 6.363862687957903 -0.06750987105929196 0.06313134799895699
368.2345371963456 6.413292501902142 -0.06663753416676939 0.06231162394127586
377.9249197541503 6.461605261035138 -0.06578801675068936 0.06151325230833271
387.615302311955 6.508842391140178 -0.06496042615486702 0.060735404859450025
397.3056848697597 6.555042875244395 -0.06415391591336349 0.059977295745523414
406.9960674275644 6.600243458337719 -0.06336768279080192 0.059238178827231466
416.6864499853691 6.644478830259741 -0.06260096404805009 0.05851734519452702
426.3768325431738 6.687785842767956 -0.0618530349134497 0.057814120869989695
436.0672151009785 6.762845567315943 -0.06112320624173708 0.057127864680315596
445.7575976587832 6.846435587217728 -0.06041082234455595 0.05645796628174026
455.4479802165879 6.92652304185776 -0.05971525897802702 0.05580384432654777
465.1383627743926 7.003323925217741 -0.059035921474232644 0.05516494475903072
474.8287453321973 7.077035318577076 -0.05837224300472055 0.05454073923035155
484.519127890002 7.147837653832692 -0.05772368296524412 0.05393072362272752
494.2095104478067 7.215896627112523 -0.05708972547195366 0.053334416674234095
503.8998930056114 7.28136482831443 -0.056469877960148324 0.05275135869630646
513.5902755634161 7.344383137950049 -0.05586366987750123 0.0521811103767229
523.2806581212208 7.40508193188636 -0.055270651464392605 0.05162325166149032
532.9710406790255 7.463582126332664 -0.0546903926146365 0.05107738070962491
542.6614232368302 7.519996089059587 -0.05412248181047302 0.05054311291533829
552.3518057945184 7.574428437885757 -0.05356652512623336 0.05002007999261377
562.0421883523231 7.626976743588029 -0.0530221452955175 0.049507929117536945
571.7325709101278 7.677732151305907 -0.052488980837296154 0.049006322124260024
581.4229534679325 7.726779932086796 -0.05196668523650744 0.048514934750607364
591.1133360257372 7.774199974233046 -0.05145492617530795 0.04803345592986624
600.8037185835419 7.820067222540677 -0.05095338481131991 0.04756158712546136
610.4941011413466 7.864452072227044 -0.05046175509955562 0.047099041705516806
620.1844836991513 7.9074207232925 -0.049979743154961426 0.0466455443545418
629.874866256956 7.949035500195489 -0.049507066652764824 0.046200830519692294
639.5652488147607 7.989355141004731 -0.0490434542640308 0.045764645889259305
649.2556313725654 8.028435059597467 -0.04858864512403437 0.04533674590121549
658.9460139303701 8.066327583975955 -0.04814238833124147 0.04491689527981631
668.6363964881748 8.10308217335756 -0.047704442474858035 0.04450486759840425
678.3267790459795 8.138745616342309 -0.04727457518906187 0.044100444866702004
688.0171616037842 8.173362212164196 -0.046852562732172615 0.043703417141008526
697.7075441615889 8.206973936779509 -0.04643818958914479 0.04331358215582748
707.3979267193936 8.239620595329345 -0.046031248095887274 0.04293074497556509
717.0883092771983 8.271339962328433 -0.04563153808402142 0.04255471766503245
726.778691835003 8.302167910773042 -0.0452388665447906 0.0421853189775776
736.4690743926913 8.332138531222961 -0.044853047310929754 0.0418223740597604
746.159456950496 8.361284241795948 -0.044473900755356795 0.041465714171529174
755.8498395083006 8.389635889902081 -0.044101253505721826 0.04111517642102035
765.5402220661053 8.417222846467766 -0.043734938173760736 0.040770603513014446
775.23060462391 8.444073093307752 -0.043374793098627906 0.040431843510295176
784.9209871817147 8.470213304241929 -0.04302066210334635 0.04009874960712171
794.6113697395194 8.495668920490376 -0.04267239426360302 0.03977117991410632
804.3017522973241 8.52046422082689 -0.0423298436881641 0.03944899725383263
813.9921348551288 8.54462238692393 -0.04199286931023404 0.03913206896659371
823.6825174129335 8.568165564279907 -0.041661334689125924 0.03882026672566983
833.3728999707382 8.59111491908259 -0.04133510782165309 0.03851346636160346
843.0632825285429 8.613490691329151 -0.041014060962689704 0.038211547694964154
852.7536650863476 8.635312244493953 -0.04069807045438381 0.037914394377128346
862.4440476441523 8.656598112008691 -0.04038701656353925 0.03762189373862909
872.134430201957 8.677366040795848 -0.040097162471255575 0.037333936644659116
881.8248127597617 8.697633032075293 -0.03983152340938059 0.03705041735733629
891.5151953175664 8.717415379644724 -0.03953327268948324 0.03677123340436493
901.2055778753711 8.736728705817509 -0.03923958145686976 0.03649628545374902
910.8959604331758 8.75558799518604 -0.03895034267236008 0.036225477194234135
920.5863429909805 8.77400762636471 -0.03866545284115107 0.03595871522117492
930.2767255486688 8.792001401853748 -0.03838481184466925 0.03569590892754562
939.9671081064735 8.809582576155266 -0.038108322784603244 0.03543697039980698
949.6574906642782 8.826763882257877 -0.03783589183782198 0.03518181431842419
959.3478732220829 8.843557556604404 -0.037567428120966896 0.03493035786273537
969.0382557798875 8.859975362641029 -0.03730284356378996 0.03468252061999443
978.7286383376922 8.87602861304294 -0.03704205279037371 0.03443822449835843
988.4190208954969 8.89172819070291 -0.036784973007506334 0.03419739364362428
998.1094034533016 8.907084568562889 -0.036531523899575376 0.03395995435952739
