-1007.7997860111063 8.905471932102985 -0.008618239929390271 0.0
-998.1094034533016 8.90527306112823 -0.00895191862625039 3.585657489180074e-05
-988.4190208954969 8.90508500636065 -0.008920245327434939 3.5591540525899395e-05
-978.7286383376922 8.904907574287623 -0.00888880670962681 3.533039542277143e-05
-969.0382557798875 8.904740571857145 -0.008857599941160053 3.507305459615447e-05
-959.3478732220829 8.904583806643059 -0.008826622241787208 3.481943551798339e-05
-949.6574906642782 8.90443708699958 -0.008795870881338562 3.4569458030153655e-05
-939.9671081064735 8.904300222205599 -0.008897831650093464 3.432304426005152e-05
-930.2767255486688 8.90417302259919 -0.008866548471089449 3.408011853967821e-05
-920.5863429908641 8.904055299702772 -0.008835498017426505 3.384060732817889e-05
-910.8959604330594 8.903946866339355 -0.008804677435390554 3.360443913761864e-05
-901.2055778752547 8.90384753674025 -0.008774083924291605 3.337154446184272e-05
-891.51519531745 8.903757126644667 -0.008743714735055853 3.314185570827679e-05
-881.8248127596453 8.903675453391587 -0.00871356716886773 3.2915307132523955e-05
-872.1344302018406 8.90360233600425 -0.00868363857585964 3.269183477562368e-05
-862.4440476441523 8.903537595267634 -0.008788575087894959 3.2471376403856497e-05
-852.7536650863476 8.903481053799295 -0.008861273782264072 3.559104662284769e-05
-843.0632825285429 8.903432536113849 -0.008830249310354832 3.535178565154543e-05
-833.3728999707382 8.90339186868145 -0.00879945898042232 3.511572324704955e-05
-823.6825174129335 8.903358879980585 -0.008768899820417153 3.488279562718173e-05
-813.9921348551288 8.90333340054544 -0.009192801984524712 3.4652940696304306e-05
-804.3017522973241 8.903315263008158 -0.009159341120006345 3.4426097989884163e-05
-794.6113697395194 8.90330430213625 -0.009126152057015158 3.4202208621217194e-05
-784.9209871817147 8.903300354865427 -0.009136373131920198 3.3981215230234445e-05
-775.23060462391 8.90330326032809 -0.009103399275091297 3.376306193429322e-05
-765.5402220661053 8.90331285987774 -0.009070690615203048 3.354769428086249e-05
-755.8498395083006 8.903328997109528 -0.009038243467701542 3.333505920200637e-05
-746.159456950496 8.903351517877164 -0.009006054226505267 3.3125104970617436e-05
-736.4690743926913 8.90338027030641 -0.008974119361686232 3.291778115828122e-05
-726.7786918348866 8.90341510480535 -0.008942435417238557 3.271303859473046e-05
-717.0883092770819 8.903455874071614 -0.00891099900893058 3.251082932881474e-05
-707.3979267192772 8.9035024330968 -0.008879806822236753 3.231110659090942e-05
-697.7075441614725 8.903554639168185 -0.00884885561034569 3.2113824756707654e-05
-688.0171616036678 8.903612351867972 -0.008818142192241068 3.191893931234115e-05
-678.3267790459795 8.903675433070182 -0.008787663450852475 3.1726406820775134e-05
-668.6363964881748 8.903743746935385 -0.009204463928578812 0.00013237676820315432
-658.9460139303701 8.903817159903369 -0.009171161598364239 0.00013144807970323115
-649.2556313725654 8.903895540683932 -0.009138132851613707 0.00013053242294748567
-639.5652488147607 8.903978760245904 -0.009105373769728779 0.00012962952387737424
-629.874866256956 8.904066691804529 -0.00907288051965349 0.00012873911610531774
-620.1844836991513 8.904159210807336 -0.00904064935131673 0.00012786094064700217
-610.4941011413466 8.904256194918599 -0.009008676595171211 0.00012699474566485285
-600.8037185835419 8.904357524002503 -0.00897695865982467 0.0001261402862221461
-591.1133360257372 8.904463080105128 -0.008945492029759161 0.00012529732404722993
-581.4229534679325 8.904572747435317 -0.008914273263134523 0.00012446562730738424
-571.7325709101278 8.904686412344569 -0.008883298989672318 0.0001236449703918706
-562.0421883523231 8.904803963305989 -0.008852565908616631 0.00012283513370370345
-552.3518057945184 8.90492529089243 -0.009049932990431485 0.0001415031817580902
-542.6614232367137 8.90505028775387 -0.0090179926869732 0.0001405708222316452
-532.971040678909 8.905178848594108 -0.008986308662258932 0.00013965075916382063
-523.2806581211044 8.90531087014687 -0.008954877338654006 0.00013874274929850635
-513.5902755632997 8.905446251151346 -0.00892369521435792 0.0001378465557911059
-503.89989300549496 8.905584892327274 -0.008892758861208203 0.0001369619479975972
-494.2095104478067 8.905726696349586 -0.008945836649498847 0.00013608870127192673
-484.519127890002 8.905871567822707 -0.008914765830760467 0.00013522659677125699
-474.8287453321973 8.906019413254523 -0.008883939913103645 0.000134375421268906
-465.1383627743926 8.906170141030104 -0.008853355546990424 0.00013353496697440532
-455.4479802165879 8.906323661385207 -0.00882300945230378 0.00013270503136050653
-445.7575976587832 8.906479886379602 -0.008792898416382996 0.00013188541699677998
-436.0672151009785 8.906638729870277 -0.008808001025268273 0.00013107593138949876
-426.3768325431738 8.906800107484543 -0.00877801957748441 0.00013027638682757314
-416.6864499853691 8.906963936593089 -0.008748268776803984 0.00012948660023421785
-406.9960674275644 8.907130136283012 -0.008718745556757834 0.00012870639302414114
-397.3056848697597 8.907298627330855 -0.008786485303461346 0.00012793559096600164
-387.615302311955 8.907469332175687 -0.008756692303714552 0.000127174024049921
-377.9249197541503 8.907642174892253 -0.008727128536722943 0.0001264215263598002
-368.2345371963456 8.9078170811642 -0.008697790943959786 0.00012567793595028996
-358.54415463854093 8.907993978257435 -0.008668676528736081 0.00012494309472816647
-348.85377208073623 8.90817279499362 -0.008639782354491116 0.0001242168483379688
-339.16338952293154 8.908353461723806 -0.00861110554314284 0.00012349904605168938
-329.47300696512684 8.908535910302264 -0.00858264327349562 0.00012278954066237283
-319.78262440732215 8.908720074060504 -0.008554392779702855 0.0001220881883814476
-310.09224184963387 8.908905887781488 -0.00852635134978267 0.00012139484873965466
-300.40185929182917 8.909093287674102 -0.008498516324182295 0.00012070938449137395
-290.7114767340245 8.909282211347822 -0.008470885094394358 0.0001200316615223324
-281.0210941762198 8.909472597787659 -0.008443455101616147 0.00011936154876039272
-271.3307116184151 8.909664387329356 -0.0147481579056966 0.002576211944891317
-261.6403290606104 8.909857521634859 -0.014674400033385115 0.0025574228656217897
-251.9499465028057 8.910051943668053 -0.01460152048559781 0.0025389066764925725
-242.259563945001 8.91024759767081 -0.014529501958038921 0.002520657462530899
-232.5691813871963 8.910444429139302 -0.014458327621232298 0.0025026694787495577
-222.8787988293916 8.910642384800637 -0.014387981103972316 0.0024849371440771057
-213.1884162715869 8.91084141258979 -0.014318446477469486 0.0024674550355465287
-203.4980337137822 8.911041461626851 -0.014249708240156965 0.0024502178827296352
-193.8076511559775 8.91124248219458 -0.01418175130312575 0.002433220562405093
-184.1172685981728 8.911444425716281 -0.014114560976158264 0.0024164580934487485
-174.42688604036812 8.911647244734006 -0.014048122954331745 0.0023999256319355297
-164.73650348256342 8.911850892887061 -0.013982423305164261 0.0023836184664426663
-155.04612092475872 8.912055324890868 -0.01391744845627781 0.002367532013544787
-145.35573836695403 8.912260496516115 -0.013853185183554176 0.0023516618134916635
-135.66535580914933 8.91246636456826 -0.013789620599760702 0.002336003526060085
-125.97497325134464 8.912672886867345 -0.013726742143624102 0.0023205529265717326
-116.28459069365636 8.912880022228139 -0.013664537569332622 0.002305305902069509
-106.59420813585166 8.91308773044062 -0.013602994936442469 0.0022902584476439157
-96.90382557804696 8.913295972250753 -0.013542102600181233 0.0022754066629053714
-87.21344302024227 8.913504709341607 -0.013481849202115816 0.002260746748592177
-77.52306046243757 8.9137139043148 -0.013422223661179487 0.002246275003310718
-67.83267790463287 8.913923520672244 -0.013363215165037693 0.0022319878204008895
-58.14229534682818 8.914133522798219 -0.013304813161778489 0.002217881684921307
-48.45191278902348 8.914343875941755 -0.013247007351913274 0.002203953170749043
-38.761530231218785 8.914554546199334 -0.013189787680674293 0.002190198937788792
-29.07114767341409 8.914765500497882 -0.013133144330596185 0.00217661572928671
-19.380765115609393 8.914976706578095 -0.013077067714369154 0.0021632003692443457
-9.690382557804696 8.915188132978031 -0.018121490702660586 0.0021499497599283667
0.0 1.1562801905754982 -0.050920666997566186 0.08235840139929007
9.690382557804696 1.6467357826322155 -0.050586482917929027 0.08175375807976618
19.380765115609393 1.9945779717928414 -0.05025692323061295 0.08115793569133936
29.07114767341409 2.2763889524205156 -0.04998177341270745 0.08057260116235156
38.761530231218785 2.51760961630011 -0.049660804227902276 0.07999383717290368
48.45191278902348 2.730506084441198 -0.04934417978361318 0.079423335402071
58.14229534682818 2.9221279051069633 -0.04903181022547757 0.07886092006568923
67.83267790451646 3.096978292106771 -0.048723608187395566 0.07830642033366086
77.52306046232115 3.258146596885669 -0.04844927011375133 0.07776056330628324
87.21344302012585 3.4078644893314882 -0.04814893151562946 0.07722139468056306
96.90382557793055 3.5478084622997574 -0.04790526435284436 0.07669147501248767
106.59420813573524 3.6792772938437075 -0.04761230427352123 0.07616700278968248
116.28459069353994 3.803302432190005 -0.04732311806258257 0.07564966079705052
125.97497325134464 3.9207199450107373 -0.047037631406472775 0.07513930452303444
135.66535580914933 4.032219246039315 -0.04675577195223288 0.07463579333698625
145.35573836695403 4.138377165365637 -0.04647746924290223 0.07413899035970409
155.04612092475872 4.2396824255248395 -0.04620265465546563 0.0736487623391196
164.73650348256342 4.336553638716128 -0.04594163910970548 0.07316553003107112
174.42688604036812 4.429352810054596 -0.045673525203464446 0.0726880620134793
184.1172685981728 4.5183956500077525 -0.04541187257103303 0.07221686445471974
193.8076511559775 4.603959574284557 -0.045150260969503794 0.07175166769731013
203.4980337137822 4.686289996918182 -0.044962401972053624 0.07129537182689671
213.1884162715869 4.765605342981627 -0.044706556550145084 0.07084195790132838
222.8787988293916 4.842101086708031 -0.04447289720620334 0.07039475342429488
232.5691813871963 4.915953037916303 -0.04422298184545048 0.06995269716798556
242.259563945001 4.987320041678858 -0.04397602100848528 0.06951616198562319
251.94994650268927 5.056346214947148 -0.04373196125564922 0.06908504502842823
261.64032906049397 5.22977662266316 -0.04349075044368965 0.0686592459875463
271.33071161829866 5.398550578952397 -0.043252337686465324 0.06823866701612294
281.02109417610336 5.554107049351081 -0.04301667331704924 0.06782321265418183
290.71147673390806 5.698069564741128 -0.04278370885121304 0.06741278975626164
300.40185929171275 5.831776043092731 -0.04255339695221772 0.06700730742166626
310.09224184951745 5.956344618956713 -0.04232569139685899 0.06660667692722252
319.78262440732215 6.0727209754168285 -0.042100547042715555 0.06621081166244144
329.47300696512684 6.181713203438816 -0.04187791979655073 0.06581962706698362
339.16338952293154 6.284018014236913 -0.04165776658381977 0.06543304057033278
348.85377208073623 6.380240810315661 -0.04144004531923867 0.06505097153358841
358.54415463854093 6.4709113013269075 -0.04129161351290904 0.06467644624889071
368.2345371963456 6.556495826761022 -0.04107814229922146 0.06430315485453122
377.9249197541503 6.637407203403815 -0.0408669896007281 0.06393415037361636
387.615302311955 6.714012684276187 -0.04065811685899132 0.06356935934383447
397.3056848697597 6.78664045713256 -0.04045148637663168 0.0632087099725481
406.9960674275644 6.8555849996832805 -0.04024706129326757 0.0628521320896094
416.6864499853691 6.921111529833722 -0.039970153149276405 0.06250485964345097
426.3768325431738 6.983459732268328 -0.04007522281879945 0.06215668727419944
436.0672151008621 7.042846900978279 -0.03987550384518511 0.061811876159837804
445.7575976586668 7.099470606368246 -0.03967787554441367 0.061470871802455404
455.4479802164715 7.153510972303757 -0.040217222052108786 0.06115651954742894
465.1383627742762 7.2051326308219465 -0.0400512847433024 0.06082368612588154
474.82874533208087 7.2544864086509975 -0.041211744761669715 0.06049355808428178
484.51912788988557 7.301710789201035 -0.04100659399127261 0.06016699649156713
494.20951044769026 7.346933185480158 -0.040803600442682574 0.05984394383373887
503.89989300549496 7.390271052925246 -0.04060272905424199 0.05952434382744045
513.5902755632997 7.431832866003274 -0.04040394553887155 0.059208141387202255
523.2806581211044 7.4717189783321105 -0.04020721636234322 0.05889528259372758
532.971040678909 7.5100223827621555 -0.040012508722295816 0.05858571466318111
542.6614232367137 7.546829385179135 -0.03981979052796305 0.05827938591744347
552.3518057945184 7.582220203601887 -0.03962903038058525 0.05797624575529636
562.0421883523231 7.616269502355772 -0.03944019755447762 0.05767624462450436
571.7325709101278 7.649046869623656 -0.03925326197872882 0.05737933399476123
581.4229534679325 7.6806172454508195 -0.03906819421950511 0.05708546633146967
591.1133360257372 7.711041306259548 -0.03888496546293636 0.056794595070324215
600.8037185835419 7.740375811075171 -0.03870354749856118 0.056506674592669524
610.4941011413466 7.768673913947805 -0.038523912703309765 0.0562216602016057
620.1844836990349 7.795985446448295 -0.03834603402600556 0.055939508098818536
629.8748662568396 7.822357173606226 -0.038987552425826764 0.05575014368652846
639.5652488146443 7.8478330262150315 -0.038807067498634655 0.055472923714013016
649.255631372449 7.872454312068519 -0.03862834938527436 0.0551984495498002
658.9460139302537 7.896259908363048 -0.03845137124284266 0.054926680558934106
668.6363964880584 7.919286437232895 -0.03827610678581941 0.05465757690529208
678.3267790458631 7.941568426148133 -0.03810253027127832 0.05439109953202113
688.0171616036678 7.963138454700916 -0.037930616484579224 0.05412721014254681
697.7075441614725 7.984027289129402 -0.03776034072552288 0.05386587118213642
707.3979267192772 8.004264005775047 -0.037591678794950754 0.05360704581999702
717.0883092770819 8.023876104535185 -0.03742460698177262 0.05335069793189022
726.7786918348866 8.042889613256008 -0.03725910205040549 0.05309679208324659
736.4690743926913 8.06132918390869 -0.0377036645189904 0.05289683378803098
746.159456950496 8.079218181301606 -0.03753675216678951 0.05264732951370087
755.8498395083006 8.096578765002587 -0.037428084868640965 0.05240422887118929
765.5402220661053 8.113431965075492 -0.03726386144834069 0.05215935215299369
775.23060462391 8.129797752173868 -0.03710116407987239 0.05191675582060741
784.9209871817147 8.145695102480001 -0.036939970665326 0.051676408125840026
794.6113697395194 8.161142057929364 -0.036780259546512116 0.05143827790812432
804.3017522973241 8.176155782117544 -0.036622009493711145 0.05120233458095294
813.9921348550124 8.190752612248392 -0.03646519969477949 0.050968548118692295
823.6825174128171 8.204948107449272 -0.0363098097445888 0.05073688904374591
833.3728999706218 8.218757093745188 -0.03615581963481279 0.05050732841409723
843.0632825284265 8.232193705962564 -0.036003209744012214 0.05027983781116441
852.7536650862312 8.245271426802809 -0.03585196082803422 0.05005438932799835
862.4440476440359 8.258003123307738 -0.035702054010703775 0.04983095555779725
872.1344302018406 8.27040108091792 -0.035553470774797646 0.049609509582729625
881.8248127596453 8.282477035307615 -0.035406192953291685 0.049390024963056764
891.51519531745 8.294242202163922 -0.03526020272087032 0.04917247572654495
901.2055778752547 8.305707305063434 -0.03511548258568969 0.048956836358158624
910.8959604330594 8.316882601586682 -0.03497201538138509 0.048743081790025546
920.5863429908641 8.327777907798888 -0.03482978425931401 0.04853118739166589
930.2767255486688 8.338402621214886 -0.034688772681026395 0.04832112896047714
939.9671081064735 8.348765742356441 -0.03454896441095439 0.048112882712466526
949.6574906642782 8.358875895001404 -0.0344103435093137 0.04790642527322431
959.3478732220829 8.368741345216137 -0.034272894325209385 0.047701733669129914
969.0382557798875 8.378370019255494 -0.03413660148993891 0.047498785318784056
978.7286383376922 8.387769520407899 -0.03400144991048595 0.047297558024660624
988.4190208954969 8.396947144857139 -0.03386742476319811 0.04709802996497084
