-1007.7997860111063 10.692838711831488 0.0005134091529232611 0.02450150233715804
-998.1094034533016 10.697972807762522 0.00046911030386040864 0.024322835314126094
-988.4190208954969 10.70317316195076 0.00042579495689504596 0.02414680971306695
-978.7286383376922 10.708430021139856 0.000383437262669393 0.023973366791978645
-969.0382557798875 10.713734285553738 0.00034201220084921794 0.02380244954630678
-959.3478732220829 10.719077474741924 0.00030149554830849565 0.023634002645030412
-949.6574906642782 10.72445169441582 0.00026186384874262673 0.023467972369551858
-939.9671081064735 10.729849604371513 0.00022309438363667193 0.023304306555247956
-930.2767255486688 10.735264387567897 0.0001851651445192698 0.023142954535548228
-920.5863429908641 10.740689720406552 0.00014805480643686477 0.022983867088413556
-910.8959604330594 10.746119744241106 0.00011174270258670778 0.02282699638509578
-901.2055778752547 10.751549038128477 7.62088000507212e-05 0.02267229594106568
-891.51519531745 10.756972592821537 4.1433676575080196e-05 0.022519720569002834
-881.8248127596453 10.762385785992548 7.398498344191027e-06 0.02236922633374705
-872.1344302018406 10.76778435866824 -2.5915001299983563e-05 0.022220770509116437
-862.4440476441523 10.773164392850795 -5.852454223885065e-05 0.022074311536504094
-852.7536650863476 10.7785222902942 -9.044731710444121e-05 0.02192980898515836
-843.0632825285429 10.783854752400106 -0.00012170000998811963 0.021787223514092482
-833.3728999707382 10.789158761196724 -0.00015229881437767612 0.021646516835512886
-823.6825174129335 10.7944315613598 -0.0001822594503536741 0.021507651679720546
-813.9921348551288 10.799670643234897 -0.0002115971810825116 0.021370591761406856
-804.3017522973241 10.80487372681885 -0.00024032682863838804 0.02123530174728142
-794.6113697395194 10.810038746658153 -0.0002684627891859335 0.021101747224970657
-784.9209871817147 10.815163837622142 -0.000296019047552783 0.020969894673129368
-775.23060462391 10.82024732150934 -0.00032300919122034644 0.020839711432710434
-765.5402220661053 10.825287694446008 -0.0003494464237592878 0.020711165679340542
-755.8498395083006 10.830283615036988 -0.00037534357773511635 0.020584226396752534
-746.159456950496 10.835233893229919 -0.000400713127107591 0.02045886335122757
-736.4690743926913 10.840137479855215 -0.00042556719914690325 0.020335047067002517
-726.7786918348866 10.844993456805483 -0.00044991758588816663 0.020212748802600242
-717.0883092770819 10.849801027819414 -0.00047377575514452987 0.020091940528042723
-707.3979267192772 10.854559509836658 -0.0004971528610986727 0.019972594902908657
-697.7075441614725 10.859268324891543 -0.0005200597544908628 0.019854685255199334
-688.0171616036678 10.863926992515015 -0.0005425069924214481 0.0197381855609782
-678.3267790459795 10.868535122615503 -0.0005645048477840308 0.01962307042475258
-668.6363964881748 10.873092408811232 -0.0005860633183469247 0.019509315060558096
-658.9460139303701 10.877598622186682 -0.000607192135493963 0.01939689527373659
-649.2556313725654 10.88205360544925 -0.0006279007726444651 0.01928578744335165
-639.5652488147607 10.886457267461488 -0.0006481984533619864 0.019175968505235418
-629.874866256956 10.890809578126678 -0.0006680941591665389 0.019067415935632676
-620.1844836991513 10.895110563606456 -0.0006875966370625009 0.018960107735419007
-610.4941011413466 10.899360301850288 -0.0007067144067939012 0.018854022414869637
-600.8037185835419 10.90355891841781 -0.0007254557678385447 0.01874913897895679
-591.1133360257372 10.907706582576072 -0.0007438288061516415 0.018645436913154
-581.4229534679325 10.911803503654795 -0.000761841400669261 0.018542896169727374
-571.7325709101278 10.91584992764363 -0.000779501229581296 0.018441497154494203
-562.0421883523231 10.919846134016483 -0.0007968157763833722 0.01834122071403051
-552.3518057945184 10.923792432768682 -0.0008137923357165861 0.01824204812330988
-542.6614232367137 10.927689161653747 -0.0008304380190035757 0.01814396107375662
-532.971040678909 10.9315366836072 -0.000846759759889025 0.018046941661697187
-523.2806581211044 10.93533538434568 -0.0008627643194924303 0.017950972377194403
-513.5902755632997 10.939085670130282 -0.0008784582914803451 0.017856036093249813
-503.89989300549496 10.942787965683747 -0.0008938481069655883 0.017762116055359982
-494.2095104478067 10.946442712251697 -0.0009089400392394204 0.017669195871414432
-484.519127890002 10.95005036579899 -0.0009237402083448426 0.017577259501915663
-474.8287453321973 10.953611395331983 -0.000938254585494022 0.01748629125052558
-465.1383627743926 10.957126281339448 -0.0009524889973396822 0.017396275754904204
-455.4479802165879 10.960595514343954 -0.0013131600719176058 0.017390980708508592
-445.7575976587832 10.964019593556849 -0.0013221602464956583 0.017301692293472587
-436.0672151009785 10.967399025630133 -0.0013310223650503626 0.0172133427320729
-426.3768325431738 10.970734323498961 -0.0013397467655080248 0.017125916715810673
-416.6864499853691 10.974026005308934 -0.0013483339180376656 0.01703939929079469
-406.9960674275644 10.977274593422669 -0.0013567844120197167 0.016953775846190625
-397.3056848697597 10.980480613500477 -0.0013650989441582144 0.016869032103207615
-387.615302311955 10.983644593650357 -0.0013732783076305828 0.016785154104587162
-377.9249197541503 10.986767063642748 -0.0013813233821797642 0.016702128204562197
-368.2345371963456 10.989848554185794 -0.0013892351250632071 0.016619941059257168
-358.54415463854093 10.992889596257191 -0.0013970145627812186 0.016538579617501964
-348.85377208073623 10.995890720488816 -0.0014046627835154295 0.016458031112035105
-339.16338952293154 10.998852456600728 -0.0014121809302141128 0.016378283051073236
-329.47300696512684 11.001775332881223 -0.00141957019426785 0.016299323210225834
-319.78262440732215 11.004659875709875 -0.0014268318097238383 0.016221139624735786
-310.09224184963387 11.00750660912071 -0.001433967047992317 0.01614372058202852
-300.40185929182917 11.01031605440298 -0.0014409772130032409 0.016067054614547646
-290.7114767340245 11.01308872973653 -0.0014478636367737142 0.015991130492875316
-281.0210941762198 11.015825149860103 -0.0014546276753528643 0.015915937219104406
-271.3307116184151 11.018525825769817 -0.001461270705111274 0.015841464020463023
-261.6403290606104 11.021191264446017 -0.0014677941193466963 0.015767700343173173
-251.9499465028057 11.023821968606473 -0.0014741993251795624 0.015694635846532953
-242.259563945001 11.026418436484157 -0.0014804877407144272 0.015622260397211204
-232.5691813871963 11.028981161627879 -0.00621546177863625 0.017657044718157155
-222.8787988293916 11.031510632724228 -0.006157589318886433 0.017557538953088522
-213.1884162715869 11.034007333439273 -0.006101309966139294 0.01745945279894829
-203.4980337137822 11.036471742278723 -0.006046557802640496 0.017362746894494043
-193.8076511559775 11.038904332465137 -0.00599327041124556 0.017267383619518274
-184.1172685981728 11.041305571831087 -0.005941388649289192 0.017173326990224176
-174.42688604036812 11.043675922727031 -0.0058908564396588 0.01708054256235253
-164.73650348256342 11.046015841942902 -0.005841620577567328 0.016988997341388014
-155.04612092475872 11.048325780642369 -0.005793630551669126 0.01689865969923919
-145.35573836695403 11.050606184308885 -0.005746838378294619 0.016809499296845533
-135.66535580914933 11.052857492702604 -0.005701198447697609 0.016721487012216974
-125.97497325134464 11.055080139827387 -0.0056566673813141614 0.016634594873458666
-116.28459069365636 11.0572745539071 -0.00561320389912682 0.0165487959963764
-106.59420813585166 11.059441157370623 -0.005570768696308394 0.016464064526288447
-96.90382557804696 11.061580366844566 -0.005529324328406228 0.01638037558372507
-87.21344302024227 11.063692593153538 -0.005488835104377315 0.016297705213690724
-77.52306046243757 11.065778241327035 -0.005449266986864054 0.016216030338227744
-67.83267790463287 11.067837710612528 -0.005410587499144264 0.016135328712022674
-58.14229534682818 11.06987139449426 -0.005372765638242179 0.016055578880825924
-48.45191278902348 11.071879680717231 -0.005335771793731476 0.015976760142474185
-38.761530231218785 11.073862951315967 -0.005299577671801435 0.015898852510323094
-29.07114767341409 11.075821582647636 -0.011637578790380701 0.015821836678913858
-19.380765115609393 11.077755945429152 -0.01151690258462287 0.015745693991712287
-9.690382557804696 11.079666404777859 -0.01139923850197783 0.0156704064107721
0.0 2.953303312743362 0.01028591912310521 0.10320344967851551
9.690382557804696 3.9259215718369296 0.010103134602187328 0.10193265942715063
19.380765115609393 4.488059576270314 0.009925610380341402 0.1006949510707081
29.07114767341409 4.914447438667628 0.009753127260068661 0.09948902075783649
38.761530231218785 5.265230889033914 0.009585477988256715 0.0983136327593771
48.45191278902348 5.565932299077052 0.009422466457554849 0.09716761506566166
58.14229534682818 5.830259907462027 0.009263906970685923 0.0960498553212397
67.83267790451646 6.0666025926601215 0.009109623562007708 0.09495929706724339
77.52306046232115 6.280545301331298 0.0089594493712019 0.09389493626448009
87.21344302012585 6.476033351867119 0.0088132260645209 0.09285581807325795
96.90382557793055 6.65597949998938 0.008670803299414323 0.09184103386784633
106.59420813573524 6.822608897402074 0.008532038228827372 0.0908497184660303
116.28459069353994 6.9776683579400185 0.008396795041786767 0.08988104755581687
125.97497325134464 7.122560021941973 0.008264944537225347 0.08893423530311928
135.66535580914933 7.258430371585172 0.008136363728283694 0.08800853212573424
145.35573836695403 7.386231595963716 0.008010935474585175 0.0871032226202736
155.04612092475872 7.506765143959674 0.007888548140212871 0.08621762362992111
164.73650348256342 7.620713413460205 0.007769095275323802 0.0853510824419719
174.42688604036812 7.728663309790834 0.007652475319523844 0.08450297510509229
184.1172685981728 7.831124091843424 0.00753859132529321 0.08367270485711764
193.8076511559775 7.928541116915822 0.007427350699905142 0.08285970065500489
203.4980337137822 8.021306583889366 0.007318664964415668 0.08206341579927326
213.1884162715869 8.109768041687776 0.007212449528426186 0.08128332664591872
222.8787988293916 8.19423520832527 0.0071086234794317995 0.08051893139937635
232.5691813871963 8.27498549502438 0.007007109385668762 0.07976974898063904
242.259563945001 8.35226852526207 0.006907833111466146 0.07903531796512529
251.94994650268927 8.42630986476581 0.006810723644190166 0.07831519558533792
261.64032906049397 8.49731412555297 0.006715712931937028 0.07760895679369537
271.33071161829866 8.565467568591126 0.006622735731222535 0.07691619338146302
281.02109417610336 8.63094030131911 0.006531729463937952 0.07623651314974093
290.71147673390806 8.693888145078654 0.006442634082939304 0.07556953912907086
300.40185929171275 8.754454231566159 0.006355391945663626 0.07491490884431908
310.09224184951745 8.812770375245744 0.006269947695221528 0.07427227362180504
319.78262440732215 8.86895825930726 0.006186248148456289 0.07364129793586845
329.47300696512684 8.923130465487455 0.006104242190499836 0.07302165879227751
339.16338952293154 8.975391372384022 0.006023880675390794 0.0724130451460767
348.85377208073623 9.025837942403786 0.005945116332353459 0.07181515735164781
358.54415463854093 9.074560413918267 0.005867903677365683 0.0712277066429223
368.2345371963456 9.137665562230124 0.005792198929672242 0.07065041464183228
377.9249197541503 9.204726259580733 0.0057179599329244095 0.07008301289322447
387.615302311955 9.268534400642078 0.005645146080650596 0.06952524242458864
397.3056848697597 9.329312923960378 0.005573718245783553 0.06897685332906797
406.9960674275644 9.387264297239104 0.005503638713989831 0.06843760437032628
416.6864499853691 9.442572928033307 0.005434871120564618 0.06790726260794566
426.3768325431738 9.49540722529958 0.005367380390672331 0.06738560304211998
436.0672151008621 9.545921371678421 0.005301132682729033 0.06687240827649879
445.7575976586668 9.59425685460106 0.005236095334731355 0.06636746819807264
455.4479802164715 9.640543795113746 0.00517223681336665 0.06587057967319054
465.1383627742762 9.6849021061167 0.00510952666572295 0.06538154625865177
474.82874533208087 9.727442505980628 0.005047935473456545 0.06490017792709206
484.51912788988557 9.768267408961881 0.004987434809268526 0.06442629080581132
494.20951044769026 9.807471710176927 0.00492799719555663 0.06395970692828562
503.89989300549496 9.84514347994432 0.004869596065116972 0.06350025399765069
513.5902755632997 9.881364579902664 0.004812205723778321 0.06304776516148768
523.2806581211044 9.916211211351802 0.004755801314859151 0.06260207879728594
532.971040678909 9.949754404653206 0.004700358785344739 0.06216303830799612
542.6614232367137 9.982060457194883 0.004645854853688302 0.06173049192712341
552.3518057945184 10.013191326321776 0.004592266979146017 0.06130429253284514
562.0421883523231 10.043204982712222 0.004539573332561439 0.060884297470668175
571.7325709101278 10.072155728910081 0.004487752768520425 0.0604703683841717
581.4229534679325 10.100094487074113 0.004436784798801857 0.06006237105340749
591.1133360257372 10.127069059458993 0.00438664956705495 0.059660175240556494
600.8037185835419 10.153124364678643 0.004337327824637344 0.05926365454246363
610.4941011413466 10.178302652408219 0.004288800907552513 0.05887268624969554
620.1844836990349 10.202643698844184 0.004241050714429419 0.058487151211791086
629.8748662568396 10.226184984955633 0.00419405968548633 0.05810693370836204
639.5652488146443 10.248961859306261 0.0041478107824364984 0.057731921325816324
649.255631372449 10.271007687023243 0.004102287469275816 0.05736200483933117
658.9460139302537 10.29235398629437 0.004057473693915956 0.05699707809988211
668.6363964880584 10.313030553621271 0.00401335387061654 0.056637037926050834
678.3267790458631 10.333065578915331 0.00396991286317694 0.05628178400038165
688.0171616036678 10.352485751402165 0.0039271359688494226 0.0559312187700645
697.7075441614725 10.371316357194678 0.0038850089029380183 0.055585247351735215
707.3979267192772 10.389581369302023 0.0038435177840492833 0.05524377744019474
717.0883092770819 10.407303530760512 0.0038026491199629085 0.0549067192208602
726.7786918348866 10.424504431500768 0.0037623897940921337 0.054573985285770746
736.4690743926913 10.441204579502525 0.0037227270525054344 0.05424549055298064
746.159456950496 10.45742346673249 0.003683648491482611 0.053921152189180976
755.8498395083006 10.473179630311435 0.003645142045579612 0.053600889535399966
765.5402220661053 10.48849070931284 0.0036071959761783453 0.053284624035639744
775.23060462391 10.503373497556433 0.0035697988604983253 0.05297227916831464
784.9209871817147 10.517843992725345 0.0035329395810488043 0.052663780380363394
794.6113697395194 10.531917442104664 0.0034966073155008465 0.05235905502391451
804.3017522972077 10.545608385211327 0.0034607915269604436 0.052058032295392846
813.9921348550124 10.558930693561729 0.0034254819546217074 0.051760643176937425
823.6825174128171 10.57189760779782 0.0033906686047892936 0.05146682038008096
833.3728999706218 10.584521772378254 0.003356341742244735 0.05117649829152039
843.0632825284265 10.596815268017531 0.0033224918819477842 0.050889612920939825
852.7536650862312 10.608789642043382 0.003289109781055009 0.050606101850775034
862.4440476440359 10.620455936826946 0.003256186431242262 0.05032590418783933
872.1344302018406 10.63182471642735 0.0032237130513173944 0.050048960516730454
881.8248127596453 10.642906091580405 0.0031916810801106282 0.04977521285494223
891.51519531745 10.653709743150364 0.00316008216963045 0.049504604609608774
901.2055778752547 10.664244944153992 0.0031289081784735013 0.04923708053581209
910.8959604330594 10.674520580457292 0.003098151165477651 0.04897258669638747
920.5863429908641 10.684545170237222 0.0030678033836076604 0.04871107042316398
930.2767255486688 10.694326882293431 0.003037857274063782 0.04845248027958092
939.9671081064735 10.703873553288354 0.003008305460603637 0.048196766024623
949.6574906642782 10.713192703987955 0.0029791407440686365 0.04794387857802051
959.3478732220829 10.722291554569846 0.002950356097106227 0.04769376998666266
969.0382557798875 10.73117703906046 0.0029219446590799704 0.047446393392175296
978.7286383376922 10.739855818958299 0.0028938997311595584 0.04720170299961554
988.4190208954969 10.748334296096063 0.002866214771583577 0.04695965404723923
998.1094034531852 10.756618624790493 0.002838883391088084 0.04672020277730071
