-1007.7997860109899 11.16235806018668 -0.016387193275807094 0.0027551963334031026
-998.1094034533016 11.163381215931691 -0.01632110056893864 0.002743684520558525
-988.4190208954969 11.164394237367878 -0.01625554176483763 0.002732274384020799
-978.7286383376922 11.165397257160485 -0.0161905105168739 0.002720964446007464
-969.0382557798875 11.16639040537748 -0.016126000571013183 0.00270975326124558
-959.3478732220829 11.167373806204433 -0.016062005764625242 0.0026986394159484147
-949.6574906642782 11.168347580650837 -0.01599852002527317 0.002687621526835213
-939.9671081064735 11.169311850644768 -0.01593553736948868 0.002676698240191873
-930.2767255486688 11.17026673237714 -0.01587305190153694 0.0026658682309704013
-920.5863429908641 11.171212338265947 -0.01581105781217416 0.0026551302019251237
-910.8959604330594 11.17214877667573 -0.01574954937740076 0.0026444828827837923
-901.2055778752547 11.173076151607818 -0.015688520957212744 0.0026339250294517627
-891.51519531745 11.173994562368154 -0.01562796699435349 0.002623455423247643
-881.8248127596453 11.174904103221005 -0.01556788201306813 0.0026130728701687987
-872.1344302018406 11.175804863038108 -0.015508260617862259 0.0026027762001852805
-862.4440476440359 11.176696924953776 -0.0154490974922666 0.0025925642665607564
-852.7536650862312 11.17758036603688 -0.015390387397609135 0.00258243594519918
-843.0632825284265 11.178455256990892 -0.015332125171795942 0.0025723901340159315
-833.3728999706218 11.17932166189269 -0.015274305728101829 0.0025624257523322942
-823.6825174128171 11.180179637980299 -0.015216924053971868 0.002552541740292182
-813.9921348551288 11.181029235498569 -0.015159975209835246 0.002542737058300182
-804.3017522973241 11.181870497610642 -0.015103454327928229 0.0025330106864792415
-794.6113697395194 11.182703460381147 -0.01504735661113704 0.002523361624148857
-784.9209871817147 11.183528152835926 -0.014991677331847614 0.002513788889320516
-775.23060462391 11.184344597100653 -0.014936411830812908 0.002504291518211369
-765.5402220661053 11.185152808619327 -0.014881555516034196 0.0024948685647746068
-755.8498395083006 11.185952796451621 -0.014827103861657162 0.0024855191002459654
-746.159456950496 11.18674456364638 -0.01477305240688333 0.002476242212705619
-736.4690743926913 11.187528107687013 -0.014719396754896816 0.0024670370066548412
-726.7786918348866 11.18830342100303 -0.01466613257180677 0.002457902602606762
-717.0883092770819 11.189070491540807 -0.014613255585605464 0.0024488381366906697
-707.3979267192772 11.189829303385647 -0.014560761585142317 0.002439842760269262
-697.7075441614725 11.190579837426291 -0.014508646419113652 0.002430915639568319
-688.0171616036678 11.1913220720526 -0.014456905995068488 0.0024220559553182865
-678.3267790458631 11.192055983876655 -0.014405536278430145 0.0024132629024073014
-668.6363964880584 11.192781548467456 -0.014354533291533668 0.002404535689545171
-658.9460139302537 11.193498741089378 -0.014303893112679135 0.002395873538937877
-649.255631372449 11.194207537434863 -0.014253611875200587 0.002387275685972214
-639.5652488146443 11.194907914342217 -0.014203685766550607 0.0023787413789101213
-629.8748662568396 11.19559985048992 -0.0141541110274004 0.0023702698785923607
-620.1844836991513 11.196283327059577 -0.01410488395075578 0.002361860458151279
-610.4941011413466 11.196958328360457 -0.014056000881085471 0.0023535124027316803
-600.8037185835419 11.19762484240942 -0.014007458213470351 0.002345225009221032
-591.1133360257372 11.198282861461013 -0.013959252392761702 0.0023369975859866493
-581.4229534679325 11.19893238248347 -0.0139113799127571 0.0023288294526210697
-571.7325709101278 11.199573407577406 -0.013863837315390294 0.0023207199396947506
-562.0421883523231 11.200205944334888 -0.013816621189935412 0.0023126683885158947
-552.3518057945184 11.200830006137709 -0.013769728172225347 0.002304674150897157
-542.6614232367137 11.201445612394446 -0.013723154943884092 0.0022967365889289787
-532.971040678909 11.202052788716825 -0.013676898231572825 0.0022888550747593305
-523.2806581211044 11.2026515670368 -0.013630954806249542 0.002281028990379581
-513.5902755632997 11.203241985666292 -0.013585321482442117 0.0022732577274163597
-503.89989300549496 11.203824089302342 -0.01353999511753435 0.0022655406869291276
-494.20951044769026 11.20439792898082 -0.0134949726110651 0.0022578772792132985
-484.51912788988557 11.204963561982398 -0.013450250904040034 0.0022502669236087063
-474.82874533208087 11.20552105169471 -0.013405826978255922 0.002242709048313245
-465.1383627742762 11.206070467434925 -0.013361697855637228 0.0022352030902014893
-455.4479802164715 11.206611884237162 -0.013317860597584781 0.0022277484946481543
-445.7575976586668 11.207145382609133 -0.013274312304336313 0.002220344715356189
-436.0672151009785 11.207671048262462 -0.01323105011433923 0.002212991214189503
-426.3768325431738 11.208188971821071 -0.01318807120363216 0.002205687461009571
-416.6864499853691 11.208699248511788 -0.013145372785243076 0.002198432933517167
-406.9960674275644 11.209201977841303 -0.013102952108593146 0.002191227117097278
-397.3056848697597 11.20969726326319 -0.013060806458914134 0.002184069504668416
-387.615302311955 11.210185211838644 -0.01301893315667588 0.002176959596535646
-377.9249197541503 11.210665933894147 -0.012977329557024249 0.0021698969002473443
-368.2345371963456 11.211139542679058 -0.012935993049229344 0.002162880930455503
-358.54415463854093 11.211606154025828 -0.012894921056143777 0.002155911208779546
-348.85377208073623 11.212065886015223 -0.012854111033670845 0.002148987263673468
-339.16338952293154 11.212518858648634 -0.012813560470242348 0.0021421086302962624
-329.47300696512684 11.21296519352925 -0.012773266886305961 0.0021352748503854916
-319.78262440732215 11.21340501355367 -0.012733227833821926 0.002128485472133935
-310.09224184951745 11.213838442615163 -0.012693440895768841 0.0021217400500691814
-300.40185929171275 11.214265605319623 -0.012653903685658479 0.002115038144936137
-290.71147673390806 11.214686626714995 -0.012614613847059392 0.002108379323582301
-281.02109417610336 11.21510163203477 -0.012575569053129104 0.0021017631588457594
-271.33071161829866 11.215510746455958 -0.0125367670061548 0.0020951892294458195
-261.64032906049397 11.215914094871748 -0.01249820543710233 0.002088657119876193
-251.9499465028057 11.216311801678938 -0.012459882105173709 0.0020821664203007273
-242.259563945001 11.216703990580173 -0.012421794797370442 0.002075716726451179
-232.5691813871963 11.217090784400678 -0.01238394132806913 0.0020693076395280857
-222.8787988293916 11.217472304919424 -0.012346319538600204 0.002062938766103142
-213.1884162715869 11.217848672714211 -0.013666492703618943 0.0028723231217235
-203.4980337137822 11.218220007020442 -0.013610959143657815 0.002854996372915325
-193.8076511559775 11.218586425602973 -0.013556141392089043 0.0028380033809505783
-184.1172685981728 11.21894804464068 -0.013502018010345748 0.002821332125990023
-174.42688604036812 11.219304978623109 -0.013448568592999841 0.002804971198886046
-164.73650348256342 11.219657340258728 -0.013395773702681328 0.0027889097622192244
-155.04612092475872 11.22000524039418 -0.013343614809924378 0.002773137514293041
-145.35573836695403 11.220348787943943 -0.013292074237508982 0.0027576446558277524
-135.66535580914933 11.220688089829869 -0.013241135108909735 0.002742421859119984
-125.97497325134464 11.221023250929951 -0.013190781300501117 0.00272746023945739
-116.28459069353994 11.221354374035844 -0.013140997397202458 0.0027127513285981272
-106.59420813573524 11.221681559818458 -0.013091768651276153 0.0026982870501429486
-96.90382557793055 11.222004906801192 -0.013043080944019427 0.0026840596966439642
-87.21344302012585 11.222324511340188 -0.012994920750114278 0.002670061908308673
-77.52306046232115 11.222640467611127 -0.012947275104421825 0.002656286653170833
-67.83267790463287 11.222952867602112 -0.012900131571027372 0.0026427272086116237
-58.14229534682818 11.223261801112075 -0.012853478214355866 0.002629377144123887
-48.45191278902348 11.223567355754309 -0.01280730357220527 0.002616230305225125
-38.761530231218785 11.22386961696469 -0.01276159663053946 0.0026032807984277314
-29.07114767341409 11.224168668014178 -0.012716346799915021 0.002590522977188323
-19.380765115609393 11.224464590025178 -0.012671543893416083 0.002577951428761545
-9.690382557804696 11.224757461991446 -0.012627178105985298 0.002565560961891164
0.0 11.225047360801097 -0.012583239995048588 0.00255334659527672
9.690382557804696 8.75290767351869 -0.0415941796594417 0.03111812632762768
19.380765115609393 8.939914118987259 -0.04115826476123636 0.030719902292954814
29.07114767341409 9.072989872084758 -0.040733230683277076 0.030332147766644564
38.761530231218785 9.178803257375725 -0.04031865541657422 0.029954451463531748
48.45191278902348 9.267491225799278 -0.03991413874190149 0.029586423414766066
58.14229534682818 9.344195350552408 -0.03951930083715782 0.029227693603273264
67.83267790463287 9.411944185962815 -0.03913378099030533 0.028877910702758518
77.52306046243757 9.472696655175753 -0.038757236408656685 0.02853674091119749
87.21344302024227 9.527804346716174 -0.038389341116196116 0.028203866870654175
96.90382557804696 9.57824509603795 -0.03802978493142851 0.02787898666606096
106.59420813585166 9.62475255709786 -0.03767827251897425 0.027561812896305538
116.28459069365636 9.667893305438222 -0.037334522508772415 0.027252071811603207
125.97497325134464 9.708115305182787 -0.03699826667733628 0.026949502511702746
135.66535580914933 9.74577974519634 -0.03666924918599358 0.026653856199956583
145.35573836695403 9.781182716957774 -0.03634722587159183 0.02636489548881627
155.04612092475872 9.814570423158361 -0.03603196358542376 0.02608239375259581
164.73650348256342 9.846150119784811 -0.03572323957664344 0.025806134523839654
174.42688604036812 9.876098160319255 -0.03542084091669506 0.025535910929885903
184.1172685981728 9.90456602199211 -0.035124563961607874 0.025271525166538456
193.8076511559775 9.931684896690681 -0.03483421384928086 0.025012788006026843
203.4980337137822 9.957569242036733 -0.03454960402912728 0.02475951833667488
213.1884162715869 9.98231956686825 -0.036180601768008955 0.024511542731918814
222.8787988293916 10.006024644685999 -0.03588117021207523 0.024268695046514018
232.5691813871963 10.02876329377424 -0.0355876512078192 0.024030816037949466
242.259563945001 10.050605824732825 -0.03707247648344223 0.023797753011252285
251.9499465028057 10.071615229480631 -0.0367660139767498 0.023569359485513183
261.6403290606104 10.091848166820338 -0.036465586533589764 0.02334549488059815
271.3307116184151 10.111355786025547 -0.03617100570773035 0.023126024222634642
281.0210941762198 10.130184420028796 -0.03588209103807661 0.02291081786697223
290.7114767340245 10.148376172559153 -0.03559866962226574 0.02269975123741953
300.40185929182917 10.165969418240127 -0.035320575717755695 0.022492704580652265
310.09224184951745 10.182999230677416 -0.03504765036833004 0.02228956273477459
319.78262440732215 10.199497750564625 -0.03477974105410009 0.022090214911076742
329.47300696512684 10.215494503535878 -0.034516701363317345 0.02189455448815402
339.16338952293154 10.231016675722262 -0.03425839068434168 0.021702478817531866
348.85377208073623 10.246089353560818 -0.03400467391635859 0.021513889040087216
358.54415463854093 10.26073573328887 -0.03375542119749064 0.02132868991255953
368.2345371963456 10.27497730464657 -0.0335105076490805 0.02114678964351222
377.9249197541503 10.291955193848398 -0.03326981313501819 0.0209680997381493
387.615302311955 10.311515362119286 -0.033033222035076464 0.020792534851434133
397.3056848697597 10.330347427593974 -0.03280062303129901 0.02062001264899662
406.9960674275644 10.34849945390454 -0.032571908906561656 0.020450453675351126
416.6864499853691 10.36601501269701 -0.03234697635449425 0.020283781228980433
426.3768325431738 10.382933714604553 -0.032125725800013584 0.02011992124387193
436.0672151009785 10.399291664490823 -0.03190806122977375 0.019958802177120417
445.7575976587832 10.41512185340847 -0.031693890031893074 0.01980035490223796
455.4479802165879 10.430454497325652 -0.031483122844363526 0.019644512607835427
465.1383627743926 10.44531733085785 -0.03127567341159264 0.019491210701362748
474.8287453321973 10.459735862839233 -0.031071458448567527 0.01934038671761554
484.519127890002 10.473733599457272 -0.030870397512167524 0.019191980231734875
494.20951044769026 10.48733223977237 -0.0306724128791878 0.019045932776446537
503.89989300549496 10.50055184769546 -0.03047742943065107 0.0189021877632903
513.5902755632997 10.513411003859598 -0.030285374542062482 0.018760690407641833
523.2806581211044 10.525926940286332 -0.030096177979206103 0.018621387657282593
532.971040678909 10.538115660279674 -0.029909771799189036 0.018484228124347808
542.6614232367137 10.54999204558994 -0.029726090256411302 0.018349162020457967
552.3518057945184 10.56156995255514 -0.029545069713177177 0.01821614109486282
562.0421883523231 10.572862298648026 -0.029366648554680363 0.018085118575435943
571.7325709101278 10.583881140624419 -0.029190767108112733 0.01795604911236772
581.4229534679325 10.594637745276462 -0.0290173675656634 0.017828888724413815
591.1133360257372 10.605142653637687 -0.028846393911189226 0.017703594747564697
600.8037185835419 10.61540573935842 -0.028677791850352574 0.017580125786009988
610.4941011413466 10.625436261865724 -0.028511508744034582 0.01745844166527879
620.1844836991513 10.635242914838757 -0.028347493544845045 0.01733850338744408
629.874866256956 10.644833870458895 -0.02818569673656018 0.01722027308828574
639.5652488147607 10.654216819838108 -0.02802607027633121 0.017103713996313254
649.2556313725654 10.663399009982822 -0.027868567539515398 0.016988790393554252
658.9460139303701 10.672387277609577 -0.027713143266990623 0.016875467578020845
668.6363964881748 10.68118808009607 -0.027559753514823263 0.01676371182777059
678.3267790458631 10.689807523822312 -0.027408355606168108 0.01665349036648477
688.0171616036678 10.698251390132384 -0.02725890808527442 0.01654477133048208
697.7075441614725 10.70652515912362 -0.027111370673516648 0.016437523737117477
707.3979267192772 10.714634031454166 -0.026965704227311132 0.016331717454473496
717.0883092770819 10.72258294833932 -0.026821870697850306 0.01622732317230155
726.7786918348866 10.730376609893764 -0.02667983309255219 0.01612431237414598
736.4690743926913 10.738019491962238 -0.026539555438142123 0.016022657310596284
746.159456950496 10.745515861568887 -0.026401002745285576 0.01592233097361467
755.8498395083006 10.752869791103915 -0.026264140974696464 0.015823307071888688
765.5402220661053 10.76008517135616 -0.026128937004648745 0.01572556000716154
775.23060462391 10.767165723490423 -0.025995358599823746 0.01562906485149517
784.9209871817147 10.77411501006021 -0.025863374381429098 0.015533797325423362
794.6113697395194 10.780936445138307 -0.025732953798528656 0.01543973377695457
804.3017522973241 10.78763330364085 -0.02560406710052619 0.015346851161386118
813.9921348551288 10.794208729913805 -0.025476685310748703 0.015255127021893364
823.6825174129335 10.800665745644874 -0.025350780201078043 0.015164539470859394
833.3728999707382 10.80700725715854 -0.025226324267582315 0.015075067171912433
843.0632825285429 10.813236062146874 -0.025103290707101177 0.014986689322639862
852.7536650863476 10.81935485588425 -0.02498165339474134 0.014899385637949283
862.4440476440359 10.825366236970009 -0.024861386862242516 0.014813136334049586
872.1344302018406 10.831272712639661 -0.02474246627716603 0.014727922113019092
881.8248127596453 10.837076703680413 -0.02462486742289063 0.014643724147950864
891.51519531745 10.842780548986092 -0.02450856667935118 0.014560524068630386
901.2055778752547 10.848386509781157 -0.024393541004508745 0.014478303947738054
910.8959604330594 10.853896773542258 -0.024279767916511548 0.014397046287548511
920.5863429908641 10.859313457643076 -0.024167225476517906 0.014316734007106894
930.2767255486688 10.864638612745743 -0.024055892272152667 0.014237350429862234
939.9671081064735 10.869874225960393 -0.02394574740156992 0.014158879271739033
949.6574906642782 10.875022223792245 -0.02383677045809589 0.014081304629629093
959.3478732220829 10.880084474894103 -0.023728941515427503 0.014004610970286328
969.0382557798875 10.885062792640543 -0.023622241113363144 0.013928783119608192
978.7286383376922 10.889958937538426 -0.023516650244043327 0.013853806252288166
988.4190208954969 10.89477461948742 -0.023412150338679872 0.01377966588182436
998.1094034533016 10.899511499902575 -0.023308723254753545 0.013706347850869934
