-610.4941011413466 11.307483656493442 0.0 0.0
-600.8037185835419 11.307483656493442 0.0 0.0
-591.1133360257372 11.307483656493442 0.0 0.0
-581.4229534679325 11.307483656493442 0.0 0.0
-571.7325709101278 11.307483656493442 0.0 0.0
-562.0421883523231 11.307483656493442 0.0 0.0
-552.3518057945184 11.307483656493442 0.0 0.0
-542.6614232367137 11.307483656493442 0.0 0.0
-532.971040678909 11.307483656493442 0.0 0.0
-523.2806581211044 11.307483656493442 0.0 0.0
-513.5902755634161 11.307483656493442 0.0 0.0
-503.8998930056114 11.307483656493442 0.0 0.0
-494.2095104478067 11.307483656493442 0.0 0.0
-484.519127890002 11.307483656493442 0.0 0.0
-474.8287453321973 11.307483656493442 0.0 0.0
-465.1383627743926 11.307483656493442 0.0 0.0
-455.4479802165879 11.307483656493442 0.0 0.0
-445.7575976587832 11.307483656493442 0.0 0.0
-436.0672151009785 11.307483656493442 0.0 0.0
-426.3768325431738 11.307483656493442 0.0 0.0
-416.6864499853691 11.307483656493442 0.0 0.0
-406.9960674275644 11.307483656493442 0.0 0.0
-397.3056848697597 11.307483656493442 0.0 0.0
-387.615302311955 11.307483656493442 0.0 0.0
-377.9249197541503 11.307483656493442 0.0 0.0
-368.2345371963456 11.307483656493442 0.0 0.0
-358.54415463854093 11.307483656493442 0.0 0.0
-348.85377208073623 11.307483656493442 -0.00036860063442410295 0.0
-339.16338952293154 11.307483656493442 -0.0003636134817003302 0.0
-329.47300696524326 11.307483656493442 -0.0003587594794335939 0.0
-319.78262440743856 11.307483656493442 -0.00035403336545562303 0.0
-310.09224184963387 11.307483656493442 -0.0003494301512774663 0.0
-300.40185929182917 11.307483656493442 -0.00034494510452546336 0.0
-290.7114767340245 11.307483656493442 -0.0003405737327129921 0.0
-281.0210941762198 11.307483656493442 -0.0003363117682306484 0.0
-271.3307116184151 11.307483656493442 -0.00033215515444950244 0.0
-261.6403290606104 11.307483656493442 -0.0003281000328423054 0.0
-251.9499465028057 11.307483656493442 -0.0003241427310367039 0.0
-242.259563945001 11.307483656493442 -0.00032027975172271215 0.0
-232.5691813871963 11.307483656493442 -0.0003165077623440138 0.0
-222.8787988293916 11.307483656493442 -0.00031282358550922975 0.0
-213.1884162715869 11.307483656493442 -0.0003092241900651627 0.0
-203.4980337137822 11.307483656493442 -0.0003057066827793055 0.0
-193.8076511559775 11.307483656493442 -0.000302268300583648 0.0
-184.1172685981728 11.307483656493442 -0.0002989064033360804 0.0
-174.42688604036812 11.307483656493442 -0.00029561846705953855 0.0
-164.73650348256342 11.307483656493442 -0.000292402077622507 0.0
-155.04612092475872 11.307483656493442 -0.0019187990406250752 0.0
-145.35573836695403 11.307483656493442 -0.0018934352334445284 0.0
-135.66535580926575 11.307483656493442 -0.0018687375602861511 0.0
-125.97497325146105 11.307483656493442 -0.005251376385961424 0.0018469166345390744
-116.28459069365636 11.307483656493442 -0.005181412557967646 0.0018216952460030208
-106.59420813585166 11.307483656493442 -0.005113294174662778 0.0017971534210801698
-96.90382557804696 11.307483656493442 -0.005046948994684836 0.001773264059678963
-87.21344302024227 11.307483656493442 -0.0049823085058445194 0.0017500014837587433
-77.52306046243757 11.307483656493442 -0.004919307687199492 0.0017273413452616275
-67.83267790463287 11.307483656493442 -0.010506073782832137 0.0017052605411058905
-58.14229534682818 11.307483656493442 -0.010369581340534837 0.00168373713461695
-48.45191278902348 11.307483656493442 -0.010236601616561333 0.0016627502828342703
-38.761530231218785 11.307483656493442 -0.010107000350251966 0.001642280169187806
-29.07114767341409 11.30748365649344 -0.009980650053635964 0.001622307941086902
-19.380765115609393 11.307483656493439 -0.009857429588787275 0.0016028156520084538
-9.690382557804696 11.307483656493435 -0.010691716559298566 0.0017984234246589512
0.0 11.307483656493424 -0.010561394528720633 0.0017769124304236662
9.690382557804696 8.831337433891656 -0.039437442413310146 0.029976636232716465
19.380765115609393 9.011178630278758 -0.03892163331294687 0.02957501797687499
29.07114767341409 9.140600689164541 -0.03860932856128966 0.029200683741746523
38.761530231218785 9.243886558782728 -0.03850405159871594 0.02887800019711155
48.451912788907066 9.330577990471692 -0.038019076944651356 0.028506035049411852
58.14229534671176 9.405588557785176 -0.037546209441294644 0.028143540175953313
67.83267790451646 9.471838466599243 -0.03747471314314077 0.027833161117995407
77.52306046232115 9.531227878898195 -0.03701946359853022 0.027487970621575996
87.21344302012585 9.58507356335722 -0.03657517917034269 0.02715124584030322
96.90382557793055 9.634331386638626 -0.03614146726839599 0.026822678855895433
106.59420813573524 9.679720475363867 -0.035717953870202795 0.026501976514877637
116.28459069353994 9.721797424188493 -0.03530428243366978 0.026188859553547102
125.97497325134464 9.761003096588313 -0.0349001128854657 0.025883061784473436
135.66535580914933 9.797693447663502 -0.03450512067897445 0.025584329339540822
145.35573836695403 9.832160562094726 -0.034118995916303026 0.02529241996499786
155.04612092475872 9.864647450481957 -0.0337414425293113 0.025007102364391767
164.73650348256342 9.89535872500013 -0.033372177515078524 0.024728155585632808
174.42688604036812 9.924468473459807 -0.03301093022162435 0.024455368448768094
184.1172685981728 9.952126179543756 -0.03265744168006614 0.02418853901134328
193.8076511559775 9.978461249825253 -0.032311463979722725 0.02392747406850183
203.4980337137822 10.003586527655512 -0.03197275968297178 0.023671988685215476
213.1884162715869 10.027601057369045 -0.031641101276936506 0.02342190575826121
222.8787988293916 10.050592285036933 -0.03131627065932159 0.023177055605759937
232.56918138707988 10.072637829752773 -0.03099805865594228 0.022937275582276605
242.25956394488458 10.09380692339454 -0.030686264567665267 0.022702409717626267
251.94994650268927 10.114161591491607 -0.03038069574474187 0.022472308377740235
261.64032906049397 10.133757629778438 -0.030081167186546725 0.02224682794598222
271.33071161829866 10.1526454179344 -0.029824299549496374 0.0220258305235288
281.02109417610336 10.170870602423344 -0.029535826752676457 0.02180918364748089
290.71147673390806 10.188474673220338 -0.02925289478241159 0.021596760025496157
300.40185929171275 10.205495453861287 -0.028975345154958358 0.021388437285823077
310.09224184951745 10.22196752018786 -0.02875553999457936 0.021184097741703427
319.78262440732215 10.237922560045616 -0.028487590597391366 0.02098362816918855
329.47300696512684 10.253389683783446 -0.028224602067108386 0.020786919597486204
339.16338952293154 10.268395693522745 -0.02796643753432202 0.020593867111021086
348.85377208073623 10.28296531768644 -0.027712965132271106 0.020404369662452272
358.54415463854093 10.297121416106815 -0.02757235076881125 0.020218329895945963
368.2345371963456 10.310885160096808 -0.027326406002712897 0.020035653980053376
377.9249197541503 10.326750921962985 -0.027084825475316474 0.019856251449589697
387.615302311955 10.345500158213218 -0.02684749358578244 0.01968003505595349
397.3056848697597 10.363559281719821 -0.026614298799371838 0.019506920625365375
406.9960674275644 10.380974097732842 -0.026385133469199296 0.01933682692454122
416.6864499852527 10.3977861124014 -0.02615989366735251 0.019169675533350788
426.3768325430574 10.414033033049119 -0.02593847902478761 0.019005390724029698
436.0672151008621 10.429749198202188 -0.02572079257950717 0.018843899346583527
445.7575976586668 10.444965949087775 -0.02550674063246977 0.018685130719978585
455.4479802164715 10.459711952061221 -0.025296232610809585 0.018529016528809436
465.1383627742762 10.474013479657309 -0.025089180937918534 0.018375490725112905
474.82874533208087 10.487894656561974 -0.024885500909992146 0.01822448943503382
484.51912788988557 10.501377675689055 -0.024685110578664092 0.01807595087006494
494.20951044769026 10.514482988655505 -0.02448793063937954 0.017929815242601597
503.89989300549496 10.52722947423036 -0.024293884325180315 0.01778602468556822
513.5902755632997 10.539634587750486 -0.024102897305596137 0.017644523175889486
523.2806581211044 10.551714494021395 -0.023914897590356133 0.01750525646159312
532.971040678909 10.563484185832433 -0.023729815437652724 0.017368171992344746
542.6614232367137 10.574957589895066 -0.0235475832667077 0.017233218853227924
552.3518057945184 10.586147661747708 -0.023368135574404987 0.01710034770159346
562.0421883523231 10.597066470949802 -0.023191408855770475 0.016969510706813552
571.7325709101278 10.607725277703416 -0.023017341528091786 0.01684066149278592
581.4229534679325 10.618134601885803 -0.022845873858484394 0.01671375508304248
591.1133360257372 10.628304285345779 -0.022676947894721723 0.016588747848325928
600.8037185834255 10.638243548206184 -0.022510507399160155 0.0164655974565073
610.4941011412302 10.647961039821448 -0.022346497785586075 0.016344262824714566
620.1844836990349 10.657464884956644 -0.022184866058863436 0.01622470407358068
629.8748662568396 10.666762725689702 -0.02202556075719953 0.016106882483474225
639.5652488146443 10.6758617594752 -0.02186853189692479 0.015990760452633916
649.255631372449 10.684768773759549 -0.021713730919648254 0.01587630145710286
658.9460139302537 10.693490177492244 -0.02156111064167171 0.01576347001237419
668.6363964880584 10.702032029839522 -0.02141062520555005 0.01565223163666343
678.3267790458631 10.710400066373118 -0.021262230033692233 0.015542552815727678
688.0171616036678 10.718599722977542 -0.021115881783902522 0.015434400969156005
697.7075441614725 10.726636157693282 -0.020971538306767925 0.015327744418059844
707.3979267192772 10.734514270690882 -0.020829158604802632 0.015222552354096025
717.0883092770819 10.742238722550592 -0.02068870279326509 0.015118794809758642
726.7786918348866 10.749813951004597 -0.020550132062568224 0.015016442629879565
736.4690743926913 10.757244186283186 -0.02041340864220745 0.014915467444280696
746.159456950496 10.76453346519208 -0.02027849576613525 0.014815841641523822
755.8498395083006 10.771685644035749 -0.020145357639514784 0.014717538343707164
765.5402220661053 10.778704410490437 -0.02001395940678878 0.014620531382260176
775.23060462391 10.785593294520583 -0.01988426712100321 0.01452479527469078
784.9209871817147 10.792355678423464 -0.019756247714328344 0.014430305202241549
794.611369739403 10.798994806078785 -0.019629868969724424 0.014337036988414768
804.3017522972077 10.805513791473267 -0.019505099493691412 0.014244967078320705
813.9921348550124 10.81191562656224 -0.019381908690076496 0.014154072518828584
823.6825174128171 10.818203188527038 -0.019260266734862808 0.014064330939462839
833.3728999706218 10.824379246479163 -0.019140144551917922 0.013975720534028036
843.0632825284265 10.830446467658836 -0.0190215137896514 0.013888220042923845
852.7536650862312 10.836407423171014 -0.01890434679854297 0.013801808736121253
862.4440476440359 10.842264593297845 -0.01878861660950372 0.013716466396771156
872.1344302018406 10.848020372423246 -0.018674296913034395 0.013632173305418207
881.8248127596453 10.853677073601983 -0.018561362039146576 0.013548910224793934
891.51519531745 10.859236932802776 -0.018449786938014513 0.013466658385164497
901.2055778752547 10.864702112852347 -0.018339547161326377 0.013385399470209648
910.8959604330594 10.870074707104926 -0.018230618844305886 0.013305115603410522
920.5863429908641 10.875356742859614 -0.018122978688376035 0.013225789334924945
930.2767255486688 10.88055018454594 -0.018016603944438422 0.013147403628930177
939.9671081064735 10.885656936696359 -0.017911472396742744 0.013069941851413521
949.6574906642782 10.89067884672258 -0.017807562347322173 0.012993387758392686
959.3478732220829 10.895617707511317 -0.01770485260097166 0.012917725484548146
969.0382557798875 10.900475259853664 -0.01760332245074704 0.01284293953225085
978.7286383375758 10.905253194720979 -0.017502951663965274 0.012769014760970285
988.4190208953805 10.909953155399503 -0.017403720468678444 0.01269593637704224
998.1094034531852 10.9145767394937 -0.017305609540620596 0.0126236899237951
