-1007.7997860109899 8.981855752170848 -0.002828481271543726 3.1814888369812518e-06
-998.1094034531852 8.981855752170848 -0.002810203487386956 3.16008657337861e-06
-988.4190208953805 8.981855752170848 -0.002792174458889229 3.1389721699992025e-06
-978.7286383375758 8.981855752170848 -0.0027743890117033704 3.118139841281763e-06
-969.0382557797711 8.981855752170848 -0.0027568421155845773 3.097583955889206e-06
-959.3478732219664 8.981855752170848 -0.002739528879384208 3.0772990316044213e-06
-949.6574906641617 8.981855752170848 -0.002722444546251316 3.0572797304140385e-06
-939.9671081064735 8.981855752170848 -0.0027055844890321234 3.0375208538060267e-06
-930.2767255486688 8.981855752170848 -0.002688944205856772 3.018017338226643e-06
-920.5863429908641 8.981855752170848 -0.002672519315907441 2.99876425073579e-06
-910.8959604330594 8.981855752170848 -0.0026563055553553297 2.97975678481457e-06
-901.2055778752547 8.981855752170848 -0.0026402987734615367 2.960990256339912e-06
-891.51519531745 8.981855752170848 -0.0026244949288330467 2.9424600997077905e-06
-881.8248127596453 8.981855752170848 -0.002626827609016581 2.924161864108855e-06
-872.1344302018406 8.981855752170848 -0.0026112859739188484 2.906091209939587e-06
-862.4440476440359 8.981855752170848 -0.0025959377001214127 2.8882439053453193e-06
-852.7536650862312 8.981855752170848 -0.002586225218437759 2.8706158228992713e-06
-843.0632825284265 8.981855752170848 -0.002571212475855629 2.85320293639182e-06
-833.3728999706218 8.981855752170848 -0.005074931208279204 0.0009502492177456927
-823.6825174128171 8.981855752170848 -0.005041533629723734 0.0009432557166110385
-813.9921348550124 8.981855752170848 -0.005010659085031999 0.0009363612170010513
-804.3017522972077 8.981855752170848 -0.004978328731264393 0.000929566784768377
-794.611369739403 8.981855752170848 -0.004946428309180785 0.0009228702568513926
-784.9209871815983 8.981855752170848 -0.00491494914492976 0.0009162695320888557
-775.2306046237936 8.981855752170848 -0.004883882798782266 0.0009097625690212791
-765.5402220659889 8.981855752170848 -0.004857901645606265 0.0009033473837853356
-755.8498395083006 8.981855752170848 -0.0048313000567518855 0.0008970220480968619
-746.159456950496 8.981855752170848 -0.004801362614272399 0.000890784687317622
-736.4690743926913 8.981855752170848 -0.0047718073083201406 0.0008846334786029917
-726.7786918348866 8.981855752170848 -0.004742626738191044 0.0008785666491251115
-717.0883092770819 8.981855752170848 -0.004713813694963024 0.0008725824743690668
-707.3979267192772 8.981855752170848 -0.00468536115528314 0.0008666792764981578
-697.7075441614725 8.981855752170848 -0.004679059728640962 0.0008608554227851292
-688.0171616036678 8.981855752170848 -0.0046511466426379655 0.0008551093241062332
-678.3267790458631 8.981855752170848 -0.004633779658875049 0.0008494394334952124
-668.6363964880584 8.981855752170848 -0.004606470723748675 0.0008438442447544786
-658.9460139302537 8.981855752170848 -0.0045794931219017496 0.0008383222911208161
-649.255631372449 8.981855752170848 -0.004552840752952875 0.0008328721439831439
-639.5652488146443 8.981855752170848 -0.004526507666862059 0.0008274924116500202
-629.8748662568396 8.981855752170848 -0.004509271958760133 0.0008221817381645863
-620.1844836990349 8.981855752170848 -0.004483495282015962 0.0008169388021648784
-610.4941011412302 8.981855752170848 -0.004458021846118772 0.0008117623157875025
-600.8037185834255 8.981855752170848 -0.004432846236955554 0.0008066510236126964
-591.1133360256208 8.981855752170846 -0.004407963169828021 0.0008016037016490564
-581.4229534678161 8.981855752170846 -0.005413747902091855 0.0007966191563561226
-571.7325709100114 8.981855752170846 -0.005381858198254589 0.000791696223703233
-562.0421883523231 8.981855752170846 -0.005350356525270911 0.0007868337682631148
-552.3518057945184 8.981855752170846 -0.0053192356743098764 0.0007820306823384171
-542.6614232367137 8.981855752170844 -0.005297713029419002 0.0007772858851205896
-532.971040678909 8.981855752170844 -0.005267264886774482 0.0007725983218786784
-523.2806581211044 8.981855752170844 -0.005237177996598995 0.0007679669631775498
-513.5902755632997 8.981855752170842 -0.005207445817362671 0.0007633908041240452
-503.89989300549496 8.98185575217084 -0.005178061967211895 0.0007588688636399141
-494.20951044769026 8.981855752170839 -0.005149020219058213 0.0007544001837604761
-484.51912788988557 8.981855752170839 -0.005120314495849688 0.0007499838289578701
-474.82874533208087 8.981855752170835 -0.0050919388660166775 0.0007456188854880093
-465.1383627742762 8.981855752170834 -0.005063887539084588 0.0007413044607601589
-455.4479802164715 8.98185575217083 -0.0050361548614463484 0.000737039682728309
-445.7575976586668 8.981855752170826 -0.005008735312287811 0.0007328236993034316
-436.0672151008621 8.981855752170823 -0.004981623499659604 0.0007286556777858175
-426.3768325430574 8.981855752170818 -0.004954814156689247 0.0007245348043166555
-416.6864499852527 8.98185575217081 -0.004928302137927663 0.0007204602833481421
-406.996067427448 8.981855752170803 -0.004902082415824502 0.0007164313371313595
-397.3056848696433 8.981855752170794 -0.004876150077326941 0.0007124472052212594
-387.6153023118386 8.981855752170782 -0.004850500320596906 0.0007085071439980723
-377.9249197541503 8.981855752170766 -0.0048251284518421545 0.0007046104262045532
-368.2345371963456 8.981855752170736 -0.004800029882254849 0.0007007563404981957
-358.54415463854093 8.981855752170674 -0.004775200125057722 0.0006969441910185375
-348.85377208073623 8.981855752170539 -0.004750634792647606 0.0006931732969680201
-339.16338952293154 8.981855752170265 -0.004726329593836875 0.0006894429922066571
-329.47300696512684 8.981855752169743 -0.0047022803311871746 0.000685752624859654
-319.78262440732215 8.981855752168771 -0.004678482898432097 0.0006821015569375671
-310.09224184951745 8.981855752167014 -0.004653919694540326 0.0006785127086743293
-300.40185929171275 8.981855752163913 -0.0046306214533372945 0.0006749382051697897
-290.71147673390806 8.981855752158554 -0.004607563135624301 0.0006714011693721656
-281.02109417610336 8.98185575214948 -0.004584740978118218 0.0006679010152140075
-271.33071161829866 8.981855752134404 -0.004562151296969251 0.0006644371687881065
-261.64032906049397 8.981855752109817 -0.004539790485651949 0.0006610090680337202
-251.94994650268927 8.981855752070409 -0.004517655012923741 0.0006576161624324773
-242.25956394488458 8.981855752008288 -0.0044957414208484404 0.0006542579127135577
-232.56918138707988 8.98185575191191 -0.004474046322882321 0.000650933790567921
-222.87879882927518 8.981855751764648 -0.004452566402020426 0.0006476432783711598
-213.1884162714705 8.981855751542897 -0.004431298409000895 0.0006443858689147285
-203.4980337136658 8.981855751213608 -0.004410239160565199 0.000641161065145271
-193.8076511559775 8.98185575073113 -0.00438938553777246 0.0006379683799117366
-184.1172685981728 8.981855750033207 -0.004368734484364453 0.0006348073357198652
-174.42688604036812 8.981855749035972 -0.004348283005183117 0.0006316774644942875
-164.73650348256342 8.981855747627767 -0.004328028164633817 0.0006285783073472597
-155.04612092475872 8.981855745661603 -0.004307967085196383 0.0006255094143543737
-145.35573836695403 8.981855742946069 -0.004288096945980754 0.0006224703443367611
-135.66535580914933 8.98185573923447 -0.00426841498132592 0.0006194606646496195
-125.97497325134464 8.981855734212036 -0.004248918479440637 0.0006164799509768399
-116.28459069353994 8.98185572748095 -0.004307565502329779 0.0006135277871315439
-106.59420813573524 8.981855718543061 -0.0042878552333005145 0.0006106037648623308
-96.90382557793055 8.981855706780067 -0.00426833107323945 0.0006077074836650221
-87.21344302012585 8.98185569143105 -0.004248990327751145 0.0006048385505997601
-77.52306046232115 8.981855671567217 -0.004229830355454743 0.0006019965801132497
-67.83267790451646 8.981855646063773 -0.0043091220564804664 0.0005991811938659997
-58.14229534671176 8.981855613568852 -0.00428959163028961 0.0005963920205643876
-48.451912788907066 8.981855572469538 -0.004270244956029824 0.0005936286957973806
-38.76153023110237 8.981855520854946 -0.004251079360562679 0.0005908908618778057
-29.071147673297673 8.98185545647653 -0.004232092224169119 0.0005881781676879608
-19.380765115492977 8.981855376705681 -0.004213280979171333 0.0005854902685294835
-9.690382557804696 8.981855278488862 -0.004194643108599021 0.000582826825977336
0.0 1.007719250630898 0.004083567961025922 0.05460806920001853
9.690382557804696 1.5308303891762156 0.004040908376047532 0.054206720392604685
19.380765115609393 1.898739558538293 0.0039989758422855175 0.053811237360112944
29.07114767341409 2.1960742425748156 0.0038859946767829745 0.053421492318409654
38.761530231218785 2.450238106102063 0.003845994377667466 0.053037361170420495
48.45191278902348 2.67432672689469 0.003806663437635081 0.05265872337405343
58.14229534682818 2.875834574220246 0.003778336553932339 0.05228586915996801
67.83267790463287 3.059538783200443 0.0037402222536109353 0.05191786704040481
77.52306046243757 3.22871326408515 0.003702733299629413 0.05155501678189707
87.21344302024227 3.385722180950726 0.0036658555007805667 0.051197210849238804
96.90382557804696 3.5323417043300536 0.003629575077555158 0.050844344681074655
106.59420813585166 3.6699483338897423 0.0035938786475902544 0.05049631658776766
116.28459069365636 3.7996358454302417 0.003501445065157399 0.050153027653448236
125.97497325146105 3.922291426284798 0.0034672997250220247 0.049814381642046074
135.66535580926575 4.038647193059142 0.0034336943156480153 0.04948028490711735
145.35573836707044 4.1493161924769435 0.003400617043503199 0.04915064630528938
155.04612092487514 4.254818254776974 0.0033680564441210324 0.04882537711315472
164.73650348267984 4.35559899991356 0.003336001370919503 0.04850439094745524
174.42688604048453 4.452044097089532 0.003304440984467816 0.04818760368840536
184.1172685981728 4.544490155512545 0.0032989925998430487 0.04787678150080063
193.8076511559775 4.633233174378227 0.003268201993558306 0.04756813480863497
203.4980337137822 4.718535191745076 0.003237878043092657 0.04726344771994491
213.1884162715869 4.800629582455257 0.0032080109789173355 0.0469626444556906
222.8787988293916 4.87972532773235 -0.006777650014214294 0.0508633338073109
232.5691813871963 4.956010491603694 -0.006733230340544534 0.050539131554564166
242.259563945001 5.029655078107446 -0.006689455919129419 0.05021905005009762
251.9499465028057 5.100813399754032 -0.006646312107725738 0.049903010977653595
261.6403290606104 5.242818096715244 -0.006603784710582522 0.04959093799920693
271.3307116184151 5.412768990338263 -0.0065603054310744615 0.04928280138399537
281.0210941762198 5.569274619897474 -0.006518981451377052 0.04897843885353857
290.7114767340245 5.713994810565959 -0.006478233644186635 0.04867782466617879
300.40185929182917 5.848297868353351 -0.006438049441715118 0.048380889796980936
310.09224184963387 5.973327392918302 -0.006398416645234603 0.04808756691035557
319.78262440743856 6.090050441493613 -0.006359323411599428 0.04779779030853873
329.47300696524326 6.199293080610511 -0.006320758240352255 0.04751149588195154
339.16338952304795 6.30176717038004 -0.006282709961385354 0.04722862106135991
348.85377208085265 6.398090906638515 -0.009352825375316433 0.04765861069094738
358.54415463865735 6.488804824784122 -0.009292870968610522 0.04737716328319714
368.2345371963456 6.574384442380578 -0.009233737060392168 0.047099033103414484
377.9249197541503 6.655250370943663 -0.009175406382695907 0.046824161630719036
387.615302311955 6.731776493813311 -0.009117862154389377 0.04655249171796852
397.3056848697597 6.804296646492812 -0.009061088064089206 0.04628396755150874
406.9960674275644 6.873110123315912 -0.008791168024596742 0.04604834830602182
416.6864499853691 6.93848625417578 -0.008737463949271222 0.04578573354544259
426.3768325431738 7.000668237049224 -0.009404437628159889 0.04563780883641191
436.0672151009785 7.0598763694947255 -0.009346821383225139 0.04538029921964144
445.7575976587832 7.116310790670195 -0.00928995557782614 0.045125690065274934
455.4479802165879 7.170153821622529 -0.009233825187039073 0.044873932463196216
465.1383627743926 7.2215719735065536 -0.009178415589353004 0.044624978601026266
474.8287453321973 7.270717679490391 -0.009123712553169834 0.04437878173337264
484.519127890002 7.317730795324646 -0.009069702223842947 0.044135296152111314
494.2095104478067 7.362739905119668 -0.009016371111229514 0.043894477157660795
503.8998930056114 7.4058634622236905 -0.008963706077732966 0.0436562810312095
513.5902755634161 7.447210789808239 -0.008911694326813152 0.04342066500785982
523.2806581212208 7.486882961535208 -0.008860323391943358 0.04318758725065354
532.9710406790255 7.5249735792697345 -0.00880958112599353 0.042957006825444725
542.6614232368302 7.561569462036995 -0.008759455691021097 0.04272888367658819
552.3518057945184 7.59675125816414 -0.008709935548451718 0.042503178603414994
562.0421883523231 7.630593990700075 -0.00866100944962913 0.04227985323744963
571.7325709101278 7.663167544670005 -0.008612666426726694 0.04205887002038086
581.4229534679325 7.694537103470487 -0.008564895783993418 0.04184019218270543
591.1133360257372 7.724763540641629 -0.00851768708932829 0.04162378372305912
600.8037185835419 7.753903772379822 -0.008471030166165646 0.04140960938819406
610.4941011413466 7.782011075410164 -0.008424915085658614 0.041197634653581595
620.1844836991513 7.809135374212819 -0.008379332159148078 0.040987825704617495
629.874866256956 7.835323501067804 -0.008334271930904923 0.04078014941840817
639.5652488147607 7.860619431932502 -0.008289725171134295 0.040574573346116465
649.2556313725654 7.885064500781959 -0.008245682869230652 0.04037106569584755
658.9460139303701 7.90869759471329 -0.008202136227273409 0.04016959531605514
668.6363964881748 7.931555331833105 -0.008159076653753077 0.03997013167945001
678.3267790459795 7.95367222370363 -0.00811649575751853 0.03977264486739276
688.0171616037842 7.9750808239131254 -0.008074385341936283 0.039577105554754265
697.7075441615889 7.995811864154087 -0.008032737399253233 0.03938348499522698
707.3979267193936 8.01589437903462 -0.007991544105154619 0.03919175500707191
717.0883092771983 8.035355820710615 -0.00795079781350937 0.03900188795928585
726.778691835003 8.054222164306099 -0.007910491051295338 0.03881385675817481
736.4690743926913 8.072518004983626 -0.007870616513697767 0.03862763483432147
746.159456950496 8.09026664743583 -0.007831167059371334 0.03844319612992059
755.8498395083006 8.10749018848337 -0.007792135705866371 0.03826051508650239
765.5402220661053 8.124209593400773 -0.00775351562520352 0.03807956663298746
775.23060462391 8.140444766520698 -0.007715300139597995 0.03790032617409427
784.9209871817147 8.15621461661601 -0.007677482717324959 0.037722769579075256
794.6113697395194 8.171537117507897 -0.007640056968721075 0.03754687317077193
804.3017522973241 8.18642936430458 -0.007603016642316788 0.03737261371497905
813.9921348551288 8.200907625635978 -0.007566355621094887 0.037199968410107406
823.6825174129335 8.214987392214876 -0.007530067918869897 0.03702891487713561
833.3728999707382 8.228683422023998 -0.007494147676784358 0.03685943114984134
843.0632825285429 8.242009782400558 -0.007458589159917306 0.03669149566530306
852.7536650863476 8.254979889264966 -0.007423386754000805 0.03652508725466369
862.4440476441523 8.267606543718014 -0.007388534962240633 0.03636018513414716
872.134430201957 8.279901966210739 -0.007354028402237263 0.036196768896320786
881.8248127597617 8.291877828473215 -0.007319861803003314 0.03603481850159468
891.5151953175664 8.303545283372138 -0.007286030002074249 0.03587431426995129
901.2055778753711 8.314914992852493 -0.007252527942708651 0.03571523687289766
910.8959604331758 8.3259971541053 -0.007219350671175052 0.03555756732563328
920.5863429908641 8.336801524091307 -0.0071864933341224254 0.035401286979428875
930.2767255486688 8.347337442540622 -0.007153951176029265 0.03524637751419833
939.9671081064735 8.35761385353565 -0.00712171953673396 0.03509282093128559
949.6574906642782 8.367639325780354 -0.007089793849036179 0.03494059954642284
959.3478732220829 8.377422071646208 -0.007058169636372347 0.03478969598288269
969.0382557798875 8.386969965080539 -0.007026842510560308 0.03464009316480692
978.7286383376922 8.396290558455364 -0.006995808169611331 0.03449177431070878
988.4190208954969 8.405391098428812 -0.006965062395606926 0.034344722927143106
