-1007.7997860111063 9.677075733750424 -0.009815002711877973 0.005236762480795341
-998.1094034533016 9.6781615748214 -0.009757750875116064 0.005208964133168637
-988.4190208954969 9.679247142328755 -0.00970152066072707 0.005181529315347542
-978.7286383376922 9.68033227242106 -0.009646267954630194 0.005154447289320737
-969.0382557798875 9.681416806587055 -0.00959195200961301 0.005127707970164165
-959.3478732220829 9.682500591530047 -0.009538535092436927 0.005101301864350061
-949.6574906642782 9.683583479044286 -0.009485982176040547 0.005075220015472669
-939.9671081064735 9.684665325893207 -0.009434260670174879 0.0050494539563466076
-930.2767255486688 9.685745993689665 -0.009383340184912572 0.0050239956665999045
-920.5863429908641 9.686825348778115 -0.009333192322378411 0.004998837535020538
-910.8959604330594 9.687903262118764 -0.009283790492789715 0.004973972326028442
-901.2055778752547 9.688979609173705 -0.009235109751506787 0.004949393149738979
-891.51519531745 9.690054269795034 -0.009187126654298713 0.004925093435162251
-881.8248127597617 9.691127128114935 -0.009139819128450232 0.004901066906148526
-872.134430201957 9.692198072437831 -0.009169086285810845 0.0048799979888702015
-862.4440476441523 9.693266995134362 -0.009121102813105315 0.0048564304125309566
-852.7536650863476 9.694333792537481 -0.009073835062046594 0.004833122272795104
-843.0632825285429 9.695398364840452 -0.009027258080147118 0.004810068016734729
-833.3728999707382 9.6964606159968 -0.008981348522345948 0.004787262321897546
-823.6825174129335 9.697520453622234 -0.008936084500770318 0.004764700080165444
-813.9921348551288 9.698577788898463 -0.008891445452290647 0.004742376383180274
-804.3017522973241 9.69963253647897 -0.008847412021364406 0.004720286509149088
-794.6113697395194 9.700684614396643 -0.008803965956068815 0.0046984259108673295
-784.9209871817147 9.701733943973313 -0.008761090015554023 0.004676790204820694
-775.23060462391 9.702780449731149 -0.008718767887420735 0.004655375161245062
-765.5402220661053 9.703824059305905 -0.008759211060433205 0.004636834127222996
-755.8498395083006 9.704864703361961 -0.008715857022290911 0.004615780616825085
-746.159456950496 9.705902315509208 -0.008682252288146015 0.004595214676613069
-736.4690743926913 9.70693683222167 -0.00863986848796119 0.0045745744356085905
-726.7786918348866 9.707968192757921 -0.008598070043998958 0.004554138976615409
-717.0883092770819 9.708996339083201 -0.008556837804011591 0.004533904598315705
-707.3979267192772 9.710021215793278 -0.008516153802993918 0.0045138677237450886
-697.7075441614725 9.711042770039962 -0.008476001154753486 0.00449402489285965
-688.0171616037842 9.712060951458287 -0.008436363956099209 0.004474372755772117
-678.3267790459795 9.713075712095407 -0.008397227201899811 0.004454908066577132
-668.6363964881748 9.714087006340936 -0.008358576709550003 0.0044356276777018306
-658.9460139303701 9.715094790859041 -0.008320399051593522 0.0044165285347189005
-649.2556313725654 9.716099024522029 -0.008282681495456794 0.0043976076715754224
-639.5652488147607 9.717099668345456 -0.008245411949393384 0.0043788622061923955
-629.874866256956 9.718096685424776 -0.008208578913872753 0.004360289336397108
-620.1844836991513 9.719090040873471 -0.00817217143775554 0.004341886336155016
-610.4941011413466 9.720079701762625 -0.008136179078689026 0.004323650552071899
-600.8037185835419 9.721065637061958 -0.008100591867233848 0.004305579400140476
-591.1133360257372 9.722047817582242 -0.008065400274298315 0.00428767036270876
-581.4229534679325 9.723026215919134 -0.008030595181512324 0.004269920985649925
-571.7325709101278 9.724000806398346 -0.007996167854220164 0.0042523288757158
-562.0421883523231 9.72497156502214 -0.00796210991681207 0.004234891698057978
-552.3518057945184 9.725938469417178 -0.007928413330148956 0.004217607173902308
-542.6614232367137 9.7269014987836 -0.00789507037086485 0.0042004730783639695
-532.971040678909 9.727860633845417 -0.007862073612357105 0.0041834872383916775
-523.2806581211044 9.728815856802084 -0.007829415907296832 0.0041666475308307005
-513.5902755632997 9.72976715128135 -0.007797090371511459 0.004149951880595425
-503.8998930056114 9.730714502293228 -0.007765090369108204 0.00413339825894321
-494.2095104478067 9.73165789618522 -0.007733409498719588 0.0041169846818408075
-484.519127890002 9.732597320598568 -0.0077020415807726676 0.004100709208419399
-474.8287453321973 9.733532764425725 -0.007670980645681624 0.004084569939508015
-465.1383627743926 9.734464217768872 -0.0076402209228865516 0.004068565016242656
-455.4479802165879 9.735391671899526 -0.007609756830661923 0.004052692618744665
-445.7575976587832 9.736315119219197 -0.007579582966628467 0.004036950964863888
-436.0672151009785 9.73723455322107 -0.007549694098908653 0.0040213383089822054
-426.3768325431738 9.738149968452685 -0.007520085157871814 0.0040058529408735204
-416.6864499853691 9.739061360479647 -0.007490751228420359 0.003990493184616517
-406.9960674275644 9.73996872585025 -0.007461687542773134 0.003975257397556856
-397.3056848697597 9.740872062061074 -0.007432889473706203 0.003960143969315729
-387.615302311955 9.7417713675235 -0.007404352528215091 0.003945151320841912
-377.9249197541503 9.742666641531134 -0.007376072341565785 0.003930277903504705
-368.2345371963456 9.743557884228116 -0.0073480446717048425 0.003915522198225353
-358.54415463854093 9.744445096578282 -0.007320265394001562 0.0039008827146446647
-348.85377208073623 9.745328280335194 -0.0072927304962976435 0.003886357990324809
-339.16338952293154 9.746207438012972 -0.007265436074241829 0.003871946589983315
-329.47300696512684 9.747082572857959 -0.007238378326889029 0.003857647104757515
-319.78262440743856 9.747953688821145 -0.0072115535525454815 0.003843458151497933
-310.09224184963387 9.748820790531424 -0.0071849581448407895 0.003829378372088061
-300.40185929182917 9.749683883269519 -0.007158588589015921 0.003815406432791616
-290.7114767340245 9.750542972942712 -0.007132441458406232 0.0038015410236225474
-281.0210941762198 9.751398066060274 -0.007106513411111023 0.003787780857739087
-271.3307116184151 9.752249169709586 -0.0070808011868354875 0.0037741246708596606
-261.6403290606104 9.75309629153298 -0.007055301603894029 0.003760571220699715
-251.9499465028057 9.753939439705194 -0.007030011556364578 0.003747119286428452
-242.259563945001 9.75477862291155 -0.007004928011384302 0.003733767668144508
-232.5691813871963 9.755613850326721 -0.006980048006577793 0.0037205151863696595
-222.8787988293916 9.756445131594138 -0.006955368647609542 0.003707360681559729
-213.1884162715869 9.757272476806008 -0.006930887105853123 0.003694303013631885
-203.4980337137822 9.758095896483933 -0.006906600616169942 0.0036813410615075923
-193.8076511559775 9.75891540156009 -0.006882506474791123 0.0036684737226704944
-184.1172685981728 9.759731003358983 -0.0068586020372963874 0.0036556999127385923
-174.42688604036812 9.760542713579763 -0.006834884716684272 0.0036430185650500645
-164.73650348256342 9.761350544279065 -0.006811351981528497 0.0036304286302621556
-155.04612092475872 9.762154507854385 -0.006788001354215526 0.003617929075962573
-145.35573836695403 9.762954617027939 -0.006764830409258809 0.0036055188862928558
-135.66535580926575 9.763750884831058 -0.006741836771685702 0.0035931970615833884
-125.97497325146105 9.764543324589079 -0.006719018115491468 0.003580962617998662
-116.28459069365636 9.765331949906619 -0.006696372162160775 0.0035688145871946037
-106.59420813585166 9.766116774653426 -0.006673896679247725 0.003556752015984546
-96.90382557804696 9.766897812950614 -0.006651589479015287 0.0035447739660156847
-87.21344302024227 9.767675079157346 -0.006629448417129472 0.0035328795134547484
-77.52306046243757 9.768448587857941 -0.006607471391405685 0.003521067748682662
-67.83267790463287 9.769218353849423 -0.006585656340604548 0.003509337775997857
-58.14229534682818 9.769984392129428 -0.006564001243274748 0.0034976887133279263
-48.45191278902348 9.770746717884554 -0.006542504116640543 0.0034861196919492724
-38.761530231218785 9.771505346479062 -0.0065211630155316705 0.003474629856214484
-29.07114767341409 9.772260293443935 -0.006499976031353691 0.003463218363287168
-19.380765115609393 9.773011574466372 -0.006478941291096705 0.003451884382883914
-9.690382557804696 9.773759205379552 -0.006458056956380678 0.003440627097023206
0.0 9.774503202152783 -0.008086238175698097 0.004225385158692299
9.690382557804696 6.993379111437557 -0.031832455111177146 0.04117196230354946
19.380765115609393 7.1256608711496305 -0.031165561637201692 0.040200142165472345
29.07114767341409 7.225544243968228 -0.030530881088594655 0.039276084101854215
38.761530231218785 7.307846464905745 -0.029926083133088456 0.03839632280659091
48.45191278902348 7.378701910496536 -0.029349057594743422 0.03755772064712288
58.14229534671176 7.44135436746495 -0.0287978890428981 0.03675742982262077
67.83267790451646 7.4977650191712195 -0.028270834821592716 0.03599285964811663
77.52306046232115 7.549226132662473 -0.02776630598808363 0.03526164817251833
87.21344302012585 7.596642171659453 -0.027282850720641412 0.03456163747501149
96.90382557793055 7.640675180329847 -0.026819139830399606 0.033890852095538306
106.59420813573524 7.681826839848546 -0.026373954072374552 0.0332474801450301
116.28459069353994 7.720487957374433 -0.025946173000276476 0.03262985671486235
125.97497325134464 7.756969912030088 -0.02553476515033231 0.032036449265522085
135.66535580914933 7.791525497539535 -0.02513877937282559 0.031465844724388
145.35573836695403 7.824363227344483 -0.024757337157782555 0.030916738063843447
155.04612092475872 7.85565744511033 -0.0243896258242779 0.030387922165285474
164.73650348256342 7.885555651734888 -0.02403489246205861 0.029878278803242238
174.42688604036812 7.9141839312225954 -0.023692438530281922 0.029386770607797822
184.1172685981728 7.941651045225837 -0.02336161503168823 0.02891243388367471
193.8076511559775 7.968051574662964 -0.023041818191930085 0.028454372181310594
203.4980337137822 7.993468365970487 -0.0227324855834204 0.028011750529629453
213.1884162715869 8.017974461146274 -0.022433092641241 0.027583790252390373
222.8787988293916 8.041634638645586 -0.02214314952561057 0.027169764300362276
232.5691813871963 8.064506656826717 -0.02186219829134821 0.02676899304041561
242.25956394488458 8.086642267167948 -0.021589810329850627 0.026380840450191886
251.94994650268927 8.108088047244511 -0.021325584053436254 0.026004710673469423
261.64032906049397 8.128886091117616 -0.02106914279572478 0.025640044897021555
271.33071161829866 8.149074585846964 -0.02082013290483784 0.025286318514413323
281.02109417610336 8.168688296245689 -0.02057822200911373 0.024943038546503944
290.71147673390806 8.187758975101215 -0.020343097437379234 0.024609741291926904
300.40185929171275 8.206315712393248 -0.020114464777945134 0.024285990183979825
310.09224184951745 8.224385234232917 -0.019892046562316676 0.02397137383307292
319.78262440732215 8.241992160090184 -0.019675581061203828 0.02366550423625823
329.47300696512684 8.259159225205012 -0.019464821181809065 0.02336801513743477
339.16338952293154 8.275907473771003 -0.019259533456589595 0.02307856052364044
348.85377208073623 8.292256427450887 -0.019059497114760755 0.022796813244433767
358.54415463854093 8.308224232966268 -0.018864503228747366 0.02252246374276808
368.2345371963456 8.32382779185131 -0.018674353928617608 0.02225521888699303
377.9249197541503 8.339082874935128 -0.01848886167826414 0.021994800894705003
387.615302311955 8.354004223692801 -0.01830784860774242 0.021740946340128565
397.3056848697597 8.368605640259267 -0.018131145896747122 0.021493405237560746
406.9960674275644 8.382900067617516 -0.017958593204713776 0.021251940194163734
416.6864499853691 8.396899661239903 -0.017790038143482362 0.02101632562606008
426.3768325430574 8.410615853268828 -0.017625335788861225 0.020786347032282625
436.0672151008621 8.424059410164679 -0.01746434822777184 0.02056180032164192
445.7575976586668 8.437240484612278 -0.01730694413801425 0.02034249118810409
455.4479802164715 8.460308691180563 -0.017152998397907127 0.02012823453059792
465.1383627742762 8.485287624705725 -0.017002391723379907 0.019918853913644285
474.82874533208087 8.509362979185138 -0.016855010330279623 0.019714181065481156
484.51912788988557 8.532594880025945 -0.016710745619873294 0.01951405541067987
494.20951044769026 8.555037580034814 -0.016569493885707425 0.019318323634518568
503.89989300549496 8.576740210263246 -0.016432470439640762 0.01912690038640273
513.5902755632997 8.597747412842734 -0.016296917807748525 0.018939521880355956
523.2806581211044 8.618099877669431 -0.01616409545096882 0.018756117022102843
532.971040678909 8.637834800169824 -0.01603391654616431 0.018576557730089458
542.6614232367137 8.656986273842968 -0.01592351828061631 0.018401066376676132
552.3518057945184 8.675585628548532 -0.015797940495819313 0.01822882678733488
562.0421883523231 8.693661723390234 -0.015674789069541353 0.01806008069312824
571.7325709101278 8.711241201383665 -0.015553989269647617 0.017894720228341564
581.4229534679325 8.728348711786824 -0.015435469504962185 0.01773264195276706
591.1133360257372 8.745007104930801 -0.01532695231492061 0.017573896108344023
600.8037185835419 8.761237603555324 -0.015212587443955669 0.017418084602262907
610.4941011412302 8.777059953983962 -0.015100315263174968 0.017265269529389237
620.1844836990349 8.792492559932548 -0.014995920598314755 0.017115507624503375
629.8748662568396 8.807552601298461 -0.0148905641011504 0.01696847562114897
639.5652488146443 8.822256139922604 -0.014783992211298159 0.01682413127063713
649.255631372449 8.83661821401024 -0.0146792925750985 0.016682452015547692
658.9460139302537 8.850652922652854 -0.014576412201583344 0.016543362720210255
668.6363964880584 8.8643735016845 -0.014475300175344978 0.0164067910696228
678.3267790458631 8.877792391932548 -0.014375907549681037 0.01627266743790783
688.0171616036678 8.890921300775982 -0.01427818724695122 0.016140924764082184
697.7075441614725 8.9037712578001 -0.014195918959206022 0.016011706322637563
707.3979267192772 8.916352665230585 -0.01410105399702667 0.01588452872116114
717.0883092770819 8.92867534373977 -0.014008771443094462 0.01575956216629999
726.7786918348866 8.940748574140432 -0.013916957040489602 0.015636714784475283
736.4690743926913 8.952581135416176 -0.013826621143917453 0.015515947887500135
746.159456950496 8.964181339480335 -0.013737724965607934 0.015397207531517569
755.8498395083006 8.97555706300627 -0.013650231151497697 0.015280441638718006
765.5402220661053 8.986715776629415 -0.013564103709343914 0.015165599917029085
775.23060462391 8.997664571784975 -0.013479307941788117 0.015052633783933376
784.9209871817147 9.008410185413391 -0.013395810383897156 0.014941496294166782
794.611369739403 9.018959022738347 -0.013313578744769643 0.014832142071068815
804.3017522972077 9.029317178299117 -0.01323258185284031 0.014724527241362357
813.9921348550124 9.039490455395898 -0.013152789604578325 0.014618609373182604
823.6825174128171 9.049484384093377 -0.013074172916277611 0.014514347417142212
833.3728999706218 9.059304237907636 -0.012996703678703274 0.014411701650278065
843.0632825284265 9.068955049290798 -0.012920354714364098 0.014310633622708827
852.7536650862312 9.078441624014966 -0.013577293298880095 0.014290603308033072
862.4440476440359 9.087768554546765 -0.013484412268265475 0.014190550501427333
872.1344302018406 9.096940232494783 -0.013393506043555813 0.014092068295021711
881.8248127596453 9.10596086020411 -0.014530519061933204 0.014295750803266708
891.51519531745 9.114834461565144 -0.014411501472701945 0.01419249194248947
901.2055778752547 9.12356489209761 -0.014299163649091458 0.014091124067551083
910.8959604330594 9.13215584836514 -0.014184766021954216 0.013991490944830704
920.5863429908641 9.140610876770873 -0.01424125409185609 0.013919973542556996
930.2767255486688 9.148933381780079 -0.014130200041616072 0.013823049841054787
939.9671081064735 9.157126633611918 -0.014022013045639319 0.013727767526015665
949.6574906642782 9.165193775438905 -0.013916542702638623 0.01363407326922448
959.3478732220829 9.173137830129361 -0.0138136505763877 0.013541916814653653
969.0382557798875 9.180961706565478 -0.013831816761645325 0.013461781345951824
978.7286383375758 9.188668205566632 -0.01377247843075258 0.013374952143470332
988.4190208953805 9.196260025446188 -0.013672651842154583 0.01328681145340664
998.1094034531852 9.203739767225695 -0.013575139391082923 0.013200049011219179
