-1007.7997860111063 9.067083673828897 -0.014168349561851675 0.0010433670830053714
-998.1094034533016 9.071584392946873 -0.014014419127621091 0.001029928189456625
-988.4190208954969 9.076206682297517 -0.013982753854075844 0.00101683289164068
-978.7286383376922 9.08094237425597 -0.0138324476374336 0.0010040681020434786
-969.0382557798875 9.085783585090589 -0.013685460293304136 0.000991621393766849
-959.3478732220829 9.090722716597009 -0.013541676991411462 0.0009794809590712365
-949.6574906642782 9.095752455939563 -0.013596843129315805 0.000967635571025675
-939.9671081064735 9.100865773988826 -0.013454117601255635 0.0009560745479944391
-930.2767255486688 9.106055922403613 -0.01331453582782551 0.0009447877207166018
-920.5863429908641 9.111316429671284 -0.013177985037014523 0.0009337654017585733
-910.8959604330594 9.116641096290648 -0.013044358539502865 0.000922998357140994
-901.2055778752547 9.12202398925632 -0.01339945106766835 0.0009124777799602048
-891.51519531745 9.127459435981475 -0.013258736569693896 0.0009021952658414739
-881.8248127596453 9.132942017777 -0.01312129912979256 0.0008921427900762915
-872.1344302018406 9.138466562988672 -0.012987004607726475 0.000882312686309576
-862.4440476440359 9.14402813987975 -0.012855727610884052 0.0008726976266548254
-852.7536650862312 9.14962204933403 -0.012727350673854134 0.0008632906031261063
-843.0632825285429 9.155243817443617 -0.012601763537956216 0.0008540849102858031
-833.3728999707382 9.160889188036823 -0.01247886251604664 0.0008450741290150522
-823.6825174129335 9.166554115191952 -0.012358549930426883 0.0008362521113241576
-813.9921348551288 9.17223475577816 -0.01224073361363577 0.0008276129661235281
-804.3017522973241 9.177927462055854 -0.012125326463599062 0.0008191510458862232
-794.6113697395194 9.183628774365308 -0.012012246045921725 0.0008108609341366167
-784.9209871817147 9.189335413926838 -0.011901414237225592 0.000802737433705914
-775.23060462391 9.195044275771997 -0.011792756904349595 0.0007947755556999951
-765.5402220661053 9.200752421821585 -0.011686203614990943 0.0007869705091294029
-755.8498395083006 9.206457074123268 -0.01158168737600114 0.0007793176911554051
-746.159456950496 9.212155608258783 -0.011479144396083059 0.0007718126779096297
-736.4690743926913 9.217845546928562 -0.011378513870083234 0.0007644512158481402
-726.7786918348866 9.223524553719365 -0.011279737782451586 0.0007572292136038657
-717.0883092770819 9.229190427058963 -0.011182760727761521 0.0007501427343040249
-707.3979267192772 9.234841094360293 -0.011087529746455452 0.0007431879883217829
-697.7075441614725 9.24047460635624 -0.010993994174213699 0.0007363613264336414
-688.0171616036678 9.246089131625148 -0.010902105503543327 0.0007296592333562085
-678.3267790458631 9.251682951306138 -0.010811817256354552 0.0007230783216379638
-668.6363964880584 9.25725445400258 -0.010723084866439487 0.0007166153258833733
-658.9460139303701 9.262802130871279 -0.010635865570895886 0.0007102670972884512
-649.2556313725654 9.26832457089493 -0.010550118309641626 0.0007040305984678526
-639.5652488147607 9.27382045633336 -0.010465803632283 0.0006979028985565298
-629.874866256956 9.279288558351245 -0.010382883611646427 0.0006918811685676072
-620.1844836991513 9.284727732817181 -0.010301321763392907 0.0006859626769919971
-610.4941011413466 9.29013691627022 -0.01022108297117566 0.000680144785624728
-600.8037185835419 9.295515122049322 -0.010142133416864952 0.0006744249456044853
-591.1133360257372 9.300861436581107 -0.010064440515411815 0.0006688006936537537
-581.4229534679325 9.306175015821179 -0.009987972853965927 0.0006632696485077483
-571.7325709101278 9.31145508184425 -0.00991270013490085 0.000657829507521147
-562.0421883523231 9.316700919578253 -0.009838593122433901 0.0006524780434423526
-552.3518057945184 9.321911873677683 -0.009765623592557747 0.0006472131013456799
-542.6614232367137 9.327087345531321 -0.009693764286027655 0.0006420325957125034
-532.971040678909 9.332226790399677 -0.009622988864171962 0.0006369345076529717
-523.2806581211044 9.33732971467742 -0.009553271867314674 0.0006319168822604275
-513.5902755632997 9.342395673276238 -0.009484588675617847 0.0006269778260911868
-503.89989300549496 9.34742426712359 -0.009416915472168729 0.0006221155047627815
-494.20951044769026 9.352415140772914 -0.009350229208151472 0.0006173281406641975
-484.51912788988557 9.357367980121012 -0.009284507569957266 0.0006126140107720552
-474.82874533208087 9.362282510228356 -0.009219728948098941 0.0006079714445670464
-465.1383627743926 9.367158493238186 -0.009155872407807826 0.0006033988220453283
-455.4479802165879 9.37199572639076 -0.009092917661195722 0.0005988945718195466
-445.7575976587832 9.376794040127994 -0.00903084504088959 0.0005944571693055839
-436.0672151009785 9.38155329628595 -0.00896963547502822 0.0005900851349894957
-426.3768325431738 9.38627338637064 -0.008909270463544472 0.0005857770327713008
-416.6864499853691 9.390954229914001 -0.008849732055647161 0.0005815314683813627
-406.9960674275644 9.395595772906608 -0.008791002828428445 0.0005773470878657158
-397.3056848697597 9.400197986303825 -0.00873306586652724 0.0005732225761368508
-387.615302311955 9.404760864602295 -0.00867590474278446 0.0005691566555866883
-377.9249197541503 9.40928442448368 -0.008619503499830455 0.0005651480847586325
-368.2345371963456 9.413768703522768 -0.008563846632549468 0.0005611956570757865
-358.54415463854093 9.41821375895713 -0.008508919071369624 0.0005572981996225707
-348.85377208073623 9.422619666515594 -0.008454706166330869 0.0005534545719771533
-339.16338952293154 9.426986519302988 -0.008401193671886268 0.0005496636650922118
-329.47300696512684 9.43131442673863 -0.00834836773239541 0.0005459244002217269
-319.78262440732215 9.435603513546168 -0.008296214868271175 0.0005422357278915935
-310.09224184951745 9.439853918792476 -0.008244721962743978 0.0005385966269119783
-300.40185929171275 9.444065794973433 -0.00819387624920976 0.0005350061034294655
-290.71147673390806 9.448239307144423 -0.008143665299130243 0.0005314631900171168
-281.0210941762198 9.45237463209352 -0.008094077010456713 0.0005279669448007415
-271.3307116184151 9.456471957555705 -0.008045099596546128 0.0005245164506194374
-261.6403290606104 9.46053148146552 -0.007996721575552644 0.0005211108142194776
-251.9499465028057 9.464553411247348 -0.007948931760258465 0.000517749165479181
-242.259563945001 9.468537963140928 -0.007901719248330217 0.00051443065666399
-232.5691813871963 9.472485361560707 -0.007855073412975921 0.0005111544617101505
-222.8787988293916 9.476395838487477 -0.007808983893983053 0.0005079197755357565
-213.1884162715869 9.480269632890778 -0.007763440589118917 0.0005047258133779517
-203.4980337137822 9.484106990180655 -0.0077184336458754515 0.0005015718101551265
-193.8076511559775 9.487908161687393 -0.007673953453541846 0.0004984570198530272
-184.1172685981728 9.491673404167962 -0.007629990635589169 0.0004953807149337235
-174.42688604036812 9.495402979337868 -0.007586536042352109 0.0004923421857664526
-164.73650348256342 9.499097153427304 -0.007543580743993893 0.0004893407400794066
-155.04612092475872 9.502756196760371 -0.007501116023741062 0.00048637570243155557
-145.35573836695403 9.506380383356374 -0.007459133371375657 0.0004834464137036632
-135.66535580914933 9.509969990552094 -0.00741762447697298 0.0004805522306076839
-125.97497325134464 9.513525298644073 -0.0073765812248737395 0.0004776925252137751
-116.28459069353994 9.517046590549961 -0.0073359956878800365 0.0004748666844941755
-106.59420813573524 9.52053415148804 -0.007295860121665165 0.0004720741098832794
-96.90382557804696 9.523988268673978 -0.007256166959388222 0.00046931421685322984
-87.21344302024227 9.527409231034307 -0.0072169088065017145 0.0004665864345042508
-77.52306046243757 9.530797328935144 -0.007178078435750718 0.00046389020516955653
-67.83267790463287 9.534152853926303 -0.007139668782346093 0.0004612249840336378
-58.14229534682818 9.53747609849941 -0.007101672939311107 0.00045859023876385324
-48.45191278902348 9.540767355859627 -0.007064084152991452 0.00045598544915459937
-38.761530231218785 9.54402691971026 -0.007026895818722124 0.00045341010678360145
-29.07114767341409 9.54725508404966 -0.006990101476644626 0.000450863714679839
-19.380765115609393 9.550452142979795 -0.006953694807668286 0.00044834578700264627
-9.690382557804696 9.553618390525962 -0.006917669629569652 0.0004458558487315586
0.0 1.0013285183047778 0.028756364317060776 0.03870552228459951
9.690382557804696 1.552696889009468 0.02786868004181395 0.037712172594791454
19.380765115609393 1.9408773159806607 0.027027231164288366 0.03676887934622883
29.07114767341409 2.2552253287288373 0.02622858116866629 0.035871946498936394
38.761530231218785 2.5245076360250494 0.025469624296379143 0.03501803325841459
48.45191278902348 2.7624348670245187 0.02474754672582398 0.034204112393686086
58.14229534682818 2.976839470438547 0.0240597930930678 0.03342743428966058
67.83267790463287 3.172707026544397 0.023404037515499944 0.03268549583407519
77.52306046243757 3.353450266695175 0.022778158427374566 0.0319760133970722
87.21344302012585 3.5215310559377615 0.022180216654797667 0.03129689928882004
96.90382557793055 3.678797263070522 0.021608436253847674 0.030646241183793374
106.59420813573524 3.826679765987498 0.021061187714045946 0.03002228408464615
116.28459069353994 3.966314700136607 0.02053697319330218 0.029423414467209703
125.97497325134464 4.098622991836941 0.020034413503463244 0.02884814630506922
135.66535580914933 4.224364141613201 0.01955223660899306 0.028295108718757504
145.35573836695403 4.3441737859873015 0.019089267437465182 0.02776303503342321
155.04612092475872 4.458590656494752 0.018644418830583574 0.02725075306107607
164.73650348256342 4.568076387742044 0.018216683489538428 0.026757176450449758
174.42688604036812 4.673030370517129 0.017805126789533797 0.026281296970101956
184.1172685981728 4.7738010898751515 0.01740888035601126 0.02582217760936037
193.8076511559775 4.8706949175883345 0.01702713631001769 0.025378946397746557
203.4980337137822 4.963983026920302 0.01665914210279796 0.02495079085707196
213.1884162715869 5.053906899584122 0.01630419587041821 0.02453695301191546
222.8787988293916 5.14068276155264 0.015961642248358818 0.024136724893997173
232.5691813871963 5.22450519299501 0.01563086859381407 0.02374944448433599
242.259563945001 5.3055500937354045 0.015311301570113938 0.023374492044248
251.9499465028057 5.38397714023378 0.015002404053415927 0.023011286792397605
261.6403290606104 5.459931837334119 0.014703672326749467 0.022659283890411504
271.33071161829866 5.533547244060826 0.014414633530756173 0.022317971704140172
281.02109417610336 5.604945434993355 0.014134843344127755 0.021986869311577
290.71147673390806 5.674238745417499 0.01386388387000773 0.02166552423195781
300.40185929171275 5.741530838392554 0.013601361707275317 0.021353510353397897
310.09224184951745 5.80691762411739 0.013346906188166707 0.02105042603916063
319.78262440732215 5.870488056027596 0.013100167765722162 0.02075589239482653
329.47300696512684 5.932324823395583 0.012824440054039075 0.020470750360012648
339.16338952293154 5.992504956549047 0.012593108628876519 0.02019223342022264
348.85377208073623 6.05110035792625 0.012368510431250413 0.019921253262276305
358.54415463854093 6.108178269876074 0.012150370325284621 0.019657507218720855
368.2345371963456 6.16380168825509 0.011938427679725869 0.019400708630984156
377.9249197541503 6.218029729374238 0.011732435436928484 0.019150585804168258
387.615302311955 6.2709179566283515 0.004902105082745209 0.021879298897273095
397.3056848697597 6.322518672144648 0.004877709265401448 0.02156537900868529
406.9960674275644 6.37288117796678 0.00485005765449939 0.02126122816800221
416.6864499853691 6.432881371617006 0.004819575575182028 0.020966344904582095
426.3768325431738 6.53243592990745 0.0047866384531080235 0.020680265353555567
436.0672151009785 6.627210981074523 0.0047515781857803115 0.020402559479665572
445.7575976587832 6.717556086792713 0.004714688604159262 0.020132827774616523
455.4479802165879 6.803784724045592 0.004676230169507061 0.019870698357564963
465.1383627742762 6.88617919754118 0.004458927131801578 0.01963543774391517
474.82874533208087 6.964994720295886 0.002982708720950446 0.019743781990342005
484.51912788988557 7.040462829702074 0.0029821484993417585 0.01949281629237077
494.20951044769026 7.1127942677884715 0.002978736590449102 0.01924867797166096
503.89989300549496 7.182181425697509 0.002972768538488175 0.019011064901240066
513.5902755632997 7.248800430925455 0.0027682716440700725 0.018796069138762972
523.2806581211044 7.3128129395521 0.0027630432033287477 0.018570251968070814
532.971040678909 7.374367683183718 0.002755720877936154 0.01835018491037111
542.6614232367137 7.433601810656322 0.0025115535777172106 0.018135632488506498
552.3518057945184 7.490642056990939 0.002506635386676787 0.01792637308101431
562.0421883523231 7.545605766144515 0.002499905348568545 0.01772219783157724
571.7325709101278 7.598601789380808 0.002491542065530178 0.01752290966692293
581.4229534679325 7.649731277314087 0.0024817073316724426 0.017328322410166814
591.1133360257372 7.699088380643648 0.00247054788489474 0.017138259978407188
600.8037185835419 7.746760872139329 0.002458196951785749 0.01695255565490851
610.4941011413466 7.792830700435678 0.002444775613248594 0.01677105142750051
620.1844836991513 7.837374484551454 0.0024303940143501944 0.016593597385916165
629.874866256956 7.880463956699128 0.0024151524384428205 0.016420051171724397
639.5652488147607 7.922166359829359 0.002399142262717224 0.016250277475310385
649.255631372449 7.962544805423297 0.002382446809919351 0.016084147575041747
658.9460139302537 8.001658596269909 0.0023511631929766584 0.01592210079103787
668.6363964880584 8.039563518301408 0.002333673718951909 0.015762882318087444
678.3267790458631 8.076312105025243 0.0023156902335540216 0.015606957649360048
688.0171616036678 8.111953877607291 0.00229727196715089 0.015454220459695358
697.7075441614725 8.14653556327436 0.002278473064875687 0.015304569212033442
707.3979267192772 8.180101294362323 0.002259343043304956 0.01515790687487029
717.0883092770819 8.212692790047184 0.0022399272016570657 0.015014140660614246
726.7786918348866 8.244349522547731 0.002220266992587119 0.014873181782973689
736.4690743926913 8.275108869374213 0.00220040035702082 0.014734945231702339
746.159456950496 8.305006253012563 0.0021803620269233905 0.014599349563201566
755.8498395083006 8.3340752692733 0.0021601837994287922 0.014466316705631067
765.5402220661053 8.36234780539494 0.002139894785346475 0.014335771777314004
775.23060462391 8.389854148870437 0.0020921355288426088 0.014208500386792326
784.9209871817147 8.416623087859103 0.0020724072047349855 0.014082696536519218
794.6113697395194 8.442682003953658 0.0020526061191375555 0.013959174579289175
804.3017522973241 8.468056957990637 0.0020327552916032405 0.01383787072661287
813.9921348551288 8.49277276952058 0.002012875748921148 0.013718723644518063
823.6825174129335 8.51685309049138 0.0019929866952148726 0.013601674331148457
833.3728999706218 8.540320473641959 0.000928237628179403 0.013486666001977456
843.0632825284265 8.563196436055945 0.000935017549609249 0.013373643982053682
852.7536650862312 8.585501518275363 0.0009405117516506584 0.013262555604775596
862.4440476440359 8.607255339345146 0.0009448299221645698 0.013153350116690608
872.1344302018406 8.628476648114669 0.000948071437221548 0.013045978587903894
881.8248127596453 8.649183371097559 0.0009503265126280184 0.012940393827690235
891.51519531745 8.669392657161293 -0.00011670245018181999 0.012836550304945411
901.2055778752547 8.689120919293646 -8.883544564185577e-05 0.012734404073142616
910.8959604330594 8.708383873670854 -6.309475970010456e-05 0.012633912699486462
920.5863429908641 8.72719657623237 -3.931830639280782e-05 0.012535035197982205
930.2767255486688 8.74557345694917 -0.006936222547192067 0.01243773196615982
939.9671081064735 8.763528351956458 -0.006737467679025479 0.012341964725213256
949.6574906642782 8.781074533706924 -0.006549249458915439 0.012247696463333544
959.3478732220829 8.798224739287695 -0.006370795316155119 0.012154891382031257
969.0382557798875 8.814991197032088 -0.006201405358705673 0.012063514845259355
978.7286383376922 8.831385651546547 -0.0060404440286236745 0.011973533331161237
988.4190208954969 8.847419387263397 -0.005887332883992863 0.011884914386281958
998.1094034533016 8.86310325062106 -0.005741544333427977 0.011797626582092033
