-600.8037185835419 9.977538083990334 0.0 0.0
-591.1133360257372 9.977538083990334 0.0 0.0
-581.4229534679325 9.977538083990334 0.0 0.0
-571.7325709101278 9.977538083990334 0.0 0.0
-562.0421883523231 9.977538083990334 0.0 0.0
-552.3518057945184 9.977538083990334 0.0 0.0
-542.6614232367137 9.977538083990334 0.0 0.0
-532.971040678909 9.977538083990334 0.0 0.0
-523.2806581211044 9.977538083990334 0.0 0.0
-513.5902755632997 9.977538083990334 0.0 0.0
-503.8998930056114 9.977538083990334 0.0 0.0
-494.2095104478067 9.977538083990334 0.0 0.0
-484.519127890002 9.977538083990334 0.0 0.0
-474.8287453321973 9.977538083990334 0.0 0.0
-465.1383627743926 9.977538083990334 0.0 0.0
-455.4479802165879 9.977538083990334 0.0 0.0
-445.7575976587832 9.977538083990334 0.0 0.0
-436.0672151009785 9.977538083990334 0.0 0.0
-426.3768325431738 9.977538083990334 0.0 0.0
-416.6864499853691 9.977538083990334 0.0 0.0
-406.9960674275644 9.977538083990334 0.0 0.0
-397.3056848697597 9.977538083990334 0.0 0.0
-387.615302311955 9.977538083990334 0.0 0.0
-377.9249197541503 9.977538083990334 0.0 0.0
-368.2345371963456 9.977538083990334 0.0 0.0
-358.54415463854093 9.977538083990334 0.0 0.0
-348.85377208073623 9.977538083990334 0.0 0.0
-339.16338952293154 9.977538083990334 -0.00019839666022150221 0.0
-329.47300696512684 9.977538083990334 -0.00019333297815533917 0.0
-319.78262440743856 9.977538083990334 -0.00018852134398985904 0.0
-310.09224184963387 9.977538083990334 -0.00018394339594953696 0.0
-300.40185929182917 9.977538083990334 -0.00017958251352389996 0.0
-290.7114767340245 9.977538083990334 -0.000175423615840132 0.0
-281.0210941762198 9.977538083990334 -0.0001714529874183706 0.0
-271.3307116184151 9.977538083990334 -0.00016765812706685652 0.0
-261.6403290606104 9.977538083990334 -0.00016402761640945575 0.0
-251.9499465028057 9.977538083990334 -0.00016055100513275668 0.0
-242.259563945001 9.977538083990334 -0.00015721871052359765 0.0
-232.5691813871963 9.977538083990334 -0.00015402192926301924 0.0
-222.8787988293916 9.977538083990334 -0.00015095255976690724 0.0
-213.1884162715869 9.977538083990334 -0.00014800313363084227 0.0
-203.4980337137822 9.977538083990334 -0.0001451667549578242 0.0
-193.8076511559775 9.977538083990334 -0.00014243704653126707 0.0
-184.1172685981728 9.977538083990334 -0.0001398081019488683 0.0
-174.42688604036812 9.977538083990334 -0.0001372744429611739 0.0
-164.73650348256342 9.977538083990334 -0.00013483098136634142 0.0
-155.04612092475872 9.977538083990334 -0.00013247298490333143 0.0
-145.35573836695403 9.977538083990334 -0.0006955898176280299 0.0
-135.66535580914933 9.977538083990334 -0.0006786650841441892 0.0
-125.97497325146105 9.977538083990334 -0.0006625609597788578 0.0
-116.28459069365636 9.977538083990334 -0.004216930254193142 0.0
-106.59420813585166 9.977538083990334 -0.004109572180914665 0.0
-96.90382557804696 9.977538083990334 -0.004007568603170817 0.0
-87.21344302024227 9.977538083990334 -0.00391052755095749 0.0
-77.52306046243757 9.977538083990334 -0.003818094473223437 0.0
-67.83267790463287 9.977538083990334 -0.003729947871002403 0.0
-58.14229534682818 9.977538083990334 -0.004532558633791722 0.0
-48.45191278902348 9.977538083990334 -0.004429406879236029 0.0
-38.761530231218785 9.977538083990334 -0.004330876059297295 0.0
-29.07114767341409 9.977538083990334 -0.00423666079140139 0.0
-19.380765115609393 9.977538083990334 -0.004146482148759296 0.0
-9.690382557804696 9.977538083990334 -0.00406008484400609 0.0
0.0 1.0707293592184612 -0.028742342526609586 0.061486624503859985
9.690382557804696 1.6870214463204132 -0.028020788526338557 0.05989258218039569
19.380765115609393 2.096699320714137 -0.029136335186717367 0.05837910244628867
29.07114767341409 2.4224271324428646 -0.02843754672990507 0.05694022840530496
38.761530231218785 2.6987244926586484 -0.028455137597728393 0.055669080258654524
48.45191278902348 2.9412861044837113 -0.031945066794687935 0.05629226747843397
58.14229534671176 3.158849813828134 -0.031215523679582583 0.05499489802573845
67.83267790451646 3.356885826460265 -0.030518787357747063 0.05375600890979583
77.52306046232115 3.5390947725070347 -0.0318259558776577 0.05299974152170071
87.21344302012585 3.7081226158876506 -0.03113816155383198 0.05185562384325542
96.90382557793055 3.865941575898904 -0.030479695218152324 0.05075989003977538
106.59420813573524 4.014070149883828 -0.02984870766954863 0.04970953241326269
116.28459069353994 4.153708317391843 -0.029243502888054395 0.04870178767698249
125.97497325134464 4.285824807898784 -0.028662522410653653 0.04773411260380344
135.66535580914933 4.4112157273969785 -0.028104331590643312 0.04680416253158216
145.35573836695403 4.530545275418028 -0.0275676074796132 0.04590977234167639
155.04612092475872 4.644374829213618 -0.027051128111823548 0.0450489395845755
164.73650348256342 4.7531842244677325 -0.026553763004409554 0.04421980947488744
174.42688604036812 4.85738765425194 -0.02607446471479395 0.043420661518276615
184.1172685981728 4.957345765903944 -0.025612261319997096 0.042649897566818085
193.8076511559775 5.053375014453468 -0.025166249702045163 0.04190603112775805
203.4980337137822 5.145754999088254 -0.02473558954006763 0.04118767777477282
213.1884162715869 5.234734291839771 -0.02431949792349231 0.04049354653124571
222.8787988293916 5.320535122139605 -0.023917244512432788 0.03982243211244772
232.5691813871963 5.4033571813932975 -0.023528147181278155 0.03917320792831517
242.25956394488458 5.48338074239678 -0.02315156808993889 0.038544819761184256
251.94994650268927 5.5607692393085255 -0.02278691013437467 0.037936280043644806
261.64032906049397 5.635671418525851 -0.022433613734290384 0.037346662671161594
271.33071161829866 5.708223145052935 -0.022091153921021785 0.03677509829188879
281.02109417610336 5.778548929844984 -0.021792423946172746 0.03622077002331192
290.71147673390806 5.846763229366624 -0.021469333739746837 0.035682909551206995
300.40185929171275 5.912971557804163 -0.021155730226825983 0.0351607935716778
310.09224184951745 5.977271444125728 -0.020851199604985073 0.03465374054156562
319.78262440732215 6.039753259821506 -0.020600963701856403 0.03416110770648162
329.47300696512684 6.100500938204885 -0.020312260160037073 0.03368228837916912
339.16338952293154 6.159592602269808 -0.020031583126280998 0.03321670944392786
348.85377208073623 6.217101115026893 -0.01975860023169005 0.032763829065485604
358.54415463854093 6.273094563793151 -0.019492997363131002 0.032323134583033174
368.2345371963456 6.327636687946969 -0.01932422108110357 0.031894140572190574
377.9249197541503 6.380787258075475 -0.01907016849229023 0.03147638705948197
387.615302311955 6.432602413154415 -0.018822769478409926 0.031069437875494734
397.3056848697597 6.4831349613496645 -0.018581762644978482 0.0306728791343127
406.9960674275644 6.5324346491663 -0.01834690038315802 0.030286317828066858
416.6864499853691 6.580548402958678 -0.018117947945195226 0.029909380526559854
426.3768325430574 6.627520546223376 -0.01789468259664309 0.02954171217291425
436.0672151008621 6.673392995608312 -0.01767689283755057 0.029182974967045028
445.7575976586668 6.7182054381472955 -0.017464377685822097 0.028832847329634786
455.4479802164715 6.773413811176705 -0.017256946016674993 0.028491022939837594
465.1383627742762 6.855839646223057 -0.0170544159529183 0.028157209840719982
474.82874533208087 6.93476312078054 -0.016856614301324596 0.027831129606916086
484.51912788988557 7.01040652783456 -0.016663376030907843 0.02751251656950987
494.20951044769026 7.082972394633817 -0.016474543789371233 0.027201117093604756
503.89989300549496 7.152645804684111 -0.016289967454384945 0.02689668890444864
513.5902755632997 7.219596378603813 -0.01610950371669982 0.026599000458348118
523.2806581211044 7.283979973705391 -0.015933015692406946 0.02630783035493644
532.971040678909 7.345940150051534 -0.015760372561921157 0.026022966787657257
542.6614232367137 7.405609441374967 -0.015591449233502815 0.025744207029595824
552.3518057945184 7.463110461956067 -0.015426126029342005 0.02547135695203256
562.0421883523231 7.518556874819203 -0.015264288392415438 0.025204230573314532
571.7325709101278 7.572054242067766 -0.015105826612492284 0.02494264963584012
581.4229534679325 7.62370077455463 -0.014950635569812985 0.024686443209133803
591.1133360257372 7.673587995174212 -0.014798614495097688 0.024435447317152262
600.8037185835419 7.721801327708701 -0.014649666744659541 0.024189504588113336
610.4941011412302 7.768420621245845 -0.014503699589506439 0.023948463925278166
620.1844836990349 7.813520618622843 -0.014360624017398608 0.02371218019722125
629.8748662568396 7.857171376050351 -0.014220354546952479 0.0234805139462968
639.5652488146443 7.899438640024112 -0.014082809052898194 0.02325333111401208
649.255631372449 7.94038418672626 -0.013947908601730102 0.02303050278221443
658.9460139302537 7.980066128390481 -0.01381557729701667 0.022811904929023942
668.6363964880584 8.01853919048083 -0.013685742133706534 0.02259741819854323
678.3267790458631 8.055854963012138 -0.013558332860818487 0.02238692768344546
688.0171616036678 8.092062128898027 -0.013433281851951046 0.022180322719607924
697.7075441614725 8.127206671837433 -0.01331052398309103 0.02197749669201975
707.3979267192772 8.161332065930965 -0.013189996517240302 0.021778346851247975
717.0883092770819 8.194479448945089 -0.013071638995416305 0.02158277413979797
726.7786918348866 8.226687780907657 -0.012955393133615243 0.02139068302775125
736.4690743926913 8.257993989516496 -0.01284120272535713 0.02120198135710749
746.159456950496 8.288433103668526 -0.012729013549459909 0.021016580194297665
755.8498395083006 8.318038376265918 -0.01261877328271529 0.02083439369037202
765.5402220661053 8.346841397324836 -0.012510431417162555 0.02065533894840102
775.23060462391 8.374872198298121 -0.012403939181678 0.020479335897658747
784.9209871817147 8.40215934842367 -0.012299249467617655 0.020306307174187358
794.6113697395194 8.428730043823016 -0.012196316758269073 0.020136178007368225
804.3017522972077 8.4546101899978 -0.012095097061886093 0.019968876112152124
813.9921348550124 8.479824478306618 -0.011995547848087443 0.01980433158661011
823.6825174128171 8.504396456938947 -0.011897627987439945 0.01964247681452986
833.3728999706218 8.528348596861239 -0.011801297694017653 0.01948324637273218
843.0632825284265 8.551702353152965 -0.011706518470783234 0.019326576942870727
852.7536650862312 8.574478222115813 -0.011613253057623465 0.0191724072274531
862.4440476440359 8.596695794500336 -0.011521465381889898 0.019020677869851073
872.1344302018406 8.61837380516224 -0.011431120511304049 0.01887133137808082
881.8248127596453 8.639530179431212 -0.011342184609095687 0.01872431205214723
891.51519531745 8.660182076449363 -0.011254624891250902 0.01857956591475946
901.2055778752547 8.680345929712958 -0.011168409585754614 0.018437040645236612
910.8959604330594 8.700037485030318 -0.011083507893719272 0.01829668551643348
920.5863429908641 8.719271836089979 -0.010999889952298175 0.018158451334526513
930.2767255486688 8.73806345781633 -0.010917526799288169 0.018022290381509837
939.9671081064735 8.756426237674766 -0.010836390339332187 0.01788815636026008
949.6574906642782 8.774373505074644 -0.0107564533116376 0.01775600434203709
959.3478732220829 8.791918059005974 -0.010677689259131255 0.017625790716295494
969.0382557798875 8.80907219403452 -0.010600072498976907 0.017497473142689172
978.7286383376922 8.82584772476985 -0.010523578094385127 0.01737101050515787
988.4190208953805 8.842256008911455 -0.010448181827650558 0.017246362867992505
998.1094034531852 8.858307968970983 -0.010373860174349292 0.017123491433771905
