-1007.7997860109899 8.816770093833194 -0.030488960834636404 0.005659896487574874
-998.1094034531852 8.816960248598892 -0.030403956787280036 0.005640666709359999
-988.4190208953805 8.817164013580593 -0.030319476990616573 0.005621567416172177
-978.7286383376922 8.817380987369097 -0.030235516164575194 0.005602597281401783
-969.0382557798875 8.817610775722365 -0.0301520691056182 0.005583754996407763
-959.3478732220829 8.817852991597178 -0.030069130685243934 0.005565039270214803
-949.6574906642782 8.818107255167801 -0.029986695848518655 0.005546448829214468
-939.9671081064735 8.81837319383267 -0.02990475961265086 0.005527982416873462
-930.2767255486688 8.818650442209977 -0.02982331706560114 0.005509638793447595
-920.5863429908641 8.818938642123042 -0.029742363364727128 0.005491416735701442
-910.8959604330594 8.81923744257631 -0.029661893735462328 0.00547331503663369
-901.2055778752547 8.819546499722694 -0.02958190347002811 0.005455332505207923
-891.51519531745 8.819865476823034 -0.029502387926177286 0.005437467966088766
-881.8248127596453 8.820194044198299 -0.02942334252596868 0.005419720259383289
-872.1344302018406 8.820531879175212 -0.02934476275457162 0.005402088240387508
-862.4440476440359 8.820878666025852 -0.029266644159099187 0.005384570779337874
-852.7536650862312 8.821234095901826 -0.029188982347469614 0.005367166761167641
-843.0632825284265 8.821597866763486 -0.029111772987294872 0.005349875085268022
-833.3728999706218 8.821969683304737 -0.029035011804795573 0.0053326946652539845
-823.6825174128171 8.822349256873835 -0.028958694583741396 0.005315624428734592
-813.9921348550124 8.822736305390633 -0.02888281716441637 0.005298663317087822
-804.3017522972077 8.823130553260677 -0.028807375442608172 0.005281810285239699
-794.6113697395194 8.823531731286486 -0.028732365368621594 0.005265064301447905
-784.9209871817147 8.823939576576425 -0.028657782946310287 0.005248424347088533
-775.23060462391 8.824353832451402 -0.0285836242321394 0.005231889416448903
-765.5402220661053 8.824774248349796 -0.028509885334260656 0.005215458516522354
-755.8498395083006 8.825200579730804 -0.02843656241161257 0.005199130666807902
-746.159456950496 8.82563258797653 -0.02836365167304011 0.005182904899113527
-736.4690743926913 8.82607004029301 -0.028291149376433643 0.005166780257363135
-726.7786918348866 8.82651270961043 -0.02821905182788728 0.005150755797407192
-717.0883092770819 8.826960374482736 -0.028147355380875448 0.005134830586836859
-707.3979267192772 8.82741281898681 -0.02807605643544763 0.005119003704801661
-697.7075441614725 8.82786983262142 -0.02800515143744044 0.005103274241830491
-688.0171616036678 8.828331210206091 -0.027934636877706948 0.005087641299655992
-678.3267790458631 8.828796751780033 -0.02786450929136234 0.005072103991042163
-668.6363964880584 8.829266262501315 -0.027794765257045894 0.005056661439615145
-658.9460139302537 8.829739552546362 -0.027725401396198456 0.005041312779697132
-649.255631372449 8.830216437009913 -0.027656414372355328 0.005026057156143329
-639.5652488146443 8.830696735805562 -0.027587800890454005 0.00501089372418188
-629.8748662568396 8.831180273566979 -0.027519557696156247 0.004995821649256714
-620.1844836990349 8.83166687954986 -0.02745168157518455 0.004980840106873267
-610.4941011413466 8.832156387534761 -0.027384169352672752 0.00496594828244715
-600.8037185835419 8.832648635730857 -0.027317017892526378 0.004951145371154675
-591.1133360257372 8.833143466680635 -0.027250224096803784 0.004936430577787856
-581.4229534679325 8.833640727165722 -0.027183784905102207 0.004921803116610207
-571.7325709101278 8.83414026811377 -0.02711769729395999 0.004907262211216062
-562.0421883523231 8.834641944506535 -0.027051958276270265 0.004892807094392156
-552.3518057945184 8.835145615289129 -0.026986564900706216 0.00487843700798174
-542.6614232367137 8.835651143280572 -0.026921514251158078 0.0048641512027510405
-532.971040678909 8.83615839508558 -0.026860764227888557 0.004850237427836891
-523.2806581211044 8.8366672410077 -0.026796361184289536 0.004836115841923231
-513.5902755632997 8.837177554963784 -0.026732292752650894 0.004822076372959325
-503.89989300549496 8.837689214399829 -0.026668556142969826 0.0048081183054328866
-494.20951044769026 8.83820210020821 -0.026652255226926436 0.00479571692511086
-484.51912788988557 8.838716096646317 -0.026588827414205273 0.004781908686771734
-474.82874533208087 8.839231091256615 -0.026525728311790675 0.004768179911361003
-465.1383627742762 8.839746974788133 -0.026462955147850315 0.004754529912437403
-455.4479802164715 8.840263641119403 -0.026400505184578545 0.004740958011498114
-445.7575976586668 8.840780987182834 -0.02635854552268706 0.004728054795199967
-436.0672151008621 8.841298912890538 -0.026296584817289543 0.004714632716258646
-426.3768325431738 8.84181732106161 -0.026234941484647258 0.004701286810386462
-416.6864499853691 8.842336117350875 -0.026189031914068774 0.004688564125673023
-406.9960674275644 8.842855210179035 -0.026135215285732354 0.004675554197865573
-397.3056848697597 8.843374510664304 -0.026074342836663673 0.004662427580919145
-387.615302311955 8.843893932555472 -0.02601377973549695 0.004649374661878435
-377.9249197541503 8.844413392166373 -0.02595352340222507 0.004636394818806264
-368.2345371963456 8.844932808311805 -0.025893571288759597 0.004623487436813954
-358.54415463854093 8.845452102244826 -0.025833920878362608 0.004610651907959551
-348.85377208073623 8.845971197595476 -0.02577456968509294 0.004597887631147954
-339.16338952293154 8.846490020310862 -0.02574486830835203 0.004585799267661754
-329.47300696512684 8.847008498596617 -0.025685891901932996 0.004573171258267159
-319.78262440732215 8.847526562859711 -0.025629579546069373 0.004560667857405294
-310.09224184951745 8.848044145652606 -0.025571173499318516 0.00454817797554507
-300.40185929171275 8.848561181618718 -0.02551305796640824 0.004535756507939638
-290.71147673390806 8.849077607439193 -0.0254552305647324 0.004523402891105084
-281.02109417610336 8.849593361780954 -0.025397688940977523 0.004511116567794889
-271.33071161829866 8.850108385246017 -0.025340430770597156 0.004498896986911836
-261.64032906049397 8.850622620322055 -0.025283453757299762 0.00448674360342152
-251.94994650268927 8.851136011334175 -0.025226755632549697 0.0044746558782673244
-242.259563945001 8.851648504397895 -0.025170334155081502 0.004462633278287087
-232.5691813871963 8.852160047373332 -0.025114187110423132 0.0044506752761304695
-222.8787988293916 8.852670589820486 -0.02505831231043756 0.004438781350179232
-213.1884162715869 8.853180082955722 -0.025002707592869017 0.004426950984467425
-203.4980337137822 8.853688479609337 -0.024947370820903796 0.004415183668603692
-193.8076511559775 8.854195734184218 -0.02489229988274074 0.004403478897694767
-184.1172685981728 8.854701802615574 -0.02574047809671686 0.004391836172270264
-174.42688604036812 8.855206642331718 -0.025679289626726273 0.004380254998208737
-164.73650348256342 8.85571021221585 -0.025618457827382552 0.004368734886665043
-155.04612092475872 8.856212472568878 -0.025689666895065157 0.004357275353998854
-145.35573836695403 8.85671338507317 -0.025628563037576536 0.004345875921704439
-135.66535580914933 8.857212912757305 -0.025574354833341792 0.004334651181295543
-125.97497325134464 8.857711019961707 -0.025526844191322447 0.004323369686715915
-116.28459069353994 8.858207672305234 -0.025529434838248533 0.00431214689951245
-106.59420813573524 8.858702836652624 -0.025469139628876793 0.004300982360768331
-96.90382557793055 8.859196481082806 -0.025409195725749522 0.004289875616375036
-87.21344302012585 8.859688574858062 -0.02534959907131893 0.004278826216968468
-77.52306046232115 8.860179088393998 -0.025290345689223094 0.004267833717866183
-67.83267790451646 8.860667993230322 -0.025617569211075913 0.004256897679005629
-58.14229534682818 8.861155262002383 -0.02788487183957456 0.004246017664883533
-48.45191278902348 8.86164086841349 -0.02780667734891515 0.004235193244495606
-38.761530231218785 8.862124787207922 -0.027729102297503746 0.004224423991278538
-29.07114767341409 8.862606994144693 -0.02765213674579676 0.004213709483051622
-19.380765115609393 8.86308746597199 -0.027575771004716483 0.004203049301959956
-9.690382557804696 8.863566180402282 -0.02749999562723049 0.004192443034418431
0.0 1.2498352306484524 -0.1475879321280698 0.11567596259905367
9.690382557804696 1.7605891952432504 -0.1466246825319169 0.11484094461672167
19.380765115609393 2.099204086023919 -0.14806962375527083 0.11518561191141662
29.07114767341409 2.367640563997358 -0.14711568437557926 0.11436605707603406
38.761530231218785 2.5949737504705688 -0.14617503321151054 0.11355826332050557
48.45191278902348 2.7944374691291385 -0.14524738749757526 0.11276197792012094
58.14229534682818 2.973385533187235 -0.14433247249527656 0.11197695535289441
67.83267790463287 3.136406587628276 -0.14390883282102568 0.11127846198939216
77.52306046243757 3.286592238897981 -0.14301504885899585 0.110514698331997
87.21344302024227 3.4261429099536933 -0.14213326864793818 0.10976150984124984
96.90382557804696 3.5566907387567452 -0.14126324570599136 0.1090186771829142
106.59420813585166 3.679486028856097 -0.14040474030719546 0.10828598705833926
116.28459069365636 3.7955117403658223 -0.1395899667096766 0.10756393781538287
125.97497325146105 3.905557310455066 -0.13875356451434426 0.10685091079161232
135.66535580914933 4.010268180233693 -0.13792800244423015 0.10614742067327071
145.35573836695403 4.11018013808021 -0.1371130655079152 0.10545327632119689
155.04612092475872 4.205743807498144 -0.13639035439689368 0.10477434163350742
164.73650348256342 4.297342529449471 -0.13559544203460203 0.10409829094960572
174.42688604036812 4.385305693663807 -0.13481055209170553 0.10343104310737726
184.1172685981728 4.4699188584349 -0.13403549106674062 0.10277242630810542
193.8076511559775 4.5514315560340455 -0.1332700704505046 0.10212227320401843
203.4980337137822 4.630063398975332 -0.1325141065656196 0.10148042075496277
213.1884162715869 4.706008917992948 -0.13176742041224956 0.1008467100905809
222.8787988293916 4.779441439176264 -0.13102983751969974 0.10022098637774864
232.5691813871963 4.850516223368728 -0.13030118780363478 0.09960309869303903
242.259563945001 4.919373032215244 -0.12958130542867233 0.09899289989999228
251.9499465028057 4.986138243661717 -0.12887002867611402 0.09839024653098097
261.6403290606104 5.14880109963197 -0.12816719981659394 0.09779499867347193
271.3307116184151 5.321703078625125 -0.12747266498743032 0.09720701986049428
281.0210941762198 5.481062564274499 -0.1267862740744805 0.09662617696513368
290.7114767340245 5.628552640959077 -0.1261078805983059 0.0960523400988812
300.40185929182917 5.765546735953254 -0.12543734160446626 0.0954853825136728
310.09224184963387 5.893189594148196 -0.12477451755776756 0.09492518050746528
319.78262440732215 6.012447693614177 -0.12411927224030744 0.09437161333320565
329.47300696512684 6.1241459989406986 -0.12347147265311316 0.09382456311101506
339.16338952293154 6.228995362588712 -0.12283098892133947 0.09328391474355041
348.85377208073623 6.327613357697823 -0.12219769420272605 0.09274955583428489
358.54415463854093 6.420540391814199 -0.12157146459929709 0.0922213766086836
368.2345371963456 6.508252361746617 -0.12095217907212462 0.0916992698381186
377.9249197541503 6.591170727593626 -0.12033971935903975 0.09118313076641937
387.615302311955 6.6696706300507245 -0.11972073918288471 0.09067285703895207
397.3056848697597 6.7440875026502045 -0.11912168490162067 0.09016834863412719
406.9960674275644 6.8147225111397685 -0.11852911608986458 0.08966950779723878
416.6864499853691 6.881847067987177 -0.11794292485596872 0.08917623897654348
426.3768325431738 6.945706609644858 -0.11736300571295426 0.08868844876149078
436.0672151009785 7.006523780309885 -0.11678925551163835 0.08820604582302141
445.7575976587832 7.064501133545129 -0.11622157337598343 0.0877289408558526
455.4479802165879 7.119823438956621 -0.11565986064058359 0.08725704652267403
465.1383627743926 7.172659662861509 -0.11510402079020575 0.0867902774001809
474.8287453321973 7.223164677935726 -0.11455395940130685 0.08632854992687385
484.519127890002 7.271480746072983 -0.11400958408545285 0.08587178235255905
494.2095104478067 7.317738810310239 -0.11347080443456702 0.08541989468948322
503.89989300549496 7.362059625094583 -0.11293753196794545 0.08497280866504875
513.5902755632997 7.404554748959228 -0.11240968008093608 0.08453044767601677
523.2806581211044 7.445327419506819 -0.1118871639953134 0.08409273674422306
532.971040678909 7.484473327274113 -0.11136990071116147 0.08365960247364511
542.6614232367137 7.5220813023284485 -0.11085780896030245 0.08323097300884899
552.3518057945184 7.558233925254644 -0.110350809161178 0.08280677799473507
562.0421883523231 7.593008072382238 -0.10984882337513611 0.08238694853753942
571.7325709101278 7.626475403616388 -0.1093517752640725 0.08197141716704621
581.4229534679325 7.658702800003835 -0.10898806149485503 0.08156554488050992
591.1133360257372 7.689752757139765 -0.10849971546475015 0.08115837263455479
600.8037185835419 7.719683739663511 -0.10801610125426123 0.08075530483503944
610.4941011413466 7.7485505013701115 -0.10753714822400583 0.08035627933788995
620.1844836991513 7.776404374856435 -0.10706278715087918 0.07996123525070972
629.874866256956 7.803293534105069 -0.10669735920600455 0.07957403447845926
639.5652488147607 7.829263232970707 -0.10623121036570957 0.07918674648245007
649.2556313725654 7.854356022159484 -0.1057694652206939 0.07880326484292739
658.9460139303701 7.878611946970953 -0.10531205962305827 0.07842353336029984
668.6363964881748 7.902068727796776 -0.10485893068102822 0.07804749693903808
678.3267790459795 7.924761925132524 -0.10441001672816778 0.07767510156066047
688.0171616036678 7.94672509065308 -0.10396525729350355 0.07730629425751313
697.7075441614725 7.967989905725698 -0.10353095412856705 0.07694114073253266
707.3979267192772 7.988586308574108 -0.10309428000949625 0.07657935388534334
717.0883092770819 8.008542611181056 -0.10266158657038633 0.07622100227711424
726.7786918348866 8.027885606889075 -0.10239448405563714 0.07587351650290595
736.4690743926913 8.046640669561267 -0.1019683930656851 0.07552183411791885
746.159456950496 8.064831845070907 -0.10154613539926485 0.07517344351312694
755.8498395083006 8.082481935808808 -0.10111967607178125 0.07482829838546416
765.5402220661053 8.09961257882662 -0.10070498490939099 0.07448635329882934
775.23060462391 8.116244318171704 -0.10029396939061407 0.07414756366386024
784.9209871817147 8.132396671913856 -0.09988657919126433 0.07381188571827146
794.6113697395194 8.14808819431489 -0.09948276491522677 0.07347927650773868
804.3017522973241 8.16333653354847 -0.09908247807298931 0.07314969386731048
813.9921348551288 8.17815848533853 -0.09893146599582026 0.07283706384270064
823.6825174129335 8.192570042849937 -0.09853628326902497 0.07251330812876906
833.3728999707382 8.206586443133942 -0.09814451416881526 0.07219245854977843
843.0632825285429 8.22022221040317 -0.09775611305408043 0.07187447588969977
852.7536650863476 8.233491196385977 -0.09737103510810724 0.0715593216372289
862.4440476441523 8.246406617987567 -0.09698923631982476 0.07124695796999878
872.134430201957 8.258981092465222 -0.09661067346556443 0.07093734773921495
881.8248127596453 8.271226670306579 -0.0962323936616916 0.07063045445470433
891.51519531745 8.283154865984766 -0.09586019744477428 0.07032624227034288
901.2055778752547 8.294776686746122 -0.09549111172849409 0.07002467596990528
910.8959604330594 8.306102659578295 -0.09512509627291596 0.06972572095325025
920.5863429908641 8.317142856489045 -0.09478197820079562 0.06942969602414041
930.2767255486688 8.327906918218384 -0.0944218388794437 0.06913585957115272
939.9671081064735 8.338404076495651 -0.09406465540042884 0.06884453420348434
949.6574906642782 8.348643174944304 -0.09371039019866242 0.06855568765358964
959.3478732220829 8.358632688728884 -0.09335900635413544 0.06826928820624674
969.0382557798875 8.36838074303133 -0.09300578256792282 0.06798530468676892
978.7286383376922 8.377895130436814 -0.09266008776884578 0.06770370644951734
988.4190208954969 8.387183327303203 -0.09231716679306969 0.06742446336670563
998.1094034533016 8.396252509182522 -0.0919769851760784 0.0671475458174877
