-1007.7997860111063 11.300214700917653 -0.005626041911080317 4.8442406996996585e-05
-998.1094034533016 11.299871789890254 -0.005588931042972227 4.820640906556476e-05
-988.4190208954969 11.299523738767904 -0.005552309504075935 4.7972711394698894e-05
-978.7286383376922 11.299170862899574 -0.005516167636078035 4.77412803410067e-05
-969.0382557798875 11.298813476527247 -0.005480496034038178 4.7512082917412406e-05
-959.3478732220829 11.298451891927606 -0.0054452855381135834 4.728508677714786e-05
-949.6574906642782 11.298086418627497 -0.005410527225606406 4.7060260198212165e-05
-939.9671081064735 11.29771736269101 -0.005376212403319344 4.6837572068284e-05
-930.2767255486688 11.297345026075353 -0.005342332600205623 4.661699187007202e-05
-920.5863429909805 11.296969706052762 -0.005308879560300572 4.639848966708856e-05
-910.8959604331758 11.296591694695374 -0.005275845235919944 4.6182036089820754e-05
-901.2055778753711 11.29621127841999 -0.005243221781119067 4.5967602322320535e-05
-891.5151953175664 11.29582873758943 -0.005211001545393622 4.5755160089151196e-05
-881.8248127597617 11.295444346167352 -0.005179177067617274 4.554468164271553e-05
-872.134430201957 11.295058371423243 -0.005147741070203649 4.5336139750937074e-05
-862.4440476441523 11.294671073684416 -0.005116686453483355 4.51295076852883e-05
-852.7536650863476 11.29428270613183 -0.00508600629028683 4.49247592091503e-05
-843.0632825285429 11.293893514636684 -0.005055693820724312 4.4721868566497e-05
-833.3728999707382 11.293503737634817 -0.005025742447154564 4.452081047089054e-05
-823.6825174129335 11.293113606035904 -0.005113086928950742 6.089230757999274e-05
-813.9921348551288 11.292723343164795 -0.005082244129699145 6.046890458022721e-05
-804.3017522973241 11.292333164732193 -0.0050517864539641275 6.005333921102449e-05
-794.6113697395194 11.291943278832237 -0.005021706198311193 5.964534593672689e-05
-784.9209871817147 11.291553885964362 -0.004991995888455112 5.9244672321490504e-05
-775.23060462391 11.291165179077328 -0.004962648269422037 5.8851078200169027e-05
-765.5402220661053 11.290777343633067 -0.004933656296295257 5.846433491223403e-05
-755.8498395083006 11.290390557688314 -0.004905013125499844 5.8084224593179336e-05
-746.159456950496 11.290004991992104 -0.004876712106585555 5.771053951841884e-05
-736.4690743928077 11.289620810097261 -0.004848746774471486 5.7343081495176516e-05
-726.778691835003 11.289238168484136 -0.004821110842116838 5.69816612982732e-05
-717.0883092771983 11.288857216695103 -0.004793798193592255 5.6626098146202655e-05
-707.3979267193936 11.288478097478151 -0.004766802877517063 5.6276219214076966e-05
-697.7075441615889 11.288100946938336 -0.004740119100841929 5.5931859180490666e-05
-688.0171616037842 11.28772589469569 -0.004713741222951534 5.5592859805542e-05
-678.3267790459795 11.287353064048494 -0.0046876637500661514 5.525906953752324e-05
-668.6363964881748 11.28698257214071 -0.0046618813299224805 5.49303431460227e-05
-658.9460139303701 11.286614530132697 -0.004636388746715615 5.460654137937489e-05
-649.2556313725654 11.286249043374168 -0.00461118091628554 5.4287530644580764e-05
-639.5652488147607 11.28588621157861 -0.004586252881532774 5.3973182707985724e-05
-629.874866256956 11.28552612899842 -0.004561599808049039 5.366337441514964e-05
-620.1844836991513 11.285168884599965 -0.0045372169799498385 5.335798742847409e-05
-610.4941011413466 11.284814562238115 -0.004513099795896894 5.305690798127982e-05
-600.8037185835419 11.284463240829474 -0.004489243765299194 5.276002664713283e-05
-591.1133360257372 11.28411499452402 -0.0044656445046823 5.246723812331506e-05
-581.4229534679325 11.283769892874528 -0.004442297734216253 5.2178441027432043e-05
-571.7325709101278 11.283428001003557 -0.004419199274393149 5.1893537706226596e-05
-562.0421883523231 11.283089379767498 -0.004396345042846022 5.16124340557434e-05
-552.3518057946349 11.282754085917492 -0.004373731051301564 5.1335039352065005e-05
-542.6614232368302 11.282422172256933 -0.004351353402657851 5.106126609186951e-05
-532.9710406790255 11.282093687795374 -0.004329208288184366 5.0791029842196194e-05
-523.2806581212208 11.281768677898578 -0.0043072919848326 5.052424909873302e-05
-513.5902755634161 11.281447184434665 -0.004285600852655437 5.0260845152108586e-05
-503.8998930056114 11.28112924591616 -0.004264131332328177 5.0000741961641475e-05
-494.2095104478067 11.280814897637953 -0.0042603588419511335 5.020805731359009e-05
-484.519127890002 11.280504171811002 -0.004239083574173852 4.9948000939268015e-05
-474.8287453321973 11.280197097691818 -0.004218026127255701 4.9691202723791546e-05
-465.1383627743926 11.279893701707712 -0.004197182985242128 4.943758936783436e-05
-455.4479802165879 11.27959400757777 -0.004176550715203863 4.9187090062475945e-05
-445.7575976587832 11.279298036429612 -0.004156125964401817 4.893963637555893e-05
-436.0672151009785 11.27900580691195 -0.004451522560240361 8.205179899113822e-05
-426.3768325431738 11.278717335303021 -0.00442721723881468 8.135728055269745e-05
-416.6864499853691 11.27843263561493 -0.004403224671678589 8.067775259146685e-05
-406.9960674275644 11.278151719693978 -0.004379537246558945 8.001267380905942e-05
-397.3056848697597 11.27787459731709 -0.004356147656810069 7.936152992724217e-05
-387.615302311955 11.277601276284374 -0.0043330488839777685 7.872383198934931e-05
-377.9249197541503 11.277331762507968 -0.004310234181624708 7.809911478942251e-05
-368.2345371963456 11.277066060097205 -0.004287697060308909 7.748693541796091e-05
-358.54415463865735 11.276804171440311 -0.0043068172187939015 7.94145928703866e-05
-348.85377208085265 11.276546097282571 -0.004434623184915748 9.38904779401713e-05
-339.16338952304795 11.276291836801283 -0.004410294778389074 9.307500435795768e-05
-329.47300696524326 11.276041387677436 -0.004386289400233551 9.227687243235769e-05
-319.78262440743856 11.275794746164326 -0.004362598923002327 9.149547982948966e-05
-310.09224184963387 11.27555190715316 -0.004395540471068185 9.365147022911009e-05
-300.40185929182917 11.275312864235845 -0.0043716887117368364 9.286203114230169e-05
-290.7114767340245 11.275077609764976 -0.004348150030657908 9.208876129580774e-05
-281.0210941762198 11.274846134911211 -0.005114983105947882 9.133112058078736e-05
-271.3307116184151 11.274618429718108 -0.005081379417931364 9.058859363391651e-05
-261.6403290606104 11.274394483154508 -0.005048350749534834 8.986068841062494e-05
-251.9499465028057 11.27417428316467 -0.005015879013729693 8.914693485691613e-05
-242.259563945001 11.273957816716113 -0.004983946964368648 8.84468836718603e-05
-232.5691813871963 11.273745069845397 -0.0049525381454236595 8.776010515357502e-05
-222.8787988293916 11.273536027701867 -0.00492163684393364 8.708618812214472e-05
-213.1884162715869 11.273330674589488 -0.004891228046346489 8.642473891352534e-05
-203.4980337137822 11.273128994006834 -0.004861297397970445 8.57753804389956e-05
-193.8076511559775 11.272930968685358 -0.004831831165276887 8.513775130519385e-05
-184.1172685981728 11.27273658062599 -0.004802816200821034 8.451150499020603e-05
-174.42688604048453 11.272545811134181 -0.004774239910569037 8.38963090715596e-05
-164.73650348267984 11.27235864085342 -0.004752268702180548 8.348374075222353e-05
-155.04612092487514 11.272175049797385 -0.004724450661687722 8.288711149954244e-05
-145.35573836707044 11.271995017380698 -0.004697038759692902 8.230068191907905e-05
-135.66535580926575 11.271818522448424 -0.004670022243278601 8.172416645866245e-05
-125.97497325146105 11.271645543304382 -0.004643390784046319 8.115729060252082e-05
-116.28459069365636 11.271476057738248 -0.004617134456102561 8.059979033193697e-05
-106.59420813585166 11.271310043051626 -0.004591243715437703 8.005141161760295e-05
-96.90382557804696 11.271147476083069 -0.004565709380594729 7.951190994149754e-05
-87.21344302024227 11.270988333232124 -0.004540522614533428 7.89810498462906e-05
-77.52306046243757 11.270832590482401 -0.004515674907603589 7.845860451042678e-05
-67.83267790463287 11.270680223423856 -0.004491158061547803 7.7944355347184e-05
-58.14229534682818 11.270531207274159 -0.004466964174460971 7.743809162613127e-05
-48.45191278902348 11.270385516899294 -0.004456550588096923 7.728269393123349e-05
-38.761530231218785 11.270243126833424 -0.004432797078456812 7.678713703363881e-05
-29.07114767341409 11.270104011298024 -0.004409349367656063 7.629910202090217e-05
-19.380765115609393 11.269968144220332 -0.004386200411050254 7.581840124208366e-05
-9.690382557804696 11.269835499251176 -0.00436334340749153 7.534485355736055e-05
0.0 11.269706049782164 -0.004340771788137535 7.487828405006412e-05
9.690382557688281 8.799974929733681 -0.05569647452911872 0.03195776328748471
19.380765115492977 8.982867041650957 -0.05497974480514002 0.031526197988043216
29.071147673297673 9.113835988363435 -0.05428181851903891 0.031106142245846694
38.76153023110237 9.218187250170704 -0.053601957805042816 0.03069714157690033
48.451912788907066 9.305720573848685 -0.052939463036715394 0.030298765117322164
58.14229534671176 9.381448658015652 -0.05229367037824553 0.029910604108491175
67.83267790451646 9.448338960103914 -0.054247212433393845 0.030629408807659086
77.52306046232115 9.50831746630415 -0.0535979603613039 0.030245667332095008
87.21344302012585 9.562716472621668 -0.052964547795820854 0.029871431691371384
96.90382557793055 9.61250184333573 -0.05234639601634773 0.029506352823482962
106.59420813573524 9.658399454258557 -0.05298664750904724 0.029399644909463712
116.28459069353994 9.700970590737459 -0.05238046931818515 0.02904850356093254
125.97497325134464 9.740659417992015 -0.05178843126837158 0.028705660327970547
135.66535580914933 9.777824209750277 -0.0512100388716681 0.028370824308172022
145.35573836695403 9.812758651445764 -0.0506448205339981 0.028043718046434917
155.04612092475872 9.845706822744509 -0.05009232624230031 0.027724076766434062
164.73650348256342 9.87687401169589 -0.04955212634114525 0.02741164765423136
174.42688604036812 9.906434695613331 -0.049023810391771935 0.027106189189940896
184.1172685981728 9.934538544638514 -0.04850698610713019 0.026807470523727468
193.8076511558611 9.961315012952856 -0.04800127835708466 0.026515270892747207
203.4980337136658 9.986876900456625 -0.0475063282384039 0.026229379075908166
213.1884162714705 10.011323150626218 -0.04702179220474556 0.025949592883667962
222.87879882927518 10.034741073110018 -0.04654734125205143 0.025675718680203408
232.56918138707988 10.057208127547561 -0.04611716323951963 0.025408718910342878
242.25956394488458 10.078793369135035 -0.045661480316295196 0.025146104159024428
251.94994650268927 10.099558631025523 -0.04521498792539321 0.02488886789018807
261.64032906049397 10.119559500273784 -0.04477740755837252 0.0246368464570228
271.33071161829866 10.138846130502241 -0.04434847190267271 0.024389882787667648
281.02109417610336 10.157463924353214 -0.04392792428321986 0.024147826058163787
290.71147673390806 10.175454111163427 -0.04351551813717696 0.023910531384743035
300.40185929171275 10.192854239510543 -0.04311101651956342 0.02367785953413138
310.09224184951745 10.209698599886499 -0.04271419163764426 0.02344967665064866
319.78262440732215 10.226018589418008 -0.042324824412152656 0.02322585399897857
329.47300696512684 10.241843028032491 -0.04194270406355581 0.023006267721568947
339.16338952293154 10.257198433564863 -0.041567627721710784 0.02279079860970012
348.85377208073623 10.272109261868328 -0.04119940005737966 0.022579331887331203
358.54415463854093 10.286598116911312 -0.04083783293418731 0.022371757006899477
368.2345371963456 10.300685935020615 -0.040482745079709524 0.02216796745630858
377.9249197541503 10.317046020323124 -0.04013396177447393 0.02196786057639647
387.6153023118386 10.336226092692677 -0.03979131455774888 0.021771337388227372
397.3056848696433 10.354697970989738 -0.039454640949046965 0.021578302429582467
406.996067427448 10.372507369721381 -0.03912378418443059 0.02138866360011642
416.6864499852527 10.389695782276874 -0.0387985929666312 0.02120233201460389
426.3768325430574 10.406300981085613 -0.03847892122820171 0.02101922186382008
436.0672151008621 10.422357445880769 -0.03816462790689198 0.02083925028258273
445.7575976586668 10.437896732502733 -0.037855576732521094 0.02066233722453129
455.4479802164715 10.45294779198464 -0.037551636024664575 0.020488405343245066
465.1383627742762 10.46753724762275 -0.03725267850052115 0.020317379879329252
474.82874533208087 10.48168963622617 -0.03695858109236583 0.020149188553121908
484.51912788988557 10.49542761863969 -0.03666922477403508 0.019983761462698105
494.20951044769026 10.508772163824947 -0.03641738289830042 0.019822334061783468
503.89989300549496 10.52174271017325 -0.03616511856701258 0.019663246546250703
513.5902755632997 10.534357307236597 -0.035888486303348684 0.01950568379327028
523.2806581211044 10.546632740652013 -0.0356161782299059 0.01935062841044255
532.971040678909 10.558584642670708 -0.03535611847932777 0.01919816858125125
542.6614232367137 10.570227590372253 -0.03509204690052369 0.019047949563296817
552.3518057945184 10.581575193341331 -0.03483200591345592 0.01890006525321858
562.0421883523231 10.592640172309936 -0.034575902648094264 0.018754461613029665
571.7325709100114 10.603434430023599 -0.03432364708860174 0.01861108626033543
581.4229534678161 10.61396911537803 -0.03408104171666461 0.018469985094024633
591.1133360256208 10.624254681688969 -0.03383614273389033 0.0183309141718324
600.8037185834255 10.634300939811306 -0.033604003270846144 0.01819408576124799
610.4941011412302 10.644117106695749 -0.033366091916209664 0.01805912726456178
620.1844836990349 10.653711849874766 -0.03313162262948972 0.017926157961772604
629.8748662568396 10.66309332828958 -0.03290052017997554 0.017795134173259237
639.5652488146443 10.672269229808164 -0.0326727115321562 0.01766601348947597
649.255631372449 10.681246805735066 -0.03244812576565888 0.017538754725103394
658.9460139302537 10.690032902575485 -0.03222669399869472 0.017413317875172325
668.6363964880584 10.698633991285325 -0.032009494118013564 0.017289688672012575
678.3267790458631 10.70705619421425 -0.03179415585861591 0.017167779813220877
688.0171616036678 10.715305309928517 -0.03158254911179622 0.017047590561242873
697.7075441614725 10.723386836083478 -0.031373057451217476 0.016929063024421577
707.3979267192772 10.731305990500875 -0.031176486994337 0.016812369344579706
717.0883092770819 10.739067730593689 -0.030972477735426673 0.016697081813088273
726.7786918348866 10.746676771269666 -0.030775633880050016 0.016583431415259926
736.4690743926913 10.754137601434678 -0.030576964384127877 0.016471254456856283
746.159456950496 10.761454499207636 -0.03038091510185798 0.016360586202526436
755.8498395081842 10.768631545950024 -0.030187433769033323 0.016251396404087598
765.5402220659889 10.77567263920577 -0.02999646951557337 0.016143655616900607
775.2306046237936 10.782581504638044 -0.0298079728189484 0.016037335173359635
784.9209871815983 10.78936170704568 -0.029621895459457762 0.015932407157412683
794.611369739403 10.79601666053258 -0.029438190477307693 0.015828844380084757
804.3017522972077 10.802549637899268 -0.029256812131390624 0.015726620355950856
813.9921348550124 10.808963779319868 -0.02907771585968856 0.015625709280516955
823.6825174128171 10.815262100362464 -0.02890085824122547 0.015526086008468531
833.3728999706218 10.821447499406437 -0.028726196959497286 0.015427726032747977
843.0632825284265 10.827522764505717 -0.028553690767312113 0.015330605464424241
852.7536650862312 10.83349057974308 -0.028383299452976945 0.015234701013319871
862.4440476440359 10.839353531116751 -0.028223475890913032 0.015140162966635
872.1344302018406 10.845114111997328 -0.028057083077774034 0.015046620847316833
881.8248127596453 10.85077472818967 -0.02789269345306523 0.01495422844632797
891.51519531745 10.85633770263174 -0.027730270513524093 0.01486296468635081
901.2055778752547 10.86180527975957 -0.02756977864674598 0.01477280900234381
910.8959604330594 10.867179629565165 -0.027411183103882752 0.014683741326065137
920.5863429908641 10.872462851371862 -0.027203589903191487 0.014595742071154317
930.2767255486688 10.877656977349655 -0.02715763044922895 0.014515410379437769
939.967108106357 10.882763975791091 -0.027003733211372376 0.014429401656712115
949.6574906641617 10.887785754166941 -0.026851622647295438 0.014344407729721169
959.3478732219664 10.892724161978059 -0.026688191963424743 0.01426137758128181
969.0382557797711 10.897580993420572 -0.026546761890742936 0.01417845704452858
978.7286383375758 10.902357989878032 -0.02649541050714086 0.01410097109351951
988.4190208953805 10.907056842254198 -0.0263489060809632 0.014019784959253524
998.1094034531852 10.911679193158667 -0.026204070831124214 0.013939530294684048
