-1007.7997860111063 8.97032412687453 -0.006046324123556901 0.0003034206611090407
-998.1094034533016 8.970088150942013 -0.006026882137332871 0.0003024694324827693
-988.4190208954969 8.969851124478234 -0.006109657741123197 0.0003015247022582804
-978.7286383376922 8.969613135267958 -0.0060897334404808314 0.00030058639501661895
-969.0382557798875 8.969374270746135 -0.006069952140326975 0.00029965443668205125
-959.3478732220829 8.96913461789357 -0.006075862398287225 0.00029872875448834116
-949.6574906642782 8.968894263137823 -0.006056173108858936 0.00029780927694611357
-939.9671081064735 8.968653292259363 -0.00605029560813584 0.00029724403065402766
-930.2767255486688 8.968411790302863 -0.0060295007050864555 0.0002963883935015781
-920.5863429908641 8.968169841493628 -0.006019783649130322 0.00029548418805614357
-910.8959604330594 8.967927529159025 -0.006000487430352045 0.0002945859559586871
-901.2055778752547 8.967684935654848 -0.005981327530192173 0.0002936936307306787
-891.51519531745 8.967442142296521 -0.005962302314288405 0.00029280714702183103
-881.8248127596453 8.967199229295023 -0.005943410178165836 0.00029192644058311244
-872.1344302018406 8.966956275697402 -0.005954113172088872 0.00029105144824061847
-862.4440476441523 8.966713359331793 -0.005965333749756323 0.00029018210787025314
-852.7536650863476 8.966470556756768 -0.005946396658805228 0.00028931835837315374
-843.0632825285429 8.96622794321493 -0.005927592843431727 0.00028846013965193405
-833.3728999707382 8.96598559259059 -0.0059089207003477215 0.0002876073925875896
-823.6825174129335 8.965743577371379 -0.005890378655841397 0.00028676005901711297
-813.9921348551288 8.965501968613687 -0.005871965165007912 0.00028591808171179344
-804.3017522973241 8.965260835911778 -0.006061221716752845 0.0002850814043561399
-794.6113697395194 8.965020247370417 -0.006041525992976477 0.00028424997152743796
-784.9209871817147 8.96478026958091 -0.00623718323580563 0.0002834237286759004
-775.23060462391 8.964540967600374 -0.006216192429631986 0.00028260262210540464
-765.5402220661053 8.96430240493414 -0.006195367639352948 0.0002817865989547579
-755.8498395083006 8.9640646435211 -0.006174706507529732 0.0002809756071795448
-746.159456950496 8.963827743721936 -0.006154206728670404 0.0002801695955344434
-736.4690743926913 8.963591764310006 -0.006294233180186805 0.00027936851355607104
-726.7786918348866 8.963356762464837 -0.006272864796078217 0.000278572311546315
-717.0883092770819 8.963122793768049 -0.0062516685169665895 0.00027778094055609583
-707.3979267192772 8.962889912201586 -0.006230641850572908 0.00027699435236962406
-697.7075441614725 8.962658170148163 -0.006209782360213516 0.000276212499489054
-688.0171616036678 8.962427618393772 -0.00627380869961842 0.0002784140110877057
-678.3267790458631 8.962198306132132 -0.006252653513278092 0.0002776195869824499
-668.6363964881748 8.961970280971013 -0.006231667604095303 0.00027683007959105135
-658.9460139303701 8.96174358894025 -0.006210848543745556 0.0002760454371913886
-649.2556313725654 8.961518274501419 -0.00713865905677681 0.0002752656089086957
-639.5652488147607 8.961294380559002 -0.007111172116389569 0.0002744905446953655
-629.874866256956 8.961071948472979 -0.0070839474615508515 0.0002737201953114579
-620.1844836991513 8.960851018072756 -0.007056980635579871 0.0002729545123057856
-610.4941011413466 8.960631627672292 -0.007030267293602866 0.0002721934479976301
-600.8037185835419 8.960413814086388 -0.007003803198868952 0.0002714369554590089
-591.1133360257372 8.960197612648013 -0.006977584219214709 0.00027068498849749245
-581.4229534679325 8.959983057226598 -0.006951606323670508 0.0002699375016395579
-571.7325709101278 8.959770180247222 -0.006925865579201834 0.00026919445011444826
-562.0421883523231 8.959559012710603 -0.006900358147579336 0.0002684557898385105
-552.3518057945184 8.959349584213822 -0.006875080282371599 0.0002677214774000114
-542.6614232367137 8.959141922971726 -0.006850028326054976 0.00026699147004440434
-532.971040678909 8.958936055838914 -0.006825198707235158 0.0002662657256600238
-523.2806581211044 8.958732008332266 -0.006800587937975323 0.0002655442027642053
-513.5902755632997 8.958529804653947 -0.006776192611226153 0.00026482686048981554
-503.89989300549496 8.958329467714828 -0.006752009398353048 0.0002641136585721385
-494.20951044769026 8.958131019158253 -0.006728035046756276 0.00026340455733618107
-484.519127890002 8.95793447938414 -0.00670426637758021 0.00026269951768430853
-474.8287453321973 8.9577398675733 -0.006680700283506017 0.00026199850108421307
-465.1383627743926 8.957547201712027 -0.006657333726628424 0.0002613014695572813
-455.4479802165879 8.957356498616788 -0.00663416373640726 0.0002606083856672131
-445.7575976587832 8.957167773959089 -0.006611187407694794 0.00025991921250899397
-436.0672151009785 8.95698104229039 -0.006588401898833908 0.00025923391369815185
-426.3768325431738 8.956796317067099 -0.006565804429824376 0.0002585524533603197
-416.6864499853691 8.956613610675543 -0.006510174005179713 0.0002609747222322354
-406.9960674275644 8.956432934456954 -0.006488190254692594 0.00026027790068434736
-397.3056848697597 8.95625429873237 -0.006466382947455049 0.0002595851497538193
-387.615302311955 8.956077712827481 -0.0064447496119534745 0.0002588964281418103
-377.9249197541503 8.95590318509735 -0.00642328782780351 0.0002582116952246117
-368.2345371963456 8.955730722951007 -0.0064019952243513254 0.00025753091103707495
-358.54415463854093 8.955560332875882 -0.006380869479322075 0.00025685403625662584
-348.85377208073623 8.95539202046207 -0.006359908317513609 0.0002561810321877939
-339.16338952293154 8.955225790426377 -0.006339109509533664 0.0002555118607472502
-329.47300696512684 8.955061646636171 -0.006318470870578833 0.0002548464844493473
-319.78262440732215 8.954899592132975 -0.006297990259253681 0.00025418486639211595
-310.09224184951745 8.95473962915583 -0.006277665576428461 0.0002535269702437265
-300.40185929182917 8.954581759164375 -0.006257494764134161 0.0002528727602293696
-290.7114767340245 8.954425982861656 -0.006237475804492013 0.00025222220111852876
-281.0210941762198 8.954272300216648 -0.006217606718679776 0.0002515752582127194
-271.3307116184151 8.95412071048647 -0.006197885565928581 0.00025093189733354143
-261.6403290606104 8.953971212238283 -0.006178310442552797 0.0002502920848111135
-251.9499465028057 8.953823803370879 -0.006158879481010215 0.00024965578747288984
-242.259563945001 8.953678481135936 -0.006139590848991687 0.0002490229726327839
-232.5691813871963 8.95353524215894 -0.0061204427485391285 0.000248393608080623
-222.8787988293916 8.953394082459761 -0.00795759316277211 0.00054826051232395
-213.1884162715869 8.953254997472888 -0.007924988689771354 0.0005454148580631812
-203.4980337137822 8.953117982067315 -0.007892721245765816 0.0005426052123011573
-193.8076511559775 8.952983030566067 -0.007860784750695488 0.000539830830502048
-184.1172685981728 8.952850136765376 -0.007829173282537044 0.000537090989231885
-174.42688604036812 8.952719293953495 -0.00868246476001352 0.0006314395633022673
-164.73650348256342 8.952590494929145 -0.008644966749900604 0.0006280514153395737
-155.04612092475872 8.952463732019616 -0.0086078722909353 0.0006247062233004759
-145.35573836695403 8.95233899709849 -0.008571173963622178 0.0006214031129015143
-135.66535580914933 8.952216281603006 -0.008534864541931489 0.0006181412340857187
-125.97497325134464 8.952095576551073 -0.008498936986824744 0.0006149197601807957
-116.28459069365636 8.951976872557912 -0.008463384440043463 0.0006117378870923386
-106.59420813585166 8.95186015985233 -0.008442125988617924 0.0006089760238114242
-96.90382557804696 8.951745428292668 -0.008407200803134583 0.0006058682133032691
-87.21344302024227 8.951632667382356 -0.008372632583304666 0.0006027977604372557
-77.52306046243757 8.95152186628514 -0.012577830529896116 0.001622269479326964
-67.83267790463287 8.951413013839945 -0.012512699281535766 0.00161173236489888
-58.14229534682818 8.951306098575404 -0.012448364361829193 0.001601340862376137
-48.45191278902348 8.951201108724023 -0.012334220181321045 0.0015910918991384698
-38.761530231218785 8.951098032236022 -0.012271802837208839 0.0015809824892055032
-29.07114767341409 8.950996856792836 -0.012210130411796315 0.0015710097301921866
-19.380765115609393 8.950897569820274 -0.012149188511259106 0.0015611708003920558
-9.690382557804696 8.950800158501357 -0.012088963123998368 0.0015514629559819693
0.0 8.95070460978883 -0.012029440607819039 0.0015418835283425823
9.690382557804696 1.4284946581116778 -0.1734511060280949 0.07457542112621614
19.380765115609393 1.816853099361869 -0.17220461388507574 0.07402856704778435
29.07114767341409 2.119628121610262 -0.17097614795406063 0.07348968729306042
38.761530231218785 2.3741562758119015 -0.16976531820695617 0.07295860860283424
48.45191278902348 2.596541130538534 -0.16857174580739664 0.07243516270224842
58.14229534682818 2.7954907378844736 -0.1673950627118341 0.07191918612281564
67.83267790463287 2.9763502198870375 -0.16623491128757864 0.07141052003200893
77.52306046232115 3.1426820845675465 -0.16508198814199918 0.0709090100700579
87.21344302012585 3.2970029574608226 -0.16395393277776799 0.07041450619356238
96.90382557793055 3.4411695402549 -0.1628413941099324 0.06992686252568081
106.59420813573524 3.5765986507269165 -0.16174405266121056 0.06944593721245838
116.28459069353994 3.7044010185278733 -0.16070347519324968 0.06897267215159181
125.97497325134464 3.82546688387371 -0.15963529562582274 0.06850476543310115
135.66535580914933 3.9405230657659747 -0.15858141055405314 0.06804317441168321
145.35573836695403 4.050172329957746 -0.1575415335804282 0.06758777199986833
155.04612092475872 4.154921338387296 -0.15651538592213568 0.06713843449805748
164.73650348256342 4.2552009850700685 -0.15572896507871617 0.06719656199540688
174.42688604036812 4.351381509675483 -0.15472779882281107 0.06675529448806597
184.1172685981728 4.443783939916142 -0.1537395932280869 0.06631979426392184
193.8076511559775 4.532688897046185 -0.1527640970171556 0.06588994891287314
203.4980337137822 4.618343471041053 -0.15180106537937244 0.06546564892837814
213.1884162715869 4.700966658607766 -0.15085025976393876 0.0650467876142816
222.8787988293916 4.780753714861451 -0.1499114476809021 0.06463326099520705
232.5691813871963 4.857879672580308 -0.14898440250970374 0.0642249677303568
242.259563945001 4.932502215673204 -0.14810598038035058 0.06382271697103033
251.9499465028057 5.004764045984565 -0.1472015384260277 0.06342458982619634
261.64032906049397 5.102807343263599 -0.14630822092989698 0.06303140710463041
271.33071161829866 5.283760732259193 -0.14542582288693404 0.06264307720275485
281.02109417610336 5.45008328468351 -0.1445541443089481 0.06225951076675668
290.71147673390806 5.603617846494451 -0.14369299007185896 0.061880620623905695
300.40185929171275 5.745875368287529 -0.14283032749570343 0.0615063217163965
310.09224184951745 5.8781134411101625 -0.14198974259568373 0.06113653103758013
319.78262440732215 6.0013921125564025 -0.14117573387965682 0.06077155417479161
329.47300696512684 6.116614608254038 -0.14035478051240843 0.06041053598712677
339.16338952293154 6.224557718023631 -0.13954344442309133 0.06005378875289091
348.85377208073623 6.325894918108718 -0.13874155674825966 0.05970123707594272
358.54415463854093 6.421214270053387 -0.13794895256314005 0.05935280732504314
368.2345371963456 6.511032487024875 -0.13716547076734517 0.05900842758250122
377.9249197541503 6.595806137216632 -0.13639095397454645 0.058668027594603184
387.615302311955 6.675940674143101 -0.13562524840594545 0.05833153872375245
397.3056848697597 6.7517977935543305 -0.13486820378739406 0.05799889390225287
406.9960674275644 6.823701484973762 -0.13411967325001686 0.05767002758766907
416.6864499853691 6.891943052914911 -0.13337951323419833 0.05734487571970151
426.3768325431738 6.956785316159836 -0.1326475833968019 0.05702337567851706
436.0672151009785 7.018466144933012 -0.1319237465214953 0.0567054662444777
445.7575976586668 7.077201459960931 -0.13120786843206933 0.056391087559216624
455.4479802164715 7.133187790613633 -0.13049981790858425 0.056080181087987555
465.1383627742762 7.186604469036641 -0.12979946660636107 0.05577268958329359
474.82874533208087 7.23761552170348 -0.12910668897754135 0.05546855704967283
484.51912788988557 7.2863713078193335 -0.1284213621952435 0.05516772870965176
494.20951044769026 7.333009944685212 -0.1277433660801666 0.054870150970800446
503.89989300549496 7.377658552784447 -0.12707258302955957 0.054575771393851315
513.5902755632997 7.42043434753267 -0.12640889794846535 0.05428453866184207
523.2806581211044 7.461445599981841 -0.12575219818315728 0.05399640255024415
532.971040678909 7.500792485027297 -0.12510237345668473 0.05371131389804055
542.6614232367137 7.538567832636472 -0.12445931580645257 0.053429224579717646
552.3518057945184 7.574857795148348 -0.12382291952375747 0.05315008747813789
562.0421883523231 7.609742441668113 -0.1231930810952119 0.05287385645826079
571.7325709101278 7.643296288912847 -0.12256969914598646 0.05260048634168182
581.4229534679325 7.67558877648116 -0.12195267438480481 0.05232993288195919
591.1133360257372 7.706684693368501 -0.12134190955062876 0.052062152740700786
600.8037185835419 7.736644561586572 -0.12073730936097353 0.05179710346438354
610.4941011413466 7.765524981935991 -0.12013878046179437 0.05153474346187953
620.1844836991513 7.793378946298634 -0.11954623137888974 0.05127503198266363
629.8748662568396 7.820256120237251 -0.118959572470775 0.051017929095681924
639.5652488146443 7.84620309920047 -0.11837871588293214 0.05076339566883917
649.255631372449 7.871263641204919 -0.11780357550349356 0.050511393349129644
658.9460139302537 7.895478878518179 -0.11723406692017033 0.05026188454332829
668.6363964880584 7.918887510546351 -0.11667010737848654 0.05001483239926807
678.3267790458631 7.94152597987092 -0.11611161574123324 0.04977020078766549
688.0171616036678 7.963428633147551 -0.11555851244910723 0.04952795428447844
697.7075441614725 7.984627868380615 -0.11501071948249464 0.049288058153778284
707.3979267192772 8.005154269914241 -0.1144681603243605 0.04905047833111878
717.0883092770819 8.025036732329898 -0.11393075992420755 0.04881518140738511
726.7786918348866 8.044302574308904 -0.11339844466306745 0.04858213461310697
736.4690743926913 8.06297764340299 -0.11287114231949155 0.048351305803220127
746.159456950496 8.081086412554884 -0.11234878203650671 0.048122663442261626
755.8498395083006 8.098652069122023 -0.11183129428950477 0.047896176589984275
765.5402220661053 8.115696597078072 -0.1113186108550359 0.04767181488737682
775.23060462391 8.132240852997796 -0.11081066478047469 0.04744954854307606
784.9209871817147 8.148304636369554 -0.11030739035453209 0.047229348320158654
794.6113697395194 8.163906754725467 -0.10980872307858472 0.04701118552330004
804.3017522973241 8.179065084031096 -0.10931459963879611 0.046795031986288586
813.9921348550124 8.193796624733444 -0.10882495787900939 0.046580860059886195
823.6825174128171 8.208117553829094 -0.1083397367743529 0.046368642600008954
833.3728999706218 8.222043273276544 -0.10785887640562204 0.04615835295625592
843.0632825284265 8.235588455052447 -0.10738231793429806 0.04594996496072389
852.7536650862312 8.248767083118036 -0.10691000357826953 0.04574345291713768
862.4440476440359 8.261592492541185 -0.10644187658820049 0.045538791590270175
872.1344302018406 8.27407740599643 -0.10597788122453008 0.04533595619564625
881.8248127596453 8.286233967845595 -0.1055179627350853 0.04513492238952118
891.51519531745 8.298073775983942 -0.10506206733328659 0.04493566625912552
901.2055778752547 8.309607911620665 -0.10461014217692821 0.04473816431316763
910.8959604330594 8.320846967148091 -0.10416213534751746 0.044542393472586816
920.5863429908641 8.33180107224085 -0.10371799583015269 0.04434833106154833
930.2767255486688 8.342479918314408 -0.1032776734939265 0.04415595479867378
939.9671081064735 8.352892781461623 -0.10284111907283672 0.043965242788499385
949.6574906642782 8.363048543976264 -0.10240828414719011 0.043776173513155145
959.3478732220829 8.37295571456356 -0.10197912112548471 0.04358872582425859
969.0382557798875 8.382622447329823 -0.10155358322675496 0.04340287893501634
978.7286383376922 8.392056559635867 -0.10113162446336812 0.04321861241252756
988.4190208954969 8.401265548892278 -0.1007131996242561 0.04303590617028304
998.1094034533016 8.41025660836853 -0.10029826425857181 0.04285474046085457
