-1007.7997860109899 10.79640219734446 -0.008592530976686859 0.02335982982575948
-998.1094034533016 10.79714614266929 -0.008524422741871268 0.023175442705331364
-988.4190208954969 10.798149570256312 -0.008457388110077095 0.022993943924452163
-978.7286383376922 10.799395685839748 -0.008391401849636607 0.022815266137857344
-969.0382557798875 10.800868414080002 -0.00832643951455476 0.02263934407796031
-959.3478732220829 10.80255239382654 -0.008262477414126898 0.02246611447533775
-949.6574906642782 10.804432969267173 -0.00819949258395642 0.022295515982837348
-939.9671081064735 10.806496177692186 -0.008137462758298226 0.02212748910311852
-930.2767255486688 10.80872873450916 -0.008076366343657748 0.02196197611944656
-920.5863429908641 10.811118016061444 -0.008016182393579478 0.0217989210295709
-910.8959604330594 10.813652040729217 -0.007956890584562849 0.021638269482528363
-901.2055778752547 10.8163194487264 -0.007898471193047079 0.02147996871822147
-891.51519531745 10.81910948094836 -0.007840905073409914 0.021323967509630806
-881.8248127596453 10.822011957173839 -0.007784173636928578 0.02117021610752825
-872.1344302018406 10.825017253879238 -0.007728258831654047 0.021018666187565826
-862.4440476440359 10.828116281883418 -0.007673143123152767 0.02086927079962187
-852.7536650862312 10.831300464006343 -0.007618809476072411 0.02072198431929298
-843.0632825284265 10.834561712894331 -0.007565241336490815 0.020576762401426345
-833.3728999706218 10.837892409138044 -0.007512422615009513 0.020433561935593175
-823.6825174128171 10.841285379786326 -0.007460337670555445 0.0202923410034091
-813.9921348551288 10.844733877338882 -0.00740897129485705 0.0201530588376146
-804.3017522973241 10.848231559283839 -0.007358308697558568 0.020015675782821336
-794.6113697395194 10.851772468230443 -0.0073083354919510485 0.019880153257870247
-784.9209871817147 10.85535101267594 -0.007259037681278696 0.01974645371969266
-775.23060462391 10.858961948433244 -0.007210401645602359 0.019614540628628562
-765.5402220661053 10.862600360737746 -0.007162414129190382 0.019484378415124584
-755.8498395083006 10.866261647043373 -0.007115062228412919 0.019355932447749656
-746.159456950496 10.869941500511576 -0.007068333380116313 0.019229169002467822
-736.4690743926913 10.873635894191397 -0.0070222153504555 0.019104055233111063
-726.7786918348866 10.877341065884204 -0.006976696224163496 0.018980559142997653
-717.0883092770819 10.881053503682983 -0.006931764394238118 0.01885864955764465
-707.3979267192772 10.884769932172997 -0.006887408552027125 0.018738296098525568
-697.7075441614725 10.888487299278287 -0.006843617677693921 0.01861946915782682
-688.0171616036678 10.892202763736487 -0.006800381031046864 0.018502139874158892
-678.3267790458631 10.895913683183064 -0.006757688142716113 0.018386280109180326
-668.6363964880584 10.899617602824991 -0.006715528805662721 0.018271862425094817
-658.9460139302537 10.903312244683082 -0.006673893067005433 0.018158860062983506
-649.255631372449 10.90699549738183 -0.0066327712201514665 0.018047246921936662
-639.5652488146443 10.910665406465283 -0.006592153797218057 0.017936997538950377
-629.874866256956 10.9143201652174 -0.006552031561732877 0.01782808706955727
-620.1844836991513 10.917958105965841 -0.006512395501598499 0.01772049126915215
-610.4941011413466 10.921577691847324 -0.006473236822316907 0.017614186475003086
-600.8037185835419 10.925177509014748 -0.006434546940453597 0.017509149588893255
-591.1133360257372 10.928756259265004 -0.00639631747733835 0.01740535806038691
-581.4229534679325 10.932312753068 -0.006358540252989966 0.01730278987068574
-571.7325709101278 10.935845902977558 -0.006321207280256208 0.017201423517052953
-562.0421883523231 10.939354717405548 -0.006284310759160089 0.017101237997781744
-552.3518057945184 10.942838294741245 -0.006247843071444072 0.01700221279768614
-542.6614232367137 10.946295817798564 -0.006211796775304133 0.016904327874093215
-532.971040678909 10.949726548574438 -0.006208271435191327 0.016809893886915405
-523.2806581211044 10.953129823302353 -0.0061726085126381424 0.016714199439187453
-513.5902755632997 10.956505047785653 -0.006137357441943573 0.016619588696792146
-503.89989300549496 10.959851692995917 -0.006102510969059419 0.016526043342338086
-494.20951044769026 10.963169290922385 -0.006068062017222938 0.016433545469538617
-484.51912788988557 10.96645743065899 -0.006034003681092399 0.01634207757170507
-474.82874533208087 10.969715754716242 -0.00600032922114727 0.016251622530627216
-465.1383627742762 10.972943955545796 -0.0059670320583367605 0.016162163605825574
-455.4479802164715 10.976141772266095 -0.005934105768961718 0.016073684424160822
-445.7575976587832 10.979308987578051 -0.005901544079776534 0.01598616896978744
-436.0672151009785 10.982445424860554 -0.00586934086329595 0.01589960157443211
-426.3768325431738 10.985550945435257 -0.005837490133300909 0.0158139669079996
-416.6864499853691 10.98862544599203 -0.00580598604052473 0.015729249969473256
-406.9960674275644 10.991668856165532 -0.005774822868515399 0.01564543607811408
-397.3056848697597 10.994681136254703 -0.005743995029662279 0.01556251086494109
-387.615302311955 10.997662275077086 -0.00571349706137892 0.015480460264483365
-377.9249197541503 11.000612287950403 -0.005683323622433841 0.01539927050679362
-368.2345371963456 11.00353121479419 -0.005653469489421784 0.015318928109713584
-358.54415463854093 11.006419118344713 -0.005623929553368323 0.015239419871382035
-348.85377208073623 11.009276082476706 -0.005594698816461301 0.015160732862976355
-339.16338952293154 11.012102210625867 -0.005565772388902853 0.0150828544216793
-329.47300696512684 11.014897624306382 -0.005537145485876313 0.015005772143862705
-319.78262440732215 11.017662461718006 -0.005508813424622516 0.014929473878480377
-310.09224184951745 11.020396876437635 -0.005480771621620424 0.014853947720662612
-300.40185929171275 11.023101036190461 -0.005453015589867325 0.014779182005505244
-290.71147673390806 11.025775121696173 -0.005425540936254026 0.014705165302046167
-281.02109417610336 11.028419325585894 -0.005398343359030867 0.014631886407422983
-271.33071161829866 11.031033851385741 -0.005371418645360504 0.014559334341205142
-261.6403290606104 11.033618912563158 -0.0053447626689540305 0.014487498339895575
-251.9499465028057 11.03617473163258 -0.005318371387784946 0.014416367851590667
-242.259563945001 11.038701539316515 -0.0052922408418823895 0.014345932530805992
-232.5691813871963 11.041199573759455 -0.0052663671511940366 0.014276182233445033
-222.8787988293916 11.04366907979109 -0.005240746513520485 0.014207107011918838
-213.1884162715869 11.046110308236134 -0.005215375202516264 0.014138697110406282
-203.4980337137822 11.048523515268027 -0.005202931076825565 0.01407122974952233
-193.8076511559775 11.050908961803946 -0.005177874419060114 0.014004118049812062
-184.1172685981728 11.05326691293874 -0.00515306100772978 0.013937643613332253
-174.42688604036812 11.055597637415453 -0.005128487215285649 0.013871797402399782
-164.73650348256342 11.05790140713036 -0.005104149490702605 0.013806570549583402
-155.04612092475872 11.06017849667046 -0.005080044357198726 0.013741954353704821
-145.35573836695403 11.0624291828815 -0.005167027957931677 0.013684842309879073
-135.66535580914933 11.064653744464783 -0.005141872467703203 0.013621328245264519
-125.97497325134464 11.066852461601007 -0.005116979898968298 0.013558402204581193
-116.28459069353994 11.069025615599596 -0.00509234545121897 0.0134960560142722
-106.59420813573524 11.071173488571956 -0.00506796447165 0.013434281653856166
-96.90382557793055 11.073296363127291 -0.005043832448012028 0.013373071252216944
-87.21344302012585 11.0753945220896 -0.005019945001943511 0.013312417084011176
-77.52306046232115 11.077468248234629 -0.0049962978827416925 0.013252311566188626
-67.83267790463287 11.079517824045519 -0.004994024446170347 0.013193667613938937
-58.14229534682818 11.081543531486233 -0.005031161187039164 0.01313861815286079
-48.45191278902348 11.083545651791281 -0.005007109154973235 0.013080048067217739
-38.761530231218785 11.085524465271282 -0.004983311011639036 0.01302199943153924
-29.07114767341409 11.087480251133039 -0.00495976190276533 0.01296446525544051
-19.380765115609393 11.089413287313382 -0.004967853438132164 0.0129086527634241
-9.690382557804696 11.091323850325939 -0.004944360367747621 0.01285211048680585
0.0 11.093212215120037 -0.004921114203778327 0.012796062895004907
9.690382557804696 3.541704693114286 -0.05792618288129909 0.09922819995404303
19.380765115609393 4.152562901859146 -0.057187380029064434 0.0980052815198834
29.07114767341409 4.60610098472044 -0.05646788996654073 0.09681395701216214
38.761530231218785 4.975925660473705 -0.05576695583656606 0.09565299282844299
48.45191278902348 5.291509958616422 -0.05508385997960343 0.09452121918944179
58.14229534682818 5.568225279317657 -0.054417921425218514 0.09341752605529091
67.83267790463287 5.815303605386417 -0.053768493573855894 0.09234085935162106
77.52306046243757 6.038809522203546 -0.05313496205227981 0.09129021747837415
87.21344302024227 6.24298373201231 -0.052516742727685195 0.09026464807693436
96.90382557804696 6.430931852407379 -0.05191327986694777 0.08926324503354499
106.59420813585166 6.605010813626347 -0.05132404442878397 0.0882851456990993
116.28459069353994 6.767060856931824 -0.05074853247776266 0.08732952830730144
125.97497325134464 6.918552452685834 -0.050190529720845915 0.08639571960352437
135.66535580914933 7.060683426460324 -0.04964098852225704 0.08548275101256679
145.35573836695403 7.1944454868247885 -0.049103796936361195 0.08459002122624582
155.04612092475872 7.320671173110181 -0.04857853763564755 0.08371684961608128
164.73650348256342 7.440067838920057 -0.04806481197908332 0.08286258598127068
174.42688604036812 7.5532427975804755 -0.04756223897592916 0.0820266088622008
184.1172685981728 7.660722288297797 -0.04707045431779306 0.081208323965017
193.8076511559775 7.762966025414983 -0.04658910947373545 0.08040716268880799
203.4980337137822 7.86037852832502 -0.046117870843684086 0.07962258074768816
213.1884162715869 7.953318063835609 -0.045656418965820574 0.07885405688071763
222.8787988293916 8.042103790125935 -0.0452044477739651 0.07810109164319258
232.5691813871963 8.127021526945468 -0.044761663901317396 0.07736320627337848
242.259563945001 8.208328463016677 -0.04433767381212914 0.07664015746745445
251.9499465028057 8.286257031640385 -0.043912297702055625 0.07593107009580048
261.6403290606104 8.36101812835882 -0.04349530227334633 0.07523574017089829
271.3307116184151 8.432803803098906 -0.043086438666893 0.07455376165460968
281.0210941762198 8.501789528775372 -0.04268546783653687 0.07388474448156154
290.7114767340245 8.568136125690405 -0.042292160069003576 0.07322831377849486
300.40185929171275 8.631991404033315 -0.04280935152109462 0.07271840898438103
310.09224184951745 8.693491573842287 -0.04241850510766898 0.07208426779411298
319.78262440732215 8.752762461837541 -0.042035010032267874 0.0714617209167636
329.47300696512684 8.809920566865829 -0.04165865677550957 0.07085044539097929
339.16338952293154 8.86507397965831 -0.04128924380297997 0.07025013026713756
348.85377208073623 8.918323187887806 -0.04092657718438445 0.06966047605131849
358.54415463854093 8.969761783752631 -0.04078973021987575 0.06910522444565222
368.2345371963456 9.03236242662787 -0.040437032108216975 0.06853571117019695
377.9249197541503 9.10422239958028 -0.04009062013596809 0.06797603265017603
387.615302311955 9.17259752647854 -0.03975032425216133 0.06742592989480527
397.3056848697597 9.237720473034335 -0.03965572249547953 0.06690579650533832
406.9960674275644 9.29980353239412 -0.03932391102116736 0.06637382349352663
416.6864499853691 9.359040899508898 -0.038997828933565494 0.06585070993662642
426.3768325431738 9.415610629881664 -0.03867732573511743 0.06533623069451519
436.0672151009785 9.469676335572935 -0.03836225624121971 0.06483016828075944
445.7575976587832 9.521388660979213 -0.0380524803440524 0.06433231253822089
455.4479802165879 9.570886572842715 -0.03774786278912513 0.06384246033108232
465.1383627743926 9.618298492632556 -0.03744827296372994 0.06336041525232945
474.8287453321973 9.663743294440449 -0.0371535846965519 0.06288598734578814
484.51912788988557 9.707331187549885 -0.03686367606774667 0.06241899284188191
494.20951044769026 9.749164499641635 -0.03657842922881983 0.061959253906291395
503.89989300549496 9.789338373999534 -0.03629773023176199 0.061506598400864934
513.5902755632997 9.8279413919913 -0.0360214688668138 0.06106085965598178
523.2806581211044 9.865056130354079 -0.035772797378417695 0.060622511348213684
532.971040678909 9.900759661402093 -0.035504778329911515 0.060190118273799276
542.6614232367137 9.935124003090412 -0.035240895709417894 0.059764172877609587
552.3518057945184 9.968216524886238 -0.03498105245615128 0.059344528287314006
562.0421883523231 10.000100314575867 -0.03472515456719918 0.058931042113028666
571.7325709101278 10.030834510442725 -0.03447311097644429 0.058523576276555106
581.4229534679325 10.060474602666375 -0.03422483343927761 0.05812199684839358
591.1133360257372 10.089072707295355 -0.03398023642277634 0.05772617389211996
600.8037185835419 10.116677815723213 -0.03373923700104159 0.05733598131574015
610.4941011413466 10.14333602223465 -0.03350175475541102 0.0569512967296588
620.1844836991513 10.169090731877597 -0.03326771167927893 0.05657200131092031
629.874866256956 10.193982850649048 -0.03303703208727449 0.05619797967340135
639.5652488147607 10.218050959750618 -0.03280964252856293 0.0558291197436511
649.2556313725654 10.241331475469 -0.032585471704050344 0.05546531264209446
658.9460139303701 10.26385879606174 -0.032364450387285616 0.05510645256932914
668.6363964881748 10.28566543687627 -0.032146511348865724 0.05475243669726296
678.3267790458631 10.306782154796787 -0.031931589284164875 0.05440316506485635
688.0171616036678 10.327238062998315 -0.031719620744201024 0.05405854047821911
697.7075441614725 10.347060736879492 -0.0315105440695174 0.05371846841491118
707.3979267192772 10.366276311963823 -0.03130429932687562 0.053382856932161916
717.0883092770819 10.384909574470623 -0.031100828248656943 0.05305161657888068
726.7786918348866 10.402984045191314 -0.03090007417482139 0.052724660311253814
736.4690743926913 10.420522057242495 -0.030701981997300558 0.052401903411761645
746.159456950496 10.437544828211713 -0.03050649810670488 0.05208326341145484
755.8498395083006 10.45407252716229 -0.030313570341232228 0.05176866001533765
765.5402220661053 10.470124336919493 -0.03012314793767181 0.05145801503071387
775.23060462391 10.48571851202077 -0.029935181484402277 0.05115125229835871
784.9209871817147 10.500872432677525 -0.029770355759880452 0.05084894937831123
794.6113697395194 10.515602655064285 -0.029605421863035403 0.050550264602077254
804.3017522973241 10.529924958222642 -0.029424012048732042 0.050254694988069774
813.9921348551288 10.543854387841913 -0.02924488726427997 0.04996272246762079
823.6825174129335 10.55740529715541 -0.029074396305718994 0.04967438499040827
833.3728999707382 10.570591385170538 -0.02889962428755474 0.04938940605247036
843.0632825285429 10.583425732432218 -0.028727011441984723 0.049107828362743404
852.7536650863476 10.595920834502227 -0.02855651712059354 0.04882958983533696
862.4440476440359 10.608088633321627 -0.02838810170781222 0.04855462990704698
872.1344302018406 10.61994054661057 -0.02822652781548127 0.0482829606442693
881.8248127596453 10.63148749544417 -0.028062090400436227 0.04801438112092401
891.51519531745 10.64273993013678 -0.02790698020071231 0.04774902380740099
901.2055778752547 10.653707854551568 -0.027746342398963272 0.04748659900279573
910.8959604330594 10.664400848945801 -0.0275876040726609 0.04722717131015356
920.5863429908641 10.674828091452733 -0.027430730980506933 0.0469706883758056
930.2767255486688 10.684998378293177 -0.02727568971519708 0.04671709907533584
939.9671081064735 10.694920142802713 -0.027122447677595748 0.04646635347743656
949.6574906642782 10.704601473353932 -0.026970973051897218 0.04621840280903684
959.3478732220829 10.714050130247069 -0.026822114462045035 0.0459732159839063
969.0382557798875 10.723273561636935 -0.026674070211422245 0.0457307130949314
978.7286383376922 10.732278918559011 -0.026528348438579274 0.0454908738719939
988.4190208954969 10.741073069112907 -0.026383619959430796 0.04525363687284485
998.1094034533016 10.749662611857216 -0.026248447456965016 0.04501910379325802
