-1007.7997860111063 9.977535611766529 -0.004444225035723448 4.172585128134988e-05
-998.1094034533016 9.977535062703836 -0.004406235612587838 4.1480596199837915e-05
-988.4190208954969 9.977534410431765 -0.004368896333735238 4.123822934676605e-05
-978.7286383376922 9.97753363927533 -0.004332190540103059 4.099869961227961e-05
-969.0382557798875 9.977532731807624 -0.00429610213961756 4.076195709446943e-05
-959.3478732220829 9.97753166874145 -0.004260615583196012 4.052795306363008e-05
-949.6574906642782 9.977530428824142 -0.0042257158419603804 4.029663992779234e-05
-939.9671081064735 9.977528988736657 -0.0041913883855916175 4.006797119946896e-05
-930.2767255486688 9.977527322998053 -0.0041576191617584135 3.98419014635731e-05
-920.5863429909805 9.977525403876394 -0.004124394576558948 3.9618386346451954e-05
-910.8959604331758 9.97752320130712 -0.004091701475915531 3.939738248599062e-05
-901.2055778753711 9.977520682819872 -0.004059527127873998 3.9178847502763724e-05
-891.5151953175664 9.977517813474666 -0.004027859205749374 3.896273997215676e-05
-881.8248127597617 9.977514555808288 -0.00399668577207642 3.874901939744668e-05
-872.134430201957 9.977510869791656 -0.0039659952633183185 3.853764618379202e-05
-862.4440476441523 9.977506712798814 -0.00393577647529234 3.832858161309928e-05
-852.7536650863476 9.97750203958814 -0.0039060185492734807 3.812178781973047e-05
-843.0632825285429 9.977496802296235 -0.003876710958739523 3.7917227767018946e-05
-833.3728999707382 9.977490950444833 -0.0038478434967231627 3.771486522456208e-05
-823.6825174129335 9.977484430960997 -0.003971565940041562 5.919739167532177e-05
-813.9921348551288 9.977477188210733 -0.003939608694364281 5.843777833341231e-05
-804.3017522973241 9.977469164046033 -0.003908261712650118 5.770860977709542e-05
-794.6113697395194 9.977460297865271 -0.0038775012541540092 5.7007758529639685e-05
-784.9209871817147 9.977450526686765 -0.0038473052551812994 5.633329912605031e-05
-775.23060462391 9.97743978523519 -0.0038176531537103013 5.568348447388099e-05
-765.5402220661053 9.977428006040473 -0.0037885257372367873 5.505672546420753e-05
-755.8498395083006 9.977415119548677 -0.003759905010241318 5.445157332286321e-05
-746.159456950496 9.977401054244302 -0.0037317740783090127 5.38667042814756e-05
-736.4690743928077 9.977385736783374 -0.003704117046439223 5.330090622000013e-05
-726.778691835003 9.977369092136609 -0.0036769189294919976 5.275306699092084e-05
-717.0883092771983 9.977351043741873 -0.003650165573060797 5.222216418311647e-05
-707.3979267193936 9.977331513665128 -0.0036238435833241623 5.1707256122204837e-05
-697.7075441615889 9.977310422768998 -0.003597940264666771 5.120747393647145e-05
-688.0171616037842 9.977287690888053 -0.003572443564040109 5.072201454390049e-05
-678.3267790459795 9.9772632370099 -0.0035473420211901818 5.025013443778832e-05
-668.6363964881748 9.977236979461132 -0.003522624724008386 4.979114416671265e-05
-658.9460139303701 9.97720883609719 -0.003498281268369444 4.934440341991262e-05
-649.2556313725654 9.9771787244952 -0.0034743017219107347 4.8909316641893887e-05
-639.5652488147607 9.977146562148828 -0.0034506765912834586 4.848532911086114e-05
-629.874866256956 9.977112266664227 -0.0034273967924703824 4.80719234246692e-05
-620.1844836991513 9.97707575595619 -0.003404453623819334 4.7668616345629406e-05
-610.4941011413466 9.97703694844358 -0.0033818387414879603 4.727495596208066e-05
-600.8037185835419 9.976995763243238 -0.0033595441370346656 4.689051913016329e-05
-591.1133360257372 9.97695212036149 -0.003337562116924431 4.6514909163982565e-05
-581.4229534679325 9.976905940882538 -0.0033158852837471345 4.6147753746430224e-05
-571.7325709101278 9.976857147152936 -0.0032945065189708355 4.578870303638397e-05
-562.0421883523231 9.976805662961509 -0.003273418967073962 4.543742795105112e-05
-552.3518057946349 9.97675141371404 -0.003252616020919096 4.509361860479126e-05
-542.6614232368302 9.976694326602145 -0.0032320913082453623 4.475698288795588e-05
-532.9710406790255 9.976634330765789 -0.003211838679175601 4.44272451713499e-05
-523.2806581212208 9.976571357448952 -0.0031918521946379197 4.410414512341182e-05
-513.5902755634161 9.976505340147998 -0.003172126115620528 4.378743662888251e-05
-503.8998930056114 9.97643621475238 -0.003152654893182797 4.3476886798864486e-05
-494.2095104478067 9.976363919677329 -0.003157173324018979 4.380413344239422e-05
-484.519127890002 9.976288395988231 -0.0031375796575854307 4.348884953527676e-05
-474.8287453321973 9.976209587516502 -0.003118256432808127 4.317992618611024e-05
-465.1383627743926 9.976127440966724 -0.0030991964657564866 4.287711361121546e-05
-455.4479802165879 9.976041906014938 -0.003080392944196192 4.258017731253045e-05
-445.7575976587832 9.97595293539798 -0.003061839394800671 4.228889678348257e-05
-436.0672151009785 9.975860484993833 -0.0034765668791543122 8.797366677342519e-05
-426.3768325431738 9.975764513892953 -0.0034473663816449356 8.651168128721542e-05
-416.6864499853691 9.975664984460643 -0.0034189558626491158 8.511396388274385e-05
-406.9960674275644 9.975561862390494 -0.003391289055771165 8.377599853959697e-05
-397.3056848697597 9.97545511674903 -0.003364323821941329 8.249369285387909e-05
-387.615302311955 9.97534472001167 -0.003338021678759089 8.126332908670972e-05
-377.9249197541503 9.975230648090179 -0.0033123473935937255 8.00815218720019e-05
-368.2345371963456 9.975112880351787 -0.0032872686305501306 7.89451815481681e-05
-358.54415463865735 9.974991399630202 -0.0033181893677273113 8.125091694121314e-05
-348.85377208085265 9.97486619222872 -0.0034965404645248403 0.00010079818751813444
-339.16338952304795 9.974737247915742 -0.003466496289564798 9.916744602930477e-05
-329.47300696524326 9.974604559912901 -0.0034372695287884837 9.760289961406653e-05
-319.78262440743856 9.974468124876141 -0.0034088145160754224 9.610028623566793e-05
-310.09224184963387 9.974327942870001 -0.0034577983413642483 9.864852988822963e-05
-300.40185929182917 9.974184017335457 -0.0034287778931752855 9.715501735878149e-05
-290.7114767340245 9.97403635505159 -0.0034005137663167284 9.571793048966499e-05
-281.0210941762198 9.97388496609145 -0.004390348866521178 9.433387720647789e-05
-271.3307116184151 9.973729863772405 -0.004337611144656028 9.299974010769927e-05
-261.6403290606104 9.97357106460134 -0.004286801606988615 9.171264875327506e-05
-251.9499465028057 9.973408588214992 -0.004237795630946627 9.046995528222594e-05
-242.259563945001 9.973242457315829 -0.004190479713808462 8.926921289724622e-05
-232.5691813871963 9.973072697603707 -0.0041447502365128995 8.810815682673196e-05
-222.8787988293916 9.972899337703721 -0.004100512390177268 8.698468743454586e-05
-213.1884162715869 9.972722409090519 -0.004057679240748074 8.589685519742697e-05
-203.4980337137822 9.97254194600942 -0.004016170911376137 8.484284731127094e-05
-193.8076511559775 9.972357985394648 -0.003975913865495416 8.382097572205691e-05
-184.1172685981728 9.972170566784989 -0.003936840276350546 8.282966640614677e-05
-174.42688604048453 9.971979732237164 -0.0038988874709873916 8.186744974911673e-05
-164.73650348267984 9.971785526237207 -0.003870398785630342 8.119453454898511e-05
-155.04612092487514 9.971587995610157 -0.0038343043501946348 8.027982548143434e-05
-145.35573836707044 9.971387189428297 -0.00379917952906184 7.939067349136702e-05
-135.66535580926575 9.971183158918233 -0.003764977103640095 7.85259242816453e-05
-125.97497325146105 9.97097595736705 -0.0037316531132806554 7.768449459097767e-05
-116.28459069365636 9.970765640027802 -0.0036991665711731425 7.68653666978732e-05
-106.59420813585166 9.970552264024557 -0.003667479209838863 7.60675834357127e-05
-96.90382557804696 9.970335888257221 -0.003636555252657282 7.529024366342165e-05
-87.21344302024227 9.970116573306361 -0.003606361208346303 7.453249814309734e-05
-77.52306046243757 9.969894381338207 -0.003576865685729041 7.379354578193633e-05
-67.83267790463287 9.969669376010046 -0.0035480392264703934 7.307263020088945e-05
-58.14229534682818 9.969441622376175 -0.0035198541537660877 7.23690365969272e-05
-48.45191278902348 9.969211186794572 -0.0035105038812824744 7.214730076335386e-05
-38.761530231218785 9.96897813683446 -0.0034830562684089986 7.146439026227807e-05
-29.07114767341409 9.968742541184897 -0.0034561999051940288 7.079747961238146e-05
-19.380765115609393 9.96850446956454 -0.0034299112636588316 7.014594977982074e-05
-9.690382557804696 9.968263992632687 -0.0034041681904356472 6.950921531568519e-05
0.0 9.968021181901756 -0.0033789498016795223 6.888672197680778e-05
9.690382557688281 1.4971565019207667 -0.11117774439186145 0.05112490074747709
19.380765115492977 1.9334074304922328 -0.10840476237404527 0.049822713840547095
29.071147673297673 2.2725824073353618 -0.10576891363969057 0.048585253116996116
38.76153023110237 2.5573720868685896 -0.10326023656375696 0.047407808990919335
48.451912788907066 2.8059808862601496 -0.10086971245616967 0.0462861179840542
58.14229534671176 3.0282072548380103 -0.09858915653354253 0.045216311125529624
67.83267790451646 3.2300539729444777 -0.0999131918058023 0.04562668015567762
77.52306046232115 3.4155197717533667 -0.09774125692525386 0.04461374742024198
87.21344302012585 3.5874302978766393 -0.09566333169747852 0.043644870906133865
96.90382557793055 3.747871966042185 -0.09367341359334795 0.042717234890189644
106.59420813573524 3.898438732413152 -0.09346785273391438 0.04216954757514678
116.28459069353994 4.0403819080376415 -0.0915939948121263 0.041308058089216865
125.97497325134464 4.174705903991528 -0.0897951535333163 0.040481122251719646
135.66535580914933 4.302232022582649 -0.08806688525294462 0.03968669914984651
145.35573836695403 4.42364244859437 -0.08640509173339855 0.038922905729655906
155.04612092475872 4.539511479024444 -0.0848059871182842 0.03818800179884756
164.73650348256342 4.650328249351461 -0.08326606863706841 0.03748037671044106
174.42688604036812 4.756513629604174 -0.0817820905558674 0.03679853751115865
184.1172685981728 4.858433022954998 -0.08035104096097041 0.036141098369588766
193.8076511558611 4.956406221513086 -0.07897012102101568 0.035506771125479245
203.4980337136658 5.050715107767195 -0.07763672642348758 0.034894356823587706
213.1884162714705 5.14160975176772 -0.07634843072362792 0.0343027381143862
222.87879882927518 5.2293132953425525 -0.0751029703788913 0.03373087241951991
232.56918138707988 5.314025906472756 -0.07394496471367741 0.03317934477410721
242.25956394488458 5.395928011951261 -0.07277776416073092 0.032644086040312804
251.94994650268927 5.475182963471743 -0.07164751809603151 0.03212584458541883
261.64032906049397 5.551939254309847 -0.07055248782534933 0.03162382085313767
271.33071161829866 5.626332376123903 -0.06949104239956194 0.031137264646831787
281.02109417610336 5.698486385031227 -0.06846165037357621 0.030665471375027915
290.71147673390806 5.768515230917627 -0.06746287231239319 0.030207778634830842
300.40185929171275 5.836523892470348 -0.06649335396620552 0.029763563098243576
310.09224184951745 5.902609351683275 -0.06555182004564845 0.02933223767048604
319.78262440732215 5.966861434854862 -0.06463706853634456 0.028913248892962224
329.47300696512684 6.029363541874291 -0.06374796549885774 0.028506074566627005
339.16338952293154 6.0901932814995074 -0.06288344030625963 0.02811022157421525
348.85377208073623 6.149423027101427 -0.062042481276832435 0.027725223882170774
358.54415463854093 6.207120404781073 -0.06122413166409173 0.027350640705196036
368.2345371963456 6.26334872371093 -0.0604274859704061 0.02698605481817554
377.9249197541503 6.318167356895714 -0.05965168655408757 0.0266310710018395
387.6153023118386 6.3716320792043994 -0.05889592050300717 0.026285314609962192
397.3056848696433 6.423795368435121 -0.05815941675052619 0.02594843024711922
406.996067427448 6.474706674263526 -0.0574414434121989 0.025620080547228846
416.6864499852527 6.524412659207952 -0.056741305323577886 0.025299945043945702
426.3768325430574 6.5729574151096255 -0.056058341761717964 0.024987719124998854
436.0672151008621 6.620382658130011 -0.05539192433451227 0.02468311306325928
445.7575976586668 6.666727904836806 -0.05474145502359774 0.02438585111804705
455.4479802164715 6.717060588019681 -0.05410636436793074 0.024095670700805517
465.1383627742762 6.802556791755412 -0.05348610977635953 0.023812321599824333
474.82874533208087 6.884369566596035 -0.0528801739586155 0.02353556525919011
484.51912788988557 6.962733110978748 -0.05228806346512696 0.023265174107588094
494.20951044769026 7.037860956772997 -0.05175411992810269 0.023002711800624298
503.89989300549496 7.1099483766550655 -0.05122557111160354 0.022745761327012805
513.5902755632997 7.1791744387464655 -0.05067009903216845 0.022493121115002165
523.2806581211044 7.2457037706867595 -0.05012679531257481 0.022246037736450255
532.971040678909 7.309688082610718 -0.0496061016606839 0.02200452936950599
542.6614232367137 7.37126748872244 -0.04908567175965007 0.02176801778973363
552.3518057945184 7.43057165956246 -0.04857627466238964 0.021536541818003525
562.0421883523231 7.48772083111045 -0.04807755888847075 0.02130994218143932
571.7325709100114 7.542826692162098 -0.04758918794354959 0.021088066262434115
581.4229534678161 7.595993167678874 -0.04711879798020903 0.02087089861163769
591.1133360256208 7.6473171127934485 -0.04664996016689194 0.02065803385570428
600.8037185834255 7.69688892975313 -0.0462028975817971 0.02044969036948949
610.4941011412302 7.744793118091613 -0.04575231319842923 0.02024529599254367
620.1844836990349 7.791108766724193 -0.04531061397839393 0.020044951144868497
629.8748662568396 7.835909995334237 -0.044877536328104976 0.019848536564214963
639.5652488146443 7.879266351326151 -0.044452827134274835 0.019655937630923107
649.255631372449 7.921243167712069 -0.04403624323482916 0.019467044143793005
658.9460139302537 7.961901886541355 -0.04362755092306589 0.019281750108858367
668.6363964880584 8.001300351846323 -0.043228134384859986 0.019099988172026898
678.3267790458631 8.039493075541966 -0.04283451783975934 0.018921590003807543
688.0171616036678 8.076531479264563 -0.04244921498550397 0.018746511941321948
697.7075441614725 8.112464114749137 -0.042069859909702786 0.01857463197104996
707.3979267192772 8.147336865017808 -0.04171090361856001 0.018406141361682647
717.0883092770819 8.181193128370335 -0.04134472305055254 0.018240422230607206
726.7786918348866 8.21407398692707 -0.04099100332830505 0.018077751314961685
736.4690743926913 8.246018361266966 -0.04063750646056676 0.017917871828937056
746.159456950496 8.2770631525237 -0.04029017965698623 0.01776079814412894
755.8498395081842 8.307243373147083 -0.0399488605011649 0.0176064569878693
765.5402220659889 8.336592267404106 -0.03961339233371334 0.01745477761937551
775.2306046237936 8.365141422568465 -0.03928362399031185 0.017305691721133117
784.9209871815983 8.392920871656889 -0.03895940955493945 0.017159133295827026
794.611369739403 8.419959188467546 -0.0386406081271779 0.01701503856851648
804.3017522972077 8.446283575603982 -0.038327083602528504 0.016873345893732215
813.9921348550124 8.471919946095543 -0.038018704464810045 0.016733995667209362
823.6825174128171 8.496892999163821 -0.03771534358979168 0.016596930241986364
833.3728999706218 8.521226290630045 -0.037416878059291836 0.016462093848618947
843.0632825284265 8.544942298409865 -0.037123188985042355 0.01632943251927413
852.7536650862312 8.568062483498963 -0.03683416134167776 0.01619889401548505
862.4440476440359 8.590607346814597 -0.03656109295125171 0.016070660588509398
872.1344302018406 8.612596482224026 -0.03628076798433414 0.015944211683672407
881.8248127596453 8.63404862606022 -0.0360047953596407 0.01581973888637997
891.51519531745 8.654981703397977 -0.035733072955313465 0.015697196198238478
901.2055778752547 8.675412871339013 -0.035465501893524064 0.01557653903917039
910.8959604330594 8.695358559532673 -0.03520198640607567 0.015457724193021827
920.5863429908641 8.71483450813903 -0.03486952137006401 0.015340709755671205
930.2767255486688 8.733855803423424 -0.03476043284856523 0.015234336410164412
939.967108106357 8.7524369111551 -0.034506634966169285 0.015120576056966886
949.6574906641617 8.770591707969691 -0.03425663410007388 0.01500850900701129
959.3478732219664 8.788333510837454 -0.0339922129061974 0.01489941584448282
969.0382557797711 8.805675104775077 -0.03375945568139415 0.01479073716315054
978.7286383375758 8.822628768920257 -0.033651570825587306 0.014689801693606955
988.4190208953805 8.839206301083124 -0.033412671049252565 0.014583941058525843
998.1094034531852 8.855419040878125 -0.03317731736551041 0.014479605157765514
