-1007.7997860111063 9.686265609122342 -0.016443635102721878 0.0047881548265528585
-998.1094034533016 9.687148023153775 -0.016339972238924114 0.004766795664565107
-988.4190208954969 9.688021694801552 -0.01623774652266761 0.004745685073972496
-978.7286383376922 9.68888690801363 -0.016136927033373 0.004724818093619112
-969.0382557798875 9.689743937300088 -0.016037483746096606 0.004704189900889852
-959.3478732220829 9.690593048121455 -0.015939387499079815 0.0046837958068113705
-949.6574906642782 9.691434497260474 -0.015842609962705544 0.0046636312513610315
-939.9671081064735 9.692268533178526 -0.01574712360979106 0.004643691798973666
-930.2767255486688 9.693095396357673 -0.015652901687150136 0.004623973134236379
-920.5863429908641 9.693915319629037 -0.015559918188361686 0.004604471057762292
-910.8959604330594 9.694728528488158 -0.015468147827685182 0.004585181482234541
-901.2055778752547 9.695535241397712 -0.0154697620054022 0.00456610042861239
-891.51519531745 9.69633567007792 -0.015539333885338768 0.004547224022491696
-881.8248127596453 9.697130019784838 -0.01544469320052578 0.004528548490612457
-872.1344302018406 9.697918489576663 -0.015351485835584665 0.004510070157506499
-862.4440476440359 9.698701272568131 -0.015259666989803067 0.004491785442278777
-852.7536650862312 9.69947855617297 -0.015169194592251089 0.004473690855516076
-843.0632825285429 9.700250522334496 -0.015080029035592751 0.004455782996317495
-833.3728999707382 9.701017347744278 -0.014992132943965305 0.004438058549439794
-823.6825174129335 9.701779204048798 -0.014905470969778935 0.004420514282555636
-813.9921348551288 9.702536258044274 -0.014820009615136676 0.00440314704361538
-804.3017522973241 9.703288671859536 -0.014735717074329356 0.004385953758310896
-794.6113697395194 9.704036603127038 -0.014652563094422163 0.0043689314276356556
-784.9209871817147 9.704780205142216 -0.014570518851434988 0.004352077125537019
-775.23060462391 9.705519627011224 -0.014489556840011025 0.004335387996656632
-765.5402220661053 9.706255013787336 -0.01440965077479226 0.004318861254155141
-755.8498395083006 9.706986506596278 -0.014330775501989726 0.004302494177617521
-746.159456950496 9.707714242750804 -0.014252906919860121 0.004286284111035538
-736.4690743926913 9.708438355854883 -0.014176021906987472 0.00427022846086406
-726.7786918348866 9.709158975897983 -0.01410009825742513 0.004254324694148056
-717.0883092770819 9.709876229339907 -0.014025114621885545 0.004238570336717273
-707.3979267192772 9.710590239186693 -0.013951050454276252 0.004222962971445757
-697.7075441614725 9.711301125058236 -0.013877885962975142 0.004207500236573534
-688.0171616036678 9.712009003248134 -0.013805602066317944 0.004192179824087786
-678.3267790458631 9.712713986776514 -0.013734180351839268 0.004176999478161144
-668.6363964880584 9.713416185436381 -0.013663603038866856 0.0041619569936447096
-658.9460139303701 9.714115705834294 -0.01359385294411945 0.004147050214613748
-649.2556313725654 9.714812651425936 -0.01352491344999604 0.004132277032962867
-639.5652488147607 9.715507122547281 -0.013456768475298642 0.004117635387051305
-629.874866256956 9.716199216442144 -0.013389402448133506 0.0041031232603928455
-620.1844836991513 9.71688902728659 -0.01332280028079293 0.004088738680391149
-610.4941011413466 9.717576646210977 -0.013256947346425905 0.004074479717117692
-600.8037185835419 9.718262161320203 -0.013191829457333121 0.004060344482130802
-591.1133360257372 9.718945657712705 -0.013127432844738883 0.00404633112733416
-581.4229534679325 9.719627217498813 -0.013063744139908812 0.00403243784387325
-571.7325709101278 9.720306919818897 -0.01300075035649596 0.004018662861068268
-562.0421883523231 9.720984840861838 -0.012938438874010435 0.0040050044453821074
-552.3518057945184 9.721661053884182 -0.012876797422318433 0.003991460899422048
-542.6614232367137 9.722335629230393 -0.01281581406708602 0.003978030560973882
-532.971040678909 9.723008634354517 -0.0127554771960916 0.003964711802067255
-523.2806581211044 9.723680133843526 -0.012695775506338346 0.003951503028071015
-513.5902755632997 9.724350189442616 -0.012636697991904585 0.003938402676817469
-503.89989300549496 9.725018860082574 -0.01257823393247596 0.003925409217754476
-494.20951044769026 9.725686201909516 -0.012520372882508478 0.0039125211511243105
-484.51912788988557 9.726352268316885 -0.012463104660976164 0.003899737007168341
-474.8287453321973 9.72701710998 -0.012406419341662 0.003887055345356717
-465.1383627743926 9.727680774893049 -0.012350307243949706 0.003874474753641243
-455.4479802165879 9.72834330840856 -0.012294758924091624 0.0038619938477328464
-445.7575976587832 9.729004753279364 -0.012239765166907128 0.0038496112703997882
-436.0672151009785 9.729665149702956 -0.012185316977892479 0.0038373256907880595
-426.3768325431738 9.730324535368164 -0.012131405575711286 0.003825135803762326
-416.6864499853691 9.73098294550407 -0.012078022385041649 0.003813040329266811
-406.9960674275644 9.731640412931032 -0.012025159029757235 0.0038010380117054154
-397.3056848697597 9.732296968113666 -0.011975237811459349 0.003789292102654033
-387.615302311955 9.732952639215663 -0.011923326992417653 0.0037774681715152403
-377.9249197541503 9.733607452156303 -0.011871915172589469 0.0037657339859996477
-368.2345371963456 9.734261430668433 -0.011820994477572793 0.0037540883666726827
-358.54415463854093 9.734914596357802 -0.011802706955470909 0.0037434103821328865
-348.85377208073623 9.735566968763571 -0.01175192429476749 0.0037319159610607593
-339.16338952293154 9.736218565419787 -0.01170165117736264 0.003720507824407563
-329.47300696512684 9.736869401917716 -0.01165187746735036 0.00370918479960936
-319.78262440732215 9.73751949196876 -0.01160259347575018 0.003697945742440131
-310.09224184951745 9.738168847467914 -0.011567896095343224 0.0036871538000910076
-300.40185929171275 9.738817478557477 -0.011519198108865432 0.003676069901397097
-290.7114767340245 9.739465393690958 -0.011470981600384823 0.00366506717174848
-281.0210941762198 9.740112599696984 -0.011433706931745224 0.0036544824337334902
-271.3307116184151 9.740759101842993 -0.0113914099583389 0.0036437517952464635
-261.6403290606104 9.74140490389874 -0.011344194916759505 0.0036329749013311774
-251.9499465028057 9.742050008199316 -0.011297444230195587 0.0036222755602306474
-242.259563945001 9.74269441570766 -0.011251148438975437 0.003611652748533528
-232.5691813871963 9.743338126076416 -0.01120529851517372 0.0036011054677397504
-222.8787988293916 9.743981137709017 -0.011159885826030882 0.0035906327429541503
-213.1884162715869 9.744623447819928 -0.011114902101672512 0.0035802336217085127
-203.4980337137822 9.745265052493941 -0.011092011668819636 0.003570315231124654
-193.8076511559775 9.745905946744436 -0.011047305733099377 0.003560050063217338
-184.1172685981728 9.746546124570557 -0.011004712411499976 0.00354989152057741
-174.42688604036812 9.747185579013214 -0.010960822524398735 0.0035397673360534508
-164.73650348256342 9.747824302209859 -0.010917350904863277 0.0035297127910479797
-155.04612092475872 9.748462285448019 -0.010874289127594266 0.003519727013442295
-145.35573836695403 9.749099519217477 -0.010831629151118906 0.0035098091509091042
-135.66535580914933 9.749735993261131 -0.010789363285762075 0.003499958369962763
-125.97497325134464 9.750371696624459 -0.010747484165298683 0.003490173855096305
-116.28459069353994 9.751006617703593 -0.010705984721777974 0.0034804548079941243
-106.59420813585166 9.751640744291944 -0.010664858163091703 0.003470800446810961
-96.90382557804696 9.752274063625444 -0.010624097952920766 0.003461210005508469
-87.21344302024227 9.752906562426274 -0.010583697792760294 0.0034516827332442598
-77.52306046243757 9.753538226945189 -0.010543651605751304 0.0034422178938052265
-67.83267790463287 9.754169043002399 -0.010503953522102573 0.0034328147650818292
-58.14229534682818 9.754798996026993 -0.010464597865907579 0.003423472638578314
-48.45191278902348 9.755428071094919 -0.01390406291225776 0.003414190818955175
-38.761530231218785 9.756056252965568 -0.013776562002971648 0.003404968623600615
-29.07114767341409 9.756683526116923 -0.013653809876464315 0.003395805382228093
-19.380765115609393 9.757309874779335 -0.013804361978246252 0.0033867004364975207
-9.690382557804696 9.757935282967908 -0.013683183687394964 0.003377653139657857
0.0 9.758559734513549 -0.013571185603478251 0.0033687438024028894
9.690382557804696 7.024308867828078 0.010543363737475407 0.03554739128116976
19.380765115609393 7.145128005415327 0.009881064223920362 0.034720486205821514
29.07114767341409 7.239402091272197 0.00941143775100446 0.03393418495352283
38.761530231218785 7.318287595473061 0.008966387289466632 0.03318554492193913
48.45191278902348 7.3868255722621035 0.008544131482441007 0.032471901407843035
58.14229534682818 7.447803312567781 0.008143055512427722 0.0317908355535054
67.83267790463287 7.502953252628754 0.004232946833473413 0.03114014662971807
77.52306046232115 7.553438804409514 0.0021120391718231655 0.03150519497472499
87.21344302012585 7.600085640591096 0.0018989389146393454 0.030884103751791302
96.90382557793055 7.643504602816779 0.0016953780375680253 0.030289135741667292
106.59420813573524 7.684162496041894 0.0015008017232778013 0.029718658599389786
116.28459069353994 7.722425465491771 0.0013146954632097978 0.029171173568269385
125.97497325134464 7.758586910630749 0.0011365816184247834 0.02864530206477091
135.66535580914933 7.792886180272702 -0.0015343813016254564 0.028677103180655455
145.35573836695403 7.82552151588298 -0.0016327949982217602 0.028176774121836893
155.04612092475872 7.856659267410783 -0.0020141063204141417 0.027734028193449452
164.73650348256342 7.88644061450522 -0.0020984021699910114 0.02726924331288349
174.42688604036812 7.914986571372539 -0.0021798353740073843 0.026821269632227546
184.1172685981728 7.94240178199966 -0.002258491825767418 0.02638919683233977
193.8076511559775 7.968777444693017 -0.002334458046988828 0.025972179563970844
203.4980337137822 7.994193598099321 -0.0025550833504819448 0.02558288649248965
213.1884162715869 8.01872093111468 -0.002622113540702541 0.02519332762400138
222.8787988293916 8.042422232444466 -0.0026869023955272213 0.024816641306789632
232.5691813871963 8.065353563733956 -0.0027495184559441646 0.024452189141653643
242.259563945001 8.087565218041716 -0.0028100297614775346 0.024099374504684284
251.9499465028057 8.109102509759573 -0.0028920343982620873 0.02375810434748466
261.6403290606104 8.13000643082677 -0.002947936840023874 0.023426913572564375
271.33071161829866 8.150314199884782 -0.0030019622527873314 0.02310578949768926
281.02109417610336 8.170059724967953 -0.0030541716490391766 0.022794271841984733
290.71147673390806 8.189273995799502 -0.003145373677259588 0.02249417548589413
300.40185929171275 8.207985418357277 -0.0031930790417268426 0.02220054105672511
310.09224184951745 8.226220101761077 -0.0032391951965852197 0.021915293754064254
319.78262440732215 8.244002105533243 -0.0032837730963741433 0.021638072525005634
329.47300696512684 8.26135365372457 -0.003326862394334748 0.021368536861497298
339.16338952293154 8.278295321177646 -0.003368511389673018 0.02110636535421146
348.85377208073623 8.294846196236394 -0.003408766994198407 0.02085125436732625
358.54415463854093 8.31102402344482 -0.003447674714678108 0.020602916822535115
368.2345371963456 8.326845329164936 -0.0034852786478904085 0.02036108108188024
377.9249197541503 8.342325532549875 -0.003521621485888693 0.02012548992012818
387.615302311955 8.357479043907963 -0.003556744529421541 0.019895899578394553
397.3056848697597 8.372319352167192 -0.0035906877078121595 0.019672078891594082
406.9960674275644 8.386859102882157 -0.003623489603895803 0.019453808483061052
416.6864499853691 8.401110168005099 -0.003655187482858219 0.019240880020364552
426.3768325431738 8.415083708460505 -0.0036858173240206424 0.019033095526945463
436.0672151009785 8.428790230410863 -0.0037154138547850673 0.018830266744735823
445.7575976587832 8.442239635974637 -0.00374401058609302 0.018632214543397196
455.4479802164715 8.46585963380446 -0.0037716398488669314 0.018438768372239355
465.1383627742762 8.490949942647102 -0.0037983328310021787 0.018249765751242087
474.82874533208087 8.515162320490083 -0.0038241196145514366 0.018065051797988514
484.51912788988557 8.538553706733898 -0.0038490292128216235 0.01788447878753839
494.20951044769026 8.561175460926213 -0.003873089607147988 0.017707905742621526
503.89989300549496 8.583074076935494 -0.003896327783163346 0.01753519805172451
513.5902755632997 8.604291785832455 -0.003918769766417105 0.01736622711287801
523.2806581211044 8.624867067847998 -0.00393425861070964 0.01720087000114514
532.971040678909 8.644835089510137 -0.003955343563452758 0.017039009157987693
542.6614232367137 8.664228078803887 -0.003975696816269356 0.016880532100845867
552.3518057945184 8.68307564867038 -0.0039953415004760715 0.016725331151410623
562.0421883523231 8.701405077194545 -0.004014299893972112 0.01657330318119741
571.7325709101278 8.719241551283151 -0.004032593458281967 0.016424349373147292
581.4229534679325 8.736608379409633 -0.004050242873629006 0.01627837499808797
591.1133360257372 8.753527178024683 -0.004067268072191221 0.016135289204983284
600.8037185835419 8.770018035446792 -0.004083688269670474 0.015995004823987573
610.4941011413466 8.78609965641313 -0.004099521995290696 0.015857438181400695
620.1844836991513 8.801789489955711 -0.0041147871203276 0.015722508925691794
629.874866256956 8.817103842846942 -0.004129500885261616 0.015590139863825922
639.5652488146443 8.832057980512406 -0.004143679925636753 0.015460256807189175
649.255631372449 8.84666621702426 -0.004157340296701747 0.015332788426452049
658.9460139302537 8.860941995547899 -0.004170497496899915 0.01520766611479323
668.6363964880584 8.87489796042289 -0.0041831664902745366 0.015084823858897504
678.3267790458631 8.888546021887514 -0.004195361727845872 0.014964198117237891
688.0171616036678 8.90189741432054 -0.004207097168015315 0.014845727705157553
697.7075441614725 8.914962748755071 -0.004218386296047218 0.014729353686313262
707.3979267192772 8.927752060319616 -0.004229242142675864 0.014615019270072806
717.0883092770819 8.940274851176605 -0.004320834411455786 0.014505539904465884
726.7786918348866 8.952540129456104 -0.004328747786543297 0.014395047686855511
736.4690743926913 8.964556444620161 -0.004336371682074884 0.014286440423198331
746.159456950496 8.97633191963983 -0.004343709516364216 0.014179668704419723
755.8498395083006 8.987874280320803 -0.004350765104009276 0.014074684858342833
765.5402220661053 8.999190882073618 -0.004424366852237095 0.013973582625088505
775.23060462391 9.010288734389892 -0.004429153594988192 0.013871983094336014
784.9209871817147 9.021174523255853 -0.0044337572297731016 0.01377204084521768
794.6113697395194 9.03185463170831 -0.004438176194013646 0.013673714220812745
804.3017522973241 9.042335158715169 -0.004442409642087415 0.013576962974334517
813.9921348551288 9.052621936542618 -0.004446457342000587 0.013481748208292576
823.6825174128171 9.06272054675331 -0.004450319586690062 0.013388032316974155
833.3728999706218 9.072636334965217 -0.00445882565969071 0.013295861209758831
843.0632825284265 9.082374424484634 -0.004462194941344834 0.013205033024333982
852.7536650862312 9.091939728919014 -0.004465388358686618 0.013115598223834558
862.4440476440359 9.101336963860318 -0.0045665209599948416 0.013031266376698483
872.1344302018406 9.110570657722707 -0.004566841891407494 0.012944424194659949
881.8248127596453 9.119645161809137 -0.004567118231875959 0.012858884440130624
891.51519531745 9.128564659674048 -0.00456236259898787 0.012774616812887437
901.2055778752547 9.137333175842679 -0.004562655492544995 0.012691591973996103
910.8959604330594 9.145954583941666 -0.0045628785815114556 0.012609781505736096
920.5863429908641 9.154432614290107 -0.004563027791061328 0.012529157873784754
930.2767255486688 9.16277086099576 -0.004563099715691538 0.012449694391476453
939.9671081064735 9.170972788596599 -0.004563091538368905 0.012371365185974807
949.6574906642782 9.17904173828424 -0.004698849625720829 0.012300266001979669
959.3478732220829 9.186980933742314 -0.004695202439154822 0.012223974376429754
969.0382557798875 9.194793486629772 -0.004691642654494631 0.012148751778305638
978.7286383376922 9.202482401736386 -0.00468815655837237 0.012074574716425422
988.4190208954969 9.2100505818352 -0.0046847319491885135 0.012001420422490704
998.1094034533016 9.217500832254435 -0.004681357961180891 0.011929266819929524
