-1007.7997860111063 9.886695968454369 -0.003741422810853771 0.0
-998.1094034533016 9.886525457679145 -0.00404248582826996 3.1475063456333036e-05
-988.4190208954969 9.88636007256511 -0.004015468279834093 3.065806352717708e-05
-978.7286383376922 9.88619974659519 -0.0039890597977240635 2.988240433715392e-05
-969.0382557798875 9.886044414139572 -0.003963226365422707 2.9145025511469595e-05
-959.3478732220829 9.885894010447494 -0.003937937025732381 2.8443161472397043e-05
-949.6574906642782 9.885748471638465 -0.0039131635265473455 2.7774306777799807e-05
-939.9671081064735 9.885607734692888 -0.004009076565084317 2.713618623778113e-05
-930.2767255486688 9.885471737442264 -0.003982170375209479 2.652672905827285e-05
-920.5863429908641 9.88534041855888 -0.003955863431864633 2.5944046392375182e-05
-910.8959604330594 9.885213717545147 -0.003930124276855253 2.5386411786729844e-05
-901.2055778752547 9.885091574722598 -0.0039049240648164813 2.4852244096517947e-05
-891.51519531745 9.884973931220577 -0.003880236283333491 2.4340092512969315e-05
-881.8248127596453 9.88486072896467 -0.00385603650880407 2.3848623404795707e-05
-872.1344302018406 9.88475191066494 -0.0038323021927975562 2.3376608722242037e-05
-862.4440476441523 9.88464741980397 -0.003931534026084574 2.2922915751463336e-05
-852.7536650863476 9.88454720062476 -0.003998881084880979 2.5534838493645698e-05
-843.0632825285429 9.884451198118548 -0.0039710454258392765 2.5035785088284734e-05
-833.3728999707382 9.884359358012505 -0.003943865645554776 2.455612700810117e-05
-823.6825174129335 9.884271626757414 -0.003917307005565528 2.4094737277241293e-05
-813.9921348551288 9.884187951515333 -0.004316872125797344 2.3650576134584067e-05
-804.3017522973241 9.884108280147226 -0.004280441329116109 2.3222682592595368e-05
-794.6113697395194 9.884032561200668 -0.004245099786076389 2.2810166977934955e-05
-784.9209871817147 9.883960743897557 -0.004249784374094356 2.241220432040946e-05
-775.23060462391 9.883892778121906 -0.004215436930221823 2.2028028477606232e-05
-765.5402220661053 9.883828614407745 -0.0041820462063825725 2.1656926899631342e-05
-755.8498395083006 9.8837682039271 -0.004149558031999348 2.129823595258923e-05
-746.159456950496 9.883711498478089 -0.004117922689828915 2.0951336731238304e-05
-736.4690743926913 9.88365845047318 -0.004087094452927627 2.061565130116404e-05
-726.7786918348866 9.88360901292754 -0.0040570311789829405 2.0290639319116663e-05
-717.0883092770819 9.883563139447629 -0.004027693953820776 1.997579498717023e-05
-707.3979267192772 9.883520784219849 -0.003999046777215976 1.96706443022951e-05
-697.7075441614725 9.883481901999472 -0.00397105628521566 1.9374742567979977e-05
-688.0171616036678 9.883446448099692 -0.003943691504078983 1.908767213883966e-05
-678.3267790459795 9.883414378380872 -0.003916923631677645 1.8809040372820825e-05
-668.6363964881748 9.883385649240022 -0.004281367124406116 0.00010692802369681352
-658.9460139303701 9.88336021760046 -0.004245792238003966 0.00010442011703657991
-649.2556313725654 9.883338040901657 -0.0042112305925231025 0.00010203082612026115
-639.5652488147607 9.88331907708934 -0.004177624676701697 9.975177591724525e-05
-629.874866256956 9.883303284605779 -0.004144921727379971 9.757536999501829e-05
-620.1844836991513 9.883290622380288 -0.004113073228792274 9.549470155359823e-05
-610.4941011413466 9.883281049819967 -0.004082034475366569 9.350347642769424e-05
-600.8037185835419 9.883274526800632 -0.0040517641886839645 9.159594621584777e-05
-591.1133360257372 9.883271013658003 -0.004022224180808324 8.976685001282902e-05
-581.4229534679325 9.88327047117907 -0.003993379057464886 8.801136347835483e-05
-571.7325709101278 9.883272860593708 -0.0039651959555860195 8.632505418429359e-05
-562.0421883523231 9.883278143566502 -0.003937644310597262 8.470384235355837e-05
-552.3518057945184 9.88328628218877 -0.004110711170958735 0.00010015581412575746
-542.6614232367137 9.883297238970847 -0.004079193080917328 9.821613155691245e-05
-532.971040678909 9.883310976834526 -0.004048484721401356 9.635305153710257e-05
-523.2806581211044 9.883327459105736 -0.004018543915530738 9.456198468489508e-05
-513.5902755632997 9.883346649507445 -0.003989331759076577 9.283871035024521e-05
-503.89989300549496 9.88336851215274 -0.003960812290183305 9.117933950821103e-05
-494.2095104478067 9.883393011538109 -0.004006989590865238 8.958028213032349e-05
-484.519127890002 9.88342011253694 -0.003977870525267542 8.803821840497943e-05
-474.8287453321973 9.883449780393203 -0.003949445029528668 8.655007327895093e-05
-465.1383627743926 9.883481980715324 -0.00392167951004643 8.511299387388192e-05
-455.4479802165879 9.883516679470246 -0.003894542816750932 8.372432940036812e-05
-445.7575976587832 9.883553842977669 -0.0038680060107209404 8.238161324825465e-05
-436.0672151009785 9.88359343790447 -0.0038822414699432955 8.108254697892475e-05
-426.3768325431738 9.883635431259306 -0.0038557965331293383 7.982498598465852e-05
-416.6864499853691 9.883679790387383 -0.0038299273515916147 7.86069266131486e-05
-406.9960674275644 9.883726482965377 -0.0038046082441759743 7.742649458308037e-05
-397.3056848697597 9.883775476996538 -0.0038667400982583815 7.628193454023025e-05
-387.615302311955 9.883826740805938 -0.0038402086209208316 7.517160062349785e-05
-377.9249197541503 9.883880243035868 -0.003814272812573198 7.409394792730574e-05
-368.2345371963456 9.883935952641398 -0.0037889048011919353 7.304752476133177e-05
-358.54415463854093 9.883993838886076 -0.0037640787232450057 7.203096562098492e-05
-348.85377208073623 9.884053871337736 -0.0037397705310979897 7.104298479273728e-05
-339.16338952293154 9.884116019864509 -0.0037159578232667033 7.008237052764672e-05
-329.47300696512684 9.884180254630879 -0.00369261969430929 6.914797972436597e-05
-319.78262440732215 9.884246546093948 -0.0036697366016673456 6.823873306983763e-05
-310.09224184963387 9.884314864999746 -0.0036472902471890393 6.735361059187935e-05
-300.40185929182917 9.88438518237973 -0.0036252634714138694 6.649164758300223e-05
-290.7114767340245 9.884457469547337 -0.0036036401589926116 6.565193085958634e-05
-281.0210941762198 9.884531698094692 -0.003582405153846201 6.483359532413482e-05
-271.3307116184151 9.884607839889377 -0.009137596922251386 0.002295218545389505
-261.6403290606104 9.88468586707135 -0.00897322057575083 0.0022368705214762977
-251.9499465028057 9.884765752049928 -0.008816430051373473 0.002181437711633898
-242.259563945001 9.88484746750086 -0.008666680560851295 0.0021287062301414907
-232.5691813871963 9.884930986363516 -0.00852347899800581 0.0020784826476882325
-222.8787988293916 9.88501628183815 -0.008386377923946014 0.0020305916010616557
-213.1884162715869 9.88510332738323 -0.008254970374824188 0.001984873730470561
-203.4980337137822 9.88519209671288 -0.008128885363706215 0.0019411838932702102
-193.8076511559775 9.885282563794352 -0.008007783970547456 0.0018993896118140907
-184.1172685981728 9.885374702845622 -0.007891355932383656 0.0018593697203890037
-174.42688604036812 9.885468488333023 -0.007779316660553103 0.0018210131820598553
-164.73650348256342 9.885563894968941 -0.007671404623759981 0.0017842180510366983
-155.04612092475872 9.885660897709592 -0.007567379045615048 0.00174889056009708
-145.35573836695403 9.885759471752861 -0.007467017873374898 0.001714944315822193
-135.66535580914933 9.885859592536168 -0.007370115981281579 0.0016822995870698285
-125.97497325134464 9.885961235734419 -0.0072764835774461415 0.0016508826743172735
-116.28459069365636 9.886064377258002 -0.007185944787835786 0.001620625349347649
-106.59420813585166 9.88616899325083 -0.00709833639477376 0.0015914643562884047
-96.90382557804696 9.886275060088412 -0.007013506710619083 0.0015633409663077206
-87.21344302024227 9.886382554376013 -0.006931314569978003 0.0015362005793469206
-77.52306046243757 9.886491452946798 -0.0068516284261360885 0.0015099923671957705
-67.83267790463287 9.886601732860083 -0.006774325539324093 0.0014846689529854887
-58.14229534682818 9.88671337139955 -0.006699291246092841 0.0014601861228358312
-48.45191278902348 9.886826346071565 -0.0066264183004807195 0.001436502565953464
-38.761530231218785 9.886940634603471 -0.006555606278861845 0.0014135796399584305
-29.07114767341409 9.887056214941977 -0.006486761041394901 0.0013913811586262143
-19.380765115609393 9.887173065251504 -0.006419794243879093 0.0013698731995857242
-9.690382557804696 9.887291163912614 -0.0116437634946518 0.001349023929817288
0.0 6.968265476053387 -0.03610792197487542 0.039796741033875156
9.690382557804696 7.131840210815425 -0.03528024561202427 0.03878593302401219
19.380765115609393 7.244832952602845 -0.03449250418607487 0.03782549526126826
29.07114767341409 7.334708233503278 -0.03378586279202515 0.036913378582064955
38.761530231218785 7.410577543079436 -0.03306849864835134 0.036042934309487844
48.45191278902348 7.476811673827315 -0.03238327951581733 0.03521281977585824
58.14229534682818 7.5359071547764565 -0.03172804973068793 0.03442028682642494
67.83267790451646 7.589448143534667 -0.031100843637833366 0.03366283190217182
77.52306046232115 7.638513882353933 -0.030526165733959984 0.03293895649032488
87.21344302012585 7.683878443364463 -0.029949099054956633 0.03224497541238818
96.90382557793055 7.726119132203221 -0.02944158608500092 0.03158137655394304
106.59420813573524 7.765679928765832 -0.028908152927185526 0.030943166470187727
116.28459069353994 7.802910846894751 -0.028395217985707332 0.030330365234173533
125.97497325134464 7.8380935199016335 -0.027901597000152153 0.029741480584706274
135.66535580914933 7.871458479578524 -0.02742619597905534 0.029175135084419806
145.35573836695403 7.90319720322031 -0.026968002721188312 0.028630055271503217
155.04612092475872 7.93347074279374 -0.026526079277565087 0.02810506201941381
164.73650348256342 7.962416050968424 -0.02610910897740155 0.027599566608262974
174.42688604036812 7.990150713084841 -0.025696927173522496 0.027111531313716415
184.1172685981728 8.016776549808734 -0.025301480023992625 0.026640598305550416
193.8076511559775 8.042382403153804 -0.024916221916481237 0.02618575119608514
203.4980337137822 8.067046321150134 -0.024605224632419164 0.02574880643947831
213.1884162715869 8.090837292441881 -0.02424277476319304 0.025323801257140052
222.8787988293916 8.113816639092986 -0.023908477842530498 0.024913071104912705
232.5691813871963 8.13603914638937 -0.023567840748989075 0.024515105863561024
242.259563945001 8.15755398783005 -0.02323756565092259 0.024129705465327788
251.94994650268927 8.178405488875624 -0.022917175042019886 0.023756282527411212
261.64032906049397 8.19863376248265 -0.022606220644977748 0.023394285783171754
271.33071161829866 8.218275241743417 -0.022304281191047534 0.02304319734484783
281.02109417610336 8.23736312925687 -0.02201096040041979 0.022702530211699226
290.71147673390806 8.255927778577542 -0.02172588514245009 0.02237182599832315
300.40185929171275 8.273997019861984 -0.021448703757156993 0.022050652860737416
310.09224184951745 8.291596439358653 -0.021179084521623173 0.021738603600420302
319.78262440732215 8.308749620479647 -0.02091671424681501 0.02143529392873149
329.47300696512684 8.325478352707217 -0.02066129699197967 0.02114036087609466
339.16338952293154 8.341802813422122 -0.020412552885214486 0.020853461332038838
348.85377208073623 8.357741726818352 -0.020170217040058218 0.02057427070370122
358.54415463854093 8.373312503334136 -0.01999249095511589 0.020305185627373955
368.2345371963456 8.388531362439617 -0.01976074740214283 0.020040438372779603
377.9249197541503 8.403413441145807 -0.01953477133304399 0.019782528900607655
387.615302311955 8.417972890213111 -0.019314343259284748 0.01953119503205183
397.3056848697597 8.432222959722196 -0.019099254919331763 0.019286187849239564
406.9960674275644 8.446176075410834 -0.018889308553433053 0.019047270865742687
416.6864499853691 8.459843906966778 -0.01861434233449067 0.018819237434675434
426.3768325431738 8.4732374292894 -0.018691892645315587 0.018592151985992515
436.0672151008621 8.486366977585186 -0.018490964997419715 0.01837006604927359
445.7575976586668 8.499242297039938 -0.01829474587525547 0.018153240686216703
455.4479802164715 8.521453199257463 -0.0188280156256913 0.017962282848327054
465.1383627742762 8.545345250977253 -0.01865098545137971 0.017755699510312042
474.82874533208087 8.568400091973706 -0.019724052068523283 0.017553050658450312
484.51912788988557 8.590671590447425 -0.019494148515661513 0.017354996927115212
494.20951044769026 8.612208464805699 -0.019270705049130112 0.017161382853985333
503.89989300549496 8.633054928883237 -0.019053402247728876 0.01697205997600439
513.5902755632997 8.653251238401571 -0.01884194466565938 0.01678688643351451
523.2806581211044 8.672834156378094 -0.01863605838886357 0.016605726601730146
532.971040678909 8.691837351570998 -0.018435488902223053 0.016428450747265594
542.6614232367137 8.71029174125505 -0.018239999220991343 0.016254934707662372
552.3518057945184 8.728225787452546 -0.018049368247783915 0.01608505959206627
562.0421883523231 8.745665754040052 -0.01786338932289693 0.01591871150138293
571.7325709101278 8.76263593080309 -0.017681868940977445 0.01575578126639924
581.4229534679325 8.779158829435376 -0.017504625611366793 0.015596164202497466
591.1133360257372 8.79525535561544 -0.017331488842974953 0.015439759879713875
600.8037185835419 8.81094496059553 -0.017162298237464717 0.015286471907004513
610.4941011413466 8.826245775171092 -0.016996902676947746 0.015136207729680122
620.1844836990349 8.841174728436533 -0.016835159594415387 0.014988878439063009
629.8748662568396 8.855747653355397 -0.017393105372285174 0.014922853429388606
639.5652488146443 8.869979380858034 -0.017219726715281672 0.01477910945524006
649.255631372449 8.883883823928949 -0.017050553955471164 0.014638156324375408
658.9460139302537 8.897474052926754 -0.01688540363037099 0.014499910450812975
668.6363964880584 8.910762363206194 -0.016724104757648107 0.01436429182598289
678.3267790458631 8.923760335962404 -0.01656649765314232 0.01423122380036706
688.0171616036678 8.936478893093215 -0.016412432891363567 0.014100632884318535
697.7075441614725 8.948928346770376 -0.016261770387914754 0.01397244856573151
707.3979267192772 8.961118444321329 -0.01611437858669932 0.013846603142592966
717.0883092770819 8.973058408947036 -0.01597013373754707 0.013723031568741141
726.7786918348866 8.98475697673604 -0.015828919252162704 0.013601671311398342
736.4690743926913 8.996222430378502 -0.0162464432279743 0.01352932755393803
746.159456950496 9.007462629935098 -0.016096811354692746 0.013411018286172645
755.8498395083006 9.018485040973216 -0.01600111788355795 0.013298407226238955
765.5402220661053 9.029296760345598 -0.015856876602446876 0.013184140340414268
775.23060462391 9.039904539854295 -0.015715843516780823 0.013071861269848627
784.9209871817147 9.050314808014168 -0.01557788789762533 0.012961516205688306
794.6113697395194 9.060533690105267 -0.015442887430504586 0.012853053452591304
804.3017522973241 9.07056702668146 -0.015310727457919901 0.012746423307992655
813.9921348550124 9.080420390683306 -0.015181300308680057 0.012641577951419127
823.6825174128171 9.090099103287075 -0.015054504702137159 0.012538471342691959
833.3728999706218 9.099608248604522 -0.014930245217328324 0.012437059128049972
843.0632825284265 9.108952687339128 -0.014808431818512753 0.012337298553320325
852.7536650862312 9.118137069488961 -0.01468897942992504 0.012239148383423762
862.4440476440359 9.127165846178844 -0.014571807553593845 0.012142568827572236
872.1344302018406 9.136043280694844 -0.014456839924971576 0.012047521469607044
881.8248127596453 9.144773458786641 -0.014344004201860768 0.011953969202993464
891.51519531745 9.153360298296478 -0.014233231682747009 0.011861876170047086
901.2055778752547 9.161807558167597 -0.014124457051175147 0.011771207705016686
910.8959604330594 9.17011884687981 -0.014017618143251708 0.011681930280691921
920.5863429908641 9.178297630355301 -0.013912655735736197 0.011594011458240952
930.2767255486688 9.18634723937369 -0.013809513352507479 0.011507419840015121
939.9671081064735 9.194270876531967 -0.01370813708746883 0.011422125025085704
949.6574906642782 9.20207162278154 -0.01360847544219265 0.011338097567301666
959.3478732220829 9.209752443572055 -0.01351047917681104 0.011255308935678795
969.0382557798875 9.217316194629014 -0.013414101172834909 0.011173731476948768
978.7286383376922 9.224765627390049 -0.01331929630673751 0.011093338380113251
988.4190208954969 9.232103394122733 -0.013226021333271193 0.011014103642862367
