-1007.7997860109899 9.866458269474817 -0.013797961379316851 0.008299318525802447
-998.1094034531852 9.86361330304564 -0.013683882630047578 0.008229935606234121
-988.4190208953805 9.860794547244197 -0.013571687250431492 0.008161703453380693
-978.7286383375758 9.858004082018802 -0.013461328591095497 0.008094593665728907
-969.0382557797711 9.855243863752051 -0.013352761547557865 0.008028578769013507
-959.3478732219664 9.852515726962801 -0.013245942495872623 0.00796363217867202
-949.6574906641617 9.849821386338588 -0.0131408292315259 0.00789972816410969
-939.967108106357 9.847162439058053 -0.013037380911389396 0.007836841814673569
-930.2767255486688 9.844540367365482 -0.01293555799855095 0.007774949007241828
-920.5863429908641 9.841956541361819 -0.012835322209846307 0.007714026375335201
-910.8959604330594 9.839412221979718 -0.012736636465953155 0.007654051279678425
-901.2055778752547 9.83690856411146 -0.012639464843876574 0.007595001780118884
-891.51519531745 9.834446619862076 -0.012543772531707454 0.007536856608840305
-881.8248127596453 9.832027341901556 -0.012449525785518924 0.007479595144798289
-872.1344302018406 9.829651586892528 -0.01235669188828265 0.007423197389313817
-862.4440476440359 9.827320118971736 -0.012265239110693455 0.007367643942763907
-852.7536650862312 9.825033613265756 -0.01217513667379774 0.007312915982312404
-843.0632825284265 9.82279265942313 -0.012086354713327975 0.007258995240627007
-833.3728999706218 9.820597765147019 -0.011998864245651546 0.007205863985532062
-823.6825174128171 9.818449359714037 -0.011912637135247971 0.007153505000549388
-813.9921348550124 9.816347797466536 -0.01182764606363385 0.007101901566282226
-804.3017522972077 9.81429336126708 -0.011743864499659785 0.007051037442600035
-794.611369739403 9.812286265905191 -0.011661266671108084 0.007000896851584196
-784.9209871815983 9.8103266614477 -0.011579827537524333 0.00695146446119694
-775.2306046237936 9.808414636525228 -0.01149952276421998 0.006902725369638007
-765.5402220659889 9.806550221548385 -0.0114203286973866 0.0068546650903554465
-755.8498395081842 9.804733391848227 -0.011342222340266123 0.006807269537678873
-746.159456950496 9.802964070736532 -0.01126518133032537 0.006760525013045776
-736.4690743926913 9.801242132481988 -0.011189183917379875 0.006714418191789196
-726.7786918348866 9.799567405199749 -0.011114208942634053 0.006668936110468416
-717.0883092770819 9.797939673651591 -0.011040235818575201 0.00662406615470609
-707.3979267192772 9.796358681955407 -0.010967244509693545 0.006579796047516253
-697.7075441614725 9.794824136202754 -0.010895215513983524 0.006536113838097129
-688.0171616036678 9.793335706983935 -0.010824129845189996 0.006493007891067817
-678.3267790458631 9.791893031820413 -0.010753969015764378 0.0064504668761284426
-668.6363964880584 9.790495717504818 -0.01068471502049739 0.0064084797581244884
-658.9460139302537 9.789143342349158 -0.010616350320796988 0.006367035787496951
-649.255631372449 9.787835458342078 -0.010548857829581822 0.006326124491101006
-639.5652488146443 9.786571593216387 -0.010482220896761946 0.006285735663376657
-629.8748662568396 9.78535125242821 -0.010416423295280084 0.0062458593578557115
-620.1844836990349 9.784173921049385 -0.010351449207688225 0.0062064858789902715
-610.4941011412302 9.78303906557486 -0.010287283213235472 0.006167605774288595
-600.8037185834255 9.781946135647006 -0.010223910275444446 0.006129209826744931
-591.1133360256208 9.780894565698869 -0.010161315730154597 0.006091289047550572
-581.4229534678161 9.779883776518497 -0.010099485274011952 0.006053834669074036
-571.7325709100114 9.778913176736523 -0.010038404953385796 0.006016838138098829
-562.0421883523231 9.777982164239301 -0.009978061153694566 0.0059802911093082564
-552.3518057945184 9.7770901275098 -0.009918440589118995 0.005944185439004277
-542.6614232367137 9.776236446898775 -0.009859530292696643 0.005908513179056976
-532.971040678909 9.775420495828318 -0.009801317606767479 0.005873266571066463
-523.2806581211044 9.77464164193032 -0.009743790173766191 0.005838438040734773
-513.5902755632997 9.77389924812208 -0.009686935927342604 0.005804020192436536
-503.89989300549496 9.773192673621445 -0.009630743083797084 0.005770005803980708
-494.20951044769026 9.772521274903735 -0.009575200133818022 0.005736387821555505
-484.51912788988557 9.771884406602739 -0.009520295834508847 0.005703159354849192
-474.82874533208087 9.771281422358019 -0.009466019201692823 0.005670313672339527
-465.1383627742762 9.770711675610702 -0.009831644630962855 0.005637844196745206
-455.4479802164715 9.770174520349915 -0.009767732711333682 0.005605744500632752
-445.7575976586668 9.769669311811942 -0.009704965223081653 0.005574008302172734
-436.0672151008621 9.769195407134173 -0.009643291647842304 0.005542629461039434
-426.3768325430574 9.768752165965823 -0.009582665584041554 0.005511601974448284
-416.6864499852527 9.768338951037348 -0.009523044283889752 0.005480919973325769
-406.996067427448 9.76795512869046 -0.009464388253422502 0.005450577718606604
-397.3056848696433 9.767600069370534 -0.009406660905720446 0.005420569597653307
-387.6153023118386 9.76727314808321 -0.009349828259169982 0.0053908901207934574
-377.9249197541503 9.766973744816838 -0.009293858674023131 0.005361533917970518
-368.2345371963456 9.766701244932475 -0.009238722621642187 0.005332495735501795
-358.54415463854093 9.766455039522981 -0.00918439248175108 0.00530377043294473
-348.85377208073623 9.766234525742757 -0.009130842363747262 0.005275352980060521
-339.16338952293154 9.766039107109593 -0.00907804794877216 0.005247238453876619
-329.47300696512684 9.765868193780069 -0.009025986349736812 0.005219422035842356
-319.78262440732215 9.765721202799828 -0.0089746359869291 0.005191899009074623
-310.09224184951745 9.765597558330079 -0.00892397647718185 0.005164664755690263
-300.40185929171275 9.765496691851558 -0.008873988534876696 0.005137714754222058
-290.71147673390806 9.765418042347145 -0.008824653883306026 0.005111044577115214
-281.02109417610336 9.765361056464318 -0.008775955175123789 0.005084649888301456
-271.33071161829866 9.765325188658545 -0.008727875920791711 0.005058526440847974
-261.64032906049397 9.76530990131864 -0.008680400424076123 0.005032670074678466
-251.94994650268927 9.765314664875147 -0.00863351372377723 0.005007076714363777
-242.25956394488458 9.765338957892686 -0.008587201540980029 0.0049817423669796515
-232.56918138707988 9.765382267147196 -0.008541450231208118 0.004956663120029189
-222.87879882927518 9.76544408768896 -0.008496246740940398 0.004931835139427804
-213.1884162714705 9.765523922892257 -0.008451578568018116 0.004907254667548456
-203.4980337136658 9.765621284492447 -0.008407433725528107 0.004882918021325075
-193.8076511559775 9.765735692611253 -0.008363800708798585 0.004858821590412454
-184.1172685981728 9.76586667577098 -0.008320668465183952 0.004834961835398945
-174.42688604036812 9.766013770898354 -0.008278026366363373 0.004811335286074458
-164.73650348256342 9.766176523318665 -0.008235864182892669 0.004787938539746139
-155.04612092475872 9.766354486740834 -0.008194172060795686 0.004764768259604423
-145.35573836695403 9.766547223234008 -0.008152940499995265 0.004741821173136033
-135.66535580914933 9.766754303196258 -0.00816202058204078 0.004721017989245212
-125.97497325134464 9.766975305315931 -0.008120388736036394 0.004698457782845042
-116.28459069353994 9.767209816526151 -0.008079256371513039 0.004676113850121497
-106.59420813573524 9.76745743195299 -0.008038610371366191 0.004653982973701027
-96.90382557793055 9.767717754857754 -0.007998438353639486 0.004632062011246064
-87.21344302012585 9.767990396573854 -0.007958728603007783 0.004610347892001513
-77.52306046232115 9.768274976438633 -0.014229222787897434 0.004588837613670641
-67.83267790451646 9.768571121720605 -0.014028249530322699 0.004567528239573232
-58.14229534671176 9.768878467542454 -0.013835832510134443 0.004546416896046977
-48.451912788907066 9.76919665680015 -0.013651366301950402 0.00452550077005965
-38.76153023110237 9.769525340078534 -0.013474302776212164 0.004504777107004933
-29.071147673297673 9.769864175563683 -0.013304144440493314 0.004484243208659044
-19.380765115492977 9.77021282895237 -0.0131404386896017 0.00446389643127895
-9.690382557688281 9.770570973358895 -0.01298277282292382 0.004443734183825798
0.0 9.770938289219565 -0.013493273809056714 0.004569047371313874
9.690382557804696 1.109962869201187 -0.05347613415510711 0.03576875305386454
19.380765115609393 1.6378950362895637 -0.052286216088638246 0.034942795816939216
29.07114767341409 2.0209559763106286 -0.051153531033467335 0.03415743306813962
38.761530231218785 2.3339822163061728 -0.050073959510810714 0.03340969751790692
48.45191278902348 2.603220185337186 -0.049532792249371 0.03276168444683226
58.14229534682818 2.841606159496365 -0.04853593224783495 0.03207972309090986
67.83267790463287 3.056669482377427 -0.04758262357504942 0.03142814296356809
77.52306046243757 3.253260573848914 -0.04680488042931183 0.03080492232170724
87.21344302024227 3.434727441204217 -0.04592691449973815 0.03020821552328091
96.90382557804696 3.603500061937816 -0.04508480634155178 0.029636334249013283
106.59420813585166 3.76141086043776 -0.044276349037905685 0.02908773107720669
116.28459069365636 3.9098839078853977 -0.043499514364537674 0.028560985074648316
125.97497325146105 4.050053203511963 -0.04275243501112787 0.028054789120676746
135.66535580926575 4.1828400901820775 -0.04203338888776317 0.027567938725959553
145.35573836707044 4.309005865162312 -0.04134078523625949 0.027099322144304182
155.04612092487514 4.42918867549955 -0.04067315230838269 0.02664791160633682
164.73650348267984 4.543930091999329 -0.04002912640824689 0.026212755529299414
174.42688604048453 4.653694693386332 -0.03940744212563448 0.025792971578461603
184.1172685981728 4.75888478996543 -0.03880692361171896 0.025387740473474224
193.8076511559775 4.859851688583589 -0.038247157515387396 0.02499731247810405
203.4980337137822 4.95690444590866 -0.03768523771041691 0.024618928608333937
213.1884162715869 5.05031676463146 -0.03714144535084884 0.024252966742214093
222.8787988293916 5.140332494290186 -0.03661489043290329 0.02389880973103998
232.5691813871963 5.227170068376168 -0.03610474079970163 0.02355588089142393
242.259563945001 5.311026119874539 -0.0356102174997403 0.023223640737196027
251.9499465028057 5.39207845468824 -0.035130590586224836 0.02290158402313201
261.6403290606104 5.470488517729953 -0.03466517530907706 0.02258923706633393
271.3307116184151 5.546403454174353 -0.03421332865736662 0.022286155315304496
281.0210941762198 5.619957844693435 -0.03377444621504522 0.021991921140394367
290.7114767340245 5.691275175928464 -0.033347959297296205 0.02170614182245099
300.40185929182917 5.760469094259193 -0.03293333233866056 0.02142844771922866
310.09224184963387 5.827644480916961 -0.03256696880467285 0.02115983239018331
319.78262440743856 5.892898378811472 -0.03217362627246458 0.020897249350743236
329.47300696524326 5.956320795501177 -0.031790760494704584 0.020641766757777937
339.16338952304795 6.0179954021010715 -0.031417942969937225 0.02039309177821076
348.85377208085265 6.0780001442743234 -0.031054768569568104 0.02015094760131044
358.54415463865735 6.136407778562397 -0.030700853952322072 0.019915072354801628
368.2345371963456 6.193286344998974 -0.030761740859527237 0.019685218107885313
377.9249197541503 6.248699585101869 -0.03041492799671556 0.019461149953123827
387.615302311955 6.30270731282193 -0.030076856095556305 0.019242645160039564
397.3056848697597 6.355365744830296 -0.02974717806646814 0.019029492393921345
406.9960674275644 6.4067277955021105 -0.02942556592956457 0.01882149099408443
416.6864499853691 6.456843341146903 -0.029111709431875566 0.018618450306353538
426.3768325431738 6.5057594573513 -0.02909840691315216 0.018420189065074262
436.0672151009785 6.580250954244667 -0.028791693783082137 0.018226534820415297
445.7575976587832 6.673643081879451 -0.028492274350409918 0.01803732340713332
455.4479802165879 6.762750258902271 -0.02819987044116098 0.017852398451338233
465.1383627743926 6.847867124562072 -0.02886136898101343 0.017671610912122923
474.8287453321973 6.929259892125757 -0.028557788220265973 0.017494818655214187
484.519127890002 7.007169970577467 -0.028261703383181437 0.017321886056063846
494.2095104478067 7.081817010134831 -0.02797279993420308 0.01715268363003372
503.8998930056114 7.1534014808566955 -0.027690783241982597 0.016987087687540033
513.5902755634161 7.222106869765941 -0.02741537681733361 0.016824980012212526
523.2806581212208 7.288101563899312 -0.027146320754439283 0.016666247560295337
532.9710406790255 7.351540472949868 -0.026883370346652835 0.016510782179670506
542.6614232368302 7.412566434573854 -0.02662629485293669 0.016358480347025316
552.3518057945184 7.471311437193882 -0.02637487639482467 0.01620924292181187
562.0421883523231 7.527897688672542 -0.02612890896691308 0.0160629749157494
571.7325709101278 7.5824385541065045 -0.02588819754653779 0.015919585276760583
581.4229534679325 7.635039381945466 -0.025652557290329534 0.01577898668626422
591.1133360257372 7.685798234350862 -0.02554669509578919 0.015647910801073993
600.8037185835419 7.734806535087739 -0.025317457515608134 0.015512470490933081
610.4941011413466 7.78214964609608 -0.025092952807438562 0.015379588675312663
620.1844836991513 7.827907382137864 -0.024873018279967227 0.01524919052701275
629.874866256956 7.872154471477149 -0.024657499531571054 0.015121204170917269
639.5652488147607 7.914960969361642 -0.02444624985929395 0.014995560536637545
649.2556313725654 7.956392630086956 -0.02423912972393051 0.014872193220238958
658.9460139303701 7.996511242601196 -0.024036006264488968 0.01475103835435494
668.6363964881748 8.035374933917193 -0.023836752856275824 0.014632034486060621
678.3267790459795 8.073038444018731 -0.02364124870765329 0.014515122461937686
688.0171616037842 8.109553375456032 -0.023449378491197465 0.01440024531981447
697.7075441615889 8.144968420409244 -0.023261032005554415 0.014287348186710926
707.3979267193936 8.179329567643798 -0.023076103864772737 0.014176378182559145
717.0883092771983 8.212680291478298 -0.022894493212299596 0.014067284329306423
726.778691835003 8.245061724625579 -0.02271610345717539 0.013960017465040202
736.4690743928077 8.276512816543837 -0.02254084203025986 0.013854530162803526
746.159456950496 8.30707047874124 -0.022368620158580786 0.01375077665379698
755.8498395083006 8.336769718312894 -0.022199352656102383 0.013648712754678317
765.5402220661053 8.365643760836186 -0.02203295772944465 0.013548295798718293
775.23060462391 8.393724163637081 -0.021869356797178195 0.013449484570547428
784.9209871817147 8.421040920316786 -0.021708474321535987 0.01335223924428951
794.6113697395194 8.44762255733947 -0.021550237651465562 0.01325652132486797
804.3017522973241 8.473496223394509 -0.021394576876070326 0.013162293592294393
813.9921348551288 8.498687772172634 -0.021241424687583214 0.013069520048761156
823.6825174129335 8.523221839129837 -0.0210907162531016 0.012978165868372202
833.3728999707382 8.547121912754896 -0.02094238909438753 0.012888197349357644
843.0632825285429 8.570410400805143 -0.02079638297510404 0.012799581868628281
852.7536650863476 8.593108691929654 -0.020807584020312717 0.012723761194046888
862.4440476441523 8.615237213058554 -0.020777565470533263 0.01264474982213753
872.134430201957 8.636815482901266 -0.02063138670408882 0.012559537312091987
881.8248127597617 8.65786216186432 -0.02048764641146801 0.012475580689115626
891.5151953175664 8.678395098670798 -0.02036384681025026 0.012393262673285109
901.2055778753711 8.698431373937689 -0.020224309818596284 0.012311719603985756
910.8959604331758 8.717987340944575 -0.020087020427064197 0.012231347311307924
920.5863429909805 8.737078663806258 -0.019951912951247833 0.01215211909528514
930.2767255486688 8.75572035324324 -0.019818924975339217 0.012074009127595571
939.9671081064735 8.773926800128724 -0.019700175668394528 0.011997240176800922
949.6574906642782 8.791711806971097 -0.01957094062781779 0.0119212861868908
959.3478732220829 8.80908861748492 -0.019463273102970285 0.0118468155091536
969.0382557798875 8.826069944383411 -0.019337412156736563 0.011772919381156231
978.7286383376922 8.842667995518827 -0.019213438033203002 0.011700024934366096
988.4190208954969 8.858894498485538 -0.019091300624864114 0.011628110745111673
998.1094034533016 8.8747607237915 -0.01897095202815541 0.011557156032667538
