-629.874866256956 11.307483656493442 0.0 0.0
-620.1844836991513 11.307483656493442 0.0 0.0
-610.4941011413466 11.307483656493442 0.0 0.0
-600.8037185835419 11.307483656493442 0.0 0.0
-591.1133360257372 11.307483656493442 0.0 0.0
-581.4229534679325 11.307483656493442 0.0 0.0
-571.7325709101278 11.307483656493442 0.0 0.0
-562.0421883523231 11.307483656493442 0.0 0.0
-552.3518057945184 11.307483656493442 0.0 0.0
-542.6614232367137 11.307483656493442 0.0 0.0
-532.9710406790255 11.307483656493442 0.0 0.0
-523.2806581212208 11.307483656493442 0.0 0.0
-513.5902755634161 11.307483656493442 0.0 0.0
-503.8998930056114 11.307483656493442 0.0 0.0
-494.2095104478067 11.307483656493442 0.0 0.0
-484.519127890002 11.307483656493442 0.0 0.0
-474.8287453321973 11.307483656493442 0.0 0.0
-465.1383627743926 11.307483656493442 0.0 0.0
-455.4479802165879 11.307483656493442 0.0 0.0
-445.7575976587832 11.307483656493442 0.0 0.0
-436.0672151009785 11.307483656493442 0.0 0.0
-426.3768325431738 11.307483656493442 0.0 0.0
-416.6864499853691 11.307483656493442 0.0 0.0
-406.9960674275644 11.307483656493442 0.0 0.0
-397.3056848697597 11.307483656493442 0.0 0.0
-387.615302311955 11.307483656493442 0.0 0.0
-377.9249197541503 11.307483656493442 0.0 0.0
-368.2345371963456 11.307483656493442 -6.155428322578853e-05 0.0
-358.54415463854093 11.307483656493442 -6.072145608828511e-05 0.0
-348.85377208085265 11.307483656493442 -5.991086434643386e-05 0.0
-339.16338952304795 11.307483656493442 -5.9121629247010074e-05 0.0
-329.47300696524326 11.307483656493442 -5.835291773973357e-05 0.0
-319.78262440743856 11.307483656493442 -5.760393954417235e-05 0.0
-310.09224184963387 11.307483656493442 -5.6873944439713334e-05 0.0
-300.40185929182917 11.307483656493442 -5.616221975900486e-05 0.0
-290.7114767340245 11.307483656493442 -5.546808806727671e-05 0.0
-281.0210941762198 11.307483656493442 -5.479090501165226e-05 0.0
-271.3307116184151 11.307483656493442 -5.413005732610094e-05 0.0
-261.6403290606104 11.307483656493442 -5.348496097904684e-05 0.0
-251.9499465028057 11.307483656493442 -5.285505945187278e-05 0.0
-242.259563945001 11.307483656493442 -5.2239822137654666e-05 0.0
-232.5691813871963 11.307483656493442 -5.163874285044215e-05 0.0
-222.8787988293916 11.307483656493442 -5.105133843628342e-05 0.0
-213.1884162715869 11.307483656493442 -5.047714747798328e-05 0.0
-203.4980337137822 11.307483656493442 -4.9915729086297404e-05 0.0
-193.8076511559775 11.307483656493442 -4.936666177090657e-05 0.0
-184.1172685981728 11.307483656493442 -4.882954238509542e-05 0.0
-174.42688604036812 11.307483656493442 -0.00018599494288067665 0.0
-164.73650348256342 11.307483656493442 -0.00018359768300594807 0.0
-155.04612092487514 11.307483656493442 -0.00018126206383012637 0.0
-145.35573836707044 11.307483656493442 -0.00038082509079994444 0.0
-135.66535580926575 11.307483656493442 -0.00037584946361742796 0.0
-125.97497325146105 11.307483656493442 -0.0003710029940507628 0.0
-116.28459069365636 11.307483656493442 -0.00036628069227258726 0.0
-106.59420813585166 11.307483656493442 -0.0003616778232468049 0.0
-96.90382557804696 11.307483656493442 -0.0003571898906193081 0.0
-87.21344302024227 11.307483656493442 -0.0005175744660471038 0.0
-77.52306046243757 11.307483656493442 -0.0005110696471269268 0.0
-67.83267790463287 11.307483656493442 -0.0005047273431389748 0.0
-58.14229534682818 11.307483656493442 -0.000498541506468364 0.0
-48.45191278902348 11.307483656493442 -0.0004925063872321308 0.0
-38.761530231218785 11.307483656493442 -0.00048661651511000374 0.0
-29.07114767341409 11.307483656493442 -0.0009182973865682346 0.0
-19.380765115609393 11.307483656493442 -0.0009067151587392674 0.0
-9.690382557804696 11.307483656493442 -0.0011139781827856064 0.0
0.0 11.307483656493442 -0.001100015518551178 0.0
9.690382557804696 8.828707350350964 -0.025463165374496714 0.027563749143885114
19.380765115609393 9.009298853678896 -0.025931488107043706 0.0271914814225346
29.071147673297673 9.139052797521515 -0.025587074527477147 0.026829135176896817
38.76153023110237 9.242533187696854 -0.02525169530045437 0.026476318990258554
48.451912788907066 9.3293540958733 -0.030437491695664662 0.026132661767955794
58.14229534671176 9.404457202924926 -0.030044588256402598 0.02579781143537619
67.83267790451646 9.470776187885406 -0.029661708717049057 0.025471433734814496
77.52306046232115 9.530218572559498 -0.02928847398900431 0.025153211112511474
87.21344302012585 9.584105527215225 -0.028924523875523713 0.02484284168809081
96.90382557793055 9.633395734852643 -0.02856951590853877 0.024540038299363805
106.59420813573524 9.678810222782396 -0.028223124270429382 0.024244527616148585
116.28459069353994 9.720906926308828 -0.027885038793591634 0.023956049317355836
125.97497325134464 9.760127691261756 -0.027554964031326352 0.023674355326133285
135.66535580914933 9.796829217419631 -0.027232618394182808 0.023399209098345704
145.35573836695403 9.831304171695283 -0.026917733346437087 0.02313038496010101
155.04612092475872 9.863796033033475 -0.026610052657873418 0.022867667490423203
164.73650348256342 9.89450980029557 -0.02630933170647586 0.02261085094552279
174.42688604036812 9.923619888197145 -0.02601533682803201 0.022359738721430898
184.1172685981728 9.951276062662396 -0.025727844709005514 0.02211414285204753
193.8076511559775 9.977607978435923 -0.02544664181935426 0.02187388353991049
203.4980337137822 10.002728700471163 -0.02517152388225965 0.021638788717223415
213.1884162714705 10.026737473486998 -0.02490229537799629 0.021408693634893228
222.87879882927518 10.049721926559224 -0.024638769079385097 0.021183440477497893
232.56918138707988 10.071759847164895 -0.024380765616553283 0.020962878002334862
242.25956394488458 10.092920622933065 -0.024128113068805877 0.02074686120075986
251.94994650268927 10.113266423948708 -0.023896059548869423 0.020535250980264253
261.64032906049397 10.132853180344684 -0.02365341217762662 0.02032791386580946
271.33071161829866 10.151731396799063 -0.023415646521979062 0.020124721719073656
281.02109417610336 10.169946835933542 -0.023182616633632802 0.01992555147436981
290.71147673390806 10.187541095462082 -0.02297434398033492 0.019730284890091446
300.40185929171275 10.20455209857064 -0.022750096924513786 0.019538808314631274
310.09224184951745 10.22101451293369 -0.022530188592264418 0.019351012465798952
319.78262440732215 10.236960110649301 -0.02231449417400671 0.019166792222838416
329.47300696512684 10.252418078958213 -0.022102893605674877 0.018986046430213063
339.16338952293154 10.267415289727353 -0.021932972424557537 0.018808677712389237
348.85377208073623 10.281976534195929 -0.021728702024314657 0.018634592298905413
358.54415463854093 10.296124728308289 -0.02152820547245232 0.018463699859066887
368.2345371963456 10.309881093021096 -0.02133137901779582 0.01829591334565351
377.9249197541503 10.325653560742081 -0.02113812268325923 0.018131148847072513
387.615302311955 10.344396431075863 -0.020948340095475748 0.017969325447428585
397.3056848696433 10.362449619489565 -0.02076193832359778 0.01781036509402301
406.996067427448 10.379859042734962 -0.020578827726680914 0.017654192471814475
416.6864499852527 10.39666629809688 -0.02039892180915417 0.017500734884446024
426.3768325430574 10.412909165650607 -0.02022213708383738 0.017349922141404874
436.0672151008621 10.428622040160473 -0.020048392942079888 0.01720168645097618
445.7575976586668 10.4438363043387 -0.019877611530579063 0.017055962318635837
455.4479802164715 10.458580652927285 -0.01970971763448209 0.0169126864505646
465.1383627742762 10.472881375297513 -0.019544638566399673 0.016771797661984764
474.82874533208087 10.486762602864024 -0.019382304060984713 0.01663323679004048
484.51912788988557 10.500246526498788 -0.0192226461747526 0.016496946610961224
494.20951044769026 10.513353588239784 -0.019065599190840932 0.016362871761264563
503.89989300549496 10.526102650871827 -0.01891109952842622 0.01623095866277045
513.5902755632997 10.538511148375534 -0.018759085656533583 0.016101155451213614
523.2806581211044 10.550595219766295 -0.018609498011992485 0.0159734119082541
532.971040678909 10.562369828456813 -0.018462278921307144 0.015847679396698972
542.6614232367137 10.57384886895662 -0.018317372526225173 0.015723910798759334
552.3518057945184 10.585045262457035 -0.018174724712801373 0.015602060457178305
562.0421883523231 10.595971042629522 -0.01803428304376653 0.015482084119075165
571.7325709101278 10.606637432781122 -0.01789599669402246 0.015363938882360744
581.4229534678161 10.617054915355569 -0.01775981638909756 0.015247583144589034
591.1133360256208 10.627233294639067 -0.017625694346395625 0.015132976554108645
600.8037185834255 10.637181753416318 -0.01749358421911456 0.01502007996341449
610.4941011412302 10.646908904232609 -0.017363441042663335 0.014908855384558464
620.1844836990349 10.656422835832931 -0.01723522118347097 0.014799265946533439
629.8748662568396 10.665731155282627 -0.017108882290054812 0.014691275854521738
639.5652488146443 10.674841026213803 -0.016984383246233824 0.014584850350914844
649.255631372449 10.683759203590446 -0.016861684126377972 0.014479955678015216
658.9460139302537 10.692492065340613 -0.016740746152590868 0.014376559042336092
668.6363964880584 10.701045641165292 -0.016621531653728875 0.014274628580420008
678.3267790458631 10.709425638799612 -0.016504004026165288 0.014174133326101157
688.0171616036678 10.717637467972432 -0.01638812769621339 0.014075043179140913
697.7075441614725 10.72568626228434 -0.016273868084127206 0.013977328875169913
707.3979267192772 10.733576899200957 -0.016161191569602794 0.01388096195687342
717.0883092770819 10.741314018338382 -0.01605006545870796 0.013785914746360619
726.7786918348866 10.748902038199484 -0.01594045795217145 0.013692160318661292
736.4690743926913 10.756345171503904 -0.01583233811496697 0.01359967247629667
746.159456950496 10.76364743924043 -0.01572567584713068 0.01350842572487399
755.8498395083006 10.770812683557805 -0.01562044185575412 0.013418395249656979
765.5402220661053 10.77784457959868 -0.015516607628097692 0.013329556893067047
775.2306046237936 10.7847466463714 -0.015414145405773854 0.013241887133073385
784.9209871815983 10.79152225674569 -0.015313028159943516 0.013155363062425093
794.611369739403 10.798174646648599 -0.015213229567497226 0.013069962368702547
804.3017522972077 10.804706923532597 -0.01511472398815247 0.012985663315130465
813.9921348550124 10.81112207417837 -0.015017486442443464 0.012902444722133862
823.6825174128171 10.817422971890498 -0.014921492590556305 0.012820285949597646
833.3728999706218 10.823612383138608 -0.014826718711972957 0.012739166879799748
843.0632825284265 10.829692973691591 -0.014733141685888114 0.012659067900988063
852.7536650862312 10.835667314288287 -0.014640738972365008 0.012579969891573128
862.4440476440359 10.841537885884122 -0.014549488594197748 0.012501854204909745
872.1344302018406 10.847307084509534 -0.014459369119449483 0.012424702654642062
881.8248127596453 10.852977225772992 -0.014370359644637136 0.012348497500587962
891.51519531745 10.858550549038226 -0.014282439778534975 0.012273221435139788
901.2055778752547 10.864029221302975 -0.014195589626570575 0.012198857570159411
910.8959604330594 10.869415340803895 -0.014109789775788006 0.012125389424346858
920.5863429908641 10.874710940370214 -0.014025021280354374 0.012052800911062655
930.2767255486688 10.87991799054674 -0.013941265647586886 0.011981076326584973
939.9671081064735 10.885038402504996 -0.013858504824478755 0.011910200338783572
949.6574906642782 10.890074030759688 -0.013776721184703298 0.011840157976193382
959.3478732219664 10.895026675706033 -0.013695897516077495 0.011770934617472225
969.0382557797711 10.89989808599271 -0.013616017008460378 0.011702515981222036
978.7286383375758 10.904689960742594 -0.013537063242083003 0.011634888116171258
988.4190208953805 10.909403951634397 -0.013459020176273389 0.0115680373916875
998.1094034531852 10.914041664855322 -0.013381872138574809 0.011501950488619496
