-1007.7997860111063 11.304430567647092 -0.0027373662998750633 0.0001353413512978229
-998.1094034533016 11.304338589246886 -0.0027255755933480452 0.00013477073683234415
-988.4190208954969 11.304244990651053 -0.0027813424773427105 0.00013420611851189403
-978.7286383376922 11.304149785933005 -0.0027688806596733112 0.000133647373449617
-969.0382557798875 11.304052990597448 -0.002756560466676716 0.00013309438283147743
-959.3478732220829 11.303954621544237 -0.0027613995720657384 0.00013254703173069514
-949.6574906642782 11.303854697029758 -0.0027491209575777045 0.00013200520893270746
-939.9671081064735 11.303753236626104 -0.0027459983950063405 0.00013169840887157085
-930.2767255486688 11.303650261178305 -0.0027333720700512118 0.00013118419439857163
-920.5863429908641 11.303545792759804 -0.0027279357985850574 0.00013065502222303426
-910.8959604330594 11.30343985462646 -0.00271599587279138 0.00013013105473192694
-901.2055778752547 11.303332471169247 -0.0027041880933490435 0.0001296121935513489
-891.51519531745 11.303223667865916 -0.002692509581504433 0.0001290983433302791
-881.8248127596453 11.303113471231757 -0.002680957561622706 0.00012858941161098138
-872.1344302018406 11.303001908769696 -0.0026891391901969507 0.0001280853087064133
-862.4440476441523 11.302889008919903 -0.002697740351144927 0.00012758594758420922
-852.7536650863476 11.302774801009052 -0.0026860206615902243 0.00012709124375675962
-843.0632825285429 11.302659315199422 -0.002674431399189544 0.00012660111517711478
-833.3728999707382 11.302542582437985 -0.002662969678153391 0.0001261154821402137
-823.6825174129335 11.3024246344056 -0.0026516327178586264 0.000125634267189199
-813.9921348551288 11.302305503466464 -0.002640417837479632 0.0001251573950264774
-804.3017522973241 11.30218522261793 -0.002766987578690082 0.00012468479242924146
-794.6113697395194 11.30206382544081 -0.002754128207712185 0.00012421638816917735
-784.9209871817147 11.301941346050254 -0.00288549714384837 0.0001237521129361271
-775.23060462391 11.301817819047312 -0.0028710072209301753 0.000123291899265448
-765.5402220661053 11.301693279471245 -0.0028567265196691423 0.00012283568146888554
-755.8498395083006 11.301567762752688 -0.0028426489646481063 0.00012238339556872317
-746.159456950496 11.30144130466771 -0.0028287687526375588 0.00012193497923505356
-736.4690743926913 11.301313941292847 -0.0029217134649071673 0.00012149037172596466
-726.7786918348866 11.301185708961158 -0.0029067576189997736 0.00012104951383051197
-717.0883092770819 11.301056644219353 -0.0028920222987458234 0.0001206123478142825
-707.3979267192772 11.300926783786036 -0.0028775010823714874 0.00012017881736744646
-697.7075441614725 11.300796164511102 -0.002863187832100284 0.00011974886755513028
-688.0171616036678 11.300664823336314 -0.002904816836232122 0.00012128219344096941
-678.3267790458631 11.300532797257093 -0.00289014854684723 0.00012083274934775732
-668.6363964881748 11.300400123285522 -0.002875691461388927 0.00012038743577080286
-658.9460139303701 11.300266838414613 -0.0028614396306132018 0.00011994617490408059
-649.2556313725654 11.300132979583822 -0.0034835713395100177 0.00011950889155023779
-639.5652488147607 11.299998583645829 -0.0034610653804133034 0.00011907551298952188
-629.874866256956 11.299863687334584 -0.0034389802443482243 0.00011864596885740564
-620.1844836991513 11.299728327234634 -0.0034173017070410986 0.00011822019103017862
-610.4941011413466 11.299592539751702 -0.0033960162277662043 0.00011779811351787185
-600.8037185835419 11.29945636108453 -0.003375110907586482 0.00011737967236394894
-591.1133360257372 11.299319827197992 -0.003354573450658769 0.00011696480555122829
-581.4229534679325 11.299182973797429 -0.003334392128342419 0.00011655345291357815
-571.7325709101278 11.299045836304215 -0.0033145557458753912 0.00011614555605293425
-562.0421883523231 11.298908449832561 -0.0032950536114044505 0.00011574105826125415
-552.3518057945184 11.298770849167482 -0.003275875507176204 0.00011533990444705152
-542.6614232367137 11.298633068743975 -0.0032570116627137873 0.00011494204106617104
-532.971040678909 11.29849514262733 -0.0032384527298200717 0.00011454741605650484
-523.2806581211044 11.298357104494594 -0.003220189759262783 0.00011415597877637869
-513.5902755632997 11.29821898761715 -0.003202214179009953 0.00011376767994635426
-503.89989300549496 11.298080824844376 -0.003184517773895738 0.0001133824715942019
-494.20951044769026 11.297942648588382 -0.003167092666607299 0.00011300030700284985
-484.519127890002 11.29780449080978 -0.0031499312998930326 0.00011262114066109367
-474.8287453321973 11.29766638300446 -0.0031330264198996555 0.00011224492821687788
-465.1383627743926 11.29752835619139 -0.003116371060557723 0.00011187162643304239
-455.4479802165879 11.297390440901333 -0.003099958528934897 0.00011150119314527513
-445.7575976587832 11.297252667166513 -0.0030837823914899747 0.00011113358722222069
-436.0672151009785 11.297115064511205 -0.00306783646116204 0.00011076876852756187
-426.3768325431738 11.296977661943176 -0.0030521147852357747 0.00011040669788397438
-416.6864499853691 11.296840487945987 -0.0030180019644775193 0.00011156077622650259
-406.9960674275644 11.29670357047212 -0.0030029662571871 0.00011118339562418263
-397.3056848697597 11.296566936936893 -0.002988131377774222 0.00011080920914812094
-387.615302311955 11.296430614213138 -0.0029734924773001984 0.00011043815884417546
-377.9249197541503 11.296294628626628 -0.002959044875986125 0.000110070188731973
-368.2345371963456 11.2961590059522 -0.002944784055665569 0.00010970524470203628
-358.54415463854093 11.296023771410571 -0.0029307056526398927 0.00010934327441995392
-348.85377208073623 11.295888949665812 -0.0029168054509116515 0.00010898422723701798
-339.16338952293154 11.295754564823438 -0.0029030793757730774 0.00010862805410679141
-329.47300696512684 11.295620640429112 -0.002889523487728277 0.00010827470750713292
-319.78262440732215 11.29548719946793 -0.0028761339767291506 0.00010792414136724225
-310.09224184951745 11.295354264364247 -0.0028629071567064287 0.00010757631099933425
-300.40185929182917 11.295221856982039 -0.0028498394603785407 0.00010723117303459367
-290.7114767340245 11.295089998625757 -0.002836927434321164 0.00010688868536305254
-281.0210941762198 11.294958710041678 -0.0028241677342845835 0.00010654880707714985
-271.3307116184151 11.294828011419698 -0.002811557120741525 0.00010621149841864389
-261.6403290606104 11.294697922395555 -0.0027990924546545492 0.0001058767207286655
-251.9499465028057 11.29456846205347 -0.0027867706934496233 0.00010554443640067154
-242.259563945001 11.294439648929183 -0.002774588887184369 0.00010521460883610994
-232.5691813871963 11.294311501013336 -0.0027625441749001265 0.00010488720240257079
-222.8787988293916 11.294184035755228 -0.003982753052451985 0.00030403287980820896
-213.1884162715869 11.294057270066874 -0.003954126695535985 0.00030098271654441667
-203.4980337137822 11.293931220327387 -0.00392608387134063 0.000298008456509219
-193.8076511559775 11.293805902387643 -0.003898603893077739 0.00029510712943842
-184.1172685981728 11.293681331575224 -0.0038716671006422698 0.00029227592022410204
-174.42688604036812 11.293557522699592 -0.004428931187802589 0.0003535532053672948
-164.73650348256342 11.29343449005753 -0.0043951004338391424 0.00034998481021587076
-155.04612092475872 11.293312247438779 -0.004361971755600661 0.00034650221900882014
-145.35573836695403 11.293190808131888 -0.004329520580411217 0.0003431022203728578
-135.66535580914933 11.293070184930242 -0.0042977235236155535 0.0003397817631747936
-125.97497325134464 11.292950390138285 -0.004266558316224372 0.00033653794661371556
-116.28459069365636 11.292831435577874 -0.004236003737836383 0.00033336801104052387
-106.59420813585166 11.292713332594795 -0.004215239325238269 0.00033052115553581607
-96.90382557804696 11.292596092065413 -0.004185721001891373 0.0003274877977219919
-87.21344302024227 11.292479724403421 -0.0041567587006710515 0.00032452089878051986
-77.52306046243757 11.292364239566727 -0.006933645583886171 0.0009982575073847297
-67.83267790463287 11.292249647064404 -0.006867621702990132 0.0009862219882102448
-58.14229534682818 11.292135955963747 -0.006803125099115328 0.0009744929461793142
-48.45191278902348 11.292023174897388 -0.006709133058767818 0.0009630586141287966
-38.761530231218785 11.291911312070484 -0.0066479437223634944 0.0009519078236793738
-29.07114767341409 11.291800375267952 -0.006588110446771503 0.0009410299674795416
-19.380765115609393 11.291690371861753 -0.006529585428971605 0.0009304149642791345
-9.690382557804696 11.2915813088182 -0.006472323144235796 0.0009200532265875241
0.0 11.291473192705308 -0.006416280210376864 0.0009099356306954489
9.690382557804696 2.445326450169256 -0.11261337178651185 0.049054663819631306
19.380765115609393 3.220882263570063 -0.11112094112781103 0.04839297152923618
29.07114767341409 3.790459107029541 -0.10966805233945122 0.04774892044044416
38.761530231218785 4.252302328779985 -0.10825314907463036 0.047121813981369984
48.45191278902348 4.64456672813907 -0.10687475571161342 0.04651099178630059
58.14229534682818 4.986954725898475 -0.10553147218325204 0.04591582737303215
67.83267790463287 5.291266246205232 -0.10422196919906558 0.04533572599677056
77.52306046232115 5.565256303302293 -0.10293949209456985 0.04477012266513675
87.21344302012585 5.814358999586523 -0.10169389777497179 0.04421848030030105
96.90382557793055 6.042565460562371 -0.10047847622570054 0.04368028803577284
106.59420813573524 6.252914420763227 -0.09929214027926733 0.043155059636348546
116.28459069353994 6.447786192108479 -0.09816207301992254 0.04264305968493436
125.97497325134464 6.6290887065764 -0.09703046708807177 0.042142381717732796
135.66535580914933 6.798380552366939 -0.09592499368060342 0.04165334280178174
145.35573836695403 6.956955345251088 -0.09484475455226084 0.04117554154071258
155.04612092475872 7.105901372220345 -0.09378889221562138 0.040708594790371776
164.73650348256342 7.246144860844902 -0.09291792484496926 0.04058956394183703
174.42688604036812 7.3784820785327305 -0.0919061987473641 0.040138650607643746
184.1172685981728 7.503603613241815 -0.09091655841334567 0.03969766536108551
193.8076511559775 7.622113057082418 -0.08994828563237155 0.0392662835582647
203.4980337137822 7.734541602790145 -0.0890006930491589 0.03884419456842699
213.1884162715869 7.84135960258266 -0.08807312252287111 0.03843110102531463
222.8787988293916 7.9429858334890895 -0.08716494358997523 0.038026718126051205
232.5691813871963 8.039795006174483 -0.08627555202320325 0.03763077297407076
242.259563945001 8.132123911111288 -0.08542877646665425 0.03724360166406473
251.9499465028057 8.220276495185617 -0.08457491370013223 0.03686374978077645
261.64032906049397 8.304528089754076 -0.0837381788097996 0.03649158263513195
271.33071161829866 8.385128958861754 -0.08291805944126654 0.03612686915077565
281.02109417610336 8.46230729782578 -0.08211406350706392 0.035769387430226215
290.71147673390806 8.536271783757647 -0.0813257181933891 0.035418924303278615
300.40185929171275 8.607213757964132 -0.08054503352638835 0.03507527490184821
310.09224184951745 8.675309103741908 -0.07978674585111889 0.03473824225944235
319.78262440732215 8.740719870427114 -0.07905374155080234 0.034407891726756415
329.47300696512684 8.803595684747304 -0.0783235731127768 0.03408352799139027
339.16338952293154 8.864074982840918 -0.07760695084280299 0.03376523394779954
348.85377208073623 8.922286090247596 -0.07690349963700699 0.033452840664366504
358.54415463854093 8.978348172353718 -0.07621285813765452 0.03314618542450487
368.2345371963456 9.03237207643938 -0.07553467810860144 0.03284511144328953
377.9249197541503 9.094118337031357 -0.07486862384451191 0.032549467599459106
387.615302311955 9.16635643314036 -0.07421437161173222 0.03225910818182692
397.3056848697597 9.234978205480967 -0.07357160911885699 0.031973892649203764
406.9960674275644 9.300230924173826 -0.07294003501516426 0.0316936854029995
416.6864499853691 9.362340136477721 -0.07231935841522069 0.03141835557172875
426.3768325431738 9.421512029877281 -0.07170929844807797 0.03114777680669947
436.0672151009785 9.477935484725478 -0.07110958382958729 0.03088182708821275
445.7575976586668 9.531783864713205 -0.07051995245646712 0.030620388541651118
455.4479802164715 9.583216584724497 -0.06994015102080223 0.030363347262853016
465.1383627742762 9.632380488698733 -0.06936993464388531 0.030110593152275766
474.82874533208087 9.679411064601336 -0.06880906652814421 0.02986201975737598
484.51912788988557 9.724433519111864 -0.06825731762621937 0.029617524122779473
494.20951044769026 9.767563731022308 -0.06771446632617396 0.029377006647778137
503.89989300549496 9.808909099366987 -0.06718029815193263 0.02914037095074151
513.5902755632997 9.848569299866547 -0.06665460547809601 0.028907523740054626
523.2806581211044 9.88663696125125 -0.06613718725833195 0.028678374691218533
532.971040678909 9.92319827135155 -0.0656278487665948 0.028452836329772517
542.6614232367137 9.958333521442919 -0.06512640135047144 0.02823082391971889
552.3518057945184 9.99211759615575 -0.06463266219599573 0.028012255357150653
562.0421883523231 10.024620415269624 -0.06414645410331364 0.027797051068801256
571.7325709101278 10.055907332871978 -0.06366760527261948 0.02758513391525245
581.4229534679325 10.08603949864778 -0.0631959490998182 0.027376429098552625
591.1133360257372 10.115074185458404 -0.06273132398140219 0.027170864074012903
600.8037185835419 10.14306508684711 -0.06227357312806072 0.026968368465961914
610.4941011413466 10.170062587661194 -0.0618225443865697 0.02676887398725372
620.1844836991513 10.196114010595597 -0.06137809006953543 0.026572314362334974
629.8748662568396 10.221263841129524 -0.060940066792596025 0.02637862525369132
639.5652488146443 10.245553933041213 -0.06050833531867142 0.0261877441914875
649.255631372449 10.269023696429059 -0.06008276040898433 0.025999610506274022
658.9460139302537 10.291710269959468 -0.05966321068041108 0.02581416526456147
668.6363964880584 10.313648678860647 -0.059249558468924546 0.02563135120715334
678.3267790458631 10.334871980020933 -0.05884167969879823 0.02545111269008779
688.0171616036678 10.355411395401871 -0.058439453757295506 0.02527339562806259
697.7075441614725 10.375296434847694 -0.058042763374576166 0.025098147440222034
707.3979267192772 10.39455500925965 -0.05765149450856932 0.024925316998191675
717.0883092770819 10.413213535003411 -0.05726553623457452 0.024754854576252917
726.7786918348866 10.431297030329352 -0.056884780639365466 0.02458671180355523
736.4690743926913 10.44882920450704 -0.05650912271958411 0.024420841618269365
746.159456950496 10.465832540305666 -0.05613846028422312 0.024257198223590334
755.8498395083006 10.482328370390253 -0.05577269386100621 0.02409573704550355
765.5402220661053 10.49833694814837 -0.05541172660648575 0.02393641469223214
775.23060462391 10.513877513412886 -0.0550554642196862 0.023779188915288022
784.9209871817147 10.528968353502366 -0.05470381485913162 0.02362401857205311
794.6113697395194 10.54362685996144 -0.054356689063103286 0.023470863589820874
804.3017522973241 10.557869581348223 -0.05401399967298149 0.023319684931232435
813.9921348550124 10.571712272384088 -0.05367566175953737 0.02317044456104597
823.6825174128171 10.585169939753891 -0.0533415925520193 0.02302310541416941
833.3728999706218 10.598256884815694 -0.053011711369969676 0.022877631364926765
843.0632825284265 10.610986743461835 -0.05268593955757275 0.02273398719746857
852.7536650862312 10.623372523346587 -0.05236420042048209 0.02259213857730248
862.4440476440359 10.635426638680459 -0.052046419164996215 0.02245205202388481
872.1344302018406 10.64716094277299 -0.05173252283948486 0.022313694884228782
881.8248127596453 10.658586758490799 -0.05142244027796954 0.02217703530748585
891.51519531745 10.669714906783646 -0.05111610204576618 0.022042042220458323
901.2055778752547 10.680555733418762 -0.05081344038710257 0.02190868530400384
910.8959604330594 10.69111913405214 -0.050514389174627354 0.02177693497029403
920.5863429908641 10.701414577755125 -0.05021888386073136 0.021646762340891353
930.2767255486688 10.71145112910516 -0.049926861430605624 0.0215181392256101
939.9671081064735 10.721237468940895 -0.04963826035696457 0.021391038102129056
949.6574906642782 10.730781913873974 -0.04935302055636546 0.021265432096324612
959.3478732220829 10.740092434642692 -0.04907108334705881 0.02114129496329503
969.0382557798875 10.749176673386067 -0.04879239140830808 0.02101860106904753
978.7286383376922 10.758041959910974 -0.04851688874111829 0.020897325372821417
988.4190208954969 10.766695327019356 -0.048244520630317686 0.020777443410021575
998.1094034533016 10.775143524957654 -0.04797523360793812 0.02065893127573785
