-1007.7997860111063 11.307483656493442 -0.0001487456856898038 0.0
-998.1094034533016 11.307483656493442 -0.0001473179646590801 0.0
-988.4190208954969 11.307483656493442 -0.0001459230755286844 0.0
-978.7286383376922 11.307483656493442 -0.00014455980258150638 0.0
-969.0382557798875 11.307483656493442 -0.00015753289874615033 0.0
-959.3478732220829 11.307483656493442 -0.00015603518739078207 0.0
-949.6574906642782 11.307483656493442 -0.00015457100184707476 0.0
-939.9671081064735 11.307483656493442 -0.0001531391424637316 0.0
-930.2767255486688 11.307483656493442 -0.000151738467755777 0.0
-920.5863429908641 11.307483656493442 -0.00015036789088522412 0.0
-910.8959604330594 11.307483656493442 -0.00014902637639527188 0.0
-901.2055778752547 11.307483656493442 -0.00014771293717693226 0.0
-891.5151953175664 11.307483656493442 -0.00015423786514445138 0.0
-881.8248127597617 11.307483656493442 -0.00016317323327355172 8.283609993197032e-08
-872.134430201957 11.307483656493442 -0.00016169565554698418 8.170668588541818e-08
-862.4440476441523 11.307483656493442 -0.0001602490999387614 8.060765517191482e-08
-852.7536650863476 11.307483656493442 -0.00015883252769786435 7.953779801216745e-08
-843.0632825285429 11.307483656493442 -0.00017463215072467873 7.849596801211471e-08
-833.3728999707382 11.307483656493442 -0.00017303826597064176 7.748107806565701e-08
-823.6825174129335 11.307483656493442 -0.00017147782622827393 7.649209657066707e-08
-813.9921348551288 11.307483656493442 -0.00017901808548147338 7.55280439314775e-08
-804.3017522973241 11.307483656493442 -0.00017739878812267365 7.458798932215021e-08
-794.6113697395194 11.307483656493442 -0.00017581299937378361 7.367104768893618e-08
-784.9209871817147 11.307483656493442 -0.00017425961799467075 7.277637697099283e-08
-775.23060462391 11.307483656493442 -0.0001727375920135315 7.190317552094323e-08
-765.5402220661053 11.307483656493442 -0.00017124591595350168 7.105067970938166e-08
-755.8498395083006 11.307483656493442 -0.00016978362824682824 7.02181616973764e-08
-746.159456950496 11.307483656493442 -0.0001683498088218195 6.940492736391278e-08
-736.4690743926913 11.307483656493442 -0.00016694357684911954 6.861031437593967e-08
-726.7786918348866 11.307483656493442 -0.0001655640886350477 6.783369038895013e-08
-717.0883092770819 11.307483656493442 -0.00016421053565081838 6.707445136893075e-08
-707.3979267193936 11.307483656493442 -0.00016288214268744394 6.633202002564306e-08
-697.7075441615889 11.307483656493442 -0.00017484611366084925 6.560584434835808e-08
-688.0171616037842 11.307483656493442 -0.00017338678598812626 6.489539623754682e-08
-678.3267790459795 11.307483656493442 -0.00017195524426319672 6.42001702237482e-08
-668.6363964881748 11.307483656493442 -0.00017055064232974858 6.351968226829816e-08
-658.9460139303701 11.307483656493442 -0.00016917216946238874 6.28534686396665e-08
-649.2556313725654 11.307483656493442 -0.0001678190484802945 6.220108485919793e-08
-639.5652488147607 11.307483656493442 -0.0001664905339827652 6.156210471261792e-08
-629.874866256956 11.307483656493442 -0.00016518591069740248 6.09361193211386e-08
-620.1844836991513 11.307483656493442 -0.00016390449193246255 6.032273626907481e-08
-610.4941011413466 11.307483656493442 -0.00016264561812564946 5.972157878358715e-08
-600.8037185835419 11.307483656493442 -0.0001614086554822833 5.913228496274155e-08
-591.1133360257372 11.307483656493442 -0.0001601929946963687 5.8554507049132625e-08
-581.4229534679325 11.307483656493442 -0.00025078201835260927 5.79879107455081e-08
-571.7325709101278 11.307483656493442 -0.0002483601441392001 5.743217456976148e-08
-562.0421883523231 11.307483656493442 -0.00024599131337886944 5.688698924669848e-08
-552.3518057945184 11.307483656493442 -0.00024367367661839315 5.635205713406818e-08
-542.6614232367137 11.307483656493442 -0.00024140547283463748 5.582709168083361e-08
-532.971040678909 11.307483656493442 -0.0002391850240797874 5.5311816915137943e-08
-523.2806581212208 11.307483656493442 -0.00025115187120266363 5.4805966960680645e-08
-513.5902755634161 11.307483656493442 -0.000248830996385817 5.4309285579191867e-08
-503.8998930056114 11.307483656493442 -0.0002465583952543154 5.3821525737719634e-08
-494.2095104478067 11.307483656493442 -0.00024433247444446575 5.334244919883239e-08
-484.519127890002 11.307483656493442 -0.00024215171261306447 5.287182613267213e-08
-474.8287453321973 11.307483656493442 -0.00024001465631683701 5.240943474927041e-08
-465.1383627743926 11.307483656493442 -0.00024484194565707205 5.195506095017102e-08
-455.4479802165879 11.307483656493442 -0.00024269439678553016 5.150849799762047e-08
-445.7575976587832 11.307483656493442 -0.00024058907139776897 5.106954620123751e-08
-436.0672151009785 11.307483656493442 -0.0002385246525383365 5.063801261998527e-08
-426.3768325431738 11.307483656493442 -0.0002499139635703231 5.0213710779593325e-08
-416.6864499853691 11.307483656493442 -0.00024774511368796855 4.9796460403830434e-08
-406.9960674275644 11.307483656493442 -0.00024561844531287026 4.93860871590743e-08
-397.3056848697597 11.307483656493442 -0.00024353265446534723 4.8982422411434724e-08
-387.615302311955 11.307483656493442 -0.00024148649258418122 4.8585302995807004e-08
-377.9249197541503 11.307483656493442 -0.0002394787635308214 4.819457099589111e-08
-368.2345371963456 11.307483656493442 -0.0002375083207899283 4.781007353478971e-08
-358.54415463854093 11.307483656493442 -0.00023557406485115752 4.7431662575638855e-08
-348.85377208073623 11.307483656493442 -0.00023367494075841357 4.705919473155894e-08
-339.16338952304795 11.307483656493442 -0.00023180993581402588 4.6692531084457436e-08
-329.47300696524326 11.307483656493442 -0.00022997807742622468 4.633153701234261e-08
-319.78262440743856 11.307483656493442 -0.0002281784310897389 4.5976082024501494e-08
-310.09224184963387 11.307483656493442 -0.00022641009848943977 4.5626039604174477e-08
-300.40185929182917 11.307483656493442 -0.0002778301874540681 4.5281287058501696e-08
-290.7114767340245 11.307483656493442 -0.0002753985448393619 4.4941705375094685e-08
-281.0210941762198 11.307483656493442 -0.0002730151441489853 4.460717908514427e-08
-271.3307116184151 11.307483656493442 -0.0002706784431044497 4.42775961323134e-08
-261.6403290606104 11.307483656493442 -0.00026838696807015785 4.3952847747794465e-08
-251.9499465028057 11.307483656493442 -0.0002661393101295039 4.363282833049334e-08
-242.259563945001 11.307483656493442 -0.0002639341214346843 4.331743533270803e-08
-232.5691813871963 11.307483656493442 -0.0002617701118077339 4.3006569150329926e-08
-222.8787988293916 11.307483656493442 -0.00025964604557242234 4.27001330181951e-08
-213.1884162715869 11.307483656493442 -0.0002575607385985418 4.239803290945484e-08
-203.4980337137822 11.307483656493442 -0.0002555130555418079 4.2100177439646985e-08
-193.8076511559775 11.307483656493442 -0.00025350190726412364 4.180647777424447e-08
-184.1172685981728 11.307483656493442 -0.00025152624842031786 4.151684754055228e-08
-174.42688604036812 11.307483656493442 -0.0002495850751986969 4.123120274284538e-08
-164.73650348256342 11.307483656493442 -0.00024767742320385794 4.094946168130914e-08
-155.04612092475872 11.307483656493442 -0.00024580236547120537 4.067154487399225e-08
-145.35573836707044 11.307483656493442 -0.00024395901060353574 4.0397374982201996e-08
-135.66535580926575 11.307483656493442 -0.00024214650102071596 4.012687673860618e-08
-125.97497325146105 11.307483656493442 -0.0002403640113146797 3.985997687836302e-08
-116.28459069365636 11.307483656493442 -0.000238610746701857 3.9596604073116526e-08
-106.59420813585166 11.307483656493442 -0.00023688594156653906 3.933668886726856e-08
-96.90382557804696 11.307483656493442 -0.0002351888580887578 3.908016361694222e-08
-87.21344302024227 11.307483656493442 -0.00023351878495091812 3.8826962431407746e-08
-77.52306046243757 11.307483656493442 -0.00023187503611785476 3.857702111645623e-08
-67.83267790463287 11.307483656493442 -0.00023025694968539678 3.833027712039857e-08
-58.14229534682818 11.307483656493442 -0.00022866388679290507 3.8086669481663696e-08
-48.45191278902348 11.307483656493442 -0.00022709523059559114 3.7846138778627094e-08
-38.761530231218785 11.307483656493442 -0.000250469799522949 3.760862708133668e-08
-29.07114767341409 11.307483656493442 -0.0002790076249205902 3.7374077905023816e-08
-19.380765115609393 11.307483656493442 -0.000276764315537814 3.714243616520953e-08
-9.690382557804696 11.307483656493442 -0.0002745630349424175 3.691364813468112e-08
0.0 8.521971590861467 -0.022749240774379387 0.02966707152597276
9.690382557804696 8.766467830666514 -0.022441669986705333 0.029263910198623334
19.380765115609393 8.925178265908368 -0.022142328008542416 0.028871559503620945
29.07114767341409 9.047187141592147 -0.021850888615723523 0.02848959036852639
38.76153023110237 9.14757882831614 -0.021567042611222737 0.02811759613085502
48.451912788907066 9.23337152759479 -0.021818195943373482 0.02784690519419674
58.14229534671176 9.308501742290558 -0.02154153596276843 0.027492483393042638
67.83267790451646 9.375435756665553 -0.026187039613654744 0.029411873868377975
77.52306046232115 9.435837378301438 -0.025857332915072553 0.02904421002837466
87.21344302012585 9.49089038273247 -0.025535854324146068 0.028685630154450636
96.90382557793055 9.541471556171459 -0.025222298958985003 0.028335801485111937
106.59420813573524 9.588251076610216 -0.024916376842501 0.02799440732623837
116.28459069353994 9.631754344794775 -0.024617812001181554 0.027661146092224965
125.97497325134464 9.672401933593344 -0.02432634162857039 0.02733573041502882
135.66535580914933 9.710536426301758 -0.024087528535563958 0.02701788631557206
145.35573836695403 9.746441042183303 -0.023808881729768524 0.026707352432464467
155.04612092475872 9.780352922752716 -0.023551974616926673 0.02640486437939176
164.73650348256342 9.812472835567421 -0.02328568920319291 0.026108200330815685
174.42688604036812 9.84297240803895 -0.026278111193895445 0.025818131536148706
184.1172685981728 9.871999617538105 -0.025979616024731502 0.02553444037216581
193.8076511559775 9.899683024668407 -0.02579888228803295 0.02526513676519865
203.4980337137822 9.926135083811056 -0.025512173641746037 0.02499347448960289
213.1884162715869 9.951454765014365 -0.02523181473735525 0.024727594770728754
222.87879882927518 9.975729654287763 -0.024957595529161002 0.024467314835872472
232.56918138707988 9.999037653539844 -0.024689315196664095 0.02421245953850461
242.25956394488458 10.021448369477056 -0.02442678164013779 0.02396286096443558
251.94994650268927 10.043024258183882 -0.024169811009144514 0.023718358062122104
261.64032906049397 10.06382157583822 -0.023918227261540175 0.023478796295447496
271.33071161829866 10.083891174167169 -0.023671861750657032 0.02324402731738029
281.02109417610336 10.103279170490355 -0.02343055283857478 0.023013908663062962
290.71147673390806 10.122027515654723 -0.023194145533563613 0.022788303460993694
300.40185929171275 10.140174478220818 -0.022962491149943177 0.0225670801610681
310.09224184951745 10.157755059487446 -0.02273544698874658 0.02235011227834339
319.78262440732215 10.174801351035141 -0.022512876037710523 0.02213727815147396
329.47300696512684 10.191342844209652 -0.02304200519538963 0.02192846071484722
339.16338952293154 10.207406699196879 -0.022817905435395407 0.02172354728352114
348.85377208073623 10.223017979943117 -0.022598167813826595 0.021522429350131923
358.54415463854093 10.238199860063077 -0.022382664818550474 0.02132500239300136
368.2345371963456 10.252973803988274 -0.022171273919303788 0.02113116569472931
377.9249197541503 10.273392097690344 -0.0219638773234181 0.020940822170608973
387.615302311955 10.293436619778277 -0.0217545805565314 0.020754020241939373
397.3056848697597 10.312767327839689 -0.021710950577589816 0.020582283022195134
406.996067427448 10.331429924022872 -0.021512841695942257 0.020401707746659815
416.6864499852527 10.349465849207395 -0.021318353145711844 0.020224274851424244
426.3768325430574 10.36691277907667 -0.02113062950197205 0.020050161922422125
436.0672151008621 10.383805051238378 -0.02126014163606238 0.01991244014775071
445.7575976586668 10.400174034666675 -0.021108764812532523 0.019743497496876674
455.4479802164715 10.416048450620622 -0.020923065741081354 0.019577400320052448
465.1383627742762 10.431454652516537 -0.02074064992294073 0.019414077227765596
474.82874533208087 10.446416870902096 -0.020561429691546423 0.01925345920358763
484.51912788988557 10.460957428616291 -0.020385320531826318 0.01909547950609599
494.20951044769026 10.475096930363534 -0.020212240936721644 0.018940073575640724
503.89989300549496 10.488854430237135 -0.020042112271676495 0.018787178945677246
513.5902755632997 10.502247580163086 -0.019874858646569536 0.018636735158404923
523.2806581211044 10.515292761773024 -0.019710406794602096 0.018488683684468044
532.971040678909 10.528005203834619 -0.019548685957693723 0.01834296784649179
542.6614232367137 10.540399087053057 -0.01938962777797049 0.01819953274623994
552.3518057945184 10.55248763779532 -0.019233166194961505 0.01805832519519482
562.0421883523231 10.564283212070436 -0.019079237348147874 0.01791929364837269
571.7325709101278 10.5757973709152 -0.01892777948453389 0.017782388141199017
581.4229534679325 10.587040948180265 -0.018778732870933863 0.017647560229279238
591.1133360256208 10.598024111580285 -0.01863203971069182 0.017514762930912305
600.8037185834255 10.60875641776158 -0.018631270443599655 0.017383950672192314
610.4941011412302 10.619246862042814 -0.018487160063558248 0.01725507923458594
620.1844836990349 10.629503923407674 -0.018345293266383737 0.01712810570482566
629.8748662568396 10.639535605253815 -0.018205617151344913 0.017002988427022178
639.5652488146443 10.649349472344918 -0.018068080505505617 0.01687968695687318
649.255631372449 10.658952684359479 -0.017932633734960735 0.01675816201786306
658.9460139302537 10.668352026384927 -0.01779922879953271 0.016638375459353184
668.6363964880584 10.677553936665976 -0.017667819150717787 0.016520290216467927
678.3267790458631 10.686564531881933 -0.017538359672686632 0.01640387027168689
688.0171616036678 10.695389630197253 -0.017410806626158036 0.01628908061805927
697.7075441614725 10.704034772303414 -0.01728511759497698 0.016175887223960576
707.3979267192772 10.712505240646632 -0.017419114891288227 0.016064256999316757
717.0883092770819 10.720806077015563 -0.017293546973637042 0.015954157763224668
726.7786918348866 10.728942098644906 -0.017216028744180274 0.015845558212901865
736.4690743926913 10.73691791297469 -0.017093463976133573 0.015738427893902375
746.159456950496 10.744737931190881 -0.01697267200949339 0.01563273717153844
755.8498395083006 10.752406380660117 -0.0168536134044504 0.015528457203451609
765.5402220661053 10.759927316360145 -0.0167362499365411 0.01542555991327941
775.23060462391 10.767304631397488 -0.016620544547297264 0.015324017965366865
784.9209871815983 10.774542066694732 -0.016506461297462242 0.015223804740475844
794.611369739403 10.781643219922428 -0.016393965322599104 0.01512489431243952
804.3017522972077 10.788611553741516 -0.016283022790957797 0.015027261425736611
813.9921348550124 10.795450403418897 -0.016173600863432277 0.014930881473920427
823.6825174128171 10.802162983869737 -0.016065667655497638 0.014835730478881887
833.3728999706218 10.808752396176933 -0.01595919220099797 0.014741785070902366
843.0632825284265 10.815221633632675 -0.01585414441767469 0.014649022469462463
852.7536650862312 10.821573587343115 -0.0157504950743315 0.01455742046477355
862.4440476440359 10.827811051433164 -0.015648215759539917 0.014466957400000462
872.1344302018406 10.833936727885172 -0.015547278851795979 0.01437761215414519
881.8248127596453 10.839953231042083 -0.015447657491045128 0.0142893641255632
891.51519531745 10.845863091802888 -0.015349325551497843 0.014202193216085108
901.2055778752547 10.851668761535665 -0.01525225761566413 0.01411607981571796
910.8959604330594 10.857372615731316 -0.015156428949539561 0.014031004787901546
920.5863429908641 10.862976957418828 -0.015061815478880221 0.013946949455296315
930.2767255486688 10.868484020361366 -0.014968393766507918 0.013863895586080695
939.9671081064735 10.873895972050443 -0.014876140990590868 0.01378182538073663
949.6574906642782 10.879214916514169 -0.01478503492384853 0.013700721459303027
959.3478732220829 10.884442896954038 -0.014695053913632617 0.013620566849078036
969.0382557797711 10.889581898223517 -0.014606176862840145 0.013541344972752611
978.7286383375758 10.89463384916076 -0.014518383211609974 0.013463039636952273
988.4190208953805 10.899600624785785 -0.014431652919779093 0.013385635021184575
