-1007.7997860111063 11.307483656493439 -8.143022224715899e-05 2.8221924426596618e-08
-998.1094034533016 11.307483656493439 -8.082177443976438e-05 2.7940673572013873e-08
-988.4190208954969 11.307483656493439 -8.022383551933775e-05 2.7664973119637115e-08
-978.7286383376922 11.307483656493439 -7.963611247376244e-05 2.7394660371594676e-08
-969.0382557798875 11.307483656493439 -0.00010829156651516269 2.7129578927061106e-08
-959.3478732220829 11.307483656493439 -0.00010732624464403738 2.686957838133686e-08
-949.6574906642782 11.307483656493439 -0.00010638097384811865 2.6614514040161023e-08
-939.9671081064735 11.307483656493439 -0.00010545508041838041 2.63642466520218e-08
-930.2767255486688 11.307483656493439 -0.00010454792196299548 2.6118642154073727e-08
-920.5863429908641 11.307483656493439 -0.00010365888555287153 2.5877571433558996e-08
-910.8959604331758 11.307483656493439 -0.00011237653584146053 2.5640910100504458e-08
-901.2055778753711 11.307483656493439 -0.00011139235394770552 2.540853827386275e-08
-891.5151953175664 11.307483656493439 -0.00011042807510538665 2.5180340379742268e-08
-881.8248127597617 11.307483656493439 -0.00010948305154725896 2.4956204958907074e-08
-872.134430201957 11.307483656493439 -0.00010855666458613044 2.4736024485931974e-08
-862.4440476441523 11.307483656493439 -0.00010764832295518662 2.4519695196434897e-08
-852.7536650863476 11.307483656493439 -0.00011137335431413484 2.4307116924663415e-08
-843.0632825285429 11.307483656493439 -0.00011043688458911489 2.40981929488333e-08
-833.3728999707382 11.307483656493439 -0.00010951850839084746 2.3892829843785452e-08
-823.6825174129335 11.307483656493439 -0.0001086176635037307 2.3690937342370644e-08
-813.9921348551288 11.307483656493439 -0.00011651763887247598 2.3492428202851606e-08
-804.3017522973241 11.307483656493439 -0.00011553075016141534 2.3297218083081356e-08
-794.6113697395194 11.307483656493439 -0.00011456305427004697 2.3105225421295172e-08
-784.9209871817147 11.307483656493439 -0.00011361395038246676 2.291637132232358e-08
-775.23060462391 11.307483656493439 -0.00011268286369460912 2.2730579449714225e-08
-765.5402220661053 11.307483656493439 -0.00011176924397758082 2.254777592235321e-08
-755.8498395083006 11.307483656493439 -0.00011087256423733565 2.236788921683268e-08
-746.159456950496 11.307483656493439 -0.00010999231946310414 2.2190850074534692e-08
-736.4690743926913 11.307483656493439 -0.00010912802545767788 2.2016591411913502e-08
-726.778691835003 11.307483656493439 -0.00010827921774327165 2.1845048236415667e-08
-717.0883092771983 11.307483656493439 -0.00010744545053717105 2.1676157565164896e-08
-707.3979267193936 11.307483656493439 -0.0001066262957920827 2.1509858348200527e-08
-697.7075441615889 11.307483656493439 -0.0001058213422961992 2.1346091394914418e-08
-688.0171616037842 11.307483656493439 -0.00012932805596668862 2.1184799303550694e-08
-678.3267790459795 11.307483656493439 -0.0001282196870074517 2.102592639428337e-08
-668.6363964881748 11.307483656493439 -0.00012713325663148871 2.086941864516711e-08
-658.9460139303701 11.307483656493439 -0.00012606806017967238 2.071522363077138e-08
-649.2556313725654 11.307483656493439 -0.0001250234245377132 2.0563290463769058e-08
-639.5652488147607 11.307483656493439 -0.0001239987063242244 2.0413569738720553e-08
-629.874866256956 11.307483656493439 -0.0001229932902056013 2.0266013478893686e-08
-620.1844836991513 11.307483656493439 -0.00012200658732727667 2.0120575084493037e-08
-610.4941011413466 11.307483656493439 -0.00012103803385189946 1.997720928419611e-08
-600.8037185835419 11.307483656493439 -0.00012008708959586376 1.9835872087556848e-08
-591.1133360257372 11.307483656493439 -0.0001191532367564026 1.9696520740499152e-08
-581.4229534679325 11.307483656493439 -0.00011823597872216932 1.955911368181325e-08
-571.7325709101278 11.307483656493439 -0.00011733483896086175 1.942361050222708e-08
-562.0421883523231 11.307483656493439 -0.00011644935997801698 1.9289971904345006e-08
-552.3518057945184 11.307483656493439 -0.0001155791023416164 1.9158159665080225e-08
-542.6614232367137 11.307483656493439 -0.00011472364376760531 1.90281365988732e-08
-532.9710406790255 11.307483656493439 -0.0001138825782618578 1.8899866522888772e-08
-523.2806581212208 11.307483656493439 -0.00011305551531442756 1.8773314223324584e-08
-513.5902755634161 11.307483656493439 -0.00011224207914247586 1.8648445423400002e-08
-503.8998930056114 11.307483656493439 -0.0001114419079782271 1.8525226752266625e-08
-494.2095104478067 11.307483656493439 -0.00011065465339893586 1.840362571503009e-08
-484.519127890002 11.307483656493439 -0.00010987997969589237 1.8283610664723447e-08
-474.8287453321973 11.307483656493439 -0.00010911756327979683 1.8165150774361854e-08
-465.1383627743926 11.307483656493439 -0.00010836709212003317 1.80482160108404e-08
-455.4479802165879 11.307483656493439 -0.00010762826521556654 1.7932777109374047e-08
-445.7575976587832 11.307483656493439 -0.00010690079209536336 1.781880554913018e-08
-436.0672151009785 11.307483656493439 -0.00010618439234639355 1.770627352980984e-08
-426.3768325431738 11.307483656493439 -0.0001181933659562393 1.7595153948933703e-08
-416.6864499853691 11.307483656493439 -0.00013208632816247897 1.7485420380185116e-08
-406.9960674275644 11.307483656493439 -0.0001310319446802792 1.7377047052322386e-08
-397.3056848697597 11.307483656493439 -0.00012999747899679955 1.727000882912103e-08
-387.615302311955 11.307483656493439 -0.00030701349620993097 1.716428118996656e-08
-377.9249197541503 11.307483656493439 -0.000303597653209797 1.7059840210935156e-08
-368.2345371963456 11.307483656493439 -0.0003002648043621261 1.6956662546931426e-08
-358.54415463854093 11.307483656493439 -0.0002970118273285724 1.6854725414178554e-08
-348.85377208085265 11.307483656493439 -0.0002938357577416885 1.6754006573629996e-08
-339.16338952304795 11.307483656493439 -0.0011747947984977836 1.6654484314435405e-08
-329.47300696524326 11.307483656493439 -0.0011598061791177367 1.655613743884311e-08
-319.78262440743856 11.307483656493439 -0.001477971374950717 1.6458945246560506e-08
-310.09224184963387 11.307483656493439 -0.0014592292542550652 1.6362887520849148e-08
-300.40185929182917 11.307483656493439 -0.001440966733619093 1.626794451394225e-08
-290.7114767340245 11.307483656493439 -0.0014231654807931055 1.6174096933844508e-08
-281.0210941762198 11.307483656493439 -0.0014058080898433911 1.6081325931186158e-08
-271.3307116184151 11.307483656493439 -0.001388878023242558 1.5989613086646228e-08
-261.6403290606104 11.307483656493439 -0.001372359558256826 1.589894039859263e-08
-251.9499465028057 11.307483656493439 -0.0013630275786192067 1.580929027161673e-08
-242.259563945001 11.307483656493439 -0.0013471954168407553 1.5720645504607115e-08
-232.5691813871963 11.307483656493439 -0.0015673281011706166 6.435951254888926e-05
-222.8787988293916 11.307483656493439 -0.00154901109432801 6.348149968960038e-05
-213.1884162715869 11.307483656493439 -0.001660489741049653 6.262712265384996e-05
-203.4980337137822 11.307483656493439 -0.0016412740650752118 6.179543968220448e-05
-193.8076511559775 11.307483656493439 -0.0059600294997980315 0.0023306949550190585
-184.1172685981728 11.307483656493439 -0.00588316624174799 0.0022992787434601347
-174.42688604036812 11.307483656493439 -0.0058082799764467875 0.002268698243842561
-164.73650348267984 11.307483656493439 -0.00573529494698907 0.002238920546013802
-155.04612092487514 11.307483656493439 -0.0056641392345873134 0.002209914445488064
-145.35573836707044 11.307483656493439 -0.005594744517749591 0.002181650334356418
-135.66535580926575 11.307483656493439 -0.005527045849405566 0.002154100100460628
-125.97497325146105 11.307483656493439 -0.005460981450447568 0.0021272370341143413
-116.28459069365636 11.307483656493439 -0.005396492518285657 0.002101035741718687
-106.59420813585166 11.307483656493439 -0.00533352304915608 0.002075472065685336
-96.90382557804696 11.307483656493439 -0.005272019673041608 0.0020505230101361587
-87.21344302024227 11.307483656493439 -0.005211931500169308 0.002026166671899032
-77.52306046243757 11.307483656493439 -0.005153209978147501 0.0020023821763646256
-67.83267790463287 11.307483656493439 -0.005095808758889571 0.0019791496178091605
-58.14229534682818 11.307483656493439 -0.005112046283189656 0.001956450003824627
-48.45191278902348 11.307483656493439 -0.005056178301193386 0.0019342652035303357
-38.761530231218785 11.307483656493439 -0.005001529609209812 0.0019125778992689446
-29.07114767341409 11.307483656493439 -0.00494806049047942 0.0018913715415165011
-19.380765115609393 11.307483656493439 -0.0048957329423207595 0.0018706303067597295
-9.690382557804696 11.307483656493439 -0.004844510584299996 0.0018503390581152113
0.0 11.307483656493439 -0.00479085844399482 0.0018305502194886749
9.690382557804696 2.630612327840087 -0.01896892138523622 0.05581281163217415
19.380765115492977 3.392205899579147 -0.018728564906490823 0.05506390260021395
29.071147673297673 3.951953787540843 -0.018494310156345735 0.0543348561368765
38.76153023110237 4.405787496281111 -0.018267253293061638 0.053625003351525806
48.451912788907066 4.791085121291395 -0.023009377376973415 0.05293337860318363
58.14229534671176 5.12719343792885 -0.022745263278034857 0.052259392834904106
67.83267790451646 5.42572218583535 -0.022467425756486026 0.05160237899692411
77.52306046232115 5.694314298589243 -0.022196376606596114 0.05096170328439242
87.21344302012585 5.938333074263045 -0.021931867784368057 0.05033676309034496
96.90382557793055 6.161722389570955 -0.021673663269517 0.04972698510817244
106.59420813573524 6.3674879441633445 -0.02142153834165687 0.049131823570991655
116.28459069353994 6.55798596583019 -0.02117527890837798 0.0485507586165289
125.97497325134464 6.735106134749826 -0.020934680880912 0.04798329476719496
135.66535580914933 6.900392698162721 -0.0206995495934846 0.04742895951599029
145.35573836695403 7.055127620282376 -0.020469699262818362 0.04688730200973827
155.04612092475872 7.200389429661798 -0.020244952484572767 0.04635789182191691
164.73650348256342 7.337095958522825 -0.020025139763799615 0.04584031780805305
174.42688604036812 7.466036082995577 -0.019810099076754146 0.045334187037267874
184.1172685981728 7.587893756973823 -0.01959967546163758 0.0448391237941252
193.8076511559775 7.703266523723829 -0.019393720636059583 0.044354768645442404
203.4980337136658 7.812679991066913 -0.019192092639202917 0.04388077756718778
213.1884162714705 7.916599303716582 -0.019047048576132868 0.043416821126963746
222.87879882927518 8.015438346156735 -0.01885295770004507 0.042962583718070005
232.56918138707988 8.109567205852944 -0.018662821668172996 0.04251776284128204
242.25956394488458 8.19931828564348 -0.01847651989515068 0.04208206843098923
251.94994650268927 8.284991354947712 -0.018293936679107954 0.041655222222496756
261.64032906049397 8.366857758389283 -0.018114960955649215 0.041236957157591334
271.33071161829866 8.445163948836854 -0.017939486066622403 0.04082701682569669
281.02109417610336 8.520134473877752 -0.017767409542647224 0.04042515493815658
290.71147673390806 8.591974516422315 -0.017598632898453016 0.040031134833375816
300.40185929171275 8.660872068784837 -0.01743306144015145 0.03964472901072575
310.09224184951745 8.726999803315524 -0.01727060408363669 0.03926571869128162
319.78262440732215 8.790516690135624 -0.017193084769455975 0.038893893403606154
329.47300696512684 8.851569402802113 -0.017035489022028363 0.038529050592928306
339.16338952293154 8.910293545109687 -0.016893329263544303 0.0381709952521893
348.85377208073623 8.966814726221893 -0.016741263824568458 0.037819539573541366
358.54415463854093 9.021249506537089 -0.016591937394346987 0.03747450261898791
368.2345371963456 9.073706232860166 -0.01644527603880207 0.037135710008949135
377.9249197541503 9.132008101291277 -0.01630120848064143 0.03680299362762507
387.615302311955 9.202004615522606 -0.016159665980223864 0.03647619134410773
397.3056848696433 9.268524188418471 -0.016020582222827873 0.03615514674827263
406.996067427448 9.33180565607342 -0.015883893211912213 0.035839708900520816
416.6864499852527 9.392066467589169 -0.015749537168021414 0.03552973209458674
426.3768325430574 9.449505085125809 -0.015617454432956684 0.035225075632549854
436.0672151008621 9.504303056919412 -0.015487587378916022 0.03492560361137699
445.7575976586668 9.556626815891338 -0.015359880322294028 0.03463118472029066
455.4479802164715 9.606629246715267 -0.015234279441864649 0.034341692048331235
465.1383627742762 9.654451056493906 -0.015110732701087263 0.034057002901519494
474.82874533208087 9.700221978049097 -0.014989189774293943 0.03377699862906526
484.51912788988557 9.744061829894505 -0.014869601976532329 0.03350156445810392
494.20951044769026 9.786081452973823 -0.01475192219685302 0.03323058933647662
503.89989300549496 9.826383541006706 -0.014636104834844817 0.03296396578310066
513.5902755632997 9.86506337863487 -0.014522105740233509 0.032701589745506056
523.2806581211044 9.902209499382103 -0.014409882155372186 0.03244336046414081
532.971040678909 9.937904273641166 -0.014299392660461856 0.03218918034307258
542.6614232367137 9.972224435404849 -0.014190597121351465 0.03193895482673745
552.3518057945184 10.005241555210318 -0.014083456639776013 0.03169259228240851
562.0421883523231 10.037022465719657 -0.013977933505900141 0.03145000388807674
571.7325709101278 10.06762964547885 -0.013873991153042938 0.03121110352545544
581.4229534678161 10.097121565652902 -0.013771594114468424 0.030975807677840063
591.1133360256208 10.125553003905862 -0.01367070798212495 0.0307440353325515
600.8037185834255 10.152975329049577 -0.01357129936724882 0.03051570788776538
610.4941011412302 10.179436759638115 -0.013473335862710902 0.03029074906344547
620.1844836990349 10.204982599278749 -0.013376786007033707 0.030069084816211265
629.8748662568396 10.229655451099243 -0.013281619249985895 0.029850643257922912
639.5652488146443 10.253495413516934 -0.013187805919674899 0.029635354577797896
649.255631372449 10.276540259202717 -0.013095317191061667 0.02942315096788197
658.9460139302537 10.298825598914144 -0.01300412505582619 0.029213966551707143
668.6363964880584 10.320385031681349 -0.012914202293516183 0.02900773731597841
678.3267790458631 10.341250282663415 -0.012825522443915516 0.028804401045140666
688.0171616036678 10.361451329847677 -0.012738059780572315 0.028603897258684723
697.7075441614725 10.38101652063731 -0.012651789285430102 0.028406167151059807
707.3979267192772 10.399972679260935 -0.01256668662450858 0.028211153534066693
717.0883092770819 10.418345205839728 -0.012482728124583444 0.02801880078161305
726.7786918348866 10.43615816786092 -0.012399890750817532 0.02782905477671851
736.4690743926913 10.453434384730093 -0.012318152085298153 0.027641862860663335
746.159456950496 10.470195506006876 -0.012237490306437863 0.02745717378418027
755.8498395083006 10.48646208386867 -0.012157884169198338 0.027274937660594196
765.5402220659889 10.5022536402934 -0.01207931298609994 0.027095105920821885
775.2306046237936 10.517588729406139 -0.012001756608975189 0.02691763127013332
784.9209871815983 10.532484995388185 -0.011925195411445886 0.026742467646626106
794.611369739403 10.54695922631589 -0.011849610272072502 0.026569570181293023
804.3017522972077 10.561027404256203 -0.011774982558159203 0.026398895159642374
813.9921348550124 10.574704751919489 -0.011701294110179498 0.02623039998478906
823.6825174128171 10.588005776141754 -0.011628527226795827 0.02606404314195312
833.3728999706218 10.600944308444157 -0.011556664650446576 0.025899784164303247
843.0632825284265 10.613533542895729 -0.011485689553475713 0.025737583600086503
852.7536650862312 10.625786071485464 -0.011415585524781122 0.025577402980987853
862.4440476440359 10.637713917192078 -0.011346336556959111 0.025419204791666213
872.1344302018406 10.64932856492367 -0.011277927033923744 0.02526295244041625
881.8248127596453 10.66064099048485 -0.011210341718980424 0.025108610230907796
891.51519531745 10.671661687715867 -0.011143565743334504 0.02495614333495681
901.2055778752547 10.682400693936113 -0.01107758459501635 0.024805517766284285
910.8959604330594 10.692867613813739 -0.01101238410820535 0.02465670035522157
920.5863429908641 10.703071641773091 -0.010947950452936174 0.024509658724322442
930.2767255486688 10.713021583042803 -0.010884270125171326 0.024364361264844224
939.9671081064735 10.7227258734392 -0.010821329937224808 0.024220777114062068
949.6574906641617 10.732192597972125 -0.010759117008523262 0.02407887613338385
959.3478732219664 10.74142950835424 -0.010697618756686293 0.023938628887222785
969.0382557797711 10.750444039486403 -0.01063682288892406 0.023800006622622244
978.7286383375758 10.759243324989916 -0.01057671739372463 0.023662981249568935
988.4190208953805 10.767834211847306 -0.010517290532830476 0.023527525321991795
998.1094034531852 10.776223274210992 -0.010458530833488076 0.023393612019409222
