-1007.7997860111063 8.87099074754171 -0.0053205620318845775 0.008255645415487352
-998.1094034533016 8.871656698278606 -0.00530378361381707 0.008233541802132613
-988.4190208954969 8.872317117233056 -0.0052871238105125186 0.008211556889213076
-978.7286383376922 8.87297205096148 -0.00527058117465033 0.00818968971244986
-969.0382557798875 8.873621545733208 -0.005420965449067327 0.00816793931821117
-959.3478732220829 8.874265647527313 -0.005403419315739893 0.008146304763359652
-949.6574906642782 8.874904402029802 -0.005532338692576223 0.008124785115102439
-939.9671081064735 8.875537854631148 -0.005513974423477307 0.008103379450844037
-930.2767255486688 8.876166050424137 -0.005495753592072627 0.008082086858041855
-920.5863429908641 8.876789034202028 -0.005477674185924921 0.008060906434064348
-910.8959604330594 8.877406850456975 -0.005459734236338554 0.008039837286051729
-901.2055778752547 8.878019543378734 -0.005556893218460415 0.00801887853077916
-891.51519531745 8.8786271568536 -0.005538377251284848 0.007998029294522457
-881.8248127596453 8.879229734463593 -0.005520007537772663 0.007977288712926049
-872.1344302018406 8.87982731948583 -0.005501781999624446 0.0079566559308734
-862.4440476440359 8.880419954892139 -0.005483698604069295 0.007936130102359624
-852.7536650862312 8.881007683348816 -0.00556392852947845 0.007919426214917969
-843.0632825284265 8.88159054721659 -0.005545401630942887 0.00789908446891211
-833.3728999707382 8.882168588550721 -0.005527021574695743 0.007878847590729087
-823.6825174129335 8.882741849101293 -0.005508786267840701 0.007858714760909305
-813.9921348551288 8.883310370313568 -0.005910752729178748 0.007838685168750765
-804.3017522973241 8.883874193328529 -0.005889703076943826 0.007818758012184443
-794.6113697395194 8.884433358983532 -0.005868837519264814 0.007798932497653274
-784.9209871817147 8.884987907813034 -0.005848153149591686 0.007779207839993083
-775.23060462391 8.885537880049446 -0.005827647130538968 0.007759583262315829
-765.5402220661053 8.886083315624065 -0.005807316691689877 0.007740057995894913
-755.8498395083006 8.886624254168087 -0.005787159127486853 0.007720631280052631
-746.159456950496 8.887160735013683 -0.005767171795204227 0.007701302362049679
-736.4690743926913 8.887692797195168 -0.005747352112999395 0.007682070496976617
-726.7786918348866 8.88822047945019 -0.0057276975580388455 0.007662934947647335
-717.0883092770819 8.888743820221013 -0.005708205664695651 0.007643894984494353
-707.3979267192772 8.889262857655803 -0.005688874022815194 0.007624949885466061
-697.7075441614725 8.889777629609998 -0.005669700276046073 0.007606098935925686
-688.0171616036678 8.890288173647683 -0.0056506821202333 0.007587341428552078
-678.3267790458631 8.890794527043003 -0.005631817301870987 0.007568676663242211
-668.6363964880584 8.891296726781613 -0.005613103616612029 0.007550103947015364
-658.9460139302537 8.891794809562136 -0.005594538907832125 0.007531622593918971
-649.2556313725654 8.892288811797645 -0.005576121065246167 0.007513231924936269
-639.5652488147607 8.892778769617182 -0.005557848023573349 0.007494931267894439
-629.874866256956 8.893264718867227 -0.005539717761252212 0.007476719957376507
-620.1844836991513 8.893746695113252 -0.005521728299199132 0.007458597334632497
-610.4941011413466 8.894224733641225 -0.005503877699611721 0.007440562747493202
-600.8037185835419 8.894698869459146 -0.005486164064813925 0.007422615550285175
-591.1133360257372 8.895169137298572 -0.005468585536141311 0.007404755103747074
-581.4229534679325 8.895635571616141 -0.005428792873232049 0.007389124376458723
-571.7325709101278 8.89609820659511 -0.005411644452462799 0.007371419680856329
-562.0421883523231 8.896557076146857 -0.005394623357268005 0.007353800088699368
-552.3518057945184 8.897012213912415 -0.005377727927730745 0.007336264980472427
-542.6614232367137 8.89746365326396 -0.0053609565363824385 0.007318813742821674
-532.971040678909 8.897911427306331 -0.005344307587352272 0.007301445768473769
-523.2806581211044 8.898355568878507 -0.005327779515544376 0.0072841604561562304
-513.5902755632997 8.898796110555098 -0.005311370785841621 0.007266957210519211
-503.89989300549496 8.899233084647806 -0.005295079892335072 0.007249835442058603
-494.20951044769026 8.899666523206898 -0.005278905357578089 0.007232794567040568
-484.51912788988557 8.900096458022643 -0.005262845731864155 0.0072158340074272255
-474.82874533208087 8.900522920626763 -0.005246899592527508 0.007198953190803766
-465.1383627743926 8.900945942293843 -0.005231065543265961 0.007182151550306904
-455.4479802165879 8.901365554042771 -0.005215342213483896 0.00716542852455354
-445.7575976587832 8.901781786638113 -0.005199728257657561 0.007148783557572725
-436.0672151009785 8.902194670591522 -0.005184222354718018 0.007132216098736602
-426.3768325431738 8.902604236163112 -0.005168823207454013 0.007115725602693605
-416.6864499853691 8.903010513362833 -0.005153529541932798 0.007099311529302545
-406.9960674275644 8.903413531951822 -0.005138340106938571 0.007082973343567717
-397.3056848697597 8.903813321443758 -0.005123253673427756 0.007066710515575125
-387.615302311955 8.904209911106197 -0.009084301555271592 0.0080020454775902
-377.9249197541503 8.904603329961898 -0.009040002181412408 0.007978892272087748
-368.2345371963456 8.904993606790146 -0.008996234292486072 0.007955916258626811
-358.54415463854093 8.905380770128065 -0.008952987293851728 0.007933114665680478
-348.85377208073623 8.905764848271913 -0.008910250884105044 0.007910484791965123
-339.16338952293154 8.90614586927838 -0.010317696511576678 0.008092169463920787
-329.47300696512684 8.906523860965882 -0.01026526725695672 0.008068370629411358
-319.78262440732215 8.906898850915837 -0.010213475680549679 0.00804475782335404
-310.09224184951745 8.90727086647394 -0.010162309148917734 0.008021328122640291
-300.40185929171275 8.907639934751444 -0.01011175537282345 0.007998078677157665
-290.71147673390806 8.90800608262641 -0.010061802395397418 0.007975006707345212
-281.0210941762198 8.908369336744977 -0.010012438580795048 0.007952109501849314
-271.3307116184151 8.908729723522644 -0.009979257591193873 0.007929836623974468
-261.6403290606104 8.909087269145482 -0.009930923257864297 0.007907277737361057
-251.9499465028057 8.909441999571422 -0.009883146686815465 0.007884885917106076
-242.259563945001 8.909793940531499 -0.0237710323378642 0.014203967296084603
-232.5691813871963 8.910143117531097 -0.023621592444345113 0.01413514597734564
-222.8787988293916 8.910489555851216 -0.02347418372704061 0.01406716896206597
-213.1884162715869 8.910833280549706 -0.023254923089702118 0.014000019037295662
-203.4980337137822 8.911174316462533 -0.023111993043901453 0.013933679473161431
-193.8076511559775 8.911512688205024 -0.022970962322367745 0.013868134005819082
-184.1172685981728 8.911848420173127 -0.022831792060085045 0.013803366821126069
-174.42688604036812 8.912181536544667 -0.022694444459230533 0.013739362538998837
-164.73650348256342 8.912512061280596 -0.02255888275257385 0.013676106198421668
-155.04612092475872 8.912840018126278 -0.037198407898489466 0.013613583243075454
-145.35573836695403 8.913165430612729 -0.036957594562097934 0.013551779507556701
-135.66535580914933 8.9134883220579 -0.03672005106766783 0.01349068120415859
-125.97497325134464 8.91380871556795 -0.036485709874589545 0.013430274910187492
-116.28459069353994 8.914126634038519 -0.03625450530628266 0.01337054755578971
-106.59420813573524 8.91444210015601 -0.03602637348602845 0.01331148641226471
-96.90382557793055 8.914755136398881 -0.03580125227544282 0.013253079080842133
-87.21344302024227 8.91506576503892 -0.035568343088971166 0.013195313481902032
-77.52306046243757 8.91537400814257 -0.03534914222144672 0.013138177844613774
-67.83267790463287 8.915679887572198 -0.03513277424981681 0.01308166069698498
-58.14229534682818 8.915983424987427 -0.034919183447288366 0.01302575085628823
-48.45191278902348 8.916284641846431 -0.03475492609708647 0.012971705471834611
-38.761530231218785 8.91658355940727 -0.03454638463507774 0.012916968459651932
-29.07114767341409 8.916880198729192 -0.03434046679346812 0.012862806988356743
-19.380765115609393 8.917174580673983 -0.03413712231643645 0.01280921094070605
-9.690382557804696 8.917466725907287 -0.033936302235384706 0.012756170446153004
0.0 1.2529939680561828 0.033975226987619185 0.09090448982000401
9.690382557804696 1.7228529035995255 0.03367134935517435 0.09027533172521904
19.380765115609393 2.0667136476827537 0.03337241076644585 0.08965515917218554
29.07114767341409 2.348598182401761 0.03307829562433796 0.08904377863870284
38.761530231218785 2.5914178654587996 0.032788891851317295 0.08844100214502043
48.45191278902348 2.8065691485405164 0.032504090757887134 0.08784664705642795
58.14229534682818 3.000723833748146 0.03222378691687155 0.08726053589423355
67.83267790463287 3.17819836909554 0.03194787804321481 0.08668249615471674
77.52306046243757 3.3419824543498393 0.0316352246524888 0.08611341749871124
87.21344302024227 3.494252338746236 0.03136811337931463 0.0855510143389727
96.90382557793055 3.636653309665679 0.031105103518657883 0.08499619335575946
106.59420813573524 3.770466938112187 0.03084610434927995 0.08444880027855219
116.28459069353994 3.8967158821605095 0.030591027761788087 0.08390868501335697
125.97497325134464 4.016232621143261 0.030339788166281294 0.08337570150199775
135.66535580914933 4.129706250862014 0.03010592678450865 0.08284970758709814
145.35573836695403 4.237715354012406 0.02986201360341278 0.08233056488244715
155.04612092475872 4.340751710595576 0.029603404532570876 0.0818185854156859
164.73650348256342 4.439237796080207 0.0293667414875672 0.0813127411514167
174.42688604036812 4.533539954071044 0.029133521744854257 0.0808133543931979
184.1172685981728 4.623978487224662 0.028903673108687956 0.08032030064145662
193.8076511559775 4.710835507679177 0.028677125354428457 0.07983345859222285
203.4980337137822 4.794361129118401 0.0284538101624202 0.07935271003503301
213.1884162715869 4.874778411501694 0.028233661054496397 0.07887793975472807
222.8787988293916 4.952287353989075 0.028016613332987824 0.0784090354369732
232.5691813871963 5.027068152040439 0.027802604022122104 0.07794588757733566
242.259563945001 5.099283878879496 0.02759157181170542 0.07748838939376532
251.9499465028057 5.169082711743259 0.02738345700298454 0.07703643674232988
261.6403290606104 5.332226000458224 0.02717820145659112 0.0765899280360647
271.3307116184151 5.4966754364438835 0.026975748542476658 0.07614876416680336
281.02109417610336 5.648076541683346 0.026776043091752542 0.07571284842986709
290.71147673390806 5.78805380960859 0.02657903135033714 0.07528208645146106
300.40185929171275 5.91794435452239 0.026384660934367036 0.07485638611874068
310.09224184951745 6.038864039391903 0.02619288078724907 0.07443565751233368
319.78262440732215 6.1517551101120045 0.026003641138317074 0.07401981284129203
329.47300696512684 6.257421330038628 0.025816893463011574 0.07360876638034348
339.16338952293154 6.356554429590322 0.025632590444519158 0.07320243440935217
348.85377208073623 6.449754375256914 0.025450685936810387 0.07280073515489885
358.54415463854093 6.537545147032139 0.02527113492901701 0.0724035887338942
368.2345371963456 6.620387190751908 0.025093893511092938 0.07201091709914335
377.9249197541503 6.698687368054651 0.02491891884070517 0.07162264398678272
387.615302311955 6.77280699520581 0.024746169111304353 0.07123869486551494
397.3056848697597 6.843068402890169 0.024575603521325786 0.07085899688757039
406.9960674275644 6.909760337601791 0.02440718224447559 0.07048347884132662
416.6864499853691 6.973142445842811 0.024240866401057312 0.07011207110552146
426.3768325431738 7.033449024883887 0.024076618030296964 0.06974470560499677
436.0672151009785 7.090892181681188 0.023914400063626672 0.06938131576791376
445.7575976587832 7.145664510212074 0.023754176298888433 0.06902183648438326
455.4479802165879 7.197941373927763 0.023595911375421445 0.06866620406645617
465.1383627742762 7.247882862104602 0.02343957075000006 0.06831435620942666
474.82874533208087 7.2956354751198464 0.023285120673577527 0.06796623195437317
484.51912788988557 7.341333582997838 0.023132528168832038 0.0676217716519526
494.20951044769026 7.385100693251082 0.022981761008446924 0.0672809169273181
503.89989300549496 7.427050557442325 0.02283278769412407 0.06694361064618021
513.5902755632997 7.467288140681315 0.02268557743629151 0.06660979688194404
523.2806581211044 7.505910474084983 0.022540100134480254 0.06627942088388726
532.971040678909 7.543007406863087 0.022396326358345098 0.06595242904633984
542.6614232367137 7.578662271962053 0.0222542273293049 0.06562876887882985
552.3518057945184 7.612952476974522 0.02211377490277903 0.06530838897715945
562.0421883523231 7.645950030197612 0.02197494155099736 0.06499123899537756
571.7325709101278 7.6777220102192185 0.021837700346363162 0.0646772696186173
581.4229534679325 7.708330986166062 0.021702024945347505 0.06436643253676648
591.1133360257372 7.737835394710553 0.021567889572896057 0.06405868041894217
600.8037185835419 7.7662898790669335 0.02143526900732938 0.0637539668887405
610.4941011413466 7.793745594479582 0.02130413856571869 0.0634522465002342
620.1844836991513 7.820250484093023 0.021174474089719765 0.06315347471469208
629.874866256956 7.845849528574201 0.02104625193184828 0.0628576078779946
639.5652488147607 7.870584972416752 0.020919448942181177 0.06256460319872191
649.255631372449 7.894496529480994 0.0207940424554696 0.062274418726894425
658.9460139302537 7.917621570004037 0.020670010278640433 0.06198701333332237
668.6363964880584 7.939995291032739 0.020547330678694468 0.061702346689595663
678.3267790458631 7.961650872005032 0.020425982370957902 0.061420379248623286
688.0171616036678 7.982619616990265 0.02030594450769686 0.06114107222575492
697.7075441614725 8.00293108492808 0.020187196667073012 0.0608643875804449
707.3979267192772 8.022613209049403 0.020069718842430632 0.060590287998443286
717.0883092770819 8.041692406529599 0.01995349143190307 0.060318736874496945
726.7786918348866 8.060193679307039 0.019838495228327518 0.06004969829554323
736.4690743926913 8.078140706898182 0.019724711409458227 0.05978313702438017
746.159456950496 8.095555931950747 0.019612121528467148 0.059519018483797516
755.8498395083006 8.112460639197936 0.019500707504722724 0.059257308741153335
765.5402220661053 8.1288750284074 0.019390451614837476 0.058997974493381775
775.23060462391 8.14481828185752 0.019281336483974863 0.058740983052417976
784.9209871817147 8.160308626819678 0.019173345077407235 0.058486302331026474
794.6113697395194 8.175363393477207 0.01906646069231644 0.058233900829020434
804.3017522973241 8.189999068669385 0.01896066694982867 0.05798374761985885
813.9921348551288 8.204231345811039 0.01885594778727605 0.057735812337609715
823.6825174129335 8.218075171304697 0.01875228745067765 0.057490065164267995
833.3728999707382 8.23154478773231 0.018649670487432674 0.05724647681741639
843.0632825284265 8.244653774086501 0.01854808173921969 0.057005018538221666
852.7536650862312 8.257415083278557 0.01844750633508866 0.05676566207973859
862.4440476440359 8.269841077135403 0.018347929684757208 0.05652837969555464
872.1344302018406 8.28194355908419 0.01824933747208032 0.05629314412870809
881.8248127596453 8.293733804700109 0.018151715648706657 0.05605992860091369
891.51519531745 8.3052225902808 0.0180550504279075 0.05582870680206921
901.2055778752547 8.316420219595539 0.01795932827857445 0.05559945288003724
910.8959604330594 8.327336548944794 0.017864535919380708 0.05537214143069403
920.5863429908641 8.337981010654266 0.01777066031310051 0.05514674748823689
930.2767255486688 8.348362635117114 0.017677688661081752 0.05492324651574257
939.9671081064735 8.358490071488676 0.01758560839786727 0.05470161439596912
949.6574906642782 8.368371607129367 0.017494407185959994 0.05448182742239365
959.3478732220829 8.378015185883749 0.01740407291072753 0.05426386229047925
969.0382557798875 8.387428425276669 0.017314593675441792 0.054047696089164154
978.7286383376922 8.396618632700937 0.01722595779644984 0.05383330629256648
988.4190208954969 8.40559282066514 0.017138153798471695 0.053620670751898344
998.1094034533016 8.41435772116491 0.017051170410021153 0.05340976768758306
