-1007.7997860111063 11.307483656493439 -7.659493306498809e-05 3.2080590105622656e-08
-998.1094034533016 11.307483656493439 -8.20013288052154e-05 3.1676268888816174e-08
-988.4190208954969 11.307483656493439 -8.127482223211386e-05 3.128201238458217e-08
-978.7286383376922 11.307483656493439 -8.056344754002877e-05 3.08974494034049e-08
-969.0382557798875 11.307483656493439 -7.98666976782039e-05 3.052222678735176e-08
-959.3478732220829 11.307483656493439 -7.918408881890439e-05 3.015600832749748e-08
-949.6574906642782 11.307483656493439 -7.851515901864374e-05 2.979847375957339e-08
-939.9671081064735 11.307483656493439 -7.785946697203995e-05 2.9449317829818855e-08
-930.2767255486688 11.307483656493439 -7.721659085084358e-05 2.9108249425613755e-08
-920.5863429908641 11.307483656493439 -7.658612722136336e-05 2.8774990766229983e-08
-910.8959604330594 11.307483656493439 -7.596769003412877e-05 2.844927664790147e-08
-901.2055778752547 11.307483656493439 -7.536090968017943e-05 2.8130853740339617e-08
-891.5151953175664 11.307483656493439 -7.476543210887535e-05 2.781947992948992e-08
-881.8248127597617 11.307483656493439 -7.926281891659374e-05 2.7514923703656716e-08
-872.134430201957 11.307483656493439 -7.862036154835331e-05 2.7216963578876024e-08
-862.4440476441523 11.307483656493439 -7.799005655990574e-05 2.692538756277757e-08
-852.7536650863476 11.307483656493439 -7.737153238755231e-05 2.663999265081025e-08
-843.0632825285429 11.307483656493439 -7.676443312296532e-05 2.636058435493945e-08
-833.3728999707382 11.307483656493439 -7.616841767575609e-05 2.6086976262268326e-08
-823.6825174129335 11.307483656493439 -7.558315899026454e-05 2.5818989619354714e-08
-813.9921348551288 11.307483656493439 -7.500834331245099e-05 2.555645294357884e-08
-804.3017522973241 11.307483656493439 -7.44436695031305e-05 2.529920165679142e-08
-794.6113697395194 11.307483656493439 -7.38888483941134e-05 2.5047077741458933e-08
-784.9209871817147 11.307483656493439 -7.334360218410807e-05 2.4799929416758227e-08
-775.23060462391 11.307483656493439 -7.280766387150621e-05 2.4557610834240965e-08
-765.5402220661053 11.307483656493439 -9.770703991066469e-05 2.4319981790357423e-08
-755.8498395083006 11.307483656493439 -9.684348686423252e-05 2.4086907456435935e-08
-746.159456950496 11.307483656493439 -9.599776238884583e-05 2.3858258123136446e-08
-736.4690743926913 11.307483656493439 -9.516927011261313e-05 2.3633908960137093e-08
-726.7786918348866 11.307483656493439 -9.435744128852522e-05 2.34137397886686e-08
-717.0883092770819 11.307483656493439 -9.356173316331608e-05 2.319763486684223e-08
-707.3979267193936 11.307483656493439 -0.00010183279339036431 2.2985482686795587e-08
-697.7075441615889 11.307483656493439 -0.00010094540913600057 2.277717578289722e-08
-688.0171616037842 11.307483656493439 -0.00010007592420015311 2.2572610550034358e-08
-678.3267790459795 11.307483656493439 -9.922375670904174e-05 2.2371687072200545e-08
-668.6363964881748 11.307483656493439 -9.838835089953693e-05 2.2174308959160578e-08
-658.9460139303701 11.307483656493439 -9.756917562893627e-05 2.198038319298169e-08
-649.2556313725654 11.307483656493439 -0.00010111302573646966 2.1789819981124156e-08
-639.5652488147607 11.307483656493439 -0.00010026590223542964 2.1602532618368153e-08
-629.874866256956 11.307483656493439 -9.943512525327992e-05 2.1418437355137394e-08
-620.1844836991513 11.307483656493439 -9.862018682506537e-05 2.1237453272327997e-08
-610.4941011413466 11.307483656493439 -0.00010607365418586928 2.1059502163184654e-08
-600.8037185835419 11.307483656493439 -0.00010517666189185746 2.0884508420435186e-08
-591.1133360257372 11.307483656493439 -0.00010429712515267397 2.0712398928683477e-08
-581.4229534679325 11.307483656493439 -0.00010343449658155973 2.0543102963687093e-08
-571.7325709101278 11.307483656493439 -0.00010258825254280888 2.0376552094182772e-08
-562.0421883523231 11.307483656493439 -0.00010175789183684757 2.0212680090433977e-08
-552.3518057945184 11.307483656493439 -0.00010094293447370151 2.0051422836464723e-08
-542.6614232367137 11.307483656493439 -0.00010014292052787664 1.9892718245871285e-08
-532.971040678909 11.307483656493439 -9.935740906830801e-05 1.9736506182512804e-08
-523.2806581212208 11.307483656493439 -9.858597715760797e-05 1.9582728384617137e-08
-513.5902755634161 11.307483656493439 -9.782821891529003e-05 1.943132839192247e-08
-503.8998930056114 11.307483656493439 -9.708374464029711e-05 1.928225147707443e-08
-494.2095104478067 11.307483656493439 -9.635217998825422e-05 1.9135444579272904e-08
-484.519127890002 11.307483656493439 -0.00011751620742943661 1.8990856241361213e-08
-474.8287453321973 11.307483656493439 -0.00011651161018165395 1.8848436549923943e-08
-465.1383627743926 11.307483656493439 -0.00011552687997857343 1.8708137077553177e-08
-455.4479802165879 11.307483656493439 -0.00011456137886377299 1.8569910828204706e-08
-445.7575976587832 11.307483656493439 -0.00011361449743541662 1.8433712184451594e-08
-436.0672151009785 11.307483656493439 -0.0001126856532064061 1.8299496857502456e-08
-426.3768325431738 11.307483656493439 -0.00011177428907927155 1.8167221839062884e-08
-416.6864499853691 11.307483656493439 -0.0001108798719263598 1.8036845355446588e-08
-406.9960674275644 11.307483656493439 -0.00011000189126676973 1.790832682355679e-08
-397.3056848697597 11.307483656493439 -0.00010913985803228078 1.7781626808873385e-08
-387.615302311955 11.307483656493439 -0.00010829330341523144 1.7656706984903788e-08
-377.9249197541503 11.307483656493439 -0.00010746177779194591 1.753353009474796e-08
-368.2345371963456 11.307483656493439 -0.00010664484971587872 1.7412059913856064e-08
-358.54415463854093 11.307483656493439 -0.00010584210497516458 1.7292261214602164e-08
-348.85377208073623 11.307483656493439 -0.00010505314570972486 1.717409973234869e-08
-339.16338952293154 11.307483656493439 -0.00010427758958349986 1.7057542132568014e-08
-329.47300696524326 11.307483656493439 -0.00010351506900776568 1.6942555979590317e-08
-319.78262440743856 11.307483656493439 -0.00010276523041176953 1.682910970646277e-08
-310.09224184963387 11.307483656493439 -0.000102027733557421 1.671717258616397e-08
-300.40185929182917 11.307483656493439 -0.0001013022508947351 1.660671470373994e-08
-290.7114767340245 11.307483656493439 -0.0001005884669552989 1.6497706929686964e-08
-281.0210941762198 11.307483656493439 -9.988607778107155e-05 1.6390120894283107e-08
-271.3307116184151 11.307483656493439 -9.919479038610154e-05 1.6283928963220767e-08
-261.6403290606104 11.307483656493439 -9.851432224892695e-05 1.617910421356449e-08
-251.9499465028057 11.307483656493439 -9.784440083359939e-05 1.6075620411280887e-08
-242.259563945001 11.307483656493439 -9.718476313742978e-05 1.597345198922932e-08
-232.5691813871963 11.307483656493439 -9.653515526370067e-05 1.5872574026182598e-08
-222.8787988293916 11.307483656493439 -0.00010748530431910044 1.577296222641687e-08
-213.1884162715869 11.307483656493439 -0.00012007865199974998 1.567459290041282e-08
-203.4980337137822 11.307483656493439 -0.00011912177977115142 1.557744294588214e-08
-193.8076511559775 11.307483656493439 -0.00011818297875921703 1.5481489829688444e-08
-184.1172685981728 11.307483656493439 -0.00024814806643630596 1.538671157060847e-08
-174.42688604036812 11.307483656493439 -0.0002454650420494359 1.5293086722418517e-08
-164.73650348256342 11.307483656493439 -0.00024284615199454394 1.5200594357658512e-08
-155.04612092475872 11.307483656493439 -0.00024028900642978132 1.510921405212793e-08
-145.35573836707044 11.307483656493439 -0.00023779133570615973 1.501892586978828e-08
-135.66535580926575 11.307483656493439 -0.0006970396022156701 1.4929710348343195e-08
-125.97497325146105 11.307483656493439 -0.000688409639199618 1.484154848522515e-08
-116.28459069365636 11.307483656493439 -0.0009095024917246898 1.4754421723988699e-08
-106.59420813585166 11.307483656493439 -0.0008981904694946237 1.4668311941489799e-08
-96.90382557804696 11.307483656493439 -0.000887165338523148 1.4583201435146428e-08
-87.21344302024227 11.307483656493439 -0.0008764161841943885 1.4499072910849732e-08
-77.52306046243757 11.307483656493439 -0.0008659326418966111 1.441590947139017e-08
-67.83267790463287 11.307483656493439 -0.0008557048626955623 1.4333694604910753e-08
-58.14229534682818 11.307483656493439 -0.0008457234815522283 1.4252412174119242e-08
-48.45191278902348 11.307483656493439 -0.0008415794392941582 1.4172046405717172e-08
-38.761530231218785 11.307483656493439 -0.0008319880581343552 1.4092581880127035e-08
-29.07114767341409 11.307483656493439 -0.0016820557706927908 0.0005220109522420766
-19.380765115609393 11.307483656493439 -0.0016611761807321557 0.0005148885999913814
-9.690382557804696 11.307483656493439 -0.0017414928515910233 0.0005079579891108018
0.0 11.307483656493439 -0.0017202800094219771 0.0005012114795848166
9.690382557804696 2.2002614165828884 -0.02064279380376198 0.011166035679054703
19.380765115609393 2.990591433998988 -0.020366986386454927 0.011015637052667643
29.07114767341409 3.5827419008064396 -0.02009846964280099 0.0108692363896048
38.76153023110237 4.066495854107511 -0.019836957886564227 0.010726676357022999
48.451912788907066 4.478686695256414 -0.01958218017815653 0.010587807771099423
58.14229534671176 4.838882663502197 -0.01933387938467052 0.01045248907615942
67.83267790451646 5.159026686059466 -0.019091811310912393 0.01032058586323847
77.52306046232115 5.447078369798658 -0.01885574389529503 0.010191970424661446
87.21344302012585 5.708676675088607 -0.018625456464994184 0.010066521341525084
96.90382557793055 5.9479999779154795 -0.018400739045334357 0.009944123101283897
106.59420813573524 6.168252671284897 -0.01818139171885164 0.009824665742907251
116.28459069353994 6.371959785730006 -0.01796722402991206 0.009708044527315874
125.97497325134464 6.561155128498203 -0.01775805443115091 0.009594159631021329
135.66535580914933 6.737506705336144 -0.01755370976834397 0.009482915861084549
145.35573836695403 6.902403353142432 -0.017412296608633096 0.00937422238968239
155.04612092475872 7.057016390312181 -0.017216327187714806 0.00926799250672636
164.73650348256342 7.202344617158705 -0.017024729902886192 0.009164143389117125
174.42688604036812 7.339247889929574 -0.016837359862218224 0.009062595885344058
184.1172685981728 7.468472651760411 -0.01665407851202566 0.008963274314252295
193.8076511559775 7.590671675108121 -0.016474753293775044 0.008866106276901835
203.4980337137822 7.706419555902945 -0.016296001374561168 0.008771082514108934
213.1884162715869 7.816225035116521 -0.020400083065761333 0.00867801579225554
222.87879882927518 7.92054091391193 -0.020174137537806752 0.00858690341735376
232.56918138707988 8.019772117789412 -0.019953211977480335 0.00849768446617807
242.25956394488458 8.114282318784603 -0.01973831046360014 0.008410399851924209
251.94994650268927 8.204399421418229 -0.021131154421107547 0.00832479352793732
261.64032906049397 8.290420143807097 -0.02092139386393104 0.008240912429271847
271.33071161829866 8.372613871279333 -0.02069751005608964 0.008158704921305594
281.02109417610336 8.451225919885104 -0.020478443861667295 0.008078121409656688
290.71147673390806 8.52648031733683 -0.020264038943979847 0.007999114240395221
300.40185929171275 8.59858218633724 -0.020054145767133717 0.007921637606055215
310.09224184951745 8.667719798004384 -0.019848621224345463 0.007845647457057212
319.78262440732215 8.734066349793746 -0.019647328290744514 0.007771101418181684
329.47300696512684 8.797781511955133 -0.019450135698771374 0.007697958709760283
339.16338952293154 8.859012778424896 -0.019256917634449925 0.007626180073277013
348.85377208073623 8.917896651613777 -0.019067553452962935 0.007555727701094031
358.54415463854093 8.97455968541507 -0.01888192741209502 0.007486565170037754
368.2345371963456 9.029119406634107 -0.01869992842222971 0.007418657378600112
377.9249197541503 9.092464171935628 -0.018521449811697968 0.0073519704875274015
387.615302311955 9.164978083889052 -0.018346389106375 0.007286471863585449
397.3056848697597 9.233818923348657 -0.01817464782251382 0.007222130026304735
406.996067427448 9.299243678604778 -0.01800613127188732 0.007158914597523535
416.6864499852527 9.361485999295114 -0.01788688111243466 0.0070967962535547
426.3768325430574 9.42075883616991 -0.01772391530125686 0.00703574667982913
436.0672151008621 9.47725672062713 -0.01756392806850753 0.006975738527853319
445.7575976586668 9.531157741761133 -0.01740683750344055 0.006916745374354952
455.4479802164715 9.582625268052984 -0.01725256470874946 0.006858741682483708
465.1383627742762 9.631809452396402 -0.01710103366149078 0.0068017027649483405
474.82874533208087 9.67884855242352 -0.016952171081738427 0.006745604748978202
484.51912788988557 9.723870092682954 -0.01680590630846599 0.006690424543004776
494.20951044769026 9.766991890843158 -0.016662171182191182 0.006636139804965453
503.89989300549496 9.808322966528674 -0.016520899933951196 0.006582728912138165
513.5902755632997 9.84796434847742 -0.016382029080209293 0.00653017093242131
523.2806581211044 9.886009793303918 -0.01631672289990364 0.006478445596978822
532.971040678909 9.922546427164958 -0.016181508507245798 0.00642753327417522
542.6614232367137 9.957655319971094 -0.016059311062447096 0.00637741494473032
552.3518057945184 9.991412000406772 -0.015928390310940566 0.00632807217802743
562.0421883523231 10.023886918864006 -0.015799611150956554 0.006279487109513104
571.7325709101278 10.055145864419202 -0.015672920824726017 0.0062316424191301905
581.4229534679325 10.085250341158375 -0.015548268316642598 0.006184521310729511
591.1133360257372 10.11425790845621 -0.015425604280838265 0.0061381074924086705
600.8037185834255 10.142222489218392 -0.015304880972406816 0.006092385157730311
610.4941011412302 10.169194649589759 -0.015186052182050139 0.006047338967770936
620.1844836990349 10.195221853187496 -0.015069073173966883 0.006002954033965735
629.8748662568396 10.220348692555106 -0.014953900626766596 0.0059592159016981375
639.5652488146443 10.244617100197477 -0.014840492577255816 0.005916110534604288
649.255631372449 10.268066541284723 -0.014728808366923668 0.005873624299553402
658.9460139302537 10.29073418986744 -0.014618808590975549 0.0058317439522707504
668.6363964880584 10.312655090235413 -0.014510455049772181 0.005790456623571392
678.3267790458631 10.333862304868061 -0.014403710702540378 0.005749749806174684
688.0171616036678 10.354387050264233 -0.014298539623230501 0.005709611342071081
697.7075441614725 10.374258821798428 -0.014194906958403591 0.005670029410414496
707.3979267192772 10.393505508627145 -0.014092778887038436 0.0056309925159148564
717.0883092770819 10.412153499560489 -0.013992122582155719 0.005592489477706918
726.7786918348866 10.430227780718676 -0.013892906174162766 0.005554509418672697
736.4690743926913 10.447752025708555 -0.013795098715828239 0.005517041755196076
746.159456950496 10.464748678980682 -0.013698670148801783 0.005480076187329371
755.8498395083006 10.481239032961263 -0.013603591271598497 0.005443602689352579
765.5402220661053 10.497243299494526 -0.013509833708973152 0.005407611500707205
775.23060462391 10.512780676078906 -0.013417369882613307 0.005372093117287409
784.9209871815983 10.527869407333599 -0.013326172983085817 0.005337038283072554
794.611369739403 10.542526842091851 -0.013236216942967472 0.005302437982083219
804.3017522972077 10.556769486476458 -0.013147476411116917 0.005268283430652224
813.9921348550124 10.570613053285994 -0.013059926728010363 0.005234566069988391
823.6825174128171 10.584072507984231 -0.012973543902104862 0.005201277559026095
833.3728999706218 10.597162111562318 -0.012888304587172831 0.005168409767545545
843.0632825284265 10.609895460517942 -0.012804186060562304 0.005135954769552318
852.7536650862312 10.62228552417431 -0.012721166202338362 0.005103904836904744
862.4440476440359 10.634344679542275 -0.01263922347526414 0.005072252433178502
872.1344302018406 10.64608474391138 -0.0125583369055817 0.0050409902077580655
881.8248127596453 10.657517005339683 -0.012478486064555401 0.005010110990145358
891.51519531745 10.668652251197889 -0.012399651050742411 0.00497960778447632
901.2055778752547 10.679500794910279 -0.012321812472956741 0.004949473764236597
910.8959604330594 10.690072501023126 -0.012244951433895148 0.004919702267167949
920.5863429908641 10.700376808720636 -0.01216904951439473 0.004890286790357402
930.2767255486688 10.710422753898621 -0.012094088758293825 0.0048612209855015565
939.9671081064735 10.720218989897367 -0.012020051657869044 0.004832498654338775
949.6574906642782 10.729773806987032 -0.011946921139822913 0.004804113744242379
959.3478732220829 10.73909515069158 -0.011874680551797637 0.004776060343968243
969.0382557797711 10.748190639030467 -0.011803313649392962 0.004748332679550862
978.7286383375758 10.757067578751894 -0.011732804583660796 0.004720925110339915
988.4190208953805 10.76573298062362 -0.011663137889068764 0.004693832125176592
998.1094034531852 10.774193573845949 -0.011594298471895748 0.004667048338697561
