-1007.7997860111063 8.647414085278509 -0.019377165397638726 0.027018536118638338
-998.1094034533016 8.65023116281234 -0.0192934145877829 0.026905197261829095
-988.4190208954969 8.653012405214902 -0.019210390150291023 0.026792806468648477
-978.7286383376922 8.655758578428701 -0.019128082602774828 0.026681351876136006
-969.0382557798875 8.658470417267289 -0.01904648262853956 0.026570821818754795
-959.3478732220829 8.661148627241392 -0.0189655810729486 0.02646120482429383
-949.6574906642782 8.66379388626567 -0.01888536893988431 0.02635248960987208
-939.9671081064735 8.66640684625409 -0.018805837388302042 0.0262446650780415
-930.2767255486688 8.668988134611409 -0.01872697772887455 0.026137720312986182
-920.5863429908641 8.671538355627794 -0.01864878142072389 0.026031644576814703
-910.8959604331758 8.674058091782944 -0.0185712400682392 0.025926427305944487
-901.2055778753711 8.676547904966098 -0.018494345417972066 0.02582205810756783
-891.5151953175664 8.679008337617034 -0.01841808935562105 0.025718526756216175
-881.8248127597617 8.681439913793989 -0.018342463903084198 0.025615823190394807
-872.134430201957 8.683843140172947 -0.018267461215591394 0.02551393750930481
-862.4440476441523 8.68621850698306 -0.01819307357890852 0.025412859969642213
-852.7536650863476 8.688566488882477 -0.018119293406612277 0.025312580982473406
-843.0632825285429 8.690887545778484 -0.018046113237433607 0.025213091110185052
-833.3728999707382 8.69318212359577 -0.017973525732667604 0.025114381063505883
-823.6825174129335 8.695450654996215 -0.017901523673648063 0.025016441698598887
-813.9921348551288 8.697693560053404 -0.017830099959284647 0.024919264014221617
-804.3017522973241 8.699911246884955 -0.01775924760366103 0.024822839148953012
-794.6113697395194 8.702104112245376 -0.017688959733692056 0.02472715837848475
-784.9209871817147 8.704272542082105 -0.017619229586838373 0.024632213112975407
-775.23060462391 8.70641691205716 -0.017550050508876775 0.02453799489446585
-765.5402220661053 8.70853758803665 -0.017481415951724744 0.024444495394353997
-755.8498395083006 8.710634926550295 -0.017413319471317548 0.024351706410927595
-746.159456950496 8.712709275222863 -0.017345754725536604 0.024259619866953262
-736.4690743926913 8.714760973179446 -0.017278715472187362 0.024168227807320433
-726.778691835003 8.716790351426168 -0.017212195567026422 0.02407752239673978
-717.0883092771983 8.718797733208142 -0.017146188961831493 0.023987495917488208
-707.3979267193936 8.72078343434576 -0.01708068970252506 0.023898140767215265
-697.7075441615889 8.722747763551203 -0.01701569192733436 0.023809449456788107
-688.0171616037842 8.724691022726098 -0.01695118986499855 0.023721414608189804
-678.3267790459795 8.726613507241671 -0.016887177833016985 0.02363402895246335
-668.6363964881748 8.7285155062025 -0.016823650235938372 0.023547285327701294
-658.9460139303701 8.730397302694923 -0.01676060156368951 0.02346117667707963
-649.2556313725654 8.732259174021092 -0.016698026389942763 0.023375696046935006
-639.5652488147607 8.734101391919543 -0.016635919370521026 0.023290836584884074
-629.874866256956 8.735924222773198 -0.016574275241839288 0.0232065915379838
-620.1844836991513 8.737727927805558 -0.01651308881938176 0.02312295425093191
-610.4941011413466 8.739512763265832 -0.01645235499621363 0.023039918164306235
-600.8037185835419 8.741278980603711 -0.016392068741526527 0.02295747681284214
-591.1133360257372 8.743026826634441 -0.01633710986885468 0.022875623823746923
-581.4229534679325 8.744756543694784 -0.016289596150544646 0.022794352915050473
-571.7325709101278 8.74646836979043 -0.016230499973816582 0.02271365789399101
-562.0421883523231 8.748162538735443 -0.016171833771368518 0.02263353265543533
-552.3518057945184 8.749839280284162 -0.01611359283334245 0.02255397118033239
-542.6614232367137 8.751498820256073 -0.016055772519059465 0.022474967534199707
-532.9710406790255 8.753141380654041 -0.015998368255738374 0.022396515865642494
-523.2806581212208 8.754767179776456 -0.015941375537239774 0.022318610404899155
-513.5902755634161 8.756376432323329 -0.01588478992284529 0.02224124546242666
-503.8998930056114 8.757969349497136 -0.01582860703605722 0.02216441542750587
-494.2095104478067 8.759546139098438 -0.01577282256342846 0.022088114766880673
-484.519127890002 8.761107005616656 -0.01571743225341758 0.022012338023424203
-474.8287453321973 8.762652150316361 -0.015662431915269313 0.021937079814832613
-465.1383627743926 8.76418177131928 -0.015607817417919596 0.021862334832345696
-455.4479802165879 8.765696063682324 -0.0155535846889246 0.021788097839493637
-445.7575976587832 8.767195219471832 -0.015499729713413134 0.02171436367086942
-436.0672151009785 8.768679427834309 -0.015446248533061755 0.021641127230926118
-426.3768325431738 8.770148875063827 -0.015393137245092108 0.02156838349279867
-416.6864499853691 8.771603744666319 -0.015340392001289749 0.021496127497149263
-406.9960674275644 8.773044217420944 -0.015288009007044124 0.021424354351036158
-397.3056848697597 8.774470471438677 -0.015235984520408925 0.021353059226805082
-387.615302311955 8.775882682218334 -0.015184314851182526 0.021282237361002803
-377.9249197541503 8.777281022700146 -0.015132996360007844 0.02121188405331241
-368.2345371963456 8.77866566331706 -0.015082025457491174 0.02114199466550963
-358.54415463854093 8.780036772043864 -0.015031398603339586 0.021072564620439927
-348.85377208085265 8.781394514444328 -0.014981112305516896 0.021003589401016504
-339.16338952304795 8.782739053716455 -0.01493116311941431 0.02093506454923395
-329.47300696524326 8.784070550735862 -0.01488154764704421 0.020866985665209378
-319.78262440743856 8.785389164097598 -0.01483226253624467 0.020799348406234156
-310.09224184963387 8.78669505015633 -0.014783304479903284 0.020732148485848135
-300.40185929182917 8.787988363065061 -0.014734670215196437 0.02066538167293107
-290.7114767340245 8.789269254812469 -0.01468635652284397 0.02059904379081158
-281.0210941762198 8.79053787525895 -0.01463836022637916 0.020533130716393306
-271.3307116184151 8.791794372171422 -0.014590678191433419 0.02046763837929785
-261.6403290606104 8.793038891257005 -0.014543307325035483 0.02040256276102414
-251.9499465028057 8.794271576195621 -0.01449624457492471 0.020337899894123823
-242.259563945001 8.79549256867157 -0.014449486928878147 0.02027364586139241
-232.5691813871963 8.796702008404209 -0.014403031414051021 0.020209796795075705
-222.8787988293916 8.797900033177699 -0.014356875096330398 0.020146348876091246
-213.1884162715869 8.799086778869935 -0.01431101507970164 0.02008329833326448
-203.4980337137822 8.800262379480731 -0.014265448505627392 0.020020641442579232
-193.8076511559775 8.801426967159252 -0.01422017255243879 0.01995837452644222
-184.1172685981728 8.802580672230762 -0.014175184434738634 0.019896493952961367
-174.42688604036812 8.80372362322275 -0.014130481402816175 0.01983499613523747
-164.73650348267984 8.804855946890445 -0.01408606074207394 0.019773877530669767
-155.04612092487514 8.805977768241839 -0.01404191977246291 0.019713134640270746
-145.35573836707044 8.807089210562038 -0.013998055847933993 0.01965276400800082
-135.66535580926575 8.808190395437304 -0.013954466355894786 0.019592762220107984
-125.97497325146105 8.809281442778502 -0.013911148716679369 0.019533125904483226
-116.28459069365636 8.810362470844193 -0.013868100383027755 0.019473851730026946
-106.59420813585166 8.8114335962633 -0.013825318839575254 0.019414936406026973
-96.90382557804696 8.812494934057394 -0.013782801602351584 0.019356376681547827
-87.21344302024227 8.813546597662622 -0.014110899575447783 0.01930661723759504
-77.52306046243757 8.814588698951324 -0.014066168901072398 0.019248696707391377
-67.83267790463287 8.815621348253304 -0.014021735355302479 0.019191123171926474
-58.14229534682818 8.816644654376837 -0.013977595699746081 0.019133893513492286
-48.45191278902348 8.817658724629378 -0.023276055806378374 0.019077004651843085
-38.761530231218785 8.818663664838002 -0.023163754277746727 0.01902045354362694
-29.07114767341409 8.819659579369613 -0.0230527414278982 0.01896423718182787
-19.380765115609393 8.8206465711509 -0.02294299238307539 0.018908352595218395
-9.690382557804696 8.821624741688087 -0.02283448294773891 0.01885279684782215
0.0 5.881507634046637 -0.03490811665359099 0.05971022108156102
9.690382557804696 6.071529777460858 -0.03471199433046289 0.059352952818764564
19.380765115492977 6.193801724471182 -0.03451836370803407 0.05900044116169597
29.071147673297673 6.289042494201474 -0.038668409883316955 0.06084229442997799
38.76153023110237 6.3686310817155265 -0.03898029564663422 0.06060887890764703
48.451912788907066 6.4377026902575825 -0.03875847787385424 0.060253261220988376
58.14229534671176 6.499094685042524 -0.03853947060905819 0.05990226121133254
67.83267790451646 6.554569787453376 -0.03832321753855399 0.059555784651821556
77.52306046232115 6.605311315294001 -0.03810966388488735 0.0592137399222822
87.21344302012585 6.652158810998515 -0.037898756354167576 0.058876037918822025
96.90382557793055 6.695733205472496 -0.037690443085557905 0.058542591967176746
106.59420813573524 6.736508888683067 -0.03781260815031246 0.058235981198188326
116.28459069353994 6.774857857614477 -0.0376069166827816 0.05791062962113124
125.97497325134464 6.811078120825661 -0.037458889707062334 0.05759567417175324
135.66535580914933 6.845412719212648 -0.037257709637193 0.05727822234282044
145.35573836695403 6.878062893228165 -0.03705892414851086 0.05696462986981106
155.04612092475872 6.909197457342797 -0.03686248817140511 0.05665482295995587
164.73650348256342 6.938959636552825 -0.03666835779269858 0.056348729736444204
174.42688604036812 6.967472156913112 -0.03647649021830363 0.05604628017597332
184.1172685981728 6.994841105674234 -0.036286843737324624 0.05574740604873634
193.8076511559775 7.021158905847817 -0.03609937768754211 0.05545204086073715
203.4980337136658 7.046506641361666 -0.035914052422218755 0.05516011979833199
213.1884162714705 7.07095589799055 -0.03573082927815543 0.054871579674876436
222.87879882927518 7.0945702377900135 -0.03554967054497468 0.05458635887943642
232.56918138707988 7.117406392381352 -0.035370539435534455 0.054304397327403026
242.25956394488458 7.139515237899317 -0.03519340005745509 0.054025636412979104
251.94994650268927 7.160942598486412 -0.035018217385698484 0.053750018963435425
261.64032906049397 7.2194113677109035 -0.034883624675131765 0.05347748919506277
271.33071161829866 7.273632461583403 -0.034711969215747075 0.05320799267074762
281.02109417610336 7.323913873606142 -0.03454217448712839 0.05294147625910086
290.71147673390806 7.3707863700662966 -0.034385182589344775 0.05267788809507461
300.40185929171275 7.414677362970294 -0.0342189332754201 0.052417177542002986
310.09224184951745 7.455936619497819 -0.03409500845144728 0.052161076203112534
319.78262440732215 7.494854336255851 -0.03393152645082876 0.05190597177884017
329.47300696512684 7.531674173470626 -0.033774113385214584 0.05165358896960039
339.16338952293154 7.56660286220917 -0.033614446341092744 0.05140389298481939
348.85377208073623 7.599817421128173 -0.03345643731313386 0.05115683880209449
358.54415463854093 7.63147066834481 -0.03330005907245474 0.05091238242652172
368.2345371963456 7.661695493632403 -0.0331452850016422 0.05067048086117772
377.9249197541503 7.690608213774761 -0.0330025219163058 0.05043109207861907
387.6153023118386 7.718311239586421 -0.03285973118921138 0.050194174993361804
397.3056848696433 7.744895219170593 -0.03270947445316485 0.049959689435284185
406.996067427448 7.7704407777477895 -0.03256072325041798 0.04972759612395935
416.6864499852527 7.795019943243884 -0.03241345372779413 0.049497856643824126
426.3768325430574 7.81869732452212 -0.03226764254926446 0.04927043342019406
436.0672151008621 7.841531092980774 -0.03212326688178164 0.049045289696074135
445.7575976586668 7.863573806367497 -0.03203543658030487 0.04882238950973772
455.4479802164715 7.88487310485866 -0.03189345766732557 0.04860169767304385
465.1383627742762 7.905472302860058 -0.03178343103985366 0.04838317975046466
474.82874533208087 7.92541089500503 -0.031643957510987336 0.048166802038795864
484.51912788988557 7.94472499103076 -0.03150582143228122 0.04795253154752429
494.20951044769026 7.963447691296959 -0.0313690025208065 0.04774033597982786
503.89989300549496 7.981609412450797 -0.031233480915168296 0.047530183714184306
513.5902755632997 7.9992381709756755 -0.031125411880201077 0.04732204378656563
523.2806581211044 8.01635983096966 -0.03099223358656169 0.04711588587319708
532.971040678909 8.032998321393881 -0.03086029827009256 0.04691168027385928
542.6614232367137 8.049175827146096 -0.030729587586170417 0.04670939789571392
552.3518057945184 8.06491295760038 -0.030600083561437636 0.04650901023763391
562.0421883523231 8.08022889567386 -0.030948815975042423 0.04635044025881776
571.7325709101278 8.095141530006364 -0.030818165067125734 0.04615346507088759
581.4229534678161 8.109667572448004 -0.030688720240025176 0.04595830678885673
591.1133360256208 8.123822662726933 -0.030560463799919346 0.045764939037972435
600.8037185834255 8.137621461896194 -0.030469609558479258 0.0455733359664834
610.4941011412302 8.151077735938804 -0.030343411047331254 0.04538347223253135
620.1844836990349 8.164204430714202 -0.030218353868053636 0.0451953229914495
629.8748662568396 8.177013739272263 -0.030094421621124485 0.04500886388343969
639.5652488146443 8.189517162423723 -0.029971598232577303 0.044824071021617194
649.255631372449 8.201725563340077 -0.02984986794573239 0.04464092098041048
658.9460139302537 8.213649216856886 -0.02972921531318482 0.04445939078430375
668.6363964880584 8.225297854069483 -0.02960962518903956 0.04427945789691012
678.3267790458631 8.23668070273695 -0.029491082721384655 0.044101100210364494
688.0171616036678 8.247806523947295 -0.029373573344993867 0.04392429603502487
697.7075441614725 8.258683645442146 -0.02925708277425049 0.04374902408947178
707.3979267192772 8.269319991952104 -0.029141596996284314 0.043575263490795976
717.0883092770819 8.27972311285274 -0.029027102264314188 0.04340299374516422
726.7786918348866 8.289900207415576 -0.028913585091188913 0.043232194738654264
736.4690743926913 8.299858147896938 -0.02880103224311945 0.04306284672835004
746.159456950496 8.30960350068043 -0.028689430733595596 0.042894930333688075
755.8498395083006 8.31914254566474 -0.02857876781748102 0.04272842652804739
765.5402220659889 8.328481294067352 -0.02846903098528136 0.042563316630576414
775.2306046237936 8.337625504796959 -0.028360207957572003 0.04239958229823763
784.9209871815983 8.346580699528824 -0.02825228667959925 0.04223720551809218
794.611369739403 8.35535217660673 -0.02814525531602329 0.04207616859977761
804.3017522972077 8.363945023878602 -0.02803910224581733 0.04191645416820188
813.9921348550124 8.372364130563911 -0.027933816057310122 0.04175804515643474
823.6825174128171 8.380614198240144 -0.027829385543368147 0.04160092479879252
833.3728999706218 8.388699751027053 -0.027722272207734502 0.04144522830327492
843.0632825284265 8.39662514503918 -0.0276195463119228 0.04129063500627117
852.7536650862312 8.404394577170473 -0.027517643267062443 0.041137281823918674
862.4440476440359 8.412012093268238 -0.027416552647010872 0.040985153129661
872.1344302018406 8.419481595748326 -0.027316264207771355 0.040834233566313424
881.8248127596453 8.426806850698275 -0.027216767883430592 0.04068450804018533
891.51519531745 8.433991494510748 -0.027118053782206806 0.04053596171535716
901.2055778752547 8.441039040085592 -0.027020112182604437 0.04038858000810743
910.8959604330594 8.447952882635242 -0.02692293352967239 0.04024234858148494
920.5863429908641 8.454736305124959 -0.026826508431362153 0.04009725334002196
930.2767255486688 8.461392483376551 -0.02673082765498298 0.039953280424584
939.9671081064735 8.467924490861549 -0.026635882123750884 0.03981041620735227
949.6574906641617 8.474335303207456 -0.026541662913429704 0.03966864728693601
959.3478732219664 8.480627802439113 -0.026448161249054705 0.03952796048360143
969.0382557797711 8.486804780973644 -0.02635536850175282 0.0393883428346383
978.7286383375758 8.49286894538852 -0.02626327618563434 0.03924978158982704
988.4190208953805 8.498822919977947 -0.026171875954770527 0.03911226420702826
998.1094034531852 8.504669250113048 -0.02608115960024785 0.03897577834788109
