-1007.7997860111063 9.977538083990336 -0.0002916511670920924 1.1500694375430643e-07
-998.1094034533016 9.977538083990336 -0.00028764854309492547 1.1304485661075189e-07
-988.4190208954969 9.977538083990336 -0.00028377338889592606 1.1114859519769741e-07
-978.7286383376922 9.977538083990336 -0.00028001913523874214 1.0931490160045846e-07
-969.0382557798875 9.977538083990336 -0.0002763796873060154 1.0754072940685292e-07
-959.3478732220829 9.977538083990336 -0.00027284938028417397 1.0582322681835978e-07
-949.6574906642782 9.977538083990336 -0.00026942294005283046 1.0415972135373955e-07
-939.9671081064735 9.977538083990336 -0.00026609544829857577 1.0254770597296671e-07
-930.2767255486688 9.977538083990336 -0.0002628623114629946 1.009848264704232e-07
-920.5863429908641 9.977538083990336 -0.00025971923302532804 9.946887000320097e-08
-910.8959604330594 9.977538083990336 -0.0002566621886951656 9.799775463757883e-08
-901.2055778752547 9.977538083990336 -0.0005451388289555363 9.65695198095359e-08
-891.51519531745 9.977538083990336 -0.0005347445194043289 9.518231760758181e-08
-881.8248127596453 9.977538083990336 -0.0005248017337719738 9.383440479606454e-08
-872.1344302018406 9.977538083990336 -0.000515279724648935 9.252413550701165e-08
-862.4440476440359 9.977538083990336 -0.0005061505632235798 9.124995453556863e-08
-852.7536650862312 9.977538083990336 -0.000497388818227628 9.00103911822329e-08
-843.0632825285429 9.977538083990336 -0.0005121003703863517 8.880405358984905e-08
-833.3728999707382 9.977538083990336 -0.0005034161702754563 8.762962353037441e-08
-823.6825174129335 9.977538083990336 -0.0004950647936793193 8.648585159953974e-08
-813.9921348551288 9.977538083990336 -0.0004870262279076 8.537155278334763e-08
-804.3017522973241 9.977538083990336 -0.0004792820862780869 8.428560236256397e-08
-794.6113697395194 9.977538083990336 -0.0004718154431866406 8.322693212623216e-08
-784.9209871817147 9.977538083990336 -0.00047613858861198855 8.219452686668597e-08
-775.23060462391 9.977538083990336 -0.0004688862373722501 8.118742113242558e-08
-765.5402220661053 9.977538083990336 -0.0004618827352037683 8.020469621689052e-08
-755.8498395083006 9.977538083990336 -0.00045511463474736606 7.924547736300697e-08
-746.159456950496 9.977538083990336 -0.0004711499752769948 7.830893116628877e-08
-736.4690743926913 9.977538083990336 -0.00046423371352069304 7.739426315969023e-08
-726.7786918348866 9.977538083990336 -0.0004575473798652251 7.650071556596473e-08
-717.0883092770819 9.977538083990336 -0.00045107881444982436 7.562756520383179e-08
-707.3979267192772 9.977538083990336 -0.0004448167424071415 7.477412153582044e-08
-697.7075441614725 9.977538083990336 -0.00043875069181287767 7.393972484705174e-08
-688.0171616036678 9.977538083990336 -0.0004328709208740673 7.312374454444363e-08
-678.3267790458631 9.977538083990336 -0.00042716835313315576 7.232557756733912e-08
-668.6363964880584 9.977538083990336 -0.0004216345196507891 7.154464690109048e-08
-658.9460139303701 9.977538083990336 -0.0004162615072842831 7.07804001859845e-08
-649.2556313725654 9.977538083990336 -0.0004110419123065113 7.003230841428799e-08
-639.5652488147607 9.977538083990336 -0.0004059687987185475 6.929986470904231e-08
-629.874866256956 9.977538083990336 -0.0004010356606972303 6.858258317889281e-08
-620.1844836991513 9.977538083990336 -0.000512863956096449 6.787999784310965e-08
-610.4941011413466 9.977538083990336 -0.0005051835265171359 6.71916616219245e-08
-600.8037185835419 9.977538083990336 -0.0004977772004716023 6.651714538803078e-08
-591.1133360257372 9.977538083990336 -0.0004906287409974617 6.585603707441167e-08
-581.4229534679325 9.977538083990336 -0.00048372326826843284 6.520794083472321e-08
-571.7325709101278 9.977538083990336 -0.0004770471138520378 6.457247625309151e-08
-562.0421883523231 9.977538083990336 -0.000470587693912276 6.394927759945752e-08
-552.3518057945184 9.977538083990336 -0.00046433339849275815 6.33379931276319e-08
-542.6614232367137 9.977538083990336 -0.00045827349450587286 6.273828441328847e-08
-532.971040678909 9.977538083990336 -0.00045239804045061406 6.214982572926858e-08
-523.2806581211044 9.977538083990336 -0.000446697811205064 6.157230345556556e-08
-513.5902755632997 9.977538083990336 -0.00044116423150412486 6.10054155219688e-08
-503.89989300549496 9.977538083990336 -0.00043578931693064423 6.044887088130065e-08
-494.20951044769026 9.977538083990336 -0.000430565621427718 5.990238901108808e-08
-484.51912788988557 9.977538083990336 -0.0004254861904889456 5.936569944212635e-08
-474.82874533208087 9.977538083990336 -0.0004205445193074713 5.8838541312087606e-08
-465.1383627743926 9.977538083990336 -0.0004157345152684149 5.832066294280498e-08
-455.4479802165879 9.977538083990336 -0.00041105046425592303 5.78118214395189e-08
-445.7575976587832 9.977538083990336 -0.00040648700032057535 5.73117823110883e-08
-436.0672151009785 9.977538083990336 -0.0004020390783127918 5.682031910966328e-08
-426.3768325431738 9.977538083990336 -0.000397701949142444 5.633721308873855e-08
-416.6864499853691 9.977538083990336 -0.00039347113736831806 5.5862252878546936e-08
-406.9960674275644 9.977538083990336 -0.00038934242085961705 5.539523417765445e-08
-397.3056848697597 9.977538083990336 -0.00038531181230424996 5.493595945997995e-08
-387.615302311955 9.977538083990336 -0.0003813755423666681 5.448423769624916e-08
-377.9249197541503 9.977538083990336 -0.0003775300443221045 5.403988408900116e-08
-368.2345371963456 9.977538083990336 -0.00037377194001488127 5.360271982063795e-08
-358.54415463854093 9.977538083990336 -0.0004203540948573226 5.317257181337116e-08
-348.85377208073623 9.977538083990336 -0.00047885979492945754 5.274927250080962e-08
-339.16338952293154 9.977538083990336 -0.0004724732080445937 5.233265961034188e-08
-329.47300696512684 9.977538083990336 -0.00046630533498863663 5.1922575955645264e-08
-319.78262440732215 9.977538083990336 -0.001555342711190855 0.0002080504284631024
-310.09224184951745 9.977538083990336 -0.0015213934911019887 0.00020269700645463105
-300.40185929171275 9.977538083990336 -0.0014890411616446106 0.00019761220653300435
-290.71147673390806 9.977538083990336 -0.0014581718323201376 0.00019277630461656895
-281.0210941762198 9.977538083990336 -0.0014286823313091656 0.0001881714615462489
-271.3307116184151 9.977538083990336 -0.0016110375066566802 0.00020191621139394029
-261.6403290606104 9.977538083990336 -0.0015786650162430448 0.00019726399335958416
-251.9499465028057 9.977538083990336 -0.0022344556404404053 0.0002846118075474897
-242.259563945001 9.977538083990336 -0.0021871541911531 0.00027801047335919573
-232.5691813871963 9.977538083990336 -0.0021419509343193143 0.0002717101485830001
-222.8787988293916 9.977538083990336 -0.00209870556677882 0.00026569059133036284
-213.1884162715869 9.977538083990336 -0.0020572901879453986 0.000259933344439503
-203.4980337137822 9.977538083990336 -0.002017587947629296 0.00025442154202307796
-193.8076511559775 9.977538083990336 -0.0019794918680672087 0.0002491397407656392
-184.1172685981728 9.977538083990336 -0.002840809813346129 0.00024407377233709625
-174.42688604036812 9.977538083990336 -0.0027823047114587515 0.00023921061388820533
-164.73650348256342 9.977538083990336 -0.0027381983706452643 0.00023510730613288754
-155.04612092475872 9.977538083990336 -0.002684254768234046 0.00023059996792881764
-145.35573836695403 9.977538083990336 -0.007798434442106927 0.002415508969341398
-135.66535580914933 9.977538083990336 -0.007617229327445397 0.0023555792632820576
-125.97497325134464 9.977538083990336 -0.007521788935038186 0.002302688959816395
-116.28459069353994 9.977538083990336 -0.007355004967531755 0.002248287535903361
-106.59420813573524 9.977538083990336 -0.007195676862639884 0.0021964131141294836
-96.90382557804696 9.977538083990336 -0.007043308332128652 0.002146892834011114
-87.21344302024227 9.977538083990336 -0.006897446567077196 0.002099569300466333
-77.52306046243757 9.977538083990336 -0.006757677549714864 0.002054298888055149
-67.83267790463287 9.977538083990336 -0.006623621961694193 0.002010950263930907
-58.14229534682818 9.977538083990336 -0.0064949316018443675 0.0019694030972520512
-48.45191278902348 9.977538083990334 -0.006371286240648704 0.0019295469281215324
-38.761530231218785 9.977538083990334 -0.006252390850365762 0.0018912801734844366
-29.07114767341409 9.977538083990332 -0.0061379731593088314 0.001854509250994285
-19.380765115609393 9.97753808399033 -0.006027781486728331 0.0018191478048119089
-9.690382557804696 9.977538083990327 -0.0059215828213208255 0.0017851160197469803
0.0 9.977538083990321 -0.005819161111867994 0.001752340012186209
9.690382557804696 7.126109989669664 -0.02821859655280097 0.037806701868214575
19.380765115609393 7.255489255644597 -0.027551715722915503 0.036859703532080484
29.07114767341409 7.353714490652233 -0.02691635884993561 0.03595917393331909
38.761530231218785 7.434725492033609 -0.026310311335992473 0.0351017656773063
48.45191278902348 7.5044369089181195 -0.025731563133983247 0.034284445911828124
58.14229534682818 7.566014392607022 -0.025178285522453804 0.03350446018444126
67.83267790463287 7.621385967883526 -0.024638015734255836 0.03275960566613614
77.52306046243757 7.671828337910127 -0.024251046303461483 0.032052210719358834
87.21344302012585 7.718238244485703 -0.023761943762266178 0.031369898796364926
96.90382557793055 7.761273824767938 -0.02329258384086499 0.030716126996544735
106.59420813573524 7.8014348233438415 -0.02284899987135627 0.030089701144352762
116.28459069353994 7.839111169553569 -0.022592174380213305 0.029499903434555327
125.97497325134464 7.874613946290816 -0.02224177357428532 0.02892143384958899
135.66535580914933 7.908195971787172 -0.02183408782915506 0.028365283771706853
145.35573836695403 7.940065957439424 -0.021441376220705712 0.027830183035210666
155.04612092475872 7.9703985332375105 -0.021062817746140255 0.02731495621459148
164.73650348256342 7.999341524967323 -0.02069765093639942 0.02681851394226149
174.42688604036812 8.027021350838067 -0.0203451685130551 0.026339845164790873
184.1172685981728 8.053547099023604 -0.020004712614437252 0.02587801022130314
193.8076511559775 8.079013659695168 -0.019675670521037268 0.02543213464388895
203.4980337137822 8.103504166225187 -0.019357470819945304 0.02500140359360799
213.1884162715869 8.127091922970235 -0.01904957995629346 0.024585056857280563
222.8787988293916 8.149841945613945 -0.018751499126644304 0.024182384340170445
232.5691813871963 8.171812205089342 -0.0184627614751943 0.02379272199810872
242.259563945001 8.193054641874125 -0.018182929558722825 0.02341544815983949
251.9499465028057 8.21361600037267 -0.017911593050550813 0.023049980196572447
261.6403290606104 8.233538520866695 -0.017648366657492514 0.02269577150106579
271.33071161829866 8.252860517629507 -0.017392888226989013 0.022352308743170332
281.02109417610336 8.271616865258773 -0.017534903931186247 0.022019109372717397
290.71147673390806 8.289839410403651 -0.01728381855174279 0.021695719344168276
300.40185929171275 8.307557322397908 -0.017040026903617736 0.02138171104029445
310.09224184951745 8.324797393506767 -0.01680320596223579 0.021076681374909666
319.78262440732215 8.34158429735117 -0.016573052226474237 0.02078025005686242
329.47300696512684 8.357940812405026 -0.01634928019473185 0.02049205799951403
339.16338952293154 8.373888016157824 -0.016131620989792067 0.020211765861665034
348.85377208073623 8.389445454507845 -0.01591982111472796 0.0199390527074193
358.54415463854093 8.404631290135413 -0.01571364132462726 0.019673614773819504
368.2345371963456 8.419462432953729 -0.015512855601025432 0.01941516433626996
377.9249197541503 8.433954655209924 -0.015317250217703467 0.01916342866280645
387.615302311955 8.448122693384244 -0.015955869684340478 0.018918149049195754
397.3056848697597 8.461980338689356 -0.01574891160922905 0.01867907992766407
406.9960674275644 8.475540517688408 -0.015732566797984005 0.01844598804277747
416.6864499853691 8.488815364317436 -0.015531880648524402 0.018218651688641615
426.3768325431738 8.501816284404827 -0.01533660818014069 0.017996860002159578
436.0672151009785 8.514554013620355 -0.015146513349103488 0.017780412307596683
445.7575976587832 8.52703866965252 -0.014961375105680836 0.01756911750815635
455.4479802165879 8.540180110476792 -0.014780986096009434 0.01736279352067713
465.1383627742762 8.563409271502747 -0.014605151508318861 0.017161266749927455
474.82874533208087 8.58580695920217 -0.014433688043950845 0.016964371599283396
484.51912788988557 8.607428861932432 -0.014266422996746709 0.01677195001491794
494.20951044769026 8.628325288721426 -0.014103193426838469 0.016583851060808237
503.89989300549496 8.648541840664697 -0.013943845417046527 0.016399930522188327
513.5902755632997 8.668119979113268 -0.013788233401779197 0.016220050535236515
523.2806581211044 8.687097509413778 -0.01363621955979119 0.016044079240995556
532.971040678909 8.705508995062589 -0.013487673263367469 0.015871890461694658
542.6614232367137 8.72338611414092 -0.013342470577516556 0.015703363397798355
552.3518057945184 8.740757967577572 -0.013200493803616813 0.015538382344249672
562.0421883523231 8.757651346973335 -0.013061631062686568 0.015376836424502478
571.7325709101278 8.77409096829363 -0.012925775914068151 0.015218619341054954
581.4229534679325 8.790099676604125 -0.012792827005843627 0.015063629141301195
591.1133360257372 8.805698626119772 -0.012662687753752592 0.014911767997614206
600.8037185835419 8.820907439111126 -0.01253526604577061 0.014762942000660726
610.4941011413466 8.835744346624104 -0.01241047396984199 0.014617060965027791
620.1844836991513 8.850226313491184 -0.01228822756255008 0.014474038246313384
629.874866256956 8.864369149721233 -0.012168446576759383 0.014333790568899624
639.5652488147607 8.878187610033576 -0.012051054266482144 0.014196237863687258
649.255631372449 8.891695483036354 -0.011935977187414007 0.014061303115126952
658.9460139302537 8.904905671329754 -0.011823145011740078 0.013928912216922067
668.6363964880584 8.917830263627753 -0.011712490355987908 0.013798993835857719
678.3267790458631 8.93048059984351 -0.011603948620783695 0.013671479283196526
688.0171616036678 8.94286732994877 -0.011497457841529675 0.013546302393177145
697.7075441614725 8.955000467311574 -0.01139295854909136 0.013423399408153082
707.3979267192772 8.966889437123113 -0.01129039363968128 0.013302708869953455
717.0883092770819 8.978543120445869 -0.011189708253203017 0.013184171517075781
726.7786918348866 8.989969894348217 -0.011090849659389005 0.01306773018734872
736.4690743926913 9.00117766853299 -0.010993767151127466 0.012953329725727871
746.159456950496 9.012173918818242 -0.010898411944429443 0.012840916896911579
755.8498395083006 9.022965717785997 -0.010804737084536305 0.012730440302485133
765.5402220661053 9.033559762877681 -0.01071269735771252 0.012621850302321767
775.23060462391 9.04396240218346 -0.010622249208308213 0.012515098939987411
784.9209871817147 9.054179658144717 -0.010533350660712015 0.012410139871913115
794.6113697395194 9.064217249364894 -0.010445961245846682 0.012306928300114905
804.3017522973241 9.074080610702763 -0.010360041931889273 0.01220542090825539
813.9921348551288 9.083774911803738 -0.01027555505892379 0.012105575800855025
823.6825174129335 9.09330507420861 -0.010192464277258003 0.012007352445473303
833.3728999706218 9.102675787164628 -0.010110734489158653 0.011910711617693175
843.0632825284265 9.111891522252067 -0.010030331793772005 0.011815615348744432
852.7536650862312 9.120956546925866 -0.0099512234350349 0.011722026875636235
862.4440476440359 9.129874937066038 -0.009873377752363403 0.01162991059363774
872.1344302018406 9.138650588617672 -0.009796764133955192 0.011539232010994792
881.8248127596453 9.147287228396127 -0.00972135297253456 0.011449957705754668
891.51519531745 9.155788424124951 -0.009647115623388176 0.011362055284586135
901.2055778752547 9.164157593768245 -0.009574024364549813 0.01127549334348804
910.8959604330594 9.172398014213352 -0.009502052359002675 0.011190241430286107
920.5863429908641 9.180512829354942 -0.009431173618777274 0.011106270008823742
930.2767255486688 9.18850505762688 -0.009361362970831451 0.011023550424758081
939.9671081064735 9.196377599024393 -0.009292596024607103 0.010942054872878016
949.6574906642782 9.20413324165528 -0.009224849141165422 0.010861756365865704
959.3478732220829 9.211774667855634 -0.009158099403809256 0.010782628704427703
969.0382557798875 9.219304459902638 -0.00909232459010723 0.010704646448726108
978.7286383376922 9.226725105354177 -0.009027503145240165 0.010627784891044236
988.4190208954969 9.234039002042662 -0.008963614156595424 0.010552020029624893
998.1094034533016 9.2412484627482 -0.008900637329539803 0.010477328543623078
