-1007.7997860109899 8.236171422928836 -0.016147159432803707 0.04394733616267446
-998.1094034533016 8.243141000585547 -0.016061454277551436 0.04371448144849394
-988.4190208954969 8.250191595172097 -0.015976655232972186 0.04348408140268151
-978.7286383376922 8.25730947714162 -0.01589274799021766 0.04325609741277885
-969.0382557798875 8.264481891539958 -0.01580971854040188 0.04303049167197622
-959.3478732220829 8.271697006235225 -0.015727553166776966 0.04280722715821091
-949.6574906642782 8.278943861152923 -0.015646238437151662 0.04258626761391076
-939.9671081064735 8.286212318831623 -0.01556576119654493 0.042367577526361534
-930.2767255486688 8.293493016534107 -0.015486108560066124 0.042151122108676595
-920.5863429908641 8.300777320083386 -0.015407267906013636 0.041936867281346865
-910.8959604330594 8.308057279539838 -0.015329226869184162 0.041724779654350896
-901.2055778752547 8.315325586792472 -0.015251973334385226 0.04151482650980491
-891.51519531745 8.322575535102601 -0.015175495430143727 0.04130697578513453
-881.8248127596453 8.329800980610315 -0.01509978152260364 0.041101196056749154
-872.1344302018406 8.33699630579204 -0.015024820209606231 0.040897456524202395
-862.4440476440359 8.344156384840039 -0.01495060031494657 0.04069572699482104
-852.7536650862312 8.351276550921298 -0.01487711088280006 0.04049597786878715
-843.0632825284265 8.358352565262981 -0.014804341172313289 0.04029818012465693
-833.3728999706218 8.365380588004042 -0.014732280652353512 0.04010230530530251
-823.6825174128171 8.372357150747225 -0.014660918996411332 0.03990832550426154
-813.9921348551288 8.379279130741965 -0.014590246077652327 0.03971621335248338
-804.3017522973241 8.386143726627088 -0.014520251964107432 0.03952594200544508
-794.6113697395194 8.392948435659527 -0.014450926914010072 0.03933748513065859
-784.9209871817147 8.399691032358028 -0.01438226137125843 0.03915081689551121
-775.23060462391 8.406369548488671 -0.0143142459610111 0.03896591195546193
-765.5402220661053 8.412982254321985 -0.014246871485406883 0.03878274544256827
-755.8498395083006 8.419527641092587 -0.014180128919405259 0.03860129295433562
-746.159456950496 8.426004404594408 -0.014114009406743776 0.03842153054287793
-736.4690743926913 8.432411429846875 -0.014048504256008421 0.03824343470437998
-726.7786918348866 8.438747776769887 -0.013983604936813335 0.03806698236885147
-717.0883092770819 8.445012666808045 -0.013919303076086341 0.03789215089016346
-707.3979267192772 8.451205470447205 -0.013855590454456876 0.03771891803635809
-697.7075441614725 8.457325695569143 -0.013792459002743054 0.03754726198022312
-688.0171616036678 8.463372976592817 -0.013729900798534703 0.03737716129012252
-678.3267790458631 8.469347064353288 -0.013667908062869272 0.03720859492107533
-668.6363964880584 8.475247816672034 -0.013606473156997794 0.03704154220607484
-658.9460139302537 8.481075189574847 -0.013545588579237924 0.03687598284764067
-649.255631372449 8.486829229116003 -0.013485246961911465 0.036711896909596226
-639.5652488146443 8.49251006376973 -0.013425441068363636 0.03654926480906502
-629.874866256956 8.498117897352193 -0.01336616379006234 0.03638806730868058
-620.1844836991513 8.503653002439865 -0.013307408143770643 0.036228285508992
-610.4941011413466 8.509115714250822 -0.013249167268800837 0.036069900841087986
-600.8037185835419 8.514506424959794 -0.013191434424333555 0.03591289505939444
-591.1133360257372 8.519825578417377 -0.01313420298681035 0.03575725023466884
-581.4229534679325 8.525073665246929 -0.013077466447393485 0.03560294874717416
-571.7325709101278 8.530251218293945 -0.013021218409491418 0.03544997328002884
-562.0421883523231 8.535358808404338 -0.012965452586348158 0.035298306812727415
-552.3518057945184 8.540397040509552 -0.012910162798694497 0.035147932614826745
-542.6614232367137 8.545366549997835 -0.01285534297245929 0.034998834239793226
-532.971040678909 8.55026799935236 -0.01284769248889259 0.034854386211841254
-523.2806581211044 8.55510207503811 -0.012793449773568473 0.034707766202642806
-513.5902755632997 8.559869484620624 -0.012739664466070062 0.0345623746882532
-503.89989300549496 8.564570954100807 -0.012686330780884806 0.03441819629127698
-494.20951044769026 8.56920722545105 -0.012633443030288656 0.03427521588994493
-484.51912788988557 8.573779054338853 -0.012580995622267612 0.03413341861282276
-474.82874533208087 8.578287208025104 -0.012528983058492925 0.033992789833650616
-465.1383627742762 8.582732463424946 -0.012477399932348292 0.03385331516630986
-455.4479802164715 8.587115605320049 -0.01242624092700746 0.03371498045991336
-445.7575976587832 8.591437424711712 -0.012375500813561285 0.03357777179401746
-436.0672151009785 8.595698717305366 -0.012325174449189215 0.03344167547394229
-426.3768325431738 8.599900282116536 -0.012275256775382755 0.033306678026221996
-416.6864499853691 8.604042920190818 -0.012225742816207493 0.033172766194148356
-406.9960674275644 8.608127433429104 -0.012176627676611429 0.033039926933429886
-397.3056848697597 8.612154623511017 -0.01212790654077468 0.03290814740795322
-387.615302311955 8.61612529090952 -0.01207957467049998 0.032777414985645625
-377.9249197541503 8.620040233990316 -0.012031627403642671 0.03264771723443586
-368.2345371963456 8.62390024818998 -0.011984060152579227 0.03251904191831069
-358.54415463854093 8.627706125267244 -0.011936868402712924 0.03239137699346418
-348.85377208073623 8.631458652622216 -0.011890047711015905 0.032264710604537714
-339.16338952293154 8.635158612678627 -0.011843593704606296 0.03213903108094772
-329.47300696512684 8.638806782324586 -0.01179750207935958 0.03201432693329909
-319.78262440732215 8.642403932407635 -0.011751768598553177 0.0318905868498818
-310.09224184951745 8.645950827280096 -0.011706389091543264 0.031767799693248555
-300.40185929171275 8.649448224391108 -0.011661359452473012 0.03164595449687123
-290.71147673390806 8.652896873921872 -0.011616675639011273 0.03152504046187403
-281.02109417610336 8.656297518460933 -0.011572333671120948 0.03140504695384135
-271.33071161829866 8.659650892716552 -0.011528329629856122 0.03128596349969826
-261.6403290606104 8.662957723263311 -0.0114846596561878 0.031167779784663216
-251.9499465028057 8.666218728320656 -0.011441319949854256 0.031050485649262497
-242.259563945001 8.669434617560357 -0.011398306768243134 0.03093407108642603
-232.5691813871963 8.672606091941462 -0.011355616425294087 0.030818526238634226
-222.8787988293916 8.67573384357005 -0.011313245290429149 0.030703841395135593
-213.1884162715869 8.67881855558211 -0.011271189787506967 0.03059000698922489
-203.4980337137822 8.681860902047687 -0.011248619354751023 0.030477447187404937
-193.8076511559775 8.684861547894634 -0.011207042882745755 0.03036528231459089
-184.1172685981728 8.68782114885041 -0.011165773710411721 0.030253940064234753
-174.42688604036812 8.690740351400457 -0.011124808423919113 0.030143411418754377
-164.73650348256342 8.693619792761854 -0.01108414366030442 0.03003368749190933
-155.04612092475872 8.696460100870947 -0.01104377610651084 0.029924759526417717
-145.35573836695403 8.699261894383838 -0.011170984454861737 0.029827033719580752
-135.66535580914933 8.702025782688612 -0.011129968633045526 0.02971959514719899
-125.97497325134464 8.70475236592834 -0.01108925841377826 0.029612928138274437
-116.28459069353994 8.7074422350339 -0.011048850281338767 0.029507024404066676
-106.59420813573524 8.71009597176577 -0.011008740776776025 0.02940187577433423
-96.90382557793055 8.712714148763975 -0.010968926496668165 0.029297474195217547
-87.21344302012585 8.715297329605463 -0.010929404091917647 0.029193811727167635
-77.52306046232115 8.717846068868203 -0.010890170266581158 0.029090880542918914
-67.83267790463287 8.720360912201379 -0.010882707273238862 0.028990043878311205
-58.14229534682818 8.722842396401191 -0.010934548763246324 0.028894573236529008
-48.45191278902348 8.725291049491345 -0.010895264278852715 0.028793735623593848
-38.761530231218785 8.727707390808286 -0.010856268798227259 0.028693599864320518
-29.07114767341409 8.730091931090252 -0.010817558989971693 0.028594158646626296
-19.380765115609393 8.732445172569907 -0.010825800437722207 0.028497209435269955
-9.690382557804696 8.734767609070122 -0.010787307462236459 0.028399122437793824
0.0 8.737059726102514 -0.01074909554559759 0.02830170884307565
9.690382557804696 1.867834514677286 -0.09000669630451724 0.15699377185648208
19.380765115609393 2.209871883533606 -0.08938638064376558 0.15595135618060033
29.07114767341409 2.474985981153787 -0.0887748366626225 0.15492339904905336
38.761530231218785 2.697152358627144 -0.08817187662725678 0.1539095939007942
48.45191278902348 2.890869597180525 -0.08757731816410563 0.15290964288977732
58.14229534682818 3.0639330187261393 -0.08699098406922783 0.1519232565756007
67.83267790463287 3.221109412900126 -0.08641270212575033 0.15095015362727002
77.52306046243757 3.365566960174272 -0.08584230492900963 0.14999006053943845
87.21344302024227 3.499538746166955 -0.08527962971901179 0.1490427113605134
96.90382557804696 3.624669188398756 -0.08472451821985644 0.1481078474320541
106.59420813585166 3.7422110260820913 -0.08417681648578824 0.14718521713891608
116.28459069353994 3.8531448526564924 -0.08363637475356589 0.1462745756696389
125.97497325134464 3.958255460218078 -0.083109527036626 0.14537585191162727
135.66535580914933 4.0581826666329475 -0.08258312444833289 0.1444884785025845
145.35573836695403 4.153456336877617 -0.08206355697344547 0.14361239807014975
155.04612092475872 4.244521221803338 -0.08155069020334065 0.14274739080909754
164.73650348256342 4.33175501542228 -0.08104439325885457 0.14189324265712652
174.42688604036812 4.41548176535433 -0.08054453867472743 0.141049745107285
184.1172685981728 4.495982019545455 -0.08005100228856742 0.14021669502772452
193.8076511559775 4.573500630587435 -0.07956366313412885 0.13939389448844852
203.4980337137822 4.64825284646997 -0.07908240333871043 0.13858115059474196
213.1884162715869 4.720429126299263 -0.07860710802448818 0.13777827532698167
222.8787988293916 4.790198992737724 -0.07813766521360899 0.13698508538654436
232.5691813871963 4.857714146644752 -0.0776739657368775 0.13620140204754247
242.259563945001 4.92311263654106 -0.07723088546515444 0.13542737805977118
251.9499465028057 5.114297391767752 -0.07677824548662389 0.13466218691755777
261.6403290606104 5.29307096721273 -0.07633103894100224 0.1339059922703144
271.3307116184151 5.457151941376086 -0.07588916701186388 0.133158632307546
281.0210941762198 5.608490284484698 -0.07545253328453919 0.13241994912908567
290.7114767340245 5.748657540997245 -0.07502104367327267 0.1316897886268445
300.40185929171275 5.8789434676172565 -0.07596808136407858 0.13117225718022635
310.09224184951745 6.000422746359673 -0.07553650697668711 0.1304571923256616
319.78262440732215 6.114002429807625 -0.07510995518247868 0.1297502313842919
329.47300696512684 6.220456553294146 -0.07468833732847371 0.12905123384008027
339.16338952293154 6.320451947500672 -0.0742715668561195 0.12836006245227594
348.85377208073623 6.4145678627281555 -0.0738595592394333 0.12767658315982475
358.54415463854093 6.503311143507812 -0.07378488600684266 0.1270371229214318
368.2345371963456 6.5871281402088515 -0.0733797093854932 0.1263683694969657
377.9249197541503 6.666414185519045 -0.07297908944575297 0.1257069280792898
387.615302311955 6.7415212248143686 -0.07258294843671229 0.12505267634968734
397.3056848697597 6.812764026956428 -0.07255425549795236 0.12443675542385206
406.9960674275644 6.880425289373795 -0.07216416746775578 0.12379629639021722
416.6864499853691 6.944759871750467 -0.07177837481422723 0.12316267966997739
426.3768325431738 7.00599833560446 -0.07139680573990452 0.12253579342266398
436.0672151009785 7.064349925527591 -0.07101939005583739 0.12191552826677726
445.7575976587832 7.120005097237534 -0.0706460591364635 0.12130177721204241
455.4479802165879 7.1731376747255275 -0.07027674587600342 0.12069443559390247
465.1383627743926 7.223906701507817 -0.06991138464631537 0.12009340101016276
474.8287453321973 7.272458037798819 -0.0695499112561527 0.11949857325970424
484.51912788988557 7.3189257452520735 -0.06919226291177391 0.11890985428319452
494.20951044769026 7.363433293002611 -0.06883837817882721 0.11832714810567871
503.89989300549496 7.406094612518217 -0.0684881969455246 0.11775036078108435
513.5902755632997 7.447015023868243 -0.06814166038697188 0.11717940033842966
523.2806581211044 7.486292052076916 -0.06783392804737315 0.11661513834973482
532.971040678909 7.524016149089957 -0.06749424947536459 0.11605555630405583
542.6614232367137 7.560271334332398 -0.06715805029227692 0.11550153666952767
552.3518057945184 7.595135764763646 -0.06682527640365984 0.11495299486889765
562.0421883523231 7.628682243639427 -0.06649587484255436 0.1144098480556623
571.7325709101278 7.6609786757938885 -0.06616979374005791 0.1138720150696566
581.4229534679325 7.692088476099375 -0.06584698229681238 0.1133394163940095
591.1133360257372 7.722070936800259 -0.06552739075538035 0.11281197411341777
600.8037185835419 7.750981558613719 -0.0652109703734782 0.11228961187369085
610.4941011413466 7.77887234981601 -0.06489767339803433 0.1117722548425215
620.1844836991513 7.805792096963917 -0.06458745304004312 0.11125982967143928
629.874866256956 7.83178661041971 -0.06428026345018636 0.11075226445890543
639.5652488147607 7.856898947438557 -0.06397605969519458 0.11024948871450883
649.2556313725654 7.881169615228295 -0.06367479773492209 0.109751433324225
658.9460139303701 7.904636756092449 -0.06337643440011083 0.10925803051670177
668.6363964881748 7.927336316510725 -0.06308092737081858 0.10876921383053582
678.3267790458631 7.949302201789525 -0.06278823515549208 0.10828491808251192
688.0171616036678 7.970566417725688 -0.062498317070641934 0.10780507933673808
697.7075441614725 7.991159200555182 -0.062211133221150204 0.10732963487473174
707.3979267192772 8.011109136323604 -0.061926644481120126 0.1068585231663108
717.0883092770819 8.03044327068027 -0.061644812475301125 0.10639168384134819
726.7786918348866 8.04918720999346 -0.061365599561048784 0.10592905766232646
736.4690743926913 8.067365214586216 -0.06108896881080519 0.10547058649767205
746.159456950496 8.085000284807766 -0.060814883995082475 0.10501621329584321
755.8498395083006 8.102114240581312 -0.06054330956593199 0.10456588206014686
765.5402220661053 8.11872779500312 -0.06027421064088369 0.10411953782425999
775.23060462391 8.134860622509954 -0.0600075529873397 0.1036771266284338
784.9209871817147 8.15053142208033 -0.05977449670188023 0.10323957609109725
794.6113697395194 8.165757975889504 -0.059540417363252995 0.1028056863336871
804.3017522973241 8.180557203797502 -0.05928045049802847 0.1023747470279158
813.9921348551288 8.194945214013346 -0.05902280051227721 0.10194753472834456
823.6825174129335 8.208937350246302 -0.05877712146743666 0.1015241591027066
833.3728999707382 8.222548235626231 -0.058523940373834495 0.1011042527237577
843.0632825285429 8.235791813649227 -0.05827298487824577 0.10068792818278276
852.7536650863476 8.248681386381532 -0.058024225285928814 0.10027513878664188
862.4440476440359 8.261229650133883 -0.057777632433924135 0.09986583866201938
872.1344302018406 8.27344872880063 -0.05754046498445888 0.09946009073317036
881.8248127596453 8.285350205038096 -0.057298066596856836 0.09905763392673543
891.51519531745 8.296945149446598 -0.057068909853367406 0.09865871030890988
901.2055778752547 8.30824414790162 -0.05683056830791389 0.09826292223724523
910.8959604330594 8.319257327170314 -0.05659425720880573 0.09787040578180474
920.5863429908641 8.32999437893728 -0.05635995030152883 0.097481119624235
930.2767255486688 8.340464582353432 -0.05612762178735058 0.09709502314905881
939.9671081064735 8.350676825212583 -0.05589724631338635 0.0967120764286584
949.6574906642782 8.360639623851952 -0.055668798962927146 0.09633224020864467
959.3478732220829 8.370361141865086 -0.05544358074053354 0.09595550084958696
969.0382557798875 8.379849207708817 -0.05521890678405935 0.09558177030464562
978.7286383376922 8.389111331279445 -0.05499706365583295 0.09521104912558526
988.4190208954969 8.398154719527556 -0.05477607131181977 0.09484327506312848
998.1094034533016 8.406986291175615 -0.054568943872836576 0.09447863235459346
