-1007.7997860109899 9.775192302872604 -0.011600205402634737 0.007524572273876761
-998.1094034531852 9.775865527823012 -0.011485692809642154 0.007424043616264563
-988.4190208954969 9.776537084135851 -0.011374257449099756 0.007326419541052669
-978.7286383376922 9.777206933755021 -0.011265761479760952 0.0072315726801128015
-969.0382557798875 9.777875040295239 -0.011160075486897233 0.007139383062279471
-959.3478732220829 9.778541368963625 -0.011057077837681303 0.007049737582356626
-949.6574906642782 9.77920588648262 -0.010956654095533687 0.0069625295153231195
-939.9671081064735 9.779868561014275 -0.010858696487159364 0.0068776580712955875
-930.2767255486688 9.780529362085867 -0.010807878313715113 0.006795027987307076
-920.5863429908641 9.781188260516814 -0.010713410712110414 0.006714549152389516
-910.8959604330594 9.781845228346903 -0.010621178177782874 0.0066361362628267456
-901.2055778752547 9.782500238765785 -0.010543572833605607 0.00655970850477787
-891.51519531745 9.783153266043765 -0.010455222597803416 0.006485189261764491
-881.8248127596453 9.783804285463846 -0.010392607608864861 0.006413350764769902
-872.1344302018406 9.784453273255057 -0.010307195944958976 0.006342423139341175
-862.4440476440359 9.785100206527046 -0.010228475823855093 0.006273186923188271
-852.7536650862312 9.785745063205969 -0.010147013540049607 0.006205590648924259
-843.0632825284265 9.786387821971651 -0.010067295560909285 0.006139574951449613
-833.3728999706218 9.787027862659796 -0.009989257687193167 0.0060750833257322105
-823.6825174128171 9.787665300815265 -0.009912839056566662 0.006012061955851213
-813.9921348550124 9.788300215332526 -0.009850213708067051 0.005950459556202256
-804.3017522973241 9.7889325038183 -0.009787477954458031 0.0058902272238624395
-794.6113697395194 9.789562051138422 -0.009715006003206583 0.005831318301202755
-784.9209871817147 9.790188728213382 -0.009643967315761923 0.005773688247934488
-775.23060462391 9.79081239085051 -0.009574312645503014 0.005717294521826409
-765.5402220661053 9.791432878632389 -0.009505995171750256 0.005662096467422291
-755.8498395083006 9.792050013881312 -0.009438970341566792 0.005608055212133909
-746.159456950496 9.792663600719097 -0.00944282793473532 0.005555133569144401
-736.4690743926913 9.793273424240716 -0.009376452494666149 0.0055032959466054035
-726.7786918348866 9.793879249818922 -0.009353711084871501 0.005452508262655847
-717.0883092770819 9.794480822555526 -0.009288729881210163 0.005402737865830531
-707.3979267192772 9.795077866893022 -0.009224981192862823 0.00535395346046282
-697.7075441614725 9.795670086398111 -0.009162421841419098 0.00530612503671893
-688.0171616036678 9.796257163726366 -0.009101011005655543 0.005259223804930988
-678.3267790458631 9.796838760774806 -0.009076726257689134 0.005213222133923185
-668.6363964880584 9.7974145190266 -0.009016565742923196 0.005168093493050106
-658.9460139302537 9.79798406008961 -0.008957490763840009 0.005123812397688582
-649.255631372449 9.798546986427938 -0.008899464782148522 0.005080354357944957
-639.5652488146443 9.799102882283265 -0.008842453197701265 0.005037695830358249
-629.8748662568396 9.799651314780423 -0.00898782434254765 0.00500747306351606
-620.1844836990349 9.800191835209594 -0.008927611470174636 0.004966049329215278
-610.4941011413466 9.800723980475443 -0.008868574582315904 0.004925374484696091
-600.8037185835419 9.801247274701943 -0.008810666923135353 0.004885427267695797
-591.1133360257372 9.80176123097984 -0.008812746335604414 0.004846187261053388
-581.4229534679325 9.80226535324275 -0.008755452267018848 0.0048076348468609606
-571.7325709101278 9.802759138256466 -0.008699240698700815 0.004769751164076142
-562.0421883523231 9.803242077705425 -0.008644070016234648 0.004732518069227623
-552.3518057945184 9.803713660359547 -0.008589901252268361 0.004695918099900765
-542.6614232367137 9.80417337430422 -0.00853669784623128 0.004659934440731821
-532.971040678909 9.804620709216033 -0.00848442543202649 0.004624550891674957
-523.2806581211044 9.805055158666738 -0.008433051649800734 0.004589751838335537
-513.5902755632997 9.805476222438095 -0.008382545978517295 0.004555522224188377
-503.89989300549496 9.805883408830496 -0.00833287958656871 0.004521847524520634
-494.20951044769026 9.806276236948715 -0.0082840251980887 0.004488713721957182
-484.51912788988557 9.806654238948653 -0.008235956972972462 0.004456107283441811
-474.82874533208087 9.807016962229632 -0.008188650398905753 0.0044240151385608485
-465.1383627742762 9.807363971557582 -0.008142082193946881 0.004392424659107498
-455.4479802164715 9.807694851105264 -0.008096230218409979 0.00436132363979517
-445.7575976586668 9.808009206396726 -0.008051073394969894 0.004330700280036887
-436.0672151008621 9.80830666614409 -0.00800659163605461 0.00430054316671565
-426.3768325431738 9.808586883965946 -0.007962765777715116 0.0042708412578777374
-416.6864499853691 9.808849539977718 -0.00791957751926367 0.00424158386728448
-406.9960674275644 9.80909434224549 -0.007877009368072441 0.004212760649770918
-397.3056848697597 9.80932102809612 -0.007835044588982591 0.004184361587352
-387.615302311955 9.809529365277562 -0.007793667157858433 0.004156376976033777
-377.9249197541503 9.80971915296464 -0.007752861718866963 0.00412879741328335
-368.2345371963456 9.809890222606723 -0.0077126135451158805 0.004101613786117339
-358.54415463854093 9.810042438615044 -0.007667727531536156 0.004075102123809385
-348.85377208073623 9.810175698888562 -0.007628686927415675 0.0040486767147168735
-339.16338952293154 9.810289935178558 -0.007590155986727079 0.004022621905303878
-329.47300696512684 9.810385113293217 -0.007552122669414356 0.003996929604843654
-319.78262440732215 9.810461233144673 -0.007514575358670741 0.0039715919633572265
-310.09224184951745 9.810518328642038 -0.007477502841830446 0.00394660136239653
-300.40185929171275 9.810556467434846 -0.007440894292175172 0.0039219504062783205
-290.71147673390806 9.810575750512493 -0.007404739251635199 0.0038976319137393996
-281.02109417610336 9.810576311665876 -0.007369027614357889 0.003873638909986591
-271.33071161829866 9.810558316818394 -0.007333749611110958 0.0038499646191171937
-261.64032906049397 9.810521963234091 -0.007298895794485477 0.0038266024568876676
-251.94994650268927 9.81046747861129 -0.00726445702486159 0.003803546023810135
-242.259563945001 9.810395120070634 -0.007230424457100028 0.0037807890985581986
-232.5691813871963 9.810305173046807 -0.007196789527919791 0.0037583256316630186
-222.8787988293916 9.810197950093512 -0.00716354394393163 0.0037361497394876935
-213.1884162715869 9.810073789611518 -0.007130679670283721 0.0037142556984594956
-203.4980337137822 9.809933054509635 -0.007098188919891675 0.003692637939550163
-193.8076511559775 9.809776130808597 -0.007066064143217712 0.0036712910429896888
-184.1172685981728 9.809603426197627 -0.0070342980185683765 0.0036502097332016866
-174.42688604036812 9.809415368553438 -0.007002883442881307 0.0036293888739491256
-164.73650348256342 9.809212404431076 -0.009397201347302177 0.0036088234636797376
-155.04612092475872 9.808994997535807 -0.009303314092361376 0.0035885086310611975
-145.35573836695403 9.808763627184819 -0.009212963867361946 0.003568439630696754
-135.66535580914933 9.808518786767124 -0.009125906344484708 0.0035486118390125054
-125.97497325134464 9.808260982209571 -0.009041920369628084 0.003529020750308069
-116.28459069353994 9.807990730456394 -0.020531599419521637 0.0035096619729628954
-106.59420813573524 9.807708557969164 -0.020155867901252386 0.0034905312257908537
-96.90382557793055 9.807414999253472 -0.01979755354849807 0.00347162433453621
-87.21344302012585 9.80711059541811 -0.019455412120496837 0.0034529372285044364
-77.52306046232115 9.806795892771902 -0.019128316376737495 0.0034344659373216966
-67.83267790451646 9.806471441462833 -0.018815242597839555 0.003416206587817153
-58.14229534682818 9.80613779416346 -0.018515258930519196 0.003398155401022813
-48.45191278902348 9.80579550480608 -0.01825334496624459 0.00338132755744619
-38.761530231218785 9.805445127370627 -0.017976397317957832 0.0033636554171976654
-29.07114767341409 9.805087214727601 -0.017710234207105716 0.0033461819636556177
-19.380765115609393 9.804722317538015 -0.018756690452527168 0.003328903669313099
-9.690382557804696 9.8043509832117 -0.018476663861826653 0.0033118170967960216
0.0 9.803973754924991 -0.018207289403036047 0.003294918895372275
9.690382557804696 2.1494722373526782 0.05157910731987779 0.09601655444481155
19.380765115609393 2.539868217622569 0.050060892095186216 0.09364159396360831
29.07114767341409 2.8517457809950804 0.0486214862969218 0.09138379183161308
38.761530231218785 3.116981211146081 0.047255021081741594 0.08923465225150225
48.45191278902348 3.350206177389915 0.04595619205067698 0.08718648217730195
58.14229534682818 3.5596134334712017 0.04472019326723737 0.08523229867110546
67.83267790463287 3.7503532471202004 0.04300684726242156 0.0833657488009605
77.52306046243757 3.9259214130971998 0.04189750347723763 0.08158104014294972
87.21344302024227 4.088824532350321 0.04083834749668388 0.07987288028501073
96.90382557804696 4.240935644513021 0.039826117951542644 0.07823642400094345
106.59420813585166 4.383700175766686 0.038857827892907 0.07666722698349795
116.28459069365636 4.518262766953624 0.03793073665284968 0.07516120520565642
125.97497325146105 4.645549287125336 0.037042325087091946 0.07371459912721096
135.66535580914933 4.766322021126155 0.03622329223178106 0.07232394208579235
145.35573836695403 4.8812180554057285 0.03540462334404682 0.07098603231243342
155.04612092475872 4.990776734792188 0.034618241291686336 0.06969790809609015
164.73650348256342 5.09545977839918 0.03386231525914614 0.0684568256910334
174.42688604036812 5.195666326754854 0.033061294058478026 0.06726291474388058
184.1172685981728 5.291744404000321 0.03236321433467898 0.06610839138950679
193.8076511559775 5.383999790623099 0.03169076431878439 0.06499380312137105
203.4980337137822 5.4727029905567885 0.03104259150285 0.06391710057185672
213.1884162715869 5.558094772372965 0.03041743607788103 0.06287637246999832
222.8787988293916 5.640390627481502 0.029831557737919637 0.06187144029321121
232.5691813871963 5.719784394632717 0.02924854009170251 0.06089738207318414
242.259563945001 5.796451234738767 0.028685265337715232 0.059954286180058575
251.9499465028057 5.870550093743779 0.028140772343983843 0.059040689710998545
261.6403290606104 5.942225757940298 0.027614160840494017 0.05815522066742926
271.3307116184151 6.011610581787244 0.027104586697856835 0.05729659099781657
281.0210941762198 6.0788259502765785 0.026611257637503945 0.05646359026991902
290.7114767340245 6.143983524414647 0.026133429328181555 0.055655079907044415
300.40185929182917 6.207186308180308 0.025608424068824045 0.05487207725683996
310.09224184963387 6.268529567519672 0.025161132043808924 0.05410933976650567
319.78262440732215 6.328101625914069 0.024727281530686315 0.05336806039204734
329.47300696512684 6.385984556372626 0.024306293235172218 0.05264733953535946
339.16338952293154 6.442254786003446 0.023897620281523896 0.051946327307579324
348.85377208073623 6.496983626428301 0.023500745997133594 0.05126422013938676
358.54415463854093 6.550237740958297 0.023140507193906933 0.05060025766511392
368.2345371963456 6.602079557599221 0.02276513969278162 0.04995371985514711
377.9249197541503 6.652567635445175 0.022373364515750952 0.049324768990420494
387.615302311955 6.701756990796534 0.022019152716697885 0.04871104715133769
397.3056848697597 6.749699388339005 0.021674537109208563 0.04811280756822123
406.9960674275644 6.796443601899085 0.021339145138217316 0.04752946701703159
416.6864499853691 6.8420356486131615 0.021012623051348094 0.046960471283265096
426.3768325431738 6.921780603388147 0.020694634737974445 0.04640529337849318
436.0672151009785 7.004094298295212 0.020384860652364244 0.045863431886959474
445.7575976587832 7.082577418428606 0.020082996813996175 0.045334409431295616
455.4479802165879 7.15750208983146 0.01978875387876125 0.04481777124745608
465.1383627743926 7.229113357227201 0.019501856275328033 0.04431308385990328
474.8287453321973 7.297632693070919 0.019222041401460416 0.04381993384890587
484.519127890002 7.363260946478228 0.018949058875540447 0.04333792670256055
494.2095104478067 7.4261808378161085 0.018682669838965067 0.04286668574681743
503.89989300549496 7.486559081801288 0.018422646305468044 0.042405851147397366
513.5902755632997 7.544548204599428 0.018168770553738535 0.04195507897799388
523.2806581211044 7.600288107130693 0.0179208345600828 0.04151404034975628
532.971040678909 7.653907416563612 0.01767863946804827 0.04108242059729891
542.6614232367137 7.705524659967903 0.01744199509229213 0.04065991851707369
552.3518057945184 7.755249287837074 0.017210719454143583 0.04024624565418694
562.0421883523231 7.803182570216409 0.016984638346539564 0.0398411256341064
571.7325709101278 7.849418384207403 0.01676358492620219 0.03944429353599569
581.4229534679325 7.894043908434032 0.016547399331100016 0.039055495304680485
591.1133360257372 7.93714023748024 0.016335928321392437 0.038674487198495734
600.8037185835419 7.978782927212488 0.016129024942201562 0.038301035270484216
610.4941011413466 8.019042480186402 0.01592654820668638 0.037934914880618856
620.1844836991513 8.057984778925992 0.015728362798014327 0.03757591023690518
629.874866256956 8.095671473697427 0.015534338788934622 0.0372238139633876
639.5652488147607 8.13216033043015 0.015344351377757585 0.03687842669323676
649.2556313725654 8.167505543629098 0.015158280639635889 0.03653955668523461
658.9460139303701 8.201758018443485 0.014976011292127186 0.036207019462102086
668.6363964881748 8.234965625486693 0.01479743247409426 0.0358806374692312
678.3267790459795 8.267173431519069 0.014622437537069257 0.03556023975249045
688.0171616036678 8.298423908695812 0.014450923848274943 0.035245661653874785
697.7075441614725 8.328757124736029 0.014282792604541038 0.03493674452383534
707.3979267192772 8.358210916063497 0.014117948656450828 0.03463333544928553
717.0883092770819 8.386821045727528 0.013956300342031743 0.034335286996224894
726.7786918348866 8.414621347679727 0.013797759329421311 0.034042456966124145
736.4690743926913 8.441643858801136 0.013642240467939293 0.033754708165199605
746.159456950496 8.467918939907932 0.013489661647050098 0.03347190818579167
755.8498395083006 8.493475386822356 0.013339943662733673 0.033193929199112425
765.5402220661053 8.51834053247207 0.013193010090816158 0.03292064775867864
775.23060462391 8.542540340873671 0.013048787166842418 0.032651944613792026
784.9209871817147 8.566099493761978 0.0129072036721008 0.03238770453247334
794.6113697395194 8.589041470544496 0.012768190825436782 0.03212781613329477
804.3017522973241 8.611388622188079 0.01263168218051644 0.03187217172559396
813.9921348551288 8.63316223958132 0.012497613528222819 0.031620667157585436
823.6825174129335 8.65438261686003 0.012365922803889696 0.031373201671917976
833.3728999707382 8.675069110133746 0.012236549999095776 0.03112967776825517
843.0632825285429 8.69524019200728 0.012109437077760922 0.030890001072483887
852.7536650863476 8.714913502252484 0.011984527896301968 0.030654080212180572
862.4440476441523 8.734105894950854 0.011861768127621809 0.030421826697988427
872.1344302018406 8.752833482396603 0.011741105188720413 0.030193154810583676
881.8248127596453 8.771111676023995 0.011622488171720303 0.02996798149290962
891.51519531745 8.788955224593558 0.0115058677781414 0.02974622624743376
901.2055778752547 8.806378249857701 0.011391196256220999 0.029527811038104913
910.8959604330594 8.823394279898817 0.011278427341136368 0.029312660196799695
920.5863429908641 8.840016280320015 0.011167516197966755 0.029100700334005043
930.2767255486688 8.856256683451258 0.011058419367251038 0.028891860253517122
939.9671081064735 8.872127415719696 0.010951094713004757 0.028686070870947294
949.6574906642782 8.88763992332003 0.010845501373068089 0.028483265135838452
959.3478732220829 8.902805196309304 0.010741599711664128 0.028283377957206177
969.0382557798875 8.91763379123995 0.010639351274053788 0.02808634613233042
978.7286383376922 8.932135852435476 0.010538718743180265 0.027892108278633105
988.4190208954969 8.946321132004616 0.010439665898202308 0.02770060476848678
998.1094034533016 8.960199008681947 0.010342157574821043 0.027511777666808037
