-1007.7997860109899 9.977538083990334 -0.00012036878607798554 0.0
-998.1094034531852 9.977538083990334 -0.00011829897452138256 0.0
-988.4190208953805 9.977538083990334 -0.00011631595133897964 0.0
-978.7286383375758 9.977538083990334 -0.0001144140406027136 0.0
-969.0382557797711 9.977538083990334 -0.00011258805881404875 0.0
-959.3478732219664 9.977538083990334 -0.00011083326229880397 0.0
-949.6574906641617 9.977538083990334 -0.00010914530123141609 0.0
-939.967108106357 9.977538083990334 -0.00010752017933069161 0.0
-930.2767255486688 9.977538083990334 -0.00011423466224633334 0.0
-920.5863429908641 9.977538083990334 -0.0001237643461289148 8.445434582649968e-08
-910.8959604330594 9.977538083990334 -0.00012181638366668031 8.226723638535445e-08
-901.2055778752547 9.977538083990334 -0.00011994244464450509 8.019054631989205e-08
-891.51519531745 9.977538083990334 -0.0001181380845740701 7.82161194952738e-08
-881.8248127596453 9.977538083990334 -0.00013463154230285547 7.633658374482048e-08
-872.1344302018406 9.977538083990334 -0.00013248219604883804 7.454525888760111e-08
-862.4440476440359 9.977538083990334 -0.00013041495574472105 7.283607739746838e-08
-852.7536650862312 9.977538083990334 -0.00013897257446962116 7.120351574357083e-08
-843.0632825284265 9.977538083990334 -0.00013678685073471853 6.964253476020917e-08
-833.3728999706218 9.977538083990334 -0.00013468280981154146 6.814852769219341e-08
-823.6825174128171 9.977538083990334 -0.00013265561975270968 6.671727478867271e-08
-813.9921348550124 9.977538083990334 -0.00013070083620766676 6.534490349871264e-08
-804.3017522972077 9.977538083990334 -0.00012881436336159 6.402785348181422e-08
-794.611369739403 9.977538083990334 -0.00012699241959579936 6.276284576669892e-08
-784.9209871815983 9.977538083990334 -0.0001252315072066795 6.15468554935987e-08
-775.2306046237936 9.977538083990334 -0.0001235283856257529 6.03770877663631e-08
-765.5402220659889 9.977538083990334 -0.00012188004767041649 5.925095620661503e-08
-755.8498395081842 9.977538083990334 -0.00012028369842663583 5.816606386338996e-08
-746.159456950496 9.977538083990334 -0.00011873673642447976 5.712018618319291e-08
-736.4690743926913 9.977538083990334 -0.00012961130067877692 5.611125578395106e-08
-726.7786918348866 9.977538083990334 -0.00012784169035655028 5.5137348815587767e-08
-717.0883092770819 9.977538083990334 -0.00012613023510919957 5.419667271618165e-08
-707.3979267192772 9.977538083990334 -0.00012447382639742564 5.3287555200700904e-08
-697.7075441614725 9.977538083990334 -0.00012286958718328507 5.240843433903554e-08
-688.0171616036678 9.977538083990334 -0.00012131484973805727 5.155784960130059e-08
-678.3267790458631 9.977538083990334 -0.00011980713605430469 5.073443376030955e-08
-668.6363964880584 9.977538083990334 -0.00011834414050136608 4.9936905558301947e-08
-658.9460139302537 9.977538083990334 -0.00011692371442090783 4.916406305471247e-08
-649.255631372449 9.977538083990334 -0.00011554385240628546 4.841477758141862e-08
-639.5652488146443 9.977538083990334 -0.00011420268004836426 4.768798824334201e-08
-629.8748662568396 9.977538083990334 -0.00011289844296270086 4.6982696906832256e-08
-620.1844836990349 9.977538083990334 -0.00018496582828586496 4.629796362617695e-08
-610.4941011412302 9.977538083990334 -0.00018184388911452745 4.563290246383965e-08
-600.8037185834255 9.977538083990334 -0.0001788488948343665 4.498667766702092e-08
-591.1133360256208 9.977538083990334 -0.00017597253448332114 4.4358500163354294e-08
-581.4229534678161 9.977538083990334 -0.00017320724038824735 4.374762434678891e-08
-571.7325709100114 9.977538083990334 -0.00017054610481746739 4.315334512536122e-08
-562.0421883523231 9.977538083990334 -0.00018407153118777593 4.257499520619011e-08
-552.3518057945184 9.977538083990334 -0.00018119012619623827 4.2011942596174075e-08
-542.6614232367137 9.977538083990334 -0.00017841583185344124 4.146358829811578e-08
-532.971040678909 9.977538083990334 -0.00017574226141823707 4.0929364185143726e-08
-523.2806581211044 9.977538083990334 -0.00017316354874327792 4.040873103733052e-08
-513.5902755632997 9.977538083990334 -0.0001706742949151746 3.990117672630477e-08
-503.89989300549496 9.977538083990334 -0.00017614904663794083 3.940621453484613e-08
-494.20951044769026 9.977538083990334 -0.0001736224721948316 3.8923381600133606e-08
-484.51912788988557 9.977538083990334 -0.00017118158904636863 3.845223747013038e-08
-474.82874533208087 9.977538083990334 -0.0001688217159963616 3.7992362763347286e-08
-465.1383627742762 9.977538083990334 -0.0001816788057392203 3.754335792379923e-08
-455.4479802164715 9.977538083990334 -0.00017907772711653642 3.7104842063077296e-08
-445.7575976586668 9.977538083990334 -0.00017656523928795764 3.66764518828144e-08
-436.0672151008621 9.977538083990334 -0.00017413643705269872 3.6257840671093545e-08
-426.3768325430574 9.977538083990334 -0.00017178679258562186 3.584867736602243e-08
-416.6864499852527 9.977538083990334 -0.00016951211832687084 3.544864568289646e-08
-406.996067427448 9.977538083990334 -0.0001673085343005595 3.505744329893295e-08
-397.3056848696433 9.977538083990334 -0.00016517243924328727 3.467478109086012e-08
-387.6153023118386 9.977538083990334 -0.0001631004850220959 3.4300382422975794e-08
-377.9249197541503 9.977538083990334 -0.00016108955390268492 3.393398247938722e-08
-368.2345371963456 9.977538083990334 -0.00015913673829552925 3.357532763978172e-08
-358.54415463854093 9.977538083990334 -0.00015723932266358917 3.322417489417433e-08
-348.85377208073623 9.977538083990334 -0.00015539476732071494 3.288029129343414e-08
-339.16338952293154 9.977538083990334 -0.0002045691058610845 3.2543453434179855e-08
-329.47300696512684 9.977538083990334 -0.00020150817311097004 3.2213446974683514e-08
-319.78262440732215 9.977538083990334 -0.00019855955756810595 3.189006617999347e-08
-310.09224184951745 9.977538083990334 -0.00019571642139057605 3.1573113494216647e-08
-300.40185929171275 9.977538083990334 -0.00019297250937894595 3.126239913849634e-08
-290.71147673390806 9.977538083990334 -0.0001903220856742757 3.095774073137887e-08
-281.02109417610336 9.977538083990334 -0.00018775987873672644 3.065896293216524e-08
-271.33071161829866 9.977538083990334 -0.0001852810333489356 3.036589710459165e-08
-261.64032906049397 9.977538083990334 -0.0001828810686034386 3.007838099921244e-08
-251.94994650268927 9.977538083990334 -0.0001805558410076869 2.979625845361822e-08
-242.25956394488458 9.977538083990334 -0.00017830151198212576 2.951937911043487e-08
-232.56918138707988 9.977538083990334 -0.0001761145191429085 2.924759814903772e-08
-222.87879882927518 9.977538083990334 -0.00017399155085627918 2.8980776033962416e-08
-213.1884162714705 9.977538083990334 -0.00017192952363046817 2.871877827521495e-08
-203.4980337136658 9.977538083990334 -0.00016992556197629257 2.8461475202866014e-08
-193.8076511558611 9.977538083990334 -0.00016797698042206397 2.8208741752650023e-08
-184.1172685981728 9.977538083990334 -0.00016608126741389693 2.7960457263354836e-08
-174.42688604036812 9.977538083990334 -0.0001642360708705038 2.771650528497218e-08
-164.73650348256342 9.977538083990334 -0.00016243918519415453 2.7476773396199316e-08
-155.04612092475872 9.977538083990334 -0.00016068853956581692 2.724115303207801e-08
-145.35573836695403 9.977538083990334 -0.000158982187376293 2.7009539319683678e-08
-135.66535580914933 9.977538083990334 -0.00015731829666424416 2.6781830922921858e-08
-125.97497325134464 9.977538083990334 -0.0001556951414488405 2.6557929894209346e-08
-116.28459069353994 9.977538083990334 -0.00015411109385901942 2.6337741534395278e-08
-106.59420813573524 9.977538083990334 -0.00015256461697358306 2.6121174259051893e-08
-96.90382557793055 9.977538083990334 -0.00015105425829689992 2.590813947143315e-08
-87.21344302012585 9.977538083990334 -0.00014957864380406028 2.5698551441640394e-08
-77.52306046232115 9.977538083990334 -0.00017343806583280426 2.5492327191669814e-08
-67.83267790451646 9.977538083990334 -0.00020135958988133122 2.5289386385718296e-08
-58.14229534671176 9.977538083990334 -0.00019858449002159654 2.5089651226127118e-08
-48.451912788907066 9.977538083990334 -0.00019590890831726703 2.4893046353662452e-08
-38.76153023110237 9.977538083990334 -0.0017781065851698692 2.4699498752756097e-08
-29.071147673297673 9.977538083990334 -0.0017348265551432808 2.4508937661164333e-08
-19.380765115492977 9.977538083990334 -0.0016936758243888362 2.432129448380095e-08
-9.690382557688281 9.977538083990334 -0.0016544994137193613 2.4136502710202365e-08
0.0 9.977538083990334 -0.0016171570842442313 2.3954497836112688e-08
9.690382557804696 2.105738985698478 0.04164811577777118 0.09165502584983398
19.380765115609393 2.5032093392428205 0.04058403738529633 0.08932566652243581
29.07114767341409 2.818480244252589 0.03294156372378857 0.08711177142267283
38.761530231218785 3.0856560219441267 0.032149600206636104 0.08500496299615637
48.45191278902348 3.320086094309138 0.031394713057439474 0.08299765499995039
58.14229534682818 3.530274644000242 0.030674362467609295 0.08108296122763366
67.83267790463287 3.7215314647345155 0.02998623512131663 0.07925461658336669
77.52306046243757 3.897443275117541 0.029328219529159334 0.07750690859873403
87.21344302024227 4.060572497665653 0.028698384512882275 0.07583461781516454
96.90382557804696 4.212828357606994 0.028070626699927964 0.07423296572121982
106.59420813585166 4.355680722026545 0.02749262112140555 0.07269756915092211
116.28459069365636 4.490291272475914 0.026896396429814465 0.07122814841281425
125.97497325146105 4.617598058038707 0.026364611936021704 0.06981340206033357
135.66535580926575 4.738372241035374 0.02518021561465358 0.06845376136650351
145.35573836707044 4.853257477796223 0.02470553254900964 0.06714606819459058
155.04612092487514 4.962798032450655 0.02391950462034176 0.06592369743939801
164.73650348267984 5.067459339200376 0.023487154506065464 0.06471042858525332
174.42688604048453 5.167643360222295 0.023070037089819473 0.06354101453813411
184.1172685981728 5.263700268864431 0.022667367876126332 0.0624131195005206
193.8076511559775 5.355937482475846 0.02227841477461562 0.06132457068260577
203.4980337137822 5.4446267473701875 0.021902493856135373 0.060273344324016404
213.1884162715869 5.5300097680610305 0.021538965506834606 0.05925755312988441
222.8787988293916 5.612302732059763 0.02118723093859785 0.058275434957205864
232.5691813871963 5.691699985331037 0.020846729018821765 0.05732534260859197
242.259563945001 5.768377046492674 0.020516933386719408 0.05640573460896413
251.9499465028057 5.842493100394273 0.020197349827005252 0.055515166856469594
261.6403290606104 5.914193077574339 0.019887513875054334 0.054652285052428584
271.3307116184151 5.983609401192636 0.019586988630488033 0.05381581782679089
281.0210941762198 6.050863464628495 0.01929536275866111 0.05300457048566138
290.7114767340245 6.1160668891689856 0.018721755302096577 0.05221741931618725
300.40185929182917 6.179322600798752 0.018454165573611427 0.05145330639168102
310.09224184963387 6.240725757148413 0.018194011565712688 0.050711234826449215
319.78262440743856 6.300364549521921 0.017940993882592456 0.04999026443554852
329.47300696524326 6.358320900148016 0.01769482844199181 0.049289507759716036
339.16338952304795 6.414671071053563 0.01745524556971766 0.04860812642011962
348.85377208085265 6.469486197993403 0.01722863562691728 0.047945474864308675
358.54415463865735 6.522832760510751 0.01650054938567157 0.04736772410458831
368.2345371963456 6.5747729973084335 0.016291820602304368 0.04673816483362143
377.9249197541503 6.625365274587389 0.016088097808574266 0.046125140396913525
387.615302311955 6.674664413754586 0.015886273860208692 0.04552825349559684
397.3056848697597 6.722721983910645 0.014209903413964095 0.045243038583234196
406.9960674275644 6.769586563672888 0.014018919446792816 0.044668282159840665
416.6864499853691 6.815303976215386 0.013870788962185188 0.04410805344540489
426.3768325431738 6.8599175008329585 0.01372508975987713 0.04356180097760608
436.0672151009785 6.903468063861533 0.01358181498436406 0.04302900153680485
445.7575976587832 6.94599441138931 0.0134409508592729 0.042509158286631536
455.4479802165879 6.9924708424572195 0.013302477889385062 0.04200179906884986
465.1383627743926 7.067927480975033 0.013166371876119189 0.041506474836492835
474.8287453321973 7.140141491759563 0.013032604776667154 0.041022758211320315
484.519127890002 7.209324937159693 0.012901145431713845 0.04055024215338368
494.2095104478067 7.275670472262951 0.012771960182401187 0.04008853873195609
503.8998930056114 7.3393536617384045 0.012645013393717925 0.03963727798834616
513.5902755634161 7.400534955047107 0.012520267898650336 0.039196106882194506
523.2806581212208 7.459361379771348 0.012397685375091633 0.038764688313785246
532.9710406790255 7.515968000787991 0.012277226665580631 0.038342700215712594
542.6614232368302 7.570479183706888 0.012158852048346441 0.03792983470794741
552.3518057945184 7.623009693732083 0.012042521466814081 0.037525797310966585
562.0421883523231 7.673665655391227 0.011805189263572716 0.03713030621211501
571.7325709101278 7.722545394030962 0.011696011163744167 0.03674309158094442
581.4229534679325 7.769740176374861 0.011588595939409486 0.03636389492952371
591.1133360257372 7.815334864503558 0.011482915726404261 0.03599246851425526
600.8037185835419 7.859408495270092 0.01137894189158704 0.035628574775959626
610.4941011413466 7.902034795236651 0.011276645246576974 0.03527198581531772
620.1844836991513 7.943282639644839 0.01117599622899177 0.034922482901016995
629.874866256956 7.983216462634502 0.011076965056063294 0.034579856008181996
639.5652488147607 8.021896624852602 0.010979521854721216 0.03424390338488007
649.2556313725654 8.059379743700491 0.010883636771587317 0.033914431144681484
658.9460139303701 8.09571899072171 0.010789280065786982 0.033591252883423434
668.6363964881748 8.130964360006217 0.010488512012819138 0.03327418931848097
678.3267790459795 8.165162910959129 0.0104024182003975 0.03296306794898616
688.0171616037842 8.198358988335688 0.010283246551104781 0.032657722735562715
697.7075441615889 8.230594422064918 0.010200384898660379 0.032357993798257156
707.3979267193936 8.261908709061453 0.010118635670999684 0.032063727131450885
717.0883092771983 8.292339178948682 0.010037990065499458 0.03177477433463177
726.778691835003 8.321921145379337 0.009958437991177602 0.03149099235798945
736.4690743928077 8.350688044435733 0.00987996828191672 0.031212243261877305
746.159456950496 8.37867156141543 0.009802568879838342 0.030938393989257684
755.8498395083006 8.405901747158069 0.009726226993249633 0.030669316150290782
765.5402220661053 8.432407124929822 0.009650929232880774 0.030404885818355053
775.23060462391 8.458214788778545 0.009576661729506573 0.030144983336727695
784.9209871817147 8.483350494160456 0.009503410235589822 0.029889493135318874
794.6113697395194 8.50783874155851 0.009431160213161286 0.02963830355683063
804.3017522973241 8.531702853733139 0.009359896909821436 0.029391306691776874
813.9921348551288 8.554965047178818 0.009289605424469036 0.029148398221836833
823.6825174129335 8.577646498300275 0.009220270764127242 0.028909477271050307
833.3728999707382 8.599767404769594 0.009151877893040988 0.028674446264396594
843.0632825285429 8.621347042478979 0.009084411775053943 0.02844321079332938
852.7536650863476 8.642403818462808 0.00901785741013278 0.028215679487868496
862.4440476441523 8.662955320125945 0.008952199865787703 0.02799176389487558
872.134430201957 8.68301836108286 0.008887424304037002 0.027771378362165047
881.8248127597617 8.70260902388314 0.00882351600447687 0.027554439928124393
891.5151953175664 8.721742699873067 0.008760460383944138 0.02734086821653829
901.2055778753711 8.74043412641991 0.008698243013195954 0.027130585336330927
910.8959604331758 8.758697421704847 0.008636849630976124 0.02692351578595839
920.5863429909805 8.776546117271941 0.008576266155791051 0.02671958636220013
930.2767255486688 8.793993188503647 0.008516478695677886 0.026518726073115895
939.9671081064735 8.811051083179901 0.008457473556208156 0.026320866054932793
949.6574906642782 8.827731748259904 0.008399237246953965 0.02612593949269044
959.3478732220829 8.844046655020868 0.008341756486593035 0.025933881544400923
969.0382557798875 8.860006822669707 0.008285018206830422 0.02574462926857588
978.7286383376922 8.875622840538082 0.008229009555279903 0.025558121554933817
988.4190208954969 8.89090488896073 0.00817371789743542 0.025374299058127037
998.1094034533016 8.90586275892912 0.00811913081784694 0.025193104134335405
