-1007.7997860109899 8.814413131991573 -0.03670650704269857 0.006159994375709637
-998.1094034533016 8.815648812837727 -0.03658869415492908 0.006139857422799857
-988.4190208954969 8.816870975388788 -0.036471639736519186 0.006119854870195323
-978.7286383376922 8.81807962984138 -0.036355336469853845 0.006099985327132746
-969.0382557798875 8.819274759199576 -0.03623977713063594 0.006080247422984874
-959.3478732220829 8.820456318874319 -0.03612495458643767 0.006060639806872709
-949.6574906642782 8.821624236831479 -0.03601086179527597 0.00604116114728705
-939.9671081064735 8.822778414318206 -0.03589749180421272 0.006021810131719447
-930.2767255486688 8.823918727176517 -0.035784837747979456 0.006002585466302162
-920.5863429908641 8.825045027732385 -0.03567289284762617 0.00598348587545692
-910.8959604330594 8.826157147228988 -0.03556165040919361 0.005964510101552163
-901.2055778752547 8.827254898755148 -0.035451103822408944 0.005945656904568558
-891.51519531745 8.82833808060447 -0.035341246559404065 0.005926925061772507
-881.8248127596453 8.829406479988343 -0.0352320721734564 0.005908313367397412
-872.1344302018406 8.830459877016574 -0.03512357429775161 0.0058898206323324724
-862.4440476440359 8.831498048853124 -0.03501574664416805 0.005871445683818805
-852.7536650862312 8.832520773951908 -0.0349085830020822 0.005853187365152652
-843.0632825284265 8.833527836277678 -0.0348020772371951 0.005835044535395471
-833.3728999706218 8.834519029420669 -0.0346962232903792 0.0058170160690907335
-823.6825174128171 8.835494160519628 -0.03459101517654515 0.005799100855987189
-813.9921348551288 8.836453053916475 -0.03448644698352975 0.005781297800768719
-804.3017522973241 8.837395554476418 -0.03438251287099673 0.005763605822789171
-794.6113697395194 8.83832153051898 -0.034279207069369336 0.005746023855815361
-784.9209871817147 8.839230876318895 -0.034176523878768635 0.005728550847773696
-775.23060462391 8.840123514148639 -0.034074457667976794 0.005711185760503518
-765.5402220661053 8.840999395848083 -0.033973002873416626 0.0056939275695156765
-755.8498395083006 8.841858503919257 -0.033872153998149135 0.005676775263756473
-746.159456950496 8.842700852156089 -0.03377190561088807 0.005659727845376757
-736.4690743926913 8.84352648582928 -0.0336722523450315 0.005642784329506054
-726.7786918348866 8.844335481455326 -0.03357318889771015 0.005625943744031622
-717.0883092770819 8.845127946185706 -0.033474710028851926 0.005609205129382261
-707.3979267192772 8.84590401685734 -0.03337681056026247 0.0055925675383167684
-697.7075441614725 8.846663858748984 -0.03327948537472158 0.005576030035716919
-688.0171616036678 8.84740766408967 -0.033182729415094904 0.00555959169838484
-678.3267790458631 8.848135650365618 -0.03308653768346084 0.005543251614844678
-668.6363964880584 8.848848058470784 -0.03299090524025229 0.005527008885148435
-658.9460139302537 8.849545150743966 -0.03289582720341302 0.0055108626206858665
-649.255631372449 8.850227208932353 -0.03280129874756821 0.005494811943998344
-639.5652488146443 8.850894532117696 -0.03270731510320921 0.005478855988596574
-629.8748662568396 8.85154743463722 -0.032613871555891925 0.005462993898782075
-620.1844836991513 8.85218624402728 -0.032520963445449844 0.0054472248294725
-610.4941011413466 8.852811299013503 -0.032428586165214913 0.005431547946029617
-600.8037185835419 8.853422947567001 -0.032336735161262294 0.005415962424092609
-591.1133360257372 8.854021545042595 -0.032245405931657006 0.005400467449412926
-581.4229534679325 8.854607452411171 -0.03215459402571849 0.00538506221769336
-571.7325709101278 8.855181034595256 -0.032064295043296456 0.005369745934430178
-562.0421883523231 8.855742658913927 -0.03197450463405875 0.005354517814758392
-552.3518057945184 8.856292693640773 -0.03188521849679099 0.005339377083300114
-542.6614232367137 8.856831506676375 -0.031796432378708016 0.005324322974015888
-532.971040678909 8.857359464335053 -0.031708142074776555 0.005309354730058954
-523.2806581211044 8.857876930244137 -0.03162034342704912 0.005294471603632377
-513.5902755632997 8.858384264352786 -0.03153303232400892 0.005279672855848943
-503.89989300549496 8.858881822046477 -0.03144620469992556 0.00526495775659379
-494.20951044769026 8.859369953362549 -0.03135985653422125 0.005250325584389671
-484.51912788988557 8.859849002301697 -0.03127398385084742 0.005235775626264826
-474.82874533208087 8.860319306229899 -0.031188582717671595 0.005221307177623385
-465.1383627742762 8.86078119536515 -0.031103649245874162 0.005206919542118217
-455.4479802164715 8.861234992343187 -0.031019179589354986 0.0051926120315262305
-445.7575976586668 8.861681011856426 -0.03093516994414967 0.005178383965626003
-436.0672151009785 8.862119560360464 -0.03085161654785632 0.005164234672077872
-426.3768325431738 8.862550935842576 -0.030768515679066424 0.005150163486305472
-416.6864499853691 8.86297542764681 -0.030685863656815117 0.005136169751381124
-406.9960674275644 8.863393316350614 -0.03060365684003007 0.0051222528179117
-397.3056848697597 8.863804873688075 -0.030521891626994403 0.005108412043927407
-387.615302311955 8.864210362515157 -0.03044056445481713 0.005094646794772514
-377.9249197541503 8.864610036812572 -0.030359671798912035 0.005080956442997989
-368.2345371963456 8.86500414172225 -0.03027921017248492 0.005067340368256205
-358.54415463854093 8.865392913613599 -0.030199176126028945 0.005053797957197475
-348.85377208073623 8.865776580176036 -0.030119566246828 0.005040328603368517
-339.16338952293154 8.86615536053454 -0.030040377158468013 0.005026931707112723
-329.47300696512684 8.866529465385225 -0.029961605520355834 0.00501360667547224
-319.78262440732215 8.86689909714819 -0.029883248027245842 0.005000352922091793
-310.09224184951745 8.867264450135094 -0.029805301408773893 0.004987169867124221
-300.40185929171275 8.867625710729211 -0.02972776242899863 0.004974056937137709
-290.71147673390806 8.867983057575788 -0.029650627885949944 0.004961013565024652
-281.02109417610336 8.868336661780903 -0.02957389461118458 0.004948039189912112
-271.33071161829866 8.868686687117002 -0.029497559469348494 0.004935133257073881
-261.64032906049397 8.869033290233647 -0.02942161935774611 0.004922295217844043
-251.9499465028057 8.869376620872002 -0.029346071205917246 0.004909524529532242
-242.259563945001 8.869716822081903 -0.029270911975215915 0.004896820655339612
-232.5691813871963 8.870054030440249 -0.029196138658404678 0.004884183064277713
-222.8787988293916 8.870388376269856 -0.02912174827924633 0.00487161123108734
-213.1884162715869 8.87071998385782 -0.031104917554879676 0.006095946862526212
-203.4980337137822 8.871048971672577 -0.031016151425182138 0.006074406656822617
-193.8076511559775 8.871375452579054 -0.03092798049775629 0.006053063545855222
-184.1172685981728 8.871699534051205 -0.03084039710981765 0.006031914136605859
-174.42688604036812 8.872021318381494 -0.030753393766028654 0.006010955124600535
-164.73650348256342 8.87234090288681 -0.030666963133185423 0.005990183290864154
-155.04612092475872 8.872658380110439 -0.030581098035120654 0.005969595499003028
-145.35573836695403 8.872973838019771 -0.030495791447812063 0.005949188692408854
-135.66535580914933 8.873287360199447 -0.03041103649468662 0.00592895989157831
-125.97497325134464 8.873599026039711 -0.030326826442110974 0.005908906191542624
-116.28459069353994 8.873908910919784 -0.03024315469505954 0.005889024759401891
-106.59420813573524 8.8742170863861 -0.03016001479295164 0.0058693128319590605
-96.90382557793055 8.874523620325313 -0.030077400405649955 0.0058497677134490104
-87.21344302012585 8.87482857713194 -0.02999530532961273 0.005830386773358091
-77.52306046232115 8.875132017870632 -0.029913723484192623 0.005811167444330019
-67.83267790463287 8.875434000433017 -0.029832648908076645 0.005792107220154304
-58.14229534682818 8.875734579689126 -0.029752075755854732 0.005773203653832056
-48.45191278902348 8.876033807633366 -0.0296719982947258 0.005754454355719013
-38.761530231218785 8.87633173352512 -0.029592410901315792 0.0057358569917378205
-29.07114767341409 8.876628404024016 -0.029513308058617314 0.005717409281659706
-19.380765115609393 8.87692386331989 -0.02943468435303946 0.005699108997451243
-9.690382557804696 8.877218153257523 -0.02935653447156424 0.005680953961683378
0.0 8.877511313456287 -0.029278853199004782 0.005662942046000084
9.690382557804696 6.0539411166093 -0.07316051197139517 0.048844776628258195
19.380765115609393 6.191973969707837 -0.0727605303267906 0.04850940449320142
29.07114767341409 6.29513022885584 -0.07236572071232797 0.04817880639017153
38.761530231218785 6.379667069288712 -0.07197597570387566 0.04785287956962302
48.45191278902348 6.452176899319649 -0.07159119091455456 0.0475315242250052
58.14229534682818 6.5161106131260995 -0.07121126488710419 0.04721464338794011
67.83267790463287 6.573541740907688 -0.0708360989908099 0.04690214282785261
77.52306046243757 6.625830787684504 -0.07046559732276703 0.04659393095583324
87.21344302024227 6.6739269938317936 -0.07009966661326993 0.04628991873252744
96.90382557804696 6.718523481718713 -0.0697382161351265 0.045990019579855095
106.59420813585166 6.760144440624251 -0.06938115761670857 0.04569414929637625
116.28459069365636 6.799197530716088 -0.06902840515856039 0.04540222597612827
125.97497325134464 6.836007091046199 -0.0686798751533993 0.04511416993077258
135.66535580914933 6.870836101166613 -0.06833548620932485 0.04482990361487474
145.35573836695403 6.903901226251632 -0.06799515907614719 0.0445493515542213
155.04612092475872 6.935383433868858 -0.06765881657460784 0.04427244027696446
164.73650348256342 6.965435677454065 -0.06732638352842044 0.04399909824751456
174.42688604036812 6.994188579471843 -0.06699778669897713 0.04372925580303299
184.1172685981728 7.021754715702944 -0.06667295472260387 0.04346284509241118
193.8076511559775 7.048231899472758 -0.06635181805024828 0.043199800017622074
203.4980337137822 7.073705736902266 -0.06603430888949123 0.04294005617733716
213.1884162715869 7.098251641519715 -0.06861610346199061 0.042683550812708144
222.8787988293916 7.121936441662717 -0.06828438293398564 0.04243022275521607
232.5691813871963 7.144819676868637 -0.06795640671528091 0.04218001237649712
242.259563945001 7.1669546537118425 -0.07020797191941683 0.0419328615400577
251.9499465028057 7.188389313437484 -0.0698682317170324 0.04168871355479688
261.6403290606104 7.225215089914132 -0.06953231643738099 0.041447513130256915
271.3307116184151 7.2794114727919075 -0.06920015684441375 0.041209206333527974
281.0210941762198 7.329589800590457 -0.06887168541778091 0.04097374054773604
290.7114767340245 7.376302424969635 -0.06854683629922534 0.04074106443204611
300.40185929182917 7.419992879950508 -0.06822554524099028 0.04051112788311699
310.09224184951745 7.461023247695345 -0.06790774955615651 0.04028388199794895
319.78262440732215 7.499693296422177 -0.06759338807080267 0.040059279038050004
329.47300696512684 7.536254218789426 -0.06728240107796578 0.039837272394906066
339.16338952293154 7.5709187187842755 -0.06697473029325025 0.039617816556647666
348.85377208073623 7.603868564787101 -0.06667031881207056 0.03940086707590389
358.54415463854093 7.635260344647696 -0.06636911106843585 0.03918638053877927
368.2345371963456 7.6652299196071 -0.0660710527952156 0.03897431453491054
377.9249197541503 7.693895919977634 -0.06577609098582403 0.03876462762855956
387.615302311955 7.721362523863657 -0.06548417385726378 0.03855727933070085
397.3056848697597 7.747721691629052 -0.06519525081447342 0.0383522300720642
406.9960674275644 7.77305498165884 -0.0649092724159244 0.03814944117709409
416.6864499853691 7.797435039985447 -0.06462619034041683 0.037948874838789955
426.3768325431738 7.820926832943387 -0.06434595735502506 0.03775049409439267
436.0672151009785 7.843588675174074 -0.06406852728414678 0.03755426280188417
445.7575976587832 7.865473093030105 -0.0637938549796113 0.03736014561726868
455.4479802165879 7.88662755437788 -0.0635218962918047 0.037168107972605315
465.1383627743926 7.907095089046508 -0.0632526080417715 0.036978116054763394
474.8287453321973 7.926914819079664 -0.06298594799425429 0.036790136784872425
484.519127890002 7.946122414066058 -0.0627218748316347 0.03660413779844104
494.20951044769026 7.964750483833615 -0.06246034812874334 0.03642008742612109
503.89989300549496 7.982828918484661 -0.06220132832848684 0.03623795467508017
513.5902755632997 8.00038518389063 -0.06194477671830641 0.03605770921099204
523.2806581211044 8.017444579364708 -0.06169065540737474 0.035879321340578876
532.971040678909 8.03403046304737 -0.06143892730454927 0.03570276199471709
542.6614232367137 8.050164449625564 -0.06118955609703416 0.03552800271207356
552.3518057945184 8.065866584252438 -0.0609425062297281 0.03535501562325436
562.0421883523231 8.081155495921804 -0.06069774288523174 0.03518377343544781
571.7325709101278 8.096048533048476 -0.06045523196449036 0.03501424941754386
581.4229534679325 8.11056188359037 -0.06021494006804809 0.03484641738571245
591.1133360257372 8.124710681703313 -0.059976834477891254 0.03468025168942471
600.8037185835419 8.138509102632037 -0.05974088313985919 0.034515727197900935
610.4941011413466 8.151970447299796 -0.05950705464660201 0.03435281928697025
620.1844836991513 8.165107217856198 -0.05927531822106495 0.034191503826327754
629.874866256956 8.177931185271616 -0.059045643700481085 0.034031757167174576
639.5652488147607 8.190453449921131 -0.058818001520853334 0.03387355613022812
649.2556313725654 8.202684495977495 -0.05859236270190913 0.03371687799408908
658.9460139303701 8.214634240326992 -0.058368698832510106 0.033561700483953336
668.6363964881748 8.22631207663169 -0.05814698205650151 0.03340800176065649
678.3267790458631 8.237726915083902 -0.05792718505898787 0.033255760410041704
688.0171616036678 8.248887218332609 -0.05770928105300483 0.0331049554326289
697.7075441614725 8.259801034000922 -0.05749324376661206 0.032955566233602046
707.3979267192772 8.270476024168358 -0.0572790474303411 0.03280757261306803
717.0883092770819 8.280919492143232 -0.05706666676502435 0.032660954756604695
726.7786918348866 8.291138406815287 -0.05685607696997697 0.032515693226077856
736.4690743926913 8.301139424844576 -0.05664725371152217 0.03237176895071978
746.159456950496 8.310928910913436 -0.05644017311184809 0.032229163218460984
755.8498395083006 8.320512956242784 -0.0562348117381853 0.0320878576675064
765.5402220661053 8.329897395551418 -0.05603114659229395 0.03194783427814852
775.23060462391 8.339087822616941 -0.05582915510025052 0.03180907536480919
784.9209871817147 8.348089604579316 -0.0556288151025236 0.03167156356830312
794.6113697395194 8.356907895112494 -0.05543010484433012 0.03153528184831561
804.3017522973241 8.365547646575516 -0.055233002966261706 0.03140021347608761
813.9921348551288 8.374013621242362 -0.05503748849517311 0.031266342027301844
823.6825174129335 8.382310401698758 -0.05484354083532377 0.031133651375162975
833.3728999707382 8.390442400484547 -0.05465113975976455 0.03100212568366624
843.0632825285429 8.39841386905153 -0.05446026540196131 0.03087174940104813
852.7536650863476 8.406228906099132 -0.05427089824764823 0.03074250725341379
862.4440476440359 8.41389146534326 -0.05408301912690548 0.030614384238536716
872.1344302018406 8.421405362768448 -0.05389660920644057 0.030487365619816586
881.8248127596453 8.42877428340611 -0.05371164998210067 0.030361436920412984
891.51519531745 8.436001787680155 -0.053528123271563845 0.03023658391751907
901.2055778752547 8.443091317353955 -0.05334601120723724 0.030112792636794047
910.8959604330594 8.450046201110812 -0.05316529622934187 0.029990049346939884
920.5863429908641 8.456869659796181 -0.052985961079181125 0.029868340554419972
930.2767255486688 8.463564811347272 -0.05280798879258673 0.02974765299831504
939.9671081064735 8.470134675432872 -0.0526313626935369 0.029627973645312312
949.6574906642782 8.476582177824332 -0.05245606638794162 0.029509289684823903
959.3478732220829 8.482910154516352 -0.05228208375758942 0.029391588524230492
969.0382557798875 8.489121355614817 -0.05210939895425139 0.0292748577842467
978.7286383376922 8.495218449007131 -0.051937996393936946 0.029159085294404273
988.4190208954969 8.501204023829327 -0.051767860751297655 0.02904425908865
998.1094034533016 8.507080593742993 -0.051598976954173516 0.028930367401054483
