-1007.7997860111063 8.692480601142522 -0.035434969925352715 0.03312471166942983
-998.1094034533016 8.693776390399925 -0.03532479823722334 0.033021080750470035
-988.4190208954969 8.695077724884344 -0.0352153838753041 0.032918162418114884
-978.7286383376922 8.696384092085484 -0.035106718453819845 0.032815948803643774
-969.0382557798875 8.697694994258079 -0.03499879371653916 0.032714432159444286
-959.3478732220829 8.699009948162004 -0.035051632357825345 0.03261360485661891
-949.6574906642782 8.700328484820197 -0.03520100208686428 0.0325134593826495
-939.9671081064735 8.701650149290685 -0.035092198719283076 0.03241398833911765
-930.2767255486688 8.702974500449596 -0.03498414873785582 0.03231518443947952
-920.5863429908641 8.704301110782323 -0.03487684353143974 0.032217040506893495
-910.8959604330594 8.705629566180404 -0.03477027463164672 0.03211954947209931
-901.2055778753711 8.706959465742106 -0.03466443370963362 0.03202270437134822
-891.5151953175664 8.70829042157491 -0.03455931257298065 0.031926498344376046
-881.8248127597617 8.70962205859837 -0.03445490316267314 0.03183092463243506
-872.134430201957 8.710954014346356 -0.03435119755015811 0.03173597657636011
-862.4440476441523 8.71228593876759 -0.034248187934491435 0.03164164761468539
-852.7536650863476 8.713617494023818 -0.03414586663956494 0.03154793128180338
-843.0632825285429 8.714948354285106 -0.03404422611141169 0.03145482120616621
-833.3728999707382 8.71627820552189 -0.033943258915586874 0.03136231110852807
-823.6825174129335 8.717606745293617 -0.033842957734621315 0.03127039480022765
-813.9921348551288 8.718933682533864 -0.03374331536554547 0.03117906618150973
-804.3017522973241 8.720258737332008 -0.03364432471748107 0.03108831923988442
-794.6113697395194 8.721581640711568 -0.033545978809298195 0.03099814804852357
-784.9209871817147 8.722902134405409 -0.03344827076733579 0.030908546764692933
-775.23060462391 8.724219970628097 -0.033351193823183044 0.030819509628219457
-765.5402220661053 8.72553491184566 -0.03325474131151995 0.030731030959992536
-755.8498395083006 8.726846730543214 -0.03315890666801484 0.03064310516049861
-746.159456950496 8.728155208990703 -0.033063683427277134 0.030555726708387812
-736.4690743926913 8.729460139007225 -0.032969065220863396 0.0304688901590724
-726.7786918348866 8.730761321724323 -0.03287504577533508 0.030382590143355603
-717.0883092771983 8.73205856734865 -0.032781618910367266 0.03029682136609154
-707.3979267193936 8.733351694924469 -0.032688778536900144 0.030211578604868974
-697.7075441615889 8.734640532096185 -0.03259651865534856 0.03012685670873383
-688.0171616037842 8.735924914871624 -0.03250483335384557 0.030042650596928986
-678.3267790459795 8.73720468738615 -0.03241371680653555 0.029958955257666186
-668.6363964881748 8.738479701668117 -0.032323163271908685 0.029875765746923136
-658.9460139303701 8.739749817405977 -0.03223316709117668 0.029793077187266308
-649.2556313725654 8.741014901717369 -0.03214372268668841 0.029710884766698586
-639.5652488147607 8.742274828920463 -0.03205482456038412 0.02962918373753123
-629.874866256956 8.743529480307894 -0.03196646729228745 0.029547969415279766
-620.1844836991513 8.744778743923519 -0.031878645539033655 0.02946723717758278
-610.4941011413466 8.746022514342236 -0.03179135403243315 0.029386982463143394
-600.8037185835419 8.747260692453088 -0.03170458757806941 0.02930720077069276
-591.1133360257372 8.748493185245875 -0.03161834105393006 0.029227887657975005
-581.4229534679325 8.749719905601422 -0.03153260940907023 0.029149038740753107
-571.7325709101278 8.75094077208568 -0.03144738766230729 0.029070649691835277
-562.0421883523231 8.752155708747791 -0.03136267090094595 0.028992716240121272
-552.3518057945184 8.753364644922263 -0.031278454279532984 0.028915234169668052
-542.6614232367137 8.754567515035308 -0.03119473301864055 0.02883819931877459
-532.9710406790255 8.755764258415498 -0.031111502403678534 0.028761607579086114
-523.2806581212208 8.756954819108802 -0.031028757783728843 0.02868545489471173
-513.5902755634161 8.758139145697921 -0.030946494570416174 0.02860973726136907
-503.8998930056114 8.759317191126224 -0.030864708236794238 0.028534450725536873
-494.2095104478067 8.760488912526064 -0.03078339431626206 0.028459591383629086
-484.519127890002 8.761654271051675 -0.030702548401503233 0.028385155381184406
-474.8287453321973 8.762813231716507 -0.030622166143449 0.028311138912071983
-465.1383627743926 8.763965763235115 -0.030542243250263997 0.028237538217712726
-455.4479802165879 8.765111837869519 -0.03046548517662813 0.028164505647466427
-445.7575976587832 8.766251431280024 -0.03038644836004682 0.028091724260832576
-436.0672151009785 8.767384522380489 -0.030307858659538882 0.028019347667862148
-426.3768325431738 8.768511093197967 -0.030229711996100972 0.027947372292328673
-416.6864499853691 8.769631128736725 -0.030184131152936684 0.027876625947609025
-406.9960674275644 8.770744616846514 -0.030106622149258824 0.02780543633615328
-397.3056848697597 8.771851548095123 -0.030029547711332243 0.027734637563410314
-387.615302311955 8.772951915645063 -0.02995290389041384 0.027664226222676867
-377.9249197541503 8.774045715134388 -0.029876686789123787 0.027594198948507277
-368.2345371963456 8.775132944561514 -0.02981496186007687 0.02752489686686892
-358.54415463854093 8.776213604174051 -0.029739482728908733 0.027455625245684682
-348.85377208085265 8.777287696361425 -0.029664420450127096 0.02738672787325844
-339.16338952304795 8.778355225551445 -0.029600628462040122 0.02731853041492154
-329.47300696524326 8.779416198110388 -0.029531609927351734 0.02725048653351862
-319.78262440743856 8.780470622246895 -0.029457658392930575 0.027182689570151203
-310.09224184963387 8.781518507919328 -0.029384110767403424 0.027115254299311865
-300.40185929182917 8.782559866746595 -0.029310963466970225 0.027048177661728342
-290.7114767340245 8.783594711922353 -0.029238212953686487 0.026981456634070165
-281.0210941762198 8.784623058132503 -0.029165855734662578 0.026915088228405167
-271.3307116184151 8.785644921475871 -0.029093888361281742 0.02684906949166603
-261.6403290606104 8.786660319388 -0.029044937375059848 0.02678380724335249
-251.9499465028057 8.78766927056796 -0.02897357275460793 0.026718476102649626
-242.259563945001 8.7886717949081 -0.02890436153330761 0.02665352160390326
-232.5691813871963 8.789667913426621 -0.028833744958947624 0.02658886949777117
-222.8787988293916 8.790657648202947 -0.02876350415016606 0.02652455284630449
-213.1884162715869 8.791641022315734 -0.028693635854263225 0.02646056889396914
-203.4980337137822 8.792618059783484 -0.028624136859359526 0.02639691491665431
-193.8076511559775 8.793588785507668 -0.02855500399368926 0.026333588221211176
-184.1172685981728 8.794553225218264 -0.028486234124910952 0.026270586144999816
-174.42688604036812 8.795511405421655 -0.028417824159433707 0.02620790605544439
-164.73650348267984 8.796463353350765 -0.028349771041759904 0.02614554534959695
-155.04612092487514 8.797409096917438 -0.028282071753838806 0.026083501453705315
-145.35573836707044 8.798348664666833 -0.02821472331444295 0.026021771822796094
-135.66535580926575 8.799282085733953 -0.028147722778550512 0.025960353940257627
-125.97497325146105 8.800209389802092 -0.028081067236745423 0.025899245317434018
-116.28459069365636 8.80113060706316 -0.0280147538146301 0.02583844349322558
-106.59420813585166 8.802045768179873 -0.04206605366741154 0.025777946033696278
-96.90382557804696 8.802954904249669 -0.041896559929684773 0.025717750531687962
-87.21344302024227 8.803858046770308 -0.041728916802302764 0.025657854606441474
-77.52306046243757 8.804755227607135 -0.04206871628050086 0.025598255903224128
-67.83267790463287 8.805646478961847 -0.04190093184537773 0.02553895209296384
-58.14229534682818 8.806531833342808 -0.04174017277462661 0.025480023083652513
-48.45191278902348 8.807411323536796 -0.04197701965017924 0.02602739079800158
-38.761530231218785 8.808284982582117 -0.042212389020083944 0.02596450450906784
-29.07114767341409 8.809152843743073 -0.0420457205584752 0.02590196900631133
-19.380765115609393 8.810014940485667 -0.04188080786533002 0.02583978067267207
-9.690382557804696 8.810871306454581 -0.041717618488954326 0.025777935955254738
0.0 8.811721975451286 -0.04155612082989781 0.02571643136355631
9.690382557804696 6.0318863596428836 -0.043380688940932347 0.06424920494650185
19.380765115492977 6.163762307525778 -0.043788929349279346 0.06404306865920124
29.071147673297673 6.263853299027761 -0.04361367300213762 0.06370200924516876
38.76153023110237 6.346494337626494 -0.043440260745997245 0.06336534127385635
48.451912788907066 6.417712733474644 -0.04326865898128718 0.0630329738436309
58.14229534671176 6.4807200836334795 -0.043098834973110026 0.06270481861079721
67.83267790451646 6.537467183187664 -0.042930756822884504 0.06238078969943772
77.52306046232115 6.58924354276345 -0.044108124878283785 0.06225884274160121
87.21344302012585 6.636953790128819 -0.043933508827530596 0.06194135375410441
96.90382557793055 6.68126126372366 -0.043957555803533416 0.06164779806671832
106.59420813573524 6.722669330673821 -0.043785060404116775 0.06133789270592501
116.28459069353994 6.761570557677747 -0.04361432377917289 0.06103174113247785
125.97497325134464 6.798278019651038 -0.04344531504277216 0.060729270093860845
135.66535580914933 6.833046086567281 -0.04327800407455841 0.060430408284871624
145.35573836695403 6.866084710528228 -0.04322759931086888 0.06014389753210482
155.04612092475872 6.897569535720503 -0.04306274522524264 0.05985198264732128
164.73650348256342 6.9276492326961865 -0.04289951538621157 0.05956347507849903
174.42688604036812 6.956450934636915 -0.042737882230059816 0.05927831066487344
184.1172685981728 6.984084343114574 -0.04257781885432421 0.05899642689368931
193.8076511559775 7.010644880670997 -0.042443983210377324 0.0587182312004573
203.4980337137822 7.036216147291766 -0.04228679973004642 0.05844272406050295
213.1884162714705 7.060871859753001 -0.04213111174104147 0.05817031944185442
222.87879882927518 7.084677400877536 -0.04197689473302256 0.057900960911382075
232.56918138707988 7.107691070436845 -0.04186072174556968 0.057636399879438284
242.25956394488458 7.129965105000665 -0.041709105540445116 0.057372956468386395
251.94994650268927 7.151546516799703 -0.04155889408252763 0.05711239827962371
261.64032906049397 7.200668948946603 -0.04141006495158258 0.05685467422758996
271.33071161829866 7.255875638868618 -0.04126259623465854 0.056599734463325384
281.02109417610336 7.306992254598456 -0.04111646651139329 0.05634753033684017
290.71147673390806 7.354581236451109 -0.040971654839834566 0.05609801436085588
300.40185929171275 7.3990935877611275 -0.04082814074275479 0.055851140175860924
310.09224184951745 7.440897047576305 -0.04068590419443931 0.05560686251642466
319.78262440732215 7.48029576111822 -0.04054492560792941 0.05536513717871745
329.47300696512684 7.517544382818585 -0.04040518582270154 0.05512592098918641
339.16338952293154 7.552858420027073 -0.040266666092765205 0.05488917177433936
348.85377208073623 7.586421970349237 -0.04012934807516336 0.054654848331590976
358.54415463854093 7.618393610126689 -0.039993213818858814 0.054422910401128205
368.2345371963456 7.64891094493979 -0.03985824575399193 0.054193318638753187
377.9249197541503 7.678094174674382 -0.03972442668149494 0.05396603458966433
387.615302311955 7.706048921382226 -0.039591739763049 0.0537410206631378
397.3056848696433 7.732868497845322 -0.03946016851137242 0.05351824010807652
406.996067427448 7.7586357463730335 -0.03932969678081797 0.053297656989375455
416.6864499852527 7.783424543457533 -0.03920030875829064 0.053079236165111635
426.3768325430574 7.807301041795829 -0.039071988954443075 0.05286294326447314
436.0672151008621 7.830324703758067 -0.03894472219516086 0.052648744666437895
445.7575976586668 7.852549167658299 -0.03881849361331804 0.052436607479157446
455.4479802164715 7.87402297877181 -0.03869328864079396 0.052226499520020966
465.1383627742762 7.894790210015741 -0.03856356141530269 0.05201838929637361
474.82874533208087 7.914890991909759 -0.03844040203602654 0.05181224598686415
484.51912788988557 7.934361967399349 -0.03831822367862193 0.05160803942339777
494.20951044769026 7.953236684025455 -0.038197012909200405 0.0514057400736716
503.89989300549496 7.971545933523161 -0.03807675655617922 0.05120531902427091
513.5902755632997 7.989318047055426 -0.03795744170369056 0.05100674796430474
523.2806581211044 8.006579152808914 -0.037839055685191955 0.05080999916956149
532.971040678909 8.023353401503678 -0.03772158607727021 0.050615045487164806
542.6614232367137 8.03966316442766 -0.037605020693632495 0.05042186032071158
552.3518057945184 8.055529207847615 -0.03748934757927749 0.05023041761587424
562.0421883523231 8.070970847031457 -0.03737455500484073 0.050040691846450894
571.7325709101278 8.086006082612537 -0.03726063146110765 0.049852658000846484
581.4229534678161 8.10065172161098 -0.037147565653690144 0.04966629156897224
591.1133360256208 8.114923485084898 -0.0370353464978528 0.04948156852953479
600.8037185834255 8.128836104094455 -0.03692396311350369 0.049298465337734326
610.4941011412302 8.142403405428729 -0.03681340482031752 0.049116958913313365
620.1844836990349 8.155638388337946 -0.03670366113300647 0.04893702662897641
629.8748662568396 8.168553293347745 -0.036594721756725915 0.04875864629915474
639.5652488146443 8.181159664086849 -0.036486576582611535 0.04858179616910606
649.255631372449 8.193468402937437 -0.03637921568344378 0.0484064549043378
658.9460139302537 8.205489821212876 -0.03635054522079379 0.04823516496212068
668.6363964880584 8.21723368447802 -0.03624414736077292 0.04806276009009294
678.3267790458631 8.228709253550328 -0.03613851350885208 0.04789180277875904
688.0171616036678 8.239925321653791 -0.03603363423826225 0.04772227326885143
697.7075441614725 8.25089024814033 -0.03592950028932573 0.047554152173119854
707.3979267192772 8.261611989143775 -0.03589263848299143 0.047389415563535174
717.0883092770819 8.272098125488396 -0.03578947767380709 0.047224039874436234
726.7786918348866 8.282355888136502 -0.035687042547126326 0.04706001679765537
736.4690743926913 8.29239218142685 -0.035585324317873514 0.04689732834319662
746.159456950496 8.302213604327086 -0.035484314354380736 0.04673595685136124
755.8498395083006 8.311826469898374 -0.035384004174886484 0.046575884985068976
765.5402220659889 8.321236823148235 -0.03528438544413415 0.04641709572239599
775.2306046237936 8.330450457429206 -0.03519047958835755 0.046259655065418216
784.9209871815983 8.339472929521484 -0.03509218219960066 0.046103380558284855
794.611369739403 8.34830957352667 -0.034994552644097884 0.045948339417304314
804.3017522972077 8.356965513682637 -0.03499164387294498 0.04579783531164242
813.9921348550124 8.365445676200038 -0.03489463319821531 0.04564518921190565
823.6825174128171 8.373754800209992 -0.03479827752008693 0.04549373017653857
833.3728999706218 8.381897447903276 -0.03469731722838265 0.04534344318936681
843.0632825284265 8.3898780139332 -0.0346022873767152 0.045194313496838445
852.7536650862312 8.397700734147113 -0.03450788945453644 0.04504632660219993
862.4440476440359 8.40536969370501 -0.03441411622341857 0.04489946825982776
872.1344302018406 8.41288883463789 -0.03432096056531645 0.04475372446971065
881.8248127596453 8.420261962893438 -0.03422841547992664 0.04460908147207822
891.51519531745 8.42749275491197 -0.034265243544839695 0.04447082171494195
901.2055778752547 8.43458476377148 -0.03417295144698611 0.04432830098482679
910.8959604330594 8.441541424936927 -0.03408126344716944 0.04418684172712986
920.5863429908641 8.44836606164565 -0.03399017268982945 0.044046431079708674
930.2767255486688 8.455061889957742 -0.03389967243365721 0.04390705639620059
939.9671081064735 8.461632023497705 -0.03380975604904433 0.043768705241425857
949.6574906642782 8.468079477911159 -0.03372041701560464 0.04363136538690893
959.3478732219664 8.474407175058282 -0.03362950637172345 0.043495024806516104
969.0382557797711 8.480617946964161 -0.03354131864273195 0.04335967167219623
978.7286383375758 8.486714539542964 -0.03345368910581116 0.043225294349845615
988.4190208953805 8.492699616113892 -0.033366611659029544 0.04309188139526129
998.1094034531852 8.498575760722792 -0.03329592791124535 0.04295967291636389
