-1007.7997860109899 8.803385464815763 -0.04640945389813417 0.045828396771139854
-998.1094034533016 8.80371961825611 -0.046259968910355775 0.04571433878337601
-988.4190208954969 8.804062374176317 -0.04611149037907328 0.045600870700331274
-978.7286383376922 8.804413408448644 -0.04596400779508985 0.04548798770790991
-969.0382557798875 8.804772406304398 -0.045817510798985175 0.04537568504762599
-959.3478732220829 8.805139062295542 -0.04567198917840716 0.04526395801575001
-949.6574906642782 8.805513080225582 -0.04552743286542097 0.045152801962471144
-939.9671081064735 8.805894173053325 -0.04538383193391638 0.04504221229107554
-930.2767255486688 8.806282062772771 -0.04524117659707126 0.044932184457140714
-920.5863429908641 8.80667648027224 -0.04510865219063063 0.0448239101528107
-910.8959604330594 8.807077165175558 -0.044967791362256024 0.044714983732413505
-901.2055778752547 8.807483865667926 -0.04482784857369696 0.04460660595163646
-891.51519531745 8.807896338308874 -0.04468881454930003 0.044498772464643135
-881.8248127596453 8.808314347834505 -0.0446620696900648 0.044396848927562196
-872.1344302018406 8.808737666951068 -0.044524006279231594 0.04429005167238968
-862.4440476440359 8.809166076121663 -0.04438683653783811 0.04418378653924737
-852.7536650862312 8.809599363347802 -0.04425055142859085 0.04407804935975261
-843.0632825284265 8.810037323947265 -0.044115142041013966 0.04397283601165184
-833.3728999706218 8.810479760329692 -0.044025164792418525 0.04387008558654462
-823.6825174128171 8.810926481771062 -0.043891151257038775 0.04376589335477126
-813.9921348551288 8.811377304188209 -0.043757992282195846 0.043662213068366255
-804.3017522973241 8.811832049914315 -0.0436587007624755 0.04356068964150301
-794.6113697395194 8.812290547476227 -0.043541471281255996 0.04345853842687267
-784.9209871817147 8.812752631374382 -0.043410479590689964 0.043356354612042
-775.23060462391 8.81321814186599 -0.04328031405773326 0.043254667431950326
-765.5402220661053 8.813686924752016 -0.04315096650436227 0.043153473100828045
-755.8498395083006 8.81415883116848 -0.043022428865978575 0.04305276787360255
-746.159456950496 8.814633717382467 -0.04289469318931392 0.04295254804531412
-736.4690743926913 8.815111444593182 -0.04276775163038607 0.04285280995054261
-726.7786918348866 8.815591878738365 -0.042691143650876784 0.04275487745380392
-717.0883092770819 8.816074890306238 -0.04256540209686209 0.04265608220254431
-707.3979267192772 8.816560354153205 -0.04244475895525993 0.04255789388041394
-697.7075441614725 8.817048149327382 -0.042320531223093504 0.04246003633916006
-688.0171616036678 8.817538158898081 -0.042197065535939195 0.042362642929621525
-678.3267790458631 8.818030269791276 -0.0420743545453769 0.042265710208893484
-668.6363964880584 8.818524372631053 -0.04195239100266397 0.04216923476997315
-658.9460139302537 8.819020361587043 -0.041831167756922916 0.04207321324126126
-649.255631372449 8.819518134227796 -0.04171067775337266 0.04197764228607267
-639.5652488146443 8.820017591380013 -0.041590914031601714 0.04188251860215552
-629.874866256956 8.820518636993564 -0.0414718697238835 0.04178783892122012
-620.1844836991513 8.821021178012202 -0.041353538053524284 0.04169360000847035
-610.4941011413466 8.821525124249803 -0.04123591233326336 0.041599798662154956
-600.8037185835419 8.822030388272065 -0.04111898596369644 0.041506431713114994
-591.1133360257372 8.822536885283505 -0.0410027524317419 0.041413496024345124
-581.4229534679325 8.823044533019582 -0.04088720530914073 0.04132098849056107
-571.7325709101278 8.82355325164381 -0.040949579259336885 0.041228906037774835
-562.0421883523231 8.824062963649721 -0.04083408209976555 0.04113724562287704
-552.3518057945184 8.82457359376746 -0.040719271603859165 0.04104600423322642
-542.6614232367137 8.825085068874905 -0.040645363114051924 0.040955178886246335
-532.971040678909 8.825597317913111 -0.04053160926507614 0.040864766629028174
-523.2806581211044 8.826110271805904 -0.040428655731905 0.0407749864931074
-513.5902755632997 8.826623863383489 -0.04031380307758443 0.0406855182568529
-503.89989300549496 8.82713802730987 -0.04021785652465432 0.04059632528906778
-494.20951044769026 8.82765270001394 -0.04010657988444611 0.040507533925524725
-484.51912788988557 8.828167819624083 -0.03999595260523965 0.04041914135513
-474.82874533208087 8.828683325906084 -0.03988596862387983 0.04033114479423676
-465.1383627742762 8.82919916020428 -0.039776621959647505 0.04024354148629143
-455.4479802164715 8.829715265385687 -0.039722104804130964 0.04015632870148598
-445.7575976587832 8.830231585787054 -0.039679121841247604 0.040069503736417156
-436.0672151009785 8.830748067164656 -0.03957077704275552 0.03998306391374576
-426.3768325431738 8.83126465664666 -0.039463059173531656 0.039897006581872056
-416.6864499853691 8.83178130268799 -0.03935596236582825 0.03981132911460598
-406.9960674275644 8.832297955027522 -0.039249480833379674 0.03972602891084769
-397.3056848697597 8.8328145646475 -0.03914360886976987 0.03964110339427252
-387.615302311955 8.833331083735018 -0.03954864607233738 0.039556550013020754
-377.9249197541503 8.833847465645519 -0.03944020264157261 0.03947236623939227
-368.2345371963456 8.834363664868127 -0.04216311803733943 0.03938854956954626
-358.54415463854093 8.83487963699276 -0.04203508663135116 0.039305097523205546
-348.85377208073623 8.835395338678891 -0.041907996142424235 0.039222007643365364
-339.16338952293154 8.835910727625881 -0.04178183350279363 0.03913927749600719
-329.47300696512684 8.83642576254478 -0.041656585939311604 0.03905690466981648
-319.78262440732215 8.8369404031315 -0.042387577798966465 0.03897488677590523
-310.09224184951745 8.837454610041306 -0.04225780502646258 0.03889322144753858
-300.40185929171275 8.83796834486452 -0.042129003344008355 0.03881190633986564
-290.71147673390806 8.838481570103355 -0.04200115904363804 0.03873093912965476
-281.02109417610336 8.838994249149858 -0.041874258727313624 0.0386503175150323
-271.33071161829866 8.839506346264816 -0.0418049034667201 0.038571666120166596
-261.64032906049397 8.840017826557652 -0.0416794358329981 0.038491716912655155
-251.9499465028057 8.840528655967157 -0.04155487983044521 0.03841210669534899
-242.259563945001 8.841038801243105 -0.04143122307499223 0.038332833245478155
-232.5691813871963 8.841548229928573 -0.043742166899761854 0.03937763525944666
-222.8787988293916 8.842056910343048 -0.04360232500756993 0.039290741671511406
-213.1884162715869 8.84256481156617 -0.04346360956276062 0.03920429963537593
-203.4980337137822 8.843071903422127 -0.04332600347963932 0.03911830436242106
-193.8076511559775 8.843578156464627 -0.04318949007588766 0.03903275115964527
-184.1172685981728 8.844083541962442 -0.043054053059680436 0.038947635426702765
-174.42688604036812 8.844588031885435 -0.04291967651731318 0.038862952653061764
-164.73650348256342 8.8450915988911 -0.04278634490131627 0.03877869841527698
-155.04612092475872 8.845594216311536 -0.04265404301903297 0.03869486837437093
-145.35573836695403 8.846095858140833 -0.04252275602164016 0.03861145827331894
-135.66535580914933 8.846596499022873 -0.0423924693935917 0.038528463934632384
-125.97497325134464 8.847096114239472 -0.04226316894246434 0.038445881258036635
-116.28459069353994 8.84759467969888 -0.04213484078918929 0.038363706218237884
-106.59420813573524 8.848092171924597 -0.04200747135865094 0.03828193486277587
-96.90382557793055 8.848588568044484 -0.041881047370637095 0.03820056330995796
-87.21344302012585 8.84908384578016 -0.04175555583112519 0.03811958774687109
-77.52306046232115 8.849577983436657 -0.04163098402388922 0.03803900442746776
-67.83267790463287 8.850070959892316 -0.0415073195024154 0.03795880967072403
-58.14229534682818 8.850562754588942 -0.04138455008210405 0.03787899985886056
-48.45191278902348 8.851053347522127 -0.04126266383276749 0.0377995714356377
-38.761530231218785 8.851542719231814 -0.04114164907138207 0.03772052090470289
-29.07114767341409 8.852030850793044 -0.0410214943551053 0.037641844828002216
-19.380765115609393 8.852517723806882 -0.0409021884745383 0.037563539824247254
-9.690382557804696 8.853003320391512 -0.04078372044722475 0.037485602567436285
0.0 1.6605367303340728 0.022788834835524567 0.16111511627071723
9.690382557804696 2.150655027892463 0.02243623472537505 0.16012274887248604
19.380765115609393 2.4844668547013224 0.022089722790017134 0.15914418034406
29.07114767341409 2.7518383904999437 0.02174915838658765 0.15817911362064896
38.761530231218785 2.9794968110613738 0.021414405039384583 0.15722726019541694
48.45191278902348 3.1798252445302673 0.021085330288331386 0.1562883398125792
58.14229534682818 3.3597902828785946 0.0207618055439769 0.1553620801736244
67.83267790463287 3.5237835689566737 0.02044370594870474 0.15444821665601166
77.52306046243757 3.674791187005389 0.020130910243845154 0.1535464920437286
87.21344302024227 3.8149566844522207 0.019823300642398567 0.15265665626913047
96.90382557804696 3.945882991420743 0.019520762707097822 0.15177846616551333
106.59420813585166 4.068807668906855 0.019223185233549253 0.15091168522990406
116.28459069353994 4.18471102151626 0.01893046013821266 0.15005608339558782
125.97497325134464 4.294386104544435 0.01864248235096668 0.14921143681385002
135.66535580914933 4.39848588330026 0.01835914971209464 0.1483775276446484
145.35573836695403 4.497556063183476 0.01808036287341277 0.147554143855596
155.04612092475872 4.592058588800662 0.017806025203398586 0.14674107902901806
164.73650348256342 4.682388869908635 0.017536042696111837 0.14593813217664847
174.42688604036812 4.7688886725373445 0.017270323883737074 0.14514510756162552
184.1172685981728 4.8518559423226515 0.01700877975258038 0.14436181452745342
193.8076511559775 4.9315524107295055 0.01629269498300659 0.14362473039303242
203.4980337137822 5.008209568929287 0.016042635599673873 0.142860076817599
213.1884162715869 5.082033419796935 0.015796447954331168 0.14210461570716693
222.8787988293916 5.15320830158327 0.015554053163421865 0.14135817505776868
232.5691813871963 5.221899996764622 0.015315374392514446 0.14062058718710257
242.259563945001 5.2882582837274565 0.014771187094495793 0.13991168791364286
251.9499465028057 5.352419049327132 0.01454199618535867 0.1391911717719307
261.6403290606104 5.493499544534293 0.014316269109061381 0.1384790321195537
271.3307116184151 5.646095202157901 0.014093937326292471 0.1377751172091225
281.0210941762198 5.786589245001788 0.01387493402352143 0.13707927898762928
290.7114767340245 5.916530214431352 0.013659194059832444 0.13639137298421028
300.40185929171275 6.037181687850238 0.013446653915701628 0.13571125820198968
310.09224184951745 6.149590436909705 0.013227146439045294 0.13503903260783065
319.78262440732215 6.254634863585317 0.013020896193762631 0.1343740889169575
329.47300696512684 6.353060299927812 0.012817663360225122 0.133716533301885
339.16338952293154 6.445505297994506 0.011929728683920957 0.13313200670890404
348.85377208073623 6.532521581916164 0.011737429935186996 0.1324883609770772
358.54415463854093 6.6145894421795095 0.011547906048059067 0.1318517349757973
368.2345371963456 6.69212978797982 0.011382225122799136 0.1312220091502802
377.9249197541503 6.765513706596437 0.01119794153720538 0.13059906668655127
387.615302311955 6.835070134278678 0.011016283264567531 0.12998279343295885
397.3056848697597 6.901092076668968 0.01083720200860431 0.12937307782437368
406.9960674275644 6.963841701214715 0.010660650597128707 0.12876981080896877
416.6864499853691 7.023554542352917 0.010486582950144742 0.1281728857774763
426.3768325431738 7.080443001616673 0.0085130812108738 0.12786130876411017
436.0672151009785 7.134699282099499 0.008357107060453435 0.12727470332937388
445.7575976587832 7.186497865182173 0.008203290949445262 0.12669416404339828
455.4479802165879 7.235997613865225 0.008051595083427064 0.12611959275305135
465.1383627743926 7.283343569244634 0.007901982494505026 0.12555089344675813
474.8287453321973 7.328668493072587 0.007754417019583095 0.12498797219605294
484.519127890002 7.37209419886315 0.007608863279295217 0.12443073709904107
494.20951044769026 7.413732705848533 0.007470811814286292 0.12387909822570341
503.89989300549496 7.453687243699231 0.007329137852859678 0.12333296756493514
513.5902755632997 7.4920531308546945 0.007189374581042185 0.12279225897335211
523.2806581211044 7.528918545302279 0.007051489543326518 0.12225688812566766
532.971040678909 7.564365203396296 0.006884534908782845 0.12172745739827424
542.6614232367137 7.598468959714296 0.006750539632025785 0.1212025110467835
552.3518057945184 7.631300338828957 0.006618325944641133 0.12068265997320281
562.0421883523231 7.662925008147296 0.00648786411230856 0.12016782665775802
571.7325709101278 7.693404199550831 0.006359125019384419 0.11965793517336216
581.4229534679325 7.722795086400164 0.006253758162252278 0.1191529111446497
591.1133360257372 7.75115112149702 0.006128219593552556 0.11865268170827277
600.8037185835419 7.778522340788401 0.006004322321361801 0.11815717547441339
610.4941011413466 7.804955636921022 0.005882039503059235 0.1176663224894689
620.1844836991513 7.830495006185755 0.005761344843068123 0.11718005419986922
629.874866256956 7.855181771912326 0.005642212579421918 0.11669830341698496
639.5652488147607 7.879054786968354 0.005524617470715219 0.11622100428308975
649.2556313725654 7.902150617671669 0.005408534783427273 0.11574809223833839
658.9460139303701 7.924503711130459 0.005266176338028934 0.1152800922864126
668.6363964881748 7.946146547773813 0.0051532509213436635 0.1148157614361296
678.3267790458631 7.967109780618755 0.005041763656255407 0.11435563153051333
688.0171616036678 7.987422362635276 0.004931691786320065 0.11389964288875792
697.7075441614725 8.007111663404778 0.004823013002895043 0.11344773697694738
707.3979267192772 8.026203576136831 0.0047157054345199345 0.11299985638041554
717.0883092770819 8.04472261597924 0.004617798023314762 0.1125559447769294
726.7786918348866 8.062692010456418 0.00451310962052314 0.11211594691063827
736.4690743926913 8.080133782777287 0.004397124227270551 0.1116800641411295
746.159456950496 8.097068828673667 0.004295126354474563 0.11124773024013984
755.8498395083006 8.113516987359542 0.004194396021000939 0.11081915048507818
765.5402220661053 8.129497107139489 0.00409491378307617 0.1103942736390281
775.23060462391 8.145027106139931 0.003996660567200906 0.10997304941189784
784.9209871817147 8.160124028588527 0.0038996176616569018 0.10955542843848161
794.6113697395194 8.174804097024362 0.0038037667082414777 0.10914136225712913
804.3017522973241 8.189082760783723 0.0037090896942228464 0.10873080328900545
813.9921348551288 8.202974741072628 0.003615568944509678 0.10832370481792054
823.6825174129335 8.21649407290738 0.003523187114027502 0.1079200209707123
833.3728999707382 8.229654144177731 0.0034319271802971878 0.10751970669816306
843.0632825285429 8.24246773206348 0.003341772436208051 0.10712271775643467
852.7536650863476 8.254947037014038 0.0032527064829805117 0.10672901068900491
862.4440476440359 8.267103714481248 0.003164713223313565 0.10633854280909384
872.1344302018406 8.27894890457973 0.003077776854705046 0.10595127218253753
881.8248127596453 8.290493259830516 0.0029918818629556337 0.10556715761116443
891.51519531745 8.30174697113513 0.0029070130158298578 0.10518615861656669
901.2055778752547 8.31271979210956 0.0028231553568855653 0.10480823542432252
910.8959604330594 8.323421061899548 0.002740294199460061 0.10443334894862913
920.5863429908641 8.333859726587313 0.0026584151208103282 0.1040614607773381
930.2767255486688 8.344044359290862 0.0025775039564015128 0.1036925331573799
939.9671081064735 8.35398317904871 0.0024975467943408624 0.10332652898056763
949.6574906642782 8.363684068575235 0.0024185299699515427 0.1029634117697665
959.3478732220829 8.373154590965115 0.002340440060483309 0.10260314566541966
969.0382557798875 8.382402005418973 0.0022632638799554745 0.10224569541241874
978.7286383376922 8.391433282056763 0.002186988474128816 0.1018910263473094
988.4190208954969 8.400255115880231 0.0021116011156023526 0.10153910438582142
998.1094034533016 8.408873939941024 0.0020370892990317214 0.10118989601071426
