-872.1344302018406 9.977538083990336 0.0 0.0
-862.4440476440359 9.977538083990336 0.0 0.0
-852.7536650862312 9.977538083990336 0.0 0.0
-843.0632825284265 9.977538083990336 0.0 0.0
-833.3728999706218 9.977538083990336 0.0 0.0
-823.6825174128171 9.977538083990336 0.0 0.0
-813.9921348550124 9.977538083990336 0.0 0.0
-804.3017522972077 9.977538083990336 0.0 0.0
-794.611369739403 9.977538083990336 0.0 0.0
-784.9209871815983 9.977538083990336 0.0 0.0
-775.23060462391 9.977538083990336 0.0 0.0
-765.5402220661053 9.977538083990336 0.0 0.0
-755.8498395083006 9.977538083990336 0.0 0.0
-746.159456950496 9.977538083990336 0.0 0.0
-736.4690743926913 9.977538083990336 0.0 0.0
-726.7786918348866 9.977538083990336 0.0 0.0
-717.0883092770819 9.977538083990336 0.0 0.0
-707.3979267192772 9.977538083990336 0.0 0.0
-697.7075441614725 9.977538083990336 0.0 0.0
-688.0171616036678 9.977538083990336 0.0 0.0
-678.3267790458631 9.977538083990336 0.0 0.0
-668.6363964880584 9.977538083990336 0.0 0.0
-658.9460139302537 9.977538083990336 0.0 0.0
-649.255631372449 9.977538083990336 0.0 0.0
-639.5652488146443 9.977538083990336 0.0 0.0
-629.8748662568396 9.977538083990336 0.0 0.0
-620.1844836990349 9.977538083990336 0.0 0.0
-610.4941011412302 9.977538083990336 -0.00017682516037361494 1.3545027186482484e-05
-600.8037185834255 9.977538083990336 -0.00017231204814465603 1.3199317177184338e-05
-591.1133360257372 9.977538083990336 -0.00016802357886286327 1.2870815097007956e-05
-581.4229534679325 9.977538083990336 -0.00016394338721292188 1.255826734244776e-05
-571.7325709101278 9.977538083990336 -0.00016005665981830327 1.2260539190439712e-05
-562.0421883523231 9.977538083990336 -0.00015634995553664513 1.1976601032763418e-05
-552.3518057945184 9.977538083990336 -0.0001528110501605258 1.1705516479928001e-05
-542.6614232367137 9.977538083990336 -0.00014942880174211606 1.1446432044873514e-05
-532.971040678909 9.977538083990336 -0.00014619303341559142 1.1198568167022033e-05
-523.2806581211044 9.977538083990336 -0.00014309443112121465 1.0961211377814226e-05
-513.5902755632997 9.977538083990336 -0.00014012445406606254 1.0733707441890886e-05
-503.89989300549496 9.977538083990336 -0.0001372752561085463 1.0515455335048908e-05
-494.20951044769026 9.977538083990336 -0.00013453961654289064 1.0305901942245868e-05
-484.51912788988557 9.977538083990336 -0.0001319108789979262 1.0104537377172478e-05
-474.82874533208087 9.977538083990336 -0.00012938289736165885 9.910890840006534e-06
-465.1383627742762 9.977538083990336 -0.0001269499878068293 9.724526942511402e-06
-455.4479802164715 9.977538083990336 -0.0001246068861292254 9.545042440097974e-06
-445.7575976586668 9.977538083990336 -0.00012234870972478934 9.372063319223257e-06
-436.0672151008621 9.977538083990336 -0.00012017092362753025 9.205242195852616e-06
-426.3768325430574 9.977538083990336 -0.00011806931011112005 9.044255986904107e-06
-416.6864499852527 9.977538083990336 -0.00029276578852343395 1.9711852343253795e-05
-406.996067427448 9.977538083990336 -0.0002862024703823033 1.927978531262686e-05
-397.3056848697597 9.977538083990336 -0.0002799379616771784 1.8867018840228772e-05
-387.615302311955 9.977538083990336 -0.0003178929897142855 2.038141726970337e-05
-377.9249197541503 9.977538083990336 -0.00031102496585925957 1.9953857358769873e-05
-368.2345371963456 9.977538083990336 -0.0003044573382158247 1.954452880789449e-05
-358.54415463854093 9.977538083990336 -0.0002981703124443662 1.9152255217085545e-05
-348.85377208073623 9.977538083990336 -0.00029214582908862474 1.8775961566529812e-05
-339.16338952293154 9.977538083990336 -0.0002863673749721795 1.8414663343012786e-05
-329.47300696512684 9.977538083990336 -0.00039586286338608927 2.420746466851157e-05
-319.78262440732215 9.977538083990336 -0.00038758379346440707 2.3716152958463445e-05
-310.09224184951745 9.977538083990336 -0.0003796563111602182 2.3245201996665727e-05
-300.40185929171275 9.977538083990336 -0.0003720578600991319 2.279333019689684e-05
-290.71147673390806 9.977538083990336 -0.0003647678142848279 2.2359364071926e-05
-281.02109417610336 9.977538083990336 -0.0003577672725494022 2.194222684796496e-05
-271.33071161829866 9.977538083990336 -0.00039347212742449263 2.320796482282197e-05
-261.64032906049397 9.977538083990336 -0.0003858998313268551 2.2778375424034082e-05
-251.94994650268927 9.977538083990336 -0.0004629741541246181 2.6383961160043118e-05
-242.25956394488458 9.977538083990336 -0.0004538330296183166 2.5883758973061912e-05
-232.56918138707988 9.977538083990336 -0.0004770717669323084 2.6392655842579003e-05
-222.87879882927518 9.977538083990336 -0.0004989890439177134 2.703340099534255e-05
-213.1884162715869 9.977538083990336 -0.0004893160128709289 2.653548929782484e-05
-203.4980337137822 9.977538083990336 -0.00048002723841096936 2.6056488238696213e-05
-193.8076511559775 9.977538083990336 -0.0005194339808967927 2.720687013945063e-05
-184.1172685981728 9.977538083990336 -0.0005096130267231786 2.6721367795623124e-05
-174.42688604036812 9.977538083990336 -0.0005001733801342866 2.625376824121583e-05
-164.73650348256342 9.977538083990336 -0.0004910924423891102 2.5803056638592386e-05
-155.04612092475872 9.977538083990336 -0.0004823494179553238 2.536829612690911e-05
-145.35573836695403 9.977538083990336 -0.0004739251340432194 2.4948620262230994e-05
-135.66535580914933 9.977538083990336 -0.00046580188178109455 2.454322634030028e-05
-125.97497325134464 9.977538083990336 -0.0004579632760198882 2.4151369481851984e-05
-116.28459069353994 9.977538083990336 -0.00045039413123023356 2.3772357378960713e-05
-106.59420813573524 9.977538083990336 -0.00044308035134692225 2.340554561628799e-05
-96.90382557793055 9.977538083990336 -0.0004360088317401528 2.3050333493864934e-05
-87.21344302012585 9.977538083990336 -0.00042916737176264356 2.2706160288714707e-05
-77.52306046232115 9.977538083990336 -0.00042254459654685105 2.237250190154047e-05
-67.83267790451646 9.977538083990336 -0.0004161298869152325 2.2048867842205915e-05
-58.14229534671176 9.977538083990336 -0.000409913316425232 2.1734798514080015e-05
-48.451912788907066 9.977538083990336 -0.0004038855947046783 2.1429862762670603e-05
-38.76153023110237 9.977538083990336 -0.00039803801634680284 2.113365565853514e-05
-29.07114767341409 9.977538083990336 -0.00039236241473063324 2.0845796488344454e-05
-19.380765115609393 9.977538083990336 -0.00038685112021430196 2.0565926931270347e-05
-9.690382557804696 9.977538083990336 -0.000381496922220574 2.0293709400794117e-05
0.0 9.977538083990336 -0.0003762930347918478 2.0028825534357984e-05
9.690382557804696 7.082396394446312 -0.012896456792161646 0.03528451128575273
19.380765115609393 7.22551906521059 -0.01257109990334023 0.03438207667209782
29.07114767341409 7.33009908094436 -0.012261861700578046 0.03352465845450226
38.761530231218785 7.414950879138396 -0.011967569577787284 0.03270897004100162
48.45191278902348 7.487296449932887 -0.015572505250006669 0.033742888438371255
58.14229534682818 7.550820538647105 -0.01520527253406257 0.03295552368287491
67.83267790463287 7.607703637078487 -0.014855078950753338 0.032204090222150206
77.52306046243757 7.659361889134086 -0.014520760384872194 0.0314861818464148
87.21344302024227 7.706776136298316 -0.01420125673249636 0.030799602632309173
96.90382557804696 7.750658634229712 -0.015711389224111104 0.03054648144215231
106.59420813585166 7.791545732707619 -0.015371465511248739 0.029906192352414065
116.28459069365636 7.829853120050677 -0.015046088375849696 0.029292228146966102
125.97497325146105 7.865910599257187 -0.014734335854730607 0.028702995887458938
135.66535580926575 7.8999849621748846 -0.014435362870516808 0.028137028800605278
145.35573836707044 7.932295589057731 -0.014148393323158964 0.027592974009953374
155.04612092475872 7.9630254144945045 -0.013872713144773252 0.027069581674440686
164.73650348256342 7.992328837542754 -0.013607664182668105 0.026565695348653173
174.42688604036812 8.020337555885137 -0.013352638796870164 0.026080243407209307
184.1172685981728 8.047164952986575 -0.013107075075969548 0.025612231398350657
193.8076511559775 8.07290945377554 -0.012870452589810765 0.02516073521124669
203.4980337137822 8.097657130373408 -0.012642288609615158 0.02472489495756175
213.1884162715869 8.121483752896179 -0.012422134736268606 0.0243039094815436
222.8787988293916 8.144456423136466 -0.012209573885988097 0.02389703142447136
232.5691813871963 8.166634890248284 -0.012004217589714584 0.023503562779150677
242.259563945001 8.188072620882345 -0.011805703568599536 0.023122850878543846
251.9499465028057 8.208817677497189 -0.011613693553049963 0.02275428476980656
261.6403290606104 8.228913445217447 -0.011427871317126281 0.022397291931162487
271.3307116184151 8.248399237944602 -0.011247940903776702 0.022051335294344096
281.0210941762198 8.267310807334443 -0.011073625019544224 0.021715910539892948
290.7114767340245 8.285680772988561 -0.010904663580084139 0.02139054363655807
300.40185929182917 8.303538988250434 -0.010740812390151875 0.021074788599448092
310.09224184963387 8.320912852992388 -0.010581841943721257 0.020768225444558943
319.78262440743856 8.337827582476448 -0.01042753633162145 0.02047045831988044
329.47300696524326 8.354306439589985 -0.010277692245577202 0.02018111379553531
339.16338952293154 8.370370936366056 -0.010132118068837482 0.019899839297374097
348.85377208073623 8.38604100960592 -0.009990633044695585 0.019626301670147964
358.54415463854093 8.401335174550209 -0.009853066515225262 0.01936018585796192
368.2345371963456 8.416270659860242 -0.009719257223357465 0.019101193690920813
377.9249197541503 8.43086352660845 -0.009589052672237107 0.018849042768167883
387.615302311955 8.445128773531732 -0.00946230853642377 0.0186034654284753
397.3056848697597 8.459080430435012 -0.009338888120093845 0.018364207800481373
406.9960674275644 8.472731641333754 -0.00921866185791183 0.01813102892547217
416.6864499853691 8.486094738678803 -0.009101506854690215 0.01790369994632064
426.3768325431738 8.499181309804145 -0.008987306460356597 0.017682003356831035
436.0672151009785 8.51200225656993 -0.008875949877100279 0.01746573230630177
445.7575976587832 8.524567849032756 -0.008767331795883989 0.01725468995462256
455.4479802165879 8.536887773857815 -0.008661352059785039 0.017048688873671045
465.1383627743926 8.557941454915685 -0.008557915351877927 0.01684755049117467
474.8287453321973 8.580574865225698 -0.008456930905591287 0.01665110457356276
484.519127890002 8.602418222959445 -0.008358312235669112 0.016459188744655004
494.2095104478067 8.623523163139089 -0.008261976888042427 0.016271648037320865
503.8998930056114 8.643936442680175 -0.0081678462070751 0.016088334475503528
513.5902755634161 8.663700535047798 -0.0080758451187889 0.01590910668423495
523.2806581212208 8.682854135713582 -0.007985901928799688 0.01573382952547834
532.971040678909 8.701432594244896 -0.007897948133811561 0.015562373757825479
542.6614232367137 8.719468285642465 -0.007811918245611141 0.015394615718232934
552.3518057945184 8.736990931051826 -0.007727749626618501 0.015230437024178277
562.0421883523231 8.754027876043788 -0.007645382336097741 0.015069724294685309
571.7325709101278 8.770604333128405 -0.007564758986242525 0.014912368888865773
581.4229534679325 8.786743593966367 -0.007485824607397565 0.014758266660696217
591.1133360257372 8.802467215778963 -0.0074085265217462525 0.014607317728867397
600.8037185835419 8.817795185687096 -0.00733281422484922 0.014459426260635956
610.4941011413466 8.832746066087013 -0.00725863927446936 0.014314500268694137
620.1844836991513 8.847337123664806 -0.00718595518616484 0.0141724514201517
629.874866256956 8.861584444238629 -0.007114717335173393 0.0140331948567954
639.5652488147607 8.875503035278523 -0.007044882864149238 0.013896649025856616
649.2556313725654 8.889106917673878 -0.006976410596348706 0.013762735520577132
658.9460139303701 8.902409208086533 -0.006909260953892168 0.013631378929917339
668.6363964881748 8.915422193034312 -0.00684339588075875 0.013502506696800861
678.3267790459795 8.9281573956881 -0.0067787787701966955 0.0133760489843351
688.0171616037842 8.940625636229864 -0.006715374396256272 0.01325193854948885
697.7075441615889 8.952837086504344 -0.0066531488491742554 0.01313011062374638
707.3979267193936 8.964801319600461 -0.006592069474359115 0.013010502800292445
717.0883092770819 8.976527354915705 -0.006532104814745397 0.012893054927316398
726.7786918348866 8.98802369918772 -0.006473224556297641 0.012777709007043206
736.4690743926913 8.99929838391419 -0.006415399476474972 0.012664409100156239
746.159456950496 9.010358999535514 -0.006358601395456572 0.012553101235252112
755.8498395083006 9.021212726705329 -0.006302803129966733 0.012443733323040811
765.5402220661053 9.03186636493877 -0.006247978449535123 0.012336255074995677
775.23060462391 9.042326358893849 -0.006194102035044194 0.012230617926187456
784.9209871817147 9.05259882251291 -0.0061411494394251745 0.012126774962053515
794.6113697395194 9.062689561225794 -0.0060890970503737285 0.012024680848869977
804.3017522973241 9.072604092394487 -0.006037922054964993 0.011924291767710081
813.9921348551288 9.082347664159736 -0.005987602406055978 0.011825565351686591
823.6825174129335 9.091925272833391 -0.005938116790370699 0.011728460626289128
833.3728999707382 9.101341678965168 -0.005889444598170432 0.011632937952639835
843.0632825285429 9.110601422199666 -0.005841565894417851 0.01153895897350218
852.7536650863476 9.119708835027723 -0.005794461391349839 0.011446486561888245
862.4440476441523 9.128668055526086 -0.00574811242237919 0.011355484772119716
872.134430201957 9.137483039170126 -0.0057025009172506505 0.01126591879320698
881.8248127597617 9.146157569796408 -0.005657609378381374 0.011177754904419225
891.5151953175664 9.154695269784517 -0.005613420858320418 0.011090960432926279
901.2055778752547 9.16309960952121 -0.005569918938266425 0.011005503713401369
910.8959604330594 9.171373916204697 -0.005527087707582864 0.010921354049473714
920.5863429908641 9.179521382039736 -0.005484911744264682 0.010838481676947611
930.2767255486688 9.18754507187305 -0.005443376096295251 0.0107568577286748
939.9671081064735 9.195447930310818 -0.0054024662638538865 0.010676454201008581
949.6574906642782 9.203232788358518 -0.005362168182326082 0.010597243921751263
959.3478732220829 9.210902369619093 -0.0053224682060749404 0.01051920051951915
969.0382557798875 9.21845929608263 -0.005283353092934264 0.010442298394452237
978.7286383376922 9.225906093537878 -0.005244809989386136 0.010366512690200391
988.4190208954969 9.233245196633423 -0.005206826416387902 0.010291819267121466
998.1094034533016 9.240478953614096 -0.005212911931969893 0.01022145688924713
