-1007.7997860111063 9.977413014626803 -0.0009711981179020522 4.494234929689053e-08
-998.1094034533016 9.977403069035983 -0.000965701428535466 4.4679217511541056e-08
-988.4190208954969 9.977392517401046 -0.0009602700998492387 4.4419215168141845e-08
-978.7286383376922 9.977381336064823 -0.000954902824044208 4.416228607291442e-08
-969.0382557798875 9.977369501200256 -0.0009495983372928398 4.3908375378320604e-08
-959.3478732220829 9.977356988844289 -0.0009443554172365219 4.365742954409897e-08
-949.6574906642782 9.977343774932272 -0.0009391728806978003 4.340939629748821e-08
-939.9671081064735 9.977329835332764 -0.0009340495815836214 4.316422459633713e-08
-930.2767255486688 9.977315145882601 -0.0009289844089588038 4.292186459247218e-08
-920.5863429908641 9.977299682422188 -0.0009239762852716235 4.268226759742311e-08
-910.8959604330594 9.977283420830851 -0.0009190241647156861 4.2445386048175745e-08
-901.2055778753711 9.977266337062183 -0.0009141270317142854 4.221117347510668e-08
-891.5151953175664 9.977248407179284 -0.0009092838995147164 4.197958447039237e-08
-881.8248127597617 9.977229607389782 -0.0009044938088826987 4.1750574657976706e-08
-872.134430201957 9.977209914080577 -0.0008997558268862716 4.15241006639452e-08
-862.4440476441523 9.977189303852171 -0.0008950690457616622 4.130012008857968e-08
-852.7536650863476 9.977167753552555 -0.0008904325818533396 4.1078591478955063e-08
-843.0632825285429 9.977145240310518 -0.0008858455746217132 4.0859474302552606e-08
-833.3728999707382 9.97712174156835 -0.0008813071857125782 4.064272892168627e-08
-823.6825174129335 9.977097235113822 -0.0008768165980830545 4.042831656889134e-08
-813.9921348551288 9.977071699111406 -0.0008723730151793113 4.021619932307197e-08
-804.3017522973241 9.977045112132663 -0.0008679756601618549 4.0006340086475457e-08
-794.6113697395194 9.977017453185718 -0.0008636237751745859 3.979870256228988e-08
-784.9209871817147 9.976988701743807 -0.0008593166206542061 3.959325123305496e-08
-775.23060462391 9.976958837772804 -0.0008550534746769004 3.938995133985891e-08
-765.5402220661053 9.976927841757707 -0.0008508336323394908 3.918876886209097e-08
-755.8498395083006 9.976895694728038 -0.0008466564051725545 3.8989670497668254e-08
-746.159456950496 9.976862378282101 -0.000842521120583199 3.879262364442815e-08
-736.4690743926913 9.976827874610107 -0.0008384271213254252 3.859759638130385e-08
-726.7786918348866 9.976792166516082 -0.0008343737649961687 3.840455745115329e-08
-717.0883092771983 9.976755237438578 -0.0008303604235553432 3.821347624295116e-08
-707.3979267193936 9.976717071470148 -0.0008263864828680169 3.802432277526832e-08
-697.7075441615889 9.976677653375582 -0.0008224513422679887 3.783706768037474e-08
-688.0171616037842 9.976636968608862 -0.0008185544141404832 3.76516821882475e-08
-678.3267790459795 9.976595003328875 -0.0008146951235234552 3.746813811136482e-08
-668.6363964881748 9.976551744413833 -0.0008108729077261115 3.728640783021847e-08
-658.9460139303701 9.976507179474428 -0.0008070872159636442 3.71064642787041e-08
-649.2556313725654 9.976461296865724 -0.000803337509007241 3.6928280930582274e-08
-639.5652488147607 9.976414085697773 -0.0008153863073248859 5.35659755015513e-07
-629.874866256956 9.97636553584498 -0.0008112995017655534 5.225600254515152e-07
-620.1844836991513 9.976315637954226 -0.0008072676669604262 5.101147525841035e-07
-610.4941011413466 9.976264383451763 -0.0008032887922180722 4.982756777665247e-07
-600.8037185835419 9.976211764548893 -0.0010158165733725156 4.869991806994507e-07
-591.1133360257372 9.97615777424646 -0.0010064082515356225 4.762457350696153e-07
-581.4229534679325 9.976102406338164 -0.0009973232384192388 4.6597943910239604e-07
-571.7325709101278 9.976045655412738 -0.0009885399600576305 4.5616760926527685e-07
-562.0421883523231 9.975987516855001 -0.0009800388481657396 4.4678042742979547e-07
-552.3518057945184 9.97592798684581 -0.001122386052491648 4.377906334642254e-07
-542.6614232367137 9.97586706236096 -0.0011104907909917326 4.291732565698156e-07
-532.9710406790255 9.975804741169036 -0.0010990264480865296 4.209053797884875e-07
-523.2806581212208 9.975741021828277 -0.0010997152043408685 4.0880304336585414e-05
-513.5902755634161 9.975675903682466 -0.0012713906630146513 3.98272102512071e-05
-503.8998930056114 9.975609386855876 -0.0012561687753809268 3.882706546590445e-05
-494.2095104478067 9.975541472247324 -0.001241519707743529 3.7875972720106915e-05
-484.519127890002 9.975472161523353 -0.001227406511133717 3.697040817039714e-05
-474.8287453321973 9.975401457110593 -0.0012137954672555122 3.610717770405286e-05
-465.1383627743926 9.975329362187312 -0.0012006557388191522 3.52833792463917e-05
-455.4479802165879 9.975255880674231 -0.0011879590646060544 3.449637012381005e-05
-445.7575976587832 9.975181017224598 -0.009116383054106583 0.003025106755022271
-436.0672151009785 9.975104777213582 -0.008900543022339755 0.0029475543746416894
-426.3768325431738 9.975027166727042 -0.009291911996361132 0.0028738801050854387
-416.6864499853691 9.974948192549647 -0.009081293343821111 0.002803800078622144
-406.9960674275644 9.974867862152456 -0.008880548962396614 0.0027370574773717448
-397.3056848697597 9.974786183679946 -0.008688992601466959 0.0026734193858017393
-387.615302311955 9.974703165936537 -0.008506000355111003 0.0026126740727719635
-377.9249197541503 9.974618818372651 -0.008331003729773972 0.002554628636250162
-368.2345371963456 9.974533151070352 -0.008163483617629435 0.002499106955462511
-358.54415463854093 9.97444617472857 -0.008002965040437768 0.0024459479046537278
-348.85377208085265 9.974357900647979 -0.007849012551300001 0.0023950037902762044
-339.16338952304795 9.974268340715533 -0.007701226200125316 0.0023461389796623562
-329.47300696524326 9.974177507388712 -0.00755923798377373 0.002299228694361966
-319.78262440743856 9.974085413679502 -0.007422708714202201 0.0022541579455165406
-310.09224184963387 9.973992073138145 -0.007291325248281359 0.002210820592145979
-300.40185929182917 9.973897499836664 -0.007164798031435739 0.0021691185061003706
-290.7114767340245 9.973801708352244 -0.007063875773671602 0.002128960829841934
-281.0210941762198 9.973704713750442 -0.00694573945801065 0.002090263315235533
-271.3307116184151 9.973606531568285 -0.006831738307522835 0.0020529477332159158
-261.6403290606104 9.973507177797291 -0.006727970757758264 0.0020169413456228875
-251.9499465028057 9.973406668866394 -0.006621440909715543 0.001982176431697385
-242.259563945001 9.97330502162485 -0.0066766206899163336 0.0019631942288994408
-232.5691813871963 9.973202253325123 -0.006572765891191929 0.001930355533452562
-222.8787988293916 9.973098381605764 -0.006474645406330224 0.001898596687803374
-213.1884162715869 9.97299342447433 -0.006377532687948058 0.001867868091147049
-203.4980337137822 9.972887400290345 -0.00628349523971279 0.0018381202688042848
-193.8076511559775 9.972780327748326 -0.006192385528628896 0.0018093068766321823
-184.1172685981728 9.972672225860908 -0.006104065471153751 0.0017813844559089428
-174.42688604036812 9.972563113942059 -0.00602393344538634 0.0017543122110670489
-164.73650348267984 9.972453011590433 -0.005945172294670509 0.0017280518078034578
-155.04612092487514 9.972341938672853 -0.005864227163930014 0.0017025671893980644
-145.35573836707044 9.97222991530795 -0.0057856119803174075 0.0016778244093409364
-135.66535580926575 9.972116961849977 -0.005709225002520204 0.0016537914785845127
-125.97497325146105 9.972003098872799 -0.005634970421499731 0.001630438225944463
-116.28459069365636 9.971888347154085 -0.005562757927481188 0.0016077361703367844
-106.59420813585166 9.971772727659706 -0.005519651464717436 0.0015856584036894623
-96.90382557804696 9.97165626152835 -0.0054505663322702 0.0015641794834963473
-87.21344302024227 9.971538970056377 -0.005396585384439029 0.001543275334094319
-77.52306046243757 9.971420874682902 -0.005330757460696079 0.001522923155844227
-67.83267790463287 9.971301996975129 -0.005266637638867909 0.001503101341483548
-58.14229534682818 9.971182358613953 -0.005204157974221297 0.0014837893989956235
-48.45191278902348 9.971061981379814 -0.0051432541846069815 0.0014649678804082799
-38.761530231218785 9.970940887138827 -0.0050953276786321645 0.0014466183159946196
-29.07114767341409 9.970819097829189 -0.005037099344773728 0.0014287231534019975
-19.380765115609393 9.970696635447874 -0.004980288583717993 0.001411265701282323
-9.690382557804696 9.970573522037606 -0.004924842336349974 0.001394230077038783
0.0 9.970449779674134 -0.004870710244901787 0.0013776011583413667
9.690382557804696 1.4062199363807952 -0.12816195487251472 0.02022143164805555
19.380765115609393 1.8457219618920089 -0.12496651899660133 0.01972486877196914
29.071147673297673 2.190754115839913 -0.12192853528994568 0.01925256669760977
38.76153023110237 2.481833127260539 -0.1190365927893681 0.018802774415124863
48.451912788907066 2.736648995334199 -0.11629323120804026 0.018373906133162775
58.14229534671176 2.964842759136377 -0.11366299725820621 0.01796452220519739
67.83267790451646 3.172368961438666 -0.11115057923663407 0.017573312640880634
77.52306046232115 3.3632177835141492 -0.10874819715299981 0.017199082802522796
87.21344302012585 3.5402219613988057 -0.10644874270330944 0.016840740956016082
96.90382557793055 3.7054811649583437 -0.10424570824182011 0.016497287401507944
106.59420813573524 3.8606047260113474 -0.10213312458377581 0.016167804954679538
116.28459069353994 4.006859648141963 -0.10010550638374179 0.015851450586708518
125.97497325134464 4.145265543485892 -0.0981578040341939 0.01554744806155118
135.66535580914933 4.276658079900587 -0.09628536119378246 0.015255081434367452
145.35573836695403 4.40173285119411 -0.09448387719106906 0.014973689295762243
155.04612092475872 4.521076593756455 -0.092749373662855 0.014702659663841327
164.73650348256342 4.6351899507623795 -0.09107816488074043 0.01444142544053098
174.42688604036812 4.744504428503343 -0.08946683129867045 0.014189460360706917
184.1172685981728 4.849395262947357 -0.08791219592068278 0.01394627537283902
193.8076511559775 4.950191343830661 -0.08641130314407963 0.013711415398421915
203.4980337137822 5.047182981149279 -0.08496139978059937 0.013484456424701785
213.1884162714705 5.1406280625865 -0.08355991799834031 0.013265002891352937
222.87879882927518 5.230756992640041 -0.08220445996123091 0.013052685336962806
232.56918138707988 5.317776696606226 -0.0808927839723328 0.012847158275694767
242.25956394488458 5.4018738978564 -0.07962279195160037 0.012648098278217843
251.94994650268927 5.483217823949418 -0.07839251810069174 0.012455202234354286
261.64032906049397 5.561962459196315 -0.07720011862545276 0.012268185777651461
271.33071161829866 5.638248433642625 -0.07604386240266435 0.012086781854527131
281.02109417610336 5.712204618035747 -0.07492076951002623 0.011910778042649516
290.71147673390806 5.783949479109136 -0.0738320506432015 0.011739859880140426
300.40185929171275 5.85359223800856 -0.07277487471578142 0.011573844570779005
310.09224184951745 5.921233865905834 -0.07174788372149622 0.011412522393983382
319.78262440732215 5.986967944081872 -0.07074979670314151 0.011255695481374343
329.47300696512684 6.050881410503696 -0.06977940435698228 0.011103176988689706
339.16338952293154 6.113055210799899 -0.06883556408465312 0.01095479033629272
348.85377208073623 6.173564868284629 -0.06791719544982755 0.010810368511728688
358.54415463854093 6.232480985090721 -0.0670232760015324 0.010669753428488808
368.2345371963456 6.289869684398221 -0.0661528374300299 0.010532795335760663
377.9249197541503 6.345793002071855 -0.06530496202476536 0.010399352274492147
387.615302311955 6.400309234663979 -0.06447877940703388 0.010269289575579073
397.3056848696433 6.453473249631787 -0.06367346351282233 0.010142479396416274
406.996067427448 6.505336762713624 -0.06288822980369439 0.010018800292420646
416.6864499852527 6.555948586646755 -0.06212233268598537 0.009898136820503388
426.3768325430574 6.605354854810669 -0.061375063120193134 0.009780379171714971
436.0672151008621 6.653599222840574 -0.060645746404531645 0.00966542283060658
445.7575976586668 6.700723050837205 -0.05993374011796311 0.009553168259057538
455.4479802164715 6.7536900831012225 -0.059238432209480926 0.009443520602541585
465.1383627742762 6.838988283347071 -0.05855923922164751 0.00933638941699353
474.82874533208087 6.920547431234356 -0.058026019671569104 0.009231688414607931
484.51912788988557 6.998609486729256 -0.057374016464306586 0.009129335227054428
494.20951044769026 7.0733948470821275 -0.05673670576001326 0.009029251184731402
503.89989300549496 7.14510485794698 -0.05611359023697885 0.008931361110803034
513.5902755632997 7.2139239592762525 -0.055504195186912055 0.008835593128875928
523.2806581211044 7.280021529715468 -0.05508192016742449 0.00874187848327158
532.971040678909 7.343553480330585 -0.054494158871158806 0.008650151370941366
542.6614232367137 7.404663638552096 -0.0539190407429946 0.008560348784152308
552.3518057945184 7.4634849554717295 -0.053356152899093526 0.008472410363145862
562.0421883523231 7.52014056354111 -0.05280510094232323 0.008386278258038728
571.7325709101278 7.574744706901824 -0.05226550786705688 0.00830189699929546
581.4229534678161 7.627403562730029 -0.05173701304957393 0.008219213376158576
591.1133360256208 7.678215968892767 -0.05146926599453918 0.00816916815484864
600.8037185834255 7.727274070699897 -0.05095549256129974 0.008088928515671941
610.4941011412302 7.7746638975223865 -0.050452149689148906 0.008010279599013244
620.1844836990349 7.8204658783586805 -0.05007254994196274 0.00793317318761019
629.8748662568396 7.864755304071473 -0.049586175370403406 0.007857563100491991
639.5652488146443 7.907602742876039 -0.049109438020350074 0.007783405075471102
649.255631372449 7.949074414716045 -0.04862341324867105 0.007711727176403119
658.9460139302537 7.989232529371735 -0.04816554557394061 0.007640320407623882
668.6363964880584 8.028135592481043 -0.047716438628984115 0.007570244737114372
678.3267790458631 8.065838683093562 -0.047275833975923096 0.007501462477836488
688.0171616036678 8.102393705902594 -0.04684348391040394 0.007433937405495685
697.7075441614725 8.137849620896546 -0.0464191508495704 0.007367634683404791
707.3979267192772 8.172252652826344 -0.04608579255902589 0.00730252079246209
717.0883092770819 8.20564648259021 -0.04567469219254763 0.0072385634657786795
726.7786918348866 8.238072422383294 -0.045271057364452 0.007175731627545595
736.4690743926913 8.269569576240846 -0.04487467800767429 0.007113995335778259
746.159456950496 8.3001749874142 -0.04448535247546745 0.007053325728616321
755.8498395083006 8.329923773854599 -0.044102887067463355 0.006993694973891565
765.5402220661053 8.35884925293701 -0.043727095593251365 0.006935076221706828
775.2306046237936 8.386983056431015 -0.043219779078128545 0.006898487142247161
784.9209871815983 8.414355236619139 -0.04286031062994488 0.006841281051565303
794.611369739403 8.440994364360371 -0.04250682504586317 0.006785038353514213
804.3017522972077 8.46692761982425 -0.04215917502479653 0.006729733785455824
813.9921348550124 8.492180876535166 -0.04233665740891116 0.006725385864154634
823.6825174128171 8.516778779308085 -0.04198689340626434 0.006670598336079416
833.3728999706218 8.540744816596856 -0.04164322009969887 0.00661674328419842
843.0632825284265 8.564101387725161 -0.041305458458642655 0.006563794256101491
852.7536650862312 8.586869865424704 -0.04097343816004847 0.006511726024189415
862.4440476440359 8.60907065406463 -0.040644602069920925 0.006460603852604465
872.1344302018406 8.63072324392003 -0.04032364682172526 0.006410223672982175
881.8248127596453 8.651846261795077 -0.04000796460261878 0.0063606552034320115
891.51519531745 8.672457518287407 -0.03969741402142163 0.006311877283517119
901.2055778752547 8.69257405195454 -0.03939185962241651 0.006263869607362587
910.8959604330594 8.712212170619779 -0.03909117149722959 0.006216612670098849
920.5863429908641 8.731387490034178 -0.03879522493377358 0.006170087719244061
930.2767255486688 8.750114970092381 -0.03850390009762056 0.006124276710423168
939.9671081064735 8.768408948783053 -0.03856855509577718 0.006107432824976446
949.6574906642782 8.786283174039411 -0.03827709584270936 0.00606227135866689
959.3478732219664 8.803750833641237 -0.03799037831218597 0.006017809999557134
969.0382557797711 8.820824583308683 -0.03770826628405755 0.005974030490088539
978.7286383375758 8.837516573112417 -0.03743063036242192 0.005930915364023204
988.4190208953805 8.853838472321678 -0.037157347416122644 0.005888447889841801
998.1094034531852 8.869801492795055 -0.03526995452352028 0.007253436279903942
