-1007.7997860109899 11.28086668342004 -0.009465957135849114 0.025729363034433267
-998.1094034531852 11.277592265294528 -0.00934894515069766 0.025402443146638625
-988.4190208953805 11.274069690730775 -0.009237724640798277 0.025083726803726773
-978.7286383376922 11.270306667724135 -0.009128647227343037 0.024772909048543762
-969.0382557798875 11.266311560694794 -0.009019927255381241 0.02446969985417332
-959.3478732220829 11.262093666598608 -0.008913796899658665 0.024173823221302983
-949.6574906642782 11.257663291313516 -0.008810164290518244 0.023885016340258164
-939.9671081064735 11.253031722194525 -0.008708941863978548 0.02360302881241277
-930.2767255486688 11.248211144108145 -0.008610046111996733 0.023327621926105598
-920.5863429908641 11.243214524585385 -0.008526738318469455 0.02305856798266526
-910.8959604330594 11.23805548313292 -0.008432078184570787 0.0227956496685444
-901.2055778752547 11.232748154105243 -0.008345753812002876 0.022538659469924074
-891.51519531745 11.227307049297206 -0.00825514576626901 0.022287399126474514
-881.8248127596453 11.221746924407116 -0.008166506880433029 0.02204167912124992
-872.1344302018406 11.216082652190828 -0.008079773345924267 0.021801318203959287
-862.4440476440359 11.210329104197024 -0.00799488408868746 0.021566142945092875
-852.7536650862312 11.204501042295064 -0.007917113847281993 0.021335987318599356
-843.0632825284265 11.198613020696804 -0.007835667426367942 0.02111069231100309
-833.3728999706218 11.192679298784348 -0.007755899017237825 0.020890105555027832
-823.6825174128171 11.18671376475653 -0.007677757042497345 0.02067408098595269
-813.9921348550124 11.180729869878219 -0.007601192022652592 0.020462478519071806
-804.3017522972077 11.174740572944126 -0.007946813275874121 0.02025516374676097
-794.611369739403 11.168758294442009 -0.00786757427167899 0.02005200765377464
-784.9209871817147 11.162794879810994 -0.007789927079751557 0.01985288634950843
-775.23060462391 11.156861571131461 -0.007713823623272634 0.019657680816045336
-765.5402220661053 11.150968986550792 -0.007644782555771262 0.019466276670944783
-755.8498395083006 11.14512710673313 -0.00757155435679917 0.019278563943733167
-746.159456950496 11.139345267626451 -0.007499738943203239 0.01909443686521422
-736.4690743926913 11.133632158853805 -0.007429295351115016 0.018913793668736557
-726.7786918348866 11.127995827060953 -0.00736018420233057 0.018736536402636277
-717.0883092770819 11.122443683584535 -0.007292367627429808 0.01856257075312821
-707.3979267192772 11.116982515841872 -0.007225809193383596 0.018391805876973106
-697.7075441614725 11.11161850188394 -0.0071604738353416375 0.018224154243296768
-688.0171616036678 11.106190139340345 -0.007096327792318231 0.018059531483982674
-678.3267790458631 11.098651843172567 -0.007033338546514972 0.01789785625210052
-668.6363964880584 11.091348284075691 -0.006971474766039599 0.017739050087871862
-658.9460139302537 11.084291158771904 -0.006910706250798392 0.01758303729170857
-649.255631372449 11.077490007501476 -0.006851003881356413 0.017429744803892727
-639.5652488146443 11.070952364472458 -0.006792339570575063 0.01727910209049588
-629.8748662568396 11.064683910818433 -0.006734686217850529 0.01713104103516363
-620.1844836990349 11.058688627337071 -0.006678017665789533 0.016985495836416575
-610.4941011412302 11.05296894480935 -0.00662230865917061 0.01684240291014244
-600.8037185835419 11.0475258901634 -0.00656753480605059 0.016701700796977345
-591.1133360257372 11.042359227149563 -0.006513672540881402 0.01656333007428279
-581.4229534679325 11.03746759054077 -0.006460699089525198 0.016427233272478817
-571.7325709101278 11.032848613163322 -0.0064085924360413144 0.016293354795451888
-562.0421883523231 11.028499045311383 -0.006357331291149294 0.01616164084483153
-552.3518057945184 11.024414866300148 -0.0063068950622657 0.016032039347908693
-542.6614232367137 11.02059138807901 -0.006257263825023486 0.015904499888994787
-532.971040678909 11.017023350958803 -0.006207878596630036 0.01577898556212956
-523.2806581211044 11.013705011612068 -0.00615980748726826 0.01565542507342147
-513.5902755632997 11.010630223585885 -0.0061124851423663565 0.015533784683464353
-503.89989300549496 11.007792510627034 -0.006065894060334529 0.01541401998046905
-494.20951044769026 11.005185133162364 -0.006020017284409834 0.015296087911826746
-484.51912788988557 11.002801148306178 -0.005974838381483754 0.015179946732508089
-474.82874533208087 11.000633463783764 -0.005930341421916102 0.01506555595579544
-465.1383627742762 10.998674886167976 -0.00588651096028161 0.014952876306226113
-455.4479802164715 10.996918163826209 -0.005843332016998996 0.014841869674631565
-445.7575976586668 10.995356024969363 -0.005800790060795381 0.014732499075164655
-436.0672151008621 10.993981211184344 -0.005758870991961702 0.01462472860421291
-426.3768325430574 10.992786506817923 -0.005717561126357658 0.014518523401102186
-416.6864499853691 10.991764764563788 -0.0056768471801274326 0.014413849610501309
-406.9960674275644 10.99090892758669 -0.005636716255086597 0.014310674346435364
-397.3056848697597 10.990212048499012 -0.0055971558247529495 0.014208965657845808
-387.615302311955 10.989667305485257 -0.005558153720978815 0.014108692495596625
-377.9249197541503 10.989268015850774 -0.005519698121161652 0.014009824680873865
-368.2345371963456 10.98900764725151 -0.0054817775360009565 0.013912332874903321
-358.54415463854093 10.988879826842629 -0.00544438079777488 0.013816188549923938
-348.85377208073623 10.988878348565507 -0.005407497049110727 0.013721363961356502
-339.16338952293154 10.988997178775062 -0.005416078399187881 0.013627832121110605
-329.47300696512684 10.98923046039259 -0.005379574441044872 0.013535566771975946
-319.78262440732215 10.989572515753467 -0.005343569243521973 0.013444542363046992
-310.09224184951745 10.990017848304129 -0.005308052425124633 0.01335473402613251
-300.40185929171275 10.990561143288843 -0.005273013899962305 0.013266117553104384
-290.71147673390806 10.99119726755371 -0.005293970727422992 0.013178669374142372
-281.02109417610336 10.9919212685833 -0.005259105716907407 0.013092366536833535
-271.33071161829866 10.992728372874085 -0.005224710608044597 0.013007186686087684
-261.64032906049397 10.993613983738582 -0.005190775591516412 0.012923108044831754
-251.94994650268927 10.99457367862452 -0.005157291145410674 0.012840109395448124
-242.25956394488458 10.995603206024729 -0.005124248023865627 0.012758170061923604
-232.5691813871963 10.996698482045405 -0.005091637246306948 0.012677269892678675
-222.8787988293916 10.997855586693188 -0.007339980790169344 0.012597389244040968
-213.1884162715869 10.999070759934627 -0.007277165685743048 0.012518508964349282
-203.4980337137822 11.000340397575988 -0.007215591256647586 0.012440610378641585
-193.8076511559775 11.001661047005424 -0.0071968287487736765 0.012363675273915844
-184.1172685981728 11.00302940283483 -0.007137048666117209 0.012287685884933572
-174.42688604036812 11.004442302474132 -0.007078406671343499 0.012212624880543544
-164.73650348256342 11.0058967216667 -0.007015496821344572 0.012138669754548042
-155.04612092475872 11.007389770010944 -0.006959096397094157 0.012065412571581443
-145.35573836695403 11.008918686489816 -0.0069037282150493364 0.01199303432482155
-135.66535580914933 11.010480835027051 -0.006849360762868014 0.011921519289599435
-125.97497325134464 11.012073700086276 -0.006795963903482202 0.011850852114162936
-116.28459069353994 11.013694882326792 -0.006743508797247825 0.011781017808684267
-106.59420813573524 11.015342094327675 -0.006725502656449877 0.011712001734654377
-96.90382557793055 11.017013156390012 -0.006674395291603197 0.011643789594648303
-87.21344302012585 11.01870599242536 -0.006624162377585458 0.011576367422446361
-77.52306046232115 11.020418625937047 -0.006574779107196515 0.011509721573496848
-67.83267790451646 11.022149176099646 -0.006526221678818236 0.01144383871570662
-58.14229534671176 11.023895853940726 -0.006478467243411397 0.011378705820546283
-48.451912788907066 11.02565695862804 -0.006431493854926535 0.011314310154457717
-38.761530231218785 11.027430873864311 -0.006373601398245902 0.01125136669975077
-29.07114767341409 11.029216064391177 -0.0063282852595501855 0.011188398612944876
-19.380765115609393 11.031011072602757 -0.006283685100255733 0.011126131504159056
-9.690382557804696 11.032814515269354 -0.006239782315552029 0.011064553729127475
0.0 2.019415435670126 -0.08656069640508218 0.06284662854619463
9.690382557804696 2.8877145035439113 -0.08542631929090291 0.06208206408581106
19.380765115609393 3.4887185120132456 -0.08432185661934756 0.061337036916592716
29.07114767341409 3.9664109942058463 -0.08324613097905219 0.06061078717741543
38.761530231218785 4.368268786577236 -0.08219802616760212 0.05990259435680409
48.45191278902348 4.717186838721293 -0.08117562012639362 0.05921179809727703
58.14229534682818 5.026351859449506 -0.0801796455866396 0.058537702219977096
67.83267790463287 5.3042119290661915 -0.0792082723468464 0.057879713513391905
77.52306046243757 5.556580998233714 -0.0782605925891544 0.057237245441340394
87.21344302024227 5.787672214018816 -0.07733574278465666 0.05660973994917485
96.90382557804696 6.000660221133709 -0.07643290102025087 0.055996665746751
106.59420813585166 6.198011351294729 -0.07555128451697425 0.055397516714408505
116.28459069365636 6.3816892743212215 -0.0746901473239997 0.0548118104217919
125.97497325146105 6.553289249854281 -0.08108034792063658 0.05749230256942426
135.66535580926575 6.714129206298679 -0.08015984627346374 0.05688793600226118
145.35573836695403 6.8653135460823025 -0.0792604187579445 0.0562968779420967
155.04612092475872 7.007779077198794 -0.0783813422867681 0.055718680877551795
164.73650348256342 7.142328859677412 -0.07752192669854319 0.05515291743098219
174.42688604036812 7.269657658020988 -0.07668151289522478 0.054599179229672654
184.1172685981728 7.390371424936087 -0.07577979343284862 0.05406566031487936
193.8076511559775 7.5050024524971715 -0.07497660397898742 0.05353470169243939
203.4980337137822 7.614021320337449 -0.07525950985966405 0.05326766653383151
213.1884162715869 7.7178464369652096 -0.07447562001849152 0.052754752202354906
222.8787988293916 7.816851745697504 -0.07370820581334186 0.052252166298222574
232.5691813871963 7.911373012324361 -0.07295674752395878 0.05175959088281202
242.259563945001 8.001713003544381 -0.07222074722384604 0.051276721135033565
251.9499465028057 8.08814578828919 -0.07149972764293243 0.05080326467578372
261.6403290606104 8.170920338466326 -0.07079323110111768 0.05033894093396494
271.3307116184151 8.250263564920335 -0.07010081850756993 0.04988348055110427
281.0210941762198 8.326382894186244 -0.06942206842106811 0.04943662482184469
290.7114767340245 8.399468468914835 -0.06875657616706617 0.04899812516780067
300.40185929182917 8.469695037622827 -0.06810395300750317 0.04856774264246993
310.09224184963387 8.537223586213557 -0.06746382535970163 0.04814524746507358
319.78262440743856 8.602202753491834 -0.06683583406098437 0.04773041858136384
329.47300696512684 8.664770064915803 -0.0662196336759103 0.04732304324959302
339.16338952293154 8.725053012552193 -0.06561489184321904 0.046922916649942685
348.85377208073623 8.78317000420353 -0.06502128865994744 0.04652984151593986
358.54415463854093 8.85221695928362 -0.06443851610012379 0.04614362778633251
368.2345371963456 8.934005440899146 -0.06386627746588752 0.045764092276172785
377.9249197541503 9.0115491512162 -0.06330428686889512 0.04539105836585209
387.615302311955 9.085152583089712 -0.06275226874007858 0.045024355706954455
397.3056848697597 9.155091765469423 -0.06220995736595685 0.0446638199438723
406.9960674275644 9.221617604295574 -0.06167709644983114 0.04430929245020393
416.6864499853691 9.284958745200795 -0.06115343869631313 0.04396062007902173
426.3768325431738 9.345324039302152 -0.060638745417746505 0.04361765492616285
436.0672151009785 9.402904677363876 -0.06013278616118198 0.04328025410575488
445.7575976587832 9.457876045175285 -0.05963533835466024 0.04294827953724118
455.4479802165879 9.510399343236841 -0.05914618697164172 0.04262159774322216
465.1383627743926 9.560623006136133 -0.05866512421250372 0.04230007965747465
474.8287453321973 9.60868395084947 -0.058191949202095826 0.041983600442553705
484.519127890002 9.654708678270252 -0.05772646770241428 0.04167203931642188
494.2095104478067 9.698814248275793 -0.05726849183951807 0.04136527938758649
503.8998930056114 9.74110914539804 -0.0568178398438664 0.041063207498259945
513.5902755632997 9.781694049505736 -0.05637433580331803 0.040765714075093384
523.2806581211044 9.820662523720939 -0.05593780942804331 0.040472692987037366
532.971040678909 9.858101629971507 -0.05550809582675956 0.04018404140998595
542.6614232367137 9.894092481091459 -0.05508503529355518 0.039899659697760555
552.3518057945184 9.92871073710437 -0.054668473104795494 0.0396194512591382
562.0421883523231 9.962027052277715 -0.05425825932552703 0.03934332244057541
571.7325709101278 9.994107478640599 -0.05385424862486962 0.03907118241432469
581.4229534679325 10.025013830902635 -0.05345630009991159 0.03880294307165513
591.1133360257372 10.054804017069884 -0.05306427710765316 0.038538518920906345
600.8037185835419 10.083532338506139 -0.05267804710457129 0.03827782699012201
610.4941011413466 10.111249762719194 -0.0522974814934043 0.038020786734023176
620.1844836991513 10.138004171749166 -0.05192245547677892 0.03776731994509688
629.874866256956 10.163840588689208 -0.051552847917325256 0.03751735066858846
639.5652488147607 10.18880138456927 -0.05118854120394542 0.03727080512119787
649.2556313725654 10.212926467573991 -0.050829421123921456 0.03702761161329284
658.9460139303701 10.236253456340112 -0.05047537674056654 0.03678770047446171
668.6363964881748 10.258817838882418 -0.05012630027614054 0.036551003982239205
678.3267790459795 10.280653118525443 -0.049782086999766405 0.0363174562938479
688.0171616037842 10.301790948068065 -0.04944263512009986 0.036086993380807175
697.7075441614725 10.322261253275991 -0.049107845682521925 0.03585955296627185
707.3979267192772 10.342092346682938 -0.04877762247060922 0.03563507446495234
717.0883092770819 10.361311032574088 -0.04845187191173391 0.03541349892553201
726.7786918348866 10.37994270394378 -0.04813050298651528 0.03519476897540873
736.4690743926913 10.398011432131005 -0.04781342714199727 0.03497882876769059
746.159456950496 10.415540049770769 -0.047500558208351515 0.03476562393032292
755.8498395083006 10.432550227634861 -0.047191812318943156 0.03455510151724991
765.5402220661053 10.449062545879972 -0.04688710783360191 0.03434720996151595
775.23060462391 10.465096560171355 -0.04658636526494887 0.03414189903021698
784.9209871817147 10.480670863105797 -0.04628950720763784 0.03393911978121712
794.6113697395194 10.495803141317989 -0.04599645827037703 0.033738824521549936
804.3017522973241 10.510510228618905 -0.04570714501060458 0.03354096676742796
813.9921348551288 10.524808155482804 -0.04542149587169704 0.03334550120578839
823.6825174129335 10.538712195171039 -0.045139441122597074 0.0331523836573059
833.3728999707382 10.552236906755027 -0.044860912799751955 0.03296157104080779
843.0632825285429 10.565396175277634 -0.04458584465126011 0.03277302133902927
852.7536650863476 10.578203249271331 -0.044314172083128 0.03258669356565029
862.4440476441523 10.590670775832699 -0.04404583210754504 0.032402547733558065
872.134430201957 10.602810833435765 -0.04378076329308806 0.03222054482428217
881.8248127597617 10.614634962651321 -0.04351890571677202 0.03204064675855188
891.51519531745 10.626154194925231 -0.04326020091787031 0.031862816367929724
901.2055778752547 10.63737907955711 -0.04300459185341064 0.031687017367463086
910.8959604330594 10.6483197090063 -0.042752022855320815 0.03151321432934215
920.5863429908641 10.658985742646534 -0.04250243958909388 0.03134137265748035
930.2767255486688 10.669386429076319 -0.04225578901395459 0.031171458563009957
939.9671081064735 10.67953062708629 -0.04201201934444546 0.0310034390406424
949.6574906642782 10.689426825375987 -0.041771080013377676 0.03083728184585989
959.3478732220829 10.699083161105442 -0.041532921636089376 0.030672955472904172
969.0382557798875 10.708507437360344 -0.04129749597595842 0.03051042913353003
978.7286383376922 10.717707139603604 -0.04106475591111827 0.030349672736492545
988.4190208954969 10.726689451180597 -0.040834655402327946 0.030190656867738606
