-1007.7997860111063 8.981855752170848 -0.00015802040124091417 5.074141208247229e-08
-998.1094034533016 8.981855752170848 -0.00015727854937336696 5.042892591716492e-08
-988.4190208954969 8.981855752170848 -0.0001565443782568461 5.0120265027023617e-08
-978.7286383376922 8.981855752170848 -0.0001558177605728442 4.9815359599077874e-08
-969.0382557798875 8.981855752170848 -0.00019939380907198014 4.951414150900207e-08
-959.3478732220829 8.981855752170848 -0.00019835534976104372 4.921654427037479e-08
-949.6574906642782 8.981855752170848 -0.0001973288594431846 4.892250298523925e-08
-939.9671081064735 8.981855752170848 -0.00019631411779259838 4.863195429769939e-08
-930.2767255486688 8.981855752170848 -0.0001953109100878383 4.834483634805816e-08
-920.5863429908641 8.981855752170848 -0.00019431902703001707 4.806108872890732e-08
-910.8959604331758 8.981855752170848 -0.00020792271467131047 4.7780652442409866e-08
-901.2055778753711 8.981855752170848 -0.0002068456284649166 4.750346986007615e-08
-891.5151953175664 8.981855752170848 -0.00020578083555547526 4.72294846827568e-08
-881.8248127597617 8.981855752170848 -0.0002047281126150696 4.695864190312933e-08
-872.134430201957 8.981855752170848 -0.00020368724190998055 4.66908877678595e-08
-862.4440476441523 8.981855752170848 -0.00020265801112222059 4.6426169742906816e-08
-852.7536650863476 8.981855752170848 -0.00020864329542502442 4.616443647926377e-08
-843.0632825285429 8.981855752170848 -0.00020758517221204016 4.590563777858662e-08
-833.3728999707382 8.981855752170848 -0.00020653883633005803 4.564972456294614e-08
-823.6825174129335 8.981855752170848 -0.0002055040790714715 4.5396648841651045e-08
-813.9921348551288 8.981855752170848 -0.00021778221749665791 4.514636368295032e-08
-804.3017522973241 8.981855752170848 -0.0002166718678485141 4.489882318443449e-08
-794.6113697395194 8.981855752170848 -0.00021557393831104192 4.465398244484636e-08
-784.9209871817147 8.981855752170848 -0.00021448820826381026 4.4411797537084394e-08
-775.23060462391 8.981855752170848 -0.00021341446248685365 4.4172225481585534e-08
-765.5402220661053 8.981855752170848 -0.0002123524909922451 4.393522422171383e-08
-755.8498395083006 8.981855752170848 -0.0002113020888620429 4.370075259811906e-08
-746.159456950496 8.981855752170848 -0.00021026305609233168 4.34687703257516e-08
-736.4690743926913 8.981855752170848 -0.0002092351974430842 4.3239237970281105e-08
-726.778691835003 8.981855752170848 -0.0002082183222936048 4.3012116925924496e-08
-717.0883092771983 8.981855752170848 -0.000207212244503236 4.2787369393870386e-08
-707.3979267193936 8.981855752170848 -0.00020621678227728134 4.256495836119133e-08
-697.7075441615889 8.981855752170848 -0.00020523175803768322 4.234484758051504e-08
-688.0171616037842 8.981855752170848 -0.0002410472899249625 4.212700155040031e-08
-678.3267790459795 8.981855752170848 -0.000239811152352309 4.191138549641772e-08
-668.6363964881748 8.981855752170848 -0.00023858892111717746 4.169796535212185e-08
-658.9460139303701 8.981855752170848 -0.00023738034754799714 4.1486707741595664e-08
-649.2556313725654 8.981855752170848 -0.0002361851891149279 4.1277579961886395e-08
-639.5652488147607 8.981855752170848 -0.00023500320923602593 4.107054996625465e-08
-629.874866256956 8.981855752170848 -0.00023383417709085555 4.086558634742348e-08
-620.1844836991513 8.981855752170848 -0.00023267786744121134 4.0662658322182695e-08
-610.4941011413466 8.981855752170848 -0.00023153406045863228 4.046173571572217e-08
-600.8037185835419 8.981855752170848 -0.00023040254155840242 4.026278894645298e-08
-591.1133360257372 8.981855752170848 -0.00022928310123975269 4.0065789012075446e-08
-581.4229534679325 8.981855752170848 -0.00022817553493199 3.9870707474942355e-08
-571.7325709101278 8.981855752170848 -0.00022707964284629457 3.967751644872331e-08
-562.0421883523231 8.981855752170848 -0.00022599522983294076 3.9486188584797986e-08
-552.3518057945184 8.981855752170848 -0.0002249221052437053 3.929669705957095e-08
-542.6614232367137 8.981855752170848 -0.0002238600827992435 3.9109015561894934e-08
-532.9710406790255 8.981855752170848 -0.0002228089804612332 3.8923118280981966e-08
-523.2806581212208 8.981855752170848 -0.00022176862030901006 3.873897989442295e-08
-513.5902755634161 8.981855752170848 -0.0002207388284206932 3.8556575556640896e-08
-503.8998930056114 8.981855752170848 -0.00021971943475836562 3.8375880887832076e-08
-494.2095104478067 8.981855752170848 -0.00021871027305732707 3.81968719631782e-08
-484.519127890002 8.981855752170848 -0.0002177111807191775 3.801952530216703e-08
-474.8287453321973 8.981855752170848 -0.00021672199870858695 3.784381785818403e-08
-465.1383627743926 8.981855752170848 -0.00021574257145360318 3.766972700902562e-08
-455.4479802165879 8.981855752170848 -0.00021477274674935222 3.7497230546599224e-08
-445.7575976587832 8.981855752170848 -0.00021381237566499788 3.7326306667707573e-08
-436.0672151009785 8.981855752170848 -0.00021286131245382912 3.7156933964941404e-08
-426.3768325431738 8.981855752170848 -0.00023104914082766072 3.6989091417843206e-08
-416.6864499853691 8.981855752170848 -0.000252281538527033 3.682275838396256e-08
-406.9960674275644 8.981855752170848 -0.0002510537010583359 3.6657914590345134e-08
-397.3056848697597 8.981855752170848 -0.0002498390575834694 3.649454012567225e-08
-387.615302311955 8.981855752170848 -0.000518369679451372 3.6332615431749864e-08
-377.9249197541503 8.981855752170848 -0.0005151918848338569 3.617212129624443e-08
-368.2345371963456 8.981855752170848 -0.0005120557324965734 3.601303884471401e-08
-358.54415463854093 8.981855752170848 -0.0005089603760729356 3.585534953307306e-08
-348.85377208085265 8.981855752170848 -0.0005059049925024756 3.5699035140870396e-08
-339.16338952304795 8.981855752170848 -0.0018449857065183151 3.554407776402502e-08
-329.47300696524326 8.981855752170848 -0.0018321370282252305 3.539045980788724e-08
-319.78262440743856 8.981855752170848 -0.002324009071112903 3.52381639805166e-08
-310.09224184963387 8.981855752170848 -0.002307803248922558 3.5087173286556163e-08
-300.40185929182917 8.981855752170848 -0.002291825926304861 3.493747102061885e-08
-290.7114767340245 8.981855752170848 -0.002276072263263664 3.478904076127014e-08
-281.0210941762198 8.981855752170848 -0.002260537556146979 3.4641866364793893e-08
-271.3307116184151 8.981855752170848 -0.0022452172328670415 3.4495931959879766e-08
-261.6403290606104 8.981855752170848 -0.0022301068483203926 3.435122194090116e-08
-251.9499465028057 8.981855752170848 -0.0022254333029352886 3.420772096363262e-08
-242.259563945001 8.981855752170848 -0.002210654296747846 3.4065413939015667e-08
-232.5691813871963 8.981855752170848 -0.00255180395162166 9.720646238807099e-05
-222.8787988293916 8.981855752170848 -0.002534789119630146 9.648826065934024e-05
-213.1884162715869 8.981855752170848 -0.0027145039587354106 9.578059454883416e-05
-203.4980337137822 8.981855752170848 -0.0026964981671261175 9.50832339085305e-05
-193.8076511559775 8.981855752170848 -0.009272159088945313 0.0035445554218225296
-184.1172685981728 8.981855752170848 -0.00920620031029557 0.0035185358016573995
-174.42688604036812 8.981855752170848 -0.009141179276705266 0.0034928954094447405
-164.73650348267984 8.981855752170848 -0.009077076057937066 0.003467626014354592
-155.04612092487514 8.981855752170848 -0.009013871285960677 0.003442719622039455
-145.35573836707044 8.981855752170848 -0.008951546135234748 0.003418168466203493
-135.66535580926575 8.981855752170848 -0.008890082303806841 0.003393965000526891
-125.97497325146105 8.981855752170848 -0.008829461995202884 0.003370101890932471
-116.28459069365636 8.981855752170848 -0.008769667901063644 0.0033465720081759347
-106.59420813585166 8.981855752170846 -0.008710683184493109 0.00332336842074445
-96.90382557804696 8.981855752170846 -0.008652491464084944 0.0033004843880485722
-87.21344302024227 8.981855752170844 -0.008595076798594994 0.0032779133538935893
-77.52306046243757 8.981855752170842 -0.008538423672229472 0.003255648940216929
-67.83267790463287 8.98185575217084 -0.008482516980520187 0.0032336849410790946
-58.14229534682818 8.981855752170835 -0.008537336179911831 0.003212015316896181
-48.45191278902348 8.98185575217083 -0.008482070657387115 0.003190634188902834
-38.761530231218785 8.98185575217082 -0.008427520374357966 0.0031695358338348174
-29.07114767341409 8.981855752170805 -0.008373671485325298 0.003148714678821256
-19.380765115609393 8.981855752170782 -0.00832051050075083 0.003128165296476842
-9.690382557804696 8.981855752170748 -0.008268024275668362 0.003107882400185011
0.0 8.981855752170699 -0.008210821554197738 0.003087963660182335
9.690382557804696 1.4452336451170575 -0.029770257563233815 0.08509209553164544
19.380765115492977 1.8605183640715461 -0.029560883843578595 0.08446956268913894
29.071147673297673 2.178664233062875 -0.029354453938708773 0.0838560782742416
38.76153023110237 2.4439268245996084 -0.029152592499274668 0.08325162072019132
48.451912788907066 2.6744324183177817 -0.03648338151736159 0.0826556496178993
58.14229534671176 2.87975524311471 -0.036260841375717924 0.08206815574530149
67.83267790451646 3.0656982539391198 -0.036010702866833645 0.08148895941220845
77.52306046232115 3.2361015649194798 -0.035764011517335666 0.08091788597356739
87.21344302012585 3.3936672105215466 -0.03552069623755829 0.08035476565356302
96.90382557793055 3.5403848088526324 -0.0352806878864751 0.079799433377029
106.59420813573524 3.6777716509769203 -0.03504391920517627 0.07925172860781798
116.28459069353994 3.8070175367344765 -0.034810324753059965 0.07871149519379765
125.97497325134464 3.929076887682985 -0.03457984084660892 0.07817858121815757
135.66535580914933 4.044729883948995 -0.03435240550063101 0.07765283885672902
145.35573836695403 4.154624497750732 -0.034127958371848 0.07713412424103627
155.04612092475872 4.259306261969907 -0.033906440704724115 0.07662229732681194
164.73650348256342 4.35923989217654 -0.0336877952794307 0.07611722176772417
174.42688604036812 4.454825337962633 -0.03347196636184925 0.07561876479407591
184.1172685981728 4.546409927820334 -0.03325889965552002 0.07512679709624895
193.8076511559775 4.634297713572863 -0.033048542255448406 0.0746411927126784
203.4980337136658 4.718756767797833 -0.03284084260368792 0.07416182892215825
213.1884162714705 4.800024958872983 -0.0327150449216967 0.07368858614025058
222.87879882927518 4.878314576125271 -0.03251192557531201 0.07322134781970024
232.56918138707988 4.953816074255845 -0.03231132555523574 0.07276000035456605
242.25956394488458 5.026701134601664 -0.032113198092755084 0.07230443298798842
251.94994650268927 5.097125190367119 -0.031917497573504865 0.07185453772340182
261.64032906049397 5.183884866918689 -0.031724179501969214 0.07141020923904799
271.33071161829866 5.35795793467577 -0.0315332004672887 0.07097134480564746
281.02109417610336 5.518037792675621 -0.0313445181103167 0.07053784420709429
290.71147673390806 5.665899565170337 -0.031158091091872404 0.07010960966404513
300.40185929171275 5.802995407353977 -0.030973879062139508 0.06968654576028
310.09224184951745 5.930531357159792 -0.03079184263116286 0.06926855937171826
319.78262440732215 6.0495219482399945 -0.030732472737311417 0.06885555959797883
329.47300696512684 6.160830027508769 -0.030553787007789376 0.06844745769637864
339.16338952293154 6.265196433398889 -0.030396140733154862 0.06804416701826867
348.85377208073623 6.363262545312519 -0.030221430528092893 0.06764560294761157
358.54415463854093 6.455587707381221 -0.030048726839423577 0.06725168284170914
368.2345371963456 6.542662893327395 -0.02987799516276415 0.06686232597399262
377.9249197541503 6.624921566016532 -0.02970920178303963 0.06647745347879223
387.615302311955 6.702748410322022 -0.029542313751971652 0.06609698829800663
397.3056848696433 6.776486430901235 -0.02937729886633765 0.06572085512960106
406.996067427448 6.846442776759447 -0.02921412564695793 0.0653489803778345
416.6864499852527 6.912893562861932 -0.029052763318411064 0.06498129210521474
426.3768325430574 6.976087893359609 -0.028893181789410416 0.06461771998602454
436.0672151008621 7.036251243102203 -0.028735351633844747 0.06425819526142404
445.7575976586668 7.093588318808093 -0.02857924407244582 0.06390265069604174
455.4479802164715 7.148285494857676 -0.028424830955060515 0.06355102053600106
465.1383627742762 7.200512898726856 -0.028272084743504462 0.06320324046832736
474.82874533208087 7.250426205836649 -0.02812097849497481 0.0628592475816827
484.51912788988557 7.29816819183821 -0.027971485846001124 0.06251898032837795
494.20951044769026 7.343870081199972 -0.02782358099691388 0.06218237848761413
503.89989300549496 7.387652723777422 -0.027677238696811372 0.06184938312990654
513.5902755632997 7.4296276253587425 -0.0275324342290062 0.06151993658264777
523.2806581211044 7.469897853644816 -0.027389143396933727 0.06119398239676726
532.971040678909 7.508558837480946 -0.02724734251050532 0.06087146531444665
542.6614232367137 7.545699074214802 -0.027107008372890123 0.06055233123785234
552.3518057945184 7.581400757661788 -0.02696811826770964 0.06023652719884799
562.0421883523231 7.615740337201275 -0.026830649946630186 0.059924001329651214
571.7325709101278 7.648789016916917 -0.02669458161733881 0.05961470283440048
581.4229534678161 7.680613202362377 -0.026559891931890466 0.0593085819616029
591.1133360256208 7.711274901430222 -0.026426559975403628 0.05900558997740972
600.8037185834255 7.740832084870165 -0.026294565255115816 0.05870567913974411
610.4941011412302 7.76933901124182 -0.026163887689754493 0.0584088026731791
620.1844836990349 7.796846520421589 -0.026034507599236055 0.058114914744593106
629.8748662568396 7.823402299240069 -0.025906405694671907 0.057823970439554
639.5652488146443 7.849051122355796 -0.02577956306867244 0.05753592573941013
649.255631372449 7.873835071072934 -0.025653961185938687 0.05725073749906361
658.9460139302537 7.8977937324698955 -0.025529581874131624 0.05696836342540227
668.6363964880584 7.920964380913721 -0.02540640731500964 0.05668876205636769
678.3267790458631 7.943382143783718 -0.02528442003582503 0.05641189274063737
688.0171616036678 7.965080153010955 -0.025163602900970666 0.05613771561790029
697.7075441614725 7.986089683852514 -0.02504393910386834 0.05586619159970566
707.3979267192772 8.00644028215649 -0.02492541215909075 0.055597282350865446
717.0883092770819 8.026159881231985 -0.024808005894709217 0.055330950271392225
726.7786918348866 8.045274909314639 -0.024691704444859696 0.05506715847895433
736.4690743926913 8.063810388510118 -0.02457649224251965 0.05480587079183126
746.159456950496 8.081790026003103 -0.02446235401248907 0.05454705171235243
755.8498395083006 8.099236298236054 -0.024349274764568763 0.05429066641080395
765.5402220659889 8.116170528688412 -0.024237239786930844 0.05403668070979034
775.2306046237936 8.132612959823593 -0.024126234639667187 0.05378506106901894
784.9209871815983 8.148582819709594 -0.024016245148529958 0.053535774570537896
794.611369739403 8.164098383775434 -0.023907257398831604 0.05328878890435341
804.3017522972077 8.17917703211348 -0.02379925772951897 0.05304407235445859
813.9921348550124 8.193835302701928 -0.023692232727408044 0.052801593785243205
823.6825174128171 8.208088940884652 -0.023586169221575522 0.05256132262827467
833.3728999706218 8.221952945413921 -0.02348105427790237 0.05232322886943897
843.0632825284265 8.2354416113331 -0.023376875193764367 0.05208728303642987
852.7536650862312 8.248568569950901 -0.023273619492865223 0.05185345618657545
862.4440476440359 8.26134682613597 -0.02317127492020775 0.051621719894991494
872.1344302018406 8.273788793139984 -0.023069829437198663 0.051392046243051555
881.8248127596453 8.285906325139107 -0.022969271216883132 0.051164407807163616
891.51519531745 8.2977107476669 -0.022869588639304873 0.05093877764784438
901.2055778752547 8.309212886096907 -0.02277077028698803 0.05071512929908136
910.8959604330594 8.320423092319562 -0.022672804940537066 0.050493436757974616
920.5863429908641 8.331351269745817 -0.022575681574351164 0.05027367447464905
930.2767255486688 8.34200689675887 -0.022479389352449586 0.050055817342429386
939.9671081064735 8.352399048725303 -0.022383917624404684 0.04983984068826992
949.6574906641617 8.362536418667736 -0.022289255921380462 0.04962572026343345
959.3478732219664 8.372427336693672 -0.02219539395226677 0.04941343223439739
969.0382557797711 8.38207978826519 -0.02210232159992314 0.04920295317401765
978.7286383375758 8.39150143139148 -0.022010028917506613 0.04899426005289245
988.4190208953805 8.400699612815819 -0.02191850612489783 0.04878733023095778
998.1094034531852 8.409681383265369 -0.021827743605215784 0.04858214144929274
