-1007.7997860111063 8.67393840398304 -0.008817368032563364 0.016203427262665666
-998.1094034533016 8.67600336207696 -0.008779400863341454 0.016136004561180483
-988.4190208954969 8.678070857914937 -0.008741761001061315 0.016069140628510836
-978.7286383376922 8.68013959968546 -0.008704444212159946 0.0160028285470857
-969.0382557798875 8.682208365351947 -0.008667446336085497 0.01593706151305103
-959.3478732220829 8.684275999818396 -0.00863076328372339 0.015871832833942674
-949.6574906642782 8.686341412194928 -0.00859439103586322 0.015807135926416038
-939.9671081064735 8.688403573160278 -0.008558325641705094 0.015742964314031216
-930.2767255486688 8.69046151241815 -0.008522563217404239 0.015679311625091747
-920.5863429908641 8.692514316244386 -0.008487099944652875 0.015616171590535596
-910.8959604330594 8.694561125121943 -0.008451932069297988 0.015553538041876988
-901.2055778752547 8.696601131460705 -0.008417055899994209 0.015491404909197422
-891.51519531745 8.698633577399248 -0.008382467806890543 0.015429766219184772
-881.8248127596453 8.700657752685684 -0.008348164220350094 0.015368616093218952
-872.1344302018406 8.702672992634872 -0.008314141629701765 0.015307948745502948
-862.4440476440359 8.704678676159293 -0.008280396582022984 0.015247758481237907
-852.7536650862312 8.706674223871046 -0.008246925680952625 0.015188039694841183
-843.0632825285429 8.708659096252434 -0.008213725585533535 0.015128786868206713
-833.3728999707382 8.710632791892904 -0.008180793009081602 0.015069994569002472
-823.6825174129335 8.712594845789676 -0.008148124718086314 0.015011657449014542
-813.9921348551288 8.714544827710352 -0.008115717531134251 0.014953770242522394
-804.3017522973241 8.716482340615004 -0.008083568317860631 0.014896327764715223
-794.6113697395194 8.71840701913587 -0.008051673997925727 0.014839324910143791
-784.9209871817147 8.720318528112701 -0.008020031540015982 0.014782756651207884
-775.23060462391 8.722216561181853 -0.007988637960868995 0.01472661803667804
-765.5402220661053 8.724100839417389 -0.007957490324321824 0.01467090419025097
-755.8498395083006 8.725971110022432 -0.007926585740381822 0.014615610309137553
-746.159456950496 8.727827145069142 -0.007895921364319537 0.0145607316626827
-736.4690743926913 8.729668740285744 -0.007865494395782942 0.014506263591016184
-726.7786918348866 8.731495713889064 -0.007835302077932486 0.014452201503733608
-717.0883092770819 8.733307905461142 -0.007805341696596337 0.014398540878606803
-707.3979267192772 8.735105174868492 -0.007779098775888905 0.014345277260322805
-697.7075441614725 8.736887401222662 -0.007758215866738325 0.01429240625925076
-688.0171616036678 8.738654481880802 -0.007728846508821511 0.01423992355023597
-678.3267790458631 8.74040633148496 -0.007699699937394917 0.01418782487142041
-668.6363964880584 8.742142881038891 -0.007670773611485478 0.014136106023089052
-658.9460139302537 8.743864077021206 -0.007642065028923001 0.014084762866541355
-649.2556313725654 8.745569880533706 -0.007613571725593963 0.0140337913229878
-639.5652488147607 8.74726026648389 -0.007585291274711095 0.013983187372467338
-629.874866256956 8.748935222800286 -0.007557221286103379 0.0139329470527942
-620.1844836991513 8.750594749679964 -0.007529359405519108 0.013883066458521233
-610.4941011413466 8.752238858866896 -0.007501703313946798 0.01383354173992858
-600.8037185835419 8.753867572960319 -0.007474250726951303 0.013784369102033157
-591.1133360257372 8.75548092475212 -0.007446999394025159 0.013735544803619317
-581.4229534679325 8.757078956592293 -0.00741994709795471 0.013687065156289964
-571.7325709101278 8.75866171978158 -0.0073930916542006035 0.01363892652353771
-562.0421883523231 8.760229273990408 -0.007366430910292264 0.013591125319835595
-552.3518057945184 8.761781686703229 -0.007339962745236007 0.013543658009746797
-542.6614232367137 8.763319032687463 -0.007313685068936369 0.013496521107053022
-532.971040678909 8.764841393486202 -0.007287595821630369 0.013449711173900907
-523.2806581211044 8.766348856933853 -0.007261692973334298 0.013403224819966279
-513.5902755632997 8.767841516693975 -0.0072359745233027545 0.01335705870163556
-503.89989300549496 8.769319471818532 -0.007210438499499562 0.01331120952120408
-494.20951044769026 8.77078282632779 -0.00718508295808031 0.013265674026090855
-484.51912788988557 8.77223168881019 -0.0071599059828861495 0.013220449008069401
-474.82874533208087 8.773666172041422 -0.0071349056849486355 0.013175531302514263
-465.1383627743926 8.775086392622034 -0.007110080202005529 0.013130917787663322
-455.4479802165879 8.776492470633004 -0.007085427698025624 0.013086605383892471
-445.7575976587832 8.777884529308329 -0.007060946362746658 0.013042591053010125
-436.0672151009785 8.779262694724364 -0.007036634411220195 0.012998871797560754
-426.3768325431738 8.780627095505029 -0.007012490083367687 0.012955444660144887
-416.6864499853691 8.781977862542332 -0.006988511643545616 0.012912306722752273
-406.9960674275644 8.783315128731687 -0.006964697380119869 0.012869455106108261
-397.3056848697597 8.784639028721354 -0.00694104560504903 0.01282688696903318
-387.615302311955 8.785949698675513 -0.006917554653476425 0.012784599507814392
-377.9249197541503 8.787247276050385 -0.006894222883330724 0.012742589955590702
-368.2345371963456 8.788531899382894 -0.006871048674934782 0.012700855581748927
-358.54415463854093 8.78980370809134 -0.006848030430622643 0.01265939369133214
-348.85377208073623 8.791062842287593 -0.006825166574364424 0.012618201624459676
-339.16338952293154 8.79230944260033 -0.006802455551398931 0.012577276755758246
-329.47300696512684 8.793543650008813 -0.006779895827873795 0.012536616493804168
-319.78262440732215 8.794765605686802 -0.0067574858904929464 0.012496218280576385
-310.09224184951745 8.795975450856115 -0.00673522424617128 0.012456079590919981
-300.40185929171275 8.797173326649435 -0.006713109421696298 0.01241619793202004
-290.71147673390806 8.798359373981942 -0.006691139963396603 0.012376570842885588
-281.0210941762198 8.799533733431359 -0.00666931443681731 0.012337195893843814
-271.3307116184151 8.800696545126103 -0.006647631426400654 0.012298070686041593
-261.6403290606104 8.801847948640962 -0.00662608953517559 0.012259192850961165
-251.9499465028057 8.802988082900226 -0.006604687384451 0.012220560049940257
-242.259563945001 8.804117086087691 -0.006583423613516193 0.012182169973703631
-232.5691813871963 8.805235095563306 -0.006562296879347171 0.012144020341902912
-222.8787988293916 8.806342247786121 -0.006541305856318617 0.012106108902665086
-213.1884162715869 8.807438678243223 -0.006520449235921527 0.012068433432149413
-203.4980337137822 8.808524521384342 -0.006528354715107332 0.01203184816990984
-193.8076511559775 8.809599910561879 -0.006507551666762431 0.011994631748433546
-184.1172685981728 8.810664977976042 -0.006486882293864488 0.011957644880835033
-174.42688604036812 8.811719854624837 -0.00646634528602509 0.011920885449107445
-164.73650348256342 8.812764670258662 -0.006828487704370016 0.011884351361239545
-155.04612092475872 8.81379955333925 -0.006805396798088526 0.011848040550817382
-145.35573836695403 8.814824631002734 -0.006782475550095648 0.011811950976633385
-135.66535580914933 8.815840029026601 -0.00675972182456736 0.011776080622302485
-125.97497325134464 8.81684587180032 -0.006737133527937873 0.01174042749588541
-116.28459069353994 8.817842282299441 -0.0070061433812147935 0.011704989629518724
-106.59420813573524 8.818829382062969 -0.006981726000553719 0.011669765079051667
-96.90382557804696 8.81980729117379 -0.006957499611513814 0.01163475192368995
-87.21344302024227 8.820776128242077 -0.006767929216414396 0.011599948265643888
-77.52306046243757 8.821736010391295 -0.007298994288622537 0.011565352229787058
-67.83267790463287 8.822687053246874 -0.007272466846953665 0.011530961963316919
-58.14229534682818 8.823629370927254 -0.007246161888643142 0.011496775635423536
-48.45191278902348 8.824563076037167 -0.007220076098975229 0.011462791436963852
-38.761530231218785 8.825488279663052 -0.007194206239345656 0.011429007580141703
-29.07114767341409 8.826405091370425 -0.007168549144865765 0.011395422298193542
-19.380765115609393 8.827313619203117 -0.007143101722061536 0.01136203384507967
-9.690382557804696 8.828213969684208 -0.009362471734889508 0.011738095400293684
0.0 8.82910624781859 -0.009320893545472969 0.011702079545276873
9.690382557804696 1.5781843860825004 0.04004871760310682 0.10239534401681896
19.380765115609393 1.95343228650467 0.03972688234204806 0.10169299088633633
29.07114767341409 2.249377342289688 0.0394099102483703 0.1010005981627405
38.761530231218785 2.4996152490379835 0.039097694059030984 0.10031795189403797
48.45191278902348 2.7189575567871795 0.038790129618201434 0.09964484425382883
58.14229534682818 2.9155234386714044 0.03848711576591622 0.0989810733230472
67.83267790463287 3.0943489659016175 0.03818855423147009 0.09832644288097826
77.52306046243757 3.258820719992654 0.03789434953132903 0.09768076220509392
87.21344302012585 3.411350310696627 0.03760440887133671 0.0970438458792845
96.90382557793055 3.5537302228963235 0.037318642052987114 0.09641551361003226
106.59420813573524 3.687337852100417 0.037036961383618075 0.09579559005025703
116.28459069353994 3.813260180853282 0.03675928159026906 0.09518390463031691
125.97497325134464 3.9323738959885066 0.03648551973707975 0.09458029139593468
135.66535580914933 4.0453990210696205 0.036215595146040905 0.09398458885267882
145.35573836695403 4.152936057835526 0.035923091547417525 0.0933966398166982
155.04612092475872 4.255492453801863 0.03566080185905308 0.0928162912714196
164.73650348256342 4.353501930753001 0.03540211737050308 0.09224339422993111
174.42688604036812 4.447338901900931 0.035139211693219284 0.09167780360279021
184.1172685981728 4.537329426657223 0.03488757986027221 0.09111937807100867
193.8076511559775 4.6237596715918565 0.03452815084595292 0.09057607983301491
203.4980337137822 4.7068825408229555 0.034284348755018436 0.0900315213738388
213.1884162715869 4.786922939801521 0.03404078610958757 0.08949372027091976
222.8787988293916 4.864082003295066 0.03380314610007417 0.08896255517444976
232.5691813871963 4.938540527503534 0.03356863049431424 0.08843790185939124
242.259563945001 5.010461783044136 0.033337179356089014 0.08791963920595265
251.9499465028057 5.079993840831602 0.03310873425886604 0.08740764910284084
261.6403290606104 5.235582265444383 0.03287626163182007 0.0869018163541132
271.33071161829866 5.406157817360187 0.03264799972820052 0.08640202858947998
281.02109417610336 5.562841233891794 0.03242832918720567 0.0859081761778743
290.71147673390806 5.7074309055410755 0.03221144381563855 0.08542015214423732
300.40185929171275 5.8413923652849205 0.031997292092669015 0.08493785208926652
310.09224184951745 5.965938435693285 0.03178582374876221 0.08446117411208871
319.78262440732215 6.082085979232085 0.03157698972807756 0.08399001873570103
329.47300696512684 6.190697143848882 0.03133639286420627 0.08352428883507018
339.16338952293154 6.292510017944489 0.03113293901627074 0.08306388956778028
348.85377208073623 6.388161860013522 0.030914737834698187 0.0826087283071239
358.54415463854093 6.478207002486149 0.030716347221947313 0.08215871457753704
368.2345371963456 6.563130858579543 0.030520357207273814 0.08171375999228225
377.9249197541503 6.643361026765425 0.030326725416312077 0.08127377819328917
387.615302311955 6.719276199265501 0.03013541045654058 0.08083868479306586
397.3056848697597 6.791213385398892 0.029931538238526744 0.08040839731859824
406.9960674275644 6.859473825191998 0.02974484612390926 0.07998283515715833
416.6864499853691 6.9243278732069875 0.02956035067039883 0.07956191950394612
426.3768325431738 6.986019064152285 0.02937801417591621 0.07914557331149312
436.0672151009785 7.0447675221024415 0.02919779978772374 0.07873372124075853
445.7575976587832 7.10077283849179 0.02194306895397425 0.08068156316541412
455.4479802165879 7.154216516681761 0.02181902560677769 0.08026116164389735
465.1383627742762 7.2052640602409 0.02169623904508068 0.07984529083536426
474.82874533208087 7.254066766316507 0.021574692098208503 0.07943387628087432
484.51912788988557 7.300763273316736 0.021436992956929354 0.07902684516676303
494.20951044769026 7.345480902697403 0.021318002910090752 0.07862412627894191
503.89989300549496 7.388336827218324 0.021200200657766392 0.07822564995875209
513.5902755632997 7.429439092191185 0.021083570104880194 0.07783134806028237
523.2806581211044 7.46888751157318 0.02096809540586407 0.07744115390909853
532.971040678909 7.506774457021684 0.020853760961403366 0.07705500226233003
542.6614232367137 7.543185555006625 0.020740551415145043 0.0766728292700609
552.3518057945184 7.5782003046257795 0.020628451650376977 0.07629457243797555
562.0421883523231 7.611892626765647 0.020517446786685455 0.07592017059121149
571.7325709101278 7.644331353605786 0.020407522176597925 0.07554956383937296
581.4229534679325 7.67558066610658 0.020298663402216928 0.07518269354266217
591.1133360257372 7.705700485993774 0.02019085627185076 0.07481950227908636
600.8037185835419 7.734746827814069 0.020084086816645932 0.07445993381270016
610.4941011413466 7.762772115849884 0.01997834128722645 0.07410393306284538
620.1844836991513 7.789825470020444 0.01987360615034316 0.07375144607435173
629.874866256956 7.815952964338397 0.0197698680855381 0.07340241998866259
639.5652488147607 7.841197861018513 0.0196671139818264 0.07305680301585293
649.255631372449 7.865600822932677 0.019565330934400254 0.07271454440751088
658.9460139302537 7.889200106764397 0.019464506241350717 0.07237559443042739
668.6363964880584 7.912031738916255 0.01936462740042769 0.07203990434112623
678.3267790458631 7.93412967598166 0.019265682105816136 0.07170742636112315
688.0171616036678 7.9555259513647325 0.019167658244948864 0.0713781136529494
697.7075441614725 7.976250809450477 0.01907054389535005 0.071051920296888
707.3979267192772 7.996332828562766 0.01897432732151254 0.07072880126840239
717.0883092770819 8.015799033806484 0.018880821458442023 0.07040876913303323
726.7786918348866 8.034675000767194 0.01878635246495596 0.07009166673836123
736.4690743926913 8.052984950934123 0.018692747330057574 0.06977750875906785
746.159456950496 8.070751839618216 0.018599995031269384 0.06946625353850781
755.8498395083006 8.087997437054467 0.018508084718141346 0.06915786021193415
765.5402220661053 8.104742403305192 0.018417005709348618 0.06885228868760565
775.23060462391 8.121006357516942 0.01832674748982952 0.06854949962843655
784.9209871817147 8.136807942027339 0.01823729970796406 0.06824945443417008
794.6113697395194 8.152164881768154 0.01814865217279335 0.06795211522405872
804.3017522973241 8.167094039366708 0.018060794851280183 0.06765744482003416
813.9921348551288 8.181611466308338 0.01797371786561086 0.06736540673035064
823.6825174129335 8.19573245048774 0.017887411490538224 0.06707596513368651
833.3728999706218 8.20947156044562 0.01780186615076721 0.06678908486369181
843.0632825284265 8.222842686560456 0.017717072418376327 0.06650473139394757
852.7536650862312 8.2358590794368 0.017633021010290635 0.06622287082337393
862.4440476440359 8.248533385715072 0.01754970278578548 0.06594346986200511
872.1344302018406 8.260877681501979 0.017467108744035943 0.0656664958171702
881.8248127596453 8.272903503606264 0.01738523002170603 0.06539191658004613
891.51519531745 8.284621878747107 0.017304057890577918 0.06511970061257515
901.2055778752547 8.296043350888166 0.017223583755221025 0.0648498169347343
910.8959604330594 8.307178006837045 0.01695300339699408 0.06458223511214677
920.5863429908641 8.318035500238178 0.016875311524972996 0.06431692524402377
930.2767255486688 8.328625074076307 0.01679827190423349 0.06405385795142672
939.9671081064735 8.338955581798034 0.01672187690140362 0.06379300436584003
949.6574906642782 8.349035507150143 0.016646118991703467 0.06353433611804486
959.3478732220829 8.358872982825284 0.016298542670898263 0.06327782532728407
969.0382557798875 8.368475807998422 0.016226044758297236 0.06302344459071038
978.7286383376922 8.37785146483074 0.01615413261882676 0.06277116697310821
988.4190208954969 8.387007134011736 0.016082799786151215 0.0625209659968814
998.1094034533016 8.395949709404622 0.016012039876096874 0.062272815632298716
