-1007.7997860109899 9.733637674523253 -0.01199061609193874 0.006525520144269967
-998.1094034531852 9.734682258961794 -0.01186801747646703 0.0064987979953550394
-988.4190208953805 9.73571956261976 -0.011748576336744608 0.006472301532281429
-978.7286383375758 9.736749573766323 -0.011632159927501572 0.006446027481579007
-969.0382557798875 9.737772280599993 -0.01164904949686119 0.006419972664210806
-959.3478732220829 9.73878767136386 -0.011534989824774812 0.006394133989593192
-949.6574906642782 9.739795734460387 -0.011423765559080248 0.006368508450247477
-939.9671081064735 9.74079645856565 -0.011315259319218644 0.00634309311699175
-930.2767255486688 9.741789832742281 -0.011209360552098778 0.006317885134606119
-920.5863429908641 9.742775846550805 -0.011105965013167685 0.006292881717908895
-910.8959604330594 9.743754490158842 -0.011080615010545155 0.006268080148192597
-901.2055778752547 9.74472575444782 -0.010980000048824622 0.006243477769975945
-891.51519531745 9.745689631116637 -0.010881705591979658 0.006219071988034231
-881.8248127596453 9.746646112781942 -0.010785641292447684 0.006194860264675836
-872.1344302018406 9.747585489411787 -0.010869347558347953 0.006170840117237067
-862.4440476440359 9.748475634134197 -0.010772910252559621 0.006147009115771213
-852.7536650862312 9.749351563429645 -0.0106786912104033 0.006123364880910971
-843.0632825284265 9.75021302016145 -0.010586601132842864 0.006099905081886007
-833.3728999706218 9.751059783911467 -0.010496556078698304 0.006076627434679795
-823.6825174128171 9.751891672954851 -0.01040847702127584 0.006053529700311819
-813.9921348550124 9.752708545638013 -0.010322289452821749 0.006030609683232915
-804.3017522972077 9.753510301168056 -0.010237923030419316 0.006007865229822968
-794.611369739403 9.754296879837609 -0.010155311257953948 0.005985294226981514
-784.9209871817147 9.755068262722421 -0.010074391199597828 0.005962894600803028
-775.23060462391 9.755824470899682 -0.009995103220938715 0.0059406643153279
-765.5402220661053 9.756565564242749 -0.009917390754462019 0.005918601371366418
-755.8498395083006 9.757291639852882 -0.009841200086530907 0.005896703805384485
-746.159456950496 9.758002830190424 -0.010243193766040572 0.00592613045111092
-736.4690743926913 9.758699300967454 -0.010157595627094111 0.005903237813690804
-726.7786918348866 9.759381248861327 -0.010073992207006844 0.0058805712761558345
-717.0883092770819 9.760048899104454 -0.009992293879998278 0.005858124119299513
-707.3979267192772 9.760702503000196 -0.009912417420081117 0.0058358901230751
-697.7075441614725 9.761342335408983 -0.009834285365476139 0.0058138635110139445
-688.0171616036678 9.761968692242396 -0.009757825462823088 0.005792038902189771
-678.3267790458631 9.76258188799676 -0.00968297017929474 0.0057704112695518535
-668.6363964880584 9.763182253351996 -0.009609656272744372 0.005748975903655682
-658.9460139302537 9.763770132855964 -0.00953782441165652 0.005727728380985702
-649.255631372449 9.764345882709796 -0.009467418838007547 0.0057066645361994765
-639.5652488146443 9.764909868665406 -0.00939838706723644 0.005685780437732492
-629.8748662568396 9.765462464042866 -0.009330679620426852 0.005665072366292898
-620.1844836990349 9.76600404787227 -0.00926424978454517 0.0056445367958494926
-610.4941011412302 9.766535003162325 -0.009199053397197099 0.005624170376777524
-600.8037185834255 9.767055715295788 -0.009135048652879781 0.0056039699208776
-591.1133360257372 9.76756657055044 -0.009072195928138032 0.005583932388025564
-581.4229534679325 9.768067954742946 -0.00901045762338969 0.005564054874244795
-571.7325709101278 9.768560251991916 -0.008949798019505899 0.005544334601027154
-562.0421883523231 9.76904384359596 -0.008890183147463778 0.005524768905745244
-552.3518057945184 9.769519107021816 -0.008831580669634492 0.005505355233028168
-542.6614232367137 9.76998641499728 -0.008773959771440389 0.005486091126985791
-532.971040678909 9.770446134703485 -0.008717291062279697 0.00546697422418328
-523.2806581211044 9.770898627060825 -0.008661546484753107 0.005448002247280438
-513.5902755632997 9.771344246102899 -0.008606699231344142 0.005429172999261339
-503.89989300549496 9.771783338432687 -0.008552723667806442 0.005410484358189259
-494.20951044769026 9.772216242755418 -0.008499595262598724 0.005391934272429973
-484.51912788988557 9.772643289482579 -0.009790686324684267 0.005677054697584987
-474.82874533208087 9.77306480040175 -0.010311850095464741 0.005740063197456668
-465.1383627742762 9.773481088407113 -0.010212367772163921 0.005712139883497219
-455.4479802164715 9.773892457285706 -0.010116064381078382 0.005684832080639728
-445.7575976586668 9.774299201554692 -0.010050921223519478 0.005658939936470815
-436.0672151008621 9.774701606345188 -0.009959680749802654 0.0056327342554237155
-426.3768325430574 9.775099947328478 -0.009871118665035926 0.005607044160696257
-416.6864499852527 9.775494490680536 -0.009785083168063742 0.005581841666060236
-406.9960674275644 9.775885493081246 -0.00970143498363402 0.005557101153212367
-397.3056848697597 9.77627320174474 -0.009638261702151926 0.005533252560599998
-387.615302311955 9.77665785447765 -0.009558549383463531 0.005509355829347053
-377.9249197541503 9.777039679762241 -0.009511518217734796 0.005486711061412888
-368.2345371963456 9.777418896861604 -0.009435028493277885 0.005463569057496084
-358.54415463854093 9.777795715944317 -0.009360436008791984 0.0054407902247735045
-348.85377208073623 9.778170338226177 -0.009287649749221975 0.005418358695542961
-339.16338952293154 9.77854295612675 -0.00921658516211351 0.005396259742502797
-329.47300696512684 9.778913753438774 -0.009147163564613927 0.005374479673200231
-319.78262440732215 9.77928290550847 -0.009079311616076804 0.00535300573610603
-310.09224184951745 9.779650579425057 -0.009018166553576182 0.00533202825964999
-300.40185929171275 9.780016934217974 -0.00895311766236603 0.0053111264307297385
-290.71147673390806 9.780382121060265 -0.008891602206335343 0.005290541197619883
-281.02109417610336 9.780746283476917 -0.008829209015305055 0.005270174466515754
-271.33071161829866 9.78110955755692 -0.008805806140498739 0.005251285734133615
-261.64032906049397 9.781472072168013 -0.00874495617494596 0.005231387489013879
-251.94994650268927 9.781833949173112 -0.008697642284385444 0.005211989518543578
-242.25956394488458 9.782195303647574 -0.008638886056051481 0.005192554837755317
-232.56918138707988 9.782556244096519 -0.008581279343558533 0.005173344416954283
-222.8787988293916 9.782916872671482 -0.00852477852391769 0.00515435134471937
-213.1884162715869 9.78327728538583 -0.008469342507593186 0.005135569091091575
-203.4980337137822 9.783637572328319 -0.00841493254129264 0.0051169914791933035
-193.8076511559775 9.783997817874349 -0.008361512029910558 0.0050986126594086524
-184.1172685981728 9.784358100894504 -0.008309046375404701 0.00508042708585825
-174.42688604036812 9.784718494959966 -0.008257502830673806 0.0050624294949299375
-164.73650348256342 9.785079068544462 -0.008206850366765973 0.005044614885656127
-155.04612092475872 9.78543988522256 -0.008157059551963289 0.0050269785017528065
-145.35573836695403 9.785801003863961 -0.00810810244147315 0.005009515815156208
-135.66535580914933 9.786162478823663 -0.008059952476614774 0.004992222510911691
-125.97497325134464 9.78652436012782 -0.008012584392524712 0.00497509447328535
-116.28459069353994 9.786886693655134 -0.007999967147518857 0.00495932609141978
-106.59420813573524 9.78724952131372 -0.007953228413763475 0.0049424865381775705
-96.90382557793055 9.787612881213322 -0.007907245487353437 0.004925802484548674
-87.21344302012585 9.787976807832854 -0.007861994396662995 0.004909270384136411
-77.52306046232115 9.78834133218322 -0.007817452396153288 0.004892886845352458
-67.83267790451646 9.788706481965413 -0.00777359787648782 0.0048766486216385435
-58.14229534671176 9.789072281723838 -0.007473570241740143 0.004895597262925833
-48.451912788907066 9.78943875299497 -0.008909280795639496 0.0048790134275277204
-38.761530231218785 9.789805914451263 -0.008836184630661518 0.004862330801611681
-29.07114767341409 9.790173782040483 -0.008765252013823888 0.004845823926694083
-19.380765115609393 9.790542369120336 -0.009147647076505862 0.0065122533090079355
-9.690382557804696 9.79091168658867 -0.009089249448709539 0.006453118134402935
0.0 6.851329128460616 -0.07867434630478871 0.050620978732198556
9.690382557804696 7.04175028444034 -0.07678565459148372 0.04941436537506481
19.380765115609393 7.163209823501359 -0.07499120094029922 0.048268226988544286
29.07114767341409 7.257586550280366 -0.07328402547548053 0.04717808826061775
38.761530231218785 7.336355566757378 -0.07165783897274637 0.046139905373759754
48.45191278902348 7.40466324051201 -0.07010694391406207 0.04515001521005009
58.14229534682818 7.4653437484718 -0.06862616644135795 0.044205091567568355
67.83267790463287 7.520154170500743 -0.06721079749288653 0.043302107284289584
77.52306046243757 7.570272325358159 -0.0658565417080405 0.04243830135993675
87.21344302024227 7.616532948440004 -0.06455947293003118 0.04161115032285496
96.90382557804696 7.659552889903757 -0.06331599533319633 0.04081834321588298
106.59420813585166 7.699803094093698 -0.06212280936240958 0.04005775967853802
116.28459069365636 7.737652638881114 -0.06097688180351264 0.03932745068736559
125.97497325146105 7.773397043215556 -0.05987541941169097 0.03862562158576511
135.66535580926575 7.807277208102883 -0.05881584561381771 0.037950617091913205
145.35573836695403 7.839492520072282 -0.057795779874617086 0.03730090802089294
155.04612092475872 7.870210175140871 -0.05705191415512933 0.03669012174314582
164.73650348256342 7.899571975314317 -0.0560982318013104 0.036086473219672836
174.42688604036812 7.927699387289397 -0.055178231019614006 0.03550419725353559
184.1172685981728 7.95469737709639 -0.05429012811505203 0.034942161901801966
193.8076511559775 7.980657364090123 -0.05343226385623119 0.03439931397491751
203.4980337137822 8.005659529366214 -0.0526030927713518 0.033874672300094354
213.1884162715869 8.02977464295701 -0.05180117353331519 0.03336732166485187
222.8787988293916 8.053065526903888 -0.051025160306400356 0.03287640736188804
232.5691813871963 8.075588239059375 -0.05027379494382447 0.03240113026673407
242.259563945001 8.09739304005742 -0.04954589993987955 0.031940742388436284
251.9499465028057 8.11852519004074 -0.04884037205263752 0.03149454284105031
261.6403290606104 8.139025610352478 -0.04838305624319727 0.031074066804076556
271.3307116184151 8.15893143711032 -0.04771344394836993 0.030654001257738563
281.0210941762198 8.178276487465322 -0.04708669093558175 0.03024739576443216
290.7114767340245 8.197091654781183 -0.04645506986743012 0.029851452175543566
300.40185929182917 8.21540524552228 -0.045841506260463204 0.02946679693992505
310.09224184963387 8.23324326800914 -0.04524521850623821 0.029092944623738595
319.78262440743856 8.250629681175186 -0.04466546998924537 0.02872943735187624
329.47300696524326 8.26758660988555 -0.0441015658604949 0.02837584287645888
339.16338952293154 8.28413453214599 -0.04355285008855715 0.028031752805777042
348.85377208073623 8.300292442558407 -0.04301870276007323 0.027696780978283955
358.54415463854093 8.316077995601367 -0.0424985376051383 0.027370561968000962
368.2345371963456 8.331507631701252 -0.0419917997255468 0.027052749709014348
377.9249197541503 8.346596688553259 -0.041497963506568494 0.02674301622817562
387.615302311955 8.361359499750538 -0.041016530694923885 0.026441050476168775
397.3056848697597 8.375809482448126 -0.04054702862754335 0.02614655724814202
406.9960674275644 8.38995921551765 -0.040089008597328744 0.025859256185989613
416.6864499853691 8.403820509425572 -0.03964204434357836 0.025578880855159105
426.3768325431738 8.41740446888306 -0.03920573065600872 0.02530517788956277
436.0672151009785 8.4307215491617 -0.03877968208242892 0.02503790619879707
445.7575976587832 8.443781651070388 -0.03836353173111907 0.024776836232431952
455.4479802165879 8.468619241856267 -0.037956930159845775 0.024521749296629536
465.1383627743926 8.493182971828952 -0.03755954434423249 0.02427243691879704
474.8287453321973 8.516870355471497 -0.03717105671890028 0.024028700256377582
484.519127890002 8.539739054967221 -0.036791164285417885 0.023790349546239535
494.2095104478067 8.561841148928544 -0.03641957778165653 0.023557203591446665
503.8998930056114 8.583223840809003 -0.0360560209076426 0.023329089282479044
513.5902755634161 8.603930056949498 -0.03570022960344853 0.02310584115023521
523.2806581211044 8.6239989544468 -0.03535195137506671 0.022887300948382143
532.971040678909 8.643466354824733 -0.035010944664542895 0.022673317262812773
542.6614232367137 8.662365116255938 -0.03467697826105721 0.022463745146216522
552.3518057945184 8.680725454592135 -0.03434983074978774 0.022258445775849078
562.0421883523231 8.698575221500665 -0.034029289995801675 0.02205728613283596
571.7325709101278 8.715940146473022 -0.03371515266037014 0.02186013870143061
581.4229534679325 8.732844048249898 -0.03340722374734804 0.02166688118679492
591.1133360257372 8.749309020233039 -0.03310531617745169 0.021477396249984106
600.8037185835419 8.765355593670973 -0.032809250388444844 0.02129157125892402
610.4941011413466 8.781002881772666 -0.032518853959404896 0.021109298054265695
620.1844836991513 8.796268707388416 -0.03223396125738748 0.020930472729089857
629.874866256956 8.811169716477178 -0.031954413104941536 0.020754995421514613
639.5652488147607 8.825721479234623 -0.031680056467048155 0.020582770119332607
649.2556313725654 8.839938580471896 -0.03141074415616766 0.020413704475870997
658.9460139303701 8.85383470059965 -0.03114633455418043 0.020247709636329138
668.6363964881748 8.867422688375886 -0.030886691350099645 0.020084700073904276
678.3267790459795 8.880714626412495 -0.030631683292518905 0.019924593435067695
688.0171616037842 8.893721890297721 -0.03038118395583469 0.019767310393400166
697.7075441615889 8.906455202075941 -0.03013507151935525 0.019612774511439345
707.3979267192772 8.918924678727512 -0.029893228558475125 0.01946091211003277
717.0883092770819 8.931139876208968 -0.02965554184713402 0.01931165214471425
726.7786918348866 8.943109829539255 -0.029421902170895013 0.019164926088693062
736.4690743926913 8.954843089361448 -0.02919220414992534 0.01902066782201243
746.159456950496 8.96634775535166 -0.028966346071311707 0.018878813526526147
755.8498395083006 8.97763150680417 -0.02874422973012374 0.018739301586330255
765.5402220661053 8.988701630681545 -0.0285257602786987 0.018602072493323314
775.23060462391 8.999565047384257 -0.02831084608365446 0.018467068757589654
784.9209871817147 9.010228334464642 -0.02809939859017122 0.018334234822320696
794.6113697395194 9.020697748484054 -0.0278913321931133 0.018203516983008042
804.3017522973241 9.030979245189412 -0.02768656411459136 0.01807486331066047
813.9921348551288 9.04107849816557 -0.027485014287591678 0.017948223578812494
823.6825174129335 9.05100091610259 -0.027286605245323843 0.01782354919410812
833.3728999707382 9.060751658801866 -0.02709126201596098 0.01770079313025671
843.0632825285429 9.070335652031682 -0.02689891202246756 0.017579909865171616
852.7536650863476 9.07975760133115 -0.026709484987229696 0.01746085532111369
862.4440476441523 9.089022004851161 -0.026522912841220762 0.017343586807673558
872.134430201957 9.098133165311989 -0.026339129637452167 0.01722806296743671
881.8248127597617 9.10709520114915 -0.02615807146847475 0.01711424372418506
891.51519531745 9.115912056912064 -0.025979676387713046 0.01700209023349941
901.2055778752547 9.124587512974536 -0.025803884334413132 0.016891564835625855
910.8959604330594 9.133125194608345 -0.02563063706204253 0.016782631010505415
920.5863429908641 9.14152858047012 -0.025459878069917206 0.01667525333482642
930.2767255486688 9.14980101054352 -0.025291552537917088 0.01656939744101305
939.9671081064735 9.157945693577268 -0.025125607264116112 0.016465029978041484
949.6574906642782 9.165965714055213 -0.024961990605178043 0.016362118573990562
959.3478732220829 9.173864038731711 -0.024800652419375478 0.01626063180023788
969.0382557798875 9.18164352276293 -0.02464154401209828 0.016160539137217718
978.7286383376922 9.189306915461993 -0.024484618083725027 0.016061810941661665
988.4190208954969 9.196856865703825 -0.024329828679738635 0.01596441841524768
998.1094034533016 9.204295927003473 -0.024177131142974036 0.01586833357458733
