-532.971040678909 11.307483656493442 0.0 0.0
-523.2806581211044 11.307483656493442 0.0 0.0
-513.5902755632997 11.307483656493442 0.0 0.0
-503.89989300549496 11.307483656493442 0.0 0.0
-494.20951044769026 11.307483656493442 0.0 0.0
-484.51912788988557 11.307483656493442 0.0 0.0
-474.82874533208087 11.307483656493442 0.0 0.0
-465.1383627742762 11.307483656493442 0.0 0.0
-455.4479802164715 11.307483656493442 0.0 0.0
-445.7575976586668 11.307483656493442 0.0 0.0
-436.0672151009785 11.307483656493442 0.0 0.0
-426.3768325431738 11.307483656493442 0.0 0.0
-416.6864499853691 11.307483656493442 0.0 0.0
-406.9960674275644 11.307483656493442 0.0 0.0
-397.3056848697597 11.307483656493442 0.0 0.0
-387.615302311955 11.307483656493442 0.0 0.0
-377.9249197541503 11.307483656493442 0.0 0.0
-368.2345371963456 11.307483656493442 0.0 0.0
-358.54415463854093 11.307483656493442 0.0 0.0
-348.85377208073623 11.307483656493442 0.0 0.0
-339.16338952293154 11.307483656493442 0.0 0.0
-329.47300696512684 11.307483656493442 0.0 0.0
-319.78262440732215 11.307483656493442 0.0 0.0
-310.09224184951745 11.307483656493442 0.0 0.0
-300.40185929171275 11.307483656493442 0.0 0.0
-290.71147673390806 11.307483656493442 0.0 0.0
-281.02109417610336 11.307483656493442 0.0 0.0
-271.33071161829866 11.307483656493442 -0.0007126706879838247 0.0
-261.64032906049397 11.307483656493442 -0.0007030282803729845 0.0
-251.9499465028057 11.307483656493442 -0.0006936433124379325 0.0
-242.259563945001 11.307483656493442 -0.0006845056100424041 0.0
-232.5691813871963 11.307483656493442 -0.0006756055281952597 0.0
-222.8787988293916 11.307483656493442 -0.0006669339170913246 0.0
-213.1884162715869 11.307483656493442 -0.0006584820907348823 0.0
-203.4980337137822 11.307483656493442 -0.0006502417979189461 0.0
-193.8076511559775 11.307483656493442 -0.0006422051953566075 0.0
-184.1172685981728 11.307483656493442 -0.0006343648227805416 0.0
-174.42688604036812 11.307483656493442 -0.0006267135798445009 0.0
-164.73650348256342 11.307483656493442 -0.0006192447046764719 0.0
-155.04612092475872 11.307483656493442 -0.0006119517539473323 0.0
-145.35573836695403 11.307483656493442 -0.0006048285843315182 0.0
-135.66535580914933 11.307483656493442 -0.0005978693352475957 0.0
-125.97497325134464 11.307483656493442 -0.0005910684127768123 0.0
-116.28459069353994 11.307483656493442 -0.0005844204746668873 0.0
-106.59420813573524 11.307483656493442 -0.0005779204163365526 0.0
-96.90382557793055 11.307483656493442 -0.0005715633578037831 0.0
-87.21344302012585 11.307483656493442 -0.0005653446314673658 0.0
-77.52306046232115 11.307483656493442 -0.006159437761333808 0.0
-67.83267790451646 11.307483656493442 -0.006076901212285487 0.0
-58.14229534682818 11.307483656493442 -0.005996556367510724 0.0
-48.45191278902348 11.307483656493442 -0.006810479793981013 0.00021252046862557203
-38.761530231218785 11.307483656493442 -0.006722080226457523 0.00020961830119103203
-29.07114767341409 11.307483656493442 -0.0066359545312747415 0.0002067943295856039
-19.380765115609393 11.307483656493442 -0.006552015829843884 0.00020404543546379792
-9.690382557804696 11.307483656493442 -0.006470181624164355 0.00020136866411226526
0.0 11.307483656493442 -0.0063903735236447885 0.00019876121385573037
9.690382557804696 8.758470704100823 -0.039224518375481354 0.029004037195528205
19.380765115609393 8.965369064133998 -0.03870225960217659 0.028610929915746715
29.07114767341409 9.105931396238187 -0.03819375513507975 0.028228336458523354
38.761530231218785 9.2156298303888 -0.0376984677243993 0.027855840583072715
48.45191278902348 9.306587958042394 -0.03721588778217835 0.02749304773488087
58.14229534682818 9.384680606444597 -0.036745531622401774 0.02713958365150488
67.83267790463287 9.453278178118769 -0.036725204085882285 0.02686048154142502
77.52306046243757 9.514523222114557 -0.03627196118105146 0.0265237349893705
87.21344302024227 9.569875980514242 -0.04042403490322967 0.0283093053763659
96.90382557804696 9.6203833108115 -0.03993049387375087 0.027960383120716185
106.59420813585166 9.666825167411908 -0.03958256804956073 0.027629764066706333
116.28459069365636 9.709800539210127 -0.03933044300820412 0.027322170863242314
125.97497325134464 9.749780855919306 -0.03886672176794037 0.026997385065151987
135.66535580914933 9.787144742440109 -0.03841384091135665 0.026680235699556732
145.35573836695403 9.82220150530441 -0.03822416914514749 0.026392852871577367
155.04612092475872 9.855207512598083 -0.03778843754525033 0.02608988652053276
164.73650348256342 9.886377927079687 -0.037362558128821374 0.025793801573313634
174.42688604036812 9.915895305967004 -0.03694619953512148 0.02550436604280969
184.1172685981728 9.943916031146172 -0.03653904513858756 0.025221358261673873
193.8076511559775 9.970575202006298 -0.03614079223662671 0.024944566314343098
203.4980337137822 9.995990416517108 -0.03575115129068463 0.02467378750619451
213.1884162715869 10.020264733723485 -0.0353698452165451 0.024408827867032475
222.8787988293916 10.043489023751569 -0.034996608720165676 0.024149501686341775
232.5691813871963 10.065743852868286 -0.034631187675668626 0.02389563107795859
242.259563945001 10.087101010963668 -0.034273338542390896 0.023647045572008075
251.9499465028057 10.107624760758203 -0.03392282781815482 0.02340358173213491
261.6403290606104 10.12737286810225 -0.03357943152615477 0.023165082796215146
271.3307116184151 10.146397458361244 -0.033242934733067726 0.02293139833888451
281.0210941762198 10.164745733373753 -0.032913131096188306 0.02270238395435209
290.7114767340245 10.18246057569212 -0.032589822437564996 0.02247790095808987
300.40185929182917 10.199581060990802 -0.03227281834327365 0.022257816106099622
310.09224184951745 10.216142895118155 -0.031961935786114525 0.022042001330562146
319.78262440732215 10.232178788897928 -0.03165699877012575 0.021830333490748716
329.47300696512684 10.247718781180872 -0.03135783799550618 0.021622694138212734
339.16338952293154 10.262790518629371 -0.031064290542521193 0.021418969295266283
348.85377208073623 10.277419499121983 -0.03082226672237515 0.02121904924590845
358.54415463854093 10.29162928441304 -0.030538857134326188 0.02102282833838138
368.2345371963456 10.305441686680934 -0.03026062417025005 0.02083020479860895
377.9249197541503 10.319581313619786 -0.029987426948366223 0.02064108055382378
387.615302311955 10.338447224089041 -0.02978688571575909 0.020455361065739128
397.3056848697597 10.356611697623986 -0.029522437842859014 0.02027295517266819
406.9960674275644 10.374122229426016 -0.029262657268080174 0.020093774940035437
416.6864499853691 10.391021808613793 -0.029007421131610384 0.01991773551876388
426.3768325431738 10.407349442745852 -0.028756610863530433 0.019744755011058355
436.0672151009785 10.423140608694018 -0.028654959561408667 0.01957475434313748
445.7575976587832 10.438427642241603 -0.028410682097155315 0.019407657144498318
455.4479802165879 10.453240076368347 -0.02817055208713622 0.019243389633325367
465.1383627743926 10.467604936298562 -0.027934464220948828 0.019081880507682177
474.8287453321973 10.48154699790423 -0.027702316749081263 0.018923060842147753
484.519127890002 10.49508901487754 -0.027474011332220348 0.018766863989582338
494.20951044769026 10.508251919147957 -0.027249452898249874 0.018613225487729777
503.89989300549496 10.521054998265468 -0.02702854950646174 0.018462082970369973
513.5902755632997 10.533516052858793 -0.026811212218590404 0.01831337608279143
523.2806581211044 10.545651536787885 -0.026597354976217093 0.01816704640130564
532.971040678909 10.557476682199443 -0.02638689448421119 0.018023037356605567
542.6614232367137 10.569005611365315 -0.02617975009984529 0.01788129416074508
552.3518057945184 10.58025143690764 -0.025975843727261996 0.017741763737543405
562.0421883523231 10.591226351786856 -0.025775099716989377 0.01760439465622811
571.7325709101278 10.601941710238144 -0.02557744477022209 0.017469137068142293
581.4229534679325 10.612408100682504 -0.02538280784760297 0.017335942646352114
591.1133360257372 10.62263541150376 -0.025191120082257414 0.017204764528000693
600.8037185835419 10.632632890469171 -0.025002314696848094 0.017075557259263616
610.4941011413466 10.642409198474004 -0.02481632692443261 0.01694827674277021
620.1844836991513 10.651972458207876 -0.024633093932919972 0.016822880187362554
629.874866256956 10.661330298269286 -0.024452554752934185 0.016699326060071743
639.5652488147607 10.670489893193633 -0.024274650208905766 0.01657757404019818
649.2556313725654 10.679457999806745 -0.024099322853221562 0.016457584975388982
658.9460139303701 10.688240990270083 -0.023926516903274915 0.016339320839611905
668.6363964881748 10.696844882143353 -0.023756178181266307 0.01622274469293093
678.3267790458631 10.705275365755131 -0.023588254056616468 0.016107820642995308
688.0171616036678 10.713537829141904 -0.02342269339084741 0.015994513808149476
697.7075441614725 10.721637380786605 -0.023259446484837264 0.015882790282104646
707.3979267192772 10.729578870367266 -0.023098465028290986 0.015772617100069334
717.0883092770819 10.73736690770167 -0.0229397020513468 0.01566396220628829
726.7786918348866 10.74500588005704 -0.022783111878201787 0.015556794422914407
736.4690743926913 10.752499967976464 -0.022628650082660073 0.015451083420151359
746.159456950496 10.75985315975879 -0.02247627344551073 0.015346799687606829
755.8498395083006 10.76706926471544 -0.022325939913647397 0.015243914506799539
765.5402220661053 10.774151925315579 -0.02217760856084679 0.015142399924765987
775.23060462391 10.781104628320465 -0.022031239550127365 0.015042228728716234
784.9209871817147 10.787930714998135 -0.021886794097614064 0.01494337442169003
794.6113697395194 10.794633390500925 -0.021744234437838884 0.01484581119916783
804.3017522973241 10.80121573248067 -0.02160352379041063 0.014749513926593
813.9921348551288 10.807680699009273 -0.021464626327991006 0.014654458117764304
823.6825174129335 10.814031135866204 -0.021327507145517347 0.014560619914059398
833.3728999707382 10.820269783248635 -0.021192132230615335 0.014467976064452413
843.0632825285429 10.826399281954926 -0.021058468435148216 0.014376503906290352
852.7536650863476 10.832422179087382 -0.020926483447851616 0.014286181346794928
862.4440476441523 10.838340933316166 -0.020796145768005637 0.01419698684525807
872.1344302018406 10.844157919742212 -0.020667424680099997 0.014108899395902022
881.8248127596453 10.849875434394155 -0.02054029022943954 0.01402189851136898
891.51519531745 10.855495698389669 -0.02041471319867187 0.013935964206828905
901.2055778752547 10.861020861791193 -0.020290665085166904 0.013851076984658296
910.8959604330594 10.866453007181018 -0.020168118079234368 0.013767217819681354
920.5863429908641 10.871794152979955 -0.020047045043134353 0.013684368144943412
930.2767255486688 10.877046256530976 -0.01992741949084874 0.01360250983799554
939.9671081064735 10.882211216967663 -0.019809215568581406 0.013521625207668931
949.6574906642782 10.887290877885253 -0.019692408035956666 0.013441696981318803
959.3478732220829 10.892287029830774 -0.01957697224788673 0.013362708292518463
969.0382557798875 10.897201412627073 -0.0194628841370806 0.013284642669185115
978.7286383376922 10.902035717544408 -0.019350120197167944 0.013207484022119851
988.4190208954969 10.906791589332006 -0.019238657466412668 0.013131216633945059
998.1094034533016 10.911470628120878 -0.019128473511992428 0.013055825148423218
