-1007.7997860109899 10.946148076053088 -0.012329559967325038 0.01603339221650805
-998.1094034531852 10.948992846471622 -0.012251391156151377 0.01593688105206534
-988.4190208953805 10.951841487216216 -0.012174214463413047 0.015841524814608723
-978.7286383375758 10.954691923222434 -0.012098010988841132 0.01574730289626838
-969.0382557797711 10.95754220715098 -0.012022762312568639 0.01565419517656391
-959.3478732219664 10.96039051252927 -0.011948450479854208 0.015562182008080107
-949.6574906641617 10.96323512721685 -0.011875057986389397 0.015471244202645031
-939.9671081064735 10.96607444718643 -0.011802567764164345 0.015381363017990929
-930.2767255486688 10.968906970612158 -0.0117309631678619 0.015292520144872077
-920.5863429908641 10.971731292255534 -0.011660227961769782 0.015204697694637191
-910.8959604330594 10.974546098140323 -0.011590346307171104 0.015117878187216976
-901.2055778752547 10.97735016050634 -0.011521302750205156 0.015032044539526222
-891.51519531745 10.980142333032452 -0.011453082210173113 0.014947180054257662
-881.8248127596453 10.982921546318739 -0.011385669968270437 0.014863268409053323
-872.1344302018406 10.985686803617702 -0.011319051656727726 0.014780293646038578
-862.4440476440359 10.988437176804274 -0.011253213248342863 0.01469824016170484
-852.7536650862312 10.991171802574375 -0.01118814104638783 0.014617092697127354
-843.0632825284265 10.993889878861756 -0.011123821674874648 0.01453683632850529
-833.3728999706218 10.996590661462925 -0.011060242069165517 0.014457456458011775
-823.6825174128171 10.999273460859996 -0.01099738946691288 0.014378938804942063
-813.9921348550124 11.001937639231492 -0.010935251399315978 0.014301269397148632
-804.3017522972077 11.004582607641188 -0.010873815682680879 0.014224434562752332
-794.611369739403 11.007207823395353 -0.01081307041027182 0.014148420922119357
-784.9209871815983 11.00981278755894 -0.010753003944441963 0.014073215380094034
-775.2306046237936 11.012397042621473 -0.010693604909032584 0.013998805118478092
-765.5402220659889 11.014960170303741 -0.010634862182029808 0.013925177588747185
-755.8498395083006 11.017501789496578 -0.010576764888469554 0.013852320504997035
-746.159456950496 11.020021554323591 -0.010519302393576695 0.013780221837105443
-736.4690743926913 11.022519152319374 -0.010462464296139633 0.013708869804115393
-726.7786918348866 11.024994302716125 -0.010406240422097436 0.013638252867814093
-717.0883092770819 11.027446754830933 -0.010350620818341552 0.013568359726513725
-707.3979267192772 11.02987628654688 -0.010295595746719783 0.01349917930902156
-697.7075441614725 11.032282702881425 -0.010241155678235464 0.013430700768793711
-688.0171616036678 11.034665834635728 -0.010187291287434461 0.013362913478265789
-678.3267790458631 11.037025537119126 -0.010133993446972812 0.013295807023354506
-668.6363964880584 11.039361688943172 -0.01008125322235838 0.01322937119812406
-658.9460139302537 11.04167419088011 -0.010029061866859859 0.01316359599961164
-649.255631372449 11.043962964780954 -0.009977410816577008 0.01309847162280656
-639.5652488146443 11.046227952548666 -0.009926291685666135 0.013033988455777638
-629.8748662568396 11.048469115162296 -0.00987569626171514 0.012970137074943884
-620.1844836990349 11.05068643174823 -0.009828135044154248 0.01290690824048343
-610.4941011412302 11.052879898694968 -0.009784671786893939 0.01284429289187618
-600.8037185834255 11.055049528808215 -0.009735483543351974 0.012782282143575508
-591.1133360256208 11.05719535050327 -0.009686790899557955 0.012720867280804765
-581.4229534678161 11.05931740703197 -0.009638586323803188 0.012660039755474407
-571.7325709100114 11.06141575574175 -0.009590862439232638 0.012599791182215686
-562.0421883523231 11.063490467364467 -0.009543612019722059 0.012540113334527732
-552.3518057945184 11.065541625333152 -0.009496827985894591 0.012480998141030144
-542.6614232367137 11.06756932512444 -0.009450503401278768 0.012422437681828082
-532.971040678909 11.0695736736255 -0.009404631468590417 0.012364424184972201
-523.2806581211044 11.071554788523642 -0.00935920552614118 0.012306950023020836
-513.5902755632997 11.07351279771737 -0.009314219044364845 0.012250007709696868
-503.89989300549496 11.075447838747678 -0.009269665622456921 0.012193589896637047
-494.20951044769026 11.07736005824853 -0.00922553898512265 0.012137689370230692
-484.51912788988557 11.079249611415579 -0.00918183297942893 0.012082299048544944
-474.82874533208087 11.081116661492278 -0.009138541571755874 0.012027411978333848
-465.1383627742762 11.082961379272641 -0.00909565884484395 0.011973021332128578
-455.4479802164715 11.084783942620014 -0.009053178994932864 0.011919120405406256
-445.7575976586668 11.086584536001242 -0.009011096328988572 0.011865702613834916
-436.0672151008621 11.088363350035763 -0.00896940526201499 0.011812761490592209
-426.3768325430574 11.090120581059146 -0.008928100314447102 0.01176029068375557
-416.6864499852527 11.091856430700663 -0.008887176109622419 0.01170828395376163
-406.996067427448 11.093571105474577 -0.008846627371327779 0.011656735170932768
-397.3056848696433 11.095264816384793 -0.008806448921418736 0.011605638313068677
-387.6153023118386 11.096937778542593 -0.008766635677508844 0.01155498746310102
-377.9249197541503 11.098590210797186 -0.008727182650726712 0.011504776806809834
-368.2345371963456 11.100222335378955 -0.008688084943535698 0.011455000630596242
-358.54415463854093 11.10183437755488 -0.008649337747620844 0.011405653319318637
-348.85377208073623 11.103426565296322 -0.00861093634183152 0.011356729354178682
-339.16338952293154 11.104999128958712 -0.00857287609018468 0.011308223310664426
-329.47300696512684 11.106552300973043 -0.008535152439923867 0.011260129856545292
-319.78262440732215 11.108086315548984 -0.008497760919632565 0.011212443749918028
-310.09224184951745 11.10960140838947 -0.008460697137399996 0.011165159837302131
-300.40185929171275 11.111097816416523 -0.008423956779037541 0.0111182730517832
-290.71147673390806 11.112575777508226 -0.00838753560634423 0.011071778411202913
-281.02109417610336 11.114035530246609 -0.008351429455419468 0.011025671016394251
-271.33071161829866 11.115477313676285 -0.008315634235021643 0.010979946049460558
-261.64032906049397 11.1169013670737 -0.00828014592497092 0.010934598772097348
-251.94994650268927 11.118307929726743 -0.008244960574594964 0.010889624523955437
-242.25956394488458 11.119697240724609 -0.008210074301216012 0.010845018721044349
-232.56918138707988 11.121069538757656 -0.00817548328867814 0.010800776854174817
-222.87879882927518 11.122425061927117 -0.008141183785913352 0.010756894487439208
-213.1884162714705 11.123764047564421 -0.008107172105545273 0.010713367256728864
-203.4980337136658 11.125086732059957 -0.008073444622529251 0.010670190868287298
-193.8076511559775 11.126393350701033 -0.008039997772828208 0.01062736109729875
-184.1172685981728 11.127684137518917 -0.008006828052120604 0.010584873786508034
-174.42688604036812 11.128959325144516 -0.007973932014545623 0.01054272484487846
-164.73650348256342 11.13021914467276 -0.007941306271476435 0.010500910246276614
-155.04612092475872 11.131463825535281 -0.007908947490326591 0.010459426028190845
-145.35573836695403 11.132693595381198 -0.007876852393386256 0.010418268290479498
-135.66535580914933 11.133908679965788 -0.00784501775668771 0.010377433194148602
-125.97497325134464 11.135109303046837 -0.007813440408899275 0.010336916960158184
-116.28459069353994 11.136295686288376 -0.00781180849067057 0.010297518035754238
-106.59420813573524 11.137468049171629 -0.007780331905732065 0.010257617484190597
-96.90382557793055 11.138626608912912 -0.00774911427450747 0.010218025100387988
-87.21344302012585 11.139771580388228 -0.007718152193057199 0.010178737322009359
-77.52306046232115 11.140903176064372 -0.008071421814009945 0.010139750641720551
-67.83267790451646 11.142021605936257 -0.008035763009832204 0.01010106160611312
-58.14229534671176 11.143127077470277 -0.008000488801958703 0.010062666814653884
-48.451912788907066 11.14421979555344 -0.0079655905630685 0.010024562918660263
-38.76153023110237 11.145299962448059 -0.007931060012771997 0.0099867466203006
-29.071147673297673 11.146367777751761 -0.00822869482269412 0.009949214671618571
-19.380765115492977 11.14742343836263 -0.008190347871606806 0.009911963873581033
-9.690382557804696 11.148467138449169 -0.008152467585443272 0.009874991075148911
0.0 1.5806797930533776 0.048703961923486215 0.023465872980095552
9.690382557804696 2.5691233271066203 0.04665173173747094 0.023243879293369463
19.380765115609393 3.2383157378616847 0.045953136304420085 0.02302714031132848
29.07114767341409 3.7660144133858493 0.04527360651874775 0.022815454786896998
38.761530231218785 4.207614771889619 0.044612387703425696 0.022608631892706718
48.45191278902348 4.589362586331104 0.043968764273154125 0.02240649055032476
58.14229534682818 4.926261625205964 0.04334205723964566 0.022208858810748563
67.83267790463287 5.22789294211457 0.04273162190545202 0.022015573281650973
77.52306046243757 5.50084246385348 0.0413548343962336 0.0219295309951355
87.21344302024227 5.749882159710827 0.04078575100253212 0.021743080365363758
96.90382557804696 5.978609114324107 0.03942810293649199 0.02210166413476819
106.59420813585166 6.189819447219714 0.03889782462583613 0.021915648244034656
116.28459069365636 6.385740700326362 0.03838048795797651 0.021733502111369006
125.97497325146105 6.568183375482626 0.03787563577261331 0.021555094785475095
135.66535580926575 6.738643704858924 0.03738283203244457 0.021380301342191613
145.35573836707044 6.898375662574954 0.03690166062045424 0.021209002538139572
155.04612092487514 7.048442837013297 0.036431724218340567 0.021041084488072702
164.73650348267984 7.189756691315922 0.03597264325977557 0.020876438364055852
174.42688604036812 7.323105368787202 0.035524054952745424 0.020714960114766687
184.1172685981728 7.449175772364833 0.035085612365684554 0.02055655020335301
193.8076511559775 7.568570758441746 0.03465698357268037 0.020401113362455342
203.4980337137822 7.6818227155285985 0.034237850853245565 0.020248558365059007
213.1884162715869 7.789404423291627 0.033827909942713744 0.020098797810019255
222.8787988293916 7.891737835156128 0.03342686932953594 0.019951747921162343
232.5691813871963 7.989201254219209 0.033015536943360665 0.01980732835897027
242.259563945001 8.082135250798526 0.032631726084158756 0.019665462043937224
251.9499465028057 8.170847583498547 0.03225600427924464 0.019526074990760707
261.6403290606104 8.255617323180354 0.03188255166198182 0.019389096152598317
271.3307116184151 8.336698333402287 0.031522354536904634 0.019254457274682953
281.0210941762198 8.414322226871882 0.031114424694155228 0.019125569606280642
290.7114767340245 8.488700891878572 0.030769638617942716 0.018995371947879675
300.40185929182917 8.560028663248458 0.03042965430548014 0.01886732337695335
310.09224184963387 8.628484197450831 0.030098421277063435 0.018741368246711992
319.78262440743856 8.694232099932504 0.02977372166313939 0.018617450304241674
329.47300696524326 8.757424343724962 0.029455369363968257 0.01849551537626462
339.16338952304795 8.818201511252003 0.02914318520977019 0.018375511272462543
348.85377208085265 8.876693885612896 0.02883193056089928 0.018257387694174544
358.54415463854093 8.93302241309365 0.028527422387935063 0.018141096148124952
368.2345371963456 8.995258844212074 0.02823285609337786 0.018026589864851478
377.9249197541503 9.071706309453813 0.027943801170462548 0.01791382372155711
387.615302311955 9.14419968745121 0.0276601087858076 0.01780275416908112
397.3056848697597 9.21302309158666 0.027381635359418073 0.01769333916275382
406.9960674275644 9.278434036160562 0.027108242336013173 0.01758553809688764
416.6864499853691 9.340666541297582 0.026814589197252946 0.017479311742684224
426.3768325431738 9.399933800966663 0.026551304751400603 0.017374622189350764
436.0672151009785 9.456430486211655 0.02627970705428528 0.017271432788233287
445.7575976587832 9.510334742050489 0.026025845802407566 0.017169708099787403
455.4479802165879 9.561809925763614 0.02577642704688883 0.01706941384321948
465.1383627743926 9.611006125773656 0.025531338713243198 0.016970516848642002
474.8287453321973 9.6580614935104 0.02529047241858137 0.016872985011597542
484.519127890002 9.703103415177534 0.025042612615107603 0.01677678724981521
494.2095104478067 9.746249545902167 0.02481003076652148 0.016681893462072318
503.8998930056114 9.78760872513507 0.024581362420079834 0.01658827448904226
513.5902755634161 9.827281789209827 0.02435651269378774 0.01649590207601738
523.2806581212208 9.865362294531712 0.02413538970797022 0.01640474883740232
532.9710406790255 9.901937162849762 0.022215753657401124 0.01664971499485004
542.6614232368302 9.937087258387947 0.02202483320303274 0.016556393011599856
552.3518057945184 9.970887905209771 0.021836766738591737 0.016464333741471715
562.0421883523231 10.003409352017934 0.021651497524071726 0.016373508181236382
571.7325709101278 10.03471719059232 0.02145543336730246 0.0162838882905604
581.4229534679325 10.064872733246752 0.021275777261147003 0.01619544694936454
591.1133360257372 10.093933353960518 0.021098750450320558 0.01610815791759776
600.8037185835419 10.121952797244507 0.020924301145317525 0.016021995797251228
610.4941011413466 10.148981458282318 0.02075237869644424 0.015936935996459334
620.1844836991513 10.175066637444356 0.020582933576335394 0.015852954695545925
629.874866256956 10.200252771892307 0.020415917361482433 0.015770028814885925
639.5652488147607 10.224581646663294 0.020251282712968815 0.015688135984462597
649.2556313725654 10.248092587339334 0.02008898335658223 0.015607254515010327
658.9460139303701 10.270822636161839 0.019928974062452406 0.015527363370641485
668.6363964881748 10.292806713237265 0.019771210624343147 0.015448442142863453
678.3267790459795 10.314077764293843 0.019615649838711776 0.015370471025899302
688.0171616037842 10.334666896286759 0.019462249483633298 0.015293430793231942
697.7075441615889 10.354603502006979 0.019310968297673904 0.01521730277529734
707.3979267193936 10.373915374724042 0.019161765958787304 0.015142068838258076
717.0883092771983 10.392628813783544 0.019014603063296758 0.015067711363793222
726.778691835003 10.41076872198338 0.01886944110501691 0.014994213229845175
736.4690743926913 10.428358695467441 0.018726242454563856 0.014921557792268964
746.159456950496 10.44542110680144 0.018584970338882335 0.014849728867327439
755.8498395083006 10.461977181824489 0.018445588821049033 0.014778710714997416
765.5402220661053 10.478047070818095 0.01830806278034602 0.014708488023024588
775.23060462391 10.493649914474226 0.018172357892653118 0.01463904589169857
784.9209871817147 10.508803905101646 0.018038440611168226 0.014570369819303762
794.6113697395194 10.52352634346643 0.017906278147472626 0.014502445688210505
804.3017522973241 10.537833691625424 0.017777067896417253 0.014435300556504365
813.9921348551288 10.551741622077998 0.017648302834738613 0.014368838867631703
823.6825174129335 10.56526506353153 0.017521199045408303 0.014303088956549309
833.3728999707382 10.578418243549212 0.017395726573368592 0.01423803811393518
843.0632825285429 10.591214728324577 0.01727185613374038 0.014173673953521001
852.7536650863476 10.603667459805548 0.01714955909506992 0.014109984401375815
862.4440476441523 10.61578879037118 0.01702880746296369 0.014046957685631288
872.134430201957 10.62759051524666 0.0169095738641099 0.01398458232662663
881.8248127597617 10.63908390282621 0.01679183153068399 0.013922847127452535
891.5151953175664 10.650279723059144 0.016675554285134515 0.013861741164874637
901.2055778753711 10.661188274041288 0.01656071652534514 0.013801253780618182
910.8959604331758 10.671819406942145 0.016447293210168187 0.013741374572996632
920.5863429908641 10.682182549387386 0.01633525984532502 0.013682093388868532
930.2767255486688 10.692286727407376 0.016224592469659963 0.013623400315903079
939.9671081064735 10.702140586050923 0.01611526764176147 0.013565285675150378
949.6574906642782 10.711752408759834 0.016007262426916722 0.013507740013888537
959.3478732220829 10.721130135588096 0.015900554384413925 0.013450754098745162
969.0382557798875 10.730281380345438 0.015795121555176296 0.013394318909076719
978.7286383376922 10.739213446738075 0.015690942449722772 0.01333842563059487
988.4190208954969 10.74793334357392 0.0155879960364479 0.013283065649228676
998.1094034533016 10.756447799094513 0.015326792919703538 0.013228230545212254
