-1007.7997860109899 8.981855752170846 -0.002139123021101937 8.254867343525417e-07
-998.1094034531852 8.981855752170846 -0.002454932465810804 8.212577217673335e-07
-988.4190208953805 8.981855752170846 -0.0024406148722185624 8.170723715879559e-07
-978.7286383376922 8.981855752170846 -0.0024264707275080595 8.129300066416415e-07
-969.0382557798875 8.981855752170846 -0.0024124968237092944 8.088299637356167e-07
-959.3478732220829 8.981855752170846 -0.002405581157361901 8.047715932986807e-07
-949.6574906642782 8.981855752170846 -0.002391887609343351 8.007542590310877e-07
-939.9671081064735 8.981855752170846 -0.0023783558914571338 7.96777337567582e-07
-930.2767255486688 8.981855752170846 -0.002364983084220402 7.928402181494614e-07
-920.5863429908641 8.981855752170846 -0.002351766339008804 7.889423023070567e-07
-910.8959604330594 8.981855752170846 -0.0023387028758952008 7.850830035512961e-07
-901.2055778752547 8.981855752170846 -0.002325789981567797 7.812617470750835e-07
-891.51519531745 8.981855752170846 -0.0023130250073242604 7.77477969462935e-07
-881.8248127596453 8.981855752170846 -0.002300405367138581 7.737311184101844e-07
-872.1344302018406 8.981855752170846 -0.0022879285357975993 7.700206524492158e-07
-862.4440476440359 8.981855752170846 -0.00227559204710424 7.663460406849366e-07
-852.7536650862312 8.981855752170846 -0.002263393492144694 7.62706762537233e-07
-843.0632825284265 8.981855752170846 -0.00225133051761684 7.59102307491384e-07
-833.3728999706218 8.981855752170846 -0.0022394008242174234 7.555321748550437e-07
-823.6825174128171 8.981855752170846 -0.0022276021650855355 7.519958735231335e-07
-813.9921348550124 8.981855752170846 -0.002215932344300119 7.484929217487156e-07
-804.3017522972077 8.981855752170846 -0.0022043892154292987 7.45022846920846e-07
-794.6113697395194 8.981855752170846 -0.002192970680129578 7.41585185348449e-07
-784.9209871817147 8.981855752170846 -0.002181674686792099 7.381794820505028e-07
-775.23060462391 8.981855752170844 -0.002170499229236108 7.348052905522405e-07
-765.5402220661053 8.981855752170844 -0.002159442345445065 7.31462172686355e-07
-755.8498395083006 8.981855752170842 -0.0021485021163457373 7.281496984009344e-07
-746.159456950496 8.981855752170839 -0.002137676664627789 7.24867445571903e-07
-736.4690743926913 8.981855752170832 -0.002126964153602415 7.216149998202212e-07
-726.7786918348866 8.981855752170818 -0.002115593111396439 7.339851038121273e-07
-717.0883092770819 8.981855752170791 -0.0021051068225649973 7.306757047347166e-07
-707.3979267192772 8.981855752170743 -0.002094728113604637 7.273966085200504e-07
-697.7075441614725 8.981855752170656 -0.0020844553014574994 7.241473929953151e-07
-688.0171616036678 8.981855752170503 -0.002074286738462708 7.209276439666578e-07
-678.3267790458631 8.981855752170238 -0.0020642208114217187 7.177369550264515e-07
-668.6363964880584 8.981855752169785 -0.002054255940693382 7.145749273659877e-07
-658.9460139302537 8.981855752169032 -0.0020443905793175805 7.114411695934401e-07
-649.255631372449 8.981855752167801 -0.0020346232121664066 7.08335297558097e-07
-639.5652488146443 8.981855752165814 -0.002024952355121856 7.052569341792601e-07
-629.8748662568396 8.98185575216266 -0.002015376554279085 7.022057092800035e-07
-620.1844836990349 8.981855752157738 -0.002005894385174283 6.991812594257391e-07
-610.4941011413466 8.98185575215016 -0.001996504452036404 6.961832277677547e-07
-600.8037185835419 8.981855752138662 -0.0019872053870612113 6.932112638911837e-07
-591.1133360257372 8.98185575212144 -0.00197799584970852 6.902650236672476e-07
-581.4229534679325 8.981855752095978 -0.0019688745260195936 6.873441691090671e-07
-571.7325709101278 8.9818557520588 -0.0019598401279556327 6.844483682329404e-07
-562.0421883523231 8.981855752005153 -0.0019508913927559588 6.815772949218487e-07
-552.3518057945184 8.981855751928622 -0.0019420270823153171 6.787306287940798e-07
-542.6614232367137 8.981855751820628 -0.0019332459825796254 6.759080550746022e-07
-532.971040678909 8.981855751669833 -0.0019779055574381 6.731092644706234e-07
-523.2806581211044 8.981855751461403 -0.0019688925741418277 6.703339530500768e-07
-513.5902755632997 8.981855751176083 -0.001959965095962435 6.675818221234856e-07
-503.89989300549496 8.981855750789153 -0.0019511218725468057 6.648525781293607e-07
-494.20951044769026 8.981855750269137 -0.0019423616784981282 6.621459325221796e-07
-484.51912788988557 8.981855749576294 -0.001998520955919189 6.594616016638924e-07
-474.82874533208087 8.98185574866086 -0.0019894453837036572 6.567993067176156e-07
-465.1383627742762 8.981855747461024 -0.0019804563002652495 6.541587735448507e-07
-455.4479802164715 8.981855745900567 -0.001971552421497804 6.515397326049762e-07
-445.7575976586668 8.981855743886229 -0.0019627324896493497 6.489419188575808e-07
-436.0672151008621 8.981855741304667 -0.001953995272620106 6.463650716670759e-07
-426.3768325431738 8.981855738019089 -0.0019453395632839045 6.438089347101345e-07
-416.6864499853691 8.98185573386547 -0.0024021448602123048 6.412732558848237e-07
-406.9960674275644 8.981855728648384 -0.0023902140673109614 6.387577872235728e-07
-397.3056848697597 8.9818557221364 -0.0023784116279829174 6.362622848059966e-07
-387.615302311955 8.98185571405708 -0.0024169407556851887 6.337865086766422e-07
-377.9249197541503 8.981855704091508 -0.0024050182632614266 6.313302227620793e-07
-368.2345371963456 8.981855691868441 -0.002393223067759976 6.288931947926997e-07
-358.54415463854093 8.981855676957979 -0.002374925863749371 8.354017198009043e-07
-348.85377208073623 8.981855658864873 -0.002363427490278093 8.314672855871621e-07
-339.16338952293154 8.981855637021415 -0.002352049336404587 8.275738325726618e-07
-329.47300696512684 8.981855610779938 -0.002340789395268936 8.23720656338341e-07
-319.78262440732215 8.981855579404993 -0.002329645707006775 8.199070698940755e-07
-310.09224184951745 8.981855542065178 -0.0023186163573183554 8.161324031104873e-07
-300.40185929171275 8.981855497824714 -0.002349276761665541 8.123960021735988e-07
-290.71147673390806 8.981855445634743 -0.002338164554180512 8.086972290624119e-07
-281.02109417610336 8.981855384324469 -0.002327165672576182 8.050354610455137e-07
-271.33071161829866 8.981855312592105 -0.0023162782742822533 8.014100901994884e-07
-261.64032906049397 8.981855228995759 -0.00230550055870011 7.978205229442835e-07
-251.94994650268927 8.981855131944267 -0.0022948307659608484 7.942661795978907e-07
-242.25956394488458 8.981855019688018 -0.0022842671757286456 7.907464939474312e-07
-232.5691813871963 8.981854890309886 -0.002261750085159674 1.388191149576772e-06
-222.8787988293916 8.981854741716296 -0.0022514824649898803 1.3803249269125888e-06
-213.1884162715869 8.981854571628434 -0.0022413148204236044 1.3725561173464445e-06
-203.4980337137822 8.98185437757378 -0.002231245606185714 1.3648828064405812e-06
-193.8076511559775 8.981854156877914 -0.00581204454513953 1.3573031315099083e-06
-184.1172685981728 8.9818539066567 -0.005775695142634197 1.349815279847235e-06
-174.42688604036812 8.981853623808915 -0.00573982720602471 1.3424174870214419e-06
-164.73650348256342 8.981853305009361 -0.005704430872675133 1.3351080352459582e-06
-155.04612092475872 8.98185294670249 -0.005669496553420222 1.3278852518142375e-06
-145.35573836695403 8.981852545096652 -0.005633903422757351 1.3478089589566324e-06
-135.66535580914933 8.981852096158951 -0.00559987361477438 1.340554926447182e-06
-125.97497325134464 8.981851595610772 -0.005566278480602587 1.3333857268866168e-06
-116.28459069353994 8.98185103892403 -0.0055331094361113975 1.3262997895916566e-06
-106.59420813573524 8.981850421318155 -0.005500358126685676 1.3192955838709167e-06
-96.90382557793055 8.981849737757843 -0.005468016419504602 1.3123716177333251e-06
-87.21344302012585 8.981848982951602 -0.005436076396132695 1.3055264366446304e-06
-77.52306046232115 8.98184815135112 -0.005404530345408277 1.2987586223342225e-06
-67.83267790451646 8.98184723715139 -0.017775245971578334 1.292066791646385e-06
-58.14229534671176 8.981846234291888 -0.01765304683498251 1.2854495954367442e-06
-48.45191278902348 8.981845136458213 -0.017532557612403982 1.2789057175090258e-06
-38.761530231218785 8.981843937084898 -0.01741374219959317 1.2724338735932615e-06
-29.07114767341409 8.981842629358912 -0.01729656550911415 1.2660328103623612e-06
-19.380765115609393 8.981841206223974 -0.01718099343463216 1.2597013044842492e-06
-9.690382557804696 8.981839660385718 -0.017006799647878847 5.788022657329119e-06
0.0 8.981837984317599 -0.01689478198600637 5.748397695694282e-06
9.690382557804696 6.082521972515839 -0.04146479404426163 0.040500227213956
19.380765115609393 6.231310278280723 -0.041174078846296355 0.04020211427447552
29.07114767341409 6.339419767602508 -0.04088746003445313 0.0399083579695714
38.761530231218785 6.426915010565187 -0.04060485107418919 0.039618863489757045
48.45191278902348 6.501401341888983 -0.04032616786087664 0.039333538756740616
58.14229534682818 6.566736853114945 -0.04005132863487854 0.03905229432578074
67.83267790463287 6.625196814747609 -0.039780253900168865 0.03877504329220134
77.52306046243757 6.6782555042183835 -0.03951286634632488 0.03850170120186085
87.21344302024227 6.726932290768781 -0.03924909077372959 0.03823218596538168
96.90382557804696 6.771966428482049 -0.03898885402183103 0.037966417775957106
106.59420813585166 6.813913998727603 -0.03873208490031346 0.03770431903056272
116.28459069365636 6.853205591138438 -0.03847871412304317 0.037445814254408884
125.97497325146105 6.890182561355103 -0.03822867424465917 0.037190830028479914
135.66535580914933 6.9251208516946345 -0.037981899599688805 0.03693929492001687
145.35573836695403 6.958247220268422 -0.03773832624405406 0.03669113941578724
155.04612092475872 6.989750639985005 -0.037497891898902645 0.036446295858056386
164.73650348256342 7.019790515208966 -0.037260535896600104 0.03620469838307591
174.42688604036812 7.048502738241828 -0.03702619912882822 0.035966282862017376
184.1172685981728 7.076004241186262 -0.03679482399667791 0.035730986844221296
193.8076511559775 7.102396475940517 -0.03656635436265023 0.03549874950265956
203.4980337137822 7.127768115311636 -0.03634073550448107 0.03526951158151101
213.1884162715869 7.152197178074137 -0.03611791407070857 0.03504321534575494
222.8787988293916 7.17575272123013 -0.03589783803790758 0.03481980453269308
232.5691813871963 7.198496202450192 -0.03568045666951789 0.034599224305314
242.259563945001 7.220482587930122 -0.03546572047619772 0.0343814212074191
251.9499465028057 7.241761261431848 -0.03525358117763658 0.03416634312043275
261.6403290606104 7.262376776398789 -0.035043991665765335 0.03395393922182369
271.3307116184151 7.3154613377855355 -0.03483690596930384 0.033744159945067444
281.0210941762198 7.3648183699243654 -0.03463227921959003 0.033536956941084245
290.7114767340245 7.410755560920601 -0.034430067617636305 0.033332283041088526
300.40185929182917 7.453713551712843 -0.03423022840236225 0.03313009222079101
310.09224184963387 7.494051649542188 -0.03403271981995488 0.03293033956589552
319.78262440732215 7.5320669446150355 -0.03383750109431217 0.03273298123883901
329.47300696512684 7.568008040919825 -0.03364453239851158 0.03253797444670869
339.16338952293154 7.602085145212568 -0.033453774827296584 0.03234527741032255
348.85377208073623 7.634477628108429 -0.03326519037049382 0.03215484933437892
358.54415463854093 7.665339789874811 -0.03307874188735788 0.03196665037866569
368.2345371963456 7.694805325240708 -0.03289439308179274 0.0317806416302726
377.9249197541503 7.722990828380676 -0.032712108478417434 0.03159678507676806
387.615302311955 7.749998578319454 -0.032531853399442416 0.03141504358030147
397.3056848697597 7.775918777021208 -0.03235359394232469 0.031235380852594523
406.9960674275644 7.800831365709747 -0.032177296958171356 0.031057761430785535
416.6864499853691 7.824807512279813 -0.03200293003086233 0.0308821506540934
426.3768325431738 7.847910839414571 -0.03183046145686453 0.03070851464126875
436.0672151009785 7.870198446246153 -0.031659860225710754 0.030536820268801626
445.7575976587832 7.891721764119424 -0.031491096001118046 0.030367035149856017
455.4479802165879 7.912527277922771 -0.031324139102720944 0.03019912761390347
465.1383627743926 7.932657137631564 -0.031158960488396635 0.030033066687028424
474.8287453321973 7.952149679543896 -0.030995531737159448 0.029868822072879966
484.519127890002 7.971039872734904 -0.030833825032603582 0.02970636413424517
494.2095104478067 7.989359703202232 -0.030673813146873567 0.029545663875220413
503.89989300549496 8.007138505795403 -0.03051546942514474 0.029386692923960383
513.5902755632997 8.024403252154032 -0.03035876777058386 0.02922942351597135
523.2806581211044 8.041178801395224 -0.0302036826298001 0.029073828477957024
532.971040678909 8.057488119117808 -0.03005018897873141 0.028919881212158813
542.6614232367137 8.073352469335797 -0.02989826230897839 0.02876755568120036
552.3518057945184 8.08879158319221 -0.029747878614558073 0.028616826393406614
562.0421883523231 8.103823807679994 -0.02959901437906488 0.028467668388582102
571.7325709101278 8.118466237087851 -0.029451646563223865 0.028320057224231587
581.4229534679325 8.132734829469827 -0.029305752592822382 0.02817396896220731
591.1133360257372 8.14664451009139 -0.029161310347006895 0.028029380155767235
600.8037185835419 8.160209263517064 -0.02901829814693201 0.027886267837029955
610.4941011413466 8.173442215764672 -0.028876694744749378 0.02774460950481184
620.1844836991513 8.18635570775004 -0.028736479312924817 0.02760438311283304
629.874866256956 8.198961361076607 -0.028597631433872003 0.027465567058279395
639.5652488147607 8.211270137081135 -0.028460131089892045 0.02732814017070769
649.2556313725654 8.2232923899254 -0.028323958653408435 0.02719208170128237
658.9460139303701 8.235037914420216 -0.02818909487748712 0.02705737131233217
668.6363964881748 8.24651598917984 -0.028055520886632216 0.026923989067215656
678.3267790459795 8.257735415629057 -0.027923218167847978 0.02679191542048499
688.0171616037842 8.26870455332026 -0.027792168561957983 0.02666113120833791
697.7075441614725 8.279431351961495 -0.027662354255174628 0.026531617639349414
707.3979267192772 8.289923380508865 -0.027533757770901224 0.02640335628546468
717.0883092770819 8.30018785363206 -0.027406361961782078 0.026276329073267272
726.7786918348866 8.310231655829599 -0.027280150001961757 0.02615051827548296
736.4690743926913 8.320061363434226 -0.027155105379569576 0.026025906502734
746.159456950496 8.329683264723792 -0.027031211889412717 0.025902476695526644
755.8498395083006 8.339103378327769 -0.02690845362587286 0.02578021211646541
765.5402220661053 8.348327470098512 -0.026786814975999676 0.02565909634268703
775.23060462391 8.357361068597605 -0.026666280612794788 0.025539113258506448
784.9209871817147 8.366209479331339 -0.02654683548868013 0.025420247048268382
794.6113697395194 8.37487779785483 -0.026428464829144835 0.025302482189397457
804.3017522973241 8.383370921851574 -0.02631115412656501 0.025185803445640705
813.9921348551288 8.391693562283985 -0.026194889134190814 0.025070195860496133
823.6825174129335 8.399850253700448 -0.0260796558602956 0.02495564475082145
833.3728999707382 8.407845363775658 -0.025965440562482237 0.024842135700617253
843.0632825285429 8.415683102153046 -0.02585222974214139 0.024729654554979098
852.7536650863476 8.42336752865131 -0.025740010139057246 0.024618187414213066
862.4440476441523 8.430902560890697 -0.025628768726156086 0.024507720628109866
872.134430201957 8.438291981389286 -0.025518492704393315 0.024398240790372356
881.8248127596453 8.44553944417442 -0.02540916949777589 0.02428973473319302
891.51519531745 8.452648480950735 -0.025300786748508435 0.024182189521969117
901.2055778752547 8.459622506860406 -0.02519333231227849 0.02407559245017044
910.8959604330594 8.466464825870798 -0.025086794253650995 0.02396993103432934
920.5863429908641 8.473178635818526 -0.024981160841588055 0.023865193009168662
930.2767255486688 8.479767033137856 -0.024876420545082323 0.023761366322855318
939.9671081064735 8.486233017298375 -0.024772562028902146 0.023658439132377484
949.6574906642782 8.4925794949745 -0.024669574149445025 0.02355639979904129
959.3478732220829 8.498809283967491 -0.02456744595069612 0.023455236884083516
969.0382557798875 8.504925116898718 -0.02446616666028881 0.023354939144397013
978.7286383376922 8.510929644691254 -0.02436572568566433 0.023255495528365127
988.4190208954969 8.516825439855433 -0.024266112610327416 0.023156895171802267
998.1094034533016 8.522614999592605 -0.024167317190195364 0.023059127393997167
