-1007.7997860111063 10.932137740793864 -0.012620849410392971 0.01405487951893497
-998.1094034533016 10.936324833899109 -0.012537503921249906 0.013966311115126417
-988.4190208954969 10.940423489847909 -0.012455255434507158 0.01387885230439285
-978.7286383376922 10.944436796377346 -0.012374082360792989 0.013792482358162661
-969.0382557798875 10.94836770412149 -0.012293963675643902 0.01370718106116254
-959.3478732220829 10.952219033117705 -0.012214878901071907 0.013622928695620904
-949.6574906642782 10.955993478995932 -0.012136808087852287 0.013539706026051318
-939.9671081064735 10.959693618868744 -0.012059731798498946 0.01345749428459127
-930.2767255486688 10.963321916938405 -0.01198363109089626 0.013376275156872692
-920.5863429909805 10.96688072983602 -0.011908487502558882 0.01329603076840296
-910.8959604331758 10.970372311706772 -0.01183428303548603 0.013216743671429157
-901.2055778753711 10.973798819053515 -0.011761000141597306 0.013138396832279776
-891.5151953175664 10.977162315351537 -0.01168862170870668 0.013060973619145313
-881.8248127597617 10.980464775445 -0.011617131047024366 0.012984457790293698
-872.134430201957 10.983708089735805 -0.011546511876158329 0.012908833482697292
-862.4440476441523 10.986894068174609 -0.011476748312594714 0.012834085201055605
-852.7536650863476 10.990024444063348 -0.011407824857636698 0.012760197807197775
-843.0632825285429 10.993100877677971 -0.011339726385782173 0.012687156509849558
-833.3728999707382 10.996124959719644 -0.01127243813352165 0.012614946854750321
-823.6825174129335 10.999098214602364 -0.011205945688538764 0.012543554715106027
-813.9921348551288 11.00202210358441 -0.011140234979296422 0.012472966282365137
-804.3017522973241 11.00489802775079 -0.01107529226499269 0.012403168057304586
-794.6113697395194 11.007727330853415 -0.011011104125870997 0.012334146841413821
-784.9209871817147 11.010511302015571 -0.010947657453870194 0.012265889728565347
-775.23060462391 11.013251178306783 -0.010884939443600602 0.012198384096960653
-765.5402220661053 11.01594814719409 -0.010822937583632704 0.012131617601340986
-755.8498395083006 11.01860334887531 -0.010761639648086015 0.012065578165452947
-746.159456950496 11.02121787849976 -0.01070103368850599 0.012000253974759059
-736.4690743928077 11.023792788281595 -0.010641108026018219 0.011935633469384976
-726.778691835003 11.0263290895109 -0.010581851243744684 0.011871705337289807
-717.0883092771983 11.028827754466834 -0.010523252179482358 0.01180845850766265
-707.3979267193936 11.03128971823802 -0.010465299918619726 0.011745882144521724
-697.7075441615889 11.033715880454043 -0.010407983787292553 0.01168396564052001
-688.0171616037842 11.036107106932478 -0.010351293345765424 0.011622698610945259
-678.3267790459795 11.038464231245326 -0.010295218382030978 0.011562070887907986
-668.6363964881748 11.040788056208795 -0.010239748905618665 0.011502072514710667
-658.9460139303701 11.043079355299987 -0.010184875141604854 0.011442693740391533
-649.2556313725654 11.045338874004043 -0.010130587524816808 0.011383925014436698
-639.5652488147607 11.047567331095115 -0.010076876694223174 0.011325756981654589
-629.874866256956 11.049765419854278 -0.010023733487504006 0.01126818047720688
-620.1844836991513 11.051933809227537 -0.009971148935793598 0.011211186521790428
-610.4941011413466 11.05407314492681 -0.00991911425858983 0.011154766316964783
-600.8037185835419 11.056184050476629 -0.009867620858823764 0.011098911240620306
-591.1133360257372 11.058267128209305 -0.009816660318083684 0.011043612842581848
-581.4229534679325 11.06032296021105 -0.009766224391987986 0.010988862840343384
-571.7325709101278 11.062352109221434 -0.009716305005701413 0.01093465311492898
-562.0421883523231 11.064355119488626 -0.009666894249589584 0.010880975706875847
-552.3518057946349 11.066332517582389 -0.009617984375007351 0.010827822812335842
-542.6614232368302 11.068284813167292 -0.009569567790212766 0.01077518677928765
-532.9710406790255 11.070212499737607 -0.009521637056410868 0.01072306010386533
-523.2806581212208 11.072116055316345 -0.009474184883911173 0.010671435426786724
-513.5902755634161 11.073995943119904 -0.009427204128403496 0.010620305529887764
-503.8998930056114 11.075852612190141 -0.009380687787344497 0.010569663332755434
-494.2095104478067 11.07768649799552 -0.009334628996451742 0.010519501889456674
-484.519127890002 11.079498023002897 -0.009289021026301471 0.01046981438536009
-474.8287453321973 11.081287597221404 -0.009243857279026591 0.010420594134047377
-465.1383627743926 11.083055618719866 -0.009199131285111368 0.010371834574311565
-455.4479802165879 11.08480247411909 -0.009231762821593374 0.01032352926723919
-445.7575976587832 11.086528539060279 -0.00918684456480224 0.010275671893373715
-436.0672151009785 11.088234178650817 -0.009142373609137657 0.010228256249957558
-426.3768325431738 11.089919747888535 -0.009098342844717066 0.010181276248250182
-416.6864499853691 11.091585592065602 -0.00905474533419136 0.010134725910919816
-406.9960674275644 11.093232047153034 -0.009011574306249383 0.01008859936950649
-397.3056848697597 11.09485944016682 -0.008968823149490142 0.010042890861954073
-387.615302311955 11.096468089516613 -0.00892648540663435 0.00999759473020916
-377.9249197541503 11.098058305337878 -0.008884554769049887 0.0099527054178847
-368.23453719646204 11.09963038980828 -0.008843025071568304 0.00990821746798686
-358.54415463865735 11.101184637449288 -0.008801890287568457 0.009864125520700002
-348.85377208085265 11.102721335413406 -0.008761144524315442 0.009820424311235856
-339.16338952304795 11.10424076375819 -0.008720782018527407 0.009777108667734376
-329.47300696524326 11.105743195707412 -0.008680797132161711 0.009734173509222628
-319.78262440743856 11.107228897900118 -0.008641184348402903 0.009691613843626668
-310.09224184963387 11.108698130628254 -0.008601938267839535 0.009649424765835449
-300.40185929182917 11.11015114806332 -0.008563053604817633 0.009607601455815093
-290.7114767340245 11.111588198472733 -0.008524525183959512 0.009566139176772003
-281.0210941762198 11.11300952442635 -0.008486347936837595 0.009525033273363435
-271.3307116184151 11.114415362993613 -0.008448516898793702 0.00948427916995397
-261.6403290606104 11.115805945931912 -0.008411027205894981 0.009443872368916629
-251.9499465028057 11.117181499866478 -0.00837387409201844 0.009403808448977254
-242.259563945001 11.118542246462313 -0.008337052886056484 0.00936408306360089
-232.5691813871963 11.119888402588517 -0.008300559009236583 0.009324691939418896
-222.8787988293916 11.12122018047544 -0.00826438797254861 0.009285630874695664
-213.1884162715869 11.122537787864928 -0.00822853537427388 0.009246895737833685
-203.4980337137822 11.123841428154131 -0.008192996897610336 0.009208482465915952
-193.8076511559775 11.125131300533083 -0.008157768308388776 0.009170387063284548
-184.11726859828923 11.126407600116409 -0.008122845452875659 0.009132605600154838
-174.42688604048453 11.12767051806952 -0.00808822425565559 0.009095134211261562
-164.73650348267984 11.128920241729345 -0.008053900717595533 0.009057969094542626
-155.04612092487514 11.130156954720187 -0.008019870913878508 0.009021106509850583
-145.35573836707044 11.131380837064667 -0.007986130992109399 0.008984542777697708
-135.66535580926575 11.132592065290158 -0.007952677170486965 0.008948274278031017
-125.97497325146105 11.13379081253084 -0.007974174453206065 0.008914867924035109
-116.28459069365636 11.134977248625658 -0.007940535479325632 0.00887914417150761
-106.59420813585166 11.136151540212309 -0.007907191766918991 0.008843706081213295
-96.90382557804696 11.137313850817533 -0.007874138998207653 0.008808550221491327
-87.21344302024227 11.13846434094379 -0.007841372959793631 0.008773673216394499
-77.52306046243757 11.139603168152577 -0.007808889538450147 0.008739071744501817
-67.83267790463287 11.140730487144518 -0.008376427297298051 0.008704742537765882
-58.14229534682818 11.141846449836335 -0.008336353069122403 0.008670682380393535
-48.45191278902348 11.142951205434937 -0.008296767899567166 0.00863688810775825
-38.761530231218785 11.144044900508673 -0.008257659384117422 0.008603356605342984
-29.07114767341409 11.145127679055925 -0.0082190156525473 0.008570084807712203
-19.380765115609393 11.146199682571195 -0.008180825336889666 0.008537069697511918
-9.690382557804696 11.147261050108709 -0.008143077541784097 0.00850430830449662
0.0 11.14831191834375 -0.00810576181699662 0.008471797704582097
9.690382557688281 8.633791958790509 -0.008777309975559044 0.03458810188922719
19.380765115492977 8.84512144580024 -0.00934304066498103 0.034233436720617856
29.071147673297673 8.988789948249499 -0.009289325419402203 0.03385597290286724
38.76153023110237 9.101189855208705 -0.009236472793538526 0.03348788070397992
48.451912788907066 9.194640320714305 -0.009184455800641476 0.03312880027035982
58.14229534671176 9.275088602448303 -0.01144317116395529 0.0336199445400069
67.83267790451646 9.345939675648314 -0.011361253426029007 0.03326640591920301
77.52306046232115 9.409355247882502 -0.01128094502347988 0.03292121417363127
87.21344302012585 9.466807278617175 -0.01126629527332682 0.03258406418893031
96.90382557793055 9.519350321792768 -0.011188174409770628 0.03225466574298628
106.59420813573524 9.567769681472802 -0.011111525776464974 0.03193274260452093
116.28459069353994 9.612668251204365 -0.011036300148089926 0.031618031696460464
125.97497325134464 9.654520440346106 -0.010962450628533467 0.031310282318715396
135.66535580914933 9.693707242262336 -0.010889932511302599 0.031009255425503753
145.35573836695403 9.730539915473914 -0.010818703149945855 0.030714722952801192
155.04612092475872 9.765276486240328 -0.010748721837656022 0.03042646719190556
164.73650348256342 9.798133559764288 -0.010679949695300015 0.03014428020546641
174.42688604036812 9.829294970473393 -0.010612349567192774 0.029867963282656486
184.1172685981728 9.858918246002244 -0.010545885923994809 0.029597326430456337
193.8076511558611 9.887139524071113 -0.010480524772170062 0.029332187898291135
203.4980337136658 9.914077352265087 -0.010441800257161333 0.029073996413411192
213.1884162714705 9.939835666457013 -0.01037820280570713 0.028819318146722613
222.87879882927518 9.964506155300823 -0.01031562345078418 0.028569638681206287
232.56918138707988 9.988170158829707 -0.010254033188556333 0.02832480504241248
242.25956394488458 10.010900208527119 -0.010193404198991146 0.028084670541714308
251.94994650268927 10.032761287916227 -0.010133709784133917 0.027849094454829394
261.64032906049397 10.053811872705722 -0.010074924310252828 0.027617941719912456
271.33071161829866 10.074104795203109 -0.010017023153573204 0.02739108265384177
281.02109417610336 10.093687967314082 -0.009959982649342362 0.027168392685431843
290.71147673390806 10.11260498880973 -0.009903780043987401 0.026949752104405016
300.40185929171275 10.130895661854257 -0.009848393450147855 0.026735045825045507
310.09224184951745 10.148596428488673 -0.009793801804382296 0.026524163163542735
319.78262440732215 10.165740744471615 -0.009779596478201903 0.026318730468070588
329.47300696512684 10.182359400317077 -0.009725996428356714 0.026115156016642233
339.16338952293154 10.19848079834979 -0.009673147122550291 0.02591509813429162
348.85377208073623 10.214131192988358 -0.009621029844787963 0.025718461736325457
358.54415463854093 10.229334900168531 -0.009569626555550787 0.02552515520353992
368.2345371963456 10.244114480765734 -0.009518919860203544 0.02533509022459837
377.9249197540339 10.26470215959397 -0.009625631779534925 0.025148181646960817
387.6153023118386 10.285085850571283 -0.009574149169012397 0.024964347335814978
397.3056848696433 10.304697068029395 -0.009523371097210447 0.024783508040544144
406.996067427448 10.323587421588458 -0.009473280233707835 0.02460558726822316
416.6864499852527 10.34180368149202 -0.009423859875720772 0.024430511163745512
426.3768325430574 10.359388344030094 -0.009375093918197788 0.024258208396166568
436.0672151008621 10.376380117871896 -0.009424099616908172 0.024088610050892016
445.7575976586668 10.39281434423505 -0.009375280212677408 0.023921649527362768
455.4479802164715 10.40872336128407 -0.009327105399500926 0.02375726244191231
465.1383627742762 10.424136821244627 -0.009279559804815528 0.023595386535493125
474.82874533208087 10.43908196725786 -0.009484735033661922 0.02343596158598962
484.51912788988557 10.453583875851006 -0.009434973689045003 0.023278929324853415
494.20951044769026 10.467665669975885 -0.009385890705301225 0.02312423335781399
503.89989300549496 10.481348706804795 -0.00933746908187575 0.022971819089433927
513.5902755632997 10.494652743834148 -0.00928969246045529 0.022821633651292493
523.2806581211044 10.507596086303769 -0.009242545092393343 0.02267362583359548
532.971040678909 10.520195718477725 -0.009196011808210645 0.022527746020021756
542.6614232367137 10.532467420938785 -0.009150077989011688 0.02238394612562882
552.3518057945184 10.544425875714449 -0.009104729539672427 0.02224217953765096
562.0421883522067 10.556084760770377 -0.009059952863667658 0.02210240105903538
571.7325709100114 10.567456835171821 -0.00901573483941419 0.021964566854559612
581.4229534678161 10.57855401601362 -0.008972062798027699 0.02182863439941753
591.1133360256208 10.58938744806087 -0.00892892450238156 0.021694562430111048
600.8037185834255 10.59996756690243 -0.009052277568721036 0.021574456761944565
610.4941011412302 10.610304156310624 -0.009007913155512314 0.0214438215046125
620.1844836990349 10.620406400407271 -0.008964108818793079 0.021314934489749908
629.8748662568396 10.630282931159682 -0.008920851452025215 0.021187758874045226
639.5652488146443 10.63994187166626 -0.008878128418404773 0.02106225887003456
649.255631372449 10.649390875637758 -0.008835927527936157 0.020938399708021572
658.9460139302537 10.658637163434609 -0.008794237015925998 0.020816147599650132
668.6363964880584 10.667687554982088 -0.008753045522790165 0.020695469703045456
678.3267790458631 10.676548499851402 -0.00871234207507679 0.020576334089444755
688.0171616036678 10.685226104765771 -0.008672116067616576 0.02045870971124298
697.7075441614725 10.69372615876509 -0.008632357246719293 0.02034256637138341
707.3979267192772 10.702054156240077 -0.008593055694342147 0.020227874694026867
717.0883092770819 10.710215318027016 -0.008554201813161912 0.02011460609643729
726.7786918348866 10.718214610736089 -0.008515786312488373 0.020002732762024418
736.4690743926913 10.726056764470469 -0.008477800194961617 0.0198922276144883
746.159456950496 10.733746289078706 -0.008440234743980302 0.019783064293012728
755.8498395081842 10.741287489070038 -0.00840308151181277 0.019675217128459307
765.5402220659889 10.748684477310897 -0.008366332308343431 0.019568661120507445
775.2306046237936 10.755941187608455 -0.008329979190419693 0.01946337191571513
784.9209871815983 10.763061386280441 -0.00829401445175231 0.019359325786432412
794.611369739403 10.77004868279861 -0.00825843061334046 0.01925649961054739
804.3017522972077 10.77690653958702 -0.008223220414386148 0.019154870852018967
813.9921348550124 10.78363828104854 -0.008188376803668043 0.019054417542161983
823.6825174128171 10.790247101886358 -0.008153892931346645 0.018955118261650746
833.3728999706218 10.796736074781432 -0.008119762141174672 0.01885695212320883
843.0632825284265 10.80310815748122 -0.00808597796308839 0.018759898754954648
852.7536650862312 10.809366199350183 -0.008052534106157406 0.01866393828437369
862.4440476440359 10.81551294742796 -0.00828402595281528 0.01859905073476309
872.1344302018406 10.821551052037174 -0.008418791768839355 0.018520119823721114
881.8248127596453 10.827483071978838 -0.008380490716956474 0.018426716898560357
891.51519531745 10.833311479350272 -0.008342662336578866 0.018334348250606543
901.2055778752547 10.839038664017066 -0.008321723987499521 0.018243428001255342
910.8959604330594 10.844666937767999 -0.008284583217268337 0.018153067776868485
920.5863429908641 10.85019853817924 -0.0082478875355689 0.01806368861359747
930.2767255486688 10.855635632211781 -0.008211626374776385 0.017975273572163015
939.967108106357 10.860980319563941 -0.00817578957131385 0.017887806120074123
949.6574906641617 10.866234635799318 -0.008151383314884457 0.01780151754213012
959.3478732219664 10.871400555267327 -0.008116217250068438 0.017715893888571473
969.0382557797711 10.876479993834435 -0.008099601488283667 0.017631622357264724
978.7286383375758 10.88147481144008 -0.008064980398568577 0.017547778337099015
988.4190208953805 10.886386814491685 -0.008030748468942838 0.017464805162509103
998.1094034531852 10.89121775811127 -0.007996897153787713 0.01738268848090298
