-1007.7997860109899 11.198151772643303 -0.013233620643996892 0.002560203612869096
-998.1094034531852 11.197940421257936 -0.013186227441269679 0.002549165601704901
-988.4190208953805 11.197741552196016 -0.013139232683030999 0.0025382227083997726
-978.7286383376922 11.197555001674665 -0.013092630390870842 0.0025273737032078573
-969.0382557798875 11.19738060194154 -0.013046414735635387 0.0025166173776118234
-959.3478732220829 11.197218181711673 -0.01300058003144613 0.002505952543864119
-949.6574906642782 11.197067566580337 -0.01295512073006553 0.0024953780345389476
-939.9671081064735 11.196928579412994 -0.012910031415590441 0.002484892702096504
-930.2767255486688 11.196801040713229 -0.012865306799445484 0.002474495418458368
-920.5863429908641 11.196684768969671 -0.012820941715654548 0.0024641850745938396
-910.8959604330594 11.196579580982759 -0.012776931116370129 0.002453960580116854
-901.2055778752547 11.1964852921723 -0.012733270067641826 0.0024438208628931907
-891.51519531745 11.196401716866639 -0.012689953745407342 0.002433764868657668
-881.8248127596453 11.19632866857429 -0.012646977431690127 0.002423791560640989
-872.1344302018406 11.196265960238843 -0.012604336510989887 0.002413899919205993
-862.4440476440359 11.196213404477913 -0.01256202646685267 0.0024040889414930276
-852.7536650862312 11.196170813806882 -0.012520042878608806 0.0023943576410741362
-843.0632825284265 11.19613800084817 -0.012478381418267615 0.00238470504761586
-833.3728999706218 11.196114778526733 -0.01243703784755885 0.00237513020655036
-823.6825174128171 11.196100960252416 -0.012396008015111626 0.0023656321787546286
-813.9921348550124 11.196096360089886 -0.012355287853762298 0.0023562100402375785
-804.3017522972077 11.196100792916685 -0.012314873377983197 0.002346862881834738
-794.6113697395194 11.196114074570039 -0.012274760681425663 0.0023375898089105004
-784.9209871817147 11.196136021982989 -0.012234945934567592 0.002328389941067009
-775.23060462391 11.196166453310369 -0.012195425382466343 0.0023192624118611458
-765.5402220661053 11.196205188045191 -0.012156195342601882 0.002310206368527218
-755.8498395083006 11.196252047125903 -0.012117252202811662 0.0023012209717068206
-746.159456950496 11.196306853035008 -0.012078592419309543 0.0022923053951850003
-736.4690743926913 11.196369429889524 -0.012040212514784553 0.0022834588256326655
-726.7786918348866 11.196439603523695 -0.012002109076575066 0.002274680462355078
-717.0883092770819 11.196517201564385 -0.011964278754914444 0.0022659695170462466
-707.3979267192772 11.19660205349956 -0.011926718261244328 0.002257325213549069
-697.7075441614725 11.196693990740222 -0.011889424366592119 0.0022487467876210433
-688.0171616036678 11.19679284667618 -0.011852393900009231 0.0022402334867054367
-678.3267790458631 11.196898456725993 -0.01181562374706722 0.002231784569707719
-668.6363964880584 11.197010658381423 -0.011779110848408695 0.0022233993067771523
-658.9460139302537 11.1971292912467 -0.011742852198350527 0.0022150769790933787
-649.255631372449 11.197254197072924 -0.011706844843536688 0.0022068168786578838
-639.5652488146443 11.197385219787863 -0.011671085881638338 0.0021986183080901895
-629.8748662568396 11.19752220552144 -0.011635572460099036 0.002190480580428678
-620.1844836990349 11.197665002627161 -0.01160030177492286 0.0021824030189358874
-610.4941011413466 11.197813461699734 -0.011565271069503943 0.0021743849569082945
-600.8037185835419 11.197967435589105 -0.011530477633493056 0.002166425737489865
-591.1133360257372 11.198126779411135 -0.011495918801705717 0.002158524713490707
-581.4229534679325 11.198291350555149 -0.011461591953061854 0.002150681247208826
-571.7325709101278 11.198461008688538 -0.011427494509561716 0.002142894710256258
-562.0421883523231 11.198635615758603 -0.011393623935294032 0.0021351644833889714
-552.3518057945184 11.19881503599184 -0.011359977735475498 0.0021274899563404814
-542.6614232367137 11.198999135890832 -0.011326553455520227 0.002119870527659111
-532.971040678909 11.199187784228886 -0.011296338463390704 0.0021125025904655606
-523.2806581211044 11.19938085204262 -0.011263310100046314 0.0021049889042249297
-513.5902755632997 11.199578212622603 -0.01123049761916388 0.002097528635489744
-503.89989300549496 11.199779741502196 -0.011197898674686742 0.0020901212136371417
-494.20951044769026 11.199985316444751 -0.011196680027855805 0.00208374269800221
-484.51912788988557 11.20019481742925 -0.011164079337711044 0.002076426070282661
-474.82874533208087 11.20040812663455 -0.011131696642262132 0.002069160979334856
-465.1383627742762 11.200625128422294 -0.011099529297328884 0.0020619468724842136
-455.4479802164715 11.200845709318648 -0.011067574716658429 0.0020547832053978273
-445.7575976586668 11.201069757994912 -0.01104928306101852 0.0020480637929783368
-436.0672151008621 11.20129716524714 -0.011017562878683801 0.0020409940230748883
-426.3768325431738 11.201527823974834 -0.01098605297081745 0.0020339732530879704
-416.6864499853691 11.201761629158803 -0.010965053132704232 0.0020273631380037516
-406.9960674275644 11.201998477838272 -0.01093874101227972 0.0020205615773862943
-397.3056848697597 11.202238269087298 -0.010907644687550847 0.0020136782313922357
-387.615302311955 11.202480903990594 -0.01087675402411716 0.0020068420289615844
-377.9249197541503 11.202726285618805 -0.010846066458891376 0.002000052474967878
-368.2345371963456 11.202974319003285 -0.010815579489075028 0.00199330908175634
-358.54415463854093 11.20322491111048 -0.010785290669633673 0.001986611368971521
-348.85377208073623 11.203477970815928 -0.010755197610928578 0.001979958863391723
-339.16338952293154 11.20373340887795 -0.010744668085755766 0.001973750507552489
-329.47300696512684 11.203991137911071 -0.010714696636513157 0.0019671816023962892
-319.78262440732215 11.204251072359243 -0.01068655560197196 0.001960694652434291
-310.09224184951745 11.204513128468863 -0.010656951498482966 0.001954212730283421
-300.40185929171275 11.204777224261674 -0.010627539053319477 0.0019477738985620155
-290.71147673390806 11.205043279507581 -0.010598315892537171 0.0019413777179864403
-281.02109417610336 11.205311215697382 -0.010569279698460513 0.0019350237556967449
-271.33071161829866 11.205580956015485 -0.010540428207327222 0.0019287115851141302
-261.64032906049397 11.205852425312639 -0.010511759207076412 0.0019224407858037555
-251.94994650268927 11.206125550078676 -0.010483270535269379 0.0019162109433425328
-242.259563945001 11.206400258415336 -0.01045496007713344 0.001910021649191716
-232.5691813871963 11.20667648000918 -0.010426825763717498 0.0019038725005735581
-222.8787988293916 11.206954146104584 -0.010398865570156197 0.0018977631003529003
-213.1884162715869 11.207233189476899 -0.01037107751402821 0.0018916930569219687
-203.4980337137822 11.207513544405753 -0.010343459653806763 0.0018856619840893
-193.8076511559775 11.207795146648518 -0.010316010087393995 0.0018796695009721366
-184.1172685981728 11.208077933413986 -0.010885246204449146 0.0018737152318921953
-174.42688604036812 11.20836184333622 -0.010850055226803431 0.0018677988062746223
-164.73650348256342 11.208646816448672 -0.010815242624527507 0.0018619198585500003
-155.04612092475872 11.208932794158486 -0.010868524325326784 0.0018560780280592413
-145.35573836695403 11.209219719221093 -0.010833241184047455 0.0018502729589612553
-135.66535580914933 11.209507535715037 -0.010802650853713071 0.0018445801961352523
-125.97497325134464 11.209796189017093 -0.010784394222153274 0.0018388465713503345
-116.28459069353994 11.210085625777639 -0.010792545088219176 0.0018331486960285535
-106.59420813573524 11.210375793896352 -0.010757881432580572 0.001827486231635626
-96.90382557793055 11.210666642498172 -0.010723583158729864 0.0018218588440877329
-87.21344302012585 11.210958121909574 -0.010689640853764263 0.00181626620366965
-77.52306046232115 11.21125018363518 -0.010656045512301409 0.0018107079849552035
-67.83267790451646 11.211542780334641 -0.01087974371301045 0.0018051838667299098
-58.14229534682818 11.211835865799875 -0.012401784892543795 0.0017996935319157831
-48.45191278902348 11.21212939493263 -0.012344667226164913 0.001794236667497824
-38.761530231218785 11.212423323722339 -0.01228851855317083 0.001788812964453088
-29.07114767341409 11.21271760922436 -0.012233305721125767 0.0017834221176809362
-19.380765115609393 11.213012209538503 -0.012178997211127897 0.0017780638259353753
-9.690382557804696 11.213307083787932 -0.01212556303605063 0.001772737791759044
0.0 2.181930142559592 -0.0916850643467524 0.07587917295214253
9.690382557804696 3.2565033388301963 -0.09054551771652025 0.0748612876995741
19.380765115609393 3.8842028521472622 -0.09103143810703913 0.0746471752248959
29.07114767341409 4.361227813044381 -0.08992934274716637 0.07367235621722469
38.761530231218785 4.753951063404308 -0.08885561442086179 0.07272302609190254
48.45191278902348 5.090690920875434 -0.08780915660471456 0.07179819493191898
58.14229534682818 5.386699005409995 -0.08678892873708424 0.07089692346189196
67.83267790463287 5.651324880192965 -0.08611231069732678 0.07006852189124683
77.52306046243757 5.890801025965703 -0.08513728663376685 0.06921105429685073
87.21344302024227 6.109534842507698 -0.08418578940203611 0.0683746200268317
96.90382557804696 6.310783332336922 -0.08325696488317369 0.06755845195119813
106.59420813585166 6.497036897589478 -0.08234999994413399 0.06676181982675151
116.28459069365636 6.670252348095829 -0.08148546802209569 0.06598449248125804
125.97497325146105 6.832001814729715 -0.08061964617295146 0.06522487199678216
135.66535580914933 6.983571961510729 -0.07977347464632764 0.06448279706958915
145.35573836695403 7.126032401810231 -0.07894628127605846 0.06375766456727971
155.04612092475872 7.260284267830941 -0.07819232702004454 0.06305295859989783
164.73650348256342 7.38709555747147 -0.07740044714591086 0.062359954249943006
174.42688604036812 7.5071274171112305 -0.0766257247807472 0.06168224250543636
184.1172685981728 7.620954055485356 -0.07586759887612991 0.06101932079316347
193.8076511559775 7.729078084399415 -0.07512553267853603 0.0603707083445056
203.4980337137822 7.831942512208893 -0.07439901242684853 0.05973594502530826
213.1884162715869 7.92994024518663 -0.07368754613280984 0.05911459024030856
222.8787988293916 8.0234217048185 -0.07299066243832375 0.058506221906637436
232.5691813871963 8.112701000897061 -0.07230790954401244 0.0579104354913678
242.259563945001 8.198060983619898 -0.07163885420389726 0.05732684310849503
251.9499465028057 8.279757415560512 -0.07098308078148806 0.056755072671110976
261.6403290606104 8.358022445349196 -0.07034019036294874 0.056194767094876044
271.3307116184151 8.43306752197098 -0.06970979992335065 0.05564558354920363
281.0210941762198 8.505085856954267 -0.06909154154234193 0.055107192752855784
290.7114767340245 8.57425451813128 -0.06848506166584813 0.05457927831090692
300.40185929182917 8.640736220858503 -0.06789002041068169 0.05406153609026891
310.09224184963387 8.704680869026825 -0.06730609090917816 0.05355367363118553
319.78262440732215 8.766226887758812 -0.06673295869120249 0.05305540959230875
329.47300696512684 8.825502381597559 -0.06617032110102182 0.05256647322710648
339.16338952293154 8.882626145636785 -0.06561788674686905 0.05208660388964348
348.85377208073623 8.937708552065725 -0.06507537498094945 0.05161555056771789
358.54415463854093 8.990852330600731 -0.06454251540803758 0.05115307144168639
368.2345371963456 9.04215382023915 -0.06401904742081035 0.050698933467310324
377.9249197541503 9.110777271657138 -0.06350471976023894 0.050252911981117025
387.615302311955 9.180247024022055 -0.06299159245143457 0.049814790326870154
397.3056848697597 9.246365170141509 -0.062494932246306804 0.04938435950184409
406.9960674275644 9.30935187686225 -0.062006707789211725 0.04896141782168767
416.6864499853691 9.369408662958186 -0.06152670138030685 0.04854577060274742
426.3768325431738 9.426720374582274 -0.061054702788919876 0.0481372298607984
436.0672151009785 9.481456904407281 -0.06059050893543462 0.04773561402520209
445.7575976587832 9.533774694379773 -0.060133923589304535 0.04734074766757758
455.4479802165879 9.583818054713122 -0.05968475708224866 0.046952461244133666
465.1383627743926 9.631720325975328 -0.05924282603574609 0.0465705908508657
474.8287453321973 9.677604906527254 -0.058807953102004956 0.04619497799087442
484.519127890002 9.721586163870716 -0.05837996671763392 0.045825469353111756
494.2095104478067 9.763770245474245 -0.05795870086929636 0.045461916601904434
503.89989300549496 9.804255802205576 -0.05754399487067661 0.045104176176651994
513.5902755632997 9.84313463550336 -0.05713569315009777 0.04475210910110478
523.2806581211044 9.880492277759869 -0.05673364504827333 0.04440558080175339
532.971040678909 9.916408514033686 -0.05633770462553953 0.044064460934744594
542.6614232367137 9.950957852051193 -0.05594773047812249 0.04372862322092032
552.3518057945184 9.984209946507436 -0.055563585562923304 0.04339794528851461
562.0421883523231 10.016229982865783 -0.05518513703036771 0.043072308523100865
571.7325709101278 10.047079025172755 -0.05481225606489106 0.04275159792440268
581.4229534679325 10.07681433182333 -0.05453009580449987 0.042439304416068184
591.1133360257372 10.105489642716291 -0.05416681284401153 0.042128065670630585
600.8037185835419 10.133155440814594 -0.053808765177610456 0.04182142976847718
610.4941011413466 10.159859190760686 -0.05345583741356879 0.04151929480597006
620.1844836991513 10.18564555688205 -0.053107917563791886 0.0412215618714254
629.874866256956 10.210556602649811 -0.052833788047468695 0.04093072247638872
639.5652488147607 10.234631973417038 -0.05249462565188109 0.04064147315618623
649.2556313725654 10.257909064057703 -0.05216017946047094 0.04035634695432191
658.9460139303701 10.280423172947822 -0.05183034890358264 0.04007525584477363
668.6363964881748 10.302207643573263 -0.051505036291783636 0.03979811429499452
678.3267790459795 10.323293994911161 -0.051184146712054776 0.03952483917813923
688.0171616036678 10.343712041610447 -0.05086758792853093 0.039255349688979584
697.7075441614725 10.363490004892189 -0.05055947258707305 0.03898964498319481
707.3979267192772 10.382654614991122 -0.05025125172363981 0.03872749216266997
717.0883092770819 10.401231205885004 -0.049947101618786544 0.03846889572295518
726.7786918348866 10.419243802976034 -0.04975391430292038 0.03821873263281892
736.4690743926913 10.436715204328117 -0.04945620679547965 0.037966966770673814
746.159456950496 10.453667056003683 -0.04916236818697691 0.03771854799956957
755.8498395083006 10.47011992199207 -0.04886742715957935 0.03747340961287882
765.5402220661053 10.48609334917491 -0.04858116192315665 0.037231486669761046
775.23060462391 10.50160592773257 -0.048298537448998646 0.036992715936997475
784.9209871817147 10.516675347358424 -0.048019482365847584 0.03675703583311634
794.6113697395194 10.531318449614389 -0.047743927193993 0.03652438637470369
804.3017522973241 10.545551276731194 -0.04747180428156127 0.03629470912480004
813.9921348551288 10.559389117129918 -0.04736487084283191 0.03607714284658502
823.6825174129335 10.572846547917 -0.047097225337083194 0.035853116128094546
833.3728999707382 10.58593747458306 -0.046832878050144244 0.0356318984261934
843.0632825285429 10.598675168116102 -0.046571765739837546 0.035413436880641413
852.7536650863476 10.611072299721744 -0.046313826830932804 0.03519767995463607
862.4440476441523 10.623140973326974 -0.04605900135772361 0.034984577393465034
872.134430201957 10.634892756029224 -0.04580723090914788 0.03477408018471062
881.8248127596453 10.646338706639153 -0.045556672800169236 0.0345661405199404
891.51519531745 10.657489402454319 -0.045310867225612235 0.03436071175780415
901.2055778752547 10.668354964387126 -0.045067949614971584 0.034157748388512835
910.8959604330594 10.678945080565184 -0.04482786729830003 0.033957205999590755
920.5863429908641 10.689269028508276 -0.04460395577629538 0.03375927897301926
930.2767255486688 10.69933569598076 -0.044369209373019164 0.03356344630311988
939.9671081064735 10.709153600609595 -0.0441371528364818 0.03336990772259225
949.6574906642782 10.718730908351436 -0.04390773830618574 0.03317862288649202
959.3478732220829 10.72807545088591 -0.043680919085138686 0.0329895523938057
969.0382557798875 10.737194742006277 -0.04345371004366199 0.03280265775991538
978.7286383376922 10.746095993073506 -0.04323198584550917 0.03261790139002644
988.4190208954969 10.754786127594787 -0.043012722413411975 0.0324352465535185
998.1094034533016 10.763271794983073 -0.042795877396042625 0.03225465735918251
