-668.6363964880584 11.307483656493442 0.0 0.0
-658.9460139302537 11.307483656493442 0.0 0.0
-649.255631372449 11.307483656493442 0.0 0.0
-639.5652488146443 11.307483656493442 0.0 0.0
-629.8748662568396 11.307483656493442 0.0 0.0
-620.1844836990349 11.307483656493442 0.0 0.0
-610.4941011412302 11.307483656493442 0.0 0.0
-600.8037185834255 11.307483656493442 0.0 0.0
-591.1133360256208 11.307483656493442 0.0 0.0
-581.4229534678161 11.307483656493442 0.0 0.0
-571.7325709101278 11.307483656493442 0.0 0.0
-562.0421883523231 11.307483656493442 0.0 0.0
-552.3518057945184 11.307483656493442 0.0 0.0
-542.6614232367137 11.307483656493442 0.0 0.0
-532.971040678909 11.307483656493442 0.0 0.0
-523.2806581211044 11.307483656493442 0.0 0.0
-513.5902755632997 11.307483656493442 0.0 0.0
-503.89989300549496 11.307483656493442 0.0 0.0
-494.20951044769026 11.307483656493442 0.0 0.0
-484.51912788988557 11.307483656493442 0.0 0.0
-474.82874533208087 11.307483656493442 0.0 0.0
-465.1383627742762 11.307483656493442 0.0 0.0
-455.4479802164715 11.307483656493442 0.0 0.0
-445.7575976586668 11.307483656493442 0.0 0.0
-436.0672151008621 11.307483656493442 0.0 0.0
-426.3768325430574 11.307483656493442 0.0 0.0
-416.6864499852527 11.307483656493442 0.0 0.0
-406.996067427448 11.307483656493442 -8.047095201303466e-05 0.0
-397.3056848696433 11.307483656493442 -7.938218305813744e-05 0.0
-387.615302311955 11.307483656493442 -7.832248281077355e-05 0.0
-377.9249197541503 11.307483656493442 -7.729070246204022e-05 0.0
-368.2345371963456 11.307483656493442 -7.628575295126436e-05 0.0
-358.54415463854093 11.307483656493442 -7.530660113151635e-05 0.0
-348.85377208073623 11.307483656493442 -7.435226622674303e-05 0.0
-339.16338952293154 11.307483656493442 -7.342181655490299e-05 0.0
-329.47300696512684 11.307483656493442 -7.251436649410232e-05 0.0
-319.78262440732215 11.307483656493442 -7.162907367096428e-05 0.0
-310.09224184951745 11.307483656493442 -7.076513635247005e-05 0.0
-300.40185929171275 11.307483656493442 -6.992179102429593e-05 0.0
-290.71147673390806 11.307483656493442 -6.909831014027314e-05 0.0
-281.02109417610336 11.307483656493442 -6.829400002902597e-05 0.0
-271.33071161829866 11.307483656493442 -6.750819894512931e-05 0.0
-261.64032906049397 11.307483656493442 -6.674027525327792e-05 0.0
-251.94994650268927 11.307483656493442 -6.598962573499502e-05 0.0
-242.25956394488458 11.307483656493442 -6.525567400833983e-05 0.0
-232.56918138707988 11.307483656493442 -6.453786905191349e-05 0.0
-222.87879882927518 11.307483656493442 -6.38356838252196e-05 0.0
-213.1884162714705 11.307483656493442 -0.00025407541047155674 0.0
-203.4980337136658 11.307483656493442 -0.0002507920886265825 0.0
-193.8076511559775 11.307483656493442 -0.0002475933800911421 0.0
-184.1172685981728 11.307483656493442 -0.0006129900747272292 0.0
-174.42688604036812 11.307483656493442 -0.0006049185834877151 0.0
-164.73650348256342 11.307483656493442 -0.0005970580176459789 0.0
-155.04612092475872 11.307483656493442 -0.0005894001812879289 0.0
-145.35573836695403 11.307483656493442 -0.0005819372990982891 0.0
-135.66535580914933 11.307483656493442 -0.0005746619896514992 0.0
-125.97497325134464 11.307483656493442 -0.0008111124166216456 0.0
-116.28459069353994 11.307483656493442 -0.0008008891181664306 0.0
-106.59420813573524 11.307483656493442 -0.0007909217369175956 0.0
-96.90382557793055 11.307483656493442 -0.0007812007379915612 0.0
-87.21344302012585 11.307483656493442 -0.0007717170562019705 0.0
-77.52306046232115 11.307483656493442 -0.0007624620673929605 0.0
-67.83267790451646 11.307483656493442 -0.0017886163890895 0.0
-58.14229534671176 11.307483656493442 -0.0017656723955394526 0.0
-48.451912788907066 11.307483656493442 -0.002095851956985762 0.0
-38.76153023110237 11.307483656493442 -0.00206929550449729 0.0
-29.071147673297673 11.307483656493442 -0.005689410006208354 0.0015604591917726923
-19.380765115492977 11.307483656493442 -0.0088760011640817 0.0015393840983755898
-9.690382557804696 11.307483656493442 -0.00875917924374969 0.0015188706868415405
0.0 11.307483656493442 -0.008645400912638719 0.0014988967980003704
9.690382557804696 8.809297582669746 -0.045090744273537674 0.03173202779296483
19.380765115609393 8.997284039440757 -0.04448827485127576 0.031303897577404455
29.07114767341409 9.130269144585663 -0.04390170972916958 0.030887167652206945
38.761530231218785 9.23565995342613 -0.04333042678523353 0.030481388598077308
48.45191278902348 9.323778745887807 -0.04277383595073726 0.030086134314276626
58.14229534682818 9.399839039581755 -0.04223137717083955 0.02970100052546217
67.83267790463287 9.466904063013278 -0.04170251851905347 0.029325603401820884
77.52306046243757 9.526951896579579 -0.041186754452166865 0.028959578282592005
87.21344302024227 9.581345812686513 -0.04068360419355606 0.028602578494051574
96.90382557804696 9.63107133880826 -0.04019261023399996 0.028254274253902326
106.59420813585166 9.676867496936675 -0.03971333694014662 0.02791435165478804
116.28459069365636 9.719304760748535 -0.03924536926171586 0.027582511720344472
125.97497325146105 9.75883398150301 -0.03878831152935678 0.027258469527818407
135.66535580926575 9.795818482957937 -0.038341786335825884 0.026941953391841227
145.35573836707044 9.830555895921318 -0.037905433493822784 0.0266327041044408
155.04612092487514 9.86329347274326 -0.037478909064421986 0.02633047422682201
164.73650348267984 9.89423911119291 -0.03706188445058186 0.02603502742884779
174.42688604036812 9.92356946929495 -0.03665404555070405 0.02574613787251707
184.1172685981728 9.95143605628883 -0.036255091967622756 0.025463589636038057
193.8076511559775 9.977969883438938 -0.03586473626890257 0.025187176175460835
203.4980337137822 10.003285069516098 -0.03548270329451124 0.024916699820978227
213.1884162715869 10.027481674013554 -0.03512673357968334 0.02465197130536479
222.8787988293916 10.050647950757774 -0.03476032256386782 0.024392809322168363
232.5691813871963 10.072862160283504 -0.03440148266310397 0.02413904011148956
242.259563945001 10.094194041961407 -0.034049981457523734 0.023890497071360314
251.9499465028057 10.11470602066492 -0.03372944740446123 0.023647020392894104
261.6403290606104 10.13445420409877 -0.033391639837500105 0.023408456717528718
271.3307116184151 10.15348921341951 -0.033060537046607066 0.023174658814816243
281.0210941762198 10.171856879893115 -0.03273594123147573 0.0229454852793373
290.7114767340245 10.189598833001378 -0.03241766230206269 0.02272080024542838
300.40185929182917 10.206752999906683 -0.032150733951896014 0.022500473118512346
310.09224184963387 10.223354032012114 -0.03184392960491793 0.022284378321915804
319.78262440743856 10.239433671158618 -0.031542931178460645 0.02207239505814146
329.47300696524326 10.255021065531338 -0.03124757524227574 0.021864407083641825
339.16338952304795 10.270143043422397 -0.030957704449847048 0.021660302496211647
348.85377208085265 10.284824351484694 -0.030673167257548824 0.021459973534181817
358.54415463854093 10.299087862913764 -0.030393817659246314 0.0212633163866598
368.2345371963456 10.31295476004092 -0.030119514935335545 0.021070231014100296
377.9249197541503 10.328354822975099 -0.029850123415360568 0.020880620978589767
387.615302311955 10.347259907023732 -0.029585512253294293 0.02069439328319232
397.3056848697597 10.365466242433872 -0.029325555214746748 0.020511458219830248
406.9960674275644 10.383019761747521 -0.02907013047534931 0.020331729225162035
416.6864499853691 10.399962101473866 -0.0288191204296379 0.020155122743973523
426.3768325431738 10.4163311070321 -0.02857241150980177 0.019981558099629364
436.0672151009785 10.432161265820996 -0.028329894013708102 0.019810957371162556
445.7575976587832 10.447484080481285 -0.02809146194165233 0.019643245276608663
455.4479802165879 10.462328392099064 -0.027857012841321322 0.019478349062217574
465.1383627743926 10.476720661278137 -0.027626447660490924 0.019316198397200245
474.8287453321973 10.490685213568526 -0.02739967060701053 0.019156725273690518
484.519127890002 10.504244454590532 -0.027176589015657424 0.01899986391162289
494.2095104478067 10.51741905927306 -0.026957113221469993 0.018845550668246804
503.8998930056114 10.530228138882144 -0.026741156439194867 0.0186937239520158
513.5902755634161 10.542689388912825 -0.026528634648505696 0.01854432414060678
523.2806581212208 10.554819220425687 -0.026319466484673825 0.01839729350284009
532.9710406790255 10.56663287700619 -0.026113573134390403 0.018252576124285637
542.6614232367137 10.578144539192445 -0.025910878236461307 0.018110117836355112
552.3518057945184 10.589367417943 -0.025711307787096415 0.017969866148681398
562.0421883523231 10.600313838484743 -0.025514790049582018 0.017831770184633264
571.7325709101278 10.610995315694812 -0.025321255468055266 0.017695780619764782
581.4229534679325 10.62142262200561 -0.02513063658519869 0.017561849623068518
591.1133360257372 10.631605848690185 -0.024942867963634954 0.017429930800875463
600.8037185835419 10.641554461270482 -0.024757886110831233 0.01729997914326496
610.4941011413466 10.65127734969464 -0.02457562940733145 0.01717195097285471
620.1844836991513 10.660782873847268 -0.024396038038145624 0.017045803895848276
629.874866256956 10.670078904886655 -0.024219053927135248 0.016921496755225026
639.5652488147607 10.679172862842579 -0.024044620674243036 0.01679898958596374
649.2556313725654 10.68807175085677 -0.02387268349542416 0.016678243572197594
658.9460139303701 10.696782186403466 -0.02370318916514415 0.01655922100620414
668.6363964881748 10.705310429788822 -0.02353608596131638 0.016441885249138973
678.3267790459795 10.713662410194436 -0.02337132361255901 0.016326200693427485
688.0171616037842 10.721843749501069 -0.02320885324765835 0.01621213272673338
697.7075441615889 10.729859784103041 -0.02304862734713135 0.0160996476974275
707.3979267193936 10.737715584901458 -0.022890599696786345 0.015988712881484426
717.0883092771983 10.745415975644793 -0.022734725343186372 0.01587929645073866
726.778691835003 10.752965549767993 -0.022580960550924702 0.01577136744243544
736.4690743926913 10.760368685865899 -0.022429262761628842 0.015664895730016483
746.159456950496 10.767629561923874 -0.022279590554601318 0.015559851995074954
755.8498395083006 10.774752168414611 -0.022131903609047786 0.015456207700444067
765.5402220661053 10.7817403203625 -0.02198616266778352 0.015353935064341741
775.23060462391 10.788597668464353 -0.021842329502376894 0.015253007035541428
784.9209871817147 10.795327709348474 -0.02170036687965377 0.015153397269514665
794.6113697395194 10.801933795045978 -0.021560238529502753 0.015055080105502577
804.3017522973241 10.808419141741421 -0.02142190911392282 0.014958030544474313
813.9921348551288 10.814786837863632 -0.021285344197257586 0.014862224227932626
823.6825174129335 10.821039851572154 -0.021150510217563628 0.01476763741752896
833.3728999707382 10.827181037689693 -0.02101737445906255 0.01467424697545206
843.0632825285429 10.833213144126463 -0.020885905025629353 0.014582030345556217
852.7536650863476 10.839138817838263 -0.02075607081527178 0.014490965535196654
862.4440476441523 10.844960610356432 -0.020627841495557818 0.014401031097741507
872.134430201957 10.85068098292448 -0.02050118747995028 0.014312206115730983
881.8248127597617 10.8563023112732 -0.020376079905009843 0.0142244701846561
891.5151953175664 10.861826890063291 -0.02025249060842939 0.01413780339733051
901.2055778753711 10.867256937022045 -0.020130392107864627 0.014052186328830145
910.8959604331758 10.872594596798372 -0.02000975758052735 0.013967600021977005
920.5863429908641 10.877841944558334 -0.01989056084351105 0.013884025973345065
930.2767255486688 10.88300098934186 -0.019772776334809828 0.01380144611976069
939.9671081064735 10.888073677198415 -0.019656379095023095 0.013719842825291961
949.6574906642782 10.893061894119791 -0.019541344749690003 0.013639198868686997
959.3478732220829 10.89796746878491 -0.019427649492248664 0.013559497431257717
969.0382557798875 10.902792175131195 -0.01931527006758652 0.013480722085185004
978.7286383376922 10.907537734765658 -0.019204183756159468 0.01340285678222921
988.4190208954969 10.91220581922783 -0.019094368358656792 0.013325885842829701
998.1094034533016 10.916798052115501 -0.018985802181190305 0.013249793945577954
