-1007.7997860111063 9.76702282323632 -0.013331121806439266 0.01081383531388173
-998.1094034533016 9.763671980416559 -0.013217164500780434 0.01072286417411697
-988.4190208954969 9.760406578031336 -0.013105167623547957 0.010633411521949554
-978.7286383376922 9.757227181770071 -0.012995079967346636 0.010545439633988836
-969.0382557798875 9.754134192481155 -0.012886852145088928 0.010458912026775187
-959.3478732220829 9.751127855810273 -0.012780436506576344 0.010373793406221774
-949.6574906642782 9.748208271606707 -0.012675787059863563 0.010290049619511625
-939.9671081064735 9.745375403074897 -0.01257285939706878 0.010207647609311987
-930.2767255486688 9.742629085652792 -0.012471610624322574 0.010126555370176687
-920.5863429908641 9.73996903560236 -0.012371999295573054 0.010046741907015369
-910.8959604330594 9.737394858301084 -0.012273985349988277 0.009968177195516105
-901.2055778752547 9.734906056226261 -0.012177530052717727 0.009890832144414989
-891.51519531745 9.732502036626753 -0.012082595938793544 0.009814678559512832
-881.8248127596453 9.730182118879142 -0.011989146759969505 0.009739689109345296
-872.1344302018406 9.727945541527415 -0.01189714743431094 0.009665837292418338
-862.4440476440359 9.72579146900714 -0.0118065639983634 0.009593097405926475
-852.7536650862312 9.72371899805667 -0.011717363561740336 0.009521444515875856
-843.0632825285429 9.721727163819365 -0.011629514263983147 0.00945085442854016
-833.3728999707382 9.719814945641772 -0.011542985233550204 0.009381303663175217
-823.6825174129335 9.717981272574267 -0.01145774654882346 0.009312769425940452
-813.9921348551288 9.71622502858058 -0.011373769200993256 0.009245229584949123
-804.3017522973241 9.71454505746423 -0.011291025058727241 0.009178662646402663
-794.6113697395194 9.71294016751988 -0.01120948683451473 0.009113047731749818
-784.9209871817147 9.711409135918231 -0.011129128052591995 0.009048364555820388
-775.23060462391 9.709950712833413 -0.011049923018359645 0.008984593405885363
-765.5402220661053 9.708563625322034 -0.01097184678920888 0.008921715121597937
-755.8498395083006 9.707246580963217 -0.010894875146679054 0.00885971107577248
-746.159456950496 9.705998271268998 -0.010818984569873994 0.008798563155960903
-736.4690743926913 9.70481737487456 -0.01074415221006895 0.008738253746788027
-726.7786918348866 9.703702560517648 -0.01067035586644483 0.008678765713009708
-717.0883092770819 9.702652489816476 -0.010597573962889835 0.008620082383259566
-707.3979267192772 9.701665819855327 -0.010525785525812712 0.00856218753445161
-697.7075441614725 9.700741205586867 -0.010454970162915052 0.008505065376808356
-688.0171616036678 9.699877302059983 -0.010385108042873414 0.008448700539485174
-678.3267790458631 9.69907276648183 -0.010316179875884826 0.00839307805676339
-668.6363964880584 9.69832626012246 -0.010248166895032187 0.008338183354786081
-658.9460139303701 9.697636450070199 -0.010181050838429299 0.008284002238812397
-649.2556313725654 9.697002010845663 -0.01011481393210215 0.008230520880963172
-639.5652488147607 9.696421625882152 -0.010049438873582096 0.008177725808445247
-629.874866256956 9.695893988879654 -0.009984908816160555 0.00812560389222041
-620.1844836991513 9.695417805039671 -0.009921207353784961 0.008074142336108692
-610.4941011413466 9.694991792187666 -0.009858318506560637 0.008023328666303096
-600.8037185835419 9.694614681789668 -0.009796226706830526 0.007973150721278265
-591.1133360257372 9.694285219869325 -0.009734916785805564 0.007923596642076076
-581.4229534679325 9.694002167831444 -0.009674373960720005 0.007874654862951637
-571.7325709101278 9.6937643031977 -0.009614583822487264 0.007826314102364324
-562.0421883523231 9.693570420260055 -0.009555532323833328 0.007778563354299059
-552.3518057945184 9.693419330657076 -0.009497205767885918 0.007731391879903735
-542.6614232367137 9.69330986387814 -0.009439590797198706 0.007684789199429503
-532.971040678909 9.693240867700247 -0.009382674383191101 0.007638745084461149
-523.2806581211044 9.693211208561966 -0.00932644381598502 0.007593249550425471
-513.5902755632997 9.693219771878725 -0.009270886694621028 0.007548292849366098
-503.89989300549496 9.693265462303557 -0.009215990917637262 0.0075038654629737776
-494.20951044769026 9.693347203937085 -0.009161744673995196 0.007459958095861633
-484.51912788988557 9.693463940490387 -0.009108136434337284 0.007416561669075431
-474.8287453321973 9.693614635404186 -0.009055154942562836 0.007373667313829798
-465.1383627743926 9.693798271927594 -0.009002789207704667 0.007331266365458263
-455.4479802165879 9.694013853159444 -0.008951028496103292 0.007289350357576137
-445.7575976587832 9.694260402055153 -0.008899862323853525 0.007247911016437664
-436.0672151009785 9.694536961401784 -0.008849280449521475 0.00720694025548728
-426.3768325431738 9.69484259376388 -0.008799272867116948 0.007166430170094342
-416.6864499853691 9.695176381402497 -0.00874982979931136 0.007126373032464596
-406.9960674275644 9.695537426169683 -0.008700941690891048 0.007086761286721585
-397.3056848697597 9.695924849380523 -0.008652599202436407 0.007047587544151278
-387.615302311955 9.696337791664785 -0.008604793204217715 0.007008844578603783
-377.9249197541503 9.69677541279998 -0.010398357214061654 0.006970525322046013
-368.2345371963456 9.697236891527657 -0.0103039233955634 0.0069326228602595895
-358.54415463854093 9.69772142535452 -0.010212406879916456 0.006895130428678509
-348.85377208073623 9.698228230339929 -0.01012362151860619 0.006858041408361219
-339.16338952293154 9.698756540871248 -0.010037398436130062 0.006821349322092189
-329.47300696512684 9.699305609428313 -0.009953584019661314 0.0067850478306080205
-319.78262440732215 9.699874706338345 -0.009872038184761497 0.006749130728943557
-310.09224184951745 9.700463119522436 -0.009792632873847674 0.006713591942893545
-300.40185929171275 9.701070154234687 -0.00971525075171267 0.006678425525585563
-290.7114767340245 9.701695132795047 -0.009639784068524256 0.006643625654160687
-281.0210941762198 9.702337394316789 -0.009566133665691194 0.006609186626555315
-271.3307116184151 9.7029962944294 -0.009494208104052035 0.006575102858386865
-261.6403290606104 9.70367120499787 -0.009423922897124832 0.006541368879931268
-251.9499465028057 9.704361513838961 -0.009355199834913012 0.00650797933319517
-242.259563945001 9.705066624435272 -0.009287966385993078 0.006474928969077015
-232.5691813871963 9.705785955647647 -0.009222155167481417 0.006442212644614262
-222.8787988293916 9.706518941426589 -0.009157703474028372 0.006409825320313693
-213.1884162715869 9.707265030523185 -0.009094552858284071 0.006377762057561946
-203.4980337137822 9.708023686200061 -0.009032648756366857 0.00634601801611339
-193.8076511559775 9.708794385942806 -0.008971940152779044 0.0063145884516527685
-184.1172685981728 9.70957662117231 -0.008912379279985646 0.006283468713429926
-174.42688604036812 9.710369896958406 -0.008853921348524448 0.006252654241964188
-164.73650348256342 9.71117373173512 -0.008796524304069988 0.006222140566816036
-155.04612092475872 9.711987657017916 -0.008740148608345735 0.006191923304423751
-145.35573836695403 9.712811217123178 -0.008684757041181873 0.0061619981560028115
-135.66535580914933 9.713643968890203 -0.008630314521361059 0.0061323609055059895
-125.97497325134464 9.714485481405967 -0.008576787944190787 0.00610300741764205
-116.28459069353994 9.715335335732837 -0.008524146033995997 0.006073933635951147
-106.59420813585166 9.716193124639444 -0.008472359209946202 0.006045135580935337
-96.90382557804696 9.71705845233493 -0.00842139946381737 0.006016609348240329
-87.21344302024227 9.717930934206574 -0.008371240248466805 0.005988351106891974
-77.52306046243757 9.718810196561133 -0.008321856375920927 0.005960357097578809
-67.83267790463287 9.71969587636985 -0.008273223924122376 0.0059326236309842776
-58.14229534682818 9.720587621017318 -0.008225320151478747 0.005905147086165012
-48.45191278902348 9.721485088054239 -0.008220160237395758 0.005879413104146485
-38.761530231218785 9.722387944954185 -0.008172558782485382 0.005852401150579776
-29.07114767341409 9.723295868874391 -0.008125679324920471 0.005825637606619501
-19.380765115609393 9.724208546420654 -0.008079499034316215 0.005799118964677139
-9.690382557804696 9.725125673416358 -0.008033996320410403 0.005772841792021815
0.0 9.726046954675667 -0.00798915073479138 0.005746802727767313
9.690382557804696 1.51734831199005 -0.06416637413541174 0.0906478348204249
19.380765115609393 2.001229020592155 -0.06267794272898511 0.0884397148487623
29.07114767341409 2.353375224076525 -0.06126251491705148 0.08634119184128122
38.761530231218785 2.641237821438187 -0.05991476490912228 0.08434424287029478
48.45191278902348 2.888849693276847 -0.05862987438982174 0.08244161046882408
58.14229534682818 3.1081198308498443 -0.057403473426914736 0.08062671344571229
67.83267790463287 3.3059943108784484 -0.05623158945100095 0.07889356988660255
77.52306046243757 3.486950435699473 -0.055110603049029074 0.07723673044148344
87.21344302012585 3.65407784975418 -0.05433749206070669 0.07569467219134064
96.90382557793055 3.809617249176899 -0.058136488559366525 0.07635910075114266
106.59420813573524 3.955256429134973 -0.05701787057282777 0.07484575701997301
116.28459069353994 4.092305304141281 -0.055945089734677676 0.07339405792582349
125.97497325134464 4.221805423381981 -0.054915321932409666 0.07200026990301774
135.66535580914933 4.344601687984876 -0.05421464573520227 0.07069022319629831
145.35573836695403 4.461391102458757 -0.05325585014336059 0.06940145652178603
155.04612092475872 4.572756965376245 -0.05233326053884117 0.0681611062526941
164.73650348256342 4.679193492218245 -0.05162157724704927 0.06696646192237743
174.42688604036812 4.781123956653168 -0.050760875836822324 0.06581501247483404
184.1172685981728 4.8789143239665185 -0.04993086987694277 0.06470442821385718
193.8076511559775 4.972883676577886 -0.04912990539874474 0.06363254468243745
203.4980337137822 5.063312310151463 -0.048356446381478985 0.06259734823524953
213.1884162715869 5.150448107647054 -0.04760906434814725 0.06159696309987287
222.8787988293916 5.2345116197660015 -0.04688642905084884 0.06062963975017647
232.5691813871963 5.315700159564374 -0.046187300113904026 0.0596937444388868
242.259563945001 5.39419113594721 -0.045510519521043645 0.0587877497564533
251.9499465028057 5.470144792552861 -0.04485500484823247 0.057910226100490424
261.6403290606104 5.543706477074789 -0.044219743156682915 0.05705983395478119
271.33071161829866 5.615008536089154 -0.04360378547170225 0.056235316889466876
281.02109417610336 5.684171908488783 -0.043022940428830966 0.055436229077385275
290.71147673390806 5.7513074742972385 -0.04244255101221948 0.05465997538331002
300.40185929171275 5.816517203420612 -0.041878975743893966 0.05390626617785482
310.09224184951745 5.879895139570928 -0.041331474378693674 0.05317411921076466
319.78262440732215 5.941528247489692 -0.04079934995193256 0.052462608733738016
329.47300696512684 6.001497146083199 -0.04028194564234222 0.051770861487505745
339.16338952293154 6.059876745782252 -0.03977864190543686 0.05109805302657815
348.85377208073623 6.1167368050566 -0.039288853850334246 0.050443404348929514
358.54415463854093 6.172142418333841 -0.03881202883611692 0.049806178801469606
368.2345371963456 6.2261544454330116 -0.038347644266482094 0.04918567923529819
377.9249197541503 6.278829890903898 -0.03789520556376123 0.04858124538750683
387.615302311955 6.330222240273126 -0.03745424430543668 0.047992251468732205
397.3056848697597 6.380381759067449 -0.03705572937162483 0.04741915739662095
406.9960674275644 6.429355759559918 -0.036635605742537686 0.046859265803094824
416.6864499853691 6.477188839424214 -0.036225735258962395 0.046313123554856894
426.3768325431738 6.523923095853908 -0.035825735262650225 0.045780222033677105
436.0672151009785 6.6085652735635785 -0.03543524217901011 0.04526007753845056
445.7575976587832 6.699301509720117 -0.035053910328351645 0.044752229774422315
455.4479802164715 6.785969907347251 -0.035310720350492125 0.04425624045117709
465.1383627742762 6.868845098931967 -0.034930697041441264 0.0437716919803195
474.82874533208087 6.948175418179494 -0.03455969233734351 0.043298186264744645
484.51912788988557 7.024186262399301 -0.03419736387522008 0.04283534357195224
494.20951044769026 7.097082914617886 -0.03384338793188922 0.04238280148474795
503.89989300549496 7.167052929109806 -0.0334974580305222 0.041940213923162134
513.5902755632997 7.234268161144431 -0.03367928805951308 0.04150725023200923
523.2806581211044 7.2988865045181415 -0.03333528376485988 0.04108359432899917
532.971040678909 7.361053387333488 -0.03299916194834206 0.04066894390875971
542.6614232367137 7.420903066414834 -0.032670625178771236 0.04026300969853052
552.3518057945184 7.478559752939309 -0.034483939792247516 0.03986551476165364
562.0421883523231 7.53413859575271 -0.03411468367405411 0.03947619384531447
571.7325709101278 7.587746544022666 -0.03375498447158047 0.03909479276928446
581.4229534679325 7.639483107054286 -0.03340440024111575 0.038721067852687356
591.1133360257372 7.6894410260310515 -0.033062520719383606 0.03835478537605541
600.8037185835419 7.737706869976868 -0.03272896418221196 0.03799572107616422
610.4941011413466 7.784361566235313 -0.032403374696505276 0.03764365967133809
620.1844836991513 7.829480874131277 -0.0320854197071054 0.03729839441510083
629.874866256956 7.873135809142466 -0.03177478791002195 0.036959726676215277
639.5652488146443 7.915393023804854 -0.03147118737154643 0.03662746554331192
649.255631372449 7.956315150665397 -0.031174343859289265 0.0363014274524182
658.9460139302537 7.995961111823405 -0.030883999356623407 0.03598143583591202
668.6363964880584 8.034386398982683 -0.030599910736311922 0.03566732079139944
678.3267790458631 8.071643327383265 -0.03042037564358956 0.035363693639832224
688.0171616036678 8.107781266540586 -0.030145580904876568 0.03506072394474546
697.7075441614725 8.142846850333424 -0.029876518610621416 0.03476316426535306
707.3979267192772 8.176884168656843 -0.02961298504106167 0.03447086794822759
717.0883092770819 8.209934942578357 -0.029354787403227996 0.034183693650112014
726.7786918348866 8.242038684697395 -0.029101743014551474 0.03390150509706859
736.4690743926913 8.273232846203381 -0.02885367856569786 0.03362417085689589
746.159456950496 8.30355295195124 -0.028610429453205515 0.03335156412392906
755.8498395083006 8.333032724720377 -0.02837183917381904 0.03308356251541195
765.5402220661053 8.361704199690752 -0.028137758773518824 0.032820047878694504
775.23060462391 8.389597830054292 -0.02790804634517986 0.032560906108568696
784.9209871817147 8.416742584579428 -0.02768256656958623 0.032306026974107845
794.6113697395194 8.44316603785845 -0.027461190295200416 0.0320553039544228
804.3017522973241 8.468894453890314 -0.02724379415266294 0.03180863408279125
813.9921348551288 8.493952863583639 -0.027030260200490402 0.031565917798656036
823.6825174129335 8.518365136704944 -0.02682047559886415 0.03132705880702413
833.3728999706218 8.54215404874404 -0.02661433230876981 0.031091963944833507
843.0632825284265 8.565341343123798 -0.026411726814047375 0.030860543053865673
852.7536650862312 8.587947789134121 -0.0262125598642376 0.03063270885986821
862.4440476440359 8.609993235943104 -0.02601673623626301 0.030408376857478353
872.1344302018406 8.631496662995522 -0.02582416451327678 0.03018746520066087
881.8248127596453 8.65247622708565 -0.025634756879143416 0.02996989459833574
891.51519531745 8.672949306363167 -0.025448428927191978 0.029755588214910717
901.2055778752547 8.692932541507835 -0.025265099482020915 0.029544471575449514
910.8959604330594 8.71244187428763 -0.02508469043325776 0.029336472475223516
920.5863429908641 8.731492583696172 -0.024907126580285894 0.029131520893410374
930.2767255486688 8.750099319848234 -0.024732335487047646 0.02892954891071803
939.9671081064735 8.768276135796992 -0.024673371751406933 0.02873764252695244
949.6574906642782 8.786036517422685 -0.02458906157296805 0.02854609791565904
959.3478732220829 8.803393411530005 -0.024417122688126954 0.028352375876587982
969.0382557798875 8.820359252280214 -0.02424794345301169 0.028161396228163642
978.7286383376922 8.836945986073738 -0.02409726148069972 0.02797345123563239
988.4190208954969 8.853165094989693 -0.02393296186676002 0.027787770254085565
998.1094034533016 8.869027618880413 -0.02377121700720802 0.027604658551340536
