-1007.7997860109899 11.192316958168576 -0.01525702312788026 0.009146701290963493
-998.1094034531852 11.190480034033694 -0.015159233619585731 0.00908744545570268
-988.4190208953805 11.188703744853756 -0.015062693894872085 0.009028952554650577
-978.7286383375758 11.186988078132421 -0.014967380054305727 0.008971207945372617
-969.0382557797711 11.1853328975985 -0.014873268806736843 0.008914197357805942
-959.3478732219664 11.183737952671253 -0.014780337449963491 0.008857906882495065
-949.6574906641617 11.182202887558562 -0.014688563852133463 0.008802322959270782
-939.967108106357 11.180727249975215 -0.014597926433851107 0.008747432366353045
-930.2767255486688 11.179310499473186 -0.014508404150958876 0.008693222209859923
-920.5863429908641 11.177952015379637 -0.014419976477957569 0.00863967991370137
-910.8959604330594 11.176651104342124 -0.01433262339205328 0.008586793209850872
-901.2055778752547 11.175407007482839 -0.014246325357782684 0.008534550128966034
-891.51519531745 11.17421890716673 -0.014161063312207551 0.008482938991352997
-881.8248127596453 11.173085933390103 -0.014076818650647796 0.008431948398256275
-872.1344302018406 11.172007169798036 -0.013993573212931203 0.008381567223461065
-862.4440476440359 11.170981659340407 -0.013911309270137957 0.008331784605195108
-852.7536650862312 11.170008409577314 -0.013830009511819223 0.008282589938317514
-843.0632825284265 11.16908639764562 -0.01374965703367 0.008233972866782995
-833.3728999706218 11.16821457489894 -0.013670235325637336 0.008185923276370053
-823.6825174128171 11.167391871233825 -0.013591728260446068 0.008138431287662486
-813.9921348550124 11.16661719911522 -0.013514120082524885 0.008091487249273947
-804.3017522972077 11.16588945731444 -0.013437395397316473 0.008045081731305805
-794.611369739403 11.16520753437284 -0.013361539160956181 0.007999205519029
-784.9209871815983 11.164570311804445 -0.013286536670304418 0.007953849606780947
-775.2306046237936 11.163976667050514 -0.013212373553318592 0.007909005192069028
-765.5402220659889 11.16342547619887 -0.013139035759751129 0.007864663669872594
-755.8498395081842 11.162915616480545 -0.013066509552160726 0.007820816627135635
-746.159456950496 11.162445968555945 -0.012994781497225319 0.00777745583744331
-736.4690743926913 11.16201541860239 -0.01292383845733993 0.0077345732558721245
-726.7786918348866 11.16162286021457 -0.012853667582501083 0.007692161014014737
-717.0883092770819 11.161267196128884 -0.012784256302449776 0.0076502114151625715
-707.3979267192772 11.160947339782414 -0.012715592319075729 0.007608716929647839
-697.7075441614725 11.160662216716723 -0.012647663599067974 0.007567670190335876
-688.0171616036678 11.160410765836273 -0.01258045836680319 0.007527063988262736
-678.3267790458631 11.160191940530845 -0.012513965097462875 0.007486891268412499
-668.6363964880584 11.160004709670876 -0.012448172510370776 0.007447145125629195
-658.9460139302537 11.159848058484242 -0.012383069562542297 0.007407818800658304
-649.255631372449 11.159720989322565 -0.012318645442438138 0.0073689056763131
-639.5652488146443 11.159622522324746 -0.012254889563914493 0.0073303992737612424
-629.8748662568396 11.159551695984987 -0.012191791560362738 0.0072922932489272565
-620.1844836990349 11.159507567632229 -0.012129341279031588 0.007254581389006685
-610.4941011412302 11.159489213827507 -0.01206752877552514 0.007217257609087923
-600.8037185834255 11.159495730685412 -0.012006344308470474 0.00718031594887782
-591.1133360256208 11.159526234125464 -0.011945778334348707 0.007143750569527417
-581.4229534678161 11.15957986005888 -0.011885821502483618 0.007107555750554178
-571.7325709100114 11.159655764515907 -0.011826464650182377 0.007071725886857415
-562.0421883523231 11.159753123718584 -0.011767698798023508 0.007036255485823947
-552.3518057945184 11.159871134103481 -0.011709515145282939 0.007001139164518405
-542.6614232367137 11.16000901229872 -0.01165190506550354 0.006966371646961458
-532.971040678909 11.160165995059296 -0.011594860102189462 0.0069319477614846175
-523.2806581211044 11.160341339164443 -0.011538371964631216 0.006897862438165173
-513.5902755632997 11.160534321280615 -0.01148243252385285 0.006864110706336084
-503.89989300549496 11.160744237793343 -0.011427033808677867 0.006830687692168631
-494.20951044769026 11.160970404611064 -0.011372168001909617 0.006797588616325386
-484.51912788988557 11.161212156943806 -0.011317827436622463 0.006764808791681125
-474.82874533208087 11.16146884905941 -0.011264004592559914 0.006732343621109385
-465.1383627742762 11.161739854019777 -0.01153733511890503 0.006700188595332489
-455.4479802164715 11.162024563399479 -0.011480072069921556 0.006668339290832913
-445.7575976586668 11.162322386988905 -0.011423424841171719 0.006636791367823962
-436.0672151008621 11.16263275248392 -0.011367381694300642 0.006605540568277806
-426.3768325430574 11.16295510516394 -0.011311931271062881 0.006574582714008986
-416.6864499852527 11.163288907560107 -0.011257062574131872 0.0065439137048116
-406.996067427448 11.163633639115197 -0.011202764949231482 0.006513529516648365
-397.3056848696433 11.163988795836717 -0.011149028068477783 0.006483426199889974
-387.6153023118386 11.164353889944543 -0.01109584191483004 0.006453599877603011
-377.9249197541503 11.16472844951438 -0.011043196767560378 0.006424046743885318
-368.2345371963456 11.16511201811818 -0.01099108318865586 0.006394763062245138
-358.54415463854093 11.165504154462546 -0.01093949201008772 0.0063657451640279075
-348.85377208073623 11.165904432026165 -0.01088841432186734 0.006336989446882206
-339.16338952293154 11.166312438697082 -0.01083784146083695 0.006308492373268877
-329.47300696512684 11.166727776410662 -0.010787765000135247 0.00628025046900983
-319.78262440732215 11.167150060788977 -0.01073817673928764 0.006252260321875693
-310.09224184951745 11.167578920782253 -0.010689068694874612 0.00622451858021105
-300.40185929171275 11.168013998313027 -0.01064043309173591 0.006197021951596162
-290.71147673390806 11.168454947923529 -0.01059226235467167 0.006169767201543988
-281.02109417610336 11.168901436426768 -0.010544549100605123 0.0061427511522314645
-271.33071161829866 11.169353142561802 -0.010497286131174437 0.006115970681263981
-261.64032906049397 11.169809756653539 -0.010450466425723772 0.0060894227204720455
-251.94994650268927 11.170270980277436 -0.010404083134666422 0.006063104254739156
-242.25956394488458 11.170736525929401 -0.010358129573194753 0.006037012320859971
-232.56918138707988 11.171206116701141 -0.010312599215313937 0.0060111440064278265
-222.87879882927518 11.171679485961223 -0.010267485688178176 0.005985496448750739
-213.1884162714705 11.172156377042004 -0.010222782766709758 0.0059600668337950625
-203.4980337136658 11.172636542932628 -0.010178484368482945 0.005934852395155967
-193.8076511559775 11.173119745978202 -0.010134584548856379 0.005909850413054236
-184.1172685981728 11.1736057575853 -0.010091077496335522 0.005885058213356846
-174.42688604036812 11.17409435793381 -0.010047957528158617 0.005860473166625062
-164.73650348256342 11.17458533569529 -0.010005219086082432 0.005836092687183355
-155.04612092475872 11.17507848775779 -0.00996285673236345 0.005811914232212929
-145.35573836695403 11.17557361895721 -0.009920865145919841 0.005787935300867409
-135.66535580914933 11.176070541815209 -0.009916124012359013 0.005765576681754166
-125.97497325134464 11.176569076283615 -0.0098743549312887 0.00574197003000396
-116.28459069353994 11.177069049495387 -0.009832954880125729 0.005718556165952227
-106.59420813573524 11.177570295522013 -0.009791918428693197 0.00569533272736506
-96.90382557793055 11.17807265513738 -0.009751240275020072 0.0056722973909686105
-87.21344302012585 11.17857597558799 -0.00971091524055773 0.005649447871615836
-77.52306046232115 11.17908011036953 -0.01433750321856055 0.005626781921476999
-67.83267790451646 11.179584919009642 -0.014234500688050735 0.005604297329252974
-58.14229534671176 11.180090266856894 -0.014133534384642153 0.00558199191941043
-48.451912788907066 11.180596024875808 -0.014034532238732876 0.005559863551437944
-38.76153023110237 11.181102069447872 -0.013937425798439488 0.005537910119122347
-29.071147673297673 11.181608282178454 -0.01384214999979349 0.005516129549844431
-19.380765115492977 11.182114549709482 -0.013748642954376323 0.005494519803893356
-9.690382557688281 11.182620763537823 -0.013656845752864279 0.0054730788737990385
0.0 11.183126819839208 -0.014065827481298126 0.005561176973054511
9.690382557804696 1.717844696159414 -0.043792330277005874 0.028725042044060758
19.380765115609393 2.6755808368676295 -0.043293711458684485 0.028387716727025905
29.07114767341409 3.332049875155165 -0.04280762206939568 0.028059031349810318
38.761530231218785 3.8514557546640216 -0.04233357822080385 0.027738647718397368
48.45191278902348 4.286774813859314 -0.042233281398613653 0.027474217989889353
58.14229534682818 4.663413208574321 -0.04177703685361225 0.027168838364918558
67.83267790463287 4.995986086457245 -0.04133166216719773 0.02687086457574372
77.52306046243757 5.293861239525682 -0.040997326557257185 0.02658002161913802
87.21344302024227 5.563493447746452 -0.04057115715163729 0.02629604807680293
96.90382557804696 5.809567205223051 -0.04015475513836468 0.02601869528422901
106.59420813585166 6.0356176282896215 -0.03974777547348738 0.025747726559894643
116.28459069365636 6.244394879016006 -0.03934988938773227 0.025482916489751786
125.97497325146105 6.438091182478965 -0.03896078343364221 0.02522405026242562
135.66535580926575 6.6184891291436845 -0.03858015859902125 0.024970923050982283
145.35573836707044 6.787062392300111 -0.038207729481360087 0.02472333943750158
155.04612092487514 6.945046378826833 -0.03784322351839808 0.024481112877035364
164.73650348267984 7.0934891654563055 -0.037486380270413504 0.024244065197840795
174.42688604048453 7.233289094701697 -0.03713695075022491 0.02401202613505564
184.1172685981728 7.3652230953663995 -0.036794696797243724 0.023784832895235104
193.8076511559775 7.489968399737988 -0.036474683555148144 0.023563078168899007
203.4980337137822 7.608119461099892 -0.03614590028929485 0.023345105971757246
213.1884162715869 7.720201317813069 -0.03582364289751839 0.02313153237482708
222.8787988293916 7.826680283051896 -0.0355077108190878 0.02292222064387109
232.5691813871963 7.927972591954468 -0.035197911754457176 0.02271703972639396
242.259563945001 8.0244514678201 -0.03489406124177673 0.022515863958273635
251.9499465028057 8.116452949814233 -0.03459598225925537 0.02231857278841088
261.6403290606104 8.204280739744796 -0.03430350485155013 0.02212505052011855
271.3307116184151 8.288210264068043 -0.03401646577850269 0.021935186068074645
281.0210941762198 8.368492102242637 -0.03373470818467767 0.021748872729756428
290.7114767340245 8.445354899090624 -0.03345808128827677 0.02156600797035859
300.40185929182917 8.51900785367096 -0.03318644008811496 0.021386493220275637
310.09224184963387 8.589642858055555 -0.032947046966978644 0.02121122987818371
319.78262440743856 8.657436344722841 -0.032684591599985775 0.021038120820215236
329.47300696524326 8.722550889911357 -0.03242672890691466 0.02086808836274762
339.16338952304795 8.785136611385084 -0.032173334003341554 0.0207010479803108
348.85377208085265 8.845332392054537 -0.0319242865725515 0.02053691826172304
358.54415463865735 8.903266955331535 -0.031679470657044066 0.020375620767179272
368.2345371963456 8.959059813641874 -0.03174308143079906 0.020217079893155708
377.9249197541503 9.030542634496094 -0.03150228243380291 0.020061222744624813
387.615302311955 9.10571822758254 -0.031265501105800945 0.01990797901415026
397.3056848697597 9.17704096088299 -0.03103263272161556 0.019757280867397427
406.9960674275644 9.244783641116372 -0.030803576254988762 0.019609062834691746
416.6864499853691 9.309193967310778 -0.030578234213994738 0.019463261708244774
426.3768325431738 9.370497414297999 -0.030574538892595208 0.019319816444706737
436.0672151009785 9.428899715853078 -0.03035339225756932 0.019178668072725936
445.7575976587832 9.48458901290149 -0.03013576625616661 0.019039759605217237
455.4479802165879 9.537737719925113 -0.029921572930247095 0.01890303595606175
465.1383627743926 9.588504153008722 -0.030415681973790628 0.01876844386097853
474.8287453321973 9.637033955271022 -0.03019851019113201 0.01863593180232639
484.519127890002 9.68346134926463 -0.029984782188875063 0.01850544993760958
494.2095104478067 9.727910240966782 -0.02977441101075037 0.0183769500314761
503.8998930056114 9.770495195958919 -0.02956731275288096 0.018250385391010985
513.5902755634161 9.811322305111444 -0.029363406424558584 0.01812571080413952
523.2806581212208 9.850489954397823 -0.029162613816957072 0.018002882480967236
532.9710406790255 9.888089511242235 -0.028964859379232245 0.01788185799789444
542.6614232368302 9.924205937965136 -0.02877007010150342 0.01776259624435315
552.3518057945184 9.958918341358473 -0.02857817540425457 0.017645057372025263
562.0421883523231 9.992300466143663 -0.028389107033714726 0.01752920274639965
571.7325709101278 10.024421138980111 -0.028202798962858624 0.017414994900563755
581.4229534679325 10.055344668798499 -0.02801918729761923 0.017302397491083334
591.1133360257372 10.085131208449715 -0.027930949829512174 0.017196436499923716
600.8037185835419 10.113837082015564 -0.027751285375895808 0.017086886344174494
610.4941011413466 10.141515081567452 -0.027574171463296736 0.01697884577278183
620.1844836991513 10.168214736682797 -0.02739955053848588 0.016872282459890788
629.874866256956 10.193982559619842 -0.02722736685038006 0.016767165014274873
639.5652488147607 10.218862268699201 -0.027057566376911497 0.016663462945476527
649.2556313725654 10.242894992136389 -0.02689009675559796 0.016561146631417768
658.9460139303701 10.266119454306166 -0.026724907217585726 0.016460187287406502
668.6363964881748 10.288572146190996 -0.02656194852495437 0.016360556936468682
678.3267790459795 10.310287481566846 -0.026401172911087713 0.01626222838094
688.0171616037842 10.331297940306095 -0.026242534023929 0.016165175175254964
697.7075441615889 10.351634200025366 -0.026085986871951596 0.01606937159987474
707.3979267193936 10.371325257173124 -0.02593148777268775 0.015974792636297988
717.0883092771983 10.390398538534976 -0.025778994303669166 0.015881413943102645
726.778691835003 10.408880004031719 -0.025628465255642968 0.01578921183296887
736.4690743928077 10.42679424159441 -0.02547986058793556 0.01569816325063661
746.159456950496 10.444164554820379 -0.025333141385847423 0.015608245751754436
755.8498395083006 10.461013044044488 -0.025188269819957167 0.015519437482571525
765.5402220661053 10.477360681392646 -0.02504520910725731 0.015431717160449191
775.23060462391 10.493227380335851 -0.024903923473989207 0.015345064055132978
784.9209871817147 10.508632060205967 -0.024764378120112732 0.015259457970766012
794.6113697395194 10.523592706094384 -0.024626539185314367 0.015174879228603406
804.3017522973241 10.53812642451359 -0.02449037371647573 0.015091308650397027
813.9921348551288 10.552249495166452 -0.024355849636526986 0.015008727542420212
823.6825174129335 10.56597741913616 -0.024222935714614768 0.014927117680103904
833.3728999707382 10.57932496378142 -0.024091601537517996 0.014846461293256919
843.0632825285429 10.592306204595742 -0.023961817482249292 0.014766741051844485
852.7536650863476 10.604934564266742 -0.023948048007650973 0.014696418077823398
862.4440476441523 10.617222849150634 -0.02390556101038981 0.014623820258420949
872.134430201957 10.629183283358332 -0.023777568961677348 0.014546622410470944
881.8248127597617 10.640827540632761 -0.023651087672710347 0.014470300491997962
891.5151953175664 10.652166774181689 -0.02353914409453582 0.014395145194733809
901.2055778753711 10.663211644616544 -0.023415421060089862 0.01432052478668464
910.8959604331758 10.673972346135244 -0.023293129260543062 0.014246734971776096
920.5863429909805 10.684458631075602 -0.023172241924407918 0.014173761316722483
930.2767255486688 10.69467983295553 -0.023052732999450872 0.01410158973046362
939.9671081064735 10.704644888107682 -0.022943616666209983 0.014030390323451356
949.6574906642782 10.714362356005092 -0.022826666889451265 0.013959779432284422
959.3478732220829 10.7238404383709 -0.02272561981526005 0.01389025601934469
969.0382557798875 10.73308699715383 -0.022611063625467002 0.013821151513263566
978.7286383376922 10.742109571447225 -0.02249777380694611 0.013752783584840975
988.4190208954969 10.750915393422668 -0.02238572778511911 0.013685139985085094
998.1094034533016 10.759511403343918 -0.022274903561169894 0.01361820874272502
