-1007.7997860111063 8.642698503220098 -0.02611647638000638 0.029091144040190135
-998.1094034533016 8.646070762888403 -0.026001828830766495 0.028967484279651585
-988.4190208954969 8.649389827608779 -0.025888190405252403 0.028844871482993147
-978.7286383376922 8.652657050706814 -0.025775547740094367 0.02872329240842526
-969.0382557798875 8.655873730455768 -0.02566388770882663 0.028602734036559403
-959.3478732220829 8.659041112933197 -0.02555319741660904 0.02848318356575775
-949.6574906642782 8.66216039472107 -0.025443464195090637 0.028364628407598912
-939.9671081064735 8.665232725457878 -0.025334675597411063 0.028247056182456702
-930.2767255486688 8.66825921025075 -0.025226819393335174 0.02813045471518827
-920.5863429908641 8.671240911955142 -0.02511988356451674 0.02801481203092888
-910.8959604330594 8.674178853329177 -0.025013856299887394 0.02790011635098992
-901.2055778752547 8.67707401906939 -0.024908725991166537 0.027786356088857368
-891.51519531745 8.67992735773421 -0.024804481228488922 0.027673519846287884
-881.8248127596453 8.682739783561194 -0.02470111079614594 0.027561596409499615
-872.1344302018406 8.685512178183762 -0.02459860366843731 0.027450574745455196
-862.4440476440359 8.688245392252753 -0.02449694900562973 0.02734044399823419
-852.7536650862312 8.690940246968017 -0.024396136150019346 0.027231193485492747
-843.0632825284265 8.693597535524876 -0.024296154622094706 0.027122812695007607
-833.3728999706218 8.696218024480052 -0.024196994116797453 0.027015291281302596
-823.6825174129335 8.69880245504149 -0.02409864449987881 0.026908619062356188
-813.9921348551288 8.701351544286384 -0.024001095804341965 0.026802786016380604
-804.3017522973241 8.703865986310934 -0.02390433822698556 0.02669778227868925
-794.6113697395194 8.706346453316174 -0.023808362125021704 0.02659359813862491
-784.9209871817147 8.708793596633075 -0.02371315801278403 0.026490224036565976
-775.23060462391 8.711208047690405 -0.023618716558515974 0.026387650561001032
-765.5402220661053 8.71359041892861 -0.023525028581238287 0.026285868445671053
-755.8498395083006 8.71594130466273 -0.02343208504769338 0.02618486856677772
-746.159456950496 8.718261281897302 -0.023339877069364325 0.026084641940255705
-736.4690743926913 8.720550911095943 -0.023248395899566385 0.025985179719107524
-726.7786918348866 8.72281073690827 -0.02315763293060893 0.025886473190799102
-717.0883092770819 8.725041288856604 -0.023067579691025915 0.025788513774714552
-707.3979267192772 8.727243081984785 -0.022978227842872664 0.02569129301966848
-697.7075441614725 8.729416617471339 -0.022889569179087528 0.025594802601474488
-688.0171616036678 8.731562383209074 -0.022801595620916142 0.025499034320568204
-678.3267790458631 8.733680854353059 -0.022714299215396878 0.02540398009968355
-668.6363964880584 8.735772493838905 -0.02262767213290563 0.025309631981580816
-658.9460139302537 8.737837752873043 -0.022541706664758278 0.025215982126825187
-649.255631372449 8.739877071396723 -0.022456395220869386 0.02512302281161444
-639.5652488147607 8.741890878525256 -0.02237173032746638 0.025030746425655635
-629.874866256956 8.743879592964081 -0.02228770462485186 0.024939145470082986
-620.1844836991513 8.745843623402758 -0.02220431086522762 0.024848212555432195
-610.4941011413466 8.747783368888625 -0.022121541910558908 0.024757940399648144
-600.8037185835419 8.749699219181002 -0.022039390730492468 0.02466832182614121
-591.1133360257372 8.751591555087275 -0.021957850400321298 0.02457934976188468
-581.4229534679325 8.75346074878186 -0.021876914098995722 0.02449101723555313
-571.7325709101278 8.755307164109155 -0.021796575107179403 0.024403317375700853
-562.0421883523231 8.757131156871361 -0.02171682680534938 0.024316243408979345
-552.3518057945184 8.758933075102133 -0.021637662671938746 0.024229788658392735
-542.6614232367137 8.760713259326874 -0.021559076281520966 0.02414394654159045
-532.971040678909 8.762472042810487 -0.021481061303034586 0.024058710569195896
-523.2806581211044 8.764209751793308 -0.02140361149804759 0.023974074343170646
-513.5902755632997 8.76592670571595 -0.02132672071905995 0.02389003155521279
-503.89989300549496 8.767623217433673 -0.021256904494542074 0.023806575985189125
-494.20951044769026 8.76929959342093 -0.021196753268438832 0.02372370149959994
-484.51912788988557 8.770956133966648 -0.02112134085330915 0.02364140205007583
-474.82874533208087 8.772593133360767 -0.021046466122816618 0.0235596716719057
-465.1383627742762 8.77421088007258 -0.020972123308446448 0.023478504482595183
-455.4479802164715 8.775809656921297 -0.02089830672466456 0.02339789468045484
-445.7575976587832 8.77738974123932 -0.020825010767410942 0.023317836543218225
-436.0672151009785 8.778951405028657 -0.02075222991262218 0.02323832442668348
-426.3768325431738 8.78049491511071 -0.02067995871479528 0.023159352763392264
-416.6864499853691 8.78202053327005 -0.020608191805574435 0.02308091606132586
-406.9960674275644 8.783528516392321 -0.020536923892373046 0.023003008902632634
-397.3056848697597 8.785019116596677 -0.02046614975702498 0.022925625942380054
-387.615302311955 8.786492581362994 -0.020395864254465004 0.02284876190733199
-377.9249197541503 8.787949153654226 -0.020326062311437857 0.02277241159475043
-368.2345371963456 8.789389072034055 -0.02025673892523495 0.022696569871221196
-358.54415463854093 8.790812570780163 -0.020187889162458252 0.022621231671503046
-348.85377208073623 8.79221987999331 -0.02011950815781048 0.02254639199739963
-339.16338952293154 8.793611225702469 -0.020051591112910983 0.022472045916653787
-329.47300696512684 8.794986829966158 -0.019984133295136666 0.022398188561863604
-319.78262440732215 8.796346910970241 -0.019917130036487388 0.022324815129419882
-310.09224184951745 8.797691683122292 -0.01985057673247502 0.02225192087846433
-300.40185929171275 8.799021357142742 -0.019784468841035862 0.02217950112986816
-290.71147673390806 8.800336140152929 -0.019718801881465558 0.022107551265230552
-281.02109417610336 8.801636235760252 -0.01965357143337614 0.022036066725896607
-271.33071161829866 8.802921844140473 -0.019588773135674593 0.02196504301199418
-261.6403290606104 8.804193162117366 -0.019524402685563134 0.021894475681490284
-251.9499465028057 8.805450383239911 -0.01946045583755614 0.02182436034926131
-242.259563945001 8.806693697856842 -0.01939692840252483 0.021754692686189476
-232.5691813871963 8.807923293189072 -0.01933381624675361 0.021685468418268218
-222.8787988293916 8.809139353399793 -0.01927111529101937 0.021616683325728702
-213.1884162715869 8.810342059662442 -0.019208821509688622 0.021548333242182163
-203.4980337137822 8.811531590226645 -0.01914693092983263 0.021480414053778388
-193.8076511559775 8.812708120482176 -0.01908543963036043 0.021412921698380157
-184.1172685981728 8.81387182302106 -0.0190243437411689 0.021345852164753133
-174.42688604036812 8.815022867697829 -0.018963639442309888 0.02127920149177095
-164.73650348256342 8.816161421688074 -0.018903322963173697 0.021212965767635206
-155.04612092475872 8.817287649545305 -0.018843390581688695 0.021147141129109873
-145.35573836695403 8.818401713256211 -0.018783838623536664 0.021081723760770072
-135.66535580914933 8.819503772294356 -0.018724663461383417 0.02101670989426457
-125.97497325134464 8.820593983672405 -0.018665861514124475 0.020952095807592067
-116.28459069353994 8.821672501992882 -0.018607429246145345 0.02088787782439067
-106.59420813573524 8.822739479497562 -0.018549363166596184 0.02082405231324046
-96.90382557793055 8.823795066115501 -0.018491659828680316 0.02076061568697877
-87.21344302012585 8.824839409509794 -0.018434315828956535 0.020697564402027985
-77.52306046243757 8.825872655123032 -0.018377327806655366 0.020634894957736318
-67.83267790463287 8.826894946221659 -0.018320692443005018 0.020572603895726658
-58.14229534682818 8.827906423938977 -0.018264406460576917 0.02051068779926487
-48.45191278902348 8.828907227317192 -0.018208466622636803 0.020449143292631818
-38.761530231218785 8.829897493348255 -0.01815286973251157 0.02038796704051049
-29.07114767341409 8.830877357013698 -0.01809761263296724 0.020327155747383325
-19.380765115609393 8.831846951323383 -0.01804269220559864 0.020266706156940286
-9.690382557804696 8.832806407353301 -0.017988105370230472 0.020206615051497474
0.0 5.964442516868847 0.013008906742154058 0.056655842406547814
9.690382557804696 6.125875486223426 0.012834244027832668 0.056326754805954206
19.380765115609393 6.238630768407452 0.012662609436263147 0.05600197182971874
29.07114767341409 6.328695224181243 0.012493932677584061 0.05568140402210183
38.761530231218785 6.404905883581503 0.010082378249943376 0.05586647638324656
48.45191278902348 6.471543996675219 0.00993593875995437 0.055550390493444415
58.14229534682818 6.531068766468357 0.009792017031173264 0.05523832015397439
67.83267790463287 6.5850465265731355 0.009650555910996329 0.05493018434369654
77.52306046243757 6.634547308937196 0.009511499894188442 0.0546259042702523
87.21344302024227 6.680340234581008 0.008863316749965643 0.05440239374971513
96.90382557804696 6.722999941774713 0.008732690763551522 0.0541050283143615
106.59420813573524 6.762969043577781 0.008604257218887261 0.053811303205069994
116.28459069353994 6.800596961911951 0.008192711799372445 0.0535577004611555
125.97497325134464 6.836165215557375 0.007983897438132222 0.053278600403332405
135.66535580914933 6.869904522629363 0.007864460923141808 0.05299505652466923
145.35573836695403 6.902006738601085 0.007746992453035098 0.0527148854811091
155.04612092475872 6.932633415831623 0.007631449730284737 0.052438023522441306
164.73650348256342 6.961922083761568 0.007517791606203899 0.05216440854411803
174.42688604036812 6.989990949926205 0.007405978042924767 0.05189398003377321
184.1172685981728 7.016942481239336 0.00729597007686498 0.05162667901982627
193.8076511559775 7.042866174991838 0.007033350741849232 0.051369757161413135
203.4980337137822 7.067840732809845 0.006927978860594515 0.051108486280634406
213.1884162715869 7.091935787548023 0.006806330224119841 0.0508513356646153
222.8787988293916 7.115213290535008 0.0067044119856450235 0.05059592321596664
232.5691813871963 7.137728637378526 0.006604101602654853 0.05034336573174975
242.259563945001 7.159531590121799 0.006505366249276838 0.05009361249229187
251.9499465028057 7.183150223183883 0.006408173943685275 0.04984661401048037
261.6403290606104 7.240517851568156 0.006312493521702846 0.04960232199399928
271.3307116184151 7.293427871481983 0.006218294611377568 0.04936068930895448
281.0210941762198 7.3425250682364 0.0061255476084936126 0.04912166994482899
290.71147673390806 7.388320614449722 0.006034223652977444 0.04888521898071394
300.40185929171275 7.4312272716067005 0.005944294606155005 0.04865129255274488
310.09224184951745 7.4715835390886145 0.005855733028840503 0.048419847822734605
319.78262440732215 7.509670711755327 0.005768512160200693 0.048190842947896835
329.47300696512684 7.545725232608825 0.0056826058973785485 0.04796423705165713
339.16338952293154 7.579947833328903 0.005597988775838651 0.04773999019548962
348.85377208073623 7.612510426875951 0.005460446574068957 0.047518063351740136
358.54415463854093 7.643561392458379 0.00537873245377235 0.04729841837739568
368.2345371963456 7.673229688490325 0.005298228902085955 0.047081017988761804
377.9249197541503 7.701628096310723 0.005204104995202976 0.04686582573701134
387.615302311955 7.7288558091387864 0.005126063646587434 0.04665280598456958
397.3056848697597 7.755000520821055 0.00502484405469431 0.04644275033447718
406.9960674275644 7.780140127496998 0.004949881571267614 0.0462339850876864
416.6864499853691 7.804344126180822 0.004870003548822975 0.046027270640735495
426.3768325431738 7.827674773458132 0.004796611716739674 0.045822593899666836
436.0672151009785 7.850188052433144 0.004724276129024142 0.045619922954042796
445.7575976587832 7.871934485008347 0.004652977424955938 0.04541922657884583
455.4479802165879 7.892959818366271 0.004582696687565769 0.045220474215863574
465.1383627743926 7.913305608350871 0.004498505610408653 0.045023635955682234
474.82874533208087 7.933009717756044 0.0044169139900668425 0.04482868252026744
484.51912788988557 7.9521067439309725 0.004349784599030134 0.04463558524609649
494.20951044769026 7.970628387317322 0.004283598696046931 0.04444431606785558
503.89989300549496 7.988603770360302 0.004218339471096156 0.04425484750263557
513.5902755632997 8.006059714507336 0.004153990487860626 0.044067152634641164
523.2806581211044 8.023020981646006 0.004090535673675494 0.043881205100381335
532.971040678909 8.039510485236919 0.0039427213313392015 0.043696979074325654
542.6614232367137 8.05554947551515 0.0038816383933865228 0.043514449255008913
552.3518057945184 8.071157702418141 0.0037675633798196005 0.0433335908515683
562.0421883523231 8.08635355931378 0.0037085401751716465 0.043154379570696934
571.7325709101278 8.101154210122887 0.003650321241549186 0.04297679160399908
581.4229534679325 8.115575702034661 0.003592892811421496 0.04280080361573261
591.1133360257372 8.129633065685576 0.003536241409755418 0.0426263927309245
600.8037185835419 8.14334040439892 0.003434937114758463 0.04245353652384669
610.4941011413466 8.156710973853361 0.003380135960541276 0.04228221300683919
620.1844836991513 8.16975725335686 0.0033260681710455845 0.04211240061946823
629.874866256956 8.182491009740138 0.003272721476056363 0.04194407821800802
639.5652488147607 8.194923354746567 0.003220083859508375 0.041777225065234506
649.2556313725654 8.207064796678925 0.0029704341120299783 0.041622453712871446
658.9460139303701 8.218925286963918 0.0029206333426198368 0.04145840023914344
668.6363964880584 8.230514262210423 0.00287148584324707 0.041295757285209025
678.3267790458631 8.241840682265266 0.0028229810143816313 0.04113450561884702
688.0171616036678 8.252913064705051 0.0026954196353086483 0.04097462636834579
697.7075441614725 8.2637395161531 0.0026487568574187037 0.040816101013924196
707.3979267192772 8.274327760759144 0.002602697593675088 0.04065891137940809
717.0883092770819 8.284685166141761 0.002557232246866188 0.040503039624142555
726.7786918348866 8.294818767057405 0.0025123514062367416 0.040348468235134126
736.4690743926913 8.304735287029406 0.002468045843209756 0.04019518001941484
746.159456950496 8.314441158143557 0.0024243065072199507 0.04004315809662138
755.8498395083006 8.323942539193629 0.0023811245216556805 0.03989238589178161
765.5402220661053 8.333245332339565 0.0023384911799061983 0.03974284712830257
775.23060462391 8.342355198423283 0.0022963979415112855 0.03959452582115233
784.9209871817147 8.3512775710711 0.002254836428410357 0.039447406270230516
794.6113697395194 8.360017669698028 0.0022137984212882576 0.03930147305392032
804.3017522973241 8.368580511516775 0.0021732758560150086 0.039156711022817245
813.9921348551288 8.376970922643586 0.0021332608201767946 0.039013105293628024
823.6825174129335 8.385193548383361 0.0020937455496957374 0.03887064124323502
833.3728999707382 8.393252862768085 0.002054722425535846 0.03872930450292036
843.0632825285429 8.401153177414983 0.0020161839704927677 0.03858908095274501
852.7536650862312 8.408898649764076 0.0019781228460654674 0.03844995671607966
862.4440476440359 8.416493290749468 0.0019405318494047613 0.03831191815427252
872.1344302018406 8.42394097195145 0.0019034039103433583 0.038174951861474696
881.8248127596453 8.431245432275013 0.0018667320884961439 0.03803904465958538
891.51519531745 8.438410284192882 0.00183050957043544 0.03790418359333774
901.2055778752547 8.445439019589328 0.0017947296669364881 0.03777035592551121
910.8959604330594 8.452335015237034 0.001759385810291663 0.03763754913226825
920.5863429908641 8.459101537936261 0.0017313466356185458 0.037506158511135396
930.2767255486688 8.465741749342918 0.0016968047823470035 0.03737535371106131
939.9671081064735 8.472258710509662 0.0016626807230209022 0.03724553349379766
949.6574906642782 8.478655386161952 0.0016289683341156466 0.03711668614379513
959.3478732220829 8.48493464872901 0.001595661601633619 0.03698880013733644
969.0382557798875 8.491099282147845 0.0015627546187755126 0.03686186413854326
978.7286383376922 8.497151985456973 0.001530241583668938 0.0367358669954835
988.4190208954969 8.503095376194862 0.0014981167971526302 0.036610797736376294
998.1094034533016 8.508931993616985 0.001466374660614837 0.03648664556589165
